2019-05-26 13:04:16.606492: I tensorflow/core/platform/cpu_feature_guard.cc:141] Your CPU supports instructions that this TensorFlow binary was not compiled to use: SSE4.1 SSE4.2 AVX AVX2 FMA
2019-05-26 13:04:16.643054: I tensorflow/core/platform/profile_utils/cpu_utils.cc:94] CPU Frequency: 2599760000 Hz
2019-05-26 13:04:16.645792: I tensorflow/compiler/xla/service/service.cc:150] XLA service 0x2aaae6bbfd40 executing computations on platform Host. Devices:
2019-05-26 13:04:16.645874: I tensorflow/compiler/xla/service/service.cc:158]   StreamExecutor device (0): <undefined>, <undefined>
2019-05-26 13:04:16.647793: I tensorflow/core/common_runtime/process_util.cc:71] Creating new thread pool with default inter op setting: 2. Tune using inter_op_parallelism_threads for best performance.
evaluating 280 of [280, 290)
attack: step 1/10, xent loss = 4.8227, l2 loss = 0 (max 14.95), (true 574, predicted [722])
attack: step 2/10, xent loss = 5.99871, l2 loss = 3.39325 (max 14.95), (true 574, predicted [722])
attack: step 3/10, xent loss = 6.4185, l2 loss = 4.54553 (max 14.95), (true 574, predicted [722])
attack: step 4/10, xent loss = 5.94851, l2 loss = 5.65218 (max 14.95), (true 574, predicted [722])
attack: step 5/10, xent loss = 8.17208, l2 loss = 6.76286 (max 14.95), (true 574, predicted [722])
attack: step 6/10, xent loss = 6.38651, l2 loss = 8.19979 (max 14.95), (true 574, predicted [722])
attack: step 7/10, xent loss = 7.19702, l2 loss = 8.79428 (max 14.95), (true 574, predicted [722])
attack: step 8/10, xent loss = 8.29281, l2 loss = 9.74716 (max 14.95), (true 574, predicted [722])
attack: step 9/10, xent loss = 8.09937, l2 loss = 10.4773 (max 14.95), (true 574, predicted [722])
attack: step 10/10, xent loss = 9.11076, l2 loss = 11.2871 (max 14.95), (true 574, predicted [722])
true = 574, adv = 722
evaluating 281 of [280, 290)
attack: step 1/10, xent loss = 1.60938, l2 loss = 0 (max 14.95), (true 271, predicted [272])
attack: step 2/10, xent loss = 1.57338, l2 loss = 1.96962 (max 14.95), (true 271, predicted [271])
attack: step 3/10, xent loss = 2.38191, l2 loss = 3.19407 (max 14.95), (true 271, predicted [272])
attack: step 4/10, xent loss = 2.61281, l2 loss = 3.92191 (max 14.95), (true 271, predicted [272])
attack: step 5/10, xent loss = 1.95371, l2 loss = 4.65319 (max 14.95), (true 271, predicted [272])
attack: step 6/10, xent loss = 2.73878, l2 loss = 5.07353 (max 14.95), (true 271, predicted [277])
attack: step 7/10, xent loss = 2.96338, l2 loss = 6.01048 (max 14.95), (true 271, predicted [277])
attack: step 8/10, xent loss = 3.76095, l2 loss = 6.99862 (max 14.95), (true 271, predicted [277])
attack: step 9/10, xent loss = 3.47759, l2 loss = 7.698 (max 14.95), (true 271, predicted [273])
attack: step 10/10, xent loss = 3.81889, l2 loss = 8.21456 (max 14.95), (true 271, predicted [277])
true = 271, adv = 277
evaluating 282 of [280, 290)
attack: step 1/10, xent loss = 0.0484338, l2 loss = 0 (max 14.95), (true 141, predicted [141])
attack: step 2/10, xent loss = 0.0515104, l2 loss = 0.0868003 (max 14.95), (true 141, predicted [141])
attack: step 3/10, xent loss = 0.0632337, l2 loss = 0.134478 (max 14.95), (true 141, predicted [141])
attack: step 4/10, xent loss = 0.0724452, l2 loss = 0.18895 (max 14.95), (true 141, predicted [141])
attack: step 5/10, xent loss = 0.0640873, l2 loss = 0.243151 (max 14.95), (true 141, predicted [141])
attack: step 6/10, xent loss = 0.0846753, l2 loss = 0.280507 (max 14.95), (true 141, predicted [141])
attack: step 7/10, xent loss = 0.0652621, l2 loss = 0.355192 (max 14.95), (true 141, predicted [141])
attack: step 8/10, xent loss = 0.0763043, l2 loss = 0.389919 (max 14.95), (true 141, predicted [141])
attack: step 9/10, xent loss = 0.0654255, l2 loss = 0.435314 (max 14.95), (true 141, predicted [141])
attack: step 10/10, xent loss = 0.0612412, l2 loss = 0.466138 (max 14.95), (true 141, predicted [141])
true = 141, adv = 141
evaluating 283 of [280, 290)
attack: step 1/10, xent loss = 1.67098, l2 loss = 0 (max 14.95), (true 784, predicted [438])
attack: step 2/10, xent loss = 3.36655, l2 loss = 4.6679 (max 14.95), (true 784, predicted [438])
attack: step 3/10, xent loss = 5.97779, l2 loss = 7.50234 (max 14.95), (true 784, predicted [438])
attack: step 4/10, xent loss = 8.32861, l2 loss = 9.67928 (max 14.95), (true 784, predicted [438])
attack: step 5/10, xent loss = 9.66915, l2 loss = 11.712 (max 14.95), (true 784, predicted [438])
attack: step 6/10, xent loss = 10.484, l2 loss = 13.2932 (max 14.95), (true 784, predicted [438])
attack: step 7/10, xent loss = 12.0221, l2 loss = 14.5383 (max 14.95), (true 784, predicted [438])
attack: step 8/10, xent loss = 12.538, l2 loss = 15.7169 (max 14.95), (true 784, predicted [438])
attack: step 9/10, xent loss = 12.5558, l2 loss = 16.5001 (max 14.95), (true 784, predicted [438])
attack: step 10/10, xent loss = 14.7618, l2 loss = 17.3178 (max 14.95), (true 784, predicted [438])
check failed
true = 784, adv = 438
evaluating 284 of [280, 290)
attack: step 1/10, xent loss = 0.014523, l2 loss = 0 (max 14.95), (true 673, predicted [673])
attack: step 2/10, xent loss = 0.044886, l2 loss = 0.115423 (max 14.95), (true 673, predicted [673])
attack: step 3/10, xent loss = 0.0349261, l2 loss = 0.386692 (max 14.95), (true 673, predicted [673])
attack: step 4/10, xent loss = 0.152933, l2 loss = 0.482957 (max 14.95), (true 673, predicted [673])
attack: step 5/10, xent loss = 0.0174866, l2 loss = 1.22263 (max 14.95), (true 673, predicted [673])
attack: step 6/10, xent loss = 0.15974, l2 loss = 1.23862 (max 14.95), (true 673, predicted [673])
attack: step 7/10, xent loss = 0.079741, l2 loss = 1.85656 (max 14.95), (true 673, predicted [673])
attack: step 8/10, xent loss = 1.17542, l2 loss = 1.98544 (max 14.95), (true 673, predicted [673])
attack: step 9/10, xent loss = 2.91879, l2 loss = 5.88545 (max 14.95), (true 673, predicted [749])
attack: step 10/10, xent loss = 3.02773, l2 loss = 8.55568 (max 14.95), (true 673, predicted [797])
true = 673, adv = 797
evaluating 285 of [280, 290)
attack: step 1/10, xent loss = 9.74968, l2 loss = 0 (max 14.95), (true 343, predicted [728])
attack: step 2/10, xent loss = 12.5427, l2 loss = 4.90995 (max 14.95), (true 343, predicted [728])
attack: step 3/10, xent loss = 14.4451, l2 loss = 9.78117 (max 14.95), (true 343, predicted [728])
attack: step 4/10, xent loss = 16.2482, l2 loss = 12.3357 (max 14.95), (true 343, predicted [728])
attack: step 5/10, xent loss = 16.9803, l2 loss = 18.124 (max 14.95), (true 343, predicted [728])
attack: step 6/10, xent loss = 17.1077, l2 loss = 19.3082 (max 14.95), (true 343, predicted [728])
attack: step 7/10, xent loss = 16.9039, l2 loss = 20.6575 (max 14.95), (true 343, predicted [728])
attack: step 8/10, xent loss = 18.9849, l2 loss = 21.9505 (max 14.95), (true 343, predicted [728])
attack: step 9/10, xent loss = 18.0109, l2 loss = 23.4961 (max 14.95), (true 343, predicted [728])
attack: step 10/10, xent loss = 23.5074, l2 loss = 24.5637 (max 14.95), (true 343, predicted [728])
check failed
true = 343, adv = 728
evaluating 286 of [280, 290)
attack: step 1/10, xent loss = 5.56289, l2 loss = 0 (max 14.95), (true 882, predicted [795])
attack: step 2/10, xent loss = 7.11215, l2 loss = 5.16547 (max 14.95), (true 882, predicted [795])
attack: step 3/10, xent loss = 6.61194, l2 loss = 6.39521 (max 14.95), (true 882, predicted [655])
attack: step 4/10, xent loss = 7.95092, l2 loss = 7.898 (max 14.95), (true 882, predicted [638])
attack: step 5/10, xent loss = 7.088, l2 loss = 9.10743 (max 14.95), (true 882, predicted [655])
attack: step 6/10, xent loss = 7.96546, l2 loss = 10.2473 (max 14.95), (true 882, predicted [655])
attack: step 7/10, xent loss = 8.57845, l2 loss = 11.0001 (max 14.95), (true 882, predicted [638])
attack: step 8/10, xent loss = 9.01736, l2 loss = 11.8859 (max 14.95), (true 882, predicted [638])
attack: step 9/10, xent loss = 9.32635, l2 loss = 12.8105 (max 14.95), (true 882, predicted [570])
attack: step 10/10, xent loss = 8.92839, l2 loss = 13.4482 (max 14.95), (true 882, predicted [638])
true = 882, adv = 796
evaluating 287 of [280, 290)
attack: step 1/10, xent loss = 7.28591, l2 loss = 0 (max 14.95), (true 452, predicted [645])
attack: step 2/10, xent loss = 7.69332, l2 loss = 3.59844 (max 14.95), (true 452, predicted [264])
attack: step 3/10, xent loss = 7.8426, l2 loss = 4.7425 (max 14.95), (true 452, predicted [797])
attack: step 4/10, xent loss = 6.97443, l2 loss = 6.05152 (max 14.95), (true 452, predicted [645])
attack: step 5/10, xent loss = 9.2424, l2 loss = 6.85618 (max 14.95), (true 452, predicted [645])
attack: step 6/10, xent loss = 7.23174, l2 loss = 7.62987 (max 14.95), (true 452, predicted [645])
attack: step 7/10, xent loss = 8.85829, l2 loss = 8.21102 (max 14.95), (true 452, predicted [645])
attack: step 8/10, xent loss = 8.70973, l2 loss = 9.12042 (max 14.95), (true 452, predicted [645])
attack: step 9/10, xent loss = 8.36353, l2 loss = 9.99002 (max 14.95), (true 452, predicted [645])
attack: step 10/10, xent loss = 10.3819, l2 loss = 10.6256 (max 14.95), (true 452, predicted [645])
true = 452, adv = 645
evaluating 288 of [280, 290)
attack: step 1/10, xent loss = 0.0672241, l2 loss = 0 (max 14.95), (true 129, predicted [129])
attack: step 2/10, xent loss = 0.0658123, l2 loss = 0.161891 (max 14.95), (true 129, predicted [129])
attack: step 3/10, xent loss = 0.103089, l2 loss = 0.217516 (max 14.95), (true 129, predicted [129])
attack: step 4/10, xent loss = 0.205959, l2 loss = 0.405858 (max 14.95), (true 129, predicted [129])
attack: step 5/10, xent loss = 0.163654, l2 loss = 0.785791 (max 14.95), (true 129, predicted [129])
attack: step 6/10, xent loss = 0.152768, l2 loss = 0.929252 (max 14.95), (true 129, predicted [129])
attack: step 7/10, xent loss = 0.104594, l2 loss = 1.02534 (max 14.95), (true 129, predicted [129])
attack: step 8/10, xent loss = 0.138397, l2 loss = 1.07151 (max 14.95), (true 129, predicted [129])
attack: step 9/10, xent loss = 0.237539, l2 loss = 1.14227 (max 14.95), (true 129, predicted [129])
attack: step 10/10, xent loss = 0.112032, l2 loss = 1.34806 (max 14.95), (true 129, predicted [129])
true = 129, adv = 129
evaluating 289 of [280, 290)
attack: step 1/10, xent loss = 3.777, l2 loss = 0 (max 14.95), (true 923, predicted [728])
attack: step 2/10, xent loss = 5.37473, l2 loss = 3.88296 (max 14.95), (true 923, predicted [728])
attack: step 3/10, xent loss = 7.35337, l2 loss = 7.17967 (max 14.95), (true 923, predicted [728])
attack: step 4/10, xent loss = 8.01404, l2 loss = 8.80487 (max 14.95), (true 923, predicted [728])
attack: step 5/10, xent loss = 10.8787, l2 loss = 10.8677 (max 14.95), (true 923, predicted [728])
attack: step 6/10, xent loss = 10.9972, l2 loss = 12.7337 (max 14.95), (true 923, predicted [728])
attack: step 7/10, xent loss = 11.5213, l2 loss = 14.6334 (max 14.95), (true 923, predicted [728])
attack: step 8/10, xent loss = 13.2694, l2 loss = 15.5984 (max 14.95), (true 923, predicted [728])
attack: step 9/10, xent loss = 14.3861, l2 loss = 16.9976 (max 14.95), (true 923, predicted [728])
attack: step 10/10, xent loss = 16.4014, l2 loss = 18.5503 (max 14.95), (true 923, predicted [728])
check failed
true = 923, adv = 728
