2019-05-29 22:17:35.862581: I tensorflow/core/platform/cpu_feature_guard.cc:141] Your CPU supports instructions that this TensorFlow binary was not compiled to use: SSE4.1 SSE4.2 AVX AVX2 FMA
2019-05-29 22:17:35.871907: I tensorflow/core/platform/profile_utils/cpu_utils.cc:94] CPU Frequency: 2600190000 Hz
2019-05-29 22:17:35.872136: I tensorflow/compiler/xla/service/service.cc:150] XLA service 0x2aaae6d4a6d0 executing computations on platform Host. Devices:
2019-05-29 22:17:35.872168: I tensorflow/compiler/xla/service/service.cc:158]   StreamExecutor device (0): <undefined>, <undefined>
2019-05-29 22:17:35.872509: I tensorflow/core/common_runtime/process_util.cc:71] Creating new thread pool with default inter op setting: 2. Tune using inter_op_parallelism_threads for best performance.
evaluating 70 of [70, 80)
attack: step 1/30, xent loss = 1.3742, l2 loss = 0 (max 14.95), (true 63, predicted [60])
attack: step 2/30, xent loss = 6.82013, l2 loss = 1.15666 (max 14.95), (true 63, predicted [60])
attack: step 3/30, xent loss = 11.2371, l2 loss = 1.6232 (max 14.95), (true 63, predicted [60])
attack: step 4/30, xent loss = 14.9128, l2 loss = 2.05391 (max 14.95), (true 63, predicted [60])
attack: step 5/30, xent loss = 16.6647, l2 loss = 2.49588 (max 14.95), (true 63, predicted [60])
attack: step 6/30, xent loss = 18.7264, l2 loss = 2.91846 (max 14.95), (true 63, predicted [60])
attack: step 7/30, xent loss = 21.4866, l2 loss = 3.35269 (max 14.95), (true 63, predicted [60])
attack: step 8/30, xent loss = 22.4891, l2 loss = 3.71182 (max 14.95), (true 63, predicted [60])
attack: step 9/30, xent loss = 22.6582, l2 loss = 4.23933 (max 14.95), (true 63, predicted [60])
attack: step 10/30, xent loss = 21.1212, l2 loss = 4.93855 (max 14.95), (true 63, predicted [60])
attack: step 11/30, xent loss = 25.4871, l2 loss = 5.21729 (max 14.95), (true 63, predicted [60])
attack: step 12/30, xent loss = 23.7839, l2 loss = 5.5486 (max 14.95), (true 63, predicted [60])
attack: step 13/30, xent loss = 24.5115, l2 loss = 6.123 (max 14.95), (true 63, predicted [60])
attack: step 14/30, xent loss = 28.0579, l2 loss = 6.52492 (max 14.95), (true 63, predicted [60])
attack: step 15/30, xent loss = 31.7092, l2 loss = 6.80771 (max 14.95), (true 63, predicted [60])
attack: step 16/30, xent loss = 27.6974, l2 loss = 7.21615 (max 14.95), (true 63, predicted [60])
attack: step 17/30, xent loss = 31.872, l2 loss = 7.58542 (max 14.95), (true 63, predicted [60])
attack: step 18/30, xent loss = 29.9039, l2 loss = 7.89919 (max 14.95), (true 63, predicted [60])
attack: step 19/30, xent loss = 34.358, l2 loss = 8.14444 (max 14.95), (true 63, predicted [60])
attack: step 20/30, xent loss = 35.8934, l2 loss = 8.41987 (max 14.95), (true 63, predicted [60])
attack: step 21/30, xent loss = 35.5702, l2 loss = 8.79682 (max 14.95), (true 63, predicted [60])
attack: step 22/30, xent loss = 38.8785, l2 loss = 9.01817 (max 14.95), (true 63, predicted [60])
attack: step 23/30, xent loss = 39.96, l2 loss = 9.30158 (max 14.95), (true 63, predicted [60])
attack: step 24/30, xent loss = 36.3046, l2 loss = 9.61285 (max 14.95), (true 63, predicted [60])
attack: step 25/30, xent loss = 39.0512, l2 loss = 10.0043 (max 14.95), (true 63, predicted [60])
attack: step 26/30, xent loss = 39.5264, l2 loss = 10.2021 (max 14.95), (true 63, predicted [60])
attack: step 27/30, xent loss = 43.3937, l2 loss = 10.4713 (max 14.95), (true 63, predicted [60])
attack: step 28/30, xent loss = 40.3097, l2 loss = 10.7266 (max 14.95), (true 63, predicted [60])
attack: step 29/30, xent loss = 39.4731, l2 loss = 11.0886 (max 14.95), (true 63, predicted [60])
attack: step 30/30, xent loss = 43.0205, l2 loss = 11.3959 (max 14.95), (true 63, predicted [60])
true = 63, adv = 61
evaluating 71 of [70, 80)
attack: step 1/30, xent loss = 0.000426797, l2 loss = 0 (max 14.95), (true 761, predicted [761])
attack: step 2/30, xent loss = 0.00043204, l2 loss = 0.000711506 (max 14.95), (true 761, predicted [761])
attack: step 3/30, xent loss = 0.000437045, l2 loss = 0.00142956 (max 14.95), (true 761, predicted [761])
attack: step 4/30, xent loss = 0.000442407, l2 loss = 0.00215807 (max 14.95), (true 761, predicted [761])
attack: step 5/30, xent loss = 0.000448365, l2 loss = 0.00289541 (max 14.95), (true 761, predicted [761])
attack: step 6/30, xent loss = 0.000453846, l2 loss = 0.00364507 (max 14.95), (true 761, predicted [761])
attack: step 7/30, xent loss = 0.000459565, l2 loss = 0.00440141 (max 14.95), (true 761, predicted [761])
attack: step 8/30, xent loss = 0.000465881, l2 loss = 0.00517067 (max 14.95), (true 761, predicted [761])
attack: step 9/30, xent loss = 0.000471838, l2 loss = 0.00595036 (max 14.95), (true 761, predicted [761])
attack: step 10/30, xent loss = 0.000477796, l2 loss = 0.00673015 (max 14.95), (true 761, predicted [761])
attack: step 11/30, xent loss = 0.000483753, l2 loss = 0.00751811 (max 14.95), (true 761, predicted [761])
attack: step 12/30, xent loss = 0.000490545, l2 loss = 0.008315 (max 14.95), (true 761, predicted [761])
attack: step 13/30, xent loss = 0.000497337, l2 loss = 0.00911935 (max 14.95), (true 761, predicted [761])
attack: step 14/30, xent loss = 0.00050389, l2 loss = 0.00993232 (max 14.95), (true 761, predicted [761])
attack: step 15/30, xent loss = 0.00051092, l2 loss = 0.0107534 (max 14.95), (true 761, predicted [761])
attack: step 16/30, xent loss = 0.000518307, l2 loss = 0.0115908 (max 14.95), (true 761, predicted [761])
attack: step 17/30, xent loss = 0.000524979, l2 loss = 0.012432 (max 14.95), (true 761, predicted [761])
attack: step 18/30, xent loss = 0.000532366, l2 loss = 0.0132853 (max 14.95), (true 761, predicted [761])
attack: step 19/30, xent loss = 0.000539991, l2 loss = 0.0141465 (max 14.95), (true 761, predicted [761])
attack: step 20/30, xent loss = 0.000547736, l2 loss = 0.0150199 (max 14.95), (true 761, predicted [761])
attack: step 21/30, xent loss = 0.000555718, l2 loss = 0.0159025 (max 14.95), (true 761, predicted [761])
attack: step 22/30, xent loss = 0.000563701, l2 loss = 0.0167954 (max 14.95), (true 761, predicted [761])
attack: step 23/30, xent loss = 0.000571922, l2 loss = 0.0176968 (max 14.95), (true 761, predicted [761])
attack: step 24/30, xent loss = 0.000580142, l2 loss = 0.0186099 (max 14.95), (true 761, predicted [761])
attack: step 25/30, xent loss = 0.00058884, l2 loss = 0.0195327 (max 14.95), (true 761, predicted [761])
attack: step 26/30, xent loss = 0.000598132, l2 loss = 0.0204732 (max 14.95), (true 761, predicted [761])
attack: step 27/30, xent loss = 0.000607306, l2 loss = 0.0214336 (max 14.95), (true 761, predicted [761])
attack: step 28/30, xent loss = 0.000617194, l2 loss = 0.0224068 (max 14.95), (true 761, predicted [761])
attack: step 29/30, xent loss = 0.000627559, l2 loss = 0.0233922 (max 14.95), (true 761, predicted [761])
attack: step 30/30, xent loss = 0.0006384, l2 loss = 0.0243913 (max 14.95), (true 761, predicted [761])
true = 761, adv = 761
evaluating 72 of [70, 80)
attack: step 1/30, xent loss = 0.109354, l2 loss = 0 (max 14.95), (true 37, predicted [37])
attack: step 2/30, xent loss = 0.21218, l2 loss = 0.09187 (max 14.95), (true 37, predicted [37])
attack: step 3/30, xent loss = 0.486276, l2 loss = 0.234005 (max 14.95), (true 37, predicted [37])
attack: step 4/30, xent loss = 1.55305, l2 loss = 0.494456 (max 14.95), (true 37, predicted [35])
attack: step 5/30, xent loss = 4.80735, l2 loss = 1.0724 (max 14.95), (true 37, predicted [35])
attack: step 6/30, xent loss = 8.51324, l2 loss = 1.85357 (max 14.95), (true 37, predicted [35])
attack: step 7/30, xent loss = 11.1297, l2 loss = 2.35567 (max 14.95), (true 37, predicted [35])
attack: step 8/30, xent loss = 11.0033, l2 loss = 2.87493 (max 14.95), (true 37, predicted [35])
attack: step 9/30, xent loss = 11.411, l2 loss = 3.51613 (max 14.95), (true 37, predicted [35])
attack: step 10/30, xent loss = 14.8998, l2 loss = 3.93948 (max 14.95), (true 37, predicted [35])
attack: step 11/30, xent loss = 15.432, l2 loss = 4.3932 (max 14.95), (true 37, predicted [35])
attack: step 12/30, xent loss = 15.8584, l2 loss = 4.99503 (max 14.95), (true 37, predicted [35])
attack: step 13/30, xent loss = 17.3062, l2 loss = 5.44956 (max 14.95), (true 37, predicted [35])
attack: step 14/30, xent loss = 18.1488, l2 loss = 5.8079 (max 14.95), (true 37, predicted [35])
attack: step 15/30, xent loss = 19.3999, l2 loss = 6.25827 (max 14.95), (true 37, predicted [35])
attack: step 16/30, xent loss = 21.4607, l2 loss = 6.61688 (max 14.95), (true 37, predicted [35])
attack: step 17/30, xent loss = 16.514, l2 loss = 7.03262 (max 14.95), (true 37, predicted [35])
attack: step 18/30, xent loss = 21.4019, l2 loss = 7.43465 (max 14.95), (true 37, predicted [35])
attack: step 19/30, xent loss = 21.6296, l2 loss = 7.67334 (max 14.95), (true 37, predicted [35])
attack: step 20/30, xent loss = 23.0212, l2 loss = 8.04458 (max 14.95), (true 37, predicted [35])
attack: step 21/30, xent loss = 25.0034, l2 loss = 8.27249 (max 14.95), (true 37, predicted [35])
attack: step 22/30, xent loss = 26.3674, l2 loss = 8.51975 (max 14.95), (true 37, predicted [35])
attack: step 23/30, xent loss = 23.0498, l2 loss = 8.86784 (max 14.95), (true 37, predicted [35])
attack: step 24/30, xent loss = 24.61, l2 loss = 9.21401 (max 14.95), (true 37, predicted [35])
attack: step 25/30, xent loss = 26.3868, l2 loss = 9.46715 (max 14.95), (true 37, predicted [35])
attack: step 26/30, xent loss = 29.8453, l2 loss = 9.65466 (max 14.95), (true 37, predicted [35])
attack: step 27/30, xent loss = 31.7598, l2 loss = 9.8343 (max 14.95), (true 37, predicted [35])
attack: step 28/30, xent loss = 27.9366, l2 loss = 10.0776 (max 14.95), (true 37, predicted [35])
attack: step 29/30, xent loss = 24.9142, l2 loss = 10.5974 (max 14.95), (true 37, predicted [35])
attack: step 30/30, xent loss = 27.4123, l2 loss = 10.8075 (max 14.95), (true 37, predicted [35])
true = 37, adv = 728
evaluating 73 of [70, 80)
attack: step 1/30, xent loss = 1.82081, l2 loss = 0 (max 14.95), (true 799, predicted [894])
attack: step 2/30, xent loss = 6.37925, l2 loss = 2.40389 (max 14.95), (true 799, predicted [894])
attack: step 3/30, xent loss = 9.74709, l2 loss = 4.93009 (max 14.95), (true 799, predicted [894])
attack: step 4/30, xent loss = 9.92822, l2 loss = 6.54188 (max 14.95), (true 799, predicted [894])
attack: step 5/30, xent loss = 13.1672, l2 loss = 7.27642 (max 14.95), (true 799, predicted [894])
attack: step 6/30, xent loss = 8.44686, l2 loss = 8.49975 (max 14.95), (true 799, predicted [894])
attack: step 7/30, xent loss = 17.8076, l2 loss = 9.03454 (max 14.95), (true 799, predicted [894])
attack: step 8/30, xent loss = 19.2676, l2 loss = 9.48118 (max 14.95), (true 799, predicted [894])
attack: step 9/30, xent loss = 17.1939, l2 loss = 10.3483 (max 14.95), (true 799, predicted [894])
attack: step 10/30, xent loss = 13.7671, l2 loss = 11.092 (max 14.95), (true 799, predicted [894])
attack: step 11/30, xent loss = 15.3562, l2 loss = 11.8471 (max 14.95), (true 799, predicted [894])
attack: step 12/30, xent loss = 24.296, l2 loss = 12.0231 (max 14.95), (true 799, predicted [894])
attack: step 13/30, xent loss = 25.5011, l2 loss = 12.3578 (max 14.95), (true 799, predicted [894])
attack: step 14/30, xent loss = 27.6156, l2 loss = 12.7369 (max 14.95), (true 799, predicted [894])
attack: step 15/30, xent loss = 24.3421, l2 loss = 13.1991 (max 14.95), (true 799, predicted [894])
attack: step 16/30, xent loss = 20.8411, l2 loss = 13.8279 (max 14.95), (true 799, predicted [894])
attack: step 17/30, xent loss = 23.1829, l2 loss = 14.0208 (max 14.95), (true 799, predicted [894])
attack: step 18/30, xent loss = 25.2012, l2 loss = 14.4237 (max 14.95), (true 799, predicted [894])
attack: step 19/30, xent loss = 31.7844, l2 loss = 14.635 (max 14.95), (true 799, predicted [894])
attack: step 20/30, xent loss = 30.3858, l2 loss = 14.9096 (max 14.95), (true 799, predicted [894])
attack: step 21/30, xent loss = 26.4707, l2 loss = 15.4505 (max 14.95), (true 799, predicted [894])
attack: step 22/30, xent loss = 33.1886, l2 loss = 15.6688 (max 14.95), (true 799, predicted [894])
attack: step 23/30, xent loss = 37.7101, l2 loss = 15.9156 (max 14.95), (true 799, predicted [894])
attack: step 24/30, xent loss = 33.4204, l2 loss = 16.2465 (max 14.95), (true 799, predicted [894])
attack: step 25/30, xent loss = 29.696, l2 loss = 16.5045 (max 14.95), (true 799, predicted [894])
attack: step 26/30, xent loss = 29.6229, l2 loss = 17.0411 (max 14.95), (true 799, predicted [894])
attack: step 27/30, xent loss = 35.4213, l2 loss = 17.2946 (max 14.95), (true 799, predicted [894])
attack: step 28/30, xent loss = 35.2798, l2 loss = 17.5817 (max 14.95), (true 799, predicted [894])
attack: step 29/30, xent loss = 38.6282, l2 loss = 17.8519 (max 14.95), (true 799, predicted [894])
attack: step 30/30, xent loss = 33.0102, l2 loss = 18.0772 (max 14.95), (true 799, predicted [894])
check failed
true = 799, adv = 799
evaluating 74 of [70, 80)
attack: step 1/30, xent loss = 1.89425, l2 loss = 0 (max 14.95), (true 74, predicted [72])
attack: step 2/30, xent loss = 3.35786, l2 loss = 0.643399 (max 14.95), (true 74, predicted [72])
attack: step 3/30, xent loss = 4.38532, l2 loss = 0.906785 (max 14.95), (true 74, predicted [72])
attack: step 4/30, xent loss = 5.16252, l2 loss = 1.17745 (max 14.95), (true 74, predicted [72])
attack: step 5/30, xent loss = 5.72165, l2 loss = 1.50457 (max 14.95), (true 74, predicted [72])
attack: step 6/30, xent loss = 6.10414, l2 loss = 1.81548 (max 14.95), (true 74, predicted [72])
attack: step 7/30, xent loss = 6.66755, l2 loss = 2.12859 (max 14.95), (true 74, predicted [72])
attack: step 8/30, xent loss = 7.47496, l2 loss = 2.36191 (max 14.95), (true 74, predicted [72])
attack: step 9/30, xent loss = 8.26277, l2 loss = 2.57558 (max 14.95), (true 74, predicted [72])
attack: step 10/30, xent loss = 8.82128, l2 loss = 2.80741 (max 14.95), (true 74, predicted [72])
attack: step 11/30, xent loss = 8.7038, l2 loss = 3.06178 (max 14.95), (true 74, predicted [72])
attack: step 12/30, xent loss = 9.48057, l2 loss = 3.33473 (max 14.95), (true 74, predicted [72])
attack: step 13/30, xent loss = 9.79966, l2 loss = 3.59168 (max 14.95), (true 74, predicted [72])
attack: step 14/30, xent loss = 10.9777, l2 loss = 3.83388 (max 14.95), (true 74, predicted [72])
attack: step 15/30, xent loss = 11.983, l2 loss = 4.08593 (max 14.95), (true 74, predicted [72])
attack: step 16/30, xent loss = 12.4099, l2 loss = 4.32563 (max 14.95), (true 74, predicted [72])
attack: step 17/30, xent loss = 12.4787, l2 loss = 4.59407 (max 14.95), (true 74, predicted [72])
attack: step 18/30, xent loss = 13.1126, l2 loss = 4.88589 (max 14.95), (true 74, predicted [72])
attack: step 19/30, xent loss = 14.8754, l2 loss = 5.11278 (max 14.95), (true 74, predicted [72])
attack: step 20/30, xent loss = 16.4194, l2 loss = 5.33376 (max 14.95), (true 74, predicted [72])
attack: step 21/30, xent loss = 16.6992, l2 loss = 5.59941 (max 14.95), (true 74, predicted [72])
attack: step 22/30, xent loss = 15.3805, l2 loss = 5.9754 (max 14.95), (true 74, predicted [72])
attack: step 23/30, xent loss = 16.5043, l2 loss = 6.34845 (max 14.95), (true 74, predicted [72])
attack: step 24/30, xent loss = 22.3748, l2 loss = 6.68892 (max 14.95), (true 74, predicted [65])
attack: step 25/30, xent loss = 28.4943, l2 loss = 8.45739 (max 14.95), (true 74, predicted [65])
attack: step 26/30, xent loss = 25.4644, l2 loss = 10.7308 (max 14.95), (true 74, predicted [65])
attack: step 27/30, xent loss = 26.1989, l2 loss = 11.9364 (max 14.95), (true 74, predicted [65])
attack: step 28/30, xent loss = 35.3677, l2 loss = 13.4003 (max 14.95), (true 74, predicted [65])
attack: step 29/30, xent loss = 34.5206, l2 loss = 14.5177 (max 14.95), (true 74, predicted [65])
attack: step 30/30, xent loss = 27.8878, l2 loss = 15.3308 (max 14.95), (true 74, predicted [65])
check failed
true = 74, adv = 72
evaluating 75 of [70, 80)
attack: step 1/30, xent loss = 0.0634413, l2 loss = 0 (max 14.95), (true 432, predicted [432])
attack: step 2/30, xent loss = 0.362684, l2 loss = 0.12829 (max 14.95), (true 432, predicted [432])
attack: step 3/30, xent loss = 2.40733, l2 loss = 0.617204 (max 14.95), (true 432, predicted [432])
attack: step 4/30, xent loss = 6.70717, l2 loss = 1.75615 (max 14.95), (true 432, predicted [456])
attack: step 5/30, xent loss = 13.9902, l2 loss = 2.66749 (max 14.95), (true 432, predicted [456])
attack: step 6/30, xent loss = 20.667, l2 loss = 3.87504 (max 14.95), (true 432, predicted [456])
attack: step 7/30, xent loss = 27.0852, l2 loss = 5.2549 (max 14.95), (true 432, predicted [456])
attack: step 8/30, xent loss = 29.3641, l2 loss = 6.65186 (max 14.95), (true 432, predicted [456])
attack: step 9/30, xent loss = 35.8684, l2 loss = 8.33437 (max 14.95), (true 432, predicted [456])
attack: step 10/30, xent loss = 41.6001, l2 loss = 9.03676 (max 14.95), (true 432, predicted [456])
attack: step 11/30, xent loss = 37.1238, l2 loss = 10.1147 (max 14.95), (true 432, predicted [456])
attack: step 12/30, xent loss = 40.3648, l2 loss = 11.3722 (max 14.95), (true 432, predicted [456])
attack: step 13/30, xent loss = 47.0289, l2 loss = 11.8763 (max 14.95), (true 432, predicted [456])
attack: step 14/30, xent loss = 47.2, l2 loss = 12.4677 (max 14.95), (true 432, predicted [456])
attack: step 15/30, xent loss = 52.7814, l2 loss = 12.9482 (max 14.95), (true 432, predicted [456])
attack: step 16/30, xent loss = 48.9506, l2 loss = 13.5801 (max 14.95), (true 432, predicted [456])
attack: step 17/30, xent loss = 56.4812, l2 loss = 14.0089 (max 14.95), (true 432, predicted [456])
attack: step 18/30, xent loss = 48.1617, l2 loss = 14.5915 (max 14.95), (true 432, predicted [456])
attack: step 19/30, xent loss = 54.4963, l2 loss = 15.1319 (max 14.95), (true 432, predicted [456])
attack: step 20/30, xent loss = 69.1154, l2 loss = 15.4361 (max 14.95), (true 432, predicted [456])
attack: step 21/30, xent loss = 71.6464, l2 loss = 15.6774 (max 14.95), (true 432, predicted [456])
attack: step 22/30, xent loss = 62.8707, l2 loss = 16.1079 (max 14.95), (true 432, predicted [456])
attack: step 23/30, xent loss = 66.0659, l2 loss = 16.5169 (max 14.95), (true 432, predicted [456])
attack: step 24/30, xent loss = 69.4633, l2 loss = 16.8655 (max 14.95), (true 432, predicted [456])
attack: step 25/30, xent loss = 69.6089, l2 loss = 17.1421 (max 14.95), (true 432, predicted [456])
attack: step 26/30, xent loss = 73.2552, l2 loss = 17.4439 (max 14.95), (true 432, predicted [456])
attack: step 27/30, xent loss = 74.3751, l2 loss = 17.7748 (max 14.95), (true 432, predicted [456])
attack: step 28/30, xent loss = 73.9546, l2 loss = 18.2473 (max 14.95), (true 432, predicted [456])
attack: step 29/30, xent loss = 77.904, l2 loss = 18.5186 (max 14.95), (true 432, predicted [456])
attack: step 30/30, xent loss = 78.0658, l2 loss = 18.8342 (max 14.95), (true 432, predicted [456])
check failed
true = 432, adv = 456
evaluating 76 of [70, 80)
attack: step 1/30, xent loss = 1.61053, l2 loss = 0 (max 14.95), (true 193, predicted [201])
attack: step 2/30, xent loss = 6.79143, l2 loss = 1.21437 (max 14.95), (true 193, predicted [182])
attack: step 3/30, xent loss = 10.6085, l2 loss = 1.55818 (max 14.95), (true 193, predicted [182])
attack: step 4/30, xent loss = 14.1466, l2 loss = 1.97168 (max 14.95), (true 193, predicted [182])
attack: step 5/30, xent loss = 15.6533, l2 loss = 2.38293 (max 14.95), (true 193, predicted [182])
attack: step 6/30, xent loss = 17.9903, l2 loss = 2.98276 (max 14.95), (true 193, predicted [182])
attack: step 7/30, xent loss = 17.8715, l2 loss = 3.6277 (max 14.95), (true 193, predicted [182])
attack: step 8/30, xent loss = 21.5124, l2 loss = 4.09678 (max 14.95), (true 193, predicted [182])
attack: step 9/30, xent loss = 21.8953, l2 loss = 4.66782 (max 14.95), (true 193, predicted [182])
attack: step 10/30, xent loss = 21.0848, l2 loss = 5.15976 (max 14.95), (true 193, predicted [182])
attack: step 11/30, xent loss = 20.0078, l2 loss = 6.37592 (max 14.95), (true 193, predicted [182])
attack: step 12/30, xent loss = 24.9659, l2 loss = 6.67407 (max 14.95), (true 193, predicted [182])
attack: step 13/30, xent loss = 18.4221, l2 loss = 7.47337 (max 14.95), (true 193, predicted [182])
attack: step 14/30, xent loss = 24.5759, l2 loss = 7.79927 (max 14.95), (true 193, predicted [182])
attack: step 15/30, xent loss = 25.8705, l2 loss = 8.13467 (max 14.95), (true 193, predicted [182])
attack: step 16/30, xent loss = 25.522, l2 loss = 8.57415 (max 14.95), (true 193, predicted [182])
attack: step 17/30, xent loss = 28.7713, l2 loss = 9.0365 (max 14.95), (true 193, predicted [182])
attack: step 18/30, xent loss = 27.762, l2 loss = 9.3851 (max 14.95), (true 193, predicted [182])
attack: step 19/30, xent loss = 21.3248, l2 loss = 10.1414 (max 14.95), (true 193, predicted [182])
attack: step 20/30, xent loss = 30.2492, l2 loss = 10.3888 (max 14.95), (true 193, predicted [182])
attack: step 21/30, xent loss = 30.255, l2 loss = 10.6229 (max 14.95), (true 193, predicted [182])
attack: step 22/30, xent loss = 28.4444, l2 loss = 11.1241 (max 14.95), (true 193, predicted [182])
attack: step 23/30, xent loss = 37.1948, l2 loss = 11.3251 (max 14.95), (true 193, predicted [182])
attack: step 24/30, xent loss = 28.0515, l2 loss = 11.7105 (max 14.95), (true 193, predicted [182])
attack: step 25/30, xent loss = 29.0573, l2 loss = 12.2077 (max 14.95), (true 193, predicted [182])
attack: step 26/30, xent loss = 33.7348, l2 loss = 12.4883 (max 14.95), (true 193, predicted [182])
attack: step 27/30, xent loss = 43.1699, l2 loss = 12.7758 (max 14.95), (true 193, predicted [182])
attack: step 28/30, xent loss = 39.7718, l2 loss = 13.0364 (max 14.95), (true 193, predicted [182])
attack: step 29/30, xent loss = 29.9319, l2 loss = 13.5838 (max 14.95), (true 193, predicted [182])
attack: step 30/30, xent loss = 40.6868, l2 loss = 13.7796 (max 14.95), (true 193, predicted [182])
true = 193, adv = 201
evaluating 77 of [70, 80)
attack: step 1/30, xent loss = 0.000672234, l2 loss = 0 (max 14.95), (true 929, predicted [929])
attack: step 2/30, xent loss = 0.000923803, l2 loss = 0.00464745 (max 14.95), (true 929, predicted [929])
attack: step 3/30, xent loss = 0.00140985, l2 loss = 0.0109009 (max 14.95), (true 929, predicted [929])
attack: step 4/30, xent loss = 0.00261358, l2 loss = 0.0202551 (max 14.95), (true 929, predicted [929])
attack: step 5/30, xent loss = 0.00758435, l2 loss = 0.0371259 (max 14.95), (true 929, predicted [929])
attack: step 6/30, xent loss = 0.0896577, l2 loss = 0.0843915 (max 14.95), (true 929, predicted [929])
attack: step 7/30, xent loss = 5.60919, l2 loss = 0.51798 (max 14.95), (true 929, predicted [631])
attack: step 8/30, xent loss = 7.55757, l2 loss = 3.61628 (max 14.95), (true 929, predicted [749])
attack: step 9/30, xent loss = 14.7098, l2 loss = 5.21096 (max 14.95), (true 929, predicted [749])
attack: step 10/30, xent loss = 19.1665, l2 loss = 6.81931 (max 14.95), (true 929, predicted [749])
attack: step 11/30, xent loss = 19.8286, l2 loss = 8.73182 (max 14.95), (true 929, predicted [749])
attack: step 12/30, xent loss = 22.8731, l2 loss = 10.2864 (max 14.95), (true 929, predicted [749])
attack: step 13/30, xent loss = 19.5746, l2 loss = 12.0824 (max 14.95), (true 929, predicted [749])
attack: step 14/30, xent loss = 22.9167, l2 loss = 12.8464 (max 14.95), (true 929, predicted [749])
attack: step 15/30, xent loss = 24.974, l2 loss = 13.5467 (max 14.95), (true 929, predicted [749])
attack: step 16/30, xent loss = 39.5055, l2 loss = 14.4738 (max 14.95), (true 929, predicted [749])
attack: step 17/30, xent loss = 44.4868, l2 loss = 15.0549 (max 14.95), (true 929, predicted [749])
attack: step 18/30, xent loss = 45.1187, l2 loss = 15.7856 (max 14.95), (true 929, predicted [749])
attack: step 19/30, xent loss = 42.6024, l2 loss = 16.6026 (max 14.95), (true 929, predicted [749])
attack: step 20/30, xent loss = 27.6869, l2 loss = 17.7658 (max 14.95), (true 929, predicted [749])
attack: step 21/30, xent loss = 47.038, l2 loss = 18.1863 (max 14.95), (true 929, predicted [749])
attack: step 22/30, xent loss = 52.3435, l2 loss = 18.6919 (max 14.95), (true 929, predicted [749])
attack: step 23/30, xent loss = 55.5516, l2 loss = 19.2627 (max 14.95), (true 929, predicted [749])
attack: step 24/30, xent loss = 46.5006, l2 loss = 19.8468 (max 14.95), (true 929, predicted [749])
attack: step 25/30, xent loss = 55.4934, l2 loss = 20.6108 (max 14.95), (true 929, predicted [749])
attack: step 26/30, xent loss = 41.1529, l2 loss = 21.6536 (max 14.95), (true 929, predicted [749])
attack: step 27/30, xent loss = 57.2079, l2 loss = 22.131 (max 14.95), (true 929, predicted [749])
attack: step 28/30, xent loss = 45.9235, l2 loss = 22.7052 (max 14.95), (true 929, predicted [749])
attack: step 29/30, xent loss = 66.2638, l2 loss = 23.186 (max 14.95), (true 929, predicted [749])
attack: step 30/30, xent loss = 75.5028, l2 loss = 23.4638 (max 14.95), (true 929, predicted [749])
check failed
true = 929, adv = 578
evaluating 78 of [70, 80)
attack: step 1/30, xent loss = 0.278252, l2 loss = 0 (max 14.95), (true 546, predicted [546])
attack: step 2/30, xent loss = 2.27177, l2 loss = 0.374569 (max 14.95), (true 546, predicted [819])
attack: step 3/30, xent loss = 5.36161, l2 loss = 1.36971 (max 14.95), (true 546, predicted [819])
attack: step 4/30, xent loss = 9.57591, l2 loss = 2.05897 (max 14.95), (true 546, predicted [819])
attack: step 5/30, xent loss = 12.196, l2 loss = 2.60756 (max 14.95), (true 546, predicted [819])
attack: step 6/30, xent loss = 13.9709, l2 loss = 3.24144 (max 14.95), (true 546, predicted [819])
attack: step 7/30, xent loss = 17.5459, l2 loss = 3.77789 (max 14.95), (true 546, predicted [819])
attack: step 8/30, xent loss = 18.9676, l2 loss = 4.36398 (max 14.95), (true 546, predicted [819])
attack: step 9/30, xent loss = 18.9828, l2 loss = 4.99983 (max 14.95), (true 546, predicted [819])
attack: step 10/30, xent loss = 19.2982, l2 loss = 5.78918 (max 14.95), (true 546, predicted [819])
attack: step 11/30, xent loss = 25.3202, l2 loss = 6.31873 (max 14.95), (true 546, predicted [819])
attack: step 12/30, xent loss = 23.49, l2 loss = 6.98427 (max 14.95), (true 546, predicted [819])
attack: step 13/30, xent loss = 28.5021, l2 loss = 7.4975 (max 14.95), (true 546, predicted [819])
attack: step 14/30, xent loss = 27.5581, l2 loss = 7.92221 (max 14.95), (true 546, predicted [819])
attack: step 15/30, xent loss = 32.6559, l2 loss = 8.40405 (max 14.95), (true 546, predicted [819])
attack: step 16/30, xent loss = 33.7791, l2 loss = 8.75156 (max 14.95), (true 546, predicted [819])
attack: step 17/30, xent loss = 35.3838, l2 loss = 9.23276 (max 14.95), (true 546, predicted [819])
attack: step 18/30, xent loss = 32.859, l2 loss = 9.75678 (max 14.95), (true 546, predicted [819])
attack: step 19/30, xent loss = 34.0233, l2 loss = 10.2231 (max 14.95), (true 546, predicted [819])
attack: step 20/30, xent loss = 38.911, l2 loss = 10.6002 (max 14.95), (true 546, predicted [819])
attack: step 21/30, xent loss = 36.7562, l2 loss = 11.0197 (max 14.95), (true 546, predicted [819])
attack: step 22/30, xent loss = 46.4789, l2 loss = 11.2538 (max 14.95), (true 546, predicted [819])
attack: step 23/30, xent loss = 42.9132, l2 loss = 11.5711 (max 14.95), (true 546, predicted [819])
attack: step 24/30, xent loss = 42.8726, l2 loss = 11.9663 (max 14.95), (true 546, predicted [819])
attack: step 25/30, xent loss = 44.5621, l2 loss = 12.3545 (max 14.95), (true 546, predicted [819])
attack: step 26/30, xent loss = 42.9918, l2 loss = 12.6981 (max 14.95), (true 546, predicted [819])
attack: step 27/30, xent loss = 44.2377, l2 loss = 13.0984 (max 14.95), (true 546, predicted [819])
attack: step 28/30, xent loss = 51.6775, l2 loss = 13.3639 (max 14.95), (true 546, predicted [819])
attack: step 29/30, xent loss = 50.1063, l2 loss = 13.5822 (max 14.95), (true 546, predicted [819])
attack: step 30/30, xent loss = 48.3799, l2 loss = 13.9967 (max 14.95), (true 546, predicted [819])
true = 546, adv = 830
evaluating 79 of [70, 80)
attack: step 1/30, xent loss = 6.48272, l2 loss = 0 (max 14.95), (true 689, predicted [669])
attack: step 2/30, xent loss = 16.1976, l2 loss = 3.70566 (max 14.95), (true 689, predicted [669])
attack: step 3/30, xent loss = 17.1761, l2 loss = 4.76713 (max 14.95), (true 689, predicted [669])
attack: step 4/30, xent loss = 14.0825, l2 loss = 6.14269 (max 14.95), (true 689, predicted [669])
attack: step 5/30, xent loss = 15.809, l2 loss = 7.85448 (max 14.95), (true 689, predicted [669])
attack: step 6/30, xent loss = 21.4578, l2 loss = 8.63081 (max 14.95), (true 689, predicted [669])
attack: step 7/30, xent loss = 21.3017, l2 loss = 9.52911 (max 14.95), (true 689, predicted [669])
attack: step 8/30, xent loss = 22.6123, l2 loss = 10.4836 (max 14.95), (true 689, predicted [669])
attack: step 9/30, xent loss = 29.1564, l2 loss = 11.0189 (max 14.95), (true 689, predicted [669])
attack: step 10/30, xent loss = 28.1942, l2 loss = 11.6028 (max 14.95), (true 689, predicted [669])
attack: step 11/30, xent loss = 26.8822, l2 loss = 12.3017 (max 14.95), (true 689, predicted [669])
attack: step 12/30, xent loss = 25.1953, l2 loss = 13.9348 (max 14.95), (true 689, predicted [669])
attack: step 13/30, xent loss = 37.9296, l2 loss = 14.1834 (max 14.95), (true 689, predicted [669])
attack: step 14/30, xent loss = 39.0122, l2 loss = 14.5688 (max 14.95), (true 689, predicted [669])
attack: step 15/30, xent loss = 35.2561, l2 loss = 15.0123 (max 14.95), (true 689, predicted [669])
attack: step 16/30, xent loss = 36.8408, l2 loss = 15.4759 (max 14.95), (true 689, predicted [669])
attack: step 17/30, xent loss = 45.0495, l2 loss = 15.9044 (max 14.95), (true 689, predicted [669])
attack: step 18/30, xent loss = 42.0642, l2 loss = 16.2386 (max 14.95), (true 689, predicted [669])
attack: step 19/30, xent loss = 44.0269, l2 loss = 16.6148 (max 14.95), (true 689, predicted [669])
attack: step 20/30, xent loss = 40.5266, l2 loss = 17.1847 (max 14.95), (true 689, predicted [669])
attack: step 21/30, xent loss = 42.3358, l2 loss = 17.5306 (max 14.95), (true 689, predicted [669])
attack: step 22/30, xent loss = 38.6863, l2 loss = 18.5797 (max 14.95), (true 689, predicted [669])
attack: step 23/30, xent loss = 52.8662, l2 loss = 18.8279 (max 14.95), (true 689, predicted [669])
attack: step 24/30, xent loss = 46.4655, l2 loss = 19.1853 (max 14.95), (true 689, predicted [669])
attack: step 25/30, xent loss = 52.3761, l2 loss = 19.4775 (max 14.95), (true 689, predicted [669])
attack: step 26/30, xent loss = 54.9614, l2 loss = 19.8479 (max 14.95), (true 689, predicted [669])
attack: step 27/30, xent loss = 53.3978, l2 loss = 20.2047 (max 14.95), (true 689, predicted [669])
attack: step 28/30, xent loss = 55.1002, l2 loss = 20.5234 (max 14.95), (true 689, predicted [669])
attack: step 29/30, xent loss = 49.8067, l2 loss = 21.1347 (max 14.95), (true 689, predicted [669])
attack: step 30/30, xent loss = 53.4142, l2 loss = 21.5233 (max 14.95), (true 689, predicted [669])
check failed
true = 689, adv = 669
