2019-06-29 17:55:16.066032: I tensorflow/core/platform/cpu_feature_guard.cc:141] Your CPU supports instructions that this TensorFlow binary was not compiled to use: SSE4.1 SSE4.2 AVX AVX2 FMA
2019-06-29 17:55:16.071576: I tensorflow/core/platform/profile_utils/cpu_utils.cc:94] CPU Frequency: 2600025000 Hz
2019-06-29 17:55:16.071675: I tensorflow/compiler/xla/service/service.cc:150] XLA service 0x2aaae6fc1950 executing computations on platform Host. Devices:
2019-06-29 17:55:16.071690: I tensorflow/compiler/xla/service/service.cc:158]   StreamExecutor device (0): <undefined>, <undefined>
2019-06-29 17:55:16.071848: I tensorflow/core/common_runtime/process_util.cc:71] Creating new thread pool with default inter op setting: 2. Tune using inter_op_parallelism_threads for best performance.
evaluating 880 of [880, 890)
attack: step 1/10, xent loss = 8.32385, l2 loss = 5.76515 (max 14.95), (true 962, predicted [509])
attack: step 2/10, xent loss = 8.36709, l2 loss = 6.01617 (max 14.95), (true 962, predicted [728])
attack: step 3/10, xent loss = 7.95254, l2 loss = 6.35561 (max 14.95), (true 962, predicted [552])
attack: step 4/10, xent loss = 7.48235, l2 loss = 6.61034 (max 14.95), (true 962, predicted [728])
attack: step 5/10, xent loss = 8.66013, l2 loss = 7.13255 (max 14.95), (true 962, predicted [830])
attack: step 6/10, xent loss = 8.44721, l2 loss = 7.28637 (max 14.95), (true 962, predicted [552])
attack: step 7/10, xent loss = 8.47256, l2 loss = 7.60216 (max 14.95), (true 962, predicted [552])
attack: step 8/10, xent loss = 8.07102, l2 loss = 7.90379 (max 14.95), (true 962, predicted [728])
attack: step 9/10, xent loss = 8.68577, l2 loss = 8.12893 (max 14.95), (true 962, predicted [509])
attack: step 10/10, xent loss = 8.62406, l2 loss = 8.40598 (max 14.95), (true 962, predicted [728])
true = 962, adv = 509
evaluating 881 of [880, 890)
attack: step 1/10, xent loss = 6.34073, l2 loss = 12.9479 (max 14.95), (true 875, predicted [837])
attack: step 2/10, xent loss = 5.30663, l2 loss = 14.1192 (max 14.95), (true 875, predicted [808])
attack: step 3/10, xent loss = 4.57969, l2 loss = 14.7352 (max 14.95), (true 875, predicted [837])
attack: step 4/10, xent loss = 6.3594, l2 loss = 15.1407 (max 14.95), (true 875, predicted [837])
attack: step 5/10, xent loss = 7.24045, l2 loss = 15.7611 (max 14.95), (true 875, predicted [837])
attack: step 6/10, xent loss = 6.37998, l2 loss = 16.0249 (max 14.95), (true 875, predicted [837])
attack: step 7/10, xent loss = 6.5517, l2 loss = 16.2531 (max 14.95), (true 875, predicted [837])
attack: step 8/10, xent loss = 7.51874, l2 loss = 17.0855 (max 14.95), (true 875, predicted [837])
attack: step 9/10, xent loss = 6.21767, l2 loss = 17.7628 (max 14.95), (true 875, predicted [837])
attack: step 10/10, xent loss = 6.67877, l2 loss = 18.329 (max 14.95), (true 875, predicted [837])
check failed
true = 875, adv = 837
evaluating 882 of [880, 890)
attack: step 1/10, xent loss = 12.4652, l2 loss = 18.0731 (max 14.95), (true 262, predicted [728])
attack: step 2/10, xent loss = 8.89412, l2 loss = 19.8152 (max 14.95), (true 262, predicted [728])
attack: step 3/10, xent loss = 14.0598, l2 loss = 20.949 (max 14.95), (true 262, predicted [728])
attack: step 4/10, xent loss = 14.5808, l2 loss = 23.1603 (max 14.95), (true 262, predicted [728])
attack: step 5/10, xent loss = 14.1059, l2 loss = 24.4415 (max 14.95), (true 262, predicted [728])
attack: step 6/10, xent loss = 14.8181, l2 loss = 25.7359 (max 14.95), (true 262, predicted [728])
attack: step 7/10, xent loss = 16.8897, l2 loss = 27.0339 (max 14.95), (true 262, predicted [728])
attack: step 8/10, xent loss = 16.3976, l2 loss = 28.1256 (max 14.95), (true 262, predicted [728])
attack: step 9/10, xent loss = 15.9028, l2 loss = 29.5065 (max 14.95), (true 262, predicted [728])
attack: step 10/10, xent loss = 17.0909, l2 loss = 30.8427 (max 14.95), (true 262, predicted [728])
check failed
true = 262, adv = 728
evaluating 883 of [880, 890)
attack: step 1/10, xent loss = 10.5626, l2 loss = 10.9847 (max 14.95), (true 824, predicted [797])
attack: step 2/10, xent loss = 10.2747, l2 loss = 12.4296 (max 14.95), (true 824, predicted [797])
attack: step 3/10, xent loss = 8.43059, l2 loss = 12.9501 (max 14.95), (true 824, predicted [797])
attack: step 4/10, xent loss = 9.44235, l2 loss = 13.5856 (max 14.95), (true 824, predicted [797])
attack: step 5/10, xent loss = 11.4186, l2 loss = 13.9373 (max 14.95), (true 824, predicted [797])
attack: step 6/10, xent loss = 12.4316, l2 loss = 15.0796 (max 14.95), (true 824, predicted [797])
attack: step 7/10, xent loss = 11.6344, l2 loss = 16.5697 (max 14.95), (true 824, predicted [797])
attack: step 8/10, xent loss = 13.41, l2 loss = 17.4708 (max 14.95), (true 824, predicted [797])
attack: step 9/10, xent loss = 12.8611, l2 loss = 18.324 (max 14.95), (true 824, predicted [797])
attack: step 10/10, xent loss = 13.2116, l2 loss = 19.4512 (max 14.95), (true 824, predicted [797])
check failed
true = 824, adv = 797
evaluating 884 of [880, 890)
attack: step 1/10, xent loss = 11.0878, l2 loss = 21.7003 (max 14.95), (true 319, predicted [795])
attack: step 2/10, xent loss = 11.1688, l2 loss = 23.1555 (max 14.95), (true 319, predicted [795])
attack: step 3/10, xent loss = 10.9948, l2 loss = 24.3642 (max 14.95), (true 319, predicted [795])
attack: step 4/10, xent loss = 13.1283, l2 loss = 25.085 (max 14.95), (true 319, predicted [795])
attack: step 5/10, xent loss = 11.3964, l2 loss = 25.742 (max 14.95), (true 319, predicted [795])
attack: step 6/10, xent loss = 12.0657, l2 loss = 26.8279 (max 14.95), (true 319, predicted [795])
attack: step 7/10, xent loss = 12.8896, l2 loss = 27.3756 (max 14.95), (true 319, predicted [795])
attack: step 8/10, xent loss = 12.3482, l2 loss = 28.0065 (max 14.95), (true 319, predicted [795])
attack: step 9/10, xent loss = 14.1679, l2 loss = 28.61 (max 14.95), (true 319, predicted [795])
attack: step 10/10, xent loss = 14.5238, l2 loss = 29.3902 (max 14.95), (true 319, predicted [795])
check failed
true = 319, adv = 795
evaluating 885 of [880, 890)
attack: step 1/10, xent loss = 8.18052, l2 loss = 12.6219 (max 14.95), (true 908, predicted [895])
attack: step 2/10, xent loss = 8.4717, l2 loss = 12.8991 (max 14.95), (true 908, predicted [895])
attack: step 3/10, xent loss = 8.17904, l2 loss = 13.3291 (max 14.95), (true 908, predicted [895])
attack: step 4/10, xent loss = 8.15467, l2 loss = 13.6904 (max 14.95), (true 908, predicted [895])
attack: step 5/10, xent loss = 9.05409, l2 loss = 14.1767 (max 14.95), (true 908, predicted [895])
attack: step 6/10, xent loss = 9.0405, l2 loss = 14.6138 (max 14.95), (true 908, predicted [895])
attack: step 7/10, xent loss = 9.33166, l2 loss = 14.9685 (max 14.95), (true 908, predicted [895])
attack: step 8/10, xent loss = 8.3345, l2 loss = 15.313 (max 14.95), (true 908, predicted [895])
attack: step 9/10, xent loss = 9.23263, l2 loss = 15.8147 (max 14.95), (true 908, predicted [895])
attack: step 10/10, xent loss = 8.40759, l2 loss = 16.1518 (max 14.95), (true 908, predicted [895])
check failed
true = 908, adv = 895
evaluating 886 of [880, 890)
attack: step 1/10, xent loss = 9.17703, l2 loss = 14.0619 (max 14.95), (true 942, predicted [502])
attack: step 2/10, xent loss = 9.73073, l2 loss = 14.6741 (max 14.95), (true 942, predicted [502])
attack: step 3/10, xent loss = 10.0311, l2 loss = 16.1411 (max 14.95), (true 942, predicted [502])
attack: step 4/10, xent loss = 9.47054, l2 loss = 16.4965 (max 14.95), (true 942, predicted [502])
attack: step 5/10, xent loss = 10.3387, l2 loss = 16.9712 (max 14.95), (true 942, predicted [502])
attack: step 6/10, xent loss = 10.3165, l2 loss = 17.4122 (max 14.95), (true 942, predicted [502])
attack: step 7/10, xent loss = 10.739, l2 loss = 17.9296 (max 14.95), (true 942, predicted [502])
attack: step 8/10, xent loss = 10.9771, l2 loss = 18.3864 (max 14.95), (true 942, predicted [502])
attack: step 9/10, xent loss = 11.2459, l2 loss = 19.1857 (max 14.95), (true 942, predicted [502])
attack: step 10/10, xent loss = 11.5103, l2 loss = 19.8839 (max 14.95), (true 942, predicted [502])
check failed
true = 942, adv = 502
evaluating 887 of [880, 890)
attack: step 1/10, xent loss = 10.4857, l2 loss = 15.316 (max 14.95), (true 265, predicted [241])
attack: step 2/10, xent loss = 9.46766, l2 loss = 17.0418 (max 14.95), (true 265, predicted [241])
attack: step 3/10, xent loss = 11.4409, l2 loss = 18.0811 (max 14.95), (true 265, predicted [241])
attack: step 4/10, xent loss = 14.6003, l2 loss = 19.2659 (max 14.95), (true 265, predicted [241])
attack: step 5/10, xent loss = 11.5471, l2 loss = 20.2945 (max 14.95), (true 265, predicted [241])
attack: step 6/10, xent loss = 13.7297, l2 loss = 22.2964 (max 14.95), (true 265, predicted [241])
attack: step 7/10, xent loss = 10.6507, l2 loss = 23.1788 (max 14.95), (true 265, predicted [240])
attack: step 8/10, xent loss = 15.0371, l2 loss = 24.5105 (max 14.95), (true 265, predicted [241])
attack: step 9/10, xent loss = 12.7454, l2 loss = 25.0893 (max 14.95), (true 265, predicted [241])
attack: step 10/10, xent loss = 14.297, l2 loss = 25.8382 (max 14.95), (true 265, predicted [241])
check failed
true = 265, adv = 241
evaluating 888 of [880, 890)
attack: step 1/10, xent loss = 8.91693, l2 loss = 5.4543 (max 14.95), (true 962, predicted [692])
attack: step 2/10, xent loss = 8.61968, l2 loss = 5.96242 (max 14.95), (true 962, predicted [607])
attack: step 3/10, xent loss = 7.9516, l2 loss = 6.32347 (max 14.95), (true 962, predicted [607])
attack: step 4/10, xent loss = 8.31343, l2 loss = 6.616 (max 14.95), (true 962, predicted [607])
attack: step 5/10, xent loss = 8.07729, l2 loss = 6.8699 (max 14.95), (true 962, predicted [692])
attack: step 6/10, xent loss = 9.02533, l2 loss = 7.13064 (max 14.95), (true 962, predicted [692])
attack: step 7/10, xent loss = 8.74362, l2 loss = 7.40537 (max 14.95), (true 962, predicted [692])
attack: step 8/10, xent loss = 8.55754, l2 loss = 7.57944 (max 14.95), (true 962, predicted [607])
attack: step 9/10, xent loss = 8.46942, l2 loss = 7.79698 (max 14.95), (true 962, predicted [692])
attack: step 10/10, xent loss = 8.42245, l2 loss = 8.01219 (max 14.95), (true 962, predicted [692])
true = 962, adv = 692
evaluating 889 of [880, 890)
attack: step 1/10, xent loss = 20.0253, l2 loss = 29.1612 (max 14.95), (true 374, predicted [552])
attack: step 2/10, xent loss = 17.6518, l2 loss = 30.7233 (max 14.95), (true 374, predicted [552])
attack: step 3/10, xent loss = 17.784, l2 loss = 32.2264 (max 14.95), (true 374, predicted [552])
attack: step 4/10, xent loss = 20.5817, l2 loss = 33.0921 (max 14.95), (true 374, predicted [552])
attack: step 5/10, xent loss = 20.0611, l2 loss = 34.038 (max 14.95), (true 374, predicted [552])
attack: step 6/10, xent loss = 22.3815, l2 loss = 34.921 (max 14.95), (true 374, predicted [552])
attack: step 7/10, xent loss = 23.6256, l2 loss = 35.6689 (max 14.95), (true 374, predicted [552])
attack: step 8/10, xent loss = 22.7298, l2 loss = 36.5215 (max 14.95), (true 374, predicted [552])
attack: step 9/10, xent loss = 22.5513, l2 loss = 37.3854 (max 14.95), (true 374, predicted [552])
attack: step 10/10, xent loss = 20.7363, l2 loss = 38.4079 (max 14.95), (true 374, predicted [552])
check failed
true = 374, adv = 552
