2019-10-27 05:10:59.102531: I tensorflow/core/platform/cpu_feature_guard.cc:141] Your CPU supports instructions that this TensorFlow binary was not compiled to use: SSE4.1 SSE4.2 AVX AVX2 FMA
2019-10-27 05:10:59.112037: I tensorflow/core/platform/profile_utils/cpu_utils.cc:94] CPU Frequency: 2600160000 Hz
2019-10-27 05:10:59.112250: I tensorflow/compiler/xla/service/service.cc:150] XLA service 0x55555902ddb0 executing computations on platform Host. Devices:
2019-10-27 05:10:59.112284: I tensorflow/compiler/xla/service/service.cc:158]   StreamExecutor device (0): <undefined>, <undefined>
2019-10-27 05:10:59.112652: I tensorflow/core/common_runtime/process_util.cc:71] Creating new thread pool with default inter op setting: 2. Tune using inter_op_parallelism_threads for best performance.
evaluating 490 of [490, 500)
attack: step 1/10, xent loss = 21.7069, l2 loss = 36.569 (max 14.95), (true 953, predicted [723])
unbound attack returning early
check failed
true = 953, adv = 723
evaluating 491 of [490, 500)
attack: step 1/10, xent loss = 27.0369, l2 loss = 33.9108 (max 14.95), (true 376, predicted [728])
unbound attack returning early
check failed
true = 376, adv = 728
evaluating 492 of [490, 500)
attack: step 1/10, xent loss = 21.7919, l2 loss = 45.6664 (max 14.95), (true 526, predicted [667])
unbound attack returning early
check failed
true = 526, adv = 667
evaluating 493 of [490, 500)
attack: step 1/10, xent loss = 12.5204, l2 loss = 32.1309 (max 14.95), (true 657, predicted [728])
unbound attack returning early
check failed
true = 657, adv = 552
evaluating 494 of [490, 500)
attack: step 1/10, xent loss = 12.4425, l2 loss = 22.7657 (max 14.95), (true 381, predicted [88])
unbound attack returning early
check failed
true = 381, adv = 88
evaluating 495 of [490, 500)
attack: step 1/10, xent loss = 0.312485, l2 loss = 2.94015 (max 14.95), (true 701, predicted [701])
attack: step 2/10, xent loss = 0.0893588, l2 loss = 3.04873 (max 14.95), (true 701, predicted [701])
attack: step 3/10, xent loss = 0.247222, l2 loss = 3.07153 (max 14.95), (true 701, predicted [701])
attack: step 4/10, xent loss = 0.070123, l2 loss = 3.17762 (max 14.95), (true 701, predicted [701])
attack: step 5/10, xent loss = 0.282201, l2 loss = 3.19269 (max 14.95), (true 701, predicted [701])
attack: step 6/10, xent loss = 0.203881, l2 loss = 3.35428 (max 14.95), (true 701, predicted [701])
attack: step 7/10, xent loss = 0.0797158, l2 loss = 3.43076 (max 14.95), (true 701, predicted [701])
attack: step 8/10, xent loss = 0.365366, l2 loss = 3.45021 (max 14.95), (true 701, predicted [701])
attack: step 9/10, xent loss = 0.214723, l2 loss = 3.60247 (max 14.95), (true 701, predicted [701])
attack: step 10/10, xent loss = 0.372267, l2 loss = 3.70485 (max 14.95), (true 701, predicted [701])
true = 701, adv = 701
evaluating 496 of [490, 500)
attack: step 1/10, xent loss = 22.7262, l2 loss = 36.5083 (max 14.95), (true 182, predicted [728])
unbound attack returning early
check failed
true = 182, adv = 728
evaluating 497 of [490, 500)
attack: step 1/10, xent loss = 2.95385, l2 loss = 8.63772 (max 14.95), (true 601, predicted [578])
returning early
true = 601, adv = 728
evaluating 498 of [490, 500)
attack: step 1/10, xent loss = 25.8452, l2 loss = 37.0493 (max 14.95), (true 593, predicted [728])
unbound attack returning early
check failed
true = 593, adv = 728
evaluating 499 of [490, 500)
attack: step 1/10, xent loss = 14.3003, l2 loss = 18.2456 (max 14.95), (true 316, predicted [309])
unbound attack returning early
check failed
true = 316, adv = 309
