2019-11-04 10:21:26.479379: I tensorflow/core/platform/cpu_feature_guard.cc:141] Your CPU supports instructions that this TensorFlow binary was not compiled to use: SSE4.1 SSE4.2 AVX AVX2 FMA
2019-11-04 10:21:26.742829: I tensorflow/core/platform/profile_utils/cpu_utils.cc:94] CPU Frequency: 2599955000 Hz
2019-11-04 10:21:26.743963: I tensorflow/compiler/xla/service/service.cc:150] XLA service 0x55555902e8e0 executing computations on platform Host. Devices:
2019-11-04 10:21:26.744062: I tensorflow/compiler/xla/service/service.cc:158]   StreamExecutor device (0): <undefined>, <undefined>
2019-11-04 10:21:26.745264: I tensorflow/core/common_runtime/process_util.cc:71] Creating new thread pool with default inter op setting: 2. Tune using inter_op_parallelism_threads for best performance.
evaluating 700 of [700, 710)
attack: step 1/1, xent loss = 0.0455305, l2 loss = 0.365953 (max 14.95), (true 569, predicted [569])
true = 569, adv = 569
evaluating 701 of [700, 710)
attack: step 1/1, xent loss = 7.65365, l2 loss = 39.0347 (max 14.95), (true 261, predicted [363])
check failed
true = 261, adv = 728
evaluating 702 of [700, 710)
attack: step 1/1, xent loss = 7.15289, l2 loss = 15.1176 (max 14.95), (true 258, predicted [169])
check failed
true = 258, adv = 169
evaluating 703 of [700, 710)
attack: step 1/1, xent loss = 0.087162, l2 loss = 18.818 (max 14.95), (true 791, predicted [791])
check failed
true = 791, adv = 534
evaluating 704 of [700, 710)
attack: step 1/1, xent loss = 4.90153, l2 loss = 25.2109 (max 14.95), (true 35, predicted [36])
check failed
true = 35, adv = 36
evaluating 705 of [700, 710)
attack: step 1/1, xent loss = 0.75937, l2 loss = 12.6362 (max 14.95), (true 963, predicted [963])
true = 963, adv = 940
evaluating 706 of [700, 710)
attack: step 1/1, xent loss = 0.0409431, l2 loss = 0.602758 (max 14.95), (true 645, predicted [645])
true = 645, adv = 645
evaluating 707 of [700, 710)
attack: step 1/1, xent loss = 0.0693298, l2 loss = 18.1913 (max 14.95), (true 69, predicted [69])
check failed
true = 69, adv = 940
evaluating 708 of [700, 710)
attack: step 1/1, xent loss = 0.127044, l2 loss = 1.34885 (max 14.95), (true 242, predicted [242])
true = 242, adv = 242
evaluating 709 of [700, 710)
attack: step 1/1, xent loss = 0.0971682, l2 loss = 1.72337 (max 14.95), (true 746, predicted [746])
true = 746, adv = 746
Warning: Permanently added 'node221,192.168.10.221' (RSA) to the list of known hosts.
