2019-06-06 00:07:13.914247: I tensorflow/core/platform/cpu_feature_guard.cc:141] Your CPU supports instructions that this TensorFlow binary was not compiled to use: SSE4.1 SSE4.2 AVX AVX2 FMA
2019-06-06 00:07:14.361306: I tensorflow/core/platform/profile_utils/cpu_utils.cc:94] CPU Frequency: 2600230000 Hz
2019-06-06 00:07:14.370276: I tensorflow/compiler/xla/service/service.cc:150] XLA service 0x2aaae6d4aa50 executing computations on platform Host. Devices:
2019-06-06 00:07:14.370972: I tensorflow/compiler/xla/service/service.cc:158]   StreamExecutor device (0): <undefined>, <undefined>
2019-06-06 00:07:14.373314: I tensorflow/core/common_runtime/process_util.cc:71] Creating new thread pool with default inter op setting: 2. Tune using inter_op_parallelism_threads for best performance.
evaluating 290 of [290, 300)
attack: step 1/10, xent loss = 8.01996, l2 loss = 0 (max 14.95), (true 382, predicted [616])
attack: step 2/10, xent loss = 7.66763, l2 loss = 2.21363 (max 14.95), (true 382, predicted [616])
attack: step 3/10, xent loss = 6.88981, l2 loss = 3.33279 (max 14.95), (true 382, predicted [616])
attack: step 4/10, xent loss = 8.23319, l2 loss = 3.82431 (max 14.95), (true 382, predicted [701])
attack: step 5/10, xent loss = 7.38221, l2 loss = 4.34552 (max 14.95), (true 382, predicted [616])
attack: step 6/10, xent loss = 7.95601, l2 loss = 5.00431 (max 14.95), (true 382, predicted [701])
attack: step 7/10, xent loss = 7.40839, l2 loss = 5.33745 (max 14.95), (true 382, predicted [616])
attack: step 8/10, xent loss = 7.75446, l2 loss = 5.72778 (max 14.95), (true 382, predicted [616])
attack: step 9/10, xent loss = 7.73539, l2 loss = 6.51823 (max 14.95), (true 382, predicted [557])
attack: step 10/10, xent loss = 8.07258, l2 loss = 6.87771 (max 14.95), (true 382, predicted [616])
true = 382, adv = 616
evaluating 291 of [290, 300)
attack: step 1/10, xent loss = 8.95058, l2 loss = 0 (max 14.95), (true 120, predicted [830])
attack: step 2/10, xent loss = 8.53173, l2 loss = 5.93392 (max 14.95), (true 120, predicted [830])
attack: step 3/10, xent loss = 10.3455, l2 loss = 9.04585 (max 14.95), (true 120, predicted [830])
attack: step 4/10, xent loss = 9.11539, l2 loss = 12.2224 (max 14.95), (true 120, predicted [830])
attack: step 5/10, xent loss = 12.4455, l2 loss = 14.0049 (max 14.95), (true 120, predicted [830])
attack: step 6/10, xent loss = 10.7565, l2 loss = 16.2172 (max 14.95), (true 120, predicted [830])
attack: step 7/10, xent loss = 11.7326, l2 loss = 17.3936 (max 14.95), (true 120, predicted [830])
attack: step 8/10, xent loss = 10.9832, l2 loss = 19.9094 (max 14.95), (true 120, predicted [830])
attack: step 9/10, xent loss = 10.7408, l2 loss = 21.9481 (max 14.95), (true 120, predicted [830])
attack: step 10/10, xent loss = 8.38719, l2 loss = 23.2187 (max 14.95), (true 120, predicted [830])
check failed
true = 120, adv = 830
evaluating 292 of [290, 300)
attack: step 1/10, xent loss = 6.78677, l2 loss = 0 (max 14.95), (true 873, predicted [832])
attack: step 2/10, xent loss = 7.41706, l2 loss = 3.56668 (max 14.95), (true 873, predicted [879])
attack: step 3/10, xent loss = 6.70471, l2 loss = 5.53816 (max 14.95), (true 873, predicted [410])
attack: step 4/10, xent loss = 7.00403, l2 loss = 6.05725 (max 14.95), (true 873, predicted [478])
attack: step 5/10, xent loss = 7.75554, l2 loss = 6.62803 (max 14.95), (true 873, predicted [660])
attack: step 6/10, xent loss = 6.90612, l2 loss = 7.80885 (max 14.95), (true 873, predicted [879])
attack: step 7/10, xent loss = 8.12435, l2 loss = 8.79989 (max 14.95), (true 873, predicted [410])
attack: step 8/10, xent loss = 7.28452, l2 loss = 9.81715 (max 14.95), (true 873, predicted [879])
attack: step 9/10, xent loss = 8.73355, l2 loss = 10.4419 (max 14.95), (true 873, predicted [879])
attack: step 10/10, xent loss = 7.844, l2 loss = 12.7754 (max 14.95), (true 873, predicted [879])
true = 873, adv = 832
evaluating 293 of [290, 300)
attack: step 1/10, xent loss = 8.21617, l2 loss = 0 (max 14.95), (true 91, predicted [723])
attack: step 2/10, xent loss = 7.75563, l2 loss = 3.12716 (max 14.95), (true 91, predicted [723])
attack: step 3/10, xent loss = 7.71385, l2 loss = 4.29017 (max 14.95), (true 91, predicted [723])
attack: step 4/10, xent loss = 7.70103, l2 loss = 5.41738 (max 14.95), (true 91, predicted [599])
attack: step 5/10, xent loss = 8.22084, l2 loss = 6.69483 (max 14.95), (true 91, predicted [478])
attack: step 6/10, xent loss = 7.73091, l2 loss = 8.69905 (max 14.95), (true 91, predicted [723])
attack: step 7/10, xent loss = 7.38925, l2 loss = 9.29515 (max 14.95), (true 91, predicted [723])
attack: step 8/10, xent loss = 7.72368, l2 loss = 10.085 (max 14.95), (true 91, predicted [723])
attack: step 9/10, xent loss = 6.3739, l2 loss = 10.5727 (max 14.95), (true 91, predicted [478])
attack: step 10/10, xent loss = 7.76215, l2 loss = 11.3115 (max 14.95), (true 91, predicted [599])
true = 91, adv = 723
evaluating 294 of [290, 300)
attack: step 1/10, xent loss = 7.67639, l2 loss = 0 (max 14.95), (true 748, predicted [701])
attack: step 2/10, xent loss = 7.31313, l2 loss = 3.87942 (max 14.95), (true 748, predicted [701])
attack: step 3/10, xent loss = 7.56323, l2 loss = 6.67895 (max 14.95), (true 748, predicted [518])
attack: step 4/10, xent loss = 6.96378, l2 loss = 8.97452 (max 14.95), (true 748, predicted [518])
attack: step 5/10, xent loss = 8.55462, l2 loss = 11.2974 (max 14.95), (true 748, predicted [518])
attack: step 6/10, xent loss = 6.84779, l2 loss = 12.299 (max 14.95), (true 748, predicted [417])
attack: step 7/10, xent loss = 7.92649, l2 loss = 13.3948 (max 14.95), (true 748, predicted [701])
attack: step 8/10, xent loss = 7.85129, l2 loss = 14.0523 (max 14.95), (true 748, predicted [701])
attack: step 9/10, xent loss = 7.39468, l2 loss = 14.7437 (max 14.95), (true 748, predicted [518])
attack: step 10/10, xent loss = 7.24175, l2 loss = 15.7139 (max 14.95), (true 748, predicted [417])
check failed
true = 748, adv = 701
evaluating 295 of [290, 300)
attack: step 1/10, xent loss = 5.08248, l2 loss = 0 (max 14.95), (true 907, predicted [966])
attack: step 2/10, xent loss = 6.46107, l2 loss = 2.44071 (max 14.95), (true 907, predicted [966])
attack: step 3/10, xent loss = 3.82038, l2 loss = 3.55957 (max 14.95), (true 907, predicted [966])
attack: step 4/10, xent loss = 3.72412, l2 loss = 4.34986 (max 14.95), (true 907, predicted [966])
attack: step 5/10, xent loss = 4.33326, l2 loss = 5.14756 (max 14.95), (true 907, predicted [966])
attack: step 6/10, xent loss = 3.34455, l2 loss = 5.96798 (max 14.95), (true 907, predicted [966])
attack: step 7/10, xent loss = 2.73786, l2 loss = 6.5372 (max 14.95), (true 907, predicted [966])
attack: step 8/10, xent loss = 4.52531, l2 loss = 7.03402 (max 14.95), (true 907, predicted [966])
attack: step 9/10, xent loss = 3.9747, l2 loss = 7.70127 (max 14.95), (true 907, predicted [966])
attack: step 10/10, xent loss = 4.51183, l2 loss = 8.28928 (max 14.95), (true 907, predicted [966])
true = 907, adv = 966
evaluating 296 of [290, 300)
attack: step 1/10, xent loss = 8.05478, l2 loss = 0 (max 14.95), (true 22, predicted [879])
attack: step 2/10, xent loss = 8.8272, l2 loss = 3.84159 (max 14.95), (true 22, predicted [879])
attack: step 3/10, xent loss = 8.68571, l2 loss = 4.96313 (max 14.95), (true 22, predicted [728])
attack: step 4/10, xent loss = 8.21099, l2 loss = 5.9923 (max 14.95), (true 22, predicted [701])
attack: step 5/10, xent loss = 8.75055, l2 loss = 7.56593 (max 14.95), (true 22, predicted [701])
attack: step 6/10, xent loss = 8.04382, l2 loss = 8.17881 (max 14.95), (true 22, predicted [728])
attack: step 7/10, xent loss = 7.28195, l2 loss = 8.69788 (max 14.95), (true 22, predicted [701])
attack: step 8/10, xent loss = 8.9559, l2 loss = 9.58865 (max 14.95), (true 22, predicted [672])
attack: step 9/10, xent loss = 9.31895, l2 loss = 10.5847 (max 14.95), (true 22, predicted [879])
attack: step 10/10, xent loss = 9.15756, l2 loss = 10.972 (max 14.95), (true 22, predicted [879])
true = 22, adv = 728
evaluating 297 of [290, 300)
attack: step 1/10, xent loss = 8.02859, l2 loss = 0 (max 14.95), (true 792, predicted [478])
attack: step 2/10, xent loss = 6.99105, l2 loss = 5.21567 (max 14.95), (true 792, predicted [478])
attack: step 3/10, xent loss = 6.86327, l2 loss = 6.75011 (max 14.95), (true 792, predicted [463])
attack: step 4/10, xent loss = 7.31419, l2 loss = 8.47924 (max 14.95), (true 792, predicted [854])
attack: step 5/10, xent loss = 6.50568, l2 loss = 9.69562 (max 14.95), (true 792, predicted [728])
attack: step 6/10, xent loss = 5.58074, l2 loss = 10.3847 (max 14.95), (true 792, predicted [478])
attack: step 7/10, xent loss = 6.19444, l2 loss = 12.14 (max 14.95), (true 792, predicted [478])
attack: step 8/10, xent loss = 6.03818, l2 loss = 12.867 (max 14.95), (true 792, predicted [478])
attack: step 9/10, xent loss = 7.58581, l2 loss = 13.4632 (max 14.95), (true 792, predicted [478])
attack: step 10/10, xent loss = 5.78769, l2 loss = 13.9116 (max 14.95), (true 792, predicted [417])
check failed
true = 792, adv = 478
evaluating 298 of [290, 300)
attack: step 1/10, xent loss = 7.66436, l2 loss = 0 (max 14.95), (true 9, predicted [412])
attack: step 2/10, xent loss = 8.36643, l2 loss = 3.95586 (max 14.95), (true 9, predicted [478])
attack: step 3/10, xent loss = 7.25137, l2 loss = 5.3304 (max 14.95), (true 9, predicted [518])
attack: step 4/10, xent loss = 8.20653, l2 loss = 7.09504 (max 14.95), (true 9, predicted [518])
attack: step 5/10, xent loss = 7.62701, l2 loss = 8.18688 (max 14.95), (true 9, predicted [478])
attack: step 6/10, xent loss = 7.08498, l2 loss = 8.64137 (max 14.95), (true 9, predicted [478])
attack: step 7/10, xent loss = 5.84944, l2 loss = 9.10803 (max 14.95), (true 9, predicted [711])
attack: step 8/10, xent loss = 7.72879, l2 loss = 9.75988 (max 14.95), (true 9, predicted [478])
attack: step 9/10, xent loss = 7.18246, l2 loss = 10.0924 (max 14.95), (true 9, predicted [478])
attack: step 10/10, xent loss = 7.56666, l2 loss = 10.4328 (max 14.95), (true 9, predicted [684])
true = 9, adv = 478
evaluating 299 of [290, 300)
attack: step 1/10, xent loss = 7.4109, l2 loss = 0 (max 14.95), (true 825, predicted [879])
attack: step 2/10, xent loss = 7.84113, l2 loss = 1.65894 (max 14.95), (true 825, predicted [645])
attack: step 3/10, xent loss = 8.41047, l2 loss = 2.53841 (max 14.95), (true 825, predicted [543])
attack: step 4/10, xent loss = 7.10491, l2 loss = 3.04642 (max 14.95), (true 825, predicted [645])
attack: step 5/10, xent loss = 8.00135, l2 loss = 3.59802 (max 14.95), (true 825, predicted [645])
attack: step 6/10, xent loss = 7.09505, l2 loss = 3.91928 (max 14.95), (true 825, predicted [723])
attack: step 7/10, xent loss = 7.12703, l2 loss = 4.22752 (max 14.95), (true 825, predicted [645])
attack: step 8/10, xent loss = 7.35843, l2 loss = 4.53864 (max 14.95), (true 825, predicted [645])
attack: step 9/10, xent loss = 7.64179, l2 loss = 4.93621 (max 14.95), (true 825, predicted [723])
attack: step 10/10, xent loss = 6.42953, l2 loss = 5.20102 (max 14.95), (true 825, predicted [723])
true = 825, adv = 723
