2019-06-28 22:38:53.094458: I tensorflow/core/platform/cpu_feature_guard.cc:141] Your CPU supports instructions that this TensorFlow binary was not compiled to use: SSE4.1 SSE4.2 AVX AVX2 FMA
2019-06-28 22:38:53.322393: I tensorflow/core/platform/profile_utils/cpu_utils.cc:94] CPU Frequency: 2599940000 Hz
2019-06-28 22:38:53.440292: I tensorflow/compiler/xla/service/service.cc:150] XLA service 0x2aaae6d4a870 executing computations on platform Host. Devices:
2019-06-28 22:38:53.440332: I tensorflow/compiler/xla/service/service.cc:158]   StreamExecutor device (0): <undefined>, <undefined>
2019-06-28 22:38:53.440689: I tensorflow/core/common_runtime/process_util.cc:71] Creating new thread pool with default inter op setting: 2. Tune using inter_op_parallelism_threads for best performance.
evaluating 510 of [510, 520)
attack: step 1/10, xent loss = 0.0171787, l2 loss = 0.562645 (max 14.95), (true 610, predicted [610])
attack: step 2/10, xent loss = 0.0653082, l2 loss = 0.571306 (max 14.95), (true 610, predicted [610])
attack: step 3/10, xent loss = 0.0695289, l2 loss = 0.71184 (max 14.95), (true 610, predicted [610])
attack: step 4/10, xent loss = 0.0136291, l2 loss = 0.855311 (max 14.95), (true 610, predicted [610])
attack: step 5/10, xent loss = 0.0728155, l2 loss = 0.860944 (max 14.95), (true 610, predicted [610])
attack: step 6/10, xent loss = 0.0357246, l2 loss = 0.990566 (max 14.95), (true 610, predicted [610])
attack: step 7/10, xent loss = 0.0546579, l2 loss = 1.02664 (max 14.95), (true 610, predicted [610])
attack: step 8/10, xent loss = 0.0722349, l2 loss = 1.1241 (max 14.95), (true 610, predicted [610])
attack: step 9/10, xent loss = 0.0430619, l2 loss = 1.2511 (max 14.95), (true 610, predicted [610])
attack: step 10/10, xent loss = 0.0331803, l2 loss = 1.28077 (max 14.95), (true 610, predicted [610])
true = 610, adv = 610
evaluating 511 of [510, 520)
attack: step 1/10, xent loss = 10.2113, l2 loss = 12.9958 (max 14.95), (true 293, predicted [697])
attack: step 2/10, xent loss = 11.4804, l2 loss = 13.7676 (max 14.95), (true 293, predicted [697])
attack: step 3/10, xent loss = 9.88936, l2 loss = 14.2612 (max 14.95), (true 293, predicted [697])
attack: step 4/10, xent loss = 11.7513, l2 loss = 14.6776 (max 14.95), (true 293, predicted [697])
attack: step 5/10, xent loss = 10.8689, l2 loss = 15.2425 (max 14.95), (true 293, predicted [697])
attack: step 6/10, xent loss = 12.5818, l2 loss = 15.7869 (max 14.95), (true 293, predicted [697])
attack: step 7/10, xent loss = 12.3599, l2 loss = 16.3767 (max 14.95), (true 293, predicted [697])
attack: step 8/10, xent loss = 10.6879, l2 loss = 16.9484 (max 14.95), (true 293, predicted [697])
attack: step 9/10, xent loss = 13.8028, l2 loss = 17.2637 (max 14.95), (true 293, predicted [697])
attack: step 10/10, xent loss = 11.7299, l2 loss = 17.7109 (max 14.95), (true 293, predicted [697])
check failed
true = 293, adv = 697
evaluating 512 of [510, 520)
attack: step 1/10, xent loss = 8.60087, l2 loss = 18.3663 (max 14.95), (true 401, predicted [728])
attack: step 2/10, xent loss = 8.00179, l2 loss = 19.0564 (max 14.95), (true 401, predicted [728])
attack: step 3/10, xent loss = 8.22381, l2 loss = 19.3844 (max 14.95), (true 401, predicted [728])
attack: step 4/10, xent loss = 8.34564, l2 loss = 20.1683 (max 14.95), (true 401, predicted [728])
attack: step 5/10, xent loss = 10.4764, l2 loss = 20.6744 (max 14.95), (true 401, predicted [728])
attack: step 6/10, xent loss = 12.9203, l2 loss = 22.368 (max 14.95), (true 401, predicted [728])
attack: step 7/10, xent loss = 10.9683, l2 loss = 23.3367 (max 14.95), (true 401, predicted [728])
attack: step 8/10, xent loss = 10.8511, l2 loss = 24.326 (max 14.95), (true 401, predicted [728])
attack: step 9/10, xent loss = 10.8836, l2 loss = 25.3436 (max 14.95), (true 401, predicted [728])
attack: step 10/10, xent loss = 12.5728, l2 loss = 26.6652 (max 14.95), (true 401, predicted [728])
check failed
true = 401, adv = 728
evaluating 513 of [510, 520)
attack: step 1/10, xent loss = 6.35007, l2 loss = 14.2412 (max 14.95), (true 280, predicted [277])
attack: step 2/10, xent loss = 8.0772, l2 loss = 14.965 (max 14.95), (true 280, predicted [277])
attack: step 3/10, xent loss = 7.66739, l2 loss = 15.6698 (max 14.95), (true 280, predicted [277])
attack: step 4/10, xent loss = 7.01034, l2 loss = 16.225 (max 14.95), (true 280, predicted [277])
attack: step 5/10, xent loss = 8.57336, l2 loss = 16.8065 (max 14.95), (true 280, predicted [277])
attack: step 6/10, xent loss = 9.44763, l2 loss = 17.4831 (max 14.95), (true 280, predicted [277])
attack: step 7/10, xent loss = 8.52297, l2 loss = 18.1171 (max 14.95), (true 280, predicted [277])
attack: step 8/10, xent loss = 9.46228, l2 loss = 18.753 (max 14.95), (true 280, predicted [277])
attack: step 9/10, xent loss = 8.39628, l2 loss = 19.4402 (max 14.95), (true 280, predicted [277])
attack: step 10/10, xent loss = 9.45286, l2 loss = 20.6165 (max 14.95), (true 280, predicted [277])
check failed
true = 280, adv = 277
evaluating 514 of [510, 520)
attack: step 1/10, xent loss = 9.44726, l2 loss = 14.2576 (max 14.95), (true 773, predicted [899])
attack: step 2/10, xent loss = 9.56453, l2 loss = 15.2009 (max 14.95), (true 773, predicted [899])
attack: step 3/10, xent loss = 10.4413, l2 loss = 16.0947 (max 14.95), (true 773, predicted [899])
attack: step 4/10, xent loss = 12.1365, l2 loss = 16.8383 (max 14.95), (true 773, predicted [899])
attack: step 5/10, xent loss = 12.8996, l2 loss = 17.4151 (max 14.95), (true 773, predicted [899])
attack: step 6/10, xent loss = 12.1204, l2 loss = 18.024 (max 14.95), (true 773, predicted [899])
attack: step 7/10, xent loss = 13.3823, l2 loss = 18.7955 (max 14.95), (true 773, predicted [899])
attack: step 8/10, xent loss = 13.4854, l2 loss = 20.0107 (max 14.95), (true 773, predicted [899])
attack: step 9/10, xent loss = 13.7075, l2 loss = 20.5962 (max 14.95), (true 773, predicted [899])
attack: step 10/10, xent loss = 14.5713, l2 loss = 21.2379 (max 14.95), (true 773, predicted [899])
check failed
true = 773, adv = 899
evaluating 515 of [510, 520)
attack: step 1/10, xent loss = 3.68798, l2 loss = 9.95669 (max 14.95), (true 407, predicted [734])
attack: step 2/10, xent loss = 5.37021, l2 loss = 11.3036 (max 14.95), (true 407, predicted [734])
attack: step 3/10, xent loss = 4.98286, l2 loss = 12.1657 (max 14.95), (true 407, predicted [734])
attack: step 4/10, xent loss = 5.65275, l2 loss = 12.9097 (max 14.95), (true 407, predicted [734])
attack: step 5/10, xent loss = 4.599, l2 loss = 13.5392 (max 14.95), (true 407, predicted [734])
attack: step 6/10, xent loss = 5.40904, l2 loss = 14.4324 (max 14.95), (true 407, predicted [734])
attack: step 7/10, xent loss = 6.62083, l2 loss = 15.0108 (max 14.95), (true 407, predicted [734])
attack: step 8/10, xent loss = 5.645, l2 loss = 15.5531 (max 14.95), (true 407, predicted [734])
attack: step 9/10, xent loss = 6.18438, l2 loss = 16.1705 (max 14.95), (true 407, predicted [734])
attack: step 10/10, xent loss = 7.6568, l2 loss = 16.718 (max 14.95), (true 407, predicted [734])
check failed
true = 407, adv = 734
evaluating 516 of [510, 520)
attack: step 1/10, xent loss = 0.0197948, l2 loss = 0.530906 (max 14.95), (true 506, predicted [506])
attack: step 2/10, xent loss = 0.0552942, l2 loss = 0.541662 (max 14.95), (true 506, predicted [506])
attack: step 3/10, xent loss = 0.0481079, l2 loss = 0.644461 (max 14.95), (true 506, predicted [506])
attack: step 4/10, xent loss = 0.0475434, l2 loss = 0.687944 (max 14.95), (true 506, predicted [506])
attack: step 5/10, xent loss = 0.0215311, l2 loss = 0.754407 (max 14.95), (true 506, predicted [506])
attack: step 6/10, xent loss = 0.0815787, l2 loss = 0.771915 (max 14.95), (true 506, predicted [506])
attack: step 7/10, xent loss = 0.0863855, l2 loss = 0.914454 (max 14.95), (true 506, predicted [506])
attack: step 8/10, xent loss = 0.0246321, l2 loss = 1.03434 (max 14.95), (true 506, predicted [506])
attack: step 9/10, xent loss = 0.0345835, l2 loss = 1.05105 (max 14.95), (true 506, predicted [506])
attack: step 10/10, xent loss = 0.0752314, l2 loss = 1.08179 (max 14.95), (true 506, predicted [506])
true = 506, adv = 506
evaluating 517 of [510, 520)
attack: step 1/10, xent loss = 28.6207, l2 loss = 28.7827 (max 14.95), (true 284, predicted [728])
attack: step 2/10, xent loss = 31.9673, l2 loss = 29.8573 (max 14.95), (true 284, predicted [728])
attack: step 3/10, xent loss = 31.8425, l2 loss = 31.1976 (max 14.95), (true 284, predicted [728])
attack: step 4/10, xent loss = 30.6385, l2 loss = 32.3249 (max 14.95), (true 284, predicted [728])
attack: step 5/10, xent loss = 29.9868, l2 loss = 33.2794 (max 14.95), (true 284, predicted [728])
attack: step 6/10, xent loss = 32.9945, l2 loss = 34.3199 (max 14.95), (true 284, predicted [728])
attack: step 7/10, xent loss = 34.6399, l2 loss = 35.4453 (max 14.95), (true 284, predicted [728])
attack: step 8/10, xent loss = 35.3274, l2 loss = 36.3441 (max 14.95), (true 284, predicted [728])
attack: step 9/10, xent loss = 35.0776, l2 loss = 37.404 (max 14.95), (true 284, predicted [728])
attack: step 10/10, xent loss = 36.4913, l2 loss = 38.1619 (max 14.95), (true 284, predicted [728])
check failed
true = 284, adv = 728
evaluating 518 of [510, 520)
attack: step 1/10, xent loss = 0.251185, l2 loss = 2.12103 (max 14.95), (true 904, predicted [904])
attack: step 2/10, xent loss = 0.153804, l2 loss = 2.1808 (max 14.95), (true 904, predicted [904])
attack: step 3/10, xent loss = 0.259225, l2 loss = 2.20801 (max 14.95), (true 904, predicted [904])
attack: step 4/10, xent loss = 0.18797, l2 loss = 2.28927 (max 14.95), (true 904, predicted [904])
attack: step 5/10, xent loss = 0.478272, l2 loss = 2.33061 (max 14.95), (true 904, predicted [904])
attack: step 6/10, xent loss = 0.341542, l2 loss = 2.47201 (max 14.95), (true 904, predicted [904])
attack: step 7/10, xent loss = 0.185241, l2 loss = 2.56125 (max 14.95), (true 904, predicted [904])
attack: step 8/10, xent loss = 0.192013, l2 loss = 2.58671 (max 14.95), (true 904, predicted [904])
attack: step 9/10, xent loss = 0.296666, l2 loss = 2.6162 (max 14.95), (true 904, predicted [904])
attack: step 10/10, xent loss = 0.504917, l2 loss = 2.69515 (max 14.95), (true 904, predicted [904])
true = 904, adv = 904
evaluating 519 of [510, 520)
attack: step 1/10, xent loss = 20.3314, l2 loss = 28.4054 (max 14.95), (true 537, predicted [728])
attack: step 2/10, xent loss = 20.3385, l2 loss = 29.6874 (max 14.95), (true 537, predicted [728])
attack: step 3/10, xent loss = 19.5908, l2 loss = 30.9521 (max 14.95), (true 537, predicted [728])
attack: step 4/10, xent loss = 18.6143, l2 loss = 31.8148 (max 14.95), (true 537, predicted [728])
attack: step 5/10, xent loss = 18.8948, l2 loss = 32.8259 (max 14.95), (true 537, predicted [728])
attack: step 6/10, xent loss = 23.6799, l2 loss = 33.6765 (max 14.95), (true 537, predicted [728])
attack: step 7/10, xent loss = 25.416, l2 loss = 34.7091 (max 14.95), (true 537, predicted [728])
attack: step 8/10, xent loss = 23.2524, l2 loss = 35.6238 (max 14.95), (true 537, predicted [728])
attack: step 9/10, xent loss = 23.7923, l2 loss = 36.5432 (max 14.95), (true 537, predicted [728])
attack: step 10/10, xent loss = 19.4125, l2 loss = 37.9641 (max 14.95), (true 537, predicted [728])
check failed
true = 537, adv = 728
