2019-05-24 19:52:29.361978: I tensorflow/core/platform/cpu_feature_guard.cc:141] Your CPU supports instructions that this TensorFlow binary was not compiled to use: SSE4.1 SSE4.2 AVX AVX2 FMA
2019-05-24 19:52:29.458645: I tensorflow/core/platform/profile_utils/cpu_utils.cc:94] CPU Frequency: 2599935000 Hz
2019-05-24 19:52:29.472813: I tensorflow/compiler/xla/service/service.cc:150] XLA service 0x2aaae6bc1120 executing computations on platform Host. Devices:
2019-05-24 19:52:29.472853: I tensorflow/compiler/xla/service/service.cc:158]   StreamExecutor device (0): <undefined>, <undefined>
2019-05-24 19:52:29.473188: I tensorflow/core/common_runtime/process_util.cc:71] Creating new thread pool with default inter op setting: 2. Tune using inter_op_parallelism_threads for best performance.
evaluating 890 of [890, 900)
attack: step 1/10, xent loss = 7.04538, l2 loss = 0 (max 14.95), (true 633, predicted [837])
attack: step 2/10, xent loss = 6.70042, l2 loss = 4.57415 (max 14.95), (true 633, predicted [837])
attack: step 3/10, xent loss = 5.66305, l2 loss = 6.34998 (max 14.95), (true 633, predicted [837])
attack: step 4/10, xent loss = 8.93324, l2 loss = 8.05662 (max 14.95), (true 633, predicted [735])
attack: step 5/10, xent loss = 9.94494, l2 loss = 8.8568 (max 14.95), (true 633, predicted [837])
attack: step 6/10, xent loss = 9.79328, l2 loss = 9.63561 (max 14.95), (true 633, predicted [837])
attack: step 7/10, xent loss = 11.558, l2 loss = 10.8034 (max 14.95), (true 633, predicted [837])
attack: step 8/10, xent loss = 11.847, l2 loss = 11.7072 (max 14.95), (true 633, predicted [837])
attack: step 9/10, xent loss = 10.4786, l2 loss = 12.4773 (max 14.95), (true 633, predicted [837])
attack: step 10/10, xent loss = 10.5683, l2 loss = 14.0071 (max 14.95), (true 633, predicted [837])
check failed
true = 633, adv = 837
evaluating 891 of [890, 900)
attack: step 1/10, xent loss = 5.29891, l2 loss = 0 (max 14.95), (true 533, predicted [728])
attack: step 2/10, xent loss = 6.94221, l2 loss = 4.25659 (max 14.95), (true 533, predicted [728])
attack: step 3/10, xent loss = 7.23549, l2 loss = 5.8426 (max 14.95), (true 533, predicted [728])
attack: step 4/10, xent loss = 8.04611, l2 loss = 8.88745 (max 14.95), (true 533, predicted [728])
attack: step 5/10, xent loss = 12.6976, l2 loss = 9.89056 (max 14.95), (true 533, predicted [728])
attack: step 6/10, xent loss = 12.9896, l2 loss = 12.9221 (max 14.95), (true 533, predicted [728])
attack: step 7/10, xent loss = 13.219, l2 loss = 15.3023 (max 14.95), (true 533, predicted [728])
attack: step 8/10, xent loss = 14.3713, l2 loss = 17.7463 (max 14.95), (true 533, predicted [728])
attack: step 9/10, xent loss = 15.4055, l2 loss = 19.7683 (max 14.95), (true 533, predicted [728])
attack: step 10/10, xent loss = 19.2842, l2 loss = 21.4092 (max 14.95), (true 533, predicted [728])
check failed
true = 533, adv = 728
evaluating 892 of [890, 900)
attack: step 1/10, xent loss = 0.829278, l2 loss = 0 (max 14.95), (true 521, predicted [521])
attack: step 2/10, xent loss = 0.292574, l2 loss = 2.51909 (max 14.95), (true 521, predicted [521])
attack: step 3/10, xent loss = 0.381712, l2 loss = 2.75377 (max 14.95), (true 521, predicted [521])
attack: step 4/10, xent loss = 0.343444, l2 loss = 3.0458 (max 14.95), (true 521, predicted [521])
attack: step 5/10, xent loss = 0.978272, l2 loss = 3.32154 (max 14.95), (true 521, predicted [521])
attack: step 6/10, xent loss = 0.786063, l2 loss = 4.388 (max 14.95), (true 521, predicted [521])
attack: step 7/10, xent loss = 0.736325, l2 loss = 5.06013 (max 14.95), (true 521, predicted [521])
attack: step 8/10, xent loss = 1.22545, l2 loss = 5.72399 (max 14.95), (true 521, predicted [521])
attack: step 9/10, xent loss = 1.27839, l2 loss = 6.48104 (max 14.95), (true 521, predicted [521])
attack: step 10/10, xent loss = 1.12184, l2 loss = 7.33613 (max 14.95), (true 521, predicted [521])
true = 521, adv = 463
evaluating 893 of [890, 900)
attack: step 1/10, xent loss = 1.15633, l2 loss = 0 (max 14.95), (true 523, predicted [523])
attack: step 2/10, xent loss = 3.2605, l2 loss = 3.45678 (max 14.95), (true 523, predicted [694])
attack: step 3/10, xent loss = 1.7807, l2 loss = 6.4994 (max 14.95), (true 523, predicted [523])
attack: step 4/10, xent loss = 3.40099, l2 loss = 7.71753 (max 14.95), (true 523, predicted [694])
attack: step 5/10, xent loss = 3.55526, l2 loss = 9.36106 (max 14.95), (true 523, predicted [612])
attack: step 6/10, xent loss = 5.69353, l2 loss = 10.57 (max 14.95), (true 523, predicted [694])
attack: step 7/10, xent loss = 3.58301, l2 loss = 11.3248 (max 14.95), (true 523, predicted [694])
attack: step 8/10, xent loss = 5.17256, l2 loss = 12.5114 (max 14.95), (true 523, predicted [694])
attack: step 9/10, xent loss = 5.17893, l2 loss = 13.5318 (max 14.95), (true 523, predicted [612])
attack: step 10/10, xent loss = 6.6144, l2 loss = 14.3627 (max 14.95), (true 523, predicted [612])
check failed
true = 523, adv = 516
evaluating 894 of [890, 900)
attack: step 1/10, xent loss = 1.51095, l2 loss = 0 (max 14.95), (true 263, predicted [253])
attack: step 2/10, xent loss = 6.18142, l2 loss = 4.23646 (max 14.95), (true 263, predicted [253])
attack: step 3/10, xent loss = 5.07068, l2 loss = 8.35695 (max 14.95), (true 263, predicted [253])
attack: step 4/10, xent loss = 5.44617, l2 loss = 9.92903 (max 14.95), (true 263, predicted [253])
attack: step 5/10, xent loss = 8.76686, l2 loss = 11.685 (max 14.95), (true 263, predicted [253])
attack: step 6/10, xent loss = 9.36961, l2 loss = 12.953 (max 14.95), (true 263, predicted [253])
attack: step 7/10, xent loss = 10.3218, l2 loss = 14.0909 (max 14.95), (true 263, predicted [253])
attack: step 8/10, xent loss = 12.9999, l2 loss = 15.1261 (max 14.95), (true 263, predicted [253])
attack: step 9/10, xent loss = 10.8157, l2 loss = 15.7828 (max 14.95), (true 263, predicted [253])
attack: step 10/10, xent loss = 11.477, l2 loss = 16.6222 (max 14.95), (true 263, predicted [253])
check failed
true = 263, adv = 253
evaluating 895 of [890, 900)
attack: step 1/10, xent loss = 10.2127, l2 loss = 0 (max 14.95), (true 262, predicted [552])
attack: step 2/10, xent loss = 9.7329, l2 loss = 4.96631 (max 14.95), (true 262, predicted [552])
attack: step 3/10, xent loss = 9.87969, l2 loss = 14.1202 (max 14.95), (true 262, predicted [728])
attack: step 4/10, xent loss = 11.2913, l2 loss = 14.9156 (max 14.95), (true 262, predicted [552])
attack: step 5/10, xent loss = 13.8345, l2 loss = 15.7702 (max 14.95), (true 262, predicted [728])
attack: step 6/10, xent loss = 11.8408, l2 loss = 17.6597 (max 14.95), (true 262, predicted [728])
attack: step 7/10, xent loss = 15.4146, l2 loss = 21.7999 (max 14.95), (true 262, predicted [728])
attack: step 8/10, xent loss = 16.2178, l2 loss = 23.3919 (max 14.95), (true 262, predicted [728])
attack: step 9/10, xent loss = 17.8401, l2 loss = 24.9121 (max 14.95), (true 262, predicted [728])
attack: step 10/10, xent loss = 22.0073, l2 loss = 26.16 (max 14.95), (true 262, predicted [728])
check failed
true = 262, adv = 728
evaluating 896 of [890, 900)
attack: step 1/10, xent loss = 7.98146, l2 loss = 0 (max 14.95), (true 958, predicted [978])
attack: step 2/10, xent loss = 7.5501, l2 loss = 2.85723 (max 14.95), (true 958, predicted [437])
attack: step 3/10, xent loss = 8.26376, l2 loss = 4.94571 (max 14.95), (true 958, predicted [437])
attack: step 4/10, xent loss = 8.09226, l2 loss = 5.75959 (max 14.95), (true 958, predicted [437])
attack: step 5/10, xent loss = 8.37663, l2 loss = 6.34064 (max 14.95), (true 958, predicted [437])
attack: step 6/10, xent loss = 8.35922, l2 loss = 7.01519 (max 14.95), (true 958, predicted [978])
attack: step 7/10, xent loss = 8.72343, l2 loss = 7.73265 (max 14.95), (true 958, predicted [437])
attack: step 8/10, xent loss = 8.12701, l2 loss = 8.47962 (max 14.95), (true 958, predicted [437])
attack: step 9/10, xent loss = 9.09354, l2 loss = 8.8682 (max 14.95), (true 958, predicted [437])
attack: step 10/10, xent loss = 8.59581, l2 loss = 9.29093 (max 14.95), (true 958, predicted [682])
true = 958, adv = 728
evaluating 897 of [890, 900)
attack: step 1/10, xent loss = 1.38577, l2 loss = 0 (max 14.95), (true 995, predicted [995])
attack: step 2/10, xent loss = 1.66416, l2 loss = 3.55999 (max 14.95), (true 995, predicted [728])
attack: step 3/10, xent loss = 5.19172, l2 loss = 5.83362 (max 14.95), (true 995, predicted [728])
attack: step 4/10, xent loss = 10.7406, l2 loss = 9.87703 (max 14.95), (true 995, predicted [728])
attack: step 5/10, xent loss = 7.01342, l2 loss = 12.5467 (max 14.95), (true 995, predicted [728])
attack: step 6/10, xent loss = 8.52174, l2 loss = 14.4617 (max 14.95), (true 995, predicted [728])
attack: step 7/10, xent loss = 9.39834, l2 loss = 16.2693 (max 14.95), (true 995, predicted [728])
attack: step 8/10, xent loss = 9.90697, l2 loss = 17.6148 (max 14.95), (true 995, predicted [728])
attack: step 9/10, xent loss = 10.9668, l2 loss = 19.3309 (max 14.95), (true 995, predicted [728])
attack: step 10/10, xent loss = 13.7683, l2 loss = 20.8891 (max 14.95), (true 995, predicted [728])
check failed
true = 995, adv = 728
evaluating 898 of [890, 900)
attack: step 1/10, xent loss = 2.81941, l2 loss = 0 (max 14.95), (true 809, predicted [659])
attack: step 2/10, xent loss = 3.74845, l2 loss = 3.61942 (max 14.95), (true 809, predicted [659])
attack: step 3/10, xent loss = 3.07658, l2 loss = 4.93128 (max 14.95), (true 809, predicted [968])
attack: step 4/10, xent loss = 3.47502, l2 loss = 5.82955 (max 14.95), (true 809, predicted [659])
attack: step 5/10, xent loss = 3.04035, l2 loss = 6.69047 (max 14.95), (true 809, predicted [659])
attack: step 6/10, xent loss = 5.43085, l2 loss = 7.50532 (max 14.95), (true 809, predicted [659])
attack: step 7/10, xent loss = 5.09456, l2 loss = 8.45045 (max 14.95), (true 809, predicted [968])
attack: step 8/10, xent loss = 5.79718, l2 loss = 9.32384 (max 14.95), (true 809, predicted [968])
attack: step 9/10, xent loss = 6.8219, l2 loss = 10.378 (max 14.95), (true 809, predicted [412])
attack: step 10/10, xent loss = 7.22835, l2 loss = 11.6925 (max 14.95), (true 809, predicted [412])
true = 809, adv = 412
evaluating 899 of [890, 900)
attack: step 1/10, xent loss = 6.05634, l2 loss = 0 (max 14.95), (true 58, predicted [723])
attack: step 2/10, xent loss = 5.64344, l2 loss = 4.41556 (max 14.95), (true 58, predicted [723])
attack: step 3/10, xent loss = 6.22761, l2 loss = 5.05241 (max 14.95), (true 58, predicted [723])
attack: step 4/10, xent loss = 6.54573, l2 loss = 7.573 (max 14.95), (true 58, predicted [723])
attack: step 5/10, xent loss = 8.86203, l2 loss = 8.22138 (max 14.95), (true 58, predicted [723])
attack: step 6/10, xent loss = 8.88824, l2 loss = 10.2542 (max 14.95), (true 58, predicted [723])
attack: step 7/10, xent loss = 7.15275, l2 loss = 12.418 (max 14.95), (true 58, predicted [723])
attack: step 8/10, xent loss = 12.4805, l2 loss = 14.2832 (max 14.95), (true 58, predicted [723])
attack: step 9/10, xent loss = 13.0309, l2 loss = 15.4327 (max 14.95), (true 58, predicted [723])
attack: step 10/10, xent loss = 11.5035, l2 loss = 16.6043 (max 14.95), (true 58, predicted [723])
check failed
true = 58, adv = 723
