2019-06-27 14:33:25.727826: I tensorflow/core/platform/cpu_feature_guard.cc:141] Your CPU supports instructions that this TensorFlow binary was not compiled to use: SSE4.1 SSE4.2 AVX AVX2 FMA
2019-06-27 14:33:25.963675: I tensorflow/core/platform/profile_utils/cpu_utils.cc:94] CPU Frequency: 2600020000 Hz
2019-06-27 14:33:25.966953: I tensorflow/compiler/xla/service/service.cc:150] XLA service 0x2aaae6fbd750 executing computations on platform Host. Devices:
2019-06-27 14:33:25.967191: I tensorflow/compiler/xla/service/service.cc:158]   StreamExecutor device (0): <undefined>, <undefined>
2019-06-27 14:33:25.969771: I tensorflow/core/common_runtime/process_util.cc:71] Creating new thread pool with default inter op setting: 2. Tune using inter_op_parallelism_threads for best performance.
evaluating 280 of [280, 290)
attack: step 1/10, xent loss = 7.67362, l2 loss = 11.8851 (max 14.95), (true 574, predicted [722])
attack: step 2/10, xent loss = 10.6332, l2 loss = 12.6537 (max 14.95), (true 574, predicted [722])
attack: step 3/10, xent loss = 9.04373, l2 loss = 13.2765 (max 14.95), (true 574, predicted [722])
attack: step 4/10, xent loss = 10.9516, l2 loss = 14.0701 (max 14.95), (true 574, predicted [722])
attack: step 5/10, xent loss = 11.414, l2 loss = 14.8419 (max 14.95), (true 574, predicted [722])
attack: step 6/10, xent loss = 10.584, l2 loss = 15.3744 (max 14.95), (true 574, predicted [722])
attack: step 7/10, xent loss = 11.6549, l2 loss = 16.0848 (max 14.95), (true 574, predicted [722])
attack: step 8/10, xent loss = 9.28447, l2 loss = 16.7123 (max 14.95), (true 574, predicted [722])
attack: step 9/10, xent loss = 11.3045, l2 loss = 17.4416 (max 14.95), (true 574, predicted [722])
attack: step 10/10, xent loss = 11.3579, l2 loss = 18.0308 (max 14.95), (true 574, predicted [722])
check failed
true = 574, adv = 722
evaluating 281 of [280, 290)
attack: step 1/10, xent loss = 4.26972, l2 loss = 8.92117 (max 14.95), (true 271, predicted [277])
attack: step 2/10, xent loss = 4.4461, l2 loss = 9.51011 (max 14.95), (true 271, predicted [277])
attack: step 3/10, xent loss = 5.53312, l2 loss = 9.89196 (max 14.95), (true 271, predicted [277])
attack: step 4/10, xent loss = 4.77298, l2 loss = 10.4163 (max 14.95), (true 271, predicted [277])
attack: step 5/10, xent loss = 5.34138, l2 loss = 10.8566 (max 14.95), (true 271, predicted [278])
attack: step 6/10, xent loss = 5.67067, l2 loss = 11.328 (max 14.95), (true 271, predicted [278])
attack: step 7/10, xent loss = 6.70339, l2 loss = 11.8779 (max 14.95), (true 271, predicted [277])
attack: step 8/10, xent loss = 4.56993, l2 loss = 12.2145 (max 14.95), (true 271, predicted [278])
attack: step 9/10, xent loss = 6.39513, l2 loss = 12.7756 (max 14.95), (true 271, predicted [278])
attack: step 10/10, xent loss = 6.27403, l2 loss = 13.0759 (max 14.95), (true 271, predicted [277])
true = 271, adv = 277
evaluating 282 of [280, 290)
attack: step 1/10, xent loss = 0.115095, l2 loss = 0.494074 (max 14.95), (true 141, predicted [141])
attack: step 2/10, xent loss = 0.0824104, l2 loss = 0.55165 (max 14.95), (true 141, predicted [141])
attack: step 3/10, xent loss = 0.10108, l2 loss = 0.595342 (max 14.95), (true 141, predicted [141])
attack: step 4/10, xent loss = 0.0970781, l2 loss = 0.647268 (max 14.95), (true 141, predicted [141])
attack: step 5/10, xent loss = 0.0574767, l2 loss = 0.701875 (max 14.95), (true 141, predicted [141])
attack: step 6/10, xent loss = 0.0975357, l2 loss = 0.723376 (max 14.95), (true 141, predicted [141])
attack: step 7/10, xent loss = 0.107801, l2 loss = 0.782131 (max 14.95), (true 141, predicted [141])
attack: step 8/10, xent loss = 0.103235, l2 loss = 0.84158 (max 14.95), (true 141, predicted [141])
attack: step 9/10, xent loss = 0.0992693, l2 loss = 0.887428 (max 14.95), (true 141, predicted [141])
attack: step 10/10, xent loss = 0.0753736, l2 loss = 0.935072 (max 14.95), (true 141, predicted [141])
true = 141, adv = 141
evaluating 283 of [280, 290)
attack: step 1/10, xent loss = 15.6106, l2 loss = 18.1107 (max 14.95), (true 784, predicted [438])
attack: step 2/10, xent loss = 17.3319, l2 loss = 18.9941 (max 14.95), (true 784, predicted [438])
attack: step 3/10, xent loss = 15.6627, l2 loss = 20.1135 (max 14.95), (true 784, predicted [438])
attack: step 4/10, xent loss = 16.4173, l2 loss = 21.8822 (max 14.95), (true 784, predicted [438])
attack: step 5/10, xent loss = 16.0433, l2 loss = 22.3841 (max 14.95), (true 784, predicted [438])
attack: step 6/10, xent loss = 18.272, l2 loss = 23.3079 (max 14.95), (true 784, predicted [438])
attack: step 7/10, xent loss = 18.0037, l2 loss = 23.8776 (max 14.95), (true 784, predicted [438])
attack: step 8/10, xent loss = 19.3741, l2 loss = 24.5503 (max 14.95), (true 784, predicted [438])
attack: step 9/10, xent loss = 16.8659, l2 loss = 25.4644 (max 14.95), (true 784, predicted [438])
attack: step 10/10, xent loss = 21.0964, l2 loss = 25.9618 (max 14.95), (true 784, predicted [438])
check failed
true = 784, adv = 438
evaluating 284 of [280, 290)
attack: step 1/10, xent loss = 5.77404, l2 loss = 10.1898 (max 14.95), (true 673, predicted [797])
attack: step 2/10, xent loss = 6.54672, l2 loss = 11.0496 (max 14.95), (true 673, predicted [770])
attack: step 3/10, xent loss = 7.1592, l2 loss = 12.0035 (max 14.95), (true 673, predicted [770])
attack: step 4/10, xent loss = 8.11582, l2 loss = 12.8854 (max 14.95), (true 673, predicted [770])
attack: step 5/10, xent loss = 9.94302, l2 loss = 13.7305 (max 14.95), (true 673, predicted [770])
attack: step 6/10, xent loss = 13.1799, l2 loss = 15.62 (max 14.95), (true 673, predicted [770])
attack: step 7/10, xent loss = 17.5603, l2 loss = 17.1432 (max 14.95), (true 673, predicted [770])
attack: step 8/10, xent loss = 16.6462, l2 loss = 19.1469 (max 14.95), (true 673, predicted [770])
attack: step 9/10, xent loss = 17.9823, l2 loss = 20.733 (max 14.95), (true 673, predicted [770])
attack: step 10/10, xent loss = 19.1116, l2 loss = 22.1243 (max 14.95), (true 673, predicted [770])
check failed
true = 673, adv = 770
evaluating 285 of [280, 290)
attack: step 1/10, xent loss = 20.7273, l2 loss = 25.6772 (max 14.95), (true 343, predicted [728])
attack: step 2/10, xent loss = 25.1689, l2 loss = 26.6706 (max 14.95), (true 343, predicted [728])
attack: step 3/10, xent loss = 25.8175, l2 loss = 27.7464 (max 14.95), (true 343, predicted [728])
attack: step 4/10, xent loss = 28.199, l2 loss = 28.8467 (max 14.95), (true 343, predicted [728])
attack: step 5/10, xent loss = 21.36, l2 loss = 29.9342 (max 14.95), (true 343, predicted [728])
attack: step 6/10, xent loss = 25.7955, l2 loss = 31.1486 (max 14.95), (true 343, predicted [728])
attack: step 7/10, xent loss = 24.8371, l2 loss = 32.0023 (max 14.95), (true 343, predicted [728])
attack: step 8/10, xent loss = 28.3776, l2 loss = 32.9245 (max 14.95), (true 343, predicted [728])
attack: step 9/10, xent loss = 28.2364, l2 loss = 33.95 (max 14.95), (true 343, predicted [728])
attack: step 10/10, xent loss = 31.3626, l2 loss = 35.0081 (max 14.95), (true 343, predicted [728])
check failed
true = 343, adv = 728
evaluating 286 of [280, 290)
attack: step 1/10, xent loss = 11.1014, l2 loss = 13.9289 (max 14.95), (true 882, predicted [796])
attack: step 2/10, xent loss = 10.683, l2 loss = 15.2275 (max 14.95), (true 882, predicted [570])
attack: step 3/10, xent loss = 12.8811, l2 loss = 16.6107 (max 14.95), (true 882, predicted [796])
attack: step 4/10, xent loss = 14.7212, l2 loss = 18.0866 (max 14.95), (true 882, predicted [796])
attack: step 5/10, xent loss = 14.5997, l2 loss = 19.1068 (max 14.95), (true 882, predicted [796])
attack: step 6/10, xent loss = 15.1832, l2 loss = 20.1674 (max 14.95), (true 882, predicted [796])
attack: step 7/10, xent loss = 18.6125, l2 loss = 21.2394 (max 14.95), (true 882, predicted [796])
attack: step 8/10, xent loss = 17.4065, l2 loss = 22.5184 (max 14.95), (true 882, predicted [796])
attack: step 9/10, xent loss = 16.2174, l2 loss = 23.2311 (max 14.95), (true 882, predicted [796])
attack: step 10/10, xent loss = 20.1488, l2 loss = 24.15 (max 14.95), (true 882, predicted [796])
check failed
true = 882, adv = 796
evaluating 287 of [280, 290)
attack: step 1/10, xent loss = 8.66461, l2 loss = 11.4216 (max 14.95), (true 452, predicted [645])
attack: step 2/10, xent loss = 10.6189, l2 loss = 11.8991 (max 14.95), (true 452, predicted [645])
attack: step 3/10, xent loss = 10.311, l2 loss = 12.6149 (max 14.95), (true 452, predicted [645])
attack: step 4/10, xent loss = 13.0301, l2 loss = 13.5421 (max 14.95), (true 452, predicted [645])
attack: step 5/10, xent loss = 11.1341, l2 loss = 14.1547 (max 14.95), (true 452, predicted [645])
attack: step 6/10, xent loss = 12.8114, l2 loss = 14.8643 (max 14.95), (true 452, predicted [645])
attack: step 7/10, xent loss = 11.3653, l2 loss = 15.6582 (max 14.95), (true 452, predicted [645])
attack: step 8/10, xent loss = 14.5815, l2 loss = 16.3405 (max 14.95), (true 452, predicted [645])
attack: step 9/10, xent loss = 13.4684, l2 loss = 16.891 (max 14.95), (true 452, predicted [645])
attack: step 10/10, xent loss = 15.0138, l2 loss = 17.6004 (max 14.95), (true 452, predicted [645])
check failed
true = 452, adv = 645
evaluating 288 of [280, 290)
attack: step 1/10, xent loss = 0.254127, l2 loss = 1.38635 (max 14.95), (true 129, predicted [129])
attack: step 2/10, xent loss = 0.143241, l2 loss = 1.62873 (max 14.95), (true 129, predicted [129])
attack: step 3/10, xent loss = 0.221081, l2 loss = 1.69498 (max 14.95), (true 129, predicted [129])
attack: step 4/10, xent loss = 0.105962, l2 loss = 1.79139 (max 14.95), (true 129, predicted [129])
attack: step 5/10, xent loss = 0.322537, l2 loss = 1.82242 (max 14.95), (true 129, predicted [129])
attack: step 6/10, xent loss = 0.367671, l2 loss = 2.10604 (max 14.95), (true 129, predicted [129])
attack: step 7/10, xent loss = 0.391558, l2 loss = 2.41347 (max 14.95), (true 129, predicted [129])
attack: step 8/10, xent loss = 0.279084, l2 loss = 2.69285 (max 14.95), (true 129, predicted [129])
attack: step 9/10, xent loss = 0.86567, l2 loss = 2.87566 (max 14.95), (true 129, predicted [728])
attack: step 10/10, xent loss = 1.4957, l2 loss = 5.35659 (max 14.95), (true 129, predicted [728])
true = 129, adv = 728
evaluating 289 of [280, 290)
attack: step 1/10, xent loss = 18.3588, l2 loss = 19.6604 (max 14.95), (true 923, predicted [728])
attack: step 2/10, xent loss = 19.9661, l2 loss = 20.8808 (max 14.95), (true 923, predicted [728])
attack: step 3/10, xent loss = 18.157, l2 loss = 22.0491 (max 14.95), (true 923, predicted [728])
attack: step 4/10, xent loss = 18.8394, l2 loss = 22.9275 (max 14.95), (true 923, predicted [728])
attack: step 5/10, xent loss = 20.3152, l2 loss = 24.0305 (max 14.95), (true 923, predicted [728])
attack: step 6/10, xent loss = 20.9419, l2 loss = 25.0371 (max 14.95), (true 923, predicted [728])
attack: step 7/10, xent loss = 25.7449, l2 loss = 25.9434 (max 14.95), (true 923, predicted [728])
attack: step 8/10, xent loss = 24.5531, l2 loss = 26.96 (max 14.95), (true 923, predicted [728])
attack: step 9/10, xent loss = 26.0506, l2 loss = 27.9752 (max 14.95), (true 923, predicted [728])
attack: step 10/10, xent loss = 24.5078, l2 loss = 28.8121 (max 14.95), (true 923, predicted [728])
check failed
true = 923, adv = 728
