2019-05-23 18:01:23.618139: I tensorflow/core/platform/cpu_feature_guard.cc:141] Your CPU supports instructions that this TensorFlow binary was not compiled to use: SSE4.1 SSE4.2 AVX AVX2 FMA
2019-05-23 18:01:28.674700: I tensorflow/core/platform/profile_utils/cpu_utils.cc:94] CPU Frequency: 2600080000 Hz
2019-05-23 18:01:29.241665: I tensorflow/compiler/xla/service/service.cc:150] XLA service 0x2aaae6fc29a0 executing computations on platform Host. Devices:
2019-05-23 18:01:29.241873: I tensorflow/compiler/xla/service/service.cc:158]   StreamExecutor device (0): <undefined>, <undefined>
2019-05-23 18:01:29.243453: I tensorflow/core/common_runtime/process_util.cc:71] Creating new thread pool with default inter op setting: 2. Tune using inter_op_parallelism_threads for best performance.
evaluating 0 of [0, 10)
attack: step 1/10, xent loss = 7.25232, l2 loss = 0 (max 14.95), (true 349, predicted [4])
attack: step 2/10, xent loss = 7.31841, l2 loss = 1.65831 (max 14.95), (true 349, predicted [549])
attack: step 3/10, xent loss = 7.51447, l2 loss = 2.40835 (max 14.95), (true 349, predicted [793])
attack: step 4/10, xent loss = 7.35143, l2 loss = 2.75927 (max 14.95), (true 349, predicted [4])
attack: step 5/10, xent loss = 7.50876, l2 loss = 3.25879 (max 14.95), (true 349, predicted [4])
attack: step 6/10, xent loss = 7.94416, l2 loss = 3.72792 (max 14.95), (true 349, predicted [2])
attack: step 7/10, xent loss = 7.68994, l2 loss = 4.23992 (max 14.95), (true 349, predicted [4])
attack: step 8/10, xent loss = 7.77758, l2 loss = 4.60943 (max 14.95), (true 349, predicted [4])
attack: step 9/10, xent loss = 7.83954, l2 loss = 4.98125 (max 14.95), (true 349, predicted [4])
attack: step 10/10, xent loss = 8.07385, l2 loss = 5.24075 (max 14.95), (true 349, predicted [4])
true = 349, adv = 2
evaluating 1 of [0, 10)
attack: step 1/10, xent loss = 1.62963, l2 loss = 0 (max 14.95), (true 662, predicted [662])
attack: step 2/10, xent loss = 7.93825, l2 loss = 8.45181 (max 14.95), (true 662, predicted [728])
attack: step 3/10, xent loss = 10.5743, l2 loss = 11.7868 (max 14.95), (true 662, predicted [728])
attack: step 4/10, xent loss = 11.6804, l2 loss = 15.7519 (max 14.95), (true 662, predicted [728])
attack: step 5/10, xent loss = 14.2635, l2 loss = 18.8075 (max 14.95), (true 662, predicted [728])
attack: step 6/10, xent loss = 14.3584, l2 loss = 21.7257 (max 14.95), (true 662, predicted [728])
attack: step 7/10, xent loss = 15.3141, l2 loss = 23.8824 (max 14.95), (true 662, predicted [728])
attack: step 8/10, xent loss = 19.7398, l2 loss = 26.1396 (max 14.95), (true 662, predicted [728])
attack: step 9/10, xent loss = 20.8549, l2 loss = 28.3716 (max 14.95), (true 662, predicted [728])
attack: step 10/10, xent loss = 19.6329, l2 loss = 29.7951 (max 14.95), (true 662, predicted [728])
check failed
true = 662, adv = 728
evaluating 2 of [0, 10)
attack: step 1/10, xent loss = 5.63765, l2 loss = 0 (max 14.95), (true 970, predicted [552])
attack: step 2/10, xent loss = 6.82796, l2 loss = 4.54501 (max 14.95), (true 970, predicted [552])
attack: step 3/10, xent loss = 7.40321, l2 loss = 7.2707 (max 14.95), (true 970, predicted [552])
attack: step 4/10, xent loss = 9.86775, l2 loss = 8.18127 (max 14.95), (true 970, predicted [552])
attack: step 5/10, xent loss = 10.1529, l2 loss = 13.91 (max 14.95), (true 970, predicted [552])
attack: step 6/10, xent loss = 9.52479, l2 loss = 16.6975 (max 14.95), (true 970, predicted [552])
attack: step 7/10, xent loss = 11.3478, l2 loss = 17.9091 (max 14.95), (true 970, predicted [552])
attack: step 8/10, xent loss = 13.7997, l2 loss = 19.4769 (max 14.95), (true 970, predicted [552])
attack: step 9/10, xent loss = 11.7006, l2 loss = 21.3268 (max 14.95), (true 970, predicted [552])
attack: step 10/10, xent loss = 14.0674, l2 loss = 24.189 (max 14.95), (true 970, predicted [552])
check failed
true = 970, adv = 552
evaluating 3 of [0, 10)
attack: step 1/10, xent loss = 8.389, l2 loss = 0 (max 14.95), (true 420, predicted [643])
attack: step 2/10, xent loss = 9.27868, l2 loss = 4.43143 (max 14.95), (true 420, predicted [728])
attack: step 3/10, xent loss = 9.05808, l2 loss = 8.17951 (max 14.95), (true 420, predicted [617])
attack: step 4/10, xent loss = 9.45936, l2 loss = 9.72477 (max 14.95), (true 420, predicted [728])
attack: step 5/10, xent loss = 9.87434, l2 loss = 10.709 (max 14.95), (true 420, predicted [728])
attack: step 6/10, xent loss = 10.8339, l2 loss = 12.5933 (max 14.95), (true 420, predicted [796])
attack: step 7/10, xent loss = 9.92485, l2 loss = 15.6081 (max 14.95), (true 420, predicted [728])
attack: step 8/10, xent loss = 11.773, l2 loss = 16.6701 (max 14.95), (true 420, predicted [728])
attack: step 9/10, xent loss = 13.6082, l2 loss = 18.5758 (max 14.95), (true 420, predicted [728])
attack: step 10/10, xent loss = 12.9207, l2 loss = 21.1153 (max 14.95), (true 420, predicted [728])
check failed
true = 420, adv = 728
evaluating 4 of [0, 10)
attack: step 1/10, xent loss = 0.0641338, l2 loss = 0 (max 14.95), (true 107, predicted [107])
attack: step 2/10, xent loss = 0.0661058, l2 loss = 0.22736 (max 14.95), (true 107, predicted [107])
attack: step 3/10, xent loss = 0.0995352, l2 loss = 0.296191 (max 14.95), (true 107, predicted [107])
attack: step 4/10, xent loss = 0.0992081, l2 loss = 0.391633 (max 14.95), (true 107, predicted [107])
attack: step 5/10, xent loss = 0.220964, l2 loss = 0.484327 (max 14.95), (true 107, predicted [107])
attack: step 6/10, xent loss = 0.153555, l2 loss = 0.733466 (max 14.95), (true 107, predicted [107])
attack: step 7/10, xent loss = 0.102149, l2 loss = 0.875152 (max 14.95), (true 107, predicted [107])
attack: step 8/10, xent loss = 0.0406362, l2 loss = 0.932026 (max 14.95), (true 107, predicted [107])
attack: step 9/10, xent loss = 0.138731, l2 loss = 0.94473 (max 14.95), (true 107, predicted [107])
attack: step 10/10, xent loss = 0.126514, l2 loss = 1.06777 (max 14.95), (true 107, predicted [107])
true = 107, adv = 107
evaluating 5 of [0, 10)
attack: step 1/10, xent loss = 7.67544, l2 loss = 0 (max 14.95), (true 383, predicted [599])
attack: step 2/10, xent loss = 8.40052, l2 loss = 1.32853 (max 14.95), (true 383, predicted [599])
attack: step 3/10, xent loss = 7.21177, l2 loss = 3.35639 (max 14.95), (true 383, predicted [599])
attack: step 4/10, xent loss = 6.90157, l2 loss = 3.73996 (max 14.95), (true 383, predicted [309])
attack: step 5/10, xent loss = 8.09957, l2 loss = 3.99279 (max 14.95), (true 383, predicted [599])
attack: step 6/10, xent loss = 7.19678, l2 loss = 4.29339 (max 14.95), (true 383, predicted [728])
attack: step 7/10, xent loss = 6.99067, l2 loss = 4.66076 (max 14.95), (true 383, predicted [599])
attack: step 8/10, xent loss = 7.25986, l2 loss = 4.95628 (max 14.95), (true 383, predicted [716])
attack: step 9/10, xent loss = 7.92637, l2 loss = 5.2755 (max 14.95), (true 383, predicted [858])
attack: step 10/10, xent loss = 7.88855, l2 loss = 5.58866 (max 14.95), (true 383, predicted [599])
true = 383, adv = 309
evaluating 6 of [0, 10)
attack: step 1/10, xent loss = 8.61148, l2 loss = 0 (max 14.95), (true 388, predicted [728])
attack: step 2/10, xent loss = 10.8326, l2 loss = 8.09521 (max 14.95), (true 388, predicted [728])
attack: step 3/10, xent loss = 10.6744, l2 loss = 11.4091 (max 14.95), (true 388, predicted [728])
attack: step 4/10, xent loss = 15.2576, l2 loss = 13.919 (max 14.95), (true 388, predicted [728])
attack: step 5/10, xent loss = 13.6372, l2 loss = 17.4813 (max 14.95), (true 388, predicted [728])
attack: step 6/10, xent loss = 15.5882, l2 loss = 19.375 (max 14.95), (true 388, predicted [728])
attack: step 7/10, xent loss = 14.7567, l2 loss = 21.8356 (max 14.95), (true 388, predicted [728])
attack: step 8/10, xent loss = 16.1136, l2 loss = 23.5869 (max 14.95), (true 388, predicted [728])
attack: step 9/10, xent loss = 14.6741, l2 loss = 24.8271 (max 14.95), (true 388, predicted [728])
attack: step 10/10, xent loss = 13.6057, l2 loss = 28.2913 (max 14.95), (true 388, predicted [728])
check failed
true = 388, adv = 728
evaluating 7 of [0, 10)
attack: step 1/10, xent loss = 0.00127925, l2 loss = 0 (max 14.95), (true 398, predicted [398])
attack: step 2/10, xent loss = 0.00234626, l2 loss = 0.00614438 (max 14.95), (true 398, predicted [398])
attack: step 3/10, xent loss = 0.00602442, l2 loss = 0.0120487 (max 14.95), (true 398, predicted [398])
attack: step 4/10, xent loss = 0.0192431, l2 loss = 0.0380024 (max 14.95), (true 398, predicted [398])
attack: step 5/10, xent loss = 0.00383927, l2 loss = 0.117919 (max 14.95), (true 398, predicted [398])
attack: step 6/10, xent loss = 0.026129, l2 loss = 0.119837 (max 14.95), (true 398, predicted [398])
attack: step 7/10, xent loss = 0.00870954, l2 loss = 0.165569 (max 14.95), (true 398, predicted [398])
attack: step 8/10, xent loss = 0.00197466, l2 loss = 0.174835 (max 14.95), (true 398, predicted [398])
attack: step 9/10, xent loss = 0.00550078, l2 loss = 0.176048 (max 14.95), (true 398, predicted [398])
attack: step 10/10, xent loss = 0.000618624, l2 loss = 0.180776 (max 14.95), (true 398, predicted [398])
true = 398, adv = 398
evaluating 8 of [0, 10)
attack: step 1/10, xent loss = 1.17685, l2 loss = 0 (max 14.95), (true 832, predicted [832])
attack: step 2/10, xent loss = 0.0638592, l2 loss = 2.92778 (max 14.95), (true 832, predicted [832])
attack: step 3/10, xent loss = 1.68085, l2 loss = 2.94637 (max 14.95), (true 832, predicted [832])
attack: step 4/10, xent loss = 2.29393, l2 loss = 4.97027 (max 14.95), (true 832, predicted [728])
attack: step 5/10, xent loss = 0.548035, l2 loss = 7.1957 (max 14.95), (true 832, predicted [832])
attack: step 6/10, xent loss = 2.23747, l2 loss = 7.55778 (max 14.95), (true 832, predicted [895])
attack: step 7/10, xent loss = 0.817905, l2 loss = 9.10895 (max 14.95), (true 832, predicted [832])
attack: step 8/10, xent loss = 2.74011, l2 loss = 9.53408 (max 14.95), (true 832, predicted [895])
attack: step 9/10, xent loss = 1.00434, l2 loss = 10.9244 (max 14.95), (true 832, predicted [832])
attack: step 10/10, xent loss = 5.5848, l2 loss = 11.3804 (max 14.95), (true 832, predicted [895])
true = 832, adv = 728
evaluating 9 of [0, 10)
attack: step 1/10, xent loss = 2.53019, l2 loss = 0 (max 14.95), (true 521, predicted [588])
attack: step 2/10, xent loss = 0.699613, l2 loss = 3.43691 (max 14.95), (true 521, predicted [521])
attack: step 3/10, xent loss = 1.71165, l2 loss = 3.8934 (max 14.95), (true 521, predicted [521])
attack: step 4/10, xent loss = 0.590855, l2 loss = 4.78668 (max 14.95), (true 521, predicted [521])
attack: step 5/10, xent loss = 1.24742, l2 loss = 5.00376 (max 14.95), (true 521, predicted [521])
attack: step 6/10, xent loss = 1.0452, l2 loss = 5.42458 (max 14.95), (true 521, predicted [521])
attack: step 7/10, xent loss = 0.764833, l2 loss = 5.7612 (max 14.95), (true 521, predicted [521])
attack: step 8/10, xent loss = 0.920637, l2 loss = 6.0429 (max 14.95), (true 521, predicted [521])
attack: step 9/10, xent loss = 1.84715, l2 loss = 6.3951 (max 14.95), (true 521, predicted [588])
attack: step 10/10, xent loss = 0.819657, l2 loss = 7.10732 (max 14.95), (true 521, predicted [521])
true = 521, adv = 412
