2019-05-28 15:21:35.453088: I tensorflow/core/platform/cpu_feature_guard.cc:141] Your CPU supports instructions that this TensorFlow binary was not compiled to use: SSE4.1 SSE4.2 AVX AVX2 FMA
2019-05-28 15:21:36.588930: I tensorflow/core/platform/profile_utils/cpu_utils.cc:94] CPU Frequency: 2599965000 Hz
2019-05-28 15:21:36.592232: I tensorflow/compiler/xla/service/service.cc:150] XLA service 0x2aaae6e4a180 executing computations on platform Host. Devices:
2019-05-28 15:21:36.592267: I tensorflow/compiler/xla/service/service.cc:158]   StreamExecutor device (0): <undefined>, <undefined>
2019-05-28 15:21:36.594557: I tensorflow/core/common_runtime/process_util.cc:71] Creating new thread pool with default inter op setting: 2. Tune using inter_op_parallelism_threads for best performance.
evaluating 110 of [110, 120)
attack: step 1/10, xent loss = 1.43578, l2 loss = 0 (max 14.95), (true 895, predicted [403])
attack: step 2/10, xent loss = 0.71653, l2 loss = 3.59178 (max 14.95), (true 895, predicted [895])
attack: step 3/10, xent loss = 1.51663, l2 loss = 4.16875 (max 14.95), (true 895, predicted [403])
attack: step 4/10, xent loss = 1.45812, l2 loss = 5.42804 (max 14.95), (true 895, predicted [403])
attack: step 5/10, xent loss = 1.80007, l2 loss = 6.69855 (max 14.95), (true 895, predicted [403])
attack: step 6/10, xent loss = 2.69401, l2 loss = 7.53776 (max 14.95), (true 895, predicted [403])
attack: step 7/10, xent loss = 4.41223, l2 loss = 8.56489 (max 14.95), (true 895, predicted [812])
attack: step 8/10, xent loss = 7.06401, l2 loss = 11.0376 (max 14.95), (true 895, predicted [812])
attack: step 9/10, xent loss = 9.06107, l2 loss = 13.0434 (max 14.95), (true 895, predicted [812])
attack: step 10/10, xent loss = 9.62417, l2 loss = 14.7494 (max 14.95), (true 895, predicted [812])
check failed
true = 895, adv = 812
evaluating 111 of [110, 120)
attack: step 1/10, xent loss = 6.65337, l2 loss = 0 (max 14.95), (true 289, predicted [728])
attack: step 2/10, xent loss = 10.8734, l2 loss = 12.3004 (max 14.95), (true 289, predicted [793])
attack: step 3/10, xent loss = 11.6507, l2 loss = 13.9518 (max 14.95), (true 289, predicted [793])
attack: step 4/10, xent loss = 14.8138, l2 loss = 15.4567 (max 14.95), (true 289, predicted [793])
attack: step 5/10, xent loss = 17.7518, l2 loss = 17.1342 (max 14.95), (true 289, predicted [793])
attack: step 6/10, xent loss = 21.6641, l2 loss = 18.4779 (max 14.95), (true 289, predicted [793])
attack: step 7/10, xent loss = 21.626, l2 loss = 19.6156 (max 14.95), (true 289, predicted [793])
attack: step 8/10, xent loss = 23.2668, l2 loss = 20.955 (max 14.95), (true 289, predicted [793])
attack: step 9/10, xent loss = 17.8899, l2 loss = 22.2355 (max 14.95), (true 289, predicted [793])
attack: step 10/10, xent loss = 19.7877, l2 loss = 26.8336 (max 14.95), (true 289, predicted [793])
check failed
true = 289, adv = 793
evaluating 112 of [110, 120)
attack: step 1/10, xent loss = 0.0465396, l2 loss = 0 (max 14.95), (true 29, predicted [29])
attack: step 2/10, xent loss = 4.25453, l2 loss = 0.384759 (max 14.95), (true 29, predicted [728])
attack: step 3/10, xent loss = 7.76617, l2 loss = 9.51997 (max 14.95), (true 29, predicted [728])
attack: step 4/10, xent loss = 12.5712, l2 loss = 12.9595 (max 14.95), (true 29, predicted [728])
attack: step 5/10, xent loss = 16.4301, l2 loss = 19.3377 (max 14.95), (true 29, predicted [728])
attack: step 6/10, xent loss = 21.5239, l2 loss = 21.7182 (max 14.95), (true 29, predicted [728])
attack: step 7/10, xent loss = 26.1117, l2 loss = 23.7264 (max 14.95), (true 29, predicted [728])
attack: step 8/10, xent loss = 30.4848, l2 loss = 25.3829 (max 14.95), (true 29, predicted [728])
attack: step 9/10, xent loss = 26.8976, l2 loss = 27.1549 (max 14.95), (true 29, predicted [728])
attack: step 10/10, xent loss = 30.5744, l2 loss = 29.9721 (max 14.95), (true 29, predicted [728])
check failed
true = 29, adv = 728
evaluating 113 of [110, 120)
attack: step 1/10, xent loss = 2.9336, l2 loss = 0 (max 14.95), (true 544, predicted [909])
attack: step 2/10, xent loss = 5.70304, l2 loss = 5.73271 (max 14.95), (true 544, predicted [909])
attack: step 3/10, xent loss = 6.72275, l2 loss = 8.58589 (max 14.95), (true 544, predicted [909])
attack: step 4/10, xent loss = 8.50983, l2 loss = 10.111 (max 14.95), (true 544, predicted [909])
attack: step 5/10, xent loss = 9.85784, l2 loss = 12.1358 (max 14.95), (true 544, predicted [909])
attack: step 6/10, xent loss = 10.177, l2 loss = 13.2795 (max 14.95), (true 544, predicted [909])
attack: step 7/10, xent loss = 12.8607, l2 loss = 14.5138 (max 14.95), (true 544, predicted [909])
attack: step 8/10, xent loss = 14.1154, l2 loss = 15.9876 (max 14.95), (true 544, predicted [909])
attack: step 9/10, xent loss = 14.0308, l2 loss = 17.0952 (max 14.95), (true 544, predicted [909])
attack: step 10/10, xent loss = 14.1005, l2 loss = 18.2276 (max 14.95), (true 544, predicted [909])
check failed
true = 544, adv = 909
evaluating 114 of [110, 120)
attack: step 1/10, xent loss = 0.0783704, l2 loss = 0 (max 14.95), (true 204, predicted [204])
attack: step 2/10, xent loss = 0.025755, l2 loss = 0.259274 (max 14.95), (true 204, predicted [204])
attack: step 3/10, xent loss = 0.0540086, l2 loss = 0.270915 (max 14.95), (true 204, predicted [204])
attack: step 4/10, xent loss = 0.0897468, l2 loss = 0.327661 (max 14.95), (true 204, predicted [204])
attack: step 5/10, xent loss = 0.0275886, l2 loss = 0.460098 (max 14.95), (true 204, predicted [204])
attack: step 6/10, xent loss = 0.157079, l2 loss = 0.473426 (max 14.95), (true 204, predicted [204])
attack: step 7/10, xent loss = 0.0659572, l2 loss = 0.780079 (max 14.95), (true 204, predicted [204])
attack: step 8/10, xent loss = 0.0418769, l2 loss = 0.820252 (max 14.95), (true 204, predicted [204])
attack: step 9/10, xent loss = 0.113763, l2 loss = 0.833842 (max 14.95), (true 204, predicted [204])
attack: step 10/10, xent loss = 0.0602418, l2 loss = 0.93467 (max 14.95), (true 204, predicted [204])
true = 204, adv = 204
evaluating 115 of [110, 120)
attack: step 1/10, xent loss = 4.54335, l2 loss = 0 (max 14.95), (true 982, predicted [684])
attack: step 2/10, xent loss = 4.12528, l2 loss = 7.89993 (max 14.95), (true 982, predicted [684])
attack: step 3/10, xent loss = 7.78651, l2 loss = 10.4638 (max 14.95), (true 982, predicted [684])
attack: step 4/10, xent loss = 13.2917, l2 loss = 14.0161 (max 14.95), (true 982, predicted [684])
attack: step 5/10, xent loss = 11.6952, l2 loss = 15.9444 (max 14.95), (true 982, predicted [684])
attack: step 6/10, xent loss = 16.041, l2 loss = 17.9597 (max 14.95), (true 982, predicted [684])
attack: step 7/10, xent loss = 14.2133, l2 loss = 19.4969 (max 14.95), (true 982, predicted [684])
attack: step 8/10, xent loss = 17.8045, l2 loss = 20.8068 (max 14.95), (true 982, predicted [684])
attack: step 9/10, xent loss = 19.22, l2 loss = 22.3431 (max 14.95), (true 982, predicted [684])
attack: step 10/10, xent loss = 16.7735, l2 loss = 23.5939 (max 14.95), (true 982, predicted [684])
check failed
true = 982, adv = 684
evaluating 116 of [110, 120)
attack: step 1/10, xent loss = 0.00440437, l2 loss = 0 (max 14.95), (true 306, predicted [306])
attack: step 2/10, xent loss = 0.00645872, l2 loss = 0.0172796 (max 14.95), (true 306, predicted [306])
attack: step 3/10, xent loss = 0.00737326, l2 loss = 0.0324229 (max 14.95), (true 306, predicted [306])
attack: step 4/10, xent loss = 0.005918, l2 loss = 0.0410794 (max 14.95), (true 306, predicted [306])
attack: step 5/10, xent loss = 0.00299957, l2 loss = 0.04508 (max 14.95), (true 306, predicted [306])
attack: step 6/10, xent loss = 0.00320172, l2 loss = 0.0469641 (max 14.95), (true 306, predicted [306])
attack: step 7/10, xent loss = 0.0045914, l2 loss = 0.0484301 (max 14.95), (true 306, predicted [306])
attack: step 8/10, xent loss = 0.00450002, l2 loss = 0.0514804 (max 14.95), (true 306, predicted [306])
attack: step 9/10, xent loss = 0.00532767, l2 loss = 0.0542438 (max 14.95), (true 306, predicted [306])
attack: step 10/10, xent loss = 0.00731102, l2 loss = 0.0582315 (max 14.95), (true 306, predicted [306])
true = 306, adv = 306
evaluating 117 of [110, 120)
attack: step 1/10, xent loss = 5.54675, l2 loss = 0 (max 14.95), (true 373, predicted [367])
attack: step 2/10, xent loss = 7.86517, l2 loss = 5.707 (max 14.95), (true 373, predicted [367])
attack: step 3/10, xent loss = 9.10514, l2 loss = 7.45981 (max 14.95), (true 373, predicted [197])
attack: step 4/10, xent loss = 9.89572, l2 loss = 9.70751 (max 14.95), (true 373, predicted [197])
attack: step 5/10, xent loss = 11.7037, l2 loss = 10.9591 (max 14.95), (true 373, predicted [197])
attack: step 6/10, xent loss = 13.5673, l2 loss = 11.9742 (max 14.95), (true 373, predicted [197])
attack: step 7/10, xent loss = 14.8086, l2 loss = 13.3731 (max 14.95), (true 373, predicted [197])
attack: step 8/10, xent loss = 13.7468, l2 loss = 15.3781 (max 14.95), (true 373, predicted [197])
attack: step 9/10, xent loss = 14.9376, l2 loss = 16.8691 (max 14.95), (true 373, predicted [197])
attack: step 10/10, xent loss = 15.8782, l2 loss = 18.043 (max 14.95), (true 373, predicted [197])
check failed
true = 373, adv = 197
evaluating 118 of [110, 120)
attack: step 1/10, xent loss = 0.212185, l2 loss = 0 (max 14.95), (true 301, predicted [301])
attack: step 2/10, xent loss = 0.451576, l2 loss = 0.70792 (max 14.95), (true 301, predicted [301])
attack: step 3/10, xent loss = 0.163755, l2 loss = 1.28621 (max 14.95), (true 301, predicted [301])
attack: step 4/10, xent loss = 0.627004, l2 loss = 1.45425 (max 14.95), (true 301, predicted [301])
attack: step 5/10, xent loss = 2.08747, l2 loss = 2.65738 (max 14.95), (true 301, predicted [805])
attack: step 6/10, xent loss = 9.48727, l2 loss = 9.2348 (max 14.95), (true 301, predicted [805])
attack: step 7/10, xent loss = 16.2462, l2 loss = 12.9875 (max 14.95), (true 301, predicted [805])
attack: step 8/10, xent loss = 19.5035, l2 loss = 15.5915 (max 14.95), (true 301, predicted [805])
attack: step 9/10, xent loss = 24.0929, l2 loss = 16.8457 (max 14.95), (true 301, predicted [805])
attack: step 10/10, xent loss = 23.4264, l2 loss = 18.8722 (max 14.95), (true 301, predicted [805])
check failed
true = 301, adv = 805
evaluating 119 of [110, 120)
attack: step 1/10, xent loss = 0.00140687, l2 loss = 0 (max 14.95), (true 588, predicted [588])
attack: step 2/10, xent loss = 0.00469155, l2 loss = 0.00517172 (max 14.95), (true 588, predicted [588])
attack: step 3/10, xent loss = 0.00397511, l2 loss = 0.0206929 (max 14.95), (true 588, predicted [588])
attack: step 4/10, xent loss = 0.00131009, l2 loss = 0.0280588 (max 14.95), (true 588, predicted [588])
attack: step 5/10, xent loss = 0.00420733, l2 loss = 0.0287572 (max 14.95), (true 588, predicted [588])
attack: step 6/10, xent loss = 0.00353308, l2 loss = 0.0324503 (max 14.95), (true 588, predicted [588])
attack: step 7/10, xent loss = 0.0117574, l2 loss = 0.0355525 (max 14.95), (true 588, predicted [588])
attack: step 8/10, xent loss = 0.000564535, l2 loss = 0.0609168 (max 14.95), (true 588, predicted [588])
attack: step 9/10, xent loss = 0.0114962, l2 loss = 0.0610553 (max 14.95), (true 588, predicted [588])
attack: step 10/10, xent loss = 0.00762576, l2 loss = 0.0786482 (max 14.95), (true 588, predicted [588])
true = 588, adv = 588
