2019-06-30 23:50:12.978576: I tensorflow/core/platform/cpu_feature_guard.cc:141] Your CPU supports instructions that this TensorFlow binary was not compiled to use: SSE4.1 SSE4.2 AVX AVX2 FMA
2019-06-30 23:50:12.987595: I tensorflow/core/platform/profile_utils/cpu_utils.cc:94] CPU Frequency: 2600070000 Hz
2019-06-30 23:50:12.987794: I tensorflow/compiler/xla/service/service.cc:150] XLA service 0x2aaae6fbd000 executing computations on platform Host. Devices:
2019-06-30 23:50:12.987824: I tensorflow/compiler/xla/service/service.cc:158]   StreamExecutor device (0): <undefined>, <undefined>
2019-06-30 23:50:12.988133: I tensorflow/core/common_runtime/process_util.cc:71] Creating new thread pool with default inter op setting: 2. Tune using inter_op_parallelism_threads for best performance.
evaluating 470 of [470, 480)
attack: step 1/10, xent loss = 12.6455, l2 loss = 19.6635 (max 14.95), (true 27, predicted [793])
attack: step 2/10, xent loss = 9.60126, l2 loss = 21.1854 (max 14.95), (true 27, predicted [728])
attack: step 3/10, xent loss = 10.6798, l2 loss = 21.4665 (max 14.95), (true 27, predicted [793])
attack: step 4/10, xent loss = 11.4641, l2 loss = 22.115 (max 14.95), (true 27, predicted [793])
attack: step 5/10, xent loss = 10.9316, l2 loss = 23.1373 (max 14.95), (true 27, predicted [793])
attack: step 6/10, xent loss = 14.3054, l2 loss = 24.8997 (max 14.95), (true 27, predicted [793])
attack: step 7/10, xent loss = 10.926, l2 loss = 26.6137 (max 14.95), (true 27, predicted [793])
attack: step 8/10, xent loss = 12.3733, l2 loss = 27.5186 (max 14.95), (true 27, predicted [793])
attack: step 9/10, xent loss = 16.8117, l2 loss = 28.8745 (max 14.95), (true 27, predicted [793])
attack: step 10/10, xent loss = 14.057, l2 loss = 30.2358 (max 14.95), (true 27, predicted [793])
check failed
true = 27, adv = 793
evaluating 471 of [470, 480)
attack: step 1/10, xent loss = 7.09438, l2 loss = 11.5745 (max 14.95), (true 490, predicted [478])
attack: step 2/10, xent loss = 8.64083, l2 loss = 12.3072 (max 14.95), (true 490, predicted [879])
attack: step 3/10, xent loss = 7.45864, l2 loss = 13.9095 (max 14.95), (true 490, predicted [478])
attack: step 4/10, xent loss = 8.41597, l2 loss = 14.3805 (max 14.95), (true 490, predicted [879])
attack: step 5/10, xent loss = 7.68867, l2 loss = 14.7909 (max 14.95), (true 490, predicted [721])
attack: step 6/10, xent loss = 8.11069, l2 loss = 15.0509 (max 14.95), (true 490, predicted [728])
attack: step 7/10, xent loss = 8.09801, l2 loss = 16.1535 (max 14.95), (true 490, predicted [879])
attack: step 8/10, xent loss = 8.86496, l2 loss = 16.4413 (max 14.95), (true 490, predicted [478])
attack: step 9/10, xent loss = 7.19144, l2 loss = 16.946 (max 14.95), (true 490, predicted [478])
attack: step 10/10, xent loss = 7.50512, l2 loss = 17.4169 (max 14.95), (true 490, predicted [879])
check failed
true = 490, adv = 728
evaluating 472 of [470, 480)
attack: step 1/10, xent loss = 8.49037, l2 loss = 6.02924 (max 14.95), (true 282, predicted [645])
attack: step 2/10, xent loss = 8.90342, l2 loss = 6.42282 (max 14.95), (true 282, predicted [692])
attack: step 3/10, xent loss = 8.74335, l2 loss = 6.78006 (max 14.95), (true 282, predicted [645])
attack: step 4/10, xent loss = 8.98783, l2 loss = 7.06608 (max 14.95), (true 282, predicted [692])
attack: step 5/10, xent loss = 8.08063, l2 loss = 7.43952 (max 14.95), (true 282, predicted [723])
attack: step 6/10, xent loss = 8.32486, l2 loss = 7.66499 (max 14.95), (true 282, predicted [645])
attack: step 7/10, xent loss = 8.52087, l2 loss = 7.89882 (max 14.95), (true 282, predicted [645])
attack: step 8/10, xent loss = 9.04116, l2 loss = 8.1472 (max 14.95), (true 282, predicted [645])
attack: step 9/10, xent loss = 8.77117, l2 loss = 8.39567 (max 14.95), (true 282, predicted [645])
attack: step 10/10, xent loss = 8.73866, l2 loss = 8.69379 (max 14.95), (true 282, predicted [723])
true = 282, adv = 645
evaluating 473 of [470, 480)
attack: step 1/10, xent loss = 5.01651, l2 loss = 16.6479 (max 14.95), (true 176, predicted [701])
attack: step 2/10, xent loss = 5.71265, l2 loss = 18.0202 (max 14.95), (true 176, predicted [701])
attack: step 3/10, xent loss = 4.80797, l2 loss = 19.001 (max 14.95), (true 176, predicted [701])
attack: step 4/10, xent loss = 2.82386, l2 loss = 21.2176 (max 14.95), (true 176, predicted [701])
attack: step 5/10, xent loss = 7.58552, l2 loss = 24.897 (max 14.95), (true 176, predicted [701])
attack: step 6/10, xent loss = 6.8401, l2 loss = 26.318 (max 14.95), (true 176, predicted [701])
attack: step 7/10, xent loss = 5.79432, l2 loss = 27.507 (max 14.95), (true 176, predicted [701])
attack: step 8/10, xent loss = 7.0521, l2 loss = 27.8187 (max 14.95), (true 176, predicted [701])
attack: step 9/10, xent loss = 6.56072, l2 loss = 28.1192 (max 14.95), (true 176, predicted [701])
attack: step 10/10, xent loss = 10.0273, l2 loss = 28.8802 (max 14.95), (true 176, predicted [701])
check failed
true = 176, adv = 701
evaluating 474 of [470, 480)
attack: step 1/10, xent loss = 8.34627, l2 loss = 7.63871 (max 14.95), (true 937, predicted [644])
attack: step 2/10, xent loss = 6.73564, l2 loss = 8.44771 (max 14.95), (true 937, predicted [644])
attack: step 3/10, xent loss = 7.88544, l2 loss = 8.80458 (max 14.95), (true 937, predicted [644])
attack: step 4/10, xent loss = 8.02308, l2 loss = 9.13452 (max 14.95), (true 937, predicted [723])
attack: step 5/10, xent loss = 7.19959, l2 loss = 9.50706 (max 14.95), (true 937, predicted [723])
attack: step 6/10, xent loss = 8.40924, l2 loss = 9.83809 (max 14.95), (true 937, predicted [644])
attack: step 7/10, xent loss = 8.20331, l2 loss = 10.2869 (max 14.95), (true 937, predicted [644])
attack: step 8/10, xent loss = 8.60609, l2 loss = 10.5993 (max 14.95), (true 937, predicted [644])
attack: step 9/10, xent loss = 7.87431, l2 loss = 10.9589 (max 14.95), (true 937, predicted [723])
attack: step 10/10, xent loss = 6.97645, l2 loss = 11.2538 (max 14.95), (true 937, predicted [644])
true = 937, adv = 645
evaluating 475 of [470, 480)
attack: step 1/10, xent loss = 10.8133, l2 loss = 12.7916 (max 14.95), (true 556, predicted [905])
attack: step 2/10, xent loss = 9.9168, l2 loss = 13.7252 (max 14.95), (true 556, predicted [905])
attack: step 3/10, xent loss = 11.5022, l2 loss = 14.2968 (max 14.95), (true 556, predicted [905])
attack: step 4/10, xent loss = 11.9894, l2 loss = 15.0808 (max 14.95), (true 556, predicted [905])
attack: step 5/10, xent loss = 9.98712, l2 loss = 15.7847 (max 14.95), (true 556, predicted [905])
attack: step 6/10, xent loss = 10.969, l2 loss = 16.351 (max 14.95), (true 556, predicted [905])
attack: step 7/10, xent loss = 11.7496, l2 loss = 17.0554 (max 14.95), (true 556, predicted [905])
attack: step 8/10, xent loss = 11.8405, l2 loss = 17.6405 (max 14.95), (true 556, predicted [905])
attack: step 9/10, xent loss = 10.2239, l2 loss = 18.2451 (max 14.95), (true 556, predicted [905])
attack: step 10/10, xent loss = 10.9825, l2 loss = 18.8625 (max 14.95), (true 556, predicted [905])
check failed
true = 556, adv = 905
evaluating 476 of [470, 480)
attack: step 1/10, xent loss = 12.0076, l2 loss = 15.0207 (max 14.95), (true 55, predicted [728])
attack: step 2/10, xent loss = 10.1891, l2 loss = 16.5875 (max 14.95), (true 55, predicted [728])
attack: step 3/10, xent loss = 9.33724, l2 loss = 18.5989 (max 14.95), (true 55, predicted [728])
attack: step 4/10, xent loss = 12.541, l2 loss = 19.163 (max 14.95), (true 55, predicted [728])
attack: step 5/10, xent loss = 12.5587, l2 loss = 20.2876 (max 14.95), (true 55, predicted [728])
attack: step 6/10, xent loss = 9.6043, l2 loss = 21.4919 (max 14.95), (true 55, predicted [728])
attack: step 7/10, xent loss = 12.178, l2 loss = 22.0764 (max 14.95), (true 55, predicted [728])
attack: step 8/10, xent loss = 12.7684, l2 loss = 22.9737 (max 14.95), (true 55, predicted [728])
attack: step 9/10, xent loss = 13.6755, l2 loss = 23.9671 (max 14.95), (true 55, predicted [728])
attack: step 10/10, xent loss = 12.4569, l2 loss = 25.2109 (max 14.95), (true 55, predicted [728])
check failed
true = 55, adv = 728
evaluating 477 of [470, 480)
attack: step 1/10, xent loss = 6.69595, l2 loss = 7.41279 (max 14.95), (true 556, predicted [478])
attack: step 2/10, xent loss = 7.62783, l2 loss = 7.72491 (max 14.95), (true 556, predicted [417])
attack: step 3/10, xent loss = 7.83914, l2 loss = 8.08489 (max 14.95), (true 556, predicted [645])
attack: step 4/10, xent loss = 6.94292, l2 loss = 8.40313 (max 14.95), (true 556, predicted [478])
attack: step 5/10, xent loss = 7.50073, l2 loss = 8.7246 (max 14.95), (true 556, predicted [645])
attack: step 6/10, xent loss = 6.99909, l2 loss = 9.03537 (max 14.95), (true 556, predicted [478])
attack: step 7/10, xent loss = 7.83265, l2 loss = 9.29155 (max 14.95), (true 556, predicted [645])
attack: step 8/10, xent loss = 6.31232, l2 loss = 9.69864 (max 14.95), (true 556, predicted [478])
attack: step 9/10, xent loss = 7.08042, l2 loss = 10.0669 (max 14.95), (true 556, predicted [478])
attack: step 10/10, xent loss = 7.26391, l2 loss = 10.2208 (max 14.95), (true 556, predicted [645])
true = 556, adv = 723
evaluating 478 of [470, 480)
attack: step 1/10, xent loss = 8.55362, l2 loss = 8.06178 (max 14.95), (true 106, predicted [518])
attack: step 2/10, xent loss = 9.74205, l2 loss = 8.40782 (max 14.95), (true 106, predicted [728])
attack: step 3/10, xent loss = 7.6879, l2 loss = 9.1017 (max 14.95), (true 106, predicted [478])
attack: step 4/10, xent loss = 8.73198, l2 loss = 9.39398 (max 14.95), (true 106, predicted [518])
attack: step 5/10, xent loss = 8.2122, l2 loss = 9.98027 (max 14.95), (true 106, predicted [518])
attack: step 6/10, xent loss = 9.02983, l2 loss = 10.1932 (max 14.95), (true 106, predicted [518])
attack: step 7/10, xent loss = 9.0416, l2 loss = 10.6394 (max 14.95), (true 106, predicted [879])
attack: step 8/10, xent loss = 9.03381, l2 loss = 10.9766 (max 14.95), (true 106, predicted [518])
attack: step 9/10, xent loss = 8.26657, l2 loss = 11.8445 (max 14.95), (true 106, predicted [518])
attack: step 10/10, xent loss = 9.63358, l2 loss = 12.072 (max 14.95), (true 106, predicted [879])
true = 106, adv = 518
evaluating 479 of [470, 480)
attack: step 1/10, xent loss = 9.06499, l2 loss = 6.95455 (max 14.95), (true 282, predicted [478])
attack: step 2/10, xent loss = 8.47056, l2 loss = 7.34694 (max 14.95), (true 282, predicted [478])
attack: step 3/10, xent loss = 8.91412, l2 loss = 7.53299 (max 14.95), (true 282, predicted [478])
attack: step 4/10, xent loss = 8.16273, l2 loss = 7.81281 (max 14.95), (true 282, predicted [619])
attack: step 5/10, xent loss = 8.63191, l2 loss = 8.05323 (max 14.95), (true 282, predicted [478])
attack: step 6/10, xent loss = 7.86624, l2 loss = 8.27825 (max 14.95), (true 282, predicted [723])
attack: step 7/10, xent loss = 8.34984, l2 loss = 8.46015 (max 14.95), (true 282, predicted [478])
attack: step 8/10, xent loss = 8.36185, l2 loss = 8.64162 (max 14.95), (true 282, predicted [478])
attack: step 9/10, xent loss = 8.61164, l2 loss = 8.85178 (max 14.95), (true 282, predicted [723])
attack: step 10/10, xent loss = 8.66342, l2 loss = 9.00628 (max 14.95), (true 282, predicted [607])
true = 282, adv = 619
