2019-06-06 00:07:13.909837: I tensorflow/core/platform/cpu_feature_guard.cc:141] Your CPU supports instructions that this TensorFlow binary was not compiled to use: SSE4.1 SSE4.2 AVX AVX2 FMA
2019-06-06 00:07:14.419209: I tensorflow/core/platform/profile_utils/cpu_utils.cc:94] CPU Frequency: 2600190000 Hz
2019-06-06 00:07:14.422105: I tensorflow/compiler/xla/service/service.cc:150] XLA service 0x2aaae70bd110 executing computations on platform Host. Devices:
2019-06-06 00:07:14.422224: I tensorflow/compiler/xla/service/service.cc:158]   StreamExecutor device (0): <undefined>, <undefined>
2019-06-06 00:07:14.424469: I tensorflow/core/common_runtime/process_util.cc:71] Creating new thread pool with default inter op setting: 2. Tune using inter_op_parallelism_threads for best performance.
evaluating 240 of [240, 250)
attack: step 1/10, xent loss = 8.22943, l2 loss = 0 (max 14.95), (true 934, predicted [728])
attack: step 2/10, xent loss = 7.84872, l2 loss = 3.89677 (max 14.95), (true 934, predicted [728])
attack: step 3/10, xent loss = 7.82313, l2 loss = 5.88192 (max 14.95), (true 934, predicted [728])
attack: step 4/10, xent loss = 8.53883, l2 loss = 7.0841 (max 14.95), (true 934, predicted [728])
attack: step 5/10, xent loss = 7.72144, l2 loss = 8.72072 (max 14.95), (true 934, predicted [728])
attack: step 6/10, xent loss = 8.07902, l2 loss = 8.98816 (max 14.95), (true 934, predicted [728])
attack: step 7/10, xent loss = 5.30042, l2 loss = 10.4746 (max 14.95), (true 934, predicted [728])
attack: step 8/10, xent loss = 7.84284, l2 loss = 11.2029 (max 14.95), (true 934, predicted [728])
attack: step 9/10, xent loss = 7.34187, l2 loss = 12.0667 (max 14.95), (true 934, predicted [728])
attack: step 10/10, xent loss = 7.08075, l2 loss = 12.644 (max 14.95), (true 934, predicted [728])
true = 934, adv = 728
evaluating 241 of [240, 250)
attack: step 1/10, xent loss = 7.43935, l2 loss = 0 (max 14.95), (true 384, predicted [518])
attack: step 2/10, xent loss = 8.23044, l2 loss = 2.38592 (max 14.95), (true 384, predicted [518])
attack: step 3/10, xent loss = 7.74403, l2 loss = 3.81922 (max 14.95), (true 384, predicted [518])
attack: step 4/10, xent loss = 8.07243, l2 loss = 4.7038 (max 14.95), (true 384, predicted [518])
attack: step 5/10, xent loss = 8.44942, l2 loss = 5.72434 (max 14.95), (true 384, predicted [518])
attack: step 6/10, xent loss = 8.14731, l2 loss = 6.96103 (max 14.95), (true 384, predicted [518])
attack: step 7/10, xent loss = 7.22331, l2 loss = 7.49143 (max 14.95), (true 384, predicted [518])
attack: step 8/10, xent loss = 8.31084, l2 loss = 8.00345 (max 14.95), (true 384, predicted [518])
attack: step 9/10, xent loss = 8.23656, l2 loss = 8.52523 (max 14.95), (true 384, predicted [518])
attack: step 10/10, xent loss = 8.75811, l2 loss = 9.22176 (max 14.95), (true 384, predicted [518])
true = 384, adv = 728
evaluating 242 of [240, 250)
attack: step 1/10, xent loss = 7.16025, l2 loss = 0 (max 14.95), (true 307, predicted [317])
attack: step 2/10, xent loss = 6.97447, l2 loss = 4.99518 (max 14.95), (true 307, predicted [317])
attack: step 3/10, xent loss = 7.62554, l2 loss = 6.58956 (max 14.95), (true 307, predicted [87])
attack: step 4/10, xent loss = 6.78537, l2 loss = 7.67841 (max 14.95), (true 307, predicted [87])
attack: step 5/10, xent loss = 7.07576, l2 loss = 8.66159 (max 14.95), (true 307, predicted [87])
attack: step 6/10, xent loss = 7.6178, l2 loss = 9.79661 (max 14.95), (true 307, predicted [728])
attack: step 7/10, xent loss = 8.85344, l2 loss = 11.6971 (max 14.95), (true 307, predicted [317])
attack: step 8/10, xent loss = 8.18415, l2 loss = 13.3527 (max 14.95), (true 307, predicted [728])
attack: step 9/10, xent loss = 7.97638, l2 loss = 14.072 (max 14.95), (true 307, predicted [728])
attack: step 10/10, xent loss = 9.27148, l2 loss = 14.7186 (max 14.95), (true 307, predicted [570])
check failed
true = 307, adv = 570
evaluating 243 of [240, 250)
attack: step 1/10, xent loss = 8.58197, l2 loss = 0 (max 14.95), (true 342, predicted [706])
attack: step 2/10, xent loss = 8.01327, l2 loss = 2.71048 (max 14.95), (true 342, predicted [999])
attack: step 3/10, xent loss = 8.51836, l2 loss = 4.42505 (max 14.95), (true 342, predicted [999])
attack: step 4/10, xent loss = 8.06547, l2 loss = 5.12606 (max 14.95), (true 342, predicted [999])
attack: step 5/10, xent loss = 9.36774, l2 loss = 5.76032 (max 14.95), (true 342, predicted [601])
attack: step 6/10, xent loss = 9.75583, l2 loss = 6.91612 (max 14.95), (true 342, predicted [728])
attack: step 7/10, xent loss = 8.78806, l2 loss = 8.3208 (max 14.95), (true 342, predicted [601])
attack: step 8/10, xent loss = 11.517, l2 loss = 9.0846 (max 14.95), (true 342, predicted [999])
attack: step 9/10, xent loss = 9.40891, l2 loss = 12.3536 (max 14.95), (true 342, predicted [999])
attack: step 10/10, xent loss = 12.7852, l2 loss = 14.2265 (max 14.95), (true 342, predicted [999])
check failed
true = 342, adv = 999
evaluating 244 of [240, 250)
attack: step 1/10, xent loss = 10.6895, l2 loss = 0 (max 14.95), (true 38, predicted [728])
attack: step 2/10, xent loss = 13.5572, l2 loss = 5.63748 (max 14.95), (true 38, predicted [728])
attack: step 3/10, xent loss = 12.0214, l2 loss = 9.89737 (max 14.95), (true 38, predicted [728])
attack: step 4/10, xent loss = 12.1313, l2 loss = 12.7993 (max 14.95), (true 38, predicted [728])
attack: step 5/10, xent loss = 14.4336, l2 loss = 15.339 (max 14.95), (true 38, predicted [728])
attack: step 6/10, xent loss = 13.343, l2 loss = 17.996 (max 14.95), (true 38, predicted [728])
attack: step 7/10, xent loss = 17.6215, l2 loss = 19.6352 (max 14.95), (true 38, predicted [728])
attack: step 8/10, xent loss = 17.9861, l2 loss = 21.1872 (max 14.95), (true 38, predicted [728])
attack: step 9/10, xent loss = 16.7197, l2 loss = 22.9408 (max 14.95), (true 38, predicted [728])
attack: step 10/10, xent loss = 16.5082, l2 loss = 24.5565 (max 14.95), (true 38, predicted [728])
check failed
true = 38, adv = 728
evaluating 245 of [240, 250)
attack: step 1/10, xent loss = 9.65464, l2 loss = 0 (max 14.95), (true 715, predicted [501])
attack: step 2/10, xent loss = 8.97116, l2 loss = 2.55455 (max 14.95), (true 715, predicted [869])
attack: step 3/10, xent loss = 9.72934, l2 loss = 4.38961 (max 14.95), (true 715, predicted [501])
attack: step 4/10, xent loss = 10.0552, l2 loss = 5.00535 (max 14.95), (true 715, predicted [728])
attack: step 5/10, xent loss = 10.1761, l2 loss = 5.94916 (max 14.95), (true 715, predicted [501])
attack: step 6/10, xent loss = 8.53019, l2 loss = 6.97878 (max 14.95), (true 715, predicted [501])
attack: step 7/10, xent loss = 9.92784, l2 loss = 7.72298 (max 14.95), (true 715, predicted [601])
attack: step 8/10, xent loss = 10.0069, l2 loss = 8.42543 (max 14.95), (true 715, predicted [689])
attack: step 9/10, xent loss = 9.50809, l2 loss = 9.07942 (max 14.95), (true 715, predicted [501])
attack: step 10/10, xent loss = 9.44042, l2 loss = 9.53362 (max 14.95), (true 715, predicted [601])
true = 715, adv = 689
evaluating 246 of [240, 250)
attack: step 1/10, xent loss = 7.96391, l2 loss = 0 (max 14.95), (true 57, predicted [478])
attack: step 2/10, xent loss = 9.86532, l2 loss = 2.41914 (max 14.95), (true 57, predicted [728])
attack: step 3/10, xent loss = 8.05665, l2 loss = 5.61645 (max 14.95), (true 57, predicted [728])
attack: step 4/10, xent loss = 8.87797, l2 loss = 6.59898 (max 14.95), (true 57, predicted [478])
attack: step 5/10, xent loss = 9.61065, l2 loss = 7.17665 (max 14.95), (true 57, predicted [728])
attack: step 6/10, xent loss = 10.3189, l2 loss = 8.47048 (max 14.95), (true 57, predicted [728])
attack: step 7/10, xent loss = 11.7487, l2 loss = 10.0133 (max 14.95), (true 57, predicted [728])
attack: step 8/10, xent loss = 15.4983, l2 loss = 11.9294 (max 14.95), (true 57, predicted [728])
attack: step 9/10, xent loss = 13.2306, l2 loss = 13.5818 (max 14.95), (true 57, predicted [728])
attack: step 10/10, xent loss = 10.9096, l2 loss = 14.9948 (max 14.95), (true 57, predicted [728])
check failed
true = 57, adv = 728
evaluating 247 of [240, 250)
attack: step 1/10, xent loss = 3.82976, l2 loss = 0 (max 14.95), (true 905, predicted [728])
attack: step 2/10, xent loss = 6.37155, l2 loss = 5.37144 (max 14.95), (true 905, predicted [457])
attack: step 3/10, xent loss = 5.14152, l2 loss = 6.99311 (max 14.95), (true 905, predicted [728])
attack: step 4/10, xent loss = 4.76269, l2 loss = 9.12285 (max 14.95), (true 905, predicted [728])
attack: step 5/10, xent loss = 5.39164, l2 loss = 10.9372 (max 14.95), (true 905, predicted [457])
attack: step 6/10, xent loss = 6.48961, l2 loss = 12.0668 (max 14.95), (true 905, predicted [728])
attack: step 7/10, xent loss = 6.53954, l2 loss = 12.927 (max 14.95), (true 905, predicted [728])
attack: step 8/10, xent loss = 5.93643, l2 loss = 13.5136 (max 14.95), (true 905, predicted [728])
attack: step 9/10, xent loss = 7.04563, l2 loss = 14.171 (max 14.95), (true 905, predicted [728])
attack: step 10/10, xent loss = 9.03778, l2 loss = 15.0635 (max 14.95), (true 905, predicted [728])
check failed
true = 905, adv = 728
evaluating 248 of [240, 250)
attack: step 1/10, xent loss = 1.98687, l2 loss = 0 (max 14.95), (true 470, predicted [607])
attack: step 2/10, xent loss = 2.05263, l2 loss = 5.92693 (max 14.95), (true 470, predicted [470])
attack: step 3/10, xent loss = 4.28468, l2 loss = 7.21411 (max 14.95), (true 470, predicted [607])
attack: step 4/10, xent loss = 4.05435, l2 loss = 8.58292 (max 14.95), (true 470, predicted [607])
attack: step 5/10, xent loss = 5.7755, l2 loss = 9.81718 (max 14.95), (true 470, predicted [607])
attack: step 6/10, xent loss = 4.65875, l2 loss = 9.91526 (max 14.95), (true 470, predicted [607])
attack: step 7/10, xent loss = 5.14418, l2 loss = 10.2422 (max 14.95), (true 470, predicted [607])
attack: step 8/10, xent loss = 6.12802, l2 loss = 10.3977 (max 14.95), (true 470, predicted [607])
attack: step 9/10, xent loss = 5.57979, l2 loss = 10.7942 (max 14.95), (true 470, predicted [607])
attack: step 10/10, xent loss = 5.91778, l2 loss = 10.9683 (max 14.95), (true 470, predicted [607])
true = 470, adv = 607
evaluating 249 of [240, 250)
attack: step 1/10, xent loss = 8.24192, l2 loss = 0 (max 14.95), (true 776, predicted [879])
attack: step 2/10, xent loss = 10.8174, l2 loss = 4.71289 (max 14.95), (true 776, predicted [672])
attack: step 3/10, xent loss = 5.85707, l2 loss = 8.18087 (max 14.95), (true 776, predicted [728])
attack: step 4/10, xent loss = 7.74326, l2 loss = 8.94356 (max 14.95), (true 776, predicted [879])
attack: step 5/10, xent loss = 8.0995, l2 loss = 9.93121 (max 14.95), (true 776, predicted [667])
attack: step 6/10, xent loss = 8.12825, l2 loss = 11.3341 (max 14.95), (true 776, predicted [667])
attack: step 7/10, xent loss = 7.36851, l2 loss = 12.9917 (max 14.95), (true 776, predicted [672])
attack: step 8/10, xent loss = 6.54811, l2 loss = 13.5911 (max 14.95), (true 776, predicted [672])
attack: step 9/10, xent loss = 7.9296, l2 loss = 14.4466 (max 14.95), (true 776, predicted [879])
attack: step 10/10, xent loss = 9.33178, l2 loss = 15.0311 (max 14.95), (true 776, predicted [879])
check failed
true = 776, adv = 672
