2019-06-04 16:01:06.741898: I tensorflow/core/platform/cpu_feature_guard.cc:141] Your CPU supports instructions that this TensorFlow binary was not compiled to use: SSE4.1 SSE4.2 AVX AVX2 FMA
2019-06-04 16:01:07.038778: I tensorflow/core/platform/profile_utils/cpu_utils.cc:94] CPU Frequency: 2599975000 Hz
2019-06-04 16:01:07.055325: I tensorflow/compiler/xla/service/service.cc:150] XLA service 0x2aaae6bc0240 executing computations on platform Host. Devices:
2019-06-04 16:01:07.055367: I tensorflow/compiler/xla/service/service.cc:158]   StreamExecutor device (0): <undefined>, <undefined>
2019-06-04 16:01:07.055729: I tensorflow/core/common_runtime/process_util.cc:71] Creating new thread pool with default inter op setting: 2. Tune using inter_op_parallelism_threads for best performance.
evaluating 790 of [790, 800)
attack: step 1/10, xent loss = 0.682639, l2 loss = 0 (max 14.95), (true 50, predicted [50])
attack: step 2/10, xent loss = 4.88308, l2 loss = 2.75865 (max 14.95), (true 50, predicted [2])
attack: step 3/10, xent loss = 4.03628, l2 loss = 5.86425 (max 14.95), (true 50, predicted [58])
attack: step 4/10, xent loss = 8.78203, l2 loss = 8.15534 (max 14.95), (true 50, predicted [2])
attack: step 5/10, xent loss = 7.36901, l2 loss = 9.01423 (max 14.95), (true 50, predicted [2])
attack: step 6/10, xent loss = 9.57801, l2 loss = 9.94199 (max 14.95), (true 50, predicted [2])
attack: step 7/10, xent loss = 8.04796, l2 loss = 11.328 (max 14.95), (true 50, predicted [2])
attack: step 8/10, xent loss = 11.5196, l2 loss = 12.2471 (max 14.95), (true 50, predicted [2])
attack: step 9/10, xent loss = 12.8374, l2 loss = 13.1092 (max 14.95), (true 50, predicted [2])
attack: step 10/10, xent loss = 12.7554, l2 loss = 13.718 (max 14.95), (true 50, predicted [2])
true = 50, adv = 2
evaluating 791 of [790, 800)
attack: step 1/10, xent loss = 0.352292, l2 loss = 0 (max 14.95), (true 713, predicted [713])
attack: step 2/10, xent loss = 1.25248, l2 loss = 1.27299 (max 14.95), (true 713, predicted [713])
attack: step 3/10, xent loss = 3.10669, l2 loss = 4.98196 (max 14.95), (true 713, predicted [897])
attack: step 4/10, xent loss = 4.22494, l2 loss = 6.75321 (max 14.95), (true 713, predicted [897])
attack: step 5/10, xent loss = 6.29339, l2 loss = 7.76526 (max 14.95), (true 713, predicted [897])
attack: step 6/10, xent loss = 7.15194, l2 loss = 8.55322 (max 14.95), (true 713, predicted [897])
attack: step 7/10, xent loss = 6.68884, l2 loss = 9.30422 (max 14.95), (true 713, predicted [897])
attack: step 8/10, xent loss = 8.15665, l2 loss = 11.1574 (max 14.95), (true 713, predicted [897])
attack: step 9/10, xent loss = 8.20073, l2 loss = 11.851 (max 14.95), (true 713, predicted [897])
attack: step 10/10, xent loss = 10.329, l2 loss = 12.6334 (max 14.95), (true 713, predicted [897])
true = 713, adv = 897
evaluating 792 of [790, 800)
attack: step 1/10, xent loss = 2.10255, l2 loss = 0 (max 14.95), (true 186, predicted [189])
attack: step 2/10, xent loss = 3.04564, l2 loss = 3.56639 (max 14.95), (true 186, predicted [189])
attack: step 3/10, xent loss = 5.81639, l2 loss = 5.60722 (max 14.95), (true 186, predicted [189])
attack: step 4/10, xent loss = 10.1762, l2 loss = 8.04996 (max 14.95), (true 186, predicted [189])
attack: step 5/10, xent loss = 12.145, l2 loss = 9.14264 (max 14.95), (true 186, predicted [189])
attack: step 6/10, xent loss = 13.2128, l2 loss = 10.0006 (max 14.95), (true 186, predicted [189])
attack: step 7/10, xent loss = 14.0837, l2 loss = 10.7541 (max 14.95), (true 186, predicted [189])
attack: step 8/10, xent loss = 14.7035, l2 loss = 11.2546 (max 14.95), (true 186, predicted [189])
attack: step 9/10, xent loss = 16.375, l2 loss = 11.8837 (max 14.95), (true 186, predicted [189])
attack: step 10/10, xent loss = 17.0564, l2 loss = 12.4245 (max 14.95), (true 186, predicted [189])
true = 186, adv = 189
evaluating 793 of [790, 800)
attack: step 1/10, xent loss = 2.75993, l2 loss = 0 (max 14.95), (true 384, predicted [364])
attack: step 2/10, xent loss = 4.12837, l2 loss = 7.43423 (max 14.95), (true 384, predicted [728])
attack: step 3/10, xent loss = 3.7831, l2 loss = 9.14335 (max 14.95), (true 384, predicted [364])
attack: step 4/10, xent loss = 4.11137, l2 loss = 9.89037 (max 14.95), (true 384, predicted [369])
attack: step 5/10, xent loss = 4.24177, l2 loss = 10.8502 (max 14.95), (true 384, predicted [364])
attack: step 6/10, xent loss = 4.69747, l2 loss = 11.7123 (max 14.95), (true 384, predicted [364])
attack: step 7/10, xent loss = 5.04952, l2 loss = 12.0539 (max 14.95), (true 384, predicted [379])
attack: step 8/10, xent loss = 4.90983, l2 loss = 13.0219 (max 14.95), (true 384, predicted [364])
attack: step 9/10, xent loss = 4.49432, l2 loss = 13.5632 (max 14.95), (true 384, predicted [379])
attack: step 10/10, xent loss = 4.79156, l2 loss = 14.0793 (max 14.95), (true 384, predicted [379])
true = 384, adv = 379
evaluating 794 of [790, 800)
attack: step 1/10, xent loss = 5.66949, l2 loss = 0 (max 14.95), (true 608, predicted [797])
attack: step 2/10, xent loss = 9.62149, l2 loss = 6.81716 (max 14.95), (true 608, predicted [797])
attack: step 3/10, xent loss = 11.6457, l2 loss = 11.1398 (max 14.95), (true 608, predicted [797])
attack: step 4/10, xent loss = 14.0684, l2 loss = 13.9015 (max 14.95), (true 608, predicted [797])
attack: step 5/10, xent loss = 18.4324, l2 loss = 16.7936 (max 14.95), (true 608, predicted [797])
attack: step 6/10, xent loss = 20.391, l2 loss = 18.9088 (max 14.95), (true 608, predicted [797])
attack: step 7/10, xent loss = 25.5577, l2 loss = 21.2134 (max 14.95), (true 608, predicted [797])
attack: step 8/10, xent loss = 27.9487, l2 loss = 23.6332 (max 14.95), (true 608, predicted [797])
attack: step 9/10, xent loss = 26.2877, l2 loss = 25.4526 (max 14.95), (true 608, predicted [797])
attack: step 10/10, xent loss = 28.4423, l2 loss = 27.5336 (max 14.95), (true 608, predicted [797])
check failed
true = 608, adv = 797
evaluating 795 of [790, 800)
attack: step 1/10, xent loss = 0.0258172, l2 loss = 0 (max 14.95), (true 279, predicted [279])
attack: step 2/10, xent loss = 0.155491, l2 loss = 0.183542 (max 14.95), (true 279, predicted [279])
attack: step 3/10, xent loss = 0.128689, l2 loss = 1.09754 (max 14.95), (true 279, predicted [279])
attack: step 4/10, xent loss = 1.56599, l2 loss = 1.63272 (max 14.95), (true 279, predicted [296])
attack: step 5/10, xent loss = 2.61178, l2 loss = 6.16095 (max 14.95), (true 279, predicted [287])
attack: step 6/10, xent loss = 7.47587, l2 loss = 8.74464 (max 14.95), (true 279, predicted [728])
attack: step 7/10, xent loss = 9.83228, l2 loss = 9.82498 (max 14.95), (true 279, predicted [728])
attack: step 8/10, xent loss = 14.1623, l2 loss = 11.273 (max 14.95), (true 279, predicted [728])
attack: step 9/10, xent loss = 10.7624, l2 loss = 15.4298 (max 14.95), (true 279, predicted [728])
attack: step 10/10, xent loss = 14.318, l2 loss = 19.0855 (max 14.95), (true 279, predicted [728])
check failed
true = 279, adv = 728
evaluating 796 of [790, 800)
attack: step 1/10, xent loss = 3.73928, l2 loss = 0 (max 14.95), (true 882, predicted [412])
attack: step 2/10, xent loss = 5.47966, l2 loss = 3.57881 (max 14.95), (true 882, predicted [412])
attack: step 3/10, xent loss = 5.2205, l2 loss = 5.48422 (max 14.95), (true 882, predicted [412])
attack: step 4/10, xent loss = 7.4478, l2 loss = 6.60397 (max 14.95), (true 882, predicted [412])
attack: step 5/10, xent loss = 7.99385, l2 loss = 7.16543 (max 14.95), (true 882, predicted [412])
attack: step 6/10, xent loss = 9.82325, l2 loss = 8.19916 (max 14.95), (true 882, predicted [412])
attack: step 7/10, xent loss = 9.87257, l2 loss = 8.82492 (max 14.95), (true 882, predicted [412])
attack: step 8/10, xent loss = 10.2808, l2 loss = 9.60555 (max 14.95), (true 882, predicted [412])
attack: step 9/10, xent loss = 11.5213, l2 loss = 10.4059 (max 14.95), (true 882, predicted [412])
attack: step 10/10, xent loss = 11.8404, l2 loss = 10.9926 (max 14.95), (true 882, predicted [412])
true = 882, adv = 412
evaluating 797 of [790, 800)
attack: step 1/10, xent loss = 0.00444294, l2 loss = 0 (max 14.95), (true 902, predicted [902])
attack: step 2/10, xent loss = 0.00631231, l2 loss = 0.0265547 (max 14.95), (true 902, predicted [902])
attack: step 3/10, xent loss = 0.00627997, l2 loss = 0.0487937 (max 14.95), (true 902, predicted [902])
attack: step 4/10, xent loss = 0.00203462, l2 loss = 0.0665535 (max 14.95), (true 902, predicted [902])
attack: step 5/10, xent loss = 0.0171218, l2 loss = 0.0690911 (max 14.95), (true 902, predicted [902])
attack: step 6/10, xent loss = 0.0105069, l2 loss = 0.135875 (max 14.95), (true 902, predicted [902])
attack: step 7/10, xent loss = 0.00338909, l2 loss = 0.157442 (max 14.95), (true 902, predicted [902])
attack: step 8/10, xent loss = 0.00416685, l2 loss = 0.160276 (max 14.95), (true 902, predicted [902])
attack: step 9/10, xent loss = 0.0063122, l2 loss = 0.165153 (max 14.95), (true 902, predicted [902])
attack: step 10/10, xent loss = 0.00965084, l2 loss = 0.174727 (max 14.95), (true 902, predicted [902])
true = 902, adv = 902
evaluating 798 of [790, 800)
attack: step 1/10, xent loss = 4.59249, l2 loss = 0 (max 14.95), (true 171, predicted [176])
attack: step 2/10, xent loss = 5.94309, l2 loss = 5.10299 (max 14.95), (true 171, predicted [176])
attack: step 3/10, xent loss = 7.47892, l2 loss = 7.12282 (max 14.95), (true 171, predicted [176])
attack: step 4/10, xent loss = 8.03537, l2 loss = 9.40281 (max 14.95), (true 171, predicted [176])
attack: step 5/10, xent loss = 8.34992, l2 loss = 11.5423 (max 14.95), (true 171, predicted [176])
attack: step 6/10, xent loss = 10.8338, l2 loss = 12.1546 (max 14.95), (true 171, predicted [176])
attack: step 7/10, xent loss = 9.11732, l2 loss = 13.4804 (max 14.95), (true 171, predicted [176])
attack: step 8/10, xent loss = 10.7824, l2 loss = 14.1402 (max 14.95), (true 171, predicted [176])
attack: step 9/10, xent loss = 12.1534, l2 loss = 14.801 (max 14.95), (true 171, predicted [176])
attack: step 10/10, xent loss = 14.6379, l2 loss = 15.5924 (max 14.95), (true 171, predicted [176])
check failed
true = 171, adv = 176
evaluating 799 of [790, 800)
attack: step 1/10, xent loss = 0.122111, l2 loss = 0 (max 14.95), (true 195, predicted [195])
attack: step 2/10, xent loss = 0.0683721, l2 loss = 0.24235 (max 14.95), (true 195, predicted [195])
attack: step 3/10, xent loss = 0.113495, l2 loss = 0.267393 (max 14.95), (true 195, predicted [195])
attack: step 4/10, xent loss = 0.253648, l2 loss = 0.352125 (max 14.95), (true 195, predicted [195])
attack: step 5/10, xent loss = 0.0845531, l2 loss = 0.597443 (max 14.95), (true 195, predicted [195])
attack: step 6/10, xent loss = 0.139619, l2 loss = 0.633376 (max 14.95), (true 195, predicted [195])
attack: step 7/10, xent loss = 0.140822, l2 loss = 0.717434 (max 14.95), (true 195, predicted [195])
attack: step 8/10, xent loss = 0.096654, l2 loss = 0.772491 (max 14.95), (true 195, predicted [195])
attack: step 9/10, xent loss = 0.148728, l2 loss = 0.823935 (max 14.95), (true 195, predicted [195])
attack: step 10/10, xent loss = 0.127488, l2 loss = 0.915618 (max 14.95), (true 195, predicted [195])
true = 195, adv = 195
