2019-06-03 21:55:33.602967: I tensorflow/core/platform/cpu_feature_guard.cc:141] Your CPU supports instructions that this TensorFlow binary was not compiled to use: SSE4.1 SSE4.2 AVX AVX2 FMA
2019-06-03 21:55:34.219067: I tensorflow/core/platform/profile_utils/cpu_utils.cc:94] CPU Frequency: 2599990000 Hz
2019-06-03 21:55:34.231853: I tensorflow/compiler/xla/service/service.cc:150] XLA service 0x2aaae6bbfc40 executing computations on platform Host. Devices:
2019-06-03 21:55:34.231894: I tensorflow/compiler/xla/service/service.cc:158]   StreamExecutor device (0): <undefined>, <undefined>
2019-06-03 21:55:34.232240: I tensorflow/core/common_runtime/process_util.cc:71] Creating new thread pool with default inter op setting: 2. Tune using inter_op_parallelism_threads for best performance.
evaluating 330 of [330, 340)
attack: step 1/10, xent loss = 0.185073, l2 loss = 0 (max 14.95), (true 525, predicted [525])
attack: step 2/10, xent loss = 0.0393675, l2 loss = 1.12745 (max 14.95), (true 525, predicted [525])
attack: step 3/10, xent loss = 0.100231, l2 loss = 1.16423 (max 14.95), (true 525, predicted [525])
attack: step 4/10, xent loss = 1.05139, l2 loss = 1.37416 (max 14.95), (true 525, predicted [525])
attack: step 5/10, xent loss = 5.52061, l2 loss = 5.68919 (max 14.95), (true 525, predicted [936])
attack: step 6/10, xent loss = 9.01629, l2 loss = 12.771 (max 14.95), (true 525, predicted [84])
attack: step 7/10, xent loss = 14.73, l2 loss = 15.4051 (max 14.95), (true 525, predicted [84])
attack: step 8/10, xent loss = 15.8133, l2 loss = 16.2512 (max 14.95), (true 525, predicted [84])
attack: step 9/10, xent loss = 18.3421, l2 loss = 19.6655 (max 14.95), (true 525, predicted [84])
attack: step 10/10, xent loss = 18.3918, l2 loss = 20.631 (max 14.95), (true 525, predicted [84])
check failed
true = 525, adv = 84
evaluating 331 of [330, 340)
attack: step 1/10, xent loss = 3.46113, l2 loss = 0 (max 14.95), (true 490, predicted [679])
attack: step 2/10, xent loss = 4.18242, l2 loss = 3.71223 (max 14.95), (true 490, predicted [679])
attack: step 3/10, xent loss = 5.98459, l2 loss = 5.28799 (max 14.95), (true 490, predicted [679])
attack: step 4/10, xent loss = 7.76959, l2 loss = 6.56855 (max 14.95), (true 490, predicted [679])
attack: step 5/10, xent loss = 8.4384, l2 loss = 7.259 (max 14.95), (true 490, predicted [679])
attack: step 6/10, xent loss = 9.38912, l2 loss = 8.03482 (max 14.95), (true 490, predicted [679])
attack: step 7/10, xent loss = 10.714, l2 loss = 8.70105 (max 14.95), (true 490, predicted [679])
attack: step 8/10, xent loss = 10.9508, l2 loss = 9.3303 (max 14.95), (true 490, predicted [679])
attack: step 9/10, xent loss = 11.7911, l2 loss = 10.3262 (max 14.95), (true 490, predicted [679])
attack: step 10/10, xent loss = 12.2802, l2 loss = 11.0938 (max 14.95), (true 490, predicted [679])
true = 490, adv = 679
evaluating 332 of [330, 340)
attack: step 1/10, xent loss = 3.31346, l2 loss = 0 (max 14.95), (true 192, predicted [184])
attack: step 2/10, xent loss = 5.26598, l2 loss = 7.42511 (max 14.95), (true 192, predicted [184])
attack: step 3/10, xent loss = 7.00097, l2 loss = 9.6504 (max 14.95), (true 192, predicted [184])
attack: step 4/10, xent loss = 9.75777, l2 loss = 10.8556 (max 14.95), (true 192, predicted [189])
attack: step 5/10, xent loss = 10.5051, l2 loss = 11.6413 (max 14.95), (true 192, predicted [184])
attack: step 6/10, xent loss = 11.7874, l2 loss = 12.0694 (max 14.95), (true 192, predicted [191])
attack: step 7/10, xent loss = 13.2423, l2 loss = 12.6718 (max 14.95), (true 192, predicted [191])
attack: step 8/10, xent loss = 11.7559, l2 loss = 13.1664 (max 14.95), (true 192, predicted [191])
attack: step 9/10, xent loss = 13.3232, l2 loss = 14.9458 (max 14.95), (true 192, predicted [191])
attack: step 10/10, xent loss = 13.043, l2 loss = 15.7526 (max 14.95), (true 192, predicted [191])
check failed
true = 192, adv = 191
evaluating 333 of [330, 340)
attack: step 1/10, xent loss = 0.885733, l2 loss = 0 (max 14.95), (true 535, predicted [535])
attack: step 2/10, xent loss = 2.88904, l2 loss = 2.26754 (max 14.95), (true 535, predicted [880])
attack: step 3/10, xent loss = 2.18259, l2 loss = 3.54173 (max 14.95), (true 535, predicted [880])
attack: step 4/10, xent loss = 2.56301, l2 loss = 4.69306 (max 14.95), (true 535, predicted [880])
attack: step 5/10, xent loss = 3.4961, l2 loss = 5.46045 (max 14.95), (true 535, predicted [880])
attack: step 6/10, xent loss = 3.98935, l2 loss = 6.22889 (max 14.95), (true 535, predicted [840])
attack: step 7/10, xent loss = 4.58707, l2 loss = 6.89937 (max 14.95), (true 535, predicted [880])
attack: step 8/10, xent loss = 5.20164, l2 loss = 7.22232 (max 14.95), (true 535, predicted [840])
attack: step 9/10, xent loss = 4.75607, l2 loss = 7.53936 (max 14.95), (true 535, predicted [840])
attack: step 10/10, xent loss = 5.47073, l2 loss = 8.05382 (max 14.95), (true 535, predicted [840])
true = 535, adv = 840
evaluating 334 of [330, 340)
attack: step 1/10, xent loss = 0.0520343, l2 loss = 0 (max 14.95), (true 64, predicted [64])
attack: step 2/10, xent loss = 0.106797, l2 loss = 0.209868 (max 14.95), (true 64, predicted [64])
attack: step 3/10, xent loss = 0.284209, l2 loss = 0.537792 (max 14.95), (true 64, predicted [64])
attack: step 4/10, xent loss = 0.143699, l2 loss = 1.1577 (max 14.95), (true 64, predicted [64])
attack: step 5/10, xent loss = 0.269255, l2 loss = 1.32413 (max 14.95), (true 64, predicted [64])
attack: step 6/10, xent loss = 0.432992, l2 loss = 1.78579 (max 14.95), (true 64, predicted [64])
attack: step 7/10, xent loss = 1.06325, l2 loss = 2.40092 (max 14.95), (true 64, predicted [64])
attack: step 8/10, xent loss = 0.970268, l2 loss = 3.64797 (max 14.95), (true 64, predicted [64])
attack: step 9/10, xent loss = 2.1435, l2 loss = 4.59727 (max 14.95), (true 64, predicted [59])
attack: step 10/10, xent loss = 4.02836, l2 loss = 6.02221 (max 14.95), (true 64, predicted [59])
true = 64, adv = 943
evaluating 335 of [330, 340)
attack: step 1/10, xent loss = 7.02124, l2 loss = 0 (max 14.95), (true 5, predicted [692])
attack: step 2/10, xent loss = 7.49816, l2 loss = 6.17919 (max 14.95), (true 5, predicted [109])
attack: step 3/10, xent loss = 7.91886, l2 loss = 6.66424 (max 14.95), (true 5, predicted [692])
attack: step 4/10, xent loss = 8.56825, l2 loss = 7.6772 (max 14.95), (true 5, predicted [840])
attack: step 5/10, xent loss = 9.38998, l2 loss = 8.03079 (max 14.95), (true 5, predicted [840])
attack: step 6/10, xent loss = 8.87615, l2 loss = 9.20016 (max 14.95), (true 5, predicted [793])
attack: step 7/10, xent loss = 8.96751, l2 loss = 10.214 (max 14.95), (true 5, predicted [692])
attack: step 8/10, xent loss = 7.65032, l2 loss = 10.6123 (max 14.95), (true 5, predicted [840])
attack: step 9/10, xent loss = 10.0324, l2 loss = 11.042 (max 14.95), (true 5, predicted [692])
attack: step 10/10, xent loss = 10.1682, l2 loss = 11.2553 (max 14.95), (true 5, predicted [793])
true = 5, adv = 793
evaluating 336 of [330, 340)
attack: step 1/10, xent loss = 6.07656, l2 loss = 0 (max 14.95), (true 935, predicted [927])
attack: step 2/10, xent loss = 9.77992, l2 loss = 5.34983 (max 14.95), (true 935, predicted [927])
attack: step 3/10, xent loss = 11.8098, l2 loss = 7.44044 (max 14.95), (true 935, predicted [927])
attack: step 4/10, xent loss = 11.5441, l2 loss = 8.40772 (max 14.95), (true 935, predicted [927])
attack: step 5/10, xent loss = 13.5394, l2 loss = 9.63772 (max 14.95), (true 935, predicted [927])
attack: step 6/10, xent loss = 13.8602, l2 loss = 10.2608 (max 14.95), (true 935, predicted [927])
attack: step 7/10, xent loss = 15.4998, l2 loss = 10.883 (max 14.95), (true 935, predicted [927])
attack: step 8/10, xent loss = 16.3623, l2 loss = 11.7478 (max 14.95), (true 935, predicted [927])
attack: step 9/10, xent loss = 16.2241, l2 loss = 12.8755 (max 14.95), (true 935, predicted [927])
attack: step 10/10, xent loss = 17.1685, l2 loss = 13.5006 (max 14.95), (true 935, predicted [927])
true = 935, adv = 927
evaluating 337 of [330, 340)
attack: step 1/10, xent loss = 7.22103, l2 loss = 0 (max 14.95), (true 792, predicted [999])
attack: step 2/10, xent loss = 10.0486, l2 loss = 7.42991 (max 14.95), (true 792, predicted [71])
attack: step 3/10, xent loss = 10.3452, l2 loss = 8.49483 (max 14.95), (true 792, predicted [999])
attack: step 4/10, xent loss = 10.7695, l2 loss = 13.8805 (max 14.95), (true 792, predicted [728])
attack: step 5/10, xent loss = 12.6588, l2 loss = 14.688 (max 14.95), (true 792, predicted [728])
attack: step 6/10, xent loss = 12.4142, l2 loss = 17.2811 (max 14.95), (true 792, predicted [728])
attack: step 7/10, xent loss = 14.7047, l2 loss = 19.1275 (max 14.95), (true 792, predicted [728])
attack: step 8/10, xent loss = 15.837, l2 loss = 20.5414 (max 14.95), (true 792, predicted [728])
attack: step 9/10, xent loss = 15.1945, l2 loss = 22.1425 (max 14.95), (true 792, predicted [728])
attack: step 10/10, xent loss = 18.6636, l2 loss = 26.135 (max 14.95), (true 792, predicted [728])
check failed
true = 792, adv = 728
evaluating 338 of [330, 340)
attack: step 1/10, xent loss = 6.86208, l2 loss = 0 (max 14.95), (true 278, predicted [728])
attack: step 2/10, xent loss = 9.04573, l2 loss = 7.80273 (max 14.95), (true 278, predicted [728])
attack: step 3/10, xent loss = 9.4008, l2 loss = 8.82094 (max 14.95), (true 278, predicted [728])
attack: step 4/10, xent loss = 13.304, l2 loss = 12.9499 (max 14.95), (true 278, predicted [728])
attack: step 5/10, xent loss = 14.3604, l2 loss = 14.4026 (max 14.95), (true 278, predicted [728])
attack: step 6/10, xent loss = 15.4891, l2 loss = 15.6191 (max 14.95), (true 278, predicted [728])
attack: step 7/10, xent loss = 21.461, l2 loss = 17.8183 (max 14.95), (true 278, predicted [728])
attack: step 8/10, xent loss = 19.8517, l2 loss = 19.1691 (max 14.95), (true 278, predicted [728])
attack: step 9/10, xent loss = 26.1935, l2 loss = 20.6793 (max 14.95), (true 278, predicted [728])
attack: step 10/10, xent loss = 25.0078, l2 loss = 22.577 (max 14.95), (true 278, predicted [728])
check failed
true = 278, adv = 728
evaluating 339 of [330, 340)
attack: step 1/10, xent loss = 2.37144, l2 loss = 0 (max 14.95), (true 806, predicted [774])
attack: step 2/10, xent loss = 4.36963, l2 loss = 3.02954 (max 14.95), (true 806, predicted [774])
attack: step 3/10, xent loss = 5.01508, l2 loss = 4.23654 (max 14.95), (true 806, predicted [774])
attack: step 4/10, xent loss = 6.76173, l2 loss = 5.87595 (max 14.95), (true 806, predicted [774])
attack: step 5/10, xent loss = 6.59052, l2 loss = 8.44887 (max 14.95), (true 806, predicted [774])
attack: step 6/10, xent loss = 9.79875, l2 loss = 9.91209 (max 14.95), (true 806, predicted [774])
attack: step 7/10, xent loss = 10.9227, l2 loss = 11.4708 (max 14.95), (true 806, predicted [774])
attack: step 8/10, xent loss = 11.9362, l2 loss = 12.7713 (max 14.95), (true 806, predicted [774])
attack: step 9/10, xent loss = 10.2078, l2 loss = 14.1953 (max 14.95), (true 806, predicted [774])
attack: step 10/10, xent loss = 11.5559, l2 loss = 15.7105 (max 14.95), (true 806, predicted [774])
check failed
true = 806, adv = 774
Warning: Permanently added 'node178,192.168.10.178' (RSA) to the list of known hosts.
