2019-06-26 22:30:03.058141: I tensorflow/core/platform/cpu_feature_guard.cc:141] Your CPU supports instructions that this TensorFlow binary was not compiled to use: SSE4.1 SSE4.2 AVX AVX2 FMA
2019-06-26 22:30:03.094981: I tensorflow/core/platform/profile_utils/cpu_utils.cc:94] CPU Frequency: 2600025000 Hz
2019-06-26 22:30:03.253167: I tensorflow/compiler/xla/service/service.cc:150] XLA service 0x2aaae6d4a980 executing computations on platform Host. Devices:
2019-06-26 22:30:03.253516: I tensorflow/compiler/xla/service/service.cc:158]   StreamExecutor device (0): <undefined>, <undefined>
2019-06-26 22:30:03.254599: I tensorflow/core/common_runtime/process_util.cc:71] Creating new thread pool with default inter op setting: 2. Tune using inter_op_parallelism_threads for best performance.
evaluating 770 of [770, 780)
attack: step 1/10, xent loss = 0.374184, l2 loss = 2.7203 (max 14.95), (true 737, predicted [737])
attack: step 2/10, xent loss = 0.215461, l2 loss = 3.06953 (max 14.95), (true 737, predicted [737])
attack: step 3/10, xent loss = 0.50452, l2 loss = 3.18964 (max 14.95), (true 737, predicted [737])
attack: step 4/10, xent loss = 1.49573, l2 loss = 3.55762 (max 14.95), (true 737, predicted [440])
attack: step 5/10, xent loss = 0.445486, l2 loss = 4.63626 (max 14.95), (true 737, predicted [737])
attack: step 6/10, xent loss = 1.11752, l2 loss = 4.88911 (max 14.95), (true 737, predicted [440])
attack: step 7/10, xent loss = 0.260288, l2 loss = 6.0175 (max 14.95), (true 737, predicted [737])
attack: step 8/10, xent loss = 0.223674, l2 loss = 6.10961 (max 14.95), (true 737, predicted [737])
attack: step 9/10, xent loss = 1.51356, l2 loss = 6.2274 (max 14.95), (true 737, predicted [440])
attack: step 10/10, xent loss = 0.81319, l2 loss = 7.16818 (max 14.95), (true 737, predicted [440])
true = 737, adv = 440
evaluating 771 of [770, 780)
attack: step 1/10, xent loss = 0.11995, l2 loss = 1.42243 (max 14.95), (true 629, predicted [629])
attack: step 2/10, xent loss = 0.385861, l2 loss = 1.52404 (max 14.95), (true 629, predicted [629])
attack: step 3/10, xent loss = 0.329867, l2 loss = 2.06266 (max 14.95), (true 629, predicted [629])
attack: step 4/10, xent loss = 0.304764, l2 loss = 2.39549 (max 14.95), (true 629, predicted [629])
attack: step 5/10, xent loss = 0.247511, l2 loss = 2.68648 (max 14.95), (true 629, predicted [629])
attack: step 6/10, xent loss = 0.204835, l2 loss = 2.92297 (max 14.95), (true 629, predicted [629])
attack: step 7/10, xent loss = 0.477398, l2 loss = 3.09786 (max 14.95), (true 629, predicted [629])
attack: step 8/10, xent loss = 0.723714, l2 loss = 3.62405 (max 14.95), (true 629, predicted [629])
attack: step 9/10, xent loss = 1.01147, l2 loss = 4.13998 (max 14.95), (true 629, predicted [551])
attack: step 10/10, xent loss = 1.5157, l2 loss = 4.86857 (max 14.95), (true 629, predicted [551])
true = 629, adv = 551
evaluating 772 of [770, 780)
attack: step 1/10, xent loss = 5.9789, l2 loss = 12.5599 (max 14.95), (true 375, predicted [738])
attack: step 2/10, xent loss = 8.27536, l2 loss = 13.2669 (max 14.95), (true 375, predicted [946])
attack: step 3/10, xent loss = 5.70705, l2 loss = 13.996 (max 14.95), (true 375, predicted [944])
attack: step 4/10, xent loss = 7.66442, l2 loss = 14.6457 (max 14.95), (true 375, predicted [738])
attack: step 5/10, xent loss = 8.91802, l2 loss = 14.9021 (max 14.95), (true 375, predicted [946])
attack: step 6/10, xent loss = 7.54896, l2 loss = 15.2977 (max 14.95), (true 375, predicted [946])
attack: step 7/10, xent loss = 9.65349, l2 loss = 15.6584 (max 14.95), (true 375, predicted [946])
attack: step 8/10, xent loss = 9.02561, l2 loss = 15.8728 (max 14.95), (true 375, predicted [946])
attack: step 9/10, xent loss = 9.5678, l2 loss = 16.216 (max 14.95), (true 375, predicted [946])
attack: step 10/10, xent loss = 9.29093, l2 loss = 16.4361 (max 14.95), (true 375, predicted [946])
check failed
true = 375, adv = 946
evaluating 773 of [770, 780)
attack: step 1/10, xent loss = 3.08439, l2 loss = 10.7943 (max 14.95), (true 363, predicted [99])
attack: step 2/10, xent loss = 4.98038, l2 loss = 11.844 (max 14.95), (true 363, predicted [99])
attack: step 3/10, xent loss = 4.80394, l2 loss = 12.4917 (max 14.95), (true 363, predicted [86])
attack: step 4/10, xent loss = 4.44355, l2 loss = 13.3603 (max 14.95), (true 363, predicted [93])
attack: step 5/10, xent loss = 5.55539, l2 loss = 13.8764 (max 14.95), (true 363, predicted [99])
attack: step 6/10, xent loss = 6.79577, l2 loss = 14.2751 (max 14.95), (true 363, predicted [135])
attack: step 7/10, xent loss = 5.58779, l2 loss = 14.6533 (max 14.95), (true 363, predicted [316])
attack: step 8/10, xent loss = 6.60523, l2 loss = 15.0531 (max 14.95), (true 363, predicted [133])
attack: step 9/10, xent loss = 8.5846, l2 loss = 15.4308 (max 14.95), (true 363, predicted [91])
attack: step 10/10, xent loss = 6.87946, l2 loss = 15.8388 (max 14.95), (true 363, predicted [82])
check failed
true = 363, adv = 84
evaluating 774 of [770, 780)
attack: step 1/10, xent loss = 8.74953, l2 loss = 12.6219 (max 14.95), (true 288, predicted [251])
attack: step 2/10, xent loss = 9.63017, l2 loss = 13.0732 (max 14.95), (true 288, predicted [251])
attack: step 3/10, xent loss = 10.5314, l2 loss = 13.5829 (max 14.95), (true 288, predicted [251])
attack: step 4/10, xent loss = 11.2248, l2 loss = 14.0057 (max 14.95), (true 288, predicted [251])
attack: step 5/10, xent loss = 10.8213, l2 loss = 14.3682 (max 14.95), (true 288, predicted [251])
attack: step 6/10, xent loss = 11.2282, l2 loss = 14.6343 (max 14.95), (true 288, predicted [251])
attack: step 7/10, xent loss = 11.9654, l2 loss = 15.0054 (max 14.95), (true 288, predicted [251])
attack: step 8/10, xent loss = 10.2557, l2 loss = 15.3376 (max 14.95), (true 288, predicted [251])
attack: step 9/10, xent loss = 11.8469, l2 loss = 15.7915 (max 14.95), (true 288, predicted [251])
attack: step 10/10, xent loss = 12.625, l2 loss = 16.1963 (max 14.95), (true 288, predicted [251])
check failed
true = 288, adv = 251
evaluating 775 of [770, 780)
attack: step 1/10, xent loss = 29.3493, l2 loss = 27.2754 (max 14.95), (true 548, predicted [915])
attack: step 2/10, xent loss = 32.4532, l2 loss = 28.531 (max 14.95), (true 548, predicted [915])
attack: step 3/10, xent loss = 33.3761, l2 loss = 29.7257 (max 14.95), (true 548, predicted [915])
attack: step 4/10, xent loss = 34.7377, l2 loss = 31.0085 (max 14.95), (true 548, predicted [915])
attack: step 5/10, xent loss = 37.4149, l2 loss = 32.0442 (max 14.95), (true 548, predicted [915])
attack: step 6/10, xent loss = 37.7743, l2 loss = 33.1737 (max 14.95), (true 548, predicted [915])
attack: step 7/10, xent loss = 38.636, l2 loss = 34.3762 (max 14.95), (true 548, predicted [915])
attack: step 8/10, xent loss = 38.025, l2 loss = 35.3839 (max 14.95), (true 548, predicted [915])
attack: step 9/10, xent loss = 41.4634, l2 loss = 36.4876 (max 14.95), (true 548, predicted [915])
attack: step 10/10, xent loss = 41.4996, l2 loss = 37.6005 (max 14.95), (true 548, predicted [915])
check failed
true = 548, adv = 915
evaluating 776 of [770, 780)
attack: step 1/10, xent loss = 14.6515, l2 loss = 19.1644 (max 14.95), (true 807, predicted [448])
attack: step 2/10, xent loss = 15.4671, l2 loss = 20.1209 (max 14.95), (true 807, predicted [448])
attack: step 3/10, xent loss = 14.746, l2 loss = 21.1376 (max 14.95), (true 807, predicted [448])
attack: step 4/10, xent loss = 15.992, l2 loss = 21.8521 (max 14.95), (true 807, predicted [448])
attack: step 5/10, xent loss = 15.4603, l2 loss = 22.5788 (max 14.95), (true 807, predicted [448])
attack: step 6/10, xent loss = 18.295, l2 loss = 23.5284 (max 14.95), (true 807, predicted [448])
attack: step 7/10, xent loss = 18.3077, l2 loss = 24.1456 (max 14.95), (true 807, predicted [448])
attack: step 8/10, xent loss = 18.6013, l2 loss = 24.8406 (max 14.95), (true 807, predicted [448])
attack: step 9/10, xent loss = 22.4654, l2 loss = 25.4639 (max 14.95), (true 807, predicted [448])
attack: step 10/10, xent loss = 20.2919, l2 loss = 26.3356 (max 14.95), (true 807, predicted [448])
check failed
true = 807, adv = 448
evaluating 777 of [770, 780)
attack: step 1/10, xent loss = 21.2327, l2 loss = 26.7995 (max 14.95), (true 64, predicted [971])
attack: step 2/10, xent loss = 24.9044, l2 loss = 28.0197 (max 14.95), (true 64, predicted [971])
attack: step 3/10, xent loss = 21.5493, l2 loss = 29.9396 (max 14.95), (true 64, predicted [971])
attack: step 4/10, xent loss = 27.0834, l2 loss = 32.7368 (max 14.95), (true 64, predicted [971])
attack: step 5/10, xent loss = 28.9984, l2 loss = 34.3696 (max 14.95), (true 64, predicted [971])
attack: step 6/10, xent loss = 34.8358, l2 loss = 35.7442 (max 14.95), (true 64, predicted [971])
attack: step 7/10, xent loss = 35.3524, l2 loss = 36.7763 (max 14.95), (true 64, predicted [971])
attack: step 8/10, xent loss = 37.5281, l2 loss = 38.145 (max 14.95), (true 64, predicted [971])
attack: step 9/10, xent loss = 40.1529, l2 loss = 39.127 (max 14.95), (true 64, predicted [971])
attack: step 10/10, xent loss = 35.3724, l2 loss = 40.6616 (max 14.95), (true 64, predicted [971])
check failed
true = 64, adv = 971
evaluating 778 of [770, 780)
attack: step 1/10, xent loss = 4.78503, l2 loss = 8.96677 (max 14.95), (true 603, predicted [690])
attack: step 2/10, xent loss = 4.4622, l2 loss = 9.65945 (max 14.95), (true 603, predicted [690])
attack: step 3/10, xent loss = 7.02846, l2 loss = 10.2732 (max 14.95), (true 603, predicted [832])
attack: step 4/10, xent loss = 7.08135, l2 loss = 11.6581 (max 14.95), (true 603, predicted [723])
attack: step 5/10, xent loss = 6.94266, l2 loss = 13.4874 (max 14.95), (true 603, predicted [723])
attack: step 6/10, xent loss = 7.15783, l2 loss = 13.9689 (max 14.95), (true 603, predicted [723])
attack: step 7/10, xent loss = 8.52627, l2 loss = 14.9422 (max 14.95), (true 603, predicted [723])
attack: step 8/10, xent loss = 8.63946, l2 loss = 15.2279 (max 14.95), (true 603, predicted [723])
attack: step 9/10, xent loss = 9.26111, l2 loss = 15.5392 (max 14.95), (true 603, predicted [723])
attack: step 10/10, xent loss = 9.6396, l2 loss = 16.2578 (max 14.95), (true 603, predicted [723])
check failed
true = 603, adv = 723
evaluating 779 of [770, 780)
attack: step 1/10, xent loss = 27.2053, l2 loss = 26.8156 (max 14.95), (true 388, predicted [728])
attack: step 2/10, xent loss = 31.158, l2 loss = 27.9147 (max 14.95), (true 388, predicted [728])
attack: step 3/10, xent loss = 33.2701, l2 loss = 29.0513 (max 14.95), (true 388, predicted [728])
attack: step 4/10, xent loss = 29.3205, l2 loss = 30.1151 (max 14.95), (true 388, predicted [728])
attack: step 5/10, xent loss = 28.5922, l2 loss = 32.0012 (max 14.95), (true 388, predicted [728])
attack: step 6/10, xent loss = 33.0974, l2 loss = 33.1038 (max 14.95), (true 388, predicted [728])
attack: step 7/10, xent loss = 36.2719, l2 loss = 33.9806 (max 14.95), (true 388, predicted [728])
attack: step 8/10, xent loss = 34.124, l2 loss = 34.8431 (max 14.95), (true 388, predicted [728])
attack: step 9/10, xent loss = 38.2432, l2 loss = 35.9406 (max 14.95), (true 388, predicted [728])
attack: step 10/10, xent loss = 37.581, l2 loss = 36.8028 (max 14.95), (true 388, predicted [728])
check failed
true = 388, adv = 728
