2019-06-24 23:29:17.586969: I tensorflow/core/platform/cpu_feature_guard.cc:141] Your CPU supports instructions that this TensorFlow binary was not compiled to use: SSE4.1 SSE4.2 AVX AVX2 FMA
2019-06-24 23:29:18.775850: I tensorflow/core/platform/profile_utils/cpu_utils.cc:94] CPU Frequency: 2599810000 Hz
2019-06-24 23:29:18.852724: I tensorflow/compiler/xla/service/service.cc:150] XLA service 0x2aaae6bbfe30 executing computations on platform Host. Devices:
2019-06-24 23:29:18.852771: I tensorflow/compiler/xla/service/service.cc:158]   StreamExecutor device (0): <undefined>, <undefined>
2019-06-24 23:29:18.853145: I tensorflow/core/common_runtime/process_util.cc:71] Creating new thread pool with default inter op setting: 2. Tune using inter_op_parallelism_threads for best performance.
evaluating 280 of [280, 290)
attack: step 1/10, xent loss = 14.307, l2 loss = 13.4783 (max 14.95), (true 574, predicted [722])
attack: step 2/10, xent loss = 12.5714, l2 loss = 14.3662 (max 14.95), (true 574, predicted [722])
attack: step 3/10, xent loss = 12.1134, l2 loss = 15.4194 (max 14.95), (true 574, predicted [722])
attack: step 4/10, xent loss = 14.5151, l2 loss = 16.0399 (max 14.95), (true 574, predicted [722])
attack: step 5/10, xent loss = 13.2349, l2 loss = 16.797 (max 14.95), (true 574, predicted [722])
attack: step 6/10, xent loss = 14.3534, l2 loss = 17.3786 (max 14.95), (true 574, predicted [722])
attack: step 7/10, xent loss = 14.4393, l2 loss = 17.9859 (max 14.95), (true 574, predicted [722])
attack: step 8/10, xent loss = 14.3041, l2 loss = 18.6257 (max 14.95), (true 574, predicted [722])
attack: step 9/10, xent loss = 14.8105, l2 loss = 19.2186 (max 14.95), (true 574, predicted [722])
attack: step 10/10, xent loss = 15.2443, l2 loss = 19.8798 (max 14.95), (true 574, predicted [722])
check failed
true = 574, adv = 722
evaluating 281 of [280, 290)
attack: step 1/10, xent loss = 4.74212, l2 loss = 7.92491 (max 14.95), (true 271, predicted [277])
attack: step 2/10, xent loss = 4.89677, l2 loss = 8.52894 (max 14.95), (true 271, predicted [277])
attack: step 3/10, xent loss = 5.13401, l2 loss = 8.97159 (max 14.95), (true 271, predicted [277])
attack: step 4/10, xent loss = 5.15985, l2 loss = 9.41944 (max 14.95), (true 271, predicted [173])
attack: step 5/10, xent loss = 7.47889, l2 loss = 10.0551 (max 14.95), (true 271, predicted [173])
attack: step 6/10, xent loss = 5.58458, l2 loss = 11.2152 (max 14.95), (true 271, predicted [277])
attack: step 7/10, xent loss = 8.90443, l2 loss = 11.5521 (max 14.95), (true 271, predicted [173])
attack: step 8/10, xent loss = 8.42881, l2 loss = 12.5743 (max 14.95), (true 271, predicted [173])
attack: step 9/10, xent loss = 9.0781, l2 loss = 13.9701 (max 14.95), (true 271, predicted [173])
attack: step 10/10, xent loss = 11.7954, l2 loss = 14.7154 (max 14.95), (true 271, predicted [173])
check failed
true = 271, adv = 173
evaluating 282 of [280, 290)
attack: step 1/10, xent loss = 0.163187, l2 loss = 0.6822 (max 14.95), (true 141, predicted [141])
attack: step 2/10, xent loss = 0.153486, l2 loss = 0.759891 (max 14.95), (true 141, predicted [141])
attack: step 3/10, xent loss = 0.155198, l2 loss = 0.850913 (max 14.95), (true 141, predicted [141])
attack: step 4/10, xent loss = 0.123452, l2 loss = 0.924083 (max 14.95), (true 141, predicted [141])
attack: step 5/10, xent loss = 0.172958, l2 loss = 0.98387 (max 14.95), (true 141, predicted [141])
attack: step 6/10, xent loss = 0.232442, l2 loss = 1.08017 (max 14.95), (true 141, predicted [141])
attack: step 7/10, xent loss = 0.219403, l2 loss = 1.18938 (max 14.95), (true 141, predicted [141])
attack: step 8/10, xent loss = 0.224723, l2 loss = 1.28701 (max 14.95), (true 141, predicted [141])
attack: step 9/10, xent loss = 0.227374, l2 loss = 1.38075 (max 14.95), (true 141, predicted [141])
attack: step 10/10, xent loss = 0.255149, l2 loss = 1.48377 (max 14.95), (true 141, predicted [141])
true = 141, adv = 141
evaluating 283 of [280, 290)
attack: step 1/10, xent loss = 19.6724, l2 loss = 15.3587 (max 14.95), (true 784, predicted [438])
attack: step 2/10, xent loss = 20.9973, l2 loss = 16.3753 (max 14.95), (true 784, predicted [438])
attack: step 3/10, xent loss = 18.7739, l2 loss = 17.3222 (max 14.95), (true 784, predicted [438])
attack: step 4/10, xent loss = 20.3724, l2 loss = 18.5277 (max 14.95), (true 784, predicted [438])
attack: step 5/10, xent loss = 21.7925, l2 loss = 19.1939 (max 14.95), (true 784, predicted [438])
attack: step 6/10, xent loss = 23.4237, l2 loss = 19.901 (max 14.95), (true 784, predicted [438])
attack: step 7/10, xent loss = 25.1269, l2 loss = 20.8036 (max 14.95), (true 784, predicted [438])
attack: step 8/10, xent loss = 25.1714, l2 loss = 21.7265 (max 14.95), (true 784, predicted [438])
attack: step 9/10, xent loss = 24.2742, l2 loss = 22.6013 (max 14.95), (true 784, predicted [438])
attack: step 10/10, xent loss = 26.7484, l2 loss = 23.7633 (max 14.95), (true 784, predicted [438])
check failed
true = 784, adv = 438
evaluating 284 of [280, 290)
attack: step 1/10, xent loss = 11.3432, l2 loss = 15.4879 (max 14.95), (true 673, predicted [439])
attack: step 2/10, xent loss = 14.7772, l2 loss = 17.1662 (max 14.95), (true 673, predicted [439])
attack: step 3/10, xent loss = 16.8268, l2 loss = 18.3759 (max 14.95), (true 673, predicted [439])
attack: step 4/10, xent loss = 17.2648, l2 loss = 19.5837 (max 14.95), (true 673, predicted [439])
attack: step 5/10, xent loss = 18.8853, l2 loss = 20.8686 (max 14.95), (true 673, predicted [439])
attack: step 6/10, xent loss = 19.4479, l2 loss = 22.0293 (max 14.95), (true 673, predicted [439])
attack: step 7/10, xent loss = 20.4399, l2 loss = 23.1542 (max 14.95), (true 673, predicted [439])
attack: step 8/10, xent loss = 19.2838, l2 loss = 24.0822 (max 14.95), (true 673, predicted [439])
attack: step 9/10, xent loss = 24.0284, l2 loss = 25.191 (max 14.95), (true 673, predicted [439])
attack: step 10/10, xent loss = 20.8033, l2 loss = 25.8139 (max 14.95), (true 673, predicted [439])
check failed
true = 673, adv = 439
evaluating 285 of [280, 290)
attack: step 1/10, xent loss = 15.7019, l2 loss = 12.7418 (max 14.95), (true 343, predicted [669])
attack: step 2/10, xent loss = 13.3485, l2 loss = 14.1426 (max 14.95), (true 343, predicted [669])
attack: step 3/10, xent loss = 15.5696, l2 loss = 14.6934 (max 14.95), (true 343, predicted [669])
attack: step 4/10, xent loss = 17.1823, l2 loss = 15.5852 (max 14.95), (true 343, predicted [669])
attack: step 5/10, xent loss = 18.2188, l2 loss = 16.7033 (max 14.95), (true 343, predicted [669])
attack: step 6/10, xent loss = 17.1257, l2 loss = 17.4853 (max 14.95), (true 343, predicted [669])
attack: step 7/10, xent loss = 19.8446, l2 loss = 18.2912 (max 14.95), (true 343, predicted [669])
attack: step 8/10, xent loss = 22.3261, l2 loss = 19.0007 (max 14.95), (true 343, predicted [669])
attack: step 9/10, xent loss = 21.4599, l2 loss = 19.8171 (max 14.95), (true 343, predicted [669])
attack: step 10/10, xent loss = 21.2911, l2 loss = 20.6183 (max 14.95), (true 343, predicted [669])
check failed
true = 343, adv = 669
evaluating 286 of [280, 290)
attack: step 1/10, xent loss = 15.6044, l2 loss = 16.2086 (max 14.95), (true 882, predicted [796])
attack: step 2/10, xent loss = 17.8323, l2 loss = 17.3027 (max 14.95), (true 882, predicted [796])
attack: step 3/10, xent loss = 19.8524, l2 loss = 18.3715 (max 14.95), (true 882, predicted [796])
attack: step 4/10, xent loss = 19.3683, l2 loss = 19.4461 (max 14.95), (true 882, predicted [796])
attack: step 5/10, xent loss = 17.1192, l2 loss = 21.2052 (max 14.95), (true 882, predicted [796])
attack: step 6/10, xent loss = 20.9217, l2 loss = 21.937 (max 14.95), (true 882, predicted [796])
attack: step 7/10, xent loss = 19.5982, l2 loss = 22.7947 (max 14.95), (true 882, predicted [796])
attack: step 8/10, xent loss = 23.0288, l2 loss = 23.9951 (max 14.95), (true 882, predicted [796])
attack: step 9/10, xent loss = 21.8344, l2 loss = 24.7446 (max 14.95), (true 882, predicted [796])
attack: step 10/10, xent loss = 24.3017, l2 loss = 25.2742 (max 14.95), (true 882, predicted [796])
check failed
true = 882, adv = 796
evaluating 287 of [280, 290)
attack: step 1/10, xent loss = 13.8624, l2 loss = 16.0627 (max 14.95), (true 452, predicted [264])
attack: step 2/10, xent loss = 12.9704, l2 loss = 17.1433 (max 14.95), (true 452, predicted [264])
attack: step 3/10, xent loss = 15.8933, l2 loss = 18.2274 (max 14.95), (true 452, predicted [264])
attack: step 4/10, xent loss = 14.5271, l2 loss = 19.1686 (max 14.95), (true 452, predicted [264])
attack: step 5/10, xent loss = 18.1639, l2 loss = 20.3701 (max 14.95), (true 452, predicted [264])
attack: step 6/10, xent loss = 18.7969, l2 loss = 21.4571 (max 14.95), (true 452, predicted [264])
attack: step 7/10, xent loss = 16.784, l2 loss = 22.7425 (max 14.95), (true 452, predicted [264])
attack: step 8/10, xent loss = 19.0686, l2 loss = 23.8106 (max 14.95), (true 452, predicted [264])
attack: step 9/10, xent loss = 21.0394, l2 loss = 24.8439 (max 14.95), (true 452, predicted [264])
attack: step 10/10, xent loss = 22.1801, l2 loss = 25.8435 (max 14.95), (true 452, predicted [264])
check failed
true = 452, adv = 264
evaluating 288 of [280, 290)
attack: step 1/10, xent loss = 0.131614, l2 loss = 0.910561 (max 14.95), (true 129, predicted [129])
attack: step 2/10, xent loss = 0.17158, l2 loss = 0.978461 (max 14.95), (true 129, predicted [129])
attack: step 3/10, xent loss = 0.115892, l2 loss = 1.07536 (max 14.95), (true 129, predicted [129])
attack: step 4/10, xent loss = 0.103511, l2 loss = 1.12889 (max 14.95), (true 129, predicted [129])
attack: step 5/10, xent loss = 0.27909, l2 loss = 1.18007 (max 14.95), (true 129, predicted [129])
attack: step 6/10, xent loss = 0.182947, l2 loss = 1.42108 (max 14.95), (true 129, predicted [129])
attack: step 7/10, xent loss = 0.157589, l2 loss = 1.50563 (max 14.95), (true 129, predicted [129])
attack: step 8/10, xent loss = 0.228329, l2 loss = 1.58057 (max 14.95), (true 129, predicted [129])
attack: step 9/10, xent loss = 0.270456, l2 loss = 1.68182 (max 14.95), (true 129, predicted [129])
attack: step 10/10, xent loss = 0.25957, l2 loss = 1.80903 (max 14.95), (true 129, predicted [129])
true = 129, adv = 129
evaluating 289 of [280, 290)
attack: step 1/10, xent loss = 20.4893, l2 loss = 17.4857 (max 14.95), (true 923, predicted [728])
attack: step 2/10, xent loss = 21.578, l2 loss = 18.7786 (max 14.95), (true 923, predicted [728])
attack: step 3/10, xent loss = 27.0315, l2 loss = 20.1723 (max 14.95), (true 923, predicted [728])
attack: step 4/10, xent loss = 25.7945, l2 loss = 21.7344 (max 14.95), (true 923, predicted [728])
attack: step 5/10, xent loss = 25.1744, l2 loss = 23.2216 (max 14.95), (true 923, predicted [728])
attack: step 6/10, xent loss = 31.3805, l2 loss = 24.3314 (max 14.95), (true 923, predicted [728])
attack: step 7/10, xent loss = 32.3315, l2 loss = 25.5304 (max 14.95), (true 923, predicted [728])
attack: step 8/10, xent loss = 35.1027, l2 loss = 26.6821 (max 14.95), (true 923, predicted [728])
attack: step 9/10, xent loss = 34.1746, l2 loss = 27.9471 (max 14.95), (true 923, predicted [728])
attack: step 10/10, xent loss = 36.9314, l2 loss = 29.221 (max 14.95), (true 923, predicted [728])
check failed
true = 923, adv = 728
