2019-11-04 05:45:45.452616: I tensorflow/core/platform/cpu_feature_guard.cc:141] Your CPU supports instructions that this TensorFlow binary was not compiled to use: SSE4.1 SSE4.2 AVX AVX2 FMA
2019-11-04 05:45:45.457700: I tensorflow/core/platform/profile_utils/cpu_utils.cc:94] CPU Frequency: 2599755000 Hz
2019-11-04 05:45:45.457810: I tensorflow/compiler/xla/service/service.cc:150] XLA service 0x55555902f540 executing computations on platform Host. Devices:
2019-11-04 05:45:45.457826: I tensorflow/compiler/xla/service/service.cc:158]   StreamExecutor device (0): <undefined>, <undefined>
2019-11-04 05:45:45.458016: I tensorflow/core/common_runtime/process_util.cc:71] Creating new thread pool with default inter op setting: 2. Tune using inter_op_parallelism_threads for best performance.
evaluating 630 of [630, 640)
attack: step 1/1, xent loss = 17.8591, l2 loss = 48.034 (max 14.95), (true 733, predicted [971])
check failed
true = 733, adv = 971
evaluating 631 of [630, 640)
attack: step 1/1, xent loss = 8.34159, l2 loss = 15.3435 (max 14.95), (true 206, predicted [197])
check failed
true = 206, adv = 196
evaluating 632 of [630, 640)
attack: step 1/1, xent loss = 10.5282, l2 loss = 35.0381 (max 14.95), (true 405, predicted [78])
check failed
true = 405, adv = 78
evaluating 633 of [630, 640)
attack: step 1/1, xent loss = 0.669161, l2 loss = 19.3264 (max 14.95), (true 566, predicted [566])
check failed
true = 566, adv = 689
evaluating 634 of [630, 640)
attack: step 1/1, xent loss = 12.2901, l2 loss = 26.1513 (max 14.95), (true 773, predicted [725])
check failed
true = 773, adv = 899
evaluating 635 of [630, 640)
attack: step 1/1, xent loss = 7.93976, l2 loss = 13.305 (max 14.95), (true 710, predicted [611])
true = 710, adv = 611
evaluating 636 of [630, 640)
attack: step 1/1, xent loss = 2.61181, l2 loss = 41.2853 (max 14.95), (true 186, predicted [182])
check failed
true = 186, adv = 552
evaluating 637 of [630, 640)
attack: step 1/1, xent loss = 13.8664, l2 loss = 37.8134 (max 14.95), (true 422, predicted [696])
check failed
true = 422, adv = 696
evaluating 638 of [630, 640)
attack: step 1/1, xent loss = 7.29012, l2 loss = 29.3074 (max 14.95), (true 599, predicted [728])
check failed
true = 599, adv = 728
evaluating 639 of [630, 640)
attack: step 1/1, xent loss = 8.14082, l2 loss = 31.6502 (max 14.95), (true 851, predicted [458])
check failed
true = 851, adv = 692
