2019-06-28 06:36:07.740453: I tensorflow/core/platform/cpu_feature_guard.cc:141] Your CPU supports instructions that this TensorFlow binary was not compiled to use: SSE4.1 SSE4.2 AVX AVX2 FMA
2019-06-28 06:36:08.517615: I tensorflow/core/platform/profile_utils/cpu_utils.cc:94] CPU Frequency: 2600000000 Hz
2019-06-28 06:36:08.518892: I tensorflow/compiler/xla/service/service.cc:150] XLA service 0x2aaae6fbd320 executing computations on platform Host. Devices:
2019-06-28 06:36:08.518929: I tensorflow/compiler/xla/service/service.cc:158]   StreamExecutor device (0): <undefined>, <undefined>
2019-06-28 06:36:08.520561: I tensorflow/core/common_runtime/process_util.cc:71] Creating new thread pool with default inter op setting: 2. Tune using inter_op_parallelism_threads for best performance.
evaluating 270 of [270, 280)
attack: step 1/10, xent loss = 18.2667, l2 loss = 22.3567 (max 14.95), (true 949, predicted [728])
attack: step 2/10, xent loss = 20.3091, l2 loss = 23.7085 (max 14.95), (true 949, predicted [728])
attack: step 3/10, xent loss = 20.3253, l2 loss = 25.443 (max 14.95), (true 949, predicted [728])
attack: step 4/10, xent loss = 23.7831, l2 loss = 26.9311 (max 14.95), (true 949, predicted [728])
attack: step 5/10, xent loss = 27.1936, l2 loss = 28.4293 (max 14.95), (true 949, predicted [728])
attack: step 6/10, xent loss = 24.0541, l2 loss = 29.4873 (max 14.95), (true 949, predicted [728])
attack: step 7/10, xent loss = 27.1532, l2 loss = 30.8649 (max 14.95), (true 949, predicted [728])
attack: step 8/10, xent loss = 28.0878, l2 loss = 32.0207 (max 14.95), (true 949, predicted [728])
attack: step 9/10, xent loss = 34.5473, l2 loss = 33.3372 (max 14.95), (true 949, predicted [728])
attack: step 10/10, xent loss = 33.2171, l2 loss = 34.4455 (max 14.95), (true 949, predicted [728])
check failed
true = 949, adv = 728
evaluating 271 of [270, 280)
attack: step 1/10, xent loss = 26.7562, l2 loss = 37.5545 (max 14.95), (true 357, predicted [728])
attack: step 2/10, xent loss = 26.7619, l2 loss = 38.9181 (max 14.95), (true 357, predicted [728])
attack: step 3/10, xent loss = 29.1294, l2 loss = 39.9994 (max 14.95), (true 357, predicted [728])
attack: step 4/10, xent loss = 26.8046, l2 loss = 41.2239 (max 14.95), (true 357, predicted [728])
attack: step 5/10, xent loss = 28.9748, l2 loss = 42.2446 (max 14.95), (true 357, predicted [728])
attack: step 6/10, xent loss = 27.9957, l2 loss = 43.4142 (max 14.95), (true 357, predicted [728])
attack: step 7/10, xent loss = 29.1885, l2 loss = 44.868 (max 14.95), (true 357, predicted [728])
attack: step 8/10, xent loss = 31.8305, l2 loss = 46.1563 (max 14.95), (true 357, predicted [728])
attack: step 9/10, xent loss = 31.9098, l2 loss = 47.2635 (max 14.95), (true 357, predicted [728])
attack: step 10/10, xent loss = 33.4641, l2 loss = 48.3938 (max 14.95), (true 357, predicted [728])
check failed
true = 357, adv = 728
evaluating 272 of [270, 280)
attack: step 1/10, xent loss = 0.28884, l2 loss = 2.12186 (max 14.95), (true 440, predicted [440])
attack: step 2/10, xent loss = 0.293771, l2 loss = 2.20676 (max 14.95), (true 440, predicted [440])
attack: step 3/10, xent loss = 0.454954, l2 loss = 2.28709 (max 14.95), (true 440, predicted [440])
attack: step 4/10, xent loss = 0.449652, l2 loss = 2.45021 (max 14.95), (true 440, predicted [440])
attack: step 5/10, xent loss = 0.31833, l2 loss = 2.64578 (max 14.95), (true 440, predicted [440])
attack: step 6/10, xent loss = 0.441985, l2 loss = 2.71956 (max 14.95), (true 440, predicted [440])
attack: step 7/10, xent loss = 0.164672, l2 loss = 2.87658 (max 14.95), (true 440, predicted [440])
attack: step 8/10, xent loss = 0.512192, l2 loss = 2.93658 (max 14.95), (true 440, predicted [440])
attack: step 9/10, xent loss = 0.317561, l2 loss = 3.23082 (max 14.95), (true 440, predicted [440])
attack: step 10/10, xent loss = 0.392009, l2 loss = 3.28192 (max 14.95), (true 440, predicted [440])
true = 440, adv = 440
evaluating 273 of [270, 280)
attack: step 1/10, xent loss = 7.36388, l2 loss = 10.8305 (max 14.95), (true 108, predicted [728])
attack: step 2/10, xent loss = 6.81509, l2 loss = 11.1708 (max 14.95), (true 108, predicted [728])
attack: step 3/10, xent loss = 8.4804, l2 loss = 11.5126 (max 14.95), (true 108, predicted [728])
attack: step 4/10, xent loss = 7.96705, l2 loss = 11.9156 (max 14.95), (true 108, predicted [728])
attack: step 5/10, xent loss = 9.07155, l2 loss = 12.4471 (max 14.95), (true 108, predicted [728])
attack: step 6/10, xent loss = 7.88611, l2 loss = 12.9871 (max 14.95), (true 108, predicted [728])
attack: step 7/10, xent loss = 8.57724, l2 loss = 13.4063 (max 14.95), (true 108, predicted [728])
attack: step 8/10, xent loss = 11.8395, l2 loss = 14.211 (max 14.95), (true 108, predicted [728])
attack: step 9/10, xent loss = 10.0693, l2 loss = 15.751 (max 14.95), (true 108, predicted [728])
attack: step 10/10, xent loss = 11.9002, l2 loss = 16.6355 (max 14.95), (true 108, predicted [728])
check failed
true = 108, adv = 728
evaluating 274 of [270, 280)
attack: step 1/10, xent loss = 12.9756, l2 loss = 15.7012 (max 14.95), (true 585, predicted [747])
attack: step 2/10, xent loss = 14.4728, l2 loss = 17.1813 (max 14.95), (true 585, predicted [747])
attack: step 3/10, xent loss = 16.7299, l2 loss = 18.4095 (max 14.95), (true 585, predicted [747])
attack: step 4/10, xent loss = 16.4541, l2 loss = 19.567 (max 14.95), (true 585, predicted [747])
attack: step 5/10, xent loss = 19.4384, l2 loss = 21.0342 (max 14.95), (true 585, predicted [747])
attack: step 6/10, xent loss = 18.0736, l2 loss = 22.0135 (max 14.95), (true 585, predicted [747])
attack: step 7/10, xent loss = 21.2737, l2 loss = 23.006 (max 14.95), (true 585, predicted [747])
attack: step 8/10, xent loss = 20.57, l2 loss = 24.2868 (max 14.95), (true 585, predicted [747])
attack: step 9/10, xent loss = 22.951, l2 loss = 25.316 (max 14.95), (true 585, predicted [747])
attack: step 10/10, xent loss = 22.479, l2 loss = 26.2703 (max 14.95), (true 585, predicted [747])
check failed
true = 585, adv = 747
evaluating 275 of [270, 280)
attack: step 1/10, xent loss = 8.49386, l2 loss = 10.7007 (max 14.95), (true 955, predicted [728])
attack: step 2/10, xent loss = 7.62445, l2 loss = 13.3116 (max 14.95), (true 955, predicted [728])
attack: step 3/10, xent loss = 7.26661, l2 loss = 14.6975 (max 14.95), (true 955, predicted [728])
attack: step 4/10, xent loss = 9.87163, l2 loss = 15.6957 (max 14.95), (true 955, predicted [728])
attack: step 5/10, xent loss = 8.86667, l2 loss = 17.0628 (max 14.95), (true 955, predicted [728])
attack: step 6/10, xent loss = 13.6691, l2 loss = 18.7074 (max 14.95), (true 955, predicted [728])
attack: step 7/10, xent loss = 13.4855, l2 loss = 19.9599 (max 14.95), (true 955, predicted [728])
attack: step 8/10, xent loss = 13.1293, l2 loss = 21.4367 (max 14.95), (true 955, predicted [728])
attack: step 9/10, xent loss = 12.0879, l2 loss = 22.6138 (max 14.95), (true 955, predicted [728])
attack: step 10/10, xent loss = 13.5112, l2 loss = 23.5639 (max 14.95), (true 955, predicted [728])
check failed
true = 955, adv = 728
evaluating 276 of [270, 280)
attack: step 1/10, xent loss = 17.4402, l2 loss = 17.0355 (max 14.95), (true 112, predicted [728])
attack: step 2/10, xent loss = 19.7762, l2 loss = 19.1112 (max 14.95), (true 112, predicted [728])
attack: step 3/10, xent loss = 20.5758, l2 loss = 21.0805 (max 14.95), (true 112, predicted [728])
attack: step 4/10, xent loss = 24.0437, l2 loss = 22.9705 (max 14.95), (true 112, predicted [728])
attack: step 5/10, xent loss = 27.0074, l2 loss = 24.5065 (max 14.95), (true 112, predicted [728])
attack: step 6/10, xent loss = 29.3169, l2 loss = 27.1321 (max 14.95), (true 112, predicted [728])
attack: step 7/10, xent loss = 24.6375, l2 loss = 28.6849 (max 14.95), (true 112, predicted [728])
attack: step 8/10, xent loss = 26.7501, l2 loss = 30.2217 (max 14.95), (true 112, predicted [728])
attack: step 9/10, xent loss = 26.6497, l2 loss = 31.4626 (max 14.95), (true 112, predicted [728])
attack: step 10/10, xent loss = 29.0062, l2 loss = 32.7352 (max 14.95), (true 112, predicted [728])
check failed
true = 112, adv = 728
evaluating 277 of [270, 280)
attack: step 1/10, xent loss = 8.87631, l2 loss = 13.9427 (max 14.95), (true 721, predicted [794])
attack: step 2/10, xent loss = 11.441, l2 loss = 14.6737 (max 14.95), (true 721, predicted [488])
attack: step 3/10, xent loss = 10.251, l2 loss = 15.628 (max 14.95), (true 721, predicted [488])
attack: step 4/10, xent loss = 10.2619, l2 loss = 16.708 (max 14.95), (true 721, predicted [488])
attack: step 5/10, xent loss = 10.3972, l2 loss = 17.1495 (max 14.95), (true 721, predicted [488])
attack: step 6/10, xent loss = 10.3632, l2 loss = 17.4706 (max 14.95), (true 721, predicted [543])
attack: step 7/10, xent loss = 10.9165, l2 loss = 17.8427 (max 14.95), (true 721, predicted [488])
attack: step 8/10, xent loss = 10.4159, l2 loss = 18.2456 (max 14.95), (true 721, predicted [488])
attack: step 9/10, xent loss = 11.2978, l2 loss = 18.9798 (max 14.95), (true 721, predicted [488])
attack: step 10/10, xent loss = 11.2543, l2 loss = 19.4824 (max 14.95), (true 721, predicted [488])
check failed
true = 721, adv = 488
evaluating 278 of [270, 280)
attack: step 1/10, xent loss = 12.5703, l2 loss = 13.9035 (max 14.95), (true 724, predicted [484])
attack: step 2/10, xent loss = 14.8754, l2 loss = 15.2825 (max 14.95), (true 724, predicted [484])
attack: step 3/10, xent loss = 13.4565, l2 loss = 16.0653 (max 14.95), (true 724, predicted [484])
attack: step 4/10, xent loss = 14.9199, l2 loss = 17.4937 (max 14.95), (true 724, predicted [484])
attack: step 5/10, xent loss = 14.8117, l2 loss = 18.4729 (max 14.95), (true 724, predicted [484])
attack: step 6/10, xent loss = 17.205, l2 loss = 19.4415 (max 14.95), (true 724, predicted [484])
attack: step 7/10, xent loss = 16.909, l2 loss = 20.288 (max 14.95), (true 724, predicted [484])
attack: step 8/10, xent loss = 18.1658, l2 loss = 21.2207 (max 14.95), (true 724, predicted [484])
attack: step 9/10, xent loss = 17.0328, l2 loss = 21.8449 (max 14.95), (true 724, predicted [484])
attack: step 10/10, xent loss = 18.3558, l2 loss = 22.6441 (max 14.95), (true 724, predicted [484])
check failed
true = 724, adv = 484
evaluating 279 of [270, 280)
attack: step 1/10, xent loss = 30.9115, l2 loss = 25.6122 (max 14.95), (true 182, predicted [728])
attack: step 2/10, xent loss = 31.0251, l2 loss = 27.4132 (max 14.95), (true 182, predicted [728])
attack: step 3/10, xent loss = 32.9086, l2 loss = 28.6752 (max 14.95), (true 182, predicted [728])
attack: step 4/10, xent loss = 29.8796, l2 loss = 30.3097 (max 14.95), (true 182, predicted [728])
attack: step 5/10, xent loss = 34.33, l2 loss = 31.9314 (max 14.95), (true 182, predicted [728])
attack: step 6/10, xent loss = 33.565, l2 loss = 33.1701 (max 14.95), (true 182, predicted [728])
attack: step 7/10, xent loss = 35.5733, l2 loss = 34.4359 (max 14.95), (true 182, predicted [728])
attack: step 8/10, xent loss = 40.787, l2 loss = 35.6128 (max 14.95), (true 182, predicted [728])
attack: step 9/10, xent loss = 36.6429, l2 loss = 36.8112 (max 14.95), (true 182, predicted [728])
attack: step 10/10, xent loss = 37.9, l2 loss = 38.8677 (max 14.95), (true 182, predicted [728])
check failed
true = 182, adv = 728
