2019-06-26 06:30:36.416220: I tensorflow/core/platform/cpu_feature_guard.cc:141] Your CPU supports instructions that this TensorFlow binary was not compiled to use: SSE4.1 SSE4.2 AVX AVX2 FMA
2019-06-26 06:30:37.184805: I tensorflow/core/platform/profile_utils/cpu_utils.cc:94] CPU Frequency: 2599985000 Hz
2019-06-26 06:30:37.187116: I tensorflow/compiler/xla/service/service.cc:150] XLA service 0x2aaae6ac0630 executing computations on platform Host. Devices:
2019-06-26 06:30:37.187159: I tensorflow/compiler/xla/service/service.cc:158]   StreamExecutor device (0): <undefined>, <undefined>
2019-06-26 06:30:37.188354: I tensorflow/core/common_runtime/process_util.cc:71] Creating new thread pool with default inter op setting: 2. Tune using inter_op_parallelism_threads for best performance.
evaluating 80 of [80, 90)
attack: step 1/10, xent loss = 20.6651, l2 loss = 19.4714 (max 14.95), (true 821, predicted [915])
attack: step 2/10, xent loss = 19.986, l2 loss = 20.3805 (max 14.95), (true 821, predicted [915])
attack: step 3/10, xent loss = 22.436, l2 loss = 21.2424 (max 14.95), (true 821, predicted [915])
attack: step 4/10, xent loss = 24.196, l2 loss = 22.0984 (max 14.95), (true 821, predicted [915])
attack: step 5/10, xent loss = 27.3544, l2 loss = 23.0672 (max 14.95), (true 821, predicted [915])
attack: step 6/10, xent loss = 26.5037, l2 loss = 24.193 (max 14.95), (true 821, predicted [915])
attack: step 7/10, xent loss = 25.1384, l2 loss = 25.0385 (max 14.95), (true 821, predicted [915])
attack: step 8/10, xent loss = 24.7312, l2 loss = 26.3051 (max 14.95), (true 821, predicted [915])
attack: step 9/10, xent loss = 26.4573, l2 loss = 26.9152 (max 14.95), (true 821, predicted [915])
attack: step 10/10, xent loss = 24.9316, l2 loss = 27.7641 (max 14.95), (true 821, predicted [915])
check failed
true = 821, adv = 915
evaluating 81 of [80, 90)
attack: step 1/10, xent loss = 0.00435096, l2 loss = 0.196788 (max 14.95), (true 843, predicted [843])
attack: step 2/10, xent loss = 0.00504198, l2 loss = 0.200099 (max 14.95), (true 843, predicted [843])
attack: step 3/10, xent loss = 0.00783229, l2 loss = 0.204841 (max 14.95), (true 843, predicted [843])
attack: step 4/10, xent loss = 0.00857268, l2 loss = 0.214767 (max 14.95), (true 843, predicted [843])
attack: step 5/10, xent loss = 0.0117721, l2 loss = 0.225042 (max 14.95), (true 843, predicted [843])
attack: step 6/10, xent loss = 0.00320742, l2 loss = 0.238779 (max 14.95), (true 843, predicted [843])
attack: step 7/10, xent loss = 0.00353153, l2 loss = 0.241464 (max 14.95), (true 843, predicted [843])
attack: step 8/10, xent loss = 0.0138907, l2 loss = 0.244044 (max 14.95), (true 843, predicted [843])
attack: step 9/10, xent loss = 0.0234881, l2 loss = 0.271094 (max 14.95), (true 843, predicted [843])
attack: step 10/10, xent loss = 0.00387252, l2 loss = 0.311596 (max 14.95), (true 843, predicted [843])
true = 843, adv = 843
evaluating 82 of [80, 90)
attack: step 1/10, xent loss = 19.8246, l2 loss = 22.8438 (max 14.95), (true 819, predicted [457])
attack: step 2/10, xent loss = 19.2107, l2 loss = 23.8753 (max 14.95), (true 819, predicted [457])
attack: step 3/10, xent loss = 21.9449, l2 loss = 24.4544 (max 14.95), (true 819, predicted [457])
attack: step 4/10, xent loss = 19.8053, l2 loss = 25.225 (max 14.95), (true 819, predicted [457])
attack: step 5/10, xent loss = 22.0506, l2 loss = 26.6332 (max 14.95), (true 819, predicted [457])
attack: step 6/10, xent loss = 21.2033, l2 loss = 27.691 (max 14.95), (true 819, predicted [457])
attack: step 7/10, xent loss = 22.9853, l2 loss = 28.6473 (max 14.95), (true 819, predicted [457])
attack: step 8/10, xent loss = 24.8698, l2 loss = 29.1487 (max 14.95), (true 819, predicted [457])
attack: step 9/10, xent loss = 23.5503, l2 loss = 29.7272 (max 14.95), (true 819, predicted [457])
attack: step 10/10, xent loss = 26.5791, l2 loss = 30.2562 (max 14.95), (true 819, predicted [457])
check failed
true = 819, adv = 457
evaluating 83 of [80, 90)
attack: step 1/10, xent loss = 16.9947, l2 loss = 17.85 (max 14.95), (true 167, predicted [728])
attack: step 2/10, xent loss = 15.6821, l2 loss = 19.4563 (max 14.95), (true 167, predicted [728])
attack: step 3/10, xent loss = 22.9717, l2 loss = 21.3405 (max 14.95), (true 167, predicted [728])
attack: step 4/10, xent loss = 18.5045, l2 loss = 22.4835 (max 14.95), (true 167, predicted [728])
attack: step 5/10, xent loss = 19.0892, l2 loss = 23.6365 (max 14.95), (true 167, predicted [728])
attack: step 6/10, xent loss = 22.2142, l2 loss = 25.0179 (max 14.95), (true 167, predicted [728])
attack: step 7/10, xent loss = 20.5978, l2 loss = 26.0594 (max 14.95), (true 167, predicted [728])
attack: step 8/10, xent loss = 21.4318, l2 loss = 27.0697 (max 14.95), (true 167, predicted [728])
attack: step 9/10, xent loss = 22.7042, l2 loss = 28.3558 (max 14.95), (true 167, predicted [728])
attack: step 10/10, xent loss = 27.4375, l2 loss = 29.5211 (max 14.95), (true 167, predicted [728])
check failed
true = 167, adv = 728
evaluating 84 of [80, 90)
attack: step 1/10, xent loss = 4.62212, l2 loss = 12.0787 (max 14.95), (true 582, predicted [728])
attack: step 2/10, xent loss = 7.29623, l2 loss = 12.695 (max 14.95), (true 582, predicted [986])
attack: step 3/10, xent loss = 7.13597, l2 loss = 13.3877 (max 14.95), (true 582, predicted [986])
attack: step 4/10, xent loss = 5.38707, l2 loss = 13.9089 (max 14.95), (true 582, predicted [986])
attack: step 5/10, xent loss = 7.35492, l2 loss = 14.63 (max 14.95), (true 582, predicted [986])
attack: step 6/10, xent loss = 7.40477, l2 loss = 15.0188 (max 14.95), (true 582, predicted [986])
attack: step 7/10, xent loss = 9.22026, l2 loss = 15.7099 (max 14.95), (true 582, predicted [986])
attack: step 8/10, xent loss = 9.1349, l2 loss = 16.3837 (max 14.95), (true 582, predicted [986])
attack: step 9/10, xent loss = 10.8185, l2 loss = 16.9249 (max 14.95), (true 582, predicted [986])
attack: step 10/10, xent loss = 11.0253, l2 loss = 17.4733 (max 14.95), (true 582, predicted [986])
check failed
true = 582, adv = 986
evaluating 85 of [80, 90)
attack: step 1/10, xent loss = 23.8892, l2 loss = 22.5973 (max 14.95), (true 951, predicted [728])
attack: step 2/10, xent loss = 27.8329, l2 loss = 24.1851 (max 14.95), (true 951, predicted [728])
attack: step 3/10, xent loss = 27.1851, l2 loss = 25.1453 (max 14.95), (true 951, predicted [728])
attack: step 4/10, xent loss = 28.0114, l2 loss = 26.2948 (max 14.95), (true 951, predicted [728])
attack: step 5/10, xent loss = 32.8276, l2 loss = 27.6775 (max 14.95), (true 951, predicted [728])
attack: step 6/10, xent loss = 28.9352, l2 loss = 28.6976 (max 14.95), (true 951, predicted [728])
attack: step 7/10, xent loss = 32.4286, l2 loss = 29.6968 (max 14.95), (true 951, predicted [728])
attack: step 8/10, xent loss = 35.5058, l2 loss = 30.681 (max 14.95), (true 951, predicted [728])
attack: step 9/10, xent loss = 35.7731, l2 loss = 31.7563 (max 14.95), (true 951, predicted [728])
attack: step 10/10, xent loss = 37.5354, l2 loss = 32.5662 (max 14.95), (true 951, predicted [728])
check failed
true = 951, adv = 728
evaluating 86 of [80, 90)
attack: step 1/10, xent loss = 18.908, l2 loss = 15.4128 (max 14.95), (true 748, predicted [999])
attack: step 2/10, xent loss = 19.6136, l2 loss = 17.1053 (max 14.95), (true 748, predicted [999])
attack: step 3/10, xent loss = 20.0374, l2 loss = 19.1707 (max 14.95), (true 748, predicted [999])
attack: step 4/10, xent loss = 25.2343, l2 loss = 20.8459 (max 14.95), (true 748, predicted [999])
attack: step 5/10, xent loss = 25.6694, l2 loss = 22.563 (max 14.95), (true 748, predicted [999])
attack: step 6/10, xent loss = 30.9237, l2 loss = 23.8375 (max 14.95), (true 748, predicted [999])
attack: step 7/10, xent loss = 31.6698, l2 loss = 25.0619 (max 14.95), (true 748, predicted [999])
attack: step 8/10, xent loss = 32.566, l2 loss = 26.2943 (max 14.95), (true 748, predicted [999])
attack: step 9/10, xent loss = 34.376, l2 loss = 27.5874 (max 14.95), (true 748, predicted [999])
attack: step 10/10, xent loss = 33.7145, l2 loss = 28.847 (max 14.95), (true 748, predicted [999])
check failed
true = 748, adv = 999
evaluating 87 of [80, 90)
attack: step 1/10, xent loss = 36.1081, l2 loss = 27.9385 (max 14.95), (true 610, predicted [728])
attack: step 2/10, xent loss = 35.3778, l2 loss = 29.2114 (max 14.95), (true 610, predicted [728])
attack: step 3/10, xent loss = 35.5668, l2 loss = 30.6688 (max 14.95), (true 610, predicted [728])
attack: step 4/10, xent loss = 35.1594, l2 loss = 32.3323 (max 14.95), (true 610, predicted [728])
attack: step 5/10, xent loss = 41.1105, l2 loss = 33.6344 (max 14.95), (true 610, predicted [728])
attack: step 6/10, xent loss = 42.6842, l2 loss = 34.6656 (max 14.95), (true 610, predicted [728])
attack: step 7/10, xent loss = 40.801, l2 loss = 36.0785 (max 14.95), (true 610, predicted [728])
attack: step 8/10, xent loss = 44.338, l2 loss = 37.3138 (max 14.95), (true 610, predicted [728])
attack: step 9/10, xent loss = 45.849, l2 loss = 38.3344 (max 14.95), (true 610, predicted [728])
attack: step 10/10, xent loss = 43.4773, l2 loss = 39.4635 (max 14.95), (true 610, predicted [728])
check failed
true = 610, adv = 728
evaluating 88 of [80, 90)
attack: step 1/10, xent loss = 11.1154, l2 loss = 13.5748 (max 14.95), (true 634, predicted [519])
attack: step 2/10, xent loss = 11.6938, l2 loss = 14.3667 (max 14.95), (true 634, predicted [519])
attack: step 3/10, xent loss = 12.7262, l2 loss = 15.268 (max 14.95), (true 634, predicted [519])
attack: step 4/10, xent loss = 12.2938, l2 loss = 16.0549 (max 14.95), (true 634, predicted [519])
attack: step 5/10, xent loss = 12.6434, l2 loss = 16.5632 (max 14.95), (true 634, predicted [519])
attack: step 6/10, xent loss = 16.0336, l2 loss = 17.5235 (max 14.95), (true 634, predicted [519])
attack: step 7/10, xent loss = 14.8033, l2 loss = 18.1387 (max 14.95), (true 634, predicted [519])
attack: step 8/10, xent loss = 16.0541, l2 loss = 18.7158 (max 14.95), (true 634, predicted [519])
attack: step 9/10, xent loss = 14.7187, l2 loss = 19.204 (max 14.95), (true 634, predicted [519])
attack: step 10/10, xent loss = 16.3285, l2 loss = 19.9438 (max 14.95), (true 634, predicted [519])
check failed
true = 634, adv = 519
evaluating 89 of [80, 90)
attack: step 1/10, xent loss = 16.9076, l2 loss = 17.6492 (max 14.95), (true 523, predicted [501])
attack: step 2/10, xent loss = 18.0951, l2 loss = 18.2659 (max 14.95), (true 523, predicted [501])
attack: step 3/10, xent loss = 16.3243, l2 loss = 19.0832 (max 14.95), (true 523, predicted [501])
attack: step 4/10, xent loss = 17.959, l2 loss = 19.9119 (max 14.95), (true 523, predicted [501])
attack: step 5/10, xent loss = 19.4449, l2 loss = 20.8397 (max 14.95), (true 523, predicted [501])
attack: step 6/10, xent loss = 16.8586, l2 loss = 21.845 (max 14.95), (true 523, predicted [501])
attack: step 7/10, xent loss = 19.7511, l2 loss = 22.7157 (max 14.95), (true 523, predicted [501])
attack: step 8/10, xent loss = 19.4638, l2 loss = 23.5804 (max 14.95), (true 523, predicted [501])
attack: step 9/10, xent loss = 21.3113, l2 loss = 24.5101 (max 14.95), (true 523, predicted [501])
attack: step 10/10, xent loss = 21.8287, l2 loss = 25.0735 (max 14.95), (true 523, predicted [501])
check failed
true = 523, adv = 501
