2019-10-27 05:10:59.102527: I tensorflow/core/platform/cpu_feature_guard.cc:141] Your CPU supports instructions that this TensorFlow binary was not compiled to use: SSE4.1 SSE4.2 AVX AVX2 FMA
2019-10-27 05:10:59.111972: I tensorflow/core/platform/profile_utils/cpu_utils.cc:94] CPU Frequency: 2600160000 Hz
2019-10-27 05:10:59.112241: I tensorflow/compiler/xla/service/service.cc:150] XLA service 0x55555902edc0 executing computations on platform Host. Devices:
2019-10-27 05:10:59.112278: I tensorflow/compiler/xla/service/service.cc:158]   StreamExecutor device (0): <undefined>, <undefined>
2019-10-27 05:10:59.112647: I tensorflow/core/common_runtime/process_util.cc:71] Creating new thread pool with default inter op setting: 2. Tune using inter_op_parallelism_threads for best performance.
evaluating 480 of [480, 490)
attack: step 1/10, xent loss = 8.86419, l2 loss = 14.8524 (max 14.95), (true 120, predicted [478])
returning early
true = 120, adv = 692
evaluating 481 of [480, 490)
attack: step 1/10, xent loss = 28.9162, l2 loss = 35.7713 (max 14.95), (true 43, predicted [728])
unbound attack returning early
check failed
true = 43, adv = 728
evaluating 482 of [480, 490)
attack: step 1/10, xent loss = 11.6988, l2 loss = 22.6298 (max 14.95), (true 98, predicted [241])
unbound attack returning early
check failed
true = 98, adv = 241
evaluating 483 of [480, 490)
attack: step 1/10, xent loss = 22.1021, l2 loss = 34.6884 (max 14.95), (true 824, predicted [728])
unbound attack returning early
check failed
true = 824, adv = 728
evaluating 484 of [480, 490)
attack: step 1/10, xent loss = 7.19275, l2 loss = 19.4441 (max 14.95), (true 853, predicted [975])
unbound attack returning early
check failed
true = 853, adv = 532
evaluating 485 of [480, 490)
attack: step 1/10, xent loss = 3.72008, l2 loss = 12.5879 (max 14.95), (true 706, predicted [564])
returning early
true = 706, adv = 564
evaluating 486 of [480, 490)
attack: step 1/10, xent loss = 15.3988, l2 loss = 42.8446 (max 14.95), (true 385, predicted [879])
unbound attack returning early
check failed
true = 385, adv = 879
evaluating 487 of [480, 490)
attack: step 1/10, xent loss = 28.8729, l2 loss = 35.8737 (max 14.95), (true 431, predicted [728])
unbound attack returning early
check failed
true = 431, adv = 728
evaluating 488 of [480, 490)
attack: step 1/10, xent loss = 10.7839, l2 loss = 25.1512 (max 14.95), (true 406, predicted [619])
unbound attack returning early
check failed
true = 406, adv = 619
evaluating 489 of [480, 490)
attack: step 1/10, xent loss = 21.2368, l2 loss = 32.6275 (max 14.95), (true 593, predicted [728])
unbound attack returning early
check failed
true = 593, adv = 728
