2019-05-24 20:57:10.151690: I tensorflow/core/platform/cpu_feature_guard.cc:141] Your CPU supports instructions that this TensorFlow binary was not compiled to use: SSE4.1 SSE4.2 AVX AVX2 FMA
2019-05-24 20:57:11.613598: I tensorflow/core/platform/profile_utils/cpu_utils.cc:94] CPU Frequency: 2599905000 Hz
2019-05-24 20:57:11.679964: I tensorflow/compiler/xla/service/service.cc:150] XLA service 0x2aaae6ac0770 executing computations on platform Host. Devices:
2019-05-24 20:57:11.680010: I tensorflow/compiler/xla/service/service.cc:158]   StreamExecutor device (0): <undefined>, <undefined>
2019-05-24 20:57:11.682029: I tensorflow/core/common_runtime/process_util.cc:71] Creating new thread pool with default inter op setting: 2. Tune using inter_op_parallelism_threads for best performance.
evaluating 280 of [280, 290)
attack: step 1/10, xent loss = 5.39679, l2 loss = 0 (max 14.95), (true 574, predicted [722])
attack: step 2/10, xent loss = 6.34063, l2 loss = 2.48223 (max 14.95), (true 574, predicted [961])
attack: step 3/10, xent loss = 6.35498, l2 loss = 5.46804 (max 14.95), (true 574, predicted [720])
attack: step 4/10, xent loss = 8.34619, l2 loss = 6.24426 (max 14.95), (true 574, predicted [961])
attack: step 5/10, xent loss = 8.02634, l2 loss = 7.15009 (max 14.95), (true 574, predicted [961])
attack: step 6/10, xent loss = 8.36106, l2 loss = 8.566 (max 14.95), (true 574, predicted [961])
attack: step 7/10, xent loss = 8.05181, l2 loss = 9.75599 (max 14.95), (true 574, predicted [961])
attack: step 8/10, xent loss = 11.0133, l2 loss = 10.5955 (max 14.95), (true 574, predicted [961])
attack: step 9/10, xent loss = 11.7685, l2 loss = 11.8215 (max 14.95), (true 574, predicted [961])
attack: step 10/10, xent loss = 13.2045, l2 loss = 12.6242 (max 14.95), (true 574, predicted [961])
true = 574, adv = 961
evaluating 281 of [280, 290)
attack: step 1/10, xent loss = 3.41487, l2 loss = 0 (max 14.95), (true 271, predicted [277])
attack: step 2/10, xent loss = 3.11837, l2 loss = 2.39497 (max 14.95), (true 271, predicted [273])
attack: step 3/10, xent loss = 2.41878, l2 loss = 3.88809 (max 14.95), (true 271, predicted [273])
attack: step 4/10, xent loss = 3.76374, l2 loss = 4.58734 (max 14.95), (true 271, predicted [277])
attack: step 5/10, xent loss = 3.6549, l2 loss = 5.54806 (max 14.95), (true 271, predicted [277])
attack: step 6/10, xent loss = 2.80318, l2 loss = 6.36731 (max 14.95), (true 271, predicted [272])
attack: step 7/10, xent loss = 3.08827, l2 loss = 6.7851 (max 14.95), (true 271, predicted [273])
attack: step 8/10, xent loss = 4.48582, l2 loss = 7.42835 (max 14.95), (true 271, predicted [273])
attack: step 9/10, xent loss = 3.81804, l2 loss = 8.11632 (max 14.95), (true 271, predicted [273])
attack: step 10/10, xent loss = 4.38868, l2 loss = 8.98747 (max 14.95), (true 271, predicted [999])
true = 271, adv = 278
evaluating 282 of [280, 290)
attack: step 1/10, xent loss = 0.0766563, l2 loss = 0 (max 14.95), (true 141, predicted [141])
attack: step 2/10, xent loss = 0.0724044, l2 loss = 0.180489 (max 14.95), (true 141, predicted [141])
attack: step 3/10, xent loss = 0.085076, l2 loss = 0.237384 (max 14.95), (true 141, predicted [141])
attack: step 4/10, xent loss = 0.0987183, l2 loss = 0.305643 (max 14.95), (true 141, predicted [141])
attack: step 5/10, xent loss = 0.0934113, l2 loss = 0.401332 (max 14.95), (true 141, predicted [141])
attack: step 6/10, xent loss = 0.108749, l2 loss = 0.449469 (max 14.95), (true 141, predicted [141])
attack: step 7/10, xent loss = 0.0692404, l2 loss = 0.54095 (max 14.95), (true 141, predicted [141])
attack: step 8/10, xent loss = 0.0851337, l2 loss = 0.562981 (max 14.95), (true 141, predicted [141])
attack: step 9/10, xent loss = 0.0793101, l2 loss = 0.605742 (max 14.95), (true 141, predicted [141])
attack: step 10/10, xent loss = 0.116371, l2 loss = 0.644708 (max 14.95), (true 141, predicted [141])
true = 141, adv = 141
evaluating 283 of [280, 290)
attack: step 1/10, xent loss = 1.41089, l2 loss = 0 (max 14.95), (true 784, predicted [438])
attack: step 2/10, xent loss = 2.84739, l2 loss = 3.97388 (max 14.95), (true 784, predicted [438])
attack: step 3/10, xent loss = 2.97305, l2 loss = 6.72235 (max 14.95), (true 784, predicted [438])
attack: step 4/10, xent loss = 6.432, l2 loss = 8.69112 (max 14.95), (true 784, predicted [438])
attack: step 5/10, xent loss = 6.39741, l2 loss = 10.3479 (max 14.95), (true 784, predicted [438])
attack: step 6/10, xent loss = 7.49723, l2 loss = 11.9273 (max 14.95), (true 784, predicted [438])
attack: step 7/10, xent loss = 9.55679, l2 loss = 13.8841 (max 14.95), (true 784, predicted [438])
attack: step 8/10, xent loss = 11.4703, l2 loss = 15.0463 (max 14.95), (true 784, predicted [438])
attack: step 9/10, xent loss = 10.9206, l2 loss = 16.7836 (max 14.95), (true 784, predicted [438])
attack: step 10/10, xent loss = 12.282, l2 loss = 17.6874 (max 14.95), (true 784, predicted [438])
check failed
true = 784, adv = 438
evaluating 284 of [280, 290)
attack: step 1/10, xent loss = 0.0440964, l2 loss = 0 (max 14.95), (true 673, predicted [673])
attack: step 2/10, xent loss = 0.315497, l2 loss = 0.335042 (max 14.95), (true 673, predicted [673])
attack: step 3/10, xent loss = 0.0793711, l2 loss = 2.48072 (max 14.95), (true 673, predicted [673])
attack: step 4/10, xent loss = 0.0850837, l2 loss = 2.57503 (max 14.95), (true 673, predicted [673])
attack: step 5/10, xent loss = 0.238748, l2 loss = 2.6904 (max 14.95), (true 673, predicted [673])
attack: step 6/10, xent loss = 0.454526, l2 loss = 3.25175 (max 14.95), (true 673, predicted [673])
attack: step 7/10, xent loss = 1.40283, l2 loss = 4.68348 (max 14.95), (true 673, predicted [673])
attack: step 8/10, xent loss = 2.94313, l2 loss = 7.25843 (max 14.95), (true 673, predicted [439])
attack: step 9/10, xent loss = 4.20193, l2 loss = 9.64168 (max 14.95), (true 673, predicted [518])
attack: step 10/10, xent loss = 5.4834, l2 loss = 11.4394 (max 14.95), (true 673, predicted [518])
true = 673, adv = 518
evaluating 285 of [280, 290)
attack: step 1/10, xent loss = 10.5315, l2 loss = 0 (max 14.95), (true 343, predicted [728])
attack: step 2/10, xent loss = 10.4147, l2 loss = 5.8027 (max 14.95), (true 343, predicted [728])
attack: step 3/10, xent loss = 11.4701, l2 loss = 7.41102 (max 14.95), (true 343, predicted [728])
attack: step 4/10, xent loss = 16.6054, l2 loss = 10.794 (max 14.95), (true 343, predicted [728])
attack: step 5/10, xent loss = 14.9917, l2 loss = 13.7874 (max 14.95), (true 343, predicted [728])
attack: step 6/10, xent loss = 17.8834, l2 loss = 16.1629 (max 14.95), (true 343, predicted [728])
attack: step 7/10, xent loss = 16.7385, l2 loss = 18.3444 (max 14.95), (true 343, predicted [728])
attack: step 8/10, xent loss = 16.8972, l2 loss = 19.9453 (max 14.95), (true 343, predicted [728])
attack: step 9/10, xent loss = 15.6206, l2 loss = 21.1874 (max 14.95), (true 343, predicted [728])
attack: step 10/10, xent loss = 17.8401, l2 loss = 22.5702 (max 14.95), (true 343, predicted [728])
check failed
true = 343, adv = 728
evaluating 286 of [280, 290)
attack: step 1/10, xent loss = 5.86244, l2 loss = 0 (max 14.95), (true 882, predicted [655])
attack: step 2/10, xent loss = 5.35462, l2 loss = 4.93378 (max 14.95), (true 882, predicted [638])
attack: step 3/10, xent loss = 6.57043, l2 loss = 6.70138 (max 14.95), (true 882, predicted [795])
attack: step 4/10, xent loss = 6.45388, l2 loss = 8.09269 (max 14.95), (true 882, predicted [869])
attack: step 5/10, xent loss = 7.24763, l2 loss = 9.21459 (max 14.95), (true 882, predicted [655])
attack: step 6/10, xent loss = 8.10947, l2 loss = 10.3385 (max 14.95), (true 882, predicted [501])
attack: step 7/10, xent loss = 7.37002, l2 loss = 10.9933 (max 14.95), (true 882, predicted [501])
attack: step 8/10, xent loss = 8.44794, l2 loss = 11.7647 (max 14.95), (true 882, predicted [869])
attack: step 9/10, xent loss = 9.42288, l2 loss = 12.3352 (max 14.95), (true 882, predicted [796])
attack: step 10/10, xent loss = 9.08545, l2 loss = 13.5631 (max 14.95), (true 882, predicted [796])
true = 882, adv = 570
evaluating 287 of [280, 290)
attack: step 1/10, xent loss = 5.64387, l2 loss = 0 (max 14.95), (true 452, predicted [797])
attack: step 2/10, xent loss = 7.34922, l2 loss = 2.75138 (max 14.95), (true 452, predicted [645])
attack: step 3/10, xent loss = 6.12772, l2 loss = 3.86766 (max 14.95), (true 452, predicted [645])
attack: step 4/10, xent loss = 7.70482, l2 loss = 4.85814 (max 14.95), (true 452, predicted [645])
attack: step 5/10, xent loss = 7.66956, l2 loss = 5.83143 (max 14.95), (true 452, predicted [645])
attack: step 6/10, xent loss = 8.432, l2 loss = 6.98553 (max 14.95), (true 452, predicted [645])
attack: step 7/10, xent loss = 10.2706, l2 loss = 7.57177 (max 14.95), (true 452, predicted [645])
attack: step 8/10, xent loss = 8.97709, l2 loss = 8.38886 (max 14.95), (true 452, predicted [645])
attack: step 9/10, xent loss = 7.46387, l2 loss = 9.4178 (max 14.95), (true 452, predicted [645])
attack: step 10/10, xent loss = 9.46261, l2 loss = 10.2986 (max 14.95), (true 452, predicted [645])
true = 452, adv = 645
evaluating 288 of [280, 290)
attack: step 1/10, xent loss = 0.166965, l2 loss = 0 (max 14.95), (true 129, predicted [129])
attack: step 2/10, xent loss = 0.193668, l2 loss = 0.798824 (max 14.95), (true 129, predicted [129])
attack: step 3/10, xent loss = 1.6466, l2 loss = 0.993088 (max 14.95), (true 129, predicted [728])
attack: step 4/10, xent loss = 3.26551, l2 loss = 9.03075 (max 14.95), (true 129, predicted [728])
attack: step 5/10, xent loss = 6.84182, l2 loss = 12.4867 (max 14.95), (true 129, predicted [728])
attack: step 6/10, xent loss = 8.75762, l2 loss = 14.7779 (max 14.95), (true 129, predicted [728])
attack: step 7/10, xent loss = 11.3887, l2 loss = 16.6431 (max 14.95), (true 129, predicted [728])
attack: step 8/10, xent loss = 14.8094, l2 loss = 18.9242 (max 14.95), (true 129, predicted [728])
attack: step 9/10, xent loss = 16.821, l2 loss = 20.59 (max 14.95), (true 129, predicted [728])
attack: step 10/10, xent loss = 18.7502, l2 loss = 21.8659 (max 14.95), (true 129, predicted [728])
check failed
true = 129, adv = 728
evaluating 289 of [280, 290)
attack: step 1/10, xent loss = 6.79225, l2 loss = 0 (max 14.95), (true 923, predicted [728])
attack: step 2/10, xent loss = 6.65221, l2 loss = 5.24493 (max 14.95), (true 923, predicted [728])
attack: step 3/10, xent loss = 7.82463, l2 loss = 9.04012 (max 14.95), (true 923, predicted [728])
attack: step 4/10, xent loss = 8.76484, l2 loss = 10.9754 (max 14.95), (true 923, predicted [728])
attack: step 5/10, xent loss = 9.59344, l2 loss = 12.4561 (max 14.95), (true 923, predicted [728])
attack: step 6/10, xent loss = 9.31988, l2 loss = 13.7913 (max 14.95), (true 923, predicted [728])
attack: step 7/10, xent loss = 11.2965, l2 loss = 15.8543 (max 14.95), (true 923, predicted [728])
attack: step 8/10, xent loss = 10.5695, l2 loss = 16.6235 (max 14.95), (true 923, predicted [728])
attack: step 9/10, xent loss = 12.4767, l2 loss = 17.5011 (max 14.95), (true 923, predicted [728])
attack: step 10/10, xent loss = 12.1771, l2 loss = 18.3846 (max 14.95), (true 923, predicted [728])
check failed
true = 923, adv = 728
