2019-11-04 05:45:45.452143: I tensorflow/core/platform/cpu_feature_guard.cc:141] Your CPU supports instructions that this TensorFlow binary was not compiled to use: SSE4.1 SSE4.2 AVX AVX2 FMA
2019-11-04 05:45:45.458178: I tensorflow/core/platform/profile_utils/cpu_utils.cc:94] CPU Frequency: 2599755000 Hz
2019-11-04 05:45:45.458340: I tensorflow/compiler/xla/service/service.cc:150] XLA service 0x55555902ecb0 executing computations on platform Host. Devices:
2019-11-04 05:45:45.458363: I tensorflow/compiler/xla/service/service.cc:158]   StreamExecutor device (0): <undefined>, <undefined>
2019-11-04 05:45:45.458601: I tensorflow/core/common_runtime/process_util.cc:71] Creating new thread pool with default inter op setting: 2. Tune using inter_op_parallelism_threads for best performance.
evaluating 510 of [510, 520)
attack: step 1/1, xent loss = 0.169586, l2 loss = 8.46383 (max 14.95), (true 610, predicted [610])
true = 610, adv = 610
evaluating 511 of [510, 520)
attack: step 1/1, xent loss = 0.34097, l2 loss = 13.5288 (max 14.95), (true 293, predicted [293])
true = 293, adv = 251
evaluating 512 of [510, 520)
attack: step 1/1, xent loss = 0.095636, l2 loss = 16.203 (max 14.95), (true 401, predicted [401])
check failed
true = 401, adv = 728
evaluating 513 of [510, 520)
attack: step 1/1, xent loss = 3.95203, l2 loss = 20.4308 (max 14.95), (true 280, predicted [277])
check failed
true = 280, adv = 277
evaluating 514 of [510, 520)
attack: step 1/1, xent loss = 16.7595, l2 loss = 27.493 (max 14.95), (true 773, predicted [737])
check failed
true = 773, adv = 737
evaluating 515 of [510, 520)
attack: step 1/1, xent loss = 8.36886, l2 loss = 17.5453 (max 14.95), (true 407, predicted [734])
check failed
true = 407, adv = 734
evaluating 516 of [510, 520)
attack: step 1/1, xent loss = 0.354973, l2 loss = 5.55102 (max 14.95), (true 506, predicted [506])
true = 506, adv = 506
evaluating 517 of [510, 520)
attack: step 1/1, xent loss = 6.33655, l2 loss = 36.5088 (max 14.95), (true 284, predicted [286])
check failed
true = 284, adv = 728
evaluating 518 of [510, 520)
attack: step 1/1, xent loss = 0.0203113, l2 loss = 1.14197 (max 14.95), (true 904, predicted [904])
true = 904, adv = 904
evaluating 519 of [510, 520)
attack: step 1/1, xent loss = 7.18982, l2 loss = 41.1102 (max 14.95), (true 537, predicted [383])
check failed
true = 537, adv = 728
