2019-06-04 16:01:06.729412: I tensorflow/core/platform/cpu_feature_guard.cc:141] Your CPU supports instructions that this TensorFlow binary was not compiled to use: SSE4.1 SSE4.2 AVX AVX2 FMA
2019-06-04 16:01:06.998032: I tensorflow/core/platform/profile_utils/cpu_utils.cc:94] CPU Frequency: 2599965000 Hz
2019-06-04 16:01:07.030920: I tensorflow/compiler/xla/service/service.cc:150] XLA service 0x2aaae6fbd980 executing computations on platform Host. Devices:
2019-06-04 16:01:07.031082: I tensorflow/compiler/xla/service/service.cc:158]   StreamExecutor device (0): <undefined>, <undefined>
2019-06-04 16:01:07.032509: I tensorflow/core/common_runtime/process_util.cc:71] Creating new thread pool with default inter op setting: 2. Tune using inter_op_parallelism_threads for best performance.
evaluating 20 of [20, 30)
attack: step 1/10, xent loss = 0.0440299, l2 loss = 0 (max 14.95), (true 678, predicted [678])
attack: step 2/10, xent loss = 0.0209061, l2 loss = 0.406661 (max 14.95), (true 678, predicted [678])
attack: step 3/10, xent loss = 0.094022, l2 loss = 0.416168 (max 14.95), (true 678, predicted [678])
attack: step 4/10, xent loss = 0.0865823, l2 loss = 1.18217 (max 14.95), (true 678, predicted [678])
attack: step 5/10, xent loss = 0.199658, l2 loss = 1.60889 (max 14.95), (true 678, predicted [678])
attack: step 6/10, xent loss = 3.205, l2 loss = 2.88421 (max 14.95), (true 678, predicted [903])
attack: step 7/10, xent loss = 7.53353, l2 loss = 12.9076 (max 14.95), (true 678, predicted [728])
attack: step 8/10, xent loss = 10.0151, l2 loss = 13.1552 (max 14.95), (true 678, predicted [728])
attack: step 9/10, xent loss = 10.2117, l2 loss = 14.8046 (max 14.95), (true 678, predicted [728])
attack: step 10/10, xent loss = 14.82, l2 loss = 16.1737 (max 14.95), (true 678, predicted [728])
check failed
true = 678, adv = 728
evaluating 21 of [20, 30)
attack: step 1/10, xent loss = 0.00704022, l2 loss = 0 (max 14.95), (true 392, predicted [392])
attack: step 2/10, xent loss = 0.00927379, l2 loss = 0.0151409 (max 14.95), (true 392, predicted [392])
attack: step 3/10, xent loss = 0.0135252, l2 loss = 0.025323 (max 14.95), (true 392, predicted [392])
attack: step 4/10, xent loss = 0.0105443, l2 loss = 0.0418829 (max 14.95), (true 392, predicted [392])
attack: step 5/10, xent loss = 0.0100393, l2 loss = 0.0502687 (max 14.95), (true 392, predicted [392])
attack: step 6/10, xent loss = 0.011107, l2 loss = 0.0568886 (max 14.95), (true 392, predicted [392])
attack: step 7/10, xent loss = 0.00548785, l2 loss = 0.0637521 (max 14.95), (true 392, predicted [392])
attack: step 8/10, xent loss = 0.00929989, l2 loss = 0.0654592 (max 14.95), (true 392, predicted [392])
attack: step 9/10, xent loss = 0.0119999, l2 loss = 0.0700947 (max 14.95), (true 392, predicted [392])
attack: step 10/10, xent loss = 0.0074581, l2 loss = 0.0768731 (max 14.95), (true 392, predicted [392])
true = 392, adv = 392
evaluating 22 of [20, 30)
attack: step 1/10, xent loss = 1.62593, l2 loss = 0 (max 14.95), (true 314, predicted [304])
attack: step 2/10, xent loss = 0.898807, l2 loss = 4.35795 (max 14.95), (true 314, predicted [314])
attack: step 3/10, xent loss = 4.80767, l2 loss = 5.22825 (max 14.95), (true 314, predicted [304])
attack: step 4/10, xent loss = 4.91406, l2 loss = 7.21337 (max 14.95), (true 314, predicted [304])
attack: step 5/10, xent loss = 7.96923, l2 loss = 8.93819 (max 14.95), (true 314, predicted [304])
attack: step 6/10, xent loss = 8.4897, l2 loss = 10.1999 (max 14.95), (true 314, predicted [304])
attack: step 7/10, xent loss = 9.96008, l2 loss = 11.6126 (max 14.95), (true 314, predicted [304])
attack: step 8/10, xent loss = 11.0904, l2 loss = 12.2006 (max 14.95), (true 314, predicted [304])
attack: step 9/10, xent loss = 12.5314, l2 loss = 12.6585 (max 14.95), (true 314, predicted [304])
attack: step 10/10, xent loss = 11.2189, l2 loss = 13.1106 (max 14.95), (true 314, predicted [304])
true = 314, adv = 304
evaluating 23 of [20, 30)
attack: step 1/10, xent loss = 1.36654, l2 loss = 0 (max 14.95), (true 17, predicted [17])
attack: step 2/10, xent loss = 1.14069, l2 loss = 2.85642 (max 14.95), (true 17, predicted [17])
attack: step 3/10, xent loss = 2.5075, l2 loss = 3.76119 (max 14.95), (true 17, predicted [91])
attack: step 4/10, xent loss = 3.36899, l2 loss = 5.74878 (max 14.95), (true 17, predicted [21])
attack: step 5/10, xent loss = 4.13647, l2 loss = 7.0185 (max 14.95), (true 17, predicted [21])
attack: step 6/10, xent loss = 5.39785, l2 loss = 8.12563 (max 14.95), (true 17, predicted [21])
attack: step 7/10, xent loss = 6.54952, l2 loss = 9.2698 (max 14.95), (true 17, predicted [21])
attack: step 8/10, xent loss = 7.67134, l2 loss = 9.81994 (max 14.95), (true 17, predicted [21])
attack: step 9/10, xent loss = 7.02735, l2 loss = 10.3343 (max 14.95), (true 17, predicted [21])
attack: step 10/10, xent loss = 8.09414, l2 loss = 10.8031 (max 14.95), (true 17, predicted [21])
true = 17, adv = 21
evaluating 24 of [20, 30)
attack: step 1/10, xent loss = 2.69209, l2 loss = 0 (max 14.95), (true 283, predicted [750])
attack: step 2/10, xent loss = 3.04926, l2 loss = 3.17234 (max 14.95), (true 283, predicted [728])
attack: step 3/10, xent loss = 4.92598, l2 loss = 5.79462 (max 14.95), (true 283, predicted [728])
attack: step 4/10, xent loss = 7.08095, l2 loss = 7.78008 (max 14.95), (true 283, predicted [728])
attack: step 5/10, xent loss = 11.6896, l2 loss = 9.4811 (max 14.95), (true 283, predicted [728])
attack: step 6/10, xent loss = 9.55505, l2 loss = 11.632 (max 14.95), (true 283, predicted [728])
attack: step 7/10, xent loss = 13.7187, l2 loss = 13.6692 (max 14.95), (true 283, predicted [728])
attack: step 8/10, xent loss = 15.681, l2 loss = 14.7053 (max 14.95), (true 283, predicted [728])
attack: step 9/10, xent loss = 17.4821, l2 loss = 15.8052 (max 14.95), (true 283, predicted [728])
attack: step 10/10, xent loss = 17.1189, l2 loss = 16.9305 (max 14.95), (true 283, predicted [728])
check failed
true = 283, adv = 728
evaluating 25 of [20, 30)
attack: step 1/10, xent loss = 0.165547, l2 loss = 0 (max 14.95), (true 654, predicted [654])
attack: step 2/10, xent loss = 0.586206, l2 loss = 0.543128 (max 14.95), (true 654, predicted [654])
attack: step 3/10, xent loss = 0.844289, l2 loss = 1.67302 (max 14.95), (true 654, predicted [656])
attack: step 4/10, xent loss = 0.733358, l2 loss = 3.02569 (max 14.95), (true 654, predicted [654])
attack: step 5/10, xent loss = 1.55746, l2 loss = 3.82001 (max 14.95), (true 654, predicted [656])
attack: step 6/10, xent loss = 1.95909, l2 loss = 5.10926 (max 14.95), (true 654, predicted [656])
attack: step 7/10, xent loss = 4.57818, l2 loss = 6.81312 (max 14.95), (true 654, predicted [656])
attack: step 8/10, xent loss = 4.12913, l2 loss = 8.67131 (max 14.95), (true 654, predicted [656])
attack: step 9/10, xent loss = 3.70867, l2 loss = 10.0536 (max 14.95), (true 654, predicted [656])
attack: step 10/10, xent loss = 4.43705, l2 loss = 11.0271 (max 14.95), (true 654, predicted [656])
true = 654, adv = 656
evaluating 26 of [20, 30)
attack: step 1/10, xent loss = 0.751874, l2 loss = 0 (max 14.95), (true 646, predicted [646])
attack: step 2/10, xent loss = 5.04107, l2 loss = 6.07967 (max 14.95), (true 646, predicted [984])
attack: step 3/10, xent loss = 6.5211, l2 loss = 7.61748 (max 14.95), (true 646, predicted [984])
attack: step 4/10, xent loss = 7.46742, l2 loss = 8.17312 (max 14.95), (true 646, predicted [984])
attack: step 5/10, xent loss = 7.42928, l2 loss = 8.63179 (max 14.95), (true 646, predicted [984])
attack: step 6/10, xent loss = 7.95822, l2 loss = 9.23598 (max 14.95), (true 646, predicted [984])
attack: step 7/10, xent loss = 8.45808, l2 loss = 9.75038 (max 14.95), (true 646, predicted [984])
attack: step 8/10, xent loss = 8.40289, l2 loss = 10.2747 (max 14.95), (true 646, predicted [984])
attack: step 9/10, xent loss = 10.6132, l2 loss = 10.8707 (max 14.95), (true 646, predicted [984])
attack: step 10/10, xent loss = 10.1651, l2 loss = 11.9458 (max 14.95), (true 646, predicted [984])
true = 646, adv = 984
evaluating 27 of [20, 30)
attack: step 1/10, xent loss = 0.00452269, l2 loss = 0 (max 14.95), (true 635, predicted [635])
attack: step 2/10, xent loss = 0.00472667, l2 loss = 0.0233255 (max 14.95), (true 635, predicted [635])
attack: step 3/10, xent loss = 0.0880174, l2 loss = 0.0347719 (max 14.95), (true 635, predicted [635])
attack: step 4/10, xent loss = 0.0316805, l2 loss = 0.46859 (max 14.95), (true 635, predicted [635])
attack: step 5/10, xent loss = 0.20256, l2 loss = 0.502791 (max 14.95), (true 635, predicted [635])
attack: step 6/10, xent loss = 0.359691, l2 loss = 1.18028 (max 14.95), (true 635, predicted [635])
attack: step 7/10, xent loss = 0.67736, l2 loss = 2.06531 (max 14.95), (true 635, predicted [635])
attack: step 8/10, xent loss = 0.137963, l2 loss = 3.27896 (max 14.95), (true 635, predicted [635])
attack: step 9/10, xent loss = 0.570082, l2 loss = 3.40192 (max 14.95), (true 635, predicted [635])
attack: step 10/10, xent loss = 1.449, l2 loss = 4.17987 (max 14.95), (true 635, predicted [409])
true = 635, adv = 431
evaluating 28 of [20, 30)
attack: step 1/10, xent loss = 0.11333, l2 loss = 0 (max 14.95), (true 351, predicted [351])
attack: step 2/10, xent loss = 0.0902628, l2 loss = 0.252865 (max 14.95), (true 351, predicted [351])
attack: step 3/10, xent loss = 0.186575, l2 loss = 0.303861 (max 14.95), (true 351, predicted [351])
attack: step 4/10, xent loss = 0.102575, l2 loss = 0.475114 (max 14.95), (true 351, predicted [351])
attack: step 5/10, xent loss = 0.203905, l2 loss = 0.52758 (max 14.95), (true 351, predicted [351])
attack: step 6/10, xent loss = 0.175026, l2 loss = 0.783738 (max 14.95), (true 351, predicted [351])
attack: step 7/10, xent loss = 0.301425, l2 loss = 0.858277 (max 14.95), (true 351, predicted [351])
attack: step 8/10, xent loss = 0.103508, l2 loss = 1.10787 (max 14.95), (true 351, predicted [351])
attack: step 9/10, xent loss = 0.287988, l2 loss = 1.14825 (max 14.95), (true 351, predicted [351])
attack: step 10/10, xent loss = 0.150294, l2 loss = 1.30727 (max 14.95), (true 351, predicted [351])
true = 351, adv = 351
evaluating 29 of [20, 30)
attack: step 1/10, xent loss = 5.46273, l2 loss = 0 (max 14.95), (true 848, predicted [903])
attack: step 2/10, xent loss = 4.48697, l2 loss = 3.36487 (max 14.95), (true 848, predicted [643])
attack: step 3/10, xent loss = 7.20049, l2 loss = 4.95097 (max 14.95), (true 848, predicted [643])
attack: step 4/10, xent loss = 7.98929, l2 loss = 6.19277 (max 14.95), (true 848, predicted [643])
attack: step 5/10, xent loss = 8.54907, l2 loss = 7.64568 (max 14.95), (true 848, predicted [643])
attack: step 6/10, xent loss = 7.22841, l2 loss = 8.69185 (max 14.95), (true 848, predicted [643])
attack: step 7/10, xent loss = 7.05844, l2 loss = 10.1186 (max 14.95), (true 848, predicted [643])
attack: step 8/10, xent loss = 9.1666, l2 loss = 11.6747 (max 14.95), (true 848, predicted [643])
attack: step 9/10, xent loss = 11.0881, l2 loss = 12.333 (max 14.95), (true 848, predicted [643])
attack: step 10/10, xent loss = 11.3703, l2 loss = 12.9282 (max 14.95), (true 848, predicted [643])
true = 848, adv = 643
