2019-10-25 19:59:04.141415: I tensorflow/core/platform/cpu_feature_guard.cc:141] Your CPU supports instructions that this TensorFlow binary was not compiled to use: SSE4.1 SSE4.2 AVX AVX2 FMA
2019-10-25 19:59:04.186675: I tensorflow/core/platform/profile_utils/cpu_utils.cc:94] CPU Frequency: 2600110000 Hz
2019-10-25 19:59:04.188490: I tensorflow/compiler/xla/service/service.cc:150] XLA service 0x55555902f6f0 executing computations on platform Host. Devices:
2019-10-25 19:59:04.188661: I tensorflow/compiler/xla/service/service.cc:158]   StreamExecutor device (0): <undefined>, <undefined>
2019-10-25 19:59:04.190345: I tensorflow/core/common_runtime/process_util.cc:71] Creating new thread pool with default inter op setting: 2. Tune using inter_op_parallelism_threads for best performance.
evaluating 770 of [770, 780)
attack: step 1/10, xent loss = 3.26426, l2 loss = 9.58481 (max 14.95), (true 737, predicted [440])
returning early
true = 737, adv = 440
evaluating 771 of [770, 780)
attack: step 1/10, xent loss = 5.37503, l2 loss = 9.96903 (max 14.95), (true 629, predicted [551])
returning early
true = 629, adv = 551
evaluating 772 of [770, 780)
attack: step 1/10, xent loss = 11.1781, l2 loss = 19.5852 (max 14.95), (true 375, predicted [88])
unbound attack returning early
check failed
true = 375, adv = 88
evaluating 773 of [770, 780)
attack: step 1/10, xent loss = 9.78994, l2 loss = 18.4023 (max 14.95), (true 363, predicted [86])
unbound attack returning early
check failed
true = 363, adv = 133
evaluating 774 of [770, 780)
attack: step 1/10, xent loss = 12.6902, l2 loss = 16.0826 (max 14.95), (true 288, predicted [251])
unbound attack returning early
check failed
true = 288, adv = 251
evaluating 775 of [770, 780)
attack: step 1/10, xent loss = 44.3051, l2 loss = 37.9159 (max 14.95), (true 548, predicted [915])
unbound attack returning early
check failed
true = 548, adv = 915
evaluating 776 of [770, 780)
attack: step 1/10, xent loss = 25.0447, l2 loss = 28.3504 (max 14.95), (true 807, predicted [448])
unbound attack returning early
check failed
true = 807, adv = 448
evaluating 777 of [770, 780)
attack: step 1/10, xent loss = 44.2308, l2 loss = 37.6623 (max 14.95), (true 64, predicted [971])
unbound attack returning early
check failed
true = 64, adv = 971
evaluating 778 of [770, 780)
attack: step 1/10, xent loss = 9.87064, l2 loss = 15.5186 (max 14.95), (true 603, predicted [723])
unbound attack returning early
check failed
true = 603, adv = 723
evaluating 779 of [770, 780)
attack: step 1/10, xent loss = 38.8542, l2 loss = 38.0016 (max 14.95), (true 388, predicted [728])
unbound attack returning early
check failed
true = 388, adv = 728
