2019-06-24 23:29:17.593516: I tensorflow/core/platform/cpu_feature_guard.cc:141] Your CPU supports instructions that this TensorFlow binary was not compiled to use: SSE4.1 SSE4.2 AVX AVX2 FMA
2019-06-24 23:29:19.109636: I tensorflow/core/platform/profile_utils/cpu_utils.cc:94] CPU Frequency: 2599945000 Hz
2019-06-24 23:29:19.119011: I tensorflow/compiler/xla/service/service.cc:150] XLA service 0x2aaae6ac0550 executing computations on platform Host. Devices:
2019-06-24 23:29:19.119715: I tensorflow/compiler/xla/service/service.cc:158]   StreamExecutor device (0): <undefined>, <undefined>
2019-06-24 23:29:19.123518: I tensorflow/core/common_runtime/process_util.cc:71] Creating new thread pool with default inter op setting: 2. Tune using inter_op_parallelism_threads for best performance.
evaluating 200 of [200, 210)
attack: step 1/10, xent loss = 0.114885, l2 loss = 1.17468 (max 14.95), (true 20, predicted [20])
attack: step 2/10, xent loss = 0.0956753, l2 loss = 1.24225 (max 14.95), (true 20, predicted [20])
attack: step 3/10, xent loss = 0.187674, l2 loss = 1.27748 (max 14.95), (true 20, predicted [20])
attack: step 4/10, xent loss = 0.164323, l2 loss = 1.38198 (max 14.95), (true 20, predicted [20])
attack: step 5/10, xent loss = 0.12257, l2 loss = 1.48093 (max 14.95), (true 20, predicted [20])
attack: step 6/10, xent loss = 0.120866, l2 loss = 1.53892 (max 14.95), (true 20, predicted [20])
attack: step 7/10, xent loss = 0.249097, l2 loss = 1.58191 (max 14.95), (true 20, predicted [20])
attack: step 8/10, xent loss = 0.185623, l2 loss = 1.72119 (max 14.95), (true 20, predicted [20])
attack: step 9/10, xent loss = 0.296628, l2 loss = 1.82746 (max 14.95), (true 20, predicted [20])
attack: step 10/10, xent loss = 0.24726, l2 loss = 2.03851 (max 14.95), (true 20, predicted [20])
true = 20, adv = 20
evaluating 201 of [200, 210)
attack: step 1/10, xent loss = 6.69564, l2 loss = 8.50577 (max 14.95), (true 892, predicted [409])
attack: step 2/10, xent loss = 6.78708, l2 loss = 9.16829 (max 14.95), (true 892, predicted [409])
attack: step 3/10, xent loss = 6.94386, l2 loss = 9.67114 (max 14.95), (true 892, predicted [409])
attack: step 4/10, xent loss = 7.72148, l2 loss = 10.2218 (max 14.95), (true 892, predicted [409])
attack: step 5/10, xent loss = 7.88678, l2 loss = 10.6565 (max 14.95), (true 892, predicted [409])
attack: step 6/10, xent loss = 8.729, l2 loss = 11.16 (max 14.95), (true 892, predicted [409])
attack: step 7/10, xent loss = 8.58425, l2 loss = 11.7888 (max 14.95), (true 892, predicted [409])
attack: step 8/10, xent loss = 8.79551, l2 loss = 12.1927 (max 14.95), (true 892, predicted [409])
attack: step 9/10, xent loss = 9.38959, l2 loss = 12.6845 (max 14.95), (true 892, predicted [409])
attack: step 10/10, xent loss = 9.34493, l2 loss = 12.9956 (max 14.95), (true 892, predicted [409])
true = 892, adv = 409
evaluating 202 of [200, 210)
attack: step 1/10, xent loss = 26.9527, l2 loss = 22.1728 (max 14.95), (true 524, predicted [509])
attack: step 2/10, xent loss = 26.2119, l2 loss = 23.4546 (max 14.95), (true 524, predicted [509])
attack: step 3/10, xent loss = 27.9359, l2 loss = 24.4629 (max 14.95), (true 524, predicted [509])
attack: step 4/10, xent loss = 28.8658, l2 loss = 25.5752 (max 14.95), (true 524, predicted [509])
attack: step 5/10, xent loss = 30.6332, l2 loss = 26.7728 (max 14.95), (true 524, predicted [509])
attack: step 6/10, xent loss = 29.1138, l2 loss = 27.6663 (max 14.95), (true 524, predicted [509])
attack: step 7/10, xent loss = 29.7576, l2 loss = 28.6282 (max 14.95), (true 524, predicted [509])
attack: step 8/10, xent loss = 32.1675, l2 loss = 29.932 (max 14.95), (true 524, predicted [509])
attack: step 9/10, xent loss = 31.2559, l2 loss = 30.8625 (max 14.95), (true 524, predicted [509])
attack: step 10/10, xent loss = 32.7426, l2 loss = 31.9414 (max 14.95), (true 524, predicted [509])
check failed
true = 524, adv = 509
evaluating 203 of [200, 210)
attack: step 1/10, xent loss = 16.5235, l2 loss = 14.0738 (max 14.95), (true 643, predicted [51])
attack: step 2/10, xent loss = 17.0374, l2 loss = 14.7648 (max 14.95), (true 643, predicted [51])
attack: step 3/10, xent loss = 16.0576, l2 loss = 15.5044 (max 14.95), (true 643, predicted [51])
attack: step 4/10, xent loss = 17.7541, l2 loss = 16.4026 (max 14.95), (true 643, predicted [51])
attack: step 5/10, xent loss = 18.796, l2 loss = 17.06 (max 14.95), (true 643, predicted [51])
attack: step 6/10, xent loss = 21.0781, l2 loss = 17.943 (max 14.95), (true 643, predicted [51])
attack: step 7/10, xent loss = 19.5056, l2 loss = 18.4701 (max 14.95), (true 643, predicted [51])
attack: step 8/10, xent loss = 20.4726, l2 loss = 19.3582 (max 14.95), (true 643, predicted [51])
attack: step 9/10, xent loss = 21.8471, l2 loss = 19.9502 (max 14.95), (true 643, predicted [51])
attack: step 10/10, xent loss = 22.3069, l2 loss = 20.4501 (max 14.95), (true 643, predicted [51])
check failed
true = 643, adv = 51
evaluating 204 of [200, 210)
attack: step 1/10, xent loss = 5.66464, l2 loss = 7.26865 (max 14.95), (true 831, predicted [598])
attack: step 2/10, xent loss = 6.70033, l2 loss = 9.61541 (max 14.95), (true 831, predicted [598])
attack: step 3/10, xent loss = 8.94913, l2 loss = 10.9712 (max 14.95), (true 831, predicted [598])
attack: step 4/10, xent loss = 10.1856, l2 loss = 11.9259 (max 14.95), (true 831, predicted [598])
attack: step 5/10, xent loss = 11.2438, l2 loss = 12.6663 (max 14.95), (true 831, predicted [598])
attack: step 6/10, xent loss = 12.6572, l2 loss = 13.3238 (max 14.95), (true 831, predicted [598])
attack: step 7/10, xent loss = 12.2308, l2 loss = 14.387 (max 14.95), (true 831, predicted [598])
attack: step 8/10, xent loss = 14.0981, l2 loss = 15.2533 (max 14.95), (true 831, predicted [598])
attack: step 9/10, xent loss = 14.4405, l2 loss = 16.0709 (max 14.95), (true 831, predicted [598])
attack: step 10/10, xent loss = 15.6293, l2 loss = 16.7319 (max 14.95), (true 831, predicted [598])
check failed
true = 831, adv = 598
evaluating 205 of [200, 210)
attack: step 1/10, xent loss = 6.11988, l2 loss = 7.94666 (max 14.95), (true 763, predicted [764])
attack: step 2/10, xent loss = 6.55091, l2 loss = 8.58998 (max 14.95), (true 763, predicted [764])
attack: step 3/10, xent loss = 7.61517, l2 loss = 9.14662 (max 14.95), (true 763, predicted [764])
attack: step 4/10, xent loss = 7.65749, l2 loss = 9.53993 (max 14.95), (true 763, predicted [413])
attack: step 5/10, xent loss = 7.95101, l2 loss = 9.96538 (max 14.95), (true 763, predicted [413])
attack: step 6/10, xent loss = 9.17445, l2 loss = 10.4022 (max 14.95), (true 763, predicted [413])
attack: step 7/10, xent loss = 8.45513, l2 loss = 10.7166 (max 14.95), (true 763, predicted [413])
attack: step 8/10, xent loss = 9.28244, l2 loss = 11.0718 (max 14.95), (true 763, predicted [413])
attack: step 9/10, xent loss = 8.94123, l2 loss = 11.3977 (max 14.95), (true 763, predicted [413])
attack: step 10/10, xent loss = 9.67669, l2 loss = 11.847 (max 14.95), (true 763, predicted [413])
true = 763, adv = 413
evaluating 206 of [200, 210)
attack: step 1/10, xent loss = 19.8036, l2 loss = 19.7406 (max 14.95), (true 648, predicted [905])
attack: step 2/10, xent loss = 22.0295, l2 loss = 21.9128 (max 14.95), (true 648, predicted [905])
attack: step 3/10, xent loss = 22.7314, l2 loss = 22.6379 (max 14.95), (true 648, predicted [905])
attack: step 4/10, xent loss = 23.4428, l2 loss = 23.4296 (max 14.95), (true 648, predicted [905])
attack: step 5/10, xent loss = 22.7985, l2 loss = 24.3719 (max 14.95), (true 648, predicted [905])
attack: step 6/10, xent loss = 21.2778, l2 loss = 25.3612 (max 14.95), (true 648, predicted [905])
attack: step 7/10, xent loss = 24.1522, l2 loss = 26.0305 (max 14.95), (true 648, predicted [905])
attack: step 8/10, xent loss = 25.9338, l2 loss = 26.7111 (max 14.95), (true 648, predicted [905])
attack: step 9/10, xent loss = 25.5406, l2 loss = 27.4671 (max 14.95), (true 648, predicted [905])
attack: step 10/10, xent loss = 27.8751, l2 loss = 28.1794 (max 14.95), (true 648, predicted [905])
check failed
true = 648, adv = 905
evaluating 207 of [200, 210)
attack: step 1/10, xent loss = 17.7813, l2 loss = 19.1663 (max 14.95), (true 765, predicted [788])
attack: step 2/10, xent loss = 19.1466, l2 loss = 20.3414 (max 14.95), (true 765, predicted [788])
attack: step 3/10, xent loss = 20.9502, l2 loss = 21.7931 (max 14.95), (true 765, predicted [788])
attack: step 4/10, xent loss = 20.8834, l2 loss = 22.9727 (max 14.95), (true 765, predicted [788])
attack: step 5/10, xent loss = 22.534, l2 loss = 24.1137 (max 14.95), (true 765, predicted [788])
attack: step 6/10, xent loss = 22.5686, l2 loss = 26.2528 (max 14.95), (true 765, predicted [788])
attack: step 7/10, xent loss = 23.2736, l2 loss = 27.1465 (max 14.95), (true 765, predicted [788])
attack: step 8/10, xent loss = 24.5878, l2 loss = 28.0921 (max 14.95), (true 765, predicted [788])
attack: step 9/10, xent loss = 23.1236, l2 loss = 29.1904 (max 14.95), (true 765, predicted [788])
attack: step 10/10, xent loss = 24.371, l2 loss = 31.1847 (max 14.95), (true 765, predicted [788])
check failed
true = 765, adv = 788
evaluating 208 of [200, 210)
attack: step 1/10, xent loss = 0.0359419, l2 loss = 0.224279 (max 14.95), (true 565, predicted [565])
attack: step 2/10, xent loss = 0.0246176, l2 loss = 0.257768 (max 14.95), (true 565, predicted [565])
attack: step 3/10, xent loss = 0.0450585, l2 loss = 0.269392 (max 14.95), (true 565, predicted [565])
attack: step 4/10, xent loss = 0.0229743, l2 loss = 0.308493 (max 14.95), (true 565, predicted [565])
attack: step 5/10, xent loss = 0.0131871, l2 loss = 0.321182 (max 14.95), (true 565, predicted [565])
attack: step 6/10, xent loss = 0.0128108, l2 loss = 0.325033 (max 14.95), (true 565, predicted [565])
attack: step 7/10, xent loss = 0.00981694, l2 loss = 0.330379 (max 14.95), (true 565, predicted [565])
attack: step 8/10, xent loss = 0.0234742, l2 loss = 0.333085 (max 14.95), (true 565, predicted [565])
attack: step 9/10, xent loss = 0.0226541, l2 loss = 0.346049 (max 14.95), (true 565, predicted [565])
attack: step 10/10, xent loss = 0.0309079, l2 loss = 0.357429 (max 14.95), (true 565, predicted [565])
true = 565, adv = 565
evaluating 209 of [200, 210)
attack: step 1/10, xent loss = 23.2192, l2 loss = 31.8647 (max 14.95), (true 372, predicted [552])
attack: step 2/10, xent loss = 26.3081, l2 loss = 33.2956 (max 14.95), (true 372, predicted [552])
attack: step 3/10, xent loss = 26.459, l2 loss = 35.4791 (max 14.95), (true 372, predicted [552])
attack: step 4/10, xent loss = 28.2797, l2 loss = 37.6675 (max 14.95), (true 372, predicted [552])
attack: step 5/10, xent loss = 33.2813, l2 loss = 38.5776 (max 14.95), (true 372, predicted [552])
attack: step 6/10, xent loss = 32.2664, l2 loss = 39.4886 (max 14.95), (true 372, predicted [552])
attack: step 7/10, xent loss = 34.7247, l2 loss = 41.445 (max 14.95), (true 372, predicted [552])
attack: step 8/10, xent loss = 28.1909, l2 loss = 43.3716 (max 14.95), (true 372, predicted [552])
attack: step 9/10, xent loss = 35.5689, l2 loss = 44.9144 (max 14.95), (true 372, predicted [552])
attack: step 10/10, xent loss = 34.1363, l2 loss = 45.5242 (max 14.95), (true 372, predicted [552])
check failed
true = 372, adv = 552
