2019-11-03 22:07:34.462905: I tensorflow/core/platform/cpu_feature_guard.cc:141] Your CPU supports instructions that this TensorFlow binary was not compiled to use: SSE4.1 SSE4.2 AVX AVX2 FMA
2019-11-03 22:07:34.800083: I tensorflow/core/platform/profile_utils/cpu_utils.cc:94] CPU Frequency: 2600010000 Hz
2019-11-03 22:07:34.914284: I tensorflow/compiler/xla/service/service.cc:150] XLA service 0x5555590302e0 executing computations on platform Host. Devices:
2019-11-03 22:07:34.914339: I tensorflow/compiler/xla/service/service.cc:158]   StreamExecutor device (0): <undefined>, <undefined>
2019-11-03 22:07:34.914756: I tensorflow/core/common_runtime/process_util.cc:71] Creating new thread pool with default inter op setting: 2. Tune using inter_op_parallelism_threads for best performance.
evaluating 970 of [970, 980)
attack: step 1/1, xent loss = 0.0102133, l2 loss = 9.90193 (max 14.95), (true 702, predicted [702])
true = 702, adv = 830
evaluating 971 of [970, 980)
attack: step 1/1, xent loss = 1.24993, l2 loss = 25.5111 (max 14.95), (true 190, predicted [190])
check failed
true = 190, adv = 728
evaluating 972 of [970, 980)
attack: step 1/1, xent loss = 3.81774, l2 loss = 10.7387 (max 14.95), (true 542, predicted [889])
true = 542, adv = 889
evaluating 973 of [970, 980)
attack: step 1/1, xent loss = 2.93097, l2 loss = 35.8047 (max 14.95), (true 843, predicted [674])
check failed
true = 843, adv = 728
evaluating 974 of [970, 980)
attack: step 1/1, xent loss = 0.175416, l2 loss = 12.3538 (max 14.95), (true 373, predicted [373])
true = 373, adv = 728
evaluating 975 of [970, 980)
attack: step 1/1, xent loss = 5.69544, l2 loss = 26.2158 (max 14.95), (true 906, predicted [515])
check failed
true = 906, adv = 728
evaluating 976 of [970, 980)
attack: step 1/1, xent loss = 1.27278, l2 loss = 10.2405 (max 14.95), (true 842, predicted [842])
true = 842, adv = 945
evaluating 977 of [970, 980)
attack: step 1/1, xent loss = 2.71663, l2 loss = 10.8696 (max 14.95), (true 242, predicted [209])
true = 242, adv = 728
evaluating 978 of [970, 980)
attack: step 1/1, xent loss = 1.93314, l2 loss = 40.384 (max 14.95), (true 619, predicted [619])
check failed
true = 619, adv = 529
evaluating 979 of [970, 980)
attack: step 1/1, xent loss = 0.0790234, l2 loss = 11.2438 (max 14.95), (true 991, predicted [991])
true = 991, adv = 936
