2019-06-26 22:30:03.055472: I tensorflow/core/platform/cpu_feature_guard.cc:141] Your CPU supports instructions that this TensorFlow binary was not compiled to use: SSE4.1 SSE4.2 AVX AVX2 FMA
2019-06-26 22:30:03.888939: I tensorflow/core/platform/profile_utils/cpu_utils.cc:94] CPU Frequency: 2599925000 Hz
2019-06-26 22:30:03.890158: I tensorflow/compiler/xla/service/service.cc:150] XLA service 0x2aaae6ac0aa0 executing computations on platform Host. Devices:
2019-06-26 22:30:03.890297: I tensorflow/compiler/xla/service/service.cc:158]   StreamExecutor device (0): <undefined>, <undefined>
2019-06-26 22:30:03.891226: I tensorflow/core/common_runtime/process_util.cc:71] Creating new thread pool with default inter op setting: 2. Tune using inter_op_parallelism_threads for best performance.
evaluating 610 of [610, 620)
attack: step 1/10, xent loss = 8.60782, l2 loss = 10.5206 (max 14.95), (true 977, predicted [970])
attack: step 2/10, xent loss = 8.26666, l2 loss = 11.2024 (max 14.95), (true 977, predicted [970])
attack: step 3/10, xent loss = 9.34281, l2 loss = 11.8844 (max 14.95), (true 977, predicted [970])
attack: step 4/10, xent loss = 9.01437, l2 loss = 12.7884 (max 14.95), (true 977, predicted [970])
attack: step 5/10, xent loss = 11.6384, l2 loss = 13.3859 (max 14.95), (true 977, predicted [970])
attack: step 6/10, xent loss = 13.2373, l2 loss = 14.3221 (max 14.95), (true 977, predicted [970])
attack: step 7/10, xent loss = 11.9766, l2 loss = 15.3887 (max 14.95), (true 977, predicted [970])
attack: step 8/10, xent loss = 13.5859, l2 loss = 16.6504 (max 14.95), (true 977, predicted [970])
attack: step 9/10, xent loss = 14.3784, l2 loss = 18.3922 (max 14.95), (true 977, predicted [970])
attack: step 10/10, xent loss = 13.2306, l2 loss = 21.1948 (max 14.95), (true 977, predicted [970])
check failed
true = 977, adv = 970
evaluating 611 of [610, 620)
attack: step 1/10, xent loss = 10.5027, l2 loss = 11.4605 (max 14.95), (true 707, predicted [692])
attack: step 2/10, xent loss = 10.5462, l2 loss = 11.8972 (max 14.95), (true 707, predicted [692])
attack: step 3/10, xent loss = 11.4282, l2 loss = 12.5935 (max 14.95), (true 707, predicted [692])
attack: step 4/10, xent loss = 11.7071, l2 loss = 13.0133 (max 14.95), (true 707, predicted [728])
attack: step 5/10, xent loss = 13.3431, l2 loss = 13.6445 (max 14.95), (true 707, predicted [692])
attack: step 6/10, xent loss = 11.824, l2 loss = 14.2065 (max 14.95), (true 707, predicted [692])
attack: step 7/10, xent loss = 14.6188, l2 loss = 14.7791 (max 14.95), (true 707, predicted [728])
attack: step 8/10, xent loss = 13.4664, l2 loss = 15.765 (max 14.95), (true 707, predicted [728])
attack: step 9/10, xent loss = 15.8869, l2 loss = 16.57 (max 14.95), (true 707, predicted [728])
attack: step 10/10, xent loss = 17.3244, l2 loss = 17.4892 (max 14.95), (true 707, predicted [728])
check failed
true = 707, adv = 728
evaluating 612 of [610, 620)
attack: step 1/10, xent loss = 10.0026, l2 loss = 11.1568 (max 14.95), (true 213, predicted [162])
attack: step 2/10, xent loss = 10.773, l2 loss = 11.8735 (max 14.95), (true 213, predicted [162])
attack: step 3/10, xent loss = 13.021, l2 loss = 12.4386 (max 14.95), (true 213, predicted [162])
attack: step 4/10, xent loss = 12.979, l2 loss = 13.1787 (max 14.95), (true 213, predicted [162])
attack: step 5/10, xent loss = 12.3045, l2 loss = 13.549 (max 14.95), (true 213, predicted [215])
attack: step 6/10, xent loss = 14.2304, l2 loss = 14.2213 (max 14.95), (true 213, predicted [162])
attack: step 7/10, xent loss = 15.0933, l2 loss = 14.7951 (max 14.95), (true 213, predicted [162])
attack: step 8/10, xent loss = 15.3435, l2 loss = 15.3493 (max 14.95), (true 213, predicted [162])
attack: step 9/10, xent loss = 15.1462, l2 loss = 15.8537 (max 14.95), (true 213, predicted [162])
attack: step 10/10, xent loss = 14.0401, l2 loss = 16.3737 (max 14.95), (true 213, predicted [162])
check failed
true = 213, adv = 162
evaluating 613 of [610, 620)
attack: step 1/10, xent loss = 10.9001, l2 loss = 17.3261 (max 14.95), (true 801, predicted [3])
attack: step 2/10, xent loss = 11.436, l2 loss = 17.9373 (max 14.95), (true 801, predicted [3])
attack: step 3/10, xent loss = 11.16, l2 loss = 18.5356 (max 14.95), (true 801, predicted [3])
attack: step 4/10, xent loss = 12.7777, l2 loss = 19.526 (max 14.95), (true 801, predicted [3])
attack: step 5/10, xent loss = 13.0847, l2 loss = 20.0446 (max 14.95), (true 801, predicted [3])
attack: step 6/10, xent loss = 10.3012, l2 loss = 20.6408 (max 14.95), (true 801, predicted [3])
attack: step 7/10, xent loss = 14.7313, l2 loss = 21.4589 (max 14.95), (true 801, predicted [3])
attack: step 8/10, xent loss = 14.1895, l2 loss = 22.301 (max 14.95), (true 801, predicted [3])
attack: step 9/10, xent loss = 15.0679, l2 loss = 23.3097 (max 14.95), (true 801, predicted [3])
attack: step 10/10, xent loss = 16.7615, l2 loss = 23.8523 (max 14.95), (true 801, predicted [3])
check failed
true = 801, adv = 3
evaluating 614 of [610, 620)
attack: step 1/10, xent loss = 26.7391, l2 loss = 27.4197 (max 14.95), (true 647, predicted [728])
attack: step 2/10, xent loss = 27.5209, l2 loss = 28.5903 (max 14.95), (true 647, predicted [728])
attack: step 3/10, xent loss = 29.8786, l2 loss = 29.5975 (max 14.95), (true 647, predicted [728])
attack: step 4/10, xent loss = 31.2887, l2 loss = 30.5762 (max 14.95), (true 647, predicted [728])
attack: step 5/10, xent loss = 27.9056, l2 loss = 32.4402 (max 14.95), (true 647, predicted [728])
attack: step 6/10, xent loss = 33.0968, l2 loss = 33.7639 (max 14.95), (true 647, predicted [728])
attack: step 7/10, xent loss = 31.6432, l2 loss = 34.7673 (max 14.95), (true 647, predicted [728])
attack: step 8/10, xent loss = 34.9557, l2 loss = 36.3598 (max 14.95), (true 647, predicted [728])
attack: step 9/10, xent loss = 34.4542, l2 loss = 37.1898 (max 14.95), (true 647, predicted [728])
attack: step 10/10, xent loss = 35.8137, l2 loss = 38.32 (max 14.95), (true 647, predicted [728])
check failed
true = 647, adv = 728
evaluating 615 of [610, 620)
attack: step 1/10, xent loss = 19.0311, l2 loss = 19.5539 (max 14.95), (true 138, predicted [728])
attack: step 2/10, xent loss = 21.5715, l2 loss = 21.1338 (max 14.95), (true 138, predicted [728])
attack: step 3/10, xent loss = 20.2169, l2 loss = 22.2866 (max 14.95), (true 138, predicted [728])
attack: step 4/10, xent loss = 22.3103, l2 loss = 23.3784 (max 14.95), (true 138, predicted [728])
attack: step 5/10, xent loss = 25.2979, l2 loss = 24.7339 (max 14.95), (true 138, predicted [728])
attack: step 6/10, xent loss = 24.3678, l2 loss = 26.1849 (max 14.95), (true 138, predicted [728])
attack: step 7/10, xent loss = 25.6411, l2 loss = 27.4486 (max 14.95), (true 138, predicted [728])
attack: step 8/10, xent loss = 28.3056, l2 loss = 28.75 (max 14.95), (true 138, predicted [728])
attack: step 9/10, xent loss = 31.9229, l2 loss = 29.8428 (max 14.95), (true 138, predicted [728])
attack: step 10/10, xent loss = 28.7497, l2 loss = 31.0261 (max 14.95), (true 138, predicted [728])
check failed
true = 138, adv = 728
evaluating 616 of [610, 620)
attack: step 1/10, xent loss = 20.2125, l2 loss = 25.7388 (max 14.95), (true 727, predicted [412])
attack: step 2/10, xent loss = 21.3008, l2 loss = 27.6151 (max 14.95), (true 727, predicted [412])
attack: step 3/10, xent loss = 20.0552, l2 loss = 28.456 (max 14.95), (true 727, predicted [412])
attack: step 4/10, xent loss = 24.1963, l2 loss = 29.4659 (max 14.95), (true 727, predicted [412])
attack: step 5/10, xent loss = 23.3955, l2 loss = 30.8616 (max 14.95), (true 727, predicted [412])
attack: step 6/10, xent loss = 23.8563, l2 loss = 31.6648 (max 14.95), (true 727, predicted [412])
attack: step 7/10, xent loss = 23.4826, l2 loss = 33.1917 (max 14.95), (true 727, predicted [412])
attack: step 8/10, xent loss = 26.9658, l2 loss = 34.1852 (max 14.95), (true 727, predicted [412])
attack: step 9/10, xent loss = 28.8626, l2 loss = 35.364 (max 14.95), (true 727, predicted [412])
attack: step 10/10, xent loss = 25.5468, l2 loss = 36.7878 (max 14.95), (true 727, predicted [412])
check failed
true = 727, adv = 412
evaluating 617 of [610, 620)
attack: step 1/10, xent loss = 14.9007, l2 loss = 17.3448 (max 14.95), (true 296, predicted [160])
attack: step 2/10, xent loss = 12.8091, l2 loss = 17.9521 (max 14.95), (true 296, predicted [160])
attack: step 3/10, xent loss = 18.3738, l2 loss = 19.4459 (max 14.95), (true 296, predicted [160])
attack: step 4/10, xent loss = 16.5681, l2 loss = 19.968 (max 14.95), (true 296, predicted [160])
attack: step 5/10, xent loss = 17.6052, l2 loss = 20.9103 (max 14.95), (true 296, predicted [160])
attack: step 6/10, xent loss = 17.3481, l2 loss = 21.6218 (max 14.95), (true 296, predicted [160])
attack: step 7/10, xent loss = 19.2922, l2 loss = 22.4962 (max 14.95), (true 296, predicted [160])
attack: step 8/10, xent loss = 17.8083, l2 loss = 23.113 (max 14.95), (true 296, predicted [160])
attack: step 9/10, xent loss = 18.5972, l2 loss = 24.3769 (max 14.95), (true 296, predicted [160])
attack: step 10/10, xent loss = 17.8413, l2 loss = 24.9481 (max 14.95), (true 296, predicted [160])
check failed
true = 296, adv = 160
evaluating 618 of [610, 620)
attack: step 1/10, xent loss = 7.73657, l2 loss = 11.3986 (max 14.95), (true 660, predicted [705])
attack: step 2/10, xent loss = 7.51261, l2 loss = 12.08 (max 14.95), (true 660, predicted [705])
attack: step 3/10, xent loss = 6.76511, l2 loss = 12.6521 (max 14.95), (true 660, predicted [705])
attack: step 4/10, xent loss = 9.02157, l2 loss = 13.3134 (max 14.95), (true 660, predicted [705])
attack: step 5/10, xent loss = 8.22175, l2 loss = 13.9228 (max 14.95), (true 660, predicted [705])
attack: step 6/10, xent loss = 8.2515, l2 loss = 14.4932 (max 14.95), (true 660, predicted [705])
attack: step 7/10, xent loss = 9.04992, l2 loss = 15.1759 (max 14.95), (true 660, predicted [705])
attack: step 8/10, xent loss = 9.2953, l2 loss = 15.5953 (max 14.95), (true 660, predicted [705])
attack: step 9/10, xent loss = 9.39517, l2 loss = 16.1286 (max 14.95), (true 660, predicted [705])
attack: step 10/10, xent loss = 11.2622, l2 loss = 16.7259 (max 14.95), (true 660, predicted [705])
check failed
true = 660, adv = 705
evaluating 619 of [610, 620)
attack: step 1/10, xent loss = 22.2542, l2 loss = 27.0109 (max 14.95), (true 235, predicted [552])
attack: step 2/10, xent loss = 24.9312, l2 loss = 28.0143 (max 14.95), (true 235, predicted [552])
attack: step 3/10, xent loss = 27.3225, l2 loss = 29.1814 (max 14.95), (true 235, predicted [552])
attack: step 4/10, xent loss = 24.3774, l2 loss = 31.0476 (max 14.95), (true 235, predicted [552])
attack: step 5/10, xent loss = 28.3611, l2 loss = 32.6244 (max 14.95), (true 235, predicted [552])
attack: step 6/10, xent loss = 28.1145, l2 loss = 34.1099 (max 14.95), (true 235, predicted [552])
attack: step 7/10, xent loss = 31.1019, l2 loss = 35.0426 (max 14.95), (true 235, predicted [552])
attack: step 8/10, xent loss = 32.3158, l2 loss = 36.5681 (max 14.95), (true 235, predicted [552])
attack: step 9/10, xent loss = 32.408, l2 loss = 37.8172 (max 14.95), (true 235, predicted [552])
attack: step 10/10, xent loss = 35.873, l2 loss = 38.8694 (max 14.95), (true 235, predicted [552])
check failed
true = 235, adv = 552
