2019-10-26 01:59:46.479310: I tensorflow/core/platform/cpu_feature_guard.cc:141] Your CPU supports instructions that this TensorFlow binary was not compiled to use: SSE4.1 SSE4.2 AVX AVX2 FMA
2019-10-26 01:59:46.489125: I tensorflow/core/platform/profile_utils/cpu_utils.cc:94] CPU Frequency: 2599755000 Hz
2019-10-26 01:59:46.489400: I tensorflow/compiler/xla/service/service.cc:150] XLA service 0x55555902f170 executing computations on platform Host. Devices:
2019-10-26 01:59:46.489435: I tensorflow/compiler/xla/service/service.cc:158]   StreamExecutor device (0): <undefined>, <undefined>
2019-10-26 01:59:46.489835: I tensorflow/core/common_runtime/process_util.cc:71] Creating new thread pool with default inter op setting: 2. Tune using inter_op_parallelism_threads for best performance.
evaluating 230 of [230, 240)
attack: step 1/10, xent loss = 28.5947, l2 loss = 31.3562 (max 14.95), (true 131, predicted [728])
unbound attack returning early
check failed
true = 131, adv = 728
evaluating 231 of [230, 240)
attack: step 1/10, xent loss = 26.3024, l2 loss = 33.8229 (max 14.95), (true 487, predicted [830])
unbound attack returning early
check failed
true = 487, adv = 830
evaluating 232 of [230, 240)
attack: step 1/10, xent loss = 12.3582, l2 loss = 17.1206 (max 14.95), (true 296, predicted [279])
unbound attack returning early
check failed
true = 296, adv = 279
evaluating 233 of [230, 240)
attack: step 1/10, xent loss = 17.6287, l2 loss = 16.6606 (max 14.95), (true 804, predicted [907])
unbound attack returning early
check failed
true = 804, adv = 907
evaluating 234 of [230, 240)
attack: step 1/10, xent loss = 39.6292, l2 loss = 45.4816 (max 14.95), (true 314, predicted [700])
unbound attack returning early
check failed
true = 314, adv = 700
evaluating 235 of [230, 240)
attack: step 1/10, xent loss = 9.91736, l2 loss = 13.7142 (max 14.95), (true 906, predicted [636])
returning early
true = 906, adv = 636
evaluating 236 of [230, 240)
attack: step 1/10, xent loss = 32.439, l2 loss = 31.3399 (max 14.95), (true 961, predicted [953])
unbound attack returning early
check failed
true = 961, adv = 953
evaluating 237 of [230, 240)
attack: step 1/10, xent loss = 35.0904, l2 loss = 35.3322 (max 14.95), (true 355, predicted [728])
unbound attack returning early
check failed
true = 355, adv = 728
evaluating 238 of [230, 240)
attack: step 1/10, xent loss = 18.3526, l2 loss = 19.5819 (max 14.95), (true 923, predicted [927])
unbound attack returning early
check failed
true = 923, adv = 927
evaluating 239 of [230, 240)
attack: step 1/10, xent loss = 11.8991, l2 loss = 22.2327 (max 14.95), (true 160, predicted [195])
unbound attack returning early
check failed
true = 160, adv = 195
