2019-11-03 20:43:37.987716: I tensorflow/core/platform/cpu_feature_guard.cc:141] Your CPU supports instructions that this TensorFlow binary was not compiled to use: SSE4.1 SSE4.2 AVX AVX2 FMA
2019-11-03 20:43:38.463000: I tensorflow/core/platform/profile_utils/cpu_utils.cc:94] CPU Frequency: 2600235000 Hz
2019-11-03 20:43:38.475146: I tensorflow/compiler/xla/service/service.cc:150] XLA service 0x5555590301d0 executing computations on platform Host. Devices:
2019-11-03 20:43:38.475436: I tensorflow/compiler/xla/service/service.cc:158]   StreamExecutor device (0): <undefined>, <undefined>
2019-11-03 20:43:38.478425: I tensorflow/core/common_runtime/process_util.cc:71] Creating new thread pool with default inter op setting: 2. Tune using inter_op_parallelism_threads for best performance.
evaluating 130 of [130, 140)
attack: step 1/1, xent loss = 1.064, l2 loss = 28.954 (max 14.95), (true 30, predicted [30])
check failed
true = 30, adv = 728
evaluating 131 of [130, 140)
attack: step 1/1, xent loss = 0.1261, l2 loss = 36.3616 (max 14.95), (true 974, predicted [974])
check failed
true = 974, adv = 700
evaluating 132 of [130, 140)
attack: step 1/1, xent loss = 0.0469303, l2 loss = 31.3813 (max 14.95), (true 70, predicted [70])
check failed
true = 70, adv = 728
evaluating 133 of [130, 140)
attack: step 1/1, xent loss = 4.40951, l2 loss = 22.6874 (max 14.95), (true 813, predicted [606])
check failed
true = 813, adv = 869
evaluating 134 of [130, 140)
attack: step 1/1, xent loss = 13.3546, l2 loss = 24.4768 (max 14.95), (true 834, predicted [514])
check failed
true = 834, adv = 514
evaluating 135 of [130, 140)
attack: step 1/1, xent loss = 8.83255, l2 loss = 41.7709 (max 14.95), (true 420, predicted [887])
check failed
true = 420, adv = 728
evaluating 136 of [130, 140)
attack: step 1/1, xent loss = 0.248382, l2 loss = 22.5325 (max 14.95), (true 974, predicted [974])
check failed
true = 974, adv = 728
evaluating 137 of [130, 140)
attack: step 1/1, xent loss = 4.97702, l2 loss = 13.724 (max 14.95), (true 479, predicted [751])
true = 479, adv = 751
evaluating 138 of [130, 140)
attack: step 1/1, xent loss = 0.0137037, l2 loss = 0.438373 (max 14.95), (true 822, predicted [822])
true = 822, adv = 822
evaluating 139 of [130, 140)
attack: step 1/1, xent loss = 5.42533, l2 loss = 36.2655 (max 14.95), (true 242, predicted [721])
check failed
true = 242, adv = 728
