2019-05-25 20:26:44.417767: I tensorflow/core/platform/cpu_feature_guard.cc:141] Your CPU supports instructions that this TensorFlow binary was not compiled to use: SSE4.1 SSE4.2 AVX AVX2 FMA
2019-05-25 20:26:45.004790: I tensorflow/core/platform/profile_utils/cpu_utils.cc:94] CPU Frequency: 2600020000 Hz
2019-05-25 20:26:45.007669: I tensorflow/compiler/xla/service/service.cc:150] XLA service 0x2aaae74be7c0 executing computations on platform Host. Devices:
2019-05-25 20:26:45.007713: I tensorflow/compiler/xla/service/service.cc:158]   StreamExecutor device (0): <undefined>, <undefined>
2019-05-25 20:26:45.009906: I tensorflow/core/common_runtime/process_util.cc:71] Creating new thread pool with default inter op setting: 2. Tune using inter_op_parallelism_threads for best performance.
evaluating 430 of [430, 440)
attack: step 1/10, xent loss = 0.0206163, l2 loss = 0 (max 14.95), (true 674, predicted [674])
attack: step 2/10, xent loss = 0.00277575, l2 loss = 0.26313 (max 14.95), (true 674, predicted [674])
attack: step 3/10, xent loss = 0.072322, l2 loss = 0.265484 (max 14.95), (true 674, predicted [674])
attack: step 4/10, xent loss = 0.087966, l2 loss = 0.807973 (max 14.95), (true 674, predicted [674])
attack: step 5/10, xent loss = 0.111843, l2 loss = 1.35629 (max 14.95), (true 674, predicted [674])
attack: step 6/10, xent loss = 2.08945, l2 loss = 1.90209 (max 14.95), (true 674, predicted [696])
attack: step 7/10, xent loss = 7.63327, l2 loss = 10.8755 (max 14.95), (true 674, predicted [723])
attack: step 8/10, xent loss = 7.62598, l2 loss = 11.5995 (max 14.95), (true 674, predicted [696])
attack: step 9/10, xent loss = 10.6812, l2 loss = 12.1342 (max 14.95), (true 674, predicted [696])
attack: step 10/10, xent loss = 13.8815, l2 loss = 14.5962 (max 14.95), (true 674, predicted [696])
check failed
true = 674, adv = 696
evaluating 431 of [430, 440)
attack: step 1/10, xent loss = 1.27376, l2 loss = 0 (max 14.95), (true 596, predicted [596])
attack: step 2/10, xent loss = 4.7145, l2 loss = 3.76316 (max 14.95), (true 596, predicted [456])
attack: step 3/10, xent loss = 5.77263, l2 loss = 5.54707 (max 14.95), (true 596, predicted [456])
attack: step 4/10, xent loss = 6.44149, l2 loss = 6.48975 (max 14.95), (true 596, predicted [456])
attack: step 5/10, xent loss = 7.06852, l2 loss = 6.94028 (max 14.95), (true 596, predicted [558])
attack: step 6/10, xent loss = 7.23701, l2 loss = 7.40924 (max 14.95), (true 596, predicted [456])
attack: step 7/10, xent loss = 9.68849, l2 loss = 8.07728 (max 14.95), (true 596, predicted [558])
attack: step 8/10, xent loss = 9.97437, l2 loss = 9.42786 (max 14.95), (true 596, predicted [558])
attack: step 9/10, xent loss = 11.4157, l2 loss = 10.6921 (max 14.95), (true 596, predicted [558])
attack: step 10/10, xent loss = 11.748, l2 loss = 11.846 (max 14.95), (true 596, predicted [558])
true = 596, adv = 558
evaluating 432 of [430, 440)
attack: step 1/10, xent loss = 0.810425, l2 loss = 0 (max 14.95), (true 129, predicted [129])
attack: step 2/10, xent loss = 2.9551, l2 loss = 2.33751 (max 14.95), (true 129, predicted [89])
attack: step 3/10, xent loss = 4.24616, l2 loss = 5.34246 (max 14.95), (true 129, predicted [89])
attack: step 4/10, xent loss = 4.13312, l2 loss = 7.26092 (max 14.95), (true 129, predicted [89])
attack: step 5/10, xent loss = 5.31177, l2 loss = 8.36978 (max 14.95), (true 129, predicted [89])
attack: step 6/10, xent loss = 4.88478, l2 loss = 9.19296 (max 14.95), (true 129, predicted [89])
attack: step 7/10, xent loss = 5.10698, l2 loss = 10.2771 (max 14.95), (true 129, predicted [89])
attack: step 8/10, xent loss = 5.27305, l2 loss = 11.1929 (max 14.95), (true 129, predicted [89])
attack: step 9/10, xent loss = 6.45884, l2 loss = 11.6693 (max 14.95), (true 129, predicted [89])
attack: step 10/10, xent loss = 7.48141, l2 loss = 12.267 (max 14.95), (true 129, predicted [89])
true = 129, adv = 89
evaluating 433 of [430, 440)
attack: step 1/10, xent loss = 10.7419, l2 loss = 0 (max 14.95), (true 605, predicted [643])
attack: step 2/10, xent loss = 13.0243, l2 loss = 4.10062 (max 14.95), (true 605, predicted [728])
attack: step 3/10, xent loss = 12.7928, l2 loss = 8.92059 (max 14.95), (true 605, predicted [728])
attack: step 4/10, xent loss = 15.9993, l2 loss = 11.1619 (max 14.95), (true 605, predicted [728])
attack: step 5/10, xent loss = 18.2337, l2 loss = 12.929 (max 14.95), (true 605, predicted [728])
attack: step 6/10, xent loss = 17.144, l2 loss = 14.7711 (max 14.95), (true 605, predicted [728])
attack: step 7/10, xent loss = 19.8966, l2 loss = 16.5697 (max 14.95), (true 605, predicted [728])
attack: step 8/10, xent loss = 21.0067, l2 loss = 18.5332 (max 14.95), (true 605, predicted [728])
attack: step 9/10, xent loss = 19.6522, l2 loss = 20.3173 (max 14.95), (true 605, predicted [728])
attack: step 10/10, xent loss = 18.7806, l2 loss = 21.9464 (max 14.95), (true 605, predicted [728])
check failed
true = 605, adv = 728
evaluating 434 of [430, 440)
attack: step 1/10, xent loss = 7.42029, l2 loss = 0 (max 14.95), (true 387, predicted [945])
attack: step 2/10, xent loss = 7.4935, l2 loss = 3.05377 (max 14.95), (true 387, predicted [984])
attack: step 3/10, xent loss = 7.82456, l2 loss = 3.71732 (max 14.95), (true 387, predicted [945])
attack: step 4/10, xent loss = 8.71612, l2 loss = 4.78105 (max 14.95), (true 387, predicted [984])
attack: step 5/10, xent loss = 7.75614, l2 loss = 5.92053 (max 14.95), (true 387, predicted [945])
attack: step 6/10, xent loss = 8.27248, l2 loss = 6.34312 (max 14.95), (true 387, predicted [945])
attack: step 7/10, xent loss = 7.96707, l2 loss = 6.81237 (max 14.95), (true 387, predicted [984])
attack: step 8/10, xent loss = 7.5598, l2 loss = 7.1966 (max 14.95), (true 387, predicted [945])
attack: step 9/10, xent loss = 8.1739, l2 loss = 8.04149 (max 14.95), (true 387, predicted [939])
attack: step 10/10, xent loss = 8.29032, l2 loss = 8.63054 (max 14.95), (true 387, predicted [984])
true = 387, adv = 945
evaluating 435 of [430, 440)
attack: step 1/10, xent loss = 6.23972, l2 loss = 0 (max 14.95), (true 819, predicted [854])
attack: step 2/10, xent loss = 6.8658, l2 loss = 3.55194 (max 14.95), (true 819, predicted [854])
attack: step 3/10, xent loss = 7.09255, l2 loss = 5.82157 (max 14.95), (true 819, predicted [854])
attack: step 4/10, xent loss = 6.78052, l2 loss = 7.80007 (max 14.95), (true 819, predicted [854])
attack: step 5/10, xent loss = 8.53608, l2 loss = 9.36114 (max 14.95), (true 819, predicted [854])
attack: step 6/10, xent loss = 9.61473, l2 loss = 11.6164 (max 14.95), (true 819, predicted [854])
attack: step 7/10, xent loss = 10.6082, l2 loss = 12.5443 (max 14.95), (true 819, predicted [854])
attack: step 8/10, xent loss = 10.8992, l2 loss = 14.2302 (max 14.95), (true 819, predicted [854])
attack: step 9/10, xent loss = 11.117, l2 loss = 16.2382 (max 14.95), (true 819, predicted [854])
attack: step 10/10, xent loss = 11.2912, l2 loss = 17.2067 (max 14.95), (true 819, predicted [854])
check failed
true = 819, adv = 854
evaluating 436 of [430, 440)
attack: step 1/10, xent loss = 7.88057, l2 loss = 0 (max 14.95), (true 261, predicted [254])
attack: step 2/10, xent loss = 9.10563, l2 loss = 5.26401 (max 14.95), (true 261, predicted [254])
attack: step 3/10, xent loss = 10.3842, l2 loss = 5.9854 (max 14.95), (true 261, predicted [254])
attack: step 4/10, xent loss = 9.45406, l2 loss = 6.89654 (max 14.95), (true 261, predicted [254])
attack: step 5/10, xent loss = 10.5814, l2 loss = 7.79708 (max 14.95), (true 261, predicted [254])
attack: step 6/10, xent loss = 11.346, l2 loss = 8.79469 (max 14.95), (true 261, predicted [254])
attack: step 7/10, xent loss = 12.3352, l2 loss = 9.48378 (max 14.95), (true 261, predicted [254])
attack: step 8/10, xent loss = 12.0884, l2 loss = 10.4854 (max 14.95), (true 261, predicted [254])
attack: step 9/10, xent loss = 13.2782, l2 loss = 11.7052 (max 14.95), (true 261, predicted [254])
attack: step 10/10, xent loss = 12.7204, l2 loss = 12.4072 (max 14.95), (true 261, predicted [254])
true = 261, adv = 254
evaluating 437 of [430, 440)
attack: step 1/10, xent loss = 0.04061, l2 loss = 0 (max 14.95), (true 325, predicted [325])
attack: step 2/10, xent loss = 0.0558481, l2 loss = 0.0761665 (max 14.95), (true 325, predicted [325])
attack: step 3/10, xent loss = 0.0698899, l2 loss = 0.123754 (max 14.95), (true 325, predicted [325])
attack: step 4/10, xent loss = 0.0471159, l2 loss = 0.196114 (max 14.95), (true 325, predicted [325])
attack: step 5/10, xent loss = 0.0245707, l2 loss = 0.218593 (max 14.95), (true 325, predicted [325])
attack: step 6/10, xent loss = 0.081016, l2 loss = 0.231947 (max 14.95), (true 325, predicted [325])
attack: step 7/10, xent loss = 0.0292635, l2 loss = 0.312634 (max 14.95), (true 325, predicted [325])
attack: step 8/10, xent loss = 0.0501895, l2 loss = 0.324451 (max 14.95), (true 325, predicted [325])
attack: step 9/10, xent loss = 0.0282121, l2 loss = 0.350704 (max 14.95), (true 325, predicted [325])
attack: step 10/10, xent loss = 0.0498814, l2 loss = 0.357689 (max 14.95), (true 325, predicted [325])
true = 325, adv = 325
evaluating 438 of [430, 440)
attack: step 1/10, xent loss = 0.0564923, l2 loss = 0 (max 14.95), (true 94, predicted [94])
attack: step 2/10, xent loss = 0.0993544, l2 loss = 0.207229 (max 14.95), (true 94, predicted [94])
attack: step 3/10, xent loss = 0.0786296, l2 loss = 0.484641 (max 14.95), (true 94, predicted [94])
attack: step 4/10, xent loss = 0.390459, l2 loss = 0.590122 (max 14.95), (true 94, predicted [94])
attack: step 5/10, xent loss = 0.235928, l2 loss = 2.16291 (max 14.95), (true 94, predicted [94])
attack: step 6/10, xent loss = 0.718768, l2 loss = 2.61973 (max 14.95), (true 94, predicted [94])
attack: step 7/10, xent loss = 3.90345, l2 loss = 4.50809 (max 14.95), (true 94, predicted [16])
attack: step 8/10, xent loss = 6.21658, l2 loss = 7.98076 (max 14.95), (true 94, predicted [16])
attack: step 9/10, xent loss = 7.66461, l2 loss = 9.1909 (max 14.95), (true 94, predicted [16])
attack: step 10/10, xent loss = 8.21072, l2 loss = 9.73771 (max 14.95), (true 94, predicted [16])
true = 94, adv = 16
evaluating 439 of [430, 440)
attack: step 1/10, xent loss = 0.553012, l2 loss = 0 (max 14.95), (true 166, predicted [166])
attack: step 2/10, xent loss = 1.74631, l2 loss = 1.96314 (max 14.95), (true 166, predicted [162])
attack: step 3/10, xent loss = 2.47171, l2 loss = 4.83247 (max 14.95), (true 166, predicted [162])
attack: step 4/10, xent loss = 5.74879, l2 loss = 6.72563 (max 14.95), (true 166, predicted [162])
attack: step 5/10, xent loss = 5.09641, l2 loss = 7.58074 (max 14.95), (true 166, predicted [162])
attack: step 6/10, xent loss = 6.06456, l2 loss = 8.4835 (max 14.95), (true 166, predicted [162])
attack: step 7/10, xent loss = 6.98517, l2 loss = 8.88543 (max 14.95), (true 166, predicted [162])
attack: step 8/10, xent loss = 7.65142, l2 loss = 9.4939 (max 14.95), (true 166, predicted [162])
attack: step 9/10, xent loss = 8.04902, l2 loss = 10.5436 (max 14.95), (true 166, predicted [156])
attack: step 10/10, xent loss = 8.71438, l2 loss = 11.8886 (max 14.95), (true 166, predicted [728])
true = 166, adv = 156
