2019-06-03 21:55:33.597051: I tensorflow/core/platform/cpu_feature_guard.cc:141] Your CPU supports instructions that this TensorFlow binary was not compiled to use: SSE4.1 SSE4.2 AVX AVX2 FMA
2019-06-03 21:55:33.603689: I tensorflow/core/platform/profile_utils/cpu_utils.cc:94] CPU Frequency: 2600250000 Hz
2019-06-03 21:55:33.603865: I tensorflow/compiler/xla/service/service.cc:150] XLA service 0x2aaae6fbdc80 executing computations on platform Host. Devices:
2019-06-03 21:55:33.603887: I tensorflow/compiler/xla/service/service.cc:158]   StreamExecutor device (0): <undefined>, <undefined>
2019-06-03 21:55:33.604157: I tensorflow/core/common_runtime/process_util.cc:71] Creating new thread pool with default inter op setting: 2. Tune using inter_op_parallelism_threads for best performance.
evaluating 870 of [870, 880)
attack: step 1/10, xent loss = 0.178766, l2 loss = 0 (max 14.95), (true 835, predicted [835])
attack: step 2/10, xent loss = 0.696095, l2 loss = 0.661417 (max 14.95), (true 835, predicted [835])
attack: step 3/10, xent loss = 2.21096, l2 loss = 2.38741 (max 14.95), (true 835, predicted [470])
attack: step 4/10, xent loss = 2.94009, l2 loss = 5.24397 (max 14.95), (true 835, predicted [835])
attack: step 5/10, xent loss = 6.8515, l2 loss = 7.87235 (max 14.95), (true 835, predicted [470])
attack: step 6/10, xent loss = 6.13189, l2 loss = 8.5677 (max 14.95), (true 835, predicted [470])
attack: step 7/10, xent loss = 8.41063, l2 loss = 9.63233 (max 14.95), (true 835, predicted [470])
attack: step 8/10, xent loss = 11.2759, l2 loss = 12.7875 (max 14.95), (true 835, predicted [470])
attack: step 9/10, xent loss = 15.6321, l2 loss = 15.3687 (max 14.95), (true 835, predicted [470])
attack: step 10/10, xent loss = 17.1198, l2 loss = 17.1023 (max 14.95), (true 835, predicted [470])
check failed
true = 835, adv = 470
evaluating 871 of [870, 880)
attack: step 1/10, xent loss = 2.99572, l2 loss = 0 (max 14.95), (true 369, predicted [368])
attack: step 2/10, xent loss = 3.35993, l2 loss = 2.03685 (max 14.95), (true 369, predicted [368])
attack: step 3/10, xent loss = 4.53506, l2 loss = 3.13575 (max 14.95), (true 369, predicted [728])
attack: step 4/10, xent loss = 5.51124, l2 loss = 5.25282 (max 14.95), (true 369, predicted [643])
attack: step 5/10, xent loss = 7.2233, l2 loss = 6.0457 (max 14.95), (true 369, predicted [671])
attack: step 6/10, xent loss = 7.81425, l2 loss = 6.55777 (max 14.95), (true 369, predicted [728])
attack: step 7/10, xent loss = 8.3125, l2 loss = 7.0981 (max 14.95), (true 369, predicted [671])
attack: step 8/10, xent loss = 8.15189, l2 loss = 7.52252 (max 14.95), (true 369, predicted [880])
attack: step 9/10, xent loss = 8.9528, l2 loss = 7.92514 (max 14.95), (true 369, predicted [671])
attack: step 10/10, xent loss = 9.79199, l2 loss = 8.2196 (max 14.95), (true 369, predicted [671])
true = 369, adv = 444
evaluating 872 of [870, 880)
attack: step 1/10, xent loss = 2.42183, l2 loss = 0 (max 14.95), (true 345, predicted [690])
attack: step 2/10, xent loss = 2.44437, l2 loss = 2.04686 (max 14.95), (true 345, predicted [690])
attack: step 3/10, xent loss = 3.25423, l2 loss = 2.91599 (max 14.95), (true 345, predicted [690])
attack: step 4/10, xent loss = 2.48902, l2 loss = 4.68182 (max 14.95), (true 345, predicted [690])
attack: step 5/10, xent loss = 2.87536, l2 loss = 5.31495 (max 14.95), (true 345, predicted [690])
attack: step 6/10, xent loss = 3.79249, l2 loss = 5.71886 (max 14.95), (true 345, predicted [463])
attack: step 7/10, xent loss = 6.17379, l2 loss = 7.27322 (max 14.95), (true 345, predicted [463])
attack: step 8/10, xent loss = 5.90724, l2 loss = 13.743 (max 14.95), (true 345, predicted [463])
attack: step 9/10, xent loss = 8.5251, l2 loss = 15.6404 (max 14.95), (true 345, predicted [463])
attack: step 10/10, xent loss = 10.8211, l2 loss = 17.6611 (max 14.95), (true 345, predicted [463])
check failed
true = 345, adv = 463
evaluating 873 of [870, 880)
attack: step 1/10, xent loss = 0.0441794, l2 loss = 0 (max 14.95), (true 648, predicted [648])
attack: step 2/10, xent loss = 0.265585, l2 loss = 0.204189 (max 14.95), (true 648, predicted [648])
attack: step 3/10, xent loss = 0.221305, l2 loss = 1.31299 (max 14.95), (true 648, predicted [648])
attack: step 4/10, xent loss = 0.259204, l2 loss = 1.67211 (max 14.95), (true 648, predicted [648])
attack: step 5/10, xent loss = 0.459382, l2 loss = 2.07965 (max 14.95), (true 648, predicted [648])
attack: step 6/10, xent loss = 0.585766, l2 loss = 3.05854 (max 14.95), (true 648, predicted [648])
attack: step 7/10, xent loss = 1.81217, l2 loss = 3.91236 (max 14.95), (true 648, predicted [680])
attack: step 8/10, xent loss = 3.31244, l2 loss = 6.57809 (max 14.95), (true 648, predicted [470])
attack: step 9/10, xent loss = 7.16421, l2 loss = 10.1297 (max 14.95), (true 648, predicted [470])
attack: step 10/10, xent loss = 10.704, l2 loss = 12.9832 (max 14.95), (true 648, predicted [470])
check failed
true = 648, adv = 470
evaluating 874 of [870, 880)
attack: step 1/10, xent loss = 0.562567, l2 loss = 0 (max 14.95), (true 214, predicted [214])
attack: step 2/10, xent loss = 3.54103, l2 loss = 2.27802 (max 14.95), (true 214, predicted [234])
attack: step 3/10, xent loss = 3.86553, l2 loss = 5.15764 (max 14.95), (true 214, predicted [234])
attack: step 4/10, xent loss = 6.49968, l2 loss = 6.85585 (max 14.95), (true 214, predicted [234])
attack: step 5/10, xent loss = 5.46512, l2 loss = 7.34405 (max 14.95), (true 214, predicted [234])
attack: step 6/10, xent loss = 6.7396, l2 loss = 8.0184 (max 14.95), (true 214, predicted [234])
attack: step 7/10, xent loss = 6.94045, l2 loss = 8.29187 (max 14.95), (true 214, predicted [234])
attack: step 8/10, xent loss = 6.90371, l2 loss = 8.50038 (max 14.95), (true 214, predicted [234])
attack: step 9/10, xent loss = 7.67203, l2 loss = 8.745 (max 14.95), (true 214, predicted [234])
attack: step 10/10, xent loss = 8.23907, l2 loss = 8.96958 (max 14.95), (true 214, predicted [234])
true = 214, adv = 234
evaluating 875 of [870, 880)
attack: step 1/10, xent loss = 3.82949, l2 loss = 0 (max 14.95), (true 111, predicted [728])
attack: step 2/10, xent loss = 11.9775, l2 loss = 6.96416 (max 14.95), (true 111, predicted [728])
attack: step 3/10, xent loss = 16.0636, l2 loss = 11.465 (max 14.95), (true 111, predicted [728])
attack: step 4/10, xent loss = 23.9234, l2 loss = 15.0036 (max 14.95), (true 111, predicted [728])
attack: step 5/10, xent loss = 26.852, l2 loss = 17.968 (max 14.95), (true 111, predicted [728])
attack: step 6/10, xent loss = 28.7974, l2 loss = 21.2407 (max 14.95), (true 111, predicted [728])
attack: step 7/10, xent loss = 29.5749, l2 loss = 24.2834 (max 14.95), (true 111, predicted [728])
attack: step 8/10, xent loss = 36.0258, l2 loss = 26.5412 (max 14.95), (true 111, predicted [728])
attack: step 9/10, xent loss = 37.1946, l2 loss = 28.4141 (max 14.95), (true 111, predicted [728])
attack: step 10/10, xent loss = 35.2606, l2 loss = 30.4555 (max 14.95), (true 111, predicted [728])
check failed
true = 111, adv = 728
evaluating 876 of [870, 880)
attack: step 1/10, xent loss = 0.0329081, l2 loss = 0 (max 14.95), (true 537, predicted [537])
attack: step 2/10, xent loss = 0.0577728, l2 loss = 0.0938847 (max 14.95), (true 537, predicted [537])
attack: step 3/10, xent loss = 0.077237, l2 loss = 0.148878 (max 14.95), (true 537, predicted [537])
attack: step 4/10, xent loss = 0.152572, l2 loss = 0.228643 (max 14.95), (true 537, predicted [537])
attack: step 5/10, xent loss = 0.0638666, l2 loss = 0.623304 (max 14.95), (true 537, predicted [537])
attack: step 6/10, xent loss = 0.0938651, l2 loss = 0.661435 (max 14.95), (true 537, predicted [537])
attack: step 7/10, xent loss = 0.114738, l2 loss = 0.74587 (max 14.95), (true 537, predicted [537])
attack: step 8/10, xent loss = 0.0318876, l2 loss = 0.801517 (max 14.95), (true 537, predicted [537])
attack: step 9/10, xent loss = 0.0667535, l2 loss = 0.807484 (max 14.95), (true 537, predicted [537])
attack: step 10/10, xent loss = 0.0730112, l2 loss = 0.825704 (max 14.95), (true 537, predicted [537])
true = 537, adv = 537
evaluating 877 of [870, 880)
attack: step 1/10, xent loss = 0.693134, l2 loss = 0 (max 14.95), (true 52, predicted [52])
attack: step 2/10, xent loss = 2.80801, l2 loss = 2.72056 (max 14.95), (true 52, predicted [64])
attack: step 3/10, xent loss = 6.39186, l2 loss = 5.62385 (max 14.95), (true 52, predicted [64])
attack: step 4/10, xent loss = 9.44556, l2 loss = 6.85607 (max 14.95), (true 52, predicted [64])
attack: step 5/10, xent loss = 9.99552, l2 loss = 8.21976 (max 14.95), (true 52, predicted [64])
attack: step 6/10, xent loss = 10.6587, l2 loss = 10.6892 (max 14.95), (true 52, predicted [64])
attack: step 7/10, xent loss = 8.12904, l2 loss = 16.1526 (max 14.95), (true 52, predicted [64])
attack: step 8/10, xent loss = 12.1477, l2 loss = 17.0591 (max 14.95), (true 52, predicted [64])
attack: step 9/10, xent loss = 13.3192, l2 loss = 17.4428 (max 14.95), (true 52, predicted [64])
attack: step 10/10, xent loss = 15.1144, l2 loss = 17.9724 (max 14.95), (true 52, predicted [64])
check failed
true = 52, adv = 64
evaluating 878 of [870, 880)
attack: step 1/10, xent loss = 0.24577, l2 loss = 0 (max 14.95), (true 199, predicted [199])
attack: step 2/10, xent loss = 0.260286, l2 loss = 0.903844 (max 14.95), (true 199, predicted [199])
attack: step 3/10, xent loss = 0.48999, l2 loss = 1.333 (max 14.95), (true 199, predicted [199])
attack: step 4/10, xent loss = 0.490013, l2 loss = 2.14754 (max 14.95), (true 199, predicted [199])
attack: step 5/10, xent loss = 2.48621, l2 loss = 3.27412 (max 14.95), (true 199, predicted [199])
attack: step 6/10, xent loss = 6.55818, l2 loss = 7.36742 (max 14.95), (true 199, predicted [414])
attack: step 7/10, xent loss = 8.0591, l2 loss = 8.31853 (max 14.95), (true 199, predicted [728])
attack: step 8/10, xent loss = 9.35575, l2 loss = 9.02887 (max 14.95), (true 199, predicted [728])
attack: step 9/10, xent loss = 13.5186, l2 loss = 10.3104 (max 14.95), (true 199, predicted [728])
attack: step 10/10, xent loss = 21.0791, l2 loss = 14.5114 (max 14.95), (true 199, predicted [728])
check failed
true = 199, adv = 728
evaluating 879 of [870, 880)
attack: step 1/10, xent loss = 0.23122, l2 loss = 0 (max 14.95), (true 978, predicted [978])
attack: step 2/10, xent loss = 1.40526, l2 loss = 0.855681 (max 14.95), (true 978, predicted [976])
attack: step 3/10, xent loss = 2.67666, l2 loss = 2.97042 (max 14.95), (true 978, predicted [979])
attack: step 4/10, xent loss = 5.14805, l2 loss = 6.64856 (max 14.95), (true 978, predicted [970])
attack: step 5/10, xent loss = 6.46689, l2 loss = 9.00337 (max 14.95), (true 978, predicted [970])
attack: step 6/10, xent loss = 6.71644, l2 loss = 10.2746 (max 14.95), (true 978, predicted [970])
attack: step 7/10, xent loss = 8.6917, l2 loss = 11.348 (max 14.95), (true 978, predicted [970])
attack: step 8/10, xent loss = 9.30542, l2 loss = 12.2377 (max 14.95), (true 978, predicted [970])
attack: step 9/10, xent loss = 10.0435, l2 loss = 13.3296 (max 14.95), (true 978, predicted [970])
attack: step 10/10, xent loss = 12.0909, l2 loss = 13.992 (max 14.95), (true 978, predicted [970])
true = 978, adv = 970
