2019-05-25 20:26:44.308014: I tensorflow/core/platform/cpu_feature_guard.cc:141] Your CPU supports instructions that this TensorFlow binary was not compiled to use: SSE4.1 SSE4.2 AVX AVX2 FMA
2019-05-25 20:26:44.319899: I tensorflow/core/platform/profile_utils/cpu_utils.cc:94] CPU Frequency: 2599985000 Hz
2019-05-25 20:26:44.320141: I tensorflow/compiler/xla/service/service.cc:150] XLA service 0x2aaae6fc1ed0 executing computations on platform Host. Devices:
2019-05-25 20:26:44.320174: I tensorflow/compiler/xla/service/service.cc:158]   StreamExecutor device (0): <undefined>, <undefined>
2019-05-25 20:26:44.320515: I tensorflow/core/common_runtime/process_util.cc:71] Creating new thread pool with default inter op setting: 2. Tune using inter_op_parallelism_threads for best performance.
evaluating 390 of [390, 400)
attack: step 1/10, xent loss = 6.28476, l2 loss = 0 (max 14.95), (true 67, predicted [692])
attack: step 2/10, xent loss = 8.50753, l2 loss = 3.43762 (max 14.95), (true 67, predicted [692])
attack: step 3/10, xent loss = 9.21961, l2 loss = 4.26607 (max 14.95), (true 67, predicted [692])
attack: step 4/10, xent loss = 10.1998, l2 loss = 4.94375 (max 14.95), (true 67, predicted [692])
attack: step 5/10, xent loss = 8.74972, l2 loss = 6.12689 (max 14.95), (true 67, predicted [692])
attack: step 6/10, xent loss = 10.5389, l2 loss = 6.6519 (max 14.95), (true 67, predicted [692])
attack: step 7/10, xent loss = 9.57082, l2 loss = 7.38116 (max 14.95), (true 67, predicted [692])
attack: step 8/10, xent loss = 9.8729, l2 loss = 8.01248 (max 14.95), (true 67, predicted [692])
attack: step 9/10, xent loss = 10.2987, l2 loss = 8.64675 (max 14.95), (true 67, predicted [692])
attack: step 10/10, xent loss = 9.27693, l2 loss = 9.50304 (max 14.95), (true 67, predicted [692])
true = 67, adv = 692
evaluating 391 of [390, 400)
attack: step 1/10, xent loss = 0.117995, l2 loss = 0 (max 14.95), (true 87, predicted [87])
attack: step 2/10, xent loss = 0.114563, l2 loss = 0.489402 (max 14.95), (true 87, predicted [87])
attack: step 3/10, xent loss = 0.0650744, l2 loss = 0.633181 (max 14.95), (true 87, predicted [87])
attack: step 4/10, xent loss = 0.0722254, l2 loss = 0.668951 (max 14.95), (true 87, predicted [87])
attack: step 5/10, xent loss = 0.0570443, l2 loss = 0.716233 (max 14.95), (true 87, predicted [87])
attack: step 6/10, xent loss = 0.120899, l2 loss = 0.753809 (max 14.95), (true 87, predicted [87])
attack: step 7/10, xent loss = 0.0981932, l2 loss = 0.867386 (max 14.95), (true 87, predicted [87])
attack: step 8/10, xent loss = 0.156586, l2 loss = 0.951685 (max 14.95), (true 87, predicted [87])
attack: step 9/10, xent loss = 0.108648, l2 loss = 1.18097 (max 14.95), (true 87, predicted [87])
attack: step 10/10, xent loss = 0.708964, l2 loss = 1.31303 (max 14.95), (true 87, predicted [87])
true = 87, adv = 87
evaluating 392 of [390, 400)
attack: step 1/10, xent loss = 0.0866598, l2 loss = 0 (max 14.95), (true 607, predicted [607])
attack: step 2/10, xent loss = 0.100861, l2 loss = 0.34333 (max 14.95), (true 607, predicted [607])
attack: step 3/10, xent loss = 0.199249, l2 loss = 0.555682 (max 14.95), (true 607, predicted [607])
attack: step 4/10, xent loss = 0.0417533, l2 loss = 1.06768 (max 14.95), (true 607, predicted [607])
attack: step 5/10, xent loss = 0.0234788, l2 loss = 1.10242 (max 14.95), (true 607, predicted [607])
attack: step 6/10, xent loss = 0.14134, l2 loss = 1.10946 (max 14.95), (true 607, predicted [607])
attack: step 7/10, xent loss = 0.060446, l2 loss = 1.25429 (max 14.95), (true 607, predicted [607])
attack: step 8/10, xent loss = 0.0253481, l2 loss = 1.28608 (max 14.95), (true 607, predicted [607])
attack: step 9/10, xent loss = 0.0172922, l2 loss = 1.29638 (max 14.95), (true 607, predicted [607])
attack: step 10/10, xent loss = 0.0469073, l2 loss = 1.30238 (max 14.95), (true 607, predicted [607])
true = 607, adv = 607
evaluating 393 of [390, 400)
attack: step 1/10, xent loss = 3.97706, l2 loss = 0 (max 14.95), (true 807, predicted [780])
attack: step 2/10, xent loss = 1.98316, l2 loss = 6.37393 (max 14.95), (true 807, predicted [807])
attack: step 3/10, xent loss = 3.29331, l2 loss = 9.37516 (max 14.95), (true 807, predicted [780])
attack: step 4/10, xent loss = 5.6681, l2 loss = 11.4347 (max 14.95), (true 807, predicted [780])
attack: step 5/10, xent loss = 7.33647, l2 loss = 12.2794 (max 14.95), (true 807, predicted [780])
attack: step 6/10, xent loss = 7.78644, l2 loss = 12.8739 (max 14.95), (true 807, predicted [780])
attack: step 7/10, xent loss = 6.46901, l2 loss = 13.8309 (max 14.95), (true 807, predicted [780])
attack: step 8/10, xent loss = 8.09293, l2 loss = 14.8606 (max 14.95), (true 807, predicted [780])
attack: step 9/10, xent loss = 6.25641, l2 loss = 15.4987 (max 14.95), (true 807, predicted [780])
attack: step 10/10, xent loss = 9.34489, l2 loss = 16.7265 (max 14.95), (true 807, predicted [780])
check failed
true = 807, adv = 780
evaluating 394 of [390, 400)
attack: step 1/10, xent loss = 4.99558, l2 loss = 0 (max 14.95), (true 547, predicted [829])
attack: step 2/10, xent loss = 5.47846, l2 loss = 2.30222 (max 14.95), (true 547, predicted [779])
attack: step 3/10, xent loss = 4.60272, l2 loss = 3.35413 (max 14.95), (true 547, predicted [829])
attack: step 4/10, xent loss = 8.22289, l2 loss = 4.1024 (max 14.95), (true 547, predicted [779])
attack: step 5/10, xent loss = 5.6796, l2 loss = 5.4296 (max 14.95), (true 547, predicted [779])
attack: step 6/10, xent loss = 5.50966, l2 loss = 6.63843 (max 14.95), (true 547, predicted [779])
attack: step 7/10, xent loss = 7.19298, l2 loss = 7.28246 (max 14.95), (true 547, predicted [779])
attack: step 8/10, xent loss = 6.17884, l2 loss = 8.31793 (max 14.95), (true 547, predicted [779])
attack: step 9/10, xent loss = 8.17302, l2 loss = 10.0637 (max 14.95), (true 547, predicted [779])
attack: step 10/10, xent loss = 6.33124, l2 loss = 10.6986 (max 14.95), (true 547, predicted [779])
true = 547, adv = 779
evaluating 395 of [390, 400)
attack: step 1/10, xent loss = 0.0498893, l2 loss = 0 (max 14.95), (true 96, predicted [96])
attack: step 2/10, xent loss = 0.0539517, l2 loss = 0.128313 (max 14.95), (true 96, predicted [96])
attack: step 3/10, xent loss = 0.0436457, l2 loss = 0.214569 (max 14.95), (true 96, predicted [96])
attack: step 4/10, xent loss = 0.0403917, l2 loss = 0.239739 (max 14.95), (true 96, predicted [96])
attack: step 5/10, xent loss = 0.0554028, l2 loss = 0.258609 (max 14.95), (true 96, predicted [96])
attack: step 6/10, xent loss = 0.219411, l2 loss = 0.309579 (max 14.95), (true 96, predicted [96])
attack: step 7/10, xent loss = 0.107821, l2 loss = 0.834422 (max 14.95), (true 96, predicted [96])
attack: step 8/10, xent loss = 0.0766092, l2 loss = 0.923902 (max 14.95), (true 96, predicted [96])
attack: step 9/10, xent loss = 0.0905819, l2 loss = 0.95638 (max 14.95), (true 96, predicted [96])
attack: step 10/10, xent loss = 0.0649809, l2 loss = 0.997288 (max 14.95), (true 96, predicted [96])
true = 96, adv = 96
evaluating 396 of [390, 400)
attack: step 1/10, xent loss = 6.28006, l2 loss = 0 (max 14.95), (true 533, predicted [478])
attack: step 2/10, xent loss = 5.77351, l2 loss = 2.53462 (max 14.95), (true 533, predicted [478])
attack: step 3/10, xent loss = 7.17354, l2 loss = 3.9826 (max 14.95), (true 533, predicted [478])
attack: step 4/10, xent loss = 7.65746, l2 loss = 4.7607 (max 14.95), (true 533, predicted [692])
attack: step 5/10, xent loss = 7.44407, l2 loss = 5.56866 (max 14.95), (true 533, predicted [692])
attack: step 6/10, xent loss = 7.98109, l2 loss = 6.49679 (max 14.95), (true 533, predicted [478])
attack: step 7/10, xent loss = 8.08652, l2 loss = 7.1714 (max 14.95), (true 533, predicted [692])
attack: step 8/10, xent loss = 7.84099, l2 loss = 7.86296 (max 14.95), (true 533, predicted [692])
attack: step 9/10, xent loss = 8.19678, l2 loss = 8.3872 (max 14.95), (true 533, predicted [692])
attack: step 10/10, xent loss = 8.64481, l2 loss = 8.98397 (max 14.95), (true 533, predicted [692])
true = 533, adv = 692
evaluating 397 of [390, 400)
attack: step 1/10, xent loss = 0.509692, l2 loss = 0 (max 14.95), (true 510, predicted [510])
attack: step 2/10, xent loss = 2.89289, l2 loss = 3.43195 (max 14.95), (true 510, predicted [913])
attack: step 3/10, xent loss = 2.9144, l2 loss = 7.65835 (max 14.95), (true 510, predicted [913])
attack: step 4/10, xent loss = 5.45785, l2 loss = 10.7445 (max 14.95), (true 510, predicted [978])
attack: step 5/10, xent loss = 6.22019, l2 loss = 11.5448 (max 14.95), (true 510, predicted [927])
attack: step 6/10, xent loss = 6.39486, l2 loss = 12.2085 (max 14.95), (true 510, predicted [913])
attack: step 7/10, xent loss = 7.34466, l2 loss = 12.5884 (max 14.95), (true 510, predicted [728])
attack: step 8/10, xent loss = 7.51095, l2 loss = 13.1563 (max 14.95), (true 510, predicted [978])
attack: step 9/10, xent loss = 7.88943, l2 loss = 13.4195 (max 14.95), (true 510, predicted [728])
attack: step 10/10, xent loss = 7.61808, l2 loss = 13.6193 (max 14.95), (true 510, predicted [728])
true = 510, adv = 965
evaluating 398 of [390, 400)
attack: step 1/10, xent loss = 0.0457697, l2 loss = 0 (max 14.95), (true 465, predicted [465])
attack: step 2/10, xent loss = 0.0665262, l2 loss = 0.0769251 (max 14.95), (true 465, predicted [465])
attack: step 3/10, xent loss = 0.0607557, l2 loss = 0.165889 (max 14.95), (true 465, predicted [465])
attack: step 4/10, xent loss = 0.0704161, l2 loss = 0.208468 (max 14.95), (true 465, predicted [465])
attack: step 5/10, xent loss = 0.0858488, l2 loss = 0.248592 (max 14.95), (true 465, predicted [465])
attack: step 6/10, xent loss = 0.0259453, l2 loss = 0.294066 (max 14.95), (true 465, predicted [465])
attack: step 7/10, xent loss = 0.061585, l2 loss = 0.303625 (max 14.95), (true 465, predicted [465])
attack: step 8/10, xent loss = 0.0836863, l2 loss = 0.339099 (max 14.95), (true 465, predicted [465])
attack: step 9/10, xent loss = 0.0866933, l2 loss = 0.381457 (max 14.95), (true 465, predicted [465])
attack: step 10/10, xent loss = 0.0434712, l2 loss = 0.432668 (max 14.95), (true 465, predicted [465])
true = 465, adv = 465
evaluating 399 of [390, 400)
attack: step 1/10, xent loss = 0.122134, l2 loss = 0 (max 14.95), (true 410, predicted [410])
attack: step 2/10, xent loss = 0.519761, l2 loss = 0.787511 (max 14.95), (true 410, predicted [410])
attack: step 3/10, xent loss = 2.6205, l2 loss = 3.29971 (max 14.95), (true 410, predicted [728])
attack: step 4/10, xent loss = 5.23338, l2 loss = 8.36978 (max 14.95), (true 410, predicted [728])
attack: step 5/10, xent loss = 4.88635, l2 loss = 10.4998 (max 14.95), (true 410, predicted [728])
attack: step 6/10, xent loss = 6.8749, l2 loss = 13.9957 (max 14.95), (true 410, predicted [728])
attack: step 7/10, xent loss = 6.9046, l2 loss = 15.9595 (max 14.95), (true 410, predicted [728])
attack: step 8/10, xent loss = 14.7612, l2 loss = 17.7258 (max 14.95), (true 410, predicted [728])
attack: step 9/10, xent loss = 13.1172, l2 loss = 18.4774 (max 14.95), (true 410, predicted [728])
attack: step 10/10, xent loss = 15.6055, l2 loss = 19.4114 (max 14.95), (true 410, predicted [728])
check failed
true = 410, adv = 728
