2019-06-27 14:33:25.727146: I tensorflow/core/platform/cpu_feature_guard.cc:141] Your CPU supports instructions that this TensorFlow binary was not compiled to use: SSE4.1 SSE4.2 AVX AVX2 FMA
2019-06-27 14:33:25.768710: I tensorflow/core/platform/profile_utils/cpu_utils.cc:94] CPU Frequency: 2599770000 Hz
2019-06-27 14:33:25.771564: I tensorflow/compiler/xla/service/service.cc:150] XLA service 0x2aaae6fbdcc0 executing computations on platform Host. Devices:
2019-06-27 14:33:25.772478: I tensorflow/compiler/xla/service/service.cc:158]   StreamExecutor device (0): <undefined>, <undefined>
2019-06-27 14:33:25.773886: I tensorflow/core/common_runtime/process_util.cc:71] Creating new thread pool with default inter op setting: 2. Tune using inter_op_parallelism_threads for best performance.
evaluating 170 of [170, 180)
attack: step 1/10, xent loss = 18.9343, l2 loss = 22.3308 (max 14.95), (true 958, predicted [793])
attack: step 2/10, xent loss = 23.2803, l2 loss = 24.3543 (max 14.95), (true 958, predicted [793])
attack: step 3/10, xent loss = 23.8259, l2 loss = 25.8315 (max 14.95), (true 958, predicted [793])
attack: step 4/10, xent loss = 27.1383, l2 loss = 27.3202 (max 14.95), (true 958, predicted [793])
attack: step 5/10, xent loss = 26.94, l2 loss = 28.5729 (max 14.95), (true 958, predicted [793])
attack: step 6/10, xent loss = 29.2564, l2 loss = 29.5994 (max 14.95), (true 958, predicted [793])
attack: step 7/10, xent loss = 23.3448, l2 loss = 30.6262 (max 14.95), (true 958, predicted [793])
attack: step 8/10, xent loss = 27.9303, l2 loss = 31.7962 (max 14.95), (true 958, predicted [793])
attack: step 9/10, xent loss = 31.389, l2 loss = 32.9644 (max 14.95), (true 958, predicted [793])
attack: step 10/10, xent loss = 30.6889, l2 loss = 33.9436 (max 14.95), (true 958, predicted [793])
check failed
true = 958, adv = 793
evaluating 171 of [170, 180)
attack: step 1/10, xent loss = 10.4803, l2 loss = 11.845 (max 14.95), (true 933, predicted [934])
attack: step 2/10, xent loss = 12.318, l2 loss = 12.5611 (max 14.95), (true 933, predicted [934])
attack: step 3/10, xent loss = 11.6435, l2 loss = 13.2852 (max 14.95), (true 933, predicted [934])
attack: step 4/10, xent loss = 13.1047, l2 loss = 14.2881 (max 14.95), (true 933, predicted [934])
attack: step 5/10, xent loss = 12.1583, l2 loss = 14.9815 (max 14.95), (true 933, predicted [934])
attack: step 6/10, xent loss = 14.1303, l2 loss = 15.7098 (max 14.95), (true 933, predicted [934])
attack: step 7/10, xent loss = 14.4386, l2 loss = 16.3797 (max 14.95), (true 933, predicted [934])
attack: step 8/10, xent loss = 14.3632, l2 loss = 16.8916 (max 14.95), (true 933, predicted [934])
attack: step 9/10, xent loss = 15.0402, l2 loss = 17.4943 (max 14.95), (true 933, predicted [934])
attack: step 10/10, xent loss = 16.0932, l2 loss = 18.1205 (max 14.95), (true 933, predicted [934])
check failed
true = 933, adv = 934
evaluating 172 of [170, 180)
attack: step 1/10, xent loss = 6.19537, l2 loss = 10.3982 (max 14.95), (true 411, predicted [775])
attack: step 2/10, xent loss = 5.57935, l2 loss = 10.7964 (max 14.95), (true 411, predicted [578])
attack: step 3/10, xent loss = 6.31881, l2 loss = 11.1899 (max 14.95), (true 411, predicted [578])
attack: step 4/10, xent loss = 6.43104, l2 loss = 11.5315 (max 14.95), (true 411, predicted [578])
attack: step 5/10, xent loss = 6.51033, l2 loss = 11.8313 (max 14.95), (true 411, predicted [578])
attack: step 6/10, xent loss = 6.75402, l2 loss = 12.1544 (max 14.95), (true 411, predicted [775])
attack: step 7/10, xent loss = 6.93433, l2 loss = 12.4667 (max 14.95), (true 411, predicted [775])
attack: step 8/10, xent loss = 7.61336, l2 loss = 12.8254 (max 14.95), (true 411, predicted [775])
attack: step 9/10, xent loss = 7.54419, l2 loss = 13.1101 (max 14.95), (true 411, predicted [775])
attack: step 10/10, xent loss = 7.45163, l2 loss = 13.4511 (max 14.95), (true 411, predicted [578])
true = 411, adv = 775
evaluating 173 of [170, 180)
attack: step 1/10, xent loss = 15.2054, l2 loss = 24.6894 (max 14.95), (true 188, predicted [728])
attack: step 2/10, xent loss = 13.8808, l2 loss = 25.7935 (max 14.95), (true 188, predicted [728])
attack: step 3/10, xent loss = 14.9477, l2 loss = 26.3739 (max 14.95), (true 188, predicted [728])
attack: step 4/10, xent loss = 20.6924, l2 loss = 27.4338 (max 14.95), (true 188, predicted [728])
attack: step 5/10, xent loss = 20.3786, l2 loss = 28.2861 (max 14.95), (true 188, predicted [728])
attack: step 6/10, xent loss = 16.0495, l2 loss = 29.4793 (max 14.95), (true 188, predicted [728])
attack: step 7/10, xent loss = 19.2775, l2 loss = 30.2331 (max 14.95), (true 188, predicted [728])
attack: step 8/10, xent loss = 18.2802, l2 loss = 31.2394 (max 14.95), (true 188, predicted [728])
attack: step 9/10, xent loss = 17.9741, l2 loss = 31.8552 (max 14.95), (true 188, predicted [728])
attack: step 10/10, xent loss = 25.5029, l2 loss = 32.8369 (max 14.95), (true 188, predicted [728])
check failed
true = 188, adv = 728
evaluating 174 of [170, 180)
attack: step 1/10, xent loss = 3.53852, l2 loss = 8.40426 (max 14.95), (true 489, predicted [716])
attack: step 2/10, xent loss = 4.41469, l2 loss = 8.84231 (max 14.95), (true 489, predicted [716])
attack: step 3/10, xent loss = 5.30602, l2 loss = 9.28486 (max 14.95), (true 489, predicted [716])
attack: step 4/10, xent loss = 4.19394, l2 loss = 9.63001 (max 14.95), (true 489, predicted [716])
attack: step 5/10, xent loss = 4.30012, l2 loss = 10.1671 (max 14.95), (true 489, predicted [716])
attack: step 6/10, xent loss = 6.0651, l2 loss = 10.6045 (max 14.95), (true 489, predicted [716])
attack: step 7/10, xent loss = 5.51618, l2 loss = 11.1748 (max 14.95), (true 489, predicted [716])
attack: step 8/10, xent loss = 5.07515, l2 loss = 11.6428 (max 14.95), (true 489, predicted [716])
attack: step 9/10, xent loss = 6.35814, l2 loss = 12.1868 (max 14.95), (true 489, predicted [716])
attack: step 10/10, xent loss = 5.95936, l2 loss = 12.5344 (max 14.95), (true 489, predicted [716])
true = 489, adv = 716
evaluating 175 of [170, 180)
attack: step 1/10, xent loss = 10.974, l2 loss = 10.7288 (max 14.95), (true 361, predicted [222])
attack: step 2/10, xent loss = 12.6396, l2 loss = 11.443 (max 14.95), (true 361, predicted [222])
attack: step 3/10, xent loss = 12.4263, l2 loss = 11.8996 (max 14.95), (true 361, predicted [222])
attack: step 4/10, xent loss = 13.3289, l2 loss = 12.3085 (max 14.95), (true 361, predicted [222])
attack: step 5/10, xent loss = 13.4996, l2 loss = 12.9096 (max 14.95), (true 361, predicted [222])
attack: step 6/10, xent loss = 13.1125, l2 loss = 13.4158 (max 14.95), (true 361, predicted [222])
attack: step 7/10, xent loss = 13.0009, l2 loss = 13.995 (max 14.95), (true 361, predicted [222])
attack: step 8/10, xent loss = 14.9498, l2 loss = 14.4518 (max 14.95), (true 361, predicted [222])
attack: step 9/10, xent loss = 14.9287, l2 loss = 14.941 (max 14.95), (true 361, predicted [222])
attack: step 10/10, xent loss = 14.2302, l2 loss = 15.4096 (max 14.95), (true 361, predicted [222])
check failed
true = 361, adv = 222
evaluating 176 of [170, 180)
attack: step 1/10, xent loss = 12.7411, l2 loss = 14.6392 (max 14.95), (true 798, predicted [570])
attack: step 2/10, xent loss = 14.4839, l2 loss = 15.3502 (max 14.95), (true 798, predicted [570])
attack: step 3/10, xent loss = 14.8562, l2 loss = 16.2626 (max 14.95), (true 798, predicted [570])
attack: step 4/10, xent loss = 13.7206, l2 loss = 16.8189 (max 14.95), (true 798, predicted [570])
attack: step 5/10, xent loss = 13.8681, l2 loss = 17.3858 (max 14.95), (true 798, predicted [570])
attack: step 6/10, xent loss = 15.4755, l2 loss = 18.2353 (max 14.95), (true 798, predicted [570])
attack: step 7/10, xent loss = 14.4381, l2 loss = 19.1703 (max 14.95), (true 798, predicted [570])
attack: step 8/10, xent loss = 13.7036, l2 loss = 20.0079 (max 14.95), (true 798, predicted [570])
attack: step 9/10, xent loss = 14.5157, l2 loss = 21.1256 (max 14.95), (true 798, predicted [570])
attack: step 10/10, xent loss = 15.7632, l2 loss = 21.8239 (max 14.95), (true 798, predicted [570])
check failed
true = 798, adv = 570
evaluating 177 of [170, 180)
attack: step 1/10, xent loss = 20.1233, l2 loss = 28.0719 (max 14.95), (true 342, predicted [728])
attack: step 2/10, xent loss = 20.5311, l2 loss = 29.1111 (max 14.95), (true 342, predicted [728])
attack: step 3/10, xent loss = 22.3852, l2 loss = 30.2369 (max 14.95), (true 342, predicted [728])
attack: step 4/10, xent loss = 21.6744, l2 loss = 31.2154 (max 14.95), (true 342, predicted [728])
attack: step 5/10, xent loss = 25.3424, l2 loss = 32.1834 (max 14.95), (true 342, predicted [728])
attack: step 6/10, xent loss = 19.0425, l2 loss = 33.0165 (max 14.95), (true 342, predicted [728])
attack: step 7/10, xent loss = 26.2161, l2 loss = 34.28 (max 14.95), (true 342, predicted [728])
attack: step 8/10, xent loss = 24.0942, l2 loss = 35.3909 (max 14.95), (true 342, predicted [728])
attack: step 9/10, xent loss = 27.6723, l2 loss = 36.1161 (max 14.95), (true 342, predicted [728])
attack: step 10/10, xent loss = 24.3963, l2 loss = 36.9435 (max 14.95), (true 342, predicted [728])
check failed
true = 342, adv = 728
evaluating 178 of [170, 180)
attack: step 1/10, xent loss = 0.730813, l2 loss = 2.63479 (max 14.95), (true 724, predicted [724])
attack: step 2/10, xent loss = 0.903554, l2 loss = 3.31757 (max 14.95), (true 724, predicted [724])
attack: step 3/10, xent loss = 1.46284, l2 loss = 4.00883 (max 14.95), (true 724, predicted [724])
attack: step 4/10, xent loss = 1.5382, l2 loss = 4.92943 (max 14.95), (true 724, predicted [724])
attack: step 5/10, xent loss = 2.78965, l2 loss = 5.7582 (max 14.95), (true 724, predicted [417])
attack: step 6/10, xent loss = 3.15388, l2 loss = 7.68989 (max 14.95), (true 724, predicted [417])
attack: step 7/10, xent loss = 4.82555, l2 loss = 9.54325 (max 14.95), (true 724, predicted [417])
attack: step 8/10, xent loss = 6.6244, l2 loss = 11.244 (max 14.95), (true 724, predicted [417])
attack: step 9/10, xent loss = 8.84111, l2 loss = 12.2005 (max 14.95), (true 724, predicted [852])
attack: step 10/10, xent loss = 9.04839, l2 loss = 12.6442 (max 14.95), (true 724, predicted [852])
true = 724, adv = 852
evaluating 179 of [170, 180)
attack: step 1/10, xent loss = 21.8049, l2 loss = 24.1262 (max 14.95), (true 818, predicted [807])
attack: step 2/10, xent loss = 22.1681, l2 loss = 25.2454 (max 14.95), (true 818, predicted [807])
attack: step 3/10, xent loss = 21.5446, l2 loss = 26.4482 (max 14.95), (true 818, predicted [807])
attack: step 4/10, xent loss = 21.9476, l2 loss = 27.8994 (max 14.95), (true 818, predicted [807])
attack: step 5/10, xent loss = 22.1822, l2 loss = 28.8682 (max 14.95), (true 818, predicted [807])
attack: step 6/10, xent loss = 23.4876, l2 loss = 29.9589 (max 14.95), (true 818, predicted [807])
attack: step 7/10, xent loss = 26.6488, l2 loss = 31.0912 (max 14.95), (true 818, predicted [807])
attack: step 8/10, xent loss = 25.8165, l2 loss = 32.109 (max 14.95), (true 818, predicted [807])
attack: step 9/10, xent loss = 26.861, l2 loss = 33.2582 (max 14.95), (true 818, predicted [807])
attack: step 10/10, xent loss = 30.2182, l2 loss = 34.3726 (max 14.95), (true 818, predicted [807])
check failed
true = 818, adv = 807
