2019-06-06 00:07:13.917635: I tensorflow/core/platform/cpu_feature_guard.cc:141] Your CPU supports instructions that this TensorFlow binary was not compiled to use: SSE4.1 SSE4.2 AVX AVX2 FMA
2019-06-06 00:07:14.509248: I tensorflow/core/platform/profile_utils/cpu_utils.cc:94] CPU Frequency: 2600040000 Hz
2019-06-06 00:07:14.519054: I tensorflow/compiler/xla/service/service.cc:150] XLA service 0x2aaae6e493d0 executing computations on platform Host. Devices:
2019-06-06 00:07:14.523257: I tensorflow/compiler/xla/service/service.cc:158]   StreamExecutor device (0): <undefined>, <undefined>
2019-06-06 00:07:14.523645: I tensorflow/core/common_runtime/process_util.cc:71] Creating new thread pool with default inter op setting: 2. Tune using inter_op_parallelism_threads for best performance.
evaluating 610 of [610, 620)
attack: step 1/10, xent loss = 6.79628, l2 loss = 0 (max 14.95), (true 977, predicted [908])
attack: step 2/10, xent loss = 6.27569, l2 loss = 3.34419 (max 14.95), (true 977, predicted [908])
attack: step 3/10, xent loss = 5.04272, l2 loss = 6.28358 (max 14.95), (true 977, predicted [701])
attack: step 4/10, xent loss = 4.90801, l2 loss = 7.18506 (max 14.95), (true 977, predicted [701])
attack: step 5/10, xent loss = 4.51634, l2 loss = 8.38717 (max 14.95), (true 977, predicted [728])
attack: step 6/10, xent loss = 5.49261, l2 loss = 9.47561 (max 14.95), (true 977, predicted [701])
attack: step 7/10, xent loss = 5.67044, l2 loss = 10.1564 (max 14.95), (true 977, predicted [728])
attack: step 8/10, xent loss = 5.73242, l2 loss = 11.2843 (max 14.95), (true 977, predicted [908])
attack: step 9/10, xent loss = 5.25746, l2 loss = 12.1004 (max 14.95), (true 977, predicted [701])
attack: step 10/10, xent loss = 7.32847, l2 loss = 12.6896 (max 14.95), (true 977, predicted [728])
true = 977, adv = 908
evaluating 611 of [610, 620)
attack: step 1/10, xent loss = 8.72358, l2 loss = 0 (max 14.95), (true 707, predicted [478])
attack: step 2/10, xent loss = 9.89577, l2 loss = 2.82661 (max 14.95), (true 707, predicted [728])
attack: step 3/10, xent loss = 9.22005, l2 loss = 5.30367 (max 14.95), (true 707, predicted [728])
attack: step 4/10, xent loss = 8.97976, l2 loss = 6.68363 (max 14.95), (true 707, predicted [728])
attack: step 5/10, xent loss = 8.77437, l2 loss = 7.44558 (max 14.95), (true 707, predicted [728])
attack: step 6/10, xent loss = 9.97624, l2 loss = 8.1715 (max 14.95), (true 707, predicted [728])
attack: step 7/10, xent loss = 8.66523, l2 loss = 8.78119 (max 14.95), (true 707, predicted [728])
attack: step 8/10, xent loss = 9.17302, l2 loss = 9.1287 (max 14.95), (true 707, predicted [728])
attack: step 9/10, xent loss = 10.0888, l2 loss = 10.006 (max 14.95), (true 707, predicted [728])
attack: step 10/10, xent loss = 9.38571, l2 loss = 10.8944 (max 14.95), (true 707, predicted [728])
true = 707, adv = 728
evaluating 612 of [610, 620)
attack: step 1/10, xent loss = 7.86132, l2 loss = 0 (max 14.95), (true 213, predicted [538])
attack: step 2/10, xent loss = 8.06519, l2 loss = 1.74762 (max 14.95), (true 213, predicted [879])
attack: step 3/10, xent loss = 7.77135, l2 loss = 2.35764 (max 14.95), (true 213, predicted [672])
attack: step 4/10, xent loss = 7.69332, l2 loss = 2.84069 (max 14.95), (true 213, predicted [672])
attack: step 5/10, xent loss = 7.2972, l2 loss = 3.15333 (max 14.95), (true 213, predicted [672])
attack: step 6/10, xent loss = 7.51324, l2 loss = 3.4449 (max 14.95), (true 213, predicted [672])
attack: step 7/10, xent loss = 7.09583, l2 loss = 3.80867 (max 14.95), (true 213, predicted [672])
attack: step 8/10, xent loss = 7.92886, l2 loss = 4.18158 (max 14.95), (true 213, predicted [879])
attack: step 9/10, xent loss = 7.82785, l2 loss = 4.51062 (max 14.95), (true 213, predicted [538])
attack: step 10/10, xent loss = 8.21656, l2 loss = 4.88838 (max 14.95), (true 213, predicted [417])
true = 213, adv = 672
evaluating 613 of [610, 620)
attack: step 1/10, xent loss = 6.90875, l2 loss = 0 (max 14.95), (true 801, predicted [723])
attack: step 2/10, xent loss = 6.5773, l2 loss = 3.85238 (max 14.95), (true 801, predicted [723])
attack: step 3/10, xent loss = 8.46576, l2 loss = 4.92275 (max 14.95), (true 801, predicted [723])
attack: step 4/10, xent loss = 6.99488, l2 loss = 6.72245 (max 14.95), (true 801, predicted [723])
attack: step 5/10, xent loss = 7.41588, l2 loss = 7.64533 (max 14.95), (true 801, predicted [723])
attack: step 6/10, xent loss = 6.25335, l2 loss = 8.60208 (max 14.95), (true 801, predicted [667])
attack: step 7/10, xent loss = 6.86396, l2 loss = 9.11608 (max 14.95), (true 801, predicted [723])
attack: step 8/10, xent loss = 6.55522, l2 loss = 9.69843 (max 14.95), (true 801, predicted [667])
attack: step 9/10, xent loss = 8.22383, l2 loss = 10.0683 (max 14.95), (true 801, predicted [723])
attack: step 10/10, xent loss = 6.71503, l2 loss = 11.3518 (max 14.95), (true 801, predicted [723])
true = 801, adv = 723
evaluating 614 of [610, 620)
attack: step 1/10, xent loss = 8.00506, l2 loss = 0 (max 14.95), (true 647, predicted [692])
attack: step 2/10, xent loss = 7.91332, l2 loss = 3.71745 (max 14.95), (true 647, predicted [478])
attack: step 3/10, xent loss = 8.14429, l2 loss = 5.378 (max 14.95), (true 647, predicted [478])
attack: step 4/10, xent loss = 9.08871, l2 loss = 6.55735 (max 14.95), (true 647, predicted [478])
attack: step 5/10, xent loss = 7.90957, l2 loss = 7.94179 (max 14.95), (true 647, predicted [478])
attack: step 6/10, xent loss = 9.22603, l2 loss = 8.73155 (max 14.95), (true 647, predicted [478])
attack: step 7/10, xent loss = 8.519, l2 loss = 9.62137 (max 14.95), (true 647, predicted [478])
attack: step 8/10, xent loss = 8.21881, l2 loss = 10.1653 (max 14.95), (true 647, predicted [692])
attack: step 9/10, xent loss = 10.3956, l2 loss = 10.8657 (max 14.95), (true 647, predicted [549])
attack: step 10/10, xent loss = 9.25254, l2 loss = 11.5777 (max 14.95), (true 647, predicted [478])
true = 647, adv = 478
evaluating 615 of [610, 620)
attack: step 1/10, xent loss = 7.99686, l2 loss = 0 (max 14.95), (true 138, predicted [723])
attack: step 2/10, xent loss = 8.07989, l2 loss = 1.61823 (max 14.95), (true 138, predicted [723])
attack: step 3/10, xent loss = 8.47597, l2 loss = 3.05836 (max 14.95), (true 138, predicted [723])
attack: step 4/10, xent loss = 8.0137, l2 loss = 4.13567 (max 14.95), (true 138, predicted [723])
attack: step 5/10, xent loss = 7.44362, l2 loss = 4.94087 (max 14.95), (true 138, predicted [723])
attack: step 6/10, xent loss = 7.46904, l2 loss = 5.18378 (max 14.95), (true 138, predicted [723])
attack: step 7/10, xent loss = 7.94269, l2 loss = 5.39631 (max 14.95), (true 138, predicted [645])
attack: step 8/10, xent loss = 7.54356, l2 loss = 5.6987 (max 14.95), (true 138, predicted [723])
attack: step 9/10, xent loss = 7.73642, l2 loss = 5.97556 (max 14.95), (true 138, predicted [723])
attack: step 10/10, xent loss = 9.77269, l2 loss = 6.19586 (max 14.95), (true 138, predicted [723])
true = 138, adv = 723
evaluating 616 of [610, 620)
attack: step 1/10, xent loss = 3.59527, l2 loss = 0 (max 14.95), (true 727, predicted [538])
attack: step 2/10, xent loss = 3.35102, l2 loss = 5.46 (max 14.95), (true 727, predicted [915])
attack: step 3/10, xent loss = 5.8443, l2 loss = 9.233 (max 14.95), (true 727, predicted [750])
attack: step 4/10, xent loss = 3.88533, l2 loss = 11.379 (max 14.95), (true 727, predicted [915])
attack: step 5/10, xent loss = 4.36472, l2 loss = 13.3584 (max 14.95), (true 727, predicted [744])
attack: step 6/10, xent loss = 6.07485, l2 loss = 14.2927 (max 14.95), (true 727, predicted [915])
attack: step 7/10, xent loss = 4.46809, l2 loss = 15.687 (max 14.95), (true 727, predicted [915])
attack: step 8/10, xent loss = 4.1801, l2 loss = 16.7349 (max 14.95), (true 727, predicted [915])
attack: step 9/10, xent loss = 4.58922, l2 loss = 20.4357 (max 14.95), (true 727, predicted [417])
attack: step 10/10, xent loss = 2.78656, l2 loss = 20.9083 (max 14.95), (true 727, predicted [915])
check failed
true = 727, adv = 750
evaluating 617 of [610, 620)
attack: step 1/10, xent loss = 3.57812, l2 loss = 0 (max 14.95), (true 296, predicted [728])
attack: step 2/10, xent loss = 7.30224, l2 loss = 6.50808 (max 14.95), (true 296, predicted [578])
attack: step 3/10, xent loss = 6.03205, l2 loss = 7.09841 (max 14.95), (true 296, predicted [701])
attack: step 4/10, xent loss = 6.80483, l2 loss = 8.31757 (max 14.95), (true 296, predicted [728])
attack: step 5/10, xent loss = 7.04699, l2 loss = 9.06112 (max 14.95), (true 296, predicted [701])
attack: step 6/10, xent loss = 6.38945, l2 loss = 9.65631 (max 14.95), (true 296, predicted [728])
attack: step 7/10, xent loss = 7.50927, l2 loss = 10.2247 (max 14.95), (true 296, predicted [879])
attack: step 8/10, xent loss = 6.31139, l2 loss = 10.9828 (max 14.95), (true 296, predicted [672])
attack: step 9/10, xent loss = 7.26302, l2 loss = 11.188 (max 14.95), (true 296, predicted [728])
attack: step 10/10, xent loss = 5.69272, l2 loss = 11.3585 (max 14.95), (true 296, predicted [879])
true = 296, adv = 578
evaluating 618 of [610, 620)
attack: step 1/10, xent loss = 5.68949, l2 loss = 0 (max 14.95), (true 660, predicted [437])
attack: step 2/10, xent loss = 4.57617, l2 loss = 3.73338 (max 14.95), (true 660, predicted [557])
attack: step 3/10, xent loss = 3.93489, l2 loss = 5.38956 (max 14.95), (true 660, predicted [557])
attack: step 4/10, xent loss = 3.4405, l2 loss = 6.3232 (max 14.95), (true 660, predicted [437])
attack: step 5/10, xent loss = 4.30805, l2 loss = 7.56896 (max 14.95), (true 660, predicted [557])
attack: step 6/10, xent loss = 4.55685, l2 loss = 8.88515 (max 14.95), (true 660, predicted [437])
attack: step 7/10, xent loss = 6.96497, l2 loss = 9.54768 (max 14.95), (true 660, predicted [557])
attack: step 8/10, xent loss = 6.32433, l2 loss = 10.0012 (max 14.95), (true 660, predicted [557])
attack: step 9/10, xent loss = 5.26589, l2 loss = 10.4054 (max 14.95), (true 660, predicted [557])
attack: step 10/10, xent loss = 5.47535, l2 loss = 10.9764 (max 14.95), (true 660, predicted [557])
true = 660, adv = 557
evaluating 619 of [610, 620)
attack: step 1/10, xent loss = 8.35602, l2 loss = 0 (max 14.95), (true 235, predicted [417])
attack: step 2/10, xent loss = 8.16272, l2 loss = 1.4948 (max 14.95), (true 235, predicted [478])
attack: step 3/10, xent loss = 8.36626, l2 loss = 2.16458 (max 14.95), (true 235, predicted [607])
attack: step 4/10, xent loss = 8.07469, l2 loss = 2.65193 (max 14.95), (true 235, predicted [478])
attack: step 5/10, xent loss = 8.49354, l2 loss = 3.10195 (max 14.95), (true 235, predicted [478])
attack: step 6/10, xent loss = 7.32249, l2 loss = 4.08517 (max 14.95), (true 235, predicted [607])
attack: step 7/10, xent loss = 7.56554, l2 loss = 4.31937 (max 14.95), (true 235, predicted [723])
attack: step 8/10, xent loss = 7.95677, l2 loss = 4.7565 (max 14.95), (true 235, predicted [607])
attack: step 9/10, xent loss = 8.3336, l2 loss = 5.08436 (max 14.95), (true 235, predicted [723])
attack: step 10/10, xent loss = 8.32756, l2 loss = 5.49843 (max 14.95), (true 235, predicted [607])
true = 235, adv = 607
