2019-06-05 08:02:20.425308: I tensorflow/core/platform/cpu_feature_guard.cc:141] Your CPU supports instructions that this TensorFlow binary was not compiled to use: SSE4.1 SSE4.2 AVX AVX2 FMA
2019-06-05 08:02:20.432868: I tensorflow/core/platform/profile_utils/cpu_utils.cc:94] CPU Frequency: 2599940000 Hz
2019-06-05 08:02:20.433012: I tensorflow/compiler/xla/service/service.cc:150] XLA service 0x2aaae6fbd550 executing computations on platform Host. Devices:
2019-06-05 08:02:20.433030: I tensorflow/compiler/xla/service/service.cc:158]   StreamExecutor device (0): <undefined>, <undefined>
2019-06-05 08:02:20.433221: I tensorflow/core/common_runtime/process_util.cc:71] Creating new thread pool with default inter op setting: 2. Tune using inter_op_parallelism_threads for best performance.
evaluating 390 of [390, 400)
attack: step 1/10, xent loss = 5.95205, l2 loss = 0 (max 14.95), (true 67, predicted [509])
attack: step 2/10, xent loss = 4.18201, l2 loss = 2.33806 (max 14.95), (true 67, predicted [509])
attack: step 3/10, xent loss = 5.75238, l2 loss = 4.84964 (max 14.95), (true 67, predicted [509])
attack: step 4/10, xent loss = 6.45015, l2 loss = 5.59935 (max 14.95), (true 67, predicted [509])
attack: step 5/10, xent loss = 7.17136, l2 loss = 6.14997 (max 14.95), (true 67, predicted [509])
attack: step 6/10, xent loss = 6.89596, l2 loss = 6.6619 (max 14.95), (true 67, predicted [692])
attack: step 7/10, xent loss = 7.52638, l2 loss = 7.58677 (max 14.95), (true 67, predicted [509])
attack: step 8/10, xent loss = 7.54812, l2 loss = 7.92887 (max 14.95), (true 67, predicted [509])
attack: step 9/10, xent loss = 7.71243, l2 loss = 8.15783 (max 14.95), (true 67, predicted [692])
attack: step 10/10, xent loss = 8.26515, l2 loss = 8.4052 (max 14.95), (true 67, predicted [692])
true = 67, adv = 936
evaluating 391 of [390, 400)
attack: step 1/10, xent loss = 0.0693776, l2 loss = 0 (max 14.95), (true 87, predicted [87])
attack: step 2/10, xent loss = 0.0568598, l2 loss = 0.127466 (max 14.95), (true 87, predicted [87])
attack: step 3/10, xent loss = 0.0650592, l2 loss = 0.153249 (max 14.95), (true 87, predicted [87])
attack: step 4/10, xent loss = 0.0649636, l2 loss = 0.19211 (max 14.95), (true 87, predicted [87])
attack: step 5/10, xent loss = 0.0606233, l2 loss = 0.225666 (max 14.95), (true 87, predicted [87])
attack: step 6/10, xent loss = 0.0813452, l2 loss = 0.249571 (max 14.95), (true 87, predicted [87])
attack: step 7/10, xent loss = 0.0403831, l2 loss = 0.281006 (max 14.95), (true 87, predicted [87])
attack: step 8/10, xent loss = 0.0966227, l2 loss = 0.293699 (max 14.95), (true 87, predicted [87])
attack: step 9/10, xent loss = 0.0700151, l2 loss = 0.339697 (max 14.95), (true 87, predicted [87])
attack: step 10/10, xent loss = 0.0633087, l2 loss = 0.364304 (max 14.95), (true 87, predicted [87])
true = 87, adv = 87
evaluating 392 of [390, 400)
attack: step 1/10, xent loss = 0.0214926, l2 loss = 0 (max 14.95), (true 607, predicted [607])
attack: step 2/10, xent loss = 0.0272376, l2 loss = 0.0963816 (max 14.95), (true 607, predicted [607])
attack: step 3/10, xent loss = 0.0398114, l2 loss = 0.167122 (max 14.95), (true 607, predicted [607])
attack: step 4/10, xent loss = 0.0301012, l2 loss = 0.211872 (max 14.95), (true 607, predicted [607])
attack: step 5/10, xent loss = 0.0511564, l2 loss = 0.256785 (max 14.95), (true 607, predicted [607])
attack: step 6/10, xent loss = 0.033147, l2 loss = 0.36299 (max 14.95), (true 607, predicted [607])
attack: step 7/10, xent loss = 0.0320295, l2 loss = 0.40903 (max 14.95), (true 607, predicted [607])
attack: step 8/10, xent loss = 0.0582153, l2 loss = 0.438244 (max 14.95), (true 607, predicted [607])
attack: step 9/10, xent loss = 0.0340998, l2 loss = 0.527995 (max 14.95), (true 607, predicted [607])
attack: step 10/10, xent loss = 0.0548776, l2 loss = 0.561648 (max 14.95), (true 607, predicted [607])
true = 607, adv = 607
evaluating 393 of [390, 400)
attack: step 1/10, xent loss = 0.940502, l2 loss = 0 (max 14.95), (true 807, predicted [807])
attack: step 2/10, xent loss = 1.82488, l2 loss = 4.69277 (max 14.95), (true 807, predicted [780])
attack: step 3/10, xent loss = 5.82638, l2 loss = 8.69911 (max 14.95), (true 807, predicted [724])
attack: step 4/10, xent loss = 6.28623, l2 loss = 9.62333 (max 14.95), (true 807, predicted [780])
attack: step 5/10, xent loss = 7.55938, l2 loss = 10.4015 (max 14.95), (true 807, predicted [780])
attack: step 6/10, xent loss = 8.09626, l2 loss = 11.006 (max 14.95), (true 807, predicted [780])
attack: step 7/10, xent loss = 8.0498, l2 loss = 11.4638 (max 14.95), (true 807, predicted [780])
attack: step 8/10, xent loss = 10.2297, l2 loss = 11.9646 (max 14.95), (true 807, predicted [780])
attack: step 9/10, xent loss = 8.92156, l2 loss = 12.513 (max 14.95), (true 807, predicted [780])
attack: step 10/10, xent loss = 9.41887, l2 loss = 13.4343 (max 14.95), (true 807, predicted [780])
true = 807, adv = 780
evaluating 394 of [390, 400)
attack: step 1/10, xent loss = 4.73174, l2 loss = 0 (max 14.95), (true 547, predicted [779])
attack: step 2/10, xent loss = 5.55871, l2 loss = 3.71749 (max 14.95), (true 547, predicted [779])
attack: step 3/10, xent loss = 8.42913, l2 loss = 5.29445 (max 14.95), (true 547, predicted [779])
attack: step 4/10, xent loss = 6.98438, l2 loss = 6.71481 (max 14.95), (true 547, predicted [779])
attack: step 5/10, xent loss = 8.47871, l2 loss = 8.30746 (max 14.95), (true 547, predicted [779])
attack: step 6/10, xent loss = 10.0968, l2 loss = 9.42985 (max 14.95), (true 547, predicted [779])
attack: step 7/10, xent loss = 10.3456, l2 loss = 9.90415 (max 14.95), (true 547, predicted [779])
attack: step 8/10, xent loss = 9.45973, l2 loss = 10.313 (max 14.95), (true 547, predicted [779])
attack: step 9/10, xent loss = 10.4479, l2 loss = 10.8819 (max 14.95), (true 547, predicted [779])
attack: step 10/10, xent loss = 11.1571, l2 loss = 11.3439 (max 14.95), (true 547, predicted [779])
true = 547, adv = 779
evaluating 395 of [390, 400)
attack: step 1/10, xent loss = 0.0232353, l2 loss = 0 (max 14.95), (true 96, predicted [96])
attack: step 2/10, xent loss = 0.0304211, l2 loss = 0.0370903 (max 14.95), (true 96, predicted [96])
attack: step 3/10, xent loss = 0.0307482, l2 loss = 0.0713885 (max 14.95), (true 96, predicted [96])
attack: step 4/10, xent loss = 0.029424, l2 loss = 0.0972975 (max 14.95), (true 96, predicted [96])
attack: step 5/10, xent loss = 0.0414251, l2 loss = 0.119201 (max 14.95), (true 96, predicted [96])
attack: step 6/10, xent loss = 0.0291897, l2 loss = 0.146839 (max 14.95), (true 96, predicted [96])
attack: step 7/10, xent loss = 0.0387081, l2 loss = 0.160396 (max 14.95), (true 96, predicted [96])
attack: step 8/10, xent loss = 0.0362108, l2 loss = 0.180365 (max 14.95), (true 96, predicted [96])
attack: step 9/10, xent loss = 0.0421581, l2 loss = 0.198763 (max 14.95), (true 96, predicted [96])
attack: step 10/10, xent loss = 0.0347987, l2 loss = 0.238495 (max 14.95), (true 96, predicted [96])
true = 96, adv = 96
evaluating 396 of [390, 400)
attack: step 1/10, xent loss = 5.20193, l2 loss = 0 (max 14.95), (true 533, predicted [591])
attack: step 2/10, xent loss = 5.50315, l2 loss = 2.22223 (max 14.95), (true 533, predicted [591])
attack: step 3/10, xent loss = 6.07377, l2 loss = 3.06806 (max 14.95), (true 533, predicted [478])
attack: step 4/10, xent loss = 5.61682, l2 loss = 3.87846 (max 14.95), (true 533, predicted [478])
attack: step 5/10, xent loss = 6.05777, l2 loss = 4.6924 (max 14.95), (true 533, predicted [478])
attack: step 6/10, xent loss = 7.12305, l2 loss = 5.28572 (max 14.95), (true 533, predicted [478])
attack: step 7/10, xent loss = 6.84039, l2 loss = 5.84304 (max 14.95), (true 533, predicted [478])
attack: step 8/10, xent loss = 7.43616, l2 loss = 6.24404 (max 14.95), (true 533, predicted [478])
attack: step 9/10, xent loss = 7.53978, l2 loss = 6.82829 (max 14.95), (true 533, predicted [478])
attack: step 10/10, xent loss = 8.69651, l2 loss = 7.12268 (max 14.95), (true 533, predicted [692])
true = 533, adv = 692
evaluating 397 of [390, 400)
attack: step 1/10, xent loss = 0.0657283, l2 loss = 0 (max 14.95), (true 510, predicted [510])
attack: step 2/10, xent loss = 0.0175501, l2 loss = 0.536211 (max 14.95), (true 510, predicted [510])
attack: step 3/10, xent loss = 0.00370305, l2 loss = 0.561492 (max 14.95), (true 510, predicted [510])
attack: step 4/10, xent loss = 0.0759341, l2 loss = 0.562836 (max 14.95), (true 510, predicted [510])
attack: step 5/10, xent loss = 0.0163686, l2 loss = 0.910549 (max 14.95), (true 510, predicted [510])
attack: step 6/10, xent loss = 0.0163669, l2 loss = 0.924168 (max 14.95), (true 510, predicted [510])
attack: step 7/10, xent loss = 0.12266, l2 loss = 0.93434 (max 14.95), (true 510, predicted [510])
attack: step 8/10, xent loss = 1.19394, l2 loss = 1.30195 (max 14.95), (true 510, predicted [510])
attack: step 9/10, xent loss = 3.65267, l2 loss = 7.32646 (max 14.95), (true 510, predicted [978])
attack: step 10/10, xent loss = 5.97167, l2 loss = 9.98737 (max 14.95), (true 510, predicted [978])
true = 510, adv = 913
evaluating 398 of [390, 400)
attack: step 1/10, xent loss = 0.0363041, l2 loss = 0 (max 14.95), (true 465, predicted [465])
attack: step 2/10, xent loss = 0.0386798, l2 loss = 0.0673892 (max 14.95), (true 465, predicted [465])
attack: step 3/10, xent loss = 0.0552175, l2 loss = 0.105325 (max 14.95), (true 465, predicted [465])
attack: step 4/10, xent loss = 0.116014, l2 loss = 0.144695 (max 14.95), (true 465, predicted [465])
attack: step 5/10, xent loss = 0.0312443, l2 loss = 0.242463 (max 14.95), (true 465, predicted [465])
attack: step 6/10, xent loss = 0.0616575, l2 loss = 0.256437 (max 14.95), (true 465, predicted [465])
attack: step 7/10, xent loss = 0.0538463, l2 loss = 0.287377 (max 14.95), (true 465, predicted [465])
attack: step 8/10, xent loss = 0.0447622, l2 loss = 0.3089 (max 14.95), (true 465, predicted [465])
attack: step 9/10, xent loss = 0.0625098, l2 loss = 0.330822 (max 14.95), (true 465, predicted [465])
attack: step 10/10, xent loss = 0.0680316, l2 loss = 0.37158 (max 14.95), (true 465, predicted [465])
true = 465, adv = 465
evaluating 399 of [390, 400)
attack: step 1/10, xent loss = 0.0136275, l2 loss = 0 (max 14.95), (true 410, predicted [410])
attack: step 2/10, xent loss = 0.00296071, l2 loss = 0.0870398 (max 14.95), (true 410, predicted [410])
attack: step 3/10, xent loss = 0.00447878, l2 loss = 0.0881822 (max 14.95), (true 410, predicted [410])
attack: step 4/10, xent loss = 0.022648, l2 loss = 0.0903347 (max 14.95), (true 410, predicted [410])
attack: step 5/10, xent loss = 0.00264259, l2 loss = 0.139108 (max 14.95), (true 410, predicted [410])
attack: step 6/10, xent loss = 0.0128809, l2 loss = 0.139934 (max 14.95), (true 410, predicted [410])
attack: step 7/10, xent loss = 0.459385, l2 loss = 0.15494 (max 14.95), (true 410, predicted [410])
attack: step 8/10, xent loss = 0.0152149, l2 loss = 2.2732 (max 14.95), (true 410, predicted [410])
attack: step 9/10, xent loss = 0.0267375, l2 loss = 2.27708 (max 14.95), (true 410, predicted [410])
attack: step 10/10, xent loss = 0.0519391, l2 loss = 2.2831 (max 14.95), (true 410, predicted [410])
true = 410, adv = 410
