2019-06-06 00:07:13.916384: I tensorflow/core/platform/cpu_feature_guard.cc:141] Your CPU supports instructions that this TensorFlow binary was not compiled to use: SSE4.1 SSE4.2 AVX AVX2 FMA
2019-06-06 00:07:14.509315: I tensorflow/core/platform/profile_utils/cpu_utils.cc:94] CPU Frequency: 2600040000 Hz
2019-06-06 00:07:14.526573: I tensorflow/compiler/xla/service/service.cc:150] XLA service 0x2aaae70bc8f0 executing computations on platform Host. Devices:
2019-06-06 00:07:14.526619: I tensorflow/compiler/xla/service/service.cc:158]   StreamExecutor device (0): <undefined>, <undefined>
2019-06-06 00:07:14.526958: I tensorflow/core/common_runtime/process_util.cc:71] Creating new thread pool with default inter op setting: 2. Tune using inter_op_parallelism_threads for best performance.
evaluating 680 of [680, 690)
attack: step 1/10, xent loss = 5.30627, l2 loss = 0 (max 14.95), (true 623, predicted [728])
attack: step 2/10, xent loss = 6.64255, l2 loss = 4.43041 (max 14.95), (true 623, predicted [728])
attack: step 3/10, xent loss = 6.76796, l2 loss = 7.95965 (max 14.95), (true 623, predicted [728])
attack: step 4/10, xent loss = 5.83921, l2 loss = 10.4886 (max 14.95), (true 623, predicted [728])
attack: step 5/10, xent loss = 6.51982, l2 loss = 11.5993 (max 14.95), (true 623, predicted [728])
attack: step 6/10, xent loss = 8.24597, l2 loss = 13.9498 (max 14.95), (true 623, predicted [728])
attack: step 7/10, xent loss = 10.5206, l2 loss = 17.2313 (max 14.95), (true 623, predicted [728])
attack: step 8/10, xent loss = 10.9581, l2 loss = 19.3576 (max 14.95), (true 623, predicted [728])
attack: step 9/10, xent loss = 11.0895, l2 loss = 20.7402 (max 14.95), (true 623, predicted [728])
attack: step 10/10, xent loss = 8.60097, l2 loss = 23.5924 (max 14.95), (true 623, predicted [728])
check failed
true = 623, adv = 728
evaluating 681 of [680, 690)
attack: step 1/10, xent loss = 6.56252, l2 loss = 0 (max 14.95), (true 980, predicted [701])
attack: step 2/10, xent loss = 7.59568, l2 loss = 2.93151 (max 14.95), (true 980, predicted [701])
attack: step 3/10, xent loss = 6.97979, l2 loss = 4.74705 (max 14.95), (true 980, predicted [557])
attack: step 4/10, xent loss = 7.67916, l2 loss = 5.42333 (max 14.95), (true 980, predicted [701])
attack: step 5/10, xent loss = 7.04367, l2 loss = 6.88785 (max 14.95), (true 980, predicted [701])
attack: step 6/10, xent loss = 7.46075, l2 loss = 7.78139 (max 14.95), (true 980, predicted [701])
attack: step 7/10, xent loss = 6.82749, l2 loss = 8.66058 (max 14.95), (true 980, predicted [557])
attack: step 8/10, xent loss = 6.92084, l2 loss = 9.18094 (max 14.95), (true 980, predicted [701])
attack: step 9/10, xent loss = 6.92422, l2 loss = 9.78824 (max 14.95), (true 980, predicted [701])
attack: step 10/10, xent loss = 9.07293, l2 loss = 10.3004 (max 14.95), (true 980, predicted [701])
true = 980, adv = 701
evaluating 682 of [680, 690)
attack: step 1/10, xent loss = 7.61198, l2 loss = 0 (max 14.95), (true 960, predicted [968])
attack: step 2/10, xent loss = 5.87645, l2 loss = 5.51402 (max 14.95), (true 960, predicted [968])
attack: step 3/10, xent loss = 6.0784, l2 loss = 7.71361 (max 14.95), (true 960, predicted [463])
attack: step 4/10, xent loss = 5.42231, l2 loss = 8.99486 (max 14.95), (true 960, predicted [463])
attack: step 5/10, xent loss = 9.57261, l2 loss = 11.1593 (max 14.95), (true 960, predicted [723])
attack: step 6/10, xent loss = 6.83296, l2 loss = 11.8584 (max 14.95), (true 960, predicted [463])
attack: step 7/10, xent loss = 7.40755, l2 loss = 12.5096 (max 14.95), (true 960, predicted [463])
attack: step 8/10, xent loss = 7.18172, l2 loss = 13.3435 (max 14.95), (true 960, predicted [968])
attack: step 9/10, xent loss = 7.05344, l2 loss = 13.9776 (max 14.95), (true 960, predicted [968])
attack: step 10/10, xent loss = 7.31532, l2 loss = 14.8563 (max 14.95), (true 960, predicted [968])
check failed
true = 960, adv = 968
evaluating 683 of [680, 690)
attack: step 1/10, xent loss = 2.98168, l2 loss = 0 (max 14.95), (true 241, predicted [723])
attack: step 2/10, xent loss = 5.48342, l2 loss = 5.78843 (max 14.95), (true 241, predicted [879])
attack: step 3/10, xent loss = 3.92112, l2 loss = 7.40931 (max 14.95), (true 241, predicted [879])
attack: step 4/10, xent loss = 5.29472, l2 loss = 10.795 (max 14.95), (true 241, predicted [879])
attack: step 5/10, xent loss = 5.98924, l2 loss = 12.4813 (max 14.95), (true 241, predicted [879])
attack: step 6/10, xent loss = 2.44565, l2 loss = 13.1551 (max 14.95), (true 241, predicted [879])
attack: step 7/10, xent loss = 6.00234, l2 loss = 14.1956 (max 14.95), (true 241, predicted [723])
attack: step 8/10, xent loss = 4.90616, l2 loss = 14.5136 (max 14.95), (true 241, predicted [253])
attack: step 9/10, xent loss = 5.93454, l2 loss = 15.2777 (max 14.95), (true 241, predicted [723])
attack: step 10/10, xent loss = 5.38538, l2 loss = 15.7163 (max 14.95), (true 241, predicted [879])
check failed
true = 241, adv = 723
evaluating 684 of [680, 690)
attack: step 1/10, xent loss = 8.45514, l2 loss = 0 (max 14.95), (true 935, predicted [619])
attack: step 2/10, xent loss = 8.3509, l2 loss = 2.86475 (max 14.95), (true 935, predicted [909])
attack: step 3/10, xent loss = 7.83745, l2 loss = 3.41721 (max 14.95), (true 935, predicted [619])
attack: step 4/10, xent loss = 9.69396, l2 loss = 3.92104 (max 14.95), (true 935, predicted [619])
attack: step 5/10, xent loss = 8.22686, l2 loss = 5.51273 (max 14.95), (true 935, predicted [601])
attack: step 6/10, xent loss = 7.40595, l2 loss = 5.76223 (max 14.95), (true 935, predicted [619])
attack: step 7/10, xent loss = 8.32392, l2 loss = 5.99943 (max 14.95), (true 935, predicted [619])
attack: step 8/10, xent loss = 8.51923, l2 loss = 6.45291 (max 14.95), (true 935, predicted [619])
attack: step 9/10, xent loss = 8.66092, l2 loss = 6.80605 (max 14.95), (true 935, predicted [619])
attack: step 10/10, xent loss = 9.0971, l2 loss = 7.1418 (max 14.95), (true 935, predicted [909])
true = 935, adv = 619
evaluating 685 of [680, 690)
attack: step 1/10, xent loss = 6.69054, l2 loss = 0 (max 14.95), (true 426, predicted [409])
attack: step 2/10, xent loss = 8.16935, l2 loss = 2.39721 (max 14.95), (true 426, predicted [409])
attack: step 3/10, xent loss = 7.97614, l2 loss = 3.09596 (max 14.95), (true 426, predicted [518])
attack: step 4/10, xent loss = 7.64754, l2 loss = 3.79984 (max 14.95), (true 426, predicted [518])
attack: step 5/10, xent loss = 7.40089, l2 loss = 4.41599 (max 14.95), (true 426, predicted [409])
attack: step 6/10, xent loss = 7.527, l2 loss = 4.80493 (max 14.95), (true 426, predicted [518])
attack: step 7/10, xent loss = 7.59999, l2 loss = 5.30551 (max 14.95), (true 426, predicted [409])
attack: step 8/10, xent loss = 8.31643, l2 loss = 5.8266 (max 14.95), (true 426, predicted [807])
attack: step 9/10, xent loss = 7.05019, l2 loss = 6.34324 (max 14.95), (true 426, predicted [409])
attack: step 10/10, xent loss = 7.78657, l2 loss = 6.59193 (max 14.95), (true 426, predicted [574])
true = 426, adv = 409
evaluating 686 of [680, 690)
attack: step 1/10, xent loss = 7.47866, l2 loss = 0 (max 14.95), (true 452, predicted [728])
attack: step 2/10, xent loss = 7.65123, l2 loss = 3.17359 (max 14.95), (true 452, predicted [879])
attack: step 3/10, xent loss = 6.58811, l2 loss = 3.7254 (max 14.95), (true 452, predicted [879])
attack: step 4/10, xent loss = 6.20173, l2 loss = 4.79427 (max 14.95), (true 452, predicted [728])
attack: step 5/10, xent loss = 6.47216, l2 loss = 5.33002 (max 14.95), (true 452, predicted [417])
attack: step 6/10, xent loss = 5.80157, l2 loss = 5.67108 (max 14.95), (true 452, predicted [723])
attack: step 7/10, xent loss = 6.47388, l2 loss = 6.65448 (max 14.95), (true 452, predicted [643])
attack: step 8/10, xent loss = 4.74208, l2 loss = 6.90183 (max 14.95), (true 452, predicted [478])
attack: step 9/10, xent loss = 5.84015, l2 loss = 7.68771 (max 14.95), (true 452, predicted [728])
attack: step 10/10, xent loss = 7.68995, l2 loss = 7.97674 (max 14.95), (true 452, predicted [728])
true = 452, adv = 728
evaluating 687 of [680, 690)
attack: step 1/10, xent loss = 3.70788, l2 loss = 0 (max 14.95), (true 789, predicted [478])
attack: step 2/10, xent loss = 5.69877, l2 loss = 4.16914 (max 14.95), (true 789, predicted [916])
attack: step 3/10, xent loss = 3.91887, l2 loss = 5.20023 (max 14.95), (true 789, predicted [478])
attack: step 4/10, xent loss = 3.73983, l2 loss = 6.64914 (max 14.95), (true 789, predicted [905])
attack: step 5/10, xent loss = 4.02948, l2 loss = 7.75001 (max 14.95), (true 789, predicted [894])
attack: step 6/10, xent loss = 4.34756, l2 loss = 8.59733 (max 14.95), (true 789, predicted [894])
attack: step 7/10, xent loss = 3.03864, l2 loss = 9.14348 (max 14.95), (true 789, predicted [478])
attack: step 8/10, xent loss = 3.13311, l2 loss = 9.7086 (max 14.95), (true 789, predicted [478])
attack: step 9/10, xent loss = 5.26419, l2 loss = 10.6206 (max 14.95), (true 789, predicted [894])
attack: step 10/10, xent loss = 4.51252, l2 loss = 11.189 (max 14.95), (true 789, predicted [894])
true = 789, adv = 478
evaluating 688 of [680, 690)
attack: step 1/10, xent loss = 6.28307, l2 loss = 0 (max 14.95), (true 680, predicted [619])
attack: step 2/10, xent loss = 5.15682, l2 loss = 7.05861 (max 14.95), (true 680, predicted [929])
attack: step 3/10, xent loss = 6.38235, l2 loss = 9.89555 (max 14.95), (true 680, predicted [619])
attack: step 4/10, xent loss = 5.0284, l2 loss = 11.8377 (max 14.95), (true 680, predicted [728])
attack: step 5/10, xent loss = 6.74471, l2 loss = 14.4587 (max 14.95), (true 680, predicted [728])
attack: step 6/10, xent loss = 8.33724, l2 loss = 16.9194 (max 14.95), (true 680, predicted [478])
attack: step 7/10, xent loss = 6.04575, l2 loss = 17.977 (max 14.95), (true 680, predicted [728])
attack: step 8/10, xent loss = 8.76688, l2 loss = 19.9637 (max 14.95), (true 680, predicted [728])
attack: step 9/10, xent loss = 9.30266, l2 loss = 21.5724 (max 14.95), (true 680, predicted [728])
attack: step 10/10, xent loss = 8.22809, l2 loss = 22.6131 (max 14.95), (true 680, predicted [728])
check failed
true = 680, adv = 728
evaluating 689 of [680, 690)
attack: step 1/10, xent loss = 6.77231, l2 loss = 0 (max 14.95), (true 454, predicted [645])
attack: step 2/10, xent loss = 7.08533, l2 loss = 4.02606 (max 14.95), (true 454, predicted [645])
attack: step 3/10, xent loss = 10.0274, l2 loss = 6.21938 (max 14.95), (true 454, predicted [645])
attack: step 4/10, xent loss = 8.22498, l2 loss = 7.26737 (max 14.95), (true 454, predicted [645])
attack: step 5/10, xent loss = 8.31717, l2 loss = 8.99116 (max 14.95), (true 454, predicted [645])
attack: step 6/10, xent loss = 8.76359, l2 loss = 10.5141 (max 14.95), (true 454, predicted [645])
attack: step 7/10, xent loss = 9.14499, l2 loss = 11.6036 (max 14.95), (true 454, predicted [645])
attack: step 8/10, xent loss = 8.54319, l2 loss = 13.2638 (max 14.95), (true 454, predicted [645])
attack: step 9/10, xent loss = 8.8741, l2 loss = 14.6093 (max 14.95), (true 454, predicted [645])
attack: step 10/10, xent loss = 11.538, l2 loss = 15.031 (max 14.95), (true 454, predicted [645])
check failed
true = 454, adv = 645
