2019-06-04 16:01:06.734386: I tensorflow/core/platform/cpu_feature_guard.cc:141] Your CPU supports instructions that this TensorFlow binary was not compiled to use: SSE4.1 SSE4.2 AVX AVX2 FMA
2019-06-04 16:01:06.774395: I tensorflow/core/platform/profile_utils/cpu_utils.cc:94] CPU Frequency: 2600120000 Hz
2019-06-04 16:01:06.777557: I tensorflow/compiler/xla/service/service.cc:150] XLA service 0x2aaae6fbe7a0 executing computations on platform Host. Devices:
2019-06-04 16:01:06.777600: I tensorflow/compiler/xla/service/service.cc:158]   StreamExecutor device (0): <undefined>, <undefined>
2019-06-04 16:01:06.779296: I tensorflow/core/common_runtime/process_util.cc:71] Creating new thread pool with default inter op setting: 2. Tune using inter_op_parallelism_threads for best performance.
evaluating 270 of [270, 280)
attack: step 1/10, xent loss = 2.91607, l2 loss = 0 (max 14.95), (true 949, predicted [509])
attack: step 2/10, xent loss = 3.8096, l2 loss = 3.59923 (max 14.95), (true 949, predicted [509])
attack: step 3/10, xent loss = 2.96469, l2 loss = 5.57691 (max 14.95), (true 949, predicted [927])
attack: step 4/10, xent loss = 4.82324, l2 loss = 6.24174 (max 14.95), (true 949, predicted [927])
attack: step 5/10, xent loss = 5.1446, l2 loss = 6.91614 (max 14.95), (true 949, predicted [509])
attack: step 6/10, xent loss = 6.48493, l2 loss = 7.85431 (max 14.95), (true 949, predicted [509])
attack: step 7/10, xent loss = 6.45727, l2 loss = 9.64618 (max 14.95), (true 949, predicted [509])
attack: step 8/10, xent loss = 8.81032, l2 loss = 11.0004 (max 14.95), (true 949, predicted [728])
attack: step 9/10, xent loss = 14.5299, l2 loss = 13.1068 (max 14.95), (true 949, predicted [728])
attack: step 10/10, xent loss = 18.0377, l2 loss = 15.3611 (max 14.95), (true 949, predicted [728])
check failed
true = 949, adv = 728
evaluating 271 of [270, 280)
attack: step 1/10, xent loss = 16.3098, l2 loss = 0 (max 14.95), (true 357, predicted [728])
attack: step 2/10, xent loss = 16.1068, l2 loss = 16.6809 (max 14.95), (true 357, predicted [728])
attack: step 3/10, xent loss = 18.6542, l2 loss = 19.0753 (max 14.95), (true 357, predicted [728])
attack: step 4/10, xent loss = 26.4822, l2 loss = 21.1612 (max 14.95), (true 357, predicted [728])
attack: step 5/10, xent loss = 23.7386, l2 loss = 24.0341 (max 14.95), (true 357, predicted [728])
attack: step 6/10, xent loss = 34.9804, l2 loss = 26.3359 (max 14.95), (true 357, predicted [728])
attack: step 7/10, xent loss = 33.2626, l2 loss = 28.4779 (max 14.95), (true 357, predicted [728])
attack: step 8/10, xent loss = 33.4248, l2 loss = 30.8737 (max 14.95), (true 357, predicted [728])
attack: step 9/10, xent loss = 25.4626, l2 loss = 36.7185 (max 14.95), (true 357, predicted [728])
attack: step 10/10, xent loss = 28.8913, l2 loss = 38.1318 (max 14.95), (true 357, predicted [728])
check failed
true = 357, adv = 728
evaluating 272 of [270, 280)
attack: step 1/10, xent loss = 0.31968, l2 loss = 0 (max 14.95), (true 440, predicted [440])
attack: step 2/10, xent loss = 0.440473, l2 loss = 0.427221 (max 14.95), (true 440, predicted [440])
attack: step 3/10, xent loss = 0.245828, l2 loss = 0.694746 (max 14.95), (true 440, predicted [440])
attack: step 4/10, xent loss = 0.291261, l2 loss = 0.788104 (max 14.95), (true 440, predicted [440])
attack: step 5/10, xent loss = 0.280728, l2 loss = 0.880054 (max 14.95), (true 440, predicted [440])
attack: step 6/10, xent loss = 0.361907, l2 loss = 0.972312 (max 14.95), (true 440, predicted [440])
attack: step 7/10, xent loss = 0.312333, l2 loss = 1.11586 (max 14.95), (true 440, predicted [440])
attack: step 8/10, xent loss = 0.364915, l2 loss = 1.1979 (max 14.95), (true 440, predicted [440])
attack: step 9/10, xent loss = 0.222089, l2 loss = 1.33053 (max 14.95), (true 440, predicted [440])
attack: step 10/10, xent loss = 0.44964, l2 loss = 1.37432 (max 14.95), (true 440, predicted [440])
true = 440, adv = 440
evaluating 273 of [270, 280)
attack: step 1/10, xent loss = 2.15855, l2 loss = 0 (max 14.95), (true 108, predicted [108])
attack: step 2/10, xent loss = 3.11357, l2 loss = 4.71844 (max 14.95), (true 108, predicted [108])
attack: step 3/10, xent loss = 4.05612, l2 loss = 6.81036 (max 14.95), (true 108, predicted [692])
attack: step 4/10, xent loss = 6.39021, l2 loss = 7.95625 (max 14.95), (true 108, predicted [927])
attack: step 5/10, xent loss = 5.9714, l2 loss = 8.41807 (max 14.95), (true 108, predicted [927])
attack: step 6/10, xent loss = 6.36683, l2 loss = 9.04589 (max 14.95), (true 108, predicted [927])
attack: step 7/10, xent loss = 6.75834, l2 loss = 9.59374 (max 14.95), (true 108, predicted [728])
attack: step 8/10, xent loss = 6.90355, l2 loss = 10.0541 (max 14.95), (true 108, predicted [927])
attack: step 9/10, xent loss = 6.51047, l2 loss = 10.3649 (max 14.95), (true 108, predicted [728])
attack: step 10/10, xent loss = 7.68272, l2 loss = 10.8047 (max 14.95), (true 108, predicted [728])
true = 108, adv = 728
evaluating 274 of [270, 280)
attack: step 1/10, xent loss = 3.24825, l2 loss = 0 (max 14.95), (true 585, predicted [838])
attack: step 2/10, xent loss = 3.89697, l2 loss = 2.94687 (max 14.95), (true 585, predicted [470])
attack: step 3/10, xent loss = 5.48948, l2 loss = 4.3701 (max 14.95), (true 585, predicted [747])
attack: step 4/10, xent loss = 5.70265, l2 loss = 5.10401 (max 14.95), (true 585, predicted [747])
attack: step 5/10, xent loss = 5.98464, l2 loss = 6.08722 (max 14.95), (true 585, predicted [747])
attack: step 6/10, xent loss = 6.26161, l2 loss = 6.81141 (max 14.95), (true 585, predicted [747])
attack: step 7/10, xent loss = 9.00452, l2 loss = 8.11133 (max 14.95), (true 585, predicted [747])
attack: step 8/10, xent loss = 9.32082, l2 loss = 9.72106 (max 14.95), (true 585, predicted [747])
attack: step 9/10, xent loss = 13.7024, l2 loss = 10.994 (max 14.95), (true 585, predicted [747])
attack: step 10/10, xent loss = 11.723, l2 loss = 12.8918 (max 14.95), (true 585, predicted [747])
true = 585, adv = 747
evaluating 275 of [270, 280)
attack: step 1/10, xent loss = 5.1447, l2 loss = 0 (max 14.95), (true 955, predicted [950])
attack: step 2/10, xent loss = 6.13383, l2 loss = 2.30044 (max 14.95), (true 955, predicted [940])
attack: step 3/10, xent loss = 6.19666, l2 loss = 3.81237 (max 14.95), (true 955, predicted [950])
attack: step 4/10, xent loss = 6.1519, l2 loss = 4.28093 (max 14.95), (true 955, predicted [950])
attack: step 5/10, xent loss = 6.33233, l2 loss = 4.69548 (max 14.95), (true 955, predicted [951])
attack: step 6/10, xent loss = 6.25037, l2 loss = 5.01313 (max 14.95), (true 955, predicted [940])
attack: step 7/10, xent loss = 6.438, l2 loss = 5.39053 (max 14.95), (true 955, predicted [950])
attack: step 8/10, xent loss = 6.92953, l2 loss = 5.69405 (max 14.95), (true 955, predicted [940])
attack: step 9/10, xent loss = 6.98769, l2 loss = 5.94589 (max 14.95), (true 955, predicted [950])
attack: step 10/10, xent loss = 7.0686, l2 loss = 6.16113 (max 14.95), (true 955, predicted [940])
true = 955, adv = 940
evaluating 276 of [270, 280)
attack: step 1/10, xent loss = 0.00037818, l2 loss = 0 (max 14.95), (true 112, predicted [112])
attack: step 2/10, xent loss = 0.00423107, l2 loss = 0.00224781 (max 14.95), (true 112, predicted [112])
attack: step 3/10, xent loss = 0.00194384, l2 loss = 0.0257033 (max 14.95), (true 112, predicted [112])
attack: step 4/10, xent loss = 0.00135163, l2 loss = 0.0293851 (max 14.95), (true 112, predicted [112])
attack: step 5/10, xent loss = 0.000989424, l2 loss = 0.0313133 (max 14.95), (true 112, predicted [112])
attack: step 6/10, xent loss = 0.00298733, l2 loss = 0.0322108 (max 14.95), (true 112, predicted [112])
attack: step 7/10, xent loss = 0.00253487, l2 loss = 0.0386061 (max 14.95), (true 112, predicted [112])
attack: step 8/10, xent loss = 0.00333337, l2 loss = 0.0424669 (max 14.95), (true 112, predicted [112])
attack: step 9/10, xent loss = 0.00139937, l2 loss = 0.0484719 (max 14.95), (true 112, predicted [112])
attack: step 10/10, xent loss = 0.00181593, l2 loss = 0.0499583 (max 14.95), (true 112, predicted [112])
true = 112, adv = 112
evaluating 277 of [270, 280)
attack: step 1/10, xent loss = 4.85247, l2 loss = 0 (max 14.95), (true 721, predicted [558])
attack: step 2/10, xent loss = 6.92399, l2 loss = 4.49725 (max 14.95), (true 721, predicted [558])
attack: step 3/10, xent loss = 7.56822, l2 loss = 5.90194 (max 14.95), (true 721, predicted [558])
attack: step 4/10, xent loss = 7.02394, l2 loss = 7.95081 (max 14.95), (true 721, predicted [794])
attack: step 5/10, xent loss = 10.852, l2 loss = 8.8019 (max 14.95), (true 721, predicted [558])
attack: step 6/10, xent loss = 10.6084, l2 loss = 10.5278 (max 14.95), (true 721, predicted [558])
attack: step 7/10, xent loss = 9.9193, l2 loss = 12.0473 (max 14.95), (true 721, predicted [558])
attack: step 8/10, xent loss = 10.3557, l2 loss = 13.182 (max 14.95), (true 721, predicted [558])
attack: step 9/10, xent loss = 13.6251, l2 loss = 14.1621 (max 14.95), (true 721, predicted [558])
attack: step 10/10, xent loss = 13.7059, l2 loss = 15.8123 (max 14.95), (true 721, predicted [558])
check failed
true = 721, adv = 558
evaluating 278 of [270, 280)
attack: step 1/10, xent loss = 6.62216, l2 loss = 0 (max 14.95), (true 724, predicted [914])
attack: step 2/10, xent loss = 8.40149, l2 loss = 3.73785 (max 14.95), (true 724, predicted [814])
attack: step 3/10, xent loss = 8.61788, l2 loss = 5.51424 (max 14.95), (true 724, predicted [871])
attack: step 4/10, xent loss = 9.16364, l2 loss = 6.71868 (max 14.95), (true 724, predicted [814])
attack: step 5/10, xent loss = 9.15282, l2 loss = 7.64905 (max 14.95), (true 724, predicted [814])
attack: step 6/10, xent loss = 10.9572, l2 loss = 7.96691 (max 14.95), (true 724, predicted [814])
attack: step 7/10, xent loss = 10.4693, l2 loss = 8.61722 (max 14.95), (true 724, predicted [814])
attack: step 8/10, xent loss = 12.3274, l2 loss = 9.35764 (max 14.95), (true 724, predicted [814])
attack: step 9/10, xent loss = 13.4882, l2 loss = 10.0953 (max 14.95), (true 724, predicted [814])
attack: step 10/10, xent loss = 13.4836, l2 loss = 11.0103 (max 14.95), (true 724, predicted [814])
true = 724, adv = 814
evaluating 279 of [270, 280)
attack: step 1/10, xent loss = 2.13101, l2 loss = 0 (max 14.95), (true 182, predicted [182])
attack: step 2/10, xent loss = 4.82927, l2 loss = 3.71247 (max 14.95), (true 182, predicted [234])
attack: step 3/10, xent loss = 5.99872, l2 loss = 5.16091 (max 14.95), (true 182, predicted [219])
attack: step 4/10, xent loss = 8.11354, l2 loss = 6.65666 (max 14.95), (true 182, predicted [214])
attack: step 5/10, xent loss = 9.18524, l2 loss = 7.39158 (max 14.95), (true 182, predicted [214])
attack: step 6/10, xent loss = 9.78225, l2 loss = 8.16758 (max 14.95), (true 182, predicted [214])
attack: step 7/10, xent loss = 10.795, l2 loss = 8.65969 (max 14.95), (true 182, predicted [214])
attack: step 8/10, xent loss = 11.3187, l2 loss = 9.36839 (max 14.95), (true 182, predicted [214])
attack: step 9/10, xent loss = 12.4184, l2 loss = 9.81082 (max 14.95), (true 182, predicted [214])
attack: step 10/10, xent loss = 13.5428, l2 loss = 10.5253 (max 14.95), (true 182, predicted [214])
true = 182, adv = 214
