2019-06-05 08:31:30.411338: I tensorflow/core/platform/cpu_feature_guard.cc:141] Your CPU supports instructions that this TensorFlow binary was not compiled to use: SSE4.1 SSE4.2 AVX AVX2 FMA
2019-06-05 08:31:31.077780: I tensorflow/core/platform/profile_utils/cpu_utils.cc:94] CPU Frequency: 2599720000 Hz
2019-06-05 08:31:31.121770: I tensorflow/compiler/xla/service/service.cc:150] XLA service 0x2aaae6d4a920 executing computations on platform Host. Devices:
2019-06-05 08:31:31.121897: I tensorflow/compiler/xla/service/service.cc:158]   StreamExecutor device (0): <undefined>, <undefined>
2019-06-05 08:31:31.127982: I tensorflow/core/common_runtime/process_util.cc:71] Creating new thread pool with default inter op setting: 2. Tune using inter_op_parallelism_threads for best performance.
evaluating 900 of [900, 910)
attack: step 1/10, xent loss = 4.05907, l2 loss = 0 (max 14.95), (true 257, predicted [208])
attack: step 2/10, xent loss = 7.14764, l2 loss = 4.56492 (max 14.95), (true 257, predicted [162])
attack: step 3/10, xent loss = 6.80643, l2 loss = 5.59865 (max 14.95), (true 257, predicted [797])
attack: step 4/10, xent loss = 10.2101, l2 loss = 6.96759 (max 14.95), (true 257, predicted [797])
attack: step 5/10, xent loss = 9.54172, l2 loss = 8.10731 (max 14.95), (true 257, predicted [797])
attack: step 6/10, xent loss = 11.2849, l2 loss = 9.32738 (max 14.95), (true 257, predicted [797])
attack: step 7/10, xent loss = 12.3182, l2 loss = 10.1093 (max 14.95), (true 257, predicted [797])
attack: step 8/10, xent loss = 12.6288, l2 loss = 11.2728 (max 14.95), (true 257, predicted [797])
attack: step 9/10, xent loss = 13.7642, l2 loss = 12.7288 (max 14.95), (true 257, predicted [797])
attack: step 10/10, xent loss = 14.5381, l2 loss = 13.8942 (max 14.95), (true 257, predicted [797])
true = 257, adv = 797
evaluating 901 of [900, 910)
attack: step 1/10, xent loss = 0.00098609, l2 loss = 0 (max 14.95), (true 575, predicted [575])
attack: step 2/10, xent loss = 0.00304212, l2 loss = 0.00332232 (max 14.95), (true 575, predicted [575])
attack: step 3/10, xent loss = 0.00195979, l2 loss = 0.0116454 (max 14.95), (true 575, predicted [575])
attack: step 4/10, xent loss = 0.00109053, l2 loss = 0.0135844 (max 14.95), (true 575, predicted [575])
attack: step 5/10, xent loss = 0.00164207, l2 loss = 0.0143146 (max 14.95), (true 575, predicted [575])
attack: step 6/10, xent loss = 0.00132437, l2 loss = 0.0160221 (max 14.95), (true 575, predicted [575])
attack: step 7/10, xent loss = 0.00184854, l2 loss = 0.0167934 (max 14.95), (true 575, predicted [575])
attack: step 8/10, xent loss = 0.00407354, l2 loss = 0.0179772 (max 14.95), (true 575, predicted [575])
attack: step 9/10, xent loss = 0.00236291, l2 loss = 0.0226719 (max 14.95), (true 575, predicted [575])
attack: step 10/10, xent loss = 0.00112697, l2 loss = 0.0247138 (max 14.95), (true 575, predicted [575])
true = 575, adv = 575
evaluating 902 of [900, 910)
attack: step 1/10, xent loss = 6.77381, l2 loss = 0 (max 14.95), (true 679, predicted [488])
attack: step 2/10, xent loss = 7.40072, l2 loss = 3.7114 (max 14.95), (true 679, predicted [643])
attack: step 3/10, xent loss = 9.33845, l2 loss = 6.3096 (max 14.95), (true 679, predicted [643])
attack: step 4/10, xent loss = 8.54405, l2 loss = 7.36316 (max 14.95), (true 679, predicted [643])
attack: step 5/10, xent loss = 11.0326, l2 loss = 8.19235 (max 14.95), (true 679, predicted [643])
attack: step 6/10, xent loss = 11.3476, l2 loss = 9.55913 (max 14.95), (true 679, predicted [643])
attack: step 7/10, xent loss = 12.9051, l2 loss = 10.5823 (max 14.95), (true 679, predicted [643])
attack: step 8/10, xent loss = 11.471, l2 loss = 12.2476 (max 14.95), (true 679, predicted [643])
attack: step 9/10, xent loss = 14.0459, l2 loss = 13.2611 (max 14.95), (true 679, predicted [643])
attack: step 10/10, xent loss = 13.919, l2 loss = 14.2631 (max 14.95), (true 679, predicted [643])
check failed
true = 679, adv = 643
evaluating 903 of [900, 910)
attack: step 1/10, xent loss = 3.37169, l2 loss = 0 (max 14.95), (true 826, predicted [531])
attack: step 2/10, xent loss = 3.96295, l2 loss = 2.50784 (max 14.95), (true 826, predicted [531])
attack: step 3/10, xent loss = 4.21382, l2 loss = 3.56402 (max 14.95), (true 826, predicted [531])
attack: step 4/10, xent loss = 4.63963, l2 loss = 4.06493 (max 14.95), (true 826, predicted [531])
attack: step 5/10, xent loss = 4.81474, l2 loss = 4.59958 (max 14.95), (true 826, predicted [531])
attack: step 6/10, xent loss = 5.67888, l2 loss = 5.17224 (max 14.95), (true 826, predicted [531])
attack: step 7/10, xent loss = 5.62398, l2 loss = 5.57184 (max 14.95), (true 826, predicted [531])
attack: step 8/10, xent loss = 5.28957, l2 loss = 6.07457 (max 14.95), (true 826, predicted [531])
attack: step 9/10, xent loss = 7.10181, l2 loss = 6.65353 (max 14.95), (true 826, predicted [531])
attack: step 10/10, xent loss = 7.08104, l2 loss = 7.24255 (max 14.95), (true 826, predicted [920])
true = 826, adv = 920
evaluating 904 of [900, 910)
attack: step 1/10, xent loss = 2.28835, l2 loss = 0 (max 14.95), (true 973, predicted [1])
attack: step 2/10, xent loss = 0.881537, l2 loss = 3.17908 (max 14.95), (true 973, predicted [973])
attack: step 3/10, xent loss = 1.8859, l2 loss = 3.87045 (max 14.95), (true 973, predicted [973])
attack: step 4/10, xent loss = 3.60662, l2 loss = 5.05977 (max 14.95), (true 973, predicted [599])
attack: step 5/10, xent loss = 3.67041, l2 loss = 6.18632 (max 14.95), (true 973, predicted [1])
attack: step 6/10, xent loss = 3.70051, l2 loss = 6.91695 (max 14.95), (true 973, predicted [728])
attack: step 7/10, xent loss = 5.92565, l2 loss = 7.86797 (max 14.95), (true 973, predicted [728])
attack: step 8/10, xent loss = 9.83404, l2 loss = 9.23188 (max 14.95), (true 973, predicted [728])
attack: step 9/10, xent loss = 10.0724, l2 loss = 11.9325 (max 14.95), (true 973, predicted [728])
attack: step 10/10, xent loss = 11.9015, l2 loss = 13.8283 (max 14.95), (true 973, predicted [728])
check failed
true = 973, adv = 728
evaluating 905 of [900, 910)
attack: step 1/10, xent loss = 4.85772, l2 loss = 0 (max 14.95), (true 931, predicted [941])
attack: step 2/10, xent loss = 8.42208, l2 loss = 6.45936 (max 14.95), (true 931, predicted [470])
attack: step 3/10, xent loss = 8.88869, l2 loss = 7.39792 (max 14.95), (true 931, predicted [941])
attack: step 4/10, xent loss = 13.2936, l2 loss = 8.65117 (max 14.95), (true 931, predicted [941])
attack: step 5/10, xent loss = 14.5373, l2 loss = 11.01 (max 14.95), (true 931, predicted [941])
attack: step 6/10, xent loss = 17.3377, l2 loss = 12.3468 (max 14.95), (true 931, predicted [941])
attack: step 7/10, xent loss = 19.1376, l2 loss = 13.781 (max 14.95), (true 931, predicted [941])
attack: step 8/10, xent loss = 18.8361, l2 loss = 15.0245 (max 14.95), (true 931, predicted [941])
attack: step 9/10, xent loss = 21.1959, l2 loss = 16.1588 (max 14.95), (true 931, predicted [941])
attack: step 10/10, xent loss = 22.7772, l2 loss = 18.1214 (max 14.95), (true 931, predicted [941])
check failed
true = 931, adv = 941
evaluating 906 of [900, 910)
attack: step 1/10, xent loss = 0.988832, l2 loss = 0 (max 14.95), (true 172, predicted [172])
attack: step 2/10, xent loss = 2.57834, l2 loss = 1.56246 (max 14.95), (true 172, predicted [176])
attack: step 3/10, xent loss = 2.48944, l2 loss = 3.52888 (max 14.95), (true 172, predicted [176])
attack: step 4/10, xent loss = 3.40635, l2 loss = 5.01121 (max 14.95), (true 172, predicted [176])
attack: step 5/10, xent loss = 4.30539, l2 loss = 6.09266 (max 14.95), (true 172, predicted [176])
attack: step 6/10, xent loss = 6.95115, l2 loss = 7.34316 (max 14.95), (true 172, predicted [176])
attack: step 7/10, xent loss = 6.88456, l2 loss = 8.4668 (max 14.95), (true 172, predicted [176])
attack: step 8/10, xent loss = 7.63912, l2 loss = 9.13495 (max 14.95), (true 172, predicted [176])
attack: step 9/10, xent loss = 8.24559, l2 loss = 10.0854 (max 14.95), (true 172, predicted [176])
attack: step 10/10, xent loss = 8.16739, l2 loss = 10.7456 (max 14.95), (true 172, predicted [176])
true = 172, adv = 176
evaluating 907 of [900, 910)
attack: step 1/10, xent loss = 1.77657, l2 loss = 0 (max 14.95), (true 374, predicted [374])
attack: step 2/10, xent loss = 9.63309, l2 loss = 9.90725 (max 14.95), (true 374, predicted [728])
attack: step 3/10, xent loss = 10.7665, l2 loss = 10.9915 (max 14.95), (true 374, predicted [728])
attack: step 4/10, xent loss = 13.4288, l2 loss = 12.4686 (max 14.95), (true 374, predicted [728])
attack: step 5/10, xent loss = 14.4196, l2 loss = 14.4872 (max 14.95), (true 374, predicted [728])
attack: step 6/10, xent loss = 23.024, l2 loss = 16.7477 (max 14.95), (true 374, predicted [728])
attack: step 7/10, xent loss = 25.6967, l2 loss = 19.9268 (max 14.95), (true 374, predicted [728])
attack: step 8/10, xent loss = 28.4121, l2 loss = 22.259 (max 14.95), (true 374, predicted [728])
attack: step 9/10, xent loss = 26.2204, l2 loss = 24.6613 (max 14.95), (true 374, predicted [728])
attack: step 10/10, xent loss = 27.1677, l2 loss = 27.3336 (max 14.95), (true 374, predicted [728])
check failed
true = 374, adv = 728
evaluating 908 of [900, 910)
attack: step 1/10, xent loss = 0.0656819, l2 loss = 0 (max 14.95), (true 351, predicted [351])
attack: step 2/10, xent loss = 0.0823657, l2 loss = 0.105536 (max 14.95), (true 351, predicted [351])
attack: step 3/10, xent loss = 0.0928313, l2 loss = 0.174045 (max 14.95), (true 351, predicted [351])
attack: step 4/10, xent loss = 0.0705945, l2 loss = 0.22288 (max 14.95), (true 351, predicted [351])
attack: step 5/10, xent loss = 0.0607506, l2 loss = 0.248713 (max 14.95), (true 351, predicted [351])
attack: step 6/10, xent loss = 0.0736924, l2 loss = 0.270183 (max 14.95), (true 351, predicted [351])
attack: step 7/10, xent loss = 0.0697589, l2 loss = 0.307842 (max 14.95), (true 351, predicted [351])
attack: step 8/10, xent loss = 0.0948541, l2 loss = 0.335162 (max 14.95), (true 351, predicted [351])
attack: step 9/10, xent loss = 0.0940136, l2 loss = 0.368075 (max 14.95), (true 351, predicted [351])
attack: step 10/10, xent loss = 0.0794264, l2 loss = 0.406281 (max 14.95), (true 351, predicted [351])
true = 351, adv = 351
evaluating 909 of [900, 910)
attack: step 1/10, xent loss = 0.114844, l2 loss = 0 (max 14.95), (true 908, predicted [908])
attack: step 2/10, xent loss = 0.131096, l2 loss = 0.490114 (max 14.95), (true 908, predicted [908])
attack: step 3/10, xent loss = 0.131263, l2 loss = 0.641757 (max 14.95), (true 908, predicted [908])
attack: step 4/10, xent loss = 0.2911, l2 loss = 0.899527 (max 14.95), (true 908, predicted [908])
attack: step 5/10, xent loss = 0.23103, l2 loss = 1.26264 (max 14.95), (true 908, predicted [908])
attack: step 6/10, xent loss = 0.370187, l2 loss = 1.51485 (max 14.95), (true 908, predicted [908])
attack: step 7/10, xent loss = 0.46314, l2 loss = 1.91071 (max 14.95), (true 908, predicted [908])
attack: step 8/10, xent loss = 0.417722, l2 loss = 2.37787 (max 14.95), (true 908, predicted [908])
attack: step 9/10, xent loss = 1.00417, l2 loss = 2.7518 (max 14.95), (true 908, predicted [908])
attack: step 10/10, xent loss = 1.53287, l2 loss = 3.71507 (max 14.95), (true 908, predicted [908])
true = 908, adv = 908
