2019-06-29 14:40:11.793202: I tensorflow/core/platform/cpu_feature_guard.cc:141] Your CPU supports instructions that this TensorFlow binary was not compiled to use: SSE4.1 SSE4.2 AVX AVX2 FMA
2019-06-29 14:40:12.538114: I tensorflow/core/platform/profile_utils/cpu_utils.cc:94] CPU Frequency: 2600070000 Hz
2019-06-29 14:40:12.543630: I tensorflow/compiler/xla/service/service.cc:150] XLA service 0x2aaae6e4a110 executing computations on platform Host. Devices:
2019-06-29 14:40:12.543665: I tensorflow/compiler/xla/service/service.cc:158]   StreamExecutor device (0): <undefined>, <undefined>
2019-06-29 14:40:12.544945: I tensorflow/core/common_runtime/process_util.cc:71] Creating new thread pool with default inter op setting: 2. Tune using inter_op_parallelism_threads for best performance.
evaluating 30 of [30, 40)
attack: step 1/10, xent loss = 8.31014, l2 loss = 14.9297 (max 14.95), (true 978, predicted [866])
attack: step 2/10, xent loss = 8.6262, l2 loss = 15.6787 (max 14.95), (true 978, predicted [256])
attack: step 3/10, xent loss = 9.35728, l2 loss = 16.4968 (max 14.95), (true 978, predicted [217])
attack: step 4/10, xent loss = 9.57273, l2 loss = 18.1665 (max 14.95), (true 978, predicted [256])
attack: step 5/10, xent loss = 10.7249, l2 loss = 19.0865 (max 14.95), (true 978, predicted [256])
attack: step 6/10, xent loss = 8.31922, l2 loss = 19.4321 (max 14.95), (true 978, predicted [858])
attack: step 7/10, xent loss = 9.0192, l2 loss = 20.161 (max 14.95), (true 978, predicted [667])
attack: step 8/10, xent loss = 11.3454, l2 loss = 21.0343 (max 14.95), (true 978, predicted [217])
attack: step 9/10, xent loss = 10.264, l2 loss = 23.3436 (max 14.95), (true 978, predicted [160])
attack: step 10/10, xent loss = 10.9692, l2 loss = 23.9783 (max 14.95), (true 978, predicted [217])
check failed
true = 978, adv = 858
evaluating 31 of [30, 40)
attack: step 1/10, xent loss = 17.1047, l2 loss = 26.356 (max 14.95), (true 784, predicted [450])
attack: step 2/10, xent loss = 14.504, l2 loss = 27.3131 (max 14.95), (true 784, predicted [450])
attack: step 3/10, xent loss = 15.84, l2 loss = 28.5 (max 14.95), (true 784, predicted [450])
attack: step 4/10, xent loss = 17.6978, l2 loss = 29.3037 (max 14.95), (true 784, predicted [450])
attack: step 5/10, xent loss = 17.4053, l2 loss = 29.9933 (max 14.95), (true 784, predicted [450])
attack: step 6/10, xent loss = 17.9805, l2 loss = 30.4372 (max 14.95), (true 784, predicted [450])
attack: step 7/10, xent loss = 14.5753, l2 loss = 31.6058 (max 14.95), (true 784, predicted [450])
attack: step 8/10, xent loss = 18.1268, l2 loss = 32.8309 (max 14.95), (true 784, predicted [450])
attack: step 9/10, xent loss = 19.3782, l2 loss = 33.5715 (max 14.95), (true 784, predicted [450])
attack: step 10/10, xent loss = 18.2216, l2 loss = 34.2319 (max 14.95), (true 784, predicted [450])
check failed
true = 784, adv = 450
evaluating 32 of [30, 40)
attack: step 1/10, xent loss = 10.0233, l2 loss = 17.7982 (max 14.95), (true 819, predicted [879])
attack: step 2/10, xent loss = 11.2536, l2 loss = 18.866 (max 14.95), (true 819, predicted [879])
attack: step 3/10, xent loss = 11.0361, l2 loss = 19.8944 (max 14.95), (true 819, predicted [672])
attack: step 4/10, xent loss = 11.4617, l2 loss = 20.6197 (max 14.95), (true 819, predicted [879])
attack: step 5/10, xent loss = 11.5676, l2 loss = 21.4882 (max 14.95), (true 819, predicted [879])
attack: step 6/10, xent loss = 13.9262, l2 loss = 22.7388 (max 14.95), (true 819, predicted [879])
attack: step 7/10, xent loss = 14.1895, l2 loss = 24.6175 (max 14.95), (true 819, predicted [879])
attack: step 8/10, xent loss = 15.4195, l2 loss = 26.2605 (max 14.95), (true 819, predicted [879])
attack: step 9/10, xent loss = 14.2548, l2 loss = 27.9898 (max 14.95), (true 819, predicted [879])
attack: step 10/10, xent loss = 12.4732, l2 loss = 28.9366 (max 14.95), (true 819, predicted [879])
check failed
true = 819, adv = 879
evaluating 33 of [30, 40)
attack: step 1/10, xent loss = 4.36249, l2 loss = 13.8298 (max 14.95), (true 644, predicted [872])
attack: step 2/10, xent loss = 4.43434, l2 loss = 15.0323 (max 14.95), (true 644, predicted [872])
attack: step 3/10, xent loss = 4.19967, l2 loss = 16.3148 (max 14.95), (true 644, predicted [872])
attack: step 4/10, xent loss = 3.15577, l2 loss = 16.9939 (max 14.95), (true 644, predicted [872])
attack: step 5/10, xent loss = 4.71701, l2 loss = 18.0288 (max 14.95), (true 644, predicted [872])
attack: step 6/10, xent loss = 4.81937, l2 loss = 19.315 (max 14.95), (true 644, predicted [872])
attack: step 7/10, xent loss = 6.51324, l2 loss = 20.5462 (max 14.95), (true 644, predicted [872])
attack: step 8/10, xent loss = 6.36043, l2 loss = 20.8962 (max 14.95), (true 644, predicted [872])
attack: step 9/10, xent loss = 6.32213, l2 loss = 21.4686 (max 14.95), (true 644, predicted [872])
attack: step 10/10, xent loss = 5.778, l2 loss = 22.3387 (max 14.95), (true 644, predicted [872])
check failed
true = 644, adv = 872
evaluating 34 of [30, 40)
attack: step 1/10, xent loss = 8.63522, l2 loss = 17.7849 (max 14.95), (true 757, predicted [478])
attack: step 2/10, xent loss = 9.4069, l2 loss = 18.1835 (max 14.95), (true 757, predicted [478])
attack: step 3/10, xent loss = 10.2735, l2 loss = 19.1606 (max 14.95), (true 757, predicted [478])
attack: step 4/10, xent loss = 14.0297, l2 loss = 20.2067 (max 14.95), (true 757, predicted [478])
attack: step 5/10, xent loss = 11.8288, l2 loss = 21.475 (max 14.95), (true 757, predicted [478])
attack: step 6/10, xent loss = 11.8098, l2 loss = 22.3946 (max 14.95), (true 757, predicted [478])
attack: step 7/10, xent loss = 11.1213, l2 loss = 23.4889 (max 14.95), (true 757, predicted [478])
attack: step 8/10, xent loss = 14.9007, l2 loss = 24.5037 (max 14.95), (true 757, predicted [478])
attack: step 9/10, xent loss = 14.0197, l2 loss = 25.5402 (max 14.95), (true 757, predicted [478])
attack: step 10/10, xent loss = 13.0542, l2 loss = 26.5661 (max 14.95), (true 757, predicted [478])
check failed
true = 757, adv = 478
evaluating 35 of [30, 40)
attack: step 1/10, xent loss = 8.80873, l2 loss = 15.3096 (max 14.95), (true 173, predicted [557])
attack: step 2/10, xent loss = 7.96074, l2 loss = 16.675 (max 14.95), (true 173, predicted [557])
attack: step 3/10, xent loss = 10.541, l2 loss = 17.1066 (max 14.95), (true 173, predicted [557])
attack: step 4/10, xent loss = 8.65783, l2 loss = 17.8178 (max 14.95), (true 173, predicted [557])
attack: step 5/10, xent loss = 10.3829, l2 loss = 18.0947 (max 14.95), (true 173, predicted [557])
attack: step 6/10, xent loss = 9.99112, l2 loss = 18.8346 (max 14.95), (true 173, predicted [557])
attack: step 7/10, xent loss = 10.3914, l2 loss = 19.3898 (max 14.95), (true 173, predicted [557])
attack: step 8/10, xent loss = 10.6096, l2 loss = 20.0745 (max 14.95), (true 173, predicted [557])
attack: step 9/10, xent loss = 10.1059, l2 loss = 20.6156 (max 14.95), (true 173, predicted [557])
attack: step 10/10, xent loss = 11.7502, l2 loss = 21.3055 (max 14.95), (true 173, predicted [557])
check failed
true = 173, adv = 557
evaluating 36 of [30, 40)
attack: step 1/10, xent loss = 5.86315, l2 loss = 10.1844 (max 14.95), (true 81, predicted [91])
attack: step 2/10, xent loss = 6.93237, l2 loss = 10.8143 (max 14.95), (true 81, predicted [999])
attack: step 3/10, xent loss = 6.72287, l2 loss = 12.0116 (max 14.95), (true 81, predicted [17])
attack: step 4/10, xent loss = 7.13897, l2 loss = 12.4937 (max 14.95), (true 81, predicted [728])
attack: step 5/10, xent loss = 7.68712, l2 loss = 12.8312 (max 14.95), (true 81, predicted [999])
attack: step 6/10, xent loss = 4.91002, l2 loss = 15.369 (max 14.95), (true 81, predicted [999])
attack: step 7/10, xent loss = 8.54793, l2 loss = 17.4006 (max 14.95), (true 81, predicted [728])
attack: step 8/10, xent loss = 11.2677, l2 loss = 17.5903 (max 14.95), (true 81, predicted [999])
attack: step 9/10, xent loss = 8.20065, l2 loss = 19.1818 (max 14.95), (true 81, predicted [728])
attack: step 10/10, xent loss = 9.15397, l2 loss = 19.4426 (max 14.95), (true 81, predicted [999])
check failed
true = 81, adv = 700
evaluating 37 of [30, 40)
attack: step 1/10, xent loss = 8.73634, l2 loss = 21.5592 (max 14.95), (true 254, predicted [728])
attack: step 2/10, xent loss = 11.1951, l2 loss = 23.2754 (max 14.95), (true 254, predicted [728])
attack: step 3/10, xent loss = 7.95439, l2 loss = 24.2675 (max 14.95), (true 254, predicted [728])
attack: step 4/10, xent loss = 12.1591, l2 loss = 25.2511 (max 14.95), (true 254, predicted [728])
attack: step 5/10, xent loss = 10.8503, l2 loss = 26.0723 (max 14.95), (true 254, predicted [728])
attack: step 6/10, xent loss = 14.0853, l2 loss = 27.1117 (max 14.95), (true 254, predicted [728])
attack: step 7/10, xent loss = 12.6128, l2 loss = 28.1634 (max 14.95), (true 254, predicted [728])
attack: step 8/10, xent loss = 12.1246, l2 loss = 29.0086 (max 14.95), (true 254, predicted [728])
attack: step 9/10, xent loss = 14.0129, l2 loss = 30.156 (max 14.95), (true 254, predicted [728])
attack: step 10/10, xent loss = 13.9892, l2 loss = 31.0464 (max 14.95), (true 254, predicted [728])
check failed
true = 254, adv = 728
evaluating 38 of [30, 40)
attack: step 1/10, xent loss = 23.9911, l2 loss = 25.1217 (max 14.95), (true 37, predicted [728])
attack: step 2/10, xent loss = 22.5513, l2 loss = 26.8361 (max 14.95), (true 37, predicted [728])
attack: step 3/10, xent loss = 23.7584, l2 loss = 28.4601 (max 14.95), (true 37, predicted [728])
attack: step 4/10, xent loss = 27.326, l2 loss = 29.9736 (max 14.95), (true 37, predicted [728])
attack: step 5/10, xent loss = 28.8361, l2 loss = 31.4024 (max 14.95), (true 37, predicted [728])
attack: step 6/10, xent loss = 25.852, l2 loss = 32.7782 (max 14.95), (true 37, predicted [728])
attack: step 7/10, xent loss = 26.7602, l2 loss = 34.0464 (max 14.95), (true 37, predicted [728])
attack: step 8/10, xent loss = 28.075, l2 loss = 35.3072 (max 14.95), (true 37, predicted [728])
attack: step 9/10, xent loss = 26.6714, l2 loss = 36.4423 (max 14.95), (true 37, predicted [728])
attack: step 10/10, xent loss = 30.4562, l2 loss = 37.5499 (max 14.95), (true 37, predicted [728])
check failed
true = 37, adv = 728
evaluating 39 of [30, 40)
attack: step 1/10, xent loss = 2.11296, l2 loss = 7.22411 (max 14.95), (true 840, predicted [462])
attack: step 2/10, xent loss = 1.83805, l2 loss = 7.93939 (max 14.95), (true 840, predicted [462])
attack: step 3/10, xent loss = 1.89228, l2 loss = 8.45682 (max 14.95), (true 840, predicted [462])
attack: step 4/10, xent loss = 2.44283, l2 loss = 8.99472 (max 14.95), (true 840, predicted [462])
attack: step 5/10, xent loss = 3.057, l2 loss = 9.5379 (max 14.95), (true 840, predicted [462])
attack: step 6/10, xent loss = 3.5492, l2 loss = 10.332 (max 14.95), (true 840, predicted [462])
attack: step 7/10, xent loss = 4.15752, l2 loss = 11.0315 (max 14.95), (true 840, predicted [462])
attack: step 8/10, xent loss = 3.06704, l2 loss = 11.9829 (max 14.95), (true 840, predicted [462])
attack: step 9/10, xent loss = 4.57425, l2 loss = 12.6957 (max 14.95), (true 840, predicted [462])
attack: step 10/10, xent loss = 4.75867, l2 loss = 13.8541 (max 14.95), (true 840, predicted [462])
true = 840, adv = 462
