2019-05-24 20:57:10.150688: I tensorflow/core/platform/cpu_feature_guard.cc:141] Your CPU supports instructions that this TensorFlow binary was not compiled to use: SSE4.1 SSE4.2 AVX AVX2 FMA
2019-05-24 20:57:11.613632: I tensorflow/core/platform/profile_utils/cpu_utils.cc:94] CPU Frequency: 2599905000 Hz
2019-05-24 20:57:11.678071: I tensorflow/compiler/xla/service/service.cc:150] XLA service 0x2aaae6d49b60 executing computations on platform Host. Devices:
2019-05-24 20:57:11.680626: I tensorflow/compiler/xla/service/service.cc:158]   StreamExecutor device (0): <undefined>, <undefined>
2019-05-24 20:57:11.681829: I tensorflow/core/common_runtime/process_util.cc:71] Creating new thread pool with default inter op setting: 2. Tune using inter_op_parallelism_threads for best performance.
evaluating 260 of [260, 270)
attack: step 1/10, xent loss = 5.05414, l2 loss = 0 (max 14.95), (true 322, predicted [728])
attack: step 2/10, xent loss = 6.02284, l2 loss = 8.23434 (max 14.95), (true 322, predicted [728])
attack: step 3/10, xent loss = 10.2471, l2 loss = 15.07 (max 14.95), (true 322, predicted [728])
attack: step 4/10, xent loss = 7.53324, l2 loss = 21.5027 (max 14.95), (true 322, predicted [728])
attack: step 5/10, xent loss = 15.1483, l2 loss = 23.8448 (max 14.95), (true 322, predicted [728])
attack: step 6/10, xent loss = 18.0395, l2 loss = 26.2015 (max 14.95), (true 322, predicted [728])
attack: step 7/10, xent loss = 13.7047, l2 loss = 28.5224 (max 14.95), (true 322, predicted [728])
attack: step 8/10, xent loss = 15.8751, l2 loss = 30.6865 (max 14.95), (true 322, predicted [728])
attack: step 9/10, xent loss = 16.2976, l2 loss = 32.0657 (max 14.95), (true 322, predicted [728])
attack: step 10/10, xent loss = 21.652, l2 loss = 34.0322 (max 14.95), (true 322, predicted [728])
check failed
true = 322, adv = 728
evaluating 261 of [260, 270)
attack: step 1/10, xent loss = 0.0169154, l2 loss = 0 (max 14.95), (true 462, predicted [462])
attack: step 2/10, xent loss = 0.241772, l2 loss = 0.103452 (max 14.95), (true 462, predicted [462])
attack: step 3/10, xent loss = 0.0421882, l2 loss = 1.42802 (max 14.95), (true 462, predicted [462])
attack: step 4/10, xent loss = 0.0552366, l2 loss = 1.48684 (max 14.95), (true 462, predicted [462])
attack: step 5/10, xent loss = 0.0397697, l2 loss = 1.56009 (max 14.95), (true 462, predicted [462])
attack: step 6/10, xent loss = 0.0442909, l2 loss = 1.58503 (max 14.95), (true 462, predicted [462])
attack: step 7/10, xent loss = 0.00857505, l2 loss = 1.62409 (max 14.95), (true 462, predicted [462])
attack: step 8/10, xent loss = 0.0967118, l2 loss = 1.62626 (max 14.95), (true 462, predicted [462])
attack: step 9/10, xent loss = 0.0174324, l2 loss = 1.84566 (max 14.95), (true 462, predicted [462])
attack: step 10/10, xent loss = 1.23904, l2 loss = 1.86228 (max 14.95), (true 462, predicted [792])
true = 462, adv = 792
evaluating 262 of [260, 270)
attack: step 1/10, xent loss = 4.28215, l2 loss = 0 (max 14.95), (true 151, predicted [793])
attack: step 2/10, xent loss = 8.24098, l2 loss = 8.68055 (max 14.95), (true 151, predicted [793])
attack: step 3/10, xent loss = 13.4811, l2 loss = 13.9254 (max 14.95), (true 151, predicted [728])
attack: step 4/10, xent loss = 12.5665, l2 loss = 16.5407 (max 14.95), (true 151, predicted [728])
attack: step 5/10, xent loss = 13.0593, l2 loss = 18.0834 (max 14.95), (true 151, predicted [728])
attack: step 6/10, xent loss = 18.1045, l2 loss = 21.8558 (max 14.95), (true 151, predicted [728])
attack: step 7/10, xent loss = 18.7531, l2 loss = 23.8373 (max 14.95), (true 151, predicted [728])
attack: step 8/10, xent loss = 20.3209, l2 loss = 25.1846 (max 14.95), (true 151, predicted [728])
attack: step 9/10, xent loss = 21.8867, l2 loss = 26.9339 (max 14.95), (true 151, predicted [728])
attack: step 10/10, xent loss = 24.9361, l2 loss = 28.1957 (max 14.95), (true 151, predicted [728])
check failed
true = 151, adv = 728
evaluating 263 of [260, 270)
attack: step 1/10, xent loss = 1.63521, l2 loss = 0 (max 14.95), (true 207, predicted [208])
attack: step 2/10, xent loss = 2.72429, l2 loss = 2.13506 (max 14.95), (true 207, predicted [208])
attack: step 3/10, xent loss = 2.71768, l2 loss = 3.35784 (max 14.95), (true 207, predicted [176])
attack: step 4/10, xent loss = 3.37462, l2 loss = 4.9293 (max 14.95), (true 207, predicted [208])
attack: step 5/10, xent loss = 2.45178, l2 loss = 5.31046 (max 14.95), (true 207, predicted [208])
attack: step 6/10, xent loss = 2.782, l2 loss = 5.73983 (max 14.95), (true 207, predicted [208])
attack: step 7/10, xent loss = 3.16385, l2 loss = 6.30642 (max 14.95), (true 207, predicted [208])
attack: step 8/10, xent loss = 2.36817, l2 loss = 6.88045 (max 14.95), (true 207, predicted [208])
attack: step 9/10, xent loss = 4.56766, l2 loss = 7.49712 (max 14.95), (true 207, predicted [167])
attack: step 10/10, xent loss = 4.70299, l2 loss = 7.91627 (max 14.95), (true 207, predicted [167])
true = 207, adv = 208
evaluating 264 of [260, 270)
attack: step 1/10, xent loss = 3.44153, l2 loss = 0 (max 14.95), (true 403, predicted [970])
attack: step 2/10, xent loss = 5.54221, l2 loss = 11.9153 (max 14.95), (true 403, predicted [976])
attack: step 3/10, xent loss = 8.45052, l2 loss = 13.4028 (max 14.95), (true 403, predicted [970])
attack: step 4/10, xent loss = 9.81972, l2 loss = 14.3215 (max 14.95), (true 403, predicted [970])
attack: step 5/10, xent loss = 12.1584, l2 loss = 15.6069 (max 14.95), (true 403, predicted [970])
attack: step 6/10, xent loss = 10.0116, l2 loss = 16.9131 (max 14.95), (true 403, predicted [218])
attack: step 7/10, xent loss = 10.8168, l2 loss = 17.7552 (max 14.95), (true 403, predicted [970])
attack: step 8/10, xent loss = 9.59135, l2 loss = 19.1883 (max 14.95), (true 403, predicted [970])
attack: step 9/10, xent loss = 9.56621, l2 loss = 20.0808 (max 14.95), (true 403, predicted [970])
attack: step 10/10, xent loss = 8.76186, l2 loss = 20.9687 (max 14.95), (true 403, predicted [970])
check failed
true = 403, adv = 970
evaluating 265 of [260, 270)
attack: step 1/10, xent loss = 8.49112, l2 loss = 0 (max 14.95), (true 344, predicted [728])
attack: step 2/10, xent loss = 12.1984, l2 loss = 9.99578 (max 14.95), (true 344, predicted [728])
attack: step 3/10, xent loss = 15.2972, l2 loss = 14.1974 (max 14.95), (true 344, predicted [728])
attack: step 4/10, xent loss = 16.3097, l2 loss = 19.2542 (max 14.95), (true 344, predicted [728])
attack: step 5/10, xent loss = 15.5087, l2 loss = 21.6219 (max 14.95), (true 344, predicted [728])
attack: step 6/10, xent loss = 19.8973, l2 loss = 24.762 (max 14.95), (true 344, predicted [728])
attack: step 7/10, xent loss = 19.2287, l2 loss = 27.0214 (max 14.95), (true 344, predicted [728])
attack: step 8/10, xent loss = 20.9476, l2 loss = 29.7853 (max 14.95), (true 344, predicted [728])
attack: step 9/10, xent loss = 24.7398, l2 loss = 31.6393 (max 14.95), (true 344, predicted [728])
attack: step 10/10, xent loss = 25.9453, l2 loss = 33.1724 (max 14.95), (true 344, predicted [728])
check failed
true = 344, adv = 728
evaluating 266 of [260, 270)
attack: step 1/10, xent loss = 9.15159, l2 loss = 0 (max 14.95), (true 353, predicted [1])
attack: step 2/10, xent loss = 11.5395, l2 loss = 6.48373 (max 14.95), (true 353, predicted [1])
attack: step 3/10, xent loss = 10.171, l2 loss = 9.69011 (max 14.95), (true 353, predicted [1])
attack: step 4/10, xent loss = 11.7645, l2 loss = 11.5591 (max 14.95), (true 353, predicted [1])
attack: step 5/10, xent loss = 15.9729, l2 loss = 13.2833 (max 14.95), (true 353, predicted [1])
attack: step 6/10, xent loss = 19.2669, l2 loss = 15.554 (max 14.95), (true 353, predicted [1])
attack: step 7/10, xent loss = 18.7746, l2 loss = 16.8198 (max 14.95), (true 353, predicted [1])
attack: step 8/10, xent loss = 18.5232, l2 loss = 18.0696 (max 14.95), (true 353, predicted [1])
attack: step 9/10, xent loss = 20.1589, l2 loss = 19.5581 (max 14.95), (true 353, predicted [1])
attack: step 10/10, xent loss = 17.127, l2 loss = 20.8566 (max 14.95), (true 353, predicted [1])
check failed
true = 353, adv = 1
evaluating 267 of [260, 270)
attack: step 1/10, xent loss = 0.0895293, l2 loss = 0 (max 14.95), (true 323, predicted [323])
attack: step 2/10, xent loss = 0.0599722, l2 loss = 0.100932 (max 14.95), (true 323, predicted [323])
attack: step 3/10, xent loss = 0.153115, l2 loss = 0.110207 (max 14.95), (true 323, predicted [323])
attack: step 4/10, xent loss = 0.129753, l2 loss = 0.207851 (max 14.95), (true 323, predicted [323])
attack: step 5/10, xent loss = 0.152057, l2 loss = 0.249563 (max 14.95), (true 323, predicted [323])
attack: step 6/10, xent loss = 0.069559, l2 loss = 0.31727 (max 14.95), (true 323, predicted [323])
attack: step 7/10, xent loss = 0.148703, l2 loss = 0.325187 (max 14.95), (true 323, predicted [323])
attack: step 8/10, xent loss = 0.106704, l2 loss = 0.363397 (max 14.95), (true 323, predicted [323])
attack: step 9/10, xent loss = 0.0793507, l2 loss = 0.384851 (max 14.95), (true 323, predicted [323])
attack: step 10/10, xent loss = 0.101117, l2 loss = 0.395691 (max 14.95), (true 323, predicted [323])
true = 323, adv = 323
evaluating 268 of [260, 270)
attack: step 1/10, xent loss = 3.43421, l2 loss = 0 (max 14.95), (true 883, predicted [738])
attack: step 2/10, xent loss = 3.99646, l2 loss = 4.21561 (max 14.95), (true 883, predicted [738])
attack: step 3/10, xent loss = 4.88042, l2 loss = 5.97426 (max 14.95), (true 883, predicted [728])
attack: step 4/10, xent loss = 5.18896, l2 loss = 7.41175 (max 14.95), (true 883, predicted [950])
attack: step 5/10, xent loss = 5.23735, l2 loss = 8.4048 (max 14.95), (true 883, predicted [738])
attack: step 6/10, xent loss = 5.00587, l2 loss = 9.52094 (max 14.95), (true 883, predicted [728])
attack: step 7/10, xent loss = 5.91046, l2 loss = 10.4724 (max 14.95), (true 883, predicted [852])
attack: step 8/10, xent loss = 6.05976, l2 loss = 11.2245 (max 14.95), (true 883, predicted [723])
attack: step 9/10, xent loss = 6.47059, l2 loss = 11.8126 (max 14.95), (true 883, predicted [879])
attack: step 10/10, xent loss = 7.49531, l2 loss = 12.5269 (max 14.95), (true 883, predicted [728])
true = 883, adv = 417
evaluating 269 of [260, 270)
attack: step 1/10, xent loss = 0.0483351, l2 loss = 0 (max 14.95), (true 796, predicted [796])
attack: step 2/10, xent loss = 0.0446753, l2 loss = 0.175911 (max 14.95), (true 796, predicted [796])
attack: step 3/10, xent loss = 0.0377643, l2 loss = 0.249456 (max 14.95), (true 796, predicted [796])
attack: step 4/10, xent loss = 0.0850913, l2 loss = 0.275089 (max 14.95), (true 796, predicted [796])
attack: step 5/10, xent loss = 0.0439004, l2 loss = 0.419448 (max 14.95), (true 796, predicted [796])
attack: step 6/10, xent loss = 0.0516348, l2 loss = 0.443547 (max 14.95), (true 796, predicted [796])
attack: step 7/10, xent loss = 0.0510497, l2 loss = 0.473438 (max 14.95), (true 796, predicted [796])
attack: step 8/10, xent loss = 0.027011, l2 loss = 0.515455 (max 14.95), (true 796, predicted [796])
attack: step 9/10, xent loss = 0.0380443, l2 loss = 0.524325 (max 14.95), (true 796, predicted [796])
attack: step 10/10, xent loss = 0.048622, l2 loss = 0.540471 (max 14.95), (true 796, predicted [796])
true = 796, adv = 796
