2019-10-25 12:26:15.442584: I tensorflow/core/platform/cpu_feature_guard.cc:141] Your CPU supports instructions that this TensorFlow binary was not compiled to use: SSE4.1 SSE4.2 AVX AVX2 FMA
2019-10-25 12:26:15.593937: I tensorflow/core/platform/profile_utils/cpu_utils.cc:94] CPU Frequency: 2600160000 Hz
2019-10-25 12:26:15.595481: I tensorflow/compiler/xla/service/service.cc:150] XLA service 0x555559030360 executing computations on platform Host. Devices:
2019-10-25 12:26:15.595664: I tensorflow/compiler/xla/service/service.cc:158]   StreamExecutor device (0): <undefined>, <undefined>
2019-10-25 12:26:15.596954: I tensorflow/core/common_runtime/process_util.cc:71] Creating new thread pool with default inter op setting: 2. Tune using inter_op_parallelism_threads for best performance.
evaluating 170 of [170, 180)
attack: step 1/10, xent loss = 34.5503, l2 loss = 34.4867 (max 14.95), (true 958, predicted [397])
unbound attack returning early
check failed
true = 958, adv = 397
evaluating 171 of [170, 180)
attack: step 1/10, xent loss = 24.43, l2 loss = 21.0001 (max 14.95), (true 933, predicted [965])
unbound attack returning early
check failed
true = 933, adv = 965
evaluating 172 of [170, 180)
attack: step 1/10, xent loss = 7.52257, l2 loss = 12.607 (max 14.95), (true 411, predicted [578])
returning early
true = 411, adv = 578
evaluating 173 of [170, 180)
attack: step 1/10, xent loss = 11.886, l2 loss = 18.4946 (max 14.95), (true 188, predicted [190])
unbound attack returning early
check failed
true = 188, adv = 190
evaluating 174 of [170, 180)
attack: step 1/10, xent loss = 7.67046, l2 loss = 14.6408 (max 14.95), (true 489, predicted [716])
returning early
true = 489, adv = 716
evaluating 175 of [170, 180)
attack: step 1/10, xent loss = 16.6446, l2 loss = 15.4704 (max 14.95), (true 361, predicted [222])
unbound attack returning early
check failed
true = 361, adv = 222
evaluating 176 of [170, 180)
attack: step 1/10, xent loss = 17.91, l2 loss = 20.166 (max 14.95), (true 798, predicted [570])
unbound attack returning early
check failed
true = 798, adv = 570
evaluating 177 of [170, 180)
attack: step 1/10, xent loss = 20.8595, l2 loss = 26.1918 (max 14.95), (true 342, predicted [728])
unbound attack returning early
check failed
true = 342, adv = 728
evaluating 178 of [170, 180)
attack: step 1/10, xent loss = 17.8999, l2 loss = 17.4346 (max 14.95), (true 724, predicted [852])
unbound attack returning early
check failed
true = 724, adv = 852
evaluating 179 of [170, 180)
attack: step 1/10, xent loss = 36.1788, l2 loss = 35.6993 (max 14.95), (true 818, predicted [807])
unbound attack returning early
check failed
true = 818, adv = 807
