2019-10-25 21:03:09.656992: I tensorflow/core/platform/cpu_feature_guard.cc:141] Your CPU supports instructions that this TensorFlow binary was not compiled to use: SSE4.1 SSE4.2 AVX AVX2 FMA
2019-10-25 21:03:09.666457: I tensorflow/core/platform/profile_utils/cpu_utils.cc:94] CPU Frequency: 2599755000 Hz
2019-10-25 21:03:09.666671: I tensorflow/compiler/xla/service/service.cc:150] XLA service 0x55555902f200 executing computations on platform Host. Devices:
2019-10-25 21:03:09.666703: I tensorflow/compiler/xla/service/service.cc:158]   StreamExecutor device (0): <undefined>, <undefined>
2019-10-25 21:03:09.667075: I tensorflow/core/common_runtime/process_util.cc:71] Creating new thread pool with default inter op setting: 2. Tune using inter_op_parallelism_threads for best performance.
evaluating 910 of [910, 920)
attack: step 1/10, xent loss = 25.9112, l2 loss = 28.2406 (max 14.95), (true 762, predicted [830])
unbound attack returning early
check failed
true = 762, adv = 830
evaluating 911 of [910, 920)
attack: step 1/10, xent loss = 17.7471, l2 loss = 19.9359 (max 14.95), (true 234, predicted [165])
unbound attack returning early
check failed
true = 234, adv = 165
evaluating 912 of [910, 920)
attack: step 1/10, xent loss = 34.2891, l2 loss = 39.6453 (max 14.95), (true 54, predicted [728])
unbound attack returning early
check failed
true = 54, adv = 728
evaluating 913 of [910, 920)
attack: step 1/10, xent loss = 12.5933, l2 loss = 13.2453 (max 14.95), (true 259, predicted [154])
returning early
true = 259, adv = 154
evaluating 914 of [910, 920)
attack: step 1/10, xent loss = 37.5269, l2 loss = 32.8747 (max 14.95), (true 188, predicted [728])
unbound attack returning early
check failed
true = 188, adv = 728
evaluating 915 of [910, 920)
attack: step 1/10, xent loss = 10.4756, l2 loss = 17.7975 (max 14.95), (true 692, predicted [860])
unbound attack returning early
check failed
true = 692, adv = 860
evaluating 916 of [910, 920)
attack: step 1/10, xent loss = 20.8073, l2 loss = 23.7625 (max 14.95), (true 971, predicted [793])
unbound attack returning early
check failed
true = 971, adv = 793
evaluating 917 of [910, 920)
attack: step 1/10, xent loss = 13.4337, l2 loss = 12.7584 (max 14.95), (true 674, predicted [774])
returning early
true = 674, adv = 774
evaluating 918 of [910, 920)
attack: step 1/10, xent loss = 13.8637, l2 loss = 23.5273 (max 14.95), (true 213, predicted [163])
unbound attack returning early
check failed
true = 213, adv = 163
evaluating 919 of [910, 920)
attack: step 1/10, xent loss = 14.3341, l2 loss = 16.5024 (max 14.95), (true 519, predicted [692])
unbound attack returning early
check failed
true = 519, adv = 692
