2019-10-26 01:59:45.319880: I tensorflow/core/platform/cpu_feature_guard.cc:141] Your CPU supports instructions that this TensorFlow binary was not compiled to use: SSE4.1 SSE4.2 AVX AVX2 FMA
2019-10-26 01:59:45.350247: I tensorflow/core/platform/profile_utils/cpu_utils.cc:94] CPU Frequency: 2599725000 Hz
2019-10-26 01:59:45.352412: I tensorflow/compiler/xla/service/service.cc:150] XLA service 0x55555902ecc0 executing computations on platform Host. Devices:
2019-10-26 01:59:45.352451: I tensorflow/compiler/xla/service/service.cc:158]   StreamExecutor device (0): <undefined>, <undefined>
2019-10-26 01:59:45.352883: I tensorflow/core/common_runtime/process_util.cc:71] Creating new thread pool with default inter op setting: 2. Tune using inter_op_parallelism_threads for best performance.
evaluating 30 of [30, 40)
attack: step 1/10, xent loss = 15.3544, l2 loss = 27.013 (max 14.95), (true 978, predicted [239])
unbound attack returning early
check failed
true = 978, adv = 239
evaluating 31 of [30, 40)
attack: step 1/10, xent loss = 29.2247, l2 loss = 29.6817 (max 14.95), (true 784, predicted [450])
unbound attack returning early
check failed
true = 784, adv = 450
evaluating 32 of [30, 40)
attack: step 1/10, xent loss = 20.9741, l2 loss = 29.4981 (max 14.95), (true 819, predicted [913])
unbound attack returning early
check failed
true = 819, adv = 913
evaluating 33 of [30, 40)
attack: step 1/10, xent loss = 17.3899, l2 loss = 21.4004 (max 14.95), (true 644, predicted [699])
unbound attack returning early
check failed
true = 644, adv = 699
evaluating 34 of [30, 40)
attack: step 1/10, xent loss = 26.8765, l2 loss = 32.8098 (max 14.95), (true 757, predicted [830])
unbound attack returning early
check failed
true = 757, adv = 830
evaluating 35 of [30, 40)
attack: step 1/10, xent loss = 0.00488528, l2 loss = 0.156774 (max 14.95), (true 173, predicted [173])
attack: step 2/10, xent loss = 0.0107335, l2 loss = 0.158869 (max 14.95), (true 173, predicted [173])
attack: step 3/10, xent loss = 0.00617548, l2 loss = 0.168834 (max 14.95), (true 173, predicted [173])
attack: step 4/10, xent loss = 0.00400693, l2 loss = 0.171864 (max 14.95), (true 173, predicted [173])
attack: step 5/10, xent loss = 0.00568203, l2 loss = 0.173526 (max 14.95), (true 173, predicted [173])
attack: step 6/10, xent loss = 0.00361325, l2 loss = 0.176631 (max 14.95), (true 173, predicted [173])
attack: step 7/10, xent loss = 0.00662002, l2 loss = 0.177831 (max 14.95), (true 173, predicted [173])
attack: step 8/10, xent loss = 0.00615582, l2 loss = 0.182955 (max 14.95), (true 173, predicted [173])
attack: step 9/10, xent loss = 0.00251287, l2 loss = 0.185278 (max 14.95), (true 173, predicted [173])
attack: step 10/10, xent loss = 0.00123163, l2 loss = 0.18604 (max 14.95), (true 173, predicted [173])
true = 173, adv = 173
evaluating 36 of [30, 40)
attack: step 1/10, xent loss = 0.101947, l2 loss = 0.778085 (max 14.95), (true 81, predicted [81])
attack: step 2/10, xent loss = 0.0970301, l2 loss = 0.791536 (max 14.95), (true 81, predicted [81])
attack: step 3/10, xent loss = 0.104932, l2 loss = 0.813581 (max 14.95), (true 81, predicted [81])
attack: step 4/10, xent loss = 0.169123, l2 loss = 0.832561 (max 14.95), (true 81, predicted [81])
attack: step 5/10, xent loss = 0.115398, l2 loss = 0.869517 (max 14.95), (true 81, predicted [81])
attack: step 6/10, xent loss = 0.141845, l2 loss = 0.886684 (max 14.95), (true 81, predicted [81])
attack: step 7/10, xent loss = 0.067379, l2 loss = 0.926036 (max 14.95), (true 81, predicted [81])
attack: step 8/10, xent loss = 0.12474, l2 loss = 0.936934 (max 14.95), (true 81, predicted [81])
attack: step 9/10, xent loss = 0.107172, l2 loss = 0.959848 (max 14.95), (true 81, predicted [81])
attack: step 10/10, xent loss = 0.188054, l2 loss = 0.977935 (max 14.95), (true 81, predicted [81])
true = 81, adv = 81
evaluating 37 of [30, 40)
attack: step 1/10, xent loss = 16.9288, l2 loss = 19.4819 (max 14.95), (true 254, predicted [728])
unbound attack returning early
check failed
true = 254, adv = 728
evaluating 38 of [30, 40)
attack: step 1/10, xent loss = 43.4418, l2 loss = 40.1531 (max 14.95), (true 37, predicted [728])
unbound attack returning early
check failed
true = 37, adv = 728
evaluating 39 of [30, 40)
attack: step 1/10, xent loss = 6.70133, l2 loss = 11.0562 (max 14.95), (true 840, predicted [669])
returning early
true = 840, adv = 672
