2019-06-26 22:30:03.056074: I tensorflow/core/platform/cpu_feature_guard.cc:141] Your CPU supports instructions that this TensorFlow binary was not compiled to use: SSE4.1 SSE4.2 AVX AVX2 FMA
2019-06-26 22:30:03.904968: I tensorflow/core/platform/profile_utils/cpu_utils.cc:94] CPU Frequency: 2599915000 Hz
2019-06-26 22:30:03.906400: I tensorflow/compiler/xla/service/service.cc:150] XLA service 0x2aaae74bee80 executing computations on platform Host. Devices:
2019-06-26 22:30:03.906474: I tensorflow/compiler/xla/service/service.cc:158]   StreamExecutor device (0): <undefined>, <undefined>
2019-06-26 22:30:03.907789: I tensorflow/core/common_runtime/process_util.cc:71] Creating new thread pool with default inter op setting: 2. Tune using inter_op_parallelism_threads for best performance.
evaluating 510 of [510, 520)
attack: step 1/10, xent loss = 0.0301955, l2 loss = 0.432124 (max 14.95), (true 610, predicted [610])
attack: step 2/10, xent loss = 0.0325555, l2 loss = 0.479802 (max 14.95), (true 610, predicted [610])
attack: step 3/10, xent loss = 0.060091, l2 loss = 0.525944 (max 14.95), (true 610, predicted [610])
attack: step 4/10, xent loss = 0.0427701, l2 loss = 0.679042 (max 14.95), (true 610, predicted [610])
attack: step 5/10, xent loss = 0.0490443, l2 loss = 0.745811 (max 14.95), (true 610, predicted [610])
attack: step 6/10, xent loss = 0.061418, l2 loss = 0.862892 (max 14.95), (true 610, predicted [610])
attack: step 7/10, xent loss = 0.0677327, l2 loss = 0.947882 (max 14.95), (true 610, predicted [610])
attack: step 8/10, xent loss = 0.151594, l2 loss = 1.07185 (max 14.95), (true 610, predicted [610])
attack: step 9/10, xent loss = 0.356228, l2 loss = 1.8212 (max 14.95), (true 610, predicted [610])
attack: step 10/10, xent loss = 1.34062, l2 loss = 3.94817 (max 14.95), (true 610, predicted [465])
true = 610, adv = 465
evaluating 511 of [510, 520)
attack: step 1/10, xent loss = 7.41475, l2 loss = 10.9658 (max 14.95), (true 293, predicted [251])
attack: step 2/10, xent loss = 7.17026, l2 loss = 11.1455 (max 14.95), (true 293, predicted [251])
attack: step 3/10, xent loss = 8.36615, l2 loss = 11.4084 (max 14.95), (true 293, predicted [251])
attack: step 4/10, xent loss = 6.62359, l2 loss = 11.6682 (max 14.95), (true 293, predicted [251])
attack: step 5/10, xent loss = 7.57319, l2 loss = 11.914 (max 14.95), (true 293, predicted [251])
attack: step 6/10, xent loss = 7.93194, l2 loss = 12.1114 (max 14.95), (true 293, predicted [251])
attack: step 7/10, xent loss = 8.44815, l2 loss = 12.4282 (max 14.95), (true 293, predicted [251])
attack: step 8/10, xent loss = 8.07432, l2 loss = 12.6782 (max 14.95), (true 293, predicted [251])
attack: step 9/10, xent loss = 8.4229, l2 loss = 13.1176 (max 14.95), (true 293, predicted [251])
attack: step 10/10, xent loss = 8.78709, l2 loss = 13.3171 (max 14.95), (true 293, predicted [251])
true = 293, adv = 251
evaluating 512 of [510, 520)
attack: step 1/10, xent loss = 1.33206, l2 loss = 1.47887 (max 14.95), (true 401, predicted [401])
attack: step 2/10, xent loss = 0.924938, l2 loss = 6.78912 (max 14.95), (true 401, predicted [401])
attack: step 3/10, xent loss = 2.60837, l2 loss = 8.83852 (max 14.95), (true 401, predicted [401])
attack: step 4/10, xent loss = 5.6131, l2 loss = 11.8179 (max 14.95), (true 401, predicted [728])
attack: step 5/10, xent loss = 6.99971, l2 loss = 12.7125 (max 14.95), (true 401, predicted [728])
attack: step 6/10, xent loss = 5.49817, l2 loss = 13.0152 (max 14.95), (true 401, predicted [728])
attack: step 7/10, xent loss = 7.17019, l2 loss = 13.6193 (max 14.95), (true 401, predicted [728])
attack: step 8/10, xent loss = 7.98773, l2 loss = 13.8741 (max 14.95), (true 401, predicted [728])
attack: step 9/10, xent loss = 8.62342, l2 loss = 14.7314 (max 14.95), (true 401, predicted [728])
attack: step 10/10, xent loss = 9.29353, l2 loss = 15.3451 (max 14.95), (true 401, predicted [728])
check failed
true = 401, adv = 728
evaluating 513 of [510, 520)
attack: step 1/10, xent loss = 8.93742, l2 loss = 13.8727 (max 14.95), (true 280, predicted [277])
attack: step 2/10, xent loss = 8.7718, l2 loss = 14.5001 (max 14.95), (true 280, predicted [277])
attack: step 3/10, xent loss = 9.9662, l2 loss = 15.7624 (max 14.95), (true 280, predicted [277])
attack: step 4/10, xent loss = 10.0234, l2 loss = 16.347 (max 14.95), (true 280, predicted [277])
attack: step 5/10, xent loss = 11.0467, l2 loss = 16.893 (max 14.95), (true 280, predicted [277])
attack: step 6/10, xent loss = 11.2465, l2 loss = 17.6035 (max 14.95), (true 280, predicted [277])
attack: step 7/10, xent loss = 10.8553, l2 loss = 18.2897 (max 14.95), (true 280, predicted [277])
attack: step 8/10, xent loss = 11.4521, l2 loss = 19.0213 (max 14.95), (true 280, predicted [277])
attack: step 9/10, xent loss = 11.0926, l2 loss = 19.4533 (max 14.95), (true 280, predicted [277])
attack: step 10/10, xent loss = 12.5263, l2 loss = 19.9267 (max 14.95), (true 280, predicted [277])
check failed
true = 280, adv = 277
evaluating 514 of [510, 520)
attack: step 1/10, xent loss = 18.4646, l2 loss = 19.2442 (max 14.95), (true 773, predicted [737])
attack: step 2/10, xent loss = 20.6099, l2 loss = 20.2201 (max 14.95), (true 773, predicted [737])
attack: step 3/10, xent loss = 20.1025, l2 loss = 20.929 (max 14.95), (true 773, predicted [737])
attack: step 4/10, xent loss = 20.3428, l2 loss = 22.0512 (max 14.95), (true 773, predicted [737])
attack: step 5/10, xent loss = 20.3559, l2 loss = 22.9769 (max 14.95), (true 773, predicted [737])
attack: step 6/10, xent loss = 22.8821, l2 loss = 23.7538 (max 14.95), (true 773, predicted [737])
attack: step 7/10, xent loss = 21.9617, l2 loss = 24.3963 (max 14.95), (true 773, predicted [737])
attack: step 8/10, xent loss = 24.5485, l2 loss = 25.0897 (max 14.95), (true 773, predicted [737])
attack: step 9/10, xent loss = 24.3578, l2 loss = 25.7286 (max 14.95), (true 773, predicted [737])
attack: step 10/10, xent loss = 23.0336, l2 loss = 26.6577 (max 14.95), (true 773, predicted [737])
check failed
true = 773, adv = 737
evaluating 515 of [510, 520)
attack: step 1/10, xent loss = 6.78916, l2 loss = 11.7497 (max 14.95), (true 407, predicted [734])
attack: step 2/10, xent loss = 8.15614, l2 loss = 12.7734 (max 14.95), (true 407, predicted [734])
attack: step 3/10, xent loss = 7.18259, l2 loss = 13.4383 (max 14.95), (true 407, predicted [734])
attack: step 4/10, xent loss = 8.91759, l2 loss = 14.2318 (max 14.95), (true 407, predicted [734])
attack: step 5/10, xent loss = 9.86238, l2 loss = 14.7634 (max 14.95), (true 407, predicted [734])
attack: step 6/10, xent loss = 11.1172, l2 loss = 15.2169 (max 14.95), (true 407, predicted [734])
attack: step 7/10, xent loss = 11.3452, l2 loss = 15.7465 (max 14.95), (true 407, predicted [734])
attack: step 8/10, xent loss = 10.9397, l2 loss = 16.2015 (max 14.95), (true 407, predicted [734])
attack: step 9/10, xent loss = 12.0919, l2 loss = 16.6888 (max 14.95), (true 407, predicted [734])
attack: step 10/10, xent loss = 12.6556, l2 loss = 17.0808 (max 14.95), (true 407, predicted [734])
check failed
true = 407, adv = 734
evaluating 516 of [510, 520)
attack: step 1/10, xent loss = 0.112127, l2 loss = 1.17918 (max 14.95), (true 506, predicted [506])
attack: step 2/10, xent loss = 0.149565, l2 loss = 1.26717 (max 14.95), (true 506, predicted [506])
attack: step 3/10, xent loss = 0.209496, l2 loss = 1.46906 (max 14.95), (true 506, predicted [506])
attack: step 4/10, xent loss = 0.224108, l2 loss = 1.67631 (max 14.95), (true 506, predicted [506])
attack: step 5/10, xent loss = 0.320816, l2 loss = 1.93712 (max 14.95), (true 506, predicted [506])
attack: step 6/10, xent loss = 0.238389, l2 loss = 2.26846 (max 14.95), (true 506, predicted [506])
attack: step 7/10, xent loss = 0.468406, l2 loss = 2.4686 (max 14.95), (true 506, predicted [506])
attack: step 8/10, xent loss = 0.83648, l2 loss = 3.01957 (max 14.95), (true 506, predicted [506])
attack: step 9/10, xent loss = 1.07244, l2 loss = 3.95244 (max 14.95), (true 506, predicted [506])
attack: step 10/10, xent loss = 1.25593, l2 loss = 4.70346 (max 14.95), (true 506, predicted [506])
true = 506, adv = 506
evaluating 517 of [510, 520)
attack: step 1/10, xent loss = 33.4814, l2 loss = 25.0256 (max 14.95), (true 284, predicted [728])
attack: step 2/10, xent loss = 34.9574, l2 loss = 26.3334 (max 14.95), (true 284, predicted [728])
attack: step 3/10, xent loss = 36.4221, l2 loss = 27.4256 (max 14.95), (true 284, predicted [728])
attack: step 4/10, xent loss = 36.2123, l2 loss = 28.6795 (max 14.95), (true 284, predicted [728])
attack: step 5/10, xent loss = 39.7979, l2 loss = 29.8525 (max 14.95), (true 284, predicted [728])
attack: step 6/10, xent loss = 40.62, l2 loss = 31.0449 (max 14.95), (true 284, predicted [728])
attack: step 7/10, xent loss = 41.6763, l2 loss = 32.1364 (max 14.95), (true 284, predicted [728])
attack: step 8/10, xent loss = 40.8757, l2 loss = 33.2242 (max 14.95), (true 284, predicted [728])
attack: step 9/10, xent loss = 42.6485, l2 loss = 34.4483 (max 14.95), (true 284, predicted [728])
attack: step 10/10, xent loss = 43.4769, l2 loss = 35.6381 (max 14.95), (true 284, predicted [728])
check failed
true = 284, adv = 728
evaluating 518 of [510, 520)
attack: step 1/10, xent loss = 0.161611, l2 loss = 0.686957 (max 14.95), (true 904, predicted [904])
attack: step 2/10, xent loss = 0.0996586, l2 loss = 0.735651 (max 14.95), (true 904, predicted [904])
attack: step 3/10, xent loss = 0.104919, l2 loss = 0.755484 (max 14.95), (true 904, predicted [904])
attack: step 4/10, xent loss = 0.194605, l2 loss = 0.780107 (max 14.95), (true 904, predicted [904])
attack: step 5/10, xent loss = 0.18007, l2 loss = 0.855936 (max 14.95), (true 904, predicted [904])
attack: step 6/10, xent loss = 0.0606441, l2 loss = 0.917473 (max 14.95), (true 904, predicted [904])
attack: step 7/10, xent loss = 0.17063, l2 loss = 0.928456 (max 14.95), (true 904, predicted [904])
attack: step 8/10, xent loss = 0.198972, l2 loss = 0.981066 (max 14.95), (true 904, predicted [904])
attack: step 9/10, xent loss = 0.109703, l2 loss = 1.02821 (max 14.95), (true 904, predicted [904])
attack: step 10/10, xent loss = 0.26202, l2 loss = 1.05048 (max 14.95), (true 904, predicted [904])
true = 904, adv = 904
evaluating 519 of [510, 520)
attack: step 1/10, xent loss = 27.5581, l2 loss = 29.6873 (max 14.95), (true 537, predicted [728])
attack: step 2/10, xent loss = 27.5487, l2 loss = 31.1232 (max 14.95), (true 537, predicted [728])
attack: step 3/10, xent loss = 31.5346, l2 loss = 32.1548 (max 14.95), (true 537, predicted [728])
attack: step 4/10, xent loss = 26.9039, l2 loss = 33.3313 (max 14.95), (true 537, predicted [728])
attack: step 5/10, xent loss = 31.8575, l2 loss = 34.9721 (max 14.95), (true 537, predicted [728])
attack: step 6/10, xent loss = 27.7089, l2 loss = 35.9204 (max 14.95), (true 537, predicted [728])
attack: step 7/10, xent loss = 30.2793, l2 loss = 36.9507 (max 14.95), (true 537, predicted [728])
attack: step 8/10, xent loss = 38.8753, l2 loss = 37.8808 (max 14.95), (true 537, predicted [728])
attack: step 9/10, xent loss = 35.2935, l2 loss = 39.152 (max 14.95), (true 537, predicted [728])
attack: step 10/10, xent loss = 38.8397, l2 loss = 40.159 (max 14.95), (true 537, predicted [728])
check failed
true = 537, adv = 728
