2019-05-30 04:27:11.150971: I tensorflow/core/platform/cpu_feature_guard.cc:141] Your CPU supports instructions that this TensorFlow binary was not compiled to use: SSE4.1 SSE4.2 AVX AVX2 FMA
2019-05-30 04:27:11.159735: I tensorflow/core/platform/profile_utils/cpu_utils.cc:94] CPU Frequency: 2599975000 Hz
2019-05-30 04:27:11.159923: I tensorflow/compiler/xla/service/service.cc:150] XLA service 0x2aaae724b900 executing computations on platform Host. Devices:
2019-05-30 04:27:11.159951: I tensorflow/compiler/xla/service/service.cc:158]   StreamExecutor device (0): <undefined>, <undefined>
2019-05-30 04:27:11.160263: I tensorflow/core/common_runtime/process_util.cc:71] Creating new thread pool with default inter op setting: 2. Tune using inter_op_parallelism_threads for best performance.
evaluating 340 of [340, 350)
attack: step 1/30, xent loss = 0.017117, l2 loss = 0 (max 14.95), (true 763, predicted [763])
attack: step 2/30, xent loss = 0.0259824, l2 loss = 0.02835 (max 14.95), (true 763, predicted [763])
attack: step 3/30, xent loss = 0.0435198, l2 loss = 0.0675069 (max 14.95), (true 763, predicted [763])
attack: step 4/30, xent loss = 0.0863796, l2 loss = 0.126415 (max 14.95), (true 763, predicted [763])
attack: step 5/30, xent loss = 0.214368, l2 loss = 0.221115 (max 14.95), (true 763, predicted [763])
attack: step 6/30, xent loss = 0.650947, l2 loss = 0.417616 (max 14.95), (true 763, predicted [763])
attack: step 7/30, xent loss = 1.4426, l2 loss = 0.839666 (max 14.95), (true 763, predicted [763])
attack: step 8/30, xent loss = 2.60508, l2 loss = 1.4624 (max 14.95), (true 763, predicted [763])
attack: step 9/30, xent loss = 5.46635, l2 loss = 2.19527 (max 14.95), (true 763, predicted [840])
attack: step 10/30, xent loss = 12.6213, l2 loss = 3.08598 (max 14.95), (true 763, predicted [840])
attack: step 11/30, xent loss = 10.8014, l2 loss = 5.33671 (max 14.95), (true 763, predicted [840])
attack: step 12/30, xent loss = 24.1937, l2 loss = 7.95578 (max 14.95), (true 763, predicted [840])
attack: step 13/30, xent loss = 21.459, l2 loss = 9.8846 (max 14.95), (true 763, predicted [840])
attack: step 14/30, xent loss = 35.5507, l2 loss = 10.8342 (max 14.95), (true 763, predicted [840])
attack: step 15/30, xent loss = 39.9397, l2 loss = 12.2642 (max 14.95), (true 763, predicted [840])
attack: step 16/30, xent loss = 45.8277, l2 loss = 13.7377 (max 14.95), (true 763, predicted [840])
attack: step 17/30, xent loss = 37.7498, l2 loss = 15.0065 (max 14.95), (true 763, predicted [840])
attack: step 18/30, xent loss = 51.5492, l2 loss = 16.2202 (max 14.95), (true 763, predicted [840])
attack: step 19/30, xent loss = 53.5521, l2 loss = 17.4198 (max 14.95), (true 763, predicted [840])
attack: step 20/30, xent loss = 51.4689, l2 loss = 18.9845 (max 14.95), (true 763, predicted [840])
attack: step 21/30, xent loss = 68.0462, l2 loss = 19.6775 (max 14.95), (true 763, predicted [840])
attack: step 22/30, xent loss = 67.3434, l2 loss = 20.5168 (max 14.95), (true 763, predicted [840])
attack: step 23/30, xent loss = 76.6548, l2 loss = 21.1 (max 14.95), (true 763, predicted [840])
attack: step 24/30, xent loss = 72.4979, l2 loss = 21.8198 (max 14.95), (true 763, predicted [840])
attack: step 25/30, xent loss = 78.7822, l2 loss = 22.5835 (max 14.95), (true 763, predicted [840])
attack: step 26/30, xent loss = 65.2752, l2 loss = 23.683 (max 14.95), (true 763, predicted [840])
attack: step 27/30, xent loss = 87.6795, l2 loss = 24.275 (max 14.95), (true 763, predicted [840])
attack: step 28/30, xent loss = 85.5701, l2 loss = 24.8762 (max 14.95), (true 763, predicted [840])
attack: step 29/30, xent loss = 82.0653, l2 loss = 25.5695 (max 14.95), (true 763, predicted [840])
attack: step 30/30, xent loss = 86.7538, l2 loss = 26.2091 (max 14.95), (true 763, predicted [840])
check failed
true = 763, adv = 840
evaluating 341 of [340, 350)
attack: step 1/30, xent loss = 0.0573896, l2 loss = 0 (max 14.95), (true 11, predicted [11])
attack: step 2/30, xent loss = 0.0787545, l2 loss = 0.044358 (max 14.95), (true 11, predicted [11])
attack: step 3/30, xent loss = 0.125098, l2 loss = 0.10381 (max 14.95), (true 11, predicted [11])
attack: step 4/30, xent loss = 0.296895, l2 loss = 0.198827 (max 14.95), (true 11, predicted [11])
attack: step 5/30, xent loss = 3.39982, l2 loss = 0.473744 (max 14.95), (true 11, predicted [10])
attack: step 6/30, xent loss = 8.652, l2 loss = 2.44619 (max 14.95), (true 11, predicted [10])
attack: step 7/30, xent loss = 10.8795, l2 loss = 2.69627 (max 14.95), (true 11, predicted [10])
attack: step 8/30, xent loss = 12.2649, l2 loss = 2.87255 (max 14.95), (true 11, predicted [10])
attack: step 9/30, xent loss = 11.9538, l2 loss = 3.02511 (max 14.95), (true 11, predicted [10])
attack: step 10/30, xent loss = 10.5593, l2 loss = 3.59415 (max 14.95), (true 11, predicted [10])
attack: step 11/30, xent loss = 12.5229, l2 loss = 3.69707 (max 14.95), (true 11, predicted [10])
attack: step 12/30, xent loss = 13.5876, l2 loss = 3.8342 (max 14.95), (true 11, predicted [10])
attack: step 13/30, xent loss = 14.2479, l2 loss = 3.98433 (max 14.95), (true 11, predicted [10])
attack: step 14/30, xent loss = 14.7171, l2 loss = 4.18689 (max 14.95), (true 11, predicted [10])
attack: step 15/30, xent loss = 12.8543, l2 loss = 4.48657 (max 14.95), (true 11, predicted [10])
attack: step 16/30, xent loss = 16.3122, l2 loss = 4.65476 (max 14.95), (true 11, predicted [10])
attack: step 17/30, xent loss = 16.3008, l2 loss = 4.85197 (max 14.95), (true 11, predicted [10])
attack: step 18/30, xent loss = 15.6366, l2 loss = 5.12365 (max 14.95), (true 11, predicted [10])
attack: step 19/30, xent loss = 16.4316, l2 loss = 5.66127 (max 14.95), (true 11, predicted [10])
attack: step 20/30, xent loss = 13.8577, l2 loss = 6.17586 (max 14.95), (true 11, predicted [10])
attack: step 21/30, xent loss = 14.6984, l2 loss = 6.63163 (max 14.95), (true 11, predicted [10])
attack: step 22/30, xent loss = 13.759, l2 loss = 6.94497 (max 14.95), (true 11, predicted [10])
attack: step 23/30, xent loss = 13.0307, l2 loss = 7.69252 (max 14.95), (true 11, predicted [10])
attack: step 24/30, xent loss = 19.8664, l2 loss = 7.83669 (max 14.95), (true 11, predicted [10])
attack: step 25/30, xent loss = 17.9759, l2 loss = 8.12434 (max 14.95), (true 11, predicted [10])
attack: step 26/30, xent loss = 17.5909, l2 loss = 8.56175 (max 14.95), (true 11, predicted [10])
attack: step 27/30, xent loss = 19.3051, l2 loss = 8.94854 (max 14.95), (true 11, predicted [10])
attack: step 28/30, xent loss = 17.1577, l2 loss = 9.30169 (max 14.95), (true 11, predicted [10])
attack: step 29/30, xent loss = 19.8789, l2 loss = 9.86986 (max 14.95), (true 11, predicted [10])
attack: step 30/30, xent loss = 19.0185, l2 loss = 10.1856 (max 14.95), (true 11, predicted [10])
true = 11, adv = 11
evaluating 342 of [340, 350)
attack: step 1/30, xent loss = 2.82937, l2 loss = 0 (max 14.95), (true 126, predicted [783])
attack: step 2/30, xent loss = 8.58984, l2 loss = 4.79728 (max 14.95), (true 126, predicted [783])
attack: step 3/30, xent loss = 11.6274, l2 loss = 4.88315 (max 14.95), (true 126, predicted [989])
attack: step 4/30, xent loss = 11.9508, l2 loss = 5.13982 (max 14.95), (true 126, predicted [989])
attack: step 5/30, xent loss = 13.59, l2 loss = 5.51509 (max 14.95), (true 126, predicted [988])
attack: step 6/30, xent loss = 17.7964, l2 loss = 5.82296 (max 14.95), (true 126, predicted [988])
attack: step 7/30, xent loss = 23.2759, l2 loss = 6.56641 (max 14.95), (true 126, predicted [988])
attack: step 8/30, xent loss = 18.6768, l2 loss = 7.75889 (max 14.95), (true 126, predicted [988])
attack: step 9/30, xent loss = 20.4658, l2 loss = 8.69198 (max 14.95), (true 126, predicted [988])
attack: step 10/30, xent loss = 24.3977, l2 loss = 9.52756 (max 14.95), (true 126, predicted [988])
attack: step 11/30, xent loss = 30.0838, l2 loss = 10.0564 (max 14.95), (true 126, predicted [988])
attack: step 12/30, xent loss = 41.2409, l2 loss = 10.4598 (max 14.95), (true 126, predicted [988])
attack: step 13/30, xent loss = 46.773, l2 loss = 10.9686 (max 14.95), (true 126, predicted [988])
attack: step 14/30, xent loss = 40.6667, l2 loss = 11.6358 (max 14.95), (true 126, predicted [988])
attack: step 15/30, xent loss = 39.7487, l2 loss = 12.4121 (max 14.95), (true 126, predicted [988])
attack: step 16/30, xent loss = 45.2874, l2 loss = 13.0545 (max 14.95), (true 126, predicted [988])
attack: step 17/30, xent loss = 55.3813, l2 loss = 13.5514 (max 14.95), (true 126, predicted [988])
attack: step 18/30, xent loss = 55.9487, l2 loss = 14.0739 (max 14.95), (true 126, predicted [988])
attack: step 19/30, xent loss = 62.9891, l2 loss = 14.5945 (max 14.95), (true 126, predicted [988])
attack: step 20/30, xent loss = 62.7408, l2 loss = 14.9862 (max 14.95), (true 126, predicted [988])
attack: step 21/30, xent loss = 57.9099, l2 loss = 15.5927 (max 14.95), (true 126, predicted [988])
attack: step 22/30, xent loss = 52.7128, l2 loss = 16.3273 (max 14.95), (true 126, predicted [988])
attack: step 23/30, xent loss = 72.8449, l2 loss = 16.6457 (max 14.95), (true 126, predicted [988])
attack: step 24/30, xent loss = 70.133, l2 loss = 17.2081 (max 14.95), (true 126, predicted [988])
attack: step 25/30, xent loss = 69.4159, l2 loss = 17.7596 (max 14.95), (true 126, predicted [988])
attack: step 26/30, xent loss = 65.66, l2 loss = 18.329 (max 14.95), (true 126, predicted [988])
attack: step 27/30, xent loss = 69.7864, l2 loss = 18.8559 (max 14.95), (true 126, predicted [988])
attack: step 28/30, xent loss = 80.0554, l2 loss = 19.3856 (max 14.95), (true 126, predicted [988])
attack: step 29/30, xent loss = 85.1372, l2 loss = 19.7796 (max 14.95), (true 126, predicted [988])
attack: step 30/30, xent loss = 84.5439, l2 loss = 20.1329 (max 14.95), (true 126, predicted [988])
check failed
true = 126, adv = 728
evaluating 343 of [340, 350)
attack: step 1/30, xent loss = 0.0458785, l2 loss = 0 (max 14.95), (true 453, predicted [453])
attack: step 2/30, xent loss = 0.0847756, l2 loss = 0.0560536 (max 14.95), (true 453, predicted [453])
attack: step 3/30, xent loss = 0.266618, l2 loss = 0.160227 (max 14.95), (true 453, predicted [453])
attack: step 4/30, xent loss = 2.62387, l2 loss = 0.501197 (max 14.95), (true 453, predicted [519])
attack: step 5/30, xent loss = 8.5001, l2 loss = 1.94265 (max 14.95), (true 453, predicted [519])
attack: step 6/30, xent loss = 11.8278, l2 loss = 2.5104 (max 14.95), (true 453, predicted [519])
attack: step 7/30, xent loss = 12.4968, l2 loss = 3.0017 (max 14.95), (true 453, predicted [519])
attack: step 8/30, xent loss = 14.6698, l2 loss = 3.50466 (max 14.95), (true 453, predicted [519])
attack: step 9/30, xent loss = 17.8357, l2 loss = 3.81728 (max 14.95), (true 453, predicted [519])
attack: step 10/30, xent loss = 18.5004, l2 loss = 4.20422 (max 14.95), (true 453, predicted [519])
attack: step 11/30, xent loss = 20.6337, l2 loss = 4.63433 (max 14.95), (true 453, predicted [519])
attack: step 12/30, xent loss = 22.2996, l2 loss = 5.01436 (max 14.95), (true 453, predicted [519])
attack: step 13/30, xent loss = 23.4988, l2 loss = 5.37395 (max 14.95), (true 453, predicted [519])
attack: step 14/30, xent loss = 24.1842, l2 loss = 5.91693 (max 14.95), (true 453, predicted [519])
attack: step 15/30, xent loss = 23.4322, l2 loss = 6.28021 (max 14.95), (true 453, predicted [519])
attack: step 16/30, xent loss = 27.5454, l2 loss = 6.73649 (max 14.95), (true 453, predicted [519])
attack: step 17/30, xent loss = 25.5546, l2 loss = 7.18599 (max 14.95), (true 453, predicted [519])
attack: step 18/30, xent loss = 28.3586, l2 loss = 7.57902 (max 14.95), (true 453, predicted [519])
attack: step 19/30, xent loss = 26.0973, l2 loss = 8.17317 (max 14.95), (true 453, predicted [519])
attack: step 20/30, xent loss = 30.9299, l2 loss = 8.41131 (max 14.95), (true 453, predicted [519])
attack: step 21/30, xent loss = 28.1534, l2 loss = 8.81446 (max 14.95), (true 453, predicted [519])
attack: step 22/30, xent loss = 26.0266, l2 loss = 9.21083 (max 14.95), (true 453, predicted [519])
attack: step 23/30, xent loss = 32.7615, l2 loss = 9.55285 (max 14.95), (true 453, predicted [519])
attack: step 24/30, xent loss = 31.5264, l2 loss = 9.88293 (max 14.95), (true 453, predicted [519])
attack: step 25/30, xent loss = 33.8135, l2 loss = 10.2718 (max 14.95), (true 453, predicted [519])
attack: step 26/30, xent loss = 32.9046, l2 loss = 10.5811 (max 14.95), (true 453, predicted [519])
attack: step 27/30, xent loss = 37.3434, l2 loss = 10.9091 (max 14.95), (true 453, predicted [519])
attack: step 28/30, xent loss = 33.7555, l2 loss = 11.3182 (max 14.95), (true 453, predicted [519])
attack: step 29/30, xent loss = 41.378, l2 loss = 11.6485 (max 14.95), (true 453, predicted [519])
attack: step 30/30, xent loss = 40.5763, l2 loss = 11.9726 (max 14.95), (true 453, predicted [519])
true = 453, adv = 453
evaluating 344 of [340, 350)
attack: step 1/30, xent loss = 0.0638668, l2 loss = 0 (max 14.95), (true 100, predicted [100])
attack: step 2/30, xent loss = 0.075854, l2 loss = 0.0351711 (max 14.95), (true 100, predicted [100])
attack: step 3/30, xent loss = 0.0889131, l2 loss = 0.0702532 (max 14.95), (true 100, predicted [100])
attack: step 4/30, xent loss = 0.104148, l2 loss = 0.107402 (max 14.95), (true 100, predicted [100])
attack: step 5/30, xent loss = 0.121368, l2 loss = 0.146489 (max 14.95), (true 100, predicted [100])
attack: step 6/30, xent loss = 0.141246, l2 loss = 0.186653 (max 14.95), (true 100, predicted [100])
attack: step 7/30, xent loss = 0.164185, l2 loss = 0.229258 (max 14.95), (true 100, predicted [100])
attack: step 8/30, xent loss = 0.192868, l2 loss = 0.276355 (max 14.95), (true 100, predicted [100])
attack: step 9/30, xent loss = 0.226262, l2 loss = 0.32502 (max 14.95), (true 100, predicted [100])
attack: step 10/30, xent loss = 0.267343, l2 loss = 0.376917 (max 14.95), (true 100, predicted [100])
attack: step 11/30, xent loss = 0.315015, l2 loss = 0.437681 (max 14.95), (true 100, predicted [100])
attack: step 12/30, xent loss = 0.364988, l2 loss = 0.499948 (max 14.95), (true 100, predicted [100])
attack: step 13/30, xent loss = 0.420424, l2 loss = 0.565222 (max 14.95), (true 100, predicted [100])
attack: step 14/30, xent loss = 0.499084, l2 loss = 0.637913 (max 14.95), (true 100, predicted [100])
attack: step 15/30, xent loss = 0.60239, l2 loss = 0.720687 (max 14.95), (true 100, predicted [100])
attack: step 16/30, xent loss = 0.750689, l2 loss = 0.822258 (max 14.95), (true 100, predicted [100])
attack: step 17/30, xent loss = 0.942579, l2 loss = 0.936842 (max 14.95), (true 100, predicted [100])
attack: step 18/30, xent loss = 1.14273, l2 loss = 1.06965 (max 14.95), (true 100, predicted [100])
attack: step 19/30, xent loss = 1.51279, l2 loss = 1.21935 (max 14.95), (true 100, predicted [100])
attack: step 20/30, xent loss = 2.12095, l2 loss = 1.36138 (max 14.95), (true 100, predicted [100])
attack: step 21/30, xent loss = 2.66096, l2 loss = 1.55293 (max 14.95), (true 100, predicted [100])
attack: step 22/30, xent loss = 3.34612, l2 loss = 1.75148 (max 14.95), (true 100, predicted [84])
attack: step 23/30, xent loss = 4.60107, l2 loss = 2.01661 (max 14.95), (true 100, predicted [84])
attack: step 24/30, xent loss = 8.50949, l2 loss = 2.38296 (max 14.95), (true 100, predicted [84])
attack: step 25/30, xent loss = 11.698, l2 loss = 2.8461 (max 14.95), (true 100, predicted [84])
attack: step 26/30, xent loss = 10.8553, l2 loss = 3.29318 (max 14.95), (true 100, predicted [84])
attack: step 27/30, xent loss = 14.6847, l2 loss = 3.64695 (max 14.95), (true 100, predicted [84])
attack: step 28/30, xent loss = 11.8836, l2 loss = 4.4047 (max 14.95), (true 100, predicted [84])
attack: step 29/30, xent loss = 19.0066, l2 loss = 4.65927 (max 14.95), (true 100, predicted [84])
attack: step 30/30, xent loss = 14.7585, l2 loss = 5.14767 (max 14.95), (true 100, predicted [84])
true = 100, adv = 100
evaluating 345 of [340, 350)
attack: step 1/30, xent loss = 0.0240545, l2 loss = 0 (max 14.95), (true 668, predicted [668])
attack: step 2/30, xent loss = 0.0478705, l2 loss = 0.0896746 (max 14.95), (true 668, predicted [668])
attack: step 3/30, xent loss = 0.200606, l2 loss = 0.186137 (max 14.95), (true 668, predicted [668])
attack: step 4/30, xent loss = 0.773477, l2 loss = 0.505766 (max 14.95), (true 668, predicted [668])
attack: step 5/30, xent loss = 5.00975, l2 loss = 1.80836 (max 14.95), (true 668, predicted [863])
attack: step 6/30, xent loss = 10.5812, l2 loss = 4.45364 (max 14.95), (true 668, predicted [863])
attack: step 7/30, xent loss = 16.4181, l2 loss = 5.91722 (max 14.95), (true 668, predicted [863])
attack: step 8/30, xent loss = 21.4804, l2 loss = 9.09189 (max 14.95), (true 668, predicted [863])
attack: step 9/30, xent loss = 11.2653, l2 loss = 11.2023 (max 14.95), (true 668, predicted [646])
attack: step 10/30, xent loss = 20.528, l2 loss = 14.1984 (max 14.95), (true 668, predicted [646])
attack: step 11/30, xent loss = 27.9855, l2 loss = 16.1521 (max 14.95), (true 668, predicted [646])
attack: step 12/30, xent loss = 34.3004, l2 loss = 17.018 (max 14.95), (true 668, predicted [646])
attack: step 13/30, xent loss = 26.5126, l2 loss = 18.2354 (max 14.95), (true 668, predicted [646])
attack: step 14/30, xent loss = 23.5887, l2 loss = 20.0471 (max 14.95), (true 668, predicted [646])
attack: step 15/30, xent loss = 23.0076, l2 loss = 20.7912 (max 14.95), (true 668, predicted [646])
attack: step 16/30, xent loss = 38.3552, l2 loss = 21.8805 (max 14.95), (true 668, predicted [646])
attack: step 17/30, xent loss = 30.3999, l2 loss = 22.4266 (max 14.95), (true 668, predicted [646])
attack: step 18/30, xent loss = 41.4465, l2 loss = 23.3056 (max 14.95), (true 668, predicted [646])
attack: step 19/30, xent loss = 42.0288, l2 loss = 23.9476 (max 14.95), (true 668, predicted [646])
attack: step 20/30, xent loss = 48.7264, l2 loss = 24.7175 (max 14.95), (true 668, predicted [646])
attack: step 21/30, xent loss = 57.0661, l2 loss = 25.2451 (max 14.95), (true 668, predicted [646])
attack: step 22/30, xent loss = 36.2, l2 loss = 26.2185 (max 14.95), (true 668, predicted [646])
attack: step 23/30, xent loss = 38.0264, l2 loss = 26.7307 (max 14.95), (true 668, predicted [646])
attack: step 24/30, xent loss = 56.121, l2 loss = 27.2799 (max 14.95), (true 668, predicted [646])
attack: step 25/30, xent loss = 59.5695, l2 loss = 27.6058 (max 14.95), (true 668, predicted [646])
attack: step 26/30, xent loss = 47.442, l2 loss = 28.1915 (max 14.95), (true 668, predicted [646])
attack: step 27/30, xent loss = 42.7114, l2 loss = 28.7898 (max 14.95), (true 668, predicted [646])
attack: step 28/30, xent loss = 62.3989, l2 loss = 29.1837 (max 14.95), (true 668, predicted [646])
attack: step 29/30, xent loss = 53.8296, l2 loss = 29.6102 (max 14.95), (true 668, predicted [646])
attack: step 30/30, xent loss = 61.5719, l2 loss = 30.2098 (max 14.95), (true 668, predicted [646])
check failed
true = 668, adv = 470
evaluating 346 of [340, 350)
attack: step 1/30, xent loss = 0.092721, l2 loss = 0 (max 14.95), (true 11, predicted [11])
attack: step 2/30, xent loss = 0.113186, l2 loss = 0.0445685 (max 14.95), (true 11, predicted [11])
attack: step 3/30, xent loss = 0.138821, l2 loss = 0.0929463 (max 14.95), (true 11, predicted [11])
attack: step 4/30, xent loss = 0.172845, l2 loss = 0.146366 (max 14.95), (true 11, predicted [11])
attack: step 5/30, xent loss = 0.222922, l2 loss = 0.208703 (max 14.95), (true 11, predicted [11])
attack: step 6/30, xent loss = 0.332262, l2 loss = 0.287166 (max 14.95), (true 11, predicted [11])
attack: step 7/30, xent loss = 0.926959, l2 loss = 0.424062 (max 14.95), (true 11, predicted [11])
attack: step 8/30, xent loss = 5.57566, l2 loss = 1.10765 (max 14.95), (true 11, predicted [10])
attack: step 9/30, xent loss = 7.6007, l2 loss = 1.98914 (max 14.95), (true 11, predicted [10])
attack: step 10/30, xent loss = 9.16199, l2 loss = 2.28925 (max 14.95), (true 11, predicted [10])
attack: step 11/30, xent loss = 10.2711, l2 loss = 2.40772 (max 14.95), (true 11, predicted [10])
attack: step 12/30, xent loss = 10.8197, l2 loss = 2.61634 (max 14.95), (true 11, predicted [10])
attack: step 13/30, xent loss = 9.76443, l2 loss = 2.9467 (max 14.95), (true 11, predicted [10])
attack: step 14/30, xent loss = 11.8673, l2 loss = 3.05514 (max 14.95), (true 11, predicted [10])
attack: step 15/30, xent loss = 14.9006, l2 loss = 3.21393 (max 14.95), (true 11, predicted [10])
attack: step 16/30, xent loss = 10.4958, l2 loss = 3.77908 (max 14.95), (true 11, predicted [10])
attack: step 17/30, xent loss = 9.79845, l2 loss = 4.42893 (max 14.95), (true 11, predicted [10])
attack: step 18/30, xent loss = 9.93462, l2 loss = 4.71713 (max 14.95), (true 11, predicted [10])
attack: step 19/30, xent loss = 12.425, l2 loss = 5.07404 (max 14.95), (true 11, predicted [10])
attack: step 20/30, xent loss = 16.0743, l2 loss = 5.2969 (max 14.95), (true 11, predicted [10])
attack: step 21/30, xent loss = 11.172, l2 loss = 6.02179 (max 14.95), (true 11, predicted [10])
attack: step 22/30, xent loss = 11.4448, l2 loss = 6.18332 (max 14.95), (true 11, predicted [10])
attack: step 23/30, xent loss = 12.3867, l2 loss = 6.58947 (max 14.95), (true 11, predicted [10])
attack: step 24/30, xent loss = 15.6597, l2 loss = 6.73438 (max 14.95), (true 11, predicted [10])
attack: step 25/30, xent loss = 15.664, l2 loss = 6.90317 (max 14.95), (true 11, predicted [10])
attack: step 26/30, xent loss = 19.0365, l2 loss = 6.99461 (max 14.95), (true 11, predicted [10])
attack: step 27/30, xent loss = 16.3604, l2 loss = 7.23693 (max 14.95), (true 11, predicted [10])
attack: step 28/30, xent loss = 14.3454, l2 loss = 7.84045 (max 14.95), (true 11, predicted [10])
attack: step 29/30, xent loss = 14.5583, l2 loss = 8.03785 (max 14.95), (true 11, predicted [10])
attack: step 30/30, xent loss = 16.6192, l2 loss = 8.28534 (max 14.95), (true 11, predicted [10])
true = 11, adv = 11
evaluating 347 of [340, 350)
attack: step 1/30, xent loss = 0.231203, l2 loss = 0 (max 14.95), (true 101, predicted [101])
attack: step 2/30, xent loss = 3.00046, l2 loss = 0.357371 (max 14.95), (true 101, predicted [386])
attack: step 3/30, xent loss = 6.52422, l2 loss = 2.04467 (max 14.95), (true 101, predicted [386])
attack: step 4/30, xent loss = 10.4743, l2 loss = 2.67976 (max 14.95), (true 101, predicted [386])
attack: step 5/30, xent loss = 12.5238, l2 loss = 3.32861 (max 14.95), (true 101, predicted [386])
attack: step 6/30, xent loss = 13.2847, l2 loss = 4.1853 (max 14.95), (true 101, predicted [386])
attack: step 7/30, xent loss = 16.7444, l2 loss = 4.91048 (max 14.95), (true 101, predicted [386])
attack: step 8/30, xent loss = 18.5131, l2 loss = 5.4183 (max 14.95), (true 101, predicted [386])
attack: step 9/30, xent loss = 20.6706, l2 loss = 5.99359 (max 14.95), (true 101, predicted [386])
attack: step 10/30, xent loss = 16.3907, l2 loss = 6.72081 (max 14.95), (true 101, predicted [386])
attack: step 11/30, xent loss = 20.1083, l2 loss = 7.19849 (max 14.95), (true 101, predicted [386])
attack: step 12/30, xent loss = 26.0419, l2 loss = 7.51896 (max 14.95), (true 101, predicted [386])
attack: step 13/30, xent loss = 25.4016, l2 loss = 7.91758 (max 14.95), (true 101, predicted [386])
attack: step 14/30, xent loss = 29.727, l2 loss = 8.21751 (max 14.95), (true 101, predicted [386])
attack: step 15/30, xent loss = 28.1095, l2 loss = 8.61621 (max 14.95), (true 101, predicted [386])
attack: step 16/30, xent loss = 28.6584, l2 loss = 9.01192 (max 14.95), (true 101, predicted [386])
attack: step 17/30, xent loss = 32.0204, l2 loss = 9.42671 (max 14.95), (true 101, predicted [386])
attack: step 18/30, xent loss = 26.6578, l2 loss = 9.86158 (max 14.95), (true 101, predicted [386])
attack: step 19/30, xent loss = 31.1786, l2 loss = 10.1277 (max 14.95), (true 101, predicted [386])
attack: step 20/30, xent loss = 33.6147, l2 loss = 10.4982 (max 14.95), (true 101, predicted [386])
attack: step 21/30, xent loss = 34.7748, l2 loss = 10.8046 (max 14.95), (true 101, predicted [386])
attack: step 22/30, xent loss = 40.475, l2 loss = 11.0113 (max 14.95), (true 101, predicted [386])
attack: step 23/30, xent loss = 40.9531, l2 loss = 11.2563 (max 14.95), (true 101, predicted [386])
attack: step 24/30, xent loss = 42.8005, l2 loss = 11.5221 (max 14.95), (true 101, predicted [386])
attack: step 25/30, xent loss = 39.5772, l2 loss = 11.7201 (max 14.95), (true 101, predicted [386])
attack: step 26/30, xent loss = 44.9881, l2 loss = 12.1098 (max 14.95), (true 101, predicted [386])
attack: step 27/30, xent loss = 45.2804, l2 loss = 12.3652 (max 14.95), (true 101, predicted [386])
attack: step 28/30, xent loss = 42.4052, l2 loss = 12.5949 (max 14.95), (true 101, predicted [386])
attack: step 29/30, xent loss = 43.6086, l2 loss = 12.9316 (max 14.95), (true 101, predicted [386])
attack: step 30/30, xent loss = 41.5752, l2 loss = 13.2375 (max 14.95), (true 101, predicted [386])
true = 101, adv = 386
evaluating 348 of [340, 350)
attack: step 1/30, xent loss = 1.27262, l2 loss = 0 (max 14.95), (true 884, predicted [497])
attack: step 2/30, xent loss = 5.67655, l2 loss = 0.899014 (max 14.95), (true 884, predicted [497])
attack: step 3/30, xent loss = 10.166, l2 loss = 1.41385 (max 14.95), (true 884, predicted [497])
attack: step 4/30, xent loss = 14.2656, l2 loss = 2.03202 (max 14.95), (true 884, predicted [497])
attack: step 5/30, xent loss = 16.6725, l2 loss = 2.70174 (max 14.95), (true 884, predicted [497])
attack: step 6/30, xent loss = 17.2302, l2 loss = 3.33206 (max 14.95), (true 884, predicted [497])
attack: step 7/30, xent loss = 21.7365, l2 loss = 3.93612 (max 14.95), (true 884, predicted [497])
attack: step 8/30, xent loss = 25.8302, l2 loss = 4.32634 (max 14.95), (true 884, predicted [497])
attack: step 9/30, xent loss = 27.3384, l2 loss = 4.83733 (max 14.95), (true 884, predicted [497])
attack: step 10/30, xent loss = 29.3325, l2 loss = 5.28739 (max 14.95), (true 884, predicted [497])
attack: step 11/30, xent loss = 30.2401, l2 loss = 5.8463 (max 14.95), (true 884, predicted [497])
attack: step 12/30, xent loss = 36.1639, l2 loss = 6.1722 (max 14.95), (true 884, predicted [497])
attack: step 13/30, xent loss = 35.0073, l2 loss = 6.5954 (max 14.95), (true 884, predicted [497])
attack: step 14/30, xent loss = 33.899, l2 loss = 7.06808 (max 14.95), (true 884, predicted [497])
attack: step 15/30, xent loss = 38.2627, l2 loss = 7.48007 (max 14.95), (true 884, predicted [497])
attack: step 16/30, xent loss = 41.8162, l2 loss = 7.83605 (max 14.95), (true 884, predicted [497])
attack: step 17/30, xent loss = 40.9088, l2 loss = 8.25798 (max 14.95), (true 884, predicted [497])
attack: step 18/30, xent loss = 42.2223, l2 loss = 8.60579 (max 14.95), (true 884, predicted [497])
attack: step 19/30, xent loss = 43.5305, l2 loss = 9.01409 (max 14.95), (true 884, predicted [497])
attack: step 20/30, xent loss = 43.7698, l2 loss = 9.34342 (max 14.95), (true 884, predicted [497])
attack: step 21/30, xent loss = 50.175, l2 loss = 9.68334 (max 14.95), (true 884, predicted [497])
attack: step 22/30, xent loss = 50.9062, l2 loss = 9.99841 (max 14.95), (true 884, predicted [497])
attack: step 23/30, xent loss = 50.2821, l2 loss = 10.3461 (max 14.95), (true 884, predicted [497])
attack: step 24/30, xent loss = 50.2187, l2 loss = 10.7293 (max 14.95), (true 884, predicted [497])
attack: step 25/30, xent loss = 54.8686, l2 loss = 11.0253 (max 14.95), (true 884, predicted [497])
attack: step 26/30, xent loss = 56.7621, l2 loss = 11.36 (max 14.95), (true 884, predicted [497])
attack: step 27/30, xent loss = 60.1704, l2 loss = 11.6577 (max 14.95), (true 884, predicted [497])
attack: step 28/30, xent loss = 59.7384, l2 loss = 11.9216 (max 14.95), (true 884, predicted [497])
attack: step 29/30, xent loss = 61.2036, l2 loss = 12.2036 (max 14.95), (true 884, predicted [497])
attack: step 30/30, xent loss = 59.4444, l2 loss = 12.5136 (max 14.95), (true 884, predicted [497])
true = 884, adv = 406
evaluating 349 of [340, 350)
attack: step 1/30, xent loss = 0.34518, l2 loss = 0 (max 14.95), (true 750, predicted [750])
attack: step 2/30, xent loss = 5.60416, l2 loss = 0.798299 (max 14.95), (true 750, predicted [697])
attack: step 3/30, xent loss = 9.48219, l2 loss = 1.97358 (max 14.95), (true 750, predicted [680])
attack: step 4/30, xent loss = 10.1322, l2 loss = 2.4823 (max 14.95), (true 750, predicted [680])
attack: step 5/30, xent loss = 12.8562, l2 loss = 3.14164 (max 14.95), (true 750, predicted [680])
attack: step 6/30, xent loss = 7.76732, l2 loss = 4.95308 (max 14.95), (true 750, predicted [680])
attack: step 7/30, xent loss = 13.6986, l2 loss = 5.55072 (max 14.95), (true 750, predicted [691])
attack: step 8/30, xent loss = 10.976, l2 loss = 7.22252 (max 14.95), (true 750, predicted [680])
attack: step 9/30, xent loss = 16.4336, l2 loss = 9.43732 (max 14.95), (true 750, predicted [680])
attack: step 10/30, xent loss = 21.708, l2 loss = 10.3483 (max 14.95), (true 750, predicted [680])
attack: step 11/30, xent loss = 15.5079, l2 loss = 11.5047 (max 14.95), (true 750, predicted [680])
attack: step 12/30, xent loss = 22.4101, l2 loss = 12.174 (max 14.95), (true 750, predicted [680])
attack: step 13/30, xent loss = 32.2007, l2 loss = 12.6961 (max 14.95), (true 750, predicted [680])
attack: step 14/30, xent loss = 33.1671, l2 loss = 13.6123 (max 14.95), (true 750, predicted [680])
attack: step 15/30, xent loss = 19.3529, l2 loss = 14.686 (max 14.95), (true 750, predicted [680])
attack: step 16/30, xent loss = 36.43, l2 loss = 15.5221 (max 14.95), (true 750, predicted [680])
attack: step 17/30, xent loss = 43.0619, l2 loss = 16.0389 (max 14.95), (true 750, predicted [680])
attack: step 18/30, xent loss = 37.6384, l2 loss = 16.8998 (max 14.95), (true 750, predicted [680])
attack: step 19/30, xent loss = 35.2406, l2 loss = 17.8932 (max 14.95), (true 750, predicted [680])
attack: step 20/30, xent loss = 37.6595, l2 loss = 18.4296 (max 14.95), (true 750, predicted [680])
attack: step 21/30, xent loss = 27.0259, l2 loss = 19.214 (max 14.95), (true 750, predicted [680])
attack: step 22/30, xent loss = 39.4115, l2 loss = 19.5433 (max 14.95), (true 750, predicted [680])
attack: step 23/30, xent loss = 49.3443, l2 loss = 20.0152 (max 14.95), (true 750, predicted [680])
attack: step 24/30, xent loss = 45.3779, l2 loss = 20.4489 (max 14.95), (true 750, predicted [680])
attack: step 25/30, xent loss = 43.9764, l2 loss = 21.0961 (max 14.95), (true 750, predicted [680])
attack: step 26/30, xent loss = 52.6479, l2 loss = 21.5425 (max 14.95), (true 750, predicted [680])
attack: step 27/30, xent loss = 50.2004, l2 loss = 22.279 (max 14.95), (true 750, predicted [680])
attack: step 28/30, xent loss = 60.2167, l2 loss = 22.6502 (max 14.95), (true 750, predicted [680])
attack: step 29/30, xent loss = 53.8364, l2 loss = 23.2051 (max 14.95), (true 750, predicted [680])
attack: step 30/30, xent loss = 45.7695, l2 loss = 23.9223 (max 14.95), (true 750, predicted [680])
check failed
true = 750, adv = 669
