2019-06-27 14:33:25.641901: I tensorflow/core/platform/cpu_feature_guard.cc:141] Your CPU supports instructions that this TensorFlow binary was not compiled to use: SSE4.1 SSE4.2 AVX AVX2 FMA
2019-06-27 14:33:25.912734: I tensorflow/core/platform/profile_utils/cpu_utils.cc:94] CPU Frequency: 2599830000 Hz
2019-06-27 14:33:26.068145: I tensorflow/compiler/xla/service/service.cc:150] XLA service 0x2aaae6ac0360 executing computations on platform Host. Devices:
2019-06-27 14:33:26.068489: I tensorflow/compiler/xla/service/service.cc:158]   StreamExecutor device (0): <undefined>, <undefined>
2019-06-27 14:33:26.070667: I tensorflow/core/common_runtime/process_util.cc:71] Creating new thread pool with default inter op setting: 2. Tune using inter_op_parallelism_threads for best performance.
evaluating 590 of [590, 600)
attack: step 1/10, xent loss = 0.83653, l2 loss = 3.0305 (max 14.95), (true 86, predicted [86])
attack: step 2/10, xent loss = 1.11853, l2 loss = 3.21832 (max 14.95), (true 86, predicted [82])
attack: step 3/10, xent loss = 1.20762, l2 loss = 3.39515 (max 14.95), (true 86, predicted [82])
attack: step 4/10, xent loss = 1.37654, l2 loss = 3.64661 (max 14.95), (true 86, predicted [82])
attack: step 5/10, xent loss = 1.62179, l2 loss = 3.90006 (max 14.95), (true 86, predicted [82])
attack: step 6/10, xent loss = 1.46111, l2 loss = 4.21944 (max 14.95), (true 86, predicted [82])
attack: step 7/10, xent loss = 1.32139, l2 loss = 4.6059 (max 14.95), (true 86, predicted [82])
attack: step 8/10, xent loss = 1.40961, l2 loss = 4.80471 (max 14.95), (true 86, predicted [82])
attack: step 9/10, xent loss = 1.75818, l2 loss = 5.03283 (max 14.95), (true 86, predicted [82])
attack: step 10/10, xent loss = 1.4394, l2 loss = 5.29282 (max 14.95), (true 86, predicted [82])
true = 86, adv = 82
evaluating 591 of [590, 600)
attack: step 1/10, xent loss = 18.5649, l2 loss = 25.8264 (max 14.95), (true 596, predicted [728])
attack: step 2/10, xent loss = 19.5117, l2 loss = 27.1185 (max 14.95), (true 596, predicted [728])
attack: step 3/10, xent loss = 23.0454, l2 loss = 28.5035 (max 14.95), (true 596, predicted [728])
attack: step 4/10, xent loss = 26.4705, l2 loss = 29.6786 (max 14.95), (true 596, predicted [728])
attack: step 5/10, xent loss = 27.1973, l2 loss = 30.8725 (max 14.95), (true 596, predicted [728])
attack: step 6/10, xent loss = 23.1476, l2 loss = 31.9873 (max 14.95), (true 596, predicted [728])
attack: step 7/10, xent loss = 24.5432, l2 loss = 33.3521 (max 14.95), (true 596, predicted [728])
attack: step 8/10, xent loss = 22.8187, l2 loss = 34.396 (max 14.95), (true 596, predicted [728])
attack: step 9/10, xent loss = 30.8567, l2 loss = 35.481 (max 14.95), (true 596, predicted [728])
attack: step 10/10, xent loss = 29.7531, l2 loss = 36.4663 (max 14.95), (true 596, predicted [728])
check failed
true = 596, adv = 728
evaluating 592 of [590, 600)
attack: step 1/10, xent loss = 0.0381469, l2 loss = 0.405256 (max 14.95), (true 129, predicted [129])
attack: step 2/10, xent loss = 0.0765041, l2 loss = 0.416037 (max 14.95), (true 129, predicted [129])
attack: step 3/10, xent loss = 0.07067, l2 loss = 0.450015 (max 14.95), (true 129, predicted [129])
attack: step 4/10, xent loss = 0.0475599, l2 loss = 0.474376 (max 14.95), (true 129, predicted [129])
attack: step 5/10, xent loss = 0.0324585, l2 loss = 0.49505 (max 14.95), (true 129, predicted [129])
attack: step 6/10, xent loss = 0.0527513, l2 loss = 0.509514 (max 14.95), (true 129, predicted [129])
attack: step 7/10, xent loss = 0.0357704, l2 loss = 0.527349 (max 14.95), (true 129, predicted [129])
attack: step 8/10, xent loss = 0.0988329, l2 loss = 0.537905 (max 14.95), (true 129, predicted [129])
attack: step 9/10, xent loss = 0.0467283, l2 loss = 0.576668 (max 14.95), (true 129, predicted [129])
attack: step 10/10, xent loss = 0.0366771, l2 loss = 0.594602 (max 14.95), (true 129, predicted [129])
true = 129, adv = 129
evaluating 593 of [590, 600)
attack: step 1/10, xent loss = 32.9754, l2 loss = 30.1009 (max 14.95), (true 112, predicted [728])
attack: step 2/10, xent loss = 34.2059, l2 loss = 31.49 (max 14.95), (true 112, predicted [728])
attack: step 3/10, xent loss = 36.5189, l2 loss = 32.8097 (max 14.95), (true 112, predicted [728])
attack: step 4/10, xent loss = 38.78, l2 loss = 33.7656 (max 14.95), (true 112, predicted [728])
attack: step 5/10, xent loss = 36.7966, l2 loss = 34.8279 (max 14.95), (true 112, predicted [728])
attack: step 6/10, xent loss = 41.7353, l2 loss = 35.8053 (max 14.95), (true 112, predicted [728])
attack: step 7/10, xent loss = 45.8493, l2 loss = 36.9692 (max 14.95), (true 112, predicted [728])
attack: step 8/10, xent loss = 43.2897, l2 loss = 38.1007 (max 14.95), (true 112, predicted [728])
attack: step 9/10, xent loss = 45.3541, l2 loss = 39.297 (max 14.95), (true 112, predicted [728])
attack: step 10/10, xent loss = 47.0266, l2 loss = 40.377 (max 14.95), (true 112, predicted [728])
check failed
true = 112, adv = 728
evaluating 594 of [590, 600)
attack: step 1/10, xent loss = 21.2284, l2 loss = 18.2297 (max 14.95), (true 7, predicted [728])
attack: step 2/10, xent loss = 21.8701, l2 loss = 19.4436 (max 14.95), (true 7, predicted [728])
attack: step 3/10, xent loss = 24.2764, l2 loss = 20.2643 (max 14.95), (true 7, predicted [728])
attack: step 4/10, xent loss = 23.3164, l2 loss = 21.5641 (max 14.95), (true 7, predicted [728])
attack: step 5/10, xent loss = 23.2072, l2 loss = 22.4995 (max 14.95), (true 7, predicted [728])
attack: step 6/10, xent loss = 20.3703, l2 loss = 23.7559 (max 14.95), (true 7, predicted [728])
attack: step 7/10, xent loss = 26.2548, l2 loss = 26.1605 (max 14.95), (true 7, predicted [728])
attack: step 8/10, xent loss = 27.9675, l2 loss = 26.8104 (max 14.95), (true 7, predicted [728])
attack: step 9/10, xent loss = 29.9308, l2 loss = 27.5274 (max 14.95), (true 7, predicted [728])
attack: step 10/10, xent loss = 29.5798, l2 loss = 28.6348 (max 14.95), (true 7, predicted [728])
check failed
true = 7, adv = 728
evaluating 595 of [590, 600)
attack: step 1/10, xent loss = 27.2925, l2 loss = 30.8024 (max 14.95), (true 214, predicted [728])
attack: step 2/10, xent loss = 28.4935, l2 loss = 32.3264 (max 14.95), (true 214, predicted [728])
attack: step 3/10, xent loss = 27.5607, l2 loss = 33.5152 (max 14.95), (true 214, predicted [728])
attack: step 4/10, xent loss = 32.5561, l2 loss = 34.9439 (max 14.95), (true 214, predicted [728])
attack: step 5/10, xent loss = 34.8663, l2 loss = 36.1852 (max 14.95), (true 214, predicted [728])
attack: step 6/10, xent loss = 32.2388, l2 loss = 37.2545 (max 14.95), (true 214, predicted [728])
attack: step 7/10, xent loss = 28.8209, l2 loss = 38.3545 (max 14.95), (true 214, predicted [728])
attack: step 8/10, xent loss = 30.0866, l2 loss = 40.0162 (max 14.95), (true 214, predicted [728])
attack: step 9/10, xent loss = 36.5375, l2 loss = 40.7871 (max 14.95), (true 214, predicted [728])
attack: step 10/10, xent loss = 38.2667, l2 loss = 41.5089 (max 14.95), (true 214, predicted [728])
check failed
true = 214, adv = 728
evaluating 596 of [590, 600)
attack: step 1/10, xent loss = 9.78652, l2 loss = 9.57998 (max 14.95), (true 888, predicted [509])
attack: step 2/10, xent loss = 10.6752, l2 loss = 10.1018 (max 14.95), (true 888, predicted [728])
attack: step 3/10, xent loss = 10.7247, l2 loss = 10.5573 (max 14.95), (true 888, predicted [450])
attack: step 4/10, xent loss = 11.8164, l2 loss = 11.2716 (max 14.95), (true 888, predicted [450])
attack: step 5/10, xent loss = 14.1505, l2 loss = 11.9358 (max 14.95), (true 888, predicted [450])
attack: step 6/10, xent loss = 14.2796, l2 loss = 14.4341 (max 14.95), (true 888, predicted [450])
attack: step 7/10, xent loss = 13.1054, l2 loss = 16.2727 (max 14.95), (true 888, predicted [450])
attack: step 8/10, xent loss = 11.5614, l2 loss = 18.0322 (max 14.95), (true 888, predicted [450])
attack: step 9/10, xent loss = 17.0992, l2 loss = 19.9386 (max 14.95), (true 888, predicted [450])
attack: step 10/10, xent loss = 15.2472, l2 loss = 20.7936 (max 14.95), (true 888, predicted [450])
check failed
true = 888, adv = 450
evaluating 597 of [590, 600)
attack: step 1/10, xent loss = 21.7319, l2 loss = 24.6324 (max 14.95), (true 281, predicted [723])
attack: step 2/10, xent loss = 25.2814, l2 loss = 26.6617 (max 14.95), (true 281, predicted [723])
attack: step 3/10, xent loss = 27.7579, l2 loss = 28.2072 (max 14.95), (true 281, predicted [723])
attack: step 4/10, xent loss = 28.338, l2 loss = 29.3662 (max 14.95), (true 281, predicted [723])
attack: step 5/10, xent loss = 30.9616, l2 loss = 30.6666 (max 14.95), (true 281, predicted [723])
attack: step 6/10, xent loss = 32.0211, l2 loss = 31.922 (max 14.95), (true 281, predicted [723])
attack: step 7/10, xent loss = 28.5445, l2 loss = 33.1503 (max 14.95), (true 281, predicted [723])
attack: step 8/10, xent loss = 29.5314, l2 loss = 34.2433 (max 14.95), (true 281, predicted [723])
attack: step 9/10, xent loss = 30.6606, l2 loss = 35.514 (max 14.95), (true 281, predicted [723])
attack: step 10/10, xent loss = 31.6806, l2 loss = 36.4743 (max 14.95), (true 281, predicted [723])
check failed
true = 281, adv = 723
evaluating 598 of [590, 600)
attack: step 1/10, xent loss = 10.8028, l2 loss = 13.5218 (max 14.95), (true 842, predicted [603])
attack: step 2/10, xent loss = 9.82834, l2 loss = 14.1573 (max 14.95), (true 842, predicted [603])
attack: step 3/10, xent loss = 10.9689, l2 loss = 14.9281 (max 14.95), (true 842, predicted [603])
attack: step 4/10, xent loss = 9.81762, l2 loss = 15.3239 (max 14.95), (true 842, predicted [603])
attack: step 5/10, xent loss = 11.5336, l2 loss = 15.872 (max 14.95), (true 842, predicted [603])
attack: step 6/10, xent loss = 10.4524, l2 loss = 16.2656 (max 14.95), (true 842, predicted [603])
attack: step 7/10, xent loss = 11.0284, l2 loss = 16.9101 (max 14.95), (true 842, predicted [603])
attack: step 8/10, xent loss = 11.6545, l2 loss = 17.3096 (max 14.95), (true 842, predicted [603])
attack: step 9/10, xent loss = 13.5439, l2 loss = 18.0182 (max 14.95), (true 842, predicted [603])
attack: step 10/10, xent loss = 12.7898, l2 loss = 18.4331 (max 14.95), (true 842, predicted [603])
check failed
true = 842, adv = 603
evaluating 599 of [590, 600)
attack: step 1/10, xent loss = 37.4749, l2 loss = 29.8939 (max 14.95), (true 261, predicted [728])
attack: step 2/10, xent loss = 33.5406, l2 loss = 31.2809 (max 14.95), (true 261, predicted [728])
attack: step 3/10, xent loss = 34.5488, l2 loss = 33.257 (max 14.95), (true 261, predicted [728])
attack: step 4/10, xent loss = 40.0594, l2 loss = 34.2541 (max 14.95), (true 261, predicted [728])
attack: step 5/10, xent loss = 36.3047, l2 loss = 35.4014 (max 14.95), (true 261, predicted [728])
attack: step 6/10, xent loss = 42.5255, l2 loss = 36.8506 (max 14.95), (true 261, predicted [728])
attack: step 7/10, xent loss = 42.3874, l2 loss = 38.0072 (max 14.95), (true 261, predicted [728])
attack: step 8/10, xent loss = 40.598, l2 loss = 38.9225 (max 14.95), (true 261, predicted [728])
attack: step 9/10, xent loss = 39.9826, l2 loss = 39.8544 (max 14.95), (true 261, predicted [728])
attack: step 10/10, xent loss = 46.4673, l2 loss = 40.8919 (max 14.95), (true 261, predicted [728])
check failed
true = 261, adv = 728
