2019-11-03 23:38:45.116746: I tensorflow/core/platform/cpu_feature_guard.cc:141] Your CPU supports instructions that this TensorFlow binary was not compiled to use: SSE4.1 SSE4.2 AVX AVX2 FMA
2019-11-03 23:38:45.155052: I tensorflow/core/platform/profile_utils/cpu_utils.cc:94] CPU Frequency: 2600235000 Hz
2019-11-03 23:38:45.155167: I tensorflow/compiler/xla/service/service.cc:150] XLA service 0x55555902ef80 executing computations on platform Host. Devices:
2019-11-03 23:38:45.155183: I tensorflow/compiler/xla/service/service.cc:158]   StreamExecutor device (0): <undefined>, <undefined>
2019-11-03 23:38:45.155360: I tensorflow/core/common_runtime/process_util.cc:71] Creating new thread pool with default inter op setting: 2. Tune using inter_op_parallelism_threads for best performance.
evaluating 830 of [830, 840)
attack: step 1/1, xent loss = 0.0151349, l2 loss = 19.7791 (max 14.95), (true 227, predicted [227])
check failed
true = 227, adv = 728
evaluating 831 of [830, 840)
attack: step 1/1, xent loss = 0.0397366, l2 loss = 15.6538 (max 14.95), (true 83, predicted [83])
check failed
true = 83, adv = 88
evaluating 832 of [830, 840)
attack: step 1/1, xent loss = 6.94118, l2 loss = 29.4524 (max 14.95), (true 5, predicted [50])
check failed
true = 5, adv = 36
evaluating 833 of [830, 840)
attack: step 1/1, xent loss = 7.4093, l2 loss = 34.7732 (max 14.95), (true 585, predicted [735])
check failed
true = 585, adv = 728
evaluating 834 of [830, 840)
attack: step 1/1, xent loss = 2.53365, l2 loss = 11.7164 (max 14.95), (true 846, predicted [619])
true = 846, adv = 619
evaluating 835 of [830, 840)
attack: step 1/1, xent loss = 0.521081, l2 loss = 23.3102 (max 14.95), (true 110, predicted [110])
check failed
true = 110, adv = 728
evaluating 836 of [830, 840)
attack: step 1/1, xent loss = 1.20842, l2 loss = 18.9047 (max 14.95), (true 723, predicted [723])
check failed
true = 723, adv = 607
evaluating 837 of [830, 840)
attack: step 1/1, xent loss = 0.907291, l2 loss = 13.4644 (max 14.95), (true 819, predicted [819])
true = 819, adv = 408
evaluating 838 of [830, 840)
attack: step 1/1, xent loss = 0.737319, l2 loss = 23.8085 (max 14.95), (true 373, predicted [373])
check failed
true = 373, adv = 728
evaluating 839 of [830, 840)
attack: step 1/1, xent loss = 1.58742, l2 loss = 5.31171 (max 14.95), (true 416, predicted [602])
true = 416, adv = 416
