2019-06-28 22:38:53.096084: I tensorflow/core/platform/cpu_feature_guard.cc:141] Your CPU supports instructions that this TensorFlow binary was not compiled to use: SSE4.1 SSE4.2 AVX AVX2 FMA
2019-06-28 22:38:53.332253: I tensorflow/core/platform/profile_utils/cpu_utils.cc:94] CPU Frequency: 2600025000 Hz
2019-06-28 22:38:53.435614: I tensorflow/compiler/xla/service/service.cc:150] XLA service 0x2aaae6e49ba0 executing computations on platform Host. Devices:
2019-06-28 22:38:53.435656: I tensorflow/compiler/xla/service/service.cc:158]   StreamExecutor device (0): <undefined>, <undefined>
2019-06-28 22:38:53.441087: I tensorflow/core/common_runtime/process_util.cc:71] Creating new thread pool with default inter op setting: 2. Tune using inter_op_parallelism_threads for best performance.
evaluating 410 of [410, 420)
attack: step 1/10, xent loss = 14.6443, l2 loss = 25.297 (max 14.95), (true 230, predicted [643])
attack: step 2/10, xent loss = 15.5952, l2 loss = 26.037 (max 14.95), (true 230, predicted [643])
attack: step 3/10, xent loss = 18.8256, l2 loss = 27.5633 (max 14.95), (true 230, predicted [643])
attack: step 4/10, xent loss = 15.7441, l2 loss = 28.8314 (max 14.95), (true 230, predicted [643])
attack: step 5/10, xent loss = 19.6496, l2 loss = 29.6188 (max 14.95), (true 230, predicted [643])
attack: step 6/10, xent loss = 16.4784, l2 loss = 31.4232 (max 14.95), (true 230, predicted [643])
attack: step 7/10, xent loss = 18.5008, l2 loss = 32.3457 (max 14.95), (true 230, predicted [643])
attack: step 8/10, xent loss = 20.4906, l2 loss = 33.168 (max 14.95), (true 230, predicted [643])
attack: step 9/10, xent loss = 17.7239, l2 loss = 33.8879 (max 14.95), (true 230, predicted [643])
attack: step 10/10, xent loss = 17.4514, l2 loss = 34.4814 (max 14.95), (true 230, predicted [643])
check failed
true = 230, adv = 643
evaluating 411 of [410, 420)
attack: step 1/10, xent loss = 9.91798, l2 loss = 19.6002 (max 14.95), (true 467, predicted [448])
attack: step 2/10, xent loss = 8.93192, l2 loss = 21.1698 (max 14.95), (true 467, predicted [448])
attack: step 3/10, xent loss = 8.65043, l2 loss = 21.9623 (max 14.95), (true 467, predicted [448])
attack: step 4/10, xent loss = 10.4763, l2 loss = 22.9995 (max 14.95), (true 467, predicted [448])
attack: step 5/10, xent loss = 11.3536, l2 loss = 24.2032 (max 14.95), (true 467, predicted [448])
attack: step 6/10, xent loss = 10.8602, l2 loss = 25.3553 (max 14.95), (true 467, predicted [448])
attack: step 7/10, xent loss = 10.2664, l2 loss = 26.6267 (max 14.95), (true 467, predicted [448])
attack: step 8/10, xent loss = 13.7656, l2 loss = 27.5901 (max 14.95), (true 467, predicted [448])
attack: step 9/10, xent loss = 14.5359, l2 loss = 28.5266 (max 14.95), (true 467, predicted [448])
attack: step 10/10, xent loss = 14.7065, l2 loss = 29.2991 (max 14.95), (true 467, predicted [448])
check failed
true = 467, adv = 448
evaluating 412 of [410, 420)
attack: step 1/10, xent loss = 7.80216, l2 loss = 13.1022 (max 14.95), (true 664, predicted [894])
attack: step 2/10, xent loss = 7.78058, l2 loss = 13.6909 (max 14.95), (true 664, predicted [894])
attack: step 3/10, xent loss = 8.89043, l2 loss = 14.1983 (max 14.95), (true 664, predicted [894])
attack: step 4/10, xent loss = 8.11926, l2 loss = 14.5978 (max 14.95), (true 664, predicted [894])
attack: step 5/10, xent loss = 10.7315, l2 loss = 15.0851 (max 14.95), (true 664, predicted [894])
attack: step 6/10, xent loss = 8.346, l2 loss = 16.033 (max 14.95), (true 664, predicted [894])
attack: step 7/10, xent loss = 10.0977, l2 loss = 16.3975 (max 14.95), (true 664, predicted [894])
attack: step 8/10, xent loss = 12.2411, l2 loss = 17.2817 (max 14.95), (true 664, predicted [894])
attack: step 9/10, xent loss = 11.7318, l2 loss = 17.9562 (max 14.95), (true 664, predicted [894])
attack: step 10/10, xent loss = 11.7249, l2 loss = 18.629 (max 14.95), (true 664, predicted [894])
check failed
true = 664, adv = 894
evaluating 413 of [410, 420)
attack: step 1/10, xent loss = 18.9176, l2 loss = 23.9925 (max 14.95), (true 973, predicted [728])
attack: step 2/10, xent loss = 18.8626, l2 loss = 25.1368 (max 14.95), (true 973, predicted [728])
attack: step 3/10, xent loss = 16.4592, l2 loss = 26.6703 (max 14.95), (true 973, predicted [728])
attack: step 4/10, xent loss = 22.209, l2 loss = 27.8365 (max 14.95), (true 973, predicted [728])
attack: step 5/10, xent loss = 20.8098, l2 loss = 28.8609 (max 14.95), (true 973, predicted [728])
attack: step 6/10, xent loss = 23.5329, l2 loss = 29.8948 (max 14.95), (true 973, predicted [728])
attack: step 7/10, xent loss = 25.8576, l2 loss = 30.7803 (max 14.95), (true 973, predicted [728])
attack: step 8/10, xent loss = 23.5898, l2 loss = 31.8168 (max 14.95), (true 973, predicted [728])
attack: step 9/10, xent loss = 25.3457, l2 loss = 32.8609 (max 14.95), (true 973, predicted [728])
attack: step 10/10, xent loss = 24.57, l2 loss = 34.3146 (max 14.95), (true 973, predicted [728])
check failed
true = 973, adv = 728
evaluating 414 of [410, 420)
attack: step 1/10, xent loss = 7.87493, l2 loss = 22.2694 (max 14.95), (true 579, predicted [879])
attack: step 2/10, xent loss = 8.84876, l2 loss = 22.6784 (max 14.95), (true 579, predicted [564])
attack: step 3/10, xent loss = 9.29332, l2 loss = 22.8001 (max 14.95), (true 579, predicted [879])
attack: step 4/10, xent loss = 10.3905, l2 loss = 23.2935 (max 14.95), (true 579, predicted [879])
attack: step 5/10, xent loss = 11.214, l2 loss = 23.6782 (max 14.95), (true 579, predicted [879])
attack: step 6/10, xent loss = 9.26565, l2 loss = 24.9333 (max 14.95), (true 579, predicted [879])
attack: step 7/10, xent loss = 9.90493, l2 loss = 25.927 (max 14.95), (true 579, predicted [830])
attack: step 8/10, xent loss = 10.0726, l2 loss = 26.1473 (max 14.95), (true 579, predicted [830])
attack: step 9/10, xent loss = 11.7707, l2 loss = 26.4498 (max 14.95), (true 579, predicted [879])
attack: step 10/10, xent loss = 9.76815, l2 loss = 27.6189 (max 14.95), (true 579, predicted [879])
check failed
true = 579, adv = 879
evaluating 415 of [410, 420)
attack: step 1/10, xent loss = 15.9165, l2 loss = 22.0448 (max 14.95), (true 57, predicted [62])
attack: step 2/10, xent loss = 16.7456, l2 loss = 22.9246 (max 14.95), (true 57, predicted [62])
attack: step 3/10, xent loss = 18.917, l2 loss = 23.4786 (max 14.95), (true 57, predicted [62])
attack: step 4/10, xent loss = 18.4701, l2 loss = 24.5516 (max 14.95), (true 57, predicted [62])
attack: step 5/10, xent loss = 22.7819, l2 loss = 25.3648 (max 14.95), (true 57, predicted [62])
attack: step 6/10, xent loss = 20.0143, l2 loss = 26.3105 (max 14.95), (true 57, predicted [62])
attack: step 7/10, xent loss = 20.2358, l2 loss = 26.7864 (max 14.95), (true 57, predicted [62])
attack: step 8/10, xent loss = 22.4821, l2 loss = 27.626 (max 14.95), (true 57, predicted [62])
attack: step 9/10, xent loss = 24.6687, l2 loss = 28.1594 (max 14.95), (true 57, predicted [62])
attack: step 10/10, xent loss = 19.5639, l2 loss = 28.7656 (max 14.95), (true 57, predicted [62])
check failed
true = 57, adv = 62
evaluating 416 of [410, 420)
attack: step 1/10, xent loss = 10.2293, l2 loss = 13.2202 (max 14.95), (true 868, predicted [728])
attack: step 2/10, xent loss = 10.2807, l2 loss = 14.1342 (max 14.95), (true 868, predicted [728])
attack: step 3/10, xent loss = 12.1438, l2 loss = 14.9412 (max 14.95), (true 868, predicted [728])
attack: step 4/10, xent loss = 10.8605, l2 loss = 15.8228 (max 14.95), (true 868, predicted [728])
attack: step 5/10, xent loss = 11.9049, l2 loss = 16.5249 (max 14.95), (true 868, predicted [728])
attack: step 6/10, xent loss = 13.578, l2 loss = 17.2089 (max 14.95), (true 868, predicted [728])
attack: step 7/10, xent loss = 12.8144, l2 loss = 18.0263 (max 14.95), (true 868, predicted [728])
attack: step 8/10, xent loss = 14.2656, l2 loss = 18.7288 (max 14.95), (true 868, predicted [728])
attack: step 9/10, xent loss = 13.5396, l2 loss = 19.4378 (max 14.95), (true 868, predicted [728])
attack: step 10/10, xent loss = 14.6639, l2 loss = 20.1885 (max 14.95), (true 868, predicted [728])
check failed
true = 868, adv = 728
evaluating 417 of [410, 420)
attack: step 1/10, xent loss = 20.9777, l2 loss = 28.1016 (max 14.95), (true 355, predicted [728])
attack: step 2/10, xent loss = 20.3432, l2 loss = 30.0491 (max 14.95), (true 355, predicted [728])
attack: step 3/10, xent loss = 21.0206, l2 loss = 32.6208 (max 14.95), (true 355, predicted [728])
attack: step 4/10, xent loss = 24.3526, l2 loss = 34.3687 (max 14.95), (true 355, predicted [728])
attack: step 5/10, xent loss = 21.4788, l2 loss = 36.0629 (max 14.95), (true 355, predicted [728])
attack: step 6/10, xent loss = 26.1458, l2 loss = 37.4223 (max 14.95), (true 355, predicted [728])
attack: step 7/10, xent loss = 22.5824, l2 loss = 38.9626 (max 14.95), (true 355, predicted [728])
attack: step 8/10, xent loss = 24.97, l2 loss = 40.1365 (max 14.95), (true 355, predicted [728])
attack: step 9/10, xent loss = 24.2502, l2 loss = 41.5318 (max 14.95), (true 355, predicted [728])
attack: step 10/10, xent loss = 29.5577, l2 loss = 42.5585 (max 14.95), (true 355, predicted [728])
check failed
true = 355, adv = 728
evaluating 418 of [410, 420)
attack: step 1/10, xent loss = 7.53467, l2 loss = 7.59498 (max 14.95), (true 958, predicted [728])
attack: step 2/10, xent loss = 7.17638, l2 loss = 7.76623 (max 14.95), (true 958, predicted [950])
attack: step 3/10, xent loss = 6.99846, l2 loss = 7.97976 (max 14.95), (true 958, predicted [692])
attack: step 4/10, xent loss = 6.68768, l2 loss = 8.25047 (max 14.95), (true 958, predicted [728])
attack: step 5/10, xent loss = 7.11266, l2 loss = 8.50451 (max 14.95), (true 958, predicted [950])
attack: step 6/10, xent loss = 7.46247, l2 loss = 8.74108 (max 14.95), (true 958, predicted [950])
attack: step 7/10, xent loss = 7.83505, l2 loss = 8.93846 (max 14.95), (true 958, predicted [728])
attack: step 8/10, xent loss = 7.50796, l2 loss = 9.2053 (max 14.95), (true 958, predicted [728])
attack: step 9/10, xent loss = 7.4418, l2 loss = 9.4824 (max 14.95), (true 958, predicted [692])
attack: step 10/10, xent loss = 7.36658, l2 loss = 9.7036 (max 14.95), (true 958, predicted [728])
true = 958, adv = 728
evaluating 419 of [410, 420)
attack: step 1/10, xent loss = 3.32935, l2 loss = 9.64221 (max 14.95), (true 453, predicted [493])
attack: step 2/10, xent loss = 4.53432, l2 loss = 10.496 (max 14.95), (true 453, predicted [492])
attack: step 3/10, xent loss = 4.64594, l2 loss = 10.9077 (max 14.95), (true 453, predicted [492])
attack: step 4/10, xent loss = 4.33053, l2 loss = 11.5303 (max 14.95), (true 453, predicted [492])
attack: step 5/10, xent loss = 5.62769, l2 loss = 12.1855 (max 14.95), (true 453, predicted [410])
attack: step 6/10, xent loss = 5.78749, l2 loss = 12.8179 (max 14.95), (true 453, predicted [492])
attack: step 7/10, xent loss = 5.37504, l2 loss = 13.389 (max 14.95), (true 453, predicted [492])
attack: step 8/10, xent loss = 5.51631, l2 loss = 13.8976 (max 14.95), (true 453, predicted [492])
attack: step 9/10, xent loss = 6.06627, l2 loss = 14.4699 (max 14.95), (true 453, predicted [492])
attack: step 10/10, xent loss = 5.99806, l2 loss = 14.9945 (max 14.95), (true 453, predicted [492])
check failed
true = 453, adv = 492
