2019-06-27 15:16:15.092270: I tensorflow/core/platform/cpu_feature_guard.cc:141] Your CPU supports instructions that this TensorFlow binary was not compiled to use: SSE4.1 SSE4.2 AVX AVX2 FMA
2019-06-27 15:16:15.097222: I tensorflow/core/platform/profile_utils/cpu_utils.cc:94] CPU Frequency: 2599845000 Hz
2019-06-27 15:16:15.097343: I tensorflow/compiler/xla/service/service.cc:150] XLA service 0x2aaae6d4a3a0 executing computations on platform Host. Devices:
2019-06-27 15:16:15.097359: I tensorflow/compiler/xla/service/service.cc:158]   StreamExecutor device (0): <undefined>, <undefined>
2019-06-27 15:16:15.097540: I tensorflow/core/common_runtime/process_util.cc:71] Creating new thread pool with default inter op setting: 2. Tune using inter_op_parallelism_threads for best performance.
evaluating 840 of [840, 850)
attack: step 1/10, xent loss = 1.54671, l2 loss = 4.54896 (max 14.95), (true 46, predicted [40])
attack: step 2/10, xent loss = 1.90232, l2 loss = 5.11099 (max 14.95), (true 46, predicted [40])
attack: step 3/10, xent loss = 1.79584, l2 loss = 5.51324 (max 14.95), (true 46, predicted [40])
attack: step 4/10, xent loss = 1.6507, l2 loss = 5.87281 (max 14.95), (true 46, predicted [40])
attack: step 5/10, xent loss = 2.26818, l2 loss = 6.26021 (max 14.95), (true 46, predicted [40])
attack: step 6/10, xent loss = 2.80314, l2 loss = 6.71393 (max 14.95), (true 46, predicted [40])
attack: step 7/10, xent loss = 2.61134, l2 loss = 7.17122 (max 14.95), (true 46, predicted [40])
attack: step 8/10, xent loss = 2.64952, l2 loss = 7.73349 (max 14.95), (true 46, predicted [40])
attack: step 9/10, xent loss = 3.09708, l2 loss = 8.30822 (max 14.95), (true 46, predicted [40])
attack: step 10/10, xent loss = 2.89615, l2 loss = 8.81987 (max 14.95), (true 46, predicted [40])
true = 46, adv = 40
evaluating 841 of [840, 850)
attack: step 1/10, xent loss = 0.0405355, l2 loss = 6.67308 (max 14.95), (true 746, predicted [746])
attack: step 2/10, xent loss = 0.626362, l2 loss = 6.68544 (max 14.95), (true 746, predicted [746])
attack: step 3/10, xent loss = 0.0978103, l2 loss = 7.49359 (max 14.95), (true 746, predicted [746])
attack: step 4/10, xent loss = 0.811297, l2 loss = 7.55068 (max 14.95), (true 746, predicted [746])
attack: step 5/10, xent loss = 0.605718, l2 loss = 8.17159 (max 14.95), (true 746, predicted [746])
attack: step 6/10, xent loss = 0.143144, l2 loss = 8.65754 (max 14.95), (true 746, predicted [746])
attack: step 7/10, xent loss = 0.406581, l2 loss = 8.73742 (max 14.95), (true 746, predicted [746])
attack: step 8/10, xent loss = 1.56655, l2 loss = 9.21267 (max 14.95), (true 746, predicted [746])
attack: step 9/10, xent loss = 4.17453, l2 loss = 10.7491 (max 14.95), (true 746, predicted [169])
attack: step 10/10, xent loss = 0.109371, l2 loss = 11.6456 (max 14.95), (true 746, predicted [746])
true = 746, adv = 176
evaluating 842 of [840, 850)
attack: step 1/10, xent loss = 30.8449, l2 loss = 28.5674 (max 14.95), (true 258, predicted [728])
attack: step 2/10, xent loss = 32.2481, l2 loss = 30.7655 (max 14.95), (true 258, predicted [728])
attack: step 3/10, xent loss = 34.2058, l2 loss = 31.8986 (max 14.95), (true 258, predicted [728])
attack: step 4/10, xent loss = 36.9729, l2 loss = 33.0408 (max 14.95), (true 258, predicted [728])
attack: step 5/10, xent loss = 37.949, l2 loss = 34.5171 (max 14.95), (true 258, predicted [728])
attack: step 6/10, xent loss = 35.0552, l2 loss = 35.5541 (max 14.95), (true 258, predicted [728])
attack: step 7/10, xent loss = 35.1881, l2 loss = 37.0652 (max 14.95), (true 258, predicted [728])
attack: step 8/10, xent loss = 40.997, l2 loss = 38.3588 (max 14.95), (true 258, predicted [728])
attack: step 9/10, xent loss = 42.9783, l2 loss = 39.5035 (max 14.95), (true 258, predicted [728])
attack: step 10/10, xent loss = 42.3971, l2 loss = 40.4052 (max 14.95), (true 258, predicted [728])
check failed
true = 258, adv = 728
evaluating 843 of [840, 850)
attack: step 1/10, xent loss = 13.6277, l2 loss = 20.3762 (max 14.95), (true 58, predicted [616])
attack: step 2/10, xent loss = 14.3437, l2 loss = 21.7346 (max 14.95), (true 58, predicted [616])
attack: step 3/10, xent loss = 15.9891, l2 loss = 22.5758 (max 14.95), (true 58, predicted [616])
attack: step 4/10, xent loss = 14.7401, l2 loss = 23.1062 (max 14.95), (true 58, predicted [616])
attack: step 5/10, xent loss = 13.8581, l2 loss = 24.2832 (max 14.95), (true 58, predicted [616])
attack: step 6/10, xent loss = 16.7477, l2 loss = 26.123 (max 14.95), (true 58, predicted [616])
attack: step 7/10, xent loss = 17.3627, l2 loss = 26.896 (max 14.95), (true 58, predicted [616])
attack: step 8/10, xent loss = 18.9148, l2 loss = 27.6564 (max 14.95), (true 58, predicted [616])
attack: step 9/10, xent loss = 17.8552, l2 loss = 28.2599 (max 14.95), (true 58, predicted [616])
attack: step 10/10, xent loss = 20.4354, l2 loss = 29.0412 (max 14.95), (true 58, predicted [616])
check failed
true = 58, adv = 616
evaluating 844 of [840, 850)
attack: step 1/10, xent loss = 17.804, l2 loss = 23.3889 (max 14.95), (true 156, predicted [805])
attack: step 2/10, xent loss = 17.3292, l2 loss = 24.9354 (max 14.95), (true 156, predicted [805])
attack: step 3/10, xent loss = 20.5056, l2 loss = 26.9532 (max 14.95), (true 156, predicted [805])
attack: step 4/10, xent loss = 23.375, l2 loss = 28.2896 (max 14.95), (true 156, predicted [805])
attack: step 5/10, xent loss = 26.5959, l2 loss = 29.8476 (max 14.95), (true 156, predicted [805])
attack: step 6/10, xent loss = 22.3543, l2 loss = 31.3077 (max 14.95), (true 156, predicted [805])
attack: step 7/10, xent loss = 23.3663, l2 loss = 32.7274 (max 14.95), (true 156, predicted [805])
attack: step 8/10, xent loss = 18.1447, l2 loss = 35.3103 (max 14.95), (true 156, predicted [805])
attack: step 9/10, xent loss = 27.2918, l2 loss = 36.5018 (max 14.95), (true 156, predicted [805])
attack: step 10/10, xent loss = 25.14, l2 loss = 38.3583 (max 14.95), (true 156, predicted [805])
check failed
true = 156, adv = 805
evaluating 845 of [840, 850)
attack: step 1/10, xent loss = 0.0230585, l2 loss = 0.527949 (max 14.95), (true 427, predicted [427])
attack: step 2/10, xent loss = 0.120492, l2 loss = 0.53707 (max 14.95), (true 427, predicted [427])
attack: step 3/10, xent loss = 0.0284911, l2 loss = 0.726482 (max 14.95), (true 427, predicted [427])
attack: step 4/10, xent loss = 0.0557117, l2 loss = 0.736866 (max 14.95), (true 427, predicted [427])
attack: step 5/10, xent loss = 0.0303781, l2 loss = 0.794832 (max 14.95), (true 427, predicted [427])
attack: step 6/10, xent loss = 0.0571548, l2 loss = 0.806145 (max 14.95), (true 427, predicted [427])
attack: step 7/10, xent loss = 0.0426744, l2 loss = 0.845808 (max 14.95), (true 427, predicted [427])
attack: step 8/10, xent loss = 0.058759, l2 loss = 0.873333 (max 14.95), (true 427, predicted [427])
attack: step 9/10, xent loss = 0.0380965, l2 loss = 0.921641 (max 14.95), (true 427, predicted [427])
attack: step 10/10, xent loss = 0.0377662, l2 loss = 0.943062 (max 14.95), (true 427, predicted [427])
true = 427, adv = 427
evaluating 846 of [840, 850)
attack: step 1/10, xent loss = 7.97868, l2 loss = 12.043 (max 14.95), (true 982, predicted [735])
attack: step 2/10, xent loss = 8.73883, l2 loss = 12.7224 (max 14.95), (true 982, predicted [735])
attack: step 3/10, xent loss = 11.0402, l2 loss = 13.3871 (max 14.95), (true 982, predicted [735])
attack: step 4/10, xent loss = 9.59581, l2 loss = 14.2304 (max 14.95), (true 982, predicted [735])
attack: step 5/10, xent loss = 9.51873, l2 loss = 14.9136 (max 14.95), (true 982, predicted [735])
attack: step 6/10, xent loss = 9.88851, l2 loss = 15.4504 (max 14.95), (true 982, predicted [735])
attack: step 7/10, xent loss = 10.7014, l2 loss = 15.9339 (max 14.95), (true 982, predicted [735])
attack: step 8/10, xent loss = 9.62072, l2 loss = 16.477 (max 14.95), (true 982, predicted [459])
attack: step 9/10, xent loss = 10.955, l2 loss = 16.7476 (max 14.95), (true 982, predicted [735])
attack: step 10/10, xent loss = 12.281, l2 loss = 17.3964 (max 14.95), (true 982, predicted [735])
check failed
true = 982, adv = 735
evaluating 847 of [840, 850)
attack: step 1/10, xent loss = 9.55881, l2 loss = 14.8069 (max 14.95), (true 309, predicted [303])
attack: step 2/10, xent loss = 10.292, l2 loss = 15.267 (max 14.95), (true 309, predicted [303])
attack: step 3/10, xent loss = 10.8099, l2 loss = 16.0473 (max 14.95), (true 309, predicted [303])
attack: step 4/10, xent loss = 11.0561, l2 loss = 16.6082 (max 14.95), (true 309, predicted [303])
attack: step 5/10, xent loss = 12.9553, l2 loss = 17.1358 (max 14.95), (true 309, predicted [303])
attack: step 6/10, xent loss = 12.906, l2 loss = 17.5318 (max 14.95), (true 309, predicted [303])
attack: step 7/10, xent loss = 13.1274, l2 loss = 18.1502 (max 14.95), (true 309, predicted [303])
attack: step 8/10, xent loss = 11.8895, l2 loss = 19.0151 (max 14.95), (true 309, predicted [303])
attack: step 9/10, xent loss = 13.3349, l2 loss = 19.6474 (max 14.95), (true 309, predicted [303])
attack: step 10/10, xent loss = 14.2603, l2 loss = 20.0308 (max 14.95), (true 309, predicted [303])
check failed
true = 309, adv = 303
evaluating 848 of [840, 850)
attack: step 1/10, xent loss = 19.0042, l2 loss = 18.9826 (max 14.95), (true 647, predicted [465])
attack: step 2/10, xent loss = 18.5543, l2 loss = 19.7123 (max 14.95), (true 647, predicted [465])
attack: step 3/10, xent loss = 19.2278, l2 loss = 20.5852 (max 14.95), (true 647, predicted [465])
attack: step 4/10, xent loss = 22.0125, l2 loss = 21.1356 (max 14.95), (true 647, predicted [465])
attack: step 5/10, xent loss = 22.7889, l2 loss = 21.8371 (max 14.95), (true 647, predicted [465])
attack: step 6/10, xent loss = 22.1497, l2 loss = 22.5441 (max 14.95), (true 647, predicted [465])
attack: step 7/10, xent loss = 23.027, l2 loss = 23.4688 (max 14.95), (true 647, predicted [465])
attack: step 8/10, xent loss = 24.4945, l2 loss = 24.0528 (max 14.95), (true 647, predicted [465])
attack: step 9/10, xent loss = 24.9853, l2 loss = 24.5886 (max 14.95), (true 647, predicted [465])
attack: step 10/10, xent loss = 24.9804, l2 loss = 25.4888 (max 14.95), (true 647, predicted [465])
check failed
true = 647, adv = 465
evaluating 849 of [840, 850)
attack: step 1/10, xent loss = 10.5876, l2 loss = 12.8771 (max 14.95), (true 941, predicted [940])
attack: step 2/10, xent loss = 11.5848, l2 loss = 13.451 (max 14.95), (true 941, predicted [940])
attack: step 3/10, xent loss = 11.8062, l2 loss = 14.0852 (max 14.95), (true 941, predicted [940])
attack: step 4/10, xent loss = 11.6518, l2 loss = 14.5984 (max 14.95), (true 941, predicted [940])
attack: step 5/10, xent loss = 13.3215, l2 loss = 15.0567 (max 14.95), (true 941, predicted [940])
attack: step 6/10, xent loss = 12.9406, l2 loss = 15.45 (max 14.95), (true 941, predicted [940])
attack: step 7/10, xent loss = 13.7627, l2 loss = 15.8645 (max 14.95), (true 941, predicted [940])
attack: step 8/10, xent loss = 13.7945, l2 loss = 16.3187 (max 14.95), (true 941, predicted [940])
attack: step 9/10, xent loss = 13.4529, l2 loss = 16.7353 (max 14.95), (true 941, predicted [940])
attack: step 10/10, xent loss = 14.4011, l2 loss = 17.2128 (max 14.95), (true 941, predicted [940])
check failed
true = 941, adv = 940
