2019-06-06 00:07:13.920862: I tensorflow/core/platform/cpu_feature_guard.cc:141] Your CPU supports instructions that this TensorFlow binary was not compiled to use: SSE4.1 SSE4.2 AVX AVX2 FMA
2019-06-06 00:07:14.494248: I tensorflow/core/platform/profile_utils/cpu_utils.cc:94] CPU Frequency: 2600030000 Hz
2019-06-06 00:07:14.504045: I tensorflow/compiler/xla/service/service.cc:150] XLA service 0x2aaae6fbd580 executing computations on platform Host. Devices:
2019-06-06 00:07:14.504090: I tensorflow/compiler/xla/service/service.cc:158]   StreamExecutor device (0): <undefined>, <undefined>
2019-06-06 00:07:14.504436: I tensorflow/core/common_runtime/process_util.cc:71] Creating new thread pool with default inter op setting: 2. Tune using inter_op_parallelism_threads for best performance.
evaluating 410 of [410, 420)
attack: step 1/10, xent loss = 7.43228, l2 loss = 0 (max 14.95), (true 230, predicted [601])
attack: step 2/10, xent loss = 8.50003, l2 loss = 4.97636 (max 14.95), (true 230, predicted [728])
attack: step 3/10, xent loss = 9.22716, l2 loss = 6.68995 (max 14.95), (true 230, predicted [728])
attack: step 4/10, xent loss = 9.72691, l2 loss = 9.22136 (max 14.95), (true 230, predicted [879])
attack: step 5/10, xent loss = 9.04528, l2 loss = 14.0373 (max 14.95), (true 230, predicted [728])
attack: step 6/10, xent loss = 8.01249, l2 loss = 14.9567 (max 14.95), (true 230, predicted [728])
attack: step 7/10, xent loss = 8.88587, l2 loss = 15.9157 (max 14.95), (true 230, predicted [728])
attack: step 8/10, xent loss = 9.77785, l2 loss = 17.0258 (max 14.95), (true 230, predicted [728])
attack: step 9/10, xent loss = 9.13738, l2 loss = 18.1153 (max 14.95), (true 230, predicted [728])
attack: step 10/10, xent loss = 9.61645, l2 loss = 19.6412 (max 14.95), (true 230, predicted [728])
check failed
true = 230, adv = 728
evaluating 411 of [410, 420)
attack: step 1/10, xent loss = 6.3223, l2 loss = 0 (max 14.95), (true 467, predicted [448])
attack: step 2/10, xent loss = 6.44999, l2 loss = 2.73556 (max 14.95), (true 467, predicted [879])
attack: step 3/10, xent loss = 5.84107, l2 loss = 4.30597 (max 14.95), (true 467, predicted [448])
attack: step 4/10, xent loss = 6.74857, l2 loss = 4.98501 (max 14.95), (true 467, predicted [607])
attack: step 5/10, xent loss = 5.91689, l2 loss = 5.54442 (max 14.95), (true 467, predicted [607])
attack: step 6/10, xent loss = 7.0866, l2 loss = 6.10616 (max 14.95), (true 467, predicted [478])
attack: step 7/10, xent loss = 5.3458, l2 loss = 6.69294 (max 14.95), (true 467, predicted [788])
attack: step 8/10, xent loss = 6.41571, l2 loss = 7.63945 (max 14.95), (true 467, predicted [607])
attack: step 9/10, xent loss = 6.29854, l2 loss = 8.35187 (max 14.95), (true 467, predicted [478])
attack: step 10/10, xent loss = 7.37671, l2 loss = 8.87496 (max 14.95), (true 467, predicted [879])
true = 467, adv = 879
evaluating 412 of [410, 420)
attack: step 1/10, xent loss = 5.69266, l2 loss = 0 (max 14.95), (true 664, predicted [894])
attack: step 2/10, xent loss = 6.34423, l2 loss = 5.53017 (max 14.95), (true 664, predicted [728])
attack: step 3/10, xent loss = 6.57636, l2 loss = 6.66433 (max 14.95), (true 664, predicted [894])
attack: step 4/10, xent loss = 6.88697, l2 loss = 7.84258 (max 14.95), (true 664, predicted [894])
attack: step 5/10, xent loss = 6.18822, l2 loss = 9.40812 (max 14.95), (true 664, predicted [728])
attack: step 6/10, xent loss = 8.77462, l2 loss = 10.2763 (max 14.95), (true 664, predicted [894])
attack: step 7/10, xent loss = 7.47592, l2 loss = 10.9309 (max 14.95), (true 664, predicted [728])
attack: step 8/10, xent loss = 6.05262, l2 loss = 11.8225 (max 14.95), (true 664, predicted [894])
attack: step 9/10, xent loss = 7.41447, l2 loss = 12.7487 (max 14.95), (true 664, predicted [894])
attack: step 10/10, xent loss = 7.39708, l2 loss = 13.3807 (max 14.95), (true 664, predicted [894])
true = 664, adv = 728
evaluating 413 of [410, 420)
attack: step 1/10, xent loss = 5.94014, l2 loss = 0 (max 14.95), (true 973, predicted [509])
attack: step 2/10, xent loss = 6.51576, l2 loss = 3.13437 (max 14.95), (true 973, predicted [728])
attack: step 3/10, xent loss = 6.93174, l2 loss = 3.86242 (max 14.95), (true 973, predicted [728])
attack: step 4/10, xent loss = 7.58188, l2 loss = 6.8088 (max 14.95), (true 973, predicted [728])
attack: step 5/10, xent loss = 7.05292, l2 loss = 9.26159 (max 14.95), (true 973, predicted [728])
attack: step 6/10, xent loss = 9.26377, l2 loss = 10.4268 (max 14.95), (true 973, predicted [728])
attack: step 7/10, xent loss = 8.3672, l2 loss = 12.7997 (max 14.95), (true 973, predicted [728])
attack: step 8/10, xent loss = 8.2125, l2 loss = 15.4223 (max 14.95), (true 973, predicted [728])
attack: step 9/10, xent loss = 6.35754, l2 loss = 16.5293 (max 14.95), (true 973, predicted [728])
attack: step 10/10, xent loss = 7.96643, l2 loss = 16.8784 (max 14.95), (true 973, predicted [728])
check failed
true = 973, adv = 728
evaluating 414 of [410, 420)
attack: step 1/10, xent loss = 10.5629, l2 loss = 0 (max 14.95), (true 579, predicted [879])
attack: step 2/10, xent loss = 6.23932, l2 loss = 7.83281 (max 14.95), (true 579, predicted [669])
attack: step 3/10, xent loss = 9.39379, l2 loss = 11.5832 (max 14.95), (true 579, predicted [672])
attack: step 4/10, xent loss = 8.582, l2 loss = 12.3631 (max 14.95), (true 579, predicted [879])
attack: step 5/10, xent loss = 9.09221, l2 loss = 14.993 (max 14.95), (true 579, predicted [879])
attack: step 6/10, xent loss = 10.6491, l2 loss = 15.9377 (max 14.95), (true 579, predicted [879])
attack: step 7/10, xent loss = 8.49987, l2 loss = 17.4464 (max 14.95), (true 579, predicted [879])
attack: step 8/10, xent loss = 9.06918, l2 loss = 18.3459 (max 14.95), (true 579, predicted [879])
attack: step 9/10, xent loss = 9.2145, l2 loss = 20.0596 (max 14.95), (true 579, predicted [879])
attack: step 10/10, xent loss = 10.0141, l2 loss = 22.5712 (max 14.95), (true 579, predicted [879])
check failed
true = 579, adv = 879
evaluating 415 of [410, 420)
attack: step 1/10, xent loss = 8.42766, l2 loss = 0 (max 14.95), (true 57, predicted [728])
attack: step 2/10, xent loss = 10.2196, l2 loss = 9.59051 (max 14.95), (true 57, predicted [728])
attack: step 3/10, xent loss = 10.1124, l2 loss = 12.0638 (max 14.95), (true 57, predicted [728])
attack: step 4/10, xent loss = 9.97243, l2 loss = 14.2675 (max 14.95), (true 57, predicted [728])
attack: step 5/10, xent loss = 10.9018, l2 loss = 15.9105 (max 14.95), (true 57, predicted [728])
attack: step 6/10, xent loss = 13.3263, l2 loss = 17.7114 (max 14.95), (true 57, predicted [728])
attack: step 7/10, xent loss = 12.7204, l2 loss = 19.3432 (max 14.95), (true 57, predicted [728])
attack: step 8/10, xent loss = 12.7001, l2 loss = 21.2648 (max 14.95), (true 57, predicted [728])
attack: step 9/10, xent loss = 10.9731, l2 loss = 22.1768 (max 14.95), (true 57, predicted [728])
attack: step 10/10, xent loss = 15.9026, l2 loss = 23.4158 (max 14.95), (true 57, predicted [728])
check failed
true = 57, adv = 728
evaluating 416 of [410, 420)
attack: step 1/10, xent loss = 8.52179, l2 loss = 0 (max 14.95), (true 868, predicted [463])
attack: step 2/10, xent loss = 8.9073, l2 loss = 4.72003 (max 14.95), (true 868, predicted [463])
attack: step 3/10, xent loss = 9.09195, l2 loss = 6.30015 (max 14.95), (true 868, predicted [463])
attack: step 4/10, xent loss = 8.21277, l2 loss = 7.75116 (max 14.95), (true 868, predicted [463])
attack: step 5/10, xent loss = 9.00362, l2 loss = 8.9346 (max 14.95), (true 868, predicted [463])
attack: step 6/10, xent loss = 9.41668, l2 loss = 9.55422 (max 14.95), (true 868, predicted [463])
attack: step 7/10, xent loss = 8.31096, l2 loss = 10.3365 (max 14.95), (true 868, predicted [463])
attack: step 8/10, xent loss = 6.52767, l2 loss = 11.1198 (max 14.95), (true 868, predicted [463])
attack: step 9/10, xent loss = 10.7742, l2 loss = 12.2238 (max 14.95), (true 868, predicted [463])
attack: step 10/10, xent loss = 10.173, l2 loss = 13.1507 (max 14.95), (true 868, predicted [463])
true = 868, adv = 463
evaluating 417 of [410, 420)
attack: step 1/10, xent loss = 10.5358, l2 loss = 0 (max 14.95), (true 355, predicted [728])
attack: step 2/10, xent loss = 11.5929, l2 loss = 6.92892 (max 14.95), (true 355, predicted [728])
attack: step 3/10, xent loss = 11.2138, l2 loss = 10.8054 (max 14.95), (true 355, predicted [728])
attack: step 4/10, xent loss = 10.1671, l2 loss = 12.3713 (max 14.95), (true 355, predicted [728])
attack: step 5/10, xent loss = 11.5332, l2 loss = 14.6163 (max 14.95), (true 355, predicted [728])
attack: step 6/10, xent loss = 13.3552, l2 loss = 16.1314 (max 14.95), (true 355, predicted [728])
attack: step 7/10, xent loss = 13.4024, l2 loss = 17.3572 (max 14.95), (true 355, predicted [728])
attack: step 8/10, xent loss = 12.958, l2 loss = 19.2637 (max 14.95), (true 355, predicted [728])
attack: step 9/10, xent loss = 14.143, l2 loss = 21.1616 (max 14.95), (true 355, predicted [728])
attack: step 10/10, xent loss = 14.6259, l2 loss = 22.6122 (max 14.95), (true 355, predicted [728])
check failed
true = 355, adv = 728
evaluating 418 of [410, 420)
attack: step 1/10, xent loss = 5.54794, l2 loss = 0 (max 14.95), (true 958, predicted [607])
attack: step 2/10, xent loss = 4.82819, l2 loss = 1.90777 (max 14.95), (true 958, predicted [950])
attack: step 3/10, xent loss = 6.5937, l2 loss = 3.01462 (max 14.95), (true 958, predicted [607])
attack: step 4/10, xent loss = 6.00671, l2 loss = 3.92704 (max 14.95), (true 958, predicted [607])
attack: step 5/10, xent loss = 5.14585, l2 loss = 4.33098 (max 14.95), (true 958, predicted [607])
attack: step 6/10, xent loss = 5.16364, l2 loss = 4.83773 (max 14.95), (true 958, predicted [607])
attack: step 7/10, xent loss = 5.6574, l2 loss = 5.55914 (max 14.95), (true 958, predicted [607])
attack: step 8/10, xent loss = 5.9559, l2 loss = 6.04187 (max 14.95), (true 958, predicted [607])
attack: step 9/10, xent loss = 4.58649, l2 loss = 6.23342 (max 14.95), (true 958, predicted [607])
attack: step 10/10, xent loss = 5.98736, l2 loss = 7.04269 (max 14.95), (true 958, predicted [607])
true = 958, adv = 607
evaluating 419 of [410, 420)
attack: step 1/10, xent loss = 2.43366, l2 loss = 0 (max 14.95), (true 453, predicted [553])
attack: step 2/10, xent loss = 1.18893, l2 loss = 3.49774 (max 14.95), (true 453, predicted [453])
attack: step 3/10, xent loss = 2.70964, l2 loss = 4.37384 (max 14.95), (true 453, predicted [453])
attack: step 4/10, xent loss = 2.43957, l2 loss = 5.40544 (max 14.95), (true 453, predicted [519])
attack: step 5/10, xent loss = 3.82611, l2 loss = 6.47981 (max 14.95), (true 453, predicted [557])
attack: step 6/10, xent loss = 3.33097, l2 loss = 7.25087 (max 14.95), (true 453, predicted [519])
attack: step 7/10, xent loss = 2.88535, l2 loss = 8.16544 (max 14.95), (true 453, predicted [742])
attack: step 8/10, xent loss = 2.55538, l2 loss = 9.26153 (max 14.95), (true 453, predicted [493])
attack: step 9/10, xent loss = 2.69907, l2 loss = 9.98143 (max 14.95), (true 453, predicted [553])
attack: step 10/10, xent loss = 1.54539, l2 loss = 10.4872 (max 14.95), (true 453, predicted [742])
true = 453, adv = 519
