2019-06-28 06:36:07.517578: I tensorflow/core/platform/cpu_feature_guard.cc:141] Your CPU supports instructions that this TensorFlow binary was not compiled to use: SSE4.1 SSE4.2 AVX AVX2 FMA
2019-06-28 06:36:07.562811: I tensorflow/core/platform/profile_utils/cpu_utils.cc:94] CPU Frequency: 2599950000 Hz
2019-06-28 06:36:07.563363: I tensorflow/compiler/xla/service/service.cc:150] XLA service 0x2aaae6d4a230 executing computations on platform Host. Devices:
2019-06-28 06:36:07.564913: I tensorflow/compiler/xla/service/service.cc:158]   StreamExecutor device (0): <undefined>, <undefined>
2019-06-28 06:36:07.565257: I tensorflow/core/common_runtime/process_util.cc:71] Creating new thread pool with default inter op setting: 2. Tune using inter_op_parallelism_threads for best performance.
evaluating 540 of [540, 550)
attack: step 1/10, xent loss = 7.91747, l2 loss = 14.2375 (max 14.95), (true 702, predicted [795])
attack: step 2/10, xent loss = 8.90505, l2 loss = 17.5475 (max 14.95), (true 702, predicted [795])
attack: step 3/10, xent loss = 9.85934, l2 loss = 18.136 (max 14.95), (true 702, predicted [795])
attack: step 4/10, xent loss = 11.4114, l2 loss = 19.2152 (max 14.95), (true 702, predicted [795])
attack: step 5/10, xent loss = 11.0983, l2 loss = 20.3722 (max 14.95), (true 702, predicted [795])
attack: step 6/10, xent loss = 12.2186, l2 loss = 21.1715 (max 14.95), (true 702, predicted [795])
attack: step 7/10, xent loss = 12.3365, l2 loss = 21.9348 (max 14.95), (true 702, predicted [795])
attack: step 8/10, xent loss = 13.6452, l2 loss = 23.2057 (max 14.95), (true 702, predicted [795])
attack: step 9/10, xent loss = 14.3563, l2 loss = 23.7221 (max 14.95), (true 702, predicted [795])
attack: step 10/10, xent loss = 14.6948, l2 loss = 24.749 (max 14.95), (true 702, predicted [795])
check failed
true = 702, adv = 795
evaluating 541 of [540, 550)
attack: step 1/10, xent loss = 0.0248361, l2 loss = 0.238653 (max 14.95), (true 91, predicted [91])
attack: step 2/10, xent loss = 0.0328581, l2 loss = 0.245343 (max 14.95), (true 91, predicted [91])
attack: step 3/10, xent loss = 0.0226122, l2 loss = 0.254155 (max 14.95), (true 91, predicted [91])
attack: step 4/10, xent loss = 0.048693, l2 loss = 0.260021 (max 14.95), (true 91, predicted [91])
attack: step 5/10, xent loss = 0.0153821, l2 loss = 0.291568 (max 14.95), (true 91, predicted [91])
attack: step 6/10, xent loss = 0.0319703, l2 loss = 0.293461 (max 14.95), (true 91, predicted [91])
attack: step 7/10, xent loss = 0.0430473, l2 loss = 0.30295 (max 14.95), (true 91, predicted [91])
attack: step 8/10, xent loss = 0.0490125, l2 loss = 0.326138 (max 14.95), (true 91, predicted [91])
attack: step 9/10, xent loss = 0.0266042, l2 loss = 0.353099 (max 14.95), (true 91, predicted [91])
attack: step 10/10, xent loss = 0.0250926, l2 loss = 0.365091 (max 14.95), (true 91, predicted [91])
true = 91, adv = 91
evaluating 542 of [540, 550)
attack: step 1/10, xent loss = 7.87546, l2 loss = 12.349 (max 14.95), (true 911, predicted [894])
attack: step 2/10, xent loss = 7.52654, l2 loss = 13.1755 (max 14.95), (true 911, predicted [894])
attack: step 3/10, xent loss = 7.83874, l2 loss = 13.9109 (max 14.95), (true 911, predicted [894])
attack: step 4/10, xent loss = 9.64526, l2 loss = 14.4369 (max 14.95), (true 911, predicted [894])
attack: step 5/10, xent loss = 9.78591, l2 loss = 14.8021 (max 14.95), (true 911, predicted [894])
attack: step 6/10, xent loss = 10.9121, l2 loss = 15.3031 (max 14.95), (true 911, predicted [894])
attack: step 7/10, xent loss = 9.39278, l2 loss = 15.8899 (max 14.95), (true 911, predicted [894])
attack: step 8/10, xent loss = 10.3054, l2 loss = 16.4321 (max 14.95), (true 911, predicted [894])
attack: step 9/10, xent loss = 9.73045, l2 loss = 16.8727 (max 14.95), (true 911, predicted [894])
attack: step 10/10, xent loss = 11.6817, l2 loss = 17.2234 (max 14.95), (true 911, predicted [894])
check failed
true = 911, adv = 894
evaluating 543 of [540, 550)
attack: step 1/10, xent loss = 25.6732, l2 loss = 24.5481 (max 14.95), (true 118, predicted [728])
attack: step 2/10, xent loss = 22.0262, l2 loss = 25.8307 (max 14.95), (true 118, predicted [728])
attack: step 3/10, xent loss = 23.9726, l2 loss = 27.0471 (max 14.95), (true 118, predicted [728])
attack: step 4/10, xent loss = 25.7662, l2 loss = 28.0628 (max 14.95), (true 118, predicted [728])
attack: step 5/10, xent loss = 23.922, l2 loss = 29.0375 (max 14.95), (true 118, predicted [728])
attack: step 6/10, xent loss = 26.9564, l2 loss = 30.3184 (max 14.95), (true 118, predicted [728])
attack: step 7/10, xent loss = 28.933, l2 loss = 31.2749 (max 14.95), (true 118, predicted [728])
attack: step 8/10, xent loss = 29.1548, l2 loss = 32.123 (max 14.95), (true 118, predicted [728])
attack: step 9/10, xent loss = 31.5403, l2 loss = 33.1612 (max 14.95), (true 118, predicted [728])
attack: step 10/10, xent loss = 31.6571, l2 loss = 33.9747 (max 14.95), (true 118, predicted [728])
check failed
true = 118, adv = 728
evaluating 544 of [540, 550)
attack: step 1/10, xent loss = 4.06129, l2 loss = 8.41221 (max 14.95), (true 846, predicted [862])
attack: step 2/10, xent loss = 5.55969, l2 loss = 9.57816 (max 14.95), (true 846, predicted [862])
attack: step 3/10, xent loss = 5.02368, l2 loss = 10.7775 (max 14.95), (true 846, predicted [862])
attack: step 4/10, xent loss = 8.46849, l2 loss = 12.0341 (max 14.95), (true 846, predicted [862])
attack: step 5/10, xent loss = 8.5365, l2 loss = 12.8931 (max 14.95), (true 846, predicted [862])
attack: step 6/10, xent loss = 9.35124, l2 loss = 13.567 (max 14.95), (true 846, predicted [862])
attack: step 7/10, xent loss = 10.7549, l2 loss = 14.4136 (max 14.95), (true 846, predicted [862])
attack: step 8/10, xent loss = 10.9755, l2 loss = 15.157 (max 14.95), (true 846, predicted [862])
attack: step 9/10, xent loss = 13.1598, l2 loss = 15.901 (max 14.95), (true 846, predicted [862])
attack: step 10/10, xent loss = 14.5305, l2 loss = 16.9454 (max 14.95), (true 846, predicted [862])
check failed
true = 846, adv = 862
evaluating 545 of [540, 550)
attack: step 1/10, xent loss = 22.9465, l2 loss = 24.4562 (max 14.95), (true 266, predicted [728])
attack: step 2/10, xent loss = 22.7857, l2 loss = 26.3934 (max 14.95), (true 266, predicted [728])
attack: step 3/10, xent loss = 22.3427, l2 loss = 28.5737 (max 14.95), (true 266, predicted [728])
attack: step 4/10, xent loss = 27.3068, l2 loss = 30.4748 (max 14.95), (true 266, predicted [728])
attack: step 5/10, xent loss = 25.8916, l2 loss = 31.9007 (max 14.95), (true 266, predicted [728])
attack: step 6/10, xent loss = 31.7815, l2 loss = 32.9423 (max 14.95), (true 266, predicted [728])
attack: step 7/10, xent loss = 22.5851, l2 loss = 34.8533 (max 14.95), (true 266, predicted [728])
attack: step 8/10, xent loss = 27.6168, l2 loss = 36.5819 (max 14.95), (true 266, predicted [728])
attack: step 9/10, xent loss = 31.6648, l2 loss = 38.0834 (max 14.95), (true 266, predicted [728])
attack: step 10/10, xent loss = 32.3159, l2 loss = 39.2494 (max 14.95), (true 266, predicted [728])
check failed
true = 266, adv = 728
evaluating 546 of [540, 550)
attack: step 1/10, xent loss = 27.3005, l2 loss = 33.5999 (max 14.95), (true 315, predicted [728])
attack: step 2/10, xent loss = 31.8041, l2 loss = 35.0043 (max 14.95), (true 315, predicted [728])
attack: step 3/10, xent loss = 31.5161, l2 loss = 36.2418 (max 14.95), (true 315, predicted [728])
attack: step 4/10, xent loss = 26.5757, l2 loss = 37.8887 (max 14.95), (true 315, predicted [728])
attack: step 5/10, xent loss = 29.3451, l2 loss = 39.7707 (max 14.95), (true 315, predicted [728])
attack: step 6/10, xent loss = 25.1916, l2 loss = 40.9637 (max 14.95), (true 315, predicted [728])
attack: step 7/10, xent loss = 28.5907, l2 loss = 42.1598 (max 14.95), (true 315, predicted [728])
attack: step 8/10, xent loss = 31.7253, l2 loss = 43.6299 (max 14.95), (true 315, predicted [728])
attack: step 9/10, xent loss = 34.6261, l2 loss = 44.4146 (max 14.95), (true 315, predicted [728])
attack: step 10/10, xent loss = 31.8793, l2 loss = 45.4846 (max 14.95), (true 315, predicted [728])
check failed
true = 315, adv = 728
evaluating 547 of [540, 550)
attack: step 1/10, xent loss = 25.6065, l2 loss = 27.7348 (max 14.95), (true 946, predicted [552])
attack: step 2/10, xent loss = 23.6028, l2 loss = 29.1336 (max 14.95), (true 946, predicted [552])
attack: step 3/10, xent loss = 25.3954, l2 loss = 30.9599 (max 14.95), (true 946, predicted [552])
attack: step 4/10, xent loss = 26.0395, l2 loss = 32.412 (max 14.95), (true 946, predicted [552])
attack: step 5/10, xent loss = 25.8961, l2 loss = 33.6945 (max 14.95), (true 946, predicted [552])
attack: step 6/10, xent loss = 26.2648, l2 loss = 34.6466 (max 14.95), (true 946, predicted [552])
attack: step 7/10, xent loss = 26.3756, l2 loss = 36.3393 (max 14.95), (true 946, predicted [552])
attack: step 8/10, xent loss = 29.7641, l2 loss = 37.39 (max 14.95), (true 946, predicted [552])
attack: step 9/10, xent loss = 30.2007, l2 loss = 38.3153 (max 14.95), (true 946, predicted [552])
attack: step 10/10, xent loss = 27.9838, l2 loss = 39.8478 (max 14.95), (true 946, predicted [552])
check failed
true = 946, adv = 552
evaluating 548 of [540, 550)
attack: step 1/10, xent loss = 12.5047, l2 loss = 14.0805 (max 14.95), (true 689, predicted [868])
attack: step 2/10, xent loss = 14.6859, l2 loss = 14.9626 (max 14.95), (true 689, predicted [868])
attack: step 3/10, xent loss = 15.0563, l2 loss = 15.7402 (max 14.95), (true 689, predicted [868])
attack: step 4/10, xent loss = 14.0905, l2 loss = 16.4864 (max 14.95), (true 689, predicted [868])
attack: step 5/10, xent loss = 14.3485, l2 loss = 17.9238 (max 14.95), (true 689, predicted [868])
attack: step 6/10, xent loss = 16.1845, l2 loss = 18.7424 (max 14.95), (true 689, predicted [868])
attack: step 7/10, xent loss = 15.6882, l2 loss = 19.4339 (max 14.95), (true 689, predicted [868])
attack: step 8/10, xent loss = 17.5238, l2 loss = 19.9614 (max 14.95), (true 689, predicted [868])
attack: step 9/10, xent loss = 16.5973, l2 loss = 20.6852 (max 14.95), (true 689, predicted [868])
attack: step 10/10, xent loss = 17.8626, l2 loss = 21.2663 (max 14.95), (true 689, predicted [868])
check failed
true = 689, adv = 868
evaluating 549 of [540, 550)
attack: step 1/10, xent loss = 15.2715, l2 loss = 26.3087 (max 14.95), (true 500, predicted [999])
attack: step 2/10, xent loss = 17.9297, l2 loss = 28.5602 (max 14.95), (true 500, predicted [999])
attack: step 3/10, xent loss = 21.908, l2 loss = 29.9659 (max 14.95), (true 500, predicted [999])
attack: step 4/10, xent loss = 22.1368, l2 loss = 31.0791 (max 14.95), (true 500, predicted [999])
attack: step 5/10, xent loss = 22.9186, l2 loss = 32.1224 (max 14.95), (true 500, predicted [999])
attack: step 6/10, xent loss = 22.4998, l2 loss = 33.4914 (max 14.95), (true 500, predicted [999])
attack: step 7/10, xent loss = 25.9025, l2 loss = 34.4251 (max 14.95), (true 500, predicted [700])
attack: step 8/10, xent loss = 24.47, l2 loss = 35.7186 (max 14.95), (true 500, predicted [999])
attack: step 9/10, xent loss = 27.3377, l2 loss = 36.4872 (max 14.95), (true 500, predicted [999])
attack: step 10/10, xent loss = 26.1331, l2 loss = 37.8057 (max 14.95), (true 500, predicted [999])
check failed
true = 500, adv = 999
