2019-06-04 16:01:06.741992: I tensorflow/core/platform/cpu_feature_guard.cc:141] Your CPU supports instructions that this TensorFlow binary was not compiled to use: SSE4.1 SSE4.2 AVX AVX2 FMA
2019-06-04 16:01:07.038531: I tensorflow/core/platform/profile_utils/cpu_utils.cc:94] CPU Frequency: 2599975000 Hz
2019-06-04 16:01:07.049017: I tensorflow/compiler/xla/service/service.cc:150] XLA service 0x2aaae74be580 executing computations on platform Host. Devices:
2019-06-04 16:01:07.049158: I tensorflow/compiler/xla/service/service.cc:158]   StreamExecutor device (0): <undefined>, <undefined>
2019-06-04 16:01:07.054187: I tensorflow/core/common_runtime/process_util.cc:71] Creating new thread pool with default inter op setting: 2. Tune using inter_op_parallelism_threads for best performance.
evaluating 850 of [850, 860)
attack: step 1/10, xent loss = 6.64359, l2 loss = 0 (max 14.95), (true 227, predicted [879])
attack: step 2/10, xent loss = 8.93062, l2 loss = 8.39705 (max 14.95), (true 227, predicted [728])
attack: step 3/10, xent loss = 11.0898, l2 loss = 9.41281 (max 14.95), (true 227, predicted [879])
attack: step 4/10, xent loss = 14.8301, l2 loss = 13.1963 (max 14.95), (true 227, predicted [879])
attack: step 5/10, xent loss = 20.39, l2 loss = 17.2676 (max 14.95), (true 227, predicted [879])
attack: step 6/10, xent loss = 14.9389, l2 loss = 21.0711 (max 14.95), (true 227, predicted [879])
attack: step 7/10, xent loss = 17.5228, l2 loss = 29.7955 (max 14.95), (true 227, predicted [879])
attack: step 8/10, xent loss = 20.77, l2 loss = 31.0922 (max 14.95), (true 227, predicted [879])
attack: step 9/10, xent loss = 28.8282, l2 loss = 32.5376 (max 14.95), (true 227, predicted [879])
attack: step 10/10, xent loss = 34.7136, l2 loss = 33.9062 (max 14.95), (true 227, predicted [879])
check failed
true = 227, adv = 879
evaluating 851 of [850, 860)
attack: step 1/10, xent loss = 6.92335, l2 loss = 0 (max 14.95), (true 377, predicted [999])
attack: step 2/10, xent loss = 9.16904, l2 loss = 8.98074 (max 14.95), (true 377, predicted [691])
attack: step 3/10, xent loss = 14.3862, l2 loss = 10.3175 (max 14.95), (true 377, predicted [793])
attack: step 4/10, xent loss = 16.5727, l2 loss = 16.3899 (max 14.95), (true 377, predicted [793])
attack: step 5/10, xent loss = 23.2666, l2 loss = 19.4234 (max 14.95), (true 377, predicted [793])
attack: step 6/10, xent loss = 22.5043, l2 loss = 21.7576 (max 14.95), (true 377, predicted [793])
attack: step 7/10, xent loss = 27.7025, l2 loss = 24.3201 (max 14.95), (true 377, predicted [793])
attack: step 8/10, xent loss = 32.5067, l2 loss = 26.2954 (max 14.95), (true 377, predicted [793])
attack: step 9/10, xent loss = 34.1409, l2 loss = 27.9712 (max 14.95), (true 377, predicted [793])
attack: step 10/10, xent loss = 35.3965, l2 loss = 29.8196 (max 14.95), (true 377, predicted [793])
check failed
true = 377, adv = 793
evaluating 852 of [850, 860)
attack: step 1/10, xent loss = 8.11113, l2 loss = 0 (max 14.95), (true 133, predicted [728])
attack: step 2/10, xent loss = 9.6272, l2 loss = 19.4047 (max 14.95), (true 133, predicted [971])
attack: step 3/10, xent loss = 12.3032, l2 loss = 19.6288 (max 14.95), (true 133, predicted [728])
attack: step 4/10, xent loss = 13.1869, l2 loss = 20.617 (max 14.95), (true 133, predicted [728])
attack: step 5/10, xent loss = 16.1886, l2 loss = 21.8511 (max 14.95), (true 133, predicted [728])
attack: step 6/10, xent loss = 24.2753, l2 loss = 23.3072 (max 14.95), (true 133, predicted [728])
attack: step 7/10, xent loss = 25.1603, l2 loss = 24.8672 (max 14.95), (true 133, predicted [728])
attack: step 8/10, xent loss = 23.5524, l2 loss = 26.1632 (max 14.95), (true 133, predicted [728])
attack: step 9/10, xent loss = 29.5635, l2 loss = 28.0534 (max 14.95), (true 133, predicted [728])
attack: step 10/10, xent loss = 28.3349, l2 loss = 29.3359 (max 14.95), (true 133, predicted [728])
check failed
true = 133, adv = 728
evaluating 853 of [850, 860)
attack: step 1/10, xent loss = 4.8698, l2 loss = 0 (max 14.95), (true 52, predicted [68])
attack: step 2/10, xent loss = 8.01898, l2 loss = 4.76787 (max 14.95), (true 52, predicted [996])
attack: step 3/10, xent loss = 8.41916, l2 loss = 6.11299 (max 14.95), (true 52, predicted [996])
attack: step 4/10, xent loss = 10.3126, l2 loss = 7.95534 (max 14.95), (true 52, predicted [996])
attack: step 5/10, xent loss = 11.0025, l2 loss = 9.51835 (max 14.95), (true 52, predicted [996])
attack: step 6/10, xent loss = 12.629, l2 loss = 10.484 (max 14.95), (true 52, predicted [996])
attack: step 7/10, xent loss = 12.1612, l2 loss = 11.851 (max 14.95), (true 52, predicted [996])
attack: step 8/10, xent loss = 14.51, l2 loss = 12.9692 (max 14.95), (true 52, predicted [996])
attack: step 9/10, xent loss = 11.7073, l2 loss = 14.139 (max 14.95), (true 52, predicted [996])
attack: step 10/10, xent loss = 13.5882, l2 loss = 15.0784 (max 14.95), (true 52, predicted [996])
check failed
true = 52, adv = 996
evaluating 854 of [850, 860)
attack: step 1/10, xent loss = 5.03296, l2 loss = 0 (max 14.95), (true 620, predicted [810])
attack: step 2/10, xent loss = 4.71757, l2 loss = 5.29529 (max 14.95), (true 620, predicted [810])
attack: step 3/10, xent loss = 5.27419, l2 loss = 8.03745 (max 14.95), (true 620, predicted [810])
attack: step 4/10, xent loss = 7.3396, l2 loss = 9.57357 (max 14.95), (true 620, predicted [559])
attack: step 5/10, xent loss = 8.30651, l2 loss = 9.9159 (max 14.95), (true 620, predicted [830])
attack: step 6/10, xent loss = 7.2332, l2 loss = 10.2182 (max 14.95), (true 620, predicted [830])
attack: step 7/10, xent loss = 9.56868, l2 loss = 10.9502 (max 14.95), (true 620, predicted [830])
attack: step 8/10, xent loss = 11.5081, l2 loss = 11.7793 (max 14.95), (true 620, predicted [830])
attack: step 9/10, xent loss = 11.9114, l2 loss = 12.5535 (max 14.95), (true 620, predicted [830])
attack: step 10/10, xent loss = 12.9553, l2 loss = 13.2827 (max 14.95), (true 620, predicted [830])
true = 620, adv = 830
evaluating 855 of [850, 860)
attack: step 1/10, xent loss = 0.985988, l2 loss = 0 (max 14.95), (true 360, predicted [360])
attack: step 2/10, xent loss = 2.79071, l2 loss = 4.15914 (max 14.95), (true 360, predicted [2])
attack: step 3/10, xent loss = 7.01044, l2 loss = 7.30982 (max 14.95), (true 360, predicted [33])
attack: step 4/10, xent loss = 7.881, l2 loss = 9.86135 (max 14.95), (true 360, predicted [33])
attack: step 5/10, xent loss = 8.90852, l2 loss = 10.8085 (max 14.95), (true 360, predicted [33])
attack: step 6/10, xent loss = 10.7121, l2 loss = 11.4121 (max 14.95), (true 360, predicted [33])
attack: step 7/10, xent loss = 11.5802, l2 loss = 12.4063 (max 14.95), (true 360, predicted [33])
attack: step 8/10, xent loss = 11.5396, l2 loss = 12.905 (max 14.95), (true 360, predicted [33])
attack: step 9/10, xent loss = 11.6353, l2 loss = 13.2481 (max 14.95), (true 360, predicted [33])
attack: step 10/10, xent loss = 12.0683, l2 loss = 13.8239 (max 14.95), (true 360, predicted [33])
true = 360, adv = 33
evaluating 856 of [850, 860)
attack: step 1/10, xent loss = 2.36909, l2 loss = 0 (max 14.95), (true 492, predicted [682])
attack: step 2/10, xent loss = 5.37908, l2 loss = 4.80047 (max 14.95), (true 492, predicted [682])
attack: step 3/10, xent loss = 6.31416, l2 loss = 6.10129 (max 14.95), (true 492, predicted [682])
attack: step 4/10, xent loss = 7.57452, l2 loss = 6.7384 (max 14.95), (true 492, predicted [728])
attack: step 5/10, xent loss = 7.69805, l2 loss = 7.40636 (max 14.95), (true 492, predicted [797])
attack: step 6/10, xent loss = 10.2386, l2 loss = 7.80726 (max 14.95), (true 492, predicted [728])
attack: step 7/10, xent loss = 15.6721, l2 loss = 10.7117 (max 14.95), (true 492, predicted [728])
attack: step 8/10, xent loss = 22.8346, l2 loss = 14.129 (max 14.95), (true 492, predicted [728])
attack: step 9/10, xent loss = 25.2617, l2 loss = 16.3927 (max 14.95), (true 492, predicted [728])
attack: step 10/10, xent loss = 30.1832, l2 loss = 19.0552 (max 14.95), (true 492, predicted [728])
check failed
true = 492, adv = 728
evaluating 857 of [850, 860)
attack: step 1/10, xent loss = 1.70709, l2 loss = 0 (max 14.95), (true 824, predicted [735])
attack: step 2/10, xent loss = 2.36105, l2 loss = 3.17462 (max 14.95), (true 824, predicted [735])
attack: step 3/10, xent loss = 1.91535, l2 loss = 4.39741 (max 14.95), (true 824, predicted [735])
attack: step 4/10, xent loss = 2.35014, l2 loss = 5.47018 (max 14.95), (true 824, predicted [735])
attack: step 5/10, xent loss = 3.75128, l2 loss = 6.57834 (max 14.95), (true 824, predicted [614])
attack: step 6/10, xent loss = 4.54706, l2 loss = 7.73029 (max 14.95), (true 824, predicted [735])
attack: step 7/10, xent loss = 5.82198, l2 loss = 8.41652 (max 14.95), (true 824, predicted [614])
attack: step 8/10, xent loss = 5.75498, l2 loss = 9.15764 (max 14.95), (true 824, predicted [614])
attack: step 9/10, xent loss = 5.37226, l2 loss = 10.0118 (max 14.95), (true 824, predicted [614])
attack: step 10/10, xent loss = 6.57286, l2 loss = 10.9362 (max 14.95), (true 824, predicted [614])
true = 824, adv = 614
evaluating 858 of [850, 860)
attack: step 1/10, xent loss = 0.00368214, l2 loss = 0 (max 14.95), (true 614, predicted [614])
attack: step 2/10, xent loss = 0.0142683, l2 loss = 0.0153187 (max 14.95), (true 614, predicted [614])
attack: step 3/10, xent loss = 0.0165301, l2 loss = 0.0613203 (max 14.95), (true 614, predicted [614])
attack: step 4/10, xent loss = 0.034576, l2 loss = 0.0931062 (max 14.95), (true 614, predicted [614])
attack: step 5/10, xent loss = 0.0128462, l2 loss = 0.228473 (max 14.95), (true 614, predicted [614])
attack: step 6/10, xent loss = 0.0121539, l2 loss = 0.238617 (max 14.95), (true 614, predicted [614])
attack: step 7/10, xent loss = 0.0163879, l2 loss = 0.245992 (max 14.95), (true 614, predicted [614])
attack: step 8/10, xent loss = 0.0154288, l2 loss = 0.263836 (max 14.95), (true 614, predicted [614])
attack: step 9/10, xent loss = 0.0113986, l2 loss = 0.275354 (max 14.95), (true 614, predicted [614])
attack: step 10/10, xent loss = 0.0108219, l2 loss = 0.279538 (max 14.95), (true 614, predicted [614])
true = 614, adv = 614
evaluating 859 of [850, 860)
attack: step 1/10, xent loss = 9.60393, l2 loss = 0 (max 14.95), (true 68, predicted [728])
attack: step 2/10, xent loss = 13.575, l2 loss = 8.75916 (max 14.95), (true 68, predicted [728])
attack: step 3/10, xent loss = 14.2082, l2 loss = 11.6925 (max 14.95), (true 68, predicted [728])
attack: step 4/10, xent loss = 16.4764, l2 loss = 14.9107 (max 14.95), (true 68, predicted [728])
attack: step 5/10, xent loss = 16.6552, l2 loss = 17.6511 (max 14.95), (true 68, predicted [728])
attack: step 6/10, xent loss = 20.4041, l2 loss = 21.7399 (max 14.95), (true 68, predicted [728])
attack: step 7/10, xent loss = 21.8459, l2 loss = 23.5237 (max 14.95), (true 68, predicted [728])
attack: step 8/10, xent loss = 22.9884, l2 loss = 24.6002 (max 14.95), (true 68, predicted [728])
attack: step 9/10, xent loss = 24.7124, l2 loss = 25.8338 (max 14.95), (true 68, predicted [728])
attack: step 10/10, xent loss = 24.2997, l2 loss = 27.5521 (max 14.95), (true 68, predicted [728])
check failed
true = 68, adv = 728
