2019-11-03 20:46:33.078294: I tensorflow/core/platform/cpu_feature_guard.cc:141] Your CPU supports instructions that this TensorFlow binary was not compiled to use: SSE4.1 SSE4.2 AVX AVX2 FMA
2019-11-03 20:46:33.084252: I tensorflow/core/platform/profile_utils/cpu_utils.cc:94] CPU Frequency: 2600085000 Hz
2019-11-03 20:46:33.084438: I tensorflow/compiler/xla/service/service.cc:150] XLA service 0x55555902f8a0 executing computations on platform Host. Devices:
2019-11-03 20:46:33.084461: I tensorflow/compiler/xla/service/service.cc:158]   StreamExecutor device (0): <undefined>, <undefined>
2019-11-03 20:46:33.084700: I tensorflow/core/common_runtime/process_util.cc:71] Creating new thread pool with default inter op setting: 2. Tune using inter_op_parallelism_threads for best performance.
evaluating 580 of [580, 590)
attack: step 1/1, xent loss = 22.1651, l2 loss = 35.6046 (max 14.95), (true 956, predicted [805])
check failed
true = 956, adv = 805
evaluating 581 of [580, 590)
attack: step 1/1, xent loss = 5.91273, l2 loss = 22.3128 (max 14.95), (true 199, predicted [288])
check failed
true = 199, adv = 227
evaluating 582 of [580, 590)
attack: step 1/1, xent loss = 0.0351818, l2 loss = 1.52381 (max 14.95), (true 609, predicted [609])
true = 609, adv = 609
evaluating 583 of [580, 590)
attack: step 1/1, xent loss = 0.698588, l2 loss = 35.832 (max 14.95), (true 957, predicted [957])
check failed
true = 957, adv = 728
evaluating 584 of [580, 590)
attack: step 1/1, xent loss = 1.3892, l2 loss = 29.986 (max 14.95), (true 525, predicted [525])
check failed
true = 525, adv = 711
evaluating 585 of [580, 590)
attack: step 1/1, xent loss = 7.03119, l2 loss = 16.2461 (max 14.95), (true 47, predicted [317])
check failed
true = 47, adv = 317
evaluating 586 of [580, 590)
attack: step 1/1, xent loss = 11.2083, l2 loss = 18.1416 (max 14.95), (true 836, predicted [796])
check failed
true = 836, adv = 796
evaluating 587 of [580, 590)
attack: step 1/1, xent loss = 5.62478, l2 loss = 28.9272 (max 14.95), (true 749, predicted [549])
check failed
true = 749, adv = 728
evaluating 588 of [580, 590)
attack: step 1/1, xent loss = 1.14083, l2 loss = 0.302144 (max 14.95), (true 940, predicted [940])
true = 940, adv = 940
evaluating 589 of [580, 590)
attack: step 1/1, xent loss = 2.87878, l2 loss = 8.17012 (max 14.95), (true 400, predicted [667])
true = 400, adv = 667
