2019-06-29 14:40:11.797067: I tensorflow/core/platform/cpu_feature_guard.cc:141] Your CPU supports instructions that this TensorFlow binary was not compiled to use: SSE4.1 SSE4.2 AVX AVX2 FMA
2019-06-29 14:40:12.458455: I tensorflow/core/platform/profile_utils/cpu_utils.cc:94] CPU Frequency: 2600025000 Hz
2019-06-29 14:40:12.462953: I tensorflow/compiler/xla/service/service.cc:150] XLA service 0x2aaae6fbda30 executing computations on platform Host. Devices:
2019-06-29 14:40:12.462994: I tensorflow/compiler/xla/service/service.cc:158]   StreamExecutor device (0): <undefined>, <undefined>
2019-06-29 14:40:12.463338: I tensorflow/core/common_runtime/process_util.cc:71] Creating new thread pool with default inter op setting: 2. Tune using inter_op_parallelism_threads for best performance.
evaluating 210 of [210, 220)
attack: step 1/10, xent loss = 26.9875, l2 loss = 34.1015 (max 14.95), (true 443, predicted [728])
attack: step 2/10, xent loss = 26.7273, l2 loss = 36.0981 (max 14.95), (true 443, predicted [728])
attack: step 3/10, xent loss = 27.8718, l2 loss = 37.0684 (max 14.95), (true 443, predicted [728])
attack: step 4/10, xent loss = 29.7609, l2 loss = 38.1419 (max 14.95), (true 443, predicted [728])
attack: step 5/10, xent loss = 28.1937, l2 loss = 39.2492 (max 14.95), (true 443, predicted [728])
attack: step 6/10, xent loss = 29.4846, l2 loss = 40.6492 (max 14.95), (true 443, predicted [728])
attack: step 7/10, xent loss = 30.0194, l2 loss = 42.0367 (max 14.95), (true 443, predicted [728])
attack: step 8/10, xent loss = 28.6388, l2 loss = 43.161 (max 14.95), (true 443, predicted [728])
attack: step 9/10, xent loss = 35.6136, l2 loss = 44.4332 (max 14.95), (true 443, predicted [728])
attack: step 10/10, xent loss = 31.8414, l2 loss = 45.4433 (max 14.95), (true 443, predicted [728])
check failed
true = 443, adv = 728
evaluating 211 of [210, 220)
attack: step 1/10, xent loss = 6.27388, l2 loss = 13.0946 (max 14.95), (true 770, predicted [461])
attack: step 2/10, xent loss = 5.81147, l2 loss = 13.2864 (max 14.95), (true 770, predicted [412])
attack: step 3/10, xent loss = 6.56966, l2 loss = 13.6188 (max 14.95), (true 770, predicted [412])
attack: step 4/10, xent loss = 5.66694, l2 loss = 13.8747 (max 14.95), (true 770, predicted [412])
attack: step 5/10, xent loss = 6.41504, l2 loss = 14.2074 (max 14.95), (true 770, predicted [461])
attack: step 6/10, xent loss = 7.04439, l2 loss = 14.9198 (max 14.95), (true 770, predicted [728])
attack: step 7/10, xent loss = 6.91623, l2 loss = 15.2134 (max 14.95), (true 770, predicted [461])
attack: step 8/10, xent loss = 7.66651, l2 loss = 15.6649 (max 14.95), (true 770, predicted [461])
attack: step 9/10, xent loss = 7.52835, l2 loss = 16.5137 (max 14.95), (true 770, predicted [461])
attack: step 10/10, xent loss = 6.94736, l2 loss = 16.9162 (max 14.95), (true 770, predicted [461])
check failed
true = 770, adv = 412
evaluating 212 of [210, 220)
attack: step 1/10, xent loss = 0.0517081, l2 loss = 0.756942 (max 14.95), (true 607, predicted [607])
attack: step 2/10, xent loss = 0.0734636, l2 loss = 0.774168 (max 14.95), (true 607, predicted [607])
attack: step 3/10, xent loss = 0.0709525, l2 loss = 0.816529 (max 14.95), (true 607, predicted [607])
attack: step 4/10, xent loss = 0.111444, l2 loss = 0.845131 (max 14.95), (true 607, predicted [607])
attack: step 5/10, xent loss = 0.0554485, l2 loss = 0.905088 (max 14.95), (true 607, predicted [607])
attack: step 6/10, xent loss = 0.0758331, l2 loss = 0.918636 (max 14.95), (true 607, predicted [607])
attack: step 7/10, xent loss = 0.100579, l2 loss = 0.946184 (max 14.95), (true 607, predicted [607])
attack: step 8/10, xent loss = 0.076172, l2 loss = 1.00364 (max 14.95), (true 607, predicted [607])
attack: step 9/10, xent loss = 0.127151, l2 loss = 1.03281 (max 14.95), (true 607, predicted [607])
attack: step 10/10, xent loss = 0.112727, l2 loss = 1.10058 (max 14.95), (true 607, predicted [607])
true = 607, adv = 607
evaluating 213 of [210, 220)
attack: step 1/10, xent loss = 8.94628, l2 loss = 24.8693 (max 14.95), (true 866, predicted [728])
attack: step 2/10, xent loss = 9.19886, l2 loss = 25.0548 (max 14.95), (true 866, predicted [728])
attack: step 3/10, xent loss = 10.2646, l2 loss = 26.0535 (max 14.95), (true 866, predicted [728])
attack: step 4/10, xent loss = 12.7013, l2 loss = 27.1962 (max 14.95), (true 866, predicted [728])
attack: step 5/10, xent loss = 12.897, l2 loss = 28.2601 (max 14.95), (true 866, predicted [728])
attack: step 6/10, xent loss = 11.1254, l2 loss = 29.5343 (max 14.95), (true 866, predicted [728])
attack: step 7/10, xent loss = 12.5804, l2 loss = 30.7021 (max 14.95), (true 866, predicted [728])
attack: step 8/10, xent loss = 15.329, l2 loss = 31.5309 (max 14.95), (true 866, predicted [728])
attack: step 9/10, xent loss = 11.0398, l2 loss = 32.4288 (max 14.95), (true 866, predicted [728])
attack: step 10/10, xent loss = 13.296, l2 loss = 33.2279 (max 14.95), (true 866, predicted [728])
check failed
true = 866, adv = 728
evaluating 214 of [210, 220)
attack: step 1/10, xent loss = 13.408, l2 loss = 26.6104 (max 14.95), (true 234, predicted [879])
attack: step 2/10, xent loss = 14.4317, l2 loss = 28.3327 (max 14.95), (true 234, predicted [879])
attack: step 3/10, xent loss = 14.3769, l2 loss = 29.8422 (max 14.95), (true 234, predicted [879])
attack: step 4/10, xent loss = 15.5661, l2 loss = 30.7807 (max 14.95), (true 234, predicted [879])
attack: step 5/10, xent loss = 14.3997, l2 loss = 31.7995 (max 14.95), (true 234, predicted [879])
attack: step 6/10, xent loss = 18.3374, l2 loss = 32.5946 (max 14.95), (true 234, predicted [879])
attack: step 7/10, xent loss = 19.8849, l2 loss = 34.169 (max 14.95), (true 234, predicted [879])
attack: step 8/10, xent loss = 18.0424, l2 loss = 35.5589 (max 14.95), (true 234, predicted [879])
attack: step 9/10, xent loss = 18.9541, l2 loss = 36.851 (max 14.95), (true 234, predicted [879])
attack: step 10/10, xent loss = 19.0839, l2 loss = 37.6301 (max 14.95), (true 234, predicted [879])
check failed
true = 234, adv = 879
evaluating 215 of [210, 220)
attack: step 1/10, xent loss = 6.51397, l2 loss = 13.1288 (max 14.95), (true 702, predicted [701])
attack: step 2/10, xent loss = 7.68532, l2 loss = 13.6033 (max 14.95), (true 702, predicted [879])
attack: step 3/10, xent loss = 7.23165, l2 loss = 13.8757 (max 14.95), (true 702, predicted [749])
attack: step 4/10, xent loss = 6.74694, l2 loss = 14.0531 (max 14.95), (true 702, predicted [552])
attack: step 5/10, xent loss = 7.46874, l2 loss = 14.2477 (max 14.95), (true 702, predicted [749])
attack: step 6/10, xent loss = 7.47236, l2 loss = 14.4499 (max 14.95), (true 702, predicted [542])
attack: step 7/10, xent loss = 6.87242, l2 loss = 14.5743 (max 14.95), (true 702, predicted [394])
attack: step 8/10, xent loss = 7.3917, l2 loss = 14.7593 (max 14.95), (true 702, predicted [701])
attack: step 9/10, xent loss = 7.21675, l2 loss = 14.9687 (max 14.95), (true 702, predicted [701])
attack: step 10/10, xent loss = 7.58822, l2 loss = 15.308 (max 14.95), (true 702, predicted [1])
check failed
true = 702, adv = 552
evaluating 216 of [210, 220)
attack: step 1/10, xent loss = 6.74717, l2 loss = 7.19455 (max 14.95), (true 112, predicted [775])
attack: step 2/10, xent loss = 8.4137, l2 loss = 7.45665 (max 14.95), (true 112, predicted [614])
attack: step 3/10, xent loss = 7.59445, l2 loss = 7.78695 (max 14.95), (true 112, predicted [578])
attack: step 4/10, xent loss = 7.29712, l2 loss = 8.39122 (max 14.95), (true 112, predicted [614])
attack: step 5/10, xent loss = 7.66636, l2 loss = 8.68354 (max 14.95), (true 112, predicted [614])
attack: step 6/10, xent loss = 7.85136, l2 loss = 8.92881 (max 14.95), (true 112, predicted [614])
attack: step 7/10, xent loss = 8.1038, l2 loss = 9.07669 (max 14.95), (true 112, predicted [614])
attack: step 8/10, xent loss = 7.14736, l2 loss = 9.68371 (max 14.95), (true 112, predicted [614])
attack: step 9/10, xent loss = 7.85757, l2 loss = 9.99325 (max 14.95), (true 112, predicted [578])
attack: step 10/10, xent loss = 7.2709, l2 loss = 10.1322 (max 14.95), (true 112, predicted [614])
true = 112, adv = 614
evaluating 217 of [210, 220)
attack: step 1/10, xent loss = 8.60467, l2 loss = 11.7469 (max 14.95), (true 167, predicted [664])
attack: step 2/10, xent loss = 9.53226, l2 loss = 12.8861 (max 14.95), (true 167, predicted [664])
attack: step 3/10, xent loss = 8.24886, l2 loss = 13.5869 (max 14.95), (true 167, predicted [664])
attack: step 4/10, xent loss = 9.24781, l2 loss = 14.1009 (max 14.95), (true 167, predicted [664])
attack: step 5/10, xent loss = 9.44728, l2 loss = 15.4374 (max 14.95), (true 167, predicted [664])
attack: step 6/10, xent loss = 10.4948, l2 loss = 16.0454 (max 14.95), (true 167, predicted [664])
attack: step 7/10, xent loss = 9.7328, l2 loss = 16.8025 (max 14.95), (true 167, predicted [664])
attack: step 8/10, xent loss = 11.0377, l2 loss = 18.3691 (max 14.95), (true 167, predicted [664])
attack: step 9/10, xent loss = 9.49891, l2 loss = 19.5978 (max 14.95), (true 167, predicted [664])
attack: step 10/10, xent loss = 8.07525, l2 loss = 20.3991 (max 14.95), (true 167, predicted [664])
check failed
true = 167, adv = 664
evaluating 218 of [210, 220)
attack: step 1/10, xent loss = 11.2685, l2 loss = 18.4386 (max 14.95), (true 726, predicted [669])
attack: step 2/10, xent loss = 12.9815, l2 loss = 20.0326 (max 14.95), (true 726, predicted [669])
attack: step 3/10, xent loss = 11.7432, l2 loss = 21.1182 (max 14.95), (true 726, predicted [669])
attack: step 4/10, xent loss = 11.7753, l2 loss = 21.6667 (max 14.95), (true 726, predicted [669])
attack: step 5/10, xent loss = 11.9109, l2 loss = 22.3898 (max 14.95), (true 726, predicted [669])
attack: step 6/10, xent loss = 13.7145, l2 loss = 23.0147 (max 14.95), (true 726, predicted [669])
attack: step 7/10, xent loss = 14.3959, l2 loss = 23.7389 (max 14.95), (true 726, predicted [669])
attack: step 8/10, xent loss = 11.3419, l2 loss = 24.9251 (max 14.95), (true 726, predicted [669])
attack: step 9/10, xent loss = 15.3816, l2 loss = 26.4089 (max 14.95), (true 726, predicted [669])
attack: step 10/10, xent loss = 14.5393, l2 loss = 27.2151 (max 14.95), (true 726, predicted [669])
check failed
true = 726, adv = 669
evaluating 219 of [210, 220)
attack: step 1/10, xent loss = 14.1802, l2 loss = 11.9876 (max 14.95), (true 266, predicted [728])
attack: step 2/10, xent loss = 10.2428, l2 loss = 13.0719 (max 14.95), (true 266, predicted [728])
attack: step 3/10, xent loss = 11.0406, l2 loss = 13.5662 (max 14.95), (true 266, predicted [728])
attack: step 4/10, xent loss = 11.2404, l2 loss = 14.3933 (max 14.95), (true 266, predicted [728])
attack: step 5/10, xent loss = 13.1682, l2 loss = 15.0874 (max 14.95), (true 266, predicted [728])
attack: step 6/10, xent loss = 11.5844, l2 loss = 15.9589 (max 14.95), (true 266, predicted [728])
attack: step 7/10, xent loss = 13.7452, l2 loss = 16.6747 (max 14.95), (true 266, predicted [728])
attack: step 8/10, xent loss = 13.0833, l2 loss = 17.7697 (max 14.95), (true 266, predicted [728])
attack: step 9/10, xent loss = 12.0164, l2 loss = 18.8769 (max 14.95), (true 266, predicted [728])
attack: step 10/10, xent loss = 13.3234, l2 loss = 19.6697 (max 14.95), (true 266, predicted [728])
check failed
true = 266, adv = 728
