2019-06-27 14:33:25.723806: I tensorflow/core/platform/cpu_feature_guard.cc:141] Your CPU supports instructions that this TensorFlow binary was not compiled to use: SSE4.1 SSE4.2 AVX AVX2 FMA
2019-06-27 14:33:25.731015: I tensorflow/core/platform/profile_utils/cpu_utils.cc:94] CPU Frequency: 2600025000 Hz
2019-06-27 14:33:25.731102: I tensorflow/compiler/xla/service/service.cc:150] XLA service 0x2aaae6d4a750 executing computations on platform Host. Devices:
2019-06-27 14:33:25.731116: I tensorflow/compiler/xla/service/service.cc:158]   StreamExecutor device (0): <undefined>, <undefined>
2019-06-27 14:33:25.731252: I tensorflow/core/common_runtime/process_util.cc:71] Creating new thread pool with default inter op setting: 2. Tune using inter_op_parallelism_threads for best performance.
evaluating 720 of [720, 730)
attack: step 1/10, xent loss = 1.76062, l2 loss = 4.31762 (max 14.95), (true 72, predicted [74])
attack: step 2/10, xent loss = 2.18137, l2 loss = 4.78695 (max 14.95), (true 72, predicted [74])
attack: step 3/10, xent loss = 1.65178, l2 loss = 5.28224 (max 14.95), (true 72, predicted [74])
attack: step 4/10, xent loss = 2.13209, l2 loss = 5.59287 (max 14.95), (true 72, predicted [74])
attack: step 5/10, xent loss = 2.24805, l2 loss = 6.03167 (max 14.95), (true 72, predicted [74])
attack: step 6/10, xent loss = 3.12866, l2 loss = 6.40217 (max 14.95), (true 72, predicted [74])
attack: step 7/10, xent loss = 2.83635, l2 loss = 6.9214 (max 14.95), (true 72, predicted [74])
attack: step 8/10, xent loss = 3.92054, l2 loss = 7.4387 (max 14.95), (true 72, predicted [74])
attack: step 9/10, xent loss = 3.76089, l2 loss = 7.79605 (max 14.95), (true 72, predicted [74])
attack: step 10/10, xent loss = 4.02175, l2 loss = 8.33812 (max 14.95), (true 72, predicted [74])
true = 72, adv = 74
evaluating 721 of [720, 730)
attack: step 1/10, xent loss = 11.4084, l2 loss = 18.8821 (max 14.95), (true 440, predicted [514])
attack: step 2/10, xent loss = 16.3376, l2 loss = 20.5192 (max 14.95), (true 440, predicted [514])
attack: step 3/10, xent loss = 18.9241, l2 loss = 22.3177 (max 14.95), (true 440, predicted [514])
attack: step 4/10, xent loss = 18.267, l2 loss = 23.7982 (max 14.95), (true 440, predicted [514])
attack: step 5/10, xent loss = 21.997, l2 loss = 25.1086 (max 14.95), (true 440, predicted [514])
attack: step 6/10, xent loss = 22.8988, l2 loss = 26.6373 (max 14.95), (true 440, predicted [514])
attack: step 7/10, xent loss = 27.1565, l2 loss = 28.0745 (max 14.95), (true 440, predicted [514])
attack: step 8/10, xent loss = 27.3944, l2 loss = 29.5464 (max 14.95), (true 440, predicted [514])
attack: step 9/10, xent loss = 28.5524, l2 loss = 30.7518 (max 14.95), (true 440, predicted [514])
attack: step 10/10, xent loss = 29.8781, l2 loss = 31.8799 (max 14.95), (true 440, predicted [514])
check failed
true = 440, adv = 514
evaluating 722 of [720, 730)
attack: step 1/10, xent loss = 8.66401, l2 loss = 13.0006 (max 14.95), (true 712, predicted [793])
attack: step 2/10, xent loss = 9.68341, l2 loss = 13.5055 (max 14.95), (true 712, predicted [793])
attack: step 3/10, xent loss = 8.32228, l2 loss = 14.0832 (max 14.95), (true 712, predicted [793])
attack: step 4/10, xent loss = 9.86056, l2 loss = 14.7387 (max 14.95), (true 712, predicted [692])
attack: step 5/10, xent loss = 10.6748, l2 loss = 15.3317 (max 14.95), (true 712, predicted [692])
attack: step 6/10, xent loss = 11.3381, l2 loss = 15.7008 (max 14.95), (true 712, predicted [793])
attack: step 7/10, xent loss = 11.4088, l2 loss = 16.303 (max 14.95), (true 712, predicted [692])
attack: step 8/10, xent loss = 12.2558, l2 loss = 16.7466 (max 14.95), (true 712, predicted [692])
attack: step 9/10, xent loss = 11.9177, l2 loss = 17.3987 (max 14.95), (true 712, predicted [692])
attack: step 10/10, xent loss = 11.1564, l2 loss = 17.9297 (max 14.95), (true 712, predicted [692])
check failed
true = 712, adv = 692
evaluating 723 of [720, 730)
attack: step 1/10, xent loss = 5.7757, l2 loss = 14.0447 (max 14.95), (true 590, predicted [551])
attack: step 2/10, xent loss = 7.44879, l2 loss = 14.4491 (max 14.95), (true 590, predicted [551])
attack: step 3/10, xent loss = 6.287, l2 loss = 15.335 (max 14.95), (true 590, predicted [551])
attack: step 4/10, xent loss = 8.74558, l2 loss = 16.281 (max 14.95), (true 590, predicted [551])
attack: step 5/10, xent loss = 7.42036, l2 loss = 17.2329 (max 14.95), (true 590, predicted [551])
attack: step 6/10, xent loss = 8.42978, l2 loss = 18.0023 (max 14.95), (true 590, predicted [551])
attack: step 7/10, xent loss = 9.16948, l2 loss = 18.711 (max 14.95), (true 590, predicted [551])
attack: step 8/10, xent loss = 9.17174, l2 loss = 19.2475 (max 14.95), (true 590, predicted [551])
attack: step 9/10, xent loss = 11.4757, l2 loss = 19.8843 (max 14.95), (true 590, predicted [551])
attack: step 10/10, xent loss = 11.3312, l2 loss = 20.4052 (max 14.95), (true 590, predicted [551])
check failed
true = 590, adv = 551
evaluating 724 of [720, 730)
attack: step 1/10, xent loss = 0.0177665, l2 loss = 0.06164 (max 14.95), (true 574, predicted [574])
attack: step 2/10, xent loss = 0.0130057, l2 loss = 0.0668276 (max 14.95), (true 574, predicted [574])
attack: step 3/10, xent loss = 0.0162451, l2 loss = 0.0698214 (max 14.95), (true 574, predicted [574])
attack: step 4/10, xent loss = 0.0154483, l2 loss = 0.0743567 (max 14.95), (true 574, predicted [574])
attack: step 5/10, xent loss = 0.0120245, l2 loss = 0.0792513 (max 14.95), (true 574, predicted [574])
attack: step 6/10, xent loss = 0.00937193, l2 loss = 0.082617 (max 14.95), (true 574, predicted [574])
attack: step 7/10, xent loss = 0.0144709, l2 loss = 0.0850469 (max 14.95), (true 574, predicted [574])
attack: step 8/10, xent loss = 0.0164267, l2 loss = 0.0883413 (max 14.95), (true 574, predicted [574])
attack: step 9/10, xent loss = 0.01934, l2 loss = 0.0931688 (max 14.95), (true 574, predicted [574])
attack: step 10/10, xent loss = 0.0158893, l2 loss = 0.0981779 (max 14.95), (true 574, predicted [574])
true = 574, adv = 574
evaluating 725 of [720, 730)
attack: step 1/10, xent loss = 10.8422, l2 loss = 15.1545 (max 14.95), (true 372, predicted [155])
attack: step 2/10, xent loss = 11.5363, l2 loss = 15.624 (max 14.95), (true 372, predicted [155])
attack: step 3/10, xent loss = 14.2713, l2 loss = 16.3134 (max 14.95), (true 372, predicted [204])
attack: step 4/10, xent loss = 12.0487, l2 loss = 16.8046 (max 14.95), (true 372, predicted [155])
attack: step 5/10, xent loss = 12.7267, l2 loss = 17.348 (max 14.95), (true 372, predicted [204])
attack: step 6/10, xent loss = 12.7933, l2 loss = 18.4128 (max 14.95), (true 372, predicted [204])
attack: step 7/10, xent loss = 15.1299, l2 loss = 19.0496 (max 14.95), (true 372, predicted [204])
attack: step 8/10, xent loss = 15.8185, l2 loss = 19.8358 (max 14.95), (true 372, predicted [204])
attack: step 9/10, xent loss = 12.1427, l2 loss = 20.4693 (max 14.95), (true 372, predicted [204])
attack: step 10/10, xent loss = 15.0963, l2 loss = 22.7473 (max 14.95), (true 372, predicted [204])
check failed
true = 372, adv = 204
evaluating 726 of [720, 730)
attack: step 1/10, xent loss = 20.0625, l2 loss = 22.4544 (max 14.95), (true 835, predicted [51])
attack: step 2/10, xent loss = 20.0365, l2 loss = 24.496 (max 14.95), (true 835, predicted [51])
attack: step 3/10, xent loss = 19.641, l2 loss = 25.9464 (max 14.95), (true 835, predicted [51])
attack: step 4/10, xent loss = 21.8107, l2 loss = 27.3498 (max 14.95), (true 835, predicted [51])
attack: step 5/10, xent loss = 23.2143, l2 loss = 28.8264 (max 14.95), (true 835, predicted [51])
attack: step 6/10, xent loss = 21.0548, l2 loss = 30.4182 (max 14.95), (true 835, predicted [51])
attack: step 7/10, xent loss = 19.6731, l2 loss = 31.7781 (max 14.95), (true 835, predicted [51])
attack: step 8/10, xent loss = 19.3507, l2 loss = 33.6151 (max 14.95), (true 835, predicted [51])
attack: step 9/10, xent loss = 25.2183, l2 loss = 34.5333 (max 14.95), (true 835, predicted [51])
attack: step 10/10, xent loss = 25.893, l2 loss = 35.3054 (max 14.95), (true 835, predicted [51])
check failed
true = 835, adv = 51
evaluating 727 of [720, 730)
attack: step 1/10, xent loss = 0.554062, l2 loss = 1.94427 (max 14.95), (true 21, predicted [21])
attack: step 2/10, xent loss = 0.463805, l2 loss = 2.43041 (max 14.95), (true 21, predicted [21])
attack: step 3/10, xent loss = 2.49114, l2 loss = 3.26782 (max 14.95), (true 21, predicted [552])
attack: step 4/10, xent loss = 3.72442, l2 loss = 14.9549 (max 14.95), (true 21, predicted [552])
attack: step 5/10, xent loss = 11.3402, l2 loss = 17.5994 (max 14.95), (true 21, predicted [552])
attack: step 6/10, xent loss = 17.3109, l2 loss = 21.2935 (max 14.95), (true 21, predicted [552])
attack: step 7/10, xent loss = 18.6295, l2 loss = 24.0006 (max 14.95), (true 21, predicted [552])
attack: step 8/10, xent loss = 24.1952, l2 loss = 25.5312 (max 14.95), (true 21, predicted [552])
attack: step 9/10, xent loss = 23.8216, l2 loss = 26.6016 (max 14.95), (true 21, predicted [552])
attack: step 10/10, xent loss = 28.359, l2 loss = 28.0655 (max 14.95), (true 21, predicted [552])
check failed
true = 21, adv = 552
evaluating 728 of [720, 730)
attack: step 1/10, xent loss = 16.6304, l2 loss = 19.63 (max 14.95), (true 337, predicted [33])
attack: step 2/10, xent loss = 15.5713, l2 loss = 20.7105 (max 14.95), (true 337, predicted [33])
attack: step 3/10, xent loss = 13.2605, l2 loss = 22.0213 (max 14.95), (true 337, predicted [33])
attack: step 4/10, xent loss = 17.6702, l2 loss = 23.8947 (max 14.95), (true 337, predicted [33])
attack: step 5/10, xent loss = 15.6961, l2 loss = 24.7416 (max 14.95), (true 337, predicted [33])
attack: step 6/10, xent loss = 17.9652, l2 loss = 25.9365 (max 14.95), (true 337, predicted [33])
attack: step 7/10, xent loss = 17.924, l2 loss = 26.8025 (max 14.95), (true 337, predicted [33])
attack: step 8/10, xent loss = 19.1023, l2 loss = 27.3919 (max 14.95), (true 337, predicted [33])
attack: step 9/10, xent loss = 19.6589, l2 loss = 28.1628 (max 14.95), (true 337, predicted [33])
attack: step 10/10, xent loss = 21.2652, l2 loss = 28.9227 (max 14.95), (true 337, predicted [33])
check failed
true = 337, adv = 33
evaluating 729 of [720, 730)
attack: step 1/10, xent loss = 8.73587, l2 loss = 10.272 (max 14.95), (true 146, predicted [4])
attack: step 2/10, xent loss = 9.96165, l2 loss = 11.1222 (max 14.95), (true 146, predicted [4])
attack: step 3/10, xent loss = 10.0102, l2 loss = 11.7746 (max 14.95), (true 146, predicted [2])
attack: step 4/10, xent loss = 11.7599, l2 loss = 12.2488 (max 14.95), (true 146, predicted [4])
attack: step 5/10, xent loss = 11.414, l2 loss = 12.8213 (max 14.95), (true 146, predicted [2])
attack: step 6/10, xent loss = 9.82218, l2 loss = 13.2502 (max 14.95), (true 146, predicted [4])
attack: step 7/10, xent loss = 11.5407, l2 loss = 13.8017 (max 14.95), (true 146, predicted [4])
attack: step 8/10, xent loss = 11.0639, l2 loss = 14.2473 (max 14.95), (true 146, predicted [4])
attack: step 9/10, xent loss = 12.1851, l2 loss = 14.8696 (max 14.95), (true 146, predicted [4])
attack: step 10/10, xent loss = 13.4619, l2 loss = 15.3998 (max 14.95), (true 146, predicted [4])
check failed
true = 146, adv = 4
