2019-06-01 00:03:59.854561: I tensorflow/core/platform/cpu_feature_guard.cc:141] Your CPU supports instructions that this TensorFlow binary was not compiled to use: SSE4.1 SSE4.2 AVX AVX2 FMA
2019-06-01 00:04:00.044371: I tensorflow/core/platform/profile_utils/cpu_utils.cc:94] CPU Frequency: 2599890000 Hz
2019-06-01 00:04:00.146408: I tensorflow/compiler/xla/service/service.cc:150] XLA service 0x2aaae6e4b2b0 executing computations on platform Host. Devices:
2019-06-01 00:04:00.146447: I tensorflow/compiler/xla/service/service.cc:158]   StreamExecutor device (0): <undefined>, <undefined>
2019-06-01 00:04:00.146798: I tensorflow/core/common_runtime/process_util.cc:71] Creating new thread pool with default inter op setting: 2. Tune using inter_op_parallelism_threads for best performance.
evaluating 190 of [190, 200)
attack: step 1/1, xent loss = 0.031818, l2 loss = 0 (max 14.95), (true 553, predicted [553])
true = 553, adv = 553
evaluating 191 of [190, 200)
attack: step 1/1, xent loss = 0.106952, l2 loss = 0 (max 14.95), (true 23, predicted [23])
true = 23, adv = 23
evaluating 192 of [190, 200)
attack: step 1/1, xent loss = 0.0264878, l2 loss = 0 (max 14.95), (true 169, predicted [169])
true = 169, adv = 156
evaluating 193 of [190, 200)
attack: step 1/1, xent loss = 0.0971896, l2 loss = 0 (max 14.95), (true 567, predicted [567])
true = 567, adv = 920
evaluating 194 of [190, 200)
attack: step 1/1, xent loss = 0.101909, l2 loss = 0 (max 14.95), (true 545, predicted [545])
true = 545, adv = 545
evaluating 195 of [190, 200)
attack: step 1/1, xent loss = 0.0106838, l2 loss = 0 (max 14.95), (true 328, predicted [328])
true = 328, adv = 552
evaluating 196 of [190, 200)
attack: step 1/1, xent loss = 1.25789, l2 loss = 0 (max 14.95), (true 598, predicted [498])
true = 598, adv = 498
evaluating 197 of [190, 200)
attack: step 1/1, xent loss = 0.138334, l2 loss = 0 (max 14.95), (true 209, predicted [209])
true = 209, adv = 209
evaluating 198 of [190, 200)
attack: step 1/1, xent loss = 1.91678, l2 loss = 0 (max 14.95), (true 564, predicted [669])
true = 564, adv = 669
evaluating 199 of [190, 200)
attack: step 1/1, xent loss = 0.0451092, l2 loss = 0 (max 14.95), (true 37, predicted [37])
true = 37, adv = 37
