2019-06-29 17:53:48.354140: I tensorflow/core/platform/cpu_feature_guard.cc:141] Your CPU supports instructions that this TensorFlow binary was not compiled to use: SSE4.1 SSE4.2 AVX AVX2 FMA
2019-06-29 17:53:52.618872: I tensorflow/core/platform/profile_utils/cpu_utils.cc:94] CPU Frequency: 2599950000 Hz
2019-06-29 17:53:52.628135: I tensorflow/compiler/xla/service/service.cc:150] XLA service 0x2aaae6abffa0 executing computations on platform Host. Devices:
2019-06-29 17:53:52.628204: I tensorflow/compiler/xla/service/service.cc:158]   StreamExecutor device (0): <undefined>, <undefined>
2019-06-29 17:53:52.628596: I tensorflow/core/common_runtime/process_util.cc:71] Creating new thread pool with default inter op setting: 2. Tune using inter_op_parallelism_threads for best performance.
evaluating 990 of [990, 1000)
attack: step 1/10, xent loss = 10.1029, l2 loss = 7.0443 (max 14.95), (true 928, predicted [701])
attack: step 2/10, xent loss = 10.7278, l2 loss = 7.42219 (max 14.95), (true 928, predicted [797])
attack: step 3/10, xent loss = 10.2221, l2 loss = 7.77504 (max 14.95), (true 928, predicted [797])
attack: step 4/10, xent loss = 9.73641, l2 loss = 8.14737 (max 14.95), (true 928, predicted [701])
attack: step 5/10, xent loss = 9.84888, l2 loss = 8.49367 (max 14.95), (true 928, predicted [797])
attack: step 6/10, xent loss = 9.83494, l2 loss = 9.01766 (max 14.95), (true 928, predicted [797])
attack: step 7/10, xent loss = 9.42821, l2 loss = 9.51005 (max 14.95), (true 928, predicted [797])
attack: step 8/10, xent loss = 10.1222, l2 loss = 9.86213 (max 14.95), (true 928, predicted [797])
attack: step 9/10, xent loss = 10.2522, l2 loss = 10.2928 (max 14.95), (true 928, predicted [797])
attack: step 10/10, xent loss = 9.9411, l2 loss = 10.8034 (max 14.95), (true 928, predicted [501])
true = 928, adv = 797
evaluating 991 of [990, 1000)
attack: step 1/10, xent loss = 9.33302, l2 loss = 17.0332 (max 14.95), (true 395, predicted [570])
attack: step 2/10, xent loss = 9.19567, l2 loss = 18.4399 (max 14.95), (true 395, predicted [570])
attack: step 3/10, xent loss = 8.83861, l2 loss = 19.7616 (max 14.95), (true 395, predicted [570])
attack: step 4/10, xent loss = 12.9092, l2 loss = 20.7422 (max 14.95), (true 395, predicted [570])
attack: step 5/10, xent loss = 12.8679, l2 loss = 21.7179 (max 14.95), (true 395, predicted [570])
attack: step 6/10, xent loss = 12.628, l2 loss = 22.3777 (max 14.95), (true 395, predicted [570])
attack: step 7/10, xent loss = 14.7434, l2 loss = 23.0922 (max 14.95), (true 395, predicted [570])
attack: step 8/10, xent loss = 14.5382, l2 loss = 23.4447 (max 14.95), (true 395, predicted [570])
attack: step 9/10, xent loss = 13.818, l2 loss = 23.7699 (max 14.95), (true 395, predicted [570])
attack: step 10/10, xent loss = 13.6047, l2 loss = 24.2616 (max 14.95), (true 395, predicted [570])
check failed
true = 395, adv = 570
evaluating 992 of [990, 1000)
attack: step 1/10, xent loss = 13.6828, l2 loss = 16.5516 (max 14.95), (true 838, predicted [728])
attack: step 2/10, xent loss = 13.3737, l2 loss = 17.9857 (max 14.95), (true 838, predicted [728])
attack: step 3/10, xent loss = 12.2294, l2 loss = 19.1731 (max 14.95), (true 838, predicted [728])
attack: step 4/10, xent loss = 10.275, l2 loss = 20.2794 (max 14.95), (true 838, predicted [728])
attack: step 5/10, xent loss = 15.7743, l2 loss = 20.8976 (max 14.95), (true 838, predicted [728])
attack: step 6/10, xent loss = 15.1886, l2 loss = 22.1109 (max 14.95), (true 838, predicted [728])
attack: step 7/10, xent loss = 16.1527, l2 loss = 23.3073 (max 14.95), (true 838, predicted [728])
attack: step 8/10, xent loss = 16.3433, l2 loss = 24.8454 (max 14.95), (true 838, predicted [728])
attack: step 9/10, xent loss = 13.014, l2 loss = 26.3578 (max 14.95), (true 838, predicted [728])
attack: step 10/10, xent loss = 15.3469, l2 loss = 27.1679 (max 14.95), (true 838, predicted [728])
check failed
true = 838, adv = 728
evaluating 993 of [990, 1000)
attack: step 1/10, xent loss = 0.157312, l2 loss = 1.10135 (max 14.95), (true 537, predicted [537])
attack: step 2/10, xent loss = 0.171825, l2 loss = 1.18647 (max 14.95), (true 537, predicted [537])
attack: step 3/10, xent loss = 0.086146, l2 loss = 1.28968 (max 14.95), (true 537, predicted [537])
attack: step 4/10, xent loss = 0.0791205, l2 loss = 1.32294 (max 14.95), (true 537, predicted [537])
attack: step 5/10, xent loss = 0.0921157, l2 loss = 1.35376 (max 14.95), (true 537, predicted [537])
attack: step 6/10, xent loss = 0.395561, l2 loss = 1.38241 (max 14.95), (true 537, predicted [537])
attack: step 7/10, xent loss = 0.0947063, l2 loss = 1.90756 (max 14.95), (true 537, predicted [537])
attack: step 8/10, xent loss = 0.122908, l2 loss = 1.93277 (max 14.95), (true 537, predicted [537])
attack: step 9/10, xent loss = 0.189759, l2 loss = 1.97219 (max 14.95), (true 537, predicted [537])
attack: step 10/10, xent loss = 0.182329, l2 loss = 2.06165 (max 14.95), (true 537, predicted [537])
true = 537, adv = 537
evaluating 994 of [990, 1000)
attack: step 1/10, xent loss = 7.6067, l2 loss = 10.8478 (max 14.95), (true 658, predicted [797])
attack: step 2/10, xent loss = 8.58148, l2 loss = 11.2109 (max 14.95), (true 658, predicted [770])
attack: step 3/10, xent loss = 8.46775, l2 loss = 11.6057 (max 14.95), (true 658, predicted [728])
attack: step 4/10, xent loss = 8.73855, l2 loss = 12.3068 (max 14.95), (true 658, predicted [728])
attack: step 5/10, xent loss = 8.66399, l2 loss = 12.8983 (max 14.95), (true 658, predicted [728])
attack: step 6/10, xent loss = 10.8612, l2 loss = 14.5532 (max 14.95), (true 658, predicted [728])
attack: step 7/10, xent loss = 9.56788, l2 loss = 16.5178 (max 14.95), (true 658, predicted [728])
attack: step 8/10, xent loss = 12.8474, l2 loss = 17.4209 (max 14.95), (true 658, predicted [728])
attack: step 9/10, xent loss = 12.4368, l2 loss = 19.2874 (max 14.95), (true 658, predicted [728])
attack: step 10/10, xent loss = 15.0407, l2 loss = 21.0098 (max 14.95), (true 658, predicted [728])
check failed
true = 658, adv = 728
evaluating 995 of [990, 1000)
attack: step 1/10, xent loss = 9.27242, l2 loss = 13.5611 (max 14.95), (true 540, predicted [978])
attack: step 2/10, xent loss = 9.47975, l2 loss = 14.0978 (max 14.95), (true 540, predicted [978])
attack: step 3/10, xent loss = 9.58715, l2 loss = 14.4317 (max 14.95), (true 540, predicted [978])
attack: step 4/10, xent loss = 9.59423, l2 loss = 14.9311 (max 14.95), (true 540, predicted [978])
attack: step 5/10, xent loss = 10.7715, l2 loss = 15.6048 (max 14.95), (true 540, predicted [978])
attack: step 6/10, xent loss = 9.81326, l2 loss = 16.5045 (max 14.95), (true 540, predicted [978])
attack: step 7/10, xent loss = 10.4582, l2 loss = 16.7386 (max 14.95), (true 540, predicted [978])
attack: step 8/10, xent loss = 11.2777, l2 loss = 17.042 (max 14.95), (true 540, predicted [978])
attack: step 9/10, xent loss = 11.8572, l2 loss = 17.5175 (max 14.95), (true 540, predicted [978])
attack: step 10/10, xent loss = 10.7271, l2 loss = 18.0637 (max 14.95), (true 540, predicted [978])
check failed
true = 540, adv = 978
evaluating 996 of [990, 1000)
attack: step 1/10, xent loss = 11.0179, l2 loss = 12.6283 (max 14.95), (true 49, predicted [728])
attack: step 2/10, xent loss = 10.6763, l2 loss = 13.6058 (max 14.95), (true 49, predicted [728])
attack: step 3/10, xent loss = 12.1665, l2 loss = 14.2916 (max 14.95), (true 49, predicted [728])
attack: step 4/10, xent loss = 10.2411, l2 loss = 15.7503 (max 14.95), (true 49, predicted [728])
attack: step 5/10, xent loss = 11.7862, l2 loss = 16.2269 (max 14.95), (true 49, predicted [728])
attack: step 6/10, xent loss = 12.0981, l2 loss = 17.6379 (max 14.95), (true 49, predicted [728])
attack: step 7/10, xent loss = 11.3301, l2 loss = 18.5352 (max 14.95), (true 49, predicted [728])
attack: step 8/10, xent loss = 11.9836, l2 loss = 19.4314 (max 14.95), (true 49, predicted [728])
attack: step 9/10, xent loss = 14.2731, l2 loss = 20.5379 (max 14.95), (true 49, predicted [728])
attack: step 10/10, xent loss = 12.7449, l2 loss = 21.5181 (max 14.95), (true 49, predicted [728])
check failed
true = 49, adv = 728
evaluating 997 of [990, 1000)
attack: step 1/10, xent loss = 21.3169, l2 loss = 29.9032 (max 14.95), (true 813, predicted [618])
attack: step 2/10, xent loss = 19.4362, l2 loss = 31.1859 (max 14.95), (true 813, predicted [618])
attack: step 3/10, xent loss = 19.3285, l2 loss = 32.5153 (max 14.95), (true 813, predicted [618])
attack: step 4/10, xent loss = 19.909, l2 loss = 33.9823 (max 14.95), (true 813, predicted [618])
attack: step 5/10, xent loss = 20.7365, l2 loss = 34.7714 (max 14.95), (true 813, predicted [618])
attack: step 6/10, xent loss = 21.0152, l2 loss = 36.1376 (max 14.95), (true 813, predicted [618])
attack: step 7/10, xent loss = 20.747, l2 loss = 36.9354 (max 14.95), (true 813, predicted [618])
attack: step 8/10, xent loss = 23.0171, l2 loss = 37.7959 (max 14.95), (true 813, predicted [618])
attack: step 9/10, xent loss = 21.4631, l2 loss = 38.6245 (max 14.95), (true 813, predicted [618])
attack: step 10/10, xent loss = 19.5511, l2 loss = 39.5926 (max 14.95), (true 813, predicted [618])
check failed
true = 813, adv = 618
evaluating 998 of [990, 1000)
attack: step 1/10, xent loss = 6.69562, l2 loss = 8.07378 (max 14.95), (true 533, predicted [868])
attack: step 2/10, xent loss = 6.6197, l2 loss = 8.64046 (max 14.95), (true 533, predicted [868])
attack: step 3/10, xent loss = 6.11084, l2 loss = 9.09391 (max 14.95), (true 533, predicted [868])
attack: step 4/10, xent loss = 6.36165, l2 loss = 9.36426 (max 14.95), (true 533, predicted [868])
attack: step 5/10, xent loss = 8.03016, l2 loss = 9.83372 (max 14.95), (true 533, predicted [868])
attack: step 6/10, xent loss = 8.78777, l2 loss = 10.4686 (max 14.95), (true 533, predicted [868])
attack: step 7/10, xent loss = 8.58142, l2 loss = 11.1002 (max 14.95), (true 533, predicted [868])
attack: step 8/10, xent loss = 10.4307, l2 loss = 11.7257 (max 14.95), (true 533, predicted [868])
attack: step 9/10, xent loss = 8.43864, l2 loss = 12.2589 (max 14.95), (true 533, predicted [868])
attack: step 10/10, xent loss = 8.12153, l2 loss = 12.8445 (max 14.95), (true 533, predicted [868])
true = 533, adv = 868
evaluating 999 of [990, 1000)
attack: step 1/10, xent loss = 20.8271, l2 loss = 25.5295 (max 14.95), (true 232, predicted [728])
attack: step 2/10, xent loss = 17.9364, l2 loss = 26.8539 (max 14.95), (true 232, predicted [728])
attack: step 3/10, xent loss = 19.7338, l2 loss = 28.1213 (max 14.95), (true 232, predicted [728])
attack: step 4/10, xent loss = 22.1868, l2 loss = 29.2211 (max 14.95), (true 232, predicted [728])
attack: step 5/10, xent loss = 21.4593, l2 loss = 30.5797 (max 14.95), (true 232, predicted [728])
attack: step 6/10, xent loss = 20.6398, l2 loss = 31.689 (max 14.95), (true 232, predicted [728])
attack: step 7/10, xent loss = 24.5942, l2 loss = 32.7496 (max 14.95), (true 232, predicted [728])
attack: step 8/10, xent loss = 24.5883, l2 loss = 34.0893 (max 14.95), (true 232, predicted [728])
attack: step 9/10, xent loss = 23.8064, l2 loss = 35.1486 (max 14.95), (true 232, predicted [728])
attack: step 10/10, xent loss = 26.5747, l2 loss = 36.1352 (max 14.95), (true 232, predicted [728])
check failed
true = 232, adv = 728
