2019-11-04 10:21:37.586471: I tensorflow/core/platform/cpu_feature_guard.cc:141] Your CPU supports instructions that this TensorFlow binary was not compiled to use: SSE4.1 SSE4.2 AVX AVX2 FMA
2019-11-04 10:21:37.636385: I tensorflow/core/platform/profile_utils/cpu_utils.cc:94] CPU Frequency: 2600170000 Hz
2019-11-04 10:21:37.681004: I tensorflow/compiler/xla/service/service.cc:150] XLA service 0x55555902e6e0 executing computations on platform Host. Devices:
2019-11-04 10:21:37.681098: I tensorflow/compiler/xla/service/service.cc:158]   StreamExecutor device (0): <undefined>, <undefined>
2019-11-04 10:21:37.683535: I tensorflow/core/common_runtime/process_util.cc:71] Creating new thread pool with default inter op setting: 2. Tune using inter_op_parallelism_threads for best performance.
evaluating 930 of [930, 940)
attack: step 1/1, xent loss = 6.66464, l2 loss = 25.1685 (max 14.95), (true 93, predicted [95])
check failed
true = 93, adv = 88
evaluating 931 of [930, 940)
attack: step 1/1, xent loss = 15.0777, l2 loss = 20.6695 (max 14.95), (true 762, predicted [564])
check failed
true = 762, adv = 564
evaluating 932 of [930, 940)
attack: step 1/1, xent loss = 1.07601, l2 loss = 15.0336 (max 14.95), (true 634, predicted [634])
check failed
true = 634, adv = 467
evaluating 933 of [930, 940)
attack: step 1/1, xent loss = 11.117, l2 loss = 38.6474 (max 14.95), (true 999, predicted [607])
check failed
true = 999, adv = 607
evaluating 934 of [930, 940)
attack: step 1/1, xent loss = 0.271146, l2 loss = 0.638676 (max 14.95), (true 670, predicted [670])
true = 670, adv = 670
evaluating 935 of [930, 940)
attack: step 1/1, xent loss = 0.0990034, l2 loss = 0.709614 (max 14.95), (true 493, predicted [493])
true = 493, adv = 493
evaluating 936 of [930, 940)
attack: step 1/1, xent loss = 8.98385, l2 loss = 19.4196 (max 14.95), (true 59, predicted [64])
check failed
true = 59, adv = 64
evaluating 937 of [930, 940)
attack: step 1/1, xent loss = 10.6627, l2 loss = 18.5088 (max 14.95), (true 179, predicted [242])
check failed
true = 179, adv = 242
evaluating 938 of [930, 940)
attack: step 1/1, xent loss = 7.46427, l2 loss = 46.6294 (max 14.95), (true 382, predicted [552])
check failed
true = 382, adv = 552
evaluating 939 of [930, 940)
attack: step 1/1, xent loss = 4.66362, l2 loss = 19.1753 (max 14.95), (true 863, predicted [643])
check failed
true = 863, adv = 643
