2019-11-04 01:10:22.957588: I tensorflow/core/platform/cpu_feature_guard.cc:141] Your CPU supports instructions that this TensorFlow binary was not compiled to use: SSE4.1 SSE4.2 AVX AVX2 FMA
2019-11-04 01:10:22.966325: I tensorflow/core/platform/profile_utils/cpu_utils.cc:94] CPU Frequency: 2600235000 Hz
2019-11-04 01:10:22.966435: I tensorflow/compiler/xla/service/service.cc:150] XLA service 0x555559030940 executing computations on platform Host. Devices:
2019-11-04 01:10:22.966451: I tensorflow/compiler/xla/service/service.cc:158]   StreamExecutor device (0): <undefined>, <undefined>
2019-11-04 01:10:22.966631: I tensorflow/core/common_runtime/process_util.cc:71] Creating new thread pool with default inter op setting: 2. Tune using inter_op_parallelism_threads for best performance.
evaluating 870 of [870, 880)
attack: step 1/1, xent loss = 0.0511854, l2 loss = 14.4037 (max 14.95), (true 835, predicted [835])
true = 835, adv = 478
evaluating 871 of [870, 880)
attack: step 1/1, xent loss = 3.44959, l2 loss = 17.8025 (max 14.95), (true 369, predicted [368])
check failed
true = 369, adv = 728
evaluating 872 of [870, 880)
attack: step 1/1, xent loss = 7.64428, l2 loss = 29.9581 (max 14.95), (true 345, predicted [569])
check failed
true = 345, adv = 728
evaluating 873 of [870, 880)
attack: step 1/1, xent loss = 0.393736, l2 loss = 37.2304 (max 14.95), (true 648, predicted [648])
check failed
true = 648, adv = 470
evaluating 874 of [870, 880)
attack: step 1/1, xent loss = 1.19898, l2 loss = 26.2889 (max 14.95), (true 214, predicted [214])
check failed
true = 214, adv = 728
evaluating 875 of [870, 880)
attack: step 1/1, xent loss = 0.047746, l2 loss = 43.9004 (max 14.95), (true 111, predicted [111])
check failed
true = 111, adv = 728
evaluating 876 of [870, 880)
attack: step 1/1, xent loss = 0.712607, l2 loss = 35.9143 (max 14.95), (true 537, predicted [537])
check failed
true = 537, adv = 879
evaluating 877 of [870, 880)
attack: step 1/1, xent loss = 5.53381, l2 loss = 32.5129 (max 14.95), (true 52, predicted [111])
check failed
true = 52, adv = 808
evaluating 878 of [870, 880)
attack: step 1/1, xent loss = 4.63131, l2 loss = 40.7659 (max 14.95), (true 199, predicted [237])
check failed
true = 199, adv = 728
evaluating 879 of [870, 880)
attack: step 1/1, xent loss = 2.95456, l2 loss = 20.1161 (max 14.95), (true 978, predicted [976])
check failed
true = 978, adv = 970
