2019-05-23 21:23:11.086726: I tensorflow/core/platform/cpu_feature_guard.cc:141] Your CPU supports instructions that this TensorFlow binary was not compiled to use: SSE4.1 SSE4.2 AVX AVX2 FMA
2019-05-23 21:23:11.097686: I tensorflow/core/platform/profile_utils/cpu_utils.cc:94] CPU Frequency: 2600265000 Hz
2019-05-23 21:23:11.097856: I tensorflow/compiler/xla/service/service.cc:150] XLA service 0x2aaae6ac02e0 executing computations on platform Host. Devices:
2019-05-23 21:23:11.097874: I tensorflow/compiler/xla/service/service.cc:158]   StreamExecutor device (0): <undefined>, <undefined>
2019-05-23 21:23:11.098097: I tensorflow/core/common_runtime/process_util.cc:71] Creating new thread pool with default inter op setting: 2. Tune using inter_op_parallelism_threads for best performance.
evaluating 420 of [420, 430)
attack: step 1/10, xent loss = 7.83803, l2 loss = 0 (max 14.95), (true 335, predicted [728])
attack: step 2/10, xent loss = 8.73106, l2 loss = 1.85697 (max 14.95), (true 335, predicted [728])
attack: step 3/10, xent loss = 9.07642, l2 loss = 3.24572 (max 14.95), (true 335, predicted [728])
attack: step 4/10, xent loss = 8.44617, l2 loss = 4.90465 (max 14.95), (true 335, predicted [728])
attack: step 5/10, xent loss = 9.13378, l2 loss = 5.53884 (max 14.95), (true 335, predicted [728])
attack: step 6/10, xent loss = 8.5195, l2 loss = 6.20135 (max 14.95), (true 335, predicted [728])
attack: step 7/10, xent loss = 8.62113, l2 loss = 6.71401 (max 14.95), (true 335, predicted [728])
attack: step 8/10, xent loss = 9.80719, l2 loss = 7.30384 (max 14.95), (true 335, predicted [728])
attack: step 9/10, xent loss = 9.44015, l2 loss = 8.16298 (max 14.95), (true 335, predicted [728])
attack: step 10/10, xent loss = 8.48873, l2 loss = 8.61401 (max 14.95), (true 335, predicted [728])
true = 335, adv = 728
evaluating 421 of [420, 430)
attack: step 1/10, xent loss = 8.69058, l2 loss = 0 (max 14.95), (true 351, predicted [552])
attack: step 2/10, xent loss = 8.36514, l2 loss = 3.54813 (max 14.95), (true 351, predicted [552])
attack: step 3/10, xent loss = 8.44396, l2 loss = 4.90402 (max 14.95), (true 351, predicted [728])
attack: step 4/10, xent loss = 8.34923, l2 loss = 5.64295 (max 14.95), (true 351, predicted [728])
attack: step 5/10, xent loss = 8.49156, l2 loss = 6.3501 (max 14.95), (true 351, predicted [552])
attack: step 6/10, xent loss = 8.1358, l2 loss = 7.19358 (max 14.95), (true 351, predicted [728])
attack: step 7/10, xent loss = 9.23685, l2 loss = 8.03709 (max 14.95), (true 351, predicted [999])
attack: step 8/10, xent loss = 9.56389, l2 loss = 9.75293 (max 14.95), (true 351, predicted [552])
attack: step 9/10, xent loss = 8.51277, l2 loss = 10.6959 (max 14.95), (true 351, predicted [728])
attack: step 10/10, xent loss = 8.69322, l2 loss = 11.2087 (max 14.95), (true 351, predicted [728])
true = 351, adv = 728
evaluating 422 of [420, 430)
attack: step 1/10, xent loss = 1.01499, l2 loss = 0 (max 14.95), (true 214, predicted [214])
attack: step 2/10, xent loss = 1.81528, l2 loss = 2.93488 (max 14.95), (true 214, predicted [165])
attack: step 3/10, xent loss = 2.17691, l2 loss = 4.46126 (max 14.95), (true 214, predicted [165])
attack: step 4/10, xent loss = 1.36451, l2 loss = 6.34291 (max 14.95), (true 214, predicted [214])
attack: step 5/10, xent loss = 7.42343, l2 loss = 7.17286 (max 14.95), (true 214, predicted [728])
attack: step 6/10, xent loss = 7.34173, l2 loss = 13.3805 (max 14.95), (true 214, predicted [728])
attack: step 7/10, xent loss = 8.26588, l2 loss = 19.0275 (max 14.95), (true 214, predicted [728])
attack: step 8/10, xent loss = 10.9975, l2 loss = 21.3711 (max 14.95), (true 214, predicted [728])
attack: step 9/10, xent loss = 14.8927, l2 loss = 22.5525 (max 14.95), (true 214, predicted [728])
attack: step 10/10, xent loss = 12.3372, l2 loss = 24.0594 (max 14.95), (true 214, predicted [728])
check failed
true = 214, adv = 728
evaluating 423 of [420, 430)
attack: step 1/10, xent loss = 6.13269, l2 loss = 0 (max 14.95), (true 590, predicted [664])
attack: step 2/10, xent loss = 6.57761, l2 loss = 3.68 (max 14.95), (true 590, predicted [664])
attack: step 3/10, xent loss = 6.2616, l2 loss = 5.03192 (max 14.95), (true 590, predicted [664])
attack: step 4/10, xent loss = 7.39319, l2 loss = 6.82416 (max 14.95), (true 590, predicted [692])
attack: step 5/10, xent loss = 8.84612, l2 loss = 8.07792 (max 14.95), (true 590, predicted [692])
attack: step 6/10, xent loss = 9.14141, l2 loss = 8.64471 (max 14.95), (true 590, predicted [728])
attack: step 7/10, xent loss = 7.78537, l2 loss = 9.14563 (max 14.95), (true 590, predicted [664])
attack: step 8/10, xent loss = 9.30066, l2 loss = 9.93035 (max 14.95), (true 590, predicted [692])
attack: step 9/10, xent loss = 9.15173, l2 loss = 10.5692 (max 14.95), (true 590, predicted [692])
attack: step 10/10, xent loss = 10.1508, l2 loss = 11.0104 (max 14.95), (true 590, predicted [886])
true = 590, adv = 692
evaluating 424 of [420, 430)
attack: step 1/10, xent loss = 6.61574, l2 loss = 0 (max 14.95), (true 26, predicted [643])
attack: step 2/10, xent loss = 7.59395, l2 loss = 5.12913 (max 14.95), (true 26, predicted [31])
attack: step 3/10, xent loss = 8.0454, l2 loss = 6.79022 (max 14.95), (true 26, predicted [643])
attack: step 4/10, xent loss = 9.50143, l2 loss = 7.8077 (max 14.95), (true 26, predicted [728])
attack: step 5/10, xent loss = 9.71916, l2 loss = 10.1698 (max 14.95), (true 26, predicted [643])
attack: step 6/10, xent loss = 10.9919, l2 loss = 11.7631 (max 14.95), (true 26, predicted [728])
attack: step 7/10, xent loss = 14.0698, l2 loss = 13.8097 (max 14.95), (true 26, predicted [728])
attack: step 8/10, xent loss = 12.8236, l2 loss = 17.569 (max 14.95), (true 26, predicted [728])
attack: step 9/10, xent loss = 12.1946, l2 loss = 19.9766 (max 14.95), (true 26, predicted [728])
attack: step 10/10, xent loss = 18.1994, l2 loss = 21.7829 (max 14.95), (true 26, predicted [728])
check failed
true = 26, adv = 728
evaluating 425 of [420, 430)
attack: step 1/10, xent loss = 7.05604, l2 loss = 0 (max 14.95), (true 70, predicted [669])
attack: step 2/10, xent loss = 8.8208, l2 loss = 6.17568 (max 14.95), (true 70, predicted [669])
attack: step 3/10, xent loss = 9.40263, l2 loss = 7.78338 (max 14.95), (true 70, predicted [672])
attack: step 4/10, xent loss = 10.1973, l2 loss = 9.80367 (max 14.95), (true 70, predicted [669])
attack: step 5/10, xent loss = 8.36621, l2 loss = 13.3449 (max 14.95), (true 70, predicted [669])
attack: step 6/10, xent loss = 11.6616, l2 loss = 14.8242 (max 14.95), (true 70, predicted [669])
attack: step 7/10, xent loss = 13.2656, l2 loss = 16.9166 (max 14.95), (true 70, predicted [669])
attack: step 8/10, xent loss = 17.2459, l2 loss = 19.0937 (max 14.95), (true 70, predicted [669])
attack: step 9/10, xent loss = 14.3691, l2 loss = 20.9904 (max 14.95), (true 70, predicted [669])
attack: step 10/10, xent loss = 15.8747, l2 loss = 22.4904 (max 14.95), (true 70, predicted [669])
check failed
true = 70, adv = 669
evaluating 426 of [420, 430)
attack: step 1/10, xent loss = 0.125685, l2 loss = 0 (max 14.95), (true 239, predicted [239])
attack: step 2/10, xent loss = 0.558995, l2 loss = 0.578377 (max 14.95), (true 239, predicted [239])
attack: step 3/10, xent loss = 0.663918, l2 loss = 2.64225 (max 14.95), (true 239, predicted [239])
attack: step 4/10, xent loss = 3.87129, l2 loss = 3.8421 (max 14.95), (true 239, predicted [238])
attack: step 5/10, xent loss = 1.68756, l2 loss = 7.9199 (max 14.95), (true 239, predicted [238])
attack: step 6/10, xent loss = 6.22184, l2 loss = 9.37669 (max 14.95), (true 239, predicted [238])
attack: step 7/10, xent loss = 6.89407, l2 loss = 11.0634 (max 14.95), (true 239, predicted [238])
attack: step 8/10, xent loss = 8.90415, l2 loss = 11.9884 (max 14.95), (true 239, predicted [238])
attack: step 9/10, xent loss = 8.50356, l2 loss = 12.5915 (max 14.95), (true 239, predicted [238])
attack: step 10/10, xent loss = 9.68892, l2 loss = 12.9546 (max 14.95), (true 239, predicted [238])
true = 239, adv = 238
evaluating 427 of [420, 430)
attack: step 1/10, xent loss = 2.11894, l2 loss = 0 (max 14.95), (true 835, predicted [835])
attack: step 2/10, xent loss = 6.67278, l2 loss = 7.05926 (max 14.95), (true 835, predicted [406])
attack: step 3/10, xent loss = 7.67527, l2 loss = 7.77237 (max 14.95), (true 835, predicted [742])
attack: step 4/10, xent loss = 7.73031, l2 loss = 8.85104 (max 14.95), (true 835, predicted [827])
attack: step 5/10, xent loss = 9.03465, l2 loss = 10.3363 (max 14.95), (true 835, predicted [544])
attack: step 6/10, xent loss = 9.42371, l2 loss = 11.5063 (max 14.95), (true 835, predicted [544])
attack: step 7/10, xent loss = 9.92052, l2 loss = 12.5935 (max 14.95), (true 835, predicted [742])
attack: step 8/10, xent loss = 9.07564, l2 loss = 13.5524 (max 14.95), (true 835, predicted [742])
attack: step 9/10, xent loss = 11.6432, l2 loss = 14.3747 (max 14.95), (true 835, predicted [544])
attack: step 10/10, xent loss = 11.1662, l2 loss = 15.6014 (max 14.95), (true 835, predicted [544])
check failed
true = 835, adv = 544
evaluating 428 of [420, 430)
attack: step 1/10, xent loss = 14.5028, l2 loss = 0 (max 14.95), (true 49, predicted [728])
attack: step 2/10, xent loss = 14.0091, l2 loss = 10.5101 (max 14.95), (true 49, predicted [728])
attack: step 3/10, xent loss = 14.5162, l2 loss = 13.2207 (max 14.95), (true 49, predicted [728])
attack: step 4/10, xent loss = 12.7586, l2 loss = 16.4145 (max 14.95), (true 49, predicted [728])
attack: step 5/10, xent loss = 18.8706, l2 loss = 20.0193 (max 14.95), (true 49, predicted [728])
attack: step 6/10, xent loss = 16.3236, l2 loss = 21.4357 (max 14.95), (true 49, predicted [728])
attack: step 7/10, xent loss = 19.9476, l2 loss = 22.6475 (max 14.95), (true 49, predicted [728])
attack: step 8/10, xent loss = 18.9257, l2 loss = 24.6689 (max 14.95), (true 49, predicted [728])
attack: step 9/10, xent loss = 22.168, l2 loss = 26.1496 (max 14.95), (true 49, predicted [728])
attack: step 10/10, xent loss = 18.6249, l2 loss = 27.4687 (max 14.95), (true 49, predicted [728])
check failed
true = 49, adv = 728
evaluating 429 of [420, 430)
attack: step 1/10, xent loss = 0.841547, l2 loss = 0 (max 14.95), (true 513, predicted [513])
attack: step 2/10, xent loss = 1.61509, l2 loss = 5.28828 (max 14.95), (true 513, predicted [875])
attack: step 3/10, xent loss = 2.8539, l2 loss = 7.19154 (max 14.95), (true 513, predicted [889])
attack: step 4/10, xent loss = 4.61395, l2 loss = 12.6185 (max 14.95), (true 513, predicted [889])
attack: step 5/10, xent loss = 2.62468, l2 loss = 14.2459 (max 14.95), (true 513, predicted [889])
attack: step 6/10, xent loss = 5.06202, l2 loss = 16.3743 (max 14.95), (true 513, predicted [889])
attack: step 7/10, xent loss = 5.80296, l2 loss = 17.6481 (max 14.95), (true 513, predicted [889])
attack: step 8/10, xent loss = 5.9269, l2 loss = 18.3896 (max 14.95), (true 513, predicted [457])
attack: step 9/10, xent loss = 7.49991, l2 loss = 18.7921 (max 14.95), (true 513, predicted [982])
attack: step 10/10, xent loss = 6.71963, l2 loss = 19.3861 (max 14.95), (true 513, predicted [987])
check failed
true = 513, adv = 607
