2019-11-04 05:45:45.452936: I tensorflow/core/platform/cpu_feature_guard.cc:141] Your CPU supports instructions that this TensorFlow binary was not compiled to use: SSE4.1 SSE4.2 AVX AVX2 FMA
2019-11-04 05:45:45.463221: I tensorflow/core/platform/profile_utils/cpu_utils.cc:94] CPU Frequency: 2600160000 Hz
2019-11-04 05:45:45.463478: I tensorflow/compiler/xla/service/service.cc:150] XLA service 0x55555902fd20 executing computations on platform Host. Devices:
2019-11-04 05:45:45.463516: I tensorflow/compiler/xla/service/service.cc:158]   StreamExecutor device (0): <undefined>, <undefined>
2019-11-04 05:45:45.463891: I tensorflow/core/common_runtime/process_util.cc:71] Creating new thread pool with default inter op setting: 2. Tune using inter_op_parallelism_threads for best performance.
evaluating 160 of [160, 170)
attack: step 1/1, xent loss = 5.7294, l2 loss = 47.6546 (max 14.95), (true 19, predicted [383])
check failed
true = 19, adv = 728
evaluating 161 of [160, 170)
attack: step 1/1, xent loss = 7.71814, l2 loss = 11.5382 (max 14.95), (true 71, predicted [79])
true = 71, adv = 79
evaluating 162 of [160, 170)
attack: step 1/1, xent loss = 4.57525, l2 loss = 17.0572 (max 14.95), (true 267, predicted [215])
check failed
true = 267, adv = 215
evaluating 163 of [160, 170)
attack: step 1/1, xent loss = 6.42137, l2 loss = 31.4077 (max 14.95), (true 419, predicted [997])
check failed
true = 419, adv = 961
evaluating 164 of [160, 170)
attack: step 1/1, xent loss = 2.81984, l2 loss = 9.01685 (max 14.95), (true 55, predicted [60])
true = 55, adv = 830
evaluating 165 of [160, 170)
attack: step 1/1, xent loss = 7.21945, l2 loss = 13.1386 (max 14.95), (true 885, predicted [636])
true = 885, adv = 636
evaluating 166 of [160, 170)
attack: step 1/1, xent loss = 12.1419, l2 loss = 24.3314 (max 14.95), (true 769, predicted [777])
check failed
true = 769, adv = 777
evaluating 167 of [160, 170)
attack: step 1/1, xent loss = 3.81752, l2 loss = 44.2584 (max 14.95), (true 138, predicted [50])
check failed
true = 138, adv = 728
evaluating 168 of [160, 170)
attack: step 1/1, xent loss = 5.09328, l2 loss = 21.3939 (max 14.95), (true 996, predicted [936])
check failed
true = 996, adv = 728
evaluating 169 of [160, 170)
attack: step 1/1, xent loss = 10.3543, l2 loss = 12.0442 (max 14.95), (true 217, predicted [239])
true = 217, adv = 239
