2019-06-05 08:02:20.431025: I tensorflow/core/platform/cpu_feature_guard.cc:141] Your CPU supports instructions that this TensorFlow binary was not compiled to use: SSE4.1 SSE4.2 AVX AVX2 FMA
2019-06-05 08:02:20.544312: I tensorflow/core/platform/profile_utils/cpu_utils.cc:94] CPU Frequency: 2599990000 Hz
2019-06-05 08:02:20.544532: I tensorflow/compiler/xla/service/service.cc:150] XLA service 0x2aaae70bcaf0 executing computations on platform Host. Devices:
2019-06-05 08:02:20.544567: I tensorflow/compiler/xla/service/service.cc:158]   StreamExecutor device (0): <undefined>, <undefined>
2019-06-05 08:02:20.544899: I tensorflow/core/common_runtime/process_util.cc:71] Creating new thread pool with default inter op setting: 2. Tune using inter_op_parallelism_threads for best performance.
evaluating 260 of [260, 270)
attack: step 1/10, xent loss = 1.35026, l2 loss = 0 (max 14.95), (true 322, predicted [322])
attack: step 2/10, xent loss = 5.03581, l2 loss = 5.83457 (max 14.95), (true 322, predicted [325])
attack: step 3/10, xent loss = 5.33755, l2 loss = 7.23165 (max 14.95), (true 322, predicted [324])
attack: step 4/10, xent loss = 6.85708, l2 loss = 8.58565 (max 14.95), (true 322, predicted [728])
attack: step 5/10, xent loss = 7.92087, l2 loss = 9.76714 (max 14.95), (true 322, predicted [728])
attack: step 6/10, xent loss = 14.3301, l2 loss = 13.8895 (max 14.95), (true 322, predicted [728])
attack: step 7/10, xent loss = 13.6664, l2 loss = 19.6513 (max 14.95), (true 322, predicted [728])
attack: step 8/10, xent loss = 23.3084, l2 loss = 22.6566 (max 14.95), (true 322, predicted [728])
attack: step 9/10, xent loss = 19.4235, l2 loss = 25.4996 (max 14.95), (true 322, predicted [728])
attack: step 10/10, xent loss = 25.1504, l2 loss = 27.1158 (max 14.95), (true 322, predicted [728])
check failed
true = 322, adv = 728
evaluating 261 of [260, 270)
attack: step 1/10, xent loss = 0.00348378, l2 loss = 0 (max 14.95), (true 462, predicted [462])
attack: step 2/10, xent loss = 0.00140997, l2 loss = 0.0206034 (max 14.95), (true 462, predicted [462])
attack: step 3/10, xent loss = 0.000871874, l2 loss = 0.0216317 (max 14.95), (true 462, predicted [462])
attack: step 4/10, xent loss = 0.000783851, l2 loss = 0.0227047 (max 14.95), (true 462, predicted [462])
attack: step 5/10, xent loss = 0.00376587, l2 loss = 0.0229413 (max 14.95), (true 462, predicted [462])
attack: step 6/10, xent loss = 0.0121314, l2 loss = 0.0339778 (max 14.95), (true 462, predicted [462])
attack: step 7/10, xent loss = 0.000749188, l2 loss = 0.0855452 (max 14.95), (true 462, predicted [462])
attack: step 8/10, xent loss = 0.0183694, l2 loss = 0.0859323 (max 14.95), (true 462, predicted [462])
attack: step 9/10, xent loss = 0.00120829, l2 loss = 0.147755 (max 14.95), (true 462, predicted [462])
attack: step 10/10, xent loss = 0.0010598, l2 loss = 0.148115 (max 14.95), (true 462, predicted [462])
true = 462, adv = 462
evaluating 262 of [260, 270)
attack: step 1/10, xent loss = 2.7847, l2 loss = 0 (max 14.95), (true 151, predicted [171])
attack: step 2/10, xent loss = 3.84698, l2 loss = 3.11308 (max 14.95), (true 151, predicted [237])
attack: step 3/10, xent loss = 5.65261, l2 loss = 5.70472 (max 14.95), (true 151, predicted [728])
attack: step 4/10, xent loss = 13.9364, l2 loss = 8.22286 (max 14.95), (true 151, predicted [793])
attack: step 5/10, xent loss = 15.2915, l2 loss = 13.2255 (max 14.95), (true 151, predicted [793])
attack: step 6/10, xent loss = 15.432, l2 loss = 17.6047 (max 14.95), (true 151, predicted [793])
attack: step 7/10, xent loss = 19.4061, l2 loss = 20.1653 (max 14.95), (true 151, predicted [793])
attack: step 8/10, xent loss = 26.1906, l2 loss = 21.9433 (max 14.95), (true 151, predicted [793])
attack: step 9/10, xent loss = 24.0371, l2 loss = 24.8908 (max 14.95), (true 151, predicted [793])
attack: step 10/10, xent loss = 27.1983, l2 loss = 27.5186 (max 14.95), (true 151, predicted [793])
check failed
true = 151, adv = 793
evaluating 263 of [260, 270)
attack: step 1/10, xent loss = 1.35606, l2 loss = 0 (max 14.95), (true 207, predicted [208])
attack: step 2/10, xent loss = 3.50751, l2 loss = 1.68395 (max 14.95), (true 207, predicted [208])
attack: step 3/10, xent loss = 1.54405, l2 loss = 2.75142 (max 14.95), (true 207, predicted [208])
attack: step 4/10, xent loss = 1.98895, l2 loss = 3.30006 (max 14.95), (true 207, predicted [208])
attack: step 5/10, xent loss = 3.87087, l2 loss = 4.02491 (max 14.95), (true 207, predicted [208])
attack: step 6/10, xent loss = 2.11065, l2 loss = 4.56338 (max 14.95), (true 207, predicted [208])
attack: step 7/10, xent loss = 2.74076, l2 loss = 5.31333 (max 14.95), (true 207, predicted [208])
attack: step 8/10, xent loss = 4.32116, l2 loss = 6.06382 (max 14.95), (true 207, predicted [208])
attack: step 9/10, xent loss = 2.8497, l2 loss = 6.70954 (max 14.95), (true 207, predicted [208])
attack: step 10/10, xent loss = 3.90501, l2 loss = 7.03941 (max 14.95), (true 207, predicted [208])
true = 207, adv = 167
evaluating 264 of [260, 270)
attack: step 1/10, xent loss = 0.597647, l2 loss = 0 (max 14.95), (true 403, predicted [403])
attack: step 2/10, xent loss = 8.53749, l2 loss = 6.98435 (max 14.95), (true 403, predicted [976])
attack: step 3/10, xent loss = 8.59023, l2 loss = 8.64445 (max 14.95), (true 403, predicted [976])
attack: step 4/10, xent loss = 10.7615, l2 loss = 10.4738 (max 14.95), (true 403, predicted [976])
attack: step 5/10, xent loss = 10.8632, l2 loss = 12.1244 (max 14.95), (true 403, predicted [976])
attack: step 6/10, xent loss = 12.3197, l2 loss = 13.07 (max 14.95), (true 403, predicted [33])
attack: step 7/10, xent loss = 9.72947, l2 loss = 15.3254 (max 14.95), (true 403, predicted [36])
attack: step 8/10, xent loss = 15.48, l2 loss = 16.9384 (max 14.95), (true 403, predicted [36])
attack: step 9/10, xent loss = 11.6771, l2 loss = 18.421 (max 14.95), (true 403, predicted [36])
attack: step 10/10, xent loss = 13.129, l2 loss = 21.7473 (max 14.95), (true 403, predicted [36])
check failed
true = 403, adv = 36
evaluating 265 of [260, 270)
attack: step 1/10, xent loss = 3.34955, l2 loss = 0 (max 14.95), (true 344, predicted [728])
attack: step 2/10, xent loss = 9.52721, l2 loss = 7.71206 (max 14.95), (true 344, predicted [728])
attack: step 3/10, xent loss = 15.9603, l2 loss = 14.1502 (max 14.95), (true 344, predicted [728])
attack: step 4/10, xent loss = 23.9161, l2 loss = 18.0664 (max 14.95), (true 344, predicted [728])
attack: step 5/10, xent loss = 23.8962, l2 loss = 21.1453 (max 14.95), (true 344, predicted [728])
attack: step 6/10, xent loss = 26.9425, l2 loss = 24.3459 (max 14.95), (true 344, predicted [728])
attack: step 7/10, xent loss = 30.9884, l2 loss = 26.4528 (max 14.95), (true 344, predicted [728])
attack: step 8/10, xent loss = 28.9483, l2 loss = 29.4251 (max 14.95), (true 344, predicted [728])
attack: step 9/10, xent loss = 35.5435, l2 loss = 31.4526 (max 14.95), (true 344, predicted [728])
attack: step 10/10, xent loss = 38.6075, l2 loss = 33.6971 (max 14.95), (true 344, predicted [728])
check failed
true = 344, adv = 728
evaluating 266 of [260, 270)
attack: step 1/10, xent loss = 9.49795, l2 loss = 0 (max 14.95), (true 353, predicted [1])
attack: step 2/10, xent loss = 15.4684, l2 loss = 11.065 (max 14.95), (true 353, predicted [1])
attack: step 3/10, xent loss = 16.4213, l2 loss = 15.1523 (max 14.95), (true 353, predicted [1])
attack: step 4/10, xent loss = 19.0742, l2 loss = 16.8131 (max 14.95), (true 353, predicted [1])
attack: step 5/10, xent loss = 20.5954, l2 loss = 18.2992 (max 14.95), (true 353, predicted [1])
attack: step 6/10, xent loss = 21.5261, l2 loss = 19.8235 (max 14.95), (true 353, predicted [1])
attack: step 7/10, xent loss = 23.1471, l2 loss = 21.5274 (max 14.95), (true 353, predicted [1])
attack: step 8/10, xent loss = 24.8387, l2 loss = 23.2828 (max 14.95), (true 353, predicted [1])
attack: step 9/10, xent loss = 22.6363, l2 loss = 24.8911 (max 14.95), (true 353, predicted [1])
attack: step 10/10, xent loss = 24.1696, l2 loss = 27.5704 (max 14.95), (true 353, predicted [1])
check failed
true = 353, adv = 1
evaluating 267 of [260, 270)
attack: step 1/10, xent loss = 0.0876302, l2 loss = 0 (max 14.95), (true 323, predicted [323])
attack: step 2/10, xent loss = 0.0764846, l2 loss = 0.0783735 (max 14.95), (true 323, predicted [323])
attack: step 3/10, xent loss = 0.0755879, l2 loss = 0.101704 (max 14.95), (true 323, predicted [323])
attack: step 4/10, xent loss = 0.0597919, l2 loss = 0.119923 (max 14.95), (true 323, predicted [323])
attack: step 5/10, xent loss = 0.0819075, l2 loss = 0.131255 (max 14.95), (true 323, predicted [323])
attack: step 6/10, xent loss = 0.0670502, l2 loss = 0.148876 (max 14.95), (true 323, predicted [323])
attack: step 7/10, xent loss = 0.0837701, l2 loss = 0.15883 (max 14.95), (true 323, predicted [323])
attack: step 8/10, xent loss = 0.084813, l2 loss = 0.172474 (max 14.95), (true 323, predicted [323])
attack: step 9/10, xent loss = 0.0742703, l2 loss = 0.187742 (max 14.95), (true 323, predicted [323])
attack: step 10/10, xent loss = 0.0690933, l2 loss = 0.201945 (max 14.95), (true 323, predicted [323])
true = 323, adv = 323
evaluating 268 of [260, 270)
attack: step 1/10, xent loss = 2.12483, l2 loss = 0 (max 14.95), (true 883, predicted [738])
attack: step 2/10, xent loss = 3.12669, l2 loss = 2.62122 (max 14.95), (true 883, predicted [738])
attack: step 3/10, xent loss = 4.16342, l2 loss = 4.2149 (max 14.95), (true 883, predicted [738])
attack: step 4/10, xent loss = 4.86943, l2 loss = 5.41373 (max 14.95), (true 883, predicted [607])
attack: step 5/10, xent loss = 5.12966, l2 loss = 6.4609 (max 14.95), (true 883, predicted [738])
attack: step 6/10, xent loss = 6.54784, l2 loss = 7.30134 (max 14.95), (true 883, predicted [852])
attack: step 7/10, xent loss = 7.37924, l2 loss = 8.73278 (max 14.95), (true 883, predicted [852])
attack: step 8/10, xent loss = 8.96359, l2 loss = 9.37291 (max 14.95), (true 883, predicted [852])
attack: step 9/10, xent loss = 10.0817, l2 loss = 12.0073 (max 14.95), (true 883, predicted [852])
attack: step 10/10, xent loss = 13.9669, l2 loss = 13.9199 (max 14.95), (true 883, predicted [852])
check failed
true = 883, adv = 852
evaluating 269 of [260, 270)
attack: step 1/10, xent loss = 0.0354356, l2 loss = 0 (max 14.95), (true 796, predicted [796])
attack: step 2/10, xent loss = 0.0508867, l2 loss = 0.0927133 (max 14.95), (true 796, predicted [796])
attack: step 3/10, xent loss = 0.0467094, l2 loss = 0.150042 (max 14.95), (true 796, predicted [796])
attack: step 4/10, xent loss = 0.0637692, l2 loss = 0.19848 (max 14.95), (true 796, predicted [796])
attack: step 5/10, xent loss = 0.048129, l2 loss = 0.265976 (max 14.95), (true 796, predicted [796])
attack: step 6/10, xent loss = 0.0595099, l2 loss = 0.292782 (max 14.95), (true 796, predicted [796])
attack: step 7/10, xent loss = 0.0561451, l2 loss = 0.36153 (max 14.95), (true 796, predicted [796])
attack: step 8/10, xent loss = 0.0530627, l2 loss = 0.396258 (max 14.95), (true 796, predicted [796])
attack: step 9/10, xent loss = 0.0827799, l2 loss = 0.421323 (max 14.95), (true 796, predicted [796])
attack: step 10/10, xent loss = 0.0882844, l2 loss = 0.535712 (max 14.95), (true 796, predicted [796])
true = 796, adv = 796
