2019-06-06 00:07:13.918428: I tensorflow/core/platform/cpu_feature_guard.cc:141] Your CPU supports instructions that this TensorFlow binary was not compiled to use: SSE4.1 SSE4.2 AVX AVX2 FMA
2019-06-06 00:07:14.509657: I tensorflow/core/platform/profile_utils/cpu_utils.cc:94] CPU Frequency: 2600040000 Hz
2019-06-06 00:07:14.518850: I tensorflow/compiler/xla/service/service.cc:150] XLA service 0x2aaae6ac02f0 executing computations on platform Host. Devices:
2019-06-06 00:07:14.526792: I tensorflow/compiler/xla/service/service.cc:158]   StreamExecutor device (0): <undefined>, <undefined>
2019-06-06 00:07:14.527291: I tensorflow/core/common_runtime/process_util.cc:71] Creating new thread pool with default inter op setting: 2. Tune using inter_op_parallelism_threads for best performance.
evaluating 700 of [700, 710)
attack: step 1/10, xent loss = 7.01841, l2 loss = 0 (max 14.95), (true 569, predicted [895])
attack: step 2/10, xent loss = 8.3199, l2 loss = 3.7816 (max 14.95), (true 569, predicted [478])
attack: step 3/10, xent loss = 7.85764, l2 loss = 4.59081 (max 14.95), (true 569, predicted [557])
attack: step 4/10, xent loss = 8.57234, l2 loss = 5.17855 (max 14.95), (true 569, predicted [723])
attack: step 5/10, xent loss = 7.67464, l2 loss = 5.7154 (max 14.95), (true 569, predicted [557])
attack: step 6/10, xent loss = 8.63547, l2 loss = 6.38068 (max 14.95), (true 569, predicted [879])
attack: step 7/10, xent loss = 7.44419, l2 loss = 7.15386 (max 14.95), (true 569, predicted [701])
attack: step 8/10, xent loss = 6.64971, l2 loss = 7.85584 (max 14.95), (true 569, predicted [478])
attack: step 9/10, xent loss = 7.88108, l2 loss = 8.60386 (max 14.95), (true 569, predicted [701])
attack: step 10/10, xent loss = 8.07969, l2 loss = 9.09625 (max 14.95), (true 569, predicted [557])
true = 569, adv = 879
evaluating 701 of [700, 710)
attack: step 1/10, xent loss = 7.25883, l2 loss = 0 (max 14.95), (true 261, predicted [723])
attack: step 2/10, xent loss = 8.0187, l2 loss = 1.64783 (max 14.95), (true 261, predicted [478])
attack: step 3/10, xent loss = 8.29443, l2 loss = 2.45179 (max 14.95), (true 261, predicted [728])
attack: step 4/10, xent loss = 7.85106, l2 loss = 3.10134 (max 14.95), (true 261, predicted [723])
attack: step 5/10, xent loss = 8.05664, l2 loss = 3.46264 (max 14.95), (true 261, predicted [728])
attack: step 6/10, xent loss = 8.34318, l2 loss = 3.98259 (max 14.95), (true 261, predicted [723])
attack: step 7/10, xent loss = 7.3874, l2 loss = 4.61383 (max 14.95), (true 261, predicted [728])
attack: step 8/10, xent loss = 7.68072, l2 loss = 4.89125 (max 14.95), (true 261, predicted [607])
attack: step 9/10, xent loss = 8.4385, l2 loss = 5.16691 (max 14.95), (true 261, predicted [728])
attack: step 10/10, xent loss = 8.69928, l2 loss = 5.60421 (max 14.95), (true 261, predicted [728])
true = 261, adv = 478
evaluating 702 of [700, 710)
attack: step 1/10, xent loss = 7.98117, l2 loss = 0 (max 14.95), (true 258, predicted [728])
attack: step 2/10, xent loss = 8.75341, l2 loss = 3.25161 (max 14.95), (true 258, predicted [879])
attack: step 3/10, xent loss = 10.267, l2 loss = 5.86525 (max 14.95), (true 258, predicted [701])
attack: step 4/10, xent loss = 5.38453, l2 loss = 9.6812 (max 14.95), (true 258, predicted [270])
attack: step 5/10, xent loss = 9.69219, l2 loss = 10.5881 (max 14.95), (true 258, predicted [728])
attack: step 6/10, xent loss = 10.0181, l2 loss = 11.4336 (max 14.95), (true 258, predicted [701])
attack: step 7/10, xent loss = 10.0461, l2 loss = 11.9192 (max 14.95), (true 258, predicted [701])
attack: step 8/10, xent loss = 8.79912, l2 loss = 12.8495 (max 14.95), (true 258, predicted [879])
attack: step 9/10, xent loss = 8.99746, l2 loss = 14.9071 (max 14.95), (true 258, predicted [879])
attack: step 10/10, xent loss = 8.667, l2 loss = 15.4857 (max 14.95), (true 258, predicted [879])
check failed
true = 258, adv = 879
evaluating 703 of [700, 710)
attack: step 1/10, xent loss = 7.84534, l2 loss = 0 (max 14.95), (true 791, predicted [723])
attack: step 2/10, xent loss = 8.4296, l2 loss = 1.7182 (max 14.95), (true 791, predicted [723])
attack: step 3/10, xent loss = 9.14604, l2 loss = 2.20313 (max 14.95), (true 791, predicted [723])
attack: step 4/10, xent loss = 8.85118, l2 loss = 3.54551 (max 14.95), (true 791, predicted [723])
attack: step 5/10, xent loss = 8.10996, l2 loss = 4.11408 (max 14.95), (true 791, predicted [599])
attack: step 6/10, xent loss = 8.5209, l2 loss = 4.6184 (max 14.95), (true 791, predicted [723])
attack: step 7/10, xent loss = 8.47318, l2 loss = 4.95913 (max 14.95), (true 791, predicted [723])
attack: step 8/10, xent loss = 8.36375, l2 loss = 5.4306 (max 14.95), (true 791, predicted [723])
attack: step 9/10, xent loss = 10.6767, l2 loss = 5.68507 (max 14.95), (true 791, predicted [723])
attack: step 10/10, xent loss = 8.21664, l2 loss = 6.97976 (max 14.95), (true 791, predicted [723])
true = 791, adv = 723
evaluating 704 of [700, 710)
attack: step 1/10, xent loss = 8.9008, l2 loss = 0 (max 14.95), (true 35, predicted [728])
attack: step 2/10, xent loss = 8.42525, l2 loss = 2.93102 (max 14.95), (true 35, predicted [723])
attack: step 3/10, xent loss = 8.72483, l2 loss = 3.34042 (max 14.95), (true 35, predicted [728])
attack: step 4/10, xent loss = 8.32273, l2 loss = 3.77865 (max 14.95), (true 35, predicted [728])
attack: step 5/10, xent loss = 9.46514, l2 loss = 4.16498 (max 14.95), (true 35, predicted [728])
attack: step 6/10, xent loss = 8.56635, l2 loss = 4.9615 (max 14.95), (true 35, predicted [619])
attack: step 7/10, xent loss = 9.27746, l2 loss = 5.3721 (max 14.95), (true 35, predicted [728])
attack: step 8/10, xent loss = 8.68586, l2 loss = 5.93484 (max 14.95), (true 35, predicted [728])
attack: step 9/10, xent loss = 8.69516, l2 loss = 6.20736 (max 14.95), (true 35, predicted [728])
attack: step 10/10, xent loss = 8.94494, l2 loss = 6.52358 (max 14.95), (true 35, predicted [619])
true = 35, adv = 412
evaluating 705 of [700, 710)
attack: step 1/10, xent loss = 8.57992, l2 loss = 0 (max 14.95), (true 963, predicted [692])
attack: step 2/10, xent loss = 9.23396, l2 loss = 1.88607 (max 14.95), (true 963, predicted [619])
attack: step 3/10, xent loss = 9.40077, l2 loss = 3.26834 (max 14.95), (true 963, predicted [728])
attack: step 4/10, xent loss = 8.7152, l2 loss = 5.02671 (max 14.95), (true 963, predicted [728])
attack: step 5/10, xent loss = 8.74743, l2 loss = 5.60316 (max 14.95), (true 963, predicted [692])
attack: step 6/10, xent loss = 8.52919, l2 loss = 5.88923 (max 14.95), (true 963, predicted [728])
attack: step 7/10, xent loss = 8.48511, l2 loss = 6.23404 (max 14.95), (true 963, predicted [619])
attack: step 8/10, xent loss = 8.88636, l2 loss = 6.52092 (max 14.95), (true 963, predicted [692])
attack: step 9/10, xent loss = 8.83374, l2 loss = 6.81455 (max 14.95), (true 963, predicted [728])
attack: step 10/10, xent loss = 9.4076, l2 loss = 7.16651 (max 14.95), (true 963, predicted [728])
true = 963, adv = 692
evaluating 706 of [700, 710)
attack: step 1/10, xent loss = 5.25107, l2 loss = 0 (max 14.95), (true 645, predicted [723])
attack: step 2/10, xent loss = 5.99019, l2 loss = 5.32183 (max 14.95), (true 645, predicted [723])
attack: step 3/10, xent loss = 5.0471, l2 loss = 7.39725 (max 14.95), (true 645, predicted [723])
attack: step 4/10, xent loss = 3.06796, l2 loss = 8.62382 (max 14.95), (true 645, predicted [723])
attack: step 5/10, xent loss = 4.48162, l2 loss = 9.47712 (max 14.95), (true 645, predicted [723])
attack: step 6/10, xent loss = 3.8495, l2 loss = 10.3042 (max 14.95), (true 645, predicted [723])
attack: step 7/10, xent loss = 4.93573, l2 loss = 10.999 (max 14.95), (true 645, predicted [478])
attack: step 8/10, xent loss = 4.81065, l2 loss = 11.4676 (max 14.95), (true 645, predicted [478])
attack: step 9/10, xent loss = 5.80655, l2 loss = 12.169 (max 14.95), (true 645, predicted [723])
attack: step 10/10, xent loss = 5.76685, l2 loss = 12.7868 (max 14.95), (true 645, predicted [723])
true = 645, adv = 478
evaluating 707 of [700, 710)
attack: step 1/10, xent loss = 7.92301, l2 loss = 0 (max 14.95), (true 69, predicted [728])
attack: step 2/10, xent loss = 6.83409, l2 loss = 3.7718 (max 14.95), (true 69, predicted [518])
attack: step 3/10, xent loss = 8.88733, l2 loss = 5.13292 (max 14.95), (true 69, predicted [518])
attack: step 4/10, xent loss = 7.42599, l2 loss = 6.85785 (max 14.95), (true 69, predicted [518])
attack: step 5/10, xent loss = 7.31751, l2 loss = 7.79843 (max 14.95), (true 69, predicted [518])
attack: step 6/10, xent loss = 8.38683, l2 loss = 8.32153 (max 14.95), (true 69, predicted [518])
attack: step 7/10, xent loss = 7.46698, l2 loss = 9.18573 (max 14.95), (true 69, predicted [518])
attack: step 8/10, xent loss = 9.41179, l2 loss = 9.5825 (max 14.95), (true 69, predicted [728])
attack: step 9/10, xent loss = 8.00538, l2 loss = 11.1734 (max 14.95), (true 69, predicted [518])
attack: step 10/10, xent loss = 8.17619, l2 loss = 11.4094 (max 14.95), (true 69, predicted [518])
true = 69, adv = 518
evaluating 708 of [700, 710)
attack: step 1/10, xent loss = 8.68439, l2 loss = 0 (max 14.95), (true 242, predicted [728])
attack: step 2/10, xent loss = 8.0808, l2 loss = 1.81548 (max 14.95), (true 242, predicted [805])
attack: step 3/10, xent loss = 7.16918, l2 loss = 2.65276 (max 14.95), (true 242, predicted [728])
attack: step 4/10, xent loss = 8.16807, l2 loss = 3.57366 (max 14.95), (true 242, predicted [701])
attack: step 5/10, xent loss = 8.18486, l2 loss = 3.8836 (max 14.95), (true 242, predicted [723])
attack: step 6/10, xent loss = 8.29177, l2 loss = 4.21301 (max 14.95), (true 242, predicted [805])
attack: step 7/10, xent loss = 7.9814, l2 loss = 4.53461 (max 14.95), (true 242, predicted [701])
attack: step 8/10, xent loss = 7.63931, l2 loss = 4.7799 (max 14.95), (true 242, predicted [805])
attack: step 9/10, xent loss = 7.86642, l2 loss = 5.10372 (max 14.95), (true 242, predicted [728])
attack: step 10/10, xent loss = 8.21316, l2 loss = 5.33662 (max 14.95), (true 242, predicted [723])
true = 242, adv = 701
evaluating 709 of [700, 710)
attack: step 1/10, xent loss = 0.0266493, l2 loss = 0 (max 14.95), (true 746, predicted [746])
attack: step 2/10, xent loss = 0.0818581, l2 loss = 0.11364 (max 14.95), (true 746, predicted [746])
attack: step 3/10, xent loss = 0.0365627, l2 loss = 0.344492 (max 14.95), (true 746, predicted [746])
attack: step 4/10, xent loss = 0.0656682, l2 loss = 0.365242 (max 14.95), (true 746, predicted [746])
attack: step 5/10, xent loss = 0.0184812, l2 loss = 0.490233 (max 14.95), (true 746, predicted [746])
attack: step 6/10, xent loss = 0.0195185, l2 loss = 0.496446 (max 14.95), (true 746, predicted [746])
attack: step 7/10, xent loss = 0.0264438, l2 loss = 0.5031 (max 14.95), (true 746, predicted [746])
attack: step 8/10, xent loss = 0.0798987, l2 loss = 0.512366 (max 14.95), (true 746, predicted [746])
attack: step 9/10, xent loss = 0.104624, l2 loss = 0.651024 (max 14.95), (true 746, predicted [746])
attack: step 10/10, xent loss = 0.0382967, l2 loss = 0.857877 (max 14.95), (true 746, predicted [746])
true = 746, adv = 746
