2019-06-29 14:40:11.794859: I tensorflow/core/platform/cpu_feature_guard.cc:141] Your CPU supports instructions that this TensorFlow binary was not compiled to use: SSE4.1 SSE4.2 AVX AVX2 FMA
2019-06-29 14:40:11.801169: I tensorflow/core/platform/profile_utils/cpu_utils.cc:94] CPU Frequency: 2599950000 Hz
2019-06-29 14:40:11.801308: I tensorflow/compiler/xla/service/service.cc:150] XLA service 0x2aaae6e4a030 executing computations on platform Host. Devices:
2019-06-29 14:40:11.801332: I tensorflow/compiler/xla/service/service.cc:158]   StreamExecutor device (0): <undefined>, <undefined>
2019-06-29 14:40:11.801534: I tensorflow/core/common_runtime/process_util.cc:71] Creating new thread pool with default inter op setting: 2. Tune using inter_op_parallelism_threads for best performance.
evaluating 380 of [380, 390)
attack: step 1/10, xent loss = 15.4975, l2 loss = 27.4107 (max 14.95), (true 229, predicted [728])
attack: step 2/10, xent loss = 17.678, l2 loss = 28.1028 (max 14.95), (true 229, predicted [728])
attack: step 3/10, xent loss = 19.8684, l2 loss = 28.9312 (max 14.95), (true 229, predicted [728])
attack: step 4/10, xent loss = 19.3178, l2 loss = 29.86 (max 14.95), (true 229, predicted [728])
attack: step 5/10, xent loss = 21.6752, l2 loss = 30.5844 (max 14.95), (true 229, predicted [728])
attack: step 6/10, xent loss = 20.2771, l2 loss = 31.442 (max 14.95), (true 229, predicted [728])
attack: step 7/10, xent loss = 21.4313, l2 loss = 32.401 (max 14.95), (true 229, predicted [728])
attack: step 8/10, xent loss = 22.3396, l2 loss = 33.2442 (max 14.95), (true 229, predicted [728])
attack: step 9/10, xent loss = 20.7929, l2 loss = 33.947 (max 14.95), (true 229, predicted [728])
attack: step 10/10, xent loss = 21.5335, l2 loss = 34.7136 (max 14.95), (true 229, predicted [728])
check failed
true = 229, adv = 728
evaluating 381 of [380, 390)
attack: step 1/10, xent loss = 7.97478, l2 loss = 10.0899 (max 14.95), (true 808, predicted [879])
attack: step 2/10, xent loss = 6.28162, l2 loss = 11.8915 (max 14.95), (true 808, predicted [879])
attack: step 3/10, xent loss = 8.26467, l2 loss = 12.2434 (max 14.95), (true 808, predicted [879])
attack: step 4/10, xent loss = 8.09774, l2 loss = 13.2006 (max 14.95), (true 808, predicted [879])
attack: step 5/10, xent loss = 7.92018, l2 loss = 14.2277 (max 14.95), (true 808, predicted [879])
attack: step 6/10, xent loss = 7.25917, l2 loss = 14.994 (max 14.95), (true 808, predicted [879])
attack: step 7/10, xent loss = 9.39965, l2 loss = 15.4486 (max 14.95), (true 808, predicted [879])
attack: step 8/10, xent loss = 9.90215, l2 loss = 16.5332 (max 14.95), (true 808, predicted [879])
attack: step 9/10, xent loss = 8.2341, l2 loss = 17.7253 (max 14.95), (true 808, predicted [879])
attack: step 10/10, xent loss = 9.30243, l2 loss = 18.8958 (max 14.95), (true 808, predicted [879])
check failed
true = 808, adv = 879
evaluating 382 of [380, 390)
attack: step 1/10, xent loss = 7.47207, l2 loss = 11.5328 (max 14.95), (true 382, predicted [643])
attack: step 2/10, xent loss = 8.67399, l2 loss = 11.759 (max 14.95), (true 382, predicted [643])
attack: step 3/10, xent loss = 8.84598, l2 loss = 12.0322 (max 14.95), (true 382, predicted [552])
attack: step 4/10, xent loss = 7.97759, l2 loss = 12.3082 (max 14.95), (true 382, predicted [701])
attack: step 5/10, xent loss = 8.80031, l2 loss = 12.6942 (max 14.95), (true 382, predicted [643])
attack: step 6/10, xent loss = 9.1007, l2 loss = 13.0486 (max 14.95), (true 382, predicted [643])
attack: step 7/10, xent loss = 8.47544, l2 loss = 13.3819 (max 14.95), (true 382, predicted [643])
attack: step 8/10, xent loss = 9.65483, l2 loss = 13.7005 (max 14.95), (true 382, predicted [643])
attack: step 9/10, xent loss = 9.41691, l2 loss = 14.0773 (max 14.95), (true 382, predicted [836])
attack: step 10/10, xent loss = 9.09571, l2 loss = 14.7768 (max 14.95), (true 382, predicted [830])
check failed
true = 382, adv = 552
evaluating 383 of [380, 390)
attack: step 1/10, xent loss = 22.0335, l2 loss = 25.1192 (max 14.95), (true 762, predicted [728])
attack: step 2/10, xent loss = 21.1603, l2 loss = 26.2198 (max 14.95), (true 762, predicted [728])
attack: step 3/10, xent loss = 22.6353, l2 loss = 27.331 (max 14.95), (true 762, predicted [728])
attack: step 4/10, xent loss = 22.9861, l2 loss = 28.5336 (max 14.95), (true 762, predicted [728])
attack: step 5/10, xent loss = 22.2493, l2 loss = 29.6875 (max 14.95), (true 762, predicted [728])
attack: step 6/10, xent loss = 25.7668, l2 loss = 31.1524 (max 14.95), (true 762, predicted [728])
attack: step 7/10, xent loss = 22.412, l2 loss = 31.9623 (max 14.95), (true 762, predicted [728])
attack: step 8/10, xent loss = 26.413, l2 loss = 32.8614 (max 14.95), (true 762, predicted [728])
attack: step 9/10, xent loss = 26.7338, l2 loss = 33.6132 (max 14.95), (true 762, predicted [728])
attack: step 10/10, xent loss = 25.3328, l2 loss = 34.3425 (max 14.95), (true 762, predicted [728])
check failed
true = 762, adv = 728
evaluating 384 of [380, 390)
attack: step 1/10, xent loss = 10.4502, l2 loss = 23.8062 (max 14.95), (true 312, predicted [317])
attack: step 2/10, xent loss = 13.3849, l2 loss = 24.807 (max 14.95), (true 312, predicted [317])
attack: step 3/10, xent loss = 10.5362, l2 loss = 25.2539 (max 14.95), (true 312, predicted [317])
attack: step 4/10, xent loss = 9.88802, l2 loss = 25.8582 (max 14.95), (true 312, predicted [317])
attack: step 5/10, xent loss = 12.4782, l2 loss = 26.4767 (max 14.95), (true 312, predicted [317])
attack: step 6/10, xent loss = 13.2531, l2 loss = 26.89 (max 14.95), (true 312, predicted [317])
attack: step 7/10, xent loss = 13.8094, l2 loss = 27.5228 (max 14.95), (true 312, predicted [317])
attack: step 8/10, xent loss = 13.6395, l2 loss = 27.9356 (max 14.95), (true 312, predicted [317])
attack: step 9/10, xent loss = 13.3683, l2 loss = 28.5206 (max 14.95), (true 312, predicted [317])
attack: step 10/10, xent loss = 14.3281, l2 loss = 28.9993 (max 14.95), (true 312, predicted [317])
check failed
true = 312, adv = 317
evaluating 385 of [380, 390)
attack: step 1/10, xent loss = 9.71492, l2 loss = 15.206 (max 14.95), (true 186, predicted [723])
attack: step 2/10, xent loss = 11.7826, l2 loss = 15.7326 (max 14.95), (true 186, predicted [723])
attack: step 3/10, xent loss = 10.8455, l2 loss = 16.8029 (max 14.95), (true 186, predicted [723])
attack: step 4/10, xent loss = 11.4958, l2 loss = 17.5278 (max 14.95), (true 186, predicted [723])
attack: step 5/10, xent loss = 12.3358, l2 loss = 18.5371 (max 14.95), (true 186, predicted [723])
attack: step 6/10, xent loss = 14.7886, l2 loss = 19.4501 (max 14.95), (true 186, predicted [723])
attack: step 7/10, xent loss = 12.2429, l2 loss = 20.355 (max 14.95), (true 186, predicted [723])
attack: step 8/10, xent loss = 14.4322, l2 loss = 21.0195 (max 14.95), (true 186, predicted [723])
attack: step 9/10, xent loss = 11.8256, l2 loss = 21.5999 (max 14.95), (true 186, predicted [723])
attack: step 10/10, xent loss = 12.4211, l2 loss = 22.5215 (max 14.95), (true 186, predicted [723])
check failed
true = 186, adv = 723
evaluating 386 of [380, 390)
attack: step 1/10, xent loss = 12.3159, l2 loss = 15.5787 (max 14.95), (true 61, predicted [728])
attack: step 2/10, xent loss = 13.404, l2 loss = 16.6508 (max 14.95), (true 61, predicted [728])
attack: step 3/10, xent loss = 13.0006, l2 loss = 17.7434 (max 14.95), (true 61, predicted [728])
attack: step 4/10, xent loss = 14.0369, l2 loss = 18.9381 (max 14.95), (true 61, predicted [728])
attack: step 5/10, xent loss = 16.7423, l2 loss = 19.9379 (max 14.95), (true 61, predicted [728])
attack: step 6/10, xent loss = 17.1829, l2 loss = 21.409 (max 14.95), (true 61, predicted [728])
attack: step 7/10, xent loss = 15.7503, l2 loss = 22.7124 (max 14.95), (true 61, predicted [728])
attack: step 8/10, xent loss = 14.4385, l2 loss = 23.8113 (max 14.95), (true 61, predicted [728])
attack: step 9/10, xent loss = 15.7214, l2 loss = 24.9233 (max 14.95), (true 61, predicted [728])
attack: step 10/10, xent loss = 16.0509, l2 loss = 25.6786 (max 14.95), (true 61, predicted [728])
check failed
true = 61, adv = 728
evaluating 387 of [380, 390)
attack: step 1/10, xent loss = 5.19147, l2 loss = 10.556 (max 14.95), (true 393, predicted [601])
attack: step 2/10, xent loss = 6.57153, l2 loss = 11.0997 (max 14.95), (true 393, predicted [601])
attack: step 3/10, xent loss = 6.81532, l2 loss = 11.7653 (max 14.95), (true 393, predicted [601])
attack: step 4/10, xent loss = 6.27777, l2 loss = 12.2285 (max 14.95), (true 393, predicted [601])
attack: step 5/10, xent loss = 7.57711, l2 loss = 12.8491 (max 14.95), (true 393, predicted [601])
attack: step 6/10, xent loss = 6.2048, l2 loss = 13.1333 (max 14.95), (true 393, predicted [601])
attack: step 7/10, xent loss = 6.4385, l2 loss = 13.6011 (max 14.95), (true 393, predicted [601])
attack: step 8/10, xent loss = 6.36363, l2 loss = 14.0854 (max 14.95), (true 393, predicted [601])
attack: step 9/10, xent loss = 6.18717, l2 loss = 14.5143 (max 14.95), (true 393, predicted [601])
attack: step 10/10, xent loss = 7.1593, l2 loss = 15.1744 (max 14.95), (true 393, predicted [601])
check failed
true = 393, adv = 601
evaluating 388 of [380, 390)
attack: step 1/10, xent loss = 0.00637391, l2 loss = 4.62977 (max 14.95), (true 439, predicted [439])
attack: step 2/10, xent loss = 0.00302429, l2 loss = 4.63128 (max 14.95), (true 439, predicted [439])
attack: step 3/10, xent loss = 0.0119157, l2 loss = 4.6318 (max 14.95), (true 439, predicted [439])
attack: step 4/10, xent loss = 0.0384141, l2 loss = 4.63295 (max 14.95), (true 439, predicted [439])
attack: step 5/10, xent loss = 0.021057, l2 loss = 4.64415 (max 14.95), (true 439, predicted [439])
attack: step 6/10, xent loss = 0.00464812, l2 loss = 4.65883 (max 14.95), (true 439, predicted [439])
attack: step 7/10, xent loss = 0.00580471, l2 loss = 4.66036 (max 14.95), (true 439, predicted [439])
attack: step 8/10, xent loss = 0.00312056, l2 loss = 4.66164 (max 14.95), (true 439, predicted [439])
attack: step 9/10, xent loss = 0.0019862, l2 loss = 4.66246 (max 14.95), (true 439, predicted [439])
attack: step 10/10, xent loss = 0.000329798, l2 loss = 4.66252 (max 14.95), (true 439, predicted [439])
true = 439, adv = 439
evaluating 389 of [380, 390)
attack: step 1/10, xent loss = 8.13568, l2 loss = 7.95748 (max 14.95), (true 482, predicted [920])
attack: step 2/10, xent loss = 7.60878, l2 loss = 8.38715 (max 14.95), (true 482, predicted [530])
attack: step 3/10, xent loss = 7.98663, l2 loss = 8.67764 (max 14.95), (true 482, predicted [477])
attack: step 4/10, xent loss = 7.8273, l2 loss = 9.11871 (max 14.95), (true 482, predicted [477])
attack: step 5/10, xent loss = 7.94327, l2 loss = 9.48343 (max 14.95), (true 482, predicted [766])
attack: step 6/10, xent loss = 8.27816, l2 loss = 9.7555 (max 14.95), (true 482, predicted [692])
attack: step 7/10, xent loss = 7.86647, l2 loss = 10.0258 (max 14.95), (true 482, predicted [530])
attack: step 8/10, xent loss = 8.27527, l2 loss = 10.8494 (max 14.95), (true 482, predicted [530])
attack: step 9/10, xent loss = 8.34191, l2 loss = 11.263 (max 14.95), (true 482, predicted [907])
attack: step 10/10, xent loss = 7.29954, l2 loss = 11.8281 (max 14.95), (true 482, predicted [530])
true = 482, adv = 530
