2019-06-28 22:38:53.217721: I tensorflow/core/platform/cpu_feature_guard.cc:141] Your CPU supports instructions that this TensorFlow binary was not compiled to use: SSE4.1 SSE4.2 AVX AVX2 FMA
2019-06-28 22:38:53.820413: I tensorflow/core/platform/profile_utils/cpu_utils.cc:94] CPU Frequency: 2599750000 Hz
2019-06-28 22:38:53.821146: I tensorflow/compiler/xla/service/service.cc:150] XLA service 0x2aaae6bbfba0 executing computations on platform Host. Devices:
2019-06-28 22:38:53.821206: I tensorflow/compiler/xla/service/service.cc:158]   StreamExecutor device (0): <undefined>, <undefined>
2019-06-28 22:38:53.822663: I tensorflow/core/common_runtime/process_util.cc:71] Creating new thread pool with default inter op setting: 2. Tune using inter_op_parallelism_threads for best performance.
evaluating 110 of [110, 120)
attack: step 1/10, xent loss = 1.57502, l2 loss = 14.1024 (max 14.95), (true 895, predicted [403])
attack: step 2/10, xent loss = 4.43393, l2 loss = 14.5951 (max 14.95), (true 895, predicted [812])
attack: step 3/10, xent loss = 5.19188, l2 loss = 17.6498 (max 14.95), (true 895, predicted [812])
attack: step 4/10, xent loss = 4.05123, l2 loss = 20.2108 (max 14.95), (true 895, predicted [812])
attack: step 5/10, xent loss = 8.89537, l2 loss = 21.6031 (max 14.95), (true 895, predicted [812])
attack: step 6/10, xent loss = 8.97556, l2 loss = 22.8161 (max 14.95), (true 895, predicted [812])
attack: step 7/10, xent loss = 10.9639, l2 loss = 24.121 (max 14.95), (true 895, predicted [812])
attack: step 8/10, xent loss = 10.537, l2 loss = 24.755 (max 14.95), (true 895, predicted [812])
attack: step 9/10, xent loss = 9.71432, l2 loss = 25.9395 (max 14.95), (true 895, predicted [812])
attack: step 10/10, xent loss = 11.3966, l2 loss = 26.8916 (max 14.95), (true 895, predicted [812])
check failed
true = 895, adv = 812
evaluating 111 of [110, 120)
attack: step 1/10, xent loss = 20.7628, l2 loss = 24.5205 (max 14.95), (true 289, predicted [793])
attack: step 2/10, xent loss = 20.8355, l2 loss = 25.7953 (max 14.95), (true 289, predicted [793])
attack: step 3/10, xent loss = 23.1757, l2 loss = 26.7811 (max 14.95), (true 289, predicted [793])
attack: step 4/10, xent loss = 24.5169, l2 loss = 27.6299 (max 14.95), (true 289, predicted [793])
attack: step 5/10, xent loss = 22.4294, l2 loss = 28.6614 (max 14.95), (true 289, predicted [793])
attack: step 6/10, xent loss = 26.0725, l2 loss = 29.4546 (max 14.95), (true 289, predicted [793])
attack: step 7/10, xent loss = 25.8272, l2 loss = 30.3898 (max 14.95), (true 289, predicted [793])
attack: step 8/10, xent loss = 24.8198, l2 loss = 31.2162 (max 14.95), (true 289, predicted [793])
attack: step 9/10, xent loss = 29.2963, l2 loss = 32.2201 (max 14.95), (true 289, predicted [793])
attack: step 10/10, xent loss = 25.0599, l2 loss = 33.1325 (max 14.95), (true 289, predicted [793])
check failed
true = 289, adv = 793
evaluating 112 of [110, 120)
attack: step 1/10, xent loss = 23.0623, l2 loss = 33.3425 (max 14.95), (true 29, predicted [728])
attack: step 2/10, xent loss = 25.7187, l2 loss = 34.35 (max 14.95), (true 29, predicted [728])
attack: step 3/10, xent loss = 26.6254, l2 loss = 35.2078 (max 14.95), (true 29, predicted [728])
attack: step 4/10, xent loss = 28.4068, l2 loss = 36.3338 (max 14.95), (true 29, predicted [728])
attack: step 5/10, xent loss = 28.4623, l2 loss = 37.7239 (max 14.95), (true 29, predicted [728])
attack: step 6/10, xent loss = 30.5084, l2 loss = 38.5025 (max 14.95), (true 29, predicted [728])
attack: step 7/10, xent loss = 30.1588, l2 loss = 39.5281 (max 14.95), (true 29, predicted [728])
attack: step 8/10, xent loss = 30.1721, l2 loss = 40.325 (max 14.95), (true 29, predicted [728])
attack: step 9/10, xent loss = 31.5541, l2 loss = 41.3965 (max 14.95), (true 29, predicted [728])
attack: step 10/10, xent loss = 30.8725, l2 loss = 42.1163 (max 14.95), (true 29, predicted [728])
check failed
true = 29, adv = 728
evaluating 113 of [110, 120)
attack: step 1/10, xent loss = 9.25974, l2 loss = 15.9026 (max 14.95), (true 544, predicted [518])
attack: step 2/10, xent loss = 9.72944, l2 loss = 16.9008 (max 14.95), (true 544, predicted [518])
attack: step 3/10, xent loss = 9.06763, l2 loss = 17.7169 (max 14.95), (true 544, predicted [518])
attack: step 4/10, xent loss = 11.392, l2 loss = 18.2489 (max 14.95), (true 544, predicted [518])
attack: step 5/10, xent loss = 12.4873, l2 loss = 19.5697 (max 14.95), (true 544, predicted [518])
attack: step 6/10, xent loss = 11.9743, l2 loss = 20.4028 (max 14.95), (true 544, predicted [518])
attack: step 7/10, xent loss = 11.5899, l2 loss = 21.3718 (max 14.95), (true 544, predicted [518])
attack: step 8/10, xent loss = 13.4983, l2 loss = 23.0101 (max 14.95), (true 544, predicted [518])
attack: step 9/10, xent loss = 13.5301, l2 loss = 23.7894 (max 14.95), (true 544, predicted [518])
attack: step 10/10, xent loss = 12.0539, l2 loss = 24.4204 (max 14.95), (true 544, predicted [518])
check failed
true = 544, adv = 518
evaluating 114 of [110, 120)
attack: step 1/10, xent loss = 5.80596, l2 loss = 9.78025 (max 14.95), (true 204, predicted [155])
attack: step 2/10, xent loss = 5.23125, l2 loss = 10.2979 (max 14.95), (true 204, predicted [155])
attack: step 3/10, xent loss = 5.96236, l2 loss = 10.6017 (max 14.95), (true 204, predicted [155])
attack: step 4/10, xent loss = 6.13027, l2 loss = 10.8265 (max 14.95), (true 204, predicted [155])
attack: step 5/10, xent loss = 6.06363, l2 loss = 11.1502 (max 14.95), (true 204, predicted [155])
attack: step 6/10, xent loss = 6.5602, l2 loss = 11.3714 (max 14.95), (true 204, predicted [155])
attack: step 7/10, xent loss = 6.73597, l2 loss = 11.7022 (max 14.95), (true 204, predicted [155])
attack: step 8/10, xent loss = 6.12956, l2 loss = 12.0159 (max 14.95), (true 204, predicted [155])
attack: step 9/10, xent loss = 7.26118, l2 loss = 12.4045 (max 14.95), (true 204, predicted [155])
attack: step 10/10, xent loss = 6.93621, l2 loss = 12.6678 (max 14.95), (true 204, predicted [155])
true = 204, adv = 155
evaluating 115 of [110, 120)
attack: step 1/10, xent loss = 8.34645, l2 loss = 16.2192 (max 14.95), (true 982, predicted [728])
attack: step 2/10, xent loss = 8.49718, l2 loss = 16.6773 (max 14.95), (true 982, predicted [667])
attack: step 3/10, xent loss = 9.82635, l2 loss = 18.4353 (max 14.95), (true 982, predicted [667])
attack: step 4/10, xent loss = 9.07058, l2 loss = 19.4794 (max 14.95), (true 982, predicted [667])
attack: step 5/10, xent loss = 14.0875, l2 loss = 20.9816 (max 14.95), (true 982, predicted [667])
attack: step 6/10, xent loss = 13.2289, l2 loss = 22.7873 (max 14.95), (true 982, predicted [667])
attack: step 7/10, xent loss = 12.6896, l2 loss = 25.3543 (max 14.95), (true 982, predicted [667])
attack: step 8/10, xent loss = 19.1614, l2 loss = 27.2823 (max 14.95), (true 982, predicted [667])
attack: step 9/10, xent loss = 19.1336, l2 loss = 29.3458 (max 14.95), (true 982, predicted [667])
attack: step 10/10, xent loss = 13.7435, l2 loss = 31.1962 (max 14.95), (true 982, predicted [667])
check failed
true = 982, adv = 667
evaluating 116 of [110, 120)
attack: step 1/10, xent loss = 0.0218943, l2 loss = 0.0513344 (max 14.95), (true 306, predicted [306])
attack: step 2/10, xent loss = 0.00306696, l2 loss = 0.132929 (max 14.95), (true 306, predicted [306])
attack: step 3/10, xent loss = 0.0035035, l2 loss = 0.13345 (max 14.95), (true 306, predicted [306])
attack: step 4/10, xent loss = 0.00400693, l2 loss = 0.135072 (max 14.95), (true 306, predicted [306])
attack: step 5/10, xent loss = 0.00533988, l2 loss = 0.13703 (max 14.95), (true 306, predicted [306])
attack: step 6/10, xent loss = 0.002192, l2 loss = 0.140382 (max 14.95), (true 306, predicted [306])
attack: step 7/10, xent loss = 0.00114137, l2 loss = 0.140889 (max 14.95), (true 306, predicted [306])
attack: step 8/10, xent loss = 0.00257268, l2 loss = 0.14109 (max 14.95), (true 306, predicted [306])
attack: step 9/10, xent loss = 0.00226515, l2 loss = 0.141722 (max 14.95), (true 306, predicted [306])
attack: step 10/10, xent loss = 0.00120877, l2 loss = 0.142263 (max 14.95), (true 306, predicted [306])
true = 306, adv = 306
evaluating 117 of [110, 120)
attack: step 1/10, xent loss = 12.382, l2 loss = 12.9295 (max 14.95), (true 373, predicted [51])
attack: step 2/10, xent loss = 11.836, l2 loss = 15.1389 (max 14.95), (true 373, predicted [51])
attack: step 3/10, xent loss = 12.2958, l2 loss = 16.9649 (max 14.95), (true 373, predicted [51])
attack: step 4/10, xent loss = 15.2768, l2 loss = 19.1861 (max 14.95), (true 373, predicted [51])
attack: step 5/10, xent loss = 14.0308, l2 loss = 21.4417 (max 14.95), (true 373, predicted [51])
attack: step 6/10, xent loss = 16.9221, l2 loss = 22.7034 (max 14.95), (true 373, predicted [51])
attack: step 7/10, xent loss = 18.2964, l2 loss = 23.9554 (max 14.95), (true 373, predicted [51])
attack: step 8/10, xent loss = 18.0601, l2 loss = 25.4722 (max 14.95), (true 373, predicted [51])
attack: step 9/10, xent loss = 19.0944, l2 loss = 26.5355 (max 14.95), (true 373, predicted [51])
attack: step 10/10, xent loss = 18.3805, l2 loss = 27.5415 (max 14.95), (true 373, predicted [51])
check failed
true = 373, adv = 51
evaluating 118 of [110, 120)
attack: step 1/10, xent loss = 22.6415, l2 loss = 26.8785 (max 14.95), (true 301, predicted [805])
attack: step 2/10, xent loss = 24.0427, l2 loss = 28.0228 (max 14.95), (true 301, predicted [805])
attack: step 3/10, xent loss = 28.1027, l2 loss = 29.1327 (max 14.95), (true 301, predicted [805])
attack: step 4/10, xent loss = 23.1209, l2 loss = 30.2725 (max 14.95), (true 301, predicted [805])
attack: step 5/10, xent loss = 25.4977, l2 loss = 31.7434 (max 14.95), (true 301, predicted [805])
attack: step 6/10, xent loss = 28.4825, l2 loss = 33.2662 (max 14.95), (true 301, predicted [805])
attack: step 7/10, xent loss = 30.0945, l2 loss = 34.2856 (max 14.95), (true 301, predicted [805])
attack: step 8/10, xent loss = 23.7313, l2 loss = 35.2204 (max 14.95), (true 301, predicted [805])
attack: step 9/10, xent loss = 27.6442, l2 loss = 37.9506 (max 14.95), (true 301, predicted [805])
attack: step 10/10, xent loss = 17.8579, l2 loss = 39.2316 (max 14.95), (true 301, predicted [805])
check failed
true = 301, adv = 805
evaluating 119 of [110, 120)
attack: step 1/10, xent loss = 1.66044, l2 loss = 7.11117 (max 14.95), (true 588, predicted [728])
attack: step 2/10, xent loss = 1.30523, l2 loss = 9.57103 (max 14.95), (true 588, predicted [728])
attack: step 3/10, xent loss = 2.65591, l2 loss = 11.0292 (max 14.95), (true 588, predicted [728])
attack: step 4/10, xent loss = 5.77143, l2 loss = 12.7421 (max 14.95), (true 588, predicted [728])
attack: step 5/10, xent loss = 3.87937, l2 loss = 14.9378 (max 14.95), (true 588, predicted [728])
attack: step 6/10, xent loss = 7.44634, l2 loss = 16.5988 (max 14.95), (true 588, predicted [728])
attack: step 7/10, xent loss = 8.73387, l2 loss = 18.6766 (max 14.95), (true 588, predicted [728])
attack: step 8/10, xent loss = 7.19184, l2 loss = 20.105 (max 14.95), (true 588, predicted [728])
attack: step 9/10, xent loss = 10.7184, l2 loss = 21.6711 (max 14.95), (true 588, predicted [728])
attack: step 10/10, xent loss = 12.1735, l2 loss = 23.2338 (max 14.95), (true 588, predicted [728])
check failed
true = 588, adv = 728
