2019-06-30 22:44:07.111275: I tensorflow/core/platform/cpu_feature_guard.cc:141] Your CPU supports instructions that this TensorFlow binary was not compiled to use: SSE4.1 SSE4.2 AVX AVX2 FMA
2019-06-30 22:44:07.119901: I tensorflow/core/platform/profile_utils/cpu_utils.cc:94] CPU Frequency: 2599770000 Hz
2019-06-30 22:44:07.120026: I tensorflow/compiler/xla/service/service.cc:150] XLA service 0x2aaae724c620 executing computations on platform Host. Devices:
2019-06-30 22:44:07.120046: I tensorflow/compiler/xla/service/service.cc:158]   StreamExecutor device (0): <undefined>, <undefined>
2019-06-30 22:44:07.120232: I tensorflow/core/common_runtime/process_util.cc:71] Creating new thread pool with default inter op setting: 2. Tune using inter_op_parallelism_threads for best performance.
evaluating 240 of [240, 250)
attack: step 1/10, xent loss = 8.20637, l2 loss = 7.17043 (max 14.95), (true 934, predicted [728])
attack: step 2/10, xent loss = 8.34362, l2 loss = 7.62893 (max 14.95), (true 934, predicted [728])
attack: step 3/10, xent loss = 9.44171, l2 loss = 8.12791 (max 14.95), (true 934, predicted [645])
attack: step 4/10, xent loss = 8.17971, l2 loss = 9.13728 (max 14.95), (true 934, predicted [728])
attack: step 5/10, xent loss = 8.58322, l2 loss = 9.42216 (max 14.95), (true 934, predicted [728])
attack: step 6/10, xent loss = 8.97005, l2 loss = 9.76418 (max 14.95), (true 934, predicted [728])
attack: step 7/10, xent loss = 8.15471, l2 loss = 10.5444 (max 14.95), (true 934, predicted [601])
attack: step 8/10, xent loss = 8.27273, l2 loss = 10.7851 (max 14.95), (true 934, predicted [728])
attack: step 9/10, xent loss = 8.31352, l2 loss = 11.0846 (max 14.95), (true 934, predicted [672])
attack: step 10/10, xent loss = 8.40415, l2 loss = 11.2487 (max 14.95), (true 934, predicted [728])
true = 934, adv = 728
evaluating 241 of [240, 250)
attack: step 1/10, xent loss = 8.03226, l2 loss = 7.37523 (max 14.95), (true 384, predicted [518])
attack: step 2/10, xent loss = 7.71699, l2 loss = 7.77948 (max 14.95), (true 384, predicted [518])
attack: step 3/10, xent loss = 8.40587, l2 loss = 8.08923 (max 14.95), (true 384, predicted [518])
attack: step 4/10, xent loss = 7.47994, l2 loss = 8.38703 (max 14.95), (true 384, predicted [518])
attack: step 5/10, xent loss = 8.15665, l2 loss = 8.63732 (max 14.95), (true 384, predicted [518])
attack: step 6/10, xent loss = 7.54, l2 loss = 8.95745 (max 14.95), (true 384, predicted [518])
attack: step 7/10, xent loss = 7.81491, l2 loss = 9.23789 (max 14.95), (true 384, predicted [518])
attack: step 8/10, xent loss = 7.68079, l2 loss = 9.60617 (max 14.95), (true 384, predicted [518])
attack: step 9/10, xent loss = 7.93122, l2 loss = 9.9315 (max 14.95), (true 384, predicted [728])
attack: step 10/10, xent loss = 8.34234, l2 loss = 10.1544 (max 14.95), (true 384, predicted [518])
true = 384, adv = 518
evaluating 242 of [240, 250)
attack: step 1/10, xent loss = 7.95392, l2 loss = 15.619 (max 14.95), (true 307, predicted [518])
attack: step 2/10, xent loss = 8.49767, l2 loss = 15.9747 (max 14.95), (true 307, predicted [728])
attack: step 3/10, xent loss = 8.90975, l2 loss = 16.4954 (max 14.95), (true 307, predicted [728])
attack: step 4/10, xent loss = 8.35993, l2 loss = 17.0446 (max 14.95), (true 307, predicted [728])
attack: step 5/10, xent loss = 8.58611, l2 loss = 17.3658 (max 14.95), (true 307, predicted [601])
attack: step 6/10, xent loss = 9.53791, l2 loss = 18.1608 (max 14.95), (true 307, predicted [728])
attack: step 7/10, xent loss = 9.1823, l2 loss = 18.923 (max 14.95), (true 307, predicted [728])
attack: step 8/10, xent loss = 10.1241, l2 loss = 20.1357 (max 14.95), (true 307, predicted [601])
attack: step 9/10, xent loss = 12.0751, l2 loss = 20.6753 (max 14.95), (true 307, predicted [728])
attack: step 10/10, xent loss = 9.27904, l2 loss = 22.494 (max 14.95), (true 307, predicted [830])
check failed
true = 307, adv = 830
evaluating 243 of [240, 250)
attack: step 1/10, xent loss = 8.70144, l2 loss = 7.91001 (max 14.95), (true 342, predicted [706])
attack: step 2/10, xent loss = 8.43699, l2 loss = 8.34207 (max 14.95), (true 342, predicted [755])
attack: step 3/10, xent loss = 8.56785, l2 loss = 8.58972 (max 14.95), (true 342, predicted [968])
attack: step 4/10, xent loss = 8.39665, l2 loss = 8.86078 (max 14.95), (true 342, predicted [706])
attack: step 5/10, xent loss = 8.8447, l2 loss = 9.25563 (max 14.95), (true 342, predicted [876])
attack: step 6/10, xent loss = 9.16671, l2 loss = 9.60424 (max 14.95), (true 342, predicted [538])
attack: step 7/10, xent loss = 8.84348, l2 loss = 9.9918 (max 14.95), (true 342, predicted [706])
attack: step 8/10, xent loss = 9.17611, l2 loss = 10.2112 (max 14.95), (true 342, predicted [978])
attack: step 9/10, xent loss = 8.64472, l2 loss = 10.4808 (max 14.95), (true 342, predicted [755])
attack: step 10/10, xent loss = 8.62289, l2 loss = 10.8992 (max 14.95), (true 342, predicted [755])
true = 342, adv = 620
evaluating 244 of [240, 250)
attack: step 1/10, xent loss = 8.665, l2 loss = 8.68518 (max 14.95), (true 38, predicted [728])
attack: step 2/10, xent loss = 9.3535, l2 loss = 8.9732 (max 14.95), (true 38, predicted [723])
attack: step 3/10, xent loss = 9.01606, l2 loss = 9.30514 (max 14.95), (true 38, predicted [723])
attack: step 4/10, xent loss = 9.33127, l2 loss = 9.62105 (max 14.95), (true 38, predicted [478])
attack: step 5/10, xent loss = 10.2087, l2 loss = 9.93087 (max 14.95), (true 38, predicted [478])
attack: step 6/10, xent loss = 8.99545, l2 loss = 10.4658 (max 14.95), (true 38, predicted [723])
attack: step 7/10, xent loss = 9.80693, l2 loss = 10.8718 (max 14.95), (true 38, predicted [478])
attack: step 8/10, xent loss = 9.11496, l2 loss = 11.5032 (max 14.95), (true 38, predicted [728])
attack: step 9/10, xent loss = 8.86084, l2 loss = 12.035 (max 14.95), (true 38, predicted [723])
attack: step 10/10, xent loss = 8.96223, l2 loss = 12.276 (max 14.95), (true 38, predicted [478])
true = 38, adv = 478
evaluating 245 of [240, 250)
attack: step 1/10, xent loss = 10.5247, l2 loss = 8.50351 (max 14.95), (true 715, predicted [879])
attack: step 2/10, xent loss = 11.0522, l2 loss = 9.45865 (max 14.95), (true 715, predicted [879])
attack: step 3/10, xent loss = 11.0714, l2 loss = 10.6713 (max 14.95), (true 715, predicted [879])
attack: step 4/10, xent loss = 10.1826, l2 loss = 11.5663 (max 14.95), (true 715, predicted [879])
attack: step 5/10, xent loss = 10.4545, l2 loss = 11.9949 (max 14.95), (true 715, predicted [879])
attack: step 6/10, xent loss = 10.4181, l2 loss = 12.2208 (max 14.95), (true 715, predicted [879])
attack: step 7/10, xent loss = 11.114, l2 loss = 12.4707 (max 14.95), (true 715, predicted [879])
attack: step 8/10, xent loss = 9.83631, l2 loss = 13.1536 (max 14.95), (true 715, predicted [879])
attack: step 9/10, xent loss = 11.4497, l2 loss = 13.8987 (max 14.95), (true 715, predicted [879])
attack: step 10/10, xent loss = 10.0359, l2 loss = 14.7498 (max 14.95), (true 715, predicted [879])
check failed
true = 715, adv = 557
evaluating 246 of [240, 250)
attack: step 1/10, xent loss = 9.8282, l2 loss = 9.62461 (max 14.95), (true 57, predicted [478])
attack: step 2/10, xent loss = 9.05138, l2 loss = 10.1637 (max 14.95), (true 57, predicted [478])
attack: step 3/10, xent loss = 10.0885, l2 loss = 10.4548 (max 14.95), (true 57, predicted [478])
attack: step 4/10, xent loss = 9.45016, l2 loss = 11.4128 (max 14.95), (true 57, predicted [478])
attack: step 5/10, xent loss = 9.30562, l2 loss = 11.7607 (max 14.95), (true 57, predicted [478])
attack: step 6/10, xent loss = 8.90301, l2 loss = 12.2173 (max 14.95), (true 57, predicted [478])
attack: step 7/10, xent loss = 12.7747, l2 loss = 12.4074 (max 14.95), (true 57, predicted [478])
attack: step 8/10, xent loss = 11.0723, l2 loss = 13.2746 (max 14.95), (true 57, predicted [478])
attack: step 9/10, xent loss = 9.74274, l2 loss = 14.1469 (max 14.95), (true 57, predicted [478])
attack: step 10/10, xent loss = 10.2677, l2 loss = 14.567 (max 14.95), (true 57, predicted [478])
true = 57, adv = 478
evaluating 247 of [240, 250)
attack: step 1/10, xent loss = 5.678, l2 loss = 11.3283 (max 14.95), (true 905, predicted [711])
attack: step 2/10, xent loss = 4.50326, l2 loss = 11.8733 (max 14.95), (true 905, predicted [728])
attack: step 3/10, xent loss = 5.16465, l2 loss = 12.5689 (max 14.95), (true 905, predicted [728])
attack: step 4/10, xent loss = 5.45992, l2 loss = 13.0077 (max 14.95), (true 905, predicted [701])
attack: step 5/10, xent loss = 5.76382, l2 loss = 13.3769 (max 14.95), (true 905, predicted [750])
attack: step 6/10, xent loss = 6.73656, l2 loss = 13.6886 (max 14.95), (true 905, predicted [728])
attack: step 7/10, xent loss = 5.64902, l2 loss = 14.2369 (max 14.95), (true 905, predicted [750])
attack: step 8/10, xent loss = 5.99695, l2 loss = 14.6468 (max 14.95), (true 905, predicted [728])
attack: step 9/10, xent loss = 6.98952, l2 loss = 14.9438 (max 14.95), (true 905, predicted [701])
attack: step 10/10, xent loss = 5.312, l2 loss = 15.1428 (max 14.95), (true 905, predicted [557])
check failed
true = 905, adv = 728
evaluating 248 of [240, 250)
attack: step 1/10, xent loss = 5.84019, l2 loss = 14.5381 (max 14.95), (true 470, predicted [607])
attack: step 2/10, xent loss = 5.40445, l2 loss = 14.987 (max 14.95), (true 470, predicted [607])
attack: step 3/10, xent loss = 7.86099, l2 loss = 15.281 (max 14.95), (true 470, predicted [607])
attack: step 4/10, xent loss = 7.38179, l2 loss = 15.6489 (max 14.95), (true 470, predicted [607])
attack: step 5/10, xent loss = 6.68652, l2 loss = 15.947 (max 14.95), (true 470, predicted [607])
attack: step 6/10, xent loss = 6.91792, l2 loss = 16.213 (max 14.95), (true 470, predicted [607])
attack: step 7/10, xent loss = 7.87653, l2 loss = 16.6401 (max 14.95), (true 470, predicted [607])
attack: step 8/10, xent loss = 5.57523, l2 loss = 16.8955 (max 14.95), (true 470, predicted [607])
attack: step 9/10, xent loss = 8.08944, l2 loss = 17.1674 (max 14.95), (true 470, predicted [607])
attack: step 10/10, xent loss = 6.50662, l2 loss = 17.6294 (max 14.95), (true 470, predicted [607])
check failed
true = 470, adv = 607
evaluating 249 of [240, 250)
attack: step 1/10, xent loss = 7.43549, l2 loss = 9.95836 (max 14.95), (true 776, predicted [879])
attack: step 2/10, xent loss = 7.64123, l2 loss = 10.1047 (max 14.95), (true 776, predicted [879])
attack: step 3/10, xent loss = 7.53503, l2 loss = 10.3132 (max 14.95), (true 776, predicted [879])
attack: step 4/10, xent loss = 7.24679, l2 loss = 10.4187 (max 14.95), (true 776, predicted [879])
attack: step 5/10, xent loss = 8.14753, l2 loss = 10.6243 (max 14.95), (true 776, predicted [879])
attack: step 6/10, xent loss = 7.65415, l2 loss = 11.6445 (max 14.95), (true 776, predicted [879])
attack: step 7/10, xent loss = 7.61646, l2 loss = 12.029 (max 14.95), (true 776, predicted [417])
attack: step 8/10, xent loss = 7.6174, l2 loss = 12.169 (max 14.95), (true 776, predicted [879])
attack: step 9/10, xent loss = 7.65802, l2 loss = 12.6921 (max 14.95), (true 776, predicted [879])
attack: step 10/10, xent loss = 9.66652, l2 loss = 13.1797 (max 14.95), (true 776, predicted [879])
true = 776, adv = 879
