2019-06-28 06:36:07.529855: I tensorflow/core/platform/cpu_feature_guard.cc:141] Your CPU supports instructions that this TensorFlow binary was not compiled to use: SSE4.1 SSE4.2 AVX AVX2 FMA
2019-06-28 06:36:07.636159: I tensorflow/core/platform/profile_utils/cpu_utils.cc:94] CPU Frequency: 2600015000 Hz
2019-06-28 06:36:07.636362: I tensorflow/compiler/xla/service/service.cc:150] XLA service 0x2aaae6fc25f0 executing computations on platform Host. Devices:
2019-06-28 06:36:07.636393: I tensorflow/compiler/xla/service/service.cc:158]   StreamExecutor device (0): <undefined>, <undefined>
2019-06-28 06:36:07.636717: I tensorflow/core/common_runtime/process_util.cc:71] Creating new thread pool with default inter op setting: 2. Tune using inter_op_parallelism_threads for best performance.
evaluating 960 of [960, 970)
attack: step 1/10, xent loss = 0.0245812, l2 loss = 1.16301 (max 14.95), (true 442, predicted [442])
attack: step 2/10, xent loss = 0.0413657, l2 loss = 1.18566 (max 14.95), (true 442, predicted [442])
attack: step 3/10, xent loss = 0.0326138, l2 loss = 1.22513 (max 14.95), (true 442, predicted [442])
attack: step 4/10, xent loss = 1.26593, l2 loss = 1.23732 (max 14.95), (true 442, predicted [442])
attack: step 5/10, xent loss = 0.104956, l2 loss = 4.06777 (max 14.95), (true 442, predicted [442])
attack: step 6/10, xent loss = 0.27425, l2 loss = 4.14821 (max 14.95), (true 442, predicted [442])
attack: step 7/10, xent loss = 0.674992, l2 loss = 4.37512 (max 14.95), (true 442, predicted [442])
attack: step 8/10, xent loss = 3.92902, l2 loss = 5.39067 (max 14.95), (true 442, predicted [552])
attack: step 9/10, xent loss = 3.87414, l2 loss = 7.09421 (max 14.95), (true 442, predicted [552])
attack: step 10/10, xent loss = 3.36539, l2 loss = 8.34187 (max 14.95), (true 442, predicted [552])
true = 442, adv = 552
evaluating 961 of [960, 970)
attack: step 1/10, xent loss = 10.5647, l2 loss = 12.3219 (max 14.95), (true 336, predicted [775])
attack: step 2/10, xent loss = 10.4011, l2 loss = 13.2623 (max 14.95), (true 336, predicted [728])
attack: step 3/10, xent loss = 12.5561, l2 loss = 14.1127 (max 14.95), (true 336, predicted [552])
attack: step 4/10, xent loss = 11.7241, l2 loss = 15.2985 (max 14.95), (true 336, predicted [552])
attack: step 5/10, xent loss = 13.8412, l2 loss = 16.2137 (max 14.95), (true 336, predicted [552])
attack: step 6/10, xent loss = 12.3314, l2 loss = 17.4731 (max 14.95), (true 336, predicted [552])
attack: step 7/10, xent loss = 14.0734, l2 loss = 18.5989 (max 14.95), (true 336, predicted [552])
attack: step 8/10, xent loss = 13.2044, l2 loss = 19.7974 (max 14.95), (true 336, predicted [552])
attack: step 9/10, xent loss = 15.8316, l2 loss = 20.7108 (max 14.95), (true 336, predicted [552])
attack: step 10/10, xent loss = 18.0027, l2 loss = 21.6845 (max 14.95), (true 336, predicted [552])
check failed
true = 336, adv = 552
evaluating 962 of [960, 970)
attack: step 1/10, xent loss = 18.6941, l2 loss = 23.0599 (max 14.95), (true 781, predicted [569])
attack: step 2/10, xent loss = 17.2638, l2 loss = 23.57 (max 14.95), (true 781, predicted [569])
attack: step 3/10, xent loss = 16.6506, l2 loss = 24.466 (max 14.95), (true 781, predicted [569])
attack: step 4/10, xent loss = 19.4915, l2 loss = 25.2809 (max 14.95), (true 781, predicted [569])
attack: step 5/10, xent loss = 19.0622, l2 loss = 25.7507 (max 14.95), (true 781, predicted [569])
attack: step 6/10, xent loss = 19.7495, l2 loss = 26.2309 (max 14.95), (true 781, predicted [569])
attack: step 7/10, xent loss = 19.7663, l2 loss = 27.3315 (max 14.95), (true 781, predicted [569])
attack: step 8/10, xent loss = 21.0805, l2 loss = 28.1087 (max 14.95), (true 781, predicted [569])
attack: step 9/10, xent loss = 20.2921, l2 loss = 28.5487 (max 14.95), (true 781, predicted [569])
attack: step 10/10, xent loss = 19.9833, l2 loss = 29.3234 (max 14.95), (true 781, predicted [569])
check failed
true = 781, adv = 569
evaluating 963 of [960, 970)
attack: step 1/10, xent loss = 13.8658, l2 loss = 18.271 (max 14.95), (true 863, predicted [645])
attack: step 2/10, xent loss = 14.9478, l2 loss = 19.3665 (max 14.95), (true 863, predicted [645])
attack: step 3/10, xent loss = 14.457, l2 loss = 20.1309 (max 14.95), (true 863, predicted [645])
attack: step 4/10, xent loss = 14.3385, l2 loss = 20.8406 (max 14.95), (true 863, predicted [645])
attack: step 5/10, xent loss = 13.2587, l2 loss = 21.7521 (max 14.95), (true 863, predicted [645])
attack: step 6/10, xent loss = 16.702, l2 loss = 22.8123 (max 14.95), (true 863, predicted [645])
attack: step 7/10, xent loss = 17.2267, l2 loss = 23.7496 (max 14.95), (true 863, predicted [645])
attack: step 8/10, xent loss = 18.4461, l2 loss = 24.4657 (max 14.95), (true 863, predicted [645])
attack: step 9/10, xent loss = 18.7508, l2 loss = 25.0641 (max 14.95), (true 863, predicted [645])
attack: step 10/10, xent loss = 16.9448, l2 loss = 25.5471 (max 14.95), (true 863, predicted [645])
check failed
true = 863, adv = 645
evaluating 964 of [960, 970)
attack: step 1/10, xent loss = 16.7093, l2 loss = 22.6026 (max 14.95), (true 76, predicted [552])
attack: step 2/10, xent loss = 19.1188, l2 loss = 23.7195 (max 14.95), (true 76, predicted [552])
attack: step 3/10, xent loss = 20.4619, l2 loss = 25.1833 (max 14.95), (true 76, predicted [552])
attack: step 4/10, xent loss = 18.4033, l2 loss = 26.1527 (max 14.95), (true 76, predicted [552])
attack: step 5/10, xent loss = 23.2732, l2 loss = 29.2833 (max 14.95), (true 76, predicted [552])
attack: step 6/10, xent loss = 20.0507, l2 loss = 30.3329 (max 14.95), (true 76, predicted [552])
attack: step 7/10, xent loss = 22.6773, l2 loss = 31.1678 (max 14.95), (true 76, predicted [552])
attack: step 8/10, xent loss = 22.0831, l2 loss = 32.0443 (max 14.95), (true 76, predicted [552])
attack: step 9/10, xent loss = 26.492, l2 loss = 33.142 (max 14.95), (true 76, predicted [552])
attack: step 10/10, xent loss = 25.8648, l2 loss = 34.0842 (max 14.95), (true 76, predicted [552])
check failed
true = 76, adv = 552
evaluating 965 of [960, 970)
attack: step 1/10, xent loss = 17.298, l2 loss = 15.4701 (max 14.95), (true 230, predicted [169])
attack: step 2/10, xent loss = 17.4079, l2 loss = 16.3719 (max 14.95), (true 230, predicted [169])
attack: step 3/10, xent loss = 14.5816, l2 loss = 17.394 (max 14.95), (true 230, predicted [169])
attack: step 4/10, xent loss = 13.6296, l2 loss = 21.3049 (max 14.95), (true 230, predicted [169])
attack: step 5/10, xent loss = 16.9655, l2 loss = 21.739 (max 14.95), (true 230, predicted [169])
attack: step 6/10, xent loss = 18.6906, l2 loss = 22.3683 (max 14.95), (true 230, predicted [169])
attack: step 7/10, xent loss = 17.0374, l2 loss = 22.9665 (max 14.95), (true 230, predicted [169])
attack: step 8/10, xent loss = 18.2563, l2 loss = 23.9148 (max 14.95), (true 230, predicted [169])
attack: step 9/10, xent loss = 18.4449, l2 loss = 24.6254 (max 14.95), (true 230, predicted [169])
attack: step 10/10, xent loss = 18.2071, l2 loss = 25.0606 (max 14.95), (true 230, predicted [169])
check failed
true = 230, adv = 169
evaluating 966 of [960, 970)
attack: step 1/10, xent loss = 8.57694, l2 loss = 12.4875 (max 14.95), (true 94, predicted [95])
attack: step 2/10, xent loss = 8.8548, l2 loss = 13.1132 (max 14.95), (true 94, predicted [95])
attack: step 3/10, xent loss = 9.89496, l2 loss = 13.7912 (max 14.95), (true 94, predicted [95])
attack: step 4/10, xent loss = 9.9259, l2 loss = 14.1321 (max 14.95), (true 94, predicted [95])
attack: step 5/10, xent loss = 10.3548, l2 loss = 14.5456 (max 14.95), (true 94, predicted [95])
attack: step 6/10, xent loss = 10.2448, l2 loss = 14.9425 (max 14.95), (true 94, predicted [95])
attack: step 7/10, xent loss = 9.88272, l2 loss = 15.1515 (max 14.95), (true 94, predicted [95])
attack: step 8/10, xent loss = 10.4241, l2 loss = 15.5018 (max 14.95), (true 94, predicted [95])
attack: step 9/10, xent loss = 9.76645, l2 loss = 15.7392 (max 14.95), (true 94, predicted [95])
attack: step 10/10, xent loss = 11.1987, l2 loss = 16.1602 (max 14.95), (true 94, predicted [95])
check failed
true = 94, adv = 95
evaluating 967 of [960, 970)
attack: step 1/10, xent loss = 28.0502, l2 loss = 38.0212 (max 14.95), (true 318, predicted [728])
attack: step 2/10, xent loss = 26.0614, l2 loss = 39.1676 (max 14.95), (true 318, predicted [728])
attack: step 3/10, xent loss = 26.2406, l2 loss = 40.7673 (max 14.95), (true 318, predicted [728])
attack: step 4/10, xent loss = 29.392, l2 loss = 41.8757 (max 14.95), (true 318, predicted [728])
attack: step 5/10, xent loss = 32.3989, l2 loss = 42.8642 (max 14.95), (true 318, predicted [728])
attack: step 6/10, xent loss = 28.8622, l2 loss = 43.865 (max 14.95), (true 318, predicted [728])
attack: step 7/10, xent loss = 31.4809, l2 loss = 44.9184 (max 14.95), (true 318, predicted [728])
attack: step 8/10, xent loss = 31.6064, l2 loss = 45.892 (max 14.95), (true 318, predicted [728])
attack: step 9/10, xent loss = 35.5023, l2 loss = 46.8829 (max 14.95), (true 318, predicted [728])
attack: step 10/10, xent loss = 32.0592, l2 loss = 47.7328 (max 14.95), (true 318, predicted [728])
check failed
true = 318, adv = 728
evaluating 968 of [960, 970)
attack: step 1/10, xent loss = 5.04024, l2 loss = 8.95061 (max 14.95), (true 797, predicted [431])
attack: step 2/10, xent loss = 5.15597, l2 loss = 9.99026 (max 14.95), (true 797, predicted [431])
attack: step 3/10, xent loss = 5.76136, l2 loss = 10.8579 (max 14.95), (true 797, predicted [431])
attack: step 4/10, xent loss = 8.20805, l2 loss = 11.7988 (max 14.95), (true 797, predicted [431])
attack: step 5/10, xent loss = 7.70591, l2 loss = 12.6425 (max 14.95), (true 797, predicted [431])
attack: step 6/10, xent loss = 8.5107, l2 loss = 13.3432 (max 14.95), (true 797, predicted [431])
attack: step 7/10, xent loss = 9.76379, l2 loss = 14.2082 (max 14.95), (true 797, predicted [431])
attack: step 8/10, xent loss = 9.8288, l2 loss = 14.9789 (max 14.95), (true 797, predicted [431])
attack: step 9/10, xent loss = 11.3238, l2 loss = 15.9155 (max 14.95), (true 797, predicted [431])
attack: step 10/10, xent loss = 12.1008, l2 loss = 16.9456 (max 14.95), (true 797, predicted [431])
check failed
true = 797, adv = 431
evaluating 969 of [960, 970)
attack: step 1/10, xent loss = 4.41791, l2 loss = 8.10407 (max 14.95), (true 751, predicted [817])
attack: step 2/10, xent loss = 5.07917, l2 loss = 8.47631 (max 14.95), (true 751, predicted [817])
attack: step 3/10, xent loss = 4.26358, l2 loss = 8.89822 (max 14.95), (true 751, predicted [817])
attack: step 4/10, xent loss = 5.34587, l2 loss = 9.32956 (max 14.95), (true 751, predicted [817])
attack: step 5/10, xent loss = 6.18201, l2 loss = 9.73322 (max 14.95), (true 751, predicted [817])
attack: step 6/10, xent loss = 5.17605, l2 loss = 10.0698 (max 14.95), (true 751, predicted [817])
attack: step 7/10, xent loss = 5.29704, l2 loss = 10.4757 (max 14.95), (true 751, predicted [817])
attack: step 8/10, xent loss = 5.59115, l2 loss = 10.8711 (max 14.95), (true 751, predicted [817])
attack: step 9/10, xent loss = 6.43558, l2 loss = 11.2185 (max 14.95), (true 751, predicted [817])
attack: step 10/10, xent loss = 6.61643, l2 loss = 11.53 (max 14.95), (true 751, predicted [817])
true = 751, adv = 817
