2019-11-04 02:42:44.493323: I tensorflow/core/platform/cpu_feature_guard.cc:141] Your CPU supports instructions that this TensorFlow binary was not compiled to use: SSE4.1 SSE4.2 AVX AVX2 FMA
2019-11-04 02:42:44.501637: I tensorflow/core/platform/profile_utils/cpu_utils.cc:94] CPU Frequency: 2600025000 Hz
2019-11-04 02:42:44.501782: I tensorflow/compiler/xla/service/service.cc:150] XLA service 0x2aaae6e51e50 executing computations on platform Host. Devices:
2019-11-04 02:42:44.501806: I tensorflow/compiler/xla/service/service.cc:158]   StreamExecutor device (0): <undefined>, <undefined>
2019-11-04 02:42:44.502011: I tensorflow/core/common_runtime/process_util.cc:71] Creating new thread pool with default inter op setting: 2. Tune using inter_op_parallelism_threads for best performance.
evaluating 370 of [370, 380)
attack: step 1/1, xent loss = 7.84301, l2 loss = 18.8903 (max 14.95), (true 572, predicted [464])
check failed
true = 572, adv = 412
evaluating 371 of [370, 380)
attack: step 1/1, xent loss = 11.3925, l2 loss = 41.3445 (max 14.95), (true 626, predicted [862])
check failed
true = 626, adv = 862
evaluating 372 of [370, 380)
attack: step 1/1, xent loss = 2.04629, l2 loss = 16.1817 (max 14.95), (true 663, predicted [698])
check failed
true = 663, adv = 476
evaluating 373 of [370, 380)
attack: step 1/1, xent loss = 2.42274, l2 loss = 39.4371 (max 14.95), (true 145, predicted [830])
check failed
true = 145, adv = 830
evaluating 374 of [370, 380)
attack: step 1/1, xent loss = 1.48133, l2 loss = 24.4209 (max 14.95), (true 463, predicted [463])
check failed
true = 463, adv = 728
evaluating 375 of [370, 380)
attack: step 1/1, xent loss = 0.0398154, l2 loss = 0.878902 (max 14.95), (true 828, predicted [828])
true = 828, adv = 828
evaluating 376 of [370, 380)
attack: step 1/1, xent loss = 6.74958, l2 loss = 19.0664 (max 14.95), (true 18, predicted [92])
check failed
true = 18, adv = 92
evaluating 377 of [370, 380)
attack: step 1/1, xent loss = 9.1174, l2 loss = 45.2236 (max 14.95), (true 159, predicted [728])
check failed
true = 159, adv = 728
evaluating 378 of [370, 380)
attack: step 1/1, xent loss = 8.01117, l2 loss = 28.74 (max 14.95), (true 179, predicted [750])
check failed
true = 179, adv = 246
evaluating 379 of [370, 380)
attack: step 1/1, xent loss = 4.59873, l2 loss = 34.0729 (max 14.95), (true 628, predicted [408])
check failed
true = 628, adv = 408
