2019-10-27 05:11:08.782442: I tensorflow/core/platform/cpu_feature_guard.cc:141] Your CPU supports instructions that this TensorFlow binary was not compiled to use: SSE4.1 SSE4.2 AVX AVX2 FMA
2019-10-27 05:11:08.977958: I tensorflow/core/platform/profile_utils/cpu_utils.cc:94] CPU Frequency: 2600015000 Hz
2019-10-27 05:11:08.987095: I tensorflow/compiler/xla/service/service.cc:150] XLA service 0x555559030280 executing computations on platform Host. Devices:
2019-10-27 05:11:08.987147: I tensorflow/compiler/xla/service/service.cc:158]   StreamExecutor device (0): <undefined>, <undefined>
2019-10-27 05:11:08.988743: I tensorflow/core/common_runtime/process_util.cc:71] Creating new thread pool with default inter op setting: 2. Tune using inter_op_parallelism_threads for best performance.
evaluating 860 of [860, 870)
attack: step 1/10, xent loss = 12.5533, l2 loss = 21.4289 (max 14.95), (true 615, predicted [728])
unbound attack returning early
check failed
true = 615, adv = 728
evaluating 861 of [860, 870)
attack: step 1/10, xent loss = 16.9792, l2 loss = 31.006 (max 14.95), (true 98, predicted [2])
unbound attack returning early
check failed
true = 98, adv = 2
evaluating 862 of [860, 870)
attack: step 1/10, xent loss = 11.6932, l2 loss = 20.8724 (max 14.95), (true 396, predicted [692])
unbound attack returning early
check failed
true = 396, adv = 692
evaluating 863 of [860, 870)
attack: step 1/10, xent loss = 18.0324, l2 loss = 30.6876 (max 14.95), (true 943, predicted [910])
unbound attack returning early
check failed
true = 943, adv = 910
evaluating 864 of [860, 870)
attack: step 1/10, xent loss = 15.8771, l2 loss = 27.3953 (max 14.95), (true 541, predicted [818])
unbound attack returning early
check failed
true = 541, adv = 818
evaluating 865 of [860, 870)
attack: step 1/10, xent loss = 16.3063, l2 loss = 27.3611 (max 14.95), (true 67, predicted [728])
unbound attack returning early
check failed
true = 67, adv = 728
evaluating 866 of [860, 870)
attack: step 1/10, xent loss = 14.6367, l2 loss = 32.5261 (max 14.95), (true 642, predicted [830])
unbound attack returning early
check failed
true = 642, adv = 830
evaluating 867 of [860, 870)
attack: step 1/10, xent loss = 13.3093, l2 loss = 40.1449 (max 14.95), (true 331, predicted [667])
unbound attack returning early
check failed
true = 331, adv = 667
evaluating 868 of [860, 870)
attack: step 1/10, xent loss = 30.9796, l2 loss = 39.9483 (max 14.95), (true 260, predicted [728])
unbound attack returning early
check failed
true = 260, adv = 728
evaluating 869 of [860, 870)
attack: step 1/10, xent loss = 7.96641, l2 loss = 17.7093 (max 14.95), (true 501, predicted [883])
unbound attack returning early
check failed
true = 501, adv = 895
