2019-10-27 18:18:09.614067: I tensorflow/core/platform/cpu_feature_guard.cc:141] Your CPU supports instructions that this TensorFlow binary was not compiled to use: SSE4.1 SSE4.2 AVX AVX2 FMA
2019-10-27 18:18:09.624778: I tensorflow/core/platform/profile_utils/cpu_utils.cc:94] CPU Frequency: 2600160000 Hz
2019-10-27 18:18:09.625053: I tensorflow/compiler/xla/service/service.cc:150] XLA service 0x55555902fa00 executing computations on platform Host. Devices:
2019-10-27 18:18:09.625094: I tensorflow/compiler/xla/service/service.cc:158]   StreamExecutor device (0): <undefined>, <undefined>
2019-10-27 18:18:09.625515: I tensorflow/core/common_runtime/process_util.cc:71] Creating new thread pool with default inter op setting: 2. Tune using inter_op_parallelism_threads for best performance.
evaluating 270 of [270, 280)
attack: step 1/10, xent loss = 8.09826, l2 loss = 9.76669 (max 14.95), (true 949, predicted [701])
returning early
true = 949, adv = 645
evaluating 271 of [270, 280)
attack: step 1/10, xent loss = 9.94655, l2 loss = 13.3795 (max 14.95), (true 357, predicted [692])
returning early
true = 357, adv = 728
evaluating 272 of [270, 280)
attack: step 1/10, xent loss = 3.80174, l2 loss = 24.8362 (max 14.95), (true 440, predicted [737])
unbound attack returning early
check failed
true = 440, adv = 883
evaluating 273 of [270, 280)
attack: step 1/10, xent loss = 6.1183, l2 loss = 11.1098 (max 14.95), (true 108, predicted [701])
returning early
true = 108, adv = 478
evaluating 274 of [270, 280)
attack: step 1/10, xent loss = 13.134, l2 loss = 34.7901 (max 14.95), (true 585, predicted [728])
unbound attack returning early
check failed
true = 585, adv = 728
evaluating 275 of [270, 280)
attack: step 1/10, xent loss = 8.33586, l2 loss = 13.2486 (max 14.95), (true 955, predicted [417])
returning early
true = 955, adv = 417
evaluating 276 of [270, 280)
attack: step 1/10, xent loss = 13.7216, l2 loss = 28.7318 (max 14.95), (true 112, predicted [728])
unbound attack returning early
check failed
true = 112, adv = 728
evaluating 277 of [270, 280)
attack: step 1/10, xent loss = 7.30362, l2 loss = 15.1127 (max 14.95), (true 721, predicted [896])
unbound attack returning early
check failed
true = 721, adv = 896
evaluating 278 of [270, 280)
attack: step 1/10, xent loss = 10.9336, l2 loss = 24.4064 (max 14.95), (true 724, predicted [895])
unbound attack returning early
check failed
true = 724, adv = 895
evaluating 279 of [270, 280)
attack: step 1/10, xent loss = 8.74878, l2 loss = 11.4962 (max 14.95), (true 182, predicted [728])
returning early
true = 182, adv = 701
