2019-05-31 15:02:16.027276: I tensorflow/core/platform/cpu_feature_guard.cc:141] Your CPU supports instructions that this TensorFlow binary was not compiled to use: SSE4.1 SSE4.2 AVX AVX2 FMA
2019-05-31 15:02:16.036465: I tensorflow/core/platform/profile_utils/cpu_utils.cc:94] CPU Frequency: 2600020000 Hz
2019-05-31 15:02:16.036587: I tensorflow/compiler/xla/service/service.cc:150] XLA service 0x2aaae6e49db0 executing computations on platform Host. Devices:
2019-05-31 15:02:16.036606: I tensorflow/compiler/xla/service/service.cc:158]   StreamExecutor device (0): <undefined>, <undefined>
2019-05-31 15:02:16.036792: I tensorflow/core/common_runtime/process_util.cc:71] Creating new thread pool with default inter op setting: 2. Tune using inter_op_parallelism_threads for best performance.
evaluating 920 of [920, 930)
attack: step 1/1, xent loss = 0.77789, l2 loss = 0 (max 14.95), (true 289, predicted [289])
true = 289, adv = 289
evaluating 921 of [920, 930)
attack: step 1/1, xent loss = 0.19413, l2 loss = 0 (max 14.95), (true 271, predicted [271])
true = 271, adv = 273
evaluating 922 of [920, 930)
attack: step 1/1, xent loss = 0.0986243, l2 loss = 0 (max 14.95), (true 89, predicted [89])
true = 89, adv = 89
evaluating 923 of [920, 930)
attack: step 1/1, xent loss = 0.198371, l2 loss = 0 (max 14.95), (true 862, predicted [862])
true = 862, adv = 862
evaluating 924 of [920, 930)
attack: step 1/1, xent loss = 7.58781, l2 loss = 0 (max 14.95), (true 697, predicted [518])
true = 697, adv = 728
evaluating 925 of [920, 930)
attack: step 1/1, xent loss = 1.01292, l2 loss = 0 (max 14.95), (true 305, predicted [302])
true = 305, adv = 305
evaluating 926 of [920, 930)
attack: step 1/1, xent loss = 0.59849, l2 loss = 0 (max 14.95), (true 4, predicted [4])
true = 4, adv = 3
evaluating 927 of [920, 930)
attack: step 1/1, xent loss = 2.71645, l2 loss = 0 (max 14.95), (true 196, predicted [199])
true = 196, adv = 199
evaluating 928 of [920, 930)
attack: step 1/1, xent loss = 0.275704, l2 loss = 0 (max 14.95), (true 698, predicted [698])
true = 698, adv = 698
evaluating 929 of [920, 930)
attack: step 1/1, xent loss = 1.00383, l2 loss = 0 (max 14.95), (true 667, predicted [400])
true = 667, adv = 667
