2019-10-26 17:07:35.974414: I tensorflow/core/platform/cpu_feature_guard.cc:141] Your CPU supports instructions that this TensorFlow binary was not compiled to use: SSE4.1 SSE4.2 AVX AVX2 FMA
2019-10-26 17:07:35.985914: I tensorflow/core/platform/profile_utils/cpu_utils.cc:94] CPU Frequency: 2600030000 Hz
2019-10-26 17:07:35.986203: I tensorflow/compiler/xla/service/service.cc:150] XLA service 0x2aaae6c4ab00 executing computations on platform Host. Devices:
2019-10-26 17:07:35.986238: I tensorflow/compiler/xla/service/service.cc:158]   StreamExecutor device (0): <undefined>, <undefined>
2019-10-26 17:07:35.987462: I tensorflow/core/common_runtime/process_util.cc:71] Creating new thread pool with default inter op setting: 2. Tune using inter_op_parallelism_threads for best performance.
evaluating 910 of [910, 920)
attack: step 1/10, xent loss = 11.1548, l2 loss = 21.1634 (max 14.95), (true 762, predicted [830])
unbound attack returning early
check failed
true = 762, adv = 830
evaluating 911 of [910, 920)
attack: step 1/10, xent loss = 27.1643, l2 loss = 29.2183 (max 14.95), (true 234, predicted [728])
unbound attack returning early
check failed
true = 234, adv = 728
evaluating 912 of [910, 920)
attack: step 1/10, xent loss = 26.6229, l2 loss = 38.251 (max 14.95), (true 54, predicted [728])
unbound attack returning early
check failed
true = 54, adv = 728
evaluating 913 of [910, 920)
attack: step 1/10, xent loss = 35.4168, l2 loss = 35.0777 (max 14.95), (true 259, predicted [552])
unbound attack returning early
check failed
true = 259, adv = 552
evaluating 914 of [910, 920)
attack: step 1/10, xent loss = 24.4965, l2 loss = 35.4887 (max 14.95), (true 188, predicted [728])
unbound attack returning early
check failed
true = 188, adv = 728
evaluating 915 of [910, 920)
attack: step 1/10, xent loss = 7.15985, l2 loss = 18.3795 (max 14.95), (true 692, predicted [860])
unbound attack returning early
check failed
true = 692, adv = 860
evaluating 916 of [910, 920)
attack: step 1/10, xent loss = 21.6353, l2 loss = 29.8811 (max 14.95), (true 971, predicted [793])
unbound attack returning early
check failed
true = 971, adv = 793
evaluating 917 of [910, 920)
attack: step 1/10, xent loss = 9.40191, l2 loss = 9.47794 (max 14.95), (true 674, predicted [774])
returning early
true = 674, adv = 774
evaluating 918 of [910, 920)
attack: step 1/10, xent loss = 9.61428, l2 loss = 21.0036 (max 14.95), (true 213, predicted [163])
unbound attack returning early
check failed
true = 213, adv = 163
evaluating 919 of [910, 920)
attack: step 1/10, xent loss = 8.17935, l2 loss = 12.495 (max 14.95), (true 519, predicted [692])
returning early
true = 519, adv = 858
