2019-06-04 16:01:06.733508: I tensorflow/core/platform/cpu_feature_guard.cc:141] Your CPU supports instructions that this TensorFlow binary was not compiled to use: SSE4.1 SSE4.2 AVX AVX2 FMA
2019-06-04 16:01:06.778547: I tensorflow/core/platform/profile_utils/cpu_utils.cc:94] CPU Frequency: 2599940000 Hz
2019-06-04 16:01:06.781434: I tensorflow/compiler/xla/service/service.cc:150] XLA service 0x2aaae70bd150 executing computations on platform Host. Devices:
2019-06-04 16:01:06.781754: I tensorflow/compiler/xla/service/service.cc:158]   StreamExecutor device (0): <undefined>, <undefined>
2019-06-04 16:01:06.784385: I tensorflow/core/common_runtime/process_util.cc:71] Creating new thread pool with default inter op setting: 2. Tune using inter_op_parallelism_threads for best performance.
evaluating 640 of [640, 650)
attack: step 1/10, xent loss = 0.401461, l2 loss = 0 (max 14.95), (true 264, predicted [264])
attack: step 2/10, xent loss = 0.263485, l2 loss = 1.15682 (max 14.95), (true 264, predicted [264])
attack: step 3/10, xent loss = 0.917533, l2 loss = 1.41031 (max 14.95), (true 264, predicted [264])
attack: step 4/10, xent loss = 2.35741, l2 loss = 2.89674 (max 14.95), (true 264, predicted [217])
attack: step 5/10, xent loss = 3.31591, l2 loss = 5.2151 (max 14.95), (true 264, predicted [217])
attack: step 6/10, xent loss = 6.02085, l2 loss = 8.00859 (max 14.95), (true 264, predicted [217])
attack: step 7/10, xent loss = 7.34667, l2 loss = 8.76906 (max 14.95), (true 264, predicted [217])
attack: step 8/10, xent loss = 8.58902, l2 loss = 9.46611 (max 14.95), (true 264, predicted [215])
attack: step 9/10, xent loss = 8.75927, l2 loss = 10.2871 (max 14.95), (true 264, predicted [217])
attack: step 10/10, xent loss = 11.1143, l2 loss = 11.1985 (max 14.95), (true 264, predicted [215])
true = 264, adv = 215
evaluating 641 of [640, 650)
attack: step 1/10, xent loss = 4.874, l2 loss = 0 (max 14.95), (true 15, predicted [85])
attack: step 2/10, xent loss = 6.62293, l2 loss = 3.74771 (max 14.95), (true 15, predicted [85])
attack: step 3/10, xent loss = 5.3444, l2 loss = 6.95591 (max 14.95), (true 15, predicted [85])
attack: step 4/10, xent loss = 8.95625, l2 loss = 9.58556 (max 14.95), (true 15, predicted [85])
attack: step 5/10, xent loss = 9.22854, l2 loss = 10.8537 (max 14.95), (true 15, predicted [85])
attack: step 6/10, xent loss = 9.39473, l2 loss = 11.7908 (max 14.95), (true 15, predicted [85])
attack: step 7/10, xent loss = 9.50183, l2 loss = 12.8443 (max 14.95), (true 15, predicted [36])
attack: step 8/10, xent loss = 10.8067, l2 loss = 13.4921 (max 14.95), (true 15, predicted [85])
attack: step 9/10, xent loss = 10.6198, l2 loss = 14.2792 (max 14.95), (true 15, predicted [85])
attack: step 10/10, xent loss = 10.3033, l2 loss = 15.2369 (max 14.95), (true 15, predicted [85])
check failed
true = 15, adv = 85
evaluating 642 of [640, 650)
attack: step 1/10, xent loss = 4.34646, l2 loss = 0 (max 14.95), (true 829, predicted [803])
attack: step 2/10, xent loss = 3.22192, l2 loss = 2.75691 (max 14.95), (true 829, predicted [450])
attack: step 3/10, xent loss = 5.72534, l2 loss = 4.75383 (max 14.95), (true 829, predicted [803])
attack: step 4/10, xent loss = 6.16348, l2 loss = 5.90781 (max 14.95), (true 829, predicted [803])
attack: step 5/10, xent loss = 5.02159, l2 loss = 6.66895 (max 14.95), (true 829, predicted [803])
attack: step 6/10, xent loss = 6.83535, l2 loss = 7.90892 (max 14.95), (true 829, predicted [569])
attack: step 7/10, xent loss = 6.549, l2 loss = 8.57741 (max 14.95), (true 829, predicted [586])
attack: step 8/10, xent loss = 7.64424, l2 loss = 9.31359 (max 14.95), (true 829, predicted [569])
attack: step 9/10, xent loss = 8.00871, l2 loss = 10.3114 (max 14.95), (true 829, predicted [569])
attack: step 10/10, xent loss = 8.57048, l2 loss = 10.7132 (max 14.95), (true 829, predicted [569])
true = 829, adv = 569
evaluating 643 of [640, 650)
attack: step 1/10, xent loss = 1.46345, l2 loss = 0 (max 14.95), (true 614, predicted [614])
attack: step 2/10, xent loss = 3.65184, l2 loss = 4.44755 (max 14.95), (true 614, predicted [645])
attack: step 3/10, xent loss = 4.52515, l2 loss = 6.97363 (max 14.95), (true 614, predicted [583])
attack: step 4/10, xent loss = 7.28703, l2 loss = 8.93622 (max 14.95), (true 614, predicted [557])
attack: step 5/10, xent loss = 9.7836, l2 loss = 9.86641 (max 14.95), (true 614, predicted [583])
attack: step 6/10, xent loss = 10.2914, l2 loss = 10.7641 (max 14.95), (true 614, predicted [583])
attack: step 7/10, xent loss = 10.7724, l2 loss = 12.0176 (max 14.95), (true 614, predicted [583])
attack: step 8/10, xent loss = 9.82725, l2 loss = 12.6523 (max 14.95), (true 614, predicted [583])
attack: step 9/10, xent loss = 11.601, l2 loss = 13.1615 (max 14.95), (true 614, predicted [583])
attack: step 10/10, xent loss = 11.3705, l2 loss = 14.1106 (max 14.95), (true 614, predicted [583])
true = 614, adv = 583
evaluating 644 of [640, 650)
attack: step 1/10, xent loss = 0.399804, l2 loss = 0 (max 14.95), (true 311, predicted [311])
attack: step 2/10, xent loss = 0.539305, l2 loss = 1.14884 (max 14.95), (true 311, predicted [311])
attack: step 3/10, xent loss = 1.32412, l2 loss = 1.75407 (max 14.95), (true 311, predicted [312])
attack: step 4/10, xent loss = 1.54328, l2 loss = 3.03719 (max 14.95), (true 311, predicted [312])
attack: step 5/10, xent loss = 1.94704, l2 loss = 4.25599 (max 14.95), (true 311, predicted [312])
attack: step 6/10, xent loss = 3.12908, l2 loss = 5.39283 (max 14.95), (true 311, predicted [312])
attack: step 7/10, xent loss = 2.47922, l2 loss = 6.80441 (max 14.95), (true 311, predicted [312])
attack: step 8/10, xent loss = 3.83165, l2 loss = 7.60901 (max 14.95), (true 311, predicted [312])
attack: step 9/10, xent loss = 4.59565, l2 loss = 8.30206 (max 14.95), (true 311, predicted [312])
attack: step 10/10, xent loss = 4.90106, l2 loss = 9.11596 (max 14.95), (true 311, predicted [312])
true = 311, adv = 312
evaluating 645 of [640, 650)
attack: step 1/10, xent loss = 0.0470568, l2 loss = 0 (max 14.95), (true 667, predicted [667])
attack: step 2/10, xent loss = 0.0338978, l2 loss = 0.248182 (max 14.95), (true 667, predicted [667])
attack: step 3/10, xent loss = 0.0267772, l2 loss = 0.280117 (max 14.95), (true 667, predicted [667])
attack: step 4/10, xent loss = 0.0347913, l2 loss = 0.301894 (max 14.95), (true 667, predicted [667])
attack: step 5/10, xent loss = 0.0386544, l2 loss = 0.346292 (max 14.95), (true 667, predicted [667])
attack: step 6/10, xent loss = 0.0608085, l2 loss = 0.381482 (max 14.95), (true 667, predicted [667])
attack: step 7/10, xent loss = 0.0276538, l2 loss = 0.503042 (max 14.95), (true 667, predicted [667])
attack: step 8/10, xent loss = 0.0507438, l2 loss = 0.516617 (max 14.95), (true 667, predicted [667])
attack: step 9/10, xent loss = 0.0570538, l2 loss = 0.586145 (max 14.95), (true 667, predicted [667])
attack: step 10/10, xent loss = 0.10788, l2 loss = 0.65866 (max 14.95), (true 667, predicted [667])
true = 667, adv = 667
evaluating 646 of [640, 650)
attack: step 1/10, xent loss = 0.350243, l2 loss = 0 (max 14.95), (true 213, predicted [213])
attack: step 2/10, xent loss = 0.344149, l2 loss = 1.7169 (max 14.95), (true 213, predicted [213])
attack: step 3/10, xent loss = 2.20073, l2 loss = 2.485 (max 14.95), (true 213, predicted [163])
attack: step 4/10, xent loss = 4.95822, l2 loss = 8.17425 (max 14.95), (true 213, predicted [552])
attack: step 5/10, xent loss = 13.0081, l2 loss = 10.7412 (max 14.95), (true 213, predicted [552])
attack: step 6/10, xent loss = 15.1186, l2 loss = 12.4969 (max 14.95), (true 213, predicted [552])
attack: step 7/10, xent loss = 18.7206, l2 loss = 14.4818 (max 14.95), (true 213, predicted [552])
attack: step 8/10, xent loss = 23.7152, l2 loss = 16.4904 (max 14.95), (true 213, predicted [552])
attack: step 9/10, xent loss = 26.0575, l2 loss = 18.8641 (max 14.95), (true 213, predicted [552])
attack: step 10/10, xent loss = 22.4309, l2 loss = 23.1934 (max 14.95), (true 213, predicted [552])
check failed
true = 213, adv = 552
evaluating 647 of [640, 650)
attack: step 1/10, xent loss = 0.0901839, l2 loss = 0 (max 14.95), (true 204, predicted [204])
attack: step 2/10, xent loss = 0.1346, l2 loss = 0.304069 (max 14.95), (true 204, predicted [204])
attack: step 3/10, xent loss = 0.229164, l2 loss = 0.543079 (max 14.95), (true 204, predicted [204])
attack: step 4/10, xent loss = 0.188565, l2 loss = 0.883191 (max 14.95), (true 204, predicted [204])
attack: step 5/10, xent loss = 0.200207, l2 loss = 1.11649 (max 14.95), (true 204, predicted [204])
attack: step 6/10, xent loss = 0.305155, l2 loss = 1.28036 (max 14.95), (true 204, predicted [204])
attack: step 7/10, xent loss = 0.56326, l2 loss = 1.58901 (max 14.95), (true 204, predicted [204])
attack: step 8/10, xent loss = 0.838721, l2 loss = 2.3723 (max 14.95), (true 204, predicted [204])
attack: step 9/10, xent loss = 1.02802, l2 loss = 3.46721 (max 14.95), (true 204, predicted [153])
attack: step 10/10, xent loss = 2.89933, l2 loss = 4.73662 (max 14.95), (true 204, predicted [153])
true = 204, adv = 153
evaluating 648 of [640, 650)
attack: step 1/10, xent loss = 6.22712, l2 loss = 0 (max 14.95), (true 304, predicted [301])
attack: step 2/10, xent loss = 6.34495, l2 loss = 2.55284 (max 14.95), (true 304, predicted [301])
attack: step 3/10, xent loss = 6.57498, l2 loss = 3.13849 (max 14.95), (true 304, predicted [301])
attack: step 4/10, xent loss = 7.20099, l2 loss = 3.97936 (max 14.95), (true 304, predicted [301])
attack: step 5/10, xent loss = 7.61132, l2 loss = 4.56549 (max 14.95), (true 304, predicted [301])
attack: step 6/10, xent loss = 7.32604, l2 loss = 5.09734 (max 14.95), (true 304, predicted [301])
attack: step 7/10, xent loss = 7.25111, l2 loss = 5.54526 (max 14.95), (true 304, predicted [301])
attack: step 8/10, xent loss = 7.4962, l2 loss = 6.08779 (max 14.95), (true 304, predicted [301])
attack: step 9/10, xent loss = 8.3244, l2 loss = 6.74096 (max 14.95), (true 304, predicted [301])
attack: step 10/10, xent loss = 9.21917, l2 loss = 7.19663 (max 14.95), (true 304, predicted [301])
true = 304, adv = 301
evaluating 649 of [640, 650)
attack: step 1/10, xent loss = 0.0230386, l2 loss = 0 (max 14.95), (true 646, predicted [646])
attack: step 2/10, xent loss = 0.228659, l2 loss = 0.0663921 (max 14.95), (true 646, predicted [646])
attack: step 3/10, xent loss = 0.0323776, l2 loss = 0.857456 (max 14.95), (true 646, predicted [646])
attack: step 4/10, xent loss = 0.103697, l2 loss = 0.870065 (max 14.95), (true 646, predicted [646])
attack: step 5/10, xent loss = 0.0690454, l2 loss = 0.995462 (max 14.95), (true 646, predicted [646])
attack: step 6/10, xent loss = 0.0319758, l2 loss = 1.03529 (max 14.95), (true 646, predicted [646])
attack: step 7/10, xent loss = 0.103394, l2 loss = 1.04579 (max 14.95), (true 646, predicted [646])
attack: step 8/10, xent loss = 0.101998, l2 loss = 1.11459 (max 14.95), (true 646, predicted [646])
attack: step 9/10, xent loss = 0.126688, l2 loss = 1.23212 (max 14.95), (true 646, predicted [646])
attack: step 10/10, xent loss = 0.0857363, l2 loss = 1.32966 (max 14.95), (true 646, predicted [646])
true = 646, adv = 646
