2019-06-06 00:07:13.918116: I tensorflow/core/platform/cpu_feature_guard.cc:141] Your CPU supports instructions that this TensorFlow binary was not compiled to use: SSE4.1 SSE4.2 AVX AVX2 FMA
2019-06-06 00:07:14.509663: I tensorflow/core/platform/profile_utils/cpu_utils.cc:94] CPU Frequency: 2600040000 Hz
2019-06-06 00:07:14.520528: I tensorflow/compiler/xla/service/service.cc:150] XLA service 0x2aaae6bbf3d0 executing computations on platform Host. Devices:
2019-06-06 00:07:14.520569: I tensorflow/compiler/xla/service/service.cc:158]   StreamExecutor device (0): <undefined>, <undefined>
2019-06-06 00:07:14.523644: I tensorflow/core/common_runtime/process_util.cc:71] Creating new thread pool with default inter op setting: 2. Tune using inter_op_parallelism_threads for best performance.
evaluating 760 of [760, 770)
attack: step 1/10, xent loss = 1.28285, l2 loss = 0 (max 14.95), (true 807, predicted [879])
attack: step 2/10, xent loss = 0.673446, l2 loss = 5.47148 (max 14.95), (true 807, predicted [807])
attack: step 3/10, xent loss = 1.19121, l2 loss = 7.48998 (max 14.95), (true 807, predicted [807])
attack: step 4/10, xent loss = 0.972807, l2 loss = 9.08594 (max 14.95), (true 807, predicted [879])
attack: step 5/10, xent loss = 2.18686, l2 loss = 10.6014 (max 14.95), (true 807, predicted [879])
attack: step 6/10, xent loss = 3.14604, l2 loss = 12.2334 (max 14.95), (true 807, predicted [879])
attack: step 7/10, xent loss = 3.04903, l2 loss = 14.709 (max 14.95), (true 807, predicted [879])
attack: step 8/10, xent loss = 5.59776, l2 loss = 16.4732 (max 14.95), (true 807, predicted [879])
attack: step 9/10, xent loss = 2.82179, l2 loss = 18.964 (max 14.95), (true 807, predicted [879])
attack: step 10/10, xent loss = 4.91061, l2 loss = 20.3531 (max 14.95), (true 807, predicted [879])
check failed
true = 807, adv = 879
evaluating 761 of [760, 770)
attack: step 1/10, xent loss = 8.15422, l2 loss = 0 (max 14.95), (true 345, predicted [879])
attack: step 2/10, xent loss = 9.02907, l2 loss = 4.88519 (max 14.95), (true 345, predicted [405])
attack: step 3/10, xent loss = 8.31405, l2 loss = 6.47711 (max 14.95), (true 345, predicted [405])
attack: step 4/10, xent loss = 7.8798, l2 loss = 7.2437 (max 14.95), (true 345, predicted [405])
attack: step 5/10, xent loss = 11.1894, l2 loss = 7.78576 (max 14.95), (true 345, predicted [879])
attack: step 6/10, xent loss = 8.25502, l2 loss = 10.9494 (max 14.95), (true 345, predicted [879])
attack: step 7/10, xent loss = 7.58851, l2 loss = 12.2952 (max 14.95), (true 345, predicted [405])
attack: step 8/10, xent loss = 8.55978, l2 loss = 12.6719 (max 14.95), (true 345, predicted [405])
attack: step 9/10, xent loss = 10.8945, l2 loss = 12.9518 (max 14.95), (true 345, predicted [879])
attack: step 10/10, xent loss = 12.7355, l2 loss = 14.4684 (max 14.95), (true 345, predicted [879])
check failed
true = 345, adv = 879
evaluating 762 of [760, 770)
attack: step 1/10, xent loss = 7.47965, l2 loss = 0 (max 14.95), (true 761, predicted [549])
attack: step 2/10, xent loss = 6.59889, l2 loss = 3.27342 (max 14.95), (true 761, predicted [894])
attack: step 3/10, xent loss = 6.69965, l2 loss = 4.52921 (max 14.95), (true 761, predicted [728])
attack: step 4/10, xent loss = 7.77155, l2 loss = 5.65053 (max 14.95), (true 761, predicted [692])
attack: step 5/10, xent loss = 8.44454, l2 loss = 6.51549 (max 14.95), (true 761, predicted [728])
attack: step 6/10, xent loss = 7.01082, l2 loss = 8.34892 (max 14.95), (true 761, predicted [728])
attack: step 7/10, xent loss = 7.77805, l2 loss = 9.05384 (max 14.95), (true 761, predicted [728])
attack: step 8/10, xent loss = 7.65343, l2 loss = 9.57205 (max 14.95), (true 761, predicted [692])
attack: step 9/10, xent loss = 9.16259, l2 loss = 10.3795 (max 14.95), (true 761, predicted [728])
attack: step 10/10, xent loss = 7.30026, l2 loss = 12.9208 (max 14.95), (true 761, predicted [692])
true = 761, adv = 728
evaluating 763 of [760, 770)
attack: step 1/10, xent loss = 7.2323, l2 loss = 0 (max 14.95), (true 956, predicted [417])
attack: step 2/10, xent loss = 6.9247, l2 loss = 2.33099 (max 14.95), (true 956, predicted [692])
attack: step 3/10, xent loss = 6.43103, l2 loss = 2.80327 (max 14.95), (true 956, predicted [692])
attack: step 4/10, xent loss = 8.21235, l2 loss = 3.4262 (max 14.95), (true 956, predicted [767])
attack: step 5/10, xent loss = 6.84379, l2 loss = 4.09708 (max 14.95), (true 956, predicted [641])
attack: step 6/10, xent loss = 7.5723, l2 loss = 4.5349 (max 14.95), (true 956, predicted [641])
attack: step 7/10, xent loss = 7.19219, l2 loss = 4.84437 (max 14.95), (true 956, predicted [417])
attack: step 8/10, xent loss = 7.27818, l2 loss = 5.15306 (max 14.95), (true 956, predicted [417])
attack: step 9/10, xent loss = 6.8161, l2 loss = 5.39569 (max 14.95), (true 956, predicted [790])
attack: step 10/10, xent loss = 7.24751, l2 loss = 5.59196 (max 14.95), (true 956, predicted [417])
true = 956, adv = 692
evaluating 764 of [760, 770)
attack: step 1/10, xent loss = 7.92005, l2 loss = 0 (max 14.95), (true 816, predicted [478])
attack: step 2/10, xent loss = 9.13635, l2 loss = 1.81875 (max 14.95), (true 816, predicted [417])
attack: step 3/10, xent loss = 8.39573, l2 loss = 2.86059 (max 14.95), (true 816, predicted [478])
attack: step 4/10, xent loss = 7.73525, l2 loss = 3.56105 (max 14.95), (true 816, predicted [478])
attack: step 5/10, xent loss = 7.8, l2 loss = 4.2096 (max 14.95), (true 816, predicted [417])
attack: step 6/10, xent loss = 7.69778, l2 loss = 4.74105 (max 14.95), (true 816, predicted [478])
attack: step 7/10, xent loss = 7.76978, l2 loss = 5.19481 (max 14.95), (true 816, predicted [417])
attack: step 8/10, xent loss = 8.64642, l2 loss = 5.65265 (max 14.95), (true 816, predicted [417])
attack: step 9/10, xent loss = 8.22191, l2 loss = 6.04731 (max 14.95), (true 816, predicted [478])
attack: step 10/10, xent loss = 8.41413, l2 loss = 6.43234 (max 14.95), (true 816, predicted [417])
true = 816, adv = 916
evaluating 765 of [760, 770)
attack: step 1/10, xent loss = 4.37473, l2 loss = 0 (max 14.95), (true 495, predicted [669])
attack: step 2/10, xent loss = 3.52244, l2 loss = 5.59097 (max 14.95), (true 495, predicted [583])
attack: step 3/10, xent loss = 3.44712, l2 loss = 8.08113 (max 14.95), (true 495, predicted [583])
attack: step 4/10, xent loss = 4.14549, l2 loss = 10.147 (max 14.95), (true 495, predicted [669])
attack: step 5/10, xent loss = 5.30755, l2 loss = 11.4804 (max 14.95), (true 495, predicted [583])
attack: step 6/10, xent loss = 3.43216, l2 loss = 13.0117 (max 14.95), (true 495, predicted [583])
attack: step 7/10, xent loss = 5.81272, l2 loss = 14.718 (max 14.95), (true 495, predicted [905])
attack: step 8/10, xent loss = 5.78927, l2 loss = 15.7309 (max 14.95), (true 495, predicted [905])
attack: step 9/10, xent loss = 5.57657, l2 loss = 16.7805 (max 14.95), (true 495, predicted [905])
attack: step 10/10, xent loss = 5.71871, l2 loss = 17.4849 (max 14.95), (true 495, predicted [583])
check failed
true = 495, adv = 583
evaluating 766 of [760, 770)
attack: step 1/10, xent loss = 5.76623, l2 loss = 0 (max 14.95), (true 828, predicted [451])
attack: step 2/10, xent loss = 4.05083, l2 loss = 5.36477 (max 14.95), (true 828, predicted [618])
attack: step 3/10, xent loss = 5.32809, l2 loss = 7.50094 (max 14.95), (true 828, predicted [618])
attack: step 4/10, xent loss = 6.6155, l2 loss = 8.43783 (max 14.95), (true 828, predicted [618])
attack: step 5/10, xent loss = 5.52651, l2 loss = 9.70253 (max 14.95), (true 828, predicted [618])
attack: step 6/10, xent loss = 6.62634, l2 loss = 10.6548 (max 14.95), (true 828, predicted [790])
attack: step 7/10, xent loss = 5.72461, l2 loss = 11.3025 (max 14.95), (true 828, predicted [618])
attack: step 8/10, xent loss = 5.43841, l2 loss = 12.3939 (max 14.95), (true 828, predicted [618])
attack: step 9/10, xent loss = 6.31659, l2 loss = 13.0058 (max 14.95), (true 828, predicted [618])
attack: step 10/10, xent loss = 6.02392, l2 loss = 13.4986 (max 14.95), (true 828, predicted [790])
true = 828, adv = 790
evaluating 767 of [760, 770)
attack: step 1/10, xent loss = 8.17433, l2 loss = 0 (max 14.95), (true 380, predicted [645])
attack: step 2/10, xent loss = 8.86296, l2 loss = 1.8745 (max 14.95), (true 380, predicted [645])
attack: step 3/10, xent loss = 9.04699, l2 loss = 3.10309 (max 14.95), (true 380, predicted [645])
attack: step 4/10, xent loss = 9.54593, l2 loss = 4.15262 (max 14.95), (true 380, predicted [645])
attack: step 5/10, xent loss = 9.18022, l2 loss = 5.2995 (max 14.95), (true 380, predicted [645])
attack: step 6/10, xent loss = 8.62574, l2 loss = 5.8018 (max 14.95), (true 380, predicted [645])
attack: step 7/10, xent loss = 9.20257, l2 loss = 6.88656 (max 14.95), (true 380, predicted [645])
attack: step 8/10, xent loss = 10.6562, l2 loss = 7.87142 (max 14.95), (true 380, predicted [645])
attack: step 9/10, xent loss = 8.20994, l2 loss = 9.01594 (max 14.95), (true 380, predicted [645])
attack: step 10/10, xent loss = 8.92484, l2 loss = 9.38285 (max 14.95), (true 380, predicted [557])
true = 380, adv = 645
evaluating 768 of [760, 770)
attack: step 1/10, xent loss = 9.93318, l2 loss = 0 (max 14.95), (true 754, predicted [588])
attack: step 2/10, xent loss = 8.8113, l2 loss = 5.22225 (max 14.95), (true 754, predicted [478])
attack: step 3/10, xent loss = 8.76984, l2 loss = 7.57083 (max 14.95), (true 754, predicted [588])
attack: step 4/10, xent loss = 8.38373, l2 loss = 8.92875 (max 14.95), (true 754, predicted [588])
attack: step 5/10, xent loss = 9.93404, l2 loss = 10.1645 (max 14.95), (true 754, predicted [588])
attack: step 6/10, xent loss = 11.345, l2 loss = 11.3285 (max 14.95), (true 754, predicted [588])
attack: step 7/10, xent loss = 10.5875, l2 loss = 12.435 (max 14.95), (true 754, predicted [478])
attack: step 8/10, xent loss = 10.7134, l2 loss = 13.5342 (max 14.95), (true 754, predicted [478])
attack: step 9/10, xent loss = 10.0877, l2 loss = 14.6001 (max 14.95), (true 754, predicted [478])
attack: step 10/10, xent loss = 11.5683, l2 loss = 15.2885 (max 14.95), (true 754, predicted [478])
check failed
true = 754, adv = 588
evaluating 769 of [760, 770)
attack: step 1/10, xent loss = 5.99643, l2 loss = 0 (max 14.95), (true 765, predicted [723])
attack: step 2/10, xent loss = 5.72681, l2 loss = 3.46877 (max 14.95), (true 765, predicted [463])
attack: step 3/10, xent loss = 6.9446, l2 loss = 5.52816 (max 14.95), (true 765, predicted [417])
attack: step 4/10, xent loss = 6.28744, l2 loss = 6.55364 (max 14.95), (true 765, predicted [417])
attack: step 5/10, xent loss = 6.21645, l2 loss = 7.16447 (max 14.95), (true 765, predicted [645])
attack: step 6/10, xent loss = 7.02159, l2 loss = 7.58452 (max 14.95), (true 765, predicted [450])
attack: step 7/10, xent loss = 6.23069, l2 loss = 7.8702 (max 14.95), (true 765, predicted [463])
attack: step 8/10, xent loss = 5.04935, l2 loss = 8.57063 (max 14.95), (true 765, predicted [478])
attack: step 9/10, xent loss = 7.1873, l2 loss = 9.52407 (max 14.95), (true 765, predicted [478])
attack: step 10/10, xent loss = 7.09511, l2 loss = 9.75059 (max 14.95), (true 765, predicted [607])
true = 765, adv = 478
