2019-11-03 22:06:37.554519: I tensorflow/core/platform/cpu_feature_guard.cc:141] Your CPU supports instructions that this TensorFlow binary was not compiled to use: SSE4.1 SSE4.2 AVX AVX2 FMA
2019-11-03 22:06:37.967465: I tensorflow/core/platform/profile_utils/cpu_utils.cc:94] CPU Frequency: 2600125000 Hz
2019-11-03 22:06:37.986664: I tensorflow/compiler/xla/service/service.cc:150] XLA service 0x55555902f580 executing computations on platform Host. Devices:
2019-11-03 22:06:38.015266: I tensorflow/compiler/xla/service/service.cc:158]   StreamExecutor device (0): <undefined>, <undefined>
2019-11-03 22:06:38.016194: I tensorflow/core/common_runtime/process_util.cc:71] Creating new thread pool with default inter op setting: 2. Tune using inter_op_parallelism_threads for best performance.
evaluating 220 of [220, 230)
attack: step 1/1, xent loss = 0.450326, l2 loss = 10.7584 (max 14.95), (true 828, predicted [828])
true = 828, adv = 506
evaluating 221 of [220, 230)
attack: step 1/1, xent loss = 0.774754, l2 loss = 16.9324 (max 14.95), (true 10, predicted [10])
check failed
true = 10, adv = 14
evaluating 222 of [220, 230)
attack: step 1/1, xent loss = 0.0193227, l2 loss = 15.7429 (max 14.95), (true 83, predicted [83])
check failed
true = 83, adv = 309
evaluating 223 of [220, 230)
attack: step 1/1, xent loss = 2.60958, l2 loss = 35.2407 (max 14.95), (true 189, predicted [191])
check failed
true = 189, adv = 728
evaluating 224 of [220, 230)
attack: step 1/1, xent loss = 0.350706, l2 loss = 15.9129 (max 14.95), (true 758, predicted [758])
check failed
true = 758, adv = 795
evaluating 225 of [220, 230)
attack: step 1/1, xent loss = 0.0468444, l2 loss = 10.1056 (max 14.95), (true 12, predicted [12])
true = 12, adv = 728
evaluating 226 of [220, 230)
attack: step 1/1, xent loss = 0.0435325, l2 loss = 11.2723 (max 14.95), (true 208, predicted [208])
true = 208, adv = 999
evaluating 227 of [220, 230)
attack: step 1/1, xent loss = 0.578587, l2 loss = 12.0908 (max 14.95), (true 653, predicted [653])
true = 653, adv = 583
evaluating 228 of [220, 230)
attack: step 1/1, xent loss = 0.0844175, l2 loss = 24.0791 (max 14.95), (true 377, predicted [377])
check failed
true = 377, adv = 793
evaluating 229 of [220, 230)
attack: step 1/1, xent loss = 0.00113351, l2 loss = 8.1233 (max 14.95), (true 938, predicted [938])
true = 938, adv = 728
