2019-10-27 18:18:35.288171: I tensorflow/core/platform/cpu_feature_guard.cc:141] Your CPU supports instructions that this TensorFlow binary was not compiled to use: SSE4.1 SSE4.2 AVX AVX2 FMA
2019-10-27 18:18:35.491407: I tensorflow/core/platform/profile_utils/cpu_utils.cc:94] CPU Frequency: 2600265000 Hz
2019-10-27 18:18:35.495895: I tensorflow/compiler/xla/service/service.cc:150] XLA service 0x555559030090 executing computations on platform Host. Devices:
2019-10-27 18:18:35.496180: I tensorflow/compiler/xla/service/service.cc:158]   StreamExecutor device (0): <undefined>, <undefined>
2019-10-27 18:18:35.499047: I tensorflow/core/common_runtime/process_util.cc:71] Creating new thread pool with default inter op setting: 2. Tune using inter_op_parallelism_threads for best performance.
evaluating 580 of [580, 590)
attack: step 1/10, xent loss = 8.10979, l2 loss = 14.1911 (max 14.95), (true 956, predicted [543])
returning early
true = 956, adv = 543
evaluating 581 of [580, 590)
attack: step 1/10, xent loss = 8.10453, l2 loss = 23.1159 (max 14.95), (true 199, predicted [701])
unbound attack returning early
check failed
true = 199, adv = 672
evaluating 582 of [580, 590)
attack: step 1/10, xent loss = 7.80529, l2 loss = 19.1577 (max 14.95), (true 609, predicted [871])
unbound attack returning early
check failed
true = 609, adv = 478
evaluating 583 of [580, 590)
attack: step 1/10, xent loss = 8.2479, l2 loss = 9.32142 (max 14.95), (true 957, predicted [719])
returning early
true = 957, adv = 723
evaluating 584 of [580, 590)
attack: step 1/10, xent loss = 9.17891, l2 loss = 15.3519 (max 14.95), (true 525, predicted [478])
unbound attack returning early
check failed
true = 525, adv = 478
evaluating 585 of [580, 590)
attack: step 1/10, xent loss = 9.73213, l2 loss = 10.0576 (max 14.95), (true 47, predicted [723])
returning early
true = 47, adv = 646
evaluating 586 of [580, 590)
attack: step 1/10, xent loss = 8.68646, l2 loss = 11.0883 (max 14.95), (true 836, predicted [557])
returning early
true = 836, adv = 645
evaluating 587 of [580, 590)
attack: step 1/10, xent loss = 6.14481, l2 loss = 15.2014 (max 14.95), (true 749, predicted [879])
unbound attack returning early
check failed
true = 749, adv = 549
evaluating 588 of [580, 590)
attack: step 1/10, xent loss = 6.85174, l2 loss = 25.5347 (max 14.95), (true 940, predicted [723])
unbound attack returning early
check failed
true = 940, adv = 723
evaluating 589 of [580, 590)
attack: step 1/10, xent loss = 6.73924, l2 loss = 11.8918 (max 14.95), (true 400, predicted [645])
returning early
true = 400, adv = 701
