2019-10-24 14:42:48.321081: I tensorflow/core/platform/cpu_feature_guard.cc:141] Your CPU supports instructions that this TensorFlow binary was not compiled to use: SSE4.1 SSE4.2 AVX AVX2 FMA
2019-10-24 14:42:48.330363: I tensorflow/core/platform/profile_utils/cpu_utils.cc:94] CPU Frequency: 2600055000 Hz
2019-10-24 14:42:48.330578: I tensorflow/compiler/xla/service/service.cc:150] XLA service 0x2aaae621b7b0 executing computations on platform Host. Devices:
2019-10-24 14:42:48.330608: I tensorflow/compiler/xla/service/service.cc:158]   StreamExecutor device (0): <undefined>, <undefined>
2019-10-24 14:42:48.330923: I tensorflow/core/common_runtime/process_util.cc:71] Creating new thread pool with default inter op setting: 2. Tune using inter_op_parallelism_threads for best performance.
evaluating 630 of [630, 640)
attack: step 1/10, xent loss = 26.8289, l2 loss = 32.2033 (max 14.95), (true 733, predicted [403])
unbound attack returning early
check failed
true = 733, adv = 403
evaluating 631 of [630, 640)
attack: step 1/10, xent loss = 20.0526, l2 loss = 19.26 (max 14.95), (true 206, predicted [214])
unbound attack returning early
check failed
true = 206, adv = 214
evaluating 632 of [630, 640)
attack: step 1/10, xent loss = 21.0527, l2 loss = 37.6152 (max 14.95), (true 405, predicted [701])
unbound attack returning early
check failed
true = 405, adv = 701
evaluating 633 of [630, 640)
attack: step 1/10, xent loss = 12.4084, l2 loss = 16.2546 (max 14.95), (true 566, predicted [501])
unbound attack returning early
check failed
true = 566, adv = 689
evaluating 634 of [630, 640)
attack: step 1/10, xent loss = 23.5789, l2 loss = 28.7792 (max 14.95), (true 773, predicted [899])
unbound attack returning early
check failed
true = 773, adv = 899
evaluating 635 of [630, 640)
attack: step 1/10, xent loss = 13.0199, l2 loss = 15.1883 (max 14.95), (true 710, predicted [611])
unbound attack returning early
check failed
true = 710, adv = 611
evaluating 636 of [630, 640)
attack: step 1/10, xent loss = 20.9259, l2 loss = 25.5064 (max 14.95), (true 186, predicted [203])
unbound attack returning early
check failed
true = 186, adv = 203
evaluating 637 of [630, 640)
attack: step 1/10, xent loss = 39.5564, l2 loss = 39.7215 (max 14.95), (true 422, predicted [696])
unbound attack returning early
check failed
true = 422, adv = 696
evaluating 638 of [630, 640)
attack: step 1/10, xent loss = 22.0182, l2 loss = 26.7998 (max 14.95), (true 599, predicted [868])
unbound attack returning early
check failed
true = 599, adv = 868
evaluating 639 of [630, 640)
attack: step 1/10, xent loss = 22.0327, l2 loss = 32.6991 (max 14.95), (true 851, predicted [915])
unbound attack returning early
check failed
true = 851, adv = 915
