2019-06-05 08:02:20.445427: I tensorflow/core/platform/cpu_feature_guard.cc:141] Your CPU supports instructions that this TensorFlow binary was not compiled to use: SSE4.1 SSE4.2 AVX AVX2 FMA
2019-06-05 08:02:20.806146: I tensorflow/core/platform/profile_utils/cpu_utils.cc:94] CPU Frequency: 2600285000 Hz
2019-06-05 08:02:20.815280: I tensorflow/compiler/xla/service/service.cc:150] XLA service 0x2aaae6d4a550 executing computations on platform Host. Devices:
2019-06-05 08:02:20.815319: I tensorflow/compiler/xla/service/service.cc:158]   StreamExecutor device (0): <undefined>, <undefined>
2019-06-05 08:02:20.815625: I tensorflow/core/common_runtime/process_util.cc:71] Creating new thread pool with default inter op setting: 2. Tune using inter_op_parallelism_threads for best performance.
evaluating 630 of [630, 640)
attack: step 1/10, xent loss = 0.761484, l2 loss = 0 (max 14.95), (true 733, predicted [733])
attack: step 2/10, xent loss = 1.93859, l2 loss = 2.81287 (max 14.95), (true 733, predicted [733])
attack: step 3/10, xent loss = 4.15496, l2 loss = 5.40963 (max 14.95), (true 733, predicted [970])
attack: step 4/10, xent loss = 5.80369, l2 loss = 7.05019 (max 14.95), (true 733, predicted [970])
attack: step 5/10, xent loss = 8.85773, l2 loss = 8.47848 (max 14.95), (true 733, predicted [970])
attack: step 6/10, xent loss = 9.63878, l2 loss = 11.0766 (max 14.95), (true 733, predicted [970])
attack: step 7/10, xent loss = 9.44634, l2 loss = 12.9064 (max 14.95), (true 733, predicted [970])
attack: step 8/10, xent loss = 11.3997, l2 loss = 14.9065 (max 14.95), (true 733, predicted [970])
attack: step 9/10, xent loss = 12.4965, l2 loss = 16.4244 (max 14.95), (true 733, predicted [970])
attack: step 10/10, xent loss = 13.7244, l2 loss = 17.6964 (max 14.95), (true 733, predicted [970])
check failed
true = 733, adv = 970
evaluating 631 of [630, 640)
attack: step 1/10, xent loss = 2.78922, l2 loss = 0 (max 14.95), (true 206, predicted [205])
attack: step 2/10, xent loss = 4.51837, l2 loss = 3.67056 (max 14.95), (true 206, predicted [205])
attack: step 3/10, xent loss = 5.68455, l2 loss = 5.24385 (max 14.95), (true 206, predicted [205])
attack: step 4/10, xent loss = 7.46436, l2 loss = 5.86321 (max 14.95), (true 206, predicted [160])
attack: step 5/10, xent loss = 8.19037, l2 loss = 6.87003 (max 14.95), (true 206, predicted [179])
attack: step 6/10, xent loss = 9.28619, l2 loss = 7.71263 (max 14.95), (true 206, predicted [198])
attack: step 7/10, xent loss = 9.39392, l2 loss = 8.12272 (max 14.95), (true 206, predicted [203])
attack: step 8/10, xent loss = 10.34, l2 loss = 8.39989 (max 14.95), (true 206, predicted [198])
attack: step 9/10, xent loss = 10.4156, l2 loss = 8.6715 (max 14.95), (true 206, predicted [197])
attack: step 10/10, xent loss = 10.6487, l2 loss = 9.02962 (max 14.95), (true 206, predicted [197])
true = 206, adv = 198
evaluating 632 of [630, 640)
attack: step 1/10, xent loss = 1.17265, l2 loss = 0 (max 14.95), (true 405, predicted [701])
attack: step 2/10, xent loss = 6.82078, l2 loss = 12.096 (max 14.95), (true 405, predicted [701])
attack: step 3/10, xent loss = 8.61534, l2 loss = 12.7369 (max 14.95), (true 405, predicted [701])
attack: step 4/10, xent loss = 10.013, l2 loss = 13.6833 (max 14.95), (true 405, predicted [701])
attack: step 5/10, xent loss = 12.9131, l2 loss = 16.7237 (max 14.95), (true 405, predicted [701])
attack: step 6/10, xent loss = 17.3896, l2 loss = 18.1223 (max 14.95), (true 405, predicted [701])
attack: step 7/10, xent loss = 16.0734, l2 loss = 19.3419 (max 14.95), (true 405, predicted [701])
attack: step 8/10, xent loss = 17.4539, l2 loss = 20.997 (max 14.95), (true 405, predicted [701])
attack: step 9/10, xent loss = 18.6963, l2 loss = 22.685 (max 14.95), (true 405, predicted [701])
attack: step 10/10, xent loss = 17.176, l2 loss = 23.8918 (max 14.95), (true 405, predicted [701])
check failed
true = 405, adv = 701
evaluating 633 of [630, 640)
attack: step 1/10, xent loss = 0.231192, l2 loss = 0 (max 14.95), (true 566, predicted [566])
attack: step 2/10, xent loss = 0.62003, l2 loss = 1.32437 (max 14.95), (true 566, predicted [566])
attack: step 3/10, xent loss = 3.04512, l2 loss = 2.7307 (max 14.95), (true 566, predicted [601])
attack: step 4/10, xent loss = 4.99653, l2 loss = 6.68255 (max 14.95), (true 566, predicted [601])
attack: step 5/10, xent loss = 8.71021, l2 loss = 10.7982 (max 14.95), (true 566, predicted [689])
attack: step 6/10, xent loss = 9.58787, l2 loss = 11.29 (max 14.95), (true 566, predicted [689])
attack: step 7/10, xent loss = 7.97221, l2 loss = 11.8279 (max 14.95), (true 566, predicted [689])
attack: step 8/10, xent loss = 8.91705, l2 loss = 12.0849 (max 14.95), (true 566, predicted [689])
attack: step 9/10, xent loss = 9.46865, l2 loss = 12.5799 (max 14.95), (true 566, predicted [689])
attack: step 10/10, xent loss = 8.78562, l2 loss = 12.9834 (max 14.95), (true 566, predicted [461])
true = 566, adv = 461
evaluating 634 of [630, 640)
attack: step 1/10, xent loss = 0.245725, l2 loss = 0 (max 14.95), (true 773, predicted [773])
attack: step 2/10, xent loss = 1.7918, l2 loss = 1.91586 (max 14.95), (true 773, predicted [899])
attack: step 3/10, xent loss = 5.75084, l2 loss = 7.58212 (max 14.95), (true 773, predicted [725])
attack: step 4/10, xent loss = 8.16772, l2 loss = 9.12589 (max 14.95), (true 773, predicted [725])
attack: step 5/10, xent loss = 10.2022, l2 loss = 9.907 (max 14.95), (true 773, predicted [725])
attack: step 6/10, xent loss = 11.0647, l2 loss = 10.5396 (max 14.95), (true 773, predicted [899])
attack: step 7/10, xent loss = 11.9431, l2 loss = 11.908 (max 14.95), (true 773, predicted [899])
attack: step 8/10, xent loss = 13.0785, l2 loss = 13.5235 (max 14.95), (true 773, predicted [899])
attack: step 9/10, xent loss = 14.5241, l2 loss = 15.0992 (max 14.95), (true 773, predicted [899])
attack: step 10/10, xent loss = 16.3711, l2 loss = 16.5456 (max 14.95), (true 773, predicted [899])
check failed
true = 773, adv = 899
evaluating 635 of [630, 640)
attack: step 1/10, xent loss = 1.94944, l2 loss = 0 (max 14.95), (true 710, predicted [611])
attack: step 2/10, xent loss = 1.13473, l2 loss = 3.89314 (max 14.95), (true 710, predicted [710])
attack: step 3/10, xent loss = 3.45065, l2 loss = 5.4436 (max 14.95), (true 710, predicted [767])
attack: step 4/10, xent loss = 3.18002, l2 loss = 6.79262 (max 14.95), (true 710, predicted [611])
attack: step 5/10, xent loss = 4.38615, l2 loss = 7.97378 (max 14.95), (true 710, predicted [611])
attack: step 6/10, xent loss = 4.52784, l2 loss = 8.38309 (max 14.95), (true 710, predicted [476])
attack: step 7/10, xent loss = 5.2434, l2 loss = 8.96872 (max 14.95), (true 710, predicted [518])
attack: step 8/10, xent loss = 5.11363, l2 loss = 9.43804 (max 14.95), (true 710, predicted [611])
attack: step 9/10, xent loss = 5.38168, l2 loss = 10.0124 (max 14.95), (true 710, predicted [611])
attack: step 10/10, xent loss = 5.86566, l2 loss = 10.5375 (max 14.95), (true 710, predicted [476])
true = 710, adv = 476
evaluating 636 of [630, 640)
attack: step 1/10, xent loss = 5.28438, l2 loss = 0 (max 14.95), (true 186, predicted [203])
attack: step 2/10, xent loss = 8.34921, l2 loss = 5.65203 (max 14.95), (true 186, predicted [203])
attack: step 3/10, xent loss = 8.59691, l2 loss = 6.58265 (max 14.95), (true 186, predicted [552])
attack: step 4/10, xent loss = 11.7168, l2 loss = 7.73726 (max 14.95), (true 186, predicted [552])
attack: step 5/10, xent loss = 18.3675, l2 loss = 10.8481 (max 14.95), (true 186, predicted [552])
attack: step 6/10, xent loss = 17.7696, l2 loss = 15.71 (max 14.95), (true 186, predicted [552])
attack: step 7/10, xent loss = 22.1106, l2 loss = 19.0145 (max 14.95), (true 186, predicted [552])
attack: step 8/10, xent loss = 22.8029, l2 loss = 21.8307 (max 14.95), (true 186, predicted [552])
attack: step 9/10, xent loss = 23.2615, l2 loss = 23.275 (max 14.95), (true 186, predicted [552])
attack: step 10/10, xent loss = 23.0023, l2 loss = 27.1858 (max 14.95), (true 186, predicted [552])
check failed
true = 186, adv = 552
evaluating 637 of [630, 640)
attack: step 1/10, xent loss = 2.0785, l2 loss = 0 (max 14.95), (true 422, predicted [696])
attack: step 2/10, xent loss = 2.80824, l2 loss = 5.63112 (max 14.95), (true 422, predicted [696])
attack: step 3/10, xent loss = 5.47496, l2 loss = 7.5761 (max 14.95), (true 422, predicted [696])
attack: step 4/10, xent loss = 8.84205, l2 loss = 9.3353 (max 14.95), (true 422, predicted [696])
attack: step 5/10, xent loss = 10.8127, l2 loss = 11.2936 (max 14.95), (true 422, predicted [696])
attack: step 6/10, xent loss = 12.4702, l2 loss = 13.8522 (max 14.95), (true 422, predicted [696])
attack: step 7/10, xent loss = 15.6904, l2 loss = 15.9965 (max 14.95), (true 422, predicted [696])
attack: step 8/10, xent loss = 17.0442, l2 loss = 18.2097 (max 14.95), (true 422, predicted [696])
attack: step 9/10, xent loss = 18.0008, l2 loss = 19.9368 (max 14.95), (true 422, predicted [696])
attack: step 10/10, xent loss = 20.6522, l2 loss = 22.4807 (max 14.95), (true 422, predicted [696])
check failed
true = 422, adv = 696
evaluating 638 of [630, 640)
attack: step 1/10, xent loss = 1.95419, l2 loss = 0 (max 14.95), (true 599, predicted [868])
attack: step 2/10, xent loss = 5.68901, l2 loss = 4.85646 (max 14.95), (true 599, predicted [868])
attack: step 3/10, xent loss = 7.24877, l2 loss = 7.04531 (max 14.95), (true 599, predicted [868])
attack: step 4/10, xent loss = 7.863, l2 loss = 9.0068 (max 14.95), (true 599, predicted [868])
attack: step 5/10, xent loss = 9.06347, l2 loss = 10.0725 (max 14.95), (true 599, predicted [868])
attack: step 6/10, xent loss = 7.40255, l2 loss = 11.5891 (max 14.95), (true 599, predicted [868])
attack: step 7/10, xent loss = 11.2369, l2 loss = 12.5712 (max 14.95), (true 599, predicted [868])
attack: step 8/10, xent loss = 10.8505, l2 loss = 13.9976 (max 14.95), (true 599, predicted [868])
attack: step 9/10, xent loss = 11.4422, l2 loss = 15.308 (max 14.95), (true 599, predicted [868])
attack: step 10/10, xent loss = 12.1545, l2 loss = 16.377 (max 14.95), (true 599, predicted [868])
check failed
true = 599, adv = 868
evaluating 639 of [630, 640)
attack: step 1/10, xent loss = 0.0804058, l2 loss = 0 (max 14.95), (true 851, predicted [851])
attack: step 2/10, xent loss = 0.33118, l2 loss = 0.511367 (max 14.95), (true 851, predicted [851])
attack: step 3/10, xent loss = 0.28783, l2 loss = 1.93368 (max 14.95), (true 851, predicted [851])
attack: step 4/10, xent loss = 0.3704, l2 loss = 3.36548 (max 14.95), (true 851, predicted [851])
attack: step 5/10, xent loss = 1.73298, l2 loss = 3.95321 (max 14.95), (true 851, predicted [782])
attack: step 6/10, xent loss = 2.48904, l2 loss = 6.36168 (max 14.95), (true 851, predicted [782])
attack: step 7/10, xent loss = 6.84492, l2 loss = 8.69602 (max 14.95), (true 851, predicted [692])
attack: step 8/10, xent loss = 6.65239, l2 loss = 9.73738 (max 14.95), (true 851, predicted [692])
attack: step 9/10, xent loss = 8.2129, l2 loss = 10.8323 (max 14.95), (true 851, predicted [692])
attack: step 10/10, xent loss = 10.1346, l2 loss = 12.2515 (max 14.95), (true 851, predicted [692])
true = 851, adv = 692
