2019-05-24 00:34:24.830592: I tensorflow/core/platform/cpu_feature_guard.cc:141] Your CPU supports instructions that this TensorFlow binary was not compiled to use: SSE4.1 SSE4.2 AVX AVX2 FMA
2019-05-24 00:34:24.839214: I tensorflow/core/platform/profile_utils/cpu_utils.cc:94] CPU Frequency: 2600080000 Hz
2019-05-24 00:34:24.839407: I tensorflow/compiler/xla/service/service.cc:150] XLA service 0x2aaae6d4a160 executing computations on platform Host. Devices:
2019-05-24 00:34:24.839435: I tensorflow/compiler/xla/service/service.cc:158]   StreamExecutor device (0): <undefined>, <undefined>
2019-05-24 00:34:24.839717: I tensorflow/core/common_runtime/process_util.cc:71] Creating new thread pool with default inter op setting: 2. Tune using inter_op_parallelism_threads for best performance.
evaluating 840 of [840, 850)
attack: step 1/10, xent loss = 0.426613, l2 loss = 0 (max 14.95), (true 46, predicted [46])
attack: step 2/10, xent loss = 0.25946, l2 loss = 2.34372 (max 14.95), (true 46, predicted [46])
attack: step 3/10, xent loss = 0.376196, l2 loss = 2.50441 (max 14.95), (true 46, predicted [46])
attack: step 4/10, xent loss = 0.354237, l2 loss = 3.10513 (max 14.95), (true 46, predicted [46])
attack: step 5/10, xent loss = 0.322052, l2 loss = 3.39119 (max 14.95), (true 46, predicted [46])
attack: step 6/10, xent loss = 3.7877, l2 loss = 3.94425 (max 14.95), (true 46, predicted [315])
attack: step 7/10, xent loss = 4.59418, l2 loss = 8.74174 (max 14.95), (true 46, predicted [315])
attack: step 8/10, xent loss = 5.55178, l2 loss = 10.4243 (max 14.95), (true 46, predicted [315])
attack: step 9/10, xent loss = 6.60957, l2 loss = 11.2201 (max 14.95), (true 46, predicted [998])
attack: step 10/10, xent loss = 5.60806, l2 loss = 13.4249 (max 14.95), (true 46, predicted [998])
check failed
true = 46, adv = 998
evaluating 841 of [840, 850)
attack: step 1/10, xent loss = 0.621768, l2 loss = 0 (max 14.95), (true 746, predicted [746])
attack: step 2/10, xent loss = 0.445072, l2 loss = 2.97634 (max 14.95), (true 746, predicted [746])
attack: step 3/10, xent loss = 0.23517, l2 loss = 3.7008 (max 14.95), (true 746, predicted [746])
attack: step 4/10, xent loss = 0.468385, l2 loss = 4.25363 (max 14.95), (true 746, predicted [746])
attack: step 5/10, xent loss = 0.256771, l2 loss = 4.94165 (max 14.95), (true 746, predicted [746])
attack: step 6/10, xent loss = 0.130649, l2 loss = 5.52984 (max 14.95), (true 746, predicted [746])
attack: step 7/10, xent loss = 0.167621, l2 loss = 5.60993 (max 14.95), (true 746, predicted [746])
attack: step 8/10, xent loss = 0.888641, l2 loss = 5.67758 (max 14.95), (true 746, predicted [746])
attack: step 9/10, xent loss = 0.211672, l2 loss = 6.76397 (max 14.95), (true 746, predicted [746])
attack: step 10/10, xent loss = 2.26039, l2 loss = 6.91991 (max 14.95), (true 746, predicted [879])
true = 746, adv = 645
evaluating 842 of [840, 850)
attack: step 1/10, xent loss = 6.9931, l2 loss = 0 (max 14.95), (true 258, predicted [728])
attack: step 2/10, xent loss = 16.1361, l2 loss = 13.1512 (max 14.95), (true 258, predicted [728])
attack: step 3/10, xent loss = 14.7296, l2 loss = 15.4762 (max 14.95), (true 258, predicted [728])
attack: step 4/10, xent loss = 17.2311, l2 loss = 17.4918 (max 14.95), (true 258, predicted [728])
attack: step 5/10, xent loss = 20.7209, l2 loss = 19.3496 (max 14.95), (true 258, predicted [728])
attack: step 6/10, xent loss = 19.216, l2 loss = 21.4889 (max 14.95), (true 258, predicted [728])
attack: step 7/10, xent loss = 22.1433, l2 loss = 23.193 (max 14.95), (true 258, predicted [728])
attack: step 8/10, xent loss = 21.4592, l2 loss = 24.567 (max 14.95), (true 258, predicted [728])
attack: step 9/10, xent loss = 23.2311, l2 loss = 27.0744 (max 14.95), (true 258, predicted [728])
attack: step 10/10, xent loss = 21.1342, l2 loss = 28.631 (max 14.95), (true 258, predicted [728])
check failed
true = 258, adv = 728
evaluating 843 of [840, 850)
attack: step 1/10, xent loss = 4.21118, l2 loss = 0 (max 14.95), (true 58, predicted [644])
attack: step 2/10, xent loss = 7.15781, l2 loss = 6.86331 (max 14.95), (true 58, predicted [645])
attack: step 3/10, xent loss = 5.81113, l2 loss = 7.76829 (max 14.95), (true 58, predicted [616])
attack: step 4/10, xent loss = 6.97314, l2 loss = 8.78715 (max 14.95), (true 58, predicted [71])
attack: step 5/10, xent loss = 6.43125, l2 loss = 9.23141 (max 14.95), (true 58, predicted [557])
attack: step 6/10, xent loss = 7.30923, l2 loss = 10.036 (max 14.95), (true 58, predicted [315])
attack: step 7/10, xent loss = 7.15167, l2 loss = 10.672 (max 14.95), (true 58, predicted [315])
attack: step 8/10, xent loss = 7.25943, l2 loss = 11.5995 (max 14.95), (true 58, predicted [728])
attack: step 9/10, xent loss = 6.94368, l2 loss = 13.0482 (max 14.95), (true 58, predicted [998])
attack: step 10/10, xent loss = 8.2745, l2 loss = 13.5299 (max 14.95), (true 58, predicted [998])
true = 58, adv = 728
evaluating 844 of [840, 850)
attack: step 1/10, xent loss = 0.951776, l2 loss = 0 (max 14.95), (true 156, predicted [728])
attack: step 2/10, xent loss = 1.59113, l2 loss = 4.67183 (max 14.95), (true 156, predicted [156])
attack: step 3/10, xent loss = 0.505354, l2 loss = 7.22026 (max 14.95), (true 156, predicted [156])
attack: step 4/10, xent loss = 0.962458, l2 loss = 7.51356 (max 14.95), (true 156, predicted [156])
attack: step 5/10, xent loss = 0.963857, l2 loss = 8.3524 (max 14.95), (true 156, predicted [156])
attack: step 6/10, xent loss = 3.26872, l2 loss = 8.83638 (max 14.95), (true 156, predicted [728])
attack: step 7/10, xent loss = 7.1716, l2 loss = 11.4378 (max 14.95), (true 156, predicted [728])
attack: step 8/10, xent loss = 8.64291, l2 loss = 16.9588 (max 14.95), (true 156, predicted [728])
attack: step 9/10, xent loss = 12.0279, l2 loss = 20.1958 (max 14.95), (true 156, predicted [728])
attack: step 10/10, xent loss = 13.2176, l2 loss = 21.2851 (max 14.95), (true 156, predicted [728])
check failed
true = 156, adv = 728
evaluating 845 of [840, 850)
attack: step 1/10, xent loss = 0.273695, l2 loss = 0 (max 14.95), (true 427, predicted [427])
attack: step 2/10, xent loss = 0.055225, l2 loss = 1.16509 (max 14.95), (true 427, predicted [427])
attack: step 3/10, xent loss = 0.353507, l2 loss = 1.18356 (max 14.95), (true 427, predicted [427])
attack: step 4/10, xent loss = 0.155503, l2 loss = 1.59447 (max 14.95), (true 427, predicted [427])
attack: step 5/10, xent loss = 0.766743, l2 loss = 1.682 (max 14.95), (true 427, predicted [427])
attack: step 6/10, xent loss = 0.12376, l2 loss = 3.00021 (max 14.95), (true 427, predicted [427])
attack: step 7/10, xent loss = 0.508359, l2 loss = 3.05839 (max 14.95), (true 427, predicted [427])
attack: step 8/10, xent loss = 0.105598, l2 loss = 3.61718 (max 14.95), (true 427, predicted [427])
attack: step 9/10, xent loss = 0.0635553, l2 loss = 3.6446 (max 14.95), (true 427, predicted [427])
attack: step 10/10, xent loss = 1.14908, l2 loss = 3.65768 (max 14.95), (true 427, predicted [427])
true = 427, adv = 427
evaluating 846 of [840, 850)
attack: step 1/10, xent loss = 6.2565, l2 loss = 0 (max 14.95), (true 982, predicted [459])
attack: step 2/10, xent loss = 8.82727, l2 loss = 3.62201 (max 14.95), (true 982, predicted [459])
attack: step 3/10, xent loss = 7.49098, l2 loss = 7.75066 (max 14.95), (true 982, predicted [459])
attack: step 4/10, xent loss = 5.87695, l2 loss = 10.0099 (max 14.95), (true 982, predicted [775])
attack: step 5/10, xent loss = 4.72883, l2 loss = 10.8481 (max 14.95), (true 982, predicted [459])
attack: step 6/10, xent loss = 7.30361, l2 loss = 11.6488 (max 14.95), (true 982, predicted [459])
attack: step 7/10, xent loss = 9.79396, l2 loss = 13.0673 (max 14.95), (true 982, predicted [459])
attack: step 8/10, xent loss = 6.657, l2 loss = 13.922 (max 14.95), (true 982, predicted [459])
attack: step 9/10, xent loss = 6.6887, l2 loss = 14.2316 (max 14.95), (true 982, predicted [459])
attack: step 10/10, xent loss = 5.61539, l2 loss = 15.6669 (max 14.95), (true 982, predicted [459])
check failed
true = 982, adv = 459
evaluating 847 of [840, 850)
attack: step 1/10, xent loss = 3.08081, l2 loss = 0 (max 14.95), (true 309, predicted [321])
attack: step 2/10, xent loss = 4.44067, l2 loss = 4.37096 (max 14.95), (true 309, predicted [552])
attack: step 3/10, xent loss = 6.29288, l2 loss = 7.35292 (max 14.95), (true 309, predicted [552])
attack: step 4/10, xent loss = 1.7025, l2 loss = 12.6108 (max 14.95), (true 309, predicted [552])
attack: step 5/10, xent loss = 7.17961, l2 loss = 13.4056 (max 14.95), (true 309, predicted [552])
attack: step 6/10, xent loss = 6.64827, l2 loss = 14.543 (max 14.95), (true 309, predicted [552])
attack: step 7/10, xent loss = 5.05428, l2 loss = 15.6248 (max 14.95), (true 309, predicted [552])
attack: step 8/10, xent loss = 5.66248, l2 loss = 17.9966 (max 14.95), (true 309, predicted [552])
attack: step 9/10, xent loss = 5.36189, l2 loss = 18.8503 (max 14.95), (true 309, predicted [552])
attack: step 10/10, xent loss = 8.27044, l2 loss = 19.5745 (max 14.95), (true 309, predicted [552])
check failed
true = 309, adv = 552
evaluating 848 of [840, 850)
attack: step 1/10, xent loss = 5.6759, l2 loss = 0 (max 14.95), (true 647, predicted [503])
attack: step 2/10, xent loss = 7.91741, l2 loss = 4.60242 (max 14.95), (true 647, predicted [465])
attack: step 3/10, xent loss = 8.99515, l2 loss = 8.16879 (max 14.95), (true 647, predicted [465])
attack: step 4/10, xent loss = 9.75753, l2 loss = 9.86285 (max 14.95), (true 647, predicted [465])
attack: step 5/10, xent loss = 9.91853, l2 loss = 10.8681 (max 14.95), (true 647, predicted [465])
attack: step 6/10, xent loss = 9.91149, l2 loss = 13.3972 (max 14.95), (true 647, predicted [728])
attack: step 7/10, xent loss = 12.5693, l2 loss = 15.2871 (max 14.95), (true 647, predicted [728])
attack: step 8/10, xent loss = 10.1365, l2 loss = 18.1249 (max 14.95), (true 647, predicted [465])
attack: step 9/10, xent loss = 13.047, l2 loss = 19.1562 (max 14.95), (true 647, predicted [728])
attack: step 10/10, xent loss = 12.0126, l2 loss = 19.8701 (max 14.95), (true 647, predicted [465])
check failed
true = 647, adv = 465
evaluating 849 of [840, 850)
attack: step 1/10, xent loss = 3.07376, l2 loss = 0 (max 14.95), (true 941, predicted [940])
attack: step 2/10, xent loss = 2.98403, l2 loss = 4.84033 (max 14.95), (true 941, predicted [940])
attack: step 3/10, xent loss = 3.83458, l2 loss = 6.21356 (max 14.95), (true 941, predicted [940])
attack: step 4/10, xent loss = 4.82852, l2 loss = 7.57998 (max 14.95), (true 941, predicted [940])
attack: step 5/10, xent loss = 5.46614, l2 loss = 8.53629 (max 14.95), (true 941, predicted [940])
attack: step 6/10, xent loss = 6.17081, l2 loss = 9.52689 (max 14.95), (true 941, predicted [940])
attack: step 7/10, xent loss = 6.14509, l2 loss = 10.3006 (max 14.95), (true 941, predicted [940])
attack: step 8/10, xent loss = 6.0814, l2 loss = 10.9584 (max 14.95), (true 941, predicted [940])
attack: step 9/10, xent loss = 6.95148, l2 loss = 11.8968 (max 14.95), (true 941, predicted [940])
attack: step 10/10, xent loss = 7.60945, l2 loss = 12.2884 (max 14.95), (true 941, predicted [940])
true = 941, adv = 940
