2019-06-28 22:38:53.090710: I tensorflow/core/platform/cpu_feature_guard.cc:141] Your CPU supports instructions that this TensorFlow binary was not compiled to use: SSE4.1 SSE4.2 AVX AVX2 FMA
2019-06-28 22:38:53.959950: I tensorflow/core/platform/profile_utils/cpu_utils.cc:94] CPU Frequency: 2599980000 Hz
2019-06-28 22:38:54.139827: I tensorflow/compiler/xla/service/service.cc:150] XLA service 0x2aaae6d49f50 executing computations on platform Host. Devices:
2019-06-28 22:38:54.141881: I tensorflow/compiler/xla/service/service.cc:158]   StreamExecutor device (0): <undefined>, <undefined>
2019-06-28 22:38:54.142676: I tensorflow/core/common_runtime/process_util.cc:71] Creating new thread pool with default inter op setting: 2. Tune using inter_op_parallelism_threads for best performance.
evaluating 930 of [930, 940)
attack: step 1/10, xent loss = 11.1611, l2 loss = 19.5456 (max 14.95), (true 93, predicted [88])
attack: step 2/10, xent loss = 13.9721, l2 loss = 20.5355 (max 14.95), (true 93, predicted [88])
attack: step 3/10, xent loss = 12.3387, l2 loss = 20.9193 (max 14.95), (true 93, predicted [88])
attack: step 4/10, xent loss = 12.6975, l2 loss = 21.9953 (max 14.95), (true 93, predicted [88])
attack: step 5/10, xent loss = 15.6108, l2 loss = 22.795 (max 14.95), (true 93, predicted [88])
attack: step 6/10, xent loss = 14.9183, l2 loss = 23.7234 (max 14.95), (true 93, predicted [88])
attack: step 7/10, xent loss = 16.1047, l2 loss = 24.0888 (max 14.95), (true 93, predicted [88])
attack: step 8/10, xent loss = 14.9884, l2 loss = 24.4285 (max 14.95), (true 93, predicted [88])
attack: step 9/10, xent loss = 13.6024, l2 loss = 24.9031 (max 14.95), (true 93, predicted [88])
attack: step 10/10, xent loss = 15.7071, l2 loss = 25.4808 (max 14.95), (true 93, predicted [88])
check failed
true = 93, adv = 88
evaluating 931 of [930, 940)
attack: step 1/10, xent loss = 11.5339, l2 loss = 20.2937 (max 14.95), (true 762, predicted [564])
attack: step 2/10, xent loss = 10.681, l2 loss = 21.2565 (max 14.95), (true 762, predicted [564])
attack: step 3/10, xent loss = 12.4228, l2 loss = 21.8415 (max 14.95), (true 762, predicted [564])
attack: step 4/10, xent loss = 12.3896, l2 loss = 22.2915 (max 14.95), (true 762, predicted [564])
attack: step 5/10, xent loss = 13.3861, l2 loss = 22.6614 (max 14.95), (true 762, predicted [564])
attack: step 6/10, xent loss = 12.5262, l2 loss = 23.143 (max 14.95), (true 762, predicted [564])
attack: step 7/10, xent loss = 14.2024, l2 loss = 23.644 (max 14.95), (true 762, predicted [564])
attack: step 8/10, xent loss = 11.8241, l2 loss = 24.065 (max 14.95), (true 762, predicted [564])
attack: step 9/10, xent loss = 13.6209, l2 loss = 24.8811 (max 14.95), (true 762, predicted [564])
attack: step 10/10, xent loss = 12.6778, l2 loss = 25.66 (max 14.95), (true 762, predicted [564])
check failed
true = 762, adv = 564
evaluating 932 of [930, 940)
attack: step 1/10, xent loss = 7.72062, l2 loss = 12.2204 (max 14.95), (true 634, predicted [467])
attack: step 2/10, xent loss = 8.79012, l2 loss = 12.6143 (max 14.95), (true 634, predicted [728])
attack: step 3/10, xent loss = 8.03533, l2 loss = 13.6573 (max 14.95), (true 634, predicted [575])
attack: step 4/10, xent loss = 8.5974, l2 loss = 14.0966 (max 14.95), (true 634, predicted [692])
attack: step 5/10, xent loss = 7.72249, l2 loss = 14.5389 (max 14.95), (true 634, predicted [728])
attack: step 6/10, xent loss = 10.4054, l2 loss = 15.1028 (max 14.95), (true 634, predicted [728])
attack: step 7/10, xent loss = 8.49432, l2 loss = 16.3786 (max 14.95), (true 634, predicted [728])
attack: step 8/10, xent loss = 10.5363, l2 loss = 16.6256 (max 14.95), (true 634, predicted [728])
attack: step 9/10, xent loss = 10.553, l2 loss = 17.5411 (max 14.95), (true 634, predicted [728])
attack: step 10/10, xent loss = 11.1764, l2 loss = 18.2427 (max 14.95), (true 634, predicted [728])
check failed
true = 634, adv = 728
evaluating 933 of [930, 940)
attack: step 1/10, xent loss = 13.8613, l2 loss = 20.2711 (max 14.95), (true 999, predicted [854])
attack: step 2/10, xent loss = 17.3727, l2 loss = 21.8929 (max 14.95), (true 999, predicted [854])
attack: step 3/10, xent loss = 16.2192, l2 loss = 22.8891 (max 14.95), (true 999, predicted [854])
attack: step 4/10, xent loss = 18.5521, l2 loss = 24.4744 (max 14.95), (true 999, predicted [854])
attack: step 5/10, xent loss = 20.4472, l2 loss = 25.3372 (max 14.95), (true 999, predicted [854])
attack: step 6/10, xent loss = 20.1366, l2 loss = 26.4614 (max 14.95), (true 999, predicted [854])
attack: step 7/10, xent loss = 18.9413, l2 loss = 27.3225 (max 14.95), (true 999, predicted [854])
attack: step 8/10, xent loss = 21.4135, l2 loss = 28.393 (max 14.95), (true 999, predicted [854])
attack: step 9/10, xent loss = 20.7371, l2 loss = 29.3448 (max 14.95), (true 999, predicted [854])
attack: step 10/10, xent loss = 22.3952, l2 loss = 30.1819 (max 14.95), (true 999, predicted [854])
check failed
true = 999, adv = 854
evaluating 934 of [930, 940)
attack: step 1/10, xent loss = 0.046589, l2 loss = 0.880919 (max 14.95), (true 670, predicted [670])
attack: step 2/10, xent loss = 0.0251021, l2 loss = 0.894663 (max 14.95), (true 670, predicted [670])
attack: step 3/10, xent loss = 0.103595, l2 loss = 0.897195 (max 14.95), (true 670, predicted [670])
attack: step 4/10, xent loss = 0.0603467, l2 loss = 0.92834 (max 14.95), (true 670, predicted [670])
attack: step 5/10, xent loss = 0.0969048, l2 loss = 0.942757 (max 14.95), (true 670, predicted [670])
attack: step 6/10, xent loss = 0.0945651, l2 loss = 0.969403 (max 14.95), (true 670, predicted [670])
attack: step 7/10, xent loss = 0.0520029, l2 loss = 1.02018 (max 14.95), (true 670, predicted [670])
attack: step 8/10, xent loss = 0.086264, l2 loss = 1.0277 (max 14.95), (true 670, predicted [670])
attack: step 9/10, xent loss = 0.0305296, l2 loss = 1.04059 (max 14.95), (true 670, predicted [670])
attack: step 10/10, xent loss = 0.0863517, l2 loss = 1.04582 (max 14.95), (true 670, predicted [670])
true = 670, adv = 670
evaluating 935 of [930, 940)
attack: step 1/10, xent loss = 0.0409015, l2 loss = 0.486847 (max 14.95), (true 493, predicted [493])
attack: step 2/10, xent loss = 0.0433901, l2 loss = 0.504887 (max 14.95), (true 493, predicted [493])
attack: step 3/10, xent loss = 0.0293398, l2 loss = 0.540155 (max 14.95), (true 493, predicted [493])
attack: step 4/10, xent loss = 0.0115983, l2 loss = 0.558329 (max 14.95), (true 493, predicted [493])
attack: step 5/10, xent loss = 0.0152161, l2 loss = 0.561555 (max 14.95), (true 493, predicted [493])
attack: step 6/10, xent loss = 0.0196383, l2 loss = 0.564909 (max 14.95), (true 493, predicted [493])
attack: step 7/10, xent loss = 0.0179377, l2 loss = 0.573057 (max 14.95), (true 493, predicted [493])
attack: step 8/10, xent loss = 0.0152111, l2 loss = 0.579891 (max 14.95), (true 493, predicted [493])
attack: step 9/10, xent loss = 0.0449666, l2 loss = 0.585231 (max 14.95), (true 493, predicted [493])
attack: step 10/10, xent loss = 0.0724358, l2 loss = 0.606093 (max 14.95), (true 493, predicted [493])
true = 493, adv = 493
evaluating 936 of [930, 940)
attack: step 1/10, xent loss = 17.2902, l2 loss = 27.7914 (max 14.95), (true 59, predicted [808])
attack: step 2/10, xent loss = 17.6518, l2 loss = 29.839 (max 14.95), (true 59, predicted [808])
attack: step 3/10, xent loss = 17.3164, l2 loss = 30.8517 (max 14.95), (true 59, predicted [808])
attack: step 4/10, xent loss = 20.3476, l2 loss = 31.8931 (max 14.95), (true 59, predicted [808])
attack: step 5/10, xent loss = 18.6586, l2 loss = 32.9132 (max 14.95), (true 59, predicted [808])
attack: step 6/10, xent loss = 23.2074, l2 loss = 33.7228 (max 14.95), (true 59, predicted [808])
attack: step 7/10, xent loss = 20.8508, l2 loss = 34.5209 (max 14.95), (true 59, predicted [808])
attack: step 8/10, xent loss = 20.0172, l2 loss = 35.6605 (max 14.95), (true 59, predicted [808])
attack: step 9/10, xent loss = 22.2109, l2 loss = 36.3732 (max 14.95), (true 59, predicted [808])
attack: step 10/10, xent loss = 22.1733, l2 loss = 37.5542 (max 14.95), (true 59, predicted [808])
check failed
true = 59, adv = 808
evaluating 937 of [930, 940)
attack: step 1/10, xent loss = 8.69, l2 loss = 12.3006 (max 14.95), (true 179, predicted [242])
attack: step 2/10, xent loss = 9.57417, l2 loss = 12.7581 (max 14.95), (true 179, predicted [242])
attack: step 3/10, xent loss = 10.3681, l2 loss = 13.2032 (max 14.95), (true 179, predicted [242])
attack: step 4/10, xent loss = 9.60824, l2 loss = 13.6852 (max 14.95), (true 179, predicted [242])
attack: step 5/10, xent loss = 11.232, l2 loss = 14.3442 (max 14.95), (true 179, predicted [242])
attack: step 6/10, xent loss = 12.0566, l2 loss = 14.8055 (max 14.95), (true 179, predicted [242])
attack: step 7/10, xent loss = 10.484, l2 loss = 15.2967 (max 14.95), (true 179, predicted [242])
attack: step 8/10, xent loss = 11.8105, l2 loss = 15.7723 (max 14.95), (true 179, predicted [242])
attack: step 9/10, xent loss = 12.5737, l2 loss = 16.1433 (max 14.95), (true 179, predicted [242])
attack: step 10/10, xent loss = 11.951, l2 loss = 16.4967 (max 14.95), (true 179, predicted [242])
check failed
true = 179, adv = 242
evaluating 938 of [930, 940)
attack: step 1/10, xent loss = 19.9504, l2 loss = 26.9108 (max 14.95), (true 382, predicted [728])
attack: step 2/10, xent loss = 21.1601, l2 loss = 28.1747 (max 14.95), (true 382, predicted [728])
attack: step 3/10, xent loss = 21.154, l2 loss = 29.6596 (max 14.95), (true 382, predicted [728])
attack: step 4/10, xent loss = 19.8367, l2 loss = 31.1674 (max 14.95), (true 382, predicted [728])
attack: step 5/10, xent loss = 20.9213, l2 loss = 32.2348 (max 14.95), (true 382, predicted [728])
attack: step 6/10, xent loss = 22.7785, l2 loss = 33.401 (max 14.95), (true 382, predicted [728])
attack: step 7/10, xent loss = 22.2472, l2 loss = 34.4381 (max 14.95), (true 382, predicted [728])
attack: step 8/10, xent loss = 25.4272, l2 loss = 35.4198 (max 14.95), (true 382, predicted [728])
attack: step 9/10, xent loss = 25.7124, l2 loss = 36.2856 (max 14.95), (true 382, predicted [728])
attack: step 10/10, xent loss = 28.3911, l2 loss = 37.4277 (max 14.95), (true 382, predicted [728])
check failed
true = 382, adv = 728
evaluating 939 of [930, 940)
attack: step 1/10, xent loss = 4.12856, l2 loss = 10.992 (max 14.95), (true 863, predicted [643])
attack: step 2/10, xent loss = 4.1678, l2 loss = 11.9905 (max 14.95), (true 863, predicted [643])
attack: step 3/10, xent loss = 4.6105, l2 loss = 12.727 (max 14.95), (true 863, predicted [643])
attack: step 4/10, xent loss = 4.54621, l2 loss = 13.8473 (max 14.95), (true 863, predicted [643])
attack: step 5/10, xent loss = 6.86415, l2 loss = 14.5277 (max 14.95), (true 863, predicted [643])
attack: step 6/10, xent loss = 6.68063, l2 loss = 15.6219 (max 14.95), (true 863, predicted [643])
attack: step 7/10, xent loss = 8.65823, l2 loss = 16.3411 (max 14.95), (true 863, predicted [643])
attack: step 8/10, xent loss = 5.3867, l2 loss = 16.9302 (max 14.95), (true 863, predicted [643])
attack: step 9/10, xent loss = 9.36886, l2 loss = 17.6662 (max 14.95), (true 863, predicted [643])
attack: step 10/10, xent loss = 7.91321, l2 loss = 18.6219 (max 14.95), (true 863, predicted [643])
check failed
true = 863, adv = 643
