2019-10-27 18:18:35.288871: I tensorflow/core/platform/cpu_feature_guard.cc:141] Your CPU supports instructions that this TensorFlow binary was not compiled to use: SSE4.1 SSE4.2 AVX AVX2 FMA
2019-10-27 18:18:35.491252: I tensorflow/core/platform/profile_utils/cpu_utils.cc:94] CPU Frequency: 2600265000 Hz
2019-10-27 18:18:35.496869: I tensorflow/compiler/xla/service/service.cc:150] XLA service 0x55555902f770 executing computations on platform Host. Devices:
2019-10-27 18:18:35.496955: I tensorflow/compiler/xla/service/service.cc:158]   StreamExecutor device (0): <undefined>, <undefined>
2019-10-27 18:18:35.498952: I tensorflow/core/common_runtime/process_util.cc:71] Creating new thread pool with default inter op setting: 2. Tune using inter_op_parallelism_threads for best performance.
evaluating 490 of [490, 500)
attack: step 1/10, xent loss = 9.78633, l2 loss = 18.6383 (max 14.95), (true 953, predicted [723])
unbound attack returning early
check failed
true = 953, adv = 723
evaluating 491 of [490, 500)
attack: step 1/10, xent loss = 9.83874, l2 loss = 11.6366 (max 14.95), (true 376, predicted [478])
returning early
true = 376, adv = 728
evaluating 492 of [490, 500)
attack: step 1/10, xent loss = 7.8285, l2 loss = 20.7389 (max 14.95), (true 526, predicted [599])
unbound attack returning early
check failed
true = 526, adv = 478
evaluating 493 of [490, 500)
attack: step 1/10, xent loss = 6.48016, l2 loss = 36.3804 (max 14.95), (true 657, predicted [879])
unbound attack returning early
check failed
true = 657, adv = 744
evaluating 494 of [490, 500)
attack: step 1/10, xent loss = 8.03858, l2 loss = 8.78804 (max 14.95), (true 381, predicted [723])
returning early
true = 381, adv = 701
evaluating 495 of [490, 500)
attack: step 1/10, xent loss = 0.595385, l2 loss = 9.35776 (max 14.95), (true 701, predicted [701])
attack: step 2/10, xent loss = 0.389814, l2 loss = 9.57796 (max 14.95), (true 701, predicted [701])
attack: step 3/10, xent loss = 2.05157, l2 loss = 9.69462 (max 14.95), (true 701, predicted [557])
returning early
true = 701, adv = 701
evaluating 496 of [490, 500)
attack: step 1/10, xent loss = 8.91451, l2 loss = 8.98455 (max 14.95), (true 182, predicted [518])
returning early
true = 182, adv = 518
evaluating 497 of [490, 500)
attack: step 1/10, xent loss = 6.05846, l2 loss = 17.7984 (max 14.95), (true 601, predicted [879])
unbound attack returning early
check failed
true = 601, adv = 879
evaluating 498 of [490, 500)
attack: step 1/10, xent loss = 8.87938, l2 loss = 12.299 (max 14.95), (true 593, predicted [664])
returning early
true = 593, adv = 664
evaluating 499 of [490, 500)
attack: step 1/10, xent loss = 9.21712, l2 loss = 18.852 (max 14.95), (true 316, predicted [309])
unbound attack returning early
check failed
true = 316, adv = 309
