2019-10-24 14:41:25.095948: I tensorflow/core/platform/cpu_feature_guard.cc:141] Your CPU supports instructions that this TensorFlow binary was not compiled to use: SSE4.1 SSE4.2 AVX AVX2 FMA
2019-10-24 14:41:25.399981: I tensorflow/core/platform/profile_utils/cpu_utils.cc:94] CPU Frequency: 2599965000 Hz
2019-10-24 14:41:25.417475: I tensorflow/compiler/xla/service/service.cc:150] XLA service 0x55555902fdf0 executing computations on platform Host. Devices:
2019-10-24 14:41:25.417575: I tensorflow/compiler/xla/service/service.cc:158]   StreamExecutor device (0): <undefined>, <undefined>
2019-10-24 14:41:25.419849: I tensorflow/core/common_runtime/process_util.cc:71] Creating new thread pool with default inter op setting: 2. Tune using inter_op_parallelism_threads for best performance.
evaluating 320 of [320, 330)
attack: step 1/10, xent loss = 23.3301, l2 loss = 20.729 (max 14.95), (true 234, predicted [805])
unbound attack returning early
check failed
true = 234, adv = 805
evaluating 321 of [320, 330)
attack: step 1/10, xent loss = 44.2718, l2 loss = 37.601 (max 14.95), (true 419, predicted [728])
unbound attack returning early
check failed
true = 419, adv = 728
evaluating 322 of [320, 330)
attack: step 1/10, xent loss = 8.33464, l2 loss = 8.29542 (max 14.95), (true 141, predicted [128])
returning early
true = 141, adv = 128
evaluating 323 of [320, 330)
attack: step 1/10, xent loss = 14.2488, l2 loss = 13.9006 (max 14.95), (true 279, predicted [203])
returning early
true = 279, adv = 203
evaluating 324 of [320, 330)
attack: step 1/10, xent loss = 16.7083, l2 loss = 18.4493 (max 14.95), (true 709, predicted [750])
unbound attack returning early
check failed
true = 709, adv = 750
evaluating 325 of [320, 330)
attack: step 1/10, xent loss = 24.521, l2 loss = 30.2239 (max 14.95), (true 969, predicted [936])
unbound attack returning early
check failed
true = 969, adv = 936
evaluating 326 of [320, 330)
attack: step 1/10, xent loss = 21.2655, l2 loss = 26.8566 (max 14.95), (true 418, predicted [744])
unbound attack returning early
check failed
true = 418, adv = 744
evaluating 327 of [320, 330)
attack: step 1/10, xent loss = 0.00469344, l2 loss = 0.473265 (max 14.95), (true 355, predicted [355])
attack: step 2/10, xent loss = 0.0131839, l2 loss = 0.480229 (max 14.95), (true 355, predicted [355])
attack: step 3/10, xent loss = 0.0318565, l2 loss = 0.514739 (max 14.95), (true 355, predicted [355])
attack: step 4/10, xent loss = 0.0158841, l2 loss = 0.621476 (max 14.95), (true 355, predicted [355])
attack: step 5/10, xent loss = 0.00770573, l2 loss = 0.644621 (max 14.95), (true 355, predicted [355])
attack: step 6/10, xent loss = 0.00725374, l2 loss = 0.652995 (max 14.95), (true 355, predicted [355])
attack: step 7/10, xent loss = 0.0176995, l2 loss = 0.662725 (max 14.95), (true 355, predicted [355])
attack: step 8/10, xent loss = 0.0224932, l2 loss = 0.695904 (max 14.95), (true 355, predicted [355])
attack: step 9/10, xent loss = 0.00901285, l2 loss = 0.746697 (max 14.95), (true 355, predicted [355])
attack: step 10/10, xent loss = 0.0422668, l2 loss = 0.760208 (max 14.95), (true 355, predicted [355])
true = 355, adv = 355
evaluating 328 of [320, 330)
attack: step 1/10, xent loss = 8.33182, l2 loss = 13.6298 (max 14.95), (true 445, predicted [879])
returning early
true = 445, adv = 879
evaluating 329 of [320, 330)
attack: step 1/10, xent loss = 51.1242, l2 loss = 39.625 (max 14.95), (true 191, predicted [728])
unbound attack returning early
check failed
true = 191, adv = 728
Warning: Permanently added 'node131,192.168.10.131' (RSA) to the list of known hosts.
