2019-06-27 15:16:15.092140: I tensorflow/core/platform/cpu_feature_guard.cc:141] Your CPU supports instructions that this TensorFlow binary was not compiled to use: SSE4.1 SSE4.2 AVX AVX2 FMA
2019-06-27 15:16:15.099389: I tensorflow/core/platform/profile_utils/cpu_utils.cc:94] CPU Frequency: 2599845000 Hz
2019-06-27 15:16:15.099473: I tensorflow/compiler/xla/service/service.cc:150] XLA service 0x2aaae6fbdfb0 executing computations on platform Host. Devices:
2019-06-27 15:16:15.099486: I tensorflow/compiler/xla/service/service.cc:158]   StreamExecutor device (0): <undefined>, <undefined>
2019-06-27 15:16:15.099620: I tensorflow/core/common_runtime/process_util.cc:71] Creating new thread pool with default inter op setting: 2. Tune using inter_op_parallelism_threads for best performance.
evaluating 920 of [920, 930)
attack: step 1/10, xent loss = 5.80967, l2 loss = 7.63821 (max 14.95), (true 289, predicted [291])
attack: step 2/10, xent loss = 6.15202, l2 loss = 8.17861 (max 14.95), (true 289, predicted [552])
attack: step 3/10, xent loss = 6.99609, l2 loss = 8.95522 (max 14.95), (true 289, predicted [352])
attack: step 4/10, xent loss = 6.74201, l2 loss = 9.5238 (max 14.95), (true 289, predicted [352])
attack: step 5/10, xent loss = 7.15003, l2 loss = 10.1195 (max 14.95), (true 289, predicted [552])
attack: step 6/10, xent loss = 7.85735, l2 loss = 10.5558 (max 14.95), (true 289, predicted [552])
attack: step 7/10, xent loss = 9.62084, l2 loss = 11.4239 (max 14.95), (true 289, predicted [552])
attack: step 8/10, xent loss = 13.4238, l2 loss = 13.2207 (max 14.95), (true 289, predicted [552])
attack: step 9/10, xent loss = 13.7167, l2 loss = 14.7697 (max 14.95), (true 289, predicted [552])
attack: step 10/10, xent loss = 13.4496, l2 loss = 15.9587 (max 14.95), (true 289, predicted [552])
check failed
true = 289, adv = 552
evaluating 921 of [920, 930)
attack: step 1/10, xent loss = 9.28126, l2 loss = 8.46056 (max 14.95), (true 271, predicted [273])
attack: step 2/10, xent loss = 8.28671, l2 loss = 8.93943 (max 14.95), (true 271, predicted [273])
attack: step 3/10, xent loss = 8.76198, l2 loss = 9.64335 (max 14.95), (true 271, predicted [273])
attack: step 4/10, xent loss = 8.82094, l2 loss = 10.0745 (max 14.95), (true 271, predicted [273])
attack: step 5/10, xent loss = 9.01414, l2 loss = 10.4998 (max 14.95), (true 271, predicted [273])
attack: step 6/10, xent loss = 9.43306, l2 loss = 10.9066 (max 14.95), (true 271, predicted [273])
attack: step 7/10, xent loss = 9.95915, l2 loss = 11.3267 (max 14.95), (true 271, predicted [273])
attack: step 8/10, xent loss = 9.25648, l2 loss = 11.7624 (max 14.95), (true 271, predicted [273])
attack: step 9/10, xent loss = 9.36569, l2 loss = 12.1438 (max 14.95), (true 271, predicted [273])
attack: step 10/10, xent loss = 10.1409, l2 loss = 12.4968 (max 14.95), (true 271, predicted [273])
true = 271, adv = 273
evaluating 922 of [920, 930)
attack: step 1/10, xent loss = 0.0831689, l2 loss = 0.587824 (max 14.95), (true 89, predicted [89])
attack: step 2/10, xent loss = 0.111532, l2 loss = 0.618308 (max 14.95), (true 89, predicted [89])
attack: step 3/10, xent loss = 0.120362, l2 loss = 0.669527 (max 14.95), (true 89, predicted [89])
attack: step 4/10, xent loss = 0.111062, l2 loss = 0.717516 (max 14.95), (true 89, predicted [89])
attack: step 5/10, xent loss = 0.110565, l2 loss = 0.750785 (max 14.95), (true 89, predicted [89])
attack: step 6/10, xent loss = 0.13857, l2 loss = 0.80255 (max 14.95), (true 89, predicted [89])
attack: step 7/10, xent loss = 0.137363, l2 loss = 0.851883 (max 14.95), (true 89, predicted [89])
attack: step 8/10, xent loss = 0.12758, l2 loss = 0.905273 (max 14.95), (true 89, predicted [89])
attack: step 9/10, xent loss = 0.0890483, l2 loss = 0.951562 (max 14.95), (true 89, predicted [89])
attack: step 10/10, xent loss = 0.129094, l2 loss = 0.978944 (max 14.95), (true 89, predicted [89])
true = 89, adv = 89
evaluating 923 of [920, 930)
attack: step 1/10, xent loss = 7.0142, l2 loss = 14.3627 (max 14.95), (true 862, predicted [607])
attack: step 2/10, xent loss = 6.80051, l2 loss = 14.7777 (max 14.95), (true 862, predicted [607])
attack: step 3/10, xent loss = 8.58206, l2 loss = 15.3155 (max 14.95), (true 862, predicted [607])
attack: step 4/10, xent loss = 8.45651, l2 loss = 15.6539 (max 14.95), (true 862, predicted [607])
attack: step 5/10, xent loss = 7.41451, l2 loss = 16.093 (max 14.95), (true 862, predicted [607])
attack: step 6/10, xent loss = 9.50651, l2 loss = 16.6343 (max 14.95), (true 862, predicted [607])
attack: step 7/10, xent loss = 9.2643, l2 loss = 16.9967 (max 14.95), (true 862, predicted [607])
attack: step 8/10, xent loss = 8.5306, l2 loss = 17.2387 (max 14.95), (true 862, predicted [607])
attack: step 9/10, xent loss = 10.1552, l2 loss = 17.6967 (max 14.95), (true 862, predicted [607])
attack: step 10/10, xent loss = 9.68589, l2 loss = 18.0145 (max 14.95), (true 862, predicted [607])
check failed
true = 862, adv = 607
evaluating 924 of [920, 930)
attack: step 1/10, xent loss = 27.0759, l2 loss = 27.0787 (max 14.95), (true 697, predicted [728])
attack: step 2/10, xent loss = 29.5973, l2 loss = 28.5305 (max 14.95), (true 697, predicted [728])
attack: step 3/10, xent loss = 30.0495, l2 loss = 30.1268 (max 14.95), (true 697, predicted [728])
attack: step 4/10, xent loss = 36.9951, l2 loss = 31.5141 (max 14.95), (true 697, predicted [728])
attack: step 5/10, xent loss = 37.3638, l2 loss = 33.0198 (max 14.95), (true 697, predicted [728])
attack: step 6/10, xent loss = 35.8214, l2 loss = 34.135 (max 14.95), (true 697, predicted [728])
attack: step 7/10, xent loss = 34.268, l2 loss = 35.5172 (max 14.95), (true 697, predicted [728])
attack: step 8/10, xent loss = 37.5442, l2 loss = 36.4921 (max 14.95), (true 697, predicted [728])
attack: step 9/10, xent loss = 38.1851, l2 loss = 37.6495 (max 14.95), (true 697, predicted [728])
attack: step 10/10, xent loss = 37.0536, l2 loss = 39.0146 (max 14.95), (true 697, predicted [728])
check failed
true = 697, adv = 728
evaluating 925 of [920, 930)
attack: step 1/10, xent loss = 9.4796, l2 loss = 18.5749 (max 14.95), (true 305, predicted [317])
attack: step 2/10, xent loss = 12.0917, l2 loss = 19.5309 (max 14.95), (true 305, predicted [317])
attack: step 3/10, xent loss = 13.4649, l2 loss = 19.9721 (max 14.95), (true 305, predicted [317])
attack: step 4/10, xent loss = 12.1687, l2 loss = 21.1855 (max 14.95), (true 305, predicted [317])
attack: step 5/10, xent loss = 14.5212, l2 loss = 21.5817 (max 14.95), (true 305, predicted [317])
attack: step 6/10, xent loss = 13.2179, l2 loss = 21.9987 (max 14.95), (true 305, predicted [317])
attack: step 7/10, xent loss = 13.7022, l2 loss = 22.6409 (max 14.95), (true 305, predicted [317])
attack: step 8/10, xent loss = 13.6076, l2 loss = 23.1089 (max 14.95), (true 305, predicted [317])
attack: step 9/10, xent loss = 12.2991, l2 loss = 23.7028 (max 14.95), (true 305, predicted [317])
attack: step 10/10, xent loss = 15.4405, l2 loss = 25.0175 (max 14.95), (true 305, predicted [317])
check failed
true = 305, adv = 317
evaluating 926 of [920, 930)
attack: step 1/10, xent loss = 11.9809, l2 loss = 27.6358 (max 14.95), (true 4, predicted [3])
attack: step 2/10, xent loss = 11.667, l2 loss = 29.9295 (max 14.95), (true 4, predicted [3])
attack: step 3/10, xent loss = 14.1106, l2 loss = 31.3766 (max 14.95), (true 4, predicted [3])
attack: step 4/10, xent loss = 12.9704, l2 loss = 32.9931 (max 14.95), (true 4, predicted [3])
attack: step 5/10, xent loss = 17.8734, l2 loss = 34.237 (max 14.95), (true 4, predicted [3])
attack: step 6/10, xent loss = 18.3547, l2 loss = 35.3853 (max 14.95), (true 4, predicted [3])
attack: step 7/10, xent loss = 20.7278, l2 loss = 36.7259 (max 14.95), (true 4, predicted [3])
attack: step 8/10, xent loss = 16.2624, l2 loss = 37.8653 (max 14.95), (true 4, predicted [3])
attack: step 9/10, xent loss = 17.2695, l2 loss = 40.0339 (max 14.95), (true 4, predicted [3])
attack: step 10/10, xent loss = 15.7918, l2 loss = 41.2325 (max 14.95), (true 4, predicted [3])
check failed
true = 4, adv = 3
evaluating 927 of [920, 930)
attack: step 1/10, xent loss = 17.2812, l2 loss = 20.7302 (max 14.95), (true 196, predicted [462])
attack: step 2/10, xent loss = 16.44, l2 loss = 21.6499 (max 14.95), (true 196, predicted [462])
attack: step 3/10, xent loss = 15.6579, l2 loss = 22.7199 (max 14.95), (true 196, predicted [462])
attack: step 4/10, xent loss = 18.4238, l2 loss = 23.7265 (max 14.95), (true 196, predicted [462])
attack: step 5/10, xent loss = 18.8051, l2 loss = 24.4733 (max 14.95), (true 196, predicted [462])
attack: step 6/10, xent loss = 16.9804, l2 loss = 25.2053 (max 14.95), (true 196, predicted [462])
attack: step 7/10, xent loss = 21.2539, l2 loss = 26.3774 (max 14.95), (true 196, predicted [462])
attack: step 8/10, xent loss = 20.4705, l2 loss = 27.2021 (max 14.95), (true 196, predicted [462])
attack: step 9/10, xent loss = 24.4234, l2 loss = 27.928 (max 14.95), (true 196, predicted [462])
attack: step 10/10, xent loss = 21.4008, l2 loss = 28.8396 (max 14.95), (true 196, predicted [462])
check failed
true = 196, adv = 462
evaluating 928 of [920, 930)
attack: step 1/10, xent loss = 1.29288, l2 loss = 5.80831 (max 14.95), (true 698, predicted [668])
attack: step 2/10, xent loss = 0.613824, l2 loss = 6.52537 (max 14.95), (true 698, predicted [698])
attack: step 3/10, xent loss = 1.48994, l2 loss = 6.81773 (max 14.95), (true 698, predicted [668])
attack: step 4/10, xent loss = 1.12257, l2 loss = 7.30121 (max 14.95), (true 698, predicted [698])
attack: step 5/10, xent loss = 1.67285, l2 loss = 7.79171 (max 14.95), (true 698, predicted [698])
attack: step 6/10, xent loss = 1.16371, l2 loss = 8.93591 (max 14.95), (true 698, predicted [698])
attack: step 7/10, xent loss = 1.11741, l2 loss = 9.40207 (max 14.95), (true 698, predicted [698])
attack: step 8/10, xent loss = 1.78396, l2 loss = 10.0422 (max 14.95), (true 698, predicted [668])
attack: step 9/10, xent loss = 2.97329, l2 loss = 10.6676 (max 14.95), (true 698, predicted [663])
attack: step 10/10, xent loss = 1.88847, l2 loss = 11.5735 (max 14.95), (true 698, predicted [668])
true = 698, adv = 668
evaluating 929 of [920, 930)
attack: step 1/10, xent loss = 24.7709, l2 loss = 29.3057 (max 14.95), (true 667, predicted [728])
attack: step 2/10, xent loss = 25.3292, l2 loss = 30.5933 (max 14.95), (true 667, predicted [728])
attack: step 3/10, xent loss = 27.5907, l2 loss = 31.9522 (max 14.95), (true 667, predicted [728])
attack: step 4/10, xent loss = 30.5045, l2 loss = 33.1054 (max 14.95), (true 667, predicted [728])
attack: step 5/10, xent loss = 29.7346, l2 loss = 34.3239 (max 14.95), (true 667, predicted [728])
attack: step 6/10, xent loss = 29.8475, l2 loss = 35.2792 (max 14.95), (true 667, predicted [728])
attack: step 7/10, xent loss = 32.0773, l2 loss = 36.2488 (max 14.95), (true 667, predicted [728])
attack: step 8/10, xent loss = 30.3789, l2 loss = 37.286 (max 14.95), (true 667, predicted [728])
attack: step 9/10, xent loss = 34.7171, l2 loss = 38.4651 (max 14.95), (true 667, predicted [728])
attack: step 10/10, xent loss = 30.7129, l2 loss = 39.7563 (max 14.95), (true 667, predicted [728])
check failed
true = 667, adv = 728
