2019-11-04 05:45:45.404867: I tensorflow/core/platform/cpu_feature_guard.cc:141] Your CPU supports instructions that this TensorFlow binary was not compiled to use: SSE4.1 SSE4.2 AVX AVX2 FMA
2019-11-04 05:45:45.413950: I tensorflow/core/platform/profile_utils/cpu_utils.cc:94] CPU Frequency: 2600075000 Hz
2019-11-04 05:45:45.414149: I tensorflow/compiler/xla/service/service.cc:150] XLA service 0x2aaae6e52120 executing computations on platform Host. Devices:
2019-11-04 05:45:45.414180: I tensorflow/compiler/xla/service/service.cc:158]   StreamExecutor device (0): <undefined>, <undefined>
2019-11-04 05:45:45.414522: I tensorflow/core/common_runtime/process_util.cc:71] Creating new thread pool with default inter op setting: 2. Tune using inter_op_parallelism_threads for best performance.
evaluating 690 of [690, 700)
attack: step 1/1, xent loss = 0.0405205, l2 loss = 22.3388 (max 14.95), (true 49, predicted [49])
check failed
true = 49, adv = 728
evaluating 691 of [690, 700)
attack: step 1/1, xent loss = 6.56367, l2 loss = 29.2034 (max 14.95), (true 799, predicted [794])
check failed
true = 799, adv = 728
evaluating 692 of [690, 700)
attack: step 1/1, xent loss = 0.127612, l2 loss = 25.5291 (max 14.95), (true 853, predicted [853])
check failed
true = 853, adv = 569
evaluating 693 of [690, 700)
attack: step 1/1, xent loss = 0.06236, l2 loss = 1.92922 (max 14.95), (true 17, predicted [17])
true = 17, adv = 17
evaluating 694 of [690, 700)
attack: step 1/1, xent loss = 0.0173483, l2 loss = 4.18504 (max 14.95), (true 800, predicted [800])
true = 800, adv = 800
evaluating 695 of [690, 700)
attack: step 1/1, xent loss = 0.36858, l2 loss = 30.8598 (max 14.95), (true 350, predicted [350])
check failed
true = 350, adv = 728
evaluating 696 of [690, 700)
attack: step 1/1, xent loss = 11.1024, l2 loss = 20.9033 (max 14.95), (true 889, predicted [643])
check failed
true = 889, adv = 643
evaluating 697 of [690, 700)
attack: step 1/1, xent loss = 0.00394946, l2 loss = 0.381153 (max 14.95), (true 951, predicted [951])
true = 951, adv = 951
evaluating 698 of [690, 700)
attack: step 1/1, xent loss = 2.38827, l2 loss = 13.8742 (max 14.95), (true 276, predicted [275])
true = 276, adv = 275
evaluating 699 of [690, 700)
attack: step 1/1, xent loss = 11.292, l2 loss = 34.0519 (max 14.95), (true 784, predicted [830])
check failed
true = 784, adv = 830
