2019-06-06 00:07:13.910099: I tensorflow/core/platform/cpu_feature_guard.cc:141] Your CPU supports instructions that this TensorFlow binary was not compiled to use: SSE4.1 SSE4.2 AVX AVX2 FMA
2019-06-06 00:07:14.453895: I tensorflow/core/platform/profile_utils/cpu_utils.cc:94] CPU Frequency: 2599960000 Hz
2019-06-06 00:07:14.470103: I tensorflow/compiler/xla/service/service.cc:150] XLA service 0x2aaae6abfda0 executing computations on platform Host. Devices:
2019-06-06 00:07:14.470147: I tensorflow/compiler/xla/service/service.cc:158]   StreamExecutor device (0): <undefined>, <undefined>
2019-06-06 00:07:14.470506: I tensorflow/core/common_runtime/process_util.cc:71] Creating new thread pool with default inter op setting: 2. Tune using inter_op_parallelism_threads for best performance.
evaluating 440 of [440, 450)
attack: step 1/10, xent loss = 8.57092, l2 loss = 0 (max 14.95), (true 209, predicted [879])
attack: step 2/10, xent loss = 8.87193, l2 loss = 4.64342 (max 14.95), (true 209, predicted [879])
attack: step 3/10, xent loss = 8.25298, l2 loss = 7.28695 (max 14.95), (true 209, predicted [879])
attack: step 4/10, xent loss = 8.46774, l2 loss = 8.12837 (max 14.95), (true 209, predicted [879])
attack: step 5/10, xent loss = 8.90668, l2 loss = 8.94654 (max 14.95), (true 209, predicted [607])
attack: step 6/10, xent loss = 8.5986, l2 loss = 9.56021 (max 14.95), (true 209, predicted [879])
attack: step 7/10, xent loss = 8.27801, l2 loss = 10.1344 (max 14.95), (true 209, predicted [417])
attack: step 8/10, xent loss = 9.25388, l2 loss = 10.7128 (max 14.95), (true 209, predicted [879])
attack: step 9/10, xent loss = 8.52517, l2 loss = 12.5553 (max 14.95), (true 209, predicted [518])
attack: step 10/10, xent loss = 9.54681, l2 loss = 13.3069 (max 14.95), (true 209, predicted [723])
true = 209, adv = 879
evaluating 441 of [440, 450)
attack: step 1/10, xent loss = 7.00325, l2 loss = 0 (max 14.95), (true 652, predicted [966])
attack: step 2/10, xent loss = 7.33007, l2 loss = 2.89077 (max 14.95), (true 652, predicted [437])
attack: step 3/10, xent loss = 8.11678, l2 loss = 3.66056 (max 14.95), (true 652, predicted [711])
attack: step 4/10, xent loss = 8.76071, l2 loss = 4.23635 (max 14.95), (true 652, predicted [607])
attack: step 5/10, xent loss = 8.09738, l2 loss = 4.99953 (max 14.95), (true 652, predicted [478])
attack: step 6/10, xent loss = 8.24973, l2 loss = 5.4111 (max 14.95), (true 652, predicted [478])
attack: step 7/10, xent loss = 7.57865, l2 loss = 6.04098 (max 14.95), (true 652, predicted [966])
attack: step 8/10, xent loss = 7.70776, l2 loss = 6.44293 (max 14.95), (true 652, predicted [711])
attack: step 9/10, xent loss = 8.02133, l2 loss = 6.81241 (max 14.95), (true 652, predicted [711])
attack: step 10/10, xent loss = 7.60788, l2 loss = 7.22112 (max 14.95), (true 652, predicted [711])
true = 652, adv = 632
evaluating 442 of [440, 450)
attack: step 1/10, xent loss = 5.90777, l2 loss = 0 (max 14.95), (true 681, predicted [672])
attack: step 2/10, xent loss = 5.44511, l2 loss = 2.20773 (max 14.95), (true 681, predicted [672])
attack: step 3/10, xent loss = 5.47504, l2 loss = 3.43573 (max 14.95), (true 681, predicted [672])
attack: step 4/10, xent loss = 6.61116, l2 loss = 3.94253 (max 14.95), (true 681, predicted [672])
attack: step 5/10, xent loss = 5.17594, l2 loss = 4.38841 (max 14.95), (true 681, predicted [672])
attack: step 6/10, xent loss = 5.76433, l2 loss = 5.08914 (max 14.95), (true 681, predicted [672])
attack: step 7/10, xent loss = 5.34888, l2 loss = 5.58424 (max 14.95), (true 681, predicted [672])
attack: step 8/10, xent loss = 5.73934, l2 loss = 6.08693 (max 14.95), (true 681, predicted [817])
attack: step 9/10, xent loss = 4.71367, l2 loss = 6.47757 (max 14.95), (true 681, predicted [478])
attack: step 10/10, xent loss = 5.65838, l2 loss = 6.93307 (max 14.95), (true 681, predicted [672])
true = 681, adv = 672
evaluating 443 of [440, 450)
attack: step 1/10, xent loss = 7.65804, l2 loss = 0 (max 14.95), (true 906, predicted [701])
attack: step 2/10, xent loss = 8.20526, l2 loss = 2.14999 (max 14.95), (true 906, predicted [692])
attack: step 3/10, xent loss = 7.8307, l2 loss = 2.68179 (max 14.95), (true 906, predicted [723])
attack: step 4/10, xent loss = 7.54751, l2 loss = 3.28677 (max 14.95), (true 906, predicted [879])
attack: step 5/10, xent loss = 7.2575, l2 loss = 3.72841 (max 14.95), (true 906, predicted [879])
attack: step 6/10, xent loss = 7.61482, l2 loss = 4.18044 (max 14.95), (true 906, predicted [879])
attack: step 7/10, xent loss = 7.442, l2 loss = 4.55827 (max 14.95), (true 906, predicted [701])
attack: step 8/10, xent loss = 7.33142, l2 loss = 5.10397 (max 14.95), (true 906, predicted [879])
attack: step 9/10, xent loss = 7.55465, l2 loss = 5.44435 (max 14.95), (true 906, predicted [701])
attack: step 10/10, xent loss = 8.09615, l2 loss = 6.04234 (max 14.95), (true 906, predicted [701])
true = 906, adv = 723
evaluating 444 of [440, 450)
attack: step 1/10, xent loss = 7.1576, l2 loss = 0 (max 14.95), (true 764, predicted [723])
attack: step 2/10, xent loss = 7.23769, l2 loss = 1.81455 (max 14.95), (true 764, predicted [879])
attack: step 3/10, xent loss = 7.72143, l2 loss = 2.34489 (max 14.95), (true 764, predicted [723])
attack: step 4/10, xent loss = 7.36613, l2 loss = 2.87303 (max 14.95), (true 764, predicted [723])
attack: step 5/10, xent loss = 7.41312, l2 loss = 3.30863 (max 14.95), (true 764, predicted [723])
attack: step 6/10, xent loss = 7.32244, l2 loss = 4.00417 (max 14.95), (true 764, predicted [723])
attack: step 7/10, xent loss = 7.34243, l2 loss = 4.46335 (max 14.95), (true 764, predicted [723])
attack: step 8/10, xent loss = 7.44697, l2 loss = 4.86059 (max 14.95), (true 764, predicted [723])
attack: step 9/10, xent loss = 8.28024, l2 loss = 5.08901 (max 14.95), (true 764, predicted [723])
attack: step 10/10, xent loss = 7.39802, l2 loss = 6.04307 (max 14.95), (true 764, predicted [723])
true = 764, adv = 723
evaluating 445 of [440, 450)
attack: step 1/10, xent loss = 5.79643, l2 loss = 0 (max 14.95), (true 549, predicted [816])
attack: step 2/10, xent loss = 7.31337, l2 loss = 5.69574 (max 14.95), (true 549, predicted [409])
attack: step 3/10, xent loss = 7.76755, l2 loss = 8.6866 (max 14.95), (true 549, predicted [409])
attack: step 4/10, xent loss = 4.68056, l2 loss = 11.0161 (max 14.95), (true 549, predicted [816])
attack: step 5/10, xent loss = 8.17117, l2 loss = 12.2531 (max 14.95), (true 549, predicted [409])
attack: step 6/10, xent loss = 6.06668, l2 loss = 13.3716 (max 14.95), (true 549, predicted [635])
attack: step 7/10, xent loss = 8.02934, l2 loss = 14.4988 (max 14.95), (true 549, predicted [816])
attack: step 8/10, xent loss = 7.64691, l2 loss = 15.7685 (max 14.95), (true 549, predicted [816])
attack: step 9/10, xent loss = 7.52121, l2 loss = 16.5886 (max 14.95), (true 549, predicted [816])
attack: step 10/10, xent loss = 7.10352, l2 loss = 17.0312 (max 14.95), (true 549, predicted [409])
check failed
true = 549, adv = 409
evaluating 446 of [440, 450)
attack: step 1/10, xent loss = 7.58035, l2 loss = 0 (max 14.95), (true 160, predicted [417])
attack: step 2/10, xent loss = 8.49011, l2 loss = 2.7667 (max 14.95), (true 160, predicted [478])
attack: step 3/10, xent loss = 8.98991, l2 loss = 4.74245 (max 14.95), (true 160, predicted [879])
attack: step 4/10, xent loss = 7.79929, l2 loss = 6.1272 (max 14.95), (true 160, predicted [879])
attack: step 5/10, xent loss = 7.8894, l2 loss = 6.82069 (max 14.95), (true 160, predicted [478])
attack: step 6/10, xent loss = 9.47377, l2 loss = 7.37647 (max 14.95), (true 160, predicted [879])
attack: step 7/10, xent loss = 8.67573, l2 loss = 8.7304 (max 14.95), (true 160, predicted [879])
attack: step 8/10, xent loss = 8.41838, l2 loss = 9.24948 (max 14.95), (true 160, predicted [879])
attack: step 9/10, xent loss = 8.33803, l2 loss = 9.88006 (max 14.95), (true 160, predicted [672])
attack: step 10/10, xent loss = 7.85006, l2 loss = 10.425 (max 14.95), (true 160, predicted [701])
true = 160, adv = 879
evaluating 447 of [440, 450)
attack: step 1/10, xent loss = 7.60032, l2 loss = 0 (max 14.95), (true 191, predicted [723])
attack: step 2/10, xent loss = 7.94561, l2 loss = 4.2223 (max 14.95), (true 191, predicted [879])
attack: step 3/10, xent loss = 6.74823, l2 loss = 6.26546 (max 14.95), (true 191, predicted [723])
attack: step 4/10, xent loss = 7.60064, l2 loss = 6.45757 (max 14.95), (true 191, predicted [723])
attack: step 5/10, xent loss = 7.80387, l2 loss = 6.70641 (max 14.95), (true 191, predicted [723])
attack: step 6/10, xent loss = 6.96829, l2 loss = 7.21162 (max 14.95), (true 191, predicted [723])
attack: step 7/10, xent loss = 7.15572, l2 loss = 7.38036 (max 14.95), (true 191, predicted [723])
attack: step 8/10, xent loss = 7.59171, l2 loss = 7.5878 (max 14.95), (true 191, predicted [723])
attack: step 9/10, xent loss = 7.55159, l2 loss = 7.78093 (max 14.95), (true 191, predicted [879])
attack: step 10/10, xent loss = 8.37595, l2 loss = 7.99417 (max 14.95), (true 191, predicted [723])
true = 191, adv = 879
evaluating 448 of [440, 450)
attack: step 1/10, xent loss = 7.89862, l2 loss = 0 (max 14.95), (true 378, predicted [723])
attack: step 2/10, xent loss = 7.23154, l2 loss = 2.51285 (max 14.95), (true 378, predicted [723])
attack: step 3/10, xent loss = 7.49871, l2 loss = 2.95633 (max 14.95), (true 378, predicted [723])
attack: step 4/10, xent loss = 7.39868, l2 loss = 3.48663 (max 14.95), (true 378, predicted [478])
attack: step 5/10, xent loss = 6.84943, l2 loss = 3.92771 (max 14.95), (true 378, predicted [711])
attack: step 6/10, xent loss = 7.74004, l2 loss = 4.39451 (max 14.95), (true 378, predicted [417])
attack: step 7/10, xent loss = 6.85753, l2 loss = 4.84558 (max 14.95), (true 378, predicted [417])
attack: step 8/10, xent loss = 7.1705, l2 loss = 5.08786 (max 14.95), (true 378, predicted [723])
attack: step 9/10, xent loss = 7.62799, l2 loss = 5.43805 (max 14.95), (true 378, predicted [417])
attack: step 10/10, xent loss = 6.71222, l2 loss = 5.92829 (max 14.95), (true 378, predicted [744])
true = 378, adv = 478
evaluating 449 of [440, 450)
attack: step 1/10, xent loss = 3.58843, l2 loss = 0 (max 14.95), (true 479, predicted [999])
attack: step 2/10, xent loss = 3.96156, l2 loss = 3.47241 (max 14.95), (true 479, predicted [999])
attack: step 3/10, xent loss = 4.57836, l2 loss = 4.55097 (max 14.95), (true 479, predicted [745])
attack: step 4/10, xent loss = 4.26206, l2 loss = 5.5235 (max 14.95), (true 479, predicted [506])
attack: step 5/10, xent loss = 3.63599, l2 loss = 6.19268 (max 14.95), (true 479, predicted [506])
attack: step 6/10, xent loss = 4.47611, l2 loss = 6.76935 (max 14.95), (true 479, predicted [506])
attack: step 7/10, xent loss = 3.6373, l2 loss = 7.41866 (max 14.95), (true 479, predicted [999])
attack: step 8/10, xent loss = 5.20206, l2 loss = 8.00509 (max 14.95), (true 479, predicted [506])
attack: step 9/10, xent loss = 4.18419, l2 loss = 8.43493 (max 14.95), (true 479, predicted [999])
attack: step 10/10, xent loss = 4.30926, l2 loss = 9.46899 (max 14.95), (true 479, predicted [506])
true = 479, adv = 506
