2019-05-25 20:26:44.313667: I tensorflow/core/platform/cpu_feature_guard.cc:141] Your CPU supports instructions that this TensorFlow binary was not compiled to use: SSE4.1 SSE4.2 AVX AVX2 FMA
2019-05-25 20:26:44.884587: I tensorflow/core/platform/profile_utils/cpu_utils.cc:94] CPU Frequency: 2600165000 Hz
2019-05-25 20:26:44.887087: I tensorflow/compiler/xla/service/service.cc:150] XLA service 0x2aaae70bd110 executing computations on platform Host. Devices:
2019-05-25 20:26:44.887126: I tensorflow/compiler/xla/service/service.cc:158]   StreamExecutor device (0): <undefined>, <undefined>
2019-05-25 20:26:44.888787: I tensorflow/core/common_runtime/process_util.cc:71] Creating new thread pool with default inter op setting: 2. Tune using inter_op_parallelism_threads for best performance.
evaluating 610 of [610, 620)
attack: step 1/10, xent loss = 4.83857, l2 loss = 0 (max 14.95), (true 977, predicted [978])
attack: step 2/10, xent loss = 5.21244, l2 loss = 3.29812 (max 14.95), (true 977, predicted [978])
attack: step 3/10, xent loss = 4.28174, l2 loss = 5.0367 (max 14.95), (true 977, predicted [978])
attack: step 4/10, xent loss = 5.60708, l2 loss = 6.09179 (max 14.95), (true 977, predicted [970])
attack: step 5/10, xent loss = 6.21393, l2 loss = 7.39205 (max 14.95), (true 977, predicted [970])
attack: step 6/10, xent loss = 5.75425, l2 loss = 8.33843 (max 14.95), (true 977, predicted [970])
attack: step 7/10, xent loss = 7.55432, l2 loss = 9.49384 (max 14.95), (true 977, predicted [970])
attack: step 8/10, xent loss = 7.60574, l2 loss = 10.9301 (max 14.95), (true 977, predicted [728])
attack: step 9/10, xent loss = 10.0722, l2 loss = 12.162 (max 14.95), (true 977, predicted [970])
attack: step 10/10, xent loss = 9.18354, l2 loss = 13.1778 (max 14.95), (true 977, predicted [970])
true = 977, adv = 970
evaluating 611 of [610, 620)
attack: step 1/10, xent loss = 6.83338, l2 loss = 0 (max 14.95), (true 707, predicted [728])
attack: step 2/10, xent loss = 8.78731, l2 loss = 6.14218 (max 14.95), (true 707, predicted [728])
attack: step 3/10, xent loss = 9.40777, l2 loss = 7.71009 (max 14.95), (true 707, predicted [728])
attack: step 4/10, xent loss = 9.06832, l2 loss = 8.83648 (max 14.95), (true 707, predicted [728])
attack: step 5/10, xent loss = 9.34193, l2 loss = 9.57967 (max 14.95), (true 707, predicted [728])
attack: step 6/10, xent loss = 8.94496, l2 loss = 11.2721 (max 14.95), (true 707, predicted [728])
attack: step 7/10, xent loss = 11.1251, l2 loss = 11.7754 (max 14.95), (true 707, predicted [728])
attack: step 8/10, xent loss = 10.899, l2 loss = 13.1856 (max 14.95), (true 707, predicted [728])
attack: step 9/10, xent loss = 12.11, l2 loss = 14.0314 (max 14.95), (true 707, predicted [728])
attack: step 10/10, xent loss = 11.778, l2 loss = 15.1061 (max 14.95), (true 707, predicted [728])
check failed
true = 707, adv = 728
evaluating 612 of [610, 620)
attack: step 1/10, xent loss = 3.60316, l2 loss = 0 (max 14.95), (true 213, predicted [207])
attack: step 2/10, xent loss = 2.5208, l2 loss = 3.26547 (max 14.95), (true 213, predicted [211])
attack: step 3/10, xent loss = 6.24855, l2 loss = 4.53931 (max 14.95), (true 213, predicted [208])
attack: step 4/10, xent loss = 6.62026, l2 loss = 6.15736 (max 14.95), (true 213, predicted [208])
attack: step 5/10, xent loss = 7.38585, l2 loss = 7.30494 (max 14.95), (true 213, predicted [208])
attack: step 6/10, xent loss = 5.87607, l2 loss = 8.32019 (max 14.95), (true 213, predicted [163])
attack: step 7/10, xent loss = 9.01885, l2 loss = 9.16605 (max 14.95), (true 213, predicted [208])
attack: step 8/10, xent loss = 7.84761, l2 loss = 9.79722 (max 14.95), (true 213, predicted [163])
attack: step 9/10, xent loss = 8.94138, l2 loss = 10.1594 (max 14.95), (true 213, predicted [208])
attack: step 10/10, xent loss = 9.8754, l2 loss = 10.6279 (max 14.95), (true 213, predicted [208])
true = 213, adv = 215
evaluating 613 of [610, 620)
attack: step 1/10, xent loss = 0.993383, l2 loss = 0 (max 14.95), (true 801, predicted [801])
attack: step 2/10, xent loss = 3.92628, l2 loss = 4.9029 (max 14.95), (true 801, predicted [148])
attack: step 3/10, xent loss = 6.14545, l2 loss = 7.5409 (max 14.95), (true 801, predicted [148])
attack: step 4/10, xent loss = 7.29737, l2 loss = 9.63145 (max 14.95), (true 801, predicted [6])
attack: step 5/10, xent loss = 7.01156, l2 loss = 11.9754 (max 14.95), (true 801, predicted [3])
attack: step 6/10, xent loss = 9.61842, l2 loss = 13.0969 (max 14.95), (true 801, predicted [6])
attack: step 7/10, xent loss = 8.95921, l2 loss = 13.793 (max 14.95), (true 801, predicted [6])
attack: step 8/10, xent loss = 10.4329, l2 loss = 14.9374 (max 14.95), (true 801, predicted [6])
attack: step 9/10, xent loss = 10.4081, l2 loss = 16.2252 (max 14.95), (true 801, predicted [6])
attack: step 10/10, xent loss = 10.7777, l2 loss = 17.1324 (max 14.95), (true 801, predicted [6])
check failed
true = 801, adv = 6
evaluating 614 of [610, 620)
attack: step 1/10, xent loss = 10.9019, l2 loss = 0 (max 14.95), (true 647, predicted [728])
attack: step 2/10, xent loss = 11.9618, l2 loss = 6.60739 (max 14.95), (true 647, predicted [728])
attack: step 3/10, xent loss = 14.9788, l2 loss = 10.1751 (max 14.95), (true 647, predicted [728])
attack: step 4/10, xent loss = 13.7689, l2 loss = 12.4997 (max 14.95), (true 647, predicted [728])
attack: step 5/10, xent loss = 14.2151, l2 loss = 14.5919 (max 14.95), (true 647, predicted [728])
attack: step 6/10, xent loss = 17.9188, l2 loss = 16.3068 (max 14.95), (true 647, predicted [728])
attack: step 7/10, xent loss = 17.3397, l2 loss = 18.0966 (max 14.95), (true 647, predicted [728])
attack: step 8/10, xent loss = 19.5158, l2 loss = 19.9618 (max 14.95), (true 647, predicted [728])
attack: step 9/10, xent loss = 19.3581, l2 loss = 21.4019 (max 14.95), (true 647, predicted [728])
attack: step 10/10, xent loss = 21.7843, l2 loss = 22.7031 (max 14.95), (true 647, predicted [728])
check failed
true = 647, adv = 728
evaluating 615 of [610, 620)
attack: step 1/10, xent loss = 9.10349, l2 loss = 0 (max 14.95), (true 138, predicted [793])
attack: step 2/10, xent loss = 8.56128, l2 loss = 4.4476 (max 14.95), (true 138, predicted [793])
attack: step 3/10, xent loss = 9.17104, l2 loss = 5.28685 (max 14.95), (true 138, predicted [793])
attack: step 4/10, xent loss = 10.0432, l2 loss = 6.45817 (max 14.95), (true 138, predicted [793])
attack: step 5/10, xent loss = 9.54706, l2 loss = 7.81508 (max 14.95), (true 138, predicted [793])
attack: step 6/10, xent loss = 10.9157, l2 loss = 8.93826 (max 14.95), (true 138, predicted [793])
attack: step 7/10, xent loss = 9.9476, l2 loss = 10.2619 (max 14.95), (true 138, predicted [788])
attack: step 8/10, xent loss = 10.3742, l2 loss = 10.9012 (max 14.95), (true 138, predicted [728])
attack: step 9/10, xent loss = 12.3965, l2 loss = 11.4182 (max 14.95), (true 138, predicted [793])
attack: step 10/10, xent loss = 9.8867, l2 loss = 12.785 (max 14.95), (true 138, predicted [793])
true = 138, adv = 788
evaluating 616 of [610, 620)
attack: step 1/10, xent loss = 5.19359, l2 loss = 0 (max 14.95), (true 727, predicted [743])
attack: step 2/10, xent loss = 4.38773, l2 loss = 7.12469 (max 14.95), (true 727, predicted [743])
attack: step 3/10, xent loss = 8.33614, l2 loss = 10.4182 (max 14.95), (true 727, predicted [412])
attack: step 4/10, xent loss = 8.14628, l2 loss = 12.0446 (max 14.95), (true 727, predicted [412])
attack: step 5/10, xent loss = 8.90349, l2 loss = 13.6051 (max 14.95), (true 727, predicted [412])
attack: step 6/10, xent loss = 13.5803, l2 loss = 14.4236 (max 14.95), (true 727, predicted [412])
attack: step 7/10, xent loss = 13.8795, l2 loss = 17.3414 (max 14.95), (true 727, predicted [412])
attack: step 8/10, xent loss = 14.4993, l2 loss = 19.524 (max 14.95), (true 727, predicted [412])
attack: step 9/10, xent loss = 13.4642, l2 loss = 21.3895 (max 14.95), (true 727, predicted [412])
attack: step 10/10, xent loss = 14.0722, l2 loss = 22.8124 (max 14.95), (true 727, predicted [412])
check failed
true = 727, adv = 412
evaluating 617 of [610, 620)
attack: step 1/10, xent loss = 0.713312, l2 loss = 0 (max 14.95), (true 296, predicted [296])
attack: step 2/10, xent loss = 4.16523, l2 loss = 3.58273 (max 14.95), (true 296, predicted [160])
attack: step 3/10, xent loss = 5.4015, l2 loss = 11.8764 (max 14.95), (true 296, predicted [160])
attack: step 4/10, xent loss = 5.6784, l2 loss = 12.5917 (max 14.95), (true 296, predicted [160])
attack: step 5/10, xent loss = 4.95831, l2 loss = 13.7153 (max 14.95), (true 296, predicted [160])
attack: step 6/10, xent loss = 7.68975, l2 loss = 16.0399 (max 14.95), (true 296, predicted [187])
attack: step 7/10, xent loss = 9.44884, l2 loss = 16.5494 (max 14.95), (true 296, predicted [160])
attack: step 8/10, xent loss = 9.37645, l2 loss = 16.7771 (max 14.95), (true 296, predicted [160])
attack: step 9/10, xent loss = 8.87041, l2 loss = 17.1547 (max 14.95), (true 296, predicted [187])
attack: step 10/10, xent loss = 9.28519, l2 loss = 17.7163 (max 14.95), (true 296, predicted [187])
check failed
true = 296, adv = 160
evaluating 618 of [610, 620)
attack: step 1/10, xent loss = 1.33988, l2 loss = 0 (max 14.95), (true 660, predicted [660])
attack: step 2/10, xent loss = 0.572975, l2 loss = 2.9479 (max 14.95), (true 660, predicted [660])
attack: step 3/10, xent loss = 0.707392, l2 loss = 3.39644 (max 14.95), (true 660, predicted [660])
attack: step 4/10, xent loss = 1.60265, l2 loss = 3.94399 (max 14.95), (true 660, predicted [705])
attack: step 5/10, xent loss = 0.678653, l2 loss = 6.15665 (max 14.95), (true 660, predicted [660])
attack: step 6/10, xent loss = 1.3619, l2 loss = 6.46877 (max 14.95), (true 660, predicted [705])
attack: step 7/10, xent loss = 3.23693, l2 loss = 7.86783 (max 14.95), (true 660, predicted [705])
attack: step 8/10, xent loss = 2.14914, l2 loss = 8.93364 (max 14.95), (true 660, predicted [705])
attack: step 9/10, xent loss = 2.43564, l2 loss = 10.3151 (max 14.95), (true 660, predicted [705])
attack: step 10/10, xent loss = 4.67111, l2 loss = 11.6183 (max 14.95), (true 660, predicted [705])
true = 660, adv = 705
evaluating 619 of [610, 620)
attack: step 1/10, xent loss = 2.54264, l2 loss = 0 (max 14.95), (true 235, predicted [552])
attack: step 2/10, xent loss = 9.19731, l2 loss = 5.00305 (max 14.95), (true 235, predicted [728])
attack: step 3/10, xent loss = 9.83151, l2 loss = 9.23898 (max 14.95), (true 235, predicted [552])
attack: step 4/10, xent loss = 11.2206, l2 loss = 11.7149 (max 14.95), (true 235, predicted [552])
attack: step 5/10, xent loss = 10.4038, l2 loss = 12.8673 (max 14.95), (true 235, predicted [552])
attack: step 6/10, xent loss = 13.5522, l2 loss = 13.852 (max 14.95), (true 235, predicted [552])
attack: step 7/10, xent loss = 11.4493, l2 loss = 14.9961 (max 14.95), (true 235, predicted [728])
attack: step 8/10, xent loss = 11.795, l2 loss = 16.1903 (max 14.95), (true 235, predicted [552])
attack: step 9/10, xent loss = 13.9158, l2 loss = 17.7916 (max 14.95), (true 235, predicted [552])
attack: step 10/10, xent loss = 15.7776, l2 loss = 18.5283 (max 14.95), (true 235, predicted [552])
check failed
true = 235, adv = 552
Warning: Permanently added 'node097,192.168.10.97' (RSA) to the list of known hosts.
