2019-10-25 12:27:03.925609: I tensorflow/core/platform/cpu_feature_guard.cc:141] Your CPU supports instructions that this TensorFlow binary was not compiled to use: SSE4.1 SSE4.2 AVX AVX2 FMA
2019-10-25 12:27:03.964642: I tensorflow/core/platform/profile_utils/cpu_utils.cc:94] CPU Frequency: 2600005000 Hz
2019-10-25 12:27:03.967426: I tensorflow/compiler/xla/service/service.cc:150] XLA service 0x2aaae6bc8140 executing computations on platform Host. Devices:
2019-10-25 12:27:03.967615: I tensorflow/compiler/xla/service/service.cc:158]   StreamExecutor device (0): <undefined>, <undefined>
2019-10-25 12:27:03.969725: I tensorflow/core/common_runtime/process_util.cc:71] Creating new thread pool with default inter op setting: 2. Tune using inter_op_parallelism_threads for best performance.
evaluating 490 of [490, 500)
attack: step 1/10, xent loss = 39.2945, l2 loss = 39.0567 (max 14.95), (true 953, predicted [728])
unbound attack returning early
check failed
true = 953, adv = 728
evaluating 491 of [490, 500)
attack: step 1/10, xent loss = 44.5196, l2 loss = 42.6564 (max 14.95), (true 376, predicted [728])
unbound attack returning early
check failed
true = 376, adv = 728
evaluating 492 of [490, 500)
attack: step 1/10, xent loss = 23.9879, l2 loss = 32.4975 (max 14.95), (true 526, predicted [467])
unbound attack returning early
check failed
true = 526, adv = 467
evaluating 493 of [490, 500)
attack: step 1/10, xent loss = 17.4295, l2 loss = 27.9167 (max 14.95), (true 657, predicted [29])
unbound attack returning early
check failed
true = 657, adv = 29
evaluating 494 of [490, 500)
attack: step 1/10, xent loss = 21.4507, l2 loss = 37.2383 (max 14.95), (true 381, predicted [88])
unbound attack returning early
check failed
true = 381, adv = 88
evaluating 495 of [490, 500)
attack: step 1/10, xent loss = 7.12777, l2 loss = 11.2937 (max 14.95), (true 701, predicted [744])
returning early
true = 701, adv = 744
evaluating 496 of [490, 500)
attack: step 1/10, xent loss = 36.751, l2 loss = 39.5214 (max 14.95), (true 182, predicted [552])
unbound attack returning early
check failed
true = 182, adv = 552
evaluating 497 of [490, 500)
attack: step 1/10, xent loss = 5.08007, l2 loss = 7.63718 (max 14.95), (true 601, predicted [775])
returning early
true = 601, adv = 578
evaluating 498 of [490, 500)
attack: step 1/10, xent loss = 38.9589, l2 loss = 40.6212 (max 14.95), (true 593, predicted [728])
unbound attack returning early
check failed
true = 593, adv = 728
evaluating 499 of [490, 500)
attack: step 1/10, xent loss = 16.9064, l2 loss = 16.4687 (max 14.95), (true 316, predicted [309])
unbound attack returning early
check failed
true = 316, adv = 309
