2019-11-04 04:13:27.276985: I tensorflow/core/platform/cpu_feature_guard.cc:141] Your CPU supports instructions that this TensorFlow binary was not compiled to use: SSE4.1 SSE4.2 AVX AVX2 FMA
2019-11-04 04:13:27.283103: I tensorflow/core/platform/profile_utils/cpu_utils.cc:94] CPU Frequency: 2600025000 Hz
2019-11-04 04:13:27.283236: I tensorflow/compiler/xla/service/service.cc:150] XLA service 0x2aaae6bc8660 executing computations on platform Host. Devices:
2019-11-04 04:13:27.283256: I tensorflow/compiler/xla/service/service.cc:158]   StreamExecutor device (0): <undefined>, <undefined>
2019-11-04 04:13:27.283425: I tensorflow/core/common_runtime/process_util.cc:71] Creating new thread pool with default inter op setting: 2. Tune using inter_op_parallelism_threads for best performance.
evaluating 300 of [300, 310)
attack: step 1/1, xent loss = 8.17135, l2 loss = 33.72 (max 14.95), (true 441, predicted [818])
check failed
true = 441, adv = 653
evaluating 301 of [300, 310)
attack: step 1/1, xent loss = 2.77939, l2 loss = 12.429 (max 14.95), (true 947, predicted [992])
true = 947, adv = 716
evaluating 302 of [300, 310)
attack: step 1/1, xent loss = 2.00712, l2 loss = 22.3167 (max 14.95), (true 221, predicted [267])
check failed
true = 221, adv = 215
evaluating 303 of [300, 310)
attack: step 1/1, xent loss = 3.88151, l2 loss = 33.3646 (max 14.95), (true 169, predicted [222])
check failed
true = 169, adv = 728
evaluating 304 of [300, 310)
attack: step 1/1, xent loss = 3.18736, l2 loss = 30.1691 (max 14.95), (true 160, predicted [212])
check failed
true = 160, adv = 728
evaluating 305 of [300, 310)
attack: step 1/1, xent loss = 4.82619, l2 loss = 19.7444 (max 14.95), (true 511, predicted [751])
check failed
true = 511, adv = 751
evaluating 306 of [300, 310)
attack: step 1/1, xent loss = 0.032239, l2 loss = 7.22961 (max 14.95), (true 971, predicted [971])
true = 971, adv = 971
evaluating 307 of [300, 310)
attack: step 1/1, xent loss = 5.68006, l2 loss = 16.186 (max 14.95), (true 932, predicted [694])
check failed
true = 932, adv = 694
evaluating 308 of [300, 310)
attack: step 1/1, xent loss = 1.00331, l2 loss = 30.1921 (max 14.95), (true 328, predicted [328])
check failed
true = 328, adv = 728
evaluating 309 of [300, 310)
attack: step 1/1, xent loss = 0.00545098, l2 loss = 13.4712 (max 14.95), (true 397, predicted [397])
true = 397, adv = 108
