2019-06-28 06:36:06.909776: I tensorflow/core/platform/cpu_feature_guard.cc:141] Your CPU supports instructions that this TensorFlow binary was not compiled to use: SSE4.1 SSE4.2 AVX AVX2 FMA
2019-06-28 06:36:06.919682: I tensorflow/core/platform/profile_utils/cpu_utils.cc:94] CPU Frequency: 2599770000 Hz
2019-06-28 06:36:06.919894: I tensorflow/compiler/xla/service/service.cc:150] XLA service 0x2aaae6d49b80 executing computations on platform Host. Devices:
2019-06-28 06:36:06.919928: I tensorflow/compiler/xla/service/service.cc:158]   StreamExecutor device (0): <undefined>, <undefined>
2019-06-28 06:36:06.920263: I tensorflow/core/common_runtime/process_util.cc:71] Creating new thread pool with default inter op setting: 2. Tune using inter_op_parallelism_threads for best performance.
evaluating 650 of [650, 660)
attack: step 1/10, xent loss = 0.0234431, l2 loss = 0.436637 (max 14.95), (true 927, predicted [927])
attack: step 2/10, xent loss = 0.0603301, l2 loss = 0.445015 (max 14.95), (true 927, predicted [927])
attack: step 3/10, xent loss = 0.0427488, l2 loss = 0.478091 (max 14.95), (true 927, predicted [927])
attack: step 4/10, xent loss = 0.0138305, l2 loss = 0.494529 (max 14.95), (true 927, predicted [927])
attack: step 5/10, xent loss = 0.0394625, l2 loss = 0.496975 (max 14.95), (true 927, predicted [927])
attack: step 6/10, xent loss = 0.0507866, l2 loss = 0.512016 (max 14.95), (true 927, predicted [927])
attack: step 7/10, xent loss = 0.0399193, l2 loss = 0.539818 (max 14.95), (true 927, predicted [927])
attack: step 8/10, xent loss = 0.0828143, l2 loss = 0.557916 (max 14.95), (true 927, predicted [927])
attack: step 9/10, xent loss = 0.0481652, l2 loss = 0.595973 (max 14.95), (true 927, predicted [927])
attack: step 10/10, xent loss = 0.0491679, l2 loss = 0.612197 (max 14.95), (true 927, predicted [927])
true = 927, adv = 927
evaluating 651 of [650, 660)
attack: step 1/10, xent loss = 28.7506, l2 loss = 26.4178 (max 14.95), (true 298, predicted [728])
attack: step 2/10, xent loss = 30.0075, l2 loss = 28.0055 (max 14.95), (true 298, predicted [728])
attack: step 3/10, xent loss = 34.5847, l2 loss = 29.1636 (max 14.95), (true 298, predicted [728])
attack: step 4/10, xent loss = 31.4466, l2 loss = 30.1587 (max 14.95), (true 298, predicted [728])
attack: step 5/10, xent loss = 29.7879, l2 loss = 31.3387 (max 14.95), (true 298, predicted [728])
attack: step 6/10, xent loss = 31.3215, l2 loss = 33.1842 (max 14.95), (true 298, predicted [728])
attack: step 7/10, xent loss = 30.2835, l2 loss = 34.4746 (max 14.95), (true 298, predicted [728])
attack: step 8/10, xent loss = 32.2586, l2 loss = 35.8727 (max 14.95), (true 298, predicted [728])
attack: step 9/10, xent loss = 32.4092, l2 loss = 36.8217 (max 14.95), (true 298, predicted [728])
attack: step 10/10, xent loss = 32.8721, l2 loss = 38.1529 (max 14.95), (true 298, predicted [728])
check failed
true = 298, adv = 728
evaluating 652 of [650, 660)
attack: step 1/10, xent loss = 6.78156, l2 loss = 6.62677 (max 14.95), (true 947, predicted [716])
attack: step 2/10, xent loss = 7.71628, l2 loss = 7.00789 (max 14.95), (true 947, predicted [716])
attack: step 3/10, xent loss = 8.3005, l2 loss = 7.25899 (max 14.95), (true 947, predicted [398])
attack: step 4/10, xent loss = 7.79079, l2 loss = 8.58962 (max 14.95), (true 947, predicted [398])
attack: step 5/10, xent loss = 7.43674, l2 loss = 9.10052 (max 14.95), (true 947, predicted [723])
attack: step 6/10, xent loss = 7.89369, l2 loss = 9.30465 (max 14.95), (true 947, predicted [398])
attack: step 7/10, xent loss = 7.6389, l2 loss = 9.54918 (max 14.95), (true 947, predicted [716])
attack: step 8/10, xent loss = 8.70514, l2 loss = 9.69603 (max 14.95), (true 947, predicted [398])
attack: step 9/10, xent loss = 8.12093, l2 loss = 9.84279 (max 14.95), (true 947, predicted [716])
attack: step 10/10, xent loss = 7.39076, l2 loss = 10.0512 (max 14.95), (true 947, predicted [716])
true = 947, adv = 716
evaluating 653 of [650, 660)
attack: step 1/10, xent loss = 0.181512, l2 loss = 1.64395 (max 14.95), (true 242, predicted [242])
attack: step 2/10, xent loss = 0.669234, l2 loss = 1.72331 (max 14.95), (true 242, predicted [242])
attack: step 3/10, xent loss = 0.187941, l2 loss = 2.26939 (max 14.95), (true 242, predicted [242])
attack: step 4/10, xent loss = 0.287788, l2 loss = 2.3711 (max 14.95), (true 242, predicted [242])
attack: step 5/10, xent loss = 0.316325, l2 loss = 2.54462 (max 14.95), (true 242, predicted [242])
attack: step 6/10, xent loss = 0.364082, l2 loss = 2.67503 (max 14.95), (true 242, predicted [242])
attack: step 7/10, xent loss = 0.335928, l2 loss = 2.8318 (max 14.95), (true 242, predicted [242])
attack: step 8/10, xent loss = 0.368943, l2 loss = 3.13033 (max 14.95), (true 242, predicted [242])
attack: step 9/10, xent loss = 0.773163, l2 loss = 3.31953 (max 14.95), (true 242, predicted [242])
attack: step 10/10, xent loss = 0.567059, l2 loss = 3.80739 (max 14.95), (true 242, predicted [242])
true = 242, adv = 242
evaluating 654 of [650, 660)
attack: step 1/10, xent loss = 27.6434, l2 loss = 25.1445 (max 14.95), (true 26, predicted [728])
attack: step 2/10, xent loss = 26.6592, l2 loss = 26.6903 (max 14.95), (true 26, predicted [728])
attack: step 3/10, xent loss = 26.6103, l2 loss = 28.1228 (max 14.95), (true 26, predicted [728])
attack: step 4/10, xent loss = 28.3656, l2 loss = 29.6579 (max 14.95), (true 26, predicted [728])
attack: step 5/10, xent loss = 31.4915, l2 loss = 30.749 (max 14.95), (true 26, predicted [728])
attack: step 6/10, xent loss = 29.9918, l2 loss = 31.7356 (max 14.95), (true 26, predicted [728])
attack: step 7/10, xent loss = 29.7913, l2 loss = 33.5507 (max 14.95), (true 26, predicted [728])
attack: step 8/10, xent loss = 28.7654, l2 loss = 34.8861 (max 14.95), (true 26, predicted [728])
attack: step 9/10, xent loss = 31.7983, l2 loss = 36.1383 (max 14.95), (true 26, predicted [728])
attack: step 10/10, xent loss = 30.3821, l2 loss = 37.1317 (max 14.95), (true 26, predicted [728])
check failed
true = 26, adv = 728
evaluating 655 of [650, 660)
attack: step 1/10, xent loss = 9.19797, l2 loss = 17.3548 (max 14.95), (true 933, predicted [728])
attack: step 2/10, xent loss = 8.61687, l2 loss = 18.2479 (max 14.95), (true 933, predicted [728])
attack: step 3/10, xent loss = 13.0586, l2 loss = 18.959 (max 14.95), (true 933, predicted [728])
attack: step 4/10, xent loss = 11.0683, l2 loss = 19.9445 (max 14.95), (true 933, predicted [728])
attack: step 5/10, xent loss = 13.5168, l2 loss = 20.8018 (max 14.95), (true 933, predicted [728])
attack: step 6/10, xent loss = 12.5343, l2 loss = 21.6893 (max 14.95), (true 933, predicted [728])
attack: step 7/10, xent loss = 14.5087, l2 loss = 22.6733 (max 14.95), (true 933, predicted [728])
attack: step 8/10, xent loss = 14.5126, l2 loss = 24.5857 (max 14.95), (true 933, predicted [728])
attack: step 9/10, xent loss = 18.2012, l2 loss = 25.5381 (max 14.95), (true 933, predicted [728])
attack: step 10/10, xent loss = 13.8801, l2 loss = 26.2995 (max 14.95), (true 933, predicted [728])
check failed
true = 933, adv = 728
evaluating 656 of [650, 660)
attack: step 1/10, xent loss = 16.815, l2 loss = 21.6122 (max 14.95), (true 8, predicted [728])
attack: step 2/10, xent loss = 17.4719, l2 loss = 22.4522 (max 14.95), (true 8, predicted [728])
attack: step 3/10, xent loss = 17.7176, l2 loss = 23.2762 (max 14.95), (true 8, predicted [728])
attack: step 4/10, xent loss = 19.8497, l2 loss = 24.3789 (max 14.95), (true 8, predicted [728])
attack: step 5/10, xent loss = 18.6678, l2 loss = 25.3068 (max 14.95), (true 8, predicted [728])
attack: step 6/10, xent loss = 19.8408, l2 loss = 25.8785 (max 14.95), (true 8, predicted [728])
attack: step 7/10, xent loss = 20.565, l2 loss = 26.8201 (max 14.95), (true 8, predicted [728])
attack: step 8/10, xent loss = 22.0904, l2 loss = 27.6091 (max 14.95), (true 8, predicted [728])
attack: step 9/10, xent loss = 19.0884, l2 loss = 28.3637 (max 14.95), (true 8, predicted [728])
attack: step 10/10, xent loss = 21.7186, l2 loss = 29.1007 (max 14.95), (true 8, predicted [728])
check failed
true = 8, adv = 728
evaluating 657 of [650, 660)
attack: step 1/10, xent loss = 0.0485307, l2 loss = 0.812147 (max 14.95), (true 64, predicted [64])
attack: step 2/10, xent loss = 0.0663501, l2 loss = 0.843106 (max 14.95), (true 64, predicted [64])
attack: step 3/10, xent loss = 0.0572719, l2 loss = 0.885421 (max 14.95), (true 64, predicted [64])
attack: step 4/10, xent loss = 0.102971, l2 loss = 0.914935 (max 14.95), (true 64, predicted [64])
attack: step 5/10, xent loss = 0.0886992, l2 loss = 0.992376 (max 14.95), (true 64, predicted [64])
attack: step 6/10, xent loss = 0.0906232, l2 loss = 1.06112 (max 14.95), (true 64, predicted [64])
attack: step 7/10, xent loss = 0.107526, l2 loss = 1.10991 (max 14.95), (true 64, predicted [64])
attack: step 8/10, xent loss = 0.0975692, l2 loss = 1.18064 (max 14.95), (true 64, predicted [64])
attack: step 9/10, xent loss = 0.123157, l2 loss = 1.2538 (max 14.95), (true 64, predicted [64])
attack: step 10/10, xent loss = 0.12339, l2 loss = 1.35138 (max 14.95), (true 64, predicted [64])
true = 64, adv = 64
evaluating 658 of [650, 660)
attack: step 1/10, xent loss = 7.34021, l2 loss = 9.30307 (max 14.95), (true 453, predicted [564])
attack: step 2/10, xent loss = 8.68114, l2 loss = 9.87589 (max 14.95), (true 453, predicted [564])
attack: step 3/10, xent loss = 8.82117, l2 loss = 10.4822 (max 14.95), (true 453, predicted [564])
attack: step 4/10, xent loss = 7.97169, l2 loss = 11.0612 (max 14.95), (true 453, predicted [564])
attack: step 5/10, xent loss = 7.68002, l2 loss = 11.6027 (max 14.95), (true 453, predicted [564])
attack: step 6/10, xent loss = 7.49028, l2 loss = 12.1323 (max 14.95), (true 453, predicted [564])
attack: step 7/10, xent loss = 8.70532, l2 loss = 12.6208 (max 14.95), (true 453, predicted [564])
attack: step 8/10, xent loss = 9.02584, l2 loss = 13.1804 (max 14.95), (true 453, predicted [564])
attack: step 9/10, xent loss = 9.47031, l2 loss = 13.6463 (max 14.95), (true 453, predicted [564])
attack: step 10/10, xent loss = 8.83705, l2 loss = 14.0652 (max 14.95), (true 453, predicted [564])
true = 453, adv = 564
evaluating 659 of [650, 660)
attack: step 1/10, xent loss = 0.0600549, l2 loss = 0.227638 (max 14.95), (true 548, predicted [548])
attack: step 2/10, xent loss = 0.0393827, l2 loss = 0.253353 (max 14.95), (true 548, predicted [548])
attack: step 3/10, xent loss = 0.0467014, l2 loss = 0.266263 (max 14.95), (true 548, predicted [548])
attack: step 4/10, xent loss = 0.0315938, l2 loss = 0.28533 (max 14.95), (true 548, predicted [548])
attack: step 5/10, xent loss = 0.0333596, l2 loss = 0.293226 (max 14.95), (true 548, predicted [548])
attack: step 6/10, xent loss = 0.0257118, l2 loss = 0.302682 (max 14.95), (true 548, predicted [548])
attack: step 7/10, xent loss = 0.0428999, l2 loss = 0.307091 (max 14.95), (true 548, predicted [548])
attack: step 8/10, xent loss = 0.0316407, l2 loss = 0.31748 (max 14.95), (true 548, predicted [548])
attack: step 9/10, xent loss = 0.0389111, l2 loss = 0.324963 (max 14.95), (true 548, predicted [548])
attack: step 10/10, xent loss = 0.0477834, l2 loss = 0.334652 (max 14.95), (true 548, predicted [548])
true = 548, adv = 548
