2019-11-03 20:43:37.985778: I tensorflow/core/platform/cpu_feature_guard.cc:141] Your CPU supports instructions that this TensorFlow binary was not compiled to use: SSE4.1 SSE4.2 AVX AVX2 FMA
2019-11-03 20:43:38.475108: I tensorflow/core/platform/profile_utils/cpu_utils.cc:94] CPU Frequency: 2600235000 Hz
2019-11-03 20:43:38.475373: I tensorflow/compiler/xla/service/service.cc:150] XLA service 0x55555902eae0 executing computations on platform Host. Devices:
2019-11-03 20:43:38.475447: I tensorflow/compiler/xla/service/service.cc:158]   StreamExecutor device (0): <undefined>, <undefined>
2019-11-03 20:43:38.477908: I tensorflow/core/common_runtime/process_util.cc:71] Creating new thread pool with default inter op setting: 2. Tune using inter_op_parallelism_threads for best performance.
evaluating 60 of [60, 70)
attack: step 1/1, xent loss = 10.0588, l2 loss = 22.0738 (max 14.95), (true 856, predicted [730])
check failed
true = 856, adv = 730
evaluating 61 of [60, 70)
attack: step 1/1, xent loss = 6.57144, l2 loss = 40.8097 (max 14.95), (true 259, predicted [265])
check failed
true = 259, adv = 728
evaluating 62 of [60, 70)
attack: step 1/1, xent loss = 4.3533, l2 loss = 24.2545 (max 14.95), (true 3, predicted [2])
check failed
true = 3, adv = 2
evaluating 63 of [60, 70)
attack: step 1/1, xent loss = 2.45692, l2 loss = 41.3591 (max 14.95), (true 240, predicted [236])
check failed
true = 240, adv = 728
evaluating 64 of [60, 70)
attack: step 1/1, xent loss = 8.95349, l2 loss = 18.7037 (max 14.95), (true 454, predicted [788])
check failed
true = 454, adv = 788
evaluating 65 of [60, 70)
attack: step 1/1, xent loss = 0.362916, l2 loss = 36.5061 (max 14.95), (true 85, predicted [85])
check failed
true = 85, adv = 728
evaluating 66 of [60, 70)
attack: step 1/1, xent loss = 2.17741, l2 loss = 29.3936 (max 14.95), (true 492, predicted [606])
check failed
true = 492, adv = 606
evaluating 67 of [60, 70)
attack: step 1/1, xent loss = 0.20419, l2 loss = 7.04838 (max 14.95), (true 713, predicted [713])
true = 713, adv = 713
evaluating 68 of [60, 70)
attack: step 1/1, xent loss = 3.19879, l2 loss = 12.8965 (max 14.95), (true 834, predicted [652])
true = 834, adv = 652
evaluating 69 of [60, 70)
attack: step 1/1, xent loss = 10.262, l2 loss = 16.984 (max 14.95), (true 697, predicted [614])
check failed
true = 697, adv = 614
