2019-05-24 20:57:10.152065: I tensorflow/core/platform/cpu_feature_guard.cc:141] Your CPU supports instructions that this TensorFlow binary was not compiled to use: SSE4.1 SSE4.2 AVX AVX2 FMA
2019-05-24 20:57:11.613615: I tensorflow/core/platform/profile_utils/cpu_utils.cc:94] CPU Frequency: 2599905000 Hz
2019-05-24 20:57:11.681192: I tensorflow/compiler/xla/service/service.cc:150] XLA service 0x2aaae6fbd3a0 executing computations on platform Host. Devices:
2019-05-24 20:57:11.681239: I tensorflow/compiler/xla/service/service.cc:158]   StreamExecutor device (0): <undefined>, <undefined>
2019-05-24 20:57:11.681897: I tensorflow/core/common_runtime/process_util.cc:71] Creating new thread pool with default inter op setting: 2. Tune using inter_op_parallelism_threads for best performance.
evaluating 230 of [230, 240)
attack: step 1/10, xent loss = 3.21363, l2 loss = 0 (max 14.95), (true 131, predicted [728])
attack: step 2/10, xent loss = 7.42656, l2 loss = 7.5733 (max 14.95), (true 131, predicted [728])
attack: step 3/10, xent loss = 7.94756, l2 loss = 9.49739 (max 14.95), (true 131, predicted [728])
attack: step 4/10, xent loss = 7.51764, l2 loss = 15.2982 (max 14.95), (true 131, predicted [728])
attack: step 5/10, xent loss = 8.76611, l2 loss = 15.8782 (max 14.95), (true 131, predicted [728])
attack: step 6/10, xent loss = 9.9618, l2 loss = 16.895 (max 14.95), (true 131, predicted [728])
attack: step 7/10, xent loss = 8.53098, l2 loss = 17.8138 (max 14.95), (true 131, predicted [728])
attack: step 8/10, xent loss = 13.0978, l2 loss = 18.9095 (max 14.95), (true 131, predicted [728])
attack: step 9/10, xent loss = 12.1876, l2 loss = 20.3789 (max 14.95), (true 131, predicted [728])
attack: step 10/10, xent loss = 13.1029, l2 loss = 21.7136 (max 14.95), (true 131, predicted [728])
check failed
true = 131, adv = 728
evaluating 231 of [230, 240)
attack: step 1/10, xent loss = 11.3338, l2 loss = 0 (max 14.95), (true 487, predicted [830])
attack: step 2/10, xent loss = 10.2052, l2 loss = 9.2056 (max 14.95), (true 487, predicted [830])
attack: step 3/10, xent loss = 12.0261, l2 loss = 12.4793 (max 14.95), (true 487, predicted [830])
attack: step 4/10, xent loss = 9.63149, l2 loss = 14.9973 (max 14.95), (true 487, predicted [830])
attack: step 5/10, xent loss = 9.78748, l2 loss = 16.3636 (max 14.95), (true 487, predicted [830])
attack: step 6/10, xent loss = 11.9207, l2 loss = 17.8336 (max 14.95), (true 487, predicted [830])
attack: step 7/10, xent loss = 13.5576, l2 loss = 20.4115 (max 14.95), (true 487, predicted [830])
attack: step 8/10, xent loss = 13.272, l2 loss = 21.5815 (max 14.95), (true 487, predicted [830])
attack: step 9/10, xent loss = 14.4892, l2 loss = 23.8125 (max 14.95), (true 487, predicted [830])
attack: step 10/10, xent loss = 12.6144, l2 loss = 24.8798 (max 14.95), (true 487, predicted [830])
check failed
true = 487, adv = 830
evaluating 232 of [230, 240)
attack: step 1/10, xent loss = 0.153254, l2 loss = 0 (max 14.95), (true 296, predicted [296])
attack: step 2/10, xent loss = 1.31432, l2 loss = 0.528633 (max 14.95), (true 296, predicted [728])
attack: step 3/10, xent loss = 0.744508, l2 loss = 4.5716 (max 14.95), (true 296, predicted [296])
attack: step 4/10, xent loss = 3.47255, l2 loss = 5.537 (max 14.95), (true 296, predicted [728])
attack: step 5/10, xent loss = 12.7386, l2 loss = 12.8181 (max 14.95), (true 296, predicted [728])
attack: step 6/10, xent loss = 16.6133, l2 loss = 15.2995 (max 14.95), (true 296, predicted [728])
attack: step 7/10, xent loss = 17.887, l2 loss = 17.7356 (max 14.95), (true 296, predicted [728])
attack: step 8/10, xent loss = 13.6746, l2 loss = 20.0662 (max 14.95), (true 296, predicted [728])
attack: step 9/10, xent loss = 15.8274, l2 loss = 24.5672 (max 14.95), (true 296, predicted [728])
attack: step 10/10, xent loss = 18.8638, l2 loss = 26.0395 (max 14.95), (true 296, predicted [728])
check failed
true = 296, adv = 728
evaluating 233 of [230, 240)
attack: step 1/10, xent loss = 0.127615, l2 loss = 0 (max 14.95), (true 804, predicted [804])
attack: step 2/10, xent loss = 0.216857, l2 loss = 0.492137 (max 14.95), (true 804, predicted [804])
attack: step 3/10, xent loss = 0.0779673, l2 loss = 0.946001 (max 14.95), (true 804, predicted [804])
attack: step 4/10, xent loss = 0.621348, l2 loss = 0.998559 (max 14.95), (true 804, predicted [804])
attack: step 5/10, xent loss = 0.717233, l2 loss = 2.06439 (max 14.95), (true 804, predicted [804])
attack: step 6/10, xent loss = 0.679237, l2 loss = 2.92121 (max 14.95), (true 804, predicted [804])
attack: step 7/10, xent loss = 0.721316, l2 loss = 3.56917 (max 14.95), (true 804, predicted [804])
attack: step 8/10, xent loss = 0.982177, l2 loss = 4.2596 (max 14.95), (true 804, predicted [804])
attack: step 9/10, xent loss = 0.746781, l2 loss = 5.12565 (max 14.95), (true 804, predicted [804])
attack: step 10/10, xent loss = 2.70881, l2 loss = 5.58031 (max 14.95), (true 804, predicted [440])
true = 804, adv = 907
evaluating 234 of [230, 240)
attack: step 1/10, xent loss = 5.86783, l2 loss = 0 (max 14.95), (true 314, predicted [999])
attack: step 2/10, xent loss = 8.72381, l2 loss = 12.4673 (max 14.95), (true 314, predicted [700])
attack: step 3/10, xent loss = 10.7404, l2 loss = 16.93 (max 14.95), (true 314, predicted [700])
attack: step 4/10, xent loss = 16.0104, l2 loss = 19.2856 (max 14.95), (true 314, predicted [700])
attack: step 5/10, xent loss = 17.8579, l2 loss = 21.6613 (max 14.95), (true 314, predicted [700])
attack: step 6/10, xent loss = 19.476, l2 loss = 24.0962 (max 14.95), (true 314, predicted [700])
attack: step 7/10, xent loss = 18.8953, l2 loss = 25.9879 (max 14.95), (true 314, predicted [700])
attack: step 8/10, xent loss = 22.4043, l2 loss = 27.3662 (max 14.95), (true 314, predicted [700])
attack: step 9/10, xent loss = 22.5464, l2 loss = 28.8539 (max 14.95), (true 314, predicted [700])
attack: step 10/10, xent loss = 24.0566, l2 loss = 30.5125 (max 14.95), (true 314, predicted [700])
check failed
true = 314, adv = 700
evaluating 235 of [230, 240)
attack: step 1/10, xent loss = 6.94794, l2 loss = 0 (max 14.95), (true 906, predicted [770])
attack: step 2/10, xent loss = 7.67121, l2 loss = 2.2283 (max 14.95), (true 906, predicted [636])
attack: step 3/10, xent loss = 6.58206, l2 loss = 3.5615 (max 14.95), (true 906, predicted [770])
attack: step 4/10, xent loss = 6.63964, l2 loss = 4.00703 (max 14.95), (true 906, predicted [636])
attack: step 5/10, xent loss = 6.97707, l2 loss = 4.61945 (max 14.95), (true 906, predicted [770])
attack: step 6/10, xent loss = 7.4495, l2 loss = 5.04636 (max 14.95), (true 906, predicted [636])
attack: step 7/10, xent loss = 7.6541, l2 loss = 5.50346 (max 14.95), (true 906, predicted [636])
attack: step 8/10, xent loss = 7.49835, l2 loss = 5.96805 (max 14.95), (true 906, predicted [636])
attack: step 9/10, xent loss = 7.11492, l2 loss = 6.49705 (max 14.95), (true 906, predicted [770])
attack: step 10/10, xent loss = 7.53967, l2 loss = 6.97983 (max 14.95), (true 906, predicted [636])
true = 906, adv = 636
evaluating 236 of [230, 240)
attack: step 1/10, xent loss = 6.52112, l2 loss = 0 (max 14.95), (true 961, predicted [956])
attack: step 2/10, xent loss = 7.87816, l2 loss = 5.59966 (max 14.95), (true 961, predicted [953])
attack: step 3/10, xent loss = 9.13916, l2 loss = 7.47891 (max 14.95), (true 961, predicted [953])
attack: step 4/10, xent loss = 11.6769, l2 loss = 9.58854 (max 14.95), (true 961, predicted [953])
attack: step 5/10, xent loss = 12.147, l2 loss = 11.9741 (max 14.95), (true 961, predicted [953])
attack: step 6/10, xent loss = 12.9892, l2 loss = 14.2911 (max 14.95), (true 961, predicted [953])
attack: step 7/10, xent loss = 15.7955, l2 loss = 15.8414 (max 14.95), (true 961, predicted [953])
attack: step 8/10, xent loss = 15.9097, l2 loss = 17.3285 (max 14.95), (true 961, predicted [953])
attack: step 9/10, xent loss = 16.6059, l2 loss = 18.655 (max 14.95), (true 961, predicted [953])
attack: step 10/10, xent loss = 16.9644, l2 loss = 19.8128 (max 14.95), (true 961, predicted [953])
check failed
true = 961, adv = 953
evaluating 237 of [230, 240)
attack: step 1/10, xent loss = 2.34914, l2 loss = 0 (max 14.95), (true 355, predicted [728])
attack: step 2/10, xent loss = 16.1182, l2 loss = 11.892 (max 14.95), (true 355, predicted [728])
attack: step 3/10, xent loss = 16.2138, l2 loss = 14.474 (max 14.95), (true 355, predicted [728])
attack: step 4/10, xent loss = 18.5536, l2 loss = 19.2914 (max 14.95), (true 355, predicted [728])
attack: step 5/10, xent loss = 18.565, l2 loss = 20.5856 (max 14.95), (true 355, predicted [728])
attack: step 6/10, xent loss = 22.1414, l2 loss = 21.9735 (max 14.95), (true 355, predicted [728])
attack: step 7/10, xent loss = 20.4842, l2 loss = 24.053 (max 14.95), (true 355, predicted [728])
attack: step 8/10, xent loss = 23.2779, l2 loss = 25.1942 (max 14.95), (true 355, predicted [728])
attack: step 9/10, xent loss = 22.17, l2 loss = 26.3662 (max 14.95), (true 355, predicted [728])
attack: step 10/10, xent loss = 28.4058, l2 loss = 27.5361 (max 14.95), (true 355, predicted [728])
check failed
true = 355, adv = 728
evaluating 238 of [230, 240)
attack: step 1/10, xent loss = 3.52181, l2 loss = 0 (max 14.95), (true 923, predicted [927])
attack: step 2/10, xent loss = 4.11432, l2 loss = 4.0483 (max 14.95), (true 923, predicted [927])
attack: step 3/10, xent loss = 4.02372, l2 loss = 5.67011 (max 14.95), (true 923, predicted [927])
attack: step 4/10, xent loss = 3.84044, l2 loss = 7.37432 (max 14.95), (true 923, predicted [927])
attack: step 5/10, xent loss = 5.05511, l2 loss = 8.53214 (max 14.95), (true 923, predicted [927])
attack: step 6/10, xent loss = 7.35373, l2 loss = 9.76972 (max 14.95), (true 923, predicted [927])
attack: step 7/10, xent loss = 6.36363, l2 loss = 10.5963 (max 14.95), (true 923, predicted [927])
attack: step 8/10, xent loss = 7.19075, l2 loss = 11.7916 (max 14.95), (true 923, predicted [927])
attack: step 9/10, xent loss = 6.3334, l2 loss = 12.475 (max 14.95), (true 923, predicted [927])
attack: step 10/10, xent loss = 8.85695, l2 loss = 13.695 (max 14.95), (true 923, predicted [927])
true = 923, adv = 927
evaluating 239 of [230, 240)
attack: step 1/10, xent loss = 5.74183, l2 loss = 0 (max 14.95), (true 160, predicted [240])
attack: step 2/10, xent loss = 8.12611, l2 loss = 6.40256 (max 14.95), (true 160, predicted [728])
attack: step 3/10, xent loss = 4.4407, l2 loss = 7.47817 (max 14.95), (true 160, predicted [728])
attack: step 4/10, xent loss = 9.25987, l2 loss = 11.2503 (max 14.95), (true 160, predicted [195])
attack: step 5/10, xent loss = 9.56741, l2 loss = 11.6844 (max 14.95), (true 160, predicted [241])
attack: step 6/10, xent loss = 11.4807, l2 loss = 12.6125 (max 14.95), (true 160, predicted [241])
attack: step 7/10, xent loss = 10.2834, l2 loss = 13.3183 (max 14.95), (true 160, predicted [241])
attack: step 8/10, xent loss = 10.3706, l2 loss = 13.9776 (max 14.95), (true 160, predicted [238])
attack: step 9/10, xent loss = 9.72852, l2 loss = 14.3277 (max 14.95), (true 160, predicted [241])
attack: step 10/10, xent loss = 11.4458, l2 loss = 14.6893 (max 14.95), (true 160, predicted [238])
check failed
true = 160, adv = 238
