2019-06-06 00:07:13.919183: I tensorflow/core/platform/cpu_feature_guard.cc:141] Your CPU supports instructions that this TensorFlow binary was not compiled to use: SSE4.1 SSE4.2 AVX AVX2 FMA
2019-06-06 00:07:15.022864: I tensorflow/core/platform/profile_utils/cpu_utils.cc:94] CPU Frequency: 2600155000 Hz
2019-06-06 00:07:15.031736: I tensorflow/compiler/xla/service/service.cc:150] XLA service 0x2aaae6ac0fe0 executing computations on platform Host. Devices:
2019-06-06 00:07:15.032269: I tensorflow/compiler/xla/service/service.cc:158]   StreamExecutor device (0): <undefined>, <undefined>
2019-06-06 00:07:15.038850: I tensorflow/core/common_runtime/process_util.cc:71] Creating new thread pool with default inter op setting: 2. Tune using inter_op_parallelism_threads for best performance.
evaluating 780 of [780, 790)
attack: step 1/10, xent loss = 11.553, l2 loss = 0 (max 14.95), (true 259, predicted [728])
attack: step 2/10, xent loss = 10.0444, l2 loss = 6.9478 (max 14.95), (true 259, predicted [728])
attack: step 3/10, xent loss = 9.95684, l2 loss = 9.68232 (max 14.95), (true 259, predicted [728])
attack: step 4/10, xent loss = 10.3916, l2 loss = 11.6491 (max 14.95), (true 259, predicted [728])
attack: step 5/10, xent loss = 11.2488, l2 loss = 13.6996 (max 14.95), (true 259, predicted [728])
attack: step 6/10, xent loss = 13.7543, l2 loss = 15.652 (max 14.95), (true 259, predicted [728])
attack: step 7/10, xent loss = 10.8123, l2 loss = 17.3602 (max 14.95), (true 259, predicted [728])
attack: step 8/10, xent loss = 10.7212, l2 loss = 18.8156 (max 14.95), (true 259, predicted [728])
attack: step 9/10, xent loss = 11.364, l2 loss = 20.1867 (max 14.95), (true 259, predicted [728])
attack: step 10/10, xent loss = 15.8678, l2 loss = 21.5929 (max 14.95), (true 259, predicted [728])
check failed
true = 259, adv = 728
evaluating 781 of [780, 790)
attack: step 1/10, xent loss = 7.13323, l2 loss = 0 (max 14.95), (true 661, predicted [723])
attack: step 2/10, xent loss = 4.39477, l2 loss = 3.15933 (max 14.95), (true 661, predicted [575])
attack: step 3/10, xent loss = 3.84833, l2 loss = 5.4233 (max 14.95), (true 661, predicted [575])
attack: step 4/10, xent loss = 4.68441, l2 loss = 7.58897 (max 14.95), (true 661, predicted [575])
attack: step 5/10, xent loss = 5.97491, l2 loss = 9.27965 (max 14.95), (true 661, predicted [475])
attack: step 6/10, xent loss = 6.27075, l2 loss = 10.2637 (max 14.95), (true 661, predicted [723])
attack: step 7/10, xent loss = 6.68687, l2 loss = 10.9845 (max 14.95), (true 661, predicted [692])
attack: step 8/10, xent loss = 6.85968, l2 loss = 11.5178 (max 14.95), (true 661, predicted [723])
attack: step 9/10, xent loss = 7.2472, l2 loss = 11.8865 (max 14.95), (true 661, predicted [723])
attack: step 10/10, xent loss = 7.11494, l2 loss = 12.213 (max 14.95), (true 661, predicted [692])
true = 661, adv = 723
evaluating 782 of [780, 790)
attack: step 1/10, xent loss = 7.7781, l2 loss = 0 (max 14.95), (true 633, predicted [728])
attack: step 2/10, xent loss = 8.02417, l2 loss = 2.96542 (max 14.95), (true 633, predicted [879])
attack: step 3/10, xent loss = 7.74493, l2 loss = 4.5889 (max 14.95), (true 633, predicted [728])
attack: step 4/10, xent loss = 9.29032, l2 loss = 6.03826 (max 14.95), (true 633, predicted [728])
attack: step 5/10, xent loss = 10.08, l2 loss = 7.03269 (max 14.95), (true 633, predicted [728])
attack: step 6/10, xent loss = 10.0048, l2 loss = 9.53123 (max 14.95), (true 633, predicted [728])
attack: step 7/10, xent loss = 8.51461, l2 loss = 10.3476 (max 14.95), (true 633, predicted [728])
attack: step 8/10, xent loss = 8.11533, l2 loss = 11.2826 (max 14.95), (true 633, predicted [728])
attack: step 9/10, xent loss = 8.01594, l2 loss = 12.0196 (max 14.95), (true 633, predicted [728])
attack: step 10/10, xent loss = 9.71561, l2 loss = 12.5078 (max 14.95), (true 633, predicted [728])
true = 633, adv = 728
evaluating 783 of [780, 790)
attack: step 1/10, xent loss = 6.66173, l2 loss = 0 (max 14.95), (true 520, predicted [478])
attack: step 2/10, xent loss = 6.8189, l2 loss = 4.11862 (max 14.95), (true 520, predicted [478])
attack: step 3/10, xent loss = 5.80838, l2 loss = 5.97271 (max 14.95), (true 520, predicted [478])
attack: step 4/10, xent loss = 7.63065, l2 loss = 7.08793 (max 14.95), (true 520, predicted [478])
attack: step 5/10, xent loss = 6.53736, l2 loss = 8.67875 (max 14.95), (true 520, predicted [478])
attack: step 6/10, xent loss = 6.56399, l2 loss = 9.5778 (max 14.95), (true 520, predicted [478])
attack: step 7/10, xent loss = 7.50282, l2 loss = 10.0577 (max 14.95), (true 520, predicted [478])
attack: step 8/10, xent loss = 5.62329, l2 loss = 10.9817 (max 14.95), (true 520, predicted [478])
attack: step 9/10, xent loss = 7.07058, l2 loss = 11.7905 (max 14.95), (true 520, predicted [830])
attack: step 10/10, xent loss = 7.16827, l2 loss = 11.9772 (max 14.95), (true 520, predicted [692])
true = 520, adv = 478
evaluating 784 of [780, 790)
attack: step 1/10, xent loss = 0.884575, l2 loss = 0 (max 14.95), (true 412, predicted [412])
attack: step 2/10, xent loss = 1.28292, l2 loss = 2.44832 (max 14.95), (true 412, predicted [692])
attack: step 3/10, xent loss = 1.97786, l2 loss = 4.47248 (max 14.95), (true 412, predicted [478])
attack: step 4/10, xent loss = 2.51237, l2 loss = 5.7271 (max 14.95), (true 412, predicted [478])
attack: step 5/10, xent loss = 2.61173, l2 loss = 7.21937 (max 14.95), (true 412, predicted [478])
attack: step 6/10, xent loss = 3.33727, l2 loss = 8.17035 (max 14.95), (true 412, predicted [692])
attack: step 7/10, xent loss = 3.37316, l2 loss = 9.25787 (max 14.95), (true 412, predicted [692])
attack: step 8/10, xent loss = 3.31406, l2 loss = 10.2421 (max 14.95), (true 412, predicted [692])
attack: step 9/10, xent loss = 2.06805, l2 loss = 10.798 (max 14.95), (true 412, predicted [692])
attack: step 10/10, xent loss = 1.91727, l2 loss = 11.686 (max 14.95), (true 412, predicted [478])
true = 412, adv = 692
evaluating 785 of [780, 790)
attack: step 1/10, xent loss = 9.14495, l2 loss = 0 (max 14.95), (true 209, predicted [478])
attack: step 2/10, xent loss = 9.62852, l2 loss = 2.77756 (max 14.95), (true 209, predicted [412])
attack: step 3/10, xent loss = 9.79146, l2 loss = 3.88874 (max 14.95), (true 209, predicted [412])
attack: step 4/10, xent loss = 9.55462, l2 loss = 4.8609 (max 14.95), (true 209, predicted [412])
attack: step 5/10, xent loss = 8.8687, l2 loss = 5.70597 (max 14.95), (true 209, predicted [478])
attack: step 6/10, xent loss = 8.70556, l2 loss = 6.40881 (max 14.95), (true 209, predicted [478])
attack: step 7/10, xent loss = 9.01585, l2 loss = 6.8962 (max 14.95), (true 209, predicted [728])
attack: step 8/10, xent loss = 9.52584, l2 loss = 7.35664 (max 14.95), (true 209, predicted [478])
attack: step 9/10, xent loss = 9.64137, l2 loss = 7.90286 (max 14.95), (true 209, predicted [728])
attack: step 10/10, xent loss = 9.20517, l2 loss = 8.86264 (max 14.95), (true 209, predicted [728])
true = 209, adv = 728
evaluating 786 of [780, 790)
attack: step 1/10, xent loss = 0.516512, l2 loss = 0 (max 14.95), (true 709, predicted [709])
attack: step 2/10, xent loss = 1.29832, l2 loss = 2.23946 (max 14.95), (true 709, predicted [709])
attack: step 3/10, xent loss = 2.29173, l2 loss = 5.20354 (max 14.95), (true 709, predicted [747])
attack: step 4/10, xent loss = 0.769718, l2 loss = 8.92011 (max 14.95), (true 709, predicted [709])
attack: step 5/10, xent loss = 1.45589, l2 loss = 9.64903 (max 14.95), (true 709, predicted [747])
attack: step 6/10, xent loss = 3.1055, l2 loss = 10.8204 (max 14.95), (true 709, predicted [747])
attack: step 7/10, xent loss = 1.94611, l2 loss = 12.8239 (max 14.95), (true 709, predicted [747])
attack: step 8/10, xent loss = 4.32889, l2 loss = 14.2713 (max 14.95), (true 709, predicted [747])
attack: step 9/10, xent loss = 4.86172, l2 loss = 15.8926 (max 14.95), (true 709, predicted [747])
attack: step 10/10, xent loss = 6.38221, l2 loss = 17.7628 (max 14.95), (true 709, predicted [747])
check failed
true = 709, adv = 747
evaluating 787 of [780, 790)
attack: step 1/10, xent loss = 6.90698, l2 loss = 0 (max 14.95), (true 995, predicted [728])
attack: step 2/10, xent loss = 7.19432, l2 loss = 2.40907 (max 14.95), (true 995, predicted [723])
attack: step 3/10, xent loss = 6.67476, l2 loss = 3.99226 (max 14.95), (true 995, predicted [723])
attack: step 4/10, xent loss = 5.99149, l2 loss = 4.4024 (max 14.95), (true 995, predicted [723])
attack: step 5/10, xent loss = 6.65834, l2 loss = 5.06049 (max 14.95), (true 995, predicted [723])
attack: step 6/10, xent loss = 6.578, l2 loss = 5.35286 (max 14.95), (true 995, predicted [723])
attack: step 7/10, xent loss = 7.01297, l2 loss = 6.03066 (max 14.95), (true 995, predicted [723])
attack: step 8/10, xent loss = 7.45871, l2 loss = 6.52887 (max 14.95), (true 995, predicted [723])
attack: step 9/10, xent loss = 7.73482, l2 loss = 6.93179 (max 14.95), (true 995, predicted [723])
attack: step 10/10, xent loss = 7.29254, l2 loss = 7.123 (max 14.95), (true 995, predicted [723])
true = 995, adv = 723
evaluating 788 of [780, 790)
attack: step 1/10, xent loss = 7.2686, l2 loss = 0 (max 14.95), (true 283, predicted [728])
attack: step 2/10, xent loss = 7.7627, l2 loss = 5.55942 (max 14.95), (true 283, predicted [728])
attack: step 3/10, xent loss = 9.33783, l2 loss = 9.32219 (max 14.95), (true 283, predicted [728])
attack: step 4/10, xent loss = 9.41843, l2 loss = 11.8861 (max 14.95), (true 283, predicted [728])
attack: step 5/10, xent loss = 11.5685, l2 loss = 15.1807 (max 14.95), (true 283, predicted [728])
attack: step 6/10, xent loss = 9.98974, l2 loss = 18.5189 (max 14.95), (true 283, predicted [728])
attack: step 7/10, xent loss = 11.9909, l2 loss = 20.0039 (max 14.95), (true 283, predicted [728])
attack: step 8/10, xent loss = 10.7039, l2 loss = 21.3593 (max 14.95), (true 283, predicted [728])
attack: step 9/10, xent loss = 11.0027, l2 loss = 22.7879 (max 14.95), (true 283, predicted [728])
attack: step 10/10, xent loss = 12.4841, l2 loss = 23.9473 (max 14.95), (true 283, predicted [728])
check failed
true = 283, adv = 728
evaluating 789 of [780, 790)
attack: step 1/10, xent loss = 2.99185, l2 loss = 0 (max 14.95), (true 804, predicted [896])
attack: step 2/10, xent loss = 4.01765, l2 loss = 6.63074 (max 14.95), (true 804, predicted [478])
attack: step 3/10, xent loss = 5.93654, l2 loss = 10.6139 (max 14.95), (true 804, predicted [794])
attack: step 4/10, xent loss = 6.28515, l2 loss = 11.8022 (max 14.95), (true 804, predicted [478])
attack: step 5/10, xent loss = 7.75412, l2 loss = 13.0693 (max 14.95), (true 804, predicted [728])
attack: step 6/10, xent loss = 7.16428, l2 loss = 14.3054 (max 14.95), (true 804, predicted [999])
attack: step 7/10, xent loss = 7.69876, l2 loss = 15.9902 (max 14.95), (true 804, predicted [999])
attack: step 8/10, xent loss = 8.27931, l2 loss = 16.9756 (max 14.95), (true 804, predicted [728])
attack: step 9/10, xent loss = 9.94128, l2 loss = 17.435 (max 14.95), (true 804, predicted [728])
attack: step 10/10, xent loss = 9.23675, l2 loss = 19.4848 (max 14.95), (true 804, predicted [478])
check failed
true = 804, adv = 478
