2019-10-25 12:27:53.132159: I tensorflow/core/platform/cpu_feature_guard.cc:141] Your CPU supports instructions that this TensorFlow binary was not compiled to use: SSE4.1 SSE4.2 AVX AVX2 FMA
2019-10-25 12:27:53.232753: I tensorflow/core/platform/profile_utils/cpu_utils.cc:94] CPU Frequency: 2600165000 Hz
2019-10-25 12:27:53.235918: I tensorflow/compiler/xla/service/service.cc:150] XLA service 0x55555902ea30 executing computations on platform Host. Devices:
2019-10-25 12:27:53.236047: I tensorflow/compiler/xla/service/service.cc:158]   StreamExecutor device (0): <undefined>, <undefined>
2019-10-25 12:27:53.237923: I tensorflow/core/common_runtime/process_util.cc:71] Creating new thread pool with default inter op setting: 2. Tune using inter_op_parallelism_threads for best performance.
evaluating 950 of [950, 960)
attack: step 1/10, xent loss = 39.4277, l2 loss = 40.078 (max 14.95), (true 876, predicted [728])
unbound attack returning early
check failed
true = 876, adv = 728
evaluating 951 of [950, 960)
attack: step 1/10, xent loss = 16.3303, l2 loss = 18.2266 (max 14.95), (true 477, predicted [732])
unbound attack returning early
check failed
true = 477, adv = 732
evaluating 952 of [950, 960)
attack: step 1/10, xent loss = 23.0897, l2 loss = 24.0011 (max 14.95), (true 446, predicted [551])
unbound attack returning early
check failed
true = 446, adv = 551
evaluating 953 of [950, 960)
attack: step 1/10, xent loss = 3.56785, l2 loss = 7.55779 (max 14.95), (true 1, predicted [29])
returning early
true = 1, adv = 29
evaluating 954 of [950, 960)
attack: step 1/10, xent loss = 23.2537, l2 loss = 24.0531 (max 14.95), (true 553, predicted [410])
unbound attack returning early
check failed
true = 553, adv = 410
evaluating 955 of [950, 960)
attack: step 1/10, xent loss = 26.6979, l2 loss = 32.0466 (max 14.95), (true 465, predicted [693])
unbound attack returning early
check failed
true = 465, adv = 693
evaluating 956 of [950, 960)
attack: step 1/10, xent loss = 19.9367, l2 loss = 24.8913 (max 14.95), (true 713, predicted [519])
unbound attack returning early
check failed
true = 713, adv = 519
evaluating 957 of [950, 960)
attack: step 1/10, xent loss = 0.0301093, l2 loss = 0.520692 (max 14.95), (true 697, predicted [697])
attack: step 2/10, xent loss = 0.0162092, l2 loss = 0.540913 (max 14.95), (true 697, predicted [697])
attack: step 3/10, xent loss = 0.0337089, l2 loss = 0.552312 (max 14.95), (true 697, predicted [697])
attack: step 4/10, xent loss = 0.0267055, l2 loss = 0.583667 (max 14.95), (true 697, predicted [697])
attack: step 5/10, xent loss = 0.0246598, l2 loss = 0.605874 (max 14.95), (true 697, predicted [697])
attack: step 6/10, xent loss = 0.044279, l2 loss = 0.626743 (max 14.95), (true 697, predicted [697])
attack: step 7/10, xent loss = 0.0386966, l2 loss = 0.660589 (max 14.95), (true 697, predicted [697])
attack: step 8/10, xent loss = 0.055206, l2 loss = 0.693159 (max 14.95), (true 697, predicted [697])
attack: step 9/10, xent loss = 0.0283335, l2 loss = 0.73668 (max 14.95), (true 697, predicted [697])
attack: step 10/10, xent loss = 0.0211679, l2 loss = 0.753568 (max 14.95), (true 697, predicted [697])
true = 697, adv = 697
evaluating 958 of [950, 960)
attack: step 1/10, xent loss = 23.7181, l2 loss = 23.3097 (max 14.95), (true 446, predicted [549])
unbound attack returning early
check failed
true = 446, adv = 549
evaluating 959 of [950, 960)
attack: step 1/10, xent loss = 9.63317, l2 loss = 8.5645 (max 14.95), (true 264, predicted [218])
returning early
true = 264, adv = 218
