2019-11-03 23:38:45.125401: I tensorflow/core/platform/cpu_feature_guard.cc:141] Your CPU supports instructions that this TensorFlow binary was not compiled to use: SSE4.1 SSE4.2 AVX AVX2 FMA
2019-11-03 23:38:47.156717: I tensorflow/core/platform/profile_utils/cpu_utils.cc:94] CPU Frequency: 2599995000 Hz
2019-11-03 23:38:47.213206: I tensorflow/compiler/xla/service/service.cc:150] XLA service 0x55555902f770 executing computations on platform Host. Devices:
2019-11-03 23:38:47.213663: I tensorflow/compiler/xla/service/service.cc:158]   StreamExecutor device (0): <undefined>, <undefined>
2019-11-03 23:38:47.216196: I tensorflow/core/common_runtime/process_util.cc:71] Creating new thread pool with default inter op setting: 2. Tune using inter_op_parallelism_threads for best performance.
evaluating 140 of [140, 150)
attack: step 1/1, xent loss = 0.0014533, l2 loss = 19.4416 (max 14.95), (true 994, predicted [994])
check failed
true = 994, adv = 645
evaluating 141 of [140, 150)
attack: step 1/1, xent loss = 0.0874455, l2 loss = 24.3272 (max 14.95), (true 622, predicted [622])
check failed
true = 622, adv = 518
evaluating 142 of [140, 150)
attack: step 1/1, xent loss = 6.0554, l2 loss = 31.1837 (max 14.95), (true 51, predicted [611])
check failed
true = 51, adv = 509
evaluating 143 of [140, 150)
attack: step 1/1, xent loss = 0.356894, l2 loss = 29.8426 (max 14.95), (true 699, predicted [699])
check failed
true = 699, adv = 728
evaluating 144 of [140, 150)
attack: step 1/1, xent loss = 3.51237, l2 loss = 29.2781 (max 14.95), (true 923, predicted [124])
check failed
true = 923, adv = 728
evaluating 145 of [140, 150)
attack: step 1/1, xent loss = 5.24807, l2 loss = 23.8105 (max 14.95), (true 308, predicted [303])
check failed
true = 308, adv = 309
evaluating 146 of [140, 150)
attack: step 1/1, xent loss = 8.33294, l2 loss = 26.4622 (max 14.95), (true 602, predicted [879])
check failed
true = 602, adv = 728
evaluating 147 of [140, 150)
attack: step 1/1, xent loss = 7.2065, l2 loss = 46.0185 (max 14.95), (true 112, predicted [611])
check failed
true = 112, adv = 728
evaluating 148 of [140, 150)
attack: step 1/1, xent loss = 0.00115149, l2 loss = 0.0156018 (max 14.95), (true 117, predicted [117])
true = 117, adv = 117
evaluating 149 of [140, 150)
attack: step 1/1, xent loss = 0.0863477, l2 loss = 10.6037 (max 14.95), (true 927, predicted [927])
true = 927, adv = 927
