2019-06-03 21:55:33.599228: I tensorflow/core/platform/cpu_feature_guard.cc:141] Your CPU supports instructions that this TensorFlow binary was not compiled to use: SSE4.1 SSE4.2 AVX AVX2 FMA
2019-06-03 21:55:34.017402: I tensorflow/core/platform/profile_utils/cpu_utils.cc:94] CPU Frequency: 2600050000 Hz
2019-06-03 21:55:34.092412: I tensorflow/compiler/xla/service/service.cc:150] XLA service 0x2aaae6ac0cc0 executing computations on platform Host. Devices:
2019-06-03 21:55:34.092739: I tensorflow/compiler/xla/service/service.cc:158]   StreamExecutor device (0): <undefined>, <undefined>
2019-06-03 21:55:34.094969: I tensorflow/core/common_runtime/process_util.cc:71] Creating new thread pool with default inter op setting: 2. Tune using inter_op_parallelism_threads for best performance.
evaluating 10 of [10, 20)
attack: step 1/10, xent loss = 0.100574, l2 loss = 0 (max 14.95), (true 834, predicted [834])
attack: step 2/10, xent loss = 0.16564, l2 loss = 0.236434 (max 14.95), (true 834, predicted [834])
attack: step 3/10, xent loss = 0.103549, l2 loss = 0.416462 (max 14.95), (true 834, predicted [834])
attack: step 4/10, xent loss = 0.11801, l2 loss = 0.486104 (max 14.95), (true 834, predicted [834])
attack: step 5/10, xent loss = 0.207105, l2 loss = 0.575319 (max 14.95), (true 834, predicted [834])
attack: step 6/10, xent loss = 0.196626, l2 loss = 0.709315 (max 14.95), (true 834, predicted [834])
attack: step 7/10, xent loss = 0.0655781, l2 loss = 0.879335 (max 14.95), (true 834, predicted [834])
attack: step 8/10, xent loss = 0.0811508, l2 loss = 0.897765 (max 14.95), (true 834, predicted [834])
attack: step 9/10, xent loss = 0.111935, l2 loss = 0.921907 (max 14.95), (true 834, predicted [834])
attack: step 10/10, xent loss = 0.143663, l2 loss = 0.96814 (max 14.95), (true 834, predicted [834])
true = 834, adv = 834
evaluating 11 of [10, 20)
attack: step 1/10, xent loss = 3.87148, l2 loss = 0 (max 14.95), (true 959, predicted [940])
attack: step 2/10, xent loss = 8.00357, l2 loss = 5.20297 (max 14.95), (true 959, predicted [940])
attack: step 3/10, xent loss = 8.86467, l2 loss = 6.34084 (max 14.95), (true 959, predicted [940])
attack: step 4/10, xent loss = 10.1485, l2 loss = 7.00981 (max 14.95), (true 959, predicted [940])
attack: step 5/10, xent loss = 10.2998, l2 loss = 7.71653 (max 14.95), (true 959, predicted [940])
attack: step 6/10, xent loss = 12.438, l2 loss = 8.6396 (max 14.95), (true 959, predicted [940])
attack: step 7/10, xent loss = 12.0802, l2 loss = 9.51172 (max 14.95), (true 959, predicted [940])
attack: step 8/10, xent loss = 13.6724, l2 loss = 10.2744 (max 14.95), (true 959, predicted [940])
attack: step 9/10, xent loss = 15.5907, l2 loss = 10.9818 (max 14.95), (true 959, predicted [940])
attack: step 10/10, xent loss = 15.1165, l2 loss = 11.8472 (max 14.95), (true 959, predicted [940])
true = 959, adv = 940
evaluating 12 of [10, 20)
attack: step 1/10, xent loss = 0.0414077, l2 loss = 0 (max 14.95), (true 654, predicted [654])
attack: step 2/10, xent loss = 0.0289227, l2 loss = 0.0609543 (max 14.95), (true 654, predicted [654])
attack: step 3/10, xent loss = 0.0453419, l2 loss = 0.0740825 (max 14.95), (true 654, predicted [654])
attack: step 4/10, xent loss = 0.0615616, l2 loss = 0.0985077 (max 14.95), (true 654, predicted [654])
attack: step 5/10, xent loss = 0.0456744, l2 loss = 0.132901 (max 14.95), (true 654, predicted [654])
attack: step 6/10, xent loss = 0.0651351, l2 loss = 0.149305 (max 14.95), (true 654, predicted [654])
attack: step 7/10, xent loss = 0.0532737, l2 loss = 0.176713 (max 14.95), (true 654, predicted [654])
attack: step 8/10, xent loss = 0.0322174, l2 loss = 0.195119 (max 14.95), (true 654, predicted [654])
attack: step 9/10, xent loss = 0.0527678, l2 loss = 0.203291 (max 14.95), (true 654, predicted [654])
attack: step 10/10, xent loss = 0.0478895, l2 loss = 0.222709 (max 14.95), (true 654, predicted [654])
true = 654, adv = 654
evaluating 13 of [10, 20)
attack: step 1/10, xent loss = 5.41659, l2 loss = 0 (max 14.95), (true 678, predicted [830])
attack: step 2/10, xent loss = 8.09714, l2 loss = 5.74435 (max 14.95), (true 678, predicted [830])
attack: step 3/10, xent loss = 9.28868, l2 loss = 8.38612 (max 14.95), (true 678, predicted [830])
attack: step 4/10, xent loss = 9.7997, l2 loss = 9.65186 (max 14.95), (true 678, predicted [830])
attack: step 5/10, xent loss = 12.3587, l2 loss = 11.5028 (max 14.95), (true 678, predicted [830])
attack: step 6/10, xent loss = 13.0527, l2 loss = 13.4275 (max 14.95), (true 678, predicted [830])
attack: step 7/10, xent loss = 15.1942, l2 loss = 14.744 (max 14.95), (true 678, predicted [830])
attack: step 8/10, xent loss = 14.9027, l2 loss = 15.4616 (max 14.95), (true 678, predicted [830])
attack: step 9/10, xent loss = 16.7695, l2 loss = 16.5697 (max 14.95), (true 678, predicted [830])
attack: step 10/10, xent loss = 17.7569, l2 loss = 17.5355 (max 14.95), (true 678, predicted [830])
check failed
true = 678, adv = 830
evaluating 14 of [10, 20)
attack: step 1/10, xent loss = 0.200761, l2 loss = 0 (max 14.95), (true 25, predicted [25])
attack: step 2/10, xent loss = 0.264014, l2 loss = 0.289866 (max 14.95), (true 25, predicted [25])
attack: step 3/10, xent loss = 0.217648, l2 loss = 0.479773 (max 14.95), (true 25, predicted [25])
attack: step 4/10, xent loss = 0.288533, l2 loss = 0.564678 (max 14.95), (true 25, predicted [25])
attack: step 5/10, xent loss = 0.235695, l2 loss = 0.712325 (max 14.95), (true 25, predicted [25])
attack: step 6/10, xent loss = 0.200014, l2 loss = 0.803147 (max 14.95), (true 25, predicted [25])
attack: step 7/10, xent loss = 0.223789, l2 loss = 0.866676 (max 14.95), (true 25, predicted [25])
attack: step 8/10, xent loss = 0.227621, l2 loss = 0.915925 (max 14.95), (true 25, predicted [25])
attack: step 9/10, xent loss = 0.293854, l2 loss = 0.973523 (max 14.95), (true 25, predicted [25])
attack: step 10/10, xent loss = 0.244203, l2 loss = 1.07297 (max 14.95), (true 25, predicted [25])
true = 25, adv = 25
evaluating 15 of [10, 20)
attack: step 1/10, xent loss = 0.144081, l2 loss = 0 (max 14.95), (true 927, predicted [927])
attack: step 2/10, xent loss = 0.146598, l2 loss = 0.231576 (max 14.95), (true 927, predicted [927])
attack: step 3/10, xent loss = 0.120401, l2 loss = 0.327127 (max 14.95), (true 927, predicted [927])
attack: step 4/10, xent loss = 0.0950203, l2 loss = 0.376176 (max 14.95), (true 927, predicted [927])
attack: step 5/10, xent loss = 0.143925, l2 loss = 0.411085 (max 14.95), (true 927, predicted [927])
attack: step 6/10, xent loss = 0.125874, l2 loss = 0.466506 (max 14.95), (true 927, predicted [927])
attack: step 7/10, xent loss = 0.180249, l2 loss = 0.504634 (max 14.95), (true 927, predicted [927])
attack: step 8/10, xent loss = 0.190518, l2 loss = 0.581788 (max 14.95), (true 927, predicted [927])
attack: step 9/10, xent loss = 0.151815, l2 loss = 0.661229 (max 14.95), (true 927, predicted [927])
attack: step 10/10, xent loss = 0.130168, l2 loss = 0.709623 (max 14.95), (true 927, predicted [927])
true = 927, adv = 927
evaluating 16 of [10, 20)
attack: step 1/10, xent loss = 7.46785, l2 loss = 0 (max 14.95), (true 545, predicted [518])
attack: step 2/10, xent loss = 8.43178, l2 loss = 4.34497 (max 14.95), (true 545, predicted [518])
attack: step 3/10, xent loss = 10.7661, l2 loss = 5.02293 (max 14.95), (true 545, predicted [518])
attack: step 4/10, xent loss = 10.8881, l2 loss = 7.80878 (max 14.95), (true 545, predicted [518])
attack: step 5/10, xent loss = 11.5792, l2 loss = 10.6642 (max 14.95), (true 545, predicted [518])
attack: step 6/10, xent loss = 13.3411, l2 loss = 13.2237 (max 14.95), (true 545, predicted [518])
attack: step 7/10, xent loss = 15.2098, l2 loss = 14.5894 (max 14.95), (true 545, predicted [518])
attack: step 8/10, xent loss = 16.652, l2 loss = 15.6443 (max 14.95), (true 545, predicted [518])
attack: step 9/10, xent loss = 19.2503, l2 loss = 17.2903 (max 14.95), (true 545, predicted [518])
attack: step 10/10, xent loss = 21.8439, l2 loss = 18.382 (max 14.95), (true 545, predicted [518])
check failed
true = 545, adv = 518
evaluating 17 of [10, 20)
attack: step 1/10, xent loss = 6.2081, l2 loss = 0 (max 14.95), (true 159, predicted [274])
attack: step 2/10, xent loss = 10.132, l2 loss = 5.91063 (max 14.95), (true 159, predicted [274])
attack: step 3/10, xent loss = 11.0358, l2 loss = 6.71572 (max 14.95), (true 159, predicted [273])
attack: step 4/10, xent loss = 13.5838, l2 loss = 9.00173 (max 14.95), (true 159, predicted [273])
attack: step 5/10, xent loss = 14.6702, l2 loss = 10.9391 (max 14.95), (true 159, predicted [273])
attack: step 6/10, xent loss = 16.1273, l2 loss = 13.1156 (max 14.95), (true 159, predicted [273])
attack: step 7/10, xent loss = 16.1513, l2 loss = 14.2361 (max 14.95), (true 159, predicted [273])
attack: step 8/10, xent loss = 17.3652, l2 loss = 15.1971 (max 14.95), (true 159, predicted [273])
attack: step 9/10, xent loss = 18.598, l2 loss = 15.7339 (max 14.95), (true 159, predicted [273])
attack: step 10/10, xent loss = 11.5412, l2 loss = 16.9049 (max 14.95), (true 159, predicted [273])
check failed
true = 159, adv = 273
evaluating 18 of [10, 20)
attack: step 1/10, xent loss = 0.0251044, l2 loss = 0 (max 14.95), (true 613, predicted [613])
attack: step 2/10, xent loss = 0.0708633, l2 loss = 0.128691 (max 14.95), (true 613, predicted [613])
attack: step 3/10, xent loss = 0.0267945, l2 loss = 0.33534 (max 14.95), (true 613, predicted [613])
attack: step 4/10, xent loss = 0.0135873, l2 loss = 0.371596 (max 14.95), (true 613, predicted [613])
attack: step 5/10, xent loss = 0.0104092, l2 loss = 0.378952 (max 14.95), (true 613, predicted [613])
attack: step 6/10, xent loss = 0.129448, l2 loss = 0.382762 (max 14.95), (true 613, predicted [613])
attack: step 7/10, xent loss = 0.0617539, l2 loss = 0.823735 (max 14.95), (true 613, predicted [613])
attack: step 8/10, xent loss = 0.220083, l2 loss = 0.878658 (max 14.95), (true 613, predicted [613])
attack: step 9/10, xent loss = 0.0739293, l2 loss = 1.28789 (max 14.95), (true 613, predicted [613])
attack: step 10/10, xent loss = 0.030128, l2 loss = 1.34526 (max 14.95), (true 613, predicted [613])
true = 613, adv = 613
evaluating 19 of [10, 20)
attack: step 1/10, xent loss = 0.043673, l2 loss = 0 (max 14.95), (true 392, predicted [392])
attack: step 2/10, xent loss = 0.0315617, l2 loss = 0.236181 (max 14.95), (true 392, predicted [392])
attack: step 3/10, xent loss = 0.124635, l2 loss = 0.272847 (max 14.95), (true 392, predicted [392])
attack: step 4/10, xent loss = 0.0429354, l2 loss = 0.909272 (max 14.95), (true 392, predicted [392])
attack: step 5/10, xent loss = 0.123754, l2 loss = 0.936854 (max 14.95), (true 392, predicted [392])
attack: step 6/10, xent loss = 0.117284, l2 loss = 1.19766 (max 14.95), (true 392, predicted [392])
attack: step 7/10, xent loss = 0.455803, l2 loss = 1.44937 (max 14.95), (true 392, predicted [392])
attack: step 8/10, xent loss = 2.8443, l2 loss = 3.1395 (max 14.95), (true 392, predicted [1])
attack: step 9/10, xent loss = 4.08794, l2 loss = 7.95055 (max 14.95), (true 392, predicted [1])
attack: step 10/10, xent loss = 6.39328, l2 loss = 9.26197 (max 14.95), (true 392, predicted [1])
true = 392, adv = 1
