2019-10-25 19:57:58.995863: I tensorflow/core/platform/cpu_feature_guard.cc:141] Your CPU supports instructions that this TensorFlow binary was not compiled to use: SSE4.1 SSE4.2 AVX AVX2 FMA
2019-10-25 19:57:59.223575: I tensorflow/core/platform/profile_utils/cpu_utils.cc:94] CPU Frequency: 2600075000 Hz
2019-10-25 19:57:59.224517: I tensorflow/compiler/xla/service/service.cc:150] XLA service 0x2aaae6bc7e60 executing computations on platform Host. Devices:
2019-10-25 19:57:59.224537: I tensorflow/compiler/xla/service/service.cc:158]   StreamExecutor device (0): <undefined>, <undefined>
2019-10-25 19:57:59.225853: I tensorflow/core/common_runtime/process_util.cc:71] Creating new thread pool with default inter op setting: 2. Tune using inter_op_parallelism_threads for best performance.
evaluating 220 of [220, 230)
attack: step 1/10, xent loss = 22.3488, l2 loss = 25.9399 (max 14.95), (true 828, predicted [837])
unbound attack returning early
check failed
true = 828, adv = 837
evaluating 221 of [220, 230)
attack: step 1/10, xent loss = 17.3528, l2 loss = 28.2636 (max 14.95), (true 10, predicted [374])
unbound attack returning early
check failed
true = 10, adv = 374
evaluating 222 of [220, 230)
attack: step 1/10, xent loss = 15.4972, l2 loss = 22.7212 (max 14.95), (true 83, predicted [7])
unbound attack returning early
check failed
true = 83, adv = 7
evaluating 223 of [220, 230)
attack: step 1/10, xent loss = 13.8875, l2 loss = 17.8454 (max 14.95), (true 189, predicted [191])
unbound attack returning early
check failed
true = 189, adv = 191
evaluating 224 of [220, 230)
attack: step 1/10, xent loss = 23.8478, l2 loss = 27.8486 (max 14.95), (true 758, predicted [795])
unbound attack returning early
check failed
true = 758, adv = 795
evaluating 225 of [220, 230)
attack: step 1/10, xent loss = 26.155, l2 loss = 28.9708 (max 14.95), (true 12, predicted [728])
unbound attack returning early
check failed
true = 12, adv = 728
evaluating 226 of [220, 230)
attack: step 1/10, xent loss = 25.5189, l2 loss = 24.6049 (max 14.95), (true 208, predicted [700])
unbound attack returning early
check failed
true = 208, adv = 700
evaluating 227 of [220, 230)
attack: step 1/10, xent loss = 28.9037, l2 loss = 34.8322 (max 14.95), (true 653, predicted [583])
unbound attack returning early
check failed
true = 653, adv = 583
evaluating 228 of [220, 230)
attack: step 1/10, xent loss = 19.2083, l2 loss = 21.7121 (max 14.95), (true 377, predicted [8])
unbound attack returning early
check failed
true = 377, adv = 8
evaluating 229 of [220, 230)
attack: step 1/10, xent loss = 11.758, l2 loss = 12.5859 (max 14.95), (true 938, predicted [965])
returning early
true = 938, adv = 965
