2019-06-28 06:36:07.517230: I tensorflow/core/platform/cpu_feature_guard.cc:141] Your CPU supports instructions that this TensorFlow binary was not compiled to use: SSE4.1 SSE4.2 AVX AVX2 FMA
2019-06-28 06:36:07.562425: I tensorflow/core/platform/profile_utils/cpu_utils.cc:94] CPU Frequency: 2599950000 Hz
2019-06-28 06:36:07.563403: I tensorflow/compiler/xla/service/service.cc:150] XLA service 0x2aaae6ac0220 executing computations on platform Host. Devices:
2019-06-28 06:36:07.565208: I tensorflow/compiler/xla/service/service.cc:158]   StreamExecutor device (0): <undefined>, <undefined>
2019-06-28 06:36:07.565644: I tensorflow/core/common_runtime/process_util.cc:71] Creating new thread pool with default inter op setting: 2. Tune using inter_op_parallelism_threads for best performance.
evaluating 500 of [500, 510)
attack: step 1/10, xent loss = 1.01998, l2 loss = 6.61915 (max 14.95), (true 453, predicted [553])
attack: step 2/10, xent loss = 1.50336, l2 loss = 6.93 (max 14.95), (true 453, predicted [553])
attack: step 3/10, xent loss = 2.82314, l2 loss = 7.59132 (max 14.95), (true 453, predicted [553])
attack: step 4/10, xent loss = 1.85148, l2 loss = 8.84787 (max 14.95), (true 453, predicted [553])
attack: step 5/10, xent loss = 3.4848, l2 loss = 9.61759 (max 14.95), (true 453, predicted [514])
attack: step 6/10, xent loss = 6.35816, l2 loss = 10.9002 (max 14.95), (true 453, predicted [514])
attack: step 7/10, xent loss = 4.07493, l2 loss = 13.3396 (max 14.95), (true 453, predicted [514])
attack: step 8/10, xent loss = 4.31713, l2 loss = 15.0269 (max 14.95), (true 453, predicted [514])
attack: step 9/10, xent loss = 4.84908, l2 loss = 16.0545 (max 14.95), (true 453, predicted [514])
attack: step 10/10, xent loss = 7.69435, l2 loss = 17.3362 (max 14.95), (true 453, predicted [514])
check failed
true = 453, adv = 514
evaluating 501 of [500, 510)
attack: step 1/10, xent loss = 25.8224, l2 loss = 25.1087 (max 14.95), (true 435, predicted [728])
attack: step 2/10, xent loss = 30.274, l2 loss = 26.7083 (max 14.95), (true 435, predicted [728])
attack: step 3/10, xent loss = 27.0454, l2 loss = 28.7913 (max 14.95), (true 435, predicted [728])
attack: step 4/10, xent loss = 30.6946, l2 loss = 30.3632 (max 14.95), (true 435, predicted [728])
attack: step 5/10, xent loss = 31.1829, l2 loss = 31.7239 (max 14.95), (true 435, predicted [728])
attack: step 6/10, xent loss = 35.2854, l2 loss = 33.1817 (max 14.95), (true 435, predicted [728])
attack: step 7/10, xent loss = 37.8811, l2 loss = 34.4056 (max 14.95), (true 435, predicted [728])
attack: step 8/10, xent loss = 36.1528, l2 loss = 35.6726 (max 14.95), (true 435, predicted [728])
attack: step 9/10, xent loss = 38.1984, l2 loss = 36.9498 (max 14.95), (true 435, predicted [728])
attack: step 10/10, xent loss = 35.8169, l2 loss = 37.8353 (max 14.95), (true 435, predicted [728])
check failed
true = 435, adv = 728
evaluating 502 of [500, 510)
attack: step 1/10, xent loss = 10.5554, l2 loss = 19.7235 (max 14.95), (true 184, predicted [676])
attack: step 2/10, xent loss = 11.6315, l2 loss = 20.5272 (max 14.95), (true 184, predicted [676])
attack: step 3/10, xent loss = 14.8722, l2 loss = 21.0148 (max 14.95), (true 184, predicted [676])
attack: step 4/10, xent loss = 10.7315, l2 loss = 21.9113 (max 14.95), (true 184, predicted [728])
attack: step 5/10, xent loss = 14.2948, l2 loss = 22.376 (max 14.95), (true 184, predicted [676])
attack: step 6/10, xent loss = 13.6954, l2 loss = 24.3538 (max 14.95), (true 184, predicted [676])
attack: step 7/10, xent loss = 14.4484, l2 loss = 26.8128 (max 14.95), (true 184, predicted [676])
attack: step 8/10, xent loss = 11.6997, l2 loss = 28.1283 (max 14.95), (true 184, predicted [728])
attack: step 9/10, xent loss = 13.3296, l2 loss = 29.5749 (max 14.95), (true 184, predicted [676])
attack: step 10/10, xent loss = 16.8484, l2 loss = 31.2634 (max 14.95), (true 184, predicted [676])
check failed
true = 184, adv = 676
evaluating 503 of [500, 510)
attack: step 1/10, xent loss = 17.7504, l2 loss = 19.0919 (max 14.95), (true 514, predicted [887])
attack: step 2/10, xent loss = 17.3516, l2 loss = 20.2696 (max 14.95), (true 514, predicted [887])
attack: step 3/10, xent loss = 19.4561, l2 loss = 21.0105 (max 14.95), (true 514, predicted [887])
attack: step 4/10, xent loss = 17.8601, l2 loss = 21.7861 (max 14.95), (true 514, predicted [887])
attack: step 5/10, xent loss = 20.0837, l2 loss = 22.4863 (max 14.95), (true 514, predicted [887])
attack: step 6/10, xent loss = 20.0681, l2 loss = 23.2879 (max 14.95), (true 514, predicted [887])
attack: step 7/10, xent loss = 20.5588, l2 loss = 24.0922 (max 14.95), (true 514, predicted [887])
attack: step 8/10, xent loss = 19.414, l2 loss = 25.4014 (max 14.95), (true 514, predicted [887])
attack: step 9/10, xent loss = 22.7475, l2 loss = 26.1635 (max 14.95), (true 514, predicted [887])
attack: step 10/10, xent loss = 21.8285, l2 loss = 26.8911 (max 14.95), (true 514, predicted [887])
check failed
true = 514, adv = 887
evaluating 504 of [500, 510)
attack: step 1/10, xent loss = 28.6524, l2 loss = 37.1354 (max 14.95), (true 355, predicted [728])
attack: step 2/10, xent loss = 25.6828, l2 loss = 38.1972 (max 14.95), (true 355, predicted [728])
attack: step 3/10, xent loss = 29.3206, l2 loss = 39.264 (max 14.95), (true 355, predicted [728])
attack: step 4/10, xent loss = 30.7814, l2 loss = 40.9474 (max 14.95), (true 355, predicted [728])
attack: step 5/10, xent loss = 30.6322, l2 loss = 42.1572 (max 14.95), (true 355, predicted [728])
attack: step 6/10, xent loss = 32.9066, l2 loss = 43.1936 (max 14.95), (true 355, predicted [728])
attack: step 7/10, xent loss = 34.5313, l2 loss = 44.193 (max 14.95), (true 355, predicted [728])
attack: step 8/10, xent loss = 38.3695, l2 loss = 45.4003 (max 14.95), (true 355, predicted [728])
attack: step 9/10, xent loss = 33.6048, l2 loss = 46.4745 (max 14.95), (true 355, predicted [728])
attack: step 10/10, xent loss = 36.4017, l2 loss = 48.1087 (max 14.95), (true 355, predicted [728])
check failed
true = 355, adv = 728
evaluating 505 of [500, 510)
attack: step 1/10, xent loss = 0.231947, l2 loss = 0.683885 (max 14.95), (true 227, predicted [227])
attack: step 2/10, xent loss = 0.0877606, l2 loss = 0.976267 (max 14.95), (true 227, predicted [227])
attack: step 3/10, xent loss = 0.139282, l2 loss = 1.01794 (max 14.95), (true 227, predicted [227])
attack: step 4/10, xent loss = 0.140004, l2 loss = 1.11787 (max 14.95), (true 227, predicted [227])
attack: step 5/10, xent loss = 0.11122, l2 loss = 1.21994 (max 14.95), (true 227, predicted [227])
attack: step 6/10, xent loss = 0.126763, l2 loss = 1.30007 (max 14.95), (true 227, predicted [227])
attack: step 7/10, xent loss = 0.263353, l2 loss = 1.37034 (max 14.95), (true 227, predicted [227])
attack: step 8/10, xent loss = 0.233967, l2 loss = 1.60558 (max 14.95), (true 227, predicted [227])
attack: step 9/10, xent loss = 0.283108, l2 loss = 1.78791 (max 14.95), (true 227, predicted [227])
attack: step 10/10, xent loss = 0.287019, l2 loss = 1.99028 (max 14.95), (true 227, predicted [227])
true = 227, adv = 227
evaluating 506 of [500, 510)
attack: step 1/10, xent loss = 7.29321, l2 loss = 14.9306 (max 14.95), (true 220, predicted [879])
attack: step 2/10, xent loss = 7.99341, l2 loss = 15.6643 (max 14.95), (true 220, predicted [601])
attack: step 3/10, xent loss = 8.02102, l2 loss = 15.9352 (max 14.95), (true 220, predicted [728])
attack: step 4/10, xent loss = 8.82545, l2 loss = 16.296 (max 14.95), (true 220, predicted [728])
attack: step 5/10, xent loss = 9.24618, l2 loss = 16.6751 (max 14.95), (true 220, predicted [601])
attack: step 6/10, xent loss = 8.96168, l2 loss = 16.9687 (max 14.95), (true 220, predicted [601])
attack: step 7/10, xent loss = 8.57501, l2 loss = 17.455 (max 14.95), (true 220, predicted [701])
attack: step 8/10, xent loss = 10.5442, l2 loss = 17.6787 (max 14.95), (true 220, predicted [417])
attack: step 9/10, xent loss = 9.94768, l2 loss = 17.9682 (max 14.95), (true 220, predicted [728])
attack: step 10/10, xent loss = 9.45893, l2 loss = 18.4195 (max 14.95), (true 220, predicted [601])
check failed
true = 220, adv = 601
evaluating 507 of [500, 510)
attack: step 1/10, xent loss = 6.93759, l2 loss = 13.4871 (max 14.95), (true 590, predicted [761])
attack: step 2/10, xent loss = 6.62976, l2 loss = 14.0546 (max 14.95), (true 590, predicted [761])
attack: step 3/10, xent loss = 6.4667, l2 loss = 14.6086 (max 14.95), (true 590, predicted [761])
attack: step 4/10, xent loss = 6.38113, l2 loss = 15.4607 (max 14.95), (true 590, predicted [761])
attack: step 5/10, xent loss = 7.69846, l2 loss = 15.9805 (max 14.95), (true 590, predicted [761])
attack: step 6/10, xent loss = 8.67651, l2 loss = 16.5114 (max 14.95), (true 590, predicted [761])
attack: step 7/10, xent loss = 9.72732, l2 loss = 17.3413 (max 14.95), (true 590, predicted [761])
attack: step 8/10, xent loss = 9.32567, l2 loss = 17.9455 (max 14.95), (true 590, predicted [761])
attack: step 9/10, xent loss = 9.64027, l2 loss = 18.7272 (max 14.95), (true 590, predicted [761])
attack: step 10/10, xent loss = 10.6364, l2 loss = 19.4516 (max 14.95), (true 590, predicted [761])
check failed
true = 590, adv = 761
evaluating 508 of [500, 510)
attack: step 1/10, xent loss = 11.723, l2 loss = 8.77682 (max 14.95), (true 754, predicted [751])
attack: step 2/10, xent loss = 11.3263, l2 loss = 9.49013 (max 14.95), (true 754, predicted [581])
attack: step 3/10, xent loss = 11.5181, l2 loss = 9.74623 (max 14.95), (true 754, predicted [581])
attack: step 4/10, xent loss = 10.3019, l2 loss = 10.1897 (max 14.95), (true 754, predicted [581])
attack: step 5/10, xent loss = 11.7644, l2 loss = 10.593 (max 14.95), (true 754, predicted [581])
attack: step 6/10, xent loss = 10.978, l2 loss = 10.9186 (max 14.95), (true 754, predicted [581])
attack: step 7/10, xent loss = 11.3554, l2 loss = 11.3337 (max 14.95), (true 754, predicted [581])
attack: step 8/10, xent loss = 11.9771, l2 loss = 11.7553 (max 14.95), (true 754, predicted [581])
attack: step 9/10, xent loss = 12.5091, l2 loss = 12.2414 (max 14.95), (true 754, predicted [581])
attack: step 10/10, xent loss = 12.6669, l2 loss = 12.7209 (max 14.95), (true 754, predicted [581])
true = 754, adv = 581
evaluating 509 of [500, 510)
attack: step 1/10, xent loss = 3.99902, l2 loss = 8.61624 (max 14.95), (true 635, predicted [417])
attack: step 2/10, xent loss = 5.08554, l2 loss = 9.60424 (max 14.95), (true 635, predicted [464])
attack: step 3/10, xent loss = 2.21797, l2 loss = 10.101 (max 14.95), (true 635, predicted [635])
attack: step 4/10, xent loss = 5.23062, l2 loss = 11.3797 (max 14.95), (true 635, predicted [464])
attack: step 5/10, xent loss = 4.2696, l2 loss = 11.6315 (max 14.95), (true 635, predicted [451])
attack: step 6/10, xent loss = 5.83889, l2 loss = 12.3905 (max 14.95), (true 635, predicted [470])
attack: step 7/10, xent loss = 4.55091, l2 loss = 12.8407 (max 14.95), (true 635, predicted [470])
attack: step 8/10, xent loss = 4.46569, l2 loss = 13.366 (max 14.95), (true 635, predicted [417])
attack: step 9/10, xent loss = 6.54788, l2 loss = 13.8834 (max 14.95), (true 635, predicted [417])
attack: step 10/10, xent loss = 5.958, l2 loss = 14.1077 (max 14.95), (true 635, predicted [464])
true = 635, adv = 971
