2019-11-03 20:43:37.987474: I tensorflow/core/platform/cpu_feature_guard.cc:141] Your CPU supports instructions that this TensorFlow binary was not compiled to use: SSE4.1 SSE4.2 AVX AVX2 FMA
2019-11-03 20:43:37.994883: I tensorflow/core/platform/profile_utils/cpu_utils.cc:94] CPU Frequency: 2600125000 Hz
2019-11-03 20:43:37.995107: I tensorflow/compiler/xla/service/service.cc:150] XLA service 0x555559030bf0 executing computations on platform Host. Devices:
2019-11-03 20:43:37.995135: I tensorflow/compiler/xla/service/service.cc:158]   StreamExecutor device (0): <undefined>, <undefined>
2019-11-03 20:43:37.995411: I tensorflow/core/common_runtime/process_util.cc:71] Creating new thread pool with default inter op setting: 2. Tune using inter_op_parallelism_threads for best performance.
evaluating 340 of [340, 350)
attack: step 1/1, xent loss = 2.6533, l2 loss = 12.1954 (max 14.95), (true 763, predicted [674])
true = 763, adv = 830
evaluating 341 of [340, 350)
attack: step 1/1, xent loss = 0.0596794, l2 loss = 0.610144 (max 14.95), (true 11, predicted [11])
true = 11, adv = 11
evaluating 342 of [340, 350)
attack: step 1/1, xent loss = 7.62415, l2 loss = 34.318 (max 14.95), (true 126, predicted [50])
check failed
true = 126, adv = 728
evaluating 343 of [340, 350)
attack: step 1/1, xent loss = 2.57625, l2 loss = 6.81726 (max 14.95), (true 453, predicted [519])
true = 453, adv = 453
evaluating 344 of [340, 350)
attack: step 1/1, xent loss = 0.0695884, l2 loss = 4.71909 (max 14.95), (true 100, predicted [100])
true = 100, adv = 100
evaluating 345 of [340, 350)
attack: step 1/1, xent loss = 7.96552, l2 loss = 36.8458 (max 14.95), (true 668, predicted [818])
check failed
true = 668, adv = 470
evaluating 346 of [340, 350)
attack: step 1/1, xent loss = 1.94987, l2 loss = 36.2801 (max 14.95), (true 11, predicted [11])
check failed
true = 11, adv = 728
evaluating 347 of [340, 350)
attack: step 1/1, xent loss = 0.886076, l2 loss = 35.7957 (max 14.95), (true 101, predicted [101])
check failed
true = 101, adv = 728
evaluating 348 of [340, 350)
attack: step 1/1, xent loss = 2.66212, l2 loss = 11.682 (max 14.95), (true 884, predicted [497])
true = 884, adv = 406
evaluating 349 of [340, 350)
attack: step 1/1, xent loss = 4.45267, l2 loss = 33.5593 (max 14.95), (true 750, predicted [281])
check failed
true = 750, adv = 728
