2019-10-26 17:06:30.120006: I tensorflow/core/platform/cpu_feature_guard.cc:141] Your CPU supports instructions that this TensorFlow binary was not compiled to use: SSE4.1 SSE4.2 AVX AVX2 FMA
2019-10-26 17:06:30.128189: I tensorflow/core/platform/profile_utils/cpu_utils.cc:94] CPU Frequency: 2600065000 Hz
2019-10-26 17:06:30.128346: I tensorflow/compiler/xla/service/service.cc:150] XLA service 0x555559030350 executing computations on platform Host. Devices:
2019-10-26 17:06:30.128368: I tensorflow/compiler/xla/service/service.cc:158]   StreamExecutor device (0): <undefined>, <undefined>
2019-10-26 17:06:30.128619: I tensorflow/core/common_runtime/process_util.cc:71] Creating new thread pool with default inter op setting: 2. Tune using inter_op_parallelism_threads for best performance.
evaluating 440 of [440, 450)
attack: step 1/10, xent loss = 31.6123, l2 loss = 42.9406 (max 14.95), (true 209, predicted [805])
unbound attack returning early
check failed
true = 209, adv = 805
evaluating 441 of [440, 450)
attack: step 1/10, xent loss = 15.2796, l2 loss = 24.924 (max 14.95), (true 652, predicted [735])
unbound attack returning early
check failed
true = 652, adv = 735
evaluating 442 of [440, 450)
attack: step 1/10, xent loss = 23.2705, l2 loss = 35.1592 (max 14.95), (true 681, predicted [830])
unbound attack returning early
check failed
true = 681, adv = 830
evaluating 443 of [440, 450)
attack: step 1/10, xent loss = 7.08146, l2 loss = 13.6005 (max 14.95), (true 906, predicted [982])
returning early
true = 906, adv = 982
evaluating 444 of [440, 450)
attack: step 1/10, xent loss = 28.7923, l2 loss = 36.5453 (max 14.95), (true 764, predicted [728])
unbound attack returning early
check failed
true = 764, adv = 728
evaluating 445 of [440, 450)
attack: step 1/10, xent loss = 23.3715, l2 loss = 32.739 (max 14.95), (true 549, predicted [816])
unbound attack returning early
check failed
true = 549, adv = 816
evaluating 446 of [440, 450)
attack: step 1/10, xent loss = 12.0391, l2 loss = 20.6292 (max 14.95), (true 160, predicted [570])
unbound attack returning early
check failed
true = 160, adv = 570
evaluating 447 of [440, 450)
attack: step 1/10, xent loss = 24.2174, l2 loss = 29.5012 (max 14.95), (true 191, predicted [728])
unbound attack returning early
check failed
true = 191, adv = 728
evaluating 448 of [440, 450)
attack: step 1/10, xent loss = 12.1065, l2 loss = 27.6396 (max 14.95), (true 378, predicted [91])
unbound attack returning early
check failed
true = 378, adv = 91
evaluating 449 of [440, 450)
attack: step 1/10, xent loss = 9.57939, l2 loss = 24.7629 (max 14.95), (true 479, predicted [999])
unbound attack returning early
check failed
true = 479, adv = 999
