2019-11-04 04:13:27.275259: I tensorflow/core/platform/cpu_feature_guard.cc:141] Your CPU supports instructions that this TensorFlow binary was not compiled to use: SSE4.1 SSE4.2 AVX AVX2 FMA
2019-11-04 04:13:27.281799: I tensorflow/core/platform/profile_utils/cpu_utils.cc:94] CPU Frequency: 2600025000 Hz
2019-11-04 04:13:27.281944: I tensorflow/compiler/xla/service/service.cc:150] XLA service 0x2aaae6e527a0 executing computations on platform Host. Devices:
2019-11-04 04:13:27.281966: I tensorflow/compiler/xla/service/service.cc:158]   StreamExecutor device (0): <undefined>, <undefined>
2019-11-04 04:13:27.282186: I tensorflow/core/common_runtime/process_util.cc:71] Creating new thread pool with default inter op setting: 2. Tune using inter_op_parallelism_threads for best performance.
evaluating 480 of [480, 490)
attack: step 1/1, xent loss = 7.75142, l2 loss = 16.2886 (max 14.95), (true 120, predicted [119])
check failed
true = 120, adv = 509
evaluating 481 of [480, 490)
attack: step 1/1, xent loss = 0.45612, l2 loss = 26.2704 (max 14.95), (true 43, predicted [43])
check failed
true = 43, adv = 940
evaluating 482 of [480, 490)
attack: step 1/1, xent loss = 3.89453, l2 loss = 19.6504 (max 14.95), (true 98, predicted [450])
check failed
true = 98, adv = 241
evaluating 483 of [480, 490)
attack: step 1/1, xent loss = 2.97969, l2 loss = 26.3536 (max 14.95), (true 824, predicted [457])
check failed
true = 824, adv = 728
evaluating 484 of [480, 490)
attack: step 1/1, xent loss = 2.45592, l2 loss = 18.0903 (max 14.95), (true 853, predicted [975])
check failed
true = 853, adv = 975
evaluating 485 of [480, 490)
attack: step 1/1, xent loss = 6.69252, l2 loss = 15.8486 (max 14.95), (true 706, predicted [708])
check failed
true = 706, adv = 863
evaluating 486 of [480, 490)
attack: step 1/1, xent loss = 2.29933, l2 loss = 31.4191 (max 14.95), (true 385, predicted [51])
check failed
true = 385, adv = 728
evaluating 487 of [480, 490)
attack: step 1/1, xent loss = 11.8944, l2 loss = 28.4984 (max 14.95), (true 431, predicted [575])
check failed
true = 431, adv = 575
evaluating 488 of [480, 490)
attack: step 1/1, xent loss = 5.28786, l2 loss = 25.2633 (max 14.95), (true 406, predicted [663])
check failed
true = 406, adv = 663
evaluating 489 of [480, 490)
attack: step 1/1, xent loss = 1.05539, l2 loss = 27.383 (max 14.95), (true 593, predicted [593])
check failed
true = 593, adv = 728
