2019-06-29 14:40:11.794509: I tensorflow/core/platform/cpu_feature_guard.cc:141] Your CPU supports instructions that this TensorFlow binary was not compiled to use: SSE4.1 SSE4.2 AVX AVX2 FMA
2019-06-29 14:40:11.800913: I tensorflow/core/platform/profile_utils/cpu_utils.cc:94] CPU Frequency: 2599950000 Hz
2019-06-29 14:40:11.801065: I tensorflow/compiler/xla/service/service.cc:150] XLA service 0x2aaae6fbceb0 executing computations on platform Host. Devices:
2019-06-29 14:40:11.801094: I tensorflow/compiler/xla/service/service.cc:158]   StreamExecutor device (0): <undefined>, <undefined>
2019-06-29 14:40:11.801300: I tensorflow/core/common_runtime/process_util.cc:71] Creating new thread pool with default inter op setting: 2. Tune using inter_op_parallelism_threads for best performance.
evaluating 370 of [370, 380)
attack: step 1/10, xent loss = 6.21924, l2 loss = 15.8047 (max 14.95), (true 572, predicted [412])
attack: step 2/10, xent loss = 4.99666, l2 loss = 16.2115 (max 14.95), (true 572, predicted [696])
attack: step 3/10, xent loss = 4.54948, l2 loss = 16.6166 (max 14.95), (true 572, predicted [588])
attack: step 4/10, xent loss = 5.3862, l2 loss = 17.4018 (max 14.95), (true 572, predicted [790])
attack: step 5/10, xent loss = 5.26991, l2 loss = 17.8867 (max 14.95), (true 572, predicted [588])
attack: step 6/10, xent loss = 5.2997, l2 loss = 18.3889 (max 14.95), (true 572, predicted [463])
attack: step 7/10, xent loss = 5.44541, l2 loss = 18.7677 (max 14.95), (true 572, predicted [506])
attack: step 8/10, xent loss = 5.74226, l2 loss = 19.1747 (max 14.95), (true 572, predicted [576])
attack: step 9/10, xent loss = 5.15757, l2 loss = 19.7226 (max 14.95), (true 572, predicted [506])
attack: step 10/10, xent loss = 6.14449, l2 loss = 20.1637 (max 14.95), (true 572, predicted [588])
check failed
true = 572, adv = 672
evaluating 371 of [370, 380)
attack: step 1/10, xent loss = 20.0106, l2 loss = 29.2164 (max 14.95), (true 626, predicted [862])
attack: step 2/10, xent loss = 18.9593, l2 loss = 29.9953 (max 14.95), (true 626, predicted [862])
attack: step 3/10, xent loss = 19.6506, l2 loss = 31.1677 (max 14.95), (true 626, predicted [862])
attack: step 4/10, xent loss = 21.859, l2 loss = 32.4815 (max 14.95), (true 626, predicted [862])
attack: step 5/10, xent loss = 22.5424, l2 loss = 33.3635 (max 14.95), (true 626, predicted [862])
attack: step 6/10, xent loss = 19.8201, l2 loss = 34.4821 (max 14.95), (true 626, predicted [862])
attack: step 7/10, xent loss = 21.1548, l2 loss = 35.9707 (max 14.95), (true 626, predicted [862])
attack: step 8/10, xent loss = 22.943, l2 loss = 36.865 (max 14.95), (true 626, predicted [862])
attack: step 9/10, xent loss = 24.462, l2 loss = 37.9488 (max 14.95), (true 626, predicted [862])
attack: step 10/10, xent loss = 23.6619, l2 loss = 38.6608 (max 14.95), (true 626, predicted [862])
check failed
true = 626, adv = 862
evaluating 372 of [370, 380)
attack: step 1/10, xent loss = 8.07149, l2 loss = 12.7376 (max 14.95), (true 663, predicted [448])
attack: step 2/10, xent loss = 6.20182, l2 loss = 13.4853 (max 14.95), (true 663, predicted [832])
attack: step 3/10, xent loss = 4.58739, l2 loss = 13.9096 (max 14.95), (true 663, predicted [668])
attack: step 4/10, xent loss = 6.95096, l2 loss = 14.6544 (max 14.95), (true 663, predicted [716])
attack: step 5/10, xent loss = 7.63794, l2 loss = 14.863 (max 14.95), (true 663, predicted [879])
attack: step 6/10, xent loss = 6.98418, l2 loss = 15.2864 (max 14.95), (true 663, predicted [879])
attack: step 7/10, xent loss = 6.5593, l2 loss = 15.6098 (max 14.95), (true 663, predicted [448])
attack: step 8/10, xent loss = 5.59237, l2 loss = 16.1935 (max 14.95), (true 663, predicted [668])
attack: step 9/10, xent loss = 6.84533, l2 loss = 16.4952 (max 14.95), (true 663, predicted [879])
attack: step 10/10, xent loss = 6.29908, l2 loss = 16.9938 (max 14.95), (true 663, predicted [478])
check failed
true = 663, adv = 448
evaluating 373 of [370, 380)
attack: step 1/10, xent loss = 11.9568, l2 loss = 27.558 (max 14.95), (true 145, predicted [830])
attack: step 2/10, xent loss = 14.4513, l2 loss = 29.4248 (max 14.95), (true 145, predicted [830])
attack: step 3/10, xent loss = 15.7436, l2 loss = 31.1127 (max 14.95), (true 145, predicted [830])
attack: step 4/10, xent loss = 16.2235, l2 loss = 32.2728 (max 14.95), (true 145, predicted [830])
attack: step 5/10, xent loss = 17.6186, l2 loss = 34.4393 (max 14.95), (true 145, predicted [830])
attack: step 6/10, xent loss = 14.9405, l2 loss = 35.7382 (max 14.95), (true 145, predicted [830])
attack: step 7/10, xent loss = 18.6882, l2 loss = 37.4105 (max 14.95), (true 145, predicted [830])
attack: step 8/10, xent loss = 18.7859, l2 loss = 38.4124 (max 14.95), (true 145, predicted [830])
attack: step 9/10, xent loss = 21.2966, l2 loss = 39.1611 (max 14.95), (true 145, predicted [830])
attack: step 10/10, xent loss = 21.3704, l2 loss = 40.2559 (max 14.95), (true 145, predicted [830])
check failed
true = 145, adv = 830
evaluating 374 of [370, 380)
attack: step 1/10, xent loss = 5.64287, l2 loss = 15.0504 (max 14.95), (true 463, predicted [412])
attack: step 2/10, xent loss = 7.15199, l2 loss = 15.9976 (max 14.95), (true 463, predicted [728])
attack: step 3/10, xent loss = 8.30778, l2 loss = 16.731 (max 14.95), (true 463, predicted [412])
attack: step 4/10, xent loss = 5.20022, l2 loss = 17.6064 (max 14.95), (true 463, predicted [412])
attack: step 5/10, xent loss = 8.33959, l2 loss = 18.4431 (max 14.95), (true 463, predicted [412])
attack: step 6/10, xent loss = 8.72977, l2 loss = 19.421 (max 14.95), (true 463, predicted [412])
attack: step 7/10, xent loss = 8.34885, l2 loss = 20.1746 (max 14.95), (true 463, predicted [412])
attack: step 8/10, xent loss = 8.17507, l2 loss = 20.8191 (max 14.95), (true 463, predicted [412])
attack: step 9/10, xent loss = 9.7067, l2 loss = 21.4751 (max 14.95), (true 463, predicted [412])
attack: step 10/10, xent loss = 9.4558, l2 loss = 22.254 (max 14.95), (true 463, predicted [412])
check failed
true = 463, adv = 412
evaluating 375 of [370, 380)
attack: step 1/10, xent loss = 0.046756, l2 loss = 0.712828 (max 14.95), (true 828, predicted [828])
attack: step 2/10, xent loss = 0.0857162, l2 loss = 0.770101 (max 14.95), (true 828, predicted [828])
attack: step 3/10, xent loss = 0.0859356, l2 loss = 0.902082 (max 14.95), (true 828, predicted [828])
attack: step 4/10, xent loss = 0.021451, l2 loss = 1.01485 (max 14.95), (true 828, predicted [828])
attack: step 5/10, xent loss = 0.148256, l2 loss = 1.02883 (max 14.95), (true 828, predicted [828])
attack: step 6/10, xent loss = 0.27773, l2 loss = 1.30446 (max 14.95), (true 828, predicted [828])
attack: step 7/10, xent loss = 0.20475, l2 loss = 1.91406 (max 14.95), (true 828, predicted [828])
attack: step 8/10, xent loss = 0.467048, l2 loss = 2.2435 (max 14.95), (true 828, predicted [828])
attack: step 9/10, xent loss = 2.38641, l2 loss = 3.63327 (max 14.95), (true 828, predicted [479])
attack: step 10/10, xent loss = 2.01124, l2 loss = 6.29238 (max 14.95), (true 828, predicted [479])
true = 828, adv = 535
evaluating 376 of [370, 380)
attack: step 1/10, xent loss = 4.85905, l2 loss = 13.709 (max 14.95), (true 18, predicted [19])
attack: step 2/10, xent loss = 3.18296, l2 loss = 14.7671 (max 14.95), (true 18, predicted [19])
attack: step 3/10, xent loss = 3.13387, l2 loss = 15.4118 (max 14.95), (true 18, predicted [19])
attack: step 4/10, xent loss = 4.69102, l2 loss = 16.6549 (max 14.95), (true 18, predicted [19])
attack: step 5/10, xent loss = 2.64824, l2 loss = 16.938 (max 14.95), (true 18, predicted [19])
attack: step 6/10, xent loss = 4.32081, l2 loss = 17.3314 (max 14.95), (true 18, predicted [19])
attack: step 7/10, xent loss = 5.85771, l2 loss = 18.0016 (max 14.95), (true 18, predicted [19])
attack: step 8/10, xent loss = 4.20284, l2 loss = 18.7385 (max 14.95), (true 18, predicted [19])
attack: step 9/10, xent loss = 6.57592, l2 loss = 19.2169 (max 14.95), (true 18, predicted [19])
attack: step 10/10, xent loss = 3.54527, l2 loss = 19.723 (max 14.95), (true 18, predicted [19])
check failed
true = 18, adv = 19
evaluating 377 of [370, 380)
attack: step 1/10, xent loss = 27.1538, l2 loss = 30.9857 (max 14.95), (true 159, predicted [728])
attack: step 2/10, xent loss = 20.7309, l2 loss = 32.6741 (max 14.95), (true 159, predicted [728])
attack: step 3/10, xent loss = 23.2681, l2 loss = 33.6968 (max 14.95), (true 159, predicted [728])
attack: step 4/10, xent loss = 23.6088, l2 loss = 35.4679 (max 14.95), (true 159, predicted [728])
attack: step 5/10, xent loss = 23.4412, l2 loss = 36.786 (max 14.95), (true 159, predicted [728])
attack: step 6/10, xent loss = 23.9312, l2 loss = 37.662 (max 14.95), (true 159, predicted [728])
attack: step 7/10, xent loss = 23.1731, l2 loss = 39.0209 (max 14.95), (true 159, predicted [728])
attack: step 8/10, xent loss = 26.5104, l2 loss = 39.9286 (max 14.95), (true 159, predicted [728])
attack: step 9/10, xent loss = 28.1635, l2 loss = 40.9646 (max 14.95), (true 159, predicted [728])
attack: step 10/10, xent loss = 27.922, l2 loss = 41.8101 (max 14.95), (true 159, predicted [728])
check failed
true = 159, adv = 728
evaluating 378 of [370, 380)
attack: step 1/10, xent loss = 8.97618, l2 loss = 14.1833 (max 14.95), (true 179, predicted [728])
attack: step 2/10, xent loss = 9.37478, l2 loss = 16.5254 (max 14.95), (true 179, predicted [728])
attack: step 3/10, xent loss = 10.4178, l2 loss = 19.1379 (max 14.95), (true 179, predicted [728])
attack: step 4/10, xent loss = 14.103, l2 loss = 20.9753 (max 14.95), (true 179, predicted [728])
attack: step 5/10, xent loss = 14.9582, l2 loss = 23.4843 (max 14.95), (true 179, predicted [728])
attack: step 6/10, xent loss = 16.3193, l2 loss = 25.1475 (max 14.95), (true 179, predicted [728])
attack: step 7/10, xent loss = 16.959, l2 loss = 27.1739 (max 14.95), (true 179, predicted [728])
attack: step 8/10, xent loss = 16.0104, l2 loss = 29.1279 (max 14.95), (true 179, predicted [728])
attack: step 9/10, xent loss = 21.3055, l2 loss = 30.7569 (max 14.95), (true 179, predicted [728])
attack: step 10/10, xent loss = 16.8185, l2 loss = 32.4349 (max 14.95), (true 179, predicted [728])
check failed
true = 179, adv = 728
evaluating 379 of [370, 380)
attack: step 1/10, xent loss = 15.7553, l2 loss = 23.8109 (max 14.95), (true 628, predicted [408])
attack: step 2/10, xent loss = 17.6519, l2 loss = 25.2352 (max 14.95), (true 628, predicted [408])
attack: step 3/10, xent loss = 17.1696, l2 loss = 26.1635 (max 14.95), (true 628, predicted [408])
attack: step 4/10, xent loss = 18.0151, l2 loss = 26.9987 (max 14.95), (true 628, predicted [408])
attack: step 5/10, xent loss = 21.6245, l2 loss = 27.8822 (max 14.95), (true 628, predicted [408])
attack: step 6/10, xent loss = 19.6294, l2 loss = 28.917 (max 14.95), (true 628, predicted [408])
attack: step 7/10, xent loss = 9.35991, l2 loss = 29.6651 (max 14.95), (true 628, predicted [408])
attack: step 8/10, xent loss = 17.146, l2 loss = 32.2996 (max 14.95), (true 628, predicted [408])
attack: step 9/10, xent loss = 18.8281, l2 loss = 33.696 (max 14.95), (true 628, predicted [408])
attack: step 10/10, xent loss = 17.8878, l2 loss = 34.2321 (max 14.95), (true 628, predicted [408])
check failed
true = 628, adv = 408
