2019-06-29 17:51:32.488792: I tensorflow/core/platform/cpu_feature_guard.cc:141] Your CPU supports instructions that this TensorFlow binary was not compiled to use: SSE4.1 SSE4.2 AVX AVX2 FMA
2019-06-29 17:51:32.493475: I tensorflow/core/platform/profile_utils/cpu_utils.cc:94] CPU Frequency: 2599985000 Hz
2019-06-29 17:51:32.493577: I tensorflow/compiler/xla/service/service.cc:150] XLA service 0x2aaae70bc6d0 executing computations on platform Host. Devices:
2019-06-29 17:51:32.493591: I tensorflow/compiler/xla/service/service.cc:158]   StreamExecutor device (0): <undefined>, <undefined>
2019-06-29 17:51:32.493741: I tensorflow/core/common_runtime/process_util.cc:71] Creating new thread pool with default inter op setting: 2. Tune using inter_op_parallelism_threads for best performance.
evaluating 750 of [750, 760)
attack: step 1/10, xent loss = 5.65179, l2 loss = 19.0933 (max 14.95), (true 847, predicted [895])
attack: step 2/10, xent loss = 4.77778, l2 loss = 19.5064 (max 14.95), (true 847, predicted [879])
attack: step 3/10, xent loss = 10.1908, l2 loss = 21.6329 (max 14.95), (true 847, predicted [879])
attack: step 4/10, xent loss = 11.5353, l2 loss = 23.0786 (max 14.95), (true 847, predicted [879])
attack: step 5/10, xent loss = 8.69837, l2 loss = 24.3336 (max 14.95), (true 847, predicted [879])
attack: step 6/10, xent loss = 6.47516, l2 loss = 25.364 (max 14.95), (true 847, predicted [879])
attack: step 7/10, xent loss = 11.6387, l2 loss = 26.9697 (max 14.95), (true 847, predicted [879])
attack: step 8/10, xent loss = 9.28891, l2 loss = 28.0142 (max 14.95), (true 847, predicted [879])
attack: step 9/10, xent loss = 10.1855, l2 loss = 28.5649 (max 14.95), (true 847, predicted [879])
attack: step 10/10, xent loss = 11.5344, l2 loss = 29.2482 (max 14.95), (true 847, predicted [879])
check failed
true = 847, adv = 879
evaluating 751 of [750, 760)
attack: step 1/10, xent loss = 4.99016, l2 loss = 13.1533 (max 14.95), (true 3, predicted [4])
attack: step 2/10, xent loss = 5.24079, l2 loss = 13.729 (max 14.95), (true 3, predicted [4])
attack: step 3/10, xent loss = 4.91664, l2 loss = 14.3736 (max 14.95), (true 3, predicted [4])
attack: step 4/10, xent loss = 6.46048, l2 loss = 15.3347 (max 14.95), (true 3, predicted [4])
attack: step 5/10, xent loss = 6.49466, l2 loss = 15.9142 (max 14.95), (true 3, predicted [4])
attack: step 6/10, xent loss = 6.88925, l2 loss = 16.355 (max 14.95), (true 3, predicted [4])
attack: step 7/10, xent loss = 5.73094, l2 loss = 16.909 (max 14.95), (true 3, predicted [4])
attack: step 8/10, xent loss = 6.63125, l2 loss = 17.5991 (max 14.95), (true 3, predicted [4])
attack: step 9/10, xent loss = 7.67961, l2 loss = 17.9875 (max 14.95), (true 3, predicted [4])
attack: step 10/10, xent loss = 6.88647, l2 loss = 18.3386 (max 14.95), (true 3, predicted [4])
check failed
true = 3, adv = 4
evaluating 752 of [750, 760)
attack: step 1/10, xent loss = 0.195978, l2 loss = 2.96534 (max 14.95), (true 517, predicted [517])
attack: step 2/10, xent loss = 0.16878, l2 loss = 3.0611 (max 14.95), (true 517, predicted [517])
attack: step 3/10, xent loss = 0.141318, l2 loss = 3.10853 (max 14.95), (true 517, predicted [517])
attack: step 4/10, xent loss = 0.191391, l2 loss = 3.16147 (max 14.95), (true 517, predicted [517])
attack: step 5/10, xent loss = 0.353323, l2 loss = 3.30208 (max 14.95), (true 517, predicted [517])
attack: step 6/10, xent loss = 0.310584, l2 loss = 3.47233 (max 14.95), (true 517, predicted [517])
attack: step 7/10, xent loss = 0.418305, l2 loss = 3.60549 (max 14.95), (true 517, predicted [517])
attack: step 8/10, xent loss = 0.123032, l2 loss = 3.81636 (max 14.95), (true 517, predicted [517])
attack: step 9/10, xent loss = 0.466528, l2 loss = 3.86704 (max 14.95), (true 517, predicted [517])
attack: step 10/10, xent loss = 0.447619, l2 loss = 4.18721 (max 14.95), (true 517, predicted [517])
true = 517, adv = 517
evaluating 753 of [750, 760)
attack: step 1/10, xent loss = 0.00694907, l2 loss = 1.36131 (max 14.95), (true 604, predicted [604])
attack: step 2/10, xent loss = 0.165016, l2 loss = 1.36274 (max 14.95), (true 604, predicted [604])
attack: step 3/10, xent loss = 0.0163556, l2 loss = 1.84141 (max 14.95), (true 604, predicted [604])
attack: step 4/10, xent loss = 0.089283, l2 loss = 1.84428 (max 14.95), (true 604, predicted [604])
attack: step 5/10, xent loss = 0.0085299, l2 loss = 1.90851 (max 14.95), (true 604, predicted [604])
attack: step 6/10, xent loss = 0.109718, l2 loss = 1.91064 (max 14.95), (true 604, predicted [604])
attack: step 7/10, xent loss = 0.00689224, l2 loss = 2.03577 (max 14.95), (true 604, predicted [604])
attack: step 8/10, xent loss = 0.0845029, l2 loss = 2.03762 (max 14.95), (true 604, predicted [604])
attack: step 9/10, xent loss = 0.0559066, l2 loss = 2.12988 (max 14.95), (true 604, predicted [604])
attack: step 10/10, xent loss = 0.010553, l2 loss = 2.16464 (max 14.95), (true 604, predicted [604])
true = 604, adv = 604
evaluating 754 of [750, 760)
attack: step 1/10, xent loss = 9.15158, l2 loss = 10.5757 (max 14.95), (true 310, predicted [728])
attack: step 2/10, xent loss = 9.64937, l2 loss = 12.2808 (max 14.95), (true 310, predicted [644])
attack: step 3/10, xent loss = 9.10866, l2 loss = 12.7548 (max 14.95), (true 310, predicted [728])
attack: step 4/10, xent loss = 8.40153, l2 loss = 13.1873 (max 14.95), (true 310, predicted [728])
attack: step 5/10, xent loss = 9.43519, l2 loss = 13.6107 (max 14.95), (true 310, predicted [644])
attack: step 6/10, xent loss = 9.09477, l2 loss = 14.0122 (max 14.95), (true 310, predicted [644])
attack: step 7/10, xent loss = 8.88562, l2 loss = 14.6914 (max 14.95), (true 310, predicted [644])
attack: step 8/10, xent loss = 9.41977, l2 loss = 14.985 (max 14.95), (true 310, predicted [644])
attack: step 9/10, xent loss = 10.5531, l2 loss = 15.2418 (max 14.95), (true 310, predicted [728])
attack: step 10/10, xent loss = 9.57934, l2 loss = 16.062 (max 14.95), (true 310, predicted [728])
check failed
true = 310, adv = 644
evaluating 755 of [750, 760)
attack: step 1/10, xent loss = 6.38487, l2 loss = 15.4783 (max 14.95), (true 717, predicted [408])
attack: step 2/10, xent loss = 7.45025, l2 loss = 15.9903 (max 14.95), (true 717, predicted [408])
attack: step 3/10, xent loss = 5.8737, l2 loss = 16.6838 (max 14.95), (true 717, predicted [408])
attack: step 4/10, xent loss = 6.53928, l2 loss = 17.2471 (max 14.95), (true 717, predicted [408])
attack: step 5/10, xent loss = 4.94506, l2 loss = 18.0853 (max 14.95), (true 717, predicted [408])
attack: step 6/10, xent loss = 7.21229, l2 loss = 18.6005 (max 14.95), (true 717, predicted [408])
attack: step 7/10, xent loss = 6.90143, l2 loss = 19.187 (max 14.95), (true 717, predicted [408])
attack: step 8/10, xent loss = 6.80198, l2 loss = 19.7882 (max 14.95), (true 717, predicted [802])
attack: step 9/10, xent loss = 8.02332, l2 loss = 20.099 (max 14.95), (true 717, predicted [408])
attack: step 10/10, xent loss = 6.8996, l2 loss = 20.9091 (max 14.95), (true 717, predicted [408])
check failed
true = 717, adv = 408
evaluating 756 of [750, 760)
attack: step 1/10, xent loss = 6.62787, l2 loss = 11.8096 (max 14.95), (true 822, predicted [915])
attack: step 2/10, xent loss = 5.74721, l2 loss = 11.9851 (max 14.95), (true 822, predicted [797])
attack: step 3/10, xent loss = 5.44305, l2 loss = 12.389 (max 14.95), (true 822, predicted [830])
attack: step 4/10, xent loss = 6.81609, l2 loss = 12.8577 (max 14.95), (true 822, predicted [743])
attack: step 5/10, xent loss = 5.58617, l2 loss = 12.9539 (max 14.95), (true 822, predicted [501])
attack: step 6/10, xent loss = 5.77948, l2 loss = 13.5869 (max 14.95), (true 822, predicted [400])
attack: step 7/10, xent loss = 6.45453, l2 loss = 13.9782 (max 14.95), (true 822, predicted [915])
attack: step 8/10, xent loss = 6.8117, l2 loss = 14.2738 (max 14.95), (true 822, predicted [915])
attack: step 9/10, xent loss = 6.00836, l2 loss = 14.4015 (max 14.95), (true 822, predicted [890])
attack: step 10/10, xent loss = 4.20385, l2 loss = 14.8766 (max 14.95), (true 822, predicted [890])
check failed
true = 822, adv = 915
evaluating 757 of [750, 760)
attack: step 1/10, xent loss = 16.7187, l2 loss = 29.4902 (max 14.95), (true 149, predicted [728])
attack: step 2/10, xent loss = 16.2485, l2 loss = 30.9192 (max 14.95), (true 149, predicted [728])
attack: step 3/10, xent loss = 18.34, l2 loss = 32.6117 (max 14.95), (true 149, predicted [728])
attack: step 4/10, xent loss = 19.3109, l2 loss = 34.0355 (max 14.95), (true 149, predicted [728])
attack: step 5/10, xent loss = 20.1535, l2 loss = 35.2006 (max 14.95), (true 149, predicted [728])
attack: step 6/10, xent loss = 19.8836, l2 loss = 36.5304 (max 14.95), (true 149, predicted [728])
attack: step 7/10, xent loss = 22.8405, l2 loss = 37.5899 (max 14.95), (true 149, predicted [728])
attack: step 8/10, xent loss = 20.784, l2 loss = 38.8234 (max 14.95), (true 149, predicted [728])
attack: step 9/10, xent loss = 23.9905, l2 loss = 39.804 (max 14.95), (true 149, predicted [728])
attack: step 10/10, xent loss = 22.6939, l2 loss = 40.9513 (max 14.95), (true 149, predicted [728])
check failed
true = 149, adv = 728
evaluating 758 of [750, 760)
attack: step 1/10, xent loss = 8.64989, l2 loss = 14.6065 (max 14.95), (true 122, predicted [728])
attack: step 2/10, xent loss = 10.2267, l2 loss = 15.7395 (max 14.95), (true 122, predicted [728])
attack: step 3/10, xent loss = 10.3756, l2 loss = 17.7384 (max 14.95), (true 122, predicted [728])
attack: step 4/10, xent loss = 13.353, l2 loss = 19.3064 (max 14.95), (true 122, predicted [728])
attack: step 5/10, xent loss = 13.7638, l2 loss = 20.891 (max 14.95), (true 122, predicted [728])
attack: step 6/10, xent loss = 12.7742, l2 loss = 22.83 (max 14.95), (true 122, predicted [728])
attack: step 7/10, xent loss = 11.0375, l2 loss = 23.9895 (max 14.95), (true 122, predicted [728])
attack: step 8/10, xent loss = 15.9549, l2 loss = 24.9986 (max 14.95), (true 122, predicted [728])
attack: step 9/10, xent loss = 15.5265, l2 loss = 26.0027 (max 14.95), (true 122, predicted [728])
attack: step 10/10, xent loss = 15.4872, l2 loss = 27.1616 (max 14.95), (true 122, predicted [728])
check failed
true = 122, adv = 728
evaluating 759 of [750, 760)
attack: step 1/10, xent loss = 5.00807, l2 loss = 15.6756 (max 14.95), (true 75, predicted [321])
attack: step 2/10, xent loss = 6.50367, l2 loss = 16.4263 (max 14.95), (true 75, predicted [321])
attack: step 3/10, xent loss = 7.22935, l2 loss = 16.5923 (max 14.95), (true 75, predicted [478])
attack: step 4/10, xent loss = 6.87553, l2 loss = 16.7149 (max 14.95), (true 75, predicted [909])
attack: step 5/10, xent loss = 6.4717, l2 loss = 17.1013 (max 14.95), (true 75, predicted [321])
attack: step 6/10, xent loss = 7.22349, l2 loss = 17.2883 (max 14.95), (true 75, predicted [321])
attack: step 7/10, xent loss = 8.33447, l2 loss = 17.4503 (max 14.95), (true 75, predicted [999])
attack: step 8/10, xent loss = 6.4818, l2 loss = 17.7315 (max 14.95), (true 75, predicted [321])
attack: step 9/10, xent loss = 6.70918, l2 loss = 18.0444 (max 14.95), (true 75, predicted [321])
attack: step 10/10, xent loss = 8.70855, l2 loss = 18.1805 (max 14.95), (true 75, predicted [645])
check failed
true = 75, adv = 321
