2019-11-04 10:21:26.479211: I tensorflow/core/platform/cpu_feature_guard.cc:141] Your CPU supports instructions that this TensorFlow binary was not compiled to use: SSE4.1 SSE4.2 AVX AVX2 FMA
2019-11-04 10:21:26.753319: I tensorflow/core/platform/profile_utils/cpu_utils.cc:94] CPU Frequency: 2599955000 Hz
2019-11-04 10:21:26.753509: I tensorflow/compiler/xla/service/service.cc:150] XLA service 0x55555902ffb0 executing computations on platform Host. Devices:
2019-11-04 10:21:26.753528: I tensorflow/compiler/xla/service/service.cc:158]   StreamExecutor device (0): <undefined>, <undefined>
2019-11-04 10:21:26.753734: I tensorflow/core/common_runtime/process_util.cc:71] Creating new thread pool with default inter op setting: 2. Tune using inter_op_parallelism_threads for best performance.
evaluating 520 of [520, 530)
attack: step 1/1, xent loss = 8.17957, l2 loss = 16.2846 (max 14.95), (true 523, predicted [893])
check failed
true = 523, adv = 470
evaluating 521 of [520, 530)
attack: step 1/1, xent loss = 7.17445, l2 loss = 30.1769 (max 14.95), (true 244, predicted [238])
check failed
true = 244, adv = 238
evaluating 522 of [520, 530)
attack: step 1/1, xent loss = 9.55175, l2 loss = 24.1508 (max 14.95), (true 360, predicted [265])
check failed
true = 360, adv = 265
evaluating 523 of [520, 530)
attack: step 1/1, xent loss = 7.60977, l2 loss = 37.457 (max 14.95), (true 276, predicted [341])
check failed
true = 276, adv = 728
evaluating 524 of [520, 530)
attack: step 1/1, xent loss = 11.4541, l2 loss = 25.9698 (max 14.95), (true 345, predicted [331])
check failed
true = 345, adv = 331
evaluating 525 of [520, 530)
attack: step 1/1, xent loss = 8.27866, l2 loss = 27.0671 (max 14.95), (true 330, predicted [59])
check failed
true = 330, adv = 588
evaluating 526 of [520, 530)
attack: step 1/1, xent loss = 3.91074, l2 loss = 11.4609 (max 14.95), (true 856, predicted [866])
true = 856, adv = 866
evaluating 527 of [520, 530)
attack: step 1/1, xent loss = 7.98011, l2 loss = 38.1858 (max 14.95), (true 186, predicted [728])
check failed
true = 186, adv = 728
evaluating 528 of [520, 530)
attack: step 1/1, xent loss = 0.00434479, l2 loss = 0.300337 (max 14.95), (true 572, predicted [572])
true = 572, adv = 572
evaluating 529 of [520, 530)
attack: step 1/1, xent loss = 1.04276, l2 loss = 29.6668 (max 14.95), (true 88, predicted [88])
check failed
true = 88, adv = 728
