2019-06-26 22:39:49.384888: I tensorflow/core/platform/cpu_feature_guard.cc:141] Your CPU supports instructions that this TensorFlow binary was not compiled to use: SSE4.1 SSE4.2 AVX AVX2 FMA
2019-06-26 22:39:49.427624: I tensorflow/core/platform/profile_utils/cpu_utils.cc:94] CPU Frequency: 2599950000 Hz
2019-06-26 22:39:49.430935: I tensorflow/compiler/xla/service/service.cc:150] XLA service 0x2aaae6abfeb0 executing computations on platform Host. Devices:
2019-06-26 22:39:49.430978: I tensorflow/compiler/xla/service/service.cc:158]   StreamExecutor device (0): <undefined>, <undefined>
2019-06-26 22:39:49.432714: I tensorflow/core/common_runtime/process_util.cc:71] Creating new thread pool with default inter op setting: 2. Tune using inter_op_parallelism_threads for best performance.
evaluating 850 of [850, 860)
attack: step 1/10, xent loss = 17.2344, l2 loss = 23.1479 (max 14.95), (true 227, predicted [184])
attack: step 2/10, xent loss = 19.0201, l2 loss = 23.7106 (max 14.95), (true 227, predicted [184])
attack: step 3/10, xent loss = 15.7601, l2 loss = 24.3165 (max 14.95), (true 227, predicted [184])
attack: step 4/10, xent loss = 14.795, l2 loss = 27.5885 (max 14.95), (true 227, predicted [184])
attack: step 5/10, xent loss = 18.5491, l2 loss = 28.5699 (max 14.95), (true 227, predicted [184])
attack: step 6/10, xent loss = 20.0627, l2 loss = 28.9261 (max 14.95), (true 227, predicted [184])
attack: step 7/10, xent loss = 21.7034, l2 loss = 29.4008 (max 14.95), (true 227, predicted [184])
attack: step 8/10, xent loss = 16.1538, l2 loss = 29.8038 (max 14.95), (true 227, predicted [184])
attack: step 9/10, xent loss = 21.4104, l2 loss = 31.2211 (max 14.95), (true 227, predicted [184])
attack: step 10/10, xent loss = 20.0068, l2 loss = 32.5455 (max 14.95), (true 227, predicted [184])
check failed
true = 227, adv = 184
evaluating 851 of [850, 860)
attack: step 1/10, xent loss = 22.6093, l2 loss = 22.8363 (max 14.95), (true 377, predicted [691])
attack: step 2/10, xent loss = 21.2821, l2 loss = 24.8657 (max 14.95), (true 377, predicted [691])
attack: step 3/10, xent loss = 16.8236, l2 loss = 27.1691 (max 14.95), (true 377, predicted [691])
attack: step 4/10, xent loss = 24.7716, l2 loss = 30.0586 (max 14.95), (true 377, predicted [691])
attack: step 5/10, xent loss = 25.5727, l2 loss = 31.229 (max 14.95), (true 377, predicted [691])
attack: step 6/10, xent loss = 24.4821, l2 loss = 32.4977 (max 14.95), (true 377, predicted [691])
attack: step 7/10, xent loss = 25.8274, l2 loss = 33.5916 (max 14.95), (true 377, predicted [691])
attack: step 8/10, xent loss = 26.9533, l2 loss = 34.6935 (max 14.95), (true 377, predicted [691])
attack: step 9/10, xent loss = 28.7634, l2 loss = 35.9247 (max 14.95), (true 377, predicted [691])
attack: step 10/10, xent loss = 26.4012, l2 loss = 37.6236 (max 14.95), (true 377, predicted [691])
check failed
true = 377, adv = 691
evaluating 852 of [850, 860)
attack: step 1/10, xent loss = 27.353, l2 loss = 27.4794 (max 14.95), (true 133, predicted [728])
attack: step 2/10, xent loss = 27.075, l2 loss = 28.9302 (max 14.95), (true 133, predicted [728])
attack: step 3/10, xent loss = 31.0929, l2 loss = 31.0029 (max 14.95), (true 133, predicted [728])
attack: step 4/10, xent loss = 32.3743, l2 loss = 32.6536 (max 14.95), (true 133, predicted [728])
attack: step 5/10, xent loss = 32.9554, l2 loss = 33.6042 (max 14.95), (true 133, predicted [728])
attack: step 6/10, xent loss = 32.5181, l2 loss = 34.6186 (max 14.95), (true 133, predicted [728])
attack: step 7/10, xent loss = 34.6982, l2 loss = 35.6287 (max 14.95), (true 133, predicted [728])
attack: step 8/10, xent loss = 34.5613, l2 loss = 37.1797 (max 14.95), (true 133, predicted [728])
attack: step 9/10, xent loss = 41.12, l2 loss = 38.2028 (max 14.95), (true 133, predicted [728])
attack: step 10/10, xent loss = 35.5376, l2 loss = 39.0997 (max 14.95), (true 133, predicted [728])
check failed
true = 133, adv = 728
evaluating 853 of [850, 860)
attack: step 1/10, xent loss = 19.7626, l2 loss = 23.297 (max 14.95), (true 52, predicted [793])
attack: step 2/10, xent loss = 20.9772, l2 loss = 24.7363 (max 14.95), (true 52, predicted [793])
attack: step 3/10, xent loss = 20.9727, l2 loss = 26.2038 (max 14.95), (true 52, predicted [793])
attack: step 4/10, xent loss = 22.1995, l2 loss = 27.9991 (max 14.95), (true 52, predicted [793])
attack: step 5/10, xent loss = 22.7519, l2 loss = 28.9806 (max 14.95), (true 52, predicted [793])
attack: step 6/10, xent loss = 24.472, l2 loss = 30.8529 (max 14.95), (true 52, predicted [793])
attack: step 7/10, xent loss = 23.8101, l2 loss = 31.6614 (max 14.95), (true 52, predicted [793])
attack: step 8/10, xent loss = 23.9149, l2 loss = 32.7881 (max 14.95), (true 52, predicted [793])
attack: step 9/10, xent loss = 25.954, l2 loss = 33.6467 (max 14.95), (true 52, predicted [793])
attack: step 10/10, xent loss = 23.5113, l2 loss = 34.5318 (max 14.95), (true 52, predicted [793])
check failed
true = 52, adv = 793
evaluating 854 of [850, 860)
attack: step 1/10, xent loss = 12.8344, l2 loss = 14.7356 (max 14.95), (true 620, predicted [830])
attack: step 2/10, xent loss = 12.5522, l2 loss = 15.1076 (max 14.95), (true 620, predicted [830])
attack: step 3/10, xent loss = 12.3937, l2 loss = 15.5829 (max 14.95), (true 620, predicted [830])
attack: step 4/10, xent loss = 13.2778, l2 loss = 15.998 (max 14.95), (true 620, predicted [830])
attack: step 5/10, xent loss = 14.1874, l2 loss = 16.7444 (max 14.95), (true 620, predicted [830])
attack: step 6/10, xent loss = 13.4836, l2 loss = 17.1905 (max 14.95), (true 620, predicted [830])
attack: step 7/10, xent loss = 14.4522, l2 loss = 18.1667 (max 14.95), (true 620, predicted [830])
attack: step 8/10, xent loss = 15.3352, l2 loss = 18.4082 (max 14.95), (true 620, predicted [830])
attack: step 9/10, xent loss = 14.8738, l2 loss = 18.9378 (max 14.95), (true 620, predicted [830])
attack: step 10/10, xent loss = 15.5495, l2 loss = 19.3295 (max 14.95), (true 620, predicted [830])
check failed
true = 620, adv = 830
evaluating 855 of [850, 860)
attack: step 1/10, xent loss = 9.87829, l2 loss = 13.2501 (max 14.95), (true 360, predicted [852])
attack: step 2/10, xent loss = 12.2078, l2 loss = 14.5013 (max 14.95), (true 360, predicted [852])
attack: step 3/10, xent loss = 13.7799, l2 loss = 15.4386 (max 14.95), (true 360, predicted [852])
attack: step 4/10, xent loss = 14.2515, l2 loss = 17.0323 (max 14.95), (true 360, predicted [852])
attack: step 5/10, xent loss = 12.243, l2 loss = 18.569 (max 14.95), (true 360, predicted [852])
attack: step 6/10, xent loss = 13.1893, l2 loss = 20.012 (max 14.95), (true 360, predicted [852])
attack: step 7/10, xent loss = 16.5798, l2 loss = 21.2021 (max 14.95), (true 360, predicted [852])
attack: step 8/10, xent loss = 19.2166, l2 loss = 21.7703 (max 14.95), (true 360, predicted [852])
attack: step 9/10, xent loss = 17.726, l2 loss = 22.2405 (max 14.95), (true 360, predicted [852])
attack: step 10/10, xent loss = 19.7836, l2 loss = 22.6124 (max 14.95), (true 360, predicted [852])
check failed
true = 360, adv = 852
evaluating 856 of [850, 860)
attack: step 1/10, xent loss = 26.9705, l2 loss = 17.18 (max 14.95), (true 492, predicted [728])
attack: step 2/10, xent loss = 23.7486, l2 loss = 20.652 (max 14.95), (true 492, predicted [728])
attack: step 3/10, xent loss = 27.8275, l2 loss = 21.9768 (max 14.95), (true 492, predicted [728])
attack: step 4/10, xent loss = 29.1792, l2 loss = 23.7066 (max 14.95), (true 492, predicted [728])
attack: step 5/10, xent loss = 30.2787, l2 loss = 25.6611 (max 14.95), (true 492, predicted [728])
attack: step 6/10, xent loss = 28.3837, l2 loss = 28.3388 (max 14.95), (true 492, predicted [728])
attack: step 7/10, xent loss = 32.9297, l2 loss = 29.6584 (max 14.95), (true 492, predicted [728])
attack: step 8/10, xent loss = 32.355, l2 loss = 30.571 (max 14.95), (true 492, predicted [728])
attack: step 9/10, xent loss = 37.8443, l2 loss = 31.4969 (max 14.95), (true 492, predicted [728])
attack: step 10/10, xent loss = 35.0168, l2 loss = 32.5517 (max 14.95), (true 492, predicted [728])
check failed
true = 492, adv = 728
evaluating 857 of [850, 860)
attack: step 1/10, xent loss = 8.12514, l2 loss = 12.3732 (max 14.95), (true 824, predicted [614])
attack: step 2/10, xent loss = 6.95501, l2 loss = 12.9259 (max 14.95), (true 824, predicted [614])
attack: step 3/10, xent loss = 9.41394, l2 loss = 13.7241 (max 14.95), (true 824, predicted [614])
attack: step 4/10, xent loss = 9.73027, l2 loss = 14.2843 (max 14.95), (true 824, predicted [614])
attack: step 5/10, xent loss = 9.11771, l2 loss = 15.0463 (max 14.95), (true 824, predicted [614])
attack: step 6/10, xent loss = 8.26158, l2 loss = 15.4359 (max 14.95), (true 824, predicted [614])
attack: step 7/10, xent loss = 8.94821, l2 loss = 16.5628 (max 14.95), (true 824, predicted [614])
attack: step 8/10, xent loss = 10.9946, l2 loss = 17.0538 (max 14.95), (true 824, predicted [614])
attack: step 9/10, xent loss = 11.9947, l2 loss = 17.5246 (max 14.95), (true 824, predicted [614])
attack: step 10/10, xent loss = 11.2692, l2 loss = 17.7962 (max 14.95), (true 824, predicted [614])
check failed
true = 824, adv = 614
evaluating 858 of [850, 860)
attack: step 1/10, xent loss = 0.0194343, l2 loss = 0.365271 (max 14.95), (true 614, predicted [614])
attack: step 2/10, xent loss = 0.0475699, l2 loss = 0.375628 (max 14.95), (true 614, predicted [614])
attack: step 3/10, xent loss = 0.0181226, l2 loss = 0.421232 (max 14.95), (true 614, predicted [614])
attack: step 4/10, xent loss = 0.0464941, l2 loss = 0.42906 (max 14.95), (true 614, predicted [614])
attack: step 5/10, xent loss = 0.0107041, l2 loss = 0.469579 (max 14.95), (true 614, predicted [614])
attack: step 6/10, xent loss = 0.036858, l2 loss = 0.474306 (max 14.95), (true 614, predicted [614])
attack: step 7/10, xent loss = 0.0145354, l2 loss = 0.515646 (max 14.95), (true 614, predicted [614])
attack: step 8/10, xent loss = 0.0113278, l2 loss = 0.522129 (max 14.95), (true 614, predicted [614])
attack: step 9/10, xent loss = 0.0173944, l2 loss = 0.526911 (max 14.95), (true 614, predicted [614])
attack: step 10/10, xent loss = 0.0491586, l2 loss = 0.539291 (max 14.95), (true 614, predicted [614])
true = 614, adv = 614
evaluating 859 of [850, 860)
attack: step 1/10, xent loss = 25.7304, l2 loss = 35.418 (max 14.95), (true 68, predicted [700])
attack: step 2/10, xent loss = 25.2224, l2 loss = 36.9823 (max 14.95), (true 68, predicted [700])
attack: step 3/10, xent loss = 24.092, l2 loss = 38.3595 (max 14.95), (true 68, predicted [700])
attack: step 4/10, xent loss = 26.428, l2 loss = 40.8923 (max 14.95), (true 68, predicted [700])
attack: step 5/10, xent loss = 28.2253, l2 loss = 42.465 (max 14.95), (true 68, predicted [700])
attack: step 6/10, xent loss = 32.5242, l2 loss = 43.5599 (max 14.95), (true 68, predicted [700])
attack: step 7/10, xent loss = 27.8552, l2 loss = 44.7396 (max 14.95), (true 68, predicted [700])
attack: step 8/10, xent loss = 34.0863, l2 loss = 45.9919 (max 14.95), (true 68, predicted [700])
attack: step 9/10, xent loss = 34.0321, l2 loss = 47.0076 (max 14.95), (true 68, predicted [700])
attack: step 10/10, xent loss = 30.3554, l2 loss = 48.2348 (max 14.95), (true 68, predicted [700])
check failed
true = 68, adv = 700
