2019-06-06 00:07:13.915721: I tensorflow/core/platform/cpu_feature_guard.cc:141] Your CPU supports instructions that this TensorFlow binary was not compiled to use: SSE4.1 SSE4.2 AVX AVX2 FMA
2019-06-06 00:07:14.361303: I tensorflow/core/platform/profile_utils/cpu_utils.cc:94] CPU Frequency: 2600230000 Hz
2019-06-06 00:07:14.375401: I tensorflow/compiler/xla/service/service.cc:150] XLA service 0x2aaae6e49f10 executing computations on platform Host. Devices:
2019-06-06 00:07:14.375439: I tensorflow/compiler/xla/service/service.cc:158]   StreamExecutor device (0): <undefined>, <undefined>
2019-06-06 00:07:14.375764: I tensorflow/core/common_runtime/process_util.cc:71] Creating new thread pool with default inter op setting: 2. Tune using inter_op_parallelism_threads for best performance.
evaluating 260 of [260, 270)
attack: step 1/10, xent loss = 7.53867, l2 loss = 0 (max 14.95), (true 322, predicted [417])
attack: step 2/10, xent loss = 7.6271, l2 loss = 3.70109 (max 14.95), (true 322, predicted [723])
attack: step 3/10, xent loss = 7.67088, l2 loss = 5.95688 (max 14.95), (true 322, predicted [417])
attack: step 4/10, xent loss = 8.06841, l2 loss = 6.73289 (max 14.95), (true 322, predicted [879])
attack: step 5/10, xent loss = 8.09115, l2 loss = 8.78542 (max 14.95), (true 322, predicted [879])
attack: step 6/10, xent loss = 7.76907, l2 loss = 9.31003 (max 14.95), (true 322, predicted [879])
attack: step 7/10, xent loss = 8.36722, l2 loss = 10.8115 (max 14.95), (true 322, predicted [879])
attack: step 8/10, xent loss = 7.89094, l2 loss = 12.6084 (max 14.95), (true 322, predicted [723])
attack: step 9/10, xent loss = 7.84212, l2 loss = 13.3732 (max 14.95), (true 322, predicted [879])
attack: step 10/10, xent loss = 8.4003, l2 loss = 14.601 (max 14.95), (true 322, predicted [417])
check failed
true = 322, adv = 417
evaluating 261 of [260, 270)
attack: step 1/10, xent loss = 3.5867, l2 loss = 0 (max 14.95), (true 462, predicted [879])
attack: step 2/10, xent loss = 2.10998, l2 loss = 6.98428 (max 14.95), (true 462, predicted [879])
attack: step 3/10, xent loss = 4.63757, l2 loss = 10.708 (max 14.95), (true 462, predicted [879])
attack: step 4/10, xent loss = 4.1305, l2 loss = 13.2525 (max 14.95), (true 462, predicted [879])
attack: step 5/10, xent loss = 6.53242, l2 loss = 16.9469 (max 14.95), (true 462, predicted [701])
attack: step 6/10, xent loss = 7.19566, l2 loss = 17.4257 (max 14.95), (true 462, predicted [879])
attack: step 7/10, xent loss = 8.28341, l2 loss = 19.5694 (max 14.95), (true 462, predicted [879])
attack: step 8/10, xent loss = 5.29298, l2 loss = 21.6925 (max 14.95), (true 462, predicted [879])
attack: step 9/10, xent loss = 6.7452, l2 loss = 23.4424 (max 14.95), (true 462, predicted [701])
attack: step 10/10, xent loss = 6.08905, l2 loss = 24.5768 (max 14.95), (true 462, predicted [879])
check failed
true = 462, adv = 879
evaluating 262 of [260, 270)
attack: step 1/10, xent loss = 8.39623, l2 loss = 0 (max 14.95), (true 151, predicted [692])
attack: step 2/10, xent loss = 8.53805, l2 loss = 3.36984 (max 14.95), (true 151, predicted [728])
attack: step 3/10, xent loss = 9.39926, l2 loss = 5.22689 (max 14.95), (true 151, predicted [728])
attack: step 4/10, xent loss = 9.27355, l2 loss = 7.39559 (max 14.95), (true 151, predicted [728])
attack: step 5/10, xent loss = 8.85707, l2 loss = 10.5513 (max 14.95), (true 151, predicted [728])
attack: step 6/10, xent loss = 9.2579, l2 loss = 11.2335 (max 14.95), (true 151, predicted [728])
attack: step 7/10, xent loss = 8.97612, l2 loss = 12.3356 (max 14.95), (true 151, predicted [728])
attack: step 8/10, xent loss = 9.89308, l2 loss = 13.2658 (max 14.95), (true 151, predicted [728])
attack: step 9/10, xent loss = 10.5346, l2 loss = 14.3813 (max 14.95), (true 151, predicted [728])
attack: step 10/10, xent loss = 13.7732, l2 loss = 16.4472 (max 14.95), (true 151, predicted [728])
check failed
true = 151, adv = 728
evaluating 263 of [260, 270)
attack: step 1/10, xent loss = 8.05195, l2 loss = 0 (max 14.95), (true 207, predicted [478])
attack: step 2/10, xent loss = 8.21904, l2 loss = 3.08086 (max 14.95), (true 207, predicted [478])
attack: step 3/10, xent loss = 8.5982, l2 loss = 3.86054 (max 14.95), (true 207, predicted [478])
attack: step 4/10, xent loss = 8.41332, l2 loss = 4.5685 (max 14.95), (true 207, predicted [478])
attack: step 5/10, xent loss = 9.54438, l2 loss = 5.24172 (max 14.95), (true 207, predicted [478])
attack: step 6/10, xent loss = 12.1895, l2 loss = 6.33271 (max 14.95), (true 207, predicted [478])
attack: step 7/10, xent loss = 9.62402, l2 loss = 7.92377 (max 14.95), (true 207, predicted [478])
attack: step 8/10, xent loss = 8.9792, l2 loss = 8.76038 (max 14.95), (true 207, predicted [478])
attack: step 9/10, xent loss = 9.76797, l2 loss = 9.52451 (max 14.95), (true 207, predicted [478])
attack: step 10/10, xent loss = 9.22416, l2 loss = 10.0593 (max 14.95), (true 207, predicted [478])
true = 207, adv = 478
evaluating 264 of [260, 270)
attack: step 1/10, xent loss = 5.95879, l2 loss = 0 (max 14.95), (true 403, predicted [672])
attack: step 2/10, xent loss = 8.05224, l2 loss = 10.6576 (max 14.95), (true 403, predicted [672])
attack: step 3/10, xent loss = 7.43395, l2 loss = 11.3365 (max 14.95), (true 403, predicted [672])
attack: step 4/10, xent loss = 7.91032, l2 loss = 13.2218 (max 14.95), (true 403, predicted [672])
attack: step 5/10, xent loss = 9.19987, l2 loss = 15.5424 (max 14.95), (true 403, predicted [672])
attack: step 6/10, xent loss = 9.80255, l2 loss = 16.3996 (max 14.95), (true 403, predicted [672])
attack: step 7/10, xent loss = 9.64601, l2 loss = 18.1293 (max 14.95), (true 403, predicted [672])
attack: step 8/10, xent loss = 8.2769, l2 loss = 19.8447 (max 14.95), (true 403, predicted [672])
attack: step 9/10, xent loss = 6.88158, l2 loss = 20.5511 (max 14.95), (true 403, predicted [672])
attack: step 10/10, xent loss = 10.1287, l2 loss = 20.8378 (max 14.95), (true 403, predicted [672])
check failed
true = 403, adv = 672
evaluating 265 of [260, 270)
attack: step 1/10, xent loss = 10.4914, l2 loss = 0 (max 14.95), (true 344, predicted [883])
attack: step 2/10, xent loss = 9.4348, l2 loss = 3.89189 (max 14.95), (true 344, predicted [883])
attack: step 3/10, xent loss = 9.03034, l2 loss = 5.27254 (max 14.95), (true 344, predicted [723])
attack: step 4/10, xent loss = 8.56203, l2 loss = 6.05453 (max 14.95), (true 344, predicted [723])
attack: step 5/10, xent loss = 10.3536, l2 loss = 6.82389 (max 14.95), (true 344, predicted [723])
attack: step 6/10, xent loss = 9.23389, l2 loss = 7.59657 (max 14.95), (true 344, predicted [723])
attack: step 7/10, xent loss = 8.44467, l2 loss = 8.59127 (max 14.95), (true 344, predicted [723])
attack: step 8/10, xent loss = 9.9853, l2 loss = 9.05578 (max 14.95), (true 344, predicted [723])
attack: step 9/10, xent loss = 8.8341, l2 loss = 11.0878 (max 14.95), (true 344, predicted [478])
attack: step 10/10, xent loss = 9.51523, l2 loss = 11.4371 (max 14.95), (true 344, predicted [723])
true = 344, adv = 723
evaluating 266 of [260, 270)
attack: step 1/10, xent loss = 7.64231, l2 loss = 0 (max 14.95), (true 353, predicted [619])
attack: step 2/10, xent loss = 6.91896, l2 loss = 1.6008 (max 14.95), (true 353, predicted [417])
attack: step 3/10, xent loss = 7.4706, l2 loss = 2.19014 (max 14.95), (true 353, predicted [607])
attack: step 4/10, xent loss = 7.45682, l2 loss = 2.69067 (max 14.95), (true 353, predicted [463])
attack: step 5/10, xent loss = 7.36718, l2 loss = 3.21719 (max 14.95), (true 353, predicted [723])
attack: step 6/10, xent loss = 8.17088, l2 loss = 3.51021 (max 14.95), (true 353, predicted [607])
attack: step 7/10, xent loss = 7.16892, l2 loss = 3.84765 (max 14.95), (true 353, predicted [701])
attack: step 8/10, xent loss = 7.69859, l2 loss = 4.15871 (max 14.95), (true 353, predicted [607])
attack: step 9/10, xent loss = 7.39656, l2 loss = 4.37278 (max 14.95), (true 353, predicted [607])
attack: step 10/10, xent loss = 7.3157, l2 loss = 4.61052 (max 14.95), (true 353, predicted [607])
true = 353, adv = 607
evaluating 267 of [260, 270)
attack: step 1/10, xent loss = 1.97522, l2 loss = 0 (max 14.95), (true 323, predicted [323])
attack: step 2/10, xent loss = 2.23826, l2 loss = 2.82179 (max 14.95), (true 323, predicted [701])
attack: step 3/10, xent loss = 2.59854, l2 loss = 4.51485 (max 14.95), (true 323, predicted [701])
attack: step 4/10, xent loss = 1.48315, l2 loss = 5.84289 (max 14.95), (true 323, predicted [323])
attack: step 5/10, xent loss = 3.13239, l2 loss = 6.29231 (max 14.95), (true 323, predicted [701])
attack: step 6/10, xent loss = 1.29307, l2 loss = 7.50939 (max 14.95), (true 323, predicted [323])
attack: step 7/10, xent loss = 2.63329, l2 loss = 8.03752 (max 14.95), (true 323, predicted [701])
attack: step 8/10, xent loss = 3.14835, l2 loss = 9.24849 (max 14.95), (true 323, predicted [723])
attack: step 9/10, xent loss = 1.69324, l2 loss = 9.98974 (max 14.95), (true 323, predicted [323])
attack: step 10/10, xent loss = 3.27708, l2 loss = 10.4993 (max 14.95), (true 323, predicted [417])
true = 323, adv = 323
evaluating 268 of [260, 270)
attack: step 1/10, xent loss = 8.92017, l2 loss = 0 (max 14.95), (true 883, predicted [879])
attack: step 2/10, xent loss = 8.69747, l2 loss = 6.36731 (max 14.95), (true 883, predicted [879])
attack: step 3/10, xent loss = 7.955, l2 loss = 8.97392 (max 14.95), (true 883, predicted [879])
attack: step 4/10, xent loss = 7.36987, l2 loss = 10.8068 (max 14.95), (true 883, predicted [879])
attack: step 5/10, xent loss = 7.9679, l2 loss = 11.8082 (max 14.95), (true 883, predicted [879])
attack: step 6/10, xent loss = 8.74441, l2 loss = 12.7872 (max 14.95), (true 883, predicted [879])
attack: step 7/10, xent loss = 6.83909, l2 loss = 13.5995 (max 14.95), (true 883, predicted [879])
attack: step 8/10, xent loss = 7.56512, l2 loss = 14.59 (max 14.95), (true 883, predicted [879])
attack: step 9/10, xent loss = 8.79298, l2 loss = 16.1991 (max 14.95), (true 883, predicted [879])
attack: step 10/10, xent loss = 8.49937, l2 loss = 17.5946 (max 14.95), (true 883, predicted [879])
check failed
true = 883, adv = 879
evaluating 269 of [260, 270)
attack: step 1/10, xent loss = 1.94063, l2 loss = 0 (max 14.95), (true 796, predicted [399])
attack: step 2/10, xent loss = 5.76197, l2 loss = 11.3213 (max 14.95), (true 796, predicted [701])
attack: step 3/10, xent loss = 6.97397, l2 loss = 12.845 (max 14.95), (true 796, predicted [701])
attack: step 4/10, xent loss = 6.89085, l2 loss = 15.4659 (max 14.95), (true 796, predicted [578])
attack: step 5/10, xent loss = 5.56223, l2 loss = 15.7821 (max 14.95), (true 796, predicted [400])
attack: step 6/10, xent loss = 6.59687, l2 loss = 16.8904 (max 14.95), (true 796, predicted [701])
attack: step 7/10, xent loss = 6.9167, l2 loss = 17.4512 (max 14.95), (true 796, predicted [701])
attack: step 8/10, xent loss = 7.41643, l2 loss = 17.8884 (max 14.95), (true 796, predicted [667])
attack: step 9/10, xent loss = 6.78703, l2 loss = 18.0703 (max 14.95), (true 796, predicted [701])
attack: step 10/10, xent loss = 7.47102, l2 loss = 18.27 (max 14.95), (true 796, predicted [701])
check failed
true = 796, adv = 879
