2019-11-04 05:45:45.451926: I tensorflow/core/platform/cpu_feature_guard.cc:141] Your CPU supports instructions that this TensorFlow binary was not compiled to use: SSE4.1 SSE4.2 AVX AVX2 FMA
2019-11-04 05:45:45.458449: I tensorflow/core/platform/profile_utils/cpu_utils.cc:94] CPU Frequency: 2599995000 Hz
2019-11-04 05:45:45.458568: I tensorflow/compiler/xla/service/service.cc:150] XLA service 0x55555902e730 executing computations on platform Host. Devices:
2019-11-04 05:45:45.458585: I tensorflow/compiler/xla/service/service.cc:158]   StreamExecutor device (0): <undefined>, <undefined>
2019-11-04 05:45:45.458806: I tensorflow/core/common_runtime/process_util.cc:71] Creating new thread pool with default inter op setting: 2. Tune using inter_op_parallelism_threads for best performance.
evaluating 120 of [120, 130)
attack: step 1/1, xent loss = 0.676178, l2 loss = 37.9841 (max 14.95), (true 125, predicted [125])
check failed
true = 125, adv = 728
evaluating 121 of [120, 130)
attack: step 1/1, xent loss = 7.24751, l2 loss = 46.5456 (max 14.95), (true 6, predicted [36])
check failed
true = 6, adv = 728
evaluating 122 of [120, 130)
attack: step 1/1, xent loss = 0.615299, l2 loss = 1.28818 (max 14.95), (true 190, predicted [190])
true = 190, adv = 190
evaluating 123 of [120, 130)
attack: step 1/1, xent loss = 4.48696, l2 loss = 18.8737 (max 14.95), (true 712, predicted [599])
check failed
true = 712, adv = 599
evaluating 124 of [120, 130)
attack: step 1/1, xent loss = 6.65621, l2 loss = 23.7575 (max 14.95), (true 502, predicted [121])
check failed
true = 502, adv = 121
evaluating 125 of [120, 130)
attack: step 1/1, xent loss = 5.45716, l2 loss = 15.2552 (max 14.95), (true 581, predicted [656])
check failed
true = 581, adv = 830
evaluating 126 of [120, 130)
attack: step 1/1, xent loss = 12.9943, l2 loss = 29.3366 (max 14.95), (true 59, predicted [645])
check failed
true = 59, adv = 645
evaluating 127 of [120, 130)
attack: step 1/1, xent loss = 0.523013, l2 loss = 1.84092 (max 14.95), (true 383, predicted [383])
true = 383, adv = 383
evaluating 128 of [120, 130)
attack: step 1/1, xent loss = 2.60085, l2 loss = 41.4151 (max 14.95), (true 361, predicted [343])
check failed
true = 361, adv = 552
evaluating 129 of [120, 130)
attack: step 1/1, xent loss = 0.104394, l2 loss = 35.1697 (max 14.95), (true 295, predicted [295])
check failed
true = 295, adv = 728
