2019-06-25 14:29:45.913827: I tensorflow/core/platform/cpu_feature_guard.cc:141] Your CPU supports instructions that this TensorFlow binary was not compiled to use: SSE4.1 SSE4.2 AVX AVX2 FMA
2019-06-25 14:29:45.922482: I tensorflow/core/platform/profile_utils/cpu_utils.cc:94] CPU Frequency: 2599830000 Hz
2019-06-25 14:29:45.922690: I tensorflow/compiler/xla/service/service.cc:150] XLA service 0x2aaae6d4a390 executing computations on platform Host. Devices:
2019-06-25 14:29:45.922719: I tensorflow/compiler/xla/service/service.cc:158]   StreamExecutor device (0): <undefined>, <undefined>
2019-06-25 14:29:45.923039: I tensorflow/core/common_runtime/process_util.cc:71] Creating new thread pool with default inter op setting: 2. Tune using inter_op_parallelism_threads for best performance.
evaluating 210 of [210, 220)
attack: step 1/10, xent loss = 29.4123, l2 loss = 26.6892 (max 14.95), (true 443, predicted [728])
attack: step 2/10, xent loss = 30.5446, l2 loss = 28.6478 (max 14.95), (true 443, predicted [728])
attack: step 3/10, xent loss = 35.294, l2 loss = 29.958 (max 14.95), (true 443, predicted [728])
attack: step 4/10, xent loss = 39.3912, l2 loss = 30.9761 (max 14.95), (true 443, predicted [728])
attack: step 5/10, xent loss = 37.8258, l2 loss = 32.2037 (max 14.95), (true 443, predicted [728])
attack: step 6/10, xent loss = 43.033, l2 loss = 33.8304 (max 14.95), (true 443, predicted [728])
attack: step 7/10, xent loss = 39.0598, l2 loss = 35.1361 (max 14.95), (true 443, predicted [728])
attack: step 8/10, xent loss = 47.7084, l2 loss = 36.4109 (max 14.95), (true 443, predicted [728])
attack: step 9/10, xent loss = 43.0495, l2 loss = 37.4384 (max 14.95), (true 443, predicted [728])
attack: step 10/10, xent loss = 38.5056, l2 loss = 39.6596 (max 14.95), (true 443, predicted [728])
check failed
true = 443, adv = 728
evaluating 211 of [210, 220)
attack: step 1/10, xent loss = 6.67151, l2 loss = 9.88778 (max 14.95), (true 770, predicted [389])
attack: step 2/10, xent loss = 6.59976, l2 loss = 10.1139 (max 14.95), (true 770, predicted [389])
attack: step 3/10, xent loss = 6.65968, l2 loss = 10.315 (max 14.95), (true 770, predicted [389])
attack: step 4/10, xent loss = 6.31134, l2 loss = 10.7023 (max 14.95), (true 770, predicted [412])
attack: step 5/10, xent loss = 6.22651, l2 loss = 11.0525 (max 14.95), (true 770, predicted [148])
attack: step 6/10, xent loss = 6.46214, l2 loss = 11.3839 (max 14.95), (true 770, predicted [389])
attack: step 7/10, xent loss = 6.8434, l2 loss = 11.6945 (max 14.95), (true 770, predicted [643])
attack: step 8/10, xent loss = 7.48481, l2 loss = 11.9507 (max 14.95), (true 770, predicted [412])
attack: step 9/10, xent loss = 6.87285, l2 loss = 12.4544 (max 14.95), (true 770, predicted [412])
attack: step 10/10, xent loss = 6.98992, l2 loss = 12.6437 (max 14.95), (true 770, predicted [389])
true = 770, adv = 412
evaluating 212 of [210, 220)
attack: step 1/10, xent loss = 0.034633, l2 loss = 0.30468 (max 14.95), (true 607, predicted [607])
attack: step 2/10, xent loss = 0.0288459, l2 loss = 0.323444 (max 14.95), (true 607, predicted [607])
attack: step 3/10, xent loss = 0.0515636, l2 loss = 0.340782 (max 14.95), (true 607, predicted [607])
attack: step 4/10, xent loss = 0.0256984, l2 loss = 0.374282 (max 14.95), (true 607, predicted [607])
attack: step 5/10, xent loss = 0.0357406, l2 loss = 0.387071 (max 14.95), (true 607, predicted [607])
attack: step 6/10, xent loss = 0.0396399, l2 loss = 0.402594 (max 14.95), (true 607, predicted [607])
attack: step 7/10, xent loss = 0.0260927, l2 loss = 0.421704 (max 14.95), (true 607, predicted [607])
attack: step 8/10, xent loss = 0.023472, l2 loss = 0.435015 (max 14.95), (true 607, predicted [607])
attack: step 9/10, xent loss = 0.0575539, l2 loss = 0.445152 (max 14.95), (true 607, predicted [607])
attack: step 10/10, xent loss = 0.0449774, l2 loss = 0.492846 (max 14.95), (true 607, predicted [607])
true = 607, adv = 607
evaluating 213 of [210, 220)
attack: step 1/10, xent loss = 0.438733, l2 loss = 1.86579 (max 14.95), (true 866, predicted [866])
attack: step 2/10, xent loss = 0.374325, l2 loss = 2.2746 (max 14.95), (true 866, predicted [866])
attack: step 3/10, xent loss = 0.304836, l2 loss = 2.52062 (max 14.95), (true 866, predicted [866])
attack: step 4/10, xent loss = 0.27218, l2 loss = 2.71807 (max 14.95), (true 866, predicted [866])
attack: step 5/10, xent loss = 0.469239, l2 loss = 2.87964 (max 14.95), (true 866, predicted [866])
attack: step 6/10, xent loss = 0.472874, l2 loss = 3.13732 (max 14.95), (true 866, predicted [866])
attack: step 7/10, xent loss = 0.649259, l2 loss = 3.3558 (max 14.95), (true 866, predicted [866])
attack: step 8/10, xent loss = 0.768759, l2 loss = 3.93636 (max 14.95), (true 866, predicted [866])
attack: step 9/10, xent loss = 0.702021, l2 loss = 4.36146 (max 14.95), (true 866, predicted [866])
attack: step 10/10, xent loss = 0.770983, l2 loss = 4.72043 (max 14.95), (true 866, predicted [866])
true = 866, adv = 595
evaluating 214 of [210, 220)
attack: step 1/10, xent loss = 10.4764, l2 loss = 15.3833 (max 14.95), (true 234, predicted [238])
attack: step 2/10, xent loss = 11.4433, l2 loss = 15.7759 (max 14.95), (true 234, predicted [238])
attack: step 3/10, xent loss = 10.6567, l2 loss = 16.2958 (max 14.95), (true 234, predicted [238])
attack: step 4/10, xent loss = 11.8717, l2 loss = 16.9665 (max 14.95), (true 234, predicted [238])
attack: step 5/10, xent loss = 12.6598, l2 loss = 17.2624 (max 14.95), (true 234, predicted [238])
attack: step 6/10, xent loss = 11.2633, l2 loss = 17.5768 (max 14.95), (true 234, predicted [238])
attack: step 7/10, xent loss = 12.4373, l2 loss = 18.0056 (max 14.95), (true 234, predicted [238])
attack: step 8/10, xent loss = 14.8115, l2 loss = 18.3741 (max 14.95), (true 234, predicted [238])
attack: step 9/10, xent loss = 13.3679, l2 loss = 18.6653 (max 14.95), (true 234, predicted [238])
attack: step 10/10, xent loss = 14.3588, l2 loss = 19.0358 (max 14.95), (true 234, predicted [238])
check failed
true = 234, adv = 238
evaluating 215 of [210, 220)
attack: step 1/10, xent loss = 7.13021, l2 loss = 10.16 (max 14.95), (true 702, predicted [701])
attack: step 2/10, xent loss = 8.77223, l2 loss = 10.7856 (max 14.95), (true 702, predicted [223])
attack: step 3/10, xent loss = 10.3093, l2 loss = 11.5794 (max 14.95), (true 702, predicted [245])
attack: step 4/10, xent loss = 11.036, l2 loss = 13.5825 (max 14.95), (true 702, predicted [179])
attack: step 5/10, xent loss = 13.2119, l2 loss = 15.1052 (max 14.95), (true 702, predicted [179])
attack: step 6/10, xent loss = 11.7333, l2 loss = 16.1568 (max 14.95), (true 702, predicted [179])
attack: step 7/10, xent loss = 10.4979, l2 loss = 17.136 (max 14.95), (true 702, predicted [262])
attack: step 8/10, xent loss = 12.3795, l2 loss = 19.1106 (max 14.95), (true 702, predicted [262])
attack: step 9/10, xent loss = 12.6908, l2 loss = 21.9677 (max 14.95), (true 702, predicted [236])
attack: step 10/10, xent loss = 10.2904, l2 loss = 22.4253 (max 14.95), (true 702, predicted [203])
check failed
true = 702, adv = 262
evaluating 216 of [210, 220)
attack: step 1/10, xent loss = 28.6095, l2 loss = 21.8567 (max 14.95), (true 112, predicted [552])
attack: step 2/10, xent loss = 29.7255, l2 loss = 24.0605 (max 14.95), (true 112, predicted [552])
attack: step 3/10, xent loss = 31.477, l2 loss = 25.1264 (max 14.95), (true 112, predicted [552])
attack: step 4/10, xent loss = 34.588, l2 loss = 26.4123 (max 14.95), (true 112, predicted [552])
attack: step 5/10, xent loss = 35.8843, l2 loss = 27.7471 (max 14.95), (true 112, predicted [552])
attack: step 6/10, xent loss = 38.0895, l2 loss = 29.2119 (max 14.95), (true 112, predicted [552])
attack: step 7/10, xent loss = 36.866, l2 loss = 30.2587 (max 14.95), (true 112, predicted [552])
attack: step 8/10, xent loss = 37.9481, l2 loss = 31.6524 (max 14.95), (true 112, predicted [552])
attack: step 9/10, xent loss = 34.9461, l2 loss = 32.7811 (max 14.95), (true 112, predicted [552])
attack: step 10/10, xent loss = 42.311, l2 loss = 34.1293 (max 14.95), (true 112, predicted [552])
check failed
true = 112, adv = 552
evaluating 217 of [210, 220)
attack: step 1/10, xent loss = 9.74629, l2 loss = 14.1158 (max 14.95), (true 167, predicted [169])
attack: step 2/10, xent loss = 10.4214, l2 loss = 14.6509 (max 14.95), (true 167, predicted [169])
attack: step 3/10, xent loss = 11.5491, l2 loss = 15.4534 (max 14.95), (true 167, predicted [169])
attack: step 4/10, xent loss = 12.4641, l2 loss = 16.1536 (max 14.95), (true 167, predicted [169])
attack: step 5/10, xent loss = 12.171, l2 loss = 16.8172 (max 14.95), (true 167, predicted [169])
attack: step 6/10, xent loss = 8.91942, l2 loss = 17.3434 (max 14.95), (true 167, predicted [169])
attack: step 7/10, xent loss = 13.8667, l2 loss = 18.2078 (max 14.95), (true 167, predicted [169])
attack: step 8/10, xent loss = 13.1612, l2 loss = 19.1163 (max 14.95), (true 167, predicted [169])
attack: step 9/10, xent loss = 14.608, l2 loss = 20.0681 (max 14.95), (true 167, predicted [169])
attack: step 10/10, xent loss = 12.9032, l2 loss = 21.0292 (max 14.95), (true 167, predicted [169])
check failed
true = 167, adv = 169
evaluating 218 of [210, 220)
attack: step 1/10, xent loss = 12.3665, l2 loss = 12.3086 (max 14.95), (true 726, predicted [588])
attack: step 2/10, xent loss = 17.2731, l2 loss = 14.5497 (max 14.95), (true 726, predicted [588])
attack: step 3/10, xent loss = 20.3088, l2 loss = 16.8579 (max 14.95), (true 726, predicted [588])
attack: step 4/10, xent loss = 18.7451, l2 loss = 18.6002 (max 14.95), (true 726, predicted [588])
attack: step 5/10, xent loss = 24.1468, l2 loss = 20.2922 (max 14.95), (true 726, predicted [588])
attack: step 6/10, xent loss = 25.6319, l2 loss = 21.7884 (max 14.95), (true 726, predicted [588])
attack: step 7/10, xent loss = 25.0162, l2 loss = 23.1067 (max 14.95), (true 726, predicted [588])
attack: step 8/10, xent loss = 29.0572, l2 loss = 24.4282 (max 14.95), (true 726, predicted [588])
attack: step 9/10, xent loss = 25.3577, l2 loss = 25.749 (max 14.95), (true 726, predicted [588])
attack: step 10/10, xent loss = 28.4568, l2 loss = 27.1528 (max 14.95), (true 726, predicted [588])
check failed
true = 726, adv = 588
evaluating 219 of [210, 220)
attack: step 1/10, xent loss = 22.8889, l2 loss = 18.1047 (max 14.95), (true 266, predicted [728])
attack: step 2/10, xent loss = 19.6964, l2 loss = 19.1403 (max 14.95), (true 266, predicted [728])
attack: step 3/10, xent loss = 23.0412, l2 loss = 20.0879 (max 14.95), (true 266, predicted [728])
attack: step 4/10, xent loss = 22.4567, l2 loss = 20.9552 (max 14.95), (true 266, predicted [728])
attack: step 5/10, xent loss = 23.7094, l2 loss = 22.0639 (max 14.95), (true 266, predicted [728])
attack: step 6/10, xent loss = 25.2742, l2 loss = 22.8793 (max 14.95), (true 266, predicted [728])
attack: step 7/10, xent loss = 26.5613, l2 loss = 23.9226 (max 14.95), (true 266, predicted [728])
attack: step 8/10, xent loss = 25.1412, l2 loss = 24.764 (max 14.95), (true 266, predicted [728])
attack: step 9/10, xent loss = 27.6535, l2 loss = 25.7645 (max 14.95), (true 266, predicted [728])
attack: step 10/10, xent loss = 29.3803, l2 loss = 26.6962 (max 14.95), (true 266, predicted [728])
check failed
true = 266, adv = 728
