2019-06-25 16:34:20.159388: I tensorflow/core/platform/cpu_feature_guard.cc:141] Your CPU supports instructions that this TensorFlow binary was not compiled to use: SSE4.1 SSE4.2 AVX AVX2 FMA
2019-06-25 16:34:21.118973: I tensorflow/core/platform/profile_utils/cpu_utils.cc:94] CPU Frequency: 2599925000 Hz
2019-06-25 16:34:21.160156: I tensorflow/compiler/xla/service/service.cc:150] XLA service 0x2aaae74bf2f0 executing computations on platform Host. Devices:
2019-06-25 16:34:21.160385: I tensorflow/compiler/xla/service/service.cc:158]   StreamExecutor device (0): <undefined>, <undefined>
2019-06-25 16:34:21.161134: I tensorflow/core/common_runtime/process_util.cc:71] Creating new thread pool with default inter op setting: 2. Tune using inter_op_parallelism_threads for best performance.
evaluating 880 of [880, 890)
attack: step 1/10, xent loss = 13.0934, l2 loss = 10.391 (max 14.95), (true 962, predicted [965])
attack: step 2/10, xent loss = 12.6773, l2 loss = 11.1354 (max 14.95), (true 962, predicted [965])
attack: step 3/10, xent loss = 14.7001, l2 loss = 11.9507 (max 14.95), (true 962, predicted [965])
attack: step 4/10, xent loss = 15.7158, l2 loss = 12.6334 (max 14.95), (true 962, predicted [965])
attack: step 5/10, xent loss = 16.7814, l2 loss = 13.2295 (max 14.95), (true 962, predicted [965])
attack: step 6/10, xent loss = 15.6433, l2 loss = 13.9217 (max 14.95), (true 962, predicted [965])
attack: step 7/10, xent loss = 17.3557, l2 loss = 14.5416 (max 14.95), (true 962, predicted [965])
attack: step 8/10, xent loss = 16.3515, l2 loss = 15.0841 (max 14.95), (true 962, predicted [965])
attack: step 9/10, xent loss = 17.0503, l2 loss = 15.7022 (max 14.95), (true 962, predicted [965])
attack: step 10/10, xent loss = 17.5107, l2 loss = 16.3051 (max 14.95), (true 962, predicted [965])
check failed
true = 962, adv = 965
evaluating 881 of [880, 890)
attack: step 1/10, xent loss = 9.41415, l2 loss = 19.398 (max 14.95), (true 875, predicted [700])
attack: step 2/10, xent loss = 9.64596, l2 loss = 20.8887 (max 14.95), (true 875, predicted [700])
attack: step 3/10, xent loss = 8.31375, l2 loss = 21.7282 (max 14.95), (true 875, predicted [700])
attack: step 4/10, xent loss = 8.42555, l2 loss = 23.0014 (max 14.95), (true 875, predicted [700])
attack: step 5/10, xent loss = 10.7808, l2 loss = 23.817 (max 14.95), (true 875, predicted [700])
attack: step 6/10, xent loss = 7.56768, l2 loss = 25.0431 (max 14.95), (true 875, predicted [700])
attack: step 7/10, xent loss = 10.7285, l2 loss = 25.8125 (max 14.95), (true 875, predicted [700])
attack: step 8/10, xent loss = 9.78471, l2 loss = 26.5586 (max 14.95), (true 875, predicted [700])
attack: step 9/10, xent loss = 10.2969, l2 loss = 26.9919 (max 14.95), (true 875, predicted [700])
attack: step 10/10, xent loss = 11.3637, l2 loss = 28.0202 (max 14.95), (true 875, predicted [700])
check failed
true = 875, adv = 700
evaluating 882 of [880, 890)
attack: step 1/10, xent loss = 23.5223, l2 loss = 25.8657 (max 14.95), (true 262, predicted [793])
attack: step 2/10, xent loss = 24.9461, l2 loss = 28.1375 (max 14.95), (true 262, predicted [793])
attack: step 3/10, xent loss = 19.5035, l2 loss = 29.9021 (max 14.95), (true 262, predicted [793])
attack: step 4/10, xent loss = 25.2429, l2 loss = 31.3159 (max 14.95), (true 262, predicted [793])
attack: step 5/10, xent loss = 32.0242, l2 loss = 33.1353 (max 14.95), (true 262, predicted [793])
attack: step 6/10, xent loss = 34.4409, l2 loss = 34.4853 (max 14.95), (true 262, predicted [793])
attack: step 7/10, xent loss = 32.8826, l2 loss = 35.6677 (max 14.95), (true 262, predicted [793])
attack: step 8/10, xent loss = 35.2452, l2 loss = 37.3447 (max 14.95), (true 262, predicted [793])
attack: step 9/10, xent loss = 35.3065, l2 loss = 39.0649 (max 14.95), (true 262, predicted [793])
attack: step 10/10, xent loss = 39.001, l2 loss = 40.11 (max 14.95), (true 262, predicted [793])
check failed
true = 262, adv = 793
evaluating 883 of [880, 890)
attack: step 1/10, xent loss = 19.6136, l2 loss = 16.1044 (max 14.95), (true 824, predicted [797])
attack: step 2/10, xent loss = 19.4307, l2 loss = 17.8614 (max 14.95), (true 824, predicted [797])
attack: step 3/10, xent loss = 21.3599, l2 loss = 18.9618 (max 14.95), (true 824, predicted [797])
attack: step 4/10, xent loss = 22.5177, l2 loss = 20.1363 (max 14.95), (true 824, predicted [797])
attack: step 5/10, xent loss = 23.1834, l2 loss = 21.8252 (max 14.95), (true 824, predicted [797])
attack: step 6/10, xent loss = 23.2843, l2 loss = 23.8675 (max 14.95), (true 824, predicted [797])
attack: step 7/10, xent loss = 25.0263, l2 loss = 24.7673 (max 14.95), (true 824, predicted [797])
attack: step 8/10, xent loss = 27.5386, l2 loss = 25.4677 (max 14.95), (true 824, predicted [797])
attack: step 9/10, xent loss = 29.3168, l2 loss = 26.4012 (max 14.95), (true 824, predicted [797])
attack: step 10/10, xent loss = 27.7103, l2 loss = 27.4621 (max 14.95), (true 824, predicted [797])
check failed
true = 824, adv = 797
evaluating 884 of [880, 890)
attack: step 1/10, xent loss = 15.9207, l2 loss = 25.3001 (max 14.95), (true 319, predicted [795])
attack: step 2/10, xent loss = 17.3568, l2 loss = 25.9661 (max 14.95), (true 319, predicted [795])
attack: step 3/10, xent loss = 17.1783, l2 loss = 26.6741 (max 14.95), (true 319, predicted [795])
attack: step 4/10, xent loss = 16.5182, l2 loss = 27.2143 (max 14.95), (true 319, predicted [795])
attack: step 5/10, xent loss = 16.4466, l2 loss = 28.2378 (max 14.95), (true 319, predicted [795])
attack: step 6/10, xent loss = 19.859, l2 loss = 28.8128 (max 14.95), (true 319, predicted [795])
attack: step 7/10, xent loss = 15.1478, l2 loss = 29.7309 (max 14.95), (true 319, predicted [795])
attack: step 8/10, xent loss = 16.1435, l2 loss = 31.4555 (max 14.95), (true 319, predicted [795])
attack: step 9/10, xent loss = 18.2655, l2 loss = 32.388 (max 14.95), (true 319, predicted [795])
attack: step 10/10, xent loss = 18.3615, l2 loss = 32.9045 (max 14.95), (true 319, predicted [795])
check failed
true = 319, adv = 795
evaluating 885 of [880, 890)
attack: step 1/10, xent loss = 8.91312, l2 loss = 11.654 (max 14.95), (true 908, predicted [895])
attack: step 2/10, xent loss = 9.62031, l2 loss = 12.1878 (max 14.95), (true 908, predicted [895])
attack: step 3/10, xent loss = 10.6776, l2 loss = 12.5184 (max 14.95), (true 908, predicted [895])
attack: step 4/10, xent loss = 11.0122, l2 loss = 12.8857 (max 14.95), (true 908, predicted [895])
attack: step 5/10, xent loss = 10.6088, l2 loss = 13.2413 (max 14.95), (true 908, predicted [895])
attack: step 6/10, xent loss = 10.2596, l2 loss = 13.6485 (max 14.95), (true 908, predicted [895])
attack: step 7/10, xent loss = 11.7934, l2 loss = 14.0437 (max 14.95), (true 908, predicted [895])
attack: step 8/10, xent loss = 11.4344, l2 loss = 14.3586 (max 14.95), (true 908, predicted [895])
attack: step 9/10, xent loss = 12.7557, l2 loss = 14.6818 (max 14.95), (true 908, predicted [895])
attack: step 10/10, xent loss = 12.6476, l2 loss = 14.943 (max 14.95), (true 908, predicted [895])
check failed
true = 908, adv = 895
evaluating 886 of [880, 890)
attack: step 1/10, xent loss = 6.92781, l2 loss = 9.41413 (max 14.95), (true 942, predicted [502])
attack: step 2/10, xent loss = 8.06347, l2 loss = 9.74505 (max 14.95), (true 942, predicted [502])
attack: step 3/10, xent loss = 9.43631, l2 loss = 10.104 (max 14.95), (true 942, predicted [502])
attack: step 4/10, xent loss = 11.8617, l2 loss = 10.8713 (max 14.95), (true 942, predicted [502])
attack: step 5/10, xent loss = 11.6011, l2 loss = 11.548 (max 14.95), (true 942, predicted [502])
attack: step 6/10, xent loss = 12.6831, l2 loss = 12.3707 (max 14.95), (true 942, predicted [502])
attack: step 7/10, xent loss = 12.9294, l2 loss = 13.3594 (max 14.95), (true 942, predicted [502])
attack: step 8/10, xent loss = 14.5519, l2 loss = 14.1391 (max 14.95), (true 942, predicted [502])
attack: step 9/10, xent loss = 15.9003, l2 loss = 14.9432 (max 14.95), (true 942, predicted [502])
attack: step 10/10, xent loss = 16.0464, l2 loss = 15.9251 (max 14.95), (true 942, predicted [502])
check failed
true = 942, adv = 502
evaluating 887 of [880, 890)
attack: step 1/10, xent loss = 12.3599, l2 loss = 20.859 (max 14.95), (true 265, predicted [295])
attack: step 2/10, xent loss = 13.087, l2 loss = 21.3319 (max 14.95), (true 265, predicted [295])
attack: step 3/10, xent loss = 15.806, l2 loss = 22.2627 (max 14.95), (true 265, predicted [295])
attack: step 4/10, xent loss = 14.5274, l2 loss = 22.72 (max 14.95), (true 265, predicted [295])
attack: step 5/10, xent loss = 15.6991, l2 loss = 23.7172 (max 14.95), (true 265, predicted [295])
attack: step 6/10, xent loss = 15.7203, l2 loss = 24.2753 (max 14.95), (true 265, predicted [295])
attack: step 7/10, xent loss = 13.9438, l2 loss = 25.0701 (max 14.95), (true 265, predicted [295])
attack: step 8/10, xent loss = 12.4523, l2 loss = 26.4571 (max 14.95), (true 265, predicted [295])
attack: step 9/10, xent loss = 14.2911, l2 loss = 28.8798 (max 14.95), (true 265, predicted [295])
attack: step 10/10, xent loss = 15.2964, l2 loss = 29.1982 (max 14.95), (true 265, predicted [295])
check failed
true = 265, adv = 295
evaluating 888 of [880, 890)
attack: step 1/10, xent loss = 15.42, l2 loss = 13.1279 (max 14.95), (true 962, predicted [728])
attack: step 2/10, xent loss = 16.4305, l2 loss = 14.6551 (max 14.95), (true 962, predicted [728])
attack: step 3/10, xent loss = 17.5302, l2 loss = 16.1743 (max 14.95), (true 962, predicted [728])
attack: step 4/10, xent loss = 17.6736, l2 loss = 17.2997 (max 14.95), (true 962, predicted [728])
attack: step 5/10, xent loss = 20.1301, l2 loss = 18.3718 (max 14.95), (true 962, predicted [728])
attack: step 6/10, xent loss = 22.1082, l2 loss = 19.3759 (max 14.95), (true 962, predicted [728])
attack: step 7/10, xent loss = 20.7397, l2 loss = 20.4713 (max 14.95), (true 962, predicted [728])
attack: step 8/10, xent loss = 23.2356, l2 loss = 21.5068 (max 14.95), (true 962, predicted [728])
attack: step 9/10, xent loss = 23.8055, l2 loss = 22.5334 (max 14.95), (true 962, predicted [728])
attack: step 10/10, xent loss = 25.0453, l2 loss = 23.4695 (max 14.95), (true 962, predicted [728])
check failed
true = 962, adv = 728
evaluating 889 of [880, 890)
attack: step 1/10, xent loss = 11.2473, l2 loss = 9.33455 (max 14.95), (true 374, predicted [204])
attack: step 2/10, xent loss = 10.8368, l2 loss = 10.0389 (max 14.95), (true 374, predicted [204])
attack: step 3/10, xent loss = 10.3973, l2 loss = 11.0508 (max 14.95), (true 374, predicted [204])
attack: step 4/10, xent loss = 11.8045, l2 loss = 11.937 (max 14.95), (true 374, predicted [204])
attack: step 5/10, xent loss = 11.6297, l2 loss = 12.7831 (max 14.95), (true 374, predicted [204])
attack: step 6/10, xent loss = 11.9971, l2 loss = 14.6131 (max 14.95), (true 374, predicted [204])
attack: step 7/10, xent loss = 12.343, l2 loss = 15.1763 (max 14.95), (true 374, predicted [204])
attack: step 8/10, xent loss = 13.6088, l2 loss = 16.5553 (max 14.95), (true 374, predicted [204])
attack: step 9/10, xent loss = 15.0864, l2 loss = 17.1463 (max 14.95), (true 374, predicted [204])
attack: step 10/10, xent loss = 12.844, l2 loss = 18.0093 (max 14.95), (true 374, predicted [204])
check failed
true = 374, adv = 204
