2019-06-03 21:55:33.597174: I tensorflow/core/platform/cpu_feature_guard.cc:141] Your CPU supports instructions that this TensorFlow binary was not compiled to use: SSE4.1 SSE4.2 AVX AVX2 FMA
2019-06-03 21:55:33.890105: I tensorflow/core/platform/profile_utils/cpu_utils.cc:94] CPU Frequency: 2600190000 Hz
2019-06-03 21:55:33.891994: I tensorflow/compiler/xla/service/service.cc:150] XLA service 0x2aaae6ac0920 executing computations on platform Host. Devices:
2019-06-03 21:55:33.892035: I tensorflow/compiler/xla/service/service.cc:158]   StreamExecutor device (0): <undefined>, <undefined>
2019-06-03 21:55:33.894107: I tensorflow/core/common_runtime/process_util.cc:71] Creating new thread pool with default inter op setting: 2. Tune using inter_op_parallelism_threads for best performance.
evaluating 160 of [160, 170)
attack: step 1/10, xent loss = 0.959087, l2 loss = 0 (max 14.95), (true 19, predicted [19])
attack: step 2/10, xent loss = 6.10803, l2 loss = 9.54686 (max 14.95), (true 19, predicted [89])
attack: step 3/10, xent loss = 8.86674, l2 loss = 13.1876 (max 14.95), (true 19, predicted [728])
attack: step 4/10, xent loss = 8.6631, l2 loss = 14.2385 (max 14.95), (true 19, predicted [728])
attack: step 5/10, xent loss = 13.9977, l2 loss = 16.116 (max 14.95), (true 19, predicted [728])
attack: step 6/10, xent loss = 14.7539, l2 loss = 19.8051 (max 14.95), (true 19, predicted [728])
attack: step 7/10, xent loss = 19.4397, l2 loss = 22.6603 (max 14.95), (true 19, predicted [728])
attack: step 8/10, xent loss = 18.1671, l2 loss = 25.3709 (max 14.95), (true 19, predicted [728])
attack: step 9/10, xent loss = 22.623, l2 loss = 28.0335 (max 14.95), (true 19, predicted [728])
attack: step 10/10, xent loss = 19.2187, l2 loss = 31.3133 (max 14.95), (true 19, predicted [728])
check failed
true = 19, adv = 728
evaluating 161 of [160, 170)
attack: step 1/10, xent loss = 0.874763, l2 loss = 0 (max 14.95), (true 71, predicted [71])
attack: step 2/10, xent loss = 2.79602, l2 loss = 2.57879 (max 14.95), (true 71, predicted [79])
attack: step 3/10, xent loss = 3.50689, l2 loss = 4.49779 (max 14.95), (true 71, predicted [79])
attack: step 4/10, xent loss = 3.73718, l2 loss = 5.76095 (max 14.95), (true 71, predicted [79])
attack: step 5/10, xent loss = 4.60244, l2 loss = 6.57856 (max 14.95), (true 71, predicted [79])
attack: step 6/10, xent loss = 6.78207, l2 loss = 7.31453 (max 14.95), (true 71, predicted [79])
attack: step 7/10, xent loss = 6.83617, l2 loss = 7.90765 (max 14.95), (true 71, predicted [79])
attack: step 8/10, xent loss = 7.69739, l2 loss = 8.38158 (max 14.95), (true 71, predicted [79])
attack: step 9/10, xent loss = 8.32645, l2 loss = 8.61331 (max 14.95), (true 71, predicted [79])
attack: step 10/10, xent loss = 7.90213, l2 loss = 8.84125 (max 14.95), (true 71, predicted [79])
true = 71, adv = 79
evaluating 162 of [160, 170)
attack: step 1/10, xent loss = 4.73887, l2 loss = 0 (max 14.95), (true 267, predicted [215])
attack: step 2/10, xent loss = 6.1297, l2 loss = 3.08793 (max 14.95), (true 267, predicted [215])
attack: step 3/10, xent loss = 4.78133, l2 loss = 4.32081 (max 14.95), (true 267, predicted [215])
attack: step 4/10, xent loss = 5.7322, l2 loss = 5.71668 (max 14.95), (true 267, predicted [215])
attack: step 5/10, xent loss = 6.2943, l2 loss = 7.14141 (max 14.95), (true 267, predicted [215])
attack: step 6/10, xent loss = 9.38835, l2 loss = 8.15592 (max 14.95), (true 267, predicted [215])
attack: step 7/10, xent loss = 9.82986, l2 loss = 9.23801 (max 14.95), (true 267, predicted [215])
attack: step 8/10, xent loss = 9.93555, l2 loss = 10.1392 (max 14.95), (true 267, predicted [215])
attack: step 9/10, xent loss = 9.02409, l2 loss = 10.5576 (max 14.95), (true 267, predicted [215])
attack: step 10/10, xent loss = 10.094, l2 loss = 11.2056 (max 14.95), (true 267, predicted [215])
true = 267, adv = 215
evaluating 163 of [160, 170)
attack: step 1/10, xent loss = 2.12305, l2 loss = 0 (max 14.95), (true 419, predicted [419])
attack: step 2/10, xent loss = 6.90852, l2 loss = 7.15235 (max 14.95), (true 419, predicted [961])
attack: step 3/10, xent loss = 9.55586, l2 loss = 9.08567 (max 14.95), (true 419, predicted [961])
attack: step 4/10, xent loss = 12.0823, l2 loss = 10.5075 (max 14.95), (true 419, predicted [961])
attack: step 5/10, xent loss = 12.818, l2 loss = 12.3535 (max 14.95), (true 419, predicted [961])
attack: step 6/10, xent loss = 10.4692, l2 loss = 14.8177 (max 14.95), (true 419, predicted [961])
attack: step 7/10, xent loss = 13.7813, l2 loss = 16.3588 (max 14.95), (true 419, predicted [961])
attack: step 8/10, xent loss = 8.87587, l2 loss = 18.1405 (max 14.95), (true 419, predicted [961])
attack: step 9/10, xent loss = 14.5535, l2 loss = 18.836 (max 14.95), (true 419, predicted [961])
attack: step 10/10, xent loss = 17.7895, l2 loss = 19.6579 (max 14.95), (true 419, predicted [961])
check failed
true = 419, adv = 961
evaluating 164 of [160, 170)
attack: step 1/10, xent loss = 4.52048, l2 loss = 0 (max 14.95), (true 55, predicted [506])
attack: step 2/10, xent loss = 4.92556, l2 loss = 3.02394 (max 14.95), (true 55, predicted [506])
attack: step 3/10, xent loss = 7.51027, l2 loss = 4.13608 (max 14.95), (true 55, predicted [506])
attack: step 4/10, xent loss = 7.49714, l2 loss = 4.56127 (max 14.95), (true 55, predicted [506])
attack: step 5/10, xent loss = 6.1538, l2 loss = 5.00752 (max 14.95), (true 55, predicted [830])
attack: step 6/10, xent loss = 6.61533, l2 loss = 5.6334 (max 14.95), (true 55, predicted [830])
attack: step 7/10, xent loss = 6.75051, l2 loss = 6.03361 (max 14.95), (true 55, predicted [830])
attack: step 8/10, xent loss = 7.15899, l2 loss = 6.52818 (max 14.95), (true 55, predicted [506])
attack: step 9/10, xent loss = 7.12214, l2 loss = 6.86202 (max 14.95), (true 55, predicted [506])
attack: step 10/10, xent loss = 6.92903, l2 loss = 7.1551 (max 14.95), (true 55, predicted [830])
true = 55, adv = 994
evaluating 165 of [160, 170)
attack: step 1/10, xent loss = 2.52501, l2 loss = 0 (max 14.95), (true 885, predicted [636])
attack: step 2/10, xent loss = 3.68514, l2 loss = 3.00178 (max 14.95), (true 885, predicted [636])
attack: step 3/10, xent loss = 3.78951, l2 loss = 4.48477 (max 14.95), (true 885, predicted [636])
attack: step 4/10, xent loss = 4.33518, l2 loss = 5.34675 (max 14.95), (true 885, predicted [636])
attack: step 5/10, xent loss = 5.04969, l2 loss = 6.11021 (max 14.95), (true 885, predicted [636])
attack: step 6/10, xent loss = 5.75797, l2 loss = 6.70384 (max 14.95), (true 885, predicted [636])
attack: step 7/10, xent loss = 6.16026, l2 loss = 7.56998 (max 14.95), (true 885, predicted [636])
attack: step 8/10, xent loss = 6.72076, l2 loss = 7.99567 (max 14.95), (true 885, predicted [636])
attack: step 9/10, xent loss = 7.31286, l2 loss = 8.50663 (max 14.95), (true 885, predicted [636])
attack: step 10/10, xent loss = 7.19535, l2 loss = 8.93552 (max 14.95), (true 885, predicted [636])
true = 885, adv = 636
evaluating 166 of [160, 170)
attack: step 1/10, xent loss = 1.94674, l2 loss = 0 (max 14.95), (true 769, predicted [677])
attack: step 2/10, xent loss = 6.45356, l2 loss = 10.7456 (max 14.95), (true 769, predicted [470])
attack: step 3/10, xent loss = 7.9104, l2 loss = 11.3184 (max 14.95), (true 769, predicted [462])
attack: step 4/10, xent loss = 12.0121, l2 loss = 11.9802 (max 14.95), (true 769, predicted [816])
attack: step 5/10, xent loss = 14.8104, l2 loss = 13.0973 (max 14.95), (true 769, predicted [816])
attack: step 6/10, xent loss = 17.7583, l2 loss = 14.398 (max 14.95), (true 769, predicted [816])
attack: step 7/10, xent loss = 19.2689, l2 loss = 15.1447 (max 14.95), (true 769, predicted [816])
attack: step 8/10, xent loss = 20.0025, l2 loss = 16.1786 (max 14.95), (true 769, predicted [816])
attack: step 9/10, xent loss = 23.9306, l2 loss = 17.5708 (max 14.95), (true 769, predicted [816])
attack: step 10/10, xent loss = 22.2126, l2 loss = 18.266 (max 14.95), (true 769, predicted [816])
check failed
true = 769, adv = 816
evaluating 167 of [160, 170)
attack: step 1/10, xent loss = 3.96144, l2 loss = 0 (max 14.95), (true 138, predicted [970])
attack: step 2/10, xent loss = 8.40034, l2 loss = 14.0293 (max 14.95), (true 138, predicted [797])
attack: step 3/10, xent loss = 9.43356, l2 loss = 14.5942 (max 14.95), (true 138, predicted [797])
attack: step 4/10, xent loss = 10.5451, l2 loss = 15.656 (max 14.95), (true 138, predicted [797])
attack: step 5/10, xent loss = 12.7213, l2 loss = 16.3216 (max 14.95), (true 138, predicted [797])
attack: step 6/10, xent loss = 13.2697, l2 loss = 17.2352 (max 14.95), (true 138, predicted [797])
attack: step 7/10, xent loss = 15.0386, l2 loss = 18.3162 (max 14.95), (true 138, predicted [797])
attack: step 8/10, xent loss = 17.6196, l2 loss = 19.7179 (max 14.95), (true 138, predicted [797])
attack: step 9/10, xent loss = 13.8687, l2 loss = 20.8652 (max 14.95), (true 138, predicted [797])
attack: step 10/10, xent loss = 18.2301, l2 loss = 22.353 (max 14.95), (true 138, predicted [797])
check failed
true = 138, adv = 797
evaluating 168 of [160, 170)
attack: step 1/10, xent loss = 1.83842, l2 loss = 0 (max 14.95), (true 996, predicted [993])
attack: step 2/10, xent loss = 2.18298, l2 loss = 2.27722 (max 14.95), (true 996, predicted [993])
attack: step 3/10, xent loss = 2.83052, l2 loss = 3.42302 (max 14.95), (true 996, predicted [993])
attack: step 4/10, xent loss = 4.22393, l2 loss = 4.70639 (max 14.95), (true 996, predicted [993])
attack: step 5/10, xent loss = 4.85345, l2 loss = 5.47602 (max 14.95), (true 996, predicted [993])
attack: step 6/10, xent loss = 5.17431, l2 loss = 6.09754 (max 14.95), (true 996, predicted [993])
attack: step 7/10, xent loss = 5.48623, l2 loss = 7.00726 (max 14.95), (true 996, predicted [993])
attack: step 8/10, xent loss = 7.64446, l2 loss = 7.72303 (max 14.95), (true 996, predicted [993])
attack: step 9/10, xent loss = 8.23189, l2 loss = 8.33483 (max 14.95), (true 996, predicted [993])
attack: step 10/10, xent loss = 9.63368, l2 loss = 8.84176 (max 14.95), (true 996, predicted [993])
true = 996, adv = 993
evaluating 169 of [160, 170)
attack: step 1/10, xent loss = 0.030219, l2 loss = 0 (max 14.95), (true 217, predicted [217])
attack: step 2/10, xent loss = 0.0578585, l2 loss = 0.0876269 (max 14.95), (true 217, predicted [217])
attack: step 3/10, xent loss = 0.0602029, l2 loss = 0.195564 (max 14.95), (true 217, predicted [217])
attack: step 4/10, xent loss = 0.0664404, l2 loss = 0.294605 (max 14.95), (true 217, predicted [217])
attack: step 5/10, xent loss = 0.092137, l2 loss = 0.415037 (max 14.95), (true 217, predicted [217])
attack: step 6/10, xent loss = 0.0965867, l2 loss = 0.576099 (max 14.95), (true 217, predicted [217])
attack: step 7/10, xent loss = 0.159251, l2 loss = 0.761417 (max 14.95), (true 217, predicted [217])
attack: step 8/10, xent loss = 0.773401, l2 loss = 1.13621 (max 14.95), (true 217, predicted [217])
attack: step 9/10, xent loss = 4.27586, l2 loss = 3.64141 (max 14.95), (true 217, predicted [239])
attack: step 10/10, xent loss = 5.94664, l2 loss = 5.7137 (max 14.95), (true 217, predicted [239])
true = 217, adv = 239
