2019-06-28 22:38:53.623282: I tensorflow/core/platform/cpu_feature_guard.cc:141] Your CPU supports instructions that this TensorFlow binary was not compiled to use: SSE4.1 SSE4.2 AVX AVX2 FMA
2019-06-28 22:38:56.272788: I tensorflow/core/platform/profile_utils/cpu_utils.cc:94] CPU Frequency: 2599965000 Hz
2019-06-28 22:38:56.657066: I tensorflow/compiler/xla/service/service.cc:150] XLA service 0x2aaae6d4b1f0 executing computations on platform Host. Devices:
2019-06-28 22:38:56.657086: I tensorflow/compiler/xla/service/service.cc:158]   StreamExecutor device (0): <undefined>, <undefined>
2019-06-28 22:38:56.658802: I tensorflow/core/common_runtime/process_util.cc:71] Creating new thread pool with default inter op setting: 2. Tune using inter_op_parallelism_threads for best performance.
evaluating 830 of [830, 840)
attack: step 1/10, xent loss = 14.1173, l2 loss = 23.007 (max 14.95), (true 227, predicted [728])
attack: step 2/10, xent loss = 18.479, l2 loss = 24.2142 (max 14.95), (true 227, predicted [728])
attack: step 3/10, xent loss = 17.7022, l2 loss = 25.5465 (max 14.95), (true 227, predicted [728])
attack: step 4/10, xent loss = 20.0717, l2 loss = 26.7097 (max 14.95), (true 227, predicted [728])
attack: step 5/10, xent loss = 13.8501, l2 loss = 28.0462 (max 14.95), (true 227, predicted [728])
attack: step 6/10, xent loss = 16.1827, l2 loss = 32.6912 (max 14.95), (true 227, predicted [728])
attack: step 7/10, xent loss = 19.7218, l2 loss = 33.393 (max 14.95), (true 227, predicted [728])
attack: step 8/10, xent loss = 19.9023, l2 loss = 34.0176 (max 14.95), (true 227, predicted [728])
attack: step 9/10, xent loss = 19.4077, l2 loss = 34.8907 (max 14.95), (true 227, predicted [728])
attack: step 10/10, xent loss = 19.2966, l2 loss = 35.4397 (max 14.95), (true 227, predicted [728])
check failed
true = 227, adv = 728
evaluating 831 of [830, 840)
attack: step 1/10, xent loss = 8.92823, l2 loss = 16.0041 (max 14.95), (true 83, predicted [723])
attack: step 2/10, xent loss = 14.6347, l2 loss = 16.8595 (max 14.95), (true 83, predicted [723])
attack: step 3/10, xent loss = 15.3892, l2 loss = 18.1387 (max 14.95), (true 83, predicted [723])
attack: step 4/10, xent loss = 12.636, l2 loss = 19.7467 (max 14.95), (true 83, predicted [723])
attack: step 5/10, xent loss = 11.8399, l2 loss = 21.1007 (max 14.95), (true 83, predicted [723])
attack: step 6/10, xent loss = 17.9813, l2 loss = 22.2626 (max 14.95), (true 83, predicted [723])
attack: step 7/10, xent loss = 16.8605, l2 loss = 23.428 (max 14.95), (true 83, predicted [723])
attack: step 8/10, xent loss = 19.9167, l2 loss = 24.8201 (max 14.95), (true 83, predicted [723])
attack: step 9/10, xent loss = 19.8658, l2 loss = 26.2018 (max 14.95), (true 83, predicted [723])
attack: step 10/10, xent loss = 20.3021, l2 loss = 27.3834 (max 14.95), (true 83, predicted [723])
check failed
true = 83, adv = 723
evaluating 832 of [830, 840)
attack: step 1/10, xent loss = 11.87, l2 loss = 17.2539 (max 14.95), (true 5, predicted [28])
attack: step 2/10, xent loss = 13.7443, l2 loss = 18.3059 (max 14.95), (true 5, predicted [28])
attack: step 3/10, xent loss = 12.2533, l2 loss = 18.9264 (max 14.95), (true 5, predicted [28])
attack: step 4/10, xent loss = 13.4635, l2 loss = 21.0104 (max 14.95), (true 5, predicted [28])
attack: step 5/10, xent loss = 11.7462, l2 loss = 21.6745 (max 14.95), (true 5, predicted [28])
attack: step 6/10, xent loss = 13.6843, l2 loss = 22.7395 (max 14.95), (true 5, predicted [28])
attack: step 7/10, xent loss = 14.5774, l2 loss = 23.2876 (max 14.95), (true 5, predicted [28])
attack: step 8/10, xent loss = 14.4566, l2 loss = 23.5269 (max 14.95), (true 5, predicted [28])
attack: step 9/10, xent loss = 15.0098, l2 loss = 23.994 (max 14.95), (true 5, predicted [28])
attack: step 10/10, xent loss = 15.9028, l2 loss = 24.53 (max 14.95), (true 5, predicted [28])
check failed
true = 5, adv = 28
evaluating 833 of [830, 840)
attack: step 1/10, xent loss = 20.9213, l2 loss = 29.3382 (max 14.95), (true 585, predicted [728])
attack: step 2/10, xent loss = 23.6816, l2 loss = 30.7256 (max 14.95), (true 585, predicted [728])
attack: step 3/10, xent loss = 25.572, l2 loss = 31.7813 (max 14.95), (true 585, predicted [728])
attack: step 4/10, xent loss = 25.8796, l2 loss = 33.0232 (max 14.95), (true 585, predicted [728])
attack: step 5/10, xent loss = 29.6851, l2 loss = 34.0888 (max 14.95), (true 585, predicted [728])
attack: step 6/10, xent loss = 29.4938, l2 loss = 35.307 (max 14.95), (true 585, predicted [728])
attack: step 7/10, xent loss = 29.5135, l2 loss = 36.3784 (max 14.95), (true 585, predicted [728])
attack: step 8/10, xent loss = 29.0473, l2 loss = 37.4374 (max 14.95), (true 585, predicted [728])
attack: step 9/10, xent loss = 30.8761, l2 loss = 38.3865 (max 14.95), (true 585, predicted [728])
attack: step 10/10, xent loss = 31.1528, l2 loss = 39.4482 (max 14.95), (true 585, predicted [728])
check failed
true = 585, adv = 728
evaluating 834 of [830, 840)
attack: step 1/10, xent loss = 3.17149, l2 loss = 7.5021 (max 14.95), (true 846, predicted [619])
attack: step 2/10, xent loss = 3.21935, l2 loss = 7.94887 (max 14.95), (true 846, predicted [619])
attack: step 3/10, xent loss = 3.92975, l2 loss = 8.35252 (max 14.95), (true 846, predicted [619])
attack: step 4/10, xent loss = 4.32693, l2 loss = 8.7857 (max 14.95), (true 846, predicted [619])
attack: step 5/10, xent loss = 3.8555, l2 loss = 9.23265 (max 14.95), (true 846, predicted [619])
attack: step 6/10, xent loss = 4.34673, l2 loss = 9.55635 (max 14.95), (true 846, predicted [619])
attack: step 7/10, xent loss = 4.47074, l2 loss = 9.99715 (max 14.95), (true 846, predicted [619])
attack: step 8/10, xent loss = 5.16774, l2 loss = 10.3362 (max 14.95), (true 846, predicted [619])
attack: step 9/10, xent loss = 4.49569, l2 loss = 10.7136 (max 14.95), (true 846, predicted [619])
attack: step 10/10, xent loss = 4.76367, l2 loss = 11.0506 (max 14.95), (true 846, predicted [619])
true = 846, adv = 619
evaluating 835 of [830, 840)
attack: step 1/10, xent loss = 15.0495, l2 loss = 18.7074 (max 14.95), (true 110, predicted [728])
attack: step 2/10, xent loss = 19.0531, l2 loss = 19.5544 (max 14.95), (true 110, predicted [728])
attack: step 3/10, xent loss = 18.5645, l2 loss = 20.7279 (max 14.95), (true 110, predicted [728])
attack: step 4/10, xent loss = 18.4565, l2 loss = 21.5817 (max 14.95), (true 110, predicted [728])
attack: step 5/10, xent loss = 16.3271, l2 loss = 22.543 (max 14.95), (true 110, predicted [728])
attack: step 6/10, xent loss = 17.0425, l2 loss = 23.2724 (max 14.95), (true 110, predicted [728])
attack: step 7/10, xent loss = 19.4249, l2 loss = 24.0398 (max 14.95), (true 110, predicted [728])
attack: step 8/10, xent loss = 19.198, l2 loss = 24.9173 (max 14.95), (true 110, predicted [728])
attack: step 9/10, xent loss = 20.8047, l2 loss = 25.7306 (max 14.95), (true 110, predicted [728])
attack: step 10/10, xent loss = 18.6786, l2 loss = 26.7139 (max 14.95), (true 110, predicted [728])
check failed
true = 110, adv = 728
evaluating 836 of [830, 840)
attack: step 1/10, xent loss = 3.56988, l2 loss = 14.9605 (max 14.95), (true 723, predicted [775])
attack: step 2/10, xent loss = 6.88761, l2 loss = 15.7103 (max 14.95), (true 723, predicted [607])
attack: step 3/10, xent loss = 5.56909, l2 loss = 15.9041 (max 14.95), (true 723, predicted [775])
attack: step 4/10, xent loss = 6.27316, l2 loss = 16.4835 (max 14.95), (true 723, predicted [607])
attack: step 5/10, xent loss = 6.23342, l2 loss = 16.8844 (max 14.95), (true 723, predicted [607])
attack: step 6/10, xent loss = 6.09346, l2 loss = 17.4001 (max 14.95), (true 723, predicted [607])
attack: step 7/10, xent loss = 6.34562, l2 loss = 18.0551 (max 14.95), (true 723, predicted [854])
attack: step 8/10, xent loss = 6.59707, l2 loss = 18.457 (max 14.95), (true 723, predicted [607])
attack: step 9/10, xent loss = 5.73425, l2 loss = 18.745 (max 14.95), (true 723, predicted [607])
attack: step 10/10, xent loss = 7.19945, l2 loss = 19.1557 (max 14.95), (true 723, predicted [854])
check failed
true = 723, adv = 750
evaluating 837 of [830, 840)
attack: step 1/10, xent loss = 7.32571, l2 loss = 13.1349 (max 14.95), (true 819, predicted [879])
attack: step 2/10, xent loss = 9.66498, l2 loss = 13.6352 (max 14.95), (true 819, predicted [408])
attack: step 3/10, xent loss = 8.25647, l2 loss = 14.3837 (max 14.95), (true 819, predicted [472])
attack: step 4/10, xent loss = 8.23283, l2 loss = 14.9258 (max 14.95), (true 819, predicted [408])
attack: step 5/10, xent loss = 9.49006, l2 loss = 16.0072 (max 14.95), (true 819, predicted [408])
attack: step 6/10, xent loss = 8.44537, l2 loss = 16.549 (max 14.95), (true 819, predicted [408])
attack: step 7/10, xent loss = 9.45274, l2 loss = 18.0447 (max 14.95), (true 819, predicted [408])
attack: step 8/10, xent loss = 9.73917, l2 loss = 18.9488 (max 14.95), (true 819, predicted [408])
attack: step 9/10, xent loss = 11.7251, l2 loss = 20.0724 (max 14.95), (true 819, predicted [408])
attack: step 10/10, xent loss = 9.85879, l2 loss = 20.8001 (max 14.95), (true 819, predicted [408])
check failed
true = 819, adv = 408
evaluating 838 of [830, 840)
attack: step 1/10, xent loss = 12.0833, l2 loss = 16.3088 (max 14.95), (true 373, predicted [728])
attack: step 2/10, xent loss = 11.1922, l2 loss = 18.0434 (max 14.95), (true 373, predicted [728])
attack: step 3/10, xent loss = 10.5987, l2 loss = 19.1273 (max 14.95), (true 373, predicted [728])
attack: step 4/10, xent loss = 16.1391, l2 loss = 20.4124 (max 14.95), (true 373, predicted [728])
attack: step 5/10, xent loss = 18.4109, l2 loss = 22.7709 (max 14.95), (true 373, predicted [728])
attack: step 6/10, xent loss = 17.3855, l2 loss = 24.7845 (max 14.95), (true 373, predicted [728])
attack: step 7/10, xent loss = 19.1947, l2 loss = 26.8079 (max 14.95), (true 373, predicted [728])
attack: step 8/10, xent loss = 16.2141, l2 loss = 28.8627 (max 14.95), (true 373, predicted [728])
attack: step 9/10, xent loss = 21.0023, l2 loss = 30.1323 (max 14.95), (true 373, predicted [728])
attack: step 10/10, xent loss = 22.6271, l2 loss = 31.4541 (max 14.95), (true 373, predicted [728])
check failed
true = 373, adv = 728
evaluating 839 of [830, 840)
attack: step 1/10, xent loss = 0.00787227, l2 loss = 0.552507 (max 14.95), (true 416, predicted [416])
attack: step 2/10, xent loss = 0.0329571, l2 loss = 0.557983 (max 14.95), (true 416, predicted [416])
attack: step 3/10, xent loss = 0.130047, l2 loss = 0.626216 (max 14.95), (true 416, predicted [416])
attack: step 4/10, xent loss = 0.0185404, l2 loss = 1.11088 (max 14.95), (true 416, predicted [416])
attack: step 5/10, xent loss = 0.0181871, l2 loss = 1.12277 (max 14.95), (true 416, predicted [416])
attack: step 6/10, xent loss = 0.0466781, l2 loss = 1.13782 (max 14.95), (true 416, predicted [416])
attack: step 7/10, xent loss = 0.0220543, l2 loss = 1.19703 (max 14.95), (true 416, predicted [416])
attack: step 8/10, xent loss = 0.0184669, l2 loss = 1.21695 (max 14.95), (true 416, predicted [416])
attack: step 9/10, xent loss = 0.0103531, l2 loss = 1.23133 (max 14.95), (true 416, predicted [416])
attack: step 10/10, xent loss = 0.033131, l2 loss = 1.23873 (max 14.95), (true 416, predicted [416])
true = 416, adv = 416
