2019-10-25 12:27:53.126839: I tensorflow/core/platform/cpu_feature_guard.cc:141] Your CPU supports instructions that this TensorFlow binary was not compiled to use: SSE4.1 SSE4.2 AVX AVX2 FMA
2019-10-25 12:27:53.134771: I tensorflow/core/platform/profile_utils/cpu_utils.cc:94] CPU Frequency: 2600035000 Hz
2019-10-25 12:27:53.134881: I tensorflow/compiler/xla/service/service.cc:150] XLA service 0x55555902fc90 executing computations on platform Host. Devices:
2019-10-25 12:27:53.134897: I tensorflow/compiler/xla/service/service.cc:158]   StreamExecutor device (0): <undefined>, <undefined>
2019-10-25 12:27:53.135068: I tensorflow/core/common_runtime/process_util.cc:71] Creating new thread pool with default inter op setting: 2. Tune using inter_op_parallelism_threads for best performance.
evaluating 890 of [890, 900)
attack: step 1/10, xent loss = 37.5952, l2 loss = 35.3046 (max 14.95), (true 633, predicted [793])
unbound attack returning early
check failed
true = 633, adv = 793
evaluating 891 of [890, 900)
attack: step 1/10, xent loss = 33.6138, l2 loss = 29.2387 (max 14.95), (true 533, predicted [728])
unbound attack returning early
check failed
true = 533, adv = 728
evaluating 892 of [890, 900)
attack: step 1/10, xent loss = 5.858, l2 loss = 11.24 (max 14.95), (true 521, predicted [653])
returning early
true = 521, adv = 901
evaluating 893 of [890, 900)
attack: step 1/10, xent loss = 18.3938, l2 loss = 21.52 (max 14.95), (true 523, predicted [612])
unbound attack returning early
check failed
true = 523, adv = 612
evaluating 894 of [890, 900)
attack: step 1/10, xent loss = 20.1936, l2 loss = 19.3747 (max 14.95), (true 263, predicted [253])
unbound attack returning early
check failed
true = 263, adv = 253
evaluating 895 of [890, 900)
attack: step 1/10, xent loss = 39.9699, l2 loss = 43.5733 (max 14.95), (true 262, predicted [552])
unbound attack returning early
check failed
true = 262, adv = 552
evaluating 896 of [890, 900)
attack: step 1/10, xent loss = 16.5192, l2 loss = 23.6912 (max 14.95), (true 958, predicted [437])
unbound attack returning early
check failed
true = 958, adv = 437
evaluating 897 of [890, 900)
attack: step 1/10, xent loss = 28.4584, l2 loss = 24.0266 (max 14.95), (true 995, predicted [515])
unbound attack returning early
check failed
true = 995, adv = 515
evaluating 898 of [890, 900)
attack: step 1/10, xent loss = 18.0789, l2 loss = 19.4315 (max 14.95), (true 809, predicted [659])
unbound attack returning early
check failed
true = 809, adv = 659
evaluating 899 of [890, 900)
attack: step 1/10, xent loss = 13.5238, l2 loss = 22.7373 (max 14.95), (true 58, predicted [91])
unbound attack returning early
check failed
true = 58, adv = 91
