2019-05-27 13:33:33.089811: I tensorflow/core/platform/cpu_feature_guard.cc:141] Your CPU supports instructions that this TensorFlow binary was not compiled to use: SSE4.1 SSE4.2 AVX AVX2 FMA
2019-05-27 13:33:33.337666: I tensorflow/core/platform/profile_utils/cpu_utils.cc:94] CPU Frequency: 2600190000 Hz
2019-05-27 13:33:33.337873: I tensorflow/compiler/xla/service/service.cc:150] XLA service 0x2aaae6ac0170 executing computations on platform Host. Devices:
2019-05-27 13:33:33.337905: I tensorflow/compiler/xla/service/service.cc:158]   StreamExecutor device (0): <undefined>, <undefined>
2019-05-27 13:33:33.338254: I tensorflow/core/common_runtime/process_util.cc:71] Creating new thread pool with default inter op setting: 2. Tune using inter_op_parallelism_threads for best performance.
evaluating 520 of [520, 530)
attack: step 1/10, xent loss = 3.54667, l2 loss = 0 (max 14.95), (true 523, predicted [842])
attack: step 2/10, xent loss = 5.84761, l2 loss = 4.81952 (max 14.95), (true 523, predicted [470])
attack: step 3/10, xent loss = 4.86279, l2 loss = 5.47799 (max 14.95), (true 523, predicted [842])
attack: step 4/10, xent loss = 4.51149, l2 loss = 6.01164 (max 14.95), (true 523, predicted [842])
attack: step 5/10, xent loss = 5.18149, l2 loss = 7.06325 (max 14.95), (true 523, predicted [692])
attack: step 6/10, xent loss = 5.26717, l2 loss = 8.0017 (max 14.95), (true 523, predicted [842])
attack: step 7/10, xent loss = 5.46617, l2 loss = 8.54198 (max 14.95), (true 523, predicted [614])
attack: step 8/10, xent loss = 5.75812, l2 loss = 8.90303 (max 14.95), (true 523, predicted [470])
attack: step 9/10, xent loss = 5.65904, l2 loss = 10.0909 (max 14.95), (true 523, predicted [842])
attack: step 10/10, xent loss = 5.91228, l2 loss = 10.7866 (max 14.95), (true 523, predicted [470])
true = 523, adv = 842
evaluating 521 of [520, 530)
attack: step 1/10, xent loss = 0.340983, l2 loss = 0 (max 14.95), (true 244, predicted [244])
attack: step 2/10, xent loss = 2.31049, l2 loss = 1.89979 (max 14.95), (true 244, predicted [239])
attack: step 3/10, xent loss = 7.51829, l2 loss = 6.98292 (max 14.95), (true 244, predicted [238])
attack: step 4/10, xent loss = 9.18686, l2 loss = 10.3904 (max 14.95), (true 244, predicted [238])
attack: step 5/10, xent loss = 9.82662, l2 loss = 11.5098 (max 14.95), (true 244, predicted [238])
attack: step 6/10, xent loss = 11.8515, l2 loss = 14.8562 (max 14.95), (true 244, predicted [238])
attack: step 7/10, xent loss = 13.2916, l2 loss = 16.4801 (max 14.95), (true 244, predicted [238])
attack: step 8/10, xent loss = 15.0832, l2 loss = 17.823 (max 14.95), (true 244, predicted [238])
attack: step 9/10, xent loss = 14.6316, l2 loss = 19.2977 (max 14.95), (true 244, predicted [238])
attack: step 10/10, xent loss = 15.1176, l2 loss = 20.7705 (max 14.95), (true 244, predicted [238])
check failed
true = 244, adv = 238
evaluating 522 of [520, 530)
attack: step 1/10, xent loss = 0.0254046, l2 loss = 0 (max 14.95), (true 360, predicted [360])
attack: step 2/10, xent loss = 0.0719409, l2 loss = 0.24095 (max 14.95), (true 360, predicted [360])
attack: step 3/10, xent loss = 0.0522443, l2 loss = 0.542244 (max 14.95), (true 360, predicted [360])
attack: step 4/10, xent loss = 0.840246, l2 loss = 0.69572 (max 14.95), (true 360, predicted [360])
attack: step 5/10, xent loss = 6.18196, l2 loss = 5.28951 (max 14.95), (true 360, predicted [181])
attack: step 6/10, xent loss = 7.96566, l2 loss = 9.17523 (max 14.95), (true 360, predicted [181])
attack: step 7/10, xent loss = 9.22102, l2 loss = 10.3428 (max 14.95), (true 360, predicted [181])
attack: step 8/10, xent loss = 10.088, l2 loss = 11.153 (max 14.95), (true 360, predicted [181])
attack: step 9/10, xent loss = 10.1125, l2 loss = 11.4033 (max 14.95), (true 360, predicted [181])
attack: step 10/10, xent loss = 10.2047, l2 loss = 11.7429 (max 14.95), (true 360, predicted [181])
true = 360, adv = 181
evaluating 523 of [520, 530)
attack: step 1/10, xent loss = 3.06406, l2 loss = 0 (max 14.95), (true 276, predicted [51])
attack: step 2/10, xent loss = 7.54539, l2 loss = 7.37579 (max 14.95), (true 276, predicted [51])
attack: step 3/10, xent loss = 9.47427, l2 loss = 9.56628 (max 14.95), (true 276, predicted [936])
attack: step 4/10, xent loss = 14.2003, l2 loss = 12.519 (max 14.95), (true 276, predicted [936])
attack: step 5/10, xent loss = 18.4301, l2 loss = 15.1151 (max 14.95), (true 276, predicted [936])
attack: step 6/10, xent loss = 19.5019, l2 loss = 16.9609 (max 14.95), (true 276, predicted [936])
attack: step 7/10, xent loss = 20.3614, l2 loss = 19.1469 (max 14.95), (true 276, predicted [936])
attack: step 8/10, xent loss = 23.5565, l2 loss = 20.5354 (max 14.95), (true 276, predicted [936])
attack: step 9/10, xent loss = 19.9504, l2 loss = 21.9273 (max 14.95), (true 276, predicted [936])
attack: step 10/10, xent loss = 21.6637, l2 loss = 23.5316 (max 14.95), (true 276, predicted [936])
check failed
true = 276, adv = 936
evaluating 524 of [520, 530)
attack: step 1/10, xent loss = 0.341656, l2 loss = 0 (max 14.95), (true 345, predicted [345])
attack: step 2/10, xent loss = 5.32089, l2 loss = 2.78352 (max 14.95), (true 345, predicted [190])
attack: step 3/10, xent loss = 6.49975, l2 loss = 6.39331 (max 14.95), (true 345, predicted [728])
attack: step 4/10, xent loss = 7.88317, l2 loss = 11.35 (max 14.95), (true 345, predicted [728])
attack: step 5/10, xent loss = 13.3427, l2 loss = 14.4196 (max 14.95), (true 345, predicted [728])
attack: step 6/10, xent loss = 13.7171, l2 loss = 17.115 (max 14.95), (true 345, predicted [728])
attack: step 7/10, xent loss = 19.5099, l2 loss = 19.4817 (max 14.95), (true 345, predicted [728])
attack: step 8/10, xent loss = 18.5334, l2 loss = 21.3886 (max 14.95), (true 345, predicted [728])
attack: step 9/10, xent loss = 21.332, l2 loss = 23.2681 (max 14.95), (true 345, predicted [728])
attack: step 10/10, xent loss = 20.6178, l2 loss = 25.1229 (max 14.95), (true 345, predicted [728])
check failed
true = 345, adv = 728
evaluating 525 of [520, 530)
attack: step 1/10, xent loss = 5.03535, l2 loss = 0 (max 14.95), (true 330, predicted [868])
attack: step 2/10, xent loss = 7.80956, l2 loss = 5.41425 (max 14.95), (true 330, predicted [692])
attack: step 3/10, xent loss = 6.81902, l2 loss = 6.23281 (max 14.95), (true 330, predicted [478])
attack: step 4/10, xent loss = 8.13144, l2 loss = 6.93443 (max 14.95), (true 330, predicted [728])
attack: step 5/10, xent loss = 8.80107, l2 loss = 7.51731 (max 14.95), (true 330, predicted [588])
attack: step 6/10, xent loss = 9.70903, l2 loss = 8.42986 (max 14.95), (true 330, predicted [588])
attack: step 7/10, xent loss = 8.5308, l2 loss = 9.63396 (max 14.95), (true 330, predicted [588])
attack: step 8/10, xent loss = 13.7082, l2 loss = 10.9507 (max 14.95), (true 330, predicted [588])
attack: step 9/10, xent loss = 11.7836, l2 loss = 12.785 (max 14.95), (true 330, predicted [588])
attack: step 10/10, xent loss = 14.9933, l2 loss = 14.8964 (max 14.95), (true 330, predicted [588])
check failed
true = 330, adv = 588
evaluating 526 of [520, 530)
attack: step 1/10, xent loss = 2.02009, l2 loss = 0 (max 14.95), (true 856, predicted [866])
attack: step 2/10, xent loss = 1.66691, l2 loss = 1.56211 (max 14.95), (true 856, predicted [866])
attack: step 3/10, xent loss = 2.34035, l2 loss = 2.16059 (max 14.95), (true 856, predicted [866])
attack: step 4/10, xent loss = 2.41523, l2 loss = 2.86837 (max 14.95), (true 856, predicted [866])
attack: step 5/10, xent loss = 2.87237, l2 loss = 3.74982 (max 14.95), (true 856, predicted [866])
attack: step 6/10, xent loss = 2.31547, l2 loss = 4.24602 (max 14.95), (true 856, predicted [866])
attack: step 7/10, xent loss = 2.6981, l2 loss = 4.67507 (max 14.95), (true 856, predicted [866])
attack: step 8/10, xent loss = 2.49858, l2 loss = 5.06328 (max 14.95), (true 856, predicted [866])
attack: step 9/10, xent loss = 2.39822, l2 loss = 5.41838 (max 14.95), (true 856, predicted [866])
attack: step 10/10, xent loss = 2.93814, l2 loss = 5.81936 (max 14.95), (true 856, predicted [866])
true = 856, adv = 866
evaluating 527 of [520, 530)
attack: step 1/10, xent loss = 5.07034, l2 loss = 0 (max 14.95), (true 186, predicted [728])
attack: step 2/10, xent loss = 12.0371, l2 loss = 6.97032 (max 14.95), (true 186, predicted [728])
attack: step 3/10, xent loss = 16.074, l2 loss = 12.8321 (max 14.95), (true 186, predicted [728])
attack: step 4/10, xent loss = 15.7034, l2 loss = 17.6984 (max 14.95), (true 186, predicted [728])
attack: step 5/10, xent loss = 26.0695, l2 loss = 19.9852 (max 14.95), (true 186, predicted [728])
attack: step 6/10, xent loss = 28.6378, l2 loss = 21.7181 (max 14.95), (true 186, predicted [728])
attack: step 7/10, xent loss = 23.8773, l2 loss = 23.6077 (max 14.95), (true 186, predicted [728])
attack: step 8/10, xent loss = 30.0148, l2 loss = 25.8692 (max 14.95), (true 186, predicted [728])
attack: step 9/10, xent loss = 30.7949, l2 loss = 27.0409 (max 14.95), (true 186, predicted [728])
attack: step 10/10, xent loss = 31.101, l2 loss = 28.4282 (max 14.95), (true 186, predicted [728])
check failed
true = 186, adv = 728
evaluating 528 of [520, 530)
attack: step 1/10, xent loss = 0.00449397, l2 loss = 0 (max 14.95), (true 572, predicted [572])
attack: step 2/10, xent loss = 0.00807462, l2 loss = 0.0141552 (max 14.95), (true 572, predicted [572])
attack: step 3/10, xent loss = 0.0139332, l2 loss = 0.0339181 (max 14.95), (true 572, predicted [572])
attack: step 4/10, xent loss = 0.0115844, l2 loss = 0.0675065 (max 14.95), (true 572, predicted [572])
attack: step 5/10, xent loss = 0.0158666, l2 loss = 0.0806515 (max 14.95), (true 572, predicted [572])
attack: step 6/10, xent loss = 0.0171865, l2 loss = 0.103583 (max 14.95), (true 572, predicted [572])
attack: step 7/10, xent loss = 0.0124542, l2 loss = 0.124969 (max 14.95), (true 572, predicted [572])
attack: step 8/10, xent loss = 0.0295193, l2 loss = 0.138269 (max 14.95), (true 572, predicted [572])
attack: step 9/10, xent loss = 0.00816058, l2 loss = 0.168973 (max 14.95), (true 572, predicted [572])
attack: step 10/10, xent loss = 0.0237123, l2 loss = 0.173402 (max 14.95), (true 572, predicted [572])
true = 572, adv = 572
evaluating 529 of [520, 530)
attack: step 1/10, xent loss = 1.26397, l2 loss = 0 (max 14.95), (true 88, predicted [728])
attack: step 2/10, xent loss = 3.05123, l2 loss = 8.40664 (max 14.95), (true 88, predicted [728])
attack: step 3/10, xent loss = 12.9359, l2 loss = 16.5416 (max 14.95), (true 88, predicted [728])
attack: step 4/10, xent loss = 17.2737, l2 loss = 18.7754 (max 14.95), (true 88, predicted [728])
attack: step 5/10, xent loss = 20.0372, l2 loss = 20.1631 (max 14.95), (true 88, predicted [728])
attack: step 6/10, xent loss = 18.5721, l2 loss = 21.4033 (max 14.95), (true 88, predicted [728])
attack: step 7/10, xent loss = 23.9673, l2 loss = 22.6522 (max 14.95), (true 88, predicted [728])
attack: step 8/10, xent loss = 25.1571, l2 loss = 23.7938 (max 14.95), (true 88, predicted [728])
attack: step 9/10, xent loss = 26.4539, l2 loss = 24.8523 (max 14.95), (true 88, predicted [728])
attack: step 10/10, xent loss = 25.7417, l2 loss = 25.8947 (max 14.95), (true 88, predicted [728])
check failed
true = 88, adv = 728
