2019-06-25 05:16:36.854853: I tensorflow/core/platform/cpu_feature_guard.cc:141] Your CPU supports instructions that this TensorFlow binary was not compiled to use: SSE4.1 SSE4.2 AVX AVX2 FMA
2019-06-25 05:16:39.302191: I tensorflow/core/platform/profile_utils/cpu_utils.cc:94] CPU Frequency: 2599830000 Hz
2019-06-25 05:16:39.303313: I tensorflow/compiler/xla/service/service.cc:150] XLA service 0x2aaae70bdb90 executing computations on platform Host. Devices:
2019-06-25 05:16:39.303404: I tensorflow/compiler/xla/service/service.cc:158]   StreamExecutor device (0): <undefined>, <undefined>
2019-06-25 05:16:39.304434: I tensorflow/core/common_runtime/process_util.cc:71] Creating new thread pool with default inter op setting: 2. Tune using inter_op_parallelism_threads for best performance.
evaluating 850 of [850, 860)
attack: step 1/10, xent loss = 21.8265, l2 loss = 26.3117 (max 14.95), (true 227, predicted [879])
attack: step 2/10, xent loss = 24.0902, l2 loss = 28.4876 (max 14.95), (true 227, predicted [879])
attack: step 3/10, xent loss = 26.5915, l2 loss = 30.2848 (max 14.95), (true 227, predicted [879])
attack: step 4/10, xent loss = 31.4271, l2 loss = 31.7476 (max 14.95), (true 227, predicted [879])
attack: step 5/10, xent loss = 36.9945, l2 loss = 33.3756 (max 14.95), (true 227, predicted [879])
attack: step 6/10, xent loss = 39.1846, l2 loss = 34.8642 (max 14.95), (true 227, predicted [879])
attack: step 7/10, xent loss = 37.4432, l2 loss = 36.2368 (max 14.95), (true 227, predicted [879])
attack: step 8/10, xent loss = 43.2405, l2 loss = 37.8016 (max 14.95), (true 227, predicted [879])
attack: step 9/10, xent loss = 38.1482, l2 loss = 39.1608 (max 14.95), (true 227, predicted [879])
attack: step 10/10, xent loss = 39.6032, l2 loss = 40.6706 (max 14.95), (true 227, predicted [879])
check failed
true = 227, adv = 879
evaluating 851 of [850, 860)
attack: step 1/10, xent loss = 17.4474, l2 loss = 27.6715 (max 14.95), (true 377, predicted [691])
attack: step 2/10, xent loss = 24.7132, l2 loss = 29.9871 (max 14.95), (true 377, predicted [691])
attack: step 3/10, xent loss = 22.7919, l2 loss = 30.8923 (max 14.95), (true 377, predicted [691])
attack: step 4/10, xent loss = 26.5852, l2 loss = 31.8049 (max 14.95), (true 377, predicted [691])
attack: step 5/10, xent loss = 12.4888, l2 loss = 33.2827 (max 14.95), (true 377, predicted [691])
attack: step 6/10, xent loss = 28.8949, l2 loss = 34.0752 (max 14.95), (true 377, predicted [691])
attack: step 7/10, xent loss = 30.8378, l2 loss = 35.31 (max 14.95), (true 377, predicted [691])
attack: step 8/10, xent loss = 26.1015, l2 loss = 36.6012 (max 14.95), (true 377, predicted [691])
attack: step 9/10, xent loss = 30.4405, l2 loss = 37.7696 (max 14.95), (true 377, predicted [691])
attack: step 10/10, xent loss = 31.6666, l2 loss = 38.7295 (max 14.95), (true 377, predicted [691])
check failed
true = 377, adv = 691
evaluating 852 of [850, 860)
attack: step 1/10, xent loss = 37.6593, l2 loss = 28.3042 (max 14.95), (true 133, predicted [728])
attack: step 2/10, xent loss = 34.228, l2 loss = 29.4375 (max 14.95), (true 133, predicted [728])
attack: step 3/10, xent loss = 31.5572, l2 loss = 32.0442 (max 14.95), (true 133, predicted [728])
attack: step 4/10, xent loss = 35.3509, l2 loss = 33.6537 (max 14.95), (true 133, predicted [728])
attack: step 5/10, xent loss = 38.2459, l2 loss = 34.4624 (max 14.95), (true 133, predicted [728])
attack: step 6/10, xent loss = 43.7952, l2 loss = 35.5599 (max 14.95), (true 133, predicted [728])
attack: step 7/10, xent loss = 40.6943, l2 loss = 36.6374 (max 14.95), (true 133, predicted [728])
attack: step 8/10, xent loss = 43.4007, l2 loss = 38.1311 (max 14.95), (true 133, predicted [728])
attack: step 9/10, xent loss = 47.329, l2 loss = 38.9119 (max 14.95), (true 133, predicted [728])
attack: step 10/10, xent loss = 46.8812, l2 loss = 39.8109 (max 14.95), (true 133, predicted [728])
check failed
true = 133, adv = 728
evaluating 853 of [850, 860)
attack: step 1/10, xent loss = 12.3822, l2 loss = 11.3667 (max 14.95), (true 52, predicted [996])
attack: step 2/10, xent loss = 12.4744, l2 loss = 12.13 (max 14.95), (true 52, predicted [996])
attack: step 3/10, xent loss = 11.2855, l2 loss = 13.1389 (max 14.95), (true 52, predicted [996])
attack: step 4/10, xent loss = 9.84367, l2 loss = 13.5899 (max 14.95), (true 52, predicted [996])
attack: step 5/10, xent loss = 13.1173, l2 loss = 14.2812 (max 14.95), (true 52, predicted [996])
attack: step 6/10, xent loss = 14.0152, l2 loss = 14.9937 (max 14.95), (true 52, predicted [996])
attack: step 7/10, xent loss = 13.9461, l2 loss = 15.8569 (max 14.95), (true 52, predicted [996])
attack: step 8/10, xent loss = 13.516, l2 loss = 17.5614 (max 14.95), (true 52, predicted [996])
attack: step 9/10, xent loss = 13.8, l2 loss = 17.9604 (max 14.95), (true 52, predicted [996])
attack: step 10/10, xent loss = 15.8306, l2 loss = 18.7099 (max 14.95), (true 52, predicted [996])
check failed
true = 52, adv = 996
evaluating 854 of [850, 860)
attack: step 1/10, xent loss = 12.412, l2 loss = 12.0183 (max 14.95), (true 620, predicted [830])
attack: step 2/10, xent loss = 13.384, l2 loss = 13.0337 (max 14.95), (true 620, predicted [830])
attack: step 3/10, xent loss = 14.1112, l2 loss = 13.4568 (max 14.95), (true 620, predicted [830])
attack: step 4/10, xent loss = 14.3686, l2 loss = 13.9147 (max 14.95), (true 620, predicted [830])
attack: step 5/10, xent loss = 15.1691, l2 loss = 14.4783 (max 14.95), (true 620, predicted [830])
attack: step 6/10, xent loss = 14.8565, l2 loss = 14.9506 (max 14.95), (true 620, predicted [830])
attack: step 7/10, xent loss = 16.0328, l2 loss = 15.4278 (max 14.95), (true 620, predicted [830])
attack: step 8/10, xent loss = 16.2458, l2 loss = 15.7201 (max 14.95), (true 620, predicted [830])
attack: step 9/10, xent loss = 16.3805, l2 loss = 16.1531 (max 14.95), (true 620, predicted [830])
attack: step 10/10, xent loss = 15.8526, l2 loss = 16.7838 (max 14.95), (true 620, predicted [830])
check failed
true = 620, adv = 830
evaluating 855 of [850, 860)
attack: step 1/10, xent loss = 13.4967, l2 loss = 15.808 (max 14.95), (true 360, predicted [33])
attack: step 2/10, xent loss = 13.5658, l2 loss = 16.4032 (max 14.95), (true 360, predicted [33])
attack: step 3/10, xent loss = 15.3481, l2 loss = 16.829 (max 14.95), (true 360, predicted [33])
attack: step 4/10, xent loss = 14.7725, l2 loss = 17.2755 (max 14.95), (true 360, predicted [33])
attack: step 5/10, xent loss = 16.1739, l2 loss = 17.8551 (max 14.95), (true 360, predicted [33])
attack: step 6/10, xent loss = 16.8653, l2 loss = 18.6021 (max 14.95), (true 360, predicted [33])
attack: step 7/10, xent loss = 15.7072, l2 loss = 19.067 (max 14.95), (true 360, predicted [33])
attack: step 8/10, xent loss = 16.1588, l2 loss = 19.7554 (max 14.95), (true 360, predicted [33])
attack: step 9/10, xent loss = 17.1952, l2 loss = 20.4228 (max 14.95), (true 360, predicted [33])
attack: step 10/10, xent loss = 16.526, l2 loss = 20.9431 (max 14.95), (true 360, predicted [33])
check failed
true = 360, adv = 33
evaluating 856 of [850, 860)
attack: step 1/10, xent loss = 13.3132, l2 loss = 12.4734 (max 14.95), (true 492, predicted [682])
attack: step 2/10, xent loss = 15.4916, l2 loss = 13.9146 (max 14.95), (true 492, predicted [682])
attack: step 3/10, xent loss = 15.2341, l2 loss = 15.2218 (max 14.95), (true 492, predicted [682])
attack: step 4/10, xent loss = 15.4438, l2 loss = 16.0478 (max 14.95), (true 492, predicted [682])
attack: step 5/10, xent loss = 18.3747, l2 loss = 17.2498 (max 14.95), (true 492, predicted [682])
attack: step 6/10, xent loss = 16.9695, l2 loss = 17.9942 (max 14.95), (true 492, predicted [682])
attack: step 7/10, xent loss = 17.336, l2 loss = 19.0842 (max 14.95), (true 492, predicted [682])
attack: step 8/10, xent loss = 20.9077, l2 loss = 19.6959 (max 14.95), (true 492, predicted [682])
attack: step 9/10, xent loss = 20.8156, l2 loss = 20.2346 (max 14.95), (true 492, predicted [682])
attack: step 10/10, xent loss = 18.8327, l2 loss = 21.0246 (max 14.95), (true 492, predicted [682])
check failed
true = 492, adv = 682
evaluating 857 of [850, 860)
attack: step 1/10, xent loss = 6.49496, l2 loss = 10.5898 (max 14.95), (true 824, predicted [708])
attack: step 2/10, xent loss = 8.8623, l2 loss = 11.1888 (max 14.95), (true 824, predicted [23])
attack: step 3/10, xent loss = 9.3279, l2 loss = 11.8094 (max 14.95), (true 824, predicted [23])
attack: step 4/10, xent loss = 9.50622, l2 loss = 12.2747 (max 14.95), (true 824, predicted [23])
attack: step 5/10, xent loss = 9.92419, l2 loss = 13.2176 (max 14.95), (true 824, predicted [23])
attack: step 6/10, xent loss = 12.1205, l2 loss = 14.4772 (max 14.95), (true 824, predicted [23])
attack: step 7/10, xent loss = 13.0181, l2 loss = 15.3244 (max 14.95), (true 824, predicted [23])
attack: step 8/10, xent loss = 13.8533, l2 loss = 15.8554 (max 14.95), (true 824, predicted [23])
attack: step 9/10, xent loss = 12.8282, l2 loss = 16.5673 (max 14.95), (true 824, predicted [23])
attack: step 10/10, xent loss = 12.9202, l2 loss = 17.2409 (max 14.95), (true 824, predicted [23])
check failed
true = 824, adv = 23
evaluating 858 of [850, 860)
attack: step 1/10, xent loss = 0.0281351, l2 loss = 0.280303 (max 14.95), (true 614, predicted [614])
attack: step 2/10, xent loss = 0.0231488, l2 loss = 0.301179 (max 14.95), (true 614, predicted [614])
attack: step 3/10, xent loss = 0.030444, l2 loss = 0.319283 (max 14.95), (true 614, predicted [614])
attack: step 4/10, xent loss = 0.0159092, l2 loss = 0.360218 (max 14.95), (true 614, predicted [614])
attack: step 5/10, xent loss = 0.0090666, l2 loss = 0.37034 (max 14.95), (true 614, predicted [614])
attack: step 6/10, xent loss = 0.00749585, l2 loss = 0.375354 (max 14.95), (true 614, predicted [614])
attack: step 7/10, xent loss = 0.0325687, l2 loss = 0.379238 (max 14.95), (true 614, predicted [614])
attack: step 8/10, xent loss = 0.0258332, l2 loss = 0.408739 (max 14.95), (true 614, predicted [614])
attack: step 9/10, xent loss = 0.110552, l2 loss = 0.429875 (max 14.95), (true 614, predicted [614])
attack: step 10/10, xent loss = 0.0231054, l2 loss = 0.715746 (max 14.95), (true 614, predicted [614])
true = 614, adv = 614
evaluating 859 of [850, 860)
attack: step 1/10, xent loss = 29.1829, l2 loss = 31.447 (max 14.95), (true 68, predicted [728])
attack: step 2/10, xent loss = 30.0381, l2 loss = 36.0858 (max 14.95), (true 68, predicted [728])
attack: step 3/10, xent loss = 33.1151, l2 loss = 37.094 (max 14.95), (true 68, predicted [728])
attack: step 4/10, xent loss = 34.8017, l2 loss = 38.1081 (max 14.95), (true 68, predicted [728])
attack: step 5/10, xent loss = 35.5176, l2 loss = 39.1171 (max 14.95), (true 68, predicted [728])
attack: step 6/10, xent loss = 39.1592, l2 loss = 40.3151 (max 14.95), (true 68, predicted [728])
attack: step 7/10, xent loss = 41.4312, l2 loss = 41.2904 (max 14.95), (true 68, predicted [728])
attack: step 8/10, xent loss = 40.0556, l2 loss = 42.0704 (max 14.95), (true 68, predicted [728])
attack: step 9/10, xent loss = 36.8274, l2 loss = 43.3632 (max 14.95), (true 68, predicted [728])
attack: step 10/10, xent loss = 46.2853, l2 loss = 44.1047 (max 14.95), (true 68, predicted [728])
check failed
true = 68, adv = 728
