2019-10-26 01:59:54.825319: I tensorflow/core/platform/cpu_feature_guard.cc:141] Your CPU supports instructions that this TensorFlow binary was not compiled to use: SSE4.1 SSE4.2 AVX AVX2 FMA
2019-10-26 01:59:55.402822: I tensorflow/core/platform/profile_utils/cpu_utils.cc:94] CPU Frequency: 2600075000 Hz
2019-10-26 01:59:55.420388: I tensorflow/compiler/xla/service/service.cc:150] XLA service 0x2aaae6e523b0 executing computations on platform Host. Devices:
2019-10-26 01:59:55.420434: I tensorflow/compiler/xla/service/service.cc:158]   StreamExecutor device (0): <undefined>, <undefined>
2019-10-26 01:59:55.422161: I tensorflow/core/common_runtime/process_util.cc:71] Creating new thread pool with default inter op setting: 2. Tune using inter_op_parallelism_threads for best performance.
evaluating 390 of [390, 400)
attack: step 1/10, xent loss = 10.6755, l2 loss = 13.3804 (max 14.95), (true 67, predicted [692])
returning early
true = 67, adv = 692
evaluating 391 of [390, 400)
attack: step 1/10, xent loss = 0.0740096, l2 loss = 0.900001 (max 14.95), (true 87, predicted [87])
attack: step 2/10, xent loss = 0.0964483, l2 loss = 0.925659 (max 14.95), (true 87, predicted [87])
attack: step 3/10, xent loss = 0.0869633, l2 loss = 0.952521 (max 14.95), (true 87, predicted [87])
attack: step 4/10, xent loss = 0.157302, l2 loss = 0.978258 (max 14.95), (true 87, predicted [87])
attack: step 5/10, xent loss = 0.153786, l2 loss = 1.0564 (max 14.95), (true 87, predicted [87])
attack: step 6/10, xent loss = 0.189804, l2 loss = 1.15366 (max 14.95), (true 87, predicted [87])
attack: step 7/10, xent loss = 0.161493, l2 loss = 1.30058 (max 14.95), (true 87, predicted [87])
attack: step 8/10, xent loss = 0.240798, l2 loss = 1.38921 (max 14.95), (true 87, predicted [87])
attack: step 9/10, xent loss = 0.12309, l2 loss = 1.6209 (max 14.95), (true 87, predicted [87])
attack: step 10/10, xent loss = 0.0831922, l2 loss = 1.67473 (max 14.95), (true 87, predicted [87])
true = 87, adv = 87
evaluating 392 of [390, 400)
attack: step 1/10, xent loss = 0.131511, l2 loss = 2.09887 (max 14.95), (true 607, predicted [607])
attack: step 2/10, xent loss = 0.292389, l2 loss = 2.19684 (max 14.95), (true 607, predicted [607])
attack: step 3/10, xent loss = 0.282547, l2 loss = 2.63615 (max 14.95), (true 607, predicted [607])
attack: step 4/10, xent loss = 0.138047, l2 loss = 2.9109 (max 14.95), (true 607, predicted [607])
attack: step 5/10, xent loss = 0.415136, l2 loss = 3.0028 (max 14.95), (true 607, predicted [607])
attack: step 6/10, xent loss = 0.731981, l2 loss = 3.53904 (max 14.95), (true 607, predicted [607])
attack: step 7/10, xent loss = 1.37943, l2 loss = 4.17347 (max 14.95), (true 607, predicted [607])
attack: step 8/10, xent loss = 0.953675, l2 loss = 5.54066 (max 14.95), (true 607, predicted [607])
attack: step 9/10, xent loss = 2.19187, l2 loss = 6.31586 (max 14.95), (true 607, predicted [607])
attack: step 10/10, xent loss = 3.11663, l2 loss = 7.27347 (max 14.95), (true 607, predicted [607])
true = 607, adv = 766
evaluating 393 of [390, 400)
attack: step 1/10, xent loss = 25.5913, l2 loss = 31.9046 (max 14.95), (true 807, predicted [586])
unbound attack returning early
check failed
true = 807, adv = 586
evaluating 394 of [390, 400)
attack: step 1/10, xent loss = 11.5371, l2 loss = 15.2175 (max 14.95), (true 547, predicted [779])
unbound attack returning early
check failed
true = 547, adv = 779
evaluating 395 of [390, 400)
attack: step 1/10, xent loss = 0.0558744, l2 loss = 0.722322 (max 14.95), (true 96, predicted [96])
attack: step 2/10, xent loss = 0.051894, l2 loss = 0.749493 (max 14.95), (true 96, predicted [96])
attack: step 3/10, xent loss = 0.113856, l2 loss = 0.774082 (max 14.95), (true 96, predicted [96])
attack: step 4/10, xent loss = 0.0713119, l2 loss = 0.883099 (max 14.95), (true 96, predicted [96])
attack: step 5/10, xent loss = 0.0500908, l2 loss = 0.917912 (max 14.95), (true 96, predicted [96])
attack: step 6/10, xent loss = 0.0654063, l2 loss = 0.937307 (max 14.95), (true 96, predicted [96])
attack: step 7/10, xent loss = 0.049901, l2 loss = 0.988453 (max 14.95), (true 96, predicted [96])
attack: step 8/10, xent loss = 0.0619002, l2 loss = 1.00378 (max 14.95), (true 96, predicted [96])
attack: step 9/10, xent loss = 0.198668, l2 loss = 1.03422 (max 14.95), (true 96, predicted [96])
attack: step 10/10, xent loss = 0.112165, l2 loss = 1.30174 (max 14.95), (true 96, predicted [96])
true = 96, adv = 96
evaluating 396 of [390, 400)
attack: step 1/10, xent loss = 16.948, l2 loss = 19.3365 (max 14.95), (true 533, predicted [692])
unbound attack returning early
check failed
true = 533, adv = 692
evaluating 397 of [390, 400)
attack: step 1/10, xent loss = 10.9487, l2 loss = 17.2642 (max 14.95), (true 510, predicted [978])
unbound attack returning early
check failed
true = 510, adv = 978
evaluating 398 of [390, 400)
attack: step 1/10, xent loss = 0.0750655, l2 loss = 0.734769 (max 14.95), (true 465, predicted [465])
attack: step 2/10, xent loss = 0.0520979, l2 loss = 0.76716 (max 14.95), (true 465, predicted [465])
attack: step 3/10, xent loss = 0.0456803, l2 loss = 0.781637 (max 14.95), (true 465, predicted [465])
attack: step 4/10, xent loss = 0.104638, l2 loss = 0.801619 (max 14.95), (true 465, predicted [465])
attack: step 5/10, xent loss = 0.087048, l2 loss = 0.843854 (max 14.95), (true 465, predicted [465])
attack: step 6/10, xent loss = 0.0811237, l2 loss = 0.882449 (max 14.95), (true 465, predicted [465])
attack: step 7/10, xent loss = 0.0813939, l2 loss = 0.911432 (max 14.95), (true 465, predicted [465])
attack: step 8/10, xent loss = 0.0778614, l2 loss = 0.939545 (max 14.95), (true 465, predicted [465])
attack: step 9/10, xent loss = 0.0946412, l2 loss = 0.977828 (max 14.95), (true 465, predicted [465])
attack: step 10/10, xent loss = 0.0914746, l2 loss = 1.01412 (max 14.95), (true 465, predicted [465])
true = 465, adv = 465
evaluating 399 of [390, 400)
attack: step 1/10, xent loss = 8.66148, l2 loss = 15.8028 (max 14.95), (true 410, predicted [728])
unbound attack returning early
check failed
true = 410, adv = 728
