2019-11-04 02:44:05.872532: I tensorflow/core/platform/cpu_feature_guard.cc:141] Your CPU supports instructions that this TensorFlow binary was not compiled to use: SSE4.1 SSE4.2 AVX AVX2 FMA
2019-11-04 02:44:05.878825: I tensorflow/core/platform/profile_utils/cpu_utils.cc:94] CPU Frequency: 2600075000 Hz
2019-11-04 02:44:05.878920: I tensorflow/compiler/xla/service/service.cc:150] XLA service 0x2aaae6e51c20 executing computations on platform Host. Devices:
2019-11-04 02:44:05.878945: I tensorflow/compiler/xla/service/service.cc:158]   StreamExecutor device (0): <undefined>, <undefined>
2019-11-04 02:44:05.879107: I tensorflow/core/common_runtime/process_util.cc:71] Creating new thread pool with default inter op setting: 2. Tune using inter_op_parallelism_threads for best performance.
evaluating 710 of [710, 720)
attack: step 1/1, xent loss = 0.623877, l2 loss = 13.5841 (max 14.95), (true 824, predicted [824])
true = 824, adv = 750
evaluating 711 of [710, 720)
attack: step 1/1, xent loss = 0.0704346, l2 loss = 12.5407 (max 14.95), (true 15, predicted [15])
true = 15, adv = 728
evaluating 712 of [710, 720)
attack: step 1/1, xent loss = 7.55029, l2 loss = 36.0566 (max 14.95), (true 263, predicted [273])
check failed
true = 263, adv = 728
evaluating 713 of [710, 720)
attack: step 1/1, xent loss = 6.6463, l2 loss = 36.0643 (max 14.95), (true 792, predicted [851])
check failed
true = 792, adv = 728
evaluating 714 of [710, 720)
attack: step 1/1, xent loss = 4.7282, l2 loss = 31.0802 (max 14.95), (true 643, predicted [793])
check failed
true = 643, adv = 793
evaluating 715 of [710, 720)
attack: step 1/1, xent loss = 0.738453, l2 loss = 14.6279 (max 14.95), (true 580, predicted [738])
true = 580, adv = 723
evaluating 716 of [710, 720)
attack: step 1/1, xent loss = 1.89554, l2 loss = 20.4991 (max 14.95), (true 866, predicted [856])
check failed
true = 866, adv = 830
evaluating 717 of [710, 720)
attack: step 1/1, xent loss = 2.55677, l2 loss = 34.4825 (max 14.95), (true 217, predicted [238])
check failed
true = 217, adv = 728
evaluating 718 of [710, 720)
attack: step 1/1, xent loss = 6.55023, l2 loss = 18.0285 (max 14.95), (true 872, predicted [489])
check failed
true = 872, adv = 868
evaluating 719 of [710, 720)
attack: step 1/1, xent loss = 5.64165, l2 loss = 29.1875 (max 14.95), (true 767, predicted [313])
check failed
true = 767, adv = 73
