2019-11-04 04:13:27.274897: I tensorflow/core/platform/cpu_feature_guard.cc:141] Your CPU supports instructions that this TensorFlow binary was not compiled to use: SSE4.1 SSE4.2 AVX AVX2 FMA
2019-11-04 04:13:27.281997: I tensorflow/core/platform/profile_utils/cpu_utils.cc:94] CPU Frequency: 2600025000 Hz
2019-11-04 04:13:27.282138: I tensorflow/compiler/xla/service/service.cc:150] XLA service 0x2aaae6e51a50 executing computations on platform Host. Devices:
2019-11-04 04:13:27.282158: I tensorflow/compiler/xla/service/service.cc:158]   StreamExecutor device (0): <undefined>, <undefined>
2019-11-04 04:13:27.282354: I tensorflow/core/common_runtime/process_util.cc:71] Creating new thread pool with default inter op setting: 2. Tune using inter_op_parallelism_threads for best performance.
evaluating 340 of [340, 350)
attack: step 1/1, xent loss = 5.87394, l2 loss = 20.9881 (max 14.95), (true 763, predicted [830])
check failed
true = 763, adv = 830
evaluating 341 of [340, 350)
attack: step 1/1, xent loss = 0.058001, l2 loss = 0.438117 (max 14.95), (true 11, predicted [11])
true = 11, adv = 11
evaluating 342 of [340, 350)
attack: step 1/1, xent loss = 7.5119, l2 loss = 35.2837 (max 14.95), (true 126, predicted [30])
check failed
true = 126, adv = 728
evaluating 343 of [340, 350)
attack: step 1/1, xent loss = 0.620206, l2 loss = 3.98634 (max 14.95), (true 453, predicted [453])
true = 453, adv = 453
evaluating 344 of [340, 350)
attack: step 1/1, xent loss = 0.0915699, l2 loss = 2.48853 (max 14.95), (true 100, predicted [100])
true = 100, adv = 100
evaluating 345 of [340, 350)
attack: step 1/1, xent loss = 10.2075, l2 loss = 43.3178 (max 14.95), (true 668, predicted [406])
check failed
true = 668, adv = 470
evaluating 346 of [340, 350)
attack: step 1/1, xent loss = 3.17746, l2 loss = 39.0618 (max 14.95), (true 11, predicted [36])
check failed
true = 11, adv = 728
evaluating 347 of [340, 350)
attack: step 1/1, xent loss = 0.731747, l2 loss = 34.5478 (max 14.95), (true 101, predicted [101])
check failed
true = 101, adv = 728
evaluating 348 of [340, 350)
attack: step 1/1, xent loss = 3.28542, l2 loss = 13.1831 (max 14.95), (true 884, predicted [406])
true = 884, adv = 406
evaluating 349 of [340, 350)
attack: step 1/1, xent loss = 3.99435, l2 loss = 31.8068 (max 14.95), (true 750, predicted [697])
check failed
true = 750, adv = 728
