2019-06-06 00:07:13.914408: I tensorflow/core/platform/cpu_feature_guard.cc:141] Your CPU supports instructions that this TensorFlow binary was not compiled to use: SSE4.1 SSE4.2 AVX AVX2 FMA
2019-06-06 00:07:14.018505: I tensorflow/core/platform/profile_utils/cpu_utils.cc:94] CPU Frequency: 2600005000 Hz
2019-06-06 00:07:14.027444: I tensorflow/compiler/xla/service/service.cc:150] XLA service 0x2aaae6bbf690 executing computations on platform Host. Devices:
2019-06-06 00:07:14.027489: I tensorflow/compiler/xla/service/service.cc:158]   StreamExecutor device (0): <undefined>, <undefined>
2019-06-06 00:07:14.031200: I tensorflow/core/common_runtime/process_util.cc:71] Creating new thread pool with default inter op setting: 2. Tune using inter_op_parallelism_threads for best performance.
evaluating 800 of [800, 810)
attack: step 1/10, xent loss = 0.0266174, l2 loss = 0 (max 14.95), (true 642, predicted [642])
attack: step 2/10, xent loss = 0.00359758, l2 loss = 0.156836 (max 14.95), (true 642, predicted [642])
attack: step 3/10, xent loss = 0.0169274, l2 loss = 0.158564 (max 14.95), (true 642, predicted [642])
attack: step 4/10, xent loss = 0.000889502, l2 loss = 0.184478 (max 14.95), (true 642, predicted [642])
attack: step 5/10, xent loss = 0.000403323, l2 loss = 0.184747 (max 14.95), (true 642, predicted [642])
attack: step 6/10, xent loss = 0.00840141, l2 loss = 0.184848 (max 14.95), (true 642, predicted [642])
attack: step 7/10, xent loss = 0.00228739, l2 loss = 0.194197 (max 14.95), (true 642, predicted [642])
attack: step 8/10, xent loss = 0.00468538, l2 loss = 0.195251 (max 14.95), (true 642, predicted [642])
attack: step 9/10, xent loss = 0.00617797, l2 loss = 0.198001 (max 14.95), (true 642, predicted [642])
attack: step 10/10, xent loss = 0.00606695, l2 loss = 0.20295 (max 14.95), (true 642, predicted [642])
true = 642, adv = 642
evaluating 801 of [800, 810)
attack: step 1/10, xent loss = 4.99946, l2 loss = 0 (max 14.95), (true 659, predicted [968])
attack: step 2/10, xent loss = 5.78736, l2 loss = 3.26032 (max 14.95), (true 659, predicted [968])
attack: step 3/10, xent loss = 6.9626, l2 loss = 4.77578 (max 14.95), (true 659, predicted [478])
attack: step 4/10, xent loss = 6.43056, l2 loss = 6.33741 (max 14.95), (true 659, predicted [478])
attack: step 5/10, xent loss = 6.03331, l2 loss = 7.62835 (max 14.95), (true 659, predicted [968])
attack: step 6/10, xent loss = 6.63001, l2 loss = 8.95591 (max 14.95), (true 659, predicted [478])
attack: step 7/10, xent loss = 7.035, l2 loss = 9.99858 (max 14.95), (true 659, predicted [478])
attack: step 8/10, xent loss = 6.46735, l2 loss = 11.2256 (max 14.95), (true 659, predicted [478])
attack: step 9/10, xent loss = 7.2872, l2 loss = 11.9305 (max 14.95), (true 659, predicted [478])
attack: step 10/10, xent loss = 6.79962, l2 loss = 12.4824 (max 14.95), (true 659, predicted [478])
true = 659, adv = 478
evaluating 802 of [800, 810)
attack: step 1/10, xent loss = 5.65097, l2 loss = 0 (max 14.95), (true 958, predicted [728])
attack: step 2/10, xent loss = 5.407, l2 loss = 7.49018 (max 14.95), (true 958, predicted [728])
attack: step 3/10, xent loss = 7.00994, l2 loss = 8.44749 (max 14.95), (true 958, predicted [728])
attack: step 4/10, xent loss = 6.69292, l2 loss = 10.1562 (max 14.95), (true 958, predicted [728])
attack: step 5/10, xent loss = 6.95558, l2 loss = 11.9009 (max 14.95), (true 958, predicted [728])
attack: step 6/10, xent loss = 7.52083, l2 loss = 13.6108 (max 14.95), (true 958, predicted [728])
attack: step 7/10, xent loss = 9.27856, l2 loss = 14.1705 (max 14.95), (true 958, predicted [728])
attack: step 8/10, xent loss = 9.63451, l2 loss = 15.4171 (max 14.95), (true 958, predicted [728])
attack: step 9/10, xent loss = 8.88005, l2 loss = 16.8156 (max 14.95), (true 958, predicted [728])
attack: step 10/10, xent loss = 11.0379, l2 loss = 18.2397 (max 14.95), (true 958, predicted [728])
check failed
true = 958, adv = 728
evaluating 803 of [800, 810)
attack: step 1/10, xent loss = 8.29156, l2 loss = 0 (max 14.95), (true 366, predicted [879])
attack: step 2/10, xent loss = 7.4654, l2 loss = 1.87635 (max 14.95), (true 366, predicted [879])
attack: step 3/10, xent loss = 7.74932, l2 loss = 2.83774 (max 14.95), (true 366, predicted [879])
attack: step 4/10, xent loss = 7.18773, l2 loss = 3.51152 (max 14.95), (true 366, predicted [879])
attack: step 5/10, xent loss = 7.79289, l2 loss = 4.44817 (max 14.95), (true 366, predicted [879])
attack: step 6/10, xent loss = 9.03596, l2 loss = 5.43129 (max 14.95), (true 366, predicted [645])
attack: step 7/10, xent loss = 8.37031, l2 loss = 5.84939 (max 14.95), (true 366, predicted [879])
attack: step 8/10, xent loss = 8.17194, l2 loss = 6.3404 (max 14.95), (true 366, predicted [692])
attack: step 9/10, xent loss = 8.52546, l2 loss = 6.88301 (max 14.95), (true 366, predicted [645])
attack: step 10/10, xent loss = 8.77588, l2 loss = 7.1594 (max 14.95), (true 366, predicted [879])
true = 366, adv = 879
evaluating 804 of [800, 810)
attack: step 1/10, xent loss = 2.42116, l2 loss = 0 (max 14.95), (true 824, predicted [728])
attack: step 2/10, xent loss = 3.97686, l2 loss = 3.85377 (max 14.95), (true 824, predicted [501])
attack: step 3/10, xent loss = 2.9153, l2 loss = 5.53427 (max 14.95), (true 824, predicted [614])
attack: step 4/10, xent loss = 6.00661, l2 loss = 7.67186 (max 14.95), (true 824, predicted [728])
attack: step 5/10, xent loss = 3.40512, l2 loss = 9.41191 (max 14.95), (true 824, predicted [601])
attack: step 6/10, xent loss = 5.08041, l2 loss = 10.7645 (max 14.95), (true 824, predicted [728])
attack: step 7/10, xent loss = 4.21167, l2 loss = 12.5967 (max 14.95), (true 824, predicted [728])
attack: step 8/10, xent loss = 6.9402, l2 loss = 13.3016 (max 14.95), (true 824, predicted [601])
attack: step 9/10, xent loss = 7.28811, l2 loss = 13.9373 (max 14.95), (true 824, predicted [728])
attack: step 10/10, xent loss = 6.27981, l2 loss = 14.605 (max 14.95), (true 824, predicted [728])
check failed
true = 824, adv = 601
evaluating 805 of [800, 810)
attack: step 1/10, xent loss = 8.5031, l2 loss = 0 (max 14.95), (true 92, predicted [728])
attack: step 2/10, xent loss = 9.24288, l2 loss = 4.4836 (max 14.95), (true 92, predicted [728])
attack: step 3/10, xent loss = 7.19406, l2 loss = 10.0629 (max 14.95), (true 92, predicted [728])
attack: step 4/10, xent loss = 10.3955, l2 loss = 12.5391 (max 14.95), (true 92, predicted [728])
attack: step 5/10, xent loss = 10.9438, l2 loss = 14.3628 (max 14.95), (true 92, predicted [728])
attack: step 6/10, xent loss = 11.9166, l2 loss = 17.5135 (max 14.95), (true 92, predicted [728])
attack: step 7/10, xent loss = 13.9449, l2 loss = 19.6519 (max 14.95), (true 92, predicted [728])
attack: step 8/10, xent loss = 12.1374, l2 loss = 21.744 (max 14.95), (true 92, predicted [728])
attack: step 9/10, xent loss = 14.5858, l2 loss = 25.3733 (max 14.95), (true 92, predicted [728])
attack: step 10/10, xent loss = 15.9073, l2 loss = 27.8527 (max 14.95), (true 92, predicted [728])
check failed
true = 92, adv = 728
evaluating 806 of [800, 810)
attack: step 1/10, xent loss = 8.56773, l2 loss = 0 (max 14.95), (true 187, predicted [728])
attack: step 2/10, xent loss = 10.4044, l2 loss = 3.44463 (max 14.95), (true 187, predicted [552])
attack: step 3/10, xent loss = 9.90055, l2 loss = 6.85955 (max 14.95), (true 187, predicted [728])
attack: step 4/10, xent loss = 12.1545, l2 loss = 8.61046 (max 14.95), (true 187, predicted [552])
attack: step 5/10, xent loss = 9.29095, l2 loss = 11.6292 (max 14.95), (true 187, predicted [728])
attack: step 6/10, xent loss = 10.4451, l2 loss = 12.3274 (max 14.95), (true 187, predicted [728])
attack: step 7/10, xent loss = 12.7195, l2 loss = 14.1582 (max 14.95), (true 187, predicted [552])
attack: step 8/10, xent loss = 12.6283, l2 loss = 15.6366 (max 14.95), (true 187, predicted [728])
attack: step 9/10, xent loss = 10.0249, l2 loss = 16.6671 (max 14.95), (true 187, predicted [552])
attack: step 10/10, xent loss = 10.0997, l2 loss = 17.7658 (max 14.95), (true 187, predicted [552])
check failed
true = 187, adv = 552
evaluating 807 of [800, 810)
attack: step 1/10, xent loss = 7.31202, l2 loss = 0 (max 14.95), (true 477, predicted [600])
attack: step 2/10, xent loss = 6.65736, l2 loss = 1.58752 (max 14.95), (true 477, predicted [729])
attack: step 3/10, xent loss = 7.13363, l2 loss = 2.57892 (max 14.95), (true 477, predicted [600])
attack: step 4/10, xent loss = 5.92239, l2 loss = 3.15389 (max 14.95), (true 477, predicted [600])
attack: step 5/10, xent loss = 6.94168, l2 loss = 4.12582 (max 14.95), (true 477, predicted [692])
attack: step 6/10, xent loss = 9.07105, l2 loss = 4.84079 (max 14.95), (true 477, predicted [549])
attack: step 7/10, xent loss = 7.64758, l2 loss = 5.31304 (max 14.95), (true 477, predicted [600])
attack: step 8/10, xent loss = 7.42623, l2 loss = 5.66928 (max 14.95), (true 477, predicted [494])
attack: step 9/10, xent loss = 7.73812, l2 loss = 6.10468 (max 14.95), (true 477, predicted [600])
attack: step 10/10, xent loss = 7.37321, l2 loss = 6.61437 (max 14.95), (true 477, predicted [581])
true = 477, adv = 600
evaluating 808 of [800, 810)
attack: step 1/10, xent loss = 8.54071, l2 loss = 0 (max 14.95), (true 89, predicted [879])
attack: step 2/10, xent loss = 8.17883, l2 loss = 3.06633 (max 14.95), (true 89, predicted [701])
attack: step 3/10, xent loss = 8.49314, l2 loss = 6.26816 (max 14.95), (true 89, predicted [701])
attack: step 4/10, xent loss = 6.29976, l2 loss = 7.01947 (max 14.95), (true 89, predicted [701])
attack: step 5/10, xent loss = 7.01873, l2 loss = 9.59964 (max 14.95), (true 89, predicted [701])
attack: step 6/10, xent loss = 7.92204, l2 loss = 12.7882 (max 14.95), (true 89, predicted [701])
attack: step 7/10, xent loss = 7.79713, l2 loss = 13.595 (max 14.95), (true 89, predicted [701])
attack: step 8/10, xent loss = 9.64111, l2 loss = 13.7299 (max 14.95), (true 89, predicted [701])
attack: step 9/10, xent loss = 7.95324, l2 loss = 14.4855 (max 14.95), (true 89, predicted [879])
attack: step 10/10, xent loss = 9.39032, l2 loss = 14.7233 (max 14.95), (true 89, predicted [701])
check failed
true = 89, adv = 701
evaluating 809 of [800, 810)
attack: step 1/10, xent loss = 7.38419, l2 loss = 0 (max 14.95), (true 499, predicted [728])
attack: step 2/10, xent loss = 8.40591, l2 loss = 4.19636 (max 14.95), (true 499, predicted [478])
attack: step 3/10, xent loss = 8.70454, l2 loss = 5.47452 (max 14.95), (true 499, predicted [478])
attack: step 4/10, xent loss = 8.77856, l2 loss = 6.60055 (max 14.95), (true 499, predicted [478])
attack: step 5/10, xent loss = 8.83305, l2 loss = 7.9992 (max 14.95), (true 499, predicted [728])
attack: step 6/10, xent loss = 9.53921, l2 loss = 9.68095 (max 14.95), (true 499, predicted [728])
attack: step 7/10, xent loss = 10.7323, l2 loss = 10.4542 (max 14.95), (true 499, predicted [728])
attack: step 8/10, xent loss = 10.4808, l2 loss = 12.5362 (max 14.95), (true 499, predicted [478])
attack: step 9/10, xent loss = 11.6361, l2 loss = 13.074 (max 14.95), (true 499, predicted [728])
attack: step 10/10, xent loss = 9.52652, l2 loss = 14.761 (max 14.95), (true 499, predicted [728])
check failed
true = 499, adv = 728
