2019-06-30 23:50:12.978667: I tensorflow/core/platform/cpu_feature_guard.cc:141] Your CPU supports instructions that this TensorFlow binary was not compiled to use: SSE4.1 SSE4.2 AVX AVX2 FMA
2019-06-30 23:50:12.987534: I tensorflow/core/platform/profile_utils/cpu_utils.cc:94] CPU Frequency: 2600070000 Hz
2019-06-30 23:50:12.987728: I tensorflow/compiler/xla/service/service.cc:150] XLA service 0x2aaae6bbfdb0 executing computations on platform Host. Devices:
2019-06-30 23:50:12.987758: I tensorflow/compiler/xla/service/service.cc:158]   StreamExecutor device (0): <undefined>, <undefined>
2019-06-30 23:50:12.988074: I tensorflow/core/common_runtime/process_util.cc:71] Creating new thread pool with default inter op setting: 2. Tune using inter_op_parallelism_threads for best performance.
evaluating 490 of [490, 500)
attack: step 1/10, xent loss = 8.02793, l2 loss = 12.5102 (max 14.95), (true 953, predicted [723])
attack: step 2/10, xent loss = 9.69035, l2 loss = 12.8201 (max 14.95), (true 953, predicted [723])
attack: step 3/10, xent loss = 8.20196, l2 loss = 14.3872 (max 14.95), (true 953, predicted [723])
attack: step 4/10, xent loss = 8.21279, l2 loss = 14.836 (max 14.95), (true 953, predicted [723])
attack: step 5/10, xent loss = 9.18457, l2 loss = 15.2377 (max 14.95), (true 953, predicted [723])
attack: step 6/10, xent loss = 10.2012, l2 loss = 16.1139 (max 14.95), (true 953, predicted [723])
attack: step 7/10, xent loss = 9.16171, l2 loss = 16.8967 (max 14.95), (true 953, predicted [723])
attack: step 8/10, xent loss = 9.3593, l2 loss = 17.4342 (max 14.95), (true 953, predicted [723])
attack: step 9/10, xent loss = 8.42322, l2 loss = 17.7457 (max 14.95), (true 953, predicted [723])
attack: step 10/10, xent loss = 9.53232, l2 loss = 18.2077 (max 14.95), (true 953, predicted [723])
check failed
true = 953, adv = 723
evaluating 491 of [490, 500)
attack: step 1/10, xent loss = 8.76513, l2 loss = 7.85445 (max 14.95), (true 376, predicted [723])
attack: step 2/10, xent loss = 9.78216, l2 loss = 8.17247 (max 14.95), (true 376, predicted [728])
attack: step 3/10, xent loss = 9.5157, l2 loss = 9.16376 (max 14.95), (true 376, predicted [728])
attack: step 4/10, xent loss = 8.63667, l2 loss = 9.6617 (max 14.95), (true 376, predicted [728])
attack: step 5/10, xent loss = 8.35357, l2 loss = 9.9085 (max 14.95), (true 376, predicted [723])
attack: step 6/10, xent loss = 7.82867, l2 loss = 10.2072 (max 14.95), (true 376, predicted [728])
attack: step 7/10, xent loss = 9.85973, l2 loss = 10.3403 (max 14.95), (true 376, predicted [728])
attack: step 8/10, xent loss = 8.75621, l2 loss = 10.6988 (max 14.95), (true 376, predicted [723])
attack: step 9/10, xent loss = 10.024, l2 loss = 10.9036 (max 14.95), (true 376, predicted [448])
attack: step 10/10, xent loss = 9.40034, l2 loss = 11.3346 (max 14.95), (true 376, predicted [728])
true = 376, adv = 728
evaluating 492 of [490, 500)
attack: step 1/10, xent loss = 7.40622, l2 loss = 15.1585 (max 14.95), (true 526, predicted [599])
attack: step 2/10, xent loss = 7.1923, l2 loss = 15.7602 (max 14.95), (true 526, predicted [599])
attack: step 3/10, xent loss = 7.68182, l2 loss = 16.2101 (max 14.95), (true 526, predicted [478])
attack: step 4/10, xent loss = 7.05973, l2 loss = 16.8683 (max 14.95), (true 526, predicted [723])
attack: step 5/10, xent loss = 5.32313, l2 loss = 17.2563 (max 14.95), (true 526, predicted [448])
attack: step 6/10, xent loss = 7.70797, l2 loss = 17.9893 (max 14.95), (true 526, predicted [599])
attack: step 7/10, xent loss = 6.2209, l2 loss = 18.737 (max 14.95), (true 526, predicted [549])
attack: step 8/10, xent loss = 7.02704, l2 loss = 19.2469 (max 14.95), (true 526, predicted [478])
attack: step 9/10, xent loss = 7.46705, l2 loss = 20.0398 (max 14.95), (true 526, predicted [478])
attack: step 10/10, xent loss = 6.54725, l2 loss = 20.3301 (max 14.95), (true 526, predicted [478])
check failed
true = 526, adv = 478
evaluating 493 of [490, 500)
attack: step 1/10, xent loss = 5.14577, l2 loss = 28.4146 (max 14.95), (true 657, predicted [879])
attack: step 2/10, xent loss = 3.08187, l2 loss = 29.7612 (max 14.95), (true 657, predicted [879])
attack: step 3/10, xent loss = 6.33306, l2 loss = 31.0955 (max 14.95), (true 657, predicted [879])
attack: step 4/10, xent loss = 7.54354, l2 loss = 31.4989 (max 14.95), (true 657, predicted [879])
attack: step 5/10, xent loss = 7.63806, l2 loss = 32.4928 (max 14.95), (true 657, predicted [879])
attack: step 6/10, xent loss = 5.97272, l2 loss = 33.1128 (max 14.95), (true 657, predicted [879])
attack: step 7/10, xent loss = 8.56981, l2 loss = 34.2832 (max 14.95), (true 657, predicted [879])
attack: step 8/10, xent loss = 6.22906, l2 loss = 34.776 (max 14.95), (true 657, predicted [879])
attack: step 9/10, xent loss = 7.17868, l2 loss = 35.2294 (max 14.95), (true 657, predicted [417])
attack: step 10/10, xent loss = 8.2297, l2 loss = 36.2422 (max 14.95), (true 657, predicted [879])
check failed
true = 657, adv = 879
evaluating 494 of [490, 500)
attack: step 1/10, xent loss = 8.74041, l2 loss = 5.70748 (max 14.95), (true 381, predicted [701])
attack: step 2/10, xent loss = 8.01505, l2 loss = 6.16265 (max 14.95), (true 381, predicted [723])
attack: step 3/10, xent loss = 7.96448, l2 loss = 6.43026 (max 14.95), (true 381, predicted [723])
attack: step 4/10, xent loss = 8.08099, l2 loss = 6.75885 (max 14.95), (true 381, predicted [701])
attack: step 5/10, xent loss = 8.50021, l2 loss = 7.15406 (max 14.95), (true 381, predicted [723])
attack: step 6/10, xent loss = 7.69574, l2 loss = 7.60219 (max 14.95), (true 381, predicted [723])
attack: step 7/10, xent loss = 7.68301, l2 loss = 7.77594 (max 14.95), (true 381, predicted [645])
attack: step 8/10, xent loss = 8.35328, l2 loss = 8.20864 (max 14.95), (true 381, predicted [701])
attack: step 9/10, xent loss = 8.09988, l2 loss = 8.44909 (max 14.95), (true 381, predicted [701])
attack: step 10/10, xent loss = 7.33394, l2 loss = 8.5908 (max 14.95), (true 381, predicted [723])
true = 381, adv = 723
evaluating 495 of [490, 500)
attack: step 1/10, xent loss = 0.526896, l2 loss = 6.28752 (max 14.95), (true 701, predicted [701])
attack: step 2/10, xent loss = 0.690237, l2 loss = 6.48801 (max 14.95), (true 701, predicted [701])
attack: step 3/10, xent loss = 0.284731, l2 loss = 6.83192 (max 14.95), (true 701, predicted [701])
attack: step 4/10, xent loss = 0.377015, l2 loss = 6.91027 (max 14.95), (true 701, predicted [701])
attack: step 5/10, xent loss = 0.718146, l2 loss = 7.02943 (max 14.95), (true 701, predicted [701])
attack: step 6/10, xent loss = 1.2212, l2 loss = 7.36279 (max 14.95), (true 701, predicted [557])
attack: step 7/10, xent loss = 0.896045, l2 loss = 7.85272 (max 14.95), (true 701, predicted [701])
attack: step 8/10, xent loss = 0.315557, l2 loss = 8.17749 (max 14.95), (true 701, predicted [701])
attack: step 9/10, xent loss = 0.673332, l2 loss = 8.29811 (max 14.95), (true 701, predicted [701])
attack: step 10/10, xent loss = 1.79689, l2 loss = 8.52978 (max 14.95), (true 701, predicted [557])
true = 701, adv = 557
evaluating 496 of [490, 500)
attack: step 1/10, xent loss = 8.66869, l2 loss = 6.33572 (max 14.95), (true 182, predicted [518])
attack: step 2/10, xent loss = 9.19654, l2 loss = 6.60372 (max 14.95), (true 182, predicted [701])
attack: step 3/10, xent loss = 8.72747, l2 loss = 6.80437 (max 14.95), (true 182, predicted [701])
attack: step 4/10, xent loss = 8.5014, l2 loss = 7.03788 (max 14.95), (true 182, predicted [701])
attack: step 5/10, xent loss = 8.44956, l2 loss = 7.31748 (max 14.95), (true 182, predicted [518])
attack: step 6/10, xent loss = 8.7088, l2 loss = 7.62768 (max 14.95), (true 182, predicted [518])
attack: step 7/10, xent loss = 9.00198, l2 loss = 7.93614 (max 14.95), (true 182, predicted [478])
attack: step 8/10, xent loss = 8.64984, l2 loss = 8.18774 (max 14.95), (true 182, predicted [518])
attack: step 9/10, xent loss = 8.66499, l2 loss = 8.41782 (max 14.95), (true 182, predicted [701])
attack: step 10/10, xent loss = 8.77182, l2 loss = 8.7325 (max 14.95), (true 182, predicted [728])
true = 182, adv = 701
evaluating 497 of [490, 500)
attack: step 1/10, xent loss = 6.38234, l2 loss = 11.9544 (max 14.95), (true 601, predicted [723])
attack: step 2/10, xent loss = 5.61978, l2 loss = 12.5375 (max 14.95), (true 601, predicted [879])
attack: step 3/10, xent loss = 5.77588, l2 loss = 13.253 (max 14.95), (true 601, predicted [879])
attack: step 4/10, xent loss = 5.98271, l2 loss = 14.0553 (max 14.95), (true 601, predicted [879])
attack: step 5/10, xent loss = 5.8066, l2 loss = 14.5147 (max 14.95), (true 601, predicted [879])
attack: step 6/10, xent loss = 5.37566, l2 loss = 15.3014 (max 14.95), (true 601, predicted [879])
attack: step 7/10, xent loss = 7.26044, l2 loss = 16.4016 (max 14.95), (true 601, predicted [879])
attack: step 8/10, xent loss = 6.54323, l2 loss = 16.6668 (max 14.95), (true 601, predicted [557])
attack: step 9/10, xent loss = 7.2076, l2 loss = 16.954 (max 14.95), (true 601, predicted [557])
attack: step 10/10, xent loss = 7.97065, l2 loss = 17.2277 (max 14.95), (true 601, predicted [879])
check failed
true = 601, adv = 557
evaluating 498 of [490, 500)
attack: step 1/10, xent loss = 10.1634, l2 loss = 8.06021 (max 14.95), (true 593, predicted [851])
attack: step 2/10, xent loss = 8.92401, l2 loss = 8.74789 (max 14.95), (true 593, predicted [664])
attack: step 3/10, xent loss = 8.42197, l2 loss = 9.19918 (max 14.95), (true 593, predicted [664])
attack: step 4/10, xent loss = 9.33906, l2 loss = 9.48712 (max 14.95), (true 593, predicted [664])
attack: step 5/10, xent loss = 9.25281, l2 loss = 9.96356 (max 14.95), (true 593, predicted [692])
attack: step 6/10, xent loss = 8.34606, l2 loss = 10.2354 (max 14.95), (true 593, predicted [728])
attack: step 7/10, xent loss = 9.90585, l2 loss = 10.5976 (max 14.95), (true 593, predicted [664])
attack: step 8/10, xent loss = 8.8232, l2 loss = 11.1677 (max 14.95), (true 593, predicted [728])
attack: step 9/10, xent loss = 9.35223, l2 loss = 11.5555 (max 14.95), (true 593, predicted [664])
attack: step 10/10, xent loss = 9.15679, l2 loss = 11.9635 (max 14.95), (true 593, predicted [664])
true = 593, adv = 728
evaluating 499 of [490, 500)
attack: step 1/10, xent loss = 9.48618, l2 loss = 11.6953 (max 14.95), (true 316, predicted [309])
attack: step 2/10, xent loss = 8.92009, l2 loss = 12.8163 (max 14.95), (true 316, predicted [309])
attack: step 3/10, xent loss = 7.5557, l2 loss = 13.8073 (max 14.95), (true 316, predicted [309])
attack: step 4/10, xent loss = 9.53355, l2 loss = 14.3888 (max 14.95), (true 316, predicted [309])
attack: step 5/10, xent loss = 7.82081, l2 loss = 15.038 (max 14.95), (true 316, predicted [309])
attack: step 6/10, xent loss = 9.68752, l2 loss = 15.6095 (max 14.95), (true 316, predicted [309])
attack: step 7/10, xent loss = 8.40441, l2 loss = 16.1096 (max 14.95), (true 316, predicted [309])
attack: step 8/10, xent loss = 9.03629, l2 loss = 17.0479 (max 14.95), (true 316, predicted [309])
attack: step 9/10, xent loss = 8.86265, l2 loss = 17.9932 (max 14.95), (true 316, predicted [309])
attack: step 10/10, xent loss = 8.57536, l2 loss = 18.5355 (max 14.95), (true 316, predicted [309])
check failed
true = 316, adv = 309
