2019-05-29 19:08:05.973837: I tensorflow/core/platform/cpu_feature_guard.cc:141] Your CPU supports instructions that this TensorFlow binary was not compiled to use: SSE4.1 SSE4.2 AVX AVX2 FMA
2019-05-29 19:08:06.009372: I tensorflow/core/platform/profile_utils/cpu_utils.cc:94] CPU Frequency: 2600050000 Hz
2019-05-29 19:08:06.009582: I tensorflow/compiler/xla/service/service.cc:150] XLA service 0x2aaae6fbd790 executing computations on platform Host. Devices:
2019-05-29 19:08:06.009613: I tensorflow/compiler/xla/service/service.cc:158]   StreamExecutor device (0): <undefined>, <undefined>
2019-05-29 19:08:06.009982: I tensorflow/core/common_runtime/process_util.cc:71] Creating new thread pool with default inter op setting: 2. Tune using inter_op_parallelism_threads for best performance.
evaluating 770 of [770, 780)
attack: step 1/30, xent loss = 0.338992, l2 loss = 0 (max 14.95), (true 737, predicted [737])
attack: step 2/30, xent loss = 3.55751, l2 loss = 0.486276 (max 14.95), (true 737, predicted [440])
attack: step 3/30, xent loss = 8.09591, l2 loss = 1.47281 (max 14.95), (true 737, predicted [440])
attack: step 4/30, xent loss = 10.1445, l2 loss = 1.97804 (max 14.95), (true 737, predicted [440])
attack: step 5/30, xent loss = 11.6688, l2 loss = 2.36389 (max 14.95), (true 737, predicted [440])
attack: step 6/30, xent loss = 12.4972, l2 loss = 2.78951 (max 14.95), (true 737, predicted [440])
attack: step 7/30, xent loss = 14.8584, l2 loss = 3.03913 (max 14.95), (true 737, predicted [440])
attack: step 8/30, xent loss = 14.8609, l2 loss = 3.35301 (max 14.95), (true 737, predicted [440])
attack: step 9/30, xent loss = 16.5834, l2 loss = 3.72945 (max 14.95), (true 737, predicted [440])
attack: step 10/30, xent loss = 16.6021, l2 loss = 4.02701 (max 14.95), (true 737, predicted [440])
attack: step 11/30, xent loss = 17.348, l2 loss = 4.53194 (max 14.95), (true 737, predicted [440])
attack: step 12/30, xent loss = 17.1008, l2 loss = 4.92463 (max 14.95), (true 737, predicted [440])
attack: step 13/30, xent loss = 20.8765, l2 loss = 5.33269 (max 14.95), (true 737, predicted [440])
attack: step 14/30, xent loss = 21.3987, l2 loss = 5.68139 (max 14.95), (true 737, predicted [440])
attack: step 15/30, xent loss = 22.285, l2 loss = 6.04742 (max 14.95), (true 737, predicted [440])
attack: step 16/30, xent loss = 21.8608, l2 loss = 6.54949 (max 14.95), (true 737, predicted [440])
attack: step 17/30, xent loss = 26.0726, l2 loss = 6.85201 (max 14.95), (true 737, predicted [440])
attack: step 18/30, xent loss = 23.7597, l2 loss = 7.33296 (max 14.95), (true 737, predicted [440])
attack: step 19/30, xent loss = 26.201, l2 loss = 7.71885 (max 14.95), (true 737, predicted [440])
attack: step 20/30, xent loss = 27.2046, l2 loss = 8.03215 (max 14.95), (true 737, predicted [440])
attack: step 21/30, xent loss = 27.3496, l2 loss = 8.46586 (max 14.95), (true 737, predicted [440])
attack: step 22/30, xent loss = 27.0495, l2 loss = 8.79735 (max 14.95), (true 737, predicted [440])
attack: step 23/30, xent loss = 30.2539, l2 loss = 9.14518 (max 14.95), (true 737, predicted [440])
attack: step 24/30, xent loss = 27.5269, l2 loss = 9.53742 (max 14.95), (true 737, predicted [440])
attack: step 25/30, xent loss = 30.5093, l2 loss = 9.89917 (max 14.95), (true 737, predicted [440])
attack: step 26/30, xent loss = 32.4321, l2 loss = 10.1899 (max 14.95), (true 737, predicted [440])
attack: step 27/30, xent loss = 34.1522, l2 loss = 10.5181 (max 14.95), (true 737, predicted [440])
attack: step 28/30, xent loss = 34.4827, l2 loss = 10.888 (max 14.95), (true 737, predicted [440])
attack: step 29/30, xent loss = 32.0836, l2 loss = 11.253 (max 14.95), (true 737, predicted [440])
attack: step 30/30, xent loss = 38.0706, l2 loss = 11.4613 (max 14.95), (true 737, predicted [440])
true = 737, adv = 737
evaluating 771 of [770, 780)
attack: step 1/30, xent loss = 0.248487, l2 loss = 0 (max 14.95), (true 629, predicted [629])
attack: step 2/30, xent loss = 3.68673, l2 loss = 0.496792 (max 14.95), (true 629, predicted [551])
attack: step 3/30, xent loss = 7.16854, l2 loss = 1.92562 (max 14.95), (true 629, predicted [551])
attack: step 4/30, xent loss = 8.9958, l2 loss = 2.90955 (max 14.95), (true 629, predicted [551])
attack: step 5/30, xent loss = 11.5365, l2 loss = 3.70704 (max 14.95), (true 629, predicted [551])
attack: step 6/30, xent loss = 13.908, l2 loss = 4.41208 (max 14.95), (true 629, predicted [551])
attack: step 7/30, xent loss = 15.2284, l2 loss = 5.03437 (max 14.95), (true 629, predicted [551])
attack: step 8/30, xent loss = 15.8117, l2 loss = 5.67495 (max 14.95), (true 629, predicted [551])
attack: step 9/30, xent loss = 16.5293, l2 loss = 6.27758 (max 14.95), (true 629, predicted [551])
attack: step 10/30, xent loss = 20.1415, l2 loss = 6.7633 (max 14.95), (true 629, predicted [551])
attack: step 11/30, xent loss = 18.7869, l2 loss = 7.24517 (max 14.95), (true 629, predicted [551])
attack: step 12/30, xent loss = 18.1756, l2 loss = 7.7962 (max 14.95), (true 629, predicted [551])
attack: step 13/30, xent loss = 19.5897, l2 loss = 8.38949 (max 14.95), (true 629, predicted [551])
attack: step 14/30, xent loss = 22.6788, l2 loss = 8.70988 (max 14.95), (true 629, predicted [551])
attack: step 15/30, xent loss = 24.4569, l2 loss = 9.19955 (max 14.95), (true 629, predicted [551])
attack: step 16/30, xent loss = 24.5683, l2 loss = 9.56576 (max 14.95), (true 629, predicted [551])
attack: step 17/30, xent loss = 22.601, l2 loss = 10.2172 (max 14.95), (true 629, predicted [551])
attack: step 18/30, xent loss = 26.8982, l2 loss = 10.5013 (max 14.95), (true 629, predicted [551])
attack: step 19/30, xent loss = 22.1426, l2 loss = 10.8736 (max 14.95), (true 629, predicted [551])
attack: step 20/30, xent loss = 31.6568, l2 loss = 11.2395 (max 14.95), (true 629, predicted [551])
attack: step 21/30, xent loss = 32.9022, l2 loss = 11.5247 (max 14.95), (true 629, predicted [551])
attack: step 22/30, xent loss = 33.1341, l2 loss = 11.7585 (max 14.95), (true 629, predicted [551])
attack: step 23/30, xent loss = 27.4067, l2 loss = 12.3053 (max 14.95), (true 629, predicted [551])
attack: step 24/30, xent loss = 29.8503, l2 loss = 12.6125 (max 14.95), (true 629, predicted [551])
attack: step 25/30, xent loss = 34.9541, l2 loss = 12.9018 (max 14.95), (true 629, predicted [551])
attack: step 26/30, xent loss = 30.7202, l2 loss = 13.2979 (max 14.95), (true 629, predicted [551])
attack: step 27/30, xent loss = 38.1285, l2 loss = 13.5658 (max 14.95), (true 629, predicted [551])
attack: step 28/30, xent loss = 35.5301, l2 loss = 13.8324 (max 14.95), (true 629, predicted [551])
attack: step 29/30, xent loss = 38.0116, l2 loss = 14.1119 (max 14.95), (true 629, predicted [551])
attack: step 30/30, xent loss = 34.6929, l2 loss = 14.5566 (max 14.95), (true 629, predicted [551])
true = 629, adv = 629
evaluating 772 of [770, 780)
attack: step 1/30, xent loss = 5.59573, l2 loss = 0 (max 14.95), (true 375, predicted [380])
attack: step 2/30, xent loss = 7.14198, l2 loss = 6.57301 (max 14.95), (true 375, predicted [377])
attack: step 3/30, xent loss = 10.2087, l2 loss = 6.80522 (max 14.95), (true 375, predicted [377])
attack: step 4/30, xent loss = 13.2701, l2 loss = 7.03649 (max 14.95), (true 375, predicted [377])
attack: step 5/30, xent loss = 13.9073, l2 loss = 7.20487 (max 14.95), (true 375, predicted [377])
attack: step 6/30, xent loss = 15.9639, l2 loss = 7.37469 (max 14.95), (true 375, predicted [380])
attack: step 7/30, xent loss = 15.901, l2 loss = 7.74822 (max 14.95), (true 375, predicted [380])
attack: step 8/30, xent loss = 17.7042, l2 loss = 7.98823 (max 14.95), (true 375, predicted [380])
attack: step 9/30, xent loss = 17.1577, l2 loss = 8.55772 (max 14.95), (true 375, predicted [380])
attack: step 10/30, xent loss = 17.0981, l2 loss = 8.96609 (max 14.95), (true 375, predicted [380])
attack: step 11/30, xent loss = 18.7408, l2 loss = 9.2271 (max 14.95), (true 375, predicted [380])
attack: step 12/30, xent loss = 23.4455, l2 loss = 9.5852 (max 14.95), (true 375, predicted [380])
attack: step 13/30, xent loss = 23.642, l2 loss = 9.93897 (max 14.95), (true 375, predicted [380])
attack: step 14/30, xent loss = 23.8552, l2 loss = 10.2952 (max 14.95), (true 375, predicted [380])
attack: step 15/30, xent loss = 20.8191, l2 loss = 10.7265 (max 14.95), (true 375, predicted [380])
attack: step 16/30, xent loss = 20.7267, l2 loss = 11.2261 (max 14.95), (true 375, predicted [380])
attack: step 17/30, xent loss = 25.4566, l2 loss = 11.7865 (max 14.95), (true 375, predicted [380])
attack: step 18/30, xent loss = 33.222, l2 loss = 11.9951 (max 14.95), (true 375, predicted [380])
attack: step 19/30, xent loss = 30.6161, l2 loss = 12.2079 (max 14.95), (true 375, predicted [380])
attack: step 20/30, xent loss = 26.4091, l2 loss = 12.5449 (max 14.95), (true 375, predicted [380])
attack: step 21/30, xent loss = 28.5162, l2 loss = 12.9565 (max 14.95), (true 375, predicted [380])
attack: step 22/30, xent loss = 36.1385, l2 loss = 13.1236 (max 14.95), (true 375, predicted [380])
attack: step 23/30, xent loss = 38.3252, l2 loss = 13.3957 (max 14.95), (true 375, predicted [380])
attack: step 24/30, xent loss = 23.0343, l2 loss = 13.7895 (max 14.95), (true 375, predicted [380])
attack: step 25/30, xent loss = 28.3365, l2 loss = 15.5939 (max 14.95), (true 375, predicted [380])
attack: step 26/30, xent loss = 33.8901, l2 loss = 15.8421 (max 14.95), (true 375, predicted [380])
attack: step 27/30, xent loss = 28.8873, l2 loss = 16.2171 (max 14.95), (true 375, predicted [380])
attack: step 28/30, xent loss = 36.5148, l2 loss = 16.3713 (max 14.95), (true 375, predicted [380])
attack: step 29/30, xent loss = 39.2481, l2 loss = 16.592 (max 14.95), (true 375, predicted [380])
attack: step 30/30, xent loss = 40.8153, l2 loss = 16.7728 (max 14.95), (true 375, predicted [380])
check failed
true = 375, adv = 723
evaluating 773 of [770, 780)
attack: step 1/30, xent loss = 0.121348, l2 loss = 0 (max 14.95), (true 363, predicted [363])
attack: step 2/30, xent loss = 0.179512, l2 loss = 0.0729675 (max 14.95), (true 363, predicted [363])
attack: step 3/30, xent loss = 0.285636, l2 loss = 0.163578 (max 14.95), (true 363, predicted [363])
attack: step 4/30, xent loss = 0.523799, l2 loss = 0.293097 (max 14.95), (true 363, predicted [363])
attack: step 5/30, xent loss = 1.26015, l2 loss = 0.501547 (max 14.95), (true 363, predicted [363])
attack: step 6/30, xent loss = 3.07762, l2 loss = 0.905959 (max 14.95), (true 363, predicted [298])
attack: step 7/30, xent loss = 4.93255, l2 loss = 1.30382 (max 14.95), (true 363, predicted [298])
attack: step 8/30, xent loss = 6.03261, l2 loss = 1.50883 (max 14.95), (true 363, predicted [298])
attack: step 9/30, xent loss = 6.96319, l2 loss = 1.65781 (max 14.95), (true 363, predicted [298])
attack: step 10/30, xent loss = 8.65422, l2 loss = 1.82767 (max 14.95), (true 363, predicted [298])
attack: step 11/30, xent loss = 10.1888, l2 loss = 2.15553 (max 14.95), (true 363, predicted [298])
attack: step 12/30, xent loss = 11.5498, l2 loss = 2.35861 (max 14.95), (true 363, predicted [298])
attack: step 13/30, xent loss = 11.8366, l2 loss = 2.67936 (max 14.95), (true 363, predicted [298])
attack: step 14/30, xent loss = 12.9097, l2 loss = 2.87441 (max 14.95), (true 363, predicted [298])
attack: step 15/30, xent loss = 12.9861, l2 loss = 3.24826 (max 14.95), (true 363, predicted [298])
attack: step 16/30, xent loss = 15.7196, l2 loss = 3.40846 (max 14.95), (true 363, predicted [298])
attack: step 17/30, xent loss = 16.4106, l2 loss = 3.70298 (max 14.95), (true 363, predicted [298])
attack: step 18/30, xent loss = 17.0828, l2 loss = 3.99011 (max 14.95), (true 363, predicted [298])
attack: step 19/30, xent loss = 17.5972, l2 loss = 4.29318 (max 14.95), (true 363, predicted [298])
attack: step 20/30, xent loss = 18.9054, l2 loss = 4.54407 (max 14.95), (true 363, predicted [298])
attack: step 21/30, xent loss = 19.9153, l2 loss = 4.88256 (max 14.95), (true 363, predicted [298])
attack: step 22/30, xent loss = 19.3697, l2 loss = 5.13685 (max 14.95), (true 363, predicted [298])
attack: step 23/30, xent loss = 20.2025, l2 loss = 5.53278 (max 14.95), (true 363, predicted [298])
attack: step 24/30, xent loss = 22.314, l2 loss = 5.75597 (max 14.95), (true 363, predicted [298])
attack: step 25/30, xent loss = 22.0345, l2 loss = 5.98986 (max 14.95), (true 363, predicted [298])
attack: step 26/30, xent loss = 25.6752, l2 loss = 6.2465 (max 14.95), (true 363, predicted [298])
attack: step 27/30, xent loss = 27.5642, l2 loss = 6.35751 (max 14.95), (true 363, predicted [298])
attack: step 28/30, xent loss = 26.7468, l2 loss = 6.61743 (max 14.95), (true 363, predicted [298])
attack: step 29/30, xent loss = 24.4099, l2 loss = 6.83526 (max 14.95), (true 363, predicted [298])
attack: step 30/30, xent loss = 26.318, l2 loss = 7.19189 (max 14.95), (true 363, predicted [298])
true = 363, adv = 478
evaluating 774 of [770, 780)
attack: step 1/30, xent loss = 0.648697, l2 loss = 0 (max 14.95), (true 288, predicted [288])
attack: step 2/30, xent loss = 4.34353, l2 loss = 0.637043 (max 14.95), (true 288, predicted [290])
attack: step 3/30, xent loss = 7.01264, l2 loss = 1.24401 (max 14.95), (true 288, predicted [290])
attack: step 4/30, xent loss = 8.62268, l2 loss = 1.47823 (max 14.95), (true 288, predicted [290])
attack: step 5/30, xent loss = 9.68672, l2 loss = 1.68667 (max 14.95), (true 288, predicted [290])
attack: step 6/30, xent loss = 10.4007, l2 loss = 1.91246 (max 14.95), (true 288, predicted [290])
attack: step 7/30, xent loss = 11.0785, l2 loss = 2.15844 (max 14.95), (true 288, predicted [290])
attack: step 8/30, xent loss = 11.3267, l2 loss = 2.40338 (max 14.95), (true 288, predicted [290])
attack: step 9/30, xent loss = 12.7318, l2 loss = 2.6413 (max 14.95), (true 288, predicted [290])
attack: step 10/30, xent loss = 13.6863, l2 loss = 2.80539 (max 14.95), (true 288, predicted [290])
attack: step 11/30, xent loss = 14.6781, l2 loss = 3.0049 (max 14.95), (true 288, predicted [290])
attack: step 12/30, xent loss = 14.2348, l2 loss = 3.18086 (max 14.95), (true 288, predicted [290])
attack: step 13/30, xent loss = 15.0248, l2 loss = 3.42736 (max 14.95), (true 288, predicted [290])
attack: step 14/30, xent loss = 14.3049, l2 loss = 3.65058 (max 14.95), (true 288, predicted [290])
attack: step 15/30, xent loss = 16.6778, l2 loss = 3.84176 (max 14.95), (true 288, predicted [290])
attack: step 16/30, xent loss = 16.9271, l2 loss = 3.99602 (max 14.95), (true 288, predicted [290])
attack: step 17/30, xent loss = 16.6512, l2 loss = 4.21447 (max 14.95), (true 288, predicted [290])
attack: step 18/30, xent loss = 15.5339, l2 loss = 4.48806 (max 14.95), (true 288, predicted [290])
attack: step 19/30, xent loss = 18.8331, l2 loss = 4.68059 (max 14.95), (true 288, predicted [290])
attack: step 20/30, xent loss = 19.1937, l2 loss = 4.85782 (max 14.95), (true 288, predicted [290])
attack: step 21/30, xent loss = 18.9986, l2 loss = 5.0644 (max 14.95), (true 288, predicted [290])
attack: step 22/30, xent loss = 15.3226, l2 loss = 5.53316 (max 14.95), (true 288, predicted [290])
attack: step 23/30, xent loss = 19.1867, l2 loss = 5.68414 (max 14.95), (true 288, predicted [290])
attack: step 24/30, xent loss = 20.267, l2 loss = 5.83173 (max 14.95), (true 288, predicted [290])
attack: step 25/30, xent loss = 19.099, l2 loss = 6.04423 (max 14.95), (true 288, predicted [290])
attack: step 26/30, xent loss = 16.7961, l2 loss = 6.30933 (max 14.95), (true 288, predicted [290])
attack: step 27/30, xent loss = 21.9895, l2 loss = 6.48617 (max 14.95), (true 288, predicted [290])
attack: step 28/30, xent loss = 23.4651, l2 loss = 6.60142 (max 14.95), (true 288, predicted [290])
attack: step 29/30, xent loss = 23.2222, l2 loss = 6.78365 (max 14.95), (true 288, predicted [290])
attack: step 30/30, xent loss = 21.2937, l2 loss = 6.97127 (max 14.95), (true 288, predicted [290])
true = 288, adv = 51
evaluating 775 of [770, 780)
attack: step 1/30, xent loss = 0.600565, l2 loss = 0 (max 14.95), (true 548, predicted [548])
attack: step 2/30, xent loss = 3.18278, l2 loss = 0.948277 (max 14.95), (true 548, predicted [598])
attack: step 3/30, xent loss = 5.65524, l2 loss = 2.11736 (max 14.95), (true 548, predicted [598])
attack: step 4/30, xent loss = 7.71919, l2 loss = 3.86065 (max 14.95), (true 548, predicted [598])
attack: step 5/30, xent loss = 10.3176, l2 loss = 4.59141 (max 14.95), (true 548, predicted [598])
attack: step 6/30, xent loss = 12.269, l2 loss = 5.13542 (max 14.95), (true 548, predicted [598])
attack: step 7/30, xent loss = 10.9729, l2 loss = 5.82122 (max 14.95), (true 548, predicted [598])
attack: step 8/30, xent loss = 16.2399, l2 loss = 6.37799 (max 14.95), (true 548, predicted [598])
attack: step 9/30, xent loss = 20.5056, l2 loss = 6.80871 (max 14.95), (true 548, predicted [598])
attack: step 10/30, xent loss = 20.0754, l2 loss = 7.31468 (max 14.95), (true 548, predicted [598])
attack: step 11/30, xent loss = 18.8183, l2 loss = 8.02916 (max 14.95), (true 548, predicted [598])
attack: step 12/30, xent loss = 27.7421, l2 loss = 8.55217 (max 14.95), (true 548, predicted [598])
attack: step 13/30, xent loss = 27.6918, l2 loss = 8.93544 (max 14.95), (true 548, predicted [598])
attack: step 14/30, xent loss = 21.2808, l2 loss = 9.5704 (max 14.95), (true 548, predicted [598])
attack: step 15/30, xent loss = 21.383, l2 loss = 10.8328 (max 14.95), (true 548, predicted [598])
attack: step 16/30, xent loss = 28.1331, l2 loss = 11.2044 (max 14.95), (true 548, predicted [598])
attack: step 17/30, xent loss = 30.9949, l2 loss = 11.6677 (max 14.95), (true 548, predicted [598])
attack: step 18/30, xent loss = 33.585, l2 loss = 12.0927 (max 14.95), (true 548, predicted [498])
attack: step 19/30, xent loss = 34.9626, l2 loss = 12.6911 (max 14.95), (true 548, predicted [498])
attack: step 20/30, xent loss = 41.1079, l2 loss = 13.4285 (max 14.95), (true 548, predicted [498])
attack: step 21/30, xent loss = 39.6091, l2 loss = 14.0762 (max 14.95), (true 548, predicted [498])
attack: step 22/30, xent loss = 31.5283, l2 loss = 15.1466 (max 14.95), (true 548, predicted [854])
attack: step 23/30, xent loss = 41.7205, l2 loss = 15.8514 (max 14.95), (true 548, predicted [498])
attack: step 24/30, xent loss = 37.7927, l2 loss = 16.8603 (max 14.95), (true 548, predicted [854])
attack: step 25/30, xent loss = 49.8098, l2 loss = 17.3691 (max 14.95), (true 548, predicted [854])
attack: step 26/30, xent loss = 56.6091, l2 loss = 17.923 (max 14.95), (true 548, predicted [854])
attack: step 27/30, xent loss = 52.8756, l2 loss = 18.5682 (max 14.95), (true 548, predicted [854])
attack: step 28/30, xent loss = 51.9763, l2 loss = 19.2125 (max 14.95), (true 548, predicted [854])
attack: step 29/30, xent loss = 54.4639, l2 loss = 19.6761 (max 14.95), (true 548, predicted [854])
attack: step 30/30, xent loss = 66.9275, l2 loss = 20.2398 (max 14.95), (true 548, predicted [854])
check failed
true = 548, adv = 915
evaluating 776 of [770, 780)
attack: step 1/30, xent loss = 0.015453, l2 loss = 0 (max 14.95), (true 807, predicted [807])
attack: step 2/30, xent loss = 0.0277792, l2 loss = 0.0304426 (max 14.95), (true 807, predicted [807])
attack: step 3/30, xent loss = 0.0756355, l2 loss = 0.0841996 (max 14.95), (true 807, predicted [807])
attack: step 4/30, xent loss = 0.614489, l2 loss = 0.217831 (max 14.95), (true 807, predicted [807])
attack: step 5/30, xent loss = 6.76447, l2 loss = 1.05987 (max 14.95), (true 807, predicted [912])
attack: step 6/30, xent loss = 8.76862, l2 loss = 1.5247 (max 14.95), (true 807, predicted [912])
attack: step 7/30, xent loss = 11.5184, l2 loss = 1.78493 (max 14.95), (true 807, predicted [716])
attack: step 8/30, xent loss = 10.9113, l2 loss = 2.29098 (max 14.95), (true 807, predicted [716])
attack: step 9/30, xent loss = 11.825, l2 loss = 5.07557 (max 14.95), (true 807, predicted [716])
attack: step 10/30, xent loss = 21.0661, l2 loss = 5.32976 (max 14.95), (true 807, predicted [716])
attack: step 11/30, xent loss = 23.2332, l2 loss = 6.6409 (max 14.95), (true 807, predicted [716])
attack: step 12/30, xent loss = 20.3189, l2 loss = 7.38034 (max 14.95), (true 807, predicted [716])
attack: step 13/30, xent loss = 23.3921, l2 loss = 8.17264 (max 14.95), (true 807, predicted [716])
attack: step 14/30, xent loss = 27.1653, l2 loss = 8.69409 (max 14.95), (true 807, predicted [716])
attack: step 15/30, xent loss = 32.4535, l2 loss = 9.17084 (max 14.95), (true 807, predicted [716])
attack: step 16/30, xent loss = 32.6773, l2 loss = 9.67045 (max 14.95), (true 807, predicted [716])
attack: step 17/30, xent loss = 34.2235, l2 loss = 11.9889 (max 14.95), (true 807, predicted [716])
attack: step 18/30, xent loss = 38.6796, l2 loss = 12.2935 (max 14.95), (true 807, predicted [716])
attack: step 19/30, xent loss = 37.3081, l2 loss = 12.7933 (max 14.95), (true 807, predicted [716])
attack: step 20/30, xent loss = 41.5534, l2 loss = 13.0519 (max 14.95), (true 807, predicted [716])
attack: step 21/30, xent loss = 42.1418, l2 loss = 13.3388 (max 14.95), (true 807, predicted [716])
attack: step 22/30, xent loss = 46.4371, l2 loss = 13.6304 (max 14.95), (true 807, predicted [716])
attack: step 23/30, xent loss = 45.3777, l2 loss = 13.9578 (max 14.95), (true 807, predicted [716])
attack: step 24/30, xent loss = 46.1926, l2 loss = 14.2935 (max 14.95), (true 807, predicted [716])
attack: step 25/30, xent loss = 42.8525, l2 loss = 14.755 (max 14.95), (true 807, predicted [716])
attack: step 26/30, xent loss = 52.2474, l2 loss = 14.9714 (max 14.95), (true 807, predicted [716])
attack: step 27/30, xent loss = 54.2181, l2 loss = 15.2456 (max 14.95), (true 807, predicted [716])
attack: step 28/30, xent loss = 47.4915, l2 loss = 15.7261 (max 14.95), (true 807, predicted [716])
attack: step 29/30, xent loss = 55.7182, l2 loss = 16.0006 (max 14.95), (true 807, predicted [716])
attack: step 30/30, xent loss = 56.9785, l2 loss = 16.2538 (max 14.95), (true 807, predicted [716])
check failed
true = 807, adv = 807
evaluating 777 of [770, 780)
attack: step 1/30, xent loss = 0.0725445, l2 loss = 0 (max 14.95), (true 64, predicted [64])
attack: step 2/30, xent loss = 0.328438, l2 loss = 0.124824 (max 14.95), (true 64, predicted [64])
attack: step 3/30, xent loss = 2.37512, l2 loss = 0.541473 (max 14.95), (true 64, predicted [55])
attack: step 4/30, xent loss = 5.12009, l2 loss = 1.73386 (max 14.95), (true 64, predicted [60])
attack: step 5/30, xent loss = 7.60462, l2 loss = 3.96475 (max 14.95), (true 64, predicted [60])
attack: step 6/30, xent loss = 10.8508, l2 loss = 4.39154 (max 14.95), (true 64, predicted [54])
attack: step 7/30, xent loss = 16.9479, l2 loss = 5.0053 (max 14.95), (true 64, predicted [54])
attack: step 8/30, xent loss = 11.5821, l2 loss = 6.81618 (max 14.95), (true 64, predicted [54])
attack: step 9/30, xent loss = 17.6971, l2 loss = 8.04687 (max 14.95), (true 64, predicted [54])
attack: step 10/30, xent loss = 20.7029, l2 loss = 8.9895 (max 14.95), (true 64, predicted [54])
attack: step 11/30, xent loss = 27.923, l2 loss = 9.57822 (max 14.95), (true 64, predicted [54])
attack: step 12/30, xent loss = 19.2396, l2 loss = 10.7461 (max 14.95), (true 64, predicted [54])
attack: step 13/30, xent loss = 25.7859, l2 loss = 11.1017 (max 14.95), (true 64, predicted [54])
attack: step 14/30, xent loss = 30.5985, l2 loss = 11.5886 (max 14.95), (true 64, predicted [54])
attack: step 15/30, xent loss = 25.6284, l2 loss = 12.0883 (max 14.95), (true 64, predicted [54])
attack: step 16/30, xent loss = 23.0875, l2 loss = 13.3392 (max 14.95), (true 64, predicted [54])
attack: step 17/30, xent loss = 29.8814, l2 loss = 13.5424 (max 14.95), (true 64, predicted [54])
attack: step 18/30, xent loss = 29.0245, l2 loss = 14.3123 (max 14.95), (true 64, predicted [54])
attack: step 19/30, xent loss = 40.7995, l2 loss = 14.5347 (max 14.95), (true 64, predicted [54])
attack: step 20/30, xent loss = 36.8565, l2 loss = 14.8523 (max 14.95), (true 64, predicted [54])
attack: step 21/30, xent loss = 34.2234, l2 loss = 15.4108 (max 14.95), (true 64, predicted [54])
attack: step 22/30, xent loss = 29.5321, l2 loss = 15.9687 (max 14.95), (true 64, predicted [54])
attack: step 23/30, xent loss = 47.8876, l2 loss = 16.1857 (max 14.95), (true 64, predicted [54])
attack: step 24/30, xent loss = 44.0947, l2 loss = 16.5042 (max 14.95), (true 64, predicted [54])
attack: step 25/30, xent loss = 39.3621, l2 loss = 17.0081 (max 14.95), (true 64, predicted [54])
attack: step 26/30, xent loss = 37.7458, l2 loss = 17.5906 (max 14.95), (true 64, predicted [54])
attack: step 27/30, xent loss = 48.6106, l2 loss = 17.8388 (max 14.95), (true 64, predicted [54])
attack: step 28/30, xent loss = 42.9592, l2 loss = 18.3175 (max 14.95), (true 64, predicted [54])
attack: step 29/30, xent loss = 50.5861, l2 loss = 18.6867 (max 14.95), (true 64, predicted [54])
attack: step 30/30, xent loss = 39.3792, l2 loss = 19.0742 (max 14.95), (true 64, predicted [54])
check failed
true = 64, adv = 672
evaluating 778 of [770, 780)
attack: step 1/30, xent loss = 0.0285275, l2 loss = 0 (max 14.95), (true 603, predicted [603])
attack: step 2/30, xent loss = 0.112018, l2 loss = 0.0578623 (max 14.95), (true 603, predicted [603])
attack: step 3/30, xent loss = 5.57019, l2 loss = 0.373929 (max 14.95), (true 603, predicted [690])
attack: step 4/30, xent loss = 10.1645, l2 loss = 2.27141 (max 14.95), (true 603, predicted [690])
attack: step 5/30, xent loss = 11.8558, l2 loss = 2.57452 (max 14.95), (true 603, predicted [690])
attack: step 6/30, xent loss = 9.62831, l2 loss = 3.51289 (max 14.95), (true 603, predicted [690])
attack: step 7/30, xent loss = 13.5413, l2 loss = 3.60705 (max 14.95), (true 603, predicted [690])
attack: step 8/30, xent loss = 18.5141, l2 loss = 3.84268 (max 14.95), (true 603, predicted [690])
attack: step 9/30, xent loss = 20.3066, l2 loss = 4.12269 (max 14.95), (true 603, predicted [690])
attack: step 10/30, xent loss = 16.8648, l2 loss = 4.44344 (max 14.95), (true 603, predicted [690])
attack: step 11/30, xent loss = 17.2404, l2 loss = 5.0325 (max 14.95), (true 603, predicted [690])
attack: step 12/30, xent loss = 21.9146, l2 loss = 5.22475 (max 14.95), (true 603, predicted [690])
attack: step 13/30, xent loss = 19.7695, l2 loss = 5.43258 (max 14.95), (true 603, predicted [690])
attack: step 14/30, xent loss = 22.8797, l2 loss = 5.75771 (max 14.95), (true 603, predicted [690])
attack: step 15/30, xent loss = 25.2761, l2 loss = 6.00589 (max 14.95), (true 603, predicted [690])
attack: step 16/30, xent loss = 23.5135, l2 loss = 6.31648 (max 14.95), (true 603, predicted [690])
attack: step 17/30, xent loss = 23.1219, l2 loss = 6.61281 (max 14.95), (true 603, predicted [690])
attack: step 18/30, xent loss = 25.2393, l2 loss = 6.93824 (max 14.95), (true 603, predicted [690])
attack: step 19/30, xent loss = 28.7294, l2 loss = 7.17047 (max 14.95), (true 603, predicted [690])
attack: step 20/30, xent loss = 26.2831, l2 loss = 7.40374 (max 14.95), (true 603, predicted [690])
attack: step 21/30, xent loss = 29.9134, l2 loss = 7.63552 (max 14.95), (true 603, predicted [690])
attack: step 22/30, xent loss = 31.153, l2 loss = 7.86384 (max 14.95), (true 603, predicted [690])
attack: step 23/30, xent loss = 31.9568, l2 loss = 8.09653 (max 14.95), (true 603, predicted [690])
attack: step 24/30, xent loss = 30.6408, l2 loss = 8.45517 (max 14.95), (true 603, predicted [690])
attack: step 25/30, xent loss = 30.9044, l2 loss = 8.68772 (max 14.95), (true 603, predicted [690])
attack: step 26/30, xent loss = 32.4612, l2 loss = 8.90139 (max 14.95), (true 603, predicted [690])
attack: step 27/30, xent loss = 30.1062, l2 loss = 9.03543 (max 14.95), (true 603, predicted [690])
attack: step 28/30, xent loss = 33.8115, l2 loss = 9.32983 (max 14.95), (true 603, predicted [690])
attack: step 29/30, xent loss = 37.3602, l2 loss = 9.53558 (max 14.95), (true 603, predicted [690])
attack: step 30/30, xent loss = 38.6585, l2 loss = 9.70203 (max 14.95), (true 603, predicted [690])
true = 603, adv = 645
evaluating 779 of [770, 780)
attack: step 1/30, xent loss = 0.0901161, l2 loss = 0 (max 14.95), (true 388, predicted [388])
attack: step 2/30, xent loss = 1.05025, l2 loss = 0.204915 (max 14.95), (true 388, predicted [388])
attack: step 3/30, xent loss = 7.30423, l2 loss = 1.34279 (max 14.95), (true 388, predicted [357])
attack: step 4/30, xent loss = 11.5735, l2 loss = 2.13175 (max 14.95), (true 388, predicted [357])
attack: step 5/30, xent loss = 11.631, l2 loss = 2.46244 (max 14.95), (true 388, predicted [357])
attack: step 6/30, xent loss = 12.8876, l2 loss = 3.34833 (max 14.95), (true 388, predicted [357])
attack: step 7/30, xent loss = 15.2848, l2 loss = 3.86368 (max 14.95), (true 388, predicted [357])
attack: step 8/30, xent loss = 16.7075, l2 loss = 4.33782 (max 14.95), (true 388, predicted [357])
attack: step 9/30, xent loss = 15.1825, l2 loss = 5.23325 (max 14.95), (true 388, predicted [357])
attack: step 10/30, xent loss = 16.6458, l2 loss = 5.59998 (max 14.95), (true 388, predicted [357])
attack: step 11/30, xent loss = 15.7142, l2 loss = 6.54961 (max 14.95), (true 388, predicted [357])
attack: step 12/30, xent loss = 18.5877, l2 loss = 6.90938 (max 14.95), (true 388, predicted [356])
attack: step 13/30, xent loss = 13.1343, l2 loss = 9.33218 (max 14.95), (true 388, predicted [357])
attack: step 14/30, xent loss = 18.6895, l2 loss = 9.64189 (max 14.95), (true 388, predicted [357])
attack: step 15/30, xent loss = 18.5296, l2 loss = 10.3235 (max 14.95), (true 388, predicted [356])
attack: step 16/30, xent loss = 18.7712, l2 loss = 10.8836 (max 14.95), (true 388, predicted [356])
attack: step 17/30, xent loss = 24.1757, l2 loss = 11.3267 (max 14.95), (true 388, predicted [356])
attack: step 18/30, xent loss = 24.2278, l2 loss = 11.6934 (max 14.95), (true 388, predicted [356])
attack: step 19/30, xent loss = 28.1106, l2 loss = 12.1373 (max 14.95), (true 388, predicted [356])
attack: step 20/30, xent loss = 31.4447, l2 loss = 12.9953 (max 14.95), (true 388, predicted [356])
attack: step 21/30, xent loss = 22.9409, l2 loss = 13.385 (max 14.95), (true 388, predicted [356])
attack: step 22/30, xent loss = 25.978, l2 loss = 13.9156 (max 14.95), (true 388, predicted [356])
attack: step 23/30, xent loss = 30.0549, l2 loss = 14.2736 (max 14.95), (true 388, predicted [356])
attack: step 24/30, xent loss = 32.1279, l2 loss = 14.814 (max 14.95), (true 388, predicted [356])
attack: step 25/30, xent loss = 28.0531, l2 loss = 15.1847 (max 14.95), (true 388, predicted [356])
attack: step 26/30, xent loss = 27.5405, l2 loss = 15.9925 (max 14.95), (true 388, predicted [356])
attack: step 27/30, xent loss = 36.9509, l2 loss = 16.243 (max 14.95), (true 388, predicted [356])
attack: step 28/30, xent loss = 28.3838, l2 loss = 16.8093 (max 14.95), (true 388, predicted [356])
attack: step 29/30, xent loss = 38.4224, l2 loss = 17.0778 (max 14.95), (true 388, predicted [356])
attack: step 30/30, xent loss = 34.9209, l2 loss = 17.5088 (max 14.95), (true 388, predicted [356])
check failed
true = 388, adv = 728
