2019-10-26 02:01:01.439864: I tensorflow/core/platform/cpu_feature_guard.cc:141] Your CPU supports instructions that this TensorFlow binary was not compiled to use: SSE4.1 SSE4.2 AVX AVX2 FMA
2019-10-26 02:01:02.010026: I tensorflow/core/platform/profile_utils/cpu_utils.cc:94] CPU Frequency: 2599945000 Hz
2019-10-26 02:01:02.027326: I tensorflow/compiler/xla/service/service.cc:150] XLA service 0x55555902fb20 executing computations on platform Host. Devices:
2019-10-26 02:01:02.027381: I tensorflow/compiler/xla/service/service.cc:158]   StreamExecutor device (0): <undefined>, <undefined>
2019-10-26 02:01:02.029256: I tensorflow/core/common_runtime/process_util.cc:71] Creating new thread pool with default inter op setting: 2. Tune using inter_op_parallelism_threads for best performance.
evaluating 860 of [860, 870)
attack: step 1/10, xent loss = 21.6028, l2 loss = 24.8807 (max 14.95), (true 615, predicted [719])
unbound attack returning early
check failed
true = 615, adv = 719
evaluating 861 of [860, 870)
attack: step 1/10, xent loss = 19.4314, l2 loss = 24.7629 (max 14.95), (true 98, predicted [33])
unbound attack returning early
check failed
true = 98, adv = 33
evaluating 862 of [860, 870)
attack: step 1/10, xent loss = 31.6431, l2 loss = 34.3334 (max 14.95), (true 396, predicted [793])
unbound attack returning early
check failed
true = 396, adv = 793
evaluating 863 of [860, 870)
attack: step 1/10, xent loss = 30.1487, l2 loss = 33.8866 (max 14.95), (true 943, predicted [910])
unbound attack returning early
check failed
true = 943, adv = 910
evaluating 864 of [860, 870)
attack: step 1/10, xent loss = 35.3062, l2 loss = 39.9959 (max 14.95), (true 541, predicted [822])
unbound attack returning early
check failed
true = 541, adv = 822
evaluating 865 of [860, 870)
attack: step 1/10, xent loss = 37.188, l2 loss = 32.8485 (max 14.95), (true 67, predicted [793])
unbound attack returning early
check failed
true = 67, adv = 793
evaluating 866 of [860, 870)
attack: step 1/10, xent loss = 11.1465, l2 loss = 20.0802 (max 14.95), (true 642, predicted [762])
unbound attack returning early
check failed
true = 642, adv = 762
evaluating 867 of [860, 870)
attack: step 1/10, xent loss = 19.3399, l2 loss = 37.7835 (max 14.95), (true 331, predicted [862])
unbound attack returning early
check failed
true = 331, adv = 862
evaluating 868 of [860, 870)
attack: step 1/10, xent loss = 45.9701, l2 loss = 45.0699 (max 14.95), (true 260, predicted [728])
unbound attack returning early
check failed
true = 260, adv = 728
evaluating 869 of [860, 870)
attack: step 1/10, xent loss = 13.4938, l2 loss = 21.3203 (max 14.95), (true 501, predicted [834])
unbound attack returning early
check failed
true = 501, adv = 834
