2019-06-28 06:36:07.530176: I tensorflow/core/platform/cpu_feature_guard.cc:141] Your CPU supports instructions that this TensorFlow binary was not compiled to use: SSE4.1 SSE4.2 AVX AVX2 FMA
2019-06-28 06:36:07.625503: I tensorflow/core/platform/profile_utils/cpu_utils.cc:94] CPU Frequency: 2600015000 Hz
2019-06-28 06:36:07.637525: I tensorflow/compiler/xla/service/service.cc:150] XLA service 0x2aaae6ac0920 executing computations on platform Host. Devices:
2019-06-28 06:36:07.637563: I tensorflow/compiler/xla/service/service.cc:158]   StreamExecutor device (0): <undefined>, <undefined>
2019-06-28 06:36:07.637894: I tensorflow/core/common_runtime/process_util.cc:71] Creating new thread pool with default inter op setting: 2. Tune using inter_op_parallelism_threads for best performance.
evaluating 940 of [940, 950)
attack: step 1/10, xent loss = 19.4915, l2 loss = 23.2454 (max 14.95), (true 370, predicted [793])
attack: step 2/10, xent loss = 20.937, l2 loss = 24.1521 (max 14.95), (true 370, predicted [793])
attack: step 3/10, xent loss = 21.3092, l2 loss = 25.2272 (max 14.95), (true 370, predicted [793])
attack: step 4/10, xent loss = 20.707, l2 loss = 25.9267 (max 14.95), (true 370, predicted [793])
attack: step 5/10, xent loss = 21.2015, l2 loss = 26.8841 (max 14.95), (true 370, predicted [793])
attack: step 6/10, xent loss = 21.8106, l2 loss = 27.8509 (max 14.95), (true 370, predicted [793])
attack: step 7/10, xent loss = 22.7475, l2 loss = 28.8719 (max 14.95), (true 370, predicted [793])
attack: step 8/10, xent loss = 22.1061, l2 loss = 29.7304 (max 14.95), (true 370, predicted [793])
attack: step 9/10, xent loss = 23.7714, l2 loss = 30.7802 (max 14.95), (true 370, predicted [793])
attack: step 10/10, xent loss = 26.6409, l2 loss = 31.5433 (max 14.95), (true 370, predicted [793])
check failed
true = 370, adv = 793
evaluating 941 of [940, 950)
attack: step 1/10, xent loss = 7.22367, l2 loss = 15.4432 (max 14.95), (true 565, predicted [830])
attack: step 2/10, xent loss = 7.61797, l2 loss = 16.1619 (max 14.95), (true 565, predicted [450])
attack: step 3/10, xent loss = 5.64501, l2 loss = 16.96 (max 14.95), (true 565, predicted [830])
attack: step 4/10, xent loss = 7.75379, l2 loss = 17.6998 (max 14.95), (true 565, predicted [830])
attack: step 5/10, xent loss = 8.50617, l2 loss = 18.1133 (max 14.95), (true 565, predicted [830])
attack: step 6/10, xent loss = 9.153, l2 loss = 19.0861 (max 14.95), (true 565, predicted [450])
attack: step 7/10, xent loss = 10.1427, l2 loss = 19.7732 (max 14.95), (true 565, predicted [830])
attack: step 8/10, xent loss = 9.33221, l2 loss = 20.7205 (max 14.95), (true 565, predicted [830])
attack: step 9/10, xent loss = 13.2768, l2 loss = 22.315 (max 14.95), (true 565, predicted [830])
attack: step 10/10, xent loss = 17.082, l2 loss = 23.5253 (max 14.95), (true 565, predicted [830])
check failed
true = 565, adv = 830
evaluating 942 of [940, 950)
attack: step 1/10, xent loss = 12.3859, l2 loss = 17.8889 (max 14.95), (true 933, predicted [728])
attack: step 2/10, xent loss = 15.2206, l2 loss = 19.2602 (max 14.95), (true 933, predicted [728])
attack: step 3/10, xent loss = 15.8485, l2 loss = 20.463 (max 14.95), (true 933, predicted [728])
attack: step 4/10, xent loss = 17.207, l2 loss = 21.7013 (max 14.95), (true 933, predicted [728])
attack: step 5/10, xent loss = 18.0673, l2 loss = 22.9542 (max 14.95), (true 933, predicted [728])
attack: step 6/10, xent loss = 18.0386, l2 loss = 24.231 (max 14.95), (true 933, predicted [728])
attack: step 7/10, xent loss = 20.1359, l2 loss = 25.3379 (max 14.95), (true 933, predicted [728])
attack: step 8/10, xent loss = 21.2926, l2 loss = 26.2985 (max 14.95), (true 933, predicted [728])
attack: step 9/10, xent loss = 22.552, l2 loss = 27.2164 (max 14.95), (true 933, predicted [728])
attack: step 10/10, xent loss = 23.013, l2 loss = 28.1178 (max 14.95), (true 933, predicted [728])
check failed
true = 933, adv = 728
evaluating 943 of [940, 950)
attack: step 1/10, xent loss = 28.1384, l2 loss = 29.3611 (max 14.95), (true 855, predicted [999])
attack: step 2/10, xent loss = 29.2294, l2 loss = 30.6979 (max 14.95), (true 855, predicted [700])
attack: step 3/10, xent loss = 28.1972, l2 loss = 31.7413 (max 14.95), (true 855, predicted [700])
attack: step 4/10, xent loss = 34.2312, l2 loss = 32.8177 (max 14.95), (true 855, predicted [700])
attack: step 5/10, xent loss = 30.8712, l2 loss = 33.8107 (max 14.95), (true 855, predicted [700])
attack: step 6/10, xent loss = 35.6201, l2 loss = 35.0039 (max 14.95), (true 855, predicted [700])
attack: step 7/10, xent loss = 33.7771, l2 loss = 36.0914 (max 14.95), (true 855, predicted [700])
attack: step 8/10, xent loss = 31.7212, l2 loss = 37.1894 (max 14.95), (true 855, predicted [700])
attack: step 9/10, xent loss = 38.6332, l2 loss = 38.4043 (max 14.95), (true 855, predicted [700])
attack: step 10/10, xent loss = 39.4043, l2 loss = 39.4552 (max 14.95), (true 855, predicted [700])
check failed
true = 855, adv = 700
evaluating 944 of [940, 950)
attack: step 1/10, xent loss = 7.84301, l2 loss = 16.0699 (max 14.95), (true 736, predicted [750])
attack: step 2/10, xent loss = 8.46768, l2 loss = 16.525 (max 14.95), (true 736, predicted [750])
attack: step 3/10, xent loss = 9.10961, l2 loss = 16.8183 (max 14.95), (true 736, predicted [750])
attack: step 4/10, xent loss = 9.94278, l2 loss = 17.398 (max 14.95), (true 736, predicted [750])
attack: step 5/10, xent loss = 9.74795, l2 loss = 18.0862 (max 14.95), (true 736, predicted [750])
attack: step 6/10, xent loss = 10.8233, l2 loss = 18.9768 (max 14.95), (true 736, predicted [750])
attack: step 7/10, xent loss = 11.8419, l2 loss = 19.4515 (max 14.95), (true 736, predicted [750])
attack: step 8/10, xent loss = 11.4277, l2 loss = 20.2908 (max 14.95), (true 736, predicted [750])
attack: step 9/10, xent loss = 9.56814, l2 loss = 21.0714 (max 14.95), (true 736, predicted [750])
attack: step 10/10, xent loss = 11.3983, l2 loss = 22.1526 (max 14.95), (true 736, predicted [750])
check failed
true = 736, adv = 750
evaluating 945 of [940, 950)
attack: step 1/10, xent loss = 0.123908, l2 loss = 1.59369 (max 14.95), (true 145, predicted [145])
attack: step 2/10, xent loss = 0.181794, l2 loss = 1.65527 (max 14.95), (true 145, predicted [145])
attack: step 3/10, xent loss = 0.238162, l2 loss = 1.7512 (max 14.95), (true 145, predicted [145])
attack: step 4/10, xent loss = 0.254896, l2 loss = 1.88365 (max 14.95), (true 145, predicted [145])
attack: step 5/10, xent loss = 0.122101, l2 loss = 2.14755 (max 14.95), (true 145, predicted [145])
attack: step 6/10, xent loss = 0.186123, l2 loss = 2.17812 (max 14.95), (true 145, predicted [145])
attack: step 7/10, xent loss = 0.1833, l2 loss = 2.23655 (max 14.95), (true 145, predicted [145])
attack: step 8/10, xent loss = 0.234046, l2 loss = 2.30889 (max 14.95), (true 145, predicted [145])
attack: step 9/10, xent loss = 0.0871341, l2 loss = 2.45909 (max 14.95), (true 145, predicted [145])
attack: step 10/10, xent loss = 0.14337, l2 loss = 2.47207 (max 14.95), (true 145, predicted [145])
true = 145, adv = 145
evaluating 946 of [940, 950)
attack: step 1/10, xent loss = 8.43176, l2 loss = 13.463 (max 14.95), (true 301, predicted [728])
attack: step 2/10, xent loss = 11.1754, l2 loss = 14.3742 (max 14.95), (true 301, predicted [728])
attack: step 3/10, xent loss = 13.6725, l2 loss = 16.8145 (max 14.95), (true 301, predicted [728])
attack: step 4/10, xent loss = 11.1968, l2 loss = 19.0273 (max 14.95), (true 301, predicted [728])
attack: step 5/10, xent loss = 15.7402, l2 loss = 20.8224 (max 14.95), (true 301, predicted [728])
attack: step 6/10, xent loss = 19.7292, l2 loss = 22.7229 (max 14.95), (true 301, predicted [728])
attack: step 7/10, xent loss = 19.146, l2 loss = 24.4893 (max 14.95), (true 301, predicted [728])
attack: step 8/10, xent loss = 18.7793, l2 loss = 26.3124 (max 14.95), (true 301, predicted [728])
attack: step 9/10, xent loss = 22.9694, l2 loss = 28.1789 (max 14.95), (true 301, predicted [728])
attack: step 10/10, xent loss = 23.843, l2 loss = 29.6521 (max 14.95), (true 301, predicted [728])
check failed
true = 301, adv = 728
evaluating 947 of [940, 950)
attack: step 1/10, xent loss = 11.093, l2 loss = 14.9622 (max 14.95), (true 47, predicted [728])
attack: step 2/10, xent loss = 13.8201, l2 loss = 16.2256 (max 14.95), (true 47, predicted [728])
attack: step 3/10, xent loss = 13.9254, l2 loss = 17.3556 (max 14.95), (true 47, predicted [728])
attack: step 4/10, xent loss = 15.9004, l2 loss = 18.7388 (max 14.95), (true 47, predicted [728])
attack: step 5/10, xent loss = 14.1467, l2 loss = 20.3805 (max 14.95), (true 47, predicted [728])
attack: step 6/10, xent loss = 17.1566, l2 loss = 21.5628 (max 14.95), (true 47, predicted [728])
attack: step 7/10, xent loss = 15.6198, l2 loss = 22.7565 (max 14.95), (true 47, predicted [728])
attack: step 8/10, xent loss = 18.0205, l2 loss = 23.7867 (max 14.95), (true 47, predicted [728])
attack: step 9/10, xent loss = 16.9961, l2 loss = 24.6964 (max 14.95), (true 47, predicted [728])
attack: step 10/10, xent loss = 18.0404, l2 loss = 26.1341 (max 14.95), (true 47, predicted [728])
check failed
true = 47, adv = 728
evaluating 948 of [940, 950)
attack: step 1/10, xent loss = 18.8936, l2 loss = 23.4928 (max 14.95), (true 459, predicted [552])
attack: step 2/10, xent loss = 21.8853, l2 loss = 24.7873 (max 14.95), (true 459, predicted [552])
attack: step 3/10, xent loss = 24.0645, l2 loss = 26.8339 (max 14.95), (true 459, predicted [552])
attack: step 4/10, xent loss = 26.226, l2 loss = 27.9942 (max 14.95), (true 459, predicted [552])
attack: step 5/10, xent loss = 22.9602, l2 loss = 29.3689 (max 14.95), (true 459, predicted [552])
attack: step 6/10, xent loss = 25.6323, l2 loss = 31.3805 (max 14.95), (true 459, predicted [552])
attack: step 7/10, xent loss = 28.4005, l2 loss = 32.59 (max 14.95), (true 459, predicted [552])
attack: step 8/10, xent loss = 27.9191, l2 loss = 33.6638 (max 14.95), (true 459, predicted [552])
attack: step 9/10, xent loss = 29.6321, l2 loss = 35.1535 (max 14.95), (true 459, predicted [552])
attack: step 10/10, xent loss = 30.7464, l2 loss = 36.1232 (max 14.95), (true 459, predicted [552])
check failed
true = 459, adv = 552
evaluating 949 of [940, 950)
attack: step 1/10, xent loss = 0.0656248, l2 loss = 0.934929 (max 14.95), (true 698, predicted [698])
attack: step 2/10, xent loss = 0.0905171, l2 loss = 0.955791 (max 14.95), (true 698, predicted [698])
attack: step 3/10, xent loss = 0.0575484, l2 loss = 0.996408 (max 14.95), (true 698, predicted [698])
attack: step 4/10, xent loss = 0.0385013, l2 loss = 1.01765 (max 14.95), (true 698, predicted [698])
attack: step 5/10, xent loss = 0.12067, l2 loss = 1.0271 (max 14.95), (true 698, predicted [698])
attack: step 6/10, xent loss = 0.0767206, l2 loss = 1.07937 (max 14.95), (true 698, predicted [698])
attack: step 7/10, xent loss = 0.0601821, l2 loss = 1.10452 (max 14.95), (true 698, predicted [698])
attack: step 8/10, xent loss = 0.10807, l2 loss = 1.12393 (max 14.95), (true 698, predicted [698])
attack: step 9/10, xent loss = 0.0966903, l2 loss = 1.19125 (max 14.95), (true 698, predicted [698])
attack: step 10/10, xent loss = 0.212265, l2 loss = 1.23286 (max 14.95), (true 698, predicted [698])
true = 698, adv = 698
