2019-06-03 21:55:33.610846: I tensorflow/core/platform/cpu_feature_guard.cc:141] Your CPU supports instructions that this TensorFlow binary was not compiled to use: SSE4.1 SSE4.2 AVX AVX2 FMA
2019-06-03 21:55:33.942009: I tensorflow/core/platform/profile_utils/cpu_utils.cc:94] CPU Frequency: 2599985000 Hz
2019-06-03 21:55:33.949767: I tensorflow/compiler/xla/service/service.cc:150] XLA service 0x2aaae6ac0650 executing computations on platform Host. Devices:
2019-06-03 21:55:33.949808: I tensorflow/compiler/xla/service/service.cc:158]   StreamExecutor device (0): <undefined>, <undefined>
2019-06-03 21:55:33.950515: I tensorflow/core/common_runtime/process_util.cc:71] Creating new thread pool with default inter op setting: 2. Tune using inter_op_parallelism_threads for best performance.
evaluating 430 of [430, 440)
attack: step 1/10, xent loss = 0.0037021, l2 loss = 0 (max 14.95), (true 674, predicted [674])
attack: step 2/10, xent loss = 0.00102551, l2 loss = 0.027757 (max 14.95), (true 674, predicted [674])
attack: step 3/10, xent loss = 0.00196347, l2 loss = 0.0295144 (max 14.95), (true 674, predicted [674])
attack: step 4/10, xent loss = 0.00120865, l2 loss = 0.034621 (max 14.95), (true 674, predicted [674])
attack: step 5/10, xent loss = 0.0340099, l2 loss = 0.0369566 (max 14.95), (true 674, predicted [674])
attack: step 6/10, xent loss = 0.018732, l2 loss = 0.318056 (max 14.95), (true 674, predicted [674])
attack: step 7/10, xent loss = 0.0164908, l2 loss = 0.374146 (max 14.95), (true 674, predicted [674])
attack: step 8/10, xent loss = 0.0202507, l2 loss = 0.420038 (max 14.95), (true 674, predicted [674])
attack: step 9/10, xent loss = 0.0565949, l2 loss = 0.479463 (max 14.95), (true 674, predicted [674])
attack: step 10/10, xent loss = 0.0117217, l2 loss = 0.767208 (max 14.95), (true 674, predicted [674])
true = 674, adv = 674
evaluating 431 of [430, 440)
attack: step 1/10, xent loss = 2.33716, l2 loss = 0 (max 14.95), (true 596, predicted [587])
attack: step 2/10, xent loss = 5.64339, l2 loss = 3.71155 (max 14.95), (true 596, predicted [558])
attack: step 3/10, xent loss = 7.7146, l2 loss = 5.09478 (max 14.95), (true 596, predicted [558])
attack: step 4/10, xent loss = 9.26365, l2 loss = 7.0001 (max 14.95), (true 596, predicted [558])
attack: step 5/10, xent loss = 9.90211, l2 loss = 8.47002 (max 14.95), (true 596, predicted [558])
attack: step 6/10, xent loss = 11.4779, l2 loss = 9.65936 (max 14.95), (true 596, predicted [558])
attack: step 7/10, xent loss = 13.7892, l2 loss = 10.8443 (max 14.95), (true 596, predicted [558])
attack: step 8/10, xent loss = 15.5364, l2 loss = 11.9079 (max 14.95), (true 596, predicted [558])
attack: step 9/10, xent loss = 15.5529, l2 loss = 13.0861 (max 14.95), (true 596, predicted [558])
attack: step 10/10, xent loss = 17.1109, l2 loss = 14.2491 (max 14.95), (true 596, predicted [558])
check failed
true = 596, adv = 558
evaluating 432 of [430, 440)
attack: step 1/10, xent loss = 1.84532, l2 loss = 0 (max 14.95), (true 129, predicted [89])
attack: step 2/10, xent loss = 2.79473, l2 loss = 4.52375 (max 14.95), (true 129, predicted [89])
attack: step 3/10, xent loss = 2.96553, l2 loss = 6.93218 (max 14.95), (true 129, predicted [89])
attack: step 4/10, xent loss = 3.52144, l2 loss = 7.75781 (max 14.95), (true 129, predicted [89])
attack: step 5/10, xent loss = 6.13374, l2 loss = 8.56407 (max 14.95), (true 129, predicted [89])
attack: step 6/10, xent loss = 6.24728, l2 loss = 9.01615 (max 14.95), (true 129, predicted [89])
attack: step 7/10, xent loss = 7.32507, l2 loss = 9.60893 (max 14.95), (true 129, predicted [89])
attack: step 8/10, xent loss = 7.47051, l2 loss = 10.2555 (max 14.95), (true 129, predicted [89])
attack: step 9/10, xent loss = 8.25819, l2 loss = 10.9294 (max 14.95), (true 129, predicted [89])
attack: step 10/10, xent loss = 8.71626, l2 loss = 11.4514 (max 14.95), (true 129, predicted [89])
true = 129, adv = 89
evaluating 433 of [430, 440)
attack: step 1/10, xent loss = 8.21336, l2 loss = 0 (max 14.95), (true 605, predicted [643])
attack: step 2/10, xent loss = 9.04284, l2 loss = 2.75575 (max 14.95), (true 605, predicted [728])
attack: step 3/10, xent loss = 11.1579, l2 loss = 4.39397 (max 14.95), (true 605, predicted [643])
attack: step 4/10, xent loss = 14.1881, l2 loss = 6.75646 (max 14.95), (true 605, predicted [643])
attack: step 5/10, xent loss = 15.9633, l2 loss = 8.72412 (max 14.95), (true 605, predicted [643])
attack: step 6/10, xent loss = 14.1979, l2 loss = 11.1107 (max 14.95), (true 605, predicted [643])
attack: step 7/10, xent loss = 16.3444, l2 loss = 12.9509 (max 14.95), (true 605, predicted [643])
attack: step 8/10, xent loss = 17.4247, l2 loss = 13.6598 (max 14.95), (true 605, predicted [643])
attack: step 9/10, xent loss = 19.6208, l2 loss = 14.7224 (max 14.95), (true 605, predicted [643])
attack: step 10/10, xent loss = 17.0209, l2 loss = 15.8832 (max 14.95), (true 605, predicted [643])
check failed
true = 605, adv = 643
evaluating 434 of [430, 440)
attack: step 1/10, xent loss = 3.64024, l2 loss = 0 (max 14.95), (true 387, predicted [364])
attack: step 2/10, xent loss = 7.93378, l2 loss = 8.09212 (max 14.95), (true 387, predicted [945])
attack: step 3/10, xent loss = 8.78028, l2 loss = 9.25572 (max 14.95), (true 387, predicted [945])
attack: step 4/10, xent loss = 8.63072, l2 loss = 9.5883 (max 14.95), (true 387, predicted [945])
attack: step 5/10, xent loss = 8.76166, l2 loss = 10.0258 (max 14.95), (true 387, predicted [945])
attack: step 6/10, xent loss = 8.54773, l2 loss = 10.347 (max 14.95), (true 387, predicted [945])
attack: step 7/10, xent loss = 9.16643, l2 loss = 11.3366 (max 14.95), (true 387, predicted [945])
attack: step 8/10, xent loss = 10.8667, l2 loss = 11.8305 (max 14.95), (true 387, predicted [945])
attack: step 9/10, xent loss = 11.5169, l2 loss = 12.6084 (max 14.95), (true 387, predicted [945])
attack: step 10/10, xent loss = 11.745, l2 loss = 13.4253 (max 14.95), (true 387, predicted [945])
true = 387, adv = 945
evaluating 435 of [430, 440)
attack: step 1/10, xent loss = 6.13411, l2 loss = 0 (max 14.95), (true 819, predicted [854])
attack: step 2/10, xent loss = 8.54701, l2 loss = 3.83069 (max 14.95), (true 819, predicted [854])
attack: step 3/10, xent loss = 11.1254, l2 loss = 6.98493 (max 14.95), (true 819, predicted [854])
attack: step 4/10, xent loss = 11.6851, l2 loss = 9.48215 (max 14.95), (true 819, predicted [854])
attack: step 5/10, xent loss = 12.6063, l2 loss = 10.6148 (max 14.95), (true 819, predicted [854])
attack: step 6/10, xent loss = 11.6222, l2 loss = 12.3874 (max 14.95), (true 819, predicted [854])
attack: step 7/10, xent loss = 13.8927, l2 loss = 13.3648 (max 14.95), (true 819, predicted [854])
attack: step 8/10, xent loss = 15.1587, l2 loss = 14.8318 (max 14.95), (true 819, predicted [854])
attack: step 9/10, xent loss = 15.5506, l2 loss = 16.0493 (max 14.95), (true 819, predicted [854])
attack: step 10/10, xent loss = 15.6482, l2 loss = 16.977 (max 14.95), (true 819, predicted [854])
check failed
true = 819, adv = 854
evaluating 436 of [430, 440)
attack: step 1/10, xent loss = 4.0371, l2 loss = 0 (max 14.95), (true 261, predicted [254])
attack: step 2/10, xent loss = 8.84251, l2 loss = 5.21055 (max 14.95), (true 261, predicted [254])
attack: step 3/10, xent loss = 10.5246, l2 loss = 7.88321 (max 14.95), (true 261, predicted [254])
attack: step 4/10, xent loss = 11.4381, l2 loss = 8.56517 (max 14.95), (true 261, predicted [254])
attack: step 5/10, xent loss = 13.5278, l2 loss = 9.34262 (max 14.95), (true 261, predicted [254])
attack: step 6/10, xent loss = 12.3272, l2 loss = 10.1853 (max 14.95), (true 261, predicted [254])
attack: step 7/10, xent loss = 12.5858, l2 loss = 12.7794 (max 14.95), (true 261, predicted [254])
attack: step 8/10, xent loss = 14.3486, l2 loss = 13.2176 (max 14.95), (true 261, predicted [254])
attack: step 9/10, xent loss = 14.0082, l2 loss = 13.8698 (max 14.95), (true 261, predicted [254])
attack: step 10/10, xent loss = 16.3762, l2 loss = 14.4207 (max 14.95), (true 261, predicted [254])
check failed
true = 261, adv = 254
evaluating 437 of [430, 440)
attack: step 1/10, xent loss = 0.0527131, l2 loss = 0 (max 14.95), (true 325, predicted [325])
attack: step 2/10, xent loss = 0.0419914, l2 loss = 0.0860236 (max 14.95), (true 325, predicted [325])
attack: step 3/10, xent loss = 0.0474708, l2 loss = 0.119639 (max 14.95), (true 325, predicted [325])
attack: step 4/10, xent loss = 0.0495515, l2 loss = 0.141679 (max 14.95), (true 325, predicted [325])
attack: step 5/10, xent loss = 0.0779177, l2 loss = 0.17116 (max 14.95), (true 325, predicted [325])
attack: step 6/10, xent loss = 0.0613989, l2 loss = 0.222963 (max 14.95), (true 325, predicted [325])
attack: step 7/10, xent loss = 0.0483648, l2 loss = 0.258248 (max 14.95), (true 325, predicted [325])
attack: step 8/10, xent loss = 0.0749881, l2 loss = 0.278704 (max 14.95), (true 325, predicted [325])
attack: step 9/10, xent loss = 0.0538843, l2 loss = 0.316486 (max 14.95), (true 325, predicted [325])
attack: step 10/10, xent loss = 0.0430386, l2 loss = 0.346273 (max 14.95), (true 325, predicted [325])
true = 325, adv = 325
evaluating 438 of [430, 440)
attack: step 1/10, xent loss = 0.073448, l2 loss = 0 (max 14.95), (true 94, predicted [94])
attack: step 2/10, xent loss = 0.0499991, l2 loss = 0.272913 (max 14.95), (true 94, predicted [94])
attack: step 3/10, xent loss = 0.116996, l2 loss = 0.332875 (max 14.95), (true 94, predicted [94])
attack: step 4/10, xent loss = 0.068399, l2 loss = 0.565366 (max 14.95), (true 94, predicted [94])
attack: step 5/10, xent loss = 0.0825213, l2 loss = 0.650348 (max 14.95), (true 94, predicted [94])
attack: step 6/10, xent loss = 0.124772, l2 loss = 0.772904 (max 14.95), (true 94, predicted [94])
attack: step 7/10, xent loss = 0.135981, l2 loss = 0.913486 (max 14.95), (true 94, predicted [94])
attack: step 8/10, xent loss = 0.260511, l2 loss = 1.09864 (max 14.95), (true 94, predicted [94])
attack: step 9/10, xent loss = 0.241836, l2 loss = 1.52765 (max 14.95), (true 94, predicted [94])
attack: step 10/10, xent loss = 0.840554, l2 loss = 1.84511 (max 14.95), (true 94, predicted [94])
true = 94, adv = 16
evaluating 439 of [430, 440)
attack: step 1/10, xent loss = 1.16776, l2 loss = 0 (max 14.95), (true 166, predicted [162])
attack: step 2/10, xent loss = 2.43723, l2 loss = 3.02653 (max 14.95), (true 166, predicted [162])
attack: step 3/10, xent loss = 5.30724, l2 loss = 5.15946 (max 14.95), (true 166, predicted [162])
attack: step 4/10, xent loss = 5.72776, l2 loss = 5.96399 (max 14.95), (true 166, predicted [162])
attack: step 5/10, xent loss = 6.78911, l2 loss = 7.02114 (max 14.95), (true 166, predicted [162])
attack: step 6/10, xent loss = 7.99904, l2 loss = 7.5487 (max 14.95), (true 166, predicted [162])
attack: step 7/10, xent loss = 8.42161, l2 loss = 7.93701 (max 14.95), (true 166, predicted [162])
attack: step 8/10, xent loss = 8.78671, l2 loss = 8.37275 (max 14.95), (true 166, predicted [162])
attack: step 9/10, xent loss = 9.13491, l2 loss = 8.81955 (max 14.95), (true 166, predicted [162])
attack: step 10/10, xent loss = 9.80604, l2 loss = 9.29813 (max 14.95), (true 166, predicted [162])
true = 166, adv = 156
