2019-06-30 22:44:07.113491: I tensorflow/core/platform/cpu_feature_guard.cc:141] Your CPU supports instructions that this TensorFlow binary was not compiled to use: SSE4.1 SSE4.2 AVX AVX2 FMA
2019-06-30 22:44:07.747542: I tensorflow/core/platform/profile_utils/cpu_utils.cc:94] CPU Frequency: 2600025000 Hz
2019-06-30 22:44:07.749054: I tensorflow/compiler/xla/service/service.cc:150] XLA service 0x2aaae6ac0340 executing computations on platform Host. Devices:
2019-06-30 22:44:07.749092: I tensorflow/compiler/xla/service/service.cc:158]   StreamExecutor device (0): <undefined>, <undefined>
2019-06-30 22:44:07.750379: I tensorflow/core/common_runtime/process_util.cc:71] Creating new thread pool with default inter op setting: 2. Tune using inter_op_parallelism_threads for best performance.
evaluating 70 of [70, 80)
attack: step 1/10, xent loss = 6.69035, l2 loss = 5.41874 (max 14.95), (true 63, predicted [607])
attack: step 2/10, xent loss = 6.94527, l2 loss = 5.59923 (max 14.95), (true 63, predicted [723])
attack: step 3/10, xent loss = 6.84273, l2 loss = 5.7897 (max 14.95), (true 63, predicted [607])
attack: step 4/10, xent loss = 7.97074, l2 loss = 6.03611 (max 14.95), (true 63, predicted [655])
attack: step 5/10, xent loss = 7.38693, l2 loss = 6.26828 (max 14.95), (true 63, predicted [723])
attack: step 6/10, xent loss = 7.05373, l2 loss = 6.64588 (max 14.95), (true 63, predicted [723])
attack: step 7/10, xent loss = 7.3388, l2 loss = 6.87748 (max 14.95), (true 63, predicted [655])
attack: step 8/10, xent loss = 7.59442, l2 loss = 7.11547 (max 14.95), (true 63, predicted [655])
attack: step 9/10, xent loss = 8.01225, l2 loss = 7.32617 (max 14.95), (true 63, predicted [478])
attack: step 10/10, xent loss = 7.34822, l2 loss = 7.55282 (max 14.95), (true 63, predicted [723])
true = 63, adv = 723
evaluating 71 of [70, 80)
attack: step 1/10, xent loss = 8.53221, l2 loss = 6.84981 (max 14.95), (true 761, predicted [478])
attack: step 2/10, xent loss = 7.9384, l2 loss = 7.25293 (max 14.95), (true 761, predicted [518])
attack: step 3/10, xent loss = 8.01892, l2 loss = 7.45154 (max 14.95), (true 761, predicted [638])
attack: step 4/10, xent loss = 7.5659, l2 loss = 7.80759 (max 14.95), (true 761, predicted [692])
attack: step 5/10, xent loss = 9.10831, l2 loss = 8.01486 (max 14.95), (true 761, predicted [478])
attack: step 6/10, xent loss = 8.39337, l2 loss = 8.31442 (max 14.95), (true 761, predicted [478])
attack: step 7/10, xent loss = 8.42429, l2 loss = 8.52604 (max 14.95), (true 761, predicted [549])
attack: step 8/10, xent loss = 8.58801, l2 loss = 8.76994 (max 14.95), (true 761, predicted [692])
attack: step 9/10, xent loss = 9.46643, l2 loss = 9.09278 (max 14.95), (true 761, predicted [478])
attack: step 10/10, xent loss = 7.90857, l2 loss = 9.63243 (max 14.95), (true 761, predicted [692])
true = 761, adv = 518
evaluating 72 of [70, 80)
attack: step 1/10, xent loss = 6.87927, l2 loss = 7.25328 (max 14.95), (true 37, predicted [728])
attack: step 2/10, xent loss = 6.98754, l2 loss = 7.50528 (max 14.95), (true 37, predicted [879])
attack: step 3/10, xent loss = 7.09912, l2 loss = 7.66496 (max 14.95), (true 37, predicted [723])
attack: step 4/10, xent loss = 7.83747, l2 loss = 7.89016 (max 14.95), (true 37, predicted [723])
attack: step 5/10, xent loss = 7.47169, l2 loss = 8.17445 (max 14.95), (true 37, predicted [723])
attack: step 6/10, xent loss = 7.30523, l2 loss = 8.39046 (max 14.95), (true 37, predicted [478])
attack: step 7/10, xent loss = 7.08732, l2 loss = 8.5963 (max 14.95), (true 37, predicted [728])
attack: step 8/10, xent loss = 7.3562, l2 loss = 8.97538 (max 14.95), (true 37, predicted [728])
attack: step 9/10, xent loss = 7.33687, l2 loss = 9.36479 (max 14.95), (true 37, predicted [701])
attack: step 10/10, xent loss = 7.34347, l2 loss = 9.52722 (max 14.95), (true 37, predicted [728])
true = 37, adv = 645
evaluating 73 of [70, 80)
attack: step 1/10, xent loss = 5.16161, l2 loss = 17.6211 (max 14.95), (true 799, predicted [794])
attack: step 2/10, xent loss = 6.0891, l2 loss = 18.0986 (max 14.95), (true 799, predicted [728])
attack: step 3/10, xent loss = 6.42537, l2 loss = 18.6895 (max 14.95), (true 799, predicted [728])
attack: step 4/10, xent loss = 6.21656, l2 loss = 20.1208 (max 14.95), (true 799, predicted [794])
attack: step 5/10, xent loss = 5.68446, l2 loss = 20.6749 (max 14.95), (true 799, predicted [794])
attack: step 6/10, xent loss = 7.12172, l2 loss = 21.3049 (max 14.95), (true 799, predicted [728])
attack: step 7/10, xent loss = 6.53931, l2 loss = 22.664 (max 14.95), (true 799, predicted [478])
attack: step 8/10, xent loss = 6.89896, l2 loss = 23.6496 (max 14.95), (true 799, predicted [794])
attack: step 9/10, xent loss = 5.45552, l2 loss = 24.2365 (max 14.95), (true 799, predicted [728])
attack: step 10/10, xent loss = 9.86453, l2 loss = 24.6947 (max 14.95), (true 799, predicted [728])
check failed
true = 799, adv = 728
evaluating 74 of [70, 80)
attack: step 1/10, xent loss = 1.41569, l2 loss = 4.40222 (max 14.95), (true 74, predicted [72])
attack: step 2/10, xent loss = 1.81687, l2 loss = 4.57157 (max 14.95), (true 74, predicted [72])
attack: step 3/10, xent loss = 1.78379, l2 loss = 4.81858 (max 14.95), (true 74, predicted [72])
attack: step 4/10, xent loss = 1.83569, l2 loss = 4.95751 (max 14.95), (true 74, predicted [72])
attack: step 5/10, xent loss = 1.78167, l2 loss = 5.19021 (max 14.95), (true 74, predicted [72])
attack: step 6/10, xent loss = 1.48868, l2 loss = 5.38914 (max 14.95), (true 74, predicted [72])
attack: step 7/10, xent loss = 1.95354, l2 loss = 5.66162 (max 14.95), (true 74, predicted [72])
attack: step 8/10, xent loss = 1.66675, l2 loss = 5.90496 (max 14.95), (true 74, predicted [72])
attack: step 9/10, xent loss = 1.78095, l2 loss = 6.09616 (max 14.95), (true 74, predicted [72])
attack: step 10/10, xent loss = 1.5932, l2 loss = 6.27649 (max 14.95), (true 74, predicted [72])
true = 74, adv = 72
evaluating 75 of [70, 80)
attack: step 1/10, xent loss = 6.66668, l2 loss = 12.2197 (max 14.95), (true 432, predicted [456])
attack: step 2/10, xent loss = 5.34839, l2 loss = 12.5953 (max 14.95), (true 432, predicted [701])
attack: step 3/10, xent loss = 5.07949, l2 loss = 13.035 (max 14.95), (true 432, predicted [879])
attack: step 4/10, xent loss = 6.2096, l2 loss = 13.5829 (max 14.95), (true 432, predicted [879])
attack: step 5/10, xent loss = 6.97788, l2 loss = 13.8099 (max 14.95), (true 432, predicted [879])
attack: step 6/10, xent loss = 7.04171, l2 loss = 14.2215 (max 14.95), (true 432, predicted [879])
attack: step 7/10, xent loss = 7.80501, l2 loss = 14.7983 (max 14.95), (true 432, predicted [879])
attack: step 8/10, xent loss = 7.10039, l2 loss = 15.2164 (max 14.95), (true 432, predicted [879])
attack: step 9/10, xent loss = 5.50944, l2 loss = 15.4356 (max 14.95), (true 432, predicted [456])
attack: step 10/10, xent loss = 7.13748, l2 loss = 16.0396 (max 14.95), (true 432, predicted [879])
check failed
true = 432, adv = 701
evaluating 76 of [70, 80)
attack: step 1/10, xent loss = 8.5884, l2 loss = 8.18685 (max 14.95), (true 193, predicted [692])
attack: step 2/10, xent loss = 8.69051, l2 loss = 8.46772 (max 14.95), (true 193, predicted [692])
attack: step 3/10, xent loss = 9.88659, l2 loss = 8.63885 (max 14.95), (true 193, predicted [906])
attack: step 4/10, xent loss = 9.19331, l2 loss = 9.56103 (max 14.95), (true 193, predicted [692])
attack: step 5/10, xent loss = 10.4435, l2 loss = 9.75114 (max 14.95), (true 193, predicted [639])
attack: step 6/10, xent loss = 9.36758, l2 loss = 10.1431 (max 14.95), (true 193, predicted [692])
attack: step 7/10, xent loss = 9.70863, l2 loss = 10.3325 (max 14.95), (true 193, predicted [728])
attack: step 8/10, xent loss = 9.69462, l2 loss = 10.6819 (max 14.95), (true 193, predicted [842])
attack: step 9/10, xent loss = 10.5642, l2 loss = 11.0421 (max 14.95), (true 193, predicted [842])
attack: step 10/10, xent loss = 9.07022, l2 loss = 12.1571 (max 14.95), (true 193, predicted [638])
true = 193, adv = 692
evaluating 77 of [70, 80)
attack: step 1/10, xent loss = 7.84716, l2 loss = 11.8507 (max 14.95), (true 929, predicted [619])
attack: step 2/10, xent loss = 8.58809, l2 loss = 12.1403 (max 14.95), (true 929, predicted [619])
attack: step 3/10, xent loss = 8.08951, l2 loss = 12.7081 (max 14.95), (true 929, predicted [619])
attack: step 4/10, xent loss = 7.8861, l2 loss = 13.0231 (max 14.95), (true 929, predicted [619])
attack: step 5/10, xent loss = 8.22256, l2 loss = 13.2138 (max 14.95), (true 929, predicted [619])
attack: step 6/10, xent loss = 8.22104, l2 loss = 13.6894 (max 14.95), (true 929, predicted [619])
attack: step 7/10, xent loss = 7.61136, l2 loss = 14.2813 (max 14.95), (true 929, predicted [728])
attack: step 8/10, xent loss = 8.97261, l2 loss = 14.4643 (max 14.95), (true 929, predicted [619])
attack: step 9/10, xent loss = 9.44825, l2 loss = 15.5724 (max 14.95), (true 929, predicted [619])
attack: step 10/10, xent loss = 8.74613, l2 loss = 16.6532 (max 14.95), (true 929, predicted [619])
check failed
true = 929, adv = 619
evaluating 78 of [70, 80)
attack: step 1/10, xent loss = 8.13973, l2 loss = 4.44963 (max 14.95), (true 546, predicted [723])
attack: step 2/10, xent loss = 7.39227, l2 loss = 4.76896 (max 14.95), (true 546, predicted [723])
attack: step 3/10, xent loss = 7.29341, l2 loss = 4.95925 (max 14.95), (true 546, predicted [701])
attack: step 4/10, xent loss = 7.18546, l2 loss = 5.18954 (max 14.95), (true 546, predicted [723])
attack: step 5/10, xent loss = 7.27783, l2 loss = 5.37172 (max 14.95), (true 546, predicted [723])
attack: step 6/10, xent loss = 8.44346, l2 loss = 5.62842 (max 14.95), (true 546, predicted [723])
attack: step 7/10, xent loss = 7.51781, l2 loss = 5.93195 (max 14.95), (true 546, predicted [701])
attack: step 8/10, xent loss = 7.57836, l2 loss = 6.0857 (max 14.95), (true 546, predicted [723])
attack: step 9/10, xent loss = 7.38359, l2 loss = 6.25798 (max 14.95), (true 546, predicted [723])
attack: step 10/10, xent loss = 7.75438, l2 loss = 6.46617 (max 14.95), (true 546, predicted [723])
true = 546, adv = 723
evaluating 79 of [70, 80)
attack: step 1/10, xent loss = 5.92037, l2 loss = 15.2667 (max 14.95), (true 689, predicted [619])
attack: step 2/10, xent loss = 7.26028, l2 loss = 16.4425 (max 14.95), (true 689, predicted [619])
attack: step 3/10, xent loss = 7.21516, l2 loss = 17.2516 (max 14.95), (true 689, predicted [728])
attack: step 4/10, xent loss = 7.33761, l2 loss = 17.6806 (max 14.95), (true 689, predicted [619])
attack: step 5/10, xent loss = 7.25963, l2 loss = 18.1994 (max 14.95), (true 689, predicted [879])
attack: step 6/10, xent loss = 7.98842, l2 loss = 19.1759 (max 14.95), (true 689, predicted [879])
attack: step 7/10, xent loss = 6.76839, l2 loss = 19.7511 (max 14.95), (true 689, predicted [728])
attack: step 8/10, xent loss = 7.17635, l2 loss = 20.5295 (max 14.95), (true 689, predicted [728])
attack: step 9/10, xent loss = 7.85789, l2 loss = 20.9056 (max 14.95), (true 689, predicted [619])
attack: step 10/10, xent loss = 7.41261, l2 loss = 21.6458 (max 14.95), (true 689, predicted [728])
check failed
true = 689, adv = 728
