2019-05-26 13:04:16.605547: I tensorflow/core/platform/cpu_feature_guard.cc:141] Your CPU supports instructions that this TensorFlow binary was not compiled to use: SSE4.1 SSE4.2 AVX AVX2 FMA
2019-05-26 13:04:16.613421: I tensorflow/core/platform/profile_utils/cpu_utils.cc:94] CPU Frequency: 2599920000 Hz
2019-05-26 13:04:16.613574: I tensorflow/compiler/xla/service/service.cc:150] XLA service 0x2aaae6ac0f20 executing computations on platform Host. Devices:
2019-05-26 13:04:16.613595: I tensorflow/compiler/xla/service/service.cc:158]   StreamExecutor device (0): <undefined>, <undefined>
2019-05-26 13:04:16.613800: I tensorflow/core/common_runtime/process_util.cc:71] Creating new thread pool with default inter op setting: 2. Tune using inter_op_parallelism_threads for best performance.
evaluating 700 of [700, 710)
attack: step 1/10, xent loss = 0.0148963, l2 loss = 0 (max 14.95), (true 569, predicted [569])
attack: step 2/10, xent loss = 0.0249775, l2 loss = 0.0362674 (max 14.95), (true 569, predicted [569])
attack: step 3/10, xent loss = 0.0222731, l2 loss = 0.0735918 (max 14.95), (true 569, predicted [569])
attack: step 4/10, xent loss = 0.00991975, l2 loss = 0.10264 (max 14.95), (true 569, predicted [569])
attack: step 5/10, xent loss = 0.0224384, l2 loss = 0.105281 (max 14.95), (true 569, predicted [569])
attack: step 6/10, xent loss = 0.0298181, l2 loss = 0.115814 (max 14.95), (true 569, predicted [569])
attack: step 7/10, xent loss = 0.0115796, l2 loss = 0.168543 (max 14.95), (true 569, predicted [569])
attack: step 8/10, xent loss = 0.00959723, l2 loss = 0.171302 (max 14.95), (true 569, predicted [569])
attack: step 9/10, xent loss = 0.0217707, l2 loss = 0.17326 (max 14.95), (true 569, predicted [569])
attack: step 10/10, xent loss = 0.0150665, l2 loss = 0.187903 (max 14.95), (true 569, predicted [569])
true = 569, adv = 569
evaluating 701 of [700, 710)
attack: step 1/10, xent loss = 5.08974, l2 loss = 0 (max 14.95), (true 261, predicted [728])
attack: step 2/10, xent loss = 6.7838, l2 loss = 5.055 (max 14.95), (true 261, predicted [728])
attack: step 3/10, xent loss = 11.6035, l2 loss = 9.98251 (max 14.95), (true 261, predicted [728])
attack: step 4/10, xent loss = 14.69, l2 loss = 13.392 (max 14.95), (true 261, predicted [728])
attack: step 5/10, xent loss = 16.2897, l2 loss = 15.7947 (max 14.95), (true 261, predicted [728])
attack: step 6/10, xent loss = 19.6151, l2 loss = 20.2296 (max 14.95), (true 261, predicted [728])
attack: step 7/10, xent loss = 24.4763, l2 loss = 22.2419 (max 14.95), (true 261, predicted [728])
attack: step 8/10, xent loss = 20.3818, l2 loss = 23.7131 (max 14.95), (true 261, predicted [728])
attack: step 9/10, xent loss = 21.054, l2 loss = 25.1474 (max 14.95), (true 261, predicted [728])
attack: step 10/10, xent loss = 21.6048, l2 loss = 26.679 (max 14.95), (true 261, predicted [728])
check failed
true = 261, adv = 728
evaluating 702 of [700, 710)
attack: step 1/10, xent loss = 1.65926, l2 loss = 0 (max 14.95), (true 258, predicted [270])
attack: step 2/10, xent loss = 3.34519, l2 loss = 5.36569 (max 14.95), (true 258, predicted [270])
attack: step 3/10, xent loss = 3.27582, l2 loss = 8.42402 (max 14.95), (true 258, predicted [270])
attack: step 4/10, xent loss = 7.37392, l2 loss = 10.4382 (max 14.95), (true 258, predicted [270])
attack: step 5/10, xent loss = 5.09057, l2 loss = 10.785 (max 14.95), (true 258, predicted [270])
attack: step 6/10, xent loss = 7.26377, l2 loss = 11.714 (max 14.95), (true 258, predicted [270])
attack: step 7/10, xent loss = 8.03089, l2 loss = 12.2149 (max 14.95), (true 258, predicted [169])
attack: step 8/10, xent loss = 10.3916, l2 loss = 13.4143 (max 14.95), (true 258, predicted [169])
attack: step 9/10, xent loss = 12.6539, l2 loss = 14.994 (max 14.95), (true 258, predicted [169])
attack: step 10/10, xent loss = 14.3565, l2 loss = 15.3642 (max 14.95), (true 258, predicted [169])
check failed
true = 258, adv = 169
evaluating 703 of [700, 710)
attack: step 1/10, xent loss = 4.07869, l2 loss = 0 (max 14.95), (true 791, predicted [534])
attack: step 2/10, xent loss = 4.82865, l2 loss = 3.97884 (max 14.95), (true 791, predicted [830])
attack: step 3/10, xent loss = 6.35222, l2 loss = 5.73391 (max 14.95), (true 791, predicted [534])
attack: step 4/10, xent loss = 6.04514, l2 loss = 6.34116 (max 14.95), (true 791, predicted [830])
attack: step 5/10, xent loss = 4.253, l2 loss = 7.32722 (max 14.95), (true 791, predicted [534])
attack: step 6/10, xent loss = 6.96109, l2 loss = 9.07947 (max 14.95), (true 791, predicted [830])
attack: step 7/10, xent loss = 5.99683, l2 loss = 9.95183 (max 14.95), (true 791, predicted [788])
attack: step 8/10, xent loss = 7.0456, l2 loss = 10.6717 (max 14.95), (true 791, predicted [830])
attack: step 9/10, xent loss = 6.77915, l2 loss = 11.6745 (max 14.95), (true 791, predicted [830])
attack: step 10/10, xent loss = 6.3437, l2 loss = 12.0527 (max 14.95), (true 791, predicted [830])
true = 791, adv = 830
evaluating 704 of [700, 710)
attack: step 1/10, xent loss = 0.39496, l2 loss = 0 (max 14.95), (true 35, predicted [35])
attack: step 2/10, xent loss = 0.44597, l2 loss = 1.18524 (max 14.95), (true 35, predicted [35])
attack: step 3/10, xent loss = 0.428609, l2 loss = 1.62446 (max 14.95), (true 35, predicted [35])
attack: step 4/10, xent loss = 1.1708, l2 loss = 2.0688 (max 14.95), (true 35, predicted [36])
attack: step 5/10, xent loss = 1.04641, l2 loss = 3.22898 (max 14.95), (true 35, predicted [36])
attack: step 6/10, xent loss = 2.30949, l2 loss = 4.40587 (max 14.95), (true 35, predicted [36])
attack: step 7/10, xent loss = 2.89113, l2 loss = 6.04294 (max 14.95), (true 35, predicted [36])
attack: step 8/10, xent loss = 4.34724, l2 loss = 7.72206 (max 14.95), (true 35, predicted [36])
attack: step 9/10, xent loss = 6.55307, l2 loss = 9.18756 (max 14.95), (true 35, predicted [36])
attack: step 10/10, xent loss = 8.10765, l2 loss = 10.6026 (max 14.95), (true 35, predicted [36])
true = 35, adv = 36
evaluating 705 of [700, 710)
attack: step 1/10, xent loss = 1.53432, l2 loss = 0 (max 14.95), (true 963, predicted [963])
attack: step 2/10, xent loss = 2.92461, l2 loss = 2.17857 (max 14.95), (true 963, predicted [599])
attack: step 3/10, xent loss = 3.12493, l2 loss = 3.22202 (max 14.95), (true 963, predicted [934])
attack: step 4/10, xent loss = 2.37261, l2 loss = 4.22196 (max 14.95), (true 963, predicted [940])
attack: step 5/10, xent loss = 4.68319, l2 loss = 5.23666 (max 14.95), (true 963, predicted [940])
attack: step 6/10, xent loss = 3.56754, l2 loss = 6.30671 (max 14.95), (true 963, predicted [940])
attack: step 7/10, xent loss = 6.22222, l2 loss = 7.21365 (max 14.95), (true 963, predicted [940])
attack: step 8/10, xent loss = 7.84935, l2 loss = 7.9336 (max 14.95), (true 963, predicted [940])
attack: step 9/10, xent loss = 6.67597, l2 loss = 8.85938 (max 14.95), (true 963, predicted [940])
attack: step 10/10, xent loss = 9.47726, l2 loss = 9.84081 (max 14.95), (true 963, predicted [940])
true = 963, adv = 940
evaluating 706 of [700, 710)
attack: step 1/10, xent loss = 0.0531608, l2 loss = 0 (max 14.95), (true 645, predicted [645])
attack: step 2/10, xent loss = 0.0241684, l2 loss = 0.134695 (max 14.95), (true 645, predicted [645])
attack: step 3/10, xent loss = 0.0239361, l2 loss = 0.148214 (max 14.95), (true 645, predicted [645])
attack: step 4/10, xent loss = 0.0456817, l2 loss = 0.16357 (max 14.95), (true 645, predicted [645])
attack: step 5/10, xent loss = 0.0528796, l2 loss = 0.205305 (max 14.95), (true 645, predicted [645])
attack: step 6/10, xent loss = 0.0985419, l2 loss = 0.241295 (max 14.95), (true 645, predicted [645])
attack: step 7/10, xent loss = 0.0500339, l2 loss = 0.338978 (max 14.95), (true 645, predicted [645])
attack: step 8/10, xent loss = 0.121659, l2 loss = 0.356404 (max 14.95), (true 645, predicted [645])
attack: step 9/10, xent loss = 0.0276467, l2 loss = 0.476894 (max 14.95), (true 645, predicted [645])
attack: step 10/10, xent loss = 0.0715183, l2 loss = 0.482617 (max 14.95), (true 645, predicted [645])
true = 645, adv = 645
evaluating 707 of [700, 710)
attack: step 1/10, xent loss = 0.20849, l2 loss = 0 (max 14.95), (true 69, predicted [69])
attack: step 2/10, xent loss = 0.395124, l2 loss = 0.47725 (max 14.95), (true 69, predicted [69])
attack: step 3/10, xent loss = 0.185451, l2 loss = 1.00838 (max 14.95), (true 69, predicted [69])
attack: step 4/10, xent loss = 0.323374, l2 loss = 1.15121 (max 14.95), (true 69, predicted [69])
attack: step 5/10, xent loss = 0.369855, l2 loss = 1.39749 (max 14.95), (true 69, predicted [69])
attack: step 6/10, xent loss = 0.226286, l2 loss = 1.6932 (max 14.95), (true 69, predicted [69])
attack: step 7/10, xent loss = 0.56594, l2 loss = 1.7865 (max 14.95), (true 69, predicted [69])
attack: step 8/10, xent loss = 0.472563, l2 loss = 2.22176 (max 14.95), (true 69, predicted [69])
attack: step 9/10, xent loss = 0.681489, l2 loss = 2.52579 (max 14.95), (true 69, predicted [69])
attack: step 10/10, xent loss = 0.74503, l2 loss = 2.9375 (max 14.95), (true 69, predicted [69])
true = 69, adv = 69
evaluating 708 of [700, 710)
attack: step 1/10, xent loss = 0.125494, l2 loss = 0 (max 14.95), (true 242, predicted [242])
attack: step 2/10, xent loss = 0.181159, l2 loss = 0.378051 (max 14.95), (true 242, predicted [242])
attack: step 3/10, xent loss = 0.298518, l2 loss = 0.55461 (max 14.95), (true 242, predicted [242])
attack: step 4/10, xent loss = 0.0674846, l2 loss = 1.16889 (max 14.95), (true 242, predicted [242])
attack: step 5/10, xent loss = 0.17788, l2 loss = 1.19604 (max 14.95), (true 242, predicted [242])
attack: step 6/10, xent loss = 0.240901, l2 loss = 1.27123 (max 14.95), (true 242, predicted [242])
attack: step 7/10, xent loss = 0.785442, l2 loss = 1.54603 (max 14.95), (true 242, predicted [242])
attack: step 8/10, xent loss = 0.501915, l2 loss = 3.42069 (max 14.95), (true 242, predicted [242])
attack: step 9/10, xent loss = 1.60462, l2 loss = 4.03631 (max 14.95), (true 242, predicted [728])
attack: step 10/10, xent loss = 4.45079, l2 loss = 7.51165 (max 14.95), (true 242, predicted [728])
true = 242, adv = 728
evaluating 709 of [700, 710)
attack: step 1/10, xent loss = 0.0507313, l2 loss = 0 (max 14.95), (true 746, predicted [746])
attack: step 2/10, xent loss = 0.0784929, l2 loss = 0.138963 (max 14.95), (true 746, predicted [746])
attack: step 3/10, xent loss = 0.0533504, l2 loss = 0.258625 (max 14.95), (true 746, predicted [746])
attack: step 4/10, xent loss = 0.0795474, l2 loss = 0.299711 (max 14.95), (true 746, predicted [746])
attack: step 5/10, xent loss = 0.0764319, l2 loss = 0.35634 (max 14.95), (true 746, predicted [746])
attack: step 6/10, xent loss = 0.0675855, l2 loss = 0.417779 (max 14.95), (true 746, predicted [746])
attack: step 7/10, xent loss = 0.0638917, l2 loss = 0.457908 (max 14.95), (true 746, predicted [746])
attack: step 8/10, xent loss = 0.0619658, l2 loss = 0.499906 (max 14.95), (true 746, predicted [746])
attack: step 9/10, xent loss = 0.114984, l2 loss = 0.534887 (max 14.95), (true 746, predicted [746])
attack: step 10/10, xent loss = 0.0919348, l2 loss = 0.628744 (max 14.95), (true 746, predicted [746])
true = 746, adv = 746
