2019-06-06 00:07:13.920631: I tensorflow/core/platform/cpu_feature_guard.cc:141] Your CPU supports instructions that this TensorFlow binary was not compiled to use: SSE4.1 SSE4.2 AVX AVX2 FMA
2019-06-06 00:07:14.494254: I tensorflow/core/platform/profile_utils/cpu_utils.cc:94] CPU Frequency: 2600030000 Hz
2019-06-06 00:07:14.502405: I tensorflow/compiler/xla/service/service.cc:150] XLA service 0x2aaae6bc0020 executing computations on platform Host. Devices:
2019-06-06 00:07:14.502522: I tensorflow/compiler/xla/service/service.cc:158]   StreamExecutor device (0): <undefined>, <undefined>
2019-06-06 00:07:14.504060: I tensorflow/core/common_runtime/process_util.cc:71] Creating new thread pool with default inter op setting: 2. Tune using inter_op_parallelism_threads for best performance.
evaluating 500 of [500, 510)
attack: step 1/10, xent loss = 0.966819, l2 loss = 0 (max 14.95), (true 453, predicted [553])
attack: step 2/10, xent loss = 1.81929, l2 loss = 1.90006 (max 14.95), (true 453, predicted [553])
attack: step 3/10, xent loss = 2.26544, l2 loss = 3.28806 (max 14.95), (true 453, predicted [894])
attack: step 4/10, xent loss = 2.55246, l2 loss = 4.85766 (max 14.95), (true 453, predicted [553])
attack: step 5/10, xent loss = 2.49168, l2 loss = 5.80542 (max 14.95), (true 453, predicted [553])
attack: step 6/10, xent loss = 1.59013, l2 loss = 6.63522 (max 14.95), (true 453, predicted [553])
attack: step 7/10, xent loss = 1.46742, l2 loss = 7.07637 (max 14.95), (true 453, predicted [553])
attack: step 8/10, xent loss = 2.67008, l2 loss = 7.54973 (max 14.95), (true 453, predicted [894])
attack: step 9/10, xent loss = 1.6904, l2 loss = 8.35552 (max 14.95), (true 453, predicted [553])
attack: step 10/10, xent loss = 3.08975, l2 loss = 8.89421 (max 14.95), (true 453, predicted [894])
true = 453, adv = 553
evaluating 501 of [500, 510)
attack: step 1/10, xent loss = 10.3025, l2 loss = 0 (max 14.95), (true 435, predicted [643])
attack: step 2/10, xent loss = 8.96567, l2 loss = 3.93905 (max 14.95), (true 435, predicted [728])
attack: step 3/10, xent loss = 9.06942, l2 loss = 9.20539 (max 14.95), (true 435, predicted [728])
attack: step 4/10, xent loss = 12.4749, l2 loss = 12.0618 (max 14.95), (true 435, predicted [728])
attack: step 5/10, xent loss = 13.1466, l2 loss = 14.9659 (max 14.95), (true 435, predicted [728])
attack: step 6/10, xent loss = 15.4505, l2 loss = 17.8496 (max 14.95), (true 435, predicted [728])
attack: step 7/10, xent loss = 14.5381, l2 loss = 19.5697 (max 14.95), (true 435, predicted [728])
attack: step 8/10, xent loss = 17.8145, l2 loss = 21.4227 (max 14.95), (true 435, predicted [728])
attack: step 9/10, xent loss = 19.1529, l2 loss = 23.1527 (max 14.95), (true 435, predicted [728])
attack: step 10/10, xent loss = 21.8185, l2 loss = 24.7061 (max 14.95), (true 435, predicted [728])
check failed
true = 435, adv = 728
evaluating 502 of [500, 510)
attack: step 1/10, xent loss = 7.91668, l2 loss = 0 (max 14.95), (true 184, predicted [728])
attack: step 2/10, xent loss = 6.2497, l2 loss = 5.42489 (max 14.95), (true 184, predicted [643])
attack: step 3/10, xent loss = 7.73149, l2 loss = 7.57494 (max 14.95), (true 184, predicted [728])
attack: step 4/10, xent loss = 9.12654, l2 loss = 8.24209 (max 14.95), (true 184, predicted [643])
attack: step 5/10, xent loss = 7.89693, l2 loss = 8.98238 (max 14.95), (true 184, predicted [728])
attack: step 6/10, xent loss = 9.35605, l2 loss = 9.85801 (max 14.95), (true 184, predicted [728])
attack: step 7/10, xent loss = 11.5808, l2 loss = 13.7049 (max 14.95), (true 184, predicted [728])
attack: step 8/10, xent loss = 9.36581, l2 loss = 15.6497 (max 14.95), (true 184, predicted [728])
attack: step 9/10, xent loss = 9.05688, l2 loss = 17.0998 (max 14.95), (true 184, predicted [728])
attack: step 10/10, xent loss = 10.8358, l2 loss = 17.9962 (max 14.95), (true 184, predicted [728])
check failed
true = 184, adv = 728
evaluating 503 of [500, 510)
attack: step 1/10, xent loss = 5.87606, l2 loss = 0 (max 14.95), (true 514, predicted [414])
attack: step 2/10, xent loss = 6.9754, l2 loss = 4.04444 (max 14.95), (true 514, predicted [887])
attack: step 3/10, xent loss = 5.60591, l2 loss = 6.71284 (max 14.95), (true 514, predicted [414])
attack: step 4/10, xent loss = 6.69261, l2 loss = 8.35917 (max 14.95), (true 514, predicted [728])
attack: step 5/10, xent loss = 8.38443, l2 loss = 8.983 (max 14.95), (true 514, predicted [887])
attack: step 6/10, xent loss = 7.93128, l2 loss = 10.9809 (max 14.95), (true 514, predicted [887])
attack: step 7/10, xent loss = 7.04693, l2 loss = 11.6642 (max 14.95), (true 514, predicted [399])
attack: step 8/10, xent loss = 8.22613, l2 loss = 12.446 (max 14.95), (true 514, predicted [887])
attack: step 9/10, xent loss = 7.07755, l2 loss = 12.7813 (max 14.95), (true 514, predicted [887])
attack: step 10/10, xent loss = 8.91765, l2 loss = 13.351 (max 14.95), (true 514, predicted [887])
true = 514, adv = 887
evaluating 504 of [500, 510)
attack: step 1/10, xent loss = 11.2212, l2 loss = 0 (max 14.95), (true 355, predicted [728])
attack: step 2/10, xent loss = 10.9536, l2 loss = 11.3774 (max 14.95), (true 355, predicted [728])
attack: step 3/10, xent loss = 16.9304, l2 loss = 15.8749 (max 14.95), (true 355, predicted [728])
attack: step 4/10, xent loss = 10.014, l2 loss = 19.111 (max 14.95), (true 355, predicted [728])
attack: step 5/10, xent loss = 16.8617, l2 loss = 20.8855 (max 14.95), (true 355, predicted [728])
attack: step 6/10, xent loss = 18.0301, l2 loss = 23.0306 (max 14.95), (true 355, predicted [728])
attack: step 7/10, xent loss = 17.7, l2 loss = 25.3664 (max 14.95), (true 355, predicted [728])
attack: step 8/10, xent loss = 18.2051, l2 loss = 26.5464 (max 14.95), (true 355, predicted [728])
attack: step 9/10, xent loss = 18.6211, l2 loss = 28.4634 (max 14.95), (true 355, predicted [728])
attack: step 10/10, xent loss = 19.5421, l2 loss = 29.9244 (max 14.95), (true 355, predicted [728])
check failed
true = 355, adv = 728
evaluating 505 of [500, 510)
attack: step 1/10, xent loss = 0.359895, l2 loss = 0 (max 14.95), (true 227, predicted [227])
attack: step 2/10, xent loss = 0.175296, l2 loss = 1.87872 (max 14.95), (true 227, predicted [227])
attack: step 3/10, xent loss = 0.188491, l2 loss = 2.10057 (max 14.95), (true 227, predicted [227])
attack: step 4/10, xent loss = 0.135247, l2 loss = 2.24547 (max 14.95), (true 227, predicted [227])
attack: step 5/10, xent loss = 0.418985, l2 loss = 2.36061 (max 14.95), (true 227, predicted [227])
attack: step 6/10, xent loss = 0.0438583, l2 loss = 2.73634 (max 14.95), (true 227, predicted [227])
attack: step 7/10, xent loss = 0.67437, l2 loss = 2.74548 (max 14.95), (true 227, predicted [227])
attack: step 8/10, xent loss = 0.0821304, l2 loss = 3.7293 (max 14.95), (true 227, predicted [227])
attack: step 9/10, xent loss = 1.04553, l2 loss = 3.74566 (max 14.95), (true 227, predicted [227])
attack: step 10/10, xent loss = 0.647244, l2 loss = 5.03741 (max 14.95), (true 227, predicted [227])
true = 227, adv = 227
evaluating 506 of [500, 510)
attack: step 1/10, xent loss = 7.85256, l2 loss = 0 (max 14.95), (true 220, predicted [701])
attack: step 2/10, xent loss = 7.83473, l2 loss = 4.20182 (max 14.95), (true 220, predicted [879])
attack: step 3/10, xent loss = 7.45457, l2 loss = 5.84159 (max 14.95), (true 220, predicted [879])
attack: step 4/10, xent loss = 9.4077, l2 loss = 7.07763 (max 14.95), (true 220, predicted [879])
attack: step 5/10, xent loss = 8.42597, l2 loss = 9.34849 (max 14.95), (true 220, predicted [879])
attack: step 6/10, xent loss = 9.63352, l2 loss = 11.2269 (max 14.95), (true 220, predicted [879])
attack: step 7/10, xent loss = 8.62773, l2 loss = 13.6566 (max 14.95), (true 220, predicted [417])
attack: step 8/10, xent loss = 8.73897, l2 loss = 14.285 (max 14.95), (true 220, predicted [701])
attack: step 9/10, xent loss = 9.16661, l2 loss = 15.0328 (max 14.95), (true 220, predicted [879])
attack: step 10/10, xent loss = 7.26826, l2 loss = 16.2647 (max 14.95), (true 220, predicted [879])
check failed
true = 220, adv = 879
evaluating 507 of [500, 510)
attack: step 1/10, xent loss = 7.88451, l2 loss = 0 (max 14.95), (true 590, predicted [465])
attack: step 2/10, xent loss = 7.78246, l2 loss = 3.9317 (max 14.95), (true 590, predicted [465])
attack: step 3/10, xent loss = 7.37424, l2 loss = 7.93082 (max 14.95), (true 590, predicted [465])
attack: step 4/10, xent loss = 9.84066, l2 loss = 9.08755 (max 14.95), (true 590, predicted [465])
attack: step 5/10, xent loss = 9.27079, l2 loss = 12.6266 (max 14.95), (true 590, predicted [465])
attack: step 6/10, xent loss = 9.81863, l2 loss = 14.1348 (max 14.95), (true 590, predicted [465])
attack: step 7/10, xent loss = 6.70879, l2 loss = 15.8084 (max 14.95), (true 590, predicted [465])
attack: step 8/10, xent loss = 12.4286, l2 loss = 16.4378 (max 14.95), (true 590, predicted [465])
attack: step 9/10, xent loss = 10.6656, l2 loss = 17.5668 (max 14.95), (true 590, predicted [465])
attack: step 10/10, xent loss = 13.6351, l2 loss = 19.8864 (max 14.95), (true 590, predicted [465])
check failed
true = 590, adv = 465
evaluating 508 of [500, 510)
attack: step 1/10, xent loss = 12.9895, l2 loss = 0 (max 14.95), (true 754, predicted [817])
attack: step 2/10, xent loss = 11.7183, l2 loss = 4.07082 (max 14.95), (true 754, predicted [751])
attack: step 3/10, xent loss = 12.5172, l2 loss = 5.38179 (max 14.95), (true 754, predicted [751])
attack: step 4/10, xent loss = 12.9195, l2 loss = 6.52044 (max 14.95), (true 754, predicted [751])
attack: step 5/10, xent loss = 11.1143, l2 loss = 7.65521 (max 14.95), (true 754, predicted [817])
attack: step 6/10, xent loss = 12.1787, l2 loss = 8.44114 (max 14.95), (true 754, predicted [817])
attack: step 7/10, xent loss = 12.332, l2 loss = 9.01657 (max 14.95), (true 754, predicted [817])
attack: step 8/10, xent loss = 13.3745, l2 loss = 9.98247 (max 14.95), (true 754, predicted [817])
attack: step 9/10, xent loss = 12.8931, l2 loss = 10.5622 (max 14.95), (true 754, predicted [817])
attack: step 10/10, xent loss = 12.3226, l2 loss = 11.264 (max 14.95), (true 754, predicted [817])
true = 754, adv = 751
evaluating 509 of [500, 510)
attack: step 1/10, xent loss = 4.56139, l2 loss = 0 (max 14.95), (true 635, predicted [417])
attack: step 2/10, xent loss = 4.68437, l2 loss = 4.5647 (max 14.95), (true 635, predicted [728])
attack: step 3/10, xent loss = 4.25229, l2 loss = 5.97573 (max 14.95), (true 635, predicted [723])
attack: step 4/10, xent loss = 4.3868, l2 loss = 6.79437 (max 14.95), (true 635, predicted [417])
attack: step 5/10, xent loss = 4.70927, l2 loss = 8.04606 (max 14.95), (true 635, predicted [417])
attack: step 6/10, xent loss = 4.92656, l2 loss = 8.80155 (max 14.95), (true 635, predicted [463])
attack: step 7/10, xent loss = 4.92754, l2 loss = 9.53617 (max 14.95), (true 635, predicted [723])
attack: step 8/10, xent loss = 4.33386, l2 loss = 10.2808 (max 14.95), (true 635, predicted [723])
attack: step 9/10, xent loss = 6.0346, l2 loss = 11.18 (max 14.95), (true 635, predicted [723])
attack: step 10/10, xent loss = 7.12876, l2 loss = 11.4673 (max 14.95), (true 635, predicted [417])
true = 635, adv = 417
