2019-11-04 07:20:27.686320: I tensorflow/core/platform/cpu_feature_guard.cc:141] Your CPU supports instructions that this TensorFlow binary was not compiled to use: SSE4.1 SSE4.2 AVX AVX2 FMA
2019-11-04 07:20:27.694187: I tensorflow/core/platform/profile_utils/cpu_utils.cc:94] CPU Frequency: 2600055000 Hz
2019-11-04 07:20:27.694316: I tensorflow/compiler/xla/service/service.cc:150] XLA service 0x2aaae6e52330 executing computations on platform Host. Devices:
2019-11-04 07:20:27.694338: I tensorflow/compiler/xla/service/service.cc:158]   StreamExecutor device (0): <undefined>, <undefined>
2019-11-04 07:20:27.694513: I tensorflow/core/common_runtime/process_util.cc:71] Creating new thread pool with default inter op setting: 2. Tune using inter_op_parallelism_threads for best performance.
evaluating 970 of [970, 980)
attack: step 1/1, xent loss = 4.09775, l2 loss = 28.8748 (max 14.95), (true 702, predicted [580])
check failed
true = 702, adv = 830
evaluating 971 of [970, 980)
attack: step 1/1, xent loss = 0.953681, l2 loss = 30.1359 (max 14.95), (true 190, predicted [190])
check failed
true = 190, adv = 728
evaluating 972 of [970, 980)
attack: step 1/1, xent loss = 14.2909, l2 loss = 29.3554 (max 14.95), (true 542, predicted [889])
check failed
true = 542, adv = 889
evaluating 973 of [970, 980)
attack: step 1/1, xent loss = 10.7392, l2 loss = 30.1873 (max 14.95), (true 843, predicted [778])
check failed
true = 843, adv = 778
evaluating 974 of [970, 980)
attack: step 1/1, xent loss = 4.19618, l2 loss = 35.4176 (max 14.95), (true 373, predicted [370])
check failed
true = 373, adv = 728
evaluating 975 of [970, 980)
attack: step 1/1, xent loss = 16.1329, l2 loss = 27.946 (max 14.95), (true 906, predicted [515])
check failed
true = 906, adv = 515
evaluating 976 of [970, 980)
attack: step 1/1, xent loss = 9.96793, l2 loss = 32.2965 (max 14.95), (true 842, predicted [39])
check failed
true = 842, adv = 728
evaluating 977 of [970, 980)
attack: step 1/1, xent loss = 8.52117, l2 loss = 25.5003 (max 14.95), (true 242, predicted [211])
check failed
true = 242, adv = 211
evaluating 978 of [970, 980)
attack: step 1/1, xent loss = 1.0687, l2 loss = 4.79306 (max 14.95), (true 619, predicted [846])
true = 619, adv = 619
evaluating 979 of [970, 980)
attack: step 1/1, xent loss = 4.67396, l2 loss = 14.674 (max 14.95), (true 991, predicted [936])
true = 991, adv = 936
