2019-10-26 17:06:22.530509: I tensorflow/core/platform/cpu_feature_guard.cc:141] Your CPU supports instructions that this TensorFlow binary was not compiled to use: SSE4.1 SSE4.2 AVX AVX2 FMA
2019-10-26 17:06:22.540233: I tensorflow/core/platform/profile_utils/cpu_utils.cc:94] CPU Frequency: 2599755000 Hz
2019-10-26 17:06:22.540488: I tensorflow/compiler/xla/service/service.cc:150] XLA service 0x55555902e160 executing computations on platform Host. Devices:
2019-10-26 17:06:22.540522: I tensorflow/compiler/xla/service/service.cc:158]   StreamExecutor device (0): <undefined>, <undefined>
2019-10-26 17:06:22.540947: I tensorflow/core/common_runtime/process_util.cc:71] Creating new thread pool with default inter op setting: 2. Tune using inter_op_parallelism_threads for best performance.
evaluating 230 of [230, 240)
attack: step 1/10, xent loss = 23.6265, l2 loss = 30.1374 (max 14.95), (true 131, predicted [728])
unbound attack returning early
check failed
true = 131, adv = 728
evaluating 231 of [230, 240)
attack: step 1/10, xent loss = 23.4027, l2 loss = 36.7026 (max 14.95), (true 487, predicted [830])
unbound attack returning early
check failed
true = 487, adv = 830
evaluating 232 of [230, 240)
attack: step 1/10, xent loss = 33.6358, l2 loss = 39.5807 (max 14.95), (true 296, predicted [728])
unbound attack returning early
check failed
true = 296, adv = 728
evaluating 233 of [230, 240)
attack: step 1/10, xent loss = 17.3119, l2 loss = 18.0725 (max 14.95), (true 804, predicted [907])
unbound attack returning early
check failed
true = 804, adv = 907
evaluating 234 of [230, 240)
attack: step 1/10, xent loss = 33.1137, l2 loss = 44.0085 (max 14.95), (true 314, predicted [700])
unbound attack returning early
check failed
true = 314, adv = 700
evaluating 235 of [230, 240)
attack: step 1/10, xent loss = 7.77934, l2 loss = 10.441 (max 14.95), (true 906, predicted [636])
returning early
true = 906, adv = 636
evaluating 236 of [230, 240)
attack: step 1/10, xent loss = 26.9134, l2 loss = 29.89 (max 14.95), (true 961, predicted [953])
unbound attack returning early
check failed
true = 961, adv = 953
evaluating 237 of [230, 240)
attack: step 1/10, xent loss = 34.3271, l2 loss = 38.0127 (max 14.95), (true 355, predicted [728])
unbound attack returning early
check failed
true = 355, adv = 728
evaluating 238 of [230, 240)
attack: step 1/10, xent loss = 13.0774, l2 loss = 20.0764 (max 14.95), (true 923, predicted [927])
unbound attack returning early
check failed
true = 923, adv = 927
evaluating 239 of [230, 240)
attack: step 1/10, xent loss = 16.6969, l2 loss = 27.3751 (max 14.95), (true 160, predicted [238])
unbound attack returning early
check failed
true = 160, adv = 238
