2019-05-30 21:35:30.886002: I tensorflow/core/platform/cpu_feature_guard.cc:141] Your CPU supports instructions that this TensorFlow binary was not compiled to use: SSE4.1 SSE4.2 AVX AVX2 FMA
2019-05-30 21:35:31.172764: I tensorflow/core/platform/profile_utils/cpu_utils.cc:94] CPU Frequency: 2600285000 Hz
2019-05-30 21:35:31.188723: I tensorflow/compiler/xla/service/service.cc:150] XLA service 0x2aaae70bdc10 executing computations on platform Host. Devices:
2019-05-30 21:35:31.188767: I tensorflow/compiler/xla/service/service.cc:158]   StreamExecutor device (0): <undefined>, <undefined>
2019-05-30 21:35:31.189107: I tensorflow/core/common_runtime/process_util.cc:71] Creating new thread pool with default inter op setting: 2. Tune using inter_op_parallelism_threads for best performance.
evaluating 620 of [620, 630)
attack: step 1/1, xent loss = 6.14217, l2 loss = 0 (max 14.95), (true 681, predicted [398])
true = 681, adv = 723
evaluating 621 of [620, 630)
attack: step 1/1, xent loss = 0.234084, l2 loss = 0 (max 14.95), (true 960, predicted [960])
true = 960, adv = 892
evaluating 622 of [620, 630)
attack: step 1/1, xent loss = 0.0185844, l2 loss = 0 (max 14.95), (true 760, predicted [760])
true = 760, adv = 794
evaluating 623 of [620, 630)
attack: step 1/1, xent loss = 0.224759, l2 loss = 0 (max 14.95), (true 866, predicted [866])
true = 866, adv = 832
evaluating 624 of [620, 630)
attack: step 1/1, xent loss = 4.06832, l2 loss = 0 (max 14.95), (true 977, predicted [961])
true = 977, adv = 728
evaluating 625 of [620, 630)
attack: step 1/1, xent loss = 2.5567, l2 loss = 0 (max 14.95), (true 844, predicted [794])
true = 844, adv = 794
evaluating 626 of [620, 630)
attack: step 1/1, xent loss = 1.0509, l2 loss = 0 (max 14.95), (true 435, predicted [876])
true = 435, adv = 692
evaluating 627 of [620, 630)
attack: step 1/1, xent loss = 0.0772381, l2 loss = 0 (max 14.95), (true 239, predicted [239])
true = 239, adv = 518
evaluating 628 of [620, 630)
attack: step 1/1, xent loss = 1.11769, l2 loss = 0 (max 14.95), (true 605, predicted [605])
true = 605, adv = 588
evaluating 629 of [620, 630)
attack: step 1/1, xent loss = 0.518621, l2 loss = 0 (max 14.95), (true 196, predicted [196])
true = 196, adv = 478
