2019-11-03 22:07:34.607086: I tensorflow/core/platform/cpu_feature_guard.cc:141] Your CPU supports instructions that this TensorFlow binary was not compiled to use: SSE4.1 SSE4.2 AVX AVX2 FMA
2019-11-03 22:07:34.979158: I tensorflow/core/platform/profile_utils/cpu_utils.cc:94] CPU Frequency: 2599795000 Hz
2019-11-03 22:07:34.979417: I tensorflow/compiler/xla/service/service.cc:150] XLA service 0x55555902f150 executing computations on platform Host. Devices:
2019-11-03 22:07:34.979469: I tensorflow/compiler/xla/service/service.cc:158]   StreamExecutor device (0): <undefined>, <undefined>
2019-11-03 22:07:34.979865: I tensorflow/core/common_runtime/process_util.cc:71] Creating new thread pool with default inter op setting: 2. Tune using inter_op_parallelism_threads for best performance.
evaluating 710 of [710, 720)
attack: step 1/1, xent loss = 1.51506, l2 loss = 14.0339 (max 14.95), (true 824, predicted [533])
true = 824, adv = 610
evaluating 711 of [710, 720)
attack: step 1/1, xent loss = 0.0455111, l2 loss = 9.78144 (max 14.95), (true 15, predicted [15])
true = 15, adv = 15
evaluating 712 of [710, 720)
attack: step 1/1, xent loss = 4.2567, l2 loss = 10.5859 (max 14.95), (true 263, predicted [273])
true = 263, adv = 253
evaluating 713 of [710, 720)
attack: step 1/1, xent loss = 1.99476, l2 loss = 16.4424 (max 14.95), (true 792, predicted [904])
check failed
true = 792, adv = 669
evaluating 714 of [710, 720)
attack: step 1/1, xent loss = 1.82564, l2 loss = 14.7702 (max 14.95), (true 643, predicted [903])
true = 643, adv = 793
evaluating 715 of [710, 720)
attack: step 1/1, xent loss = 0.161281, l2 loss = 9.64382 (max 14.95), (true 580, predicted [580])
true = 580, adv = 580
evaluating 716 of [710, 720)
attack: step 1/1, xent loss = 0.605122, l2 loss = 9.86397 (max 14.95), (true 866, predicted [866])
true = 866, adv = 856
evaluating 717 of [710, 720)
attack: step 1/1, xent loss = 0.149184, l2 loss = 6.32076 (max 14.95), (true 217, predicted [217])
true = 217, adv = 728
evaluating 718 of [710, 720)
attack: step 1/1, xent loss = 1.47038, l2 loss = 19.0183 (max 14.95), (true 872, predicted [489])
check failed
true = 872, adv = 898
evaluating 719 of [710, 720)
attack: step 1/1, xent loss = 0.890552, l2 loss = 31.8011 (max 14.95), (true 767, predicted [767])
check failed
true = 767, adv = 808
