2019-05-27 13:33:33.079119: I tensorflow/core/platform/cpu_feature_guard.cc:141] Your CPU supports instructions that this TensorFlow binary was not compiled to use: SSE4.1 SSE4.2 AVX AVX2 FMA
2019-05-27 13:33:33.408749: I tensorflow/core/platform/profile_utils/cpu_utils.cc:94] CPU Frequency: 2599985000 Hz
2019-05-27 13:33:33.410829: I tensorflow/compiler/xla/service/service.cc:150] XLA service 0x2aaae6abffc0 executing computations on platform Host. Devices:
2019-05-27 13:33:33.410867: I tensorflow/compiler/xla/service/service.cc:158]   StreamExecutor device (0): <undefined>, <undefined>
2019-05-27 13:33:33.414315: I tensorflow/core/common_runtime/process_util.cc:71] Creating new thread pool with default inter op setting: 2. Tune using inter_op_parallelism_threads for best performance.
evaluating 370 of [370, 380)
attack: step 1/10, xent loss = 2.59171, l2 loss = 0 (max 14.95), (true 572, predicted [412])
attack: step 2/10, xent loss = 3.65201, l2 loss = 4.88893 (max 14.95), (true 572, predicted [412])
attack: step 3/10, xent loss = 4.05957, l2 loss = 7.5414 (max 14.95), (true 572, predicted [412])
attack: step 4/10, xent loss = 3.6747, l2 loss = 8.87778 (max 14.95), (true 572, predicted [412])
attack: step 5/10, xent loss = 4.58213, l2 loss = 10.374 (max 14.95), (true 572, predicted [412])
attack: step 6/10, xent loss = 6.53091, l2 loss = 11.5256 (max 14.95), (true 572, predicted [412])
attack: step 7/10, xent loss = 6.81695, l2 loss = 12.3034 (max 14.95), (true 572, predicted [412])
attack: step 8/10, xent loss = 5.90053, l2 loss = 14.1863 (max 14.95), (true 572, predicted [412])
attack: step 9/10, xent loss = 8.94054, l2 loss = 15.4786 (max 14.95), (true 572, predicted [412])
attack: step 10/10, xent loss = 9.84774, l2 loss = 16.5159 (max 14.95), (true 572, predicted [412])
check failed
true = 572, adv = 412
evaluating 371 of [370, 380)
attack: step 1/10, xent loss = 3.56745, l2 loss = 0 (max 14.95), (true 626, predicted [862])
attack: step 2/10, xent loss = 5.62277, l2 loss = 14.0555 (max 14.95), (true 626, predicted [862])
attack: step 3/10, xent loss = 12.4308, l2 loss = 16.7564 (max 14.95), (true 626, predicted [862])
attack: step 4/10, xent loss = 13.2174, l2 loss = 18.5047 (max 14.95), (true 626, predicted [862])
attack: step 5/10, xent loss = 17.6369, l2 loss = 20.46 (max 14.95), (true 626, predicted [862])
attack: step 6/10, xent loss = 19.7549, l2 loss = 22.2368 (max 14.95), (true 626, predicted [862])
attack: step 7/10, xent loss = 20.9591, l2 loss = 23.6794 (max 14.95), (true 626, predicted [862])
attack: step 8/10, xent loss = 16.6464, l2 loss = 26.1168 (max 14.95), (true 626, predicted [862])
attack: step 9/10, xent loss = 21.8708, l2 loss = 27.5026 (max 14.95), (true 626, predicted [862])
attack: step 10/10, xent loss = 26.2318, l2 loss = 28.9092 (max 14.95), (true 626, predicted [862])
check failed
true = 626, adv = 862
evaluating 372 of [370, 380)
attack: step 1/10, xent loss = 0.931279, l2 loss = 0 (max 14.95), (true 663, predicted [663])
attack: step 2/10, xent loss = 1.15106, l2 loss = 2.32646 (max 14.95), (true 663, predicted [663])
attack: step 3/10, xent loss = 1.47554, l2 loss = 3.31627 (max 14.95), (true 663, predicted [663])
attack: step 4/10, xent loss = 1.28576, l2 loss = 4.17185 (max 14.95), (true 663, predicted [663])
attack: step 5/10, xent loss = 3.05901, l2 loss = 4.79033 (max 14.95), (true 663, predicted [668])
attack: step 6/10, xent loss = 1.91728, l2 loss = 6.33633 (max 14.95), (true 663, predicted [663])
attack: step 7/10, xent loss = 3.95707, l2 loss = 7.04096 (max 14.95), (true 663, predicted [668])
attack: step 8/10, xent loss = 3.70628, l2 loss = 8.25747 (max 14.95), (true 663, predicted [668])
attack: step 9/10, xent loss = 3.45012, l2 loss = 8.96116 (max 14.95), (true 663, predicted [668])
attack: step 10/10, xent loss = 4.61032, l2 loss = 9.83773 (max 14.95), (true 663, predicted [668])
true = 663, adv = 476
evaluating 373 of [370, 380)
attack: step 1/10, xent loss = 0.0206329, l2 loss = 0 (max 14.95), (true 145, predicted [145])
attack: step 2/10, xent loss = 0.91466, l2 loss = 0.119349 (max 14.95), (true 145, predicted [145])
attack: step 3/10, xent loss = 1.30075, l2 loss = 4.95365 (max 14.95), (true 145, predicted [145])
attack: step 4/10, xent loss = 4.7465, l2 loss = 7.54279 (max 14.95), (true 145, predicted [267])
attack: step 5/10, xent loss = 6.74509, l2 loss = 10.0278 (max 14.95), (true 145, predicted [177])
attack: step 6/10, xent loss = 8.30858, l2 loss = 10.7664 (max 14.95), (true 145, predicted [236])
attack: step 7/10, xent loss = 9.74987, l2 loss = 11.4621 (max 14.95), (true 145, predicted [208])
attack: step 8/10, xent loss = 10.0258, l2 loss = 12.2973 (max 14.95), (true 145, predicted [236])
attack: step 9/10, xent loss = 10.6422, l2 loss = 13.0932 (max 14.95), (true 145, predicted [208])
attack: step 10/10, xent loss = 11.7002, l2 loss = 14.4517 (max 14.95), (true 145, predicted [236])
check failed
true = 145, adv = 236
evaluating 374 of [370, 380)
attack: step 1/10, xent loss = 3.96582, l2 loss = 0 (max 14.95), (true 463, predicted [412])
attack: step 2/10, xent loss = 3.85128, l2 loss = 4.33692 (max 14.95), (true 463, predicted [412])
attack: step 3/10, xent loss = 4.81081, l2 loss = 6.16361 (max 14.95), (true 463, predicted [412])
attack: step 4/10, xent loss = 5.82375, l2 loss = 7.579 (max 14.95), (true 463, predicted [412])
attack: step 5/10, xent loss = 6.3014, l2 loss = 8.80835 (max 14.95), (true 463, predicted [412])
attack: step 6/10, xent loss = 7.31256, l2 loss = 9.95601 (max 14.95), (true 463, predicted [412])
attack: step 7/10, xent loss = 8.65335, l2 loss = 11.4775 (max 14.95), (true 463, predicted [412])
attack: step 8/10, xent loss = 8.63749, l2 loss = 12.6442 (max 14.95), (true 463, predicted [412])
attack: step 9/10, xent loss = 10.2918, l2 loss = 13.709 (max 14.95), (true 463, predicted [412])
attack: step 10/10, xent loss = 10.5892, l2 loss = 14.9359 (max 14.95), (true 463, predicted [412])
check failed
true = 463, adv = 412
evaluating 375 of [370, 380)
attack: step 1/10, xent loss = 0.0101495, l2 loss = 0 (max 14.95), (true 828, predicted [828])
attack: step 2/10, xent loss = 0.0483642, l2 loss = 0.0366163 (max 14.95), (true 828, predicted [828])
attack: step 3/10, xent loss = 0.0247371, l2 loss = 0.218377 (max 14.95), (true 828, predicted [828])
attack: step 4/10, xent loss = 0.0559696, l2 loss = 0.249657 (max 14.95), (true 828, predicted [828])
attack: step 5/10, xent loss = 0.0570744, l2 loss = 0.380795 (max 14.95), (true 828, predicted [828])
attack: step 6/10, xent loss = 0.0258417, l2 loss = 0.469931 (max 14.95), (true 828, predicted [828])
attack: step 7/10, xent loss = 0.0126143, l2 loss = 0.494874 (max 14.95), (true 828, predicted [828])
attack: step 8/10, xent loss = 0.0985485, l2 loss = 0.501135 (max 14.95), (true 828, predicted [828])
attack: step 9/10, xent loss = 0.022129, l2 loss = 0.705368 (max 14.95), (true 828, predicted [828])
attack: step 10/10, xent loss = 0.0288383, l2 loss = 0.719369 (max 14.95), (true 828, predicted [828])
true = 828, adv = 828
evaluating 376 of [370, 380)
attack: step 1/10, xent loss = 0.174455, l2 loss = 0 (max 14.95), (true 18, predicted [18])
attack: step 2/10, xent loss = 0.260725, l2 loss = 0.543353 (max 14.95), (true 18, predicted [18])
attack: step 3/10, xent loss = 0.178639, l2 loss = 1.02461 (max 14.95), (true 18, predicted [18])
attack: step 4/10, xent loss = 0.11651, l2 loss = 1.17966 (max 14.95), (true 18, predicted [18])
attack: step 5/10, xent loss = 0.410577, l2 loss = 1.2674 (max 14.95), (true 18, predicted [18])
attack: step 6/10, xent loss = 0.36572, l2 loss = 1.97404 (max 14.95), (true 18, predicted [18])
attack: step 7/10, xent loss = 0.129613, l2 loss = 2.5909 (max 14.95), (true 18, predicted [18])
attack: step 8/10, xent loss = 0.272915, l2 loss = 2.62309 (max 14.95), (true 18, predicted [18])
attack: step 9/10, xent loss = 0.180227, l2 loss = 2.76058 (max 14.95), (true 18, predicted [18])
attack: step 10/10, xent loss = 0.717185, l2 loss = 2.90728 (max 14.95), (true 18, predicted [18])
true = 18, adv = 18
evaluating 377 of [370, 380)
attack: step 1/10, xent loss = 1.7483, l2 loss = 0 (max 14.95), (true 159, predicted [163])
attack: step 2/10, xent loss = 7.0161, l2 loss = 6.63482 (max 14.95), (true 159, predicted [897])
attack: step 3/10, xent loss = 11.5595, l2 loss = 12.9207 (max 14.95), (true 159, predicted [999])
attack: step 4/10, xent loss = 13.2546, l2 loss = 14.1681 (max 14.95), (true 159, predicted [728])
attack: step 5/10, xent loss = 16.394, l2 loss = 15.9024 (max 14.95), (true 159, predicted [728])
attack: step 6/10, xent loss = 16.35, l2 loss = 18.6681 (max 14.95), (true 159, predicted [728])
attack: step 7/10, xent loss = 21.9748, l2 loss = 22.0737 (max 14.95), (true 159, predicted [728])
attack: step 8/10, xent loss = 21.0884, l2 loss = 25.3725 (max 14.95), (true 159, predicted [728])
attack: step 9/10, xent loss = 26.9728, l2 loss = 27.4429 (max 14.95), (true 159, predicted [728])
attack: step 10/10, xent loss = 27.8406, l2 loss = 29.3547 (max 14.95), (true 159, predicted [728])
check failed
true = 159, adv = 728
evaluating 378 of [370, 380)
attack: step 1/10, xent loss = 3.06052, l2 loss = 0 (max 14.95), (true 179, predicted [159])
attack: step 2/10, xent loss = 4.75929, l2 loss = 3.73929 (max 14.95), (true 179, predicted [243])
attack: step 3/10, xent loss = 6.66603, l2 loss = 5.16728 (max 14.95), (true 179, predicted [159])
attack: step 4/10, xent loss = 7.81904, l2 loss = 6.47622 (max 14.95), (true 179, predicted [163])
attack: step 5/10, xent loss = 10.17, l2 loss = 8.25995 (max 14.95), (true 179, predicted [159])
attack: step 6/10, xent loss = 11.1754, l2 loss = 9.88352 (max 14.95), (true 179, predicted [159])
attack: step 7/10, xent loss = 10.7527, l2 loss = 11.3883 (max 14.95), (true 179, predicted [159])
attack: step 8/10, xent loss = 12.5561, l2 loss = 13.3784 (max 14.95), (true 179, predicted [159])
attack: step 9/10, xent loss = 12.031, l2 loss = 14.3679 (max 14.95), (true 179, predicted [159])
attack: step 10/10, xent loss = 13.1511, l2 loss = 15.1429 (max 14.95), (true 179, predicted [159])
check failed
true = 179, adv = 159
evaluating 379 of [370, 380)
attack: step 1/10, xent loss = 8.11055, l2 loss = 0 (max 14.95), (true 628, predicted [408])
attack: step 2/10, xent loss = 10.8595, l2 loss = 9.72237 (max 14.95), (true 628, predicted [408])
attack: step 3/10, xent loss = 14.301, l2 loss = 11.7515 (max 14.95), (true 628, predicted [408])
attack: step 4/10, xent loss = 14.3338, l2 loss = 13.2961 (max 14.95), (true 628, predicted [408])
attack: step 5/10, xent loss = 14.1646, l2 loss = 15.4018 (max 14.95), (true 628, predicted [408])
attack: step 6/10, xent loss = 17.4897, l2 loss = 16.948 (max 14.95), (true 628, predicted [408])
attack: step 7/10, xent loss = 19.1545, l2 loss = 18.0776 (max 14.95), (true 628, predicted [408])
attack: step 8/10, xent loss = 19.3678, l2 loss = 19.1706 (max 14.95), (true 628, predicted [408])
attack: step 9/10, xent loss = 20.3146, l2 loss = 20.0871 (max 14.95), (true 628, predicted [408])
attack: step 10/10, xent loss = 20.8378, l2 loss = 21.1318 (max 14.95), (true 628, predicted [408])
check failed
true = 628, adv = 408
