2019-11-04 08:50:59.499900: I tensorflow/core/platform/cpu_feature_guard.cc:141] Your CPU supports instructions that this TensorFlow binary was not compiled to use: SSE4.1 SSE4.2 AVX AVX2 FMA
2019-11-04 08:50:59.771258: I tensorflow/core/platform/profile_utils/cpu_utils.cc:94] CPU Frequency: 2600085000 Hz
2019-11-04 08:50:59.775230: I tensorflow/compiler/xla/service/service.cc:150] XLA service 0x2aaae6e51cb0 executing computations on platform Host. Devices:
2019-11-04 08:50:59.775304: I tensorflow/compiler/xla/service/service.cc:158]   StreamExecutor device (0): <undefined>, <undefined>
2019-11-04 08:50:59.776733: I tensorflow/core/common_runtime/process_util.cc:71] Creating new thread pool with default inter op setting: 2. Tune using inter_op_parallelism_threads for best performance.
evaluating 930 of [930, 940)
attack: step 1/1, xent loss = 9.17959, l2 loss = 22.0033 (max 14.95), (true 93, predicted [95])
check failed
true = 93, adv = 88
evaluating 931 of [930, 940)
attack: step 1/1, xent loss = 15.5721, l2 loss = 20.4285 (max 14.95), (true 762, predicted [564])
check failed
true = 762, adv = 564
evaluating 932 of [930, 940)
attack: step 1/1, xent loss = 2.18431, l2 loss = 15.4156 (max 14.95), (true 634, predicted [580])
check failed
true = 634, adv = 728
evaluating 933 of [930, 940)
attack: step 1/1, xent loss = 14.6275, l2 loss = 44.1431 (max 14.95), (true 999, predicted [827])
check failed
true = 999, adv = 827
evaluating 934 of [930, 940)
attack: step 1/1, xent loss = 0.248792, l2 loss = 0.653155 (max 14.95), (true 670, predicted [670])
true = 670, adv = 670
evaluating 935 of [930, 940)
attack: step 1/1, xent loss = 0.098918, l2 loss = 0.59926 (max 14.95), (true 493, predicted [493])
true = 493, adv = 493
evaluating 936 of [930, 940)
attack: step 1/1, xent loss = 8.97609, l2 loss = 18.8031 (max 14.95), (true 59, predicted [64])
check failed
true = 59, adv = 64
evaluating 937 of [930, 940)
attack: step 1/1, xent loss = 9.7438, l2 loss = 19.0889 (max 14.95), (true 179, predicted [242])
check failed
true = 179, adv = 242
evaluating 938 of [930, 940)
attack: step 1/1, xent loss = 6.15548, l2 loss = 42.0574 (max 14.95), (true 382, predicted [39])
check failed
true = 382, adv = 728
evaluating 939 of [930, 940)
attack: step 1/1, xent loss = 10.0966, l2 loss = 21.095 (max 14.95), (true 863, predicted [643])
check failed
true = 863, adv = 643
