2019-07-01 00:07:16.446493: I tensorflow/core/platform/cpu_feature_guard.cc:141] Your CPU supports instructions that this TensorFlow binary was not compiled to use: SSE4.1 SSE4.2 AVX AVX2 FMA
2019-07-01 00:07:16.451508: I tensorflow/core/platform/profile_utils/cpu_utils.cc:94] CPU Frequency: 2600025000 Hz
2019-07-01 00:07:16.451635: I tensorflow/compiler/xla/service/service.cc:150] XLA service 0x2aaae724c440 executing computations on platform Host. Devices:
2019-07-01 00:07:16.451657: I tensorflow/compiler/xla/service/service.cc:158]   StreamExecutor device (0): <undefined>, <undefined>
2019-07-01 00:07:16.451819: I tensorflow/core/common_runtime/process_util.cc:71] Creating new thread pool with default inter op setting: 2. Tune using inter_op_parallelism_threads for best performance.
evaluating 560 of [560, 570)
attack: step 1/10, xent loss = 3.78527, l2 loss = 13.2017 (max 14.95), (true 448, predicted [442])
attack: step 2/10, xent loss = 6.42443, l2 loss = 15.218 (max 14.95), (true 448, predicted [728])
attack: step 3/10, xent loss = 4.58388, l2 loss = 15.369 (max 14.95), (true 448, predicted [728])
attack: step 4/10, xent loss = 5.69413, l2 loss = 15.8934 (max 14.95), (true 448, predicted [728])
attack: step 5/10, xent loss = 5.20671, l2 loss = 16.0762 (max 14.95), (true 448, predicted [442])
attack: step 6/10, xent loss = 6.09984, l2 loss = 16.7162 (max 14.95), (true 448, predicted [417])
attack: step 7/10, xent loss = 6.21187, l2 loss = 16.9013 (max 14.95), (true 448, predicted [728])
attack: step 8/10, xent loss = 5.27044, l2 loss = 17.1129 (max 14.95), (true 448, predicted [728])
attack: step 9/10, xent loss = 4.56146, l2 loss = 17.3083 (max 14.95), (true 448, predicted [728])
attack: step 10/10, xent loss = 4.61946, l2 loss = 18.1018 (max 14.95), (true 448, predicted [728])
check failed
true = 448, adv = 728
evaluating 561 of [560, 570)
attack: step 1/10, xent loss = 6.101, l2 loss = 15.0355 (max 14.95), (true 463, predicted [879])
attack: step 2/10, xent loss = 6.34666, l2 loss = 15.4737 (max 14.95), (true 463, predicted [879])
attack: step 3/10, xent loss = 4.04669, l2 loss = 16.0079 (max 14.95), (true 463, predicted [879])
attack: step 4/10, xent loss = 5.76669, l2 loss = 17.1429 (max 14.95), (true 463, predicted [879])
attack: step 5/10, xent loss = 5.42271, l2 loss = 17.485 (max 14.95), (true 463, predicted [879])
attack: step 6/10, xent loss = 6.14816, l2 loss = 17.7741 (max 14.95), (true 463, predicted [879])
attack: step 7/10, xent loss = 5.0594, l2 loss = 17.9956 (max 14.95), (true 463, predicted [879])
attack: step 8/10, xent loss = 4.85162, l2 loss = 18.6406 (max 14.95), (true 463, predicted [879])
attack: step 9/10, xent loss = 5.41361, l2 loss = 19.0375 (max 14.95), (true 463, predicted [417])
attack: step 10/10, xent loss = 4.93423, l2 loss = 19.6237 (max 14.95), (true 463, predicted [879])
check failed
true = 463, adv = 879
evaluating 562 of [560, 570)
attack: step 1/10, xent loss = 7.29617, l2 loss = 8.96065 (max 14.95), (true 769, predicted [619])
attack: step 2/10, xent loss = 7.49448, l2 loss = 9.31353 (max 14.95), (true 769, predicted [619])
attack: step 3/10, xent loss = 8.20283, l2 loss = 9.73756 (max 14.95), (true 769, predicted [619])
attack: step 4/10, xent loss = 7.39237, l2 loss = 10.056 (max 14.95), (true 769, predicted [478])
attack: step 5/10, xent loss = 7.73104, l2 loss = 10.5401 (max 14.95), (true 769, predicted [619])
attack: step 6/10, xent loss = 8.5169, l2 loss = 10.9482 (max 14.95), (true 769, predicted [619])
attack: step 7/10, xent loss = 7.91829, l2 loss = 11.4134 (max 14.95), (true 769, predicted [905])
attack: step 8/10, xent loss = 8.74577, l2 loss = 11.6827 (max 14.95), (true 769, predicted [619])
attack: step 9/10, xent loss = 8.49757, l2 loss = 12.1981 (max 14.95), (true 769, predicted [619])
attack: step 10/10, xent loss = 7.74698, l2 loss = 12.6637 (max 14.95), (true 769, predicted [619])
true = 769, adv = 619
evaluating 563 of [560, 570)
attack: step 1/10, xent loss = 6.96384, l2 loss = 4.28393 (max 14.95), (true 568, predicted [578])
attack: step 2/10, xent loss = 7.35332, l2 loss = 4.47564 (max 14.95), (true 568, predicted [578])
attack: step 3/10, xent loss = 7.00712, l2 loss = 4.60154 (max 14.95), (true 568, predicted [723])
attack: step 4/10, xent loss = 7.36071, l2 loss = 5.04166 (max 14.95), (true 568, predicted [578])
attack: step 5/10, xent loss = 7.97265, l2 loss = 5.25837 (max 14.95), (true 568, predicted [644])
attack: step 6/10, xent loss = 7.85715, l2 loss = 5.39474 (max 14.95), (true 568, predicted [644])
attack: step 7/10, xent loss = 7.73836, l2 loss = 5.68503 (max 14.95), (true 568, predicted [578])
attack: step 8/10, xent loss = 7.02326, l2 loss = 6.02652 (max 14.95), (true 568, predicted [906])
attack: step 9/10, xent loss = 7.22347, l2 loss = 6.28035 (max 14.95), (true 568, predicted [578])
attack: step 10/10, xent loss = 7.67951, l2 loss = 6.46524 (max 14.95), (true 568, predicted [578])
true = 568, adv = 578
evaluating 564 of [560, 570)
attack: step 1/10, xent loss = 5.76055, l2 loss = 9.09279 (max 14.95), (true 839, predicted [557])
attack: step 2/10, xent loss = 7.36318, l2 loss = 9.59352 (max 14.95), (true 839, predicted [557])
attack: step 3/10, xent loss = 6.5748, l2 loss = 10.0239 (max 14.95), (true 839, predicted [557])
attack: step 4/10, xent loss = 6.97089, l2 loss = 10.7434 (max 14.95), (true 839, predicted [557])
attack: step 5/10, xent loss = 5.61821, l2 loss = 11.1526 (max 14.95), (true 839, predicted [557])
attack: step 6/10, xent loss = 7.80171, l2 loss = 11.7658 (max 14.95), (true 839, predicted [557])
attack: step 7/10, xent loss = 7.78226, l2 loss = 12.0852 (max 14.95), (true 839, predicted [557])
attack: step 8/10, xent loss = 6.29662, l2 loss = 12.3896 (max 14.95), (true 839, predicted [975])
attack: step 9/10, xent loss = 8.37541, l2 loss = 12.6982 (max 14.95), (true 839, predicted [557])
attack: step 10/10, xent loss = 6.85892, l2 loss = 13.1645 (max 14.95), (true 839, predicted [557])
true = 839, adv = 557
evaluating 565 of [560, 570)
attack: step 1/10, xent loss = 6.75117, l2 loss = 8.85757 (max 14.95), (true 785, predicted [417])
attack: step 2/10, xent loss = 6.46977, l2 loss = 9.22902 (max 14.95), (true 785, predicted [417])
attack: step 3/10, xent loss = 6.60328, l2 loss = 9.46104 (max 14.95), (true 785, predicted [417])
attack: step 4/10, xent loss = 7.01054, l2 loss = 10.0126 (max 14.95), (true 785, predicted [417])
attack: step 5/10, xent loss = 7.30304, l2 loss = 10.4048 (max 14.95), (true 785, predicted [417])
attack: step 6/10, xent loss = 6.81265, l2 loss = 10.7746 (max 14.95), (true 785, predicted [417])
attack: step 7/10, xent loss = 7.03552, l2 loss = 11.0529 (max 14.95), (true 785, predicted [417])
attack: step 8/10, xent loss = 6.36817, l2 loss = 11.4368 (max 14.95), (true 785, predicted [417])
attack: step 9/10, xent loss = 6.90907, l2 loss = 11.6959 (max 14.95), (true 785, predicted [417])
attack: step 10/10, xent loss = 6.26365, l2 loss = 11.9595 (max 14.95), (true 785, predicted [672])
true = 785, adv = 417
evaluating 566 of [560, 570)
attack: step 1/10, xent loss = 8.0742, l2 loss = 8.24387 (max 14.95), (true 348, predicted [879])
attack: step 2/10, xent loss = 7.99432, l2 loss = 9.75422 (max 14.95), (true 348, predicted [879])
attack: step 3/10, xent loss = 8.40694, l2 loss = 9.89317 (max 14.95), (true 348, predicted [701])
attack: step 4/10, xent loss = 8.84525, l2 loss = 10.0679 (max 14.95), (true 348, predicted [701])
attack: step 5/10, xent loss = 8.99202, l2 loss = 10.2853 (max 14.95), (true 348, predicted [879])
attack: step 6/10, xent loss = 8.65295, l2 loss = 10.5595 (max 14.95), (true 348, predicted [518])
attack: step 7/10, xent loss = 7.92806, l2 loss = 10.7108 (max 14.95), (true 348, predicted [417])
attack: step 8/10, xent loss = 8.05608, l2 loss = 10.9269 (max 14.95), (true 348, predicted [417])
attack: step 9/10, xent loss = 8.46972, l2 loss = 11.1685 (max 14.95), (true 348, predicted [518])
attack: step 10/10, xent loss = 8.69361, l2 loss = 11.2981 (max 14.95), (true 348, predicted [518])
true = 348, adv = 805
evaluating 567 of [560, 570)
attack: step 1/10, xent loss = 1.40645, l2 loss = 8.94525 (max 14.95), (true 572, predicted [572])
attack: step 2/10, xent loss = 1.54244, l2 loss = 9.19331 (max 14.95), (true 572, predicted [572])
attack: step 3/10, xent loss = 2.8498, l2 loss = 9.60791 (max 14.95), (true 572, predicted [572])
attack: step 4/10, xent loss = 2.63711, l2 loss = 9.98777 (max 14.95), (true 572, predicted [572])
attack: step 5/10, xent loss = 1.92555, l2 loss = 10.4176 (max 14.95), (true 572, predicted [572])
attack: step 6/10, xent loss = 1.55066, l2 loss = 10.7736 (max 14.95), (true 572, predicted [572])
attack: step 7/10, xent loss = 1.81952, l2 loss = 11.1324 (max 14.95), (true 572, predicted [572])
attack: step 8/10, xent loss = 2.43012, l2 loss = 11.4831 (max 14.95), (true 572, predicted [572])
attack: step 9/10, xent loss = 2.0113, l2 loss = 11.8416 (max 14.95), (true 572, predicted [572])
attack: step 10/10, xent loss = 1.17344, l2 loss = 12.2715 (max 14.95), (true 572, predicted [572])
true = 572, adv = 572
evaluating 568 of [560, 570)
attack: step 1/10, xent loss = 10.4406, l2 loss = 11.3293 (max 14.95), (true 301, predicted [723])
attack: step 2/10, xent loss = 9.70842, l2 loss = 12.7308 (max 14.95), (true 301, predicted [723])
attack: step 3/10, xent loss = 9.59381, l2 loss = 13.3505 (max 14.95), (true 301, predicted [723])
attack: step 4/10, xent loss = 9.30887, l2 loss = 13.7686 (max 14.95), (true 301, predicted [723])
attack: step 5/10, xent loss = 10.3318, l2 loss = 14.1217 (max 14.95), (true 301, predicted [723])
attack: step 6/10, xent loss = 9.73025, l2 loss = 14.6958 (max 14.95), (true 301, predicted [723])
attack: step 7/10, xent loss = 10.594, l2 loss = 15.0664 (max 14.95), (true 301, predicted [723])
attack: step 8/10, xent loss = 9.80283, l2 loss = 15.4445 (max 14.95), (true 301, predicted [723])
attack: step 9/10, xent loss = 10.6219, l2 loss = 15.8322 (max 14.95), (true 301, predicted [723])
attack: step 10/10, xent loss = 9.13775, l2 loss = 16.3972 (max 14.95), (true 301, predicted [723])
check failed
true = 301, adv = 723
evaluating 569 of [560, 570)
attack: step 1/10, xent loss = 5.76401, l2 loss = 16.3201 (max 14.95), (true 686, predicted [728])
attack: step 2/10, xent loss = 6.86897, l2 loss = 16.9209 (max 14.95), (true 686, predicted [728])
attack: step 3/10, xent loss = 6.05976, l2 loss = 17.4951 (max 14.95), (true 686, predicted [728])
attack: step 4/10, xent loss = 7.1909, l2 loss = 18.1642 (max 14.95), (true 686, predicted [728])
attack: step 5/10, xent loss = 10.5832, l2 loss = 18.7255 (max 14.95), (true 686, predicted [728])
attack: step 6/10, xent loss = 8.16212, l2 loss = 20.1108 (max 14.95), (true 686, predicted [728])
attack: step 7/10, xent loss = 10.678, l2 loss = 21.5616 (max 14.95), (true 686, predicted [728])
attack: step 8/10, xent loss = 7.21693, l2 loss = 22.767 (max 14.95), (true 686, predicted [728])
attack: step 9/10, xent loss = 9.637, l2 loss = 23.7324 (max 14.95), (true 686, predicted [728])
attack: step 10/10, xent loss = 10.0884, l2 loss = 24.7015 (max 14.95), (true 686, predicted [728])
check failed
true = 686, adv = 728
