2019-05-25 20:26:44.307335: I tensorflow/core/platform/cpu_feature_guard.cc:141] Your CPU supports instructions that this TensorFlow binary was not compiled to use: SSE4.1 SSE4.2 AVX AVX2 FMA
2019-05-25 20:26:44.329812: I tensorflow/core/platform/profile_utils/cpu_utils.cc:94] CPU Frequency: 2599985000 Hz
2019-05-25 20:26:44.331517: I tensorflow/compiler/xla/service/service.cc:150] XLA service 0x2aaae70bcb20 executing computations on platform Host. Devices:
2019-05-25 20:26:44.331557: I tensorflow/compiler/xla/service/service.cc:158]   StreamExecutor device (0): <undefined>, <undefined>
2019-05-25 20:26:44.332793: I tensorflow/core/common_runtime/process_util.cc:71] Creating new thread pool with default inter op setting: 2. Tune using inter_op_parallelism_threads for best performance.
evaluating 110 of [110, 120)
attack: step 1/10, xent loss = 0.275865, l2 loss = 0 (max 14.95), (true 895, predicted [895])
attack: step 2/10, xent loss = 0.283528, l2 loss = 1.14787 (max 14.95), (true 895, predicted [895])
attack: step 3/10, xent loss = 0.314124, l2 loss = 1.67931 (max 14.95), (true 895, predicted [895])
attack: step 4/10, xent loss = 0.340278, l2 loss = 2.09513 (max 14.95), (true 895, predicted [895])
attack: step 5/10, xent loss = 0.364188, l2 loss = 2.62027 (max 14.95), (true 895, predicted [895])
attack: step 6/10, xent loss = 1.23715, l2 loss = 2.98372 (max 14.95), (true 895, predicted [403])
attack: step 7/10, xent loss = 0.689003, l2 loss = 4.58554 (max 14.95), (true 895, predicted [895])
attack: step 8/10, xent loss = 1.89681, l2 loss = 5.2493 (max 14.95), (true 895, predicted [403])
attack: step 9/10, xent loss = 0.515925, l2 loss = 6.30001 (max 14.95), (true 895, predicted [895])
attack: step 10/10, xent loss = 1.28901, l2 loss = 6.5529 (max 14.95), (true 895, predicted [403])
true = 895, adv = 403
evaluating 111 of [110, 120)
attack: step 1/10, xent loss = 12.7114, l2 loss = 0 (max 14.95), (true 289, predicted [728])
attack: step 2/10, xent loss = 14.57, l2 loss = 11.2723 (max 14.95), (true 289, predicted [728])
attack: step 3/10, xent loss = 15.127, l2 loss = 13.2857 (max 14.95), (true 289, predicted [728])
attack: step 4/10, xent loss = 14.5606, l2 loss = 15.4039 (max 14.95), (true 289, predicted [728])
attack: step 5/10, xent loss = 15.6081, l2 loss = 17.0757 (max 14.95), (true 289, predicted [728])
attack: step 6/10, xent loss = 18.349, l2 loss = 19.0676 (max 14.95), (true 289, predicted [728])
attack: step 7/10, xent loss = 17.2194, l2 loss = 21.0565 (max 14.95), (true 289, predicted [728])
attack: step 8/10, xent loss = 18.0627, l2 loss = 22.6365 (max 14.95), (true 289, predicted [728])
attack: step 9/10, xent loss = 17.3323, l2 loss = 23.9869 (max 14.95), (true 289, predicted [728])
attack: step 10/10, xent loss = 23.1043, l2 loss = 25.7209 (max 14.95), (true 289, predicted [728])
check failed
true = 289, adv = 728
evaluating 112 of [110, 120)
attack: step 1/10, xent loss = 1.80874, l2 loss = 0 (max 14.95), (true 29, predicted [89])
attack: step 2/10, xent loss = 8.45802, l2 loss = 8.03888 (max 14.95), (true 29, predicted [728])
attack: step 3/10, xent loss = 9.92618, l2 loss = 12.2006 (max 14.95), (true 29, predicted [728])
attack: step 4/10, xent loss = 14.7711, l2 loss = 18.478 (max 14.95), (true 29, predicted [728])
attack: step 5/10, xent loss = 18.3697, l2 loss = 21.2236 (max 14.95), (true 29, predicted [728])
attack: step 6/10, xent loss = 17.5071, l2 loss = 23.1036 (max 14.95), (true 29, predicted [728])
attack: step 7/10, xent loss = 23.7431, l2 loss = 26.3256 (max 14.95), (true 29, predicted [728])
attack: step 8/10, xent loss = 23.458, l2 loss = 27.989 (max 14.95), (true 29, predicted [728])
attack: step 9/10, xent loss = 24.13, l2 loss = 29.7955 (max 14.95), (true 29, predicted [728])
attack: step 10/10, xent loss = 27.4614, l2 loss = 31.2157 (max 14.95), (true 29, predicted [728])
check failed
true = 29, adv = 728
evaluating 113 of [110, 120)
attack: step 1/10, xent loss = 3.27408, l2 loss = 0 (max 14.95), (true 544, predicted [909])
attack: step 2/10, xent loss = 4.31726, l2 loss = 6.65027 (max 14.95), (true 544, predicted [909])
attack: step 3/10, xent loss = 6.87889, l2 loss = 8.77967 (max 14.95), (true 544, predicted [909])
attack: step 4/10, xent loss = 5.96109, l2 loss = 9.82057 (max 14.95), (true 544, predicted [909])
attack: step 5/10, xent loss = 7.69642, l2 loss = 10.9195 (max 14.95), (true 544, predicted [909])
attack: step 6/10, xent loss = 8.05519, l2 loss = 11.8234 (max 14.95), (true 544, predicted [518])
attack: step 7/10, xent loss = 9.03961, l2 loss = 12.71 (max 14.95), (true 544, predicted [909])
attack: step 8/10, xent loss = 8.98962, l2 loss = 13.7623 (max 14.95), (true 544, predicted [909])
attack: step 9/10, xent loss = 10.1705, l2 loss = 14.5636 (max 14.95), (true 544, predicted [909])
attack: step 10/10, xent loss = 9.53198, l2 loss = 15.4785 (max 14.95), (true 544, predicted [909])
check failed
true = 544, adv = 909
evaluating 114 of [110, 120)
attack: step 1/10, xent loss = 0.202732, l2 loss = 0 (max 14.95), (true 204, predicted [204])
attack: step 2/10, xent loss = 0.0565869, l2 loss = 0.840605 (max 14.95), (true 204, predicted [204])
attack: step 3/10, xent loss = 0.0561022, l2 loss = 0.868175 (max 14.95), (true 204, predicted [204])
attack: step 4/10, xent loss = 0.0709982, l2 loss = 0.884815 (max 14.95), (true 204, predicted [204])
attack: step 5/10, xent loss = 0.289181, l2 loss = 0.933476 (max 14.95), (true 204, predicted [204])
attack: step 6/10, xent loss = 0.0933024, l2 loss = 1.5348 (max 14.95), (true 204, predicted [204])
attack: step 7/10, xent loss = 0.123021, l2 loss = 1.62954 (max 14.95), (true 204, predicted [204])
attack: step 8/10, xent loss = 0.975856, l2 loss = 1.75941 (max 14.95), (true 204, predicted [155])
attack: step 9/10, xent loss = 0.633783, l2 loss = 3.94698 (max 14.95), (true 204, predicted [204])
attack: step 10/10, xent loss = 2.5159, l2 loss = 5.11039 (max 14.95), (true 204, predicted [155])
true = 204, adv = 155
evaluating 115 of [110, 120)
attack: step 1/10, xent loss = 4.41591, l2 loss = 0 (max 14.95), (true 982, predicted [654])
attack: step 2/10, xent loss = 4.04249, l2 loss = 6.07007 (max 14.95), (true 982, predicted [617])
attack: step 3/10, xent loss = 6.08862, l2 loss = 7.87064 (max 14.95), (true 982, predicted [654])
attack: step 4/10, xent loss = 7.50313, l2 loss = 9.29197 (max 14.95), (true 982, predicted [400])
attack: step 5/10, xent loss = 8.47517, l2 loss = 10.3916 (max 14.95), (true 982, predicted [400])
attack: step 6/10, xent loss = 7.74773, l2 loss = 12.1327 (max 14.95), (true 982, predicted [654])
attack: step 7/10, xent loss = 7.35592, l2 loss = 12.8589 (max 14.95), (true 982, predicted [728])
attack: step 8/10, xent loss = 8.66584, l2 loss = 13.5744 (max 14.95), (true 982, predicted [654])
attack: step 9/10, xent loss = 9.07185, l2 loss = 14.8033 (max 14.95), (true 982, predicted [400])
attack: step 10/10, xent loss = 11.5005, l2 loss = 15.3347 (max 14.95), (true 982, predicted [400])
check failed
true = 982, adv = 400
evaluating 116 of [110, 120)
attack: step 1/10, xent loss = 0.00479489, l2 loss = 0 (max 14.95), (true 306, predicted [306])
attack: step 2/10, xent loss = 0.0114182, l2 loss = 0.018863 (max 14.95), (true 306, predicted [306])
attack: step 3/10, xent loss = 0.00362893, l2 loss = 0.0543756 (max 14.95), (true 306, predicted [306])
attack: step 4/10, xent loss = 0.00416091, l2 loss = 0.0560214 (max 14.95), (true 306, predicted [306])
attack: step 5/10, xent loss = 0.00464456, l2 loss = 0.0583661 (max 14.95), (true 306, predicted [306])
attack: step 6/10, xent loss = 0.00332898, l2 loss = 0.0601945 (max 14.95), (true 306, predicted [306])
attack: step 7/10, xent loss = 0.00210647, l2 loss = 0.0615276 (max 14.95), (true 306, predicted [306])
attack: step 8/10, xent loss = 0.00431844, l2 loss = 0.062353 (max 14.95), (true 306, predicted [306])
attack: step 9/10, xent loss = 0.0083423, l2 loss = 0.065406 (max 14.95), (true 306, predicted [306])
attack: step 10/10, xent loss = 0.00691568, l2 loss = 0.076572 (max 14.95), (true 306, predicted [306])
true = 306, adv = 306
evaluating 117 of [110, 120)
attack: step 1/10, xent loss = 4.82401, l2 loss = 0 (max 14.95), (true 373, predicted [367])
attack: step 2/10, xent loss = 7.79558, l2 loss = 6.76191 (max 14.95), (true 373, predicted [214])
attack: step 3/10, xent loss = 7.8739, l2 loss = 8.51672 (max 14.95), (true 373, predicted [367])
attack: step 4/10, xent loss = 9.03433, l2 loss = 9.80776 (max 14.95), (true 373, predicted [51])
attack: step 5/10, xent loss = 9.09133, l2 loss = 10.4588 (max 14.95), (true 373, predicted [51])
attack: step 6/10, xent loss = 11.1705, l2 loss = 11.4684 (max 14.95), (true 373, predicted [51])
attack: step 7/10, xent loss = 15.8886, l2 loss = 14.4353 (max 14.95), (true 373, predicted [51])
attack: step 8/10, xent loss = 18.0501, l2 loss = 17.6332 (max 14.95), (true 373, predicted [51])
attack: step 9/10, xent loss = 19.3514, l2 loss = 19.4139 (max 14.95), (true 373, predicted [51])
attack: step 10/10, xent loss = 19.592, l2 loss = 22.1273 (max 14.95), (true 373, predicted [51])
check failed
true = 373, adv = 51
evaluating 118 of [110, 120)
attack: step 1/10, xent loss = 0.339942, l2 loss = 0 (max 14.95), (true 301, predicted [301])
attack: step 2/10, xent loss = 0.0690399, l2 loss = 1.39793 (max 14.95), (true 301, predicted [301])
attack: step 3/10, xent loss = 0.532557, l2 loss = 1.42546 (max 14.95), (true 301, predicted [301])
attack: step 4/10, xent loss = 2.34277, l2 loss = 2.2901 (max 14.95), (true 301, predicted [805])
attack: step 5/10, xent loss = 10.2567, l2 loss = 9.72091 (max 14.95), (true 301, predicted [805])
attack: step 6/10, xent loss = 20.0571, l2 loss = 12.8429 (max 14.95), (true 301, predicted [805])
attack: step 7/10, xent loss = 10.8001, l2 loss = 14.7321 (max 14.95), (true 301, predicted [805])
attack: step 8/10, xent loss = 19.4077, l2 loss = 18.1604 (max 14.95), (true 301, predicted [805])
attack: step 9/10, xent loss = 19.6105, l2 loss = 20.8431 (max 14.95), (true 301, predicted [805])
attack: step 10/10, xent loss = 20.6556, l2 loss = 21.9884 (max 14.95), (true 301, predicted [805])
check failed
true = 301, adv = 805
evaluating 119 of [110, 120)
attack: step 1/10, xent loss = 0.0521935, l2 loss = 0 (max 14.95), (true 588, predicted [588])
attack: step 2/10, xent loss = 0.305034, l2 loss = 0.203684 (max 14.95), (true 588, predicted [588])
attack: step 3/10, xent loss = 0.00669972, l2 loss = 1.36911 (max 14.95), (true 588, predicted [588])
attack: step 4/10, xent loss = 0.0271476, l2 loss = 1.37006 (max 14.95), (true 588, predicted [588])
attack: step 5/10, xent loss = 0.00775292, l2 loss = 1.37873 (max 14.95), (true 588, predicted [588])
attack: step 6/10, xent loss = 0.0605912, l2 loss = 1.37994 (max 14.95), (true 588, predicted [588])
attack: step 7/10, xent loss = 0.00737326, l2 loss = 1.40434 (max 14.95), (true 588, predicted [588])
attack: step 8/10, xent loss = 0.0143806, l2 loss = 1.40549 (max 14.95), (true 588, predicted [588])
attack: step 9/10, xent loss = 0.00416365, l2 loss = 1.40929 (max 14.95), (true 588, predicted [588])
attack: step 10/10, xent loss = 0.283463, l2 loss = 1.41003 (max 14.95), (true 588, predicted [588])
true = 588, adv = 588
