2019-06-06 00:07:13.906562: I tensorflow/core/platform/cpu_feature_guard.cc:141] Your CPU supports instructions that this TensorFlow binary was not compiled to use: SSE4.1 SSE4.2 AVX AVX2 FMA
2019-06-06 00:07:15.389746: I tensorflow/core/platform/profile_utils/cpu_utils.cc:94] CPU Frequency: 2599965000 Hz
2019-06-06 00:07:15.392326: I tensorflow/compiler/xla/service/service.cc:150] XLA service 0x2aaae6ac07b0 executing computations on platform Host. Devices:
2019-06-06 00:07:15.394128: I tensorflow/compiler/xla/service/service.cc:158]   StreamExecutor device (0): <undefined>, <undefined>
2019-06-06 00:07:15.394480: I tensorflow/core/common_runtime/process_util.cc:71] Creating new thread pool with default inter op setting: 2. Tune using inter_op_parallelism_threads for best performance.
evaluating 860 of [860, 870)
attack: step 1/10, xent loss = 8.70002, l2 loss = 0 (max 14.95), (true 615, predicted [518])
attack: step 2/10, xent loss = 8.61312, l2 loss = 2.62187 (max 14.95), (true 615, predicted [518])
attack: step 3/10, xent loss = 6.42115, l2 loss = 4.02483 (max 14.95), (true 615, predicted [719])
attack: step 4/10, xent loss = 7.45877, l2 loss = 7.31305 (max 14.95), (true 615, predicted [518])
attack: step 5/10, xent loss = 8.34263, l2 loss = 8.24395 (max 14.95), (true 615, predicted [607])
attack: step 6/10, xent loss = 8.12586, l2 loss = 9.1134 (max 14.95), (true 615, predicted [879])
attack: step 7/10, xent loss = 8.6168, l2 loss = 9.69368 (max 14.95), (true 615, predicted [607])
attack: step 8/10, xent loss = 8.76106, l2 loss = 11.1768 (max 14.95), (true 615, predicted [478])
attack: step 9/10, xent loss = 9.44545, l2 loss = 13.1424 (max 14.95), (true 615, predicted [478])
attack: step 10/10, xent loss = 8.58652, l2 loss = 13.4159 (max 14.95), (true 615, predicted [607])
true = 615, adv = 478
evaluating 861 of [860, 870)
attack: step 1/10, xent loss = 7.69433, l2 loss = 0 (max 14.95), (true 98, predicted [728])
attack: step 2/10, xent loss = 10.3661, l2 loss = 2.2226 (max 14.95), (true 98, predicted [728])
attack: step 3/10, xent loss = 11.0602, l2 loss = 7.09428 (max 14.95), (true 98, predicted [728])
attack: step 4/10, xent loss = 10.4123, l2 loss = 11.9964 (max 14.95), (true 98, predicted [728])
attack: step 5/10, xent loss = 8.83031, l2 loss = 13.339 (max 14.95), (true 98, predicted [692])
attack: step 6/10, xent loss = 10.3986, l2 loss = 13.7693 (max 14.95), (true 98, predicted [728])
attack: step 7/10, xent loss = 10.4862, l2 loss = 15.0506 (max 14.95), (true 98, predicted [728])
attack: step 8/10, xent loss = 13.5003, l2 loss = 15.9538 (max 14.95), (true 98, predicted [728])
attack: step 9/10, xent loss = 9.22982, l2 loss = 18.7746 (max 14.95), (true 98, predicted [744])
attack: step 10/10, xent loss = 12.5658, l2 loss = 19.1586 (max 14.95), (true 98, predicted [728])
check failed
true = 98, adv = 728
evaluating 862 of [860, 870)
attack: step 1/10, xent loss = 5.57859, l2 loss = 0 (max 14.95), (true 396, predicted [645])
attack: step 2/10, xent loss = 7.45922, l2 loss = 1.77156 (max 14.95), (true 396, predicted [645])
attack: step 3/10, xent loss = 5.25155, l2 loss = 4.20358 (max 14.95), (true 396, predicted [723])
attack: step 4/10, xent loss = 6.21326, l2 loss = 4.89917 (max 14.95), (true 396, predicted [557])
attack: step 5/10, xent loss = 6.5265, l2 loss = 5.63127 (max 14.95), (true 396, predicted [645])
attack: step 6/10, xent loss = 6.38912, l2 loss = 6.31457 (max 14.95), (true 396, predicted [645])
attack: step 7/10, xent loss = 6.65612, l2 loss = 7.37766 (max 14.95), (true 396, predicted [645])
attack: step 8/10, xent loss = 5.97471, l2 loss = 8.24941 (max 14.95), (true 396, predicted [723])
attack: step 9/10, xent loss = 6.65618, l2 loss = 8.53721 (max 14.95), (true 396, predicted [645])
attack: step 10/10, xent loss = 6.7345, l2 loss = 9.32583 (max 14.95), (true 396, predicted [723])
true = 396, adv = 645
evaluating 863 of [860, 870)
attack: step 1/10, xent loss = 6.93854, l2 loss = 0 (max 14.95), (true 943, predicted [518])
attack: step 2/10, xent loss = 6.8993, l2 loss = 5.20841 (max 14.95), (true 943, predicted [479])
attack: step 3/10, xent loss = 8.9816, l2 loss = 6.9896 (max 14.95), (true 943, predicted [518])
attack: step 4/10, xent loss = 8.50514, l2 loss = 8.40217 (max 14.95), (true 943, predicted [518])
attack: step 5/10, xent loss = 7.49076, l2 loss = 8.95439 (max 14.95), (true 943, predicted [749])
attack: step 6/10, xent loss = 6.7932, l2 loss = 10.3196 (max 14.95), (true 943, predicted [518])
attack: step 7/10, xent loss = 9.03275, l2 loss = 12.543 (max 14.95), (true 943, predicted [518])
attack: step 8/10, xent loss = 9.31221, l2 loss = 12.9056 (max 14.95), (true 943, predicted [518])
attack: step 9/10, xent loss = 9.02165, l2 loss = 13.2441 (max 14.95), (true 943, predicted [518])
attack: step 10/10, xent loss = 8.5635, l2 loss = 13.6907 (max 14.95), (true 943, predicted [518])
true = 943, adv = 518
evaluating 864 of [860, 870)
attack: step 1/10, xent loss = 8.4193, l2 loss = 0 (max 14.95), (true 541, predicted [607])
attack: step 2/10, xent loss = 8.53351, l2 loss = 2.39869 (max 14.95), (true 541, predicted [879])
attack: step 3/10, xent loss = 7.88281, l2 loss = 4.32757 (max 14.95), (true 541, predicted [619])
attack: step 4/10, xent loss = 8.22582, l2 loss = 5.22081 (max 14.95), (true 541, predicted [619])
attack: step 5/10, xent loss = 8.53975, l2 loss = 5.93517 (max 14.95), (true 541, predicted [619])
attack: step 6/10, xent loss = 8.87493, l2 loss = 6.55093 (max 14.95), (true 541, predicted [818])
attack: step 7/10, xent loss = 7.82202, l2 loss = 7.75843 (max 14.95), (true 541, predicted [879])
attack: step 8/10, xent loss = 8.22771, l2 loss = 8.2784 (max 14.95), (true 541, predicted [805])
attack: step 9/10, xent loss = 7.54234, l2 loss = 9.27192 (max 14.95), (true 541, predicted [805])
attack: step 10/10, xent loss = 7.92865, l2 loss = 9.78759 (max 14.95), (true 541, predicted [619])
true = 541, adv = 723
evaluating 865 of [860, 870)
attack: step 1/10, xent loss = 8.75308, l2 loss = 0 (max 14.95), (true 67, predicted [619])
attack: step 2/10, xent loss = 9.13842, l2 loss = 2.00361 (max 14.95), (true 67, predicted [619])
attack: step 3/10, xent loss = 8.38138, l2 loss = 2.8977 (max 14.95), (true 67, predicted [557])
attack: step 4/10, xent loss = 8.98431, l2 loss = 3.31025 (max 14.95), (true 67, predicted [557])
attack: step 5/10, xent loss = 9.38997, l2 loss = 3.74215 (max 14.95), (true 67, predicted [728])
attack: step 6/10, xent loss = 8.99724, l2 loss = 4.27456 (max 14.95), (true 67, predicted [664])
attack: step 7/10, xent loss = 9.28455, l2 loss = 4.65061 (max 14.95), (true 67, predicted [478])
attack: step 8/10, xent loss = 9.22715, l2 loss = 5.12994 (max 14.95), (true 67, predicted [619])
attack: step 9/10, xent loss = 9.39173, l2 loss = 5.59391 (max 14.95), (true 67, predicted [619])
attack: step 10/10, xent loss = 8.0547, l2 loss = 6.01094 (max 14.95), (true 67, predicted [478])
true = 67, adv = 619
evaluating 866 of [860, 870)
attack: step 1/10, xent loss = 8.29256, l2 loss = 0 (max 14.95), (true 642, predicted [478])
attack: step 2/10, xent loss = 7.47491, l2 loss = 2.28957 (max 14.95), (true 642, predicted [478])
attack: step 3/10, xent loss = 8.52155, l2 loss = 3.4409 (max 14.95), (true 642, predicted [478])
attack: step 4/10, xent loss = 7.62244, l2 loss = 4.11121 (max 14.95), (true 642, predicted [478])
attack: step 5/10, xent loss = 7.82153, l2 loss = 4.6972 (max 14.95), (true 642, predicted [478])
attack: step 6/10, xent loss = 8.63975, l2 loss = 5.01995 (max 14.95), (true 642, predicted [478])
attack: step 7/10, xent loss = 7.99291, l2 loss = 5.53488 (max 14.95), (true 642, predicted [478])
attack: step 8/10, xent loss = 8.17252, l2 loss = 6.03243 (max 14.95), (true 642, predicted [879])
attack: step 9/10, xent loss = 8.6392, l2 loss = 6.47967 (max 14.95), (true 642, predicted [478])
attack: step 10/10, xent loss = 8.32487, l2 loss = 6.8585 (max 14.95), (true 642, predicted [478])
true = 642, adv = 478
evaluating 867 of [860, 870)
attack: step 1/10, xent loss = 6.88818, l2 loss = 0 (max 14.95), (true 331, predicted [645])
attack: step 2/10, xent loss = 7.43261, l2 loss = 2.65202 (max 14.95), (true 331, predicted [723])
attack: step 3/10, xent loss = 7.58474, l2 loss = 3.41544 (max 14.95), (true 331, predicted [645])
attack: step 4/10, xent loss = 6.72093, l2 loss = 4.26389 (max 14.95), (true 331, predicted [644])
attack: step 5/10, xent loss = 8.05506, l2 loss = 4.75527 (max 14.95), (true 331, predicted [417])
attack: step 6/10, xent loss = 7.9309, l2 loss = 5.14767 (max 14.95), (true 331, predicted [723])
attack: step 7/10, xent loss = 7.90141, l2 loss = 5.55507 (max 14.95), (true 331, predicted [417])
attack: step 8/10, xent loss = 7.58332, l2 loss = 6.14526 (max 14.95), (true 331, predicted [667])
attack: step 9/10, xent loss = 7.37, l2 loss = 7.77025 (max 14.95), (true 331, predicted [417])
attack: step 10/10, xent loss = 7.74823, l2 loss = 8.05617 (max 14.95), (true 331, predicted [645])
true = 331, adv = 400
evaluating 868 of [860, 870)
attack: step 1/10, xent loss = 7.63234, l2 loss = 0 (max 14.95), (true 260, predicted [723])
attack: step 2/10, xent loss = 8.02716, l2 loss = 2.10791 (max 14.95), (true 260, predicted [478])
attack: step 3/10, xent loss = 8.82105, l2 loss = 4.17386 (max 14.95), (true 260, predicted [478])
attack: step 4/10, xent loss = 8.96803, l2 loss = 5.63778 (max 14.95), (true 260, predicted [478])
attack: step 5/10, xent loss = 7.53437, l2 loss = 6.93483 (max 14.95), (true 260, predicted [478])
attack: step 6/10, xent loss = 8.69588, l2 loss = 7.19536 (max 14.95), (true 260, predicted [478])
attack: step 7/10, xent loss = 8.5414, l2 loss = 7.98359 (max 14.95), (true 260, predicted [478])
attack: step 8/10, xent loss = 8.56568, l2 loss = 8.5343 (max 14.95), (true 260, predicted [478])
attack: step 9/10, xent loss = 8.48182, l2 loss = 9.19946 (max 14.95), (true 260, predicted [478])
attack: step 10/10, xent loss = 8.45877, l2 loss = 9.70092 (max 14.95), (true 260, predicted [478])
true = 260, adv = 478
evaluating 869 of [860, 870)
attack: step 1/10, xent loss = 7.76872, l2 loss = 0 (max 14.95), (true 501, predicted [599])
attack: step 2/10, xent loss = 8.24007, l2 loss = 2.24876 (max 14.95), (true 501, predicted [723])
attack: step 3/10, xent loss = 7.67236, l2 loss = 4.60806 (max 14.95), (true 501, predicted [599])
attack: step 4/10, xent loss = 7.66725, l2 loss = 5.12152 (max 14.95), (true 501, predicted [896])
attack: step 5/10, xent loss = 7.42241, l2 loss = 6.55863 (max 14.95), (true 501, predicted [723])
attack: step 6/10, xent loss = 7.09066, l2 loss = 7.07121 (max 14.95), (true 501, predicted [723])
attack: step 7/10, xent loss = 9.19159, l2 loss = 7.6244 (max 14.95), (true 501, predicted [723])
attack: step 8/10, xent loss = 7.56244, l2 loss = 8.86547 (max 14.95), (true 501, predicted [723])
attack: step 9/10, xent loss = 7.79101, l2 loss = 9.57229 (max 14.95), (true 501, predicted [723])
attack: step 10/10, xent loss = 8.00114, l2 loss = 9.8286 (max 14.95), (true 501, predicted [692])
true = 501, adv = 723
