2019-06-28 06:36:07.530025: I tensorflow/core/platform/cpu_feature_guard.cc:141] Your CPU supports instructions that this TensorFlow binary was not compiled to use: SSE4.1 SSE4.2 AVX AVX2 FMA
2019-06-28 06:36:07.625127: I tensorflow/core/platform/profile_utils/cpu_utils.cc:94] CPU Frequency: 2600015000 Hz
2019-06-28 06:36:07.635857: I tensorflow/compiler/xla/service/service.cc:150] XLA service 0x2aaae6ac02a0 executing computations on platform Host. Devices:
2019-06-28 06:36:07.635902: I tensorflow/compiler/xla/service/service.cc:158]   StreamExecutor device (0): <undefined>, <undefined>
2019-06-28 06:36:07.636243: I tensorflow/core/common_runtime/process_util.cc:71] Creating new thread pool with default inter op setting: 2. Tune using inter_op_parallelism_threads for best performance.
evaluating 880 of [880, 890)
attack: step 1/10, xent loss = 9.12252, l2 loss = 6.98246 (max 14.95), (true 962, predicted [552])
attack: step 2/10, xent loss = 7.71939, l2 loss = 7.53599 (max 14.95), (true 962, predicted [934])
attack: step 3/10, xent loss = 8.889, l2 loss = 7.84809 (max 14.95), (true 962, predicted [934])
attack: step 4/10, xent loss = 7.98271, l2 loss = 8.21885 (max 14.95), (true 962, predicted [934])
attack: step 5/10, xent loss = 8.84136, l2 loss = 8.70995 (max 14.95), (true 962, predicted [552])
attack: step 6/10, xent loss = 8.84837, l2 loss = 9.22426 (max 14.95), (true 962, predicted [934])
attack: step 7/10, xent loss = 9.06259, l2 loss = 9.52709 (max 14.95), (true 962, predicted [934])
attack: step 8/10, xent loss = 9.7526, l2 loss = 10.0192 (max 14.95), (true 962, predicted [934])
attack: step 9/10, xent loss = 9.05815, l2 loss = 10.5523 (max 14.95), (true 962, predicted [934])
attack: step 10/10, xent loss = 9.60412, l2 loss = 10.8842 (max 14.95), (true 962, predicted [934])
true = 962, adv = 934
evaluating 881 of [880, 890)
attack: step 1/10, xent loss = 4.69194, l2 loss = 13.1878 (max 14.95), (true 875, predicted [643])
attack: step 2/10, xent loss = 6.502, l2 loss = 13.7804 (max 14.95), (true 875, predicted [837])
attack: step 3/10, xent loss = 5.28161, l2 loss = 14.5262 (max 14.95), (true 875, predicted [837])
attack: step 4/10, xent loss = 7.59119, l2 loss = 15.0967 (max 14.95), (true 875, predicted [837])
attack: step 5/10, xent loss = 6.98004, l2 loss = 15.3766 (max 14.95), (true 875, predicted [837])
attack: step 6/10, xent loss = 6.09636, l2 loss = 15.8456 (max 14.95), (true 875, predicted [837])
attack: step 7/10, xent loss = 8.76597, l2 loss = 16.2681 (max 14.95), (true 875, predicted [837])
attack: step 8/10, xent loss = 6.89838, l2 loss = 17.0151 (max 14.95), (true 875, predicted [152])
attack: step 9/10, xent loss = 6.15956, l2 loss = 17.4134 (max 14.95), (true 875, predicted [837])
attack: step 10/10, xent loss = 8.24247, l2 loss = 17.6986 (max 14.95), (true 875, predicted [837])
check failed
true = 875, adv = 837
evaluating 882 of [880, 890)
attack: step 1/10, xent loss = 17.6711, l2 loss = 24.0452 (max 14.95), (true 262, predicted [728])
attack: step 2/10, xent loss = 16.1173, l2 loss = 25.3672 (max 14.95), (true 262, predicted [728])
attack: step 3/10, xent loss = 20.4543, l2 loss = 26.6888 (max 14.95), (true 262, predicted [728])
attack: step 4/10, xent loss = 19.7233, l2 loss = 28.132 (max 14.95), (true 262, predicted [728])
attack: step 5/10, xent loss = 24.1139, l2 loss = 29.3341 (max 14.95), (true 262, predicted [728])
attack: step 6/10, xent loss = 20.5557, l2 loss = 30.9223 (max 14.95), (true 262, predicted [728])
attack: step 7/10, xent loss = 24.2075, l2 loss = 31.8968 (max 14.95), (true 262, predicted [728])
attack: step 8/10, xent loss = 22.6914, l2 loss = 33.1358 (max 14.95), (true 262, predicted [728])
attack: step 9/10, xent loss = 26.1817, l2 loss = 34.3112 (max 14.95), (true 262, predicted [728])
attack: step 10/10, xent loss = 24.7371, l2 loss = 35.6799 (max 14.95), (true 262, predicted [728])
check failed
true = 262, adv = 728
evaluating 883 of [880, 890)
attack: step 1/10, xent loss = 15.9279, l2 loss = 20.1866 (max 14.95), (true 824, predicted [797])
attack: step 2/10, xent loss = 18.2195, l2 loss = 22.0333 (max 14.95), (true 824, predicted [797])
attack: step 3/10, xent loss = 19.5328, l2 loss = 22.9261 (max 14.95), (true 824, predicted [797])
attack: step 4/10, xent loss = 22.8054, l2 loss = 24.0951 (max 14.95), (true 824, predicted [797])
attack: step 5/10, xent loss = 21.3616, l2 loss = 25.0095 (max 14.95), (true 824, predicted [797])
attack: step 6/10, xent loss = 20.9601, l2 loss = 26.2296 (max 14.95), (true 824, predicted [797])
attack: step 7/10, xent loss = 22.4103, l2 loss = 26.8802 (max 14.95), (true 824, predicted [797])
attack: step 8/10, xent loss = 22.7695, l2 loss = 27.7746 (max 14.95), (true 824, predicted [797])
attack: step 9/10, xent loss = 25.3347, l2 loss = 28.631 (max 14.95), (true 824, predicted [797])
attack: step 10/10, xent loss = 23.8383, l2 loss = 29.3836 (max 14.95), (true 824, predicted [797])
check failed
true = 824, adv = 797
evaluating 884 of [880, 890)
attack: step 1/10, xent loss = 14.3646, l2 loss = 23.0585 (max 14.95), (true 319, predicted [795])
attack: step 2/10, xent loss = 17.0723, l2 loss = 23.9277 (max 14.95), (true 319, predicted [795])
attack: step 3/10, xent loss = 15.5619, l2 loss = 24.9212 (max 14.95), (true 319, predicted [795])
attack: step 4/10, xent loss = 15.7855, l2 loss = 26.461 (max 14.95), (true 319, predicted [795])
attack: step 5/10, xent loss = 16.5044, l2 loss = 27.2248 (max 14.95), (true 319, predicted [795])
attack: step 6/10, xent loss = 15.7373, l2 loss = 28.1374 (max 14.95), (true 319, predicted [795])
attack: step 7/10, xent loss = 17.2454, l2 loss = 29.0986 (max 14.95), (true 319, predicted [795])
attack: step 8/10, xent loss = 17.3374, l2 loss = 30.5062 (max 14.95), (true 319, predicted [795])
attack: step 9/10, xent loss = 18.8671, l2 loss = 31.4017 (max 14.95), (true 319, predicted [795])
attack: step 10/10, xent loss = 18.1828, l2 loss = 31.8872 (max 14.95), (true 319, predicted [795])
check failed
true = 319, adv = 795
evaluating 885 of [880, 890)
attack: step 1/10, xent loss = 8.15308, l2 loss = 11.5554 (max 14.95), (true 908, predicted [895])
attack: step 2/10, xent loss = 8.85674, l2 loss = 12.2304 (max 14.95), (true 908, predicted [895])
attack: step 3/10, xent loss = 9.45867, l2 loss = 12.5831 (max 14.95), (true 908, predicted [895])
attack: step 4/10, xent loss = 9.50238, l2 loss = 12.849 (max 14.95), (true 908, predicted [895])
attack: step 5/10, xent loss = 9.43325, l2 loss = 13.373 (max 14.95), (true 908, predicted [895])
attack: step 6/10, xent loss = 10.0435, l2 loss = 13.7756 (max 14.95), (true 908, predicted [895])
attack: step 7/10, xent loss = 10.536, l2 loss = 14.1462 (max 14.95), (true 908, predicted [895])
attack: step 8/10, xent loss = 10.6534, l2 loss = 14.5487 (max 14.95), (true 908, predicted [895])
attack: step 9/10, xent loss = 9.88246, l2 loss = 14.8551 (max 14.95), (true 908, predicted [895])
attack: step 10/10, xent loss = 10.8552, l2 loss = 15.2091 (max 14.95), (true 908, predicted [895])
check failed
true = 908, adv = 895
evaluating 886 of [880, 890)
attack: step 1/10, xent loss = 7.71663, l2 loss = 13.2988 (max 14.95), (true 942, predicted [502])
attack: step 2/10, xent loss = 8.84391, l2 loss = 13.8436 (max 14.95), (true 942, predicted [502])
attack: step 3/10, xent loss = 9.8801, l2 loss = 14.2664 (max 14.95), (true 942, predicted [502])
attack: step 4/10, xent loss = 10.4373, l2 loss = 14.7464 (max 14.95), (true 942, predicted [502])
attack: step 5/10, xent loss = 10.9866, l2 loss = 15.1529 (max 14.95), (true 942, predicted [502])
attack: step 6/10, xent loss = 12.5069, l2 loss = 15.7728 (max 14.95), (true 942, predicted [502])
attack: step 7/10, xent loss = 12.1859, l2 loss = 16.6305 (max 14.95), (true 942, predicted [502])
attack: step 8/10, xent loss = 12.896, l2 loss = 17.1158 (max 14.95), (true 942, predicted [502])
attack: step 9/10, xent loss = 13.9279, l2 loss = 17.7733 (max 14.95), (true 942, predicted [502])
attack: step 10/10, xent loss = 13.2575, l2 loss = 18.4707 (max 14.95), (true 942, predicted [502])
check failed
true = 942, adv = 502
evaluating 887 of [880, 890)
attack: step 1/10, xent loss = 10.1416, l2 loss = 17.2662 (max 14.95), (true 265, predicted [295])
attack: step 2/10, xent loss = 10.383, l2 loss = 18.5229 (max 14.95), (true 265, predicted [295])
attack: step 3/10, xent loss = 10.1542, l2 loss = 24.6497 (max 14.95), (true 265, predicted [295])
attack: step 4/10, xent loss = 9.38864, l2 loss = 25.0074 (max 14.95), (true 265, predicted [295])
attack: step 5/10, xent loss = 10.8547, l2 loss = 25.527 (max 14.95), (true 265, predicted [295])
attack: step 6/10, xent loss = 11.6266, l2 loss = 26.4743 (max 14.95), (true 265, predicted [295])
attack: step 7/10, xent loss = 10.4276, l2 loss = 26.7795 (max 14.95), (true 265, predicted [295])
attack: step 8/10, xent loss = 10.7437, l2 loss = 27.0823 (max 14.95), (true 265, predicted [295])
attack: step 9/10, xent loss = 11.9308, l2 loss = 28.0504 (max 14.95), (true 265, predicted [295])
attack: step 10/10, xent loss = 13.2866, l2 loss = 28.5641 (max 14.95), (true 265, predicted [295])
check failed
true = 265, adv = 295
evaluating 888 of [880, 890)
attack: step 1/10, xent loss = 7.96198, l2 loss = 8.03965 (max 14.95), (true 962, predicted [692])
attack: step 2/10, xent loss = 8.25936, l2 loss = 8.45335 (max 14.95), (true 962, predicted [692])
attack: step 3/10, xent loss = 8.34131, l2 loss = 8.84784 (max 14.95), (true 962, predicted [692])
attack: step 4/10, xent loss = 8.55195, l2 loss = 9.157 (max 14.95), (true 962, predicted [692])
attack: step 5/10, xent loss = 7.90158, l2 loss = 9.53593 (max 14.95), (true 962, predicted [692])
attack: step 6/10, xent loss = 7.97745, l2 loss = 9.87094 (max 14.95), (true 962, predicted [692])
attack: step 7/10, xent loss = 9.35924, l2 loss = 10.1497 (max 14.95), (true 962, predicted [692])
attack: step 8/10, xent loss = 9.57319, l2 loss = 10.5044 (max 14.95), (true 962, predicted [728])
attack: step 9/10, xent loss = 8.87104, l2 loss = 11.1485 (max 14.95), (true 962, predicted [692])
attack: step 10/10, xent loss = 8.70841, l2 loss = 11.5845 (max 14.95), (true 962, predicted [692])
true = 962, adv = 692
evaluating 889 of [880, 890)
attack: step 1/10, xent loss = 25.2321, l2 loss = 29.8358 (max 14.95), (true 374, predicted [552])
attack: step 2/10, xent loss = 29.8724, l2 loss = 30.9565 (max 14.95), (true 374, predicted [552])
attack: step 3/10, xent loss = 23.4275, l2 loss = 32.5199 (max 14.95), (true 374, predicted [552])
attack: step 4/10, xent loss = 29.3916, l2 loss = 34.3553 (max 14.95), (true 374, predicted [552])
attack: step 5/10, xent loss = 29.9072, l2 loss = 36.0762 (max 14.95), (true 374, predicted [552])
attack: step 6/10, xent loss = 28.3781, l2 loss = 37.5353 (max 14.95), (true 374, predicted [552])
attack: step 7/10, xent loss = 28.3861, l2 loss = 38.7459 (max 14.95), (true 374, predicted [552])
attack: step 8/10, xent loss = 31.3263, l2 loss = 39.9662 (max 14.95), (true 374, predicted [552])
attack: step 9/10, xent loss = 32.4402, l2 loss = 41.1129 (max 14.95), (true 374, predicted [552])
attack: step 10/10, xent loss = 28.8631, l2 loss = 42.1442 (max 14.95), (true 374, predicted [552])
check failed
true = 374, adv = 552
