2019-06-29 14:40:11.793764: I tensorflow/core/platform/cpu_feature_guard.cc:141] Your CPU supports instructions that this TensorFlow binary was not compiled to use: SSE4.1 SSE4.2 AVX AVX2 FMA
2019-06-29 14:40:12.538381: I tensorflow/core/platform/profile_utils/cpu_utils.cc:94] CPU Frequency: 2600070000 Hz
2019-06-29 14:40:12.542088: I tensorflow/compiler/xla/service/service.cc:150] XLA service 0x2aaae6ac0050 executing computations on platform Host. Devices:
2019-06-29 14:40:12.544047: I tensorflow/compiler/xla/service/service.cc:158]   StreamExecutor device (0): <undefined>, <undefined>
2019-06-29 14:40:12.544752: I tensorflow/core/common_runtime/process_util.cc:71] Creating new thread pool with default inter op setting: 2. Tune using inter_op_parallelism_threads for best performance.
evaluating 120 of [120, 130)
attack: step 1/10, xent loss = 8.13974, l2 loss = 10.6132 (max 14.95), (true 125, predicted [728])
attack: step 2/10, xent loss = 9.18777, l2 loss = 10.9561 (max 14.95), (true 125, predicted [728])
attack: step 3/10, xent loss = 8.43967, l2 loss = 11.6081 (max 14.95), (true 125, predicted [728])
attack: step 4/10, xent loss = 9.51037, l2 loss = 12.2733 (max 14.95), (true 125, predicted [728])
attack: step 5/10, xent loss = 9.06372, l2 loss = 13.0295 (max 14.95), (true 125, predicted [728])
attack: step 6/10, xent loss = 9.58431, l2 loss = 13.6732 (max 14.95), (true 125, predicted [728])
attack: step 7/10, xent loss = 11.0188, l2 loss = 14.8361 (max 14.95), (true 125, predicted [728])
attack: step 8/10, xent loss = 11.1239, l2 loss = 16.6099 (max 14.95), (true 125, predicted [728])
attack: step 9/10, xent loss = 12.0658, l2 loss = 17.857 (max 14.95), (true 125, predicted [728])
attack: step 10/10, xent loss = 10.8952, l2 loss = 19.5769 (max 14.95), (true 125, predicted [728])
check failed
true = 125, adv = 728
evaluating 121 of [120, 130)
attack: step 1/10, xent loss = 15.4205, l2 loss = 28.2321 (max 14.95), (true 6, predicted [728])
attack: step 2/10, xent loss = 19.0997, l2 loss = 29.8569 (max 14.95), (true 6, predicted [728])
attack: step 3/10, xent loss = 20.4891, l2 loss = 31.0405 (max 14.95), (true 6, predicted [728])
attack: step 4/10, xent loss = 21.8926, l2 loss = 32.1712 (max 14.95), (true 6, predicted [728])
attack: step 5/10, xent loss = 22.2619, l2 loss = 33.7643 (max 14.95), (true 6, predicted [728])
attack: step 6/10, xent loss = 25.0488, l2 loss = 35.1325 (max 14.95), (true 6, predicted [728])
attack: step 7/10, xent loss = 24.074, l2 loss = 36.4035 (max 14.95), (true 6, predicted [728])
attack: step 8/10, xent loss = 25.4479, l2 loss = 37.6365 (max 14.95), (true 6, predicted [728])
attack: step 9/10, xent loss = 24.6256, l2 loss = 38.9145 (max 14.95), (true 6, predicted [728])
attack: step 10/10, xent loss = 20.5737, l2 loss = 40.023 (max 14.95), (true 6, predicted [728])
check failed
true = 6, adv = 728
evaluating 122 of [120, 130)
attack: step 1/10, xent loss = 0.80933, l2 loss = 3.44037 (max 14.95), (true 190, predicted [190])
attack: step 2/10, xent loss = 0.90472, l2 loss = 4.7164 (max 14.95), (true 190, predicted [190])
attack: step 3/10, xent loss = 0.256428, l2 loss = 5.70712 (max 14.95), (true 190, predicted [190])
attack: step 4/10, xent loss = 1.01008, l2 loss = 5.85523 (max 14.95), (true 190, predicted [229])
attack: step 5/10, xent loss = 1.3818, l2 loss = 6.93066 (max 14.95), (true 190, predicted [190])
attack: step 6/10, xent loss = 1.33296, l2 loss = 8.62971 (max 14.95), (true 190, predicted [190])
attack: step 7/10, xent loss = 3.95228, l2 loss = 9.68707 (max 14.95), (true 190, predicted [216])
attack: step 8/10, xent loss = 5.69235, l2 loss = 11.131 (max 14.95), (true 190, predicted [216])
attack: step 9/10, xent loss = 5.87129, l2 loss = 11.4253 (max 14.95), (true 190, predicted [216])
attack: step 10/10, xent loss = 5.97374, l2 loss = 12.2107 (max 14.95), (true 190, predicted [728])
true = 190, adv = 208
evaluating 123 of [120, 130)
attack: step 1/10, xent loss = 7.17887, l2 loss = 13.68 (max 14.95), (true 712, predicted [599])
attack: step 2/10, xent loss = 8.72886, l2 loss = 14.1859 (max 14.95), (true 712, predicted [599])
attack: step 3/10, xent loss = 9.12998, l2 loss = 14.7979 (max 14.95), (true 712, predicted [599])
attack: step 4/10, xent loss = 10.0927, l2 loss = 15.3739 (max 14.95), (true 712, predicted [599])
attack: step 5/10, xent loss = 8.85243, l2 loss = 15.7442 (max 14.95), (true 712, predicted [599])
attack: step 6/10, xent loss = 9.07927, l2 loss = 16.2365 (max 14.95), (true 712, predicted [599])
attack: step 7/10, xent loss = 9.52625, l2 loss = 16.8237 (max 14.95), (true 712, predicted [599])
attack: step 8/10, xent loss = 8.82295, l2 loss = 17.4063 (max 14.95), (true 712, predicted [599])
attack: step 9/10, xent loss = 11.4602, l2 loss = 17.7748 (max 14.95), (true 712, predicted [599])
attack: step 10/10, xent loss = 10.2401, l2 loss = 18.2102 (max 14.95), (true 712, predicted [599])
check failed
true = 712, adv = 599
evaluating 124 of [120, 130)
attack: step 1/10, xent loss = 11.2788, l2 loss = 13.8449 (max 14.95), (true 502, predicted [121])
attack: step 2/10, xent loss = 15.2657, l2 loss = 14.8111 (max 14.95), (true 502, predicted [121])
attack: step 3/10, xent loss = 12.385, l2 loss = 15.4988 (max 14.95), (true 502, predicted [121])
attack: step 4/10, xent loss = 13.8539, l2 loss = 16.2229 (max 14.95), (true 502, predicted [121])
attack: step 5/10, xent loss = 13.1284, l2 loss = 17.1034 (max 14.95), (true 502, predicted [121])
attack: step 6/10, xent loss = 15.3557, l2 loss = 17.7687 (max 14.95), (true 502, predicted [121])
attack: step 7/10, xent loss = 12.8799, l2 loss = 18.597 (max 14.95), (true 502, predicted [121])
attack: step 8/10, xent loss = 15.1909, l2 loss = 19.4779 (max 14.95), (true 502, predicted [121])
attack: step 9/10, xent loss = 15.5283, l2 loss = 20.1234 (max 14.95), (true 502, predicted [121])
attack: step 10/10, xent loss = 17.0796, l2 loss = 21.1023 (max 14.95), (true 502, predicted [121])
check failed
true = 502, adv = 121
evaluating 125 of [120, 130)
attack: step 1/10, xent loss = 7.36223, l2 loss = 11.5341 (max 14.95), (true 581, predicted [830])
attack: step 2/10, xent loss = 5.6384, l2 loss = 12.3799 (max 14.95), (true 581, predicted [807])
attack: step 3/10, xent loss = 6.99271, l2 loss = 12.9671 (max 14.95), (true 581, predicted [807])
attack: step 4/10, xent loss = 8.85648, l2 loss = 13.4153 (max 14.95), (true 581, predicted [830])
attack: step 5/10, xent loss = 8.20878, l2 loss = 14.4425 (max 14.95), (true 581, predicted [830])
attack: step 6/10, xent loss = 8.14293, l2 loss = 15.4719 (max 14.95), (true 581, predicted [830])
attack: step 7/10, xent loss = 9.54065, l2 loss = 16.323 (max 14.95), (true 581, predicted [830])
attack: step 8/10, xent loss = 7.7504, l2 loss = 17.7225 (max 14.95), (true 581, predicted [830])
attack: step 9/10, xent loss = 9.41596, l2 loss = 18.9467 (max 14.95), (true 581, predicted [830])
attack: step 10/10, xent loss = 9.59104, l2 loss = 19.9794 (max 14.95), (true 581, predicted [830])
check failed
true = 581, adv = 830
evaluating 126 of [120, 130)
attack: step 1/10, xent loss = 7.73713, l2 loss = 15.3477 (max 14.95), (true 59, predicted [645])
attack: step 2/10, xent loss = 8.28978, l2 loss = 16.5381 (max 14.95), (true 59, predicted [645])
attack: step 3/10, xent loss = 14.0821, l2 loss = 17.4303 (max 14.95), (true 59, predicted [645])
attack: step 4/10, xent loss = 10.5969, l2 loss = 18.6356 (max 14.95), (true 59, predicted [645])
attack: step 5/10, xent loss = 10.1959, l2 loss = 19.348 (max 14.95), (true 59, predicted [645])
attack: step 6/10, xent loss = 11.5265, l2 loss = 20.004 (max 14.95), (true 59, predicted [645])
attack: step 7/10, xent loss = 9.04936, l2 loss = 20.8808 (max 14.95), (true 59, predicted [645])
attack: step 8/10, xent loss = 11.0402, l2 loss = 21.5055 (max 14.95), (true 59, predicted [645])
attack: step 9/10, xent loss = 12.0091, l2 loss = 22.4929 (max 14.95), (true 59, predicted [645])
attack: step 10/10, xent loss = 15.178, l2 loss = 23.07 (max 14.95), (true 59, predicted [645])
check failed
true = 59, adv = 645
evaluating 127 of [120, 130)
attack: step 1/10, xent loss = 0.964742, l2 loss = 4.53509 (max 14.95), (true 383, predicted [383])
attack: step 2/10, xent loss = 0.372828, l2 loss = 5.24138 (max 14.95), (true 383, predicted [383])
attack: step 3/10, xent loss = 0.5564, l2 loss = 5.59488 (max 14.95), (true 383, predicted [383])
attack: step 4/10, xent loss = 2.13022, l2 loss = 5.90388 (max 14.95), (true 383, predicted [552])
attack: step 5/10, xent loss = 1.88504, l2 loss = 6.83719 (max 14.95), (true 383, predicted [383])
attack: step 6/10, xent loss = 1.36999, l2 loss = 7.57246 (max 14.95), (true 383, predicted [383])
attack: step 7/10, xent loss = 1.70929, l2 loss = 8.16944 (max 14.95), (true 383, predicted [728])
attack: step 8/10, xent loss = 5.43064, l2 loss = 9.35922 (max 14.95), (true 383, predicted [552])
attack: step 9/10, xent loss = 3.95891, l2 loss = 11.1922 (max 14.95), (true 383, predicted [552])
attack: step 10/10, xent loss = 2.794, l2 loss = 12.688 (max 14.95), (true 383, predicted [552])
true = 383, adv = 552
evaluating 128 of [120, 130)
attack: step 1/10, xent loss = 18.6944, l2 loss = 25.8079 (max 14.95), (true 361, predicted [728])
attack: step 2/10, xent loss = 20.0553, l2 loss = 27.26 (max 14.95), (true 361, predicted [728])
attack: step 3/10, xent loss = 21.9631, l2 loss = 29.1243 (max 14.95), (true 361, predicted [728])
attack: step 4/10, xent loss = 23.0299, l2 loss = 30.5438 (max 14.95), (true 361, predicted [728])
attack: step 5/10, xent loss = 22.7198, l2 loss = 32.0558 (max 14.95), (true 361, predicted [728])
attack: step 6/10, xent loss = 19.2421, l2 loss = 33.2699 (max 14.95), (true 361, predicted [728])
attack: step 7/10, xent loss = 19.2708, l2 loss = 34.5655 (max 14.95), (true 361, predicted [728])
attack: step 8/10, xent loss = 19.3665, l2 loss = 35.7244 (max 14.95), (true 361, predicted [728])
attack: step 9/10, xent loss = 23.7022, l2 loss = 36.7412 (max 14.95), (true 361, predicted [728])
attack: step 10/10, xent loss = 23.1263, l2 loss = 37.7196 (max 14.95), (true 361, predicted [728])
check failed
true = 361, adv = 728
evaluating 129 of [120, 130)
attack: step 1/10, xent loss = 13.3768, l2 loss = 22.4469 (max 14.95), (true 295, predicted [728])
attack: step 2/10, xent loss = 13.4976, l2 loss = 23.6721 (max 14.95), (true 295, predicted [728])
attack: step 3/10, xent loss = 11.6926, l2 loss = 24.9653 (max 14.95), (true 295, predicted [728])
attack: step 4/10, xent loss = 10.1692, l2 loss = 25.6933 (max 14.95), (true 295, predicted [728])
attack: step 5/10, xent loss = 14.0211, l2 loss = 26.4182 (max 14.95), (true 295, predicted [728])
attack: step 6/10, xent loss = 16.1089, l2 loss = 27.9957 (max 14.95), (true 295, predicted [728])
attack: step 7/10, xent loss = 13.1966, l2 loss = 29.1725 (max 14.95), (true 295, predicted [728])
attack: step 8/10, xent loss = 14.8431, l2 loss = 30.8811 (max 14.95), (true 295, predicted [728])
attack: step 9/10, xent loss = 15.8419, l2 loss = 32.5711 (max 14.95), (true 295, predicted [728])
attack: step 10/10, xent loss = 16.859, l2 loss = 33.9678 (max 14.95), (true 295, predicted [728])
check failed
true = 295, adv = 728
