2019-06-26 22:30:02.983359: I tensorflow/core/platform/cpu_feature_guard.cc:141] Your CPU supports instructions that this TensorFlow binary was not compiled to use: SSE4.1 SSE4.2 AVX AVX2 FMA
2019-06-26 22:30:03.223623: I tensorflow/core/platform/profile_utils/cpu_utils.cc:94] CPU Frequency: 2599830000 Hz
2019-06-26 22:30:03.225744: I tensorflow/compiler/xla/service/service.cc:150] XLA service 0x2aaae6d4a2a0 executing computations on platform Host. Devices:
2019-06-26 22:30:03.226016: I tensorflow/compiler/xla/service/service.cc:158]   StreamExecutor device (0): <undefined>, <undefined>
2019-06-26 22:30:03.227988: I tensorflow/core/common_runtime/process_util.cc:71] Creating new thread pool with default inter op setting: 2. Tune using inter_op_parallelism_threads for best performance.
evaluating 700 of [700, 710)
attack: step 1/10, xent loss = 0.0183334, l2 loss = 0.234053 (max 14.95), (true 569, predicted [569])
attack: step 2/10, xent loss = 0.0179162, l2 loss = 0.238937 (max 14.95), (true 569, predicted [569])
attack: step 3/10, xent loss = 0.0206086, l2 loss = 0.243562 (max 14.95), (true 569, predicted [569])
attack: step 4/10, xent loss = 0.0192981, l2 loss = 0.24967 (max 14.95), (true 569, predicted [569])
attack: step 5/10, xent loss = 0.0182138, l2 loss = 0.257046 (max 14.95), (true 569, predicted [569])
attack: step 6/10, xent loss = 0.0204333, l2 loss = 0.263966 (max 14.95), (true 569, predicted [569])
attack: step 7/10, xent loss = 0.0433903, l2 loss = 0.272784 (max 14.95), (true 569, predicted [569])
attack: step 8/10, xent loss = 0.0157567, l2 loss = 0.294544 (max 14.95), (true 569, predicted [569])
attack: step 9/10, xent loss = 0.0215328, l2 loss = 0.29766 (max 14.95), (true 569, predicted [569])
attack: step 10/10, xent loss = 0.0389264, l2 loss = 0.303655 (max 14.95), (true 569, predicted [569])
true = 569, adv = 569
evaluating 701 of [700, 710)
attack: step 1/10, xent loss = 27.7694, l2 loss = 26.9686 (max 14.95), (true 261, predicted [728])
attack: step 2/10, xent loss = 28.5286, l2 loss = 28.3977 (max 14.95), (true 261, predicted [728])
attack: step 3/10, xent loss = 25.0144, l2 loss = 29.7711 (max 14.95), (true 261, predicted [728])
attack: step 4/10, xent loss = 24.4339, l2 loss = 31.2149 (max 14.95), (true 261, predicted [728])
attack: step 5/10, xent loss = 30.009, l2 loss = 32.8967 (max 14.95), (true 261, predicted [728])
attack: step 6/10, xent loss = 27.7351, l2 loss = 34.7371 (max 14.95), (true 261, predicted [728])
attack: step 7/10, xent loss = 25.7864, l2 loss = 35.4296 (max 14.95), (true 261, predicted [728])
attack: step 8/10, xent loss = 31.229, l2 loss = 36.4792 (max 14.95), (true 261, predicted [728])
attack: step 9/10, xent loss = 31.1449, l2 loss = 37.4117 (max 14.95), (true 261, predicted [728])
attack: step 10/10, xent loss = 31.3178, l2 loss = 38.9012 (max 14.95), (true 261, predicted [728])
check failed
true = 261, adv = 728
evaluating 702 of [700, 710)
attack: step 1/10, xent loss = 8.10113, l2 loss = 10.9092 (max 14.95), (true 258, predicted [270])
attack: step 2/10, xent loss = 8.68, l2 loss = 11.3074 (max 14.95), (true 258, predicted [270])
attack: step 3/10, xent loss = 8.74521, l2 loss = 11.6031 (max 14.95), (true 258, predicted [270])
attack: step 4/10, xent loss = 8.89381, l2 loss = 11.8672 (max 14.95), (true 258, predicted [270])
attack: step 5/10, xent loss = 8.97467, l2 loss = 12.2222 (max 14.95), (true 258, predicted [270])
attack: step 6/10, xent loss = 9.70133, l2 loss = 12.525 (max 14.95), (true 258, predicted [270])
attack: step 7/10, xent loss = 9.03468, l2 loss = 12.7564 (max 14.95), (true 258, predicted [270])
attack: step 8/10, xent loss = 9.94718, l2 loss = 12.9701 (max 14.95), (true 258, predicted [270])
attack: step 9/10, xent loss = 9.93333, l2 loss = 13.2401 (max 14.95), (true 258, predicted [270])
attack: step 10/10, xent loss = 10.1499, l2 loss = 13.4419 (max 14.95), (true 258, predicted [270])
true = 258, adv = 270
evaluating 703 of [700, 710)
attack: step 1/10, xent loss = 9.97258, l2 loss = 16.2756 (max 14.95), (true 791, predicted [830])
attack: step 2/10, xent loss = 13.0278, l2 loss = 17.6984 (max 14.95), (true 791, predicted [830])
attack: step 3/10, xent loss = 11.8144, l2 loss = 18.6113 (max 14.95), (true 791, predicted [830])
attack: step 4/10, xent loss = 10.6099, l2 loss = 19.5874 (max 14.95), (true 791, predicted [830])
attack: step 5/10, xent loss = 13.2438, l2 loss = 20.4536 (max 14.95), (true 791, predicted [830])
attack: step 6/10, xent loss = 12.9649, l2 loss = 21.2058 (max 14.95), (true 791, predicted [830])
attack: step 7/10, xent loss = 12.6357, l2 loss = 21.8975 (max 14.95), (true 791, predicted [830])
attack: step 8/10, xent loss = 14.416, l2 loss = 22.6821 (max 14.95), (true 791, predicted [830])
attack: step 9/10, xent loss = 15.8251, l2 loss = 23.1031 (max 14.95), (true 791, predicted [830])
attack: step 10/10, xent loss = 14.9688, l2 loss = 23.836 (max 14.95), (true 791, predicted [830])
check failed
true = 791, adv = 830
evaluating 704 of [700, 710)
attack: step 1/10, xent loss = 12.8641, l2 loss = 14.3946 (max 14.95), (true 35, predicted [36])
attack: step 2/10, xent loss = 14.537, l2 loss = 15.3374 (max 14.95), (true 35, predicted [36])
attack: step 3/10, xent loss = 14.4557, l2 loss = 16.7015 (max 14.95), (true 35, predicted [36])
attack: step 4/10, xent loss = 17.2272, l2 loss = 18.0198 (max 14.95), (true 35, predicted [36])
attack: step 5/10, xent loss = 18.8108, l2 loss = 19.0365 (max 14.95), (true 35, predicted [36])
attack: step 6/10, xent loss = 18.5954, l2 loss = 19.8154 (max 14.95), (true 35, predicted [36])
attack: step 7/10, xent loss = 19.3297, l2 loss = 20.9505 (max 14.95), (true 35, predicted [36])
attack: step 8/10, xent loss = 20.9014, l2 loss = 21.7807 (max 14.95), (true 35, predicted [36])
attack: step 9/10, xent loss = 19.8167, l2 loss = 22.8516 (max 14.95), (true 35, predicted [36])
attack: step 10/10, xent loss = 20.8349, l2 loss = 23.802 (max 14.95), (true 35, predicted [36])
check failed
true = 35, adv = 36
evaluating 705 of [700, 710)
attack: step 1/10, xent loss = 10.4186, l2 loss = 10.509 (max 14.95), (true 963, predicted [940])
attack: step 2/10, xent loss = 11.3861, l2 loss = 10.7986 (max 14.95), (true 963, predicted [940])
attack: step 3/10, xent loss = 10.7696, l2 loss = 11.0924 (max 14.95), (true 963, predicted [940])
attack: step 4/10, xent loss = 11.7001, l2 loss = 11.61 (max 14.95), (true 963, predicted [940])
attack: step 5/10, xent loss = 12.5429, l2 loss = 11.8419 (max 14.95), (true 963, predicted [940])
attack: step 6/10, xent loss = 11.9462, l2 loss = 12.3183 (max 14.95), (true 963, predicted [940])
attack: step 7/10, xent loss = 12.1704, l2 loss = 12.6229 (max 14.95), (true 963, predicted [940])
attack: step 8/10, xent loss = 12.7393, l2 loss = 12.9717 (max 14.95), (true 963, predicted [940])
attack: step 9/10, xent loss = 13.829, l2 loss = 13.3027 (max 14.95), (true 963, predicted [940])
attack: step 10/10, xent loss = 12.9052, l2 loss = 13.5941 (max 14.95), (true 963, predicted [940])
true = 963, adv = 940
evaluating 706 of [700, 710)
attack: step 1/10, xent loss = 0.124777, l2 loss = 0.560044 (max 14.95), (true 645, predicted [645])
attack: step 2/10, xent loss = 0.0521428, l2 loss = 0.685002 (max 14.95), (true 645, predicted [645])
attack: step 3/10, xent loss = 0.0899322, l2 loss = 0.700213 (max 14.95), (true 645, predicted [645])
attack: step 4/10, xent loss = 0.53553, l2 loss = 0.761042 (max 14.95), (true 645, predicted [645])
attack: step 5/10, xent loss = 0.105021, l2 loss = 1.75975 (max 14.95), (true 645, predicted [645])
attack: step 6/10, xent loss = 0.037526, l2 loss = 1.7906 (max 14.95), (true 645, predicted [645])
attack: step 7/10, xent loss = 0.129181, l2 loss = 1.79648 (max 14.95), (true 645, predicted [645])
attack: step 8/10, xent loss = 0.0675685, l2 loss = 1.84344 (max 14.95), (true 645, predicted [645])
attack: step 9/10, xent loss = 0.0582763, l2 loss = 1.85982 (max 14.95), (true 645, predicted [645])
attack: step 10/10, xent loss = 0.0405688, l2 loss = 1.87599 (max 14.95), (true 645, predicted [645])
true = 645, adv = 645
evaluating 707 of [700, 710)
attack: step 1/10, xent loss = 1.13966, l2 loss = 3.87674 (max 14.95), (true 69, predicted [69])
attack: step 2/10, xent loss = 1.19503, l2 loss = 4.66927 (max 14.95), (true 69, predicted [69])
attack: step 3/10, xent loss = 2.98647, l2 loss = 5.7319 (max 14.95), (true 69, predicted [940])
attack: step 4/10, xent loss = 2.91018, l2 loss = 7.68941 (max 14.95), (true 69, predicted [940])
attack: step 5/10, xent loss = 5.26213, l2 loss = 8.73893 (max 14.95), (true 69, predicted [940])
attack: step 6/10, xent loss = 6.30314, l2 loss = 10.3253 (max 14.95), (true 69, predicted [940])
attack: step 7/10, xent loss = 8.88448, l2 loss = 12.3906 (max 14.95), (true 69, predicted [940])
attack: step 8/10, xent loss = 10.7694, l2 loss = 13.3026 (max 14.95), (true 69, predicted [940])
attack: step 9/10, xent loss = 11.1846, l2 loss = 13.9836 (max 14.95), (true 69, predicted [940])
attack: step 10/10, xent loss = 12.1007, l2 loss = 15.079 (max 14.95), (true 69, predicted [940])
check failed
true = 69, adv = 940
evaluating 708 of [700, 710)
attack: step 1/10, xent loss = 9.01984, l2 loss = 13.1845 (max 14.95), (true 242, predicted [728])
attack: step 2/10, xent loss = 11.7019, l2 loss = 15.1362 (max 14.95), (true 242, predicted [728])
attack: step 3/10, xent loss = 12.4936, l2 loss = 16.7599 (max 14.95), (true 242, predicted [728])
attack: step 4/10, xent loss = 15.3911, l2 loss = 18.5065 (max 14.95), (true 242, predicted [728])
attack: step 5/10, xent loss = 18.3917, l2 loss = 20.1292 (max 14.95), (true 242, predicted [728])
attack: step 6/10, xent loss = 16.9654, l2 loss = 21.7903 (max 14.95), (true 242, predicted [728])
attack: step 7/10, xent loss = 20.1232, l2 loss = 23.536 (max 14.95), (true 242, predicted [728])
attack: step 8/10, xent loss = 24.4264, l2 loss = 25.0625 (max 14.95), (true 242, predicted [728])
attack: step 9/10, xent loss = 25.2586, l2 loss = 26.5509 (max 14.95), (true 242, predicted [728])
attack: step 10/10, xent loss = 20.3606, l2 loss = 28.1804 (max 14.95), (true 242, predicted [728])
check failed
true = 242, adv = 728
evaluating 709 of [700, 710)
attack: step 1/10, xent loss = 0.0888399, l2 loss = 0.582686 (max 14.95), (true 746, predicted [746])
attack: step 2/10, xent loss = 0.0671685, l2 loss = 0.641112 (max 14.95), (true 746, predicted [746])
attack: step 3/10, xent loss = 0.0814496, l2 loss = 0.673624 (max 14.95), (true 746, predicted [746])
attack: step 4/10, xent loss = 0.0586617, l2 loss = 0.715277 (max 14.95), (true 746, predicted [746])
attack: step 5/10, xent loss = 0.071042, l2 loss = 0.748428 (max 14.95), (true 746, predicted [746])
attack: step 6/10, xent loss = 0.112753, l2 loss = 0.782624 (max 14.95), (true 746, predicted [746])
attack: step 7/10, xent loss = 0.0716554, l2 loss = 0.846037 (max 14.95), (true 746, predicted [746])
attack: step 8/10, xent loss = 0.157922, l2 loss = 0.882075 (max 14.95), (true 746, predicted [746])
attack: step 9/10, xent loss = 0.0960999, l2 loss = 0.98601 (max 14.95), (true 746, predicted [746])
attack: step 10/10, xent loss = 0.140754, l2 loss = 1.03957 (max 14.95), (true 746, predicted [746])
true = 746, adv = 746
