2019-06-30 06:43:36.311304: I tensorflow/core/platform/cpu_feature_guard.cc:141] Your CPU supports instructions that this TensorFlow binary was not compiled to use: SSE4.1 SSE4.2 AVX AVX2 FMA
2019-06-30 06:43:37.712338: I tensorflow/core/platform/profile_utils/cpu_utils.cc:94] CPU Frequency: 2600050000 Hz
2019-06-30 06:43:37.712561: I tensorflow/compiler/xla/service/service.cc:150] XLA service 0x2aaae6fc2020 executing computations on platform Host. Devices:
2019-06-30 06:43:37.712616: I tensorflow/compiler/xla/service/service.cc:158]   StreamExecutor device (0): <undefined>, <undefined>
2019-06-30 06:43:37.712971: I tensorflow/core/common_runtime/process_util.cc:71] Creating new thread pool with default inter op setting: 2. Tune using inter_op_parallelism_threads for best performance.
evaluating 320 of [320, 330)
attack: step 1/10, xent loss = 9.11086, l2 loss = 15.6852 (max 14.95), (true 234, predicted [240])
attack: step 2/10, xent loss = 8.83641, l2 loss = 16.0824 (max 14.95), (true 234, predicted [240])
attack: step 3/10, xent loss = 8.44496, l2 loss = 16.628 (max 14.95), (true 234, predicted [240])
attack: step 4/10, xent loss = 6.1672, l2 loss = 17.0543 (max 14.95), (true 234, predicted [240])
attack: step 5/10, xent loss = 9.20203, l2 loss = 18.8299 (max 14.95), (true 234, predicted [240])
attack: step 6/10, xent loss = 9.14072, l2 loss = 18.9679 (max 14.95), (true 234, predicted [240])
attack: step 7/10, xent loss = 6.19687, l2 loss = 19.2666 (max 14.95), (true 234, predicted [240])
attack: step 8/10, xent loss = 8.42138, l2 loss = 19.8533 (max 14.95), (true 234, predicted [240])
attack: step 9/10, xent loss = 8.00701, l2 loss = 20.0189 (max 14.95), (true 234, predicted [240])
attack: step 10/10, xent loss = 9.00531, l2 loss = 20.4917 (max 14.95), (true 234, predicted [240])
check failed
true = 234, adv = 240
evaluating 321 of [320, 330)
attack: step 1/10, xent loss = 11.0976, l2 loss = 25.568 (max 14.95), (true 419, predicted [728])
attack: step 2/10, xent loss = 10.7373, l2 loss = 27.3881 (max 14.95), (true 419, predicted [728])
attack: step 3/10, xent loss = 11.6043, l2 loss = 28.6236 (max 14.95), (true 419, predicted [728])
attack: step 4/10, xent loss = 11.2235, l2 loss = 30.1961 (max 14.95), (true 419, predicted [728])
attack: step 5/10, xent loss = 14.5542, l2 loss = 31.5629 (max 14.95), (true 419, predicted [728])
attack: step 6/10, xent loss = 12.1267, l2 loss = 32.9088 (max 14.95), (true 419, predicted [728])
attack: step 7/10, xent loss = 13.5339, l2 loss = 34.2649 (max 14.95), (true 419, predicted [728])
attack: step 8/10, xent loss = 14.8275, l2 loss = 35.2707 (max 14.95), (true 419, predicted [728])
attack: step 9/10, xent loss = 12.0854, l2 loss = 36.3779 (max 14.95), (true 419, predicted [728])
attack: step 10/10, xent loss = 15.0189, l2 loss = 37.5515 (max 14.95), (true 419, predicted [728])
check failed
true = 419, adv = 728
evaluating 322 of [320, 330)
attack: step 1/10, xent loss = 3.63492, l2 loss = 9.72404 (max 14.95), (true 141, predicted [127])
attack: step 2/10, xent loss = 5.05583, l2 loss = 12.9195 (max 14.95), (true 141, predicted [127])
attack: step 3/10, xent loss = 5.15872, l2 loss = 15.7679 (max 14.95), (true 141, predicted [128])
attack: step 4/10, xent loss = 7.60179, l2 loss = 17.4905 (max 14.95), (true 141, predicted [127])
attack: step 5/10, xent loss = 8.1678, l2 loss = 18.1482 (max 14.95), (true 141, predicted [128])
attack: step 6/10, xent loss = 9.29433, l2 loss = 18.609 (max 14.95), (true 141, predicted [127])
attack: step 7/10, xent loss = 8.16879, l2 loss = 19.1925 (max 14.95), (true 141, predicted [127])
attack: step 8/10, xent loss = 9.34904, l2 loss = 19.6326 (max 14.95), (true 141, predicted [127])
attack: step 9/10, xent loss = 10.4219, l2 loss = 20.3621 (max 14.95), (true 141, predicted [127])
attack: step 10/10, xent loss = 9.25436, l2 loss = 20.9292 (max 14.95), (true 141, predicted [127])
check failed
true = 141, adv = 127
evaluating 323 of [320, 330)
attack: step 1/10, xent loss = 13.983, l2 loss = 20.9328 (max 14.95), (true 279, predicted [728])
attack: step 2/10, xent loss = 16.9737, l2 loss = 22.4581 (max 14.95), (true 279, predicted [728])
attack: step 3/10, xent loss = 15.5781, l2 loss = 23.6204 (max 14.95), (true 279, predicted [728])
attack: step 4/10, xent loss = 15.9189, l2 loss = 24.4354 (max 14.95), (true 279, predicted [728])
attack: step 5/10, xent loss = 17.8488, l2 loss = 25.3262 (max 14.95), (true 279, predicted [728])
attack: step 6/10, xent loss = 15.0774, l2 loss = 26.143 (max 14.95), (true 279, predicted [728])
attack: step 7/10, xent loss = 12.8663, l2 loss = 27.0778 (max 14.95), (true 279, predicted [728])
attack: step 8/10, xent loss = 18.4909, l2 loss = 28.0059 (max 14.95), (true 279, predicted [728])
attack: step 9/10, xent loss = 13.6289, l2 loss = 28.8022 (max 14.95), (true 279, predicted [728])
attack: step 10/10, xent loss = 17.8228, l2 loss = 30.1012 (max 14.95), (true 279, predicted [728])
check failed
true = 279, adv = 728
evaluating 324 of [320, 330)
attack: step 1/10, xent loss = 8.51141, l2 loss = 13.7394 (max 14.95), (true 709, predicted [701])
attack: step 2/10, xent loss = 8.19738, l2 loss = 14.6031 (max 14.95), (true 709, predicted [450])
attack: step 3/10, xent loss = 8.83245, l2 loss = 15.1101 (max 14.95), (true 709, predicted [701])
attack: step 4/10, xent loss = 7.68502, l2 loss = 15.4384 (max 14.95), (true 709, predicted [879])
attack: step 5/10, xent loss = 8.04793, l2 loss = 16.0568 (max 14.95), (true 709, predicted [701])
attack: step 6/10, xent loss = 8.77172, l2 loss = 16.4513 (max 14.95), (true 709, predicted [701])
attack: step 7/10, xent loss = 11.4613, l2 loss = 16.8249 (max 14.95), (true 709, predicted [645])
attack: step 8/10, xent loss = 10.568, l2 loss = 17.7178 (max 14.95), (true 709, predicted [645])
attack: step 9/10, xent loss = 9.29197, l2 loss = 18.4555 (max 14.95), (true 709, predicted [645])
attack: step 10/10, xent loss = 8.96554, l2 loss = 18.7387 (max 14.95), (true 709, predicted [645])
check failed
true = 709, adv = 645
evaluating 325 of [320, 330)
attack: step 1/10, xent loss = 10.4996, l2 loss = 19.5709 (max 14.95), (true 969, predicted [728])
attack: step 2/10, xent loss = 10.5103, l2 loss = 20.924 (max 14.95), (true 969, predicted [728])
attack: step 3/10, xent loss = 8.66123, l2 loss = 22.4725 (max 14.95), (true 969, predicted [728])
attack: step 4/10, xent loss = 10.746, l2 loss = 23.0638 (max 14.95), (true 969, predicted [728])
attack: step 5/10, xent loss = 10.9062, l2 loss = 24.6503 (max 14.95), (true 969, predicted [728])
attack: step 6/10, xent loss = 15.1949, l2 loss = 25.7267 (max 14.95), (true 969, predicted [728])
attack: step 7/10, xent loss = 11.3682, l2 loss = 26.917 (max 14.95), (true 969, predicted [728])
attack: step 8/10, xent loss = 13.9354, l2 loss = 27.898 (max 14.95), (true 969, predicted [728])
attack: step 9/10, xent loss = 16.9307, l2 loss = 29.2391 (max 14.95), (true 969, predicted [728])
attack: step 10/10, xent loss = 15.2402, l2 loss = 30.3077 (max 14.95), (true 969, predicted [728])
check failed
true = 969, adv = 728
evaluating 326 of [320, 330)
attack: step 1/10, xent loss = 14.3599, l2 loss = 25.8543 (max 14.95), (true 418, predicted [728])
attack: step 2/10, xent loss = 14.3281, l2 loss = 27.0666 (max 14.95), (true 418, predicted [898])
attack: step 3/10, xent loss = 14.1343, l2 loss = 27.7008 (max 14.95), (true 418, predicted [728])
attack: step 4/10, xent loss = 18.3372, l2 loss = 29.1387 (max 14.95), (true 418, predicted [728])
attack: step 5/10, xent loss = 14.7227, l2 loss = 30.4877 (max 14.95), (true 418, predicted [728])
attack: step 6/10, xent loss = 18.6408, l2 loss = 31.772 (max 14.95), (true 418, predicted [728])
attack: step 7/10, xent loss = 20.3407, l2 loss = 33.857 (max 14.95), (true 418, predicted [728])
attack: step 8/10, xent loss = 17.0789, l2 loss = 36.1206 (max 14.95), (true 418, predicted [728])
attack: step 9/10, xent loss = 22.5975, l2 loss = 37.0837 (max 14.95), (true 418, predicted [728])
attack: step 10/10, xent loss = 21.4598, l2 loss = 38.0003 (max 14.95), (true 418, predicted [728])
check failed
true = 418, adv = 728
evaluating 327 of [320, 330)
attack: step 1/10, xent loss = 17.1578, l2 loss = 30.2398 (max 14.95), (true 355, predicted [728])
attack: step 2/10, xent loss = 15.61, l2 loss = 31.7128 (max 14.95), (true 355, predicted [728])
attack: step 3/10, xent loss = 19.4363, l2 loss = 33.1052 (max 14.95), (true 355, predicted [728])
attack: step 4/10, xent loss = 17.8311, l2 loss = 34.3497 (max 14.95), (true 355, predicted [728])
attack: step 5/10, xent loss = 20.5291, l2 loss = 35.5643 (max 14.95), (true 355, predicted [728])
attack: step 6/10, xent loss = 19.2725, l2 loss = 36.7456 (max 14.95), (true 355, predicted [728])
attack: step 7/10, xent loss = 21.0367, l2 loss = 37.7007 (max 14.95), (true 355, predicted [728])
attack: step 8/10, xent loss = 22.3385, l2 loss = 38.9521 (max 14.95), (true 355, predicted [728])
attack: step 9/10, xent loss = 19.9189, l2 loss = 40.346 (max 14.95), (true 355, predicted [728])
attack: step 10/10, xent loss = 19.2127, l2 loss = 41.2534 (max 14.95), (true 355, predicted [728])
check failed
true = 355, adv = 728
evaluating 328 of [320, 330)
attack: step 1/10, xent loss = 4.61915, l2 loss = 18.1002 (max 14.95), (true 445, predicted [879])
attack: step 2/10, xent loss = 3.44574, l2 loss = 19.4127 (max 14.95), (true 445, predicted [879])
attack: step 3/10, xent loss = 8.64372, l2 loss = 20.0046 (max 14.95), (true 445, predicted [879])
attack: step 4/10, xent loss = 7.70276, l2 loss = 20.9563 (max 14.95), (true 445, predicted [879])
attack: step 5/10, xent loss = 4.03918, l2 loss = 22.3511 (max 14.95), (true 445, predicted [879])
attack: step 6/10, xent loss = 7.01303, l2 loss = 22.9749 (max 14.95), (true 445, predicted [879])
attack: step 7/10, xent loss = 4.72971, l2 loss = 24.2541 (max 14.95), (true 445, predicted [879])
attack: step 8/10, xent loss = 6.72107, l2 loss = 24.9023 (max 14.95), (true 445, predicted [879])
attack: step 9/10, xent loss = 5.94545, l2 loss = 26.0657 (max 14.95), (true 445, predicted [879])
attack: step 10/10, xent loss = 7.51697, l2 loss = 27.138 (max 14.95), (true 445, predicted [879])
check failed
true = 445, adv = 879
evaluating 329 of [320, 330)
attack: step 1/10, xent loss = 9.22544, l2 loss = 8.33303 (max 14.95), (true 191, predicted [478])
attack: step 2/10, xent loss = 10.2538, l2 loss = 8.67933 (max 14.95), (true 191, predicted [620])
attack: step 3/10, xent loss = 9.47548, l2 loss = 9.15297 (max 14.95), (true 191, predicted [601])
attack: step 4/10, xent loss = 10.4093, l2 loss = 9.48015 (max 14.95), (true 191, predicted [478])
attack: step 5/10, xent loss = 9.43358, l2 loss = 10.2277 (max 14.95), (true 191, predicted [478])
attack: step 6/10, xent loss = 9.9558, l2 loss = 10.6981 (max 14.95), (true 191, predicted [478])
attack: step 7/10, xent loss = 9.63375, l2 loss = 11.0786 (max 14.95), (true 191, predicted [601])
attack: step 8/10, xent loss = 9.51597, l2 loss = 11.401 (max 14.95), (true 191, predicted [478])
attack: step 9/10, xent loss = 9.30396, l2 loss = 11.8636 (max 14.95), (true 191, predicted [478])
attack: step 10/10, xent loss = 9.69689, l2 loss = 12.2017 (max 14.95), (true 191, predicted [601])
true = 191, adv = 478
