2019-10-26 08:00:57.407421: I tensorflow/core/platform/cpu_feature_guard.cc:141] Your CPU supports instructions that this TensorFlow binary was not compiled to use: SSE4.1 SSE4.2 AVX AVX2 FMA
2019-10-26 08:00:57.414887: I tensorflow/core/platform/profile_utils/cpu_utils.cc:94] CPU Frequency: 2599755000 Hz
2019-10-26 08:00:57.415044: I tensorflow/compiler/xla/service/service.cc:150] XLA service 0x55555902ecb0 executing computations on platform Host. Devices:
2019-10-26 08:00:57.415068: I tensorflow/compiler/xla/service/service.cc:158]   StreamExecutor device (0): <undefined>, <undefined>
2019-10-26 08:00:57.415289: I tensorflow/core/common_runtime/process_util.cc:71] Creating new thread pool with default inter op setting: 2. Tune using inter_op_parallelism_threads for best performance.
evaluating 290 of [290, 300)
attack: step 1/10, xent loss = 17.1712, l2 loss = 20.7327 (max 14.95), (true 382, predicted [616])
unbound attack returning early
check failed
true = 382, adv = 616
evaluating 291 of [290, 300)
attack: step 1/10, xent loss = 29.8785, l2 loss = 32.9616 (max 14.95), (true 120, predicted [830])
unbound attack returning early
check failed
true = 120, adv = 830
evaluating 292 of [290, 300)
attack: step 1/10, xent loss = 0.0707489, l2 loss = 2.54134 (max 14.95), (true 873, predicted [873])
attack: step 2/10, xent loss = 0.0602381, l2 loss = 2.56414 (max 14.95), (true 873, predicted [873])
attack: step 3/10, xent loss = 0.0437527, l2 loss = 2.57256 (max 14.95), (true 873, predicted [873])
attack: step 4/10, xent loss = 0.0474902, l2 loss = 2.57669 (max 14.95), (true 873, predicted [873])
attack: step 5/10, xent loss = 0.106015, l2 loss = 2.58714 (max 14.95), (true 873, predicted [873])
attack: step 6/10, xent loss = 0.159106, l2 loss = 2.67123 (max 14.95), (true 873, predicted [873])
attack: step 7/10, xent loss = 0.047344, l2 loss = 2.82623 (max 14.95), (true 873, predicted [873])
attack: step 8/10, xent loss = 0.17106, l2 loss = 2.84112 (max 14.95), (true 873, predicted [873])
attack: step 9/10, xent loss = 0.0546035, l2 loss = 3.02769 (max 14.95), (true 873, predicted [873])
attack: step 10/10, xent loss = 0.777044, l2 loss = 3.04143 (max 14.95), (true 873, predicted [873])
true = 873, adv = 873
evaluating 293 of [290, 300)
attack: step 1/10, xent loss = 9.68763, l2 loss = 20.6012 (max 14.95), (true 91, predicted [738])
unbound attack returning early
check failed
true = 91, adv = 738
evaluating 294 of [290, 300)
attack: step 1/10, xent loss = 21.1433, l2 loss = 27.5931 (max 14.95), (true 748, predicted [797])
unbound attack returning early
check failed
true = 748, adv = 797
evaluating 295 of [290, 300)
attack: step 1/10, xent loss = 7.49764, l2 loss = 12.2589 (max 14.95), (true 907, predicted [966])
returning early
true = 907, adv = 966
evaluating 296 of [290, 300)
attack: step 1/10, xent loss = 12.2059, l2 loss = 18.1446 (max 14.95), (true 22, predicted [88])
unbound attack returning early
check failed
true = 22, adv = 88
evaluating 297 of [290, 300)
attack: step 1/10, xent loss = 9.61924, l2 loss = 21.1689 (max 14.95), (true 792, predicted [794])
unbound attack returning early
check failed
true = 792, adv = 794
evaluating 298 of [290, 300)
attack: step 1/10, xent loss = 17.703, l2 loss = 22.9567 (max 14.95), (true 9, predicted [99])
unbound attack returning early
check failed
true = 9, adv = 99
evaluating 299 of [290, 300)
attack: step 1/10, xent loss = 30.7193, l2 loss = 40.1906 (max 14.95), (true 825, predicted [700])
unbound attack returning early
check failed
true = 825, adv = 700
