2019-08-26 16:03:57.271094: I tensorflow/core/platform/cpu_feature_guard.cc:141] Your CPU supports instructions that this TensorFlow binary was not compiled to use: SSE4.1 SSE4.2 AVX AVX2 FMA
2019-08-26 16:03:57.465894: I tensorflow/core/platform/profile_utils/cpu_utils.cc:94] CPU Frequency: 2599855000 Hz
2019-08-26 16:03:57.487732: I tensorflow/compiler/xla/service/service.cc:150] XLA service 0x2aaae6e521c0 executing computations on platform Host. Devices:
2019-08-26 16:03:57.488500: I tensorflow/compiler/xla/service/service.cc:158]   StreamExecutor device (0): <undefined>, <undefined>
2019-08-26 16:03:57.490830: I tensorflow/core/common_runtime/process_util.cc:71] Creating new thread pool with default inter op setting: 2. Tune using inter_op_parallelism_threads for best performance.
evaluating 590 of [590, 600)
attack: step 1/10, xent loss = 11.0313, l2 loss = 19.8326 (max 14.95), (true 86, predicted [728])
attack: step 2/10, xent loss = 12.5211, l2 loss = 20.4623 (max 14.95), (true 86, predicted [728])
attack: step 3/10, xent loss = 10.7119, l2 loss = 21.7961 (max 14.95), (true 86, predicted [578])
attack: step 4/10, xent loss = 13.6355, l2 loss = 21.9669 (max 14.95), (true 86, predicted [728])
attack: step 5/10, xent loss = 10.6008, l2 loss = 23.8159 (max 14.95), (true 86, predicted [728])
attack: step 6/10, xent loss = 11.2295, l2 loss = 24.131 (max 14.95), (true 86, predicted [728])
attack: step 7/10, xent loss = 11.1557, l2 loss = 24.5384 (max 14.95), (true 86, predicted [728])
attack: step 8/10, xent loss = 15.8546, l2 loss = 25.3118 (max 14.95), (true 86, predicted [728])
attack: step 9/10, xent loss = 14.538, l2 loss = 27.0441 (max 14.95), (true 86, predicted [728])
attack: step 10/10, xent loss = 16.3387, l2 loss = 28.5015 (max 14.95), (true 86, predicted [728])
check failed
true = 86, adv = 728
evaluating 591 of [590, 600)
attack: step 1/10, xent loss = 11.0124, l2 loss = 25.4983 (max 14.95), (true 596, predicted [728])
attack: step 2/10, xent loss = 16.4127, l2 loss = 26.9782 (max 14.95), (true 596, predicted [728])
attack: step 3/10, xent loss = 15.3477, l2 loss = 28.0214 (max 14.95), (true 596, predicted [728])
attack: step 4/10, xent loss = 14.6908, l2 loss = 28.8971 (max 14.95), (true 596, predicted [728])
attack: step 5/10, xent loss = 16.3834, l2 loss = 29.9956 (max 14.95), (true 596, predicted [728])
attack: step 6/10, xent loss = 15.7334, l2 loss = 30.9567 (max 14.95), (true 596, predicted [728])
attack: step 7/10, xent loss = 15.7121, l2 loss = 32.1946 (max 14.95), (true 596, predicted [728])
attack: step 8/10, xent loss = 16.2825, l2 loss = 33.4552 (max 14.95), (true 596, predicted [728])
attack: step 9/10, xent loss = 14.1668, l2 loss = 34.2189 (max 14.95), (true 596, predicted [728])
attack: step 10/10, xent loss = 15.752, l2 loss = 35.1789 (max 14.95), (true 596, predicted [728])
check failed
true = 596, adv = 728
evaluating 592 of [590, 600)
attack: step 1/10, xent loss = 0.109554, l2 loss = 0.420666 (max 14.95), (true 129, predicted [129])
attack: step 2/10, xent loss = 0.0703824, l2 loss = 0.481203 (max 14.95), (true 129, predicted [129])
attack: step 3/10, xent loss = 0.0370638, l2 loss = 0.505777 (max 14.95), (true 129, predicted [129])
attack: step 4/10, xent loss = 0.0632201, l2 loss = 0.516256 (max 14.95), (true 129, predicted [129])
attack: step 5/10, xent loss = 0.0255167, l2 loss = 0.536177 (max 14.95), (true 129, predicted [129])
attack: step 6/10, xent loss = 0.0613109, l2 loss = 0.543179 (max 14.95), (true 129, predicted [129])
attack: step 7/10, xent loss = 0.0655863, l2 loss = 0.57503 (max 14.95), (true 129, predicted [129])
attack: step 8/10, xent loss = 0.0428966, l2 loss = 0.597387 (max 14.95), (true 129, predicted [129])
attack: step 9/10, xent loss = 0.0496653, l2 loss = 0.607847 (max 14.95), (true 129, predicted [129])
attack: step 10/10, xent loss = 0.0381489, l2 loss = 0.624766 (max 14.95), (true 129, predicted [129])
true = 129, adv = 129
evaluating 593 of [590, 600)
attack: step 1/10, xent loss = 21.3827, l2 loss = 28.1882 (max 14.95), (true 112, predicted [728])
attack: step 2/10, xent loss = 20.2182, l2 loss = 29.8042 (max 14.95), (true 112, predicted [728])
attack: step 3/10, xent loss = 22.6202, l2 loss = 30.9346 (max 14.95), (true 112, predicted [728])
attack: step 4/10, xent loss = 22.8692, l2 loss = 32.2736 (max 14.95), (true 112, predicted [728])
attack: step 5/10, xent loss = 24.901, l2 loss = 33.7231 (max 14.95), (true 112, predicted [728])
attack: step 6/10, xent loss = 26.5184, l2 loss = 34.9742 (max 14.95), (true 112, predicted [728])
attack: step 7/10, xent loss = 24.9067, l2 loss = 36.0299 (max 14.95), (true 112, predicted [728])
attack: step 8/10, xent loss = 25.58, l2 loss = 37.1021 (max 14.95), (true 112, predicted [728])
attack: step 9/10, xent loss = 29.4261, l2 loss = 38.2237 (max 14.95), (true 112, predicted [728])
attack: step 10/10, xent loss = 23.8597, l2 loss = 39.3655 (max 14.95), (true 112, predicted [728])
check failed
true = 112, adv = 728
evaluating 594 of [590, 600)
attack: step 1/10, xent loss = 9.10131, l2 loss = 12.1127 (max 14.95), (true 7, predicted [728])
attack: step 2/10, xent loss = 8.47166, l2 loss = 13.1897 (max 14.95), (true 7, predicted [728])
attack: step 3/10, xent loss = 11.7708, l2 loss = 13.5304 (max 14.95), (true 7, predicted [728])
attack: step 4/10, xent loss = 11.5523, l2 loss = 14.3513 (max 14.95), (true 7, predicted [728])
attack: step 5/10, xent loss = 12.3814, l2 loss = 15.4259 (max 14.95), (true 7, predicted [728])
attack: step 6/10, xent loss = 12.5837, l2 loss = 16.2787 (max 14.95), (true 7, predicted [728])
attack: step 7/10, xent loss = 13.1314, l2 loss = 16.9493 (max 14.95), (true 7, predicted [728])
attack: step 8/10, xent loss = 12.9504, l2 loss = 17.9809 (max 14.95), (true 7, predicted [728])
attack: step 9/10, xent loss = 13.4888, l2 loss = 19.2398 (max 14.95), (true 7, predicted [728])
attack: step 10/10, xent loss = 14.3622, l2 loss = 19.8746 (max 14.95), (true 7, predicted [728])
check failed
true = 7, adv = 728
evaluating 595 of [590, 600)
attack: step 1/10, xent loss = 18.8757, l2 loss = 30.7525 (max 14.95), (true 214, predicted [728])
attack: step 2/10, xent loss = 18.0296, l2 loss = 32.0326 (max 14.95), (true 214, predicted [728])
attack: step 3/10, xent loss = 16.9326, l2 loss = 33.6982 (max 14.95), (true 214, predicted [728])
attack: step 4/10, xent loss = 16.9065, l2 loss = 34.5782 (max 14.95), (true 214, predicted [728])
attack: step 5/10, xent loss = 18.786, l2 loss = 35.2135 (max 14.95), (true 214, predicted [728])
attack: step 6/10, xent loss = 20.3445, l2 loss = 36.0104 (max 14.95), (true 214, predicted [728])
attack: step 7/10, xent loss = 18.1996, l2 loss = 37.181 (max 14.95), (true 214, predicted [728])
attack: step 8/10, xent loss = 18.0318, l2 loss = 38.9655 (max 14.95), (true 214, predicted [728])
attack: step 9/10, xent loss = 17.2428, l2 loss = 39.8799 (max 14.95), (true 214, predicted [728])
attack: step 10/10, xent loss = 20.7242, l2 loss = 41.2195 (max 14.95), (true 214, predicted [728])
check failed
true = 214, adv = 728
evaluating 596 of [590, 600)
attack: step 1/10, xent loss = 9.33881, l2 loss = 8.32736 (max 14.95), (true 888, predicted [478])
attack: step 2/10, xent loss = 10.0723, l2 loss = 8.67601 (max 14.95), (true 888, predicted [728])
attack: step 3/10, xent loss = 9.63, l2 loss = 10.1376 (max 14.95), (true 888, predicted [478])
attack: step 4/10, xent loss = 10.0561, l2 loss = 10.4524 (max 14.95), (true 888, predicted [728])
attack: step 5/10, xent loss = 11.3203, l2 loss = 11.3294 (max 14.95), (true 888, predicted [728])
attack: step 6/10, xent loss = 10.3336, l2 loss = 12.6567 (max 14.95), (true 888, predicted [728])
attack: step 7/10, xent loss = 9.20263, l2 loss = 13.1951 (max 14.95), (true 888, predicted [728])
attack: step 8/10, xent loss = 11.4021, l2 loss = 13.509 (max 14.95), (true 888, predicted [728])
attack: step 9/10, xent loss = 10.2115, l2 loss = 15.0589 (max 14.95), (true 888, predicted [728])
attack: step 10/10, xent loss = 12.5878, l2 loss = 15.5643 (max 14.95), (true 888, predicted [728])
check failed
true = 888, adv = 728
evaluating 597 of [590, 600)
attack: step 1/10, xent loss = 14.9999, l2 loss = 18.3097 (max 14.95), (true 281, predicted [723])
attack: step 2/10, xent loss = 15.429, l2 loss = 20.1995 (max 14.95), (true 281, predicted [723])
attack: step 3/10, xent loss = 15.8513, l2 loss = 21.788 (max 14.95), (true 281, predicted [723])
attack: step 4/10, xent loss = 17.1528, l2 loss = 23.7941 (max 14.95), (true 281, predicted [723])
attack: step 5/10, xent loss = 16.705, l2 loss = 25.7605 (max 14.95), (true 281, predicted [723])
attack: step 6/10, xent loss = 20.1995, l2 loss = 27.7493 (max 14.95), (true 281, predicted [723])
attack: step 7/10, xent loss = 22.5288, l2 loss = 29.0105 (max 14.95), (true 281, predicted [723])
attack: step 8/10, xent loss = 20.0453, l2 loss = 30.0996 (max 14.95), (true 281, predicted [723])
attack: step 9/10, xent loss = 18.9544, l2 loss = 31.4445 (max 14.95), (true 281, predicted [723])
attack: step 10/10, xent loss = 20.1559, l2 loss = 32.5095 (max 14.95), (true 281, predicted [723])
check failed
true = 281, adv = 723
evaluating 598 of [590, 600)
attack: step 1/10, xent loss = 7.89941, l2 loss = 16.6959 (max 14.95), (true 842, predicted [603])
attack: step 2/10, xent loss = 8.96216, l2 loss = 17.1199 (max 14.95), (true 842, predicted [603])
attack: step 3/10, xent loss = 7.20041, l2 loss = 17.5511 (max 14.95), (true 842, predicted [830])
attack: step 4/10, xent loss = 7.92797, l2 loss = 17.7944 (max 14.95), (true 842, predicted [690])
attack: step 5/10, xent loss = 10.7832, l2 loss = 18.0056 (max 14.95), (true 842, predicted [603])
attack: step 6/10, xent loss = 9.11834, l2 loss = 18.4984 (max 14.95), (true 842, predicted [603])
attack: step 7/10, xent loss = 8.12511, l2 loss = 18.7871 (max 14.95), (true 842, predicted [603])
attack: step 8/10, xent loss = 8.38228, l2 loss = 19.2036 (max 14.95), (true 842, predicted [603])
attack: step 9/10, xent loss = 7.64235, l2 loss = 19.906 (max 14.95), (true 842, predicted [603])
attack: step 10/10, xent loss = 9.63138, l2 loss = 20.5821 (max 14.95), (true 842, predicted [603])
check failed
true = 842, adv = 690
evaluating 599 of [590, 600)
attack: step 1/10, xent loss = 21.7562, l2 loss = 29.2314 (max 14.95), (true 261, predicted [728])
attack: step 2/10, xent loss = 25.2843, l2 loss = 30.8556 (max 14.95), (true 261, predicted [728])
attack: step 3/10, xent loss = 27.7537, l2 loss = 32.0229 (max 14.95), (true 261, predicted [728])
attack: step 4/10, xent loss = 22.6971, l2 loss = 33.4038 (max 14.95), (true 261, predicted [728])
attack: step 5/10, xent loss = 25.5101, l2 loss = 34.4868 (max 14.95), (true 261, predicted [728])
attack: step 6/10, xent loss = 29.4855, l2 loss = 35.6103 (max 14.95), (true 261, predicted [728])
attack: step 7/10, xent loss = 28.1069, l2 loss = 36.4981 (max 14.95), (true 261, predicted [728])
attack: step 8/10, xent loss = 30.2115, l2 loss = 37.7203 (max 14.95), (true 261, predicted [728])
attack: step 9/10, xent loss = 30.4087, l2 loss = 38.7253 (max 14.95), (true 261, predicted [728])
attack: step 10/10, xent loss = 29.9955, l2 loss = 40.0966 (max 14.95), (true 261, predicted [728])
check failed
true = 261, adv = 728
