2019-06-26 06:30:36.414847: I tensorflow/core/platform/cpu_feature_guard.cc:141] Your CPU supports instructions that this TensorFlow binary was not compiled to use: SSE4.1 SSE4.2 AVX AVX2 FMA
2019-06-26 06:30:37.212880: I tensorflow/core/platform/profile_utils/cpu_utils.cc:94] CPU Frequency: 2599865000 Hz
2019-06-26 06:30:37.223347: I tensorflow/compiler/xla/service/service.cc:150] XLA service 0x2aaae70bcd50 executing computations on platform Host. Devices:
2019-06-26 06:30:37.223386: I tensorflow/compiler/xla/service/service.cc:158]   StreamExecutor device (0): <undefined>, <undefined>
2019-06-26 06:30:37.226581: I tensorflow/core/common_runtime/process_util.cc:71] Creating new thread pool with default inter op setting: 2. Tune using inter_op_parallelism_threads for best performance.
evaluating 600 of [600, 610)
attack: step 1/10, xent loss = 10.2032, l2 loss = 13.4021 (max 14.95), (true 255, predicted [178])
attack: step 2/10, xent loss = 10.0821, l2 loss = 13.7124 (max 14.95), (true 255, predicted [180])
attack: step 3/10, xent loss = 11.7733, l2 loss = 14.2044 (max 14.95), (true 255, predicted [178])
attack: step 4/10, xent loss = 12.0282, l2 loss = 15.1979 (max 14.95), (true 255, predicted [178])
attack: step 5/10, xent loss = 12.502, l2 loss = 16.6817 (max 14.95), (true 255, predicted [178])
attack: step 6/10, xent loss = 14.3725, l2 loss = 17.4249 (max 14.95), (true 255, predicted [178])
attack: step 7/10, xent loss = 13.0868, l2 loss = 18.7291 (max 14.95), (true 255, predicted [178])
attack: step 8/10, xent loss = 18.085, l2 loss = 20.1308 (max 14.95), (true 255, predicted [178])
attack: step 9/10, xent loss = 19.0562, l2 loss = 22.7066 (max 14.95), (true 255, predicted [178])
attack: step 10/10, xent loss = 11.4276, l2 loss = 23.75 (max 14.95), (true 255, predicted [178])
check failed
true = 255, adv = 178
evaluating 601 of [600, 610)
attack: step 1/10, xent loss = 31.8123, l2 loss = 35.609 (max 14.95), (true 342, predicted [552])
attack: step 2/10, xent loss = 39.1198, l2 loss = 37.7016 (max 14.95), (true 342, predicted [552])
attack: step 3/10, xent loss = 38.2841, l2 loss = 39.1557 (max 14.95), (true 342, predicted [552])
attack: step 4/10, xent loss = 43.6604, l2 loss = 41.348 (max 14.95), (true 342, predicted [552])
attack: step 5/10, xent loss = 40.0605, l2 loss = 42.8095 (max 14.95), (true 342, predicted [552])
attack: step 6/10, xent loss = 38.5453, l2 loss = 43.8054 (max 14.95), (true 342, predicted [552])
attack: step 7/10, xent loss = 41.1406, l2 loss = 45.2041 (max 14.95), (true 342, predicted [552])
attack: step 8/10, xent loss = 38.1488, l2 loss = 46.5501 (max 14.95), (true 342, predicted [552])
attack: step 9/10, xent loss = 39.9295, l2 loss = 47.8047 (max 14.95), (true 342, predicted [552])
attack: step 10/10, xent loss = 30.8932, l2 loss = 50.2943 (max 14.95), (true 342, predicted [552])
check failed
true = 342, adv = 552
evaluating 602 of [600, 610)
attack: step 1/10, xent loss = 12.2143, l2 loss = 12.9456 (max 14.95), (true 774, predicted [796])
attack: step 2/10, xent loss = 12.1034, l2 loss = 13.8004 (max 14.95), (true 774, predicted [796])
attack: step 3/10, xent loss = 12.8076, l2 loss = 14.8149 (max 14.95), (true 774, predicted [796])
attack: step 4/10, xent loss = 15.1419, l2 loss = 15.6424 (max 14.95), (true 774, predicted [796])
attack: step 5/10, xent loss = 13.563, l2 loss = 16.8198 (max 14.95), (true 774, predicted [796])
attack: step 6/10, xent loss = 11.2142, l2 loss = 18.1717 (max 14.95), (true 774, predicted [796])
attack: step 7/10, xent loss = 15.2805, l2 loss = 19.1188 (max 14.95), (true 774, predicted [796])
attack: step 8/10, xent loss = 15.4228, l2 loss = 20.2097 (max 14.95), (true 774, predicted [796])
attack: step 9/10, xent loss = 19.0081, l2 loss = 21.0331 (max 14.95), (true 774, predicted [796])
attack: step 10/10, xent loss = 16.2978, l2 loss = 21.8975 (max 14.95), (true 774, predicted [796])
check failed
true = 774, adv = 796
evaluating 603 of [600, 610)
attack: step 1/10, xent loss = 23.3881, l2 loss = 23.4989 (max 14.95), (true 111, predicted [728])
attack: step 2/10, xent loss = 26.5543, l2 loss = 25.399 (max 14.95), (true 111, predicted [728])
attack: step 3/10, xent loss = 28.7518, l2 loss = 27.6768 (max 14.95), (true 111, predicted [728])
attack: step 4/10, xent loss = 29.6759, l2 loss = 30.8336 (max 14.95), (true 111, predicted [728])
attack: step 5/10, xent loss = 32.2723, l2 loss = 32.4533 (max 14.95), (true 111, predicted [728])
attack: step 6/10, xent loss = 35.6307, l2 loss = 33.8145 (max 14.95), (true 111, predicted [728])
attack: step 7/10, xent loss = 35.4014, l2 loss = 35.4816 (max 14.95), (true 111, predicted [728])
attack: step 8/10, xent loss = 34.6477, l2 loss = 36.8231 (max 14.95), (true 111, predicted [728])
attack: step 9/10, xent loss = 40.8239, l2 loss = 38.5462 (max 14.95), (true 111, predicted [728])
attack: step 10/10, xent loss = 46.2132, l2 loss = 39.5729 (max 14.95), (true 111, predicted [728])
check failed
true = 111, adv = 728
evaluating 604 of [600, 610)
attack: step 1/10, xent loss = 24.9807, l2 loss = 24.6283 (max 14.95), (true 746, predicted [488])
attack: step 2/10, xent loss = 23.4399, l2 loss = 25.7082 (max 14.95), (true 746, predicted [488])
attack: step 3/10, xent loss = 26.6111, l2 loss = 27.115 (max 14.95), (true 746, predicted [488])
attack: step 4/10, xent loss = 25.3094, l2 loss = 27.9723 (max 14.95), (true 746, predicted [488])
attack: step 5/10, xent loss = 25.2127, l2 loss = 29.2442 (max 14.95), (true 746, predicted [488])
attack: step 6/10, xent loss = 26.3479, l2 loss = 29.9011 (max 14.95), (true 746, predicted [488])
attack: step 7/10, xent loss = 28.6465, l2 loss = 31.1039 (max 14.95), (true 746, predicted [488])
attack: step 8/10, xent loss = 26.5044, l2 loss = 31.9786 (max 14.95), (true 746, predicted [488])
attack: step 9/10, xent loss = 29.5216, l2 loss = 33.3899 (max 14.95), (true 746, predicted [488])
attack: step 10/10, xent loss = 31.7773, l2 loss = 34.0826 (max 14.95), (true 746, predicted [488])
check failed
true = 746, adv = 488
evaluating 605 of [600, 610)
attack: step 1/10, xent loss = 7.69156, l2 loss = 14.9583 (max 14.95), (true 700, predicted [999])
attack: step 2/10, xent loss = 9.55277, l2 loss = 15.8717 (max 14.95), (true 700, predicted [999])
attack: step 3/10, xent loss = 9.6109, l2 loss = 16.5409 (max 14.95), (true 700, predicted [999])
attack: step 4/10, xent loss = 10.235, l2 loss = 17.5478 (max 14.95), (true 700, predicted [999])
attack: step 5/10, xent loss = 11.6282, l2 loss = 18.2845 (max 14.95), (true 700, predicted [999])
attack: step 6/10, xent loss = 10.6306, l2 loss = 18.9001 (max 14.95), (true 700, predicted [999])
attack: step 7/10, xent loss = 11.2965, l2 loss = 19.6965 (max 14.95), (true 700, predicted [999])
attack: step 8/10, xent loss = 11.7894, l2 loss = 20.5823 (max 14.95), (true 700, predicted [999])
attack: step 9/10, xent loss = 13.92, l2 loss = 21.2241 (max 14.95), (true 700, predicted [999])
attack: step 10/10, xent loss = 12.3977, l2 loss = 21.8564 (max 14.95), (true 700, predicted [999])
check failed
true = 700, adv = 999
evaluating 606 of [600, 610)
attack: step 1/10, xent loss = 7.98811, l2 loss = 10.9205 (max 14.95), (true 735, predicted [601])
attack: step 2/10, xent loss = 9.81346, l2 loss = 11.6522 (max 14.95), (true 735, predicted [601])
attack: step 3/10, xent loss = 9.25697, l2 loss = 12.5785 (max 14.95), (true 735, predicted [601])
attack: step 4/10, xent loss = 9.98835, l2 loss = 13.2699 (max 14.95), (true 735, predicted [601])
attack: step 5/10, xent loss = 10.877, l2 loss = 14.2647 (max 14.95), (true 735, predicted [601])
attack: step 6/10, xent loss = 11.7721, l2 loss = 15.0916 (max 14.95), (true 735, predicted [601])
attack: step 7/10, xent loss = 10.8968, l2 loss = 16.0123 (max 14.95), (true 735, predicted [601])
attack: step 8/10, xent loss = 12.2495, l2 loss = 16.9496 (max 14.95), (true 735, predicted [601])
attack: step 9/10, xent loss = 13.105, l2 loss = 17.6708 (max 14.95), (true 735, predicted [601])
attack: step 10/10, xent loss = 11.9682, l2 loss = 18.2423 (max 14.95), (true 735, predicted [601])
check failed
true = 735, adv = 601
evaluating 607 of [600, 610)
attack: step 1/10, xent loss = 9.01971, l2 loss = 15.4794 (max 14.95), (true 893, predicted [868])
attack: step 2/10, xent loss = 10.8672, l2 loss = 16.1916 (max 14.95), (true 893, predicted [868])
attack: step 3/10, xent loss = 11.0373, l2 loss = 16.9373 (max 14.95), (true 893, predicted [868])
attack: step 4/10, xent loss = 11.0973, l2 loss = 17.491 (max 14.95), (true 893, predicted [868])
attack: step 5/10, xent loss = 12.2623, l2 loss = 18.1106 (max 14.95), (true 893, predicted [868])
attack: step 6/10, xent loss = 11.5226, l2 loss = 18.6662 (max 14.95), (true 893, predicted [868])
attack: step 7/10, xent loss = 13.0276, l2 loss = 19.2207 (max 14.95), (true 893, predicted [868])
attack: step 8/10, xent loss = 14.1264, l2 loss = 19.7917 (max 14.95), (true 893, predicted [868])
attack: step 9/10, xent loss = 13.5042, l2 loss = 20.3731 (max 14.95), (true 893, predicted [868])
attack: step 10/10, xent loss = 12.0457, l2 loss = 20.8437 (max 14.95), (true 893, predicted [868])
check failed
true = 893, adv = 868
evaluating 608 of [600, 610)
attack: step 1/10, xent loss = 30.3331, l2 loss = 26.9823 (max 14.95), (true 571, predicted [700])
attack: step 2/10, xent loss = 31.8573, l2 loss = 28.243 (max 14.95), (true 571, predicted [700])
attack: step 3/10, xent loss = 38.6694, l2 loss = 29.6556 (max 14.95), (true 571, predicted [700])
attack: step 4/10, xent loss = 38.0536, l2 loss = 30.7375 (max 14.95), (true 571, predicted [700])
attack: step 5/10, xent loss = 37.4717, l2 loss = 32.2134 (max 14.95), (true 571, predicted [700])
attack: step 6/10, xent loss = 34.8998, l2 loss = 33.4048 (max 14.95), (true 571, predicted [700])
attack: step 7/10, xent loss = 36.9176, l2 loss = 35.2608 (max 14.95), (true 571, predicted [700])
attack: step 8/10, xent loss = 43.5709, l2 loss = 36.1741 (max 14.95), (true 571, predicted [700])
attack: step 9/10, xent loss = 43.52, l2 loss = 37.2818 (max 14.95), (true 571, predicted [700])
attack: step 10/10, xent loss = 46.0294, l2 loss = 38.4183 (max 14.95), (true 571, predicted [700])
check failed
true = 571, adv = 700
evaluating 609 of [600, 610)
attack: step 1/10, xent loss = 8.66252, l2 loss = 9.05984 (max 14.95), (true 288, predicted [868])
attack: step 2/10, xent loss = 9.05351, l2 loss = 9.43725 (max 14.95), (true 288, predicted [868])
attack: step 3/10, xent loss = 8.44638, l2 loss = 9.59289 (max 14.95), (true 288, predicted [868])
attack: step 4/10, xent loss = 8.89574, l2 loss = 9.85377 (max 14.95), (true 288, predicted [868])
attack: step 5/10, xent loss = 9.43917, l2 loss = 10.2312 (max 14.95), (true 288, predicted [868])
attack: step 6/10, xent loss = 10.9878, l2 loss = 10.5486 (max 14.95), (true 288, predicted [868])
attack: step 7/10, xent loss = 10.5531, l2 loss = 11.3872 (max 14.95), (true 288, predicted [868])
attack: step 8/10, xent loss = 10.6329, l2 loss = 12.1452 (max 14.95), (true 288, predicted [868])
attack: step 9/10, xent loss = 12.4452, l2 loss = 13.113 (max 14.95), (true 288, predicted [868])
attack: step 10/10, xent loss = 14.0335, l2 loss = 14.0267 (max 14.95), (true 288, predicted [868])
check failed
true = 288, adv = 868
