2019-10-26 17:07:10.894444: I tensorflow/core/platform/cpu_feature_guard.cc:141] Your CPU supports instructions that this TensorFlow binary was not compiled to use: SSE4.1 SSE4.2 AVX AVX2 FMA
2019-10-26 17:07:10.902445: I tensorflow/core/platform/profile_utils/cpu_utils.cc:94] CPU Frequency: 2600125000 Hz
2019-10-26 17:07:10.902585: I tensorflow/compiler/xla/service/service.cc:150] XLA service 0x55555902f060 executing computations on platform Host. Devices:
2019-10-26 17:07:10.902601: I tensorflow/compiler/xla/service/service.cc:158]   StreamExecutor device (0): <undefined>, <undefined>
2019-10-26 17:07:10.902794: I tensorflow/core/common_runtime/process_util.cc:71] Creating new thread pool with default inter op setting: 2. Tune using inter_op_parallelism_threads for best performance.
evaluating 550 of [550, 560)
attack: step 1/10, xent loss = 32.2837, l2 loss = 47.1345 (max 14.95), (true 913, predicted [728])
unbound attack returning early
check failed
true = 913, adv = 728
evaluating 551 of [550, 560)
attack: step 1/10, xent loss = 11.9031, l2 loss = 16.0701 (max 14.95), (true 730, predicted [984])
unbound attack returning early
check failed
true = 730, adv = 984
evaluating 552 of [550, 560)
attack: step 1/10, xent loss = 28.656, l2 loss = 44.6058 (max 14.95), (true 295, predicted [552])
unbound attack returning early
check failed
true = 295, adv = 552
evaluating 553 of [550, 560)
attack: step 1/10, xent loss = 14.2005, l2 loss = 24.4972 (max 14.95), (true 354, predicted [672])
unbound attack returning early
check failed
true = 354, adv = 672
evaluating 554 of [550, 560)
attack: step 1/10, xent loss = 7.26379, l2 loss = 9.60869 (max 14.95), (true 938, predicted [984])
returning early
true = 938, adv = 984
evaluating 555 of [550, 560)
attack: step 1/10, xent loss = 18.6692, l2 loss = 25.9491 (max 14.95), (true 455, predicted [470])
unbound attack returning early
check failed
true = 455, adv = 470
evaluating 556 of [550, 560)
attack: step 1/10, xent loss = 0.00584927, l2 loss = 0.690752 (max 14.95), (true 443, predicted [443])
attack: step 2/10, xent loss = 0.0392264, l2 loss = 0.69225 (max 14.95), (true 443, predicted [443])
attack: step 3/10, xent loss = 0.0175819, l2 loss = 0.720421 (max 14.95), (true 443, predicted [443])
attack: step 4/10, xent loss = 0.00433399, l2 loss = 0.726497 (max 14.95), (true 443, predicted [443])
attack: step 5/10, xent loss = 0.0377258, l2 loss = 0.727619 (max 14.95), (true 443, predicted [443])
attack: step 6/10, xent loss = 0.00661434, l2 loss = 0.751095 (max 14.95), (true 443, predicted [443])
attack: step 7/10, xent loss = 0.0173823, l2 loss = 0.753728 (max 14.95), (true 443, predicted [443])
attack: step 8/10, xent loss = 0.0416642, l2 loss = 0.762598 (max 14.95), (true 443, predicted [443])
attack: step 9/10, xent loss = 0.0230463, l2 loss = 0.796455 (max 14.95), (true 443, predicted [443])
attack: step 10/10, xent loss = 0.0214496, l2 loss = 0.808814 (max 14.95), (true 443, predicted [443])
true = 443, adv = 443
evaluating 557 of [550, 560)
attack: step 1/10, xent loss = 13.7488, l2 loss = 19.6873 (max 14.95), (true 941, predicted [897])
unbound attack returning early
check failed
true = 941, adv = 897
evaluating 558 of [550, 560)
attack: step 1/10, xent loss = 34.2164, l2 loss = 42.5863 (max 14.95), (true 648, predicted [728])
unbound attack returning early
check failed
true = 648, adv = 728
evaluating 559 of [550, 560)
attack: step 1/10, xent loss = 5.1427, l2 loss = 12.6064 (max 14.95), (true 923, predicted [934])
returning early
true = 923, adv = 934
