2019-11-04 02:44:05.873042: I tensorflow/core/platform/cpu_feature_guard.cc:141] Your CPU supports instructions that this TensorFlow binary was not compiled to use: SSE4.1 SSE4.2 AVX AVX2 FMA
2019-11-04 02:44:05.878947: I tensorflow/core/platform/profile_utils/cpu_utils.cc:94] CPU Frequency: 2600075000 Hz
2019-11-04 02:44:05.879041: I tensorflow/compiler/xla/service/service.cc:150] XLA service 0x2aaae6bc2c40 executing computations on platform Host. Devices:
2019-11-04 02:44:05.879056: I tensorflow/compiler/xla/service/service.cc:158]   StreamExecutor device (0): <undefined>, <undefined>
2019-11-04 02:44:05.879210: I tensorflow/core/common_runtime/process_util.cc:71] Creating new thread pool with default inter op setting: 2. Tune using inter_op_parallelism_threads for best performance.
evaluating 660 of [660, 670)
attack: step 1/1, xent loss = 7.57261, l2 loss = 24.8389 (max 14.95), (true 696, predicted [604])
check failed
true = 696, adv = 604
evaluating 661 of [660, 670)
attack: step 1/1, xent loss = 5.95072, l2 loss = 49.049 (max 14.95), (true 900, predicted [755])
check failed
true = 900, adv = 700
evaluating 662 of [660, 670)
attack: step 1/1, xent loss = 9.11029, l2 loss = 38.2403 (max 14.95), (true 910, predicted [887])
check failed
true = 910, adv = 728
evaluating 663 of [660, 670)
attack: step 1/1, xent loss = 0.348842, l2 loss = 8.83605 (max 14.95), (true 871, predicted [871])
true = 871, adv = 914
evaluating 664 of [660, 670)
attack: step 1/1, xent loss = 8.34811, l2 loss = 37.5009 (max 14.95), (true 27, predicted [78])
check failed
true = 27, adv = 36
evaluating 665 of [660, 670)
attack: step 1/1, xent loss = 0.368573, l2 loss = 16.4335 (max 14.95), (true 342, predicted [342])
check failed
true = 342, adv = 728
evaluating 666 of [660, 670)
attack: step 1/1, xent loss = 5.83013, l2 loss = 26.7823 (max 14.95), (true 927, predicted [36])
check failed
true = 927, adv = 933
evaluating 667 of [660, 670)
attack: step 1/1, xent loss = 0.00145092, l2 loss = 28.4884 (max 14.95), (true 594, predicted [594])
check failed
true = 594, adv = 728
evaluating 668 of [660, 670)
attack: step 1/1, xent loss = 2.99615, l2 loss = 15.8461 (max 14.95), (true 31, predicted [32])
check failed
true = 31, adv = 1
evaluating 669 of [660, 670)
attack: step 1/1, xent loss = 0.0117746, l2 loss = 0.170368 (max 14.95), (true 604, predicted [604])
true = 604, adv = 604
