2019-06-27 14:33:25.725798: I tensorflow/core/platform/cpu_feature_guard.cc:141] Your CPU supports instructions that this TensorFlow binary was not compiled to use: SSE4.1 SSE4.2 AVX AVX2 FMA
2019-06-27 14:33:25.957093: I tensorflow/core/platform/profile_utils/cpu_utils.cc:94] CPU Frequency: 2600015000 Hz
2019-06-27 14:33:25.958265: I tensorflow/compiler/xla/service/service.cc:150] XLA service 0x2aaae6fbdd50 executing computations on platform Host. Devices:
2019-06-27 14:33:25.958383: I tensorflow/compiler/xla/service/service.cc:158]   StreamExecutor device (0): <undefined>, <undefined>
2019-06-27 14:33:25.959609: I tensorflow/core/common_runtime/process_util.cc:71] Creating new thread pool with default inter op setting: 2. Tune using inter_op_parallelism_threads for best performance.
evaluating 500 of [500, 510)
attack: step 1/10, xent loss = 0.54626, l2 loss = 3.78866 (max 14.95), (true 453, predicted [453])
attack: step 2/10, xent loss = 1.67615, l2 loss = 4.01227 (max 14.95), (true 453, predicted [553])
attack: step 3/10, xent loss = 0.813471, l2 loss = 5.06883 (max 14.95), (true 453, predicted [453])
attack: step 4/10, xent loss = 1.16689, l2 loss = 5.42051 (max 14.95), (true 453, predicted [453])
attack: step 5/10, xent loss = 0.90893, l2 loss = 6.31268 (max 14.95), (true 453, predicted [453])
attack: step 6/10, xent loss = 2.24196, l2 loss = 6.84507 (max 14.95), (true 453, predicted [553])
attack: step 7/10, xent loss = 2.49362, l2 loss = 7.48175 (max 14.95), (true 453, predicted [553])
attack: step 8/10, xent loss = 2.31181, l2 loss = 8.3059 (max 14.95), (true 453, predicted [553])
attack: step 9/10, xent loss = 2.20175, l2 loss = 9.04201 (max 14.95), (true 453, predicted [553])
attack: step 10/10, xent loss = 4.09984, l2 loss = 9.57878 (max 14.95), (true 453, predicted [514])
true = 453, adv = 553
evaluating 501 of [500, 510)
attack: step 1/10, xent loss = 28.4548, l2 loss = 25.7051 (max 14.95), (true 435, predicted [728])
attack: step 2/10, xent loss = 31.5778, l2 loss = 27.5261 (max 14.95), (true 435, predicted [728])
attack: step 3/10, xent loss = 29.3597, l2 loss = 29.3714 (max 14.95), (true 435, predicted [728])
attack: step 4/10, xent loss = 34.9412, l2 loss = 30.7432 (max 14.95), (true 435, predicted [728])
attack: step 5/10, xent loss = 40.9465, l2 loss = 32.0161 (max 14.95), (true 435, predicted [728])
attack: step 6/10, xent loss = 40.8696, l2 loss = 33.0921 (max 14.95), (true 435, predicted [728])
attack: step 7/10, xent loss = 43.8595, l2 loss = 34.3822 (max 14.95), (true 435, predicted [728])
attack: step 8/10, xent loss = 39.6404, l2 loss = 35.3949 (max 14.95), (true 435, predicted [728])
attack: step 9/10, xent loss = 42.8719, l2 loss = 36.6853 (max 14.95), (true 435, predicted [728])
attack: step 10/10, xent loss = 42.764, l2 loss = 37.7933 (max 14.95), (true 435, predicted [728])
check failed
true = 435, adv = 728
evaluating 502 of [500, 510)
attack: step 1/10, xent loss = 9.73193, l2 loss = 8.92268 (max 14.95), (true 184, predicted [676])
attack: step 2/10, xent loss = 10.1202, l2 loss = 11.8643 (max 14.95), (true 184, predicted [676])
attack: step 3/10, xent loss = 12.826, l2 loss = 13.6764 (max 14.95), (true 184, predicted [676])
attack: step 4/10, xent loss = 14.7847, l2 loss = 15.0794 (max 14.95), (true 184, predicted [676])
attack: step 5/10, xent loss = 12.0657, l2 loss = 15.6987 (max 14.95), (true 184, predicted [676])
attack: step 6/10, xent loss = 14.3209, l2 loss = 17.2436 (max 14.95), (true 184, predicted [676])
attack: step 7/10, xent loss = 15.4769, l2 loss = 18.5509 (max 14.95), (true 184, predicted [676])
attack: step 8/10, xent loss = 11.6315, l2 loss = 19.8768 (max 14.95), (true 184, predicted [643])
attack: step 9/10, xent loss = 15.3161, l2 loss = 20.7566 (max 14.95), (true 184, predicted [676])
attack: step 10/10, xent loss = 16.2368, l2 loss = 22.5945 (max 14.95), (true 184, predicted [676])
check failed
true = 184, adv = 676
evaluating 503 of [500, 510)
attack: step 1/10, xent loss = 15.9193, l2 loss = 18.9051 (max 14.95), (true 514, predicted [887])
attack: step 2/10, xent loss = 18.2076, l2 loss = 19.7743 (max 14.95), (true 514, predicted [887])
attack: step 3/10, xent loss = 21.4654, l2 loss = 20.8582 (max 14.95), (true 514, predicted [887])
attack: step 4/10, xent loss = 18.1263, l2 loss = 21.9367 (max 14.95), (true 514, predicted [887])
attack: step 5/10, xent loss = 19.1599, l2 loss = 23.3087 (max 14.95), (true 514, predicted [887])
attack: step 6/10, xent loss = 19.8664, l2 loss = 24.3148 (max 14.95), (true 514, predicted [887])
attack: step 7/10, xent loss = 22.1543, l2 loss = 25.0429 (max 14.95), (true 514, predicted [887])
attack: step 8/10, xent loss = 23.2692, l2 loss = 25.762 (max 14.95), (true 514, predicted [887])
attack: step 9/10, xent loss = 24.2875, l2 loss = 26.6009 (max 14.95), (true 514, predicted [887])
attack: step 10/10, xent loss = 26.0096, l2 loss = 27.5078 (max 14.95), (true 514, predicted [887])
check failed
true = 514, adv = 887
evaluating 504 of [500, 510)
attack: step 1/10, xent loss = 30.6246, l2 loss = 34.6242 (max 14.95), (true 355, predicted [728])
attack: step 2/10, xent loss = 30.4104, l2 loss = 36.1921 (max 14.95), (true 355, predicted [728])
attack: step 3/10, xent loss = 33.9202, l2 loss = 37.7352 (max 14.95), (true 355, predicted [728])
attack: step 4/10, xent loss = 36.3066, l2 loss = 39.2075 (max 14.95), (true 355, predicted [728])
attack: step 5/10, xent loss = 35.8881, l2 loss = 40.3674 (max 14.95), (true 355, predicted [728])
attack: step 6/10, xent loss = 36.1826, l2 loss = 42.0021 (max 14.95), (true 355, predicted [728])
attack: step 7/10, xent loss = 38.0567, l2 loss = 43.6477 (max 14.95), (true 355, predicted [728])
attack: step 8/10, xent loss = 38.0418, l2 loss = 44.7794 (max 14.95), (true 355, predicted [728])
attack: step 9/10, xent loss = 38.3811, l2 loss = 45.9952 (max 14.95), (true 355, predicted [728])
attack: step 10/10, xent loss = 40.5879, l2 loss = 47.2572 (max 14.95), (true 355, predicted [728])
check failed
true = 355, adv = 728
evaluating 505 of [500, 510)
attack: step 1/10, xent loss = 0.0923398, l2 loss = 0.62221 (max 14.95), (true 227, predicted [227])
attack: step 2/10, xent loss = 0.0735155, l2 loss = 0.701415 (max 14.95), (true 227, predicted [227])
attack: step 3/10, xent loss = 0.271989, l2 loss = 0.758657 (max 14.95), (true 227, predicted [227])
attack: step 4/10, xent loss = 0.106553, l2 loss = 1.10832 (max 14.95), (true 227, predicted [227])
attack: step 5/10, xent loss = 0.152992, l2 loss = 1.16241 (max 14.95), (true 227, predicted [227])
attack: step 6/10, xent loss = 0.132633, l2 loss = 1.25862 (max 14.95), (true 227, predicted [227])
attack: step 7/10, xent loss = 0.206445, l2 loss = 1.33248 (max 14.95), (true 227, predicted [227])
attack: step 8/10, xent loss = 0.210311, l2 loss = 1.48976 (max 14.95), (true 227, predicted [227])
attack: step 9/10, xent loss = 0.353782, l2 loss = 1.643 (max 14.95), (true 227, predicted [227])
attack: step 10/10, xent loss = 0.534831, l2 loss = 1.92416 (max 14.95), (true 227, predicted [227])
true = 227, adv = 227
evaluating 506 of [500, 510)
attack: step 1/10, xent loss = 5.27167, l2 loss = 12.4003 (max 14.95), (true 220, predicted [163])
attack: step 2/10, xent loss = 5.87225, l2 loss = 13.126 (max 14.95), (true 220, predicted [163])
attack: step 3/10, xent loss = 6.71876, l2 loss = 14.0018 (max 14.95), (true 220, predicted [168])
attack: step 4/10, xent loss = 5.61754, l2 loss = 15.4472 (max 14.95), (true 220, predicted [163])
attack: step 5/10, xent loss = 7.14691, l2 loss = 16.1483 (max 14.95), (true 220, predicted [163])
attack: step 6/10, xent loss = 9.17485, l2 loss = 16.7606 (max 14.95), (true 220, predicted [163])
attack: step 7/10, xent loss = 8.24687, l2 loss = 17.1511 (max 14.95), (true 220, predicted [163])
attack: step 8/10, xent loss = 9.05192, l2 loss = 18.3166 (max 14.95), (true 220, predicted [163])
attack: step 9/10, xent loss = 9.85765, l2 loss = 19.0085 (max 14.95), (true 220, predicted [163])
attack: step 10/10, xent loss = 6.66667, l2 loss = 19.4828 (max 14.95), (true 220, predicted [178])
check failed
true = 220, adv = 163
evaluating 507 of [500, 510)
attack: step 1/10, xent loss = 8.0106, l2 loss = 14.8756 (max 14.95), (true 590, predicted [761])
attack: step 2/10, xent loss = 8.54754, l2 loss = 16.2239 (max 14.95), (true 590, predicted [761])
attack: step 3/10, xent loss = 11.2991, l2 loss = 17.2823 (max 14.95), (true 590, predicted [761])
attack: step 4/10, xent loss = 12.1916, l2 loss = 18.33 (max 14.95), (true 590, predicted [761])
attack: step 5/10, xent loss = 14.5167, l2 loss = 19.2316 (max 14.95), (true 590, predicted [761])
attack: step 6/10, xent loss = 13.6216, l2 loss = 20.1239 (max 14.95), (true 590, predicted [761])
attack: step 7/10, xent loss = 15.3954, l2 loss = 20.8871 (max 14.95), (true 590, predicted [761])
attack: step 8/10, xent loss = 14.5064, l2 loss = 21.8031 (max 14.95), (true 590, predicted [761])
attack: step 9/10, xent loss = 16.7803, l2 loss = 22.5459 (max 14.95), (true 590, predicted [761])
attack: step 10/10, xent loss = 15.9769, l2 loss = 23.5852 (max 14.95), (true 590, predicted [761])
check failed
true = 590, adv = 761
evaluating 508 of [500, 510)
attack: step 1/10, xent loss = 9.49179, l2 loss = 8.73534 (max 14.95), (true 754, predicted [581])
attack: step 2/10, xent loss = 10.2791, l2 loss = 9.10461 (max 14.95), (true 754, predicted [581])
attack: step 3/10, xent loss = 9.82384, l2 loss = 9.3369 (max 14.95), (true 754, predicted [581])
attack: step 4/10, xent loss = 10.1498, l2 loss = 9.85321 (max 14.95), (true 754, predicted [581])
attack: step 5/10, xent loss = 10.6645, l2 loss = 10.1972 (max 14.95), (true 754, predicted [581])
attack: step 6/10, xent loss = 10.1408, l2 loss = 10.4082 (max 14.95), (true 754, predicted [581])
attack: step 7/10, xent loss = 11.0579, l2 loss = 10.8636 (max 14.95), (true 754, predicted [581])
attack: step 8/10, xent loss = 11.3603, l2 loss = 11.104 (max 14.95), (true 754, predicted [581])
attack: step 9/10, xent loss = 11.3338, l2 loss = 11.4294 (max 14.95), (true 754, predicted [581])
attack: step 10/10, xent loss = 10.7972, l2 loss = 11.7637 (max 14.95), (true 754, predicted [581])
true = 754, adv = 581
evaluating 509 of [500, 510)
attack: step 1/10, xent loss = 0.236245, l2 loss = 3.00422 (max 14.95), (true 635, predicted [635])
attack: step 2/10, xent loss = 0.096123, l2 loss = 3.12698 (max 14.95), (true 635, predicted [635])
attack: step 3/10, xent loss = 0.704365, l2 loss = 3.15697 (max 14.95), (true 635, predicted [635])
attack: step 4/10, xent loss = 2.45316, l2 loss = 3.89769 (max 14.95), (true 635, predicted [451])
attack: step 5/10, xent loss = 0.701897, l2 loss = 5.94183 (max 14.95), (true 635, predicted [635])
attack: step 6/10, xent loss = 0.260614, l2 loss = 6.57296 (max 14.95), (true 635, predicted [635])
attack: step 7/10, xent loss = 0.244887, l2 loss = 6.72119 (max 14.95), (true 635, predicted [635])
attack: step 8/10, xent loss = 2.15736, l2 loss = 6.86238 (max 14.95), (true 635, predicted [635])
attack: step 9/10, xent loss = 2.89068, l2 loss = 8.45533 (max 14.95), (true 635, predicted [464])
attack: step 10/10, xent loss = 4.75592, l2 loss = 9.34667 (max 14.95), (true 635, predicted [464])
true = 635, adv = 464
