2019-10-24 14:41:32.573078: I tensorflow/core/platform/cpu_feature_guard.cc:141] Your CPU supports instructions that this TensorFlow binary was not compiled to use: SSE4.1 SSE4.2 AVX AVX2 FMA
2019-10-24 14:41:33.027513: I tensorflow/core/platform/profile_utils/cpu_utils.cc:94] CPU Frequency: 2599755000 Hz
2019-10-24 14:41:33.030619: I tensorflow/compiler/xla/service/service.cc:150] XLA service 0x555559030410 executing computations on platform Host. Devices:
2019-10-24 14:41:33.030766: I tensorflow/compiler/xla/service/service.cc:158]   StreamExecutor device (0): <undefined>, <undefined>
2019-10-24 14:41:33.032527: I tensorflow/core/common_runtime/process_util.cc:71] Creating new thread pool with default inter op setting: 2. Tune using inter_op_parallelism_threads for best performance.
evaluating 90 of [90, 100)
attack: step 1/10, xent loss = 15.2912, l2 loss = 18.9607 (max 14.95), (true 466, predicted [634])
unbound attack returning early
check failed
true = 466, adv = 634
evaluating 91 of [90, 100)
attack: step 1/10, xent loss = 13.6116, l2 loss = 12.9185 (max 14.95), (true 213, predicted [193])
returning early
true = 213, adv = 193
evaluating 92 of [90, 100)
attack: step 1/10, xent loss = 8.93629, l2 loss = 13.5182 (max 14.95), (true 197, predicted [205])
returning early
true = 197, adv = 205
evaluating 93 of [90, 100)
attack: step 1/10, xent loss = 10.4075, l2 loss = 16.1264 (max 14.95), (true 169, predicted [160])
unbound attack returning early
check failed
true = 169, adv = 160
evaluating 94 of [90, 100)
attack: step 1/10, xent loss = 27.4745, l2 loss = 31.5245 (max 14.95), (true 446, predicted [904])
unbound attack returning early
check failed
true = 446, adv = 904
evaluating 95 of [90, 100)
attack: step 1/10, xent loss = 6.95606, l2 loss = 10.9759 (max 14.95), (true 857, predicted [514])
returning early
true = 857, adv = 514
evaluating 96 of [90, 100)
attack: step 1/10, xent loss = 9.76748, l2 loss = 15.0097 (max 14.95), (true 380, predicted [88])
unbound attack returning early
check failed
true = 380, adv = 88
evaluating 97 of [90, 100)
attack: step 1/10, xent loss = 1.21805, l2 loss = 3.4159 (max 14.95), (true 586, predicted [586])
attack: step 2/10, xent loss = 1.1533, l2 loss = 3.94202 (max 14.95), (true 586, predicted [586])
attack: step 3/10, xent loss = 1.69554, l2 loss = 4.39657 (max 14.95), (true 586, predicted [586])
attack: step 4/10, xent loss = 2.57704, l2 loss = 5.34629 (max 14.95), (true 586, predicted [847])
returning early
true = 586, adv = 847
evaluating 98 of [90, 100)
attack: step 1/10, xent loss = 10.8971, l2 loss = 15.8174 (max 14.95), (true 797, predicted [672])
unbound attack returning early
check failed
true = 797, adv = 672
evaluating 99 of [90, 100)
attack: step 1/10, xent loss = 0.133938, l2 loss = 0.93396 (max 14.95), (true 985, predicted [985])
attack: step 2/10, xent loss = 0.112962, l2 loss = 0.991513 (max 14.95), (true 985, predicted [985])
attack: step 3/10, xent loss = 0.108928, l2 loss = 1.05064 (max 14.95), (true 985, predicted [985])
attack: step 4/10, xent loss = 0.126255, l2 loss = 1.09518 (max 14.95), (true 985, predicted [985])
attack: step 5/10, xent loss = 0.139929, l2 loss = 1.14172 (max 14.95), (true 985, predicted [985])
attack: step 6/10, xent loss = 0.0811958, l2 loss = 1.22141 (max 14.95), (true 985, predicted [985])
attack: step 7/10, xent loss = 0.136196, l2 loss = 1.25369 (max 14.95), (true 985, predicted [985])
attack: step 8/10, xent loss = 0.145318, l2 loss = 1.30401 (max 14.95), (true 985, predicted [985])
attack: step 9/10, xent loss = 0.225146, l2 loss = 1.36788 (max 14.95), (true 985, predicted [985])
attack: step 10/10, xent loss = 0.094248, l2 loss = 1.51393 (max 14.95), (true 985, predicted [985])
true = 985, adv = 985
