2019-11-04 04:13:27.275909: I tensorflow/core/platform/cpu_feature_guard.cc:141] Your CPU supports instructions that this TensorFlow binary was not compiled to use: SSE4.1 SSE4.2 AVX AVX2 FMA
2019-11-04 04:13:27.282502: I tensorflow/core/platform/profile_utils/cpu_utils.cc:94] CPU Frequency: 2600160000 Hz
2019-11-04 04:13:27.282649: I tensorflow/compiler/xla/service/service.cc:150] XLA service 0x55555902f360 executing computations on platform Host. Devices:
2019-11-04 04:13:27.282670: I tensorflow/compiler/xla/service/service.cc:158]   StreamExecutor device (0): <undefined>, <undefined>
2019-11-04 04:13:27.282893: I tensorflow/core/common_runtime/process_util.cc:71] Creating new thread pool with default inter op setting: 2. Tune using inter_op_parallelism_threads for best performance.
evaluating 230 of [230, 240)
attack: step 1/1, xent loss = 6.30959, l2 loss = 30.1874 (max 14.95), (true 131, predicted [728])
check failed
true = 131, adv = 728
evaluating 231 of [230, 240)
attack: step 1/1, xent loss = 0.68799, l2 loss = 35.0473 (max 14.95), (true 487, predicted [487])
check failed
true = 487, adv = 830
evaluating 232 of [230, 240)
attack: step 1/1, xent loss = 8.36319, l2 loss = 19.671 (max 14.95), (true 296, predicted [270])
check failed
true = 296, adv = 270
evaluating 233 of [230, 240)
attack: step 1/1, xent loss = 6.44491, l2 loss = 18.2286 (max 14.95), (true 804, predicted [440])
check failed
true = 804, adv = 907
evaluating 234 of [230, 240)
attack: step 1/1, xent loss = 15.1153, l2 loss = 47.2181 (max 14.95), (true 314, predicted [700])
check failed
true = 314, adv = 700
evaluating 235 of [230, 240)
attack: step 1/1, xent loss = 7.82263, l2 loss = 12.024 (max 14.95), (true 906, predicted [599])
true = 906, adv = 636
evaluating 236 of [230, 240)
attack: step 1/1, xent loss = 8.39499, l2 loss = 30.2268 (max 14.95), (true 961, predicted [328])
check failed
true = 961, adv = 953
evaluating 237 of [230, 240)
attack: step 1/1, xent loss = 0.0812498, l2 loss = 38.2297 (max 14.95), (true 355, predicted [355])
check failed
true = 355, adv = 728
evaluating 238 of [230, 240)
attack: step 1/1, xent loss = 6.78924, l2 loss = 19.3856 (max 14.95), (true 923, predicted [927])
check failed
true = 923, adv = 927
evaluating 239 of [230, 240)
attack: step 1/1, xent loss = 6.47258, l2 loss = 32.7649 (max 14.95), (true 160, predicted [850])
check failed
true = 160, adv = 728
