2019-06-04 16:01:06.732617: I tensorflow/core/platform/cpu_feature_guard.cc:141] Your CPU supports instructions that this TensorFlow binary was not compiled to use: SSE4.1 SSE4.2 AVX AVX2 FMA
2019-06-04 16:01:06.764058: I tensorflow/core/platform/profile_utils/cpu_utils.cc:94] CPU Frequency: 2600190000 Hz
2019-06-04 16:01:06.765980: I tensorflow/compiler/xla/service/service.cc:150] XLA service 0x2aaae6ac02a0 executing computations on platform Host. Devices:
2019-06-04 16:01:06.766133: I tensorflow/compiler/xla/service/service.cc:158]   StreamExecutor device (0): <undefined>, <undefined>
2019-06-04 16:01:06.767545: I tensorflow/core/common_runtime/process_util.cc:71] Creating new thread pool with default inter op setting: 2. Tune using inter_op_parallelism_threads for best performance.
evaluating 90 of [90, 100)
attack: step 1/10, xent loss = 2.40605, l2 loss = 0 (max 14.95), (true 466, predicted [466])
attack: step 2/10, xent loss = 1.05639, l2 loss = 2.2206 (max 14.95), (true 466, predicted [466])
attack: step 3/10, xent loss = 3.63069, l2 loss = 3.27885 (max 14.95), (true 466, predicted [634])
attack: step 4/10, xent loss = 2.91436, l2 loss = 5.29328 (max 14.95), (true 466, predicted [634])
attack: step 5/10, xent loss = 3.59123, l2 loss = 5.87642 (max 14.95), (true 466, predicted [634])
attack: step 6/10, xent loss = 4.33495, l2 loss = 6.79997 (max 14.95), (true 466, predicted [634])
attack: step 7/10, xent loss = 4.12752, l2 loss = 7.5501 (max 14.95), (true 466, predicted [634])
attack: step 8/10, xent loss = 5.68193, l2 loss = 8.43262 (max 14.95), (true 466, predicted [634])
attack: step 9/10, xent loss = 5.67608, l2 loss = 9.00789 (max 14.95), (true 466, predicted [634])
attack: step 10/10, xent loss = 6.26158, l2 loss = 10.7709 (max 14.95), (true 466, predicted [634])
true = 466, adv = 634
evaluating 91 of [90, 100)
attack: step 1/10, xent loss = 0.18936, l2 loss = 0 (max 14.95), (true 213, predicted [213])
attack: step 2/10, xent loss = 0.499455, l2 loss = 0.782537 (max 14.95), (true 213, predicted [213])
attack: step 3/10, xent loss = 0.158762, l2 loss = 2.10306 (max 14.95), (true 213, predicted [213])
attack: step 4/10, xent loss = 1.1055, l2 loss = 2.22889 (max 14.95), (true 213, predicted [213])
attack: step 5/10, xent loss = 1.99468, l2 loss = 4.36578 (max 14.95), (true 213, predicted [207])
attack: step 6/10, xent loss = 3.92092, l2 loss = 6.24782 (max 14.95), (true 213, predicted [207])
attack: step 7/10, xent loss = 6.13626, l2 loss = 7.32091 (max 14.95), (true 213, predicted [175])
attack: step 8/10, xent loss = 7.5486, l2 loss = 9.06587 (max 14.95), (true 213, predicted [175])
attack: step 9/10, xent loss = 9.28213, l2 loss = 9.93004 (max 14.95), (true 213, predicted [201])
attack: step 10/10, xent loss = 10.1217, l2 loss = 10.3392 (max 14.95), (true 213, predicted [200])
true = 213, adv = 200
evaluating 92 of [90, 100)
attack: step 1/10, xent loss = 0.838517, l2 loss = 0 (max 14.95), (true 197, predicted [197])
attack: step 2/10, xent loss = 1.48181, l2 loss = 3.87943 (max 14.95), (true 197, predicted [226])
attack: step 3/10, xent loss = 3.05701, l2 loss = 6.34515 (max 14.95), (true 197, predicted [233])
attack: step 4/10, xent loss = 4.51824, l2 loss = 8.2725 (max 14.95), (true 197, predicted [206])
attack: step 5/10, xent loss = 5.41772, l2 loss = 8.97171 (max 14.95), (true 197, predicted [205])
attack: step 6/10, xent loss = 5.79265, l2 loss = 9.59878 (max 14.95), (true 197, predicted [206])
attack: step 7/10, xent loss = 7.47888, l2 loss = 10.0517 (max 14.95), (true 197, predicted [221])
attack: step 8/10, xent loss = 7.29856, l2 loss = 10.5549 (max 14.95), (true 197, predicted [206])
attack: step 9/10, xent loss = 7.82543, l2 loss = 10.8318 (max 14.95), (true 197, predicted [206])
attack: step 10/10, xent loss = 7.63435, l2 loss = 11.0999 (max 14.95), (true 197, predicted [221])
true = 197, adv = 206
evaluating 93 of [90, 100)
attack: step 1/10, xent loss = 0.237055, l2 loss = 0 (max 14.95), (true 169, predicted [169])
attack: step 2/10, xent loss = 0.790624, l2 loss = 0.836439 (max 14.95), (true 169, predicted [169])
attack: step 3/10, xent loss = 0.886875, l2 loss = 2.19443 (max 14.95), (true 169, predicted [160])
attack: step 4/10, xent loss = 0.883586, l2 loss = 3.07835 (max 14.95), (true 169, predicted [160])
attack: step 5/10, xent loss = 0.951992, l2 loss = 4.32072 (max 14.95), (true 169, predicted [160])
attack: step 6/10, xent loss = 1.78409, l2 loss = 5.59427 (max 14.95), (true 169, predicted [160])
attack: step 7/10, xent loss = 1.13234, l2 loss = 6.71089 (max 14.95), (true 169, predicted [160])
attack: step 8/10, xent loss = 3.24379, l2 loss = 7.46462 (max 14.95), (true 169, predicted [160])
attack: step 9/10, xent loss = 3.41683, l2 loss = 8.85183 (max 14.95), (true 169, predicted [160])
attack: step 10/10, xent loss = 5.39375, l2 loss = 9.71714 (max 14.95), (true 169, predicted [160])
true = 169, adv = 160
evaluating 94 of [90, 100)
attack: step 1/10, xent loss = 2.86044, l2 loss = 0 (max 14.95), (true 446, predicted [904])
attack: step 2/10, xent loss = 5.23277, l2 loss = 5.69776 (max 14.95), (true 446, predicted [904])
attack: step 3/10, xent loss = 7.23099, l2 loss = 7.29501 (max 14.95), (true 446, predicted [794])
attack: step 4/10, xent loss = 9.28716, l2 loss = 8.25159 (max 14.95), (true 446, predicted [692])
attack: step 5/10, xent loss = 9.45913, l2 loss = 10.3469 (max 14.95), (true 446, predicted [692])
attack: step 6/10, xent loss = 8.60779, l2 loss = 14.2396 (max 14.95), (true 446, predicted [692])
attack: step 7/10, xent loss = 15.2006, l2 loss = 15.3713 (max 14.95), (true 446, predicted [692])
attack: step 8/10, xent loss = 15.7708, l2 loss = 17.8427 (max 14.95), (true 446, predicted [692])
attack: step 9/10, xent loss = 14.5265, l2 loss = 20.6658 (max 14.95), (true 446, predicted [692])
attack: step 10/10, xent loss = 19.6811, l2 loss = 23.1769 (max 14.95), (true 446, predicted [692])
check failed
true = 446, adv = 692
evaluating 95 of [90, 100)
attack: step 1/10, xent loss = 2.19219, l2 loss = 0 (max 14.95), (true 857, predicted [857])
attack: step 2/10, xent loss = 0.854394, l2 loss = 2.93736 (max 14.95), (true 857, predicted [857])
attack: step 3/10, xent loss = 2.86663, l2 loss = 3.63954 (max 14.95), (true 857, predicted [765])
attack: step 4/10, xent loss = 1.02822, l2 loss = 4.73207 (max 14.95), (true 857, predicted [857])
attack: step 5/10, xent loss = 2.84458, l2 loss = 5.31877 (max 14.95), (true 857, predicted [857])
attack: step 6/10, xent loss = 3.30072, l2 loss = 6.06399 (max 14.95), (true 857, predicted [765])
attack: step 7/10, xent loss = 3.40985, l2 loss = 6.69387 (max 14.95), (true 857, predicted [857])
attack: step 8/10, xent loss = 3.8542, l2 loss = 7.41242 (max 14.95), (true 857, predicted [765])
attack: step 9/10, xent loss = 4.57745, l2 loss = 7.9039 (max 14.95), (true 857, predicted [765])
attack: step 10/10, xent loss = 4.80325, l2 loss = 8.3593 (max 14.95), (true 857, predicted [827])
true = 857, adv = 556
evaluating 96 of [90, 100)
attack: step 1/10, xent loss = 0.578577, l2 loss = 0 (max 14.95), (true 380, predicted [380])
attack: step 2/10, xent loss = 2.23204, l2 loss = 2.57266 (max 14.95), (true 380, predicted [88])
attack: step 3/10, xent loss = 4.17714, l2 loss = 5.78283 (max 14.95), (true 380, predicted [88])
attack: step 4/10, xent loss = 5.1337, l2 loss = 7.79701 (max 14.95), (true 380, predicted [88])
attack: step 5/10, xent loss = 6.22501, l2 loss = 8.9926 (max 14.95), (true 380, predicted [88])
attack: step 6/10, xent loss = 7.04397, l2 loss = 9.9303 (max 14.95), (true 380, predicted [88])
attack: step 7/10, xent loss = 7.52322, l2 loss = 10.9041 (max 14.95), (true 380, predicted [88])
attack: step 8/10, xent loss = 8.18926, l2 loss = 11.2899 (max 14.95), (true 380, predicted [88])
attack: step 9/10, xent loss = 6.97492, l2 loss = 11.8307 (max 14.95), (true 380, predicted [88])
attack: step 10/10, xent loss = 8.00062, l2 loss = 12.3664 (max 14.95), (true 380, predicted [88])
true = 380, adv = 88
evaluating 97 of [90, 100)
attack: step 1/10, xent loss = 0.128605, l2 loss = 0 (max 14.95), (true 586, predicted [586])
attack: step 2/10, xent loss = 0.150405, l2 loss = 0.276059 (max 14.95), (true 586, predicted [586])
attack: step 3/10, xent loss = 0.226737, l2 loss = 0.431472 (max 14.95), (true 586, predicted [586])
attack: step 4/10, xent loss = 0.173858, l2 loss = 0.676259 (max 14.95), (true 586, predicted [586])
attack: step 5/10, xent loss = 0.167205, l2 loss = 0.756666 (max 14.95), (true 586, predicted [586])
attack: step 6/10, xent loss = 0.114202, l2 loss = 0.865695 (max 14.95), (true 586, predicted [586])
attack: step 7/10, xent loss = 0.203424, l2 loss = 0.925034 (max 14.95), (true 586, predicted [586])
attack: step 8/10, xent loss = 0.125104, l2 loss = 1.07022 (max 14.95), (true 586, predicted [586])
attack: step 9/10, xent loss = 0.232446, l2 loss = 1.12824 (max 14.95), (true 586, predicted [586])
attack: step 10/10, xent loss = 0.212185, l2 loss = 1.28282 (max 14.95), (true 586, predicted [586])
true = 586, adv = 586
evaluating 98 of [90, 100)
attack: step 1/10, xent loss = 0.221699, l2 loss = 0 (max 14.95), (true 797, predicted [797])
attack: step 2/10, xent loss = 1.91894, l2 loss = 0.816653 (max 14.95), (true 797, predicted [672])
attack: step 3/10, xent loss = 1.96137, l2 loss = 3.85784 (max 14.95), (true 797, predicted [672])
attack: step 4/10, xent loss = 3.48965, l2 loss = 5.41772 (max 14.95), (true 797, predicted [672])
attack: step 5/10, xent loss = 3.88744, l2 loss = 6.52005 (max 14.95), (true 797, predicted [701])
attack: step 6/10, xent loss = 3.19247, l2 loss = 7.44407 (max 14.95), (true 797, predicted [701])
attack: step 7/10, xent loss = 4.55026, l2 loss = 8.32209 (max 14.95), (true 797, predicted [701])
attack: step 8/10, xent loss = 5.39402, l2 loss = 9.38451 (max 14.95), (true 797, predicted [701])
attack: step 9/10, xent loss = 6.23972, l2 loss = 10.2096 (max 14.95), (true 797, predicted [701])
attack: step 10/10, xent loss = 6.90385, l2 loss = 11.1634 (max 14.95), (true 797, predicted [701])
true = 797, adv = 701
evaluating 99 of [90, 100)
attack: step 1/10, xent loss = 0.0508354, l2 loss = 0 (max 14.95), (true 985, predicted [985])
attack: step 2/10, xent loss = 0.0852344, l2 loss = 0.0990827 (max 14.95), (true 985, predicted [985])
attack: step 3/10, xent loss = 0.0747297, l2 loss = 0.173305 (max 14.95), (true 985, predicted [985])
attack: step 4/10, xent loss = 0.0702379, l2 loss = 0.224833 (max 14.95), (true 985, predicted [985])
attack: step 5/10, xent loss = 0.0914089, l2 loss = 0.270582 (max 14.95), (true 985, predicted [985])
attack: step 6/10, xent loss = 0.0622686, l2 loss = 0.347257 (max 14.95), (true 985, predicted [985])
attack: step 7/10, xent loss = 0.0845715, l2 loss = 0.383101 (max 14.95), (true 985, predicted [985])
attack: step 8/10, xent loss = 0.126886, l2 loss = 0.443572 (max 14.95), (true 985, predicted [985])
attack: step 9/10, xent loss = 0.101423, l2 loss = 0.53521 (max 14.95), (true 985, predicted [985])
attack: step 10/10, xent loss = 0.0658822, l2 loss = 0.59797 (max 14.95), (true 985, predicted [985])
true = 985, adv = 985
