2019-11-04 04:13:27.276183: I tensorflow/core/platform/cpu_feature_guard.cc:141] Your CPU supports instructions that this TensorFlow binary was not compiled to use: SSE4.1 SSE4.2 AVX AVX2 FMA
2019-11-04 04:13:27.286302: I tensorflow/core/platform/profile_utils/cpu_utils.cc:94] CPU Frequency: 2600075000 Hz
2019-11-04 04:13:27.286440: I tensorflow/compiler/xla/service/service.cc:150] XLA service 0x2aaae6e4c850 executing computations on platform Host. Devices:
2019-11-04 04:13:27.286461: I tensorflow/compiler/xla/service/service.cc:158]   StreamExecutor device (0): <undefined>, <undefined>
2019-11-04 04:13:27.286636: I tensorflow/core/common_runtime/process_util.cc:71] Creating new thread pool with default inter op setting: 2. Tune using inter_op_parallelism_threads for best performance.
evaluating 650 of [650, 660)
attack: step 1/1, xent loss = 0.0371868, l2 loss = 0.757301 (max 14.95), (true 927, predicted [927])
true = 927, adv = 927
evaluating 651 of [650, 660)
attack: step 1/1, xent loss = 3.83563, l2 loss = 22.7373 (max 14.95), (true 298, predicted [84])
check failed
true = 298, adv = 172
evaluating 652 of [650, 660)
attack: step 1/1, xent loss = 2.00026, l2 loss = 10.8924 (max 14.95), (true 947, predicted [996])
true = 947, adv = 716
evaluating 653 of [650, 660)
attack: step 1/1, xent loss = 0.159393, l2 loss = 2.93649 (max 14.95), (true 242, predicted [242])
true = 242, adv = 242
evaluating 654 of [650, 660)
attack: step 1/1, xent loss = 7.12801, l2 loss = 39.6499 (max 14.95), (true 26, predicted [50])
check failed
true = 26, adv = 728
evaluating 655 of [650, 660)
attack: step 1/1, xent loss = 6.26594, l2 loss = 24.2184 (max 14.95), (true 933, predicted [521])
check failed
true = 933, adv = 728
evaluating 656 of [650, 660)
attack: step 1/1, xent loss = 0.225719, l2 loss = 33.4287 (max 14.95), (true 8, predicted [8])
check failed
true = 8, adv = 728
evaluating 657 of [650, 660)
attack: step 1/1, xent loss = 4.27113, l2 loss = 7.12974 (max 14.95), (true 64, predicted [55])
true = 64, adv = 55
evaluating 658 of [650, 660)
attack: step 1/1, xent loss = 6.77224, l2 loss = 14.8796 (max 14.95), (true 453, predicted [564])
true = 453, adv = 564
evaluating 659 of [650, 660)
attack: step 1/1, xent loss = 0.211683, l2 loss = 0.485885 (max 14.95), (true 548, predicted [548])
true = 548, adv = 548
