2019-10-27 05:09:51.341310: I tensorflow/core/platform/cpu_feature_guard.cc:141] Your CPU supports instructions that this TensorFlow binary was not compiled to use: SSE4.1 SSE4.2 AVX AVX2 FMA
2019-10-27 05:09:51.351781: I tensorflow/core/platform/profile_utils/cpu_utils.cc:94] CPU Frequency: 2599725000 Hz
2019-10-27 05:09:51.352033: I tensorflow/compiler/xla/service/service.cc:150] XLA service 0x55555902f010 executing computations on platform Host. Devices:
2019-10-27 05:09:51.352073: I tensorflow/compiler/xla/service/service.cc:158]   StreamExecutor device (0): <undefined>, <undefined>
2019-10-27 05:09:51.352488: I tensorflow/core/common_runtime/process_util.cc:71] Creating new thread pool with default inter op setting: 2. Tune using inter_op_parallelism_threads for best performance.
evaluating 120 of [120, 130)
attack: step 1/10, xent loss = 13.0069, l2 loss = 20.259 (max 14.95), (true 125, predicted [728])
unbound attack returning early
check failed
true = 125, adv = 728
evaluating 121 of [120, 130)
attack: step 1/10, xent loss = 29.0438, l2 loss = 41.2944 (max 14.95), (true 6, predicted [728])
unbound attack returning early
check failed
true = 6, adv = 728
evaluating 122 of [120, 130)
attack: step 1/10, xent loss = 6.47051, l2 loss = 12.5427 (max 14.95), (true 190, predicted [552])
returning early
true = 190, adv = 208
evaluating 123 of [120, 130)
attack: step 1/10, xent loss = 9.52081, l2 loss = 18.6805 (max 14.95), (true 712, predicted [599])
unbound attack returning early
check failed
true = 712, adv = 599
evaluating 124 of [120, 130)
attack: step 1/10, xent loss = 15.785, l2 loss = 21.8472 (max 14.95), (true 502, predicted [121])
unbound attack returning early
check failed
true = 502, adv = 121
evaluating 125 of [120, 130)
attack: step 1/10, xent loss = 10.7081, l2 loss = 21.184 (max 14.95), (true 581, predicted [830])
unbound attack returning early
check failed
true = 581, adv = 830
evaluating 126 of [120, 130)
attack: step 1/10, xent loss = 10.4002, l2 loss = 23.8453 (max 14.95), (true 59, predicted [645])
unbound attack returning early
check failed
true = 59, adv = 645
evaluating 127 of [120, 130)
attack: step 1/10, xent loss = 7.8862, l2 loss = 13.0667 (max 14.95), (true 383, predicted [728])
returning early
true = 383, adv = 552
evaluating 128 of [120, 130)
attack: step 1/10, xent loss = 24.8813, l2 loss = 38.8203 (max 14.95), (true 361, predicted [728])
unbound attack returning early
check failed
true = 361, adv = 728
evaluating 129 of [120, 130)
attack: step 1/10, xent loss = 16.5386, l2 loss = 35.2027 (max 14.95), (true 295, predicted [728])
unbound attack returning early
check failed
true = 295, adv = 728
