2019-10-24 14:41:32.573081: I tensorflow/core/platform/cpu_feature_guard.cc:141] Your CPU supports instructions that this TensorFlow binary was not compiled to use: SSE4.1 SSE4.2 AVX AVX2 FMA
2019-10-24 14:41:33.027514: I tensorflow/core/platform/profile_utils/cpu_utils.cc:94] CPU Frequency: 2599755000 Hz
2019-10-24 14:41:33.030606: I tensorflow/compiler/xla/service/service.cc:150] XLA service 0x55555902f6b0 executing computations on platform Host. Devices:
2019-10-24 14:41:33.030756: I tensorflow/compiler/xla/service/service.cc:158]   StreamExecutor device (0): <undefined>, <undefined>
2019-10-24 14:41:33.032534: I tensorflow/core/common_runtime/process_util.cc:71] Creating new thread pool with default inter op setting: 2. Tune using inter_op_parallelism_threads for best performance.
evaluating 70 of [70, 80)
attack: step 1/10, xent loss = 32.3863, l2 loss = 26.0756 (max 14.95), (true 63, predicted [62])
unbound attack returning early
check failed
true = 63, adv = 62
evaluating 71 of [70, 80)
attack: step 1/10, xent loss = 0.00214727, l2 loss = 0.0485097 (max 14.95), (true 761, predicted [761])
attack: step 2/10, xent loss = 0.00143842, l2 loss = 0.0499814 (max 14.95), (true 761, predicted [761])
attack: step 3/10, xent loss = 0.00165695, l2 loss = 0.0507275 (max 14.95), (true 761, predicted [761])
attack: step 4/10, xent loss = 0.000410592, l2 loss = 0.0517164 (max 14.95), (true 761, predicted [761])
attack: step 5/10, xent loss = 0.000376035, l2 loss = 0.0519007 (max 14.95), (true 761, predicted [761])
attack: step 6/10, xent loss = 0.000784328, l2 loss = 0.0520346 (max 14.95), (true 761, predicted [761])
attack: step 7/10, xent loss = 0.000914275, l2 loss = 0.0525302 (max 14.95), (true 761, predicted [761])
attack: step 8/10, xent loss = 0.00274115, l2 loss = 0.0530037 (max 14.95), (true 761, predicted [761])
attack: step 9/10, xent loss = 0.003242, l2 loss = 0.0554396 (max 14.95), (true 761, predicted [761])
attack: step 10/10, xent loss = 0.00331044, l2 loss = 0.0579889 (max 14.95), (true 761, predicted [761])
true = 761, adv = 761
evaluating 72 of [70, 80)
attack: step 1/10, xent loss = 31.3403, l2 loss = 29.1579 (max 14.95), (true 37, predicted [728])
unbound attack returning early
check failed
true = 37, adv = 728
evaluating 73 of [70, 80)
attack: step 1/10, xent loss = 16.7039, l2 loss = 25.8711 (max 14.95), (true 799, predicted [894])
unbound attack returning early
check failed
true = 799, adv = 894
evaluating 74 of [70, 80)
attack: step 1/10, xent loss = 4.69251, l2 loss = 6.8766 (max 14.95), (true 74, predicted [72])
returning early
true = 74, adv = 72
evaluating 75 of [70, 80)
attack: step 1/10, xent loss = 20.433, l2 loss = 19.5313 (max 14.95), (true 432, predicted [456])
unbound attack returning early
check failed
true = 432, adv = 456
evaluating 76 of [70, 80)
attack: step 1/10, xent loss = 15.0455, l2 loss = 21.3713 (max 14.95), (true 193, predicted [236])
unbound attack returning early
check failed
true = 193, adv = 236
evaluating 77 of [70, 80)
attack: step 1/10, xent loss = 17.128, l2 loss = 25.618 (max 14.95), (true 929, predicted [578])
unbound attack returning early
check failed
true = 929, adv = 578
evaluating 78 of [70, 80)
attack: step 1/10, xent loss = 38.15, l2 loss = 34.3085 (max 14.95), (true 546, predicted [830])
unbound attack returning early
check failed
true = 546, adv = 830
evaluating 79 of [70, 80)
attack: step 1/10, xent loss = 38.7244, l2 loss = 34.53 (max 14.95), (true 689, predicted [728])
unbound attack returning early
check failed
true = 689, adv = 728
