2019-06-25 16:34:20.159432: I tensorflow/core/platform/cpu_feature_guard.cc:141] Your CPU supports instructions that this TensorFlow binary was not compiled to use: SSE4.1 SSE4.2 AVX AVX2 FMA
2019-06-25 16:34:21.118911: I tensorflow/core/platform/profile_utils/cpu_utils.cc:94] CPU Frequency: 2599925000 Hz
2019-06-25 16:34:21.160293: I tensorflow/compiler/xla/service/service.cc:150] XLA service 0x2aaae6d4b160 executing computations on platform Host. Devices:
2019-06-25 16:34:21.160379: I tensorflow/compiler/xla/service/service.cc:158]   StreamExecutor device (0): <undefined>, <undefined>
2019-06-25 16:34:21.161171: I tensorflow/core/common_runtime/process_util.cc:71] Creating new thread pool with default inter op setting: 2. Tune using inter_op_parallelism_threads for best performance.
evaluating 850 of [850, 860)
attack: step 1/10, xent loss = 35.2379, l2 loss = 35.5301 (max 14.95), (true 227, predicted [879])
attack: step 2/10, xent loss = 35.0781, l2 loss = 37.2362 (max 14.95), (true 227, predicted [879])
attack: step 3/10, xent loss = 36.5916, l2 loss = 38.6639 (max 14.95), (true 227, predicted [879])
attack: step 4/10, xent loss = 37.1856, l2 loss = 39.8367 (max 14.95), (true 227, predicted [879])
attack: step 5/10, xent loss = 34.34, l2 loss = 40.9334 (max 14.95), (true 227, predicted [879])
attack: step 6/10, xent loss = 40.3544, l2 loss = 41.958 (max 14.95), (true 227, predicted [879])
attack: step 7/10, xent loss = 39.6068, l2 loss = 43.2358 (max 14.95), (true 227, predicted [879])
attack: step 8/10, xent loss = 41.348, l2 loss = 44.2947 (max 14.95), (true 227, predicted [879])
attack: step 9/10, xent loss = 46.7716, l2 loss = 45.5786 (max 14.95), (true 227, predicted [879])
attack: step 10/10, xent loss = 41.6642, l2 loss = 46.3529 (max 14.95), (true 227, predicted [879])
check failed
true = 227, adv = 879
evaluating 851 of [850, 860)
attack: step 1/10, xent loss = 38.3774, l2 loss = 31.294 (max 14.95), (true 377, predicted [793])
attack: step 2/10, xent loss = 37.7115, l2 loss = 32.5728 (max 14.95), (true 377, predicted [793])
attack: step 3/10, xent loss = 43.8472, l2 loss = 34.2971 (max 14.95), (true 377, predicted [793])
attack: step 4/10, xent loss = 40.0862, l2 loss = 36.0384 (max 14.95), (true 377, predicted [793])
attack: step 5/10, xent loss = 41.3665, l2 loss = 37.7898 (max 14.95), (true 377, predicted [793])
attack: step 6/10, xent loss = 45.409, l2 loss = 39.1994 (max 14.95), (true 377, predicted [793])
attack: step 7/10, xent loss = 50.4116, l2 loss = 40.3884 (max 14.95), (true 377, predicted [793])
attack: step 8/10, xent loss = 49.5234, l2 loss = 41.6376 (max 14.95), (true 377, predicted [793])
attack: step 9/10, xent loss = 48.5865, l2 loss = 43.2924 (max 14.95), (true 377, predicted [793])
attack: step 10/10, xent loss = 51.6082, l2 loss = 44.4846 (max 14.95), (true 377, predicted [793])
check failed
true = 377, adv = 793
evaluating 852 of [850, 860)
attack: step 1/10, xent loss = 32.2594, l2 loss = 30.2572 (max 14.95), (true 133, predicted [728])
attack: step 2/10, xent loss = 35.5742, l2 loss = 31.4452 (max 14.95), (true 133, predicted [728])
attack: step 3/10, xent loss = 32.6513, l2 loss = 32.5419 (max 14.95), (true 133, predicted [728])
attack: step 4/10, xent loss = 37.3408, l2 loss = 33.6383 (max 14.95), (true 133, predicted [728])
attack: step 5/10, xent loss = 34.6906, l2 loss = 34.8247 (max 14.95), (true 133, predicted [728])
attack: step 6/10, xent loss = 37.0691, l2 loss = 36.1996 (max 14.95), (true 133, predicted [728])
attack: step 7/10, xent loss = 38.8338, l2 loss = 38.0381 (max 14.95), (true 133, predicted [728])
attack: step 8/10, xent loss = 44.2919, l2 loss = 39.0532 (max 14.95), (true 133, predicted [728])
attack: step 9/10, xent loss = 43.0162, l2 loss = 40.1866 (max 14.95), (true 133, predicted [728])
attack: step 10/10, xent loss = 42.7474, l2 loss = 40.9225 (max 14.95), (true 133, predicted [728])
check failed
true = 133, adv = 728
evaluating 853 of [850, 860)
attack: step 1/10, xent loss = 14.7569, l2 loss = 15.8676 (max 14.95), (true 52, predicted [996])
attack: step 2/10, xent loss = 14.3, l2 loss = 16.3853 (max 14.95), (true 52, predicted [996])
attack: step 3/10, xent loss = 14.3758, l2 loss = 16.9529 (max 14.95), (true 52, predicted [996])
attack: step 4/10, xent loss = 15.6033, l2 loss = 17.6717 (max 14.95), (true 52, predicted [996])
attack: step 5/10, xent loss = 15.0153, l2 loss = 18.5063 (max 14.95), (true 52, predicted [996])
attack: step 6/10, xent loss = 14.7435, l2 loss = 18.9077 (max 14.95), (true 52, predicted [996])
attack: step 7/10, xent loss = 17.7092, l2 loss = 19.4983 (max 14.95), (true 52, predicted [996])
attack: step 8/10, xent loss = 16.8911, l2 loss = 20.0271 (max 14.95), (true 52, predicted [996])
attack: step 9/10, xent loss = 15.7405, l2 loss = 21.4119 (max 14.95), (true 52, predicted [996])
attack: step 10/10, xent loss = 16.1433, l2 loss = 22.0303 (max 14.95), (true 52, predicted [996])
check failed
true = 52, adv = 996
evaluating 854 of [850, 860)
attack: step 1/10, xent loss = 11.1328, l2 loss = 13.9824 (max 14.95), (true 620, predicted [830])
attack: step 2/10, xent loss = 12.7871, l2 loss = 14.6511 (max 14.95), (true 620, predicted [830])
attack: step 3/10, xent loss = 13.581, l2 loss = 15.2179 (max 14.95), (true 620, predicted [830])
attack: step 4/10, xent loss = 14.3496, l2 loss = 15.5896 (max 14.95), (true 620, predicted [830])
attack: step 5/10, xent loss = 15.3882, l2 loss = 16.1005 (max 14.95), (true 620, predicted [830])
attack: step 6/10, xent loss = 14.5075, l2 loss = 16.4854 (max 14.95), (true 620, predicted [830])
attack: step 7/10, xent loss = 15.4237, l2 loss = 17.1401 (max 14.95), (true 620, predicted [830])
attack: step 8/10, xent loss = 16.3255, l2 loss = 17.4541 (max 14.95), (true 620, predicted [830])
attack: step 9/10, xent loss = 16.934, l2 loss = 18.0085 (max 14.95), (true 620, predicted [830])
attack: step 10/10, xent loss = 17.6338, l2 loss = 18.3031 (max 14.95), (true 620, predicted [830])
check failed
true = 620, adv = 830
evaluating 855 of [850, 860)
attack: step 1/10, xent loss = 13.075, l2 loss = 14.4622 (max 14.95), (true 360, predicted [33])
attack: step 2/10, xent loss = 13.0297, l2 loss = 14.9489 (max 14.95), (true 360, predicted [33])
attack: step 3/10, xent loss = 13.6056, l2 loss = 15.402 (max 14.95), (true 360, predicted [33])
attack: step 4/10, xent loss = 15.4228, l2 loss = 15.6951 (max 14.95), (true 360, predicted [33])
attack: step 5/10, xent loss = 15.0526, l2 loss = 16.1877 (max 14.95), (true 360, predicted [33])
attack: step 6/10, xent loss = 15.4297, l2 loss = 16.6228 (max 14.95), (true 360, predicted [33])
attack: step 7/10, xent loss = 16.1423, l2 loss = 17.1319 (max 14.95), (true 360, predicted [33])
attack: step 8/10, xent loss = 15.3864, l2 loss = 18.1003 (max 14.95), (true 360, predicted [33])
attack: step 9/10, xent loss = 16.9202, l2 loss = 18.5096 (max 14.95), (true 360, predicted [33])
attack: step 10/10, xent loss = 17.5896, l2 loss = 19.0071 (max 14.95), (true 360, predicted [33])
check failed
true = 360, adv = 33
evaluating 856 of [850, 860)
attack: step 1/10, xent loss = 33.5958, l2 loss = 20.836 (max 14.95), (true 492, predicted [728])
attack: step 2/10, xent loss = 35.6897, l2 loss = 22.7917 (max 14.95), (true 492, predicted [728])
attack: step 3/10, xent loss = 38.403, l2 loss = 24.4422 (max 14.95), (true 492, predicted [728])
attack: step 4/10, xent loss = 39.1647, l2 loss = 26.3397 (max 14.95), (true 492, predicted [728])
attack: step 5/10, xent loss = 41.0912, l2 loss = 27.5564 (max 14.95), (true 492, predicted [728])
attack: step 6/10, xent loss = 41.9214, l2 loss = 28.8726 (max 14.95), (true 492, predicted [728])
attack: step 7/10, xent loss = 40.9484, l2 loss = 30.2289 (max 14.95), (true 492, predicted [728])
attack: step 8/10, xent loss = 43.0878, l2 loss = 32.0057 (max 14.95), (true 492, predicted [728])
attack: step 9/10, xent loss = 44.9692, l2 loss = 33.5431 (max 14.95), (true 492, predicted [728])
attack: step 10/10, xent loss = 48.2921, l2 loss = 34.6028 (max 14.95), (true 492, predicted [728])
check failed
true = 492, adv = 728
evaluating 857 of [850, 860)
attack: step 1/10, xent loss = 7.35614, l2 loss = 11.5642 (max 14.95), (true 824, predicted [614])
attack: step 2/10, xent loss = 7.29241, l2 loss = 12.0291 (max 14.95), (true 824, predicted [614])
attack: step 3/10, xent loss = 7.9295, l2 loss = 12.5923 (max 14.95), (true 824, predicted [614])
attack: step 4/10, xent loss = 8.11309, l2 loss = 12.8681 (max 14.95), (true 824, predicted [614])
attack: step 5/10, xent loss = 9.34049, l2 loss = 13.1524 (max 14.95), (true 824, predicted [614])
attack: step 6/10, xent loss = 8.83635, l2 loss = 13.5405 (max 14.95), (true 824, predicted [614])
attack: step 7/10, xent loss = 9.53635, l2 loss = 13.7499 (max 14.95), (true 824, predicted [614])
attack: step 8/10, xent loss = 9.06869, l2 loss = 13.9597 (max 14.95), (true 824, predicted [614])
attack: step 9/10, xent loss = 9.94796, l2 loss = 14.2863 (max 14.95), (true 824, predicted [614])
attack: step 10/10, xent loss = 9.5905, l2 loss = 14.5428 (max 14.95), (true 824, predicted [614])
true = 824, adv = 614
evaluating 858 of [850, 860)
attack: step 1/10, xent loss = 0.0180858, l2 loss = 0.285129 (max 14.95), (true 614, predicted [614])
attack: step 2/10, xent loss = 0.00738723, l2 loss = 0.296683 (max 14.95), (true 614, predicted [614])
attack: step 3/10, xent loss = 0.00899501, l2 loss = 0.3006 (max 14.95), (true 614, predicted [614])
attack: step 4/10, xent loss = 0.0132027, l2 loss = 0.304581 (max 14.95), (true 614, predicted [614])
attack: step 5/10, xent loss = 0.0122134, l2 loss = 0.315249 (max 14.95), (true 614, predicted [614])
attack: step 6/10, xent loss = 0.0351767, l2 loss = 0.321639 (max 14.95), (true 614, predicted [614])
attack: step 7/10, xent loss = 0.00897587, l2 loss = 0.35896 (max 14.95), (true 614, predicted [614])
attack: step 8/10, xent loss = 0.0365841, l2 loss = 0.364082 (max 14.95), (true 614, predicted [614])
attack: step 9/10, xent loss = 0.0325894, l2 loss = 0.39582 (max 14.95), (true 614, predicted [614])
attack: step 10/10, xent loss = 0.024927, l2 loss = 0.428538 (max 14.95), (true 614, predicted [614])
true = 614, adv = 614
evaluating 859 of [850, 860)
attack: step 1/10, xent loss = 29.7268, l2 loss = 29.0611 (max 14.95), (true 68, predicted [728])
attack: step 2/10, xent loss = 29.9295, l2 loss = 30.7743 (max 14.95), (true 68, predicted [728])
attack: step 3/10, xent loss = 32.4023, l2 loss = 31.7659 (max 14.95), (true 68, predicted [728])
attack: step 4/10, xent loss = 32.0716, l2 loss = 32.9422 (max 14.95), (true 68, predicted [728])
attack: step 5/10, xent loss = 33.7208, l2 loss = 33.8401 (max 14.95), (true 68, predicted [728])
attack: step 6/10, xent loss = 32.8818, l2 loss = 35.3616 (max 14.95), (true 68, predicted [728])
attack: step 7/10, xent loss = 36.3235, l2 loss = 36.4998 (max 14.95), (true 68, predicted [728])
attack: step 8/10, xent loss = 36.9696, l2 loss = 37.4144 (max 14.95), (true 68, predicted [728])
attack: step 9/10, xent loss = 35.9858, l2 loss = 38.5545 (max 14.95), (true 68, predicted [728])
attack: step 10/10, xent loss = 35.7412, l2 loss = 39.7696 (max 14.95), (true 68, predicted [728])
check failed
true = 68, adv = 728
