2019-06-06 00:07:13.909380: I tensorflow/core/platform/cpu_feature_guard.cc:141] Your CPU supports instructions that this TensorFlow binary was not compiled to use: SSE4.1 SSE4.2 AVX AVX2 FMA
2019-06-06 00:07:14.471129: I tensorflow/core/platform/profile_utils/cpu_utils.cc:94] CPU Frequency: 2600055000 Hz
2019-06-06 00:07:15.275650: I tensorflow/compiler/xla/service/service.cc:150] XLA service 0x2aaae6fbdf40 executing computations on platform Host. Devices:
2019-06-06 00:07:15.275779: I tensorflow/compiler/xla/service/service.cc:158]   StreamExecutor device (0): <undefined>, <undefined>
2019-06-06 00:07:15.277340: I tensorflow/core/common_runtime/process_util.cc:71] Creating new thread pool with default inter op setting: 2. Tune using inter_op_parallelism_threads for best performance.
evaluating 980 of [980, 990)
attack: step 1/10, xent loss = 7.60435, l2 loss = 0 (max 14.95), (true 740, predicted [672])
attack: step 2/10, xent loss = 8.01271, l2 loss = 1.29122 (max 14.95), (true 740, predicted [619])
attack: step 3/10, xent loss = 7.7578, l2 loss = 1.69313 (max 14.95), (true 740, predicted [607])
attack: step 4/10, xent loss = 8.03858, l2 loss = 2.05287 (max 14.95), (true 740, predicted [885])
attack: step 5/10, xent loss = 8.18001, l2 loss = 2.34988 (max 14.95), (true 740, predicted [619])
attack: step 6/10, xent loss = 7.97077, l2 loss = 2.56893 (max 14.95), (true 740, predicted [607])
attack: step 7/10, xent loss = 7.42439, l2 loss = 2.89292 (max 14.95), (true 740, predicted [885])
attack: step 8/10, xent loss = 7.7412, l2 loss = 3.0929 (max 14.95), (true 740, predicted [607])
attack: step 9/10, xent loss = 8.28272, l2 loss = 3.29264 (max 14.95), (true 740, predicted [619])
attack: step 10/10, xent loss = 8.10043, l2 loss = 3.54891 (max 14.95), (true 740, predicted [645])
true = 740, adv = 601
evaluating 981 of [980, 990)
attack: step 1/10, xent loss = 7.50313, l2 loss = 0 (max 14.95), (true 898, predicted [417])
attack: step 2/10, xent loss = 8.25258, l2 loss = 2.38949 (max 14.95), (true 898, predicted [645])
attack: step 3/10, xent loss = 6.55506, l2 loss = 4.00363 (max 14.95), (true 898, predicted [645])
attack: step 4/10, xent loss = 6.92757, l2 loss = 4.63832 (max 14.95), (true 898, predicted [701])
attack: step 5/10, xent loss = 8.24611, l2 loss = 5.13492 (max 14.95), (true 898, predicted [645])
attack: step 6/10, xent loss = 7.34103, l2 loss = 5.8282 (max 14.95), (true 898, predicted [645])
attack: step 7/10, xent loss = 7.09594, l2 loss = 6.80068 (max 14.95), (true 898, predicted [645])
attack: step 8/10, xent loss = 7.11411, l2 loss = 7.22972 (max 14.95), (true 898, predicted [863])
attack: step 9/10, xent loss = 7.46564, l2 loss = 7.69317 (max 14.95), (true 898, predicted [417])
attack: step 10/10, xent loss = 7.59393, l2 loss = 8.05906 (max 14.95), (true 898, predicted [478])
true = 898, adv = 645
evaluating 982 of [980, 990)
attack: step 1/10, xent loss = 8.93471, l2 loss = 0 (max 14.95), (true 240, predicted [518])
attack: step 2/10, xent loss = 8.87813, l2 loss = 2.82479 (max 14.95), (true 240, predicted [518])
attack: step 3/10, xent loss = 7.92465, l2 loss = 3.577 (max 14.95), (true 240, predicted [518])
attack: step 4/10, xent loss = 8.87024, l2 loss = 3.90863 (max 14.95), (true 240, predicted [518])
attack: step 5/10, xent loss = 8.06633, l2 loss = 4.73611 (max 14.95), (true 240, predicted [518])
attack: step 6/10, xent loss = 10.3022, l2 loss = 5.10749 (max 14.95), (true 240, predicted [518])
attack: step 7/10, xent loss = 8.22931, l2 loss = 6.13308 (max 14.95), (true 240, predicted [518])
attack: step 8/10, xent loss = 7.86077, l2 loss = 6.56766 (max 14.95), (true 240, predicted [518])
attack: step 9/10, xent loss = 7.94859, l2 loss = 6.86054 (max 14.95), (true 240, predicted [518])
attack: step 10/10, xent loss = 8.21742, l2 loss = 7.02424 (max 14.95), (true 240, predicted [518])
true = 240, adv = 518
evaluating 983 of [980, 990)
attack: step 1/10, xent loss = 9.09805, l2 loss = 0 (max 14.95), (true 335, predicted [701])
attack: step 2/10, xent loss = 9.51816, l2 loss = 2.62481 (max 14.95), (true 335, predicted [417])
attack: step 3/10, xent loss = 9.24241, l2 loss = 3.81796 (max 14.95), (true 335, predicted [478])
attack: step 4/10, xent loss = 9.15732, l2 loss = 4.81211 (max 14.95), (true 335, predicted [478])
attack: step 5/10, xent loss = 9.36058, l2 loss = 5.46309 (max 14.95), (true 335, predicted [478])
attack: step 6/10, xent loss = 10.1297, l2 loss = 5.88534 (max 14.95), (true 335, predicted [478])
attack: step 7/10, xent loss = 9.55223, l2 loss = 6.8606 (max 14.95), (true 335, predicted [478])
attack: step 8/10, xent loss = 9.14144, l2 loss = 7.45174 (max 14.95), (true 335, predicted [478])
attack: step 9/10, xent loss = 9.71517, l2 loss = 8.04604 (max 14.95), (true 335, predicted [478])
attack: step 10/10, xent loss = 9.13134, l2 loss = 8.36996 (max 14.95), (true 335, predicted [478])
true = 335, adv = 478
evaluating 984 of [980, 990)
attack: step 1/10, xent loss = 7.50354, l2 loss = 0 (max 14.95), (true 888, predicted [706])
attack: step 2/10, xent loss = 7.419, l2 loss = 3.09054 (max 14.95), (true 888, predicted [728])
attack: step 3/10, xent loss = 5.58873, l2 loss = 6.42463 (max 14.95), (true 888, predicted [858])
attack: step 4/10, xent loss = 7.30333, l2 loss = 10.8472 (max 14.95), (true 888, predicted [706])
attack: step 5/10, xent loss = 7.67267, l2 loss = 11.6553 (max 14.95), (true 888, predicted [506])
attack: step 6/10, xent loss = 7.05695, l2 loss = 12.298 (max 14.95), (true 888, predicted [706])
attack: step 7/10, xent loss = 6.28478, l2 loss = 13.1953 (max 14.95), (true 888, predicted [538])
attack: step 8/10, xent loss = 8.53797, l2 loss = 16.1857 (max 14.95), (true 888, predicted [478])
attack: step 9/10, xent loss = 7.52559, l2 loss = 16.4323 (max 14.95), (true 888, predicted [646])
attack: step 10/10, xent loss = 8.29871, l2 loss = 16.6723 (max 14.95), (true 888, predicted [2])
check failed
true = 888, adv = 728
evaluating 985 of [980, 990)
attack: step 1/10, xent loss = 8.33278, l2 loss = 0 (max 14.95), (true 253, predicted [417])
attack: step 2/10, xent loss = 8.53176, l2 loss = 1.68053 (max 14.95), (true 253, predicted [728])
attack: step 3/10, xent loss = 8.83681, l2 loss = 3.84014 (max 14.95), (true 253, predicted [728])
attack: step 4/10, xent loss = 7.41639, l2 loss = 5.70624 (max 14.95), (true 253, predicted [701])
attack: step 5/10, xent loss = 9.48365, l2 loss = 5.99831 (max 14.95), (true 253, predicted [728])
attack: step 6/10, xent loss = 9.04593, l2 loss = 7.79128 (max 14.95), (true 253, predicted [728])
attack: step 7/10, xent loss = 8.76081, l2 loss = 8.83258 (max 14.95), (true 253, predicted [728])
attack: step 8/10, xent loss = 8.93208, l2 loss = 9.21002 (max 14.95), (true 253, predicted [728])
attack: step 9/10, xent loss = 8.49761, l2 loss = 9.67222 (max 14.95), (true 253, predicted [728])
attack: step 10/10, xent loss = 8.77102, l2 loss = 9.91857 (max 14.95), (true 253, predicted [728])
true = 253, adv = 728
evaluating 986 of [980, 990)
attack: step 1/10, xent loss = 8.70587, l2 loss = 0 (max 14.95), (true 829, predicted [701])
attack: step 2/10, xent loss = 7.79601, l2 loss = 2.14016 (max 14.95), (true 829, predicted [723])
attack: step 3/10, xent loss = 8.1758, l2 loss = 3.27021 (max 14.95), (true 829, predicted [723])
attack: step 4/10, xent loss = 8.85246, l2 loss = 4.19984 (max 14.95), (true 829, predicted [723])
attack: step 5/10, xent loss = 8.4486, l2 loss = 4.70482 (max 14.95), (true 829, predicted [557])
attack: step 6/10, xent loss = 7.948, l2 loss = 5.58159 (max 14.95), (true 829, predicted [701])
attack: step 7/10, xent loss = 7.69944, l2 loss = 5.95937 (max 14.95), (true 829, predicted [478])
attack: step 8/10, xent loss = 8.95459, l2 loss = 6.48265 (max 14.95), (true 829, predicted [478])
attack: step 9/10, xent loss = 8.54958, l2 loss = 7.1981 (max 14.95), (true 829, predicted [405])
attack: step 10/10, xent loss = 8.03807, l2 loss = 8.06148 (max 14.95), (true 829, predicted [701])
true = 829, adv = 645
evaluating 987 of [980, 990)
attack: step 1/10, xent loss = 6.7801, l2 loss = 0 (max 14.95), (true 288, predicted [478])
attack: step 2/10, xent loss = 7.7103, l2 loss = 1.15353 (max 14.95), (true 288, predicted [607])
attack: step 3/10, xent loss = 7.87308, l2 loss = 1.89719 (max 14.95), (true 288, predicted [644])
attack: step 4/10, xent loss = 7.40673, l2 loss = 2.51304 (max 14.95), (true 288, predicted [644])
attack: step 5/10, xent loss = 7.36093, l2 loss = 3.01755 (max 14.95), (true 288, predicted [744])
attack: step 6/10, xent loss = 7.38412, l2 loss = 3.39132 (max 14.95), (true 288, predicted [607])
attack: step 7/10, xent loss = 7.05772, l2 loss = 3.80354 (max 14.95), (true 288, predicted [644])
attack: step 8/10, xent loss = 7.99866, l2 loss = 4.05535 (max 14.95), (true 288, predicted [644])
attack: step 9/10, xent loss = 7.36713, l2 loss = 4.30244 (max 14.95), (true 288, predicted [607])
attack: step 10/10, xent loss = 7.29831, l2 loss = 4.57178 (max 14.95), (true 288, predicted [478])
true = 288, adv = 478
evaluating 988 of [980, 990)
attack: step 1/10, xent loss = 4.94389, l2 loss = 0 (max 14.95), (true 650, predicted [644])
attack: step 2/10, xent loss = 5.1208, l2 loss = 11.9549 (max 14.95), (true 650, predicted [4])
attack: step 3/10, xent loss = 8.92801, l2 loss = 16.3997 (max 14.95), (true 650, predicted [2])
attack: step 4/10, xent loss = 8.52112, l2 loss = 18.5291 (max 14.95), (true 650, predicted [2])
attack: step 5/10, xent loss = 9.67071, l2 loss = 20.7001 (max 14.95), (true 650, predicted [2])
attack: step 6/10, xent loss = 10.9631, l2 loss = 21.2773 (max 14.95), (true 650, predicted [2])
attack: step 7/10, xent loss = 11.4032, l2 loss = 23.5171 (max 14.95), (true 650, predicted [2])
attack: step 8/10, xent loss = 12.0198, l2 loss = 24.5626 (max 14.95), (true 650, predicted [2])
attack: step 9/10, xent loss = 13.283, l2 loss = 25.7679 (max 14.95), (true 650, predicted [2])
attack: step 10/10, xent loss = 11.271, l2 loss = 26.7416 (max 14.95), (true 650, predicted [2])
check failed
true = 650, adv = 2
evaluating 989 of [980, 990)
attack: step 1/10, xent loss = 6.05532, l2 loss = 0 (max 14.95), (true 462, predicted [478])
attack: step 2/10, xent loss = 6.85923, l2 loss = 2.62369 (max 14.95), (true 462, predicted [478])
attack: step 3/10, xent loss = 6.36583, l2 loss = 4.76649 (max 14.95), (true 462, predicted [417])
attack: step 4/10, xent loss = 5.0474, l2 loss = 5.8377 (max 14.95), (true 462, predicted [966])
attack: step 5/10, xent loss = 5.45074, l2 loss = 6.52661 (max 14.95), (true 462, predicted [417])
attack: step 6/10, xent loss = 6.65865, l2 loss = 7.06747 (max 14.95), (true 462, predicted [478])
attack: step 7/10, xent loss = 7.00354, l2 loss = 8.2392 (max 14.95), (true 462, predicted [478])
attack: step 8/10, xent loss = 6.13784, l2 loss = 8.86262 (max 14.95), (true 462, predicted [417])
attack: step 9/10, xent loss = 6.16905, l2 loss = 9.31381 (max 14.95), (true 462, predicted [966])
attack: step 10/10, xent loss = 6.12755, l2 loss = 9.71603 (max 14.95), (true 462, predicted [672])
true = 462, adv = 478
