2019-11-04 01:09:56.217018: I tensorflow/core/platform/cpu_feature_guard.cc:141] Your CPU supports instructions that this TensorFlow binary was not compiled to use: SSE4.1 SSE4.2 AVX AVX2 FMA
2019-11-04 01:09:56.226896: I tensorflow/core/platform/profile_utils/cpu_utils.cc:94] CPU Frequency: 2600160000 Hz
2019-11-04 01:09:56.227124: I tensorflow/compiler/xla/service/service.cc:150] XLA service 0x55555902f740 executing computations on platform Host. Devices:
2019-11-04 01:09:56.227156: I tensorflow/compiler/xla/service/service.cc:158]   StreamExecutor device (0): <undefined>, <undefined>
2019-11-04 01:09:56.227573: I tensorflow/core/common_runtime/process_util.cc:71] Creating new thread pool with default inter op setting: 2. Tune using inter_op_parallelism_threads for best performance.
evaluating 160 of [160, 170)
attack: step 1/1, xent loss = 5.94525, l2 loss = 41.8752 (max 14.95), (true 19, predicted [815])
check failed
true = 19, adv = 728
evaluating 161 of [160, 170)
attack: step 1/1, xent loss = 4.55968, l2 loss = 20.0608 (max 14.95), (true 71, predicted [124])
check failed
true = 71, adv = 124
evaluating 162 of [160, 170)
attack: step 1/1, xent loss = 0.813596, l2 loss = 15.6568 (max 14.95), (true 267, predicted [267])
check failed
true = 267, adv = 152
evaluating 163 of [160, 170)
attack: step 1/1, xent loss = 7.56796, l2 loss = 42.0958 (max 14.95), (true 419, predicted [658])
check failed
true = 419, adv = 728
evaluating 164 of [160, 170)
attack: step 1/1, xent loss = 1.97202, l2 loss = 9.50179 (max 14.95), (true 55, predicted [64])
true = 55, adv = 506
evaluating 165 of [160, 170)
attack: step 1/1, xent loss = 6.11392, l2 loss = 14.797 (max 14.95), (true 885, predicted [636])
true = 885, adv = 636
evaluating 166 of [160, 170)
attack: step 1/1, xent loss = 3.64719, l2 loss = 24.5089 (max 14.95), (true 769, predicted [777])
check failed
true = 769, adv = 777
evaluating 167 of [160, 170)
attack: step 1/1, xent loss = 0.0700872, l2 loss = 41.1069 (max 14.95), (true 138, predicted [138])
check failed
true = 138, adv = 728
evaluating 168 of [160, 170)
attack: step 1/1, xent loss = 2.01224, l2 loss = 9.62568 (max 14.95), (true 996, predicted [993])
true = 996, adv = 599
evaluating 169 of [160, 170)
attack: step 1/1, xent loss = 7.93637, l2 loss = 14.8345 (max 14.95), (true 217, predicted [239])
true = 217, adv = 239
