2019-11-04 01:09:56.216826: I tensorflow/core/platform/cpu_feature_guard.cc:141] Your CPU supports instructions that this TensorFlow binary was not compiled to use: SSE4.1 SSE4.2 AVX AVX2 FMA
2019-11-04 01:09:56.233170: I tensorflow/core/platform/profile_utils/cpu_utils.cc:94] CPU Frequency: 2600025000 Hz
2019-11-04 01:09:56.233299: I tensorflow/compiler/xla/service/service.cc:150] XLA service 0x2aaae6e520b0 executing computations on platform Host. Devices:
2019-11-04 01:09:56.233318: I tensorflow/compiler/xla/service/service.cc:158]   StreamExecutor device (0): <undefined>, <undefined>
2019-11-04 01:09:56.233498: I tensorflow/core/common_runtime/process_util.cc:71] Creating new thread pool with default inter op setting: 2. Tune using inter_op_parallelism_threads for best performance.
evaluating 300 of [300, 310)
attack: step 1/1, xent loss = 7.23712, l2 loss = 27.1276 (max 14.95), (true 441, predicted [505])
check failed
true = 441, adv = 969
evaluating 301 of [300, 310)
attack: step 1/1, xent loss = 2.72182, l2 loss = 18.3825 (max 14.95), (true 947, predicted [992])
check failed
true = 947, adv = 552
evaluating 302 of [300, 310)
attack: step 1/1, xent loss = 0.0741402, l2 loss = 28.001 (max 14.95), (true 221, predicted [221])
check failed
true = 221, adv = 552
evaluating 303 of [300, 310)
attack: step 1/1, xent loss = 3.73853, l2 loss = 30.7415 (max 14.95), (true 169, predicted [222])
check failed
true = 169, adv = 728
evaluating 304 of [300, 310)
attack: step 1/1, xent loss = 0.0490357, l2 loss = 20.938 (max 14.95), (true 160, predicted [160])
check failed
true = 160, adv = 728
evaluating 305 of [300, 310)
attack: step 1/1, xent loss = 0.0270441, l2 loss = 22.1454 (max 14.95), (true 511, predicted [511])
check failed
true = 511, adv = 751
evaluating 306 of [300, 310)
attack: step 1/1, xent loss = 0.893968, l2 loss = 17.7342 (max 14.95), (true 971, predicted [971])
check failed
true = 971, adv = 879
evaluating 307 of [300, 310)
attack: step 1/1, xent loss = 1.61917, l2 loss = 12.6519 (max 14.95), (true 932, predicted [932])
true = 932, adv = 694
evaluating 308 of [300, 310)
attack: step 1/1, xent loss = 0.255893, l2 loss = 31.4864 (max 14.95), (true 328, predicted [328])
check failed
true = 328, adv = 728
evaluating 309 of [300, 310)
attack: step 1/1, xent loss = 0.00207721, l2 loss = 11.7167 (max 14.95), (true 397, predicted [397])
true = 397, adv = 108
