2019-05-28 15:21:35.453257: I tensorflow/core/platform/cpu_feature_guard.cc:141] Your CPU supports instructions that this TensorFlow binary was not compiled to use: SSE4.1 SSE4.2 AVX AVX2 FMA
2019-05-28 15:21:36.588965: I tensorflow/core/platform/profile_utils/cpu_utils.cc:94] CPU Frequency: 2599965000 Hz
2019-05-28 15:21:36.591736: I tensorflow/compiler/xla/service/service.cc:150] XLA service 0x2aaae74be640 executing computations on platform Host. Devices:
2019-05-28 15:21:36.591769: I tensorflow/compiler/xla/service/service.cc:158]   StreamExecutor device (0): <undefined>, <undefined>
2019-05-28 15:21:36.594544: I tensorflow/core/common_runtime/process_util.cc:71] Creating new thread pool with default inter op setting: 2. Tune using inter_op_parallelism_threads for best performance.
evaluating 340 of [340, 350)
attack: step 1/10, xent loss = 0.0614518, l2 loss = 0 (max 14.95), (true 763, predicted [763])
attack: step 2/10, xent loss = 0.0317036, l2 loss = 0.198903 (max 14.95), (true 763, predicted [763])
attack: step 3/10, xent loss = 0.0293213, l2 loss = 0.238244 (max 14.95), (true 763, predicted [763])
attack: step 4/10, xent loss = 0.0251921, l2 loss = 0.272333 (max 14.95), (true 763, predicted [763])
attack: step 5/10, xent loss = 0.0313861, l2 loss = 0.296661 (max 14.95), (true 763, predicted [763])
attack: step 6/10, xent loss = 0.0645875, l2 loss = 0.324989 (max 14.95), (true 763, predicted [763])
attack: step 7/10, xent loss = 0.176906, l2 loss = 0.44214 (max 14.95), (true 763, predicted [763])
attack: step 8/10, xent loss = 0.0234033, l2 loss = 0.715654 (max 14.95), (true 763, predicted [763])
attack: step 9/10, xent loss = 0.226765, l2 loss = 0.733787 (max 14.95), (true 763, predicted [763])
attack: step 10/10, xent loss = 0.0528302, l2 loss = 0.961932 (max 14.95), (true 763, predicted [763])
true = 763, adv = 763
evaluating 341 of [340, 350)
attack: step 1/10, xent loss = 0.0485545, l2 loss = 0 (max 14.95), (true 11, predicted [11])
attack: step 2/10, xent loss = 0.0658444, l2 loss = 0.0708856 (max 14.95), (true 11, predicted [11])
attack: step 3/10, xent loss = 0.0616133, l2 loss = 0.101771 (max 14.95), (true 11, predicted [11])
attack: step 4/10, xent loss = 0.0649507, l2 loss = 0.126032 (max 14.95), (true 11, predicted [11])
attack: step 5/10, xent loss = 0.0776832, l2 loss = 0.157915 (max 14.95), (true 11, predicted [11])
attack: step 6/10, xent loss = 0.0791641, l2 loss = 0.187101 (max 14.95), (true 11, predicted [11])
attack: step 7/10, xent loss = 0.0571543, l2 loss = 0.209848 (max 14.95), (true 11, predicted [11])
attack: step 8/10, xent loss = 0.0656287, l2 loss = 0.226522 (max 14.95), (true 11, predicted [11])
attack: step 9/10, xent loss = 0.0617931, l2 loss = 0.240315 (max 14.95), (true 11, predicted [11])
attack: step 10/10, xent loss = 0.0607767, l2 loss = 0.257456 (max 14.95), (true 11, predicted [11])
true = 11, adv = 11
evaluating 342 of [340, 350)
attack: step 1/10, xent loss = 7.08037, l2 loss = 0 (max 14.95), (true 126, predicted [692])
attack: step 2/10, xent loss = 12.0062, l2 loss = 4.8776 (max 14.95), (true 126, predicted [728])
attack: step 3/10, xent loss = 16.2512, l2 loss = 10.1668 (max 14.95), (true 126, predicted [728])
attack: step 4/10, xent loss = 20.6059, l2 loss = 13.0669 (max 14.95), (true 126, predicted [728])
attack: step 5/10, xent loss = 17.6821, l2 loss = 14.9887 (max 14.95), (true 126, predicted [728])
attack: step 6/10, xent loss = 21.4963, l2 loss = 17.5653 (max 14.95), (true 126, predicted [728])
attack: step 7/10, xent loss = 23.0691, l2 loss = 19.5154 (max 14.95), (true 126, predicted [728])
attack: step 8/10, xent loss = 25.9096, l2 loss = 21.4009 (max 14.95), (true 126, predicted [728])
attack: step 9/10, xent loss = 25.7614, l2 loss = 23.2866 (max 14.95), (true 126, predicted [728])
attack: step 10/10, xent loss = 23.7775, l2 loss = 25.0145 (max 14.95), (true 126, predicted [728])
check failed
true = 126, adv = 728
evaluating 343 of [340, 350)
attack: step 1/10, xent loss = 0.103914, l2 loss = 0 (max 14.95), (true 453, predicted [453])
attack: step 2/10, xent loss = 0.185529, l2 loss = 0.240014 (max 14.95), (true 453, predicted [453])
attack: step 3/10, xent loss = 0.114857, l2 loss = 0.49979 (max 14.95), (true 453, predicted [453])
attack: step 4/10, xent loss = 0.209304, l2 loss = 0.573095 (max 14.95), (true 453, predicted [453])
attack: step 5/10, xent loss = 0.148332, l2 loss = 0.765924 (max 14.95), (true 453, predicted [453])
attack: step 6/10, xent loss = 0.0996922, l2 loss = 0.897764 (max 14.95), (true 453, predicted [453])
attack: step 7/10, xent loss = 0.170563, l2 loss = 0.943777 (max 14.95), (true 453, predicted [453])
attack: step 8/10, xent loss = 0.137468, l2 loss = 1.04678 (max 14.95), (true 453, predicted [453])
attack: step 9/10, xent loss = 0.146412, l2 loss = 1.12518 (max 14.95), (true 453, predicted [453])
attack: step 10/10, xent loss = 0.114043, l2 loss = 1.2026 (max 14.95), (true 453, predicted [453])
true = 453, adv = 453
evaluating 344 of [340, 350)
attack: step 1/10, xent loss = 0.0394169, l2 loss = 0 (max 14.95), (true 100, predicted [100])
attack: step 2/10, xent loss = 0.0162662, l2 loss = 0.0567128 (max 14.95), (true 100, predicted [100])
attack: step 3/10, xent loss = 0.0501042, l2 loss = 0.0630889 (max 14.95), (true 100, predicted [100])
attack: step 4/10, xent loss = 0.0689784, l2 loss = 0.126774 (max 14.95), (true 100, predicted [100])
attack: step 5/10, xent loss = 0.0674995, l2 loss = 0.173729 (max 14.95), (true 100, predicted [100])
attack: step 6/10, xent loss = 0.114802, l2 loss = 0.22056 (max 14.95), (true 100, predicted [100])
attack: step 7/10, xent loss = 0.176526, l2 loss = 0.336523 (max 14.95), (true 100, predicted [100])
attack: step 8/10, xent loss = 0.215232, l2 loss = 0.510101 (max 14.95), (true 100, predicted [100])
attack: step 9/10, xent loss = 0.124569, l2 loss = 0.6466 (max 14.95), (true 100, predicted [100])
attack: step 10/10, xent loss = 0.091206, l2 loss = 0.710917 (max 14.95), (true 100, predicted [100])
true = 100, adv = 100
evaluating 345 of [340, 350)
attack: step 1/10, xent loss = 0.173877, l2 loss = 0 (max 14.95), (true 668, predicted [668])
attack: step 2/10, xent loss = 1.40414, l2 loss = 2.04848 (max 14.95), (true 668, predicted [668])
attack: step 3/10, xent loss = 6.10437, l2 loss = 9.02517 (max 14.95), (true 668, predicted [607])
attack: step 4/10, xent loss = 8.63208, l2 loss = 11.3072 (max 14.95), (true 668, predicted [470])
attack: step 5/10, xent loss = 10.2386, l2 loss = 12.8715 (max 14.95), (true 668, predicted [470])
attack: step 6/10, xent loss = 15.9428, l2 loss = 15.452 (max 14.95), (true 668, predicted [470])
attack: step 7/10, xent loss = 13.3862, l2 loss = 19.9289 (max 14.95), (true 668, predicted [470])
attack: step 8/10, xent loss = 16.7579, l2 loss = 22.6463 (max 14.95), (true 668, predicted [470])
attack: step 9/10, xent loss = 16.2968, l2 loss = 25.2677 (max 14.95), (true 668, predicted [470])
attack: step 10/10, xent loss = 19.9404, l2 loss = 28.6711 (max 14.95), (true 668, predicted [470])
check failed
true = 668, adv = 470
evaluating 346 of [340, 350)
attack: step 1/10, xent loss = 0.0752565, l2 loss = 0 (max 14.95), (true 11, predicted [11])
attack: step 2/10, xent loss = 0.0186703, l2 loss = 0.787574 (max 14.95), (true 11, predicted [11])
attack: step 3/10, xent loss = 0.0620253, l2 loss = 0.789888 (max 14.95), (true 11, predicted [11])
attack: step 4/10, xent loss = 0.019248, l2 loss = 0.805691 (max 14.95), (true 11, predicted [11])
attack: step 5/10, xent loss = 0.405584, l2 loss = 0.811981 (max 14.95), (true 11, predicted [11])
attack: step 6/10, xent loss = 6.40095, l2 loss = 4.1553 (max 14.95), (true 11, predicted [830])
attack: step 7/10, xent loss = 9.73218, l2 loss = 16.6026 (max 14.95), (true 11, predicted [830])
attack: step 8/10, xent loss = 11.588, l2 loss = 17.7792 (max 14.95), (true 11, predicted [830])
attack: step 9/10, xent loss = 13.8584, l2 loss = 18.9047 (max 14.95), (true 11, predicted [830])
attack: step 10/10, xent loss = 13.9837, l2 loss = 20.529 (max 14.95), (true 11, predicted [830])
check failed
true = 11, adv = 830
evaluating 347 of [340, 350)
attack: step 1/10, xent loss = 2.16076, l2 loss = 0 (max 14.95), (true 101, predicted [385])
attack: step 2/10, xent loss = 6.84059, l2 loss = 6.7663 (max 14.95), (true 101, predicted [728])
attack: step 3/10, xent loss = 7.61233, l2 loss = 13.0744 (max 14.95), (true 101, predicted [728])
attack: step 4/10, xent loss = 11.1309, l2 loss = 14.5377 (max 14.95), (true 101, predicted [728])
attack: step 5/10, xent loss = 10.9339, l2 loss = 16.0226 (max 14.95), (true 101, predicted [728])
attack: step 6/10, xent loss = 12.3222, l2 loss = 17.9979 (max 14.95), (true 101, predicted [728])
attack: step 7/10, xent loss = 11.8681, l2 loss = 20.564 (max 14.95), (true 101, predicted [728])
attack: step 8/10, xent loss = 11.6689, l2 loss = 22.1182 (max 14.95), (true 101, predicted [728])
attack: step 9/10, xent loss = 13.7533, l2 loss = 23.2308 (max 14.95), (true 101, predicted [728])
attack: step 10/10, xent loss = 17.6277, l2 loss = 27.9425 (max 14.95), (true 101, predicted [728])
check failed
true = 101, adv = 728
evaluating 348 of [340, 350)
attack: step 1/10, xent loss = 1.53084, l2 loss = 0 (max 14.95), (true 884, predicted [406])
attack: step 2/10, xent loss = 1.74504, l2 loss = 2.05974 (max 14.95), (true 884, predicted [497])
attack: step 3/10, xent loss = 2.72355, l2 loss = 3.03554 (max 14.95), (true 884, predicted [406])
attack: step 4/10, xent loss = 2.2524, l2 loss = 3.93843 (max 14.95), (true 884, predicted [406])
attack: step 5/10, xent loss = 2.45261, l2 loss = 4.881 (max 14.95), (true 884, predicted [497])
attack: step 6/10, xent loss = 3.37115, l2 loss = 5.5303 (max 14.95), (true 884, predicted [406])
attack: step 7/10, xent loss = 4.23441, l2 loss = 6.1617 (max 14.95), (true 884, predicted [497])
attack: step 8/10, xent loss = 4.76234, l2 loss = 6.76107 (max 14.95), (true 884, predicted [406])
attack: step 9/10, xent loss = 4.36621, l2 loss = 7.25089 (max 14.95), (true 884, predicted [406])
attack: step 10/10, xent loss = 4.3463, l2 loss = 7.82256 (max 14.95), (true 884, predicted [406])
true = 884, adv = 406
evaluating 349 of [340, 350)
attack: step 1/10, xent loss = 4.11852, l2 loss = 0 (max 14.95), (true 750, predicted [728])
attack: step 2/10, xent loss = 5.30976, l2 loss = 4.70864 (max 14.95), (true 750, predicted [728])
attack: step 3/10, xent loss = 6.95953, l2 loss = 5.57519 (max 14.95), (true 750, predicted [728])
attack: step 4/10, xent loss = 6.61602, l2 loss = 6.35056 (max 14.95), (true 750, predicted [728])
attack: step 5/10, xent loss = 7.00997, l2 loss = 7.09874 (max 14.95), (true 750, predicted [728])
attack: step 6/10, xent loss = 8.30891, l2 loss = 7.96443 (max 14.95), (true 750, predicted [728])
attack: step 7/10, xent loss = 11.0442, l2 loss = 9.1288 (max 14.95), (true 750, predicted [728])
attack: step 8/10, xent loss = 9.74121, l2 loss = 11.5319 (max 14.95), (true 750, predicted [728])
attack: step 9/10, xent loss = 13.0491, l2 loss = 14.2061 (max 14.95), (true 750, predicted [728])
attack: step 10/10, xent loss = 14.6974, l2 loss = 16.2463 (max 14.95), (true 750, predicted [728])
check failed
true = 750, adv = 728
