2019-10-27 14:16:36.044340: I tensorflow/core/platform/cpu_feature_guard.cc:141] Your CPU supports instructions that this TensorFlow binary was not compiled to use: SSE4.1 SSE4.2 AVX AVX2 FMA
2019-10-27 14:16:36.054140: I tensorflow/core/platform/profile_utils/cpu_utils.cc:94] CPU Frequency: 2599995000 Hz
2019-10-27 14:16:36.054280: I tensorflow/compiler/xla/service/service.cc:150] XLA service 0x5555590305b0 executing computations on platform Host. Devices:
2019-10-27 14:16:36.054302: I tensorflow/compiler/xla/service/service.cc:158]   StreamExecutor device (0): <undefined>, <undefined>
2019-10-27 14:16:36.054520: I tensorflow/core/common_runtime/process_util.cc:71] Creating new thread pool with default inter op setting: 2. Tune using inter_op_parallelism_threads for best performance.
evaluating 320 of [320, 330)
attack: step 1/10, xent loss = 10.4412, l2 loss = 20.752 (max 14.95), (true 234, predicted [240])
unbound attack returning early
check failed
true = 234, adv = 240
evaluating 321 of [320, 330)
attack: step 1/10, xent loss = 15.3499, l2 loss = 38.4133 (max 14.95), (true 419, predicted [728])
unbound attack returning early
check failed
true = 419, adv = 728
evaluating 322 of [320, 330)
attack: step 1/10, xent loss = 9.83487, l2 loss = 21.4507 (max 14.95), (true 141, predicted [728])
unbound attack returning early
check failed
true = 141, adv = 127
evaluating 323 of [320, 330)
attack: step 1/10, xent loss = 17.0193, l2 loss = 30.7596 (max 14.95), (true 279, predicted [728])
unbound attack returning early
check failed
true = 279, adv = 728
evaluating 324 of [320, 330)
attack: step 1/10, xent loss = 8.64143, l2 loss = 19.3088 (max 14.95), (true 709, predicted [701])
unbound attack returning early
check failed
true = 709, adv = 645
evaluating 325 of [320, 330)
attack: step 1/10, xent loss = 14.0762, l2 loss = 31.3825 (max 14.95), (true 969, predicted [728])
unbound attack returning early
check failed
true = 969, adv = 728
evaluating 326 of [320, 330)
attack: step 1/10, xent loss = 23.287, l2 loss = 39.7522 (max 14.95), (true 418, predicted [728])
unbound attack returning early
check failed
true = 418, adv = 728
evaluating 327 of [320, 330)
attack: step 1/10, xent loss = 19.0808, l2 loss = 42.0252 (max 14.95), (true 355, predicted [728])
unbound attack returning early
check failed
true = 355, adv = 728
evaluating 328 of [320, 330)
attack: step 1/10, xent loss = 4.33035, l2 loss = 27.8993 (max 14.95), (true 445, predicted [879])
unbound attack returning early
check failed
true = 445, adv = 879
evaluating 329 of [320, 330)
attack: step 1/10, xent loss = 9.43966, l2 loss = 12.4875 (max 14.95), (true 191, predicted [478])
returning early
true = 191, adv = 681
