2019-11-04 08:50:59.518531: I tensorflow/core/platform/cpu_feature_guard.cc:141] Your CPU supports instructions that this TensorFlow binary was not compiled to use: SSE4.1 SSE4.2 AVX AVX2 FMA
2019-11-04 08:50:59.594069: I tensorflow/core/platform/profile_utils/cpu_utils.cc:94] CPU Frequency: 2599985000 Hz
2019-11-04 08:50:59.611125: I tensorflow/compiler/xla/service/service.cc:150] XLA service 0x2aaae6e4c770 executing computations on platform Host. Devices:
2019-11-04 08:50:59.611167: I tensorflow/compiler/xla/service/service.cc:158]   StreamExecutor device (0): <undefined>, <undefined>
2019-11-04 08:50:59.613359: I tensorflow/core/common_runtime/process_util.cc:71] Creating new thread pool with default inter op setting: 2. Tune using inter_op_parallelism_threads for best performance.
evaluating 530 of [530, 540)
attack: step 1/1, xent loss = 0.0882911, l2 loss = 22.3579 (max 14.95), (true 275, predicted [275])
check failed
true = 275, adv = 728
evaluating 531 of [530, 540)
attack: step 1/1, xent loss = 2.93279, l2 loss = 20.8066 (max 14.95), (true 652, predicted [715])
check failed
true = 652, adv = 614
evaluating 532 of [530, 540)
attack: step 1/1, xent loss = 8.85069, l2 loss = 28.9896 (max 14.95), (true 634, predicted [518])
check failed
true = 634, adv = 518
evaluating 533 of [530, 540)
attack: step 1/1, xent loss = 10.4799, l2 loss = 19.4019 (max 14.95), (true 620, predicted [446])
check failed
true = 620, adv = 446
evaluating 534 of [530, 540)
attack: step 1/1, xent loss = 10.7121, l2 loss = 53.0357 (max 14.95), (true 285, predicted [728])
check failed
true = 285, adv = 728
evaluating 535 of [530, 540)
attack: step 1/1, xent loss = 12.5379, l2 loss = 31.0586 (max 14.95), (true 285, predicted [620])
check failed
true = 285, adv = 620
evaluating 536 of [530, 540)
attack: step 1/1, xent loss = 7.57196, l2 loss = 20.8516 (max 14.95), (true 478, predicted [927])
check failed
true = 478, adv = 927
evaluating 537 of [530, 540)
attack: step 1/1, xent loss = 0.994455, l2 loss = 25.3196 (max 14.95), (true 494, predicted [494])
check failed
true = 494, adv = 381
evaluating 538 of [530, 540)
attack: step 1/1, xent loss = 3.37542, l2 loss = 19.2952 (max 14.95), (true 245, predicted [180])
check failed
true = 245, adv = 173
evaluating 539 of [530, 540)
attack: step 1/1, xent loss = 10.213, l2 loss = 16.3856 (max 14.95), (true 23, predicted [21])
check failed
true = 23, adv = 21
