2019-06-28 06:36:07.530349: I tensorflow/core/platform/cpu_feature_guard.cc:141] Your CPU supports instructions that this TensorFlow binary was not compiled to use: SSE4.1 SSE4.2 AVX AVX2 FMA
2019-06-28 06:36:07.635997: I tensorflow/core/platform/profile_utils/cpu_utils.cc:94] CPU Frequency: 2600015000 Hz
2019-06-28 06:36:07.636272: I tensorflow/compiler/xla/service/service.cc:150] XLA service 0x2aaae6fbd980 executing computations on platform Host. Devices:
2019-06-28 06:36:07.636309: I tensorflow/compiler/xla/service/service.cc:158]   StreamExecutor device (0): <undefined>, <undefined>
2019-06-28 06:36:07.636626: I tensorflow/core/common_runtime/process_util.cc:71] Creating new thread pool with default inter op setting: 2. Tune using inter_op_parallelism_threads for best performance.
evaluating 810 of [810, 820)
attack: step 1/10, xent loss = 7.57876, l2 loss = 11.8461 (max 14.95), (true 634, predicted [792])
attack: step 2/10, xent loss = 7.83732, l2 loss = 12.3023 (max 14.95), (true 634, predicted [792])
attack: step 3/10, xent loss = 7.21532, l2 loss = 12.7014 (max 14.95), (true 634, predicted [582])
attack: step 4/10, xent loss = 6.84438, l2 loss = 13.3302 (max 14.95), (true 634, predicted [582])
attack: step 5/10, xent loss = 7.50068, l2 loss = 13.783 (max 14.95), (true 634, predicted [537])
attack: step 6/10, xent loss = 8.33776, l2 loss = 14.1517 (max 14.95), (true 634, predicted [775])
attack: step 7/10, xent loss = 8.08439, l2 loss = 14.5468 (max 14.95), (true 634, predicted [264])
attack: step 8/10, xent loss = 8.37087, l2 loss = 15.0913 (max 14.95), (true 634, predicted [788])
attack: step 9/10, xent loss = 7.93445, l2 loss = 15.5497 (max 14.95), (true 634, predicted [728])
attack: step 10/10, xent loss = 8.33356, l2 loss = 16.0637 (max 14.95), (true 634, predicted [250])
check failed
true = 634, adv = 788
evaluating 811 of [810, 820)
attack: step 1/10, xent loss = 8.37615, l2 loss = 14.718 (max 14.95), (true 950, predicted [728])
attack: step 2/10, xent loss = 10.5127, l2 loss = 16.6096 (max 14.95), (true 950, predicted [728])
attack: step 3/10, xent loss = 13.659, l2 loss = 18.4025 (max 14.95), (true 950, predicted [728])
attack: step 4/10, xent loss = 14.7615, l2 loss = 20.2196 (max 14.95), (true 950, predicted [728])
attack: step 5/10, xent loss = 16.4116, l2 loss = 22.0842 (max 14.95), (true 950, predicted [728])
attack: step 6/10, xent loss = 18.247, l2 loss = 23.6785 (max 14.95), (true 950, predicted [728])
attack: step 7/10, xent loss = 21.2924, l2 loss = 25.0338 (max 14.95), (true 950, predicted [728])
attack: step 8/10, xent loss = 26.5681, l2 loss = 26.5383 (max 14.95), (true 950, predicted [728])
attack: step 9/10, xent loss = 24.3216, l2 loss = 28.0143 (max 14.95), (true 950, predicted [728])
attack: step 10/10, xent loss = 25.1654, l2 loss = 29.3667 (max 14.95), (true 950, predicted [728])
check failed
true = 950, adv = 728
evaluating 812 of [810, 820)
attack: step 1/10, xent loss = 0.159697, l2 loss = 1.49225 (max 14.95), (true 879, predicted [879])
attack: step 2/10, xent loss = 0.29554, l2 loss = 1.71027 (max 14.95), (true 879, predicted [879])
attack: step 3/10, xent loss = 0.718645, l2 loss = 2.0514 (max 14.95), (true 879, predicted [879])
attack: step 4/10, xent loss = 0.283941, l2 loss = 3.52405 (max 14.95), (true 879, predicted [879])
attack: step 5/10, xent loss = 0.0718952, l2 loss = 3.86416 (max 14.95), (true 879, predicted [879])
attack: step 6/10, xent loss = 0.059482, l2 loss = 3.89338 (max 14.95), (true 879, predicted [879])
attack: step 7/10, xent loss = 0.0566458, l2 loss = 3.90163 (max 14.95), (true 879, predicted [879])
attack: step 8/10, xent loss = 0.23976, l2 loss = 3.91683 (max 14.95), (true 879, predicted [879])
attack: step 9/10, xent loss = 0.147245, l2 loss = 4.13574 (max 14.95), (true 879, predicted [879])
attack: step 10/10, xent loss = 0.458149, l2 loss = 4.23615 (max 14.95), (true 879, predicted [879])
true = 879, adv = 169
evaluating 813 of [810, 820)
attack: step 1/10, xent loss = 0.0045234, l2 loss = 0.0912446 (max 14.95), (true 902, predicted [902])
attack: step 2/10, xent loss = 0.00298899, l2 loss = 0.0976725 (max 14.95), (true 902, predicted [902])
attack: step 3/10, xent loss = 0.00332303, l2 loss = 0.100112 (max 14.95), (true 902, predicted [902])
attack: step 4/10, xent loss = 0.00246745, l2 loss = 0.103697 (max 14.95), (true 902, predicted [902])
attack: step 5/10, xent loss = 0.0103968, l2 loss = 0.105382 (max 14.95), (true 902, predicted [902])
attack: step 6/10, xent loss = 0.0012446, l2 loss = 0.130571 (max 14.95), (true 902, predicted [902])
attack: step 7/10, xent loss = 0.0149686, l2 loss = 0.131359 (max 14.95), (true 902, predicted [902])
attack: step 8/10, xent loss = 0.014918, l2 loss = 0.163421 (max 14.95), (true 902, predicted [902])
attack: step 9/10, xent loss = 0.00421481, l2 loss = 0.186766 (max 14.95), (true 902, predicted [902])
attack: step 10/10, xent loss = 0.0135696, l2 loss = 0.190783 (max 14.95), (true 902, predicted [902])
true = 902, adv = 902
evaluating 814 of [810, 820)
attack: step 1/10, xent loss = 8.46444, l2 loss = 19.1293 (max 14.95), (true 627, predicted [412])
attack: step 2/10, xent loss = 7.82104, l2 loss = 20.4121 (max 14.95), (true 627, predicted [728])
attack: step 3/10, xent loss = 9.04781, l2 loss = 21.0591 (max 14.95), (true 627, predicted [412])
attack: step 4/10, xent loss = 9.19409, l2 loss = 22.4439 (max 14.95), (true 627, predicted [412])
attack: step 5/10, xent loss = 10.2974, l2 loss = 23.2353 (max 14.95), (true 627, predicted [412])
attack: step 6/10, xent loss = 8.31538, l2 loss = 24.456 (max 14.95), (true 627, predicted [412])
attack: step 7/10, xent loss = 9.61228, l2 loss = 24.9112 (max 14.95), (true 627, predicted [412])
attack: step 8/10, xent loss = 11.4871, l2 loss = 25.3608 (max 14.95), (true 627, predicted [412])
attack: step 9/10, xent loss = 10.6447, l2 loss = 25.913 (max 14.95), (true 627, predicted [412])
attack: step 10/10, xent loss = 13.5518, l2 loss = 26.5002 (max 14.95), (true 627, predicted [412])
check failed
true = 627, adv = 412
evaluating 815 of [810, 820)
attack: step 1/10, xent loss = 14.8602, l2 loss = 21.1872 (max 14.95), (true 715, predicted [400])
attack: step 2/10, xent loss = 15.286, l2 loss = 22.5435 (max 14.95), (true 715, predicted [400])
attack: step 3/10, xent loss = 18.7738, l2 loss = 23.4273 (max 14.95), (true 715, predicted [400])
attack: step 4/10, xent loss = 19.6509, l2 loss = 24.1663 (max 14.95), (true 715, predicted [667])
attack: step 5/10, xent loss = 18.9702, l2 loss = 25.4545 (max 14.95), (true 715, predicted [400])
attack: step 6/10, xent loss = 18.2347, l2 loss = 26.1858 (max 14.95), (true 715, predicted [667])
attack: step 7/10, xent loss = 23.2456, l2 loss = 27.1789 (max 14.95), (true 715, predicted [667])
attack: step 8/10, xent loss = 18.5936, l2 loss = 28.177 (max 14.95), (true 715, predicted [667])
attack: step 9/10, xent loss = 22.0617, l2 loss = 28.8145 (max 14.95), (true 715, predicted [667])
attack: step 10/10, xent loss = 19.2312, l2 loss = 29.4148 (max 14.95), (true 715, predicted [667])
check failed
true = 715, adv = 667
evaluating 816 of [810, 820)
attack: step 1/10, xent loss = 0.153895, l2 loss = 1.2296 (max 14.95), (true 847, predicted [847])
attack: step 2/10, xent loss = 0.0516885, l2 loss = 1.36522 (max 14.95), (true 847, predicted [847])
attack: step 3/10, xent loss = 0.194331, l2 loss = 1.38575 (max 14.95), (true 847, predicted [847])
attack: step 4/10, xent loss = 0.21683, l2 loss = 1.62052 (max 14.95), (true 847, predicted [847])
attack: step 5/10, xent loss = 0.0789036, l2 loss = 1.96186 (max 14.95), (true 847, predicted [847])
attack: step 6/10, xent loss = 0.212071, l2 loss = 2.00072 (max 14.95), (true 847, predicted [847])
attack: step 7/10, xent loss = 0.166283, l2 loss = 2.13483 (max 14.95), (true 847, predicted [847])
attack: step 8/10, xent loss = 0.240475, l2 loss = 2.25836 (max 14.95), (true 847, predicted [847])
attack: step 9/10, xent loss = 0.182578, l2 loss = 2.45231 (max 14.95), (true 847, predicted [847])
attack: step 10/10, xent loss = 0.500083, l2 loss = 2.55905 (max 14.95), (true 847, predicted [847])
true = 847, adv = 847
evaluating 817 of [810, 820)
attack: step 1/10, xent loss = 10.3194, l2 loss = 11.5616 (max 14.95), (true 168, predicted [167])
attack: step 2/10, xent loss = 10.178, l2 loss = 12.238 (max 14.95), (true 168, predicted [167])
attack: step 3/10, xent loss = 10.5297, l2 loss = 12.7501 (max 14.95), (true 168, predicted [167])
attack: step 4/10, xent loss = 12.6393, l2 loss = 13.4857 (max 14.95), (true 168, predicted [167])
attack: step 5/10, xent loss = 13.028, l2 loss = 14.0548 (max 14.95), (true 168, predicted [167])
attack: step 6/10, xent loss = 12.0159, l2 loss = 14.5208 (max 14.95), (true 168, predicted [167])
attack: step 7/10, xent loss = 13.0303, l2 loss = 15.2268 (max 14.95), (true 168, predicted [167])
attack: step 8/10, xent loss = 14.0805, l2 loss = 15.8371 (max 14.95), (true 168, predicted [167])
attack: step 9/10, xent loss = 13.7134, l2 loss = 16.2867 (max 14.95), (true 168, predicted [167])
attack: step 10/10, xent loss = 13.2111, l2 loss = 16.8141 (max 14.95), (true 168, predicted [167])
check failed
true = 168, adv = 167
evaluating 818 of [810, 820)
attack: step 1/10, xent loss = 16.0347, l2 loss = 17.9755 (max 14.95), (true 502, predicted [630])
attack: step 2/10, xent loss = 16.5609, l2 loss = 19.1561 (max 14.95), (true 502, predicted [630])
attack: step 3/10, xent loss = 16.5118, l2 loss = 20.1778 (max 14.95), (true 502, predicted [630])
attack: step 4/10, xent loss = 18.7771, l2 loss = 21.3881 (max 14.95), (true 502, predicted [630])
attack: step 5/10, xent loss = 19.54, l2 loss = 22.3293 (max 14.95), (true 502, predicted [630])
attack: step 6/10, xent loss = 19.9278, l2 loss = 23.2573 (max 14.95), (true 502, predicted [630])
attack: step 7/10, xent loss = 20.7276, l2 loss = 24.2151 (max 14.95), (true 502, predicted [630])
attack: step 8/10, xent loss = 22.6464, l2 loss = 25.4167 (max 14.95), (true 502, predicted [630])
attack: step 9/10, xent loss = 20.7683, l2 loss = 26.423 (max 14.95), (true 502, predicted [630])
attack: step 10/10, xent loss = 24.053, l2 loss = 27.3379 (max 14.95), (true 502, predicted [630])
check failed
true = 502, adv = 630
evaluating 819 of [810, 820)
attack: step 1/10, xent loss = 5.82465, l2 loss = 13.5934 (max 14.95), (true 617, predicted [879])
attack: step 2/10, xent loss = 6.07326, l2 loss = 14.0543 (max 14.95), (true 617, predicted [879])
attack: step 3/10, xent loss = 8.13012, l2 loss = 14.7919 (max 14.95), (true 617, predicted [470])
attack: step 4/10, xent loss = 6.95624, l2 loss = 15.3107 (max 14.95), (true 617, predicted [470])
attack: step 5/10, xent loss = 7.33248, l2 loss = 15.9236 (max 14.95), (true 617, predicted [807])
attack: step 6/10, xent loss = 7.07526, l2 loss = 16.3909 (max 14.95), (true 617, predicted [470])
attack: step 7/10, xent loss = 7.51499, l2 loss = 16.8967 (max 14.95), (true 617, predicted [470])
attack: step 8/10, xent loss = 9.37644, l2 loss = 17.304 (max 14.95), (true 617, predicted [626])
attack: step 9/10, xent loss = 7.28965, l2 loss = 17.9911 (max 14.95), (true 617, predicted [470])
attack: step 10/10, xent loss = 8.03116, l2 loss = 18.4428 (max 14.95), (true 617, predicted [862])
check failed
true = 617, adv = 862
