2019-10-18 22:44:56.337175: I tensorflow/core/platform/cpu_feature_guard.cc:141] Your CPU supports instructions that this TensorFlow binary was not compiled to use: SSE4.1 SSE4.2 AVX AVX2 FMA
2019-10-18 22:44:56.342937: I tensorflow/core/platform/profile_utils/cpu_utils.cc:94] CPU Frequency: 2599945000 Hz
2019-10-18 22:44:56.343092: I tensorflow/compiler/xla/service/service.cc:150] XLA service 0x55555902ffd0 executing computations on platform Host. Devices:
2019-10-18 22:44:56.343115: I tensorflow/compiler/xla/service/service.cc:158]   StreamExecutor device (0): <undefined>, <undefined>
2019-10-18 22:44:56.343340: I tensorflow/core/common_runtime/process_util.cc:71] Creating new thread pool with default inter op setting: 2. Tune using inter_op_parallelism_threads for best performance.
evaluating 590 of [590, 600)
attack: step 1/1, xent loss = 0.473134, l2 loss = 0 (max 14.95), (true 86, predicted [86])
true = 86, adv = 86
evaluating 591 of [590, 600)
attack: step 1/1, xent loss = 0.0118498, l2 loss = 0 (max 14.95), (true 596, predicted [596])
true = 596, adv = 596
evaluating 592 of [590, 600)
attack: step 1/1, xent loss = 0.0443162, l2 loss = 0 (max 14.95), (true 129, predicted [129])
true = 129, adv = 129
evaluating 593 of [590, 600)
attack: step 1/1, xent loss = 0.983057, l2 loss = 0 (max 14.95), (true 112, predicted [112])
true = 112, adv = 728
evaluating 594 of [590, 600)
attack: step 1/1, xent loss = 1.56132, l2 loss = 0 (max 14.95), (true 7, predicted [86])
true = 7, adv = 88
evaluating 595 of [590, 600)
attack: step 1/1, xent loss = 0.0274166, l2 loss = 0 (max 14.95), (true 214, predicted [214])
true = 214, adv = 728
evaluating 596 of [590, 600)
attack: step 1/1, xent loss = 3.16846, l2 loss = 0 (max 14.95), (true 888, predicted [449])
true = 888, adv = 500
evaluating 597 of [590, 600)
attack: step 1/1, xent loss = 2.69045, l2 loss = 0 (max 14.95), (true 281, predicted [552])
true = 281, adv = 728
evaluating 598 of [590, 600)
attack: step 1/1, xent loss = 3.76826, l2 loss = 0 (max 14.95), (true 842, predicted [977])
true = 842, adv = 830
evaluating 599 of [590, 600)
attack: step 1/1, xent loss = 0.213463, l2 loss = 0 (max 14.95), (true 261, predicted [261])
true = 261, adv = 728
