2019-10-27 14:16:41.166345: I tensorflow/core/platform/cpu_feature_guard.cc:141] Your CPU supports instructions that this TensorFlow binary was not compiled to use: SSE4.1 SSE4.2 AVX AVX2 FMA
2019-10-27 14:16:41.176953: I tensorflow/core/platform/profile_utils/cpu_utils.cc:94] CPU Frequency: 2600160000 Hz
2019-10-27 14:16:41.177154: I tensorflow/compiler/xla/service/service.cc:150] XLA service 0x55555902f130 executing computations on platform Host. Devices:
2019-10-27 14:16:41.177181: I tensorflow/compiler/xla/service/service.cc:158]   StreamExecutor device (0): <undefined>, <undefined>
2019-10-27 14:16:41.177453: I tensorflow/core/common_runtime/process_util.cc:71] Creating new thread pool with default inter op setting: 2. Tune using inter_op_parallelism_threads for best performance.
evaluating 380 of [380, 390)
attack: step 1/10, xent loss = 16.01, l2 loss = 33.6829 (max 14.95), (true 229, predicted [728])
unbound attack returning early
check failed
true = 229, adv = 728
evaluating 381 of [380, 390)
attack: step 1/10, xent loss = 6.69376, l2 loss = 7.97027 (max 14.95), (true 808, predicted [701])
returning early
true = 808, adv = 701
evaluating 382 of [380, 390)
attack: step 1/10, xent loss = 7.59141, l2 loss = 13.2909 (max 14.95), (true 382, predicted [417])
returning early
true = 382, adv = 643
evaluating 383 of [380, 390)
attack: step 1/10, xent loss = 16.7875, l2 loss = 34.3566 (max 14.95), (true 762, predicted [728])
unbound attack returning early
check failed
true = 762, adv = 728
evaluating 384 of [380, 390)
attack: step 1/10, xent loss = 18.5239, l2 loss = 44.5496 (max 14.95), (true 312, predicted [728])
unbound attack returning early
check failed
true = 312, adv = 728
evaluating 385 of [380, 390)
attack: step 1/10, xent loss = 12.5115, l2 loss = 19.289 (max 14.95), (true 186, predicted [723])
unbound attack returning early
check failed
true = 186, adv = 723
evaluating 386 of [380, 390)
attack: step 1/10, xent loss = 11.3924, l2 loss = 13.7118 (max 14.95), (true 61, predicted [728])
returning early
true = 61, adv = 728
evaluating 387 of [380, 390)
attack: step 1/10, xent loss = 6.90837, l2 loss = 11.0468 (max 14.95), (true 393, predicted [601])
returning early
true = 393, adv = 601
evaluating 388 of [380, 390)
attack: step 1/10, xent loss = 5.17141, l2 loss = 21.5907 (max 14.95), (true 439, predicted [501])
unbound attack returning early
check failed
true = 439, adv = 457
evaluating 389 of [380, 390)
attack: step 1/10, xent loss = 8.21653, l2 loss = 11.6426 (max 14.95), (true 482, predicted [476])
returning early
true = 482, adv = 557
