2019-05-30 19:37:25.499118: I tensorflow/core/platform/cpu_feature_guard.cc:141] Your CPU supports instructions that this TensorFlow binary was not compiled to use: SSE4.1 SSE4.2 AVX AVX2 FMA
2019-05-30 19:37:25.508358: I tensorflow/core/platform/profile_utils/cpu_utils.cc:94] CPU Frequency: 2599985000 Hz
2019-05-30 19:37:25.508497: I tensorflow/compiler/xla/service/service.cc:150] XLA service 0x2aaae6fc1f00 executing computations on platform Host. Devices:
2019-05-30 19:37:25.508518: I tensorflow/compiler/xla/service/service.cc:158]   StreamExecutor device (0): <undefined>, <undefined>
2019-05-30 19:37:25.508712: I tensorflow/core/common_runtime/process_util.cc:71] Creating new thread pool with default inter op setting: 2. Tune using inter_op_parallelism_threads for best performance.
evaluating 670 of [670, 680)
attack: step 1/30, xent loss = 1.75513, l2 loss = 0 (max 14.95), (true 303, predicted [303])
attack: step 2/30, xent loss = 7.00531, l2 loss = 2.36095 (max 14.95), (true 303, predicted [310])
returning early
true = 303, adv = 310
evaluating 671 of [670, 680)
attack: step 1/30, xent loss = 0.0612198, l2 loss = 0 (max 14.95), (true 884, predicted [884])
attack: step 2/30, xent loss = 0.236519, l2 loss = 0.108872 (max 14.95), (true 884, predicted [884])
attack: step 3/30, xent loss = 1.63325, l2 loss = 0.417869 (max 14.95), (true 884, predicted [884])
attack: step 4/30, xent loss = 2.51959, l2 loss = 1.58406 (max 14.95), (true 884, predicted [873])
returning early
true = 884, adv = 873
evaluating 672 of [670, 680)
attack: step 1/30, xent loss = 0.0188026, l2 loss = 0 (max 14.95), (true 236, predicted [236])
attack: step 2/30, xent loss = 0.118595, l2 loss = 0.0671725 (max 14.95), (true 236, predicted [236])
attack: step 3/30, xent loss = 5.25367, l2 loss = 0.423546 (max 14.95), (true 236, predicted [237])
returning early
true = 236, adv = 237
evaluating 673 of [670, 680)
attack: step 1/30, xent loss = 2.81742, l2 loss = 0 (max 14.95), (true 680, predicted [287])
returning early
true = 680, adv = 287
evaluating 674 of [670, 680)
attack: step 1/30, xent loss = 6.82652, l2 loss = 0 (max 14.95), (true 65, predicted [119])
returning early
true = 65, adv = 119
evaluating 675 of [670, 680)
attack: step 1/30, xent loss = 2.82311, l2 loss = 0 (max 14.95), (true 516, predicted [697])
returning early
true = 516, adv = 697
evaluating 676 of [670, 680)
attack: step 1/30, xent loss = 2.44495, l2 loss = 0 (max 14.95), (true 880, predicted [870])
returning early
true = 880, adv = 870
evaluating 677 of [670, 680)
attack: step 1/30, xent loss = 3.50892, l2 loss = 0 (max 14.95), (true 443, predicted [910])
returning early
true = 443, adv = 910
evaluating 678 of [670, 680)
attack: step 1/30, xent loss = 0.128392, l2 loss = 0 (max 14.95), (true 21, predicted [21])
attack: step 2/30, xent loss = 3.47068, l2 loss = 0.432075 (max 14.95), (true 21, predicted [146])
returning early
true = 21, adv = 146
evaluating 679 of [670, 680)
attack: step 1/30, xent loss = 0.114968, l2 loss = 0 (max 14.95), (true 395, predicted [395])
attack: step 2/30, xent loss = 9.63836, l2 loss = 0.822071 (max 14.95), (true 395, predicted [103])
returning early
true = 395, adv = 103
