2019-10-26 23:08:40.434766: I tensorflow/core/platform/cpu_feature_guard.cc:141] Your CPU supports instructions that this TensorFlow binary was not compiled to use: SSE4.1 SSE4.2 AVX AVX2 FMA
2019-10-26 23:08:40.440158: I tensorflow/core/platform/profile_utils/cpu_utils.cc:94] CPU Frequency: 2600125000 Hz
2019-10-26 23:08:40.440287: I tensorflow/compiler/xla/service/service.cc:150] XLA service 0x55555902f060 executing computations on platform Host. Devices:
2019-10-26 23:08:40.440305: I tensorflow/compiler/xla/service/service.cc:158]   StreamExecutor device (0): <undefined>, <undefined>
2019-10-26 23:08:40.440515: I tensorflow/core/common_runtime/process_util.cc:71] Creating new thread pool with default inter op setting: 2. Tune using inter_op_parallelism_threads for best performance.
evaluating 860 of [860, 870)
attack: step 1/10, xent loss = 17.3281, l2 loss = 24.3187 (max 14.95), (true 615, predicted [728])
unbound attack returning early
check failed
true = 615, adv = 728
evaluating 861 of [860, 870)
attack: step 1/10, xent loss = 17.6521, l2 loss = 28.1694 (max 14.95), (true 98, predicted [2])
unbound attack returning early
check failed
true = 98, adv = 2
evaluating 862 of [860, 870)
attack: step 1/10, xent loss = 16.2779, l2 loss = 28.4389 (max 14.95), (true 396, predicted [728])
unbound attack returning early
check failed
true = 396, adv = 728
evaluating 863 of [860, 870)
attack: step 1/10, xent loss = 25.1673, l2 loss = 32.1538 (max 14.95), (true 943, predicted [910])
unbound attack returning early
check failed
true = 943, adv = 910
evaluating 864 of [860, 870)
attack: step 1/10, xent loss = 26.472, l2 loss = 38.5466 (max 14.95), (true 541, predicted [920])
unbound attack returning early
check failed
true = 541, adv = 920
evaluating 865 of [860, 870)
attack: step 1/10, xent loss = 20.557, l2 loss = 29.5909 (max 14.95), (true 67, predicted [728])
unbound attack returning early
check failed
true = 67, adv = 728
evaluating 866 of [860, 870)
attack: step 1/10, xent loss = 21.8801, l2 loss = 37.7327 (max 14.95), (true 642, predicted [830])
unbound attack returning early
check failed
true = 642, adv = 830
evaluating 867 of [860, 870)
attack: step 1/10, xent loss = 20.8478, l2 loss = 40.6777 (max 14.95), (true 331, predicted [862])
unbound attack returning early
check failed
true = 331, adv = 862
evaluating 868 of [860, 870)
attack: step 1/10, xent loss = 28.392, l2 loss = 44.1744 (max 14.95), (true 260, predicted [728])
unbound attack returning early
check failed
true = 260, adv = 728
evaluating 869 of [860, 870)
attack: step 1/10, xent loss = 7.14191, l2 loss = 16.9238 (max 14.95), (true 501, predicted [543])
unbound attack returning early
check failed
true = 501, adv = 834
