2019-06-26 22:30:03.060336: I tensorflow/core/platform/cpu_feature_guard.cc:141] Your CPU supports instructions that this TensorFlow binary was not compiled to use: SSE4.1 SSE4.2 AVX AVX2 FMA
2019-06-26 22:30:03.505094: I tensorflow/core/platform/profile_utils/cpu_utils.cc:94] CPU Frequency: 2600130000 Hz
2019-06-26 22:30:03.506198: I tensorflow/compiler/xla/service/service.cc:150] XLA service 0x2aaae6bbfbd0 executing computations on platform Host. Devices:
2019-06-26 22:30:03.506288: I tensorflow/compiler/xla/service/service.cc:158]   StreamExecutor device (0): <undefined>, <undefined>
2019-06-26 22:30:03.508191: I tensorflow/core/common_runtime/process_util.cc:71] Creating new thread pool with default inter op setting: 2. Tune using inter_op_parallelism_threads for best performance.
evaluating 330 of [330, 340)
attack: step 1/10, xent loss = 12.7108, l2 loss = 19.2846 (max 14.95), (true 525, predicted [936])
attack: step 2/10, xent loss = 13.6507, l2 loss = 19.791 (max 14.95), (true 525, predicted [936])
attack: step 3/10, xent loss = 16.075, l2 loss = 20.5244 (max 14.95), (true 525, predicted [936])
attack: step 4/10, xent loss = 14.1693, l2 loss = 21.4239 (max 14.95), (true 525, predicted [936])
attack: step 5/10, xent loss = 15.165, l2 loss = 22.082 (max 14.95), (true 525, predicted [936])
attack: step 6/10, xent loss = 17.1436, l2 loss = 22.6 (max 14.95), (true 525, predicted [936])
attack: step 7/10, xent loss = 17.9917, l2 loss = 23.7881 (max 14.95), (true 525, predicted [936])
attack: step 8/10, xent loss = 18.6207, l2 loss = 24.6545 (max 14.95), (true 525, predicted [936])
attack: step 9/10, xent loss = 18.8578, l2 loss = 25.1849 (max 14.95), (true 525, predicted [936])
attack: step 10/10, xent loss = 21.0847, l2 loss = 25.9538 (max 14.95), (true 525, predicted [936])
check failed
true = 525, adv = 936
evaluating 331 of [330, 340)
attack: step 1/10, xent loss = 10.7629, l2 loss = 12.1354 (max 14.95), (true 490, predicted [679])
attack: step 2/10, xent loss = 12.5831, l2 loss = 12.7067 (max 14.95), (true 490, predicted [679])
attack: step 3/10, xent loss = 11.8981, l2 loss = 13.2551 (max 14.95), (true 490, predicted [679])
attack: step 4/10, xent loss = 12.6475, l2 loss = 13.9417 (max 14.95), (true 490, predicted [679])
attack: step 5/10, xent loss = 11.8569, l2 loss = 14.4072 (max 14.95), (true 490, predicted [679])
attack: step 6/10, xent loss = 12.7385, l2 loss = 14.9755 (max 14.95), (true 490, predicted [679])
attack: step 7/10, xent loss = 13.1789, l2 loss = 15.3309 (max 14.95), (true 490, predicted [679])
attack: step 8/10, xent loss = 13.5282, l2 loss = 15.8379 (max 14.95), (true 490, predicted [679])
attack: step 9/10, xent loss = 13.3258, l2 loss = 16.3161 (max 14.95), (true 490, predicted [679])
attack: step 10/10, xent loss = 12.6716, l2 loss = 16.8328 (max 14.95), (true 490, predicted [679])
check failed
true = 490, adv = 679
evaluating 332 of [330, 340)
attack: step 1/10, xent loss = 10.8512, l2 loss = 15.0903 (max 14.95), (true 192, predicted [182])
attack: step 2/10, xent loss = 11.2003, l2 loss = 15.9267 (max 14.95), (true 192, predicted [182])
attack: step 3/10, xent loss = 9.81665, l2 loss = 16.7698 (max 14.95), (true 192, predicted [182])
attack: step 4/10, xent loss = 12.5344, l2 loss = 17.77 (max 14.95), (true 192, predicted [182])
attack: step 5/10, xent loss = 12.3251, l2 loss = 18.5365 (max 14.95), (true 192, predicted [182])
attack: step 6/10, xent loss = 11.5458, l2 loss = 19.164 (max 14.95), (true 192, predicted [182])
attack: step 7/10, xent loss = 14.6824, l2 loss = 19.7177 (max 14.95), (true 192, predicted [182])
attack: step 8/10, xent loss = 12.3303, l2 loss = 20.1346 (max 14.95), (true 192, predicted [182])
attack: step 9/10, xent loss = 14.3528, l2 loss = 21.0401 (max 14.95), (true 192, predicted [182])
attack: step 10/10, xent loss = 13.7841, l2 loss = 21.6899 (max 14.95), (true 192, predicted [182])
check failed
true = 192, adv = 182
evaluating 333 of [330, 340)
attack: step 1/10, xent loss = 5.91942, l2 loss = 9.03917 (max 14.95), (true 535, predicted [807])
attack: step 2/10, xent loss = 7.95683, l2 loss = 9.38296 (max 14.95), (true 535, predicted [807])
attack: step 3/10, xent loss = 5.67056, l2 loss = 9.94421 (max 14.95), (true 535, predicted [807])
attack: step 4/10, xent loss = 6.91346, l2 loss = 10.3075 (max 14.95), (true 535, predicted [807])
attack: step 5/10, xent loss = 6.57584, l2 loss = 10.6765 (max 14.95), (true 535, predicted [807])
attack: step 6/10, xent loss = 7.17981, l2 loss = 10.9493 (max 14.95), (true 535, predicted [807])
attack: step 7/10, xent loss = 8.18471, l2 loss = 11.453 (max 14.95), (true 535, predicted [807])
attack: step 8/10, xent loss = 7.59722, l2 loss = 11.7201 (max 14.95), (true 535, predicted [807])
attack: step 9/10, xent loss = 8.1719, l2 loss = 12.377 (max 14.95), (true 535, predicted [807])
attack: step 10/10, xent loss = 9.39416, l2 loss = 12.7084 (max 14.95), (true 535, predicted [807])
true = 535, adv = 807
evaluating 334 of [330, 340)
attack: step 1/10, xent loss = 20.0089, l2 loss = 28.449 (max 14.95), (true 64, predicted [830])
attack: step 2/10, xent loss = 17.7175, l2 loss = 29.4919 (max 14.95), (true 64, predicted [830])
attack: step 3/10, xent loss = 21.2037, l2 loss = 30.2811 (max 14.95), (true 64, predicted [830])
attack: step 4/10, xent loss = 21.2306, l2 loss = 31.0456 (max 14.95), (true 64, predicted [830])
attack: step 5/10, xent loss = 23.2468, l2 loss = 32.2814 (max 14.95), (true 64, predicted [830])
attack: step 6/10, xent loss = 22.7388, l2 loss = 32.9986 (max 14.95), (true 64, predicted [830])
attack: step 7/10, xent loss = 26.9091, l2 loss = 33.7543 (max 14.95), (true 64, predicted [830])
attack: step 8/10, xent loss = 24.2454, l2 loss = 34.5536 (max 14.95), (true 64, predicted [830])
attack: step 9/10, xent loss = 26.1443, l2 loss = 35.6966 (max 14.95), (true 64, predicted [830])
attack: step 10/10, xent loss = 28.1273, l2 loss = 36.5406 (max 14.95), (true 64, predicted [830])
check failed
true = 64, adv = 830
evaluating 335 of [330, 340)
attack: step 1/10, xent loss = 9.70342, l2 loss = 10.3711 (max 14.95), (true 5, predicted [692])
attack: step 2/10, xent loss = 10.2365, l2 loss = 10.9763 (max 14.95), (true 5, predicted [692])
attack: step 3/10, xent loss = 11.0805, l2 loss = 11.2701 (max 14.95), (true 5, predicted [692])
attack: step 4/10, xent loss = 11.3471, l2 loss = 11.8137 (max 14.95), (true 5, predicted [692])
attack: step 5/10, xent loss = 11.4084, l2 loss = 12.3096 (max 14.95), (true 5, predicted [793])
attack: step 6/10, xent loss = 12.6916, l2 loss = 12.8304 (max 14.95), (true 5, predicted [793])
attack: step 7/10, xent loss = 11.2546, l2 loss = 13.6983 (max 14.95), (true 5, predicted [793])
attack: step 8/10, xent loss = 11.5921, l2 loss = 13.9329 (max 14.95), (true 5, predicted [793])
attack: step 9/10, xent loss = 13.6396, l2 loss = 14.8398 (max 14.95), (true 5, predicted [793])
attack: step 10/10, xent loss = 13.5549, l2 loss = 16.027 (max 14.95), (true 5, predicted [793])
check failed
true = 5, adv = 793
evaluating 336 of [330, 340)
attack: step 1/10, xent loss = 14.7391, l2 loss = 14.4293 (max 14.95), (true 935, predicted [927])
attack: step 2/10, xent loss = 15.2484, l2 loss = 15.1982 (max 14.95), (true 935, predicted [927])
attack: step 3/10, xent loss = 16.5289, l2 loss = 15.667 (max 14.95), (true 935, predicted [927])
attack: step 4/10, xent loss = 17.1061, l2 loss = 16.3326 (max 14.95), (true 935, predicted [927])
attack: step 5/10, xent loss = 16.6036, l2 loss = 16.8245 (max 14.95), (true 935, predicted [927])
attack: step 6/10, xent loss = 16.4453, l2 loss = 17.7766 (max 14.95), (true 935, predicted [927])
attack: step 7/10, xent loss = 18.6115, l2 loss = 18.2987 (max 14.95), (true 935, predicted [927])
attack: step 8/10, xent loss = 18.4173, l2 loss = 18.8815 (max 14.95), (true 935, predicted [927])
attack: step 9/10, xent loss = 18.4424, l2 loss = 19.436 (max 14.95), (true 935, predicted [927])
attack: step 10/10, xent loss = 19.6074, l2 loss = 19.9364 (max 14.95), (true 935, predicted [927])
check failed
true = 935, adv = 927
evaluating 337 of [330, 340)
attack: step 1/10, xent loss = 21.3913, l2 loss = 25.6693 (max 14.95), (true 792, predicted [728])
attack: step 2/10, xent loss = 20.1108, l2 loss = 27.225 (max 14.95), (true 792, predicted [728])
attack: step 3/10, xent loss = 22.8494, l2 loss = 28.5375 (max 14.95), (true 792, predicted [728])
attack: step 4/10, xent loss = 24.8872, l2 loss = 29.7524 (max 14.95), (true 792, predicted [728])
attack: step 5/10, xent loss = 20.8063, l2 loss = 30.9741 (max 14.95), (true 792, predicted [728])
attack: step 6/10, xent loss = 23.7005, l2 loss = 32.3673 (max 14.95), (true 792, predicted [728])
attack: step 7/10, xent loss = 23.1352, l2 loss = 33.765 (max 14.95), (true 792, predicted [728])
attack: step 8/10, xent loss = 24.046, l2 loss = 34.8362 (max 14.95), (true 792, predicted [728])
attack: step 9/10, xent loss = 28.288, l2 loss = 35.7442 (max 14.95), (true 792, predicted [728])
attack: step 10/10, xent loss = 29.1674, l2 loss = 36.6734 (max 14.95), (true 792, predicted [728])
check failed
true = 792, adv = 728
evaluating 338 of [330, 340)
attack: step 1/10, xent loss = 20.4473, l2 loss = 21.8114 (max 14.95), (true 278, predicted [728])
attack: step 2/10, xent loss = 22.121, l2 loss = 23.1898 (max 14.95), (true 278, predicted [728])
attack: step 3/10, xent loss = 24.317, l2 loss = 24.4077 (max 14.95), (true 278, predicted [728])
attack: step 4/10, xent loss = 23.8674, l2 loss = 26.1125 (max 14.95), (true 278, predicted [728])
attack: step 5/10, xent loss = 23.2415, l2 loss = 27.8083 (max 14.95), (true 278, predicted [728])
attack: step 6/10, xent loss = 25.3528, l2 loss = 29.2238 (max 14.95), (true 278, predicted [728])
attack: step 7/10, xent loss = 29.2484, l2 loss = 30.6071 (max 14.95), (true 278, predicted [728])
attack: step 8/10, xent loss = 29.7731, l2 loss = 31.8086 (max 14.95), (true 278, predicted [728])
attack: step 9/10, xent loss = 32.7443, l2 loss = 33.2061 (max 14.95), (true 278, predicted [728])
attack: step 10/10, xent loss = 27.0449, l2 loss = 35.0768 (max 14.95), (true 278, predicted [728])
check failed
true = 278, adv = 728
evaluating 339 of [330, 340)
attack: step 1/10, xent loss = 11.7885, l2 loss = 16.0207 (max 14.95), (true 806, predicted [774])
attack: step 2/10, xent loss = 12.7985, l2 loss = 17.336 (max 14.95), (true 806, predicted [774])
attack: step 3/10, xent loss = 13.2367, l2 loss = 18.8499 (max 14.95), (true 806, predicted [774])
attack: step 4/10, xent loss = 15.3851, l2 loss = 20.5288 (max 14.95), (true 806, predicted [774])
attack: step 5/10, xent loss = 14.4659, l2 loss = 21.5735 (max 14.95), (true 806, predicted [774])
attack: step 6/10, xent loss = 16.5802, l2 loss = 22.4219 (max 14.95), (true 806, predicted [774])
attack: step 7/10, xent loss = 17.3256, l2 loss = 23.1793 (max 14.95), (true 806, predicted [774])
attack: step 8/10, xent loss = 18.1609, l2 loss = 23.6516 (max 14.95), (true 806, predicted [774])
attack: step 9/10, xent loss = 18.8614, l2 loss = 24.1713 (max 14.95), (true 806, predicted [774])
attack: step 10/10, xent loss = 18.7493, l2 loss = 24.7889 (max 14.95), (true 806, predicted [774])
check failed
true = 806, adv = 774
Warning: Permanently added 'node010,192.168.10.10' (RSA) to the list of known hosts.
