2019-05-28 15:21:35.453502: I tensorflow/core/platform/cpu_feature_guard.cc:141] Your CPU supports instructions that this TensorFlow binary was not compiled to use: SSE4.1 SSE4.2 AVX AVX2 FMA
2019-05-28 15:21:36.588609: I tensorflow/core/platform/profile_utils/cpu_utils.cc:94] CPU Frequency: 2599965000 Hz
2019-05-28 15:21:36.591952: I tensorflow/compiler/xla/service/service.cc:150] XLA service 0x2aaae70bcf70 executing computations on platform Host. Devices:
2019-05-28 15:21:36.591985: I tensorflow/compiler/xla/service/service.cc:158]   StreamExecutor device (0): <undefined>, <undefined>
2019-05-28 15:21:36.594179: I tensorflow/core/common_runtime/process_util.cc:71] Creating new thread pool with default inter op setting: 2. Tune using inter_op_parallelism_threads for best performance.
evaluating 120 of [120, 130)
attack: step 1/10, xent loss = 1.6536, l2 loss = 0 (max 14.95), (true 125, predicted [125])
attack: step 2/10, xent loss = 4.3132, l2 loss = 6.21823 (max 14.95), (true 125, predicted [314])
attack: step 3/10, xent loss = 6.93358, l2 loss = 8.96951 (max 14.95), (true 125, predicted [728])
attack: step 4/10, xent loss = 8.38082, l2 loss = 10.4722 (max 14.95), (true 125, predicted [909])
attack: step 5/10, xent loss = 9.24148, l2 loss = 11.1335 (max 14.95), (true 125, predicted [909])
attack: step 6/10, xent loss = 9.1104, l2 loss = 11.5454 (max 14.95), (true 125, predicted [728])
attack: step 7/10, xent loss = 9.44604, l2 loss = 12.4568 (max 14.95), (true 125, predicted [728])
attack: step 8/10, xent loss = 9.83231, l2 loss = 13.6526 (max 14.95), (true 125, predicted [728])
attack: step 9/10, xent loss = 15.0842, l2 loss = 14.3827 (max 14.95), (true 125, predicted [728])
attack: step 10/10, xent loss = 15.4284, l2 loss = 17.6047 (max 14.95), (true 125, predicted [728])
check failed
true = 125, adv = 728
evaluating 121 of [120, 130)
attack: step 1/10, xent loss = 3.07201, l2 loss = 0 (max 14.95), (true 6, predicted [728])
attack: step 2/10, xent loss = 7.23028, l2 loss = 8.13102 (max 14.95), (true 6, predicted [728])
attack: step 3/10, xent loss = 13.4688, l2 loss = 12.5378 (max 14.95), (true 6, predicted [728])
attack: step 4/10, xent loss = 17.5805, l2 loss = 15.395 (max 14.95), (true 6, predicted [728])
attack: step 5/10, xent loss = 20.428, l2 loss = 19.1639 (max 14.95), (true 6, predicted [728])
attack: step 6/10, xent loss = 27.2231, l2 loss = 21.8264 (max 14.95), (true 6, predicted [728])
attack: step 7/10, xent loss = 19.2986, l2 loss = 25.3214 (max 14.95), (true 6, predicted [728])
attack: step 8/10, xent loss = 27.6148, l2 loss = 28.5423 (max 14.95), (true 6, predicted [728])
attack: step 9/10, xent loss = 32.4969, l2 loss = 29.9371 (max 14.95), (true 6, predicted [728])
attack: step 10/10, xent loss = 27.1149, l2 loss = 31.6399 (max 14.95), (true 6, predicted [728])
check failed
true = 6, adv = 728
evaluating 122 of [120, 130)
attack: step 1/10, xent loss = 0.0233718, l2 loss = 0 (max 14.95), (true 190, predicted [190])
attack: step 2/10, xent loss = 0.0379222, l2 loss = 0.09004 (max 14.95), (true 190, predicted [190])
attack: step 3/10, xent loss = 0.0682048, l2 loss = 0.168775 (max 14.95), (true 190, predicted [190])
attack: step 4/10, xent loss = 0.0206325, l2 loss = 0.301259 (max 14.95), (true 190, predicted [190])
attack: step 5/10, xent loss = 0.028684, l2 loss = 0.315337 (max 14.95), (true 190, predicted [190])
attack: step 6/10, xent loss = 0.0110573, l2 loss = 0.331658 (max 14.95), (true 190, predicted [190])
attack: step 7/10, xent loss = 0.0628789, l2 loss = 0.335857 (max 14.95), (true 190, predicted [190])
attack: step 8/10, xent loss = 0.0236593, l2 loss = 0.402965 (max 14.95), (true 190, predicted [190])
attack: step 9/10, xent loss = 0.0461668, l2 loss = 0.421683 (max 14.95), (true 190, predicted [190])
attack: step 10/10, xent loss = 0.0444248, l2 loss = 0.456608 (max 14.95), (true 190, predicted [190])
true = 190, adv = 190
evaluating 123 of [120, 130)
attack: step 1/10, xent loss = 2.42174, l2 loss = 0 (max 14.95), (true 712, predicted [599])
attack: step 2/10, xent loss = 3.19837, l2 loss = 3.5237 (max 14.95), (true 712, predicted [599])
attack: step 3/10, xent loss = 6.02754, l2 loss = 7.31462 (max 14.95), (true 712, predicted [599])
attack: step 4/10, xent loss = 8.06473, l2 loss = 8.92417 (max 14.95), (true 712, predicted [599])
attack: step 5/10, xent loss = 8.35282, l2 loss = 10.1682 (max 14.95), (true 712, predicted [599])
attack: step 6/10, xent loss = 10.5634, l2 loss = 11.8006 (max 14.95), (true 712, predicted [599])
attack: step 7/10, xent loss = 11.5249, l2 loss = 12.3208 (max 14.95), (true 712, predicted [599])
attack: step 8/10, xent loss = 11.6257, l2 loss = 12.7814 (max 14.95), (true 712, predicted [599])
attack: step 9/10, xent loss = 12.5036, l2 loss = 13.4734 (max 14.95), (true 712, predicted [599])
attack: step 10/10, xent loss = 13.0512, l2 loss = 14.1462 (max 14.95), (true 712, predicted [599])
true = 712, adv = 599
evaluating 124 of [120, 130)
attack: step 1/10, xent loss = 7.33562, l2 loss = 0 (max 14.95), (true 502, predicted [121])
attack: step 2/10, xent loss = 7.33299, l2 loss = 3.14067 (max 14.95), (true 502, predicted [121])
attack: step 3/10, xent loss = 8.79595, l2 loss = 4.57157 (max 14.95), (true 502, predicted [121])
attack: step 4/10, xent loss = 9.42612, l2 loss = 5.99668 (max 14.95), (true 502, predicted [121])
attack: step 5/10, xent loss = 10.2691, l2 loss = 7.18436 (max 14.95), (true 502, predicted [121])
attack: step 6/10, xent loss = 10.3989, l2 loss = 8.46964 (max 14.95), (true 502, predicted [121])
attack: step 7/10, xent loss = 12.4144, l2 loss = 9.49477 (max 14.95), (true 502, predicted [121])
attack: step 8/10, xent loss = 13.8008, l2 loss = 10.9234 (max 14.95), (true 502, predicted [121])
attack: step 9/10, xent loss = 15.3567, l2 loss = 11.946 (max 14.95), (true 502, predicted [121])
attack: step 10/10, xent loss = 15.7736, l2 loss = 13.1648 (max 14.95), (true 502, predicted [121])
true = 502, adv = 121
evaluating 125 of [120, 130)
attack: step 1/10, xent loss = 2.63711, l2 loss = 0 (max 14.95), (true 581, predicted [656])
attack: step 2/10, xent loss = 3.56218, l2 loss = 2.98417 (max 14.95), (true 581, predicted [817])
attack: step 3/10, xent loss = 3.12541, l2 loss = 4.12417 (max 14.95), (true 581, predicted [817])
attack: step 4/10, xent loss = 3.28967, l2 loss = 5.07487 (max 14.95), (true 581, predicted [656])
attack: step 5/10, xent loss = 4.37191, l2 loss = 6.04781 (max 14.95), (true 581, predicted [412])
attack: step 6/10, xent loss = 5.29969, l2 loss = 6.8638 (max 14.95), (true 581, predicted [830])
attack: step 7/10, xent loss = 5.01895, l2 loss = 7.59783 (max 14.95), (true 581, predicted [656])
attack: step 8/10, xent loss = 6.69044, l2 loss = 8.37464 (max 14.95), (true 581, predicted [867])
attack: step 9/10, xent loss = 6.29633, l2 loss = 8.97647 (max 14.95), (true 581, predicted [609])
attack: step 10/10, xent loss = 6.59555, l2 loss = 9.7743 (max 14.95), (true 581, predicted [569])
true = 581, adv = 656
evaluating 126 of [120, 130)
attack: step 1/10, xent loss = 3.99773, l2 loss = 0 (max 14.95), (true 59, predicted [645])
attack: step 2/10, xent loss = 5.78079, l2 loss = 4.09241 (max 14.95), (true 59, predicted [645])
attack: step 3/10, xent loss = 7.25496, l2 loss = 8.13737 (max 14.95), (true 59, predicted [645])
attack: step 4/10, xent loss = 7.0628, l2 loss = 9.80087 (max 14.95), (true 59, predicted [645])
attack: step 5/10, xent loss = 8.75937, l2 loss = 10.7553 (max 14.95), (true 59, predicted [645])
attack: step 6/10, xent loss = 11.6036, l2 loss = 12.0538 (max 14.95), (true 59, predicted [645])
attack: step 7/10, xent loss = 12.8929, l2 loss = 13.5693 (max 14.95), (true 59, predicted [645])
attack: step 8/10, xent loss = 12.8754, l2 loss = 15.3341 (max 14.95), (true 59, predicted [645])
attack: step 9/10, xent loss = 15.782, l2 loss = 16.1287 (max 14.95), (true 59, predicted [645])
attack: step 10/10, xent loss = 14.8147, l2 loss = 17.1545 (max 14.95), (true 59, predicted [645])
check failed
true = 59, adv = 645
evaluating 127 of [120, 130)
attack: step 1/10, xent loss = 0.0601884, l2 loss = 0 (max 14.95), (true 383, predicted [383])
attack: step 2/10, xent loss = 0.0407356, l2 loss = 0.135786 (max 14.95), (true 383, predicted [383])
attack: step 3/10, xent loss = 0.0723101, l2 loss = 0.161463 (max 14.95), (true 383, predicted [383])
attack: step 4/10, xent loss = 0.122415, l2 loss = 0.239383 (max 14.95), (true 383, predicted [383])
attack: step 5/10, xent loss = 0.0825998, l2 loss = 0.426563 (max 14.95), (true 383, predicted [383])
attack: step 6/10, xent loss = 0.121575, l2 loss = 0.47881 (max 14.95), (true 383, predicted [383])
attack: step 7/10, xent loss = 0.0258889, l2 loss = 0.639118 (max 14.95), (true 383, predicted [383])
attack: step 8/10, xent loss = 0.0484708, l2 loss = 0.64441 (max 14.95), (true 383, predicted [383])
attack: step 9/10, xent loss = 0.060067, l2 loss = 0.659513 (max 14.95), (true 383, predicted [383])
attack: step 10/10, xent loss = 0.0304847, l2 loss = 0.685711 (max 14.95), (true 383, predicted [383])
true = 383, adv = 383
evaluating 128 of [120, 130)
attack: step 1/10, xent loss = 5.64554, l2 loss = 0 (max 14.95), (true 361, predicted [552])
attack: step 2/10, xent loss = 8.18575, l2 loss = 7.39043 (max 14.95), (true 361, predicted [552])
attack: step 3/10, xent loss = 13.22, l2 loss = 9.68785 (max 14.95), (true 361, predicted [552])
attack: step 4/10, xent loss = 14.8418, l2 loss = 12.3189 (max 14.95), (true 361, predicted [552])
attack: step 5/10, xent loss = 17.1742, l2 loss = 15.2226 (max 14.95), (true 361, predicted [552])
attack: step 6/10, xent loss = 19.8305, l2 loss = 16.8056 (max 14.95), (true 361, predicted [552])
attack: step 7/10, xent loss = 19.7669, l2 loss = 19.6509 (max 14.95), (true 361, predicted [552])
attack: step 8/10, xent loss = 18.0894, l2 loss = 21.5651 (max 14.95), (true 361, predicted [552])
attack: step 9/10, xent loss = 23.4341, l2 loss = 23.6546 (max 14.95), (true 361, predicted [552])
attack: step 10/10, xent loss = 24.8262, l2 loss = 25.3005 (max 14.95), (true 361, predicted [552])
check failed
true = 361, adv = 552
evaluating 129 of [120, 130)
attack: step 1/10, xent loss = 0.612139, l2 loss = 0 (max 14.95), (true 295, predicted [295])
attack: step 2/10, xent loss = 1.10128, l2 loss = 2.33221 (max 14.95), (true 295, predicted [297])
attack: step 3/10, xent loss = 0.775438, l2 loss = 4.26273 (max 14.95), (true 295, predicted [295])
attack: step 4/10, xent loss = 2.2409, l2 loss = 5.35356 (max 14.95), (true 295, predicted [297])
attack: step 5/10, xent loss = 4.69323, l2 loss = 8.91088 (max 14.95), (true 295, predicted [297])
attack: step 6/10, xent loss = 6.54753, l2 loss = 11.4939 (max 14.95), (true 295, predicted [676])
attack: step 7/10, xent loss = 8.83078, l2 loss = 14.9225 (max 14.95), (true 295, predicted [728])
attack: step 8/10, xent loss = 10.9434, l2 loss = 15.4406 (max 14.95), (true 295, predicted [728])
attack: step 9/10, xent loss = 11.037, l2 loss = 16.5237 (max 14.95), (true 295, predicted [728])
attack: step 10/10, xent loss = 10.2963, l2 loss = 18.3934 (max 14.95), (true 295, predicted [728])
check failed
true = 295, adv = 728
