2019-05-26 13:04:16.609505: I tensorflow/core/platform/cpu_feature_guard.cc:141] Your CPU supports instructions that this TensorFlow binary was not compiled to use: SSE4.1 SSE4.2 AVX AVX2 FMA
2019-05-26 13:04:16.910560: I tensorflow/core/platform/profile_utils/cpu_utils.cc:94] CPU Frequency: 2600130000 Hz
2019-05-26 13:04:16.913556: I tensorflow/compiler/xla/service/service.cc:150] XLA service 0x2aaae6bc0b90 executing computations on platform Host. Devices:
2019-05-26 13:04:16.913599: I tensorflow/compiler/xla/service/service.cc:158]   StreamExecutor device (0): <undefined>, <undefined>
2019-05-26 13:04:16.915998: I tensorflow/core/common_runtime/process_util.cc:71] Creating new thread pool with default inter op setting: 2. Tune using inter_op_parallelism_threads for best performance.
evaluating 90 of [90, 100)
attack: step 1/10, xent loss = 1.08775, l2 loss = 0 (max 14.95), (true 466, predicted [466])
attack: step 2/10, xent loss = 2.5566, l2 loss = 2.86923 (max 14.95), (true 466, predicted [466])
attack: step 3/10, xent loss = 4.07003, l2 loss = 4.24818 (max 14.95), (true 466, predicted [634])
attack: step 4/10, xent loss = 2.70925, l2 loss = 5.89549 (max 14.95), (true 466, predicted [634])
attack: step 5/10, xent loss = 3.775, l2 loss = 6.87054 (max 14.95), (true 466, predicted [634])
attack: step 6/10, xent loss = 4.58701, l2 loss = 7.93665 (max 14.95), (true 466, predicted [634])
attack: step 7/10, xent loss = 5.68856, l2 loss = 8.47989 (max 14.95), (true 466, predicted [634])
attack: step 8/10, xent loss = 4.30625, l2 loss = 8.93467 (max 14.95), (true 466, predicted [634])
attack: step 9/10, xent loss = 6.18533, l2 loss = 9.8419 (max 14.95), (true 466, predicted [830])
attack: step 10/10, xent loss = 3.71544, l2 loss = 10.3507 (max 14.95), (true 466, predicted [634])
true = 466, adv = 830
evaluating 91 of [90, 100)
attack: step 1/10, xent loss = 1.20396, l2 loss = 0 (max 14.95), (true 213, predicted [207])
attack: step 2/10, xent loss = 0.676722, l2 loss = 3.37941 (max 14.95), (true 213, predicted [213])
attack: step 3/10, xent loss = 0.871679, l2 loss = 4.41238 (max 14.95), (true 213, predicted [213])
attack: step 4/10, xent loss = 3.30841, l2 loss = 5.77569 (max 14.95), (true 213, predicted [219])
attack: step 5/10, xent loss = 3.40571, l2 loss = 8.09531 (max 14.95), (true 213, predicted [207])
attack: step 6/10, xent loss = 6.04744, l2 loss = 10.1294 (max 14.95), (true 213, predicted [219])
attack: step 7/10, xent loss = 5.06486, l2 loss = 12.0684 (max 14.95), (true 213, predicted [207])
attack: step 8/10, xent loss = 6.98016, l2 loss = 12.7844 (max 14.95), (true 213, predicted [200])
attack: step 9/10, xent loss = 7.50562, l2 loss = 13.6969 (max 14.95), (true 213, predicted [219])
attack: step 10/10, xent loss = 10.3054, l2 loss = 14.3588 (max 14.95), (true 213, predicted [200])
true = 213, adv = 200
evaluating 92 of [90, 100)
attack: step 1/10, xent loss = 0.351347, l2 loss = 0 (max 14.95), (true 197, predicted [197])
attack: step 2/10, xent loss = 0.348638, l2 loss = 2.22538 (max 14.95), (true 197, predicted [197])
attack: step 3/10, xent loss = 1.48279, l2 loss = 2.82744 (max 14.95), (true 197, predicted [233])
attack: step 4/10, xent loss = 1.66983, l2 loss = 5.55955 (max 14.95), (true 197, predicted [226])
attack: step 5/10, xent loss = 2.59967, l2 loss = 7.83176 (max 14.95), (true 197, predicted [226])
attack: step 6/10, xent loss = 3.49215, l2 loss = 9.24159 (max 14.95), (true 197, predicted [233])
attack: step 7/10, xent loss = 2.08438, l2 loss = 10.3782 (max 14.95), (true 197, predicted [226])
attack: step 8/10, xent loss = 5.22522, l2 loss = 11.4709 (max 14.95), (true 197, predicted [226])
attack: step 9/10, xent loss = 5.79336, l2 loss = 12.1246 (max 14.95), (true 197, predicted [256])
attack: step 10/10, xent loss = 5.35433, l2 loss = 13.3684 (max 14.95), (true 197, predicted [226])
true = 197, adv = 256
evaluating 93 of [90, 100)
attack: step 1/10, xent loss = 0.468766, l2 loss = 0 (max 14.95), (true 169, predicted [169])
attack: step 2/10, xent loss = 0.532946, l2 loss = 0.946039 (max 14.95), (true 169, predicted [169])
attack: step 3/10, xent loss = 0.509872, l2 loss = 1.84847 (max 14.95), (true 169, predicted [169])
attack: step 4/10, xent loss = 0.504735, l2 loss = 2.25899 (max 14.95), (true 169, predicted [169])
attack: step 5/10, xent loss = 0.696589, l2 loss = 2.70182 (max 14.95), (true 169, predicted [169])
attack: step 6/10, xent loss = 0.268097, l2 loss = 3.1661 (max 14.95), (true 169, predicted [169])
attack: step 7/10, xent loss = 0.458181, l2 loss = 3.30515 (max 14.95), (true 169, predicted [169])
attack: step 8/10, xent loss = 0.7895, l2 loss = 3.49496 (max 14.95), (true 169, predicted [169])
attack: step 9/10, xent loss = 0.705894, l2 loss = 3.97726 (max 14.95), (true 169, predicted [169])
attack: step 10/10, xent loss = 1.03213, l2 loss = 4.30607 (max 14.95), (true 169, predicted [160])
true = 169, adv = 169
evaluating 94 of [90, 100)
attack: step 1/10, xent loss = 2.29867, l2 loss = 0 (max 14.95), (true 446, predicted [904])
attack: step 2/10, xent loss = 5.02513, l2 loss = 5.76665 (max 14.95), (true 446, predicted [728])
attack: step 3/10, xent loss = 6.90975, l2 loss = 7.7823 (max 14.95), (true 446, predicted [904])
attack: step 4/10, xent loss = 7.68659, l2 loss = 9.46977 (max 14.95), (true 446, predicted [904])
attack: step 5/10, xent loss = 9.77235, l2 loss = 10.9337 (max 14.95), (true 446, predicted [692])
attack: step 6/10, xent loss = 10.5916, l2 loss = 14.1273 (max 14.95), (true 446, predicted [728])
attack: step 7/10, xent loss = 12.2024, l2 loss = 16.6631 (max 14.95), (true 446, predicted [728])
attack: step 8/10, xent loss = 11.5795, l2 loss = 19.8806 (max 14.95), (true 446, predicted [692])
attack: step 9/10, xent loss = 10.5327, l2 loss = 22.5314 (max 14.95), (true 446, predicted [728])
attack: step 10/10, xent loss = 15.1924, l2 loss = 24.0721 (max 14.95), (true 446, predicted [728])
check failed
true = 446, adv = 728
evaluating 95 of [90, 100)
attack: step 1/10, xent loss = 1.46103, l2 loss = 0 (max 14.95), (true 857, predicted [765])
attack: step 2/10, xent loss = 2.53301, l2 loss = 2.90318 (max 14.95), (true 857, predicted [516])
attack: step 3/10, xent loss = 2.2441, l2 loss = 3.87715 (max 14.95), (true 857, predicted [857])
attack: step 4/10, xent loss = 2.86466, l2 loss = 4.78049 (max 14.95), (true 857, predicted [765])
attack: step 5/10, xent loss = 2.32186, l2 loss = 5.76669 (max 14.95), (true 857, predicted [765])
attack: step 6/10, xent loss = 3.27455, l2 loss = 6.4632 (max 14.95), (true 857, predicted [765])
attack: step 7/10, xent loss = 3.2668, l2 loss = 7.11034 (max 14.95), (true 857, predicted [765])
attack: step 8/10, xent loss = 2.44943, l2 loss = 7.69492 (max 14.95), (true 857, predicted [857])
attack: step 9/10, xent loss = 3.24035, l2 loss = 8.25637 (max 14.95), (true 857, predicted [765])
attack: step 10/10, xent loss = 3.49505, l2 loss = 8.81464 (max 14.95), (true 857, predicted [765])
true = 857, adv = 728
evaluating 96 of [90, 100)
attack: step 1/10, xent loss = 2.01005, l2 loss = 0 (max 14.95), (true 380, predicted [88])
attack: step 2/10, xent loss = 2.82425, l2 loss = 7.07937 (max 14.95), (true 380, predicted [88])
attack: step 3/10, xent loss = 5.72982, l2 loss = 9.78553 (max 14.95), (true 380, predicted [88])
attack: step 4/10, xent loss = 6.42064, l2 loss = 10.4443 (max 14.95), (true 380, predicted [88])
attack: step 5/10, xent loss = 8.47018, l2 loss = 12.4788 (max 14.95), (true 380, predicted [88])
attack: step 6/10, xent loss = 7.87512, l2 loss = 13.8371 (max 14.95), (true 380, predicted [88])
attack: step 7/10, xent loss = 7.0546, l2 loss = 15.2696 (max 14.95), (true 380, predicted [88])
attack: step 8/10, xent loss = 9.35157, l2 loss = 16.1049 (max 14.95), (true 380, predicted [88])
attack: step 9/10, xent loss = 8.83908, l2 loss = 17.2639 (max 14.95), (true 380, predicted [88])
attack: step 10/10, xent loss = 8.25083, l2 loss = 17.9622 (max 14.95), (true 380, predicted [88])
check failed
true = 380, adv = 88
evaluating 97 of [90, 100)
attack: step 1/10, xent loss = 0.131206, l2 loss = 0 (max 14.95), (true 586, predicted [586])
attack: step 2/10, xent loss = 0.141138, l2 loss = 0.336552 (max 14.95), (true 586, predicted [586])
attack: step 3/10, xent loss = 0.233376, l2 loss = 0.491811 (max 14.95), (true 586, predicted [586])
attack: step 4/10, xent loss = 0.151592, l2 loss = 0.749142 (max 14.95), (true 586, predicted [586])
attack: step 5/10, xent loss = 0.0930666, l2 loss = 0.84259 (max 14.95), (true 586, predicted [586])
attack: step 6/10, xent loss = 0.100665, l2 loss = 0.873039 (max 14.95), (true 586, predicted [586])
attack: step 7/10, xent loss = 0.107714, l2 loss = 0.924593 (max 14.95), (true 586, predicted [586])
attack: step 8/10, xent loss = 0.175119, l2 loss = 0.980628 (max 14.95), (true 586, predicted [586])
attack: step 9/10, xent loss = 0.207633, l2 loss = 1.07318 (max 14.95), (true 586, predicted [586])
attack: step 10/10, xent loss = 0.156261, l2 loss = 1.16921 (max 14.95), (true 586, predicted [586])
true = 586, adv = 586
evaluating 98 of [90, 100)
attack: step 1/10, xent loss = 2.05527, l2 loss = 0 (max 14.95), (true 797, predicted [557])
attack: step 2/10, xent loss = 2.43662, l2 loss = 3.62581 (max 14.95), (true 797, predicted [557])
attack: step 3/10, xent loss = 3.36775, l2 loss = 5.1227 (max 14.95), (true 797, predicted [701])
attack: step 4/10, xent loss = 4.44601, l2 loss = 6.54238 (max 14.95), (true 797, predicted [557])
attack: step 5/10, xent loss = 4.12927, l2 loss = 8.07273 (max 14.95), (true 797, predicted [701])
attack: step 6/10, xent loss = 5.56393, l2 loss = 8.73068 (max 14.95), (true 797, predicted [701])
attack: step 7/10, xent loss = 4.39896, l2 loss = 9.48785 (max 14.95), (true 797, predicted [701])
attack: step 8/10, xent loss = 6.15524, l2 loss = 10.4603 (max 14.95), (true 797, predicted [701])
attack: step 9/10, xent loss = 4.46496, l2 loss = 11.1641 (max 14.95), (true 797, predicted [557])
attack: step 10/10, xent loss = 6.82681, l2 loss = 11.7928 (max 14.95), (true 797, predicted [557])
true = 797, adv = 701
evaluating 99 of [90, 100)
attack: step 1/10, xent loss = 0.151592, l2 loss = 0 (max 14.95), (true 985, predicted [985])
attack: step 2/10, xent loss = 0.163826, l2 loss = 0.345583 (max 14.95), (true 985, predicted [985])
attack: step 3/10, xent loss = 0.170373, l2 loss = 0.529427 (max 14.95), (true 985, predicted [985])
attack: step 4/10, xent loss = 0.12234, l2 loss = 0.663379 (max 14.95), (true 985, predicted [985])
attack: step 5/10, xent loss = 0.119462, l2 loss = 0.756727 (max 14.95), (true 985, predicted [985])
attack: step 6/10, xent loss = 0.100663, l2 loss = 0.828452 (max 14.95), (true 985, predicted [985])
attack: step 7/10, xent loss = 0.195551, l2 loss = 0.870212 (max 14.95), (true 985, predicted [985])
attack: step 8/10, xent loss = 0.0873408, l2 loss = 1.01217 (max 14.95), (true 985, predicted [985])
attack: step 9/10, xent loss = 0.142273, l2 loss = 1.05449 (max 14.95), (true 985, predicted [985])
attack: step 10/10, xent loss = 0.228232, l2 loss = 1.11988 (max 14.95), (true 985, predicted [985])
true = 985, adv = 985
