2019-05-27 13:33:33.099302: I tensorflow/core/platform/cpu_feature_guard.cc:141] Your CPU supports instructions that this TensorFlow binary was not compiled to use: SSE4.1 SSE4.2 AVX AVX2 FMA
2019-05-27 13:33:33.255382: I tensorflow/core/platform/profile_utils/cpu_utils.cc:94] CPU Frequency: 2600080000 Hz
2019-05-27 13:33:33.570299: I tensorflow/compiler/xla/service/service.cc:150] XLA service 0x2aaae6d4ae90 executing computations on platform Host. Devices:
2019-05-27 13:33:33.570534: I tensorflow/compiler/xla/service/service.cc:158]   StreamExecutor device (0): <undefined>, <undefined>
2019-05-27 13:33:33.572810: I tensorflow/core/common_runtime/process_util.cc:71] Creating new thread pool with default inter op setting: 2. Tune using inter_op_parallelism_threads for best performance.
evaluating 70 of [70, 80)
attack: step 1/10, xent loss = 3.47456, l2 loss = 0 (max 14.95), (true 63, predicted [54])
attack: step 2/10, xent loss = 4.29383, l2 loss = 3.02457 (max 14.95), (true 63, predicted [54])
attack: step 3/10, xent loss = 6.33313, l2 loss = 5.02081 (max 14.95), (true 63, predicted [62])
attack: step 4/10, xent loss = 6.87857, l2 loss = 6.1338 (max 14.95), (true 63, predicted [54])
attack: step 5/10, xent loss = 8.18214, l2 loss = 6.96772 (max 14.95), (true 63, predicted [62])
attack: step 6/10, xent loss = 8.21272, l2 loss = 8.0472 (max 14.95), (true 63, predicted [62])
attack: step 7/10, xent loss = 10.1127, l2 loss = 9.21618 (max 14.95), (true 63, predicted [62])
attack: step 8/10, xent loss = 11.379, l2 loss = 10.5667 (max 14.95), (true 63, predicted [62])
attack: step 9/10, xent loss = 12.5715, l2 loss = 13.4202 (max 14.95), (true 63, predicted [62])
attack: step 10/10, xent loss = 15.7393, l2 loss = 14.7197 (max 14.95), (true 63, predicted [62])
check failed
true = 63, adv = 62
evaluating 71 of [70, 80)
attack: step 1/10, xent loss = 0.00467363, l2 loss = 0 (max 14.95), (true 761, predicted [761])
attack: step 2/10, xent loss = 0.00283198, l2 loss = 0.0228436 (max 14.95), (true 761, predicted [761])
attack: step 3/10, xent loss = 0.00126461, l2 loss = 0.0271229 (max 14.95), (true 761, predicted [761])
attack: step 4/10, xent loss = 0.00579594, l2 loss = 0.0278567 (max 14.95), (true 761, predicted [761])
attack: step 5/10, xent loss = 0.000791713, l2 loss = 0.0382912 (max 14.95), (true 761, predicted [761])
attack: step 6/10, xent loss = 0.00240002, l2 loss = 0.0384923 (max 14.95), (true 761, predicted [761])
attack: step 7/10, xent loss = 0.00969145, l2 loss = 0.0402491 (max 14.95), (true 761, predicted [761])
attack: step 8/10, xent loss = 0.00800473, l2 loss = 0.0608679 (max 14.95), (true 761, predicted [761])
attack: step 9/10, xent loss = 0.00327099, l2 loss = 0.0716683 (max 14.95), (true 761, predicted [761])
attack: step 10/10, xent loss = 0.000797311, l2 loss = 0.0742423 (max 14.95), (true 761, predicted [761])
true = 761, adv = 761
evaluating 72 of [70, 80)
attack: step 1/10, xent loss = 1.50211, l2 loss = 0 (max 14.95), (true 37, predicted [728])
attack: step 2/10, xent loss = 6.53319, l2 loss = 6.26223 (max 14.95), (true 37, predicted [728])
attack: step 3/10, xent loss = 13.3164, l2 loss = 11.4842 (max 14.95), (true 37, predicted [728])
attack: step 4/10, xent loss = 17.6367, l2 loss = 15.6903 (max 14.95), (true 37, predicted [728])
attack: step 5/10, xent loss = 19.4486, l2 loss = 17.394 (max 14.95), (true 37, predicted [728])
attack: step 6/10, xent loss = 17.1917, l2 loss = 18.9805 (max 14.95), (true 37, predicted [728])
attack: step 7/10, xent loss = 19.6578, l2 loss = 20.5836 (max 14.95), (true 37, predicted [728])
attack: step 8/10, xent loss = 24.1595, l2 loss = 22.2424 (max 14.95), (true 37, predicted [728])
attack: step 9/10, xent loss = 24.8692, l2 loss = 24.0014 (max 14.95), (true 37, predicted [728])
attack: step 10/10, xent loss = 23.2494, l2 loss = 25.0639 (max 14.95), (true 37, predicted [728])
check failed
true = 37, adv = 728
evaluating 73 of [70, 80)
attack: step 1/10, xent loss = 1.04933, l2 loss = 0 (max 14.95), (true 799, predicted [799])
attack: step 2/10, xent loss = 2.257, l2 loss = 3.99671 (max 14.95), (true 799, predicted [743])
attack: step 3/10, xent loss = 1.46064, l2 loss = 6.26279 (max 14.95), (true 799, predicted [894])
attack: step 4/10, xent loss = 2.95331, l2 loss = 7.37847 (max 14.95), (true 799, predicted [844])
attack: step 5/10, xent loss = 5.46088, l2 loss = 9.03204 (max 14.95), (true 799, predicted [804])
attack: step 6/10, xent loss = 6.34641, l2 loss = 11.1449 (max 14.95), (true 799, predicted [804])
attack: step 7/10, xent loss = 8.03068, l2 loss = 12.4005 (max 14.95), (true 799, predicted [804])
attack: step 8/10, xent loss = 9.89384, l2 loss = 15.3328 (max 14.95), (true 799, predicted [804])
attack: step 9/10, xent loss = 12.6589, l2 loss = 17.4189 (max 14.95), (true 799, predicted [804])
attack: step 10/10, xent loss = 14.1387, l2 loss = 19.942 (max 14.95), (true 799, predicted [804])
check failed
true = 799, adv = 804
evaluating 74 of [70, 80)
attack: step 1/10, xent loss = 1.93846, l2 loss = 0 (max 14.95), (true 74, predicted [72])
attack: step 2/10, xent loss = 2.10287, l2 loss = 1.08161 (max 14.95), (true 74, predicted [72])
attack: step 3/10, xent loss = 2.0694, l2 loss = 1.66671 (max 14.95), (true 74, predicted [72])
attack: step 4/10, xent loss = 2.23505, l2 loss = 2.08572 (max 14.95), (true 74, predicted [72])
attack: step 5/10, xent loss = 2.52942, l2 loss = 2.49334 (max 14.95), (true 74, predicted [72])
attack: step 6/10, xent loss = 2.44839, l2 loss = 2.82094 (max 14.95), (true 74, predicted [72])
attack: step 7/10, xent loss = 2.56873, l2 loss = 3.1195 (max 14.95), (true 74, predicted [72])
attack: step 8/10, xent loss = 2.48802, l2 loss = 3.41968 (max 14.95), (true 74, predicted [72])
attack: step 9/10, xent loss = 2.36696, l2 loss = 3.73194 (max 14.95), (true 74, predicted [72])
attack: step 10/10, xent loss = 2.94568, l2 loss = 4.03648 (max 14.95), (true 74, predicted [72])
true = 74, adv = 72
evaluating 75 of [70, 80)
attack: step 1/10, xent loss = 0.401769, l2 loss = 0 (max 14.95), (true 432, predicted [432])
attack: step 2/10, xent loss = 0.409817, l2 loss = 1.08672 (max 14.95), (true 432, predicted [432])
attack: step 3/10, xent loss = 0.46037, l2 loss = 1.62745 (max 14.95), (true 432, predicted [432])
attack: step 4/10, xent loss = 0.494649, l2 loss = 2.0953 (max 14.95), (true 432, predicted [432])
attack: step 5/10, xent loss = 0.466561, l2 loss = 2.70133 (max 14.95), (true 432, predicted [432])
attack: step 6/10, xent loss = 0.816986, l2 loss = 3.1684 (max 14.95), (true 432, predicted [432])
attack: step 7/10, xent loss = 1.87575, l2 loss = 4.19511 (max 14.95), (true 432, predicted [456])
attack: step 8/10, xent loss = 5.53526, l2 loss = 6.3338 (max 14.95), (true 432, predicted [456])
attack: step 9/10, xent loss = 3.71663, l2 loss = 9.21071 (max 14.95), (true 432, predicted [456])
attack: step 10/10, xent loss = 6.4218, l2 loss = 10.652 (max 14.95), (true 432, predicted [456])
true = 432, adv = 456
evaluating 76 of [70, 80)
attack: step 1/10, xent loss = 2.07208, l2 loss = 0 (max 14.95), (true 193, predicted [201])
attack: step 2/10, xent loss = 2.47644, l2 loss = 2.44764 (max 14.95), (true 193, predicted [552])
attack: step 3/10, xent loss = 5.61276, l2 loss = 5.16573 (max 14.95), (true 193, predicted [552])
attack: step 4/10, xent loss = 6.17035, l2 loss = 6.63524 (max 14.95), (true 193, predicted [552])
attack: step 5/10, xent loss = 7.27367, l2 loss = 7.34323 (max 14.95), (true 193, predicted [552])
attack: step 6/10, xent loss = 8.5922, l2 loss = 8.20194 (max 14.95), (true 193, predicted [552])
attack: step 7/10, xent loss = 9.22174, l2 loss = 8.80527 (max 14.95), (true 193, predicted [552])
attack: step 8/10, xent loss = 10.4138, l2 loss = 9.45959 (max 14.95), (true 193, predicted [552])
attack: step 9/10, xent loss = 9.25114, l2 loss = 9.93478 (max 14.95), (true 193, predicted [552])
attack: step 10/10, xent loss = 10.292, l2 loss = 10.7536 (max 14.95), (true 193, predicted [552])
true = 193, adv = 552
evaluating 77 of [70, 80)
attack: step 1/10, xent loss = 0.604928, l2 loss = 0 (max 14.95), (true 929, predicted [929])
attack: step 2/10, xent loss = 8.072, l2 loss = 6.41523 (max 14.95), (true 929, predicted [578])
attack: step 3/10, xent loss = 9.14044, l2 loss = 9.06195 (max 14.95), (true 929, predicted [578])
attack: step 4/10, xent loss = 10.5183, l2 loss = 9.91808 (max 14.95), (true 929, predicted [578])
attack: step 5/10, xent loss = 11.7341, l2 loss = 10.9097 (max 14.95), (true 929, predicted [578])
attack: step 6/10, xent loss = 11.3353, l2 loss = 12.3551 (max 14.95), (true 929, predicted [578])
attack: step 7/10, xent loss = 12.2289, l2 loss = 13.3988 (max 14.95), (true 929, predicted [578])
attack: step 8/10, xent loss = 13.4526, l2 loss = 14.1837 (max 14.95), (true 929, predicted [578])
attack: step 9/10, xent loss = 13.7857, l2 loss = 15.1369 (max 14.95), (true 929, predicted [578])
attack: step 10/10, xent loss = 14.0407, l2 loss = 16.0523 (max 14.95), (true 929, predicted [578])
check failed
true = 929, adv = 578
evaluating 78 of [70, 80)
attack: step 1/10, xent loss = 7.04718, l2 loss = 0 (max 14.95), (true 546, predicted [518])
attack: step 2/10, xent loss = 5.62703, l2 loss = 3.57673 (max 14.95), (true 546, predicted [518])
attack: step 3/10, xent loss = 6.44571, l2 loss = 5.93011 (max 14.95), (true 546, predicted [518])
attack: step 4/10, xent loss = 8.74349, l2 loss = 7.55647 (max 14.95), (true 546, predicted [830])
attack: step 5/10, xent loss = 6.50525, l2 loss = 8.18736 (max 14.95), (true 546, predicted [830])
attack: step 6/10, xent loss = 8.78964, l2 loss = 10.004 (max 14.95), (true 546, predicted [518])
attack: step 7/10, xent loss = 10.1196, l2 loss = 10.6394 (max 14.95), (true 546, predicted [830])
attack: step 8/10, xent loss = 9.61782, l2 loss = 11.1728 (max 14.95), (true 546, predicted [518])
attack: step 9/10, xent loss = 9.37511, l2 loss = 11.5827 (max 14.95), (true 546, predicted [830])
attack: step 10/10, xent loss = 14.0658, l2 loss = 12.2025 (max 14.95), (true 546, predicted [830])
check failed
true = 546, adv = 830
evaluating 79 of [70, 80)
attack: step 1/10, xent loss = 6.75992, l2 loss = 0 (max 14.95), (true 689, predicted [728])
attack: step 2/10, xent loss = 9.71549, l2 loss = 6.72587 (max 14.95), (true 689, predicted [728])
attack: step 3/10, xent loss = 11.7437, l2 loss = 9.70684 (max 14.95), (true 689, predicted [728])
attack: step 4/10, xent loss = 14.656, l2 loss = 11.6221 (max 14.95), (true 689, predicted [728])
attack: step 5/10, xent loss = 16.2232, l2 loss = 14.2008 (max 14.95), (true 689, predicted [728])
attack: step 6/10, xent loss = 16.1975, l2 loss = 15.9308 (max 14.95), (true 689, predicted [728])
attack: step 7/10, xent loss = 19.1092, l2 loss = 17.461 (max 14.95), (true 689, predicted [728])
attack: step 8/10, xent loss = 20.0685, l2 loss = 18.879 (max 14.95), (true 689, predicted [728])
attack: step 9/10, xent loss = 22.2243, l2 loss = 20.2465 (max 14.95), (true 689, predicted [728])
attack: step 10/10, xent loss = 21.4896, l2 loss = 21.3416 (max 14.95), (true 689, predicted [728])
check failed
true = 689, adv = 728
