2019-06-26 22:30:02.983361: I tensorflow/core/platform/cpu_feature_guard.cc:141] Your CPU supports instructions that this TensorFlow binary was not compiled to use: SSE4.1 SSE4.2 AVX AVX2 FMA
2019-06-26 22:30:03.223600: I tensorflow/core/platform/profile_utils/cpu_utils.cc:94] CPU Frequency: 2599830000 Hz
2019-06-26 22:30:03.225828: I tensorflow/compiler/xla/service/service.cc:150] XLA service 0x2aaae70bc310 executing computations on platform Host. Devices:
2019-06-26 22:30:03.225953: I tensorflow/compiler/xla/service/service.cc:158]   StreamExecutor device (0): <undefined>, <undefined>
2019-06-26 22:30:03.228038: I tensorflow/core/common_runtime/process_util.cc:71] Creating new thread pool with default inter op setting: 2. Tune using inter_op_parallelism_threads for best performance.
evaluating 730 of [730, 740)
attack: step 1/10, xent loss = 0.00702767, l2 loss = 0.368772 (max 14.95), (true 938, predicted [938])
attack: step 2/10, xent loss = 0.0197033, l2 loss = 0.37116 (max 14.95), (true 938, predicted [938])
attack: step 3/10, xent loss = 0.0313079, l2 loss = 0.38697 (max 14.95), (true 938, predicted [938])
attack: step 4/10, xent loss = 0.0159069, l2 loss = 0.440781 (max 14.95), (true 938, predicted [938])
attack: step 5/10, xent loss = 0.0269353, l2 loss = 0.451674 (max 14.95), (true 938, predicted [938])
attack: step 6/10, xent loss = 0.0354853, l2 loss = 0.482836 (max 14.95), (true 938, predicted [938])
attack: step 7/10, xent loss = 0.00293432, l2 loss = 0.532617 (max 14.95), (true 938, predicted [938])
attack: step 8/10, xent loss = 0.0400611, l2 loss = 0.533738 (max 14.95), (true 938, predicted [938])
attack: step 9/10, xent loss = 0.0198019, l2 loss = 0.591269 (max 14.95), (true 938, predicted [938])
attack: step 10/10, xent loss = 0.0229369, l2 loss = 0.600217 (max 14.95), (true 938, predicted [938])
true = 938, adv = 938
evaluating 731 of [730, 740)
attack: step 1/10, xent loss = 15.8893, l2 loss = 19.3386 (max 14.95), (true 516, predicted [728])
attack: step 2/10, xent loss = 17.3866, l2 loss = 20.6036 (max 14.95), (true 516, predicted [728])
attack: step 3/10, xent loss = 17.981, l2 loss = 22.6248 (max 14.95), (true 516, predicted [728])
attack: step 4/10, xent loss = 21.1962, l2 loss = 24.0974 (max 14.95), (true 516, predicted [728])
attack: step 5/10, xent loss = 17.897, l2 loss = 25.1881 (max 14.95), (true 516, predicted [728])
attack: step 6/10, xent loss = 19.0558, l2 loss = 26.6512 (max 14.95), (true 516, predicted [728])
attack: step 7/10, xent loss = 20.8945, l2 loss = 27.8165 (max 14.95), (true 516, predicted [728])
attack: step 8/10, xent loss = 24.4178, l2 loss = 28.9225 (max 14.95), (true 516, predicted [728])
attack: step 9/10, xent loss = 24.6583, l2 loss = 29.9453 (max 14.95), (true 516, predicted [728])
attack: step 10/10, xent loss = 24.954, l2 loss = 31.0169 (max 14.95), (true 516, predicted [728])
check failed
true = 516, adv = 728
evaluating 732 of [730, 740)
attack: step 1/10, xent loss = 13.9927, l2 loss = 21.0913 (max 14.95), (true 650, predicted [819])
attack: step 2/10, xent loss = 15.7452, l2 loss = 23.0296 (max 14.95), (true 650, predicted [819])
attack: step 3/10, xent loss = 14.8007, l2 loss = 23.6863 (max 14.95), (true 650, predicted [819])
attack: step 4/10, xent loss = 13.6791, l2 loss = 24.9699 (max 14.95), (true 650, predicted [819])
attack: step 5/10, xent loss = 15.1343, l2 loss = 26.1578 (max 14.95), (true 650, predicted [819])
attack: step 6/10, xent loss = 15.762, l2 loss = 26.8864 (max 14.95), (true 650, predicted [819])
attack: step 7/10, xent loss = 18.4124, l2 loss = 27.9732 (max 14.95), (true 650, predicted [819])
attack: step 8/10, xent loss = 19.1482, l2 loss = 28.5296 (max 14.95), (true 650, predicted [819])
attack: step 9/10, xent loss = 19.4406, l2 loss = 29.2686 (max 14.95), (true 650, predicted [819])
attack: step 10/10, xent loss = 20.0693, l2 loss = 29.7474 (max 14.95), (true 650, predicted [819])
check failed
true = 650, adv = 819
evaluating 733 of [730, 740)
attack: step 1/10, xent loss = 0.171292, l2 loss = 1.10392 (max 14.95), (true 796, predicted [796])
attack: step 2/10, xent loss = 0.367622, l2 loss = 1.23303 (max 14.95), (true 796, predicted [796])
attack: step 3/10, xent loss = 0.446346, l2 loss = 1.56974 (max 14.95), (true 796, predicted [796])
attack: step 4/10, xent loss = 0.222676, l2 loss = 2.00314 (max 14.95), (true 796, predicted [796])
attack: step 5/10, xent loss = 0.395984, l2 loss = 2.1433 (max 14.95), (true 796, predicted [796])
attack: step 6/10, xent loss = 0.413805, l2 loss = 2.49567 (max 14.95), (true 796, predicted [796])
attack: step 7/10, xent loss = 0.61827, l2 loss = 2.89752 (max 14.95), (true 796, predicted [796])
attack: step 8/10, xent loss = 0.911013, l2 loss = 3.54689 (max 14.95), (true 796, predicted [796])
attack: step 9/10, xent loss = 0.849413, l2 loss = 4.37668 (max 14.95), (true 796, predicted [796])
attack: step 10/10, xent loss = 2.21748, l2 loss = 5.03987 (max 14.95), (true 796, predicted [643])
true = 796, adv = 796
evaluating 734 of [730, 740)
attack: step 1/10, xent loss = 8.66591, l2 loss = 13.1617 (max 14.95), (true 28, predicted [64])
attack: step 2/10, xent loss = 8.91856, l2 loss = 13.3778 (max 14.95), (true 28, predicted [64])
attack: step 3/10, xent loss = 8.2494, l2 loss = 13.6805 (max 14.95), (true 28, predicted [64])
attack: step 4/10, xent loss = 9.14949, l2 loss = 13.9847 (max 14.95), (true 28, predicted [61])
attack: step 5/10, xent loss = 9.74791, l2 loss = 14.6621 (max 14.95), (true 28, predicted [59])
attack: step 6/10, xent loss = 10.3641, l2 loss = 14.9953 (max 14.95), (true 28, predicted [64])
attack: step 7/10, xent loss = 10.2039, l2 loss = 15.5124 (max 14.95), (true 28, predicted [61])
attack: step 8/10, xent loss = 10.823, l2 loss = 16.0155 (max 14.95), (true 28, predicted [64])
attack: step 9/10, xent loss = 10.655, l2 loss = 16.6463 (max 14.95), (true 28, predicted [61])
attack: step 10/10, xent loss = 13.619, l2 loss = 17.0598 (max 14.95), (true 28, predicted [64])
check failed
true = 28, adv = 64
evaluating 735 of [730, 740)
attack: step 1/10, xent loss = 20.2939, l2 loss = 20.5524 (max 14.95), (true 825, predicted [700])
attack: step 2/10, xent loss = 20.8011, l2 loss = 22.0979 (max 14.95), (true 825, predicted [700])
attack: step 3/10, xent loss = 25.2431, l2 loss = 23.6032 (max 14.95), (true 825, predicted [700])
attack: step 4/10, xent loss = 23.9019, l2 loss = 24.7919 (max 14.95), (true 825, predicted [700])
attack: step 5/10, xent loss = 25.457, l2 loss = 26.0689 (max 14.95), (true 825, predicted [700])
attack: step 6/10, xent loss = 29.1915, l2 loss = 27.5473 (max 14.95), (true 825, predicted [700])
attack: step 7/10, xent loss = 28.9251, l2 loss = 28.7721 (max 14.95), (true 825, predicted [700])
attack: step 8/10, xent loss = 33.3099, l2 loss = 30.0197 (max 14.95), (true 825, predicted [700])
attack: step 9/10, xent loss = 35.9039, l2 loss = 31.2072 (max 14.95), (true 825, predicted [700])
attack: step 10/10, xent loss = 34.2517, l2 loss = 32.4902 (max 14.95), (true 825, predicted [700])
check failed
true = 825, adv = 700
evaluating 736 of [730, 740)
attack: step 1/10, xent loss = 2.78596, l2 loss = 4.52291 (max 14.95), (true 340, predicted [940])
attack: step 2/10, xent loss = 1.71904, l2 loss = 5.73783 (max 14.95), (true 340, predicted [340])
attack: step 3/10, xent loss = 3.207, l2 loss = 6.60069 (max 14.95), (true 340, predicted [940])
attack: step 4/10, xent loss = 5.75806, l2 loss = 7.6616 (max 14.95), (true 340, predicted [940])
attack: step 5/10, xent loss = 4.90979, l2 loss = 9.18525 (max 14.95), (true 340, predicted [940])
attack: step 6/10, xent loss = 7.03661, l2 loss = 10.4807 (max 14.95), (true 340, predicted [940])
attack: step 7/10, xent loss = 8.42659, l2 loss = 11.3589 (max 14.95), (true 340, predicted [940])
attack: step 8/10, xent loss = 9.95034, l2 loss = 12.1213 (max 14.95), (true 340, predicted [940])
attack: step 9/10, xent loss = 9.9658, l2 loss = 12.399 (max 14.95), (true 340, predicted [940])
attack: step 10/10, xent loss = 9.13918, l2 loss = 12.9971 (max 14.95), (true 340, predicted [940])
true = 340, adv = 940
evaluating 737 of [730, 740)
attack: step 1/10, xent loss = 0.000652458, l2 loss = 0.0206149 (max 14.95), (true 986, predicted [986])
attack: step 2/10, xent loss = 0.00402735, l2 loss = 0.0209315 (max 14.95), (true 986, predicted [986])
attack: step 3/10, xent loss = 0.00116042, l2 loss = 0.0254079 (max 14.95), (true 986, predicted [986])
attack: step 4/10, xent loss = 0.00280012, l2 loss = 0.0260302 (max 14.95), (true 986, predicted [986])
attack: step 5/10, xent loss = 0.00138413, l2 loss = 0.0287687 (max 14.95), (true 986, predicted [986])
attack: step 6/10, xent loss = 0.00306458, l2 loss = 0.0296196 (max 14.95), (true 986, predicted [986])
attack: step 7/10, xent loss = 0.00206852, l2 loss = 0.0321019 (max 14.95), (true 986, predicted [986])
attack: step 8/10, xent loss = 0.00273152, l2 loss = 0.0333524 (max 14.95), (true 986, predicted [986])
attack: step 9/10, xent loss = 0.000929758, l2 loss = 0.0356368 (max 14.95), (true 986, predicted [986])
attack: step 10/10, xent loss = 0.00144735, l2 loss = 0.0360981 (max 14.95), (true 986, predicted [986])
true = 986, adv = 986
evaluating 738 of [730, 740)
attack: step 1/10, xent loss = 7.5469, l2 loss = 9.05807 (max 14.95), (true 231, predicted [157])
attack: step 2/10, xent loss = 8.50716, l2 loss = 9.50271 (max 14.95), (true 231, predicted [157])
attack: step 3/10, xent loss = 7.54161, l2 loss = 9.76155 (max 14.95), (true 231, predicted [157])
attack: step 4/10, xent loss = 8.75957, l2 loss = 11.024 (max 14.95), (true 231, predicted [152])
attack: step 5/10, xent loss = 8.82983, l2 loss = 11.1289 (max 14.95), (true 231, predicted [157])
attack: step 6/10, xent loss = 8.53138, l2 loss = 11.403 (max 14.95), (true 231, predicted [157])
attack: step 7/10, xent loss = 9.61807, l2 loss = 11.6113 (max 14.95), (true 231, predicted [157])
attack: step 8/10, xent loss = 8.70041, l2 loss = 11.7364 (max 14.95), (true 231, predicted [157])
attack: step 9/10, xent loss = 9.6422, l2 loss = 11.8839 (max 14.95), (true 231, predicted [157])
attack: step 10/10, xent loss = 9.25144, l2 loss = 12.0373 (max 14.95), (true 231, predicted [157])
true = 231, adv = 157
evaluating 739 of [730, 740)
attack: step 1/10, xent loss = 0.519722, l2 loss = 2.35877 (max 14.95), (true 98, predicted [98])
attack: step 2/10, xent loss = 0.11019, l2 loss = 3.20198 (max 14.95), (true 98, predicted [98])
attack: step 3/10, xent loss = 0.241091, l2 loss = 3.24744 (max 14.95), (true 98, predicted [98])
attack: step 4/10, xent loss = 0.250552, l2 loss = 3.45987 (max 14.95), (true 98, predicted [98])
attack: step 5/10, xent loss = 0.059172, l2 loss = 3.71497 (max 14.95), (true 98, predicted [98])
attack: step 6/10, xent loss = 0.674563, l2 loss = 3.73042 (max 14.95), (true 98, predicted [98])
attack: step 7/10, xent loss = 2.57446, l2 loss = 4.94073 (max 14.95), (true 98, predicted [133])
attack: step 8/10, xent loss = 3.23311, l2 loss = 7.12357 (max 14.95), (true 98, predicted [133])
attack: step 9/10, xent loss = 4.01498, l2 loss = 8.74567 (max 14.95), (true 98, predicted [133])
attack: step 10/10, xent loss = 5.84688, l2 loss = 10.027 (max 14.95), (true 98, predicted [133])
true = 98, adv = 133
