2019-11-03 23:40:26.011826: I tensorflow/core/platform/cpu_feature_guard.cc:141] Your CPU supports instructions that this TensorFlow binary was not compiled to use: SSE4.1 SSE4.2 AVX AVX2 FMA
2019-11-03 23:40:26.020453: I tensorflow/core/platform/profile_utils/cpu_utils.cc:94] CPU Frequency: 2600235000 Hz
2019-11-03 23:40:26.020569: I tensorflow/compiler/xla/service/service.cc:150] XLA service 0x5555590308e0 executing computations on platform Host. Devices:
2019-11-03 23:40:26.020585: I tensorflow/compiler/xla/service/service.cc:158]   StreamExecutor device (0): <undefined>, <undefined>
2019-11-03 23:40:26.020779: I tensorflow/core/common_runtime/process_util.cc:71] Creating new thread pool with default inter op setting: 2. Tune using inter_op_parallelism_threads for best performance.
evaluating 960 of [960, 970)
attack: step 1/1, xent loss = 8.18269, l2 loss = 32.2578 (max 14.95), (true 442, predicted [887])
check failed
true = 442, adv = 728
evaluating 961 of [960, 970)
attack: step 1/1, xent loss = 0.0835079, l2 loss = 12.9884 (max 14.95), (true 336, predicted [336])
true = 336, adv = 830
evaluating 962 of [960, 970)
attack: step 1/1, xent loss = 4.73222, l2 loss = 20.9694 (max 14.95), (true 781, predicted [800])
check failed
true = 781, adv = 692
evaluating 963 of [960, 970)
attack: step 1/1, xent loss = 0.015119, l2 loss = 26.8553 (max 14.95), (true 863, predicted [863])
check failed
true = 863, adv = 645
evaluating 964 of [960, 970)
attack: step 1/1, xent loss = 0.00274424, l2 loss = 19.8698 (max 14.95), (true 76, predicted [76])
check failed
true = 76, adv = 723
evaluating 965 of [960, 970)
attack: step 1/1, xent loss = 1.55376, l2 loss = 43.3871 (max 14.95), (true 230, predicted [261])
check failed
true = 230, adv = 728
evaluating 966 of [960, 970)
attack: step 1/1, xent loss = 0.471853, l2 loss = 23.3677 (max 14.95), (true 94, predicted [94])
check failed
true = 94, adv = 95
evaluating 967 of [960, 970)
attack: step 1/1, xent loss = 3.3794, l2 loss = 47.8859 (max 14.95), (true 318, predicted [6])
check failed
true = 318, adv = 728
evaluating 968 of [960, 970)
attack: step 1/1, xent loss = 2.43664, l2 loss = 14.3602 (max 14.95), (true 797, predicted [840])
true = 797, adv = 431
evaluating 969 of [960, 970)
attack: step 1/1, xent loss = 4.30236, l2 loss = 9.91147 (max 14.95), (true 751, predicted [817])
true = 751, adv = 817
