2019-11-03 23:38:45.131893: I tensorflow/core/platform/cpu_feature_guard.cc:141] Your CPU supports instructions that this TensorFlow binary was not compiled to use: SSE4.1 SSE4.2 AVX AVX2 FMA
2019-11-03 23:38:46.097689: I tensorflow/core/platform/profile_utils/cpu_utils.cc:94] CPU Frequency: 2600025000 Hz
2019-11-03 23:38:46.097905: I tensorflow/compiler/xla/service/service.cc:150] XLA service 0x2aaae6bc8140 executing computations on platform Host. Devices:
2019-11-03 23:38:46.097940: I tensorflow/compiler/xla/service/service.cc:158]   StreamExecutor device (0): <undefined>, <undefined>
2019-11-03 23:38:46.098453: I tensorflow/core/common_runtime/process_util.cc:71] Creating new thread pool with default inter op setting: 2. Tune using inter_op_parallelism_threads for best performance.
evaluating 410 of [410, 420)
attack: step 1/1, xent loss = 4.35481, l2 loss = 33.8558 (max 14.95), (true 230, predicted [570])
check failed
true = 230, adv = 728
evaluating 411 of [410, 420)
attack: step 1/1, xent loss = 0.0121252, l2 loss = 14.5199 (max 14.95), (true 467, predicted [467])
true = 467, adv = 448
evaluating 412 of [410, 420)
attack: step 1/1, xent loss = 6.85107, l2 loss = 19.3139 (max 14.95), (true 664, predicted [548])
check failed
true = 664, adv = 894
evaluating 413 of [410, 420)
attack: step 1/1, xent loss = 0.929635, l2 loss = 30.0799 (max 14.95), (true 973, predicted [109])
check failed
true = 973, adv = 728
evaluating 414 of [410, 420)
attack: step 1/1, xent loss = 0.111263, l2 loss = 34.9158 (max 14.95), (true 579, predicted [579])
check failed
true = 579, adv = 612
evaluating 415 of [410, 420)
attack: step 1/1, xent loss = 2.136, l2 loss = 33.291 (max 14.95), (true 57, predicted [58])
check failed
true = 57, adv = 728
evaluating 416 of [410, 420)
attack: step 1/1, xent loss = 6.78563, l2 loss = 20.6454 (max 14.95), (true 868, predicted [640])
check failed
true = 868, adv = 463
evaluating 417 of [410, 420)
attack: step 1/1, xent loss = 0.0609677, l2 loss = 36.5776 (max 14.95), (true 355, predicted [355])
check failed
true = 355, adv = 728
evaluating 418 of [410, 420)
attack: step 1/1, xent loss = 0.0166967, l2 loss = 10.6095 (max 14.95), (true 958, predicted [958])
true = 958, adv = 936
evaluating 419 of [410, 420)
attack: step 1/1, xent loss = 5.53758, l2 loss = 15.9251 (max 14.95), (true 453, predicted [493])
check failed
true = 453, adv = 492
