2019-11-04 05:45:45.451522: I tensorflow/core/platform/cpu_feature_guard.cc:141] Your CPU supports instructions that this TensorFlow binary was not compiled to use: SSE4.1 SSE4.2 AVX AVX2 FMA
2019-11-04 05:45:45.458542: I tensorflow/core/platform/profile_utils/cpu_utils.cc:94] CPU Frequency: 2600235000 Hz
2019-11-04 05:45:45.458680: I tensorflow/compiler/xla/service/service.cc:150] XLA service 0x55555902f890 executing computations on platform Host. Devices:
2019-11-04 05:45:45.458698: I tensorflow/compiler/xla/service/service.cc:158]   StreamExecutor device (0): <undefined>, <undefined>
2019-11-04 05:45:45.458902: I tensorflow/core/common_runtime/process_util.cc:71] Creating new thread pool with default inter op setting: 2. Tune using inter_op_parallelism_threads for best performance.
evaluating 910 of [910, 920)
attack: step 1/1, xent loss = 5.26884, l2 loss = 28.4504 (max 14.95), (true 762, predicted [654])
check failed
true = 762, adv = 830
evaluating 911 of [910, 920)
attack: step 1/1, xent loss = 4.16318, l2 loss = 21.2915 (max 14.95), (true 234, predicted [246])
check failed
true = 234, adv = 246
evaluating 912 of [910, 920)
attack: step 1/1, xent loss = 1.56053, l2 loss = 37.4206 (max 14.95), (true 54, predicted [54])
check failed
true = 54, adv = 728
evaluating 913 of [910, 920)
attack: step 1/1, xent loss = 0.720782, l2 loss = 35.1119 (max 14.95), (true 259, predicted [259])
check failed
true = 259, adv = 552
evaluating 914 of [910, 920)
attack: step 1/1, xent loss = 5.90024, l2 loss = 30.2972 (max 14.95), (true 188, predicted [267])
check failed
true = 188, adv = 728
evaluating 915 of [910, 920)
attack: step 1/1, xent loss = 6.49201, l2 loss = 17.9654 (max 14.95), (true 692, predicted [860])
check failed
true = 692, adv = 860
evaluating 916 of [910, 920)
attack: step 1/1, xent loss = 10.6111, l2 loss = 25.8461 (max 14.95), (true 971, predicted [793])
check failed
true = 971, adv = 793
evaluating 917 of [910, 920)
attack: step 1/1, xent loss = 8.85849, l2 loss = 10.7732 (max 14.95), (true 674, predicted [774])
true = 674, adv = 770
evaluating 918 of [910, 920)
attack: step 1/1, xent loss = 3.34966, l2 loss = 22.5867 (max 14.95), (true 213, predicted [221])
check failed
true = 213, adv = 163
evaluating 919 of [910, 920)
attack: step 1/1, xent loss = 0.987394, l2 loss = 17.2234 (max 14.95), (true 519, predicted [519])
check failed
true = 519, adv = 692
