2019-06-06 00:07:13.920438: I tensorflow/core/platform/cpu_feature_guard.cc:141] Your CPU supports instructions that this TensorFlow binary was not compiled to use: SSE4.1 SSE4.2 AVX AVX2 FMA
2019-06-06 00:07:14.495088: I tensorflow/core/platform/profile_utils/cpu_utils.cc:94] CPU Frequency: 2600030000 Hz
2019-06-06 00:07:14.506994: I tensorflow/compiler/xla/service/service.cc:150] XLA service 0x2aaae6fbcfa0 executing computations on platform Host. Devices:
2019-06-06 00:07:14.507039: I tensorflow/compiler/xla/service/service.cc:158]   StreamExecutor device (0): <undefined>, <undefined>
2019-06-06 00:07:14.507380: I tensorflow/core/common_runtime/process_util.cc:71] Creating new thread pool with default inter op setting: 2. Tune using inter_op_parallelism_threads for best performance.
evaluating 490 of [490, 500)
attack: step 1/10, xent loss = 8.05302, l2 loss = 0 (max 14.95), (true 953, predicted [723])
attack: step 2/10, xent loss = 8.77425, l2 loss = 5.16942 (max 14.95), (true 953, predicted [723])
attack: step 3/10, xent loss = 8.91181, l2 loss = 8.04318 (max 14.95), (true 953, predicted [723])
attack: step 4/10, xent loss = 10.673, l2 loss = 10.257 (max 14.95), (true 953, predicted [723])
attack: step 5/10, xent loss = 10.0871, l2 loss = 13.5243 (max 14.95), (true 953, predicted [723])
attack: step 6/10, xent loss = 10.7122, l2 loss = 14.7891 (max 14.95), (true 953, predicted [723])
attack: step 7/10, xent loss = 8.08579, l2 loss = 16.2325 (max 14.95), (true 953, predicted [723])
attack: step 8/10, xent loss = 10.7443, l2 loss = 16.95 (max 14.95), (true 953, predicted [723])
attack: step 9/10, xent loss = 10.118, l2 loss = 18.0633 (max 14.95), (true 953, predicted [723])
attack: step 10/10, xent loss = 12.0753, l2 loss = 19.5693 (max 14.95), (true 953, predicted [723])
check failed
true = 953, adv = 723
evaluating 491 of [490, 500)
attack: step 1/10, xent loss = 9.90656, l2 loss = 0 (max 14.95), (true 376, predicted [728])
attack: step 2/10, xent loss = 11.1745, l2 loss = 5.11078 (max 14.95), (true 376, predicted [728])
attack: step 3/10, xent loss = 11.0187, l2 loss = 8.2619 (max 14.95), (true 376, predicted [728])
attack: step 4/10, xent loss = 10.0481, l2 loss = 10.099 (max 14.95), (true 376, predicted [728])
attack: step 5/10, xent loss = 11.3359, l2 loss = 11.39 (max 14.95), (true 376, predicted [728])
attack: step 6/10, xent loss = 12.542, l2 loss = 12.8694 (max 14.95), (true 376, predicted [728])
attack: step 7/10, xent loss = 10.8984, l2 loss = 14.412 (max 14.95), (true 376, predicted [728])
attack: step 8/10, xent loss = 11.8039, l2 loss = 15.8707 (max 14.95), (true 376, predicted [728])
attack: step 9/10, xent loss = 10.9428, l2 loss = 17.0356 (max 14.95), (true 376, predicted [728])
attack: step 10/10, xent loss = 14.6318, l2 loss = 17.8194 (max 14.95), (true 376, predicted [728])
check failed
true = 376, adv = 728
evaluating 492 of [490, 500)
attack: step 1/10, xent loss = 2.88902, l2 loss = 0 (max 14.95), (true 526, predicted [526])
attack: step 2/10, xent loss = 4.27369, l2 loss = 6.21277 (max 14.95), (true 526, predicted [667])
attack: step 3/10, xent loss = 4.69849, l2 loss = 12.1536 (max 14.95), (true 526, predicted [762])
attack: step 4/10, xent loss = 3.71584, l2 loss = 14.2479 (max 14.95), (true 526, predicted [667])
attack: step 5/10, xent loss = 8.94852, l2 loss = 18.8538 (max 14.95), (true 526, predicted [667])
attack: step 6/10, xent loss = 9.33761, l2 loss = 22.8042 (max 14.95), (true 526, predicted [667])
attack: step 7/10, xent loss = 6.22846, l2 loss = 26.9643 (max 14.95), (true 526, predicted [667])
attack: step 8/10, xent loss = 8.02157, l2 loss = 27.8473 (max 14.95), (true 526, predicted [667])
attack: step 9/10, xent loss = 9.93851, l2 loss = 29.5452 (max 14.95), (true 526, predicted [667])
attack: step 10/10, xent loss = 9.10275, l2 loss = 31.1128 (max 14.95), (true 526, predicted [667])
check failed
true = 526, adv = 667
evaluating 493 of [490, 500)
attack: step 1/10, xent loss = 2.75839, l2 loss = 0 (max 14.95), (true 657, predicted [728])
attack: step 2/10, xent loss = 2.34266, l2 loss = 13.0491 (max 14.95), (true 657, predicted [744])
attack: step 3/10, xent loss = 3.68974, l2 loss = 14.7961 (max 14.95), (true 657, predicted [879])
attack: step 4/10, xent loss = 2.41602, l2 loss = 18.5103 (max 14.95), (true 657, predicted [744])
attack: step 5/10, xent loss = 3.3832, l2 loss = 21.3386 (max 14.95), (true 657, predicted [728])
attack: step 6/10, xent loss = 6.43438, l2 loss = 23.033 (max 14.95), (true 657, predicted [728])
attack: step 7/10, xent loss = 6.04335, l2 loss = 24.8031 (max 14.95), (true 657, predicted [728])
attack: step 8/10, xent loss = 7.12726, l2 loss = 26.2971 (max 14.95), (true 657, predicted [728])
attack: step 9/10, xent loss = 6.32348, l2 loss = 27.1498 (max 14.95), (true 657, predicted [728])
attack: step 10/10, xent loss = 6.07657, l2 loss = 29.3534 (max 14.95), (true 657, predicted [728])
check failed
true = 657, adv = 728
evaluating 494 of [490, 500)
attack: step 1/10, xent loss = 7.10144, l2 loss = 0 (max 14.95), (true 381, predicted [723])
attack: step 2/10, xent loss = 7.2993, l2 loss = 4.38248 (max 14.95), (true 381, predicted [879])
attack: step 3/10, xent loss = 7.52755, l2 loss = 5.26616 (max 14.95), (true 381, predicted [723])
attack: step 4/10, xent loss = 7.78811, l2 loss = 5.74709 (max 14.95), (true 381, predicted [723])
attack: step 5/10, xent loss = 7.44996, l2 loss = 6.1634 (max 14.95), (true 381, predicted [723])
attack: step 6/10, xent loss = 8.84509, l2 loss = 7.4955 (max 14.95), (true 381, predicted [701])
attack: step 7/10, xent loss = 7.06309, l2 loss = 9.24276 (max 14.95), (true 381, predicted [723])
attack: step 8/10, xent loss = 7.70722, l2 loss = 9.58416 (max 14.95), (true 381, predicted [723])
attack: step 9/10, xent loss = 7.16258, l2 loss = 10.5558 (max 14.95), (true 381, predicted [723])
attack: step 10/10, xent loss = 8.84943, l2 loss = 11.3955 (max 14.95), (true 381, predicted [723])
true = 381, adv = 728
evaluating 495 of [490, 500)
attack: step 1/10, xent loss = 0.18098, l2 loss = 0 (max 14.95), (true 701, predicted [701])
attack: step 2/10, xent loss = 0.235344, l2 loss = 0.519705 (max 14.95), (true 701, predicted [701])
attack: step 3/10, xent loss = 0.20043, l2 loss = 0.816533 (max 14.95), (true 701, predicted [701])
attack: step 4/10, xent loss = 0.322343, l2 loss = 1.0148 (max 14.95), (true 701, predicted [701])
attack: step 5/10, xent loss = 0.497912, l2 loss = 1.36716 (max 14.95), (true 701, predicted [701])
attack: step 6/10, xent loss = 0.366388, l2 loss = 1.91934 (max 14.95), (true 701, predicted [701])
attack: step 7/10, xent loss = 0.238046, l2 loss = 2.13842 (max 14.95), (true 701, predicted [701])
attack: step 8/10, xent loss = 0.219315, l2 loss = 2.26079 (max 14.95), (true 701, predicted [701])
attack: step 9/10, xent loss = 0.0689101, l2 loss = 2.34435 (max 14.95), (true 701, predicted [701])
attack: step 10/10, xent loss = 0.108082, l2 loss = 2.35905 (max 14.95), (true 701, predicted [701])
true = 701, adv = 701
evaluating 496 of [490, 500)
attack: step 1/10, xent loss = 8.9778, l2 loss = 0 (max 14.95), (true 182, predicted [728])
attack: step 2/10, xent loss = 10.1873, l2 loss = 2.66041 (max 14.95), (true 182, predicted [728])
attack: step 3/10, xent loss = 9.12867, l2 loss = 5.8202 (max 14.95), (true 182, predicted [728])
attack: step 4/10, xent loss = 9.90879, l2 loss = 6.5688 (max 14.95), (true 182, predicted [728])
attack: step 5/10, xent loss = 8.86136, l2 loss = 7.56342 (max 14.95), (true 182, predicted [728])
attack: step 6/10, xent loss = 9.63591, l2 loss = 7.83857 (max 14.95), (true 182, predicted [728])
attack: step 7/10, xent loss = 9.79405, l2 loss = 8.63702 (max 14.95), (true 182, predicted [728])
attack: step 8/10, xent loss = 10.5786, l2 loss = 10.661 (max 14.95), (true 182, predicted [728])
attack: step 9/10, xent loss = 9.44056, l2 loss = 12.2935 (max 14.95), (true 182, predicted [728])
attack: step 10/10, xent loss = 10.1973, l2 loss = 12.8694 (max 14.95), (true 182, predicted [728])
true = 182, adv = 728
evaluating 497 of [490, 500)
attack: step 1/10, xent loss = 1.48632, l2 loss = 0 (max 14.95), (true 601, predicted [689])
attack: step 2/10, xent loss = 1.45638, l2 loss = 1.59138 (max 14.95), (true 601, predicted [601])
attack: step 3/10, xent loss = 2.00889, l2 loss = 2.22029 (max 14.95), (true 601, predicted [578])
attack: step 4/10, xent loss = 1.86062, l2 loss = 3.07652 (max 14.95), (true 601, predicted [578])
attack: step 5/10, xent loss = 1.83394, l2 loss = 3.6335 (max 14.95), (true 601, predicted [578])
attack: step 6/10, xent loss = 1.58088, l2 loss = 4.11959 (max 14.95), (true 601, predicted [578])
attack: step 7/10, xent loss = 1.62374, l2 loss = 4.45312 (max 14.95), (true 601, predicted [578])
attack: step 8/10, xent loss = 1.71573, l2 loss = 4.81972 (max 14.95), (true 601, predicted [578])
attack: step 9/10, xent loss = 1.03318, l2 loss = 5.17903 (max 14.95), (true 601, predicted [601])
attack: step 10/10, xent loss = 2.71395, l2 loss = 5.36172 (max 14.95), (true 601, predicted [728])
true = 601, adv = 728
evaluating 498 of [490, 500)
attack: step 1/10, xent loss = 9.90987, l2 loss = 0 (max 14.95), (true 593, predicted [728])
attack: step 2/10, xent loss = 12.6668, l2 loss = 5.38224 (max 14.95), (true 593, predicted [728])
attack: step 3/10, xent loss = 13.8766, l2 loss = 9.23204 (max 14.95), (true 593, predicted [728])
attack: step 4/10, xent loss = 10.8597, l2 loss = 12.0043 (max 14.95), (true 593, predicted [728])
attack: step 5/10, xent loss = 11.2654, l2 loss = 14.7037 (max 14.95), (true 593, predicted [728])
attack: step 6/10, xent loss = 15.0862, l2 loss = 16.1541 (max 14.95), (true 593, predicted [728])
attack: step 7/10, xent loss = 12.3083, l2 loss = 17.9801 (max 14.95), (true 593, predicted [728])
attack: step 8/10, xent loss = 16.0312, l2 loss = 19.9292 (max 14.95), (true 593, predicted [728])
attack: step 9/10, xent loss = 11.8201, l2 loss = 21.3195 (max 14.95), (true 593, predicted [728])
attack: step 10/10, xent loss = 13.4587, l2 loss = 22.8676 (max 14.95), (true 593, predicted [728])
check failed
true = 593, adv = 728
evaluating 499 of [490, 500)
attack: step 1/10, xent loss = 9.82378, l2 loss = 0 (max 14.95), (true 316, predicted [309])
attack: step 2/10, xent loss = 9.12298, l2 loss = 3.6982 (max 14.95), (true 316, predicted [309])
attack: step 3/10, xent loss = 8.46799, l2 loss = 5.69098 (max 14.95), (true 316, predicted [309])
attack: step 4/10, xent loss = 10.4158, l2 loss = 7.25819 (max 14.95), (true 316, predicted [309])
attack: step 5/10, xent loss = 10.2967, l2 loss = 8.70094 (max 14.95), (true 316, predicted [309])
attack: step 6/10, xent loss = 12.1162, l2 loss = 9.36163 (max 14.95), (true 316, predicted [309])
attack: step 7/10, xent loss = 9.94716, l2 loss = 10.2513 (max 14.95), (true 316, predicted [309])
attack: step 8/10, xent loss = 10.4233, l2 loss = 10.884 (max 14.95), (true 316, predicted [309])
attack: step 9/10, xent loss = 9.46981, l2 loss = 11.2965 (max 14.95), (true 316, predicted [309])
attack: step 10/10, xent loss = 10.2115, l2 loss = 12.4028 (max 14.95), (true 316, predicted [309])
true = 316, adv = 309
