2019-11-03 23:38:45.118201: I tensorflow/core/platform/cpu_feature_guard.cc:141] Your CPU supports instructions that this TensorFlow binary was not compiled to use: SSE4.1 SSE4.2 AVX AVX2 FMA
2019-11-03 23:38:45.126702: I tensorflow/core/platform/profile_utils/cpu_utils.cc:94] CPU Frequency: 2600075000 Hz
2019-11-03 23:38:45.126800: I tensorflow/compiler/xla/service/service.cc:150] XLA service 0x2aaae6bc7970 executing computations on platform Host. Devices:
2019-11-03 23:38:45.126813: I tensorflow/compiler/xla/service/service.cc:158]   StreamExecutor device (0): <undefined>, <undefined>
2019-11-03 23:38:45.126973: I tensorflow/core/common_runtime/process_util.cc:71] Creating new thread pool with default inter op setting: 2. Tune using inter_op_parallelism_threads for best performance.
evaluating 790 of [790, 800)
attack: step 1/1, xent loss = 0.0192478, l2 loss = 25.879 (max 14.95), (true 50, predicted [50])
check failed
true = 50, adv = 728
evaluating 791 of [790, 800)
attack: step 1/1, xent loss = 1.62341, l2 loss = 22.909 (max 14.95), (true 713, predicted [742])
check failed
true = 713, adv = 478
evaluating 792 of [790, 800)
attack: step 1/1, xent loss = 0.0496895, l2 loss = 35.7073 (max 14.95), (true 186, predicted [186])
check failed
true = 186, adv = 728
evaluating 793 of [790, 800)
attack: step 1/1, xent loss = 5.12713, l2 loss = 14.7209 (max 14.95), (true 384, predicted [82])
true = 384, adv = 728
evaluating 794 of [790, 800)
attack: step 1/1, xent loss = 6.14644, l2 loss = 32.8125 (max 14.95), (true 608, predicted [669])
check failed
true = 608, adv = 879
evaluating 795 of [790, 800)
attack: step 1/1, xent loss = 5.41075, l2 loss = 42.8896 (max 14.95), (true 279, predicted [34])
check failed
true = 279, adv = 728
evaluating 796 of [790, 800)
attack: step 1/1, xent loss = 0.068787, l2 loss = 17.746 (max 14.95), (true 882, predicted [882])
check failed
true = 882, adv = 728
evaluating 797 of [790, 800)
attack: step 1/1, xent loss = 0.674876, l2 loss = 19.76 (max 14.95), (true 902, predicted [902])
check failed
true = 902, adv = 645
evaluating 798 of [790, 800)
attack: step 1/1, xent loss = 0.664543, l2 loss = 35.9629 (max 14.95), (true 171, predicted [171])
check failed
true = 171, adv = 728
evaluating 799 of [790, 800)
attack: step 1/1, xent loss = 0.110525, l2 loss = 19.842 (max 14.95), (true 195, predicted [195])
check failed
true = 195, adv = 195
