2019-11-03 20:46:33.078595: I tensorflow/core/platform/cpu_feature_guard.cc:141] Your CPU supports instructions that this TensorFlow binary was not compiled to use: SSE4.1 SSE4.2 AVX AVX2 FMA
2019-11-03 20:46:33.088820: I tensorflow/core/platform/profile_utils/cpu_utils.cc:94] CPU Frequency: 2600020000 Hz
2019-11-03 20:46:33.089123: I tensorflow/compiler/xla/service/service.cc:150] XLA service 0x55555902ebd0 executing computations on platform Host. Devices:
2019-11-03 20:46:33.089150: I tensorflow/compiler/xla/service/service.cc:158]   StreamExecutor device (0): <undefined>, <undefined>
2019-11-03 20:46:33.089711: I tensorflow/core/common_runtime/process_util.cc:71] Creating new thread pool with default inter op setting: 2. Tune using inter_op_parallelism_threads for best performance.
evaluating 940 of [940, 950)
attack: step 1/1, xent loss = 0.359974, l2 loss = 32.3227 (max 14.95), (true 370, predicted [370])
check failed
true = 370, adv = 793
evaluating 941 of [940, 950)
attack: step 1/1, xent loss = 0.0920939, l2 loss = 24.8215 (max 14.95), (true 565, predicted [565])
check failed
true = 565, adv = 830
evaluating 942 of [940, 950)
attack: step 1/1, xent loss = 6.63285, l2 loss = 28.8525 (max 14.95), (true 933, predicted [36])
check failed
true = 933, adv = 728
evaluating 943 of [940, 950)
attack: step 1/1, xent loss = 8.66409, l2 loss = 40.5653 (max 14.95), (true 855, predicted [999])
check failed
true = 855, adv = 700
evaluating 944 of [940, 950)
attack: step 1/1, xent loss = 5.07739, l2 loss = 22.617 (max 14.95), (true 736, predicted [750])
check failed
true = 736, adv = 750
evaluating 945 of [940, 950)
attack: step 1/1, xent loss = 0.0479296, l2 loss = 7.27913 (max 14.95), (true 145, predicted [145])
true = 145, adv = 797
evaluating 946 of [940, 950)
attack: step 1/1, xent loss = 3.72135, l2 loss = 31.2534 (max 14.95), (true 301, predicted [304])
check failed
true = 301, adv = 728
evaluating 947 of [940, 950)
attack: step 1/1, xent loss = 0.0972602, l2 loss = 27.2464 (max 14.95), (true 47, predicted [47])
check failed
true = 47, adv = 728
evaluating 948 of [940, 950)
attack: step 1/1, xent loss = 8.95001, l2 loss = 37.2771 (max 14.95), (true 459, predicted [552])
check failed
true = 459, adv = 552
evaluating 949 of [940, 950)
attack: step 1/1, xent loss = 0.41566, l2 loss = 1.96664 (max 14.95), (true 698, predicted [698])
true = 698, adv = 698
