2019-05-23 23:10:02.441018: I tensorflow/core/platform/cpu_feature_guard.cc:141] Your CPU supports instructions that this TensorFlow binary was not compiled to use: SSE4.1 SSE4.2 AVX AVX2 FMA
2019-05-23 23:10:02.450344: I tensorflow/core/platform/profile_utils/cpu_utils.cc:94] CPU Frequency: 2599945000 Hz
2019-05-23 23:10:02.450473: I tensorflow/compiler/xla/service/service.cc:150] XLA service 0x2aaae6d4a9b0 executing computations on platform Host. Devices:
2019-05-23 23:10:02.450494: I tensorflow/compiler/xla/service/service.cc:158]   StreamExecutor device (0): <undefined>, <undefined>
2019-05-23 23:10:02.450684: I tensorflow/core/common_runtime/process_util.cc:71] Creating new thread pool with default inter op setting: 2. Tune using inter_op_parallelism_threads for best performance.
evaluating 660 of [660, 670)
attack: step 1/10, xent loss = 3.97824, l2 loss = 0 (max 14.95), (true 696, predicted [818])
attack: step 2/10, xent loss = 4.64207, l2 loss = 5.3769 (max 14.95), (true 696, predicted [562])
attack: step 3/10, xent loss = 6.9152, l2 loss = 7.16003 (max 14.95), (true 696, predicted [562])
attack: step 4/10, xent loss = 6.34074, l2 loss = 7.9099 (max 14.95), (true 696, predicted [846])
attack: step 5/10, xent loss = 6.20441, l2 loss = 9.48231 (max 14.95), (true 696, predicted [562])
attack: step 6/10, xent loss = 7.75984, l2 loss = 10.1728 (max 14.95), (true 696, predicted [604])
attack: step 7/10, xent loss = 7.26427, l2 loss = 10.483 (max 14.95), (true 696, predicted [883])
attack: step 8/10, xent loss = 6.69672, l2 loss = 10.928 (max 14.95), (true 696, predicted [604])
attack: step 9/10, xent loss = 7.74798, l2 loss = 11.5716 (max 14.95), (true 696, predicted [604])
attack: step 10/10, xent loss = 10.9537, l2 loss = 12.1549 (max 14.95), (true 696, predicted [604])
true = 696, adv = 604
evaluating 661 of [660, 670)
attack: step 1/10, xent loss = 7.52912, l2 loss = 0 (max 14.95), (true 900, predicted [999])
attack: step 2/10, xent loss = 10.0207, l2 loss = 9.27506 (max 14.95), (true 900, predicted [999])
attack: step 3/10, xent loss = 13.2541, l2 loss = 15.5402 (max 14.95), (true 900, predicted [999])
attack: step 4/10, xent loss = 14.3043, l2 loss = 20.9504 (max 14.95), (true 900, predicted [999])
attack: step 5/10, xent loss = 15.3427, l2 loss = 23.9425 (max 14.95), (true 900, predicted [999])
attack: step 6/10, xent loss = 19.3489, l2 loss = 26.1709 (max 14.95), (true 900, predicted [999])
attack: step 7/10, xent loss = 17.9107, l2 loss = 28.2433 (max 14.95), (true 900, predicted [999])
attack: step 8/10, xent loss = 20.5794, l2 loss = 30.2552 (max 14.95), (true 900, predicted [999])
attack: step 9/10, xent loss = 15.4742, l2 loss = 32.0268 (max 14.95), (true 900, predicted [999])
attack: step 10/10, xent loss = 20.9982, l2 loss = 33.2327 (max 14.95), (true 900, predicted [999])
check failed
true = 900, adv = 999
evaluating 662 of [660, 670)
attack: step 1/10, xent loss = 7.44942, l2 loss = 0 (max 14.95), (true 910, predicted [728])
attack: step 2/10, xent loss = 7.1753, l2 loss = 4.32171 (max 14.95), (true 910, predicted [728])
attack: step 3/10, xent loss = 7.75822, l2 loss = 6.42796 (max 14.95), (true 910, predicted [728])
attack: step 4/10, xent loss = 8.25778, l2 loss = 7.42109 (max 14.95), (true 910, predicted [728])
attack: step 5/10, xent loss = 9.91694, l2 loss = 9.18819 (max 14.95), (true 910, predicted [728])
attack: step 6/10, xent loss = 8.12042, l2 loss = 11.2771 (max 14.95), (true 910, predicted [728])
attack: step 7/10, xent loss = 7.20691, l2 loss = 11.9415 (max 14.95), (true 910, predicted [728])
attack: step 8/10, xent loss = 9.14465, l2 loss = 13.5689 (max 14.95), (true 910, predicted [728])
attack: step 9/10, xent loss = 10.6531, l2 loss = 15.0305 (max 14.95), (true 910, predicted [728])
attack: step 10/10, xent loss = 11.1725, l2 loss = 16.4431 (max 14.95), (true 910, predicted [728])
check failed
true = 910, adv = 728
evaluating 663 of [660, 670)
attack: step 1/10, xent loss = 0.51896, l2 loss = 0 (max 14.95), (true 871, predicted [871])
attack: step 2/10, xent loss = 1.19548, l2 loss = 1.04563 (max 14.95), (true 871, predicted [484])
attack: step 3/10, xent loss = 1.31329, l2 loss = 2.08467 (max 14.95), (true 871, predicted [484])
attack: step 4/10, xent loss = 1.50517, l2 loss = 2.76254 (max 14.95), (true 871, predicted [484])
attack: step 5/10, xent loss = 1.24605, l2 loss = 3.23791 (max 14.95), (true 871, predicted [484])
attack: step 6/10, xent loss = 1.02302, l2 loss = 3.73736 (max 14.95), (true 871, predicted [484])
attack: step 7/10, xent loss = 1.6262, l2 loss = 4.17709 (max 14.95), (true 871, predicted [484])
attack: step 8/10, xent loss = 1.71638, l2 loss = 4.61982 (max 14.95), (true 871, predicted [484])
attack: step 9/10, xent loss = 1.59021, l2 loss = 5.04968 (max 14.95), (true 871, predicted [484])
attack: step 10/10, xent loss = 2.03218, l2 loss = 5.46741 (max 14.95), (true 871, predicted [484])
true = 871, adv = 484
evaluating 664 of [660, 670)
attack: step 1/10, xent loss = 8.53017, l2 loss = 0 (max 14.95), (true 27, predicted [793])
attack: step 2/10, xent loss = 9.27691, l2 loss = 6.32095 (max 14.95), (true 27, predicted [793])
attack: step 3/10, xent loss = 10.0476, l2 loss = 8.44829 (max 14.95), (true 27, predicted [728])
attack: step 4/10, xent loss = 14.8086, l2 loss = 10.2128 (max 14.95), (true 27, predicted [793])
attack: step 5/10, xent loss = 14.3343, l2 loss = 14.6874 (max 14.95), (true 27, predicted [793])
attack: step 6/10, xent loss = 14.5511, l2 loss = 20.5427 (max 14.95), (true 27, predicted [793])
attack: step 7/10, xent loss = 15.1, l2 loss = 26.05 (max 14.95), (true 27, predicted [793])
attack: step 8/10, xent loss = 16.2991, l2 loss = 28.1791 (max 14.95), (true 27, predicted [793])
attack: step 9/10, xent loss = 22.0268, l2 loss = 30.089 (max 14.95), (true 27, predicted [793])
attack: step 10/10, xent loss = 18.0407, l2 loss = 31.7226 (max 14.95), (true 27, predicted [793])
check failed
true = 27, adv = 793
evaluating 665 of [660, 670)
attack: step 1/10, xent loss = 8.41877, l2 loss = 0 (max 14.95), (true 342, predicted [999])
attack: step 2/10, xent loss = 8.22485, l2 loss = 2.75471 (max 14.95), (true 342, predicted [509])
attack: step 3/10, xent loss = 8.26616, l2 loss = 4.05098 (max 14.95), (true 342, predicted [750])
attack: step 4/10, xent loss = 9.15928, l2 loss = 4.77253 (max 14.95), (true 342, predicted [509])
attack: step 5/10, xent loss = 8.95322, l2 loss = 6.80824 (max 14.95), (true 342, predicted [509])
attack: step 6/10, xent loss = 8.55217, l2 loss = 7.20788 (max 14.95), (true 342, predicted [509])
attack: step 7/10, xent loss = 7.98786, l2 loss = 7.91106 (max 14.95), (true 342, predicted [999])
attack: step 8/10, xent loss = 8.36124, l2 loss = 9.13345 (max 14.95), (true 342, predicted [509])
attack: step 9/10, xent loss = 9.12616, l2 loss = 9.35769 (max 14.95), (true 342, predicted [750])
attack: step 10/10, xent loss = 8.73121, l2 loss = 9.698 (max 14.95), (true 342, predicted [750])
true = 342, adv = 509
evaluating 666 of [660, 670)
attack: step 1/10, xent loss = 0.957935, l2 loss = 0 (max 14.95), (true 927, predicted [927])
attack: step 2/10, xent loss = 3.65279, l2 loss = 5.75086 (max 14.95), (true 927, predicted [933])
attack: step 3/10, xent loss = 5.94258, l2 loss = 11.8079 (max 14.95), (true 927, predicted [728])
attack: step 4/10, xent loss = 6.20463, l2 loss = 13.4466 (max 14.95), (true 927, predicted [933])
attack: step 5/10, xent loss = 8.33135, l2 loss = 14.6038 (max 14.95), (true 927, predicted [728])
attack: step 6/10, xent loss = 9.80706, l2 loss = 17.3951 (max 14.95), (true 927, predicted [728])
attack: step 7/10, xent loss = 7.86174, l2 loss = 20.1709 (max 14.95), (true 927, predicted [728])
attack: step 8/10, xent loss = 10.8835, l2 loss = 21.5296 (max 14.95), (true 927, predicted [728])
attack: step 9/10, xent loss = 8.96933, l2 loss = 23.1173 (max 14.95), (true 927, predicted [728])
attack: step 10/10, xent loss = 10.6434, l2 loss = 25.2642 (max 14.95), (true 927, predicted [728])
check failed
true = 927, adv = 728
evaluating 667 of [660, 670)
attack: step 1/10, xent loss = 3.63233, l2 loss = 0 (max 14.95), (true 594, predicted [728])
attack: step 2/10, xent loss = 9.36886, l2 loss = 5.9167 (max 14.95), (true 594, predicted [728])
attack: step 3/10, xent loss = 6.07289, l2 loss = 8.14605 (max 14.95), (true 594, predicted [728])
attack: step 4/10, xent loss = 8.46415, l2 loss = 9.03151 (max 14.95), (true 594, predicted [728])
attack: step 5/10, xent loss = 6.34898, l2 loss = 10.5218 (max 14.95), (true 594, predicted [728])
attack: step 6/10, xent loss = 6.51853, l2 loss = 11.7535 (max 14.95), (true 594, predicted [728])
attack: step 7/10, xent loss = 9.12816, l2 loss = 12.6966 (max 14.95), (true 594, predicted [728])
attack: step 8/10, xent loss = 2.90055, l2 loss = 13.5335 (max 14.95), (true 594, predicted [728])
attack: step 9/10, xent loss = 8.41362, l2 loss = 15.0943 (max 14.95), (true 594, predicted [728])
attack: step 10/10, xent loss = 10.0718, l2 loss = 15.9378 (max 14.95), (true 594, predicted [728])
check failed
true = 594, adv = 728
evaluating 668 of [660, 670)
attack: step 1/10, xent loss = 0.967721, l2 loss = 0 (max 14.95), (true 31, predicted [32])
attack: step 2/10, xent loss = 0.705065, l2 loss = 1.59396 (max 14.95), (true 31, predicted [31])
attack: step 3/10, xent loss = 0.259585, l2 loss = 2.10039 (max 14.95), (true 31, predicted [31])
attack: step 4/10, xent loss = 0.883236, l2 loss = 2.18393 (max 14.95), (true 31, predicted [31])
attack: step 5/10, xent loss = 1.22269, l2 loss = 2.65165 (max 14.95), (true 31, predicted [32])
attack: step 6/10, xent loss = 1.52282, l2 loss = 3.3855 (max 14.95), (true 31, predicted [32])
attack: step 7/10, xent loss = 0.84135, l2 loss = 3.99448 (max 14.95), (true 31, predicted [32])
attack: step 8/10, xent loss = 1.25623, l2 loss = 4.38627 (max 14.95), (true 31, predicted [32])
attack: step 9/10, xent loss = 1.06523, l2 loss = 4.87915 (max 14.95), (true 31, predicted [32])
attack: step 10/10, xent loss = 1.24375, l2 loss = 5.25186 (max 14.95), (true 31, predicted [32])
true = 31, adv = 32
evaluating 669 of [660, 670)
attack: step 1/10, xent loss = 0.0160166, l2 loss = 0 (max 14.95), (true 604, predicted [604])
attack: step 2/10, xent loss = 0.0114779, l2 loss = 0.0394433 (max 14.95), (true 604, predicted [604])
attack: step 3/10, xent loss = 0.00995799, l2 loss = 0.0460146 (max 14.95), (true 604, predicted [604])
attack: step 4/10, xent loss = 0.0285724, l2 loss = 0.0502147 (max 14.95), (true 604, predicted [604])
attack: step 5/10, xent loss = 0.00795731, l2 loss = 0.0937395 (max 14.95), (true 604, predicted [604])
attack: step 6/10, xent loss = 0.0193278, l2 loss = 0.0958772 (max 14.95), (true 604, predicted [604])
attack: step 7/10, xent loss = 0.00425398, l2 loss = 0.107151 (max 14.95), (true 604, predicted [604])
attack: step 8/10, xent loss = 0.00859597, l2 loss = 0.107891 (max 14.95), (true 604, predicted [604])
attack: step 9/10, xent loss = 0.0101736, l2 loss = 0.109927 (max 14.95), (true 604, predicted [604])
attack: step 10/10, xent loss = 0.0113257, l2 loss = 0.112958 (max 14.95), (true 604, predicted [604])
true = 604, adv = 604
