2019-10-26 02:01:01.439930: I tensorflow/core/platform/cpu_feature_guard.cc:141] Your CPU supports instructions that this TensorFlow binary was not compiled to use: SSE4.1 SSE4.2 AVX AVX2 FMA
2019-10-26 02:01:02.010009: I tensorflow/core/platform/profile_utils/cpu_utils.cc:94] CPU Frequency: 2599945000 Hz
2019-10-26 02:01:02.027394: I tensorflow/compiler/xla/service/service.cc:150] XLA service 0x55555902f080 executing computations on platform Host. Devices:
2019-10-26 02:01:02.027454: I tensorflow/compiler/xla/service/service.cc:158]   StreamExecutor device (0): <undefined>, <undefined>
2019-10-26 02:01:02.029288: I tensorflow/core/common_runtime/process_util.cc:71] Creating new thread pool with default inter op setting: 2. Tune using inter_op_parallelism_threads for best performance.
evaluating 790 of [790, 800)
attack: step 1/10, xent loss = 18.4761, l2 loss = 23.4742 (max 14.95), (true 50, predicted [2])
unbound attack returning early
check failed
true = 50, adv = 2
evaluating 791 of [790, 800)
attack: step 1/10, xent loss = 12.6984, l2 loss = 16.9083 (max 14.95), (true 713, predicted [897])
unbound attack returning early
check failed
true = 713, adv = 897
evaluating 792 of [790, 800)
attack: step 1/10, xent loss = 43.8414, l2 loss = 32.2613 (max 14.95), (true 186, predicted [728])
unbound attack returning early
check failed
true = 186, adv = 728
evaluating 793 of [790, 800)
attack: step 1/10, xent loss = 7.03098, l2 loss = 20.7737 (max 14.95), (true 384, predicted [88])
unbound attack returning early
check failed
true = 384, adv = 369
evaluating 794 of [790, 800)
attack: step 1/10, xent loss = 23.4746, l2 loss = 33.3393 (max 14.95), (true 608, predicted [457])
unbound attack returning early
check failed
true = 608, adv = 457
evaluating 795 of [790, 800)
attack: step 1/10, xent loss = 23.1539, l2 loss = 31.7873 (max 14.95), (true 279, predicted [324])
unbound attack returning early
check failed
true = 279, adv = 324
evaluating 796 of [790, 800)
attack: step 1/10, xent loss = 17.0864, l2 loss = 17.1823 (max 14.95), (true 882, predicted [728])
unbound attack returning early
check failed
true = 882, adv = 728
evaluating 797 of [790, 800)
attack: step 1/10, xent loss = 4.87088, l2 loss = 10.3689 (max 14.95), (true 902, predicted [602])
returning early
true = 902, adv = 596
evaluating 798 of [790, 800)
attack: step 1/10, xent loss = 40.5007, l2 loss = 38.0293 (max 14.95), (true 171, predicted [728])
unbound attack returning early
check failed
true = 171, adv = 728
evaluating 799 of [790, 800)
attack: step 1/10, xent loss = 0.518375, l2 loss = 2.58096 (max 14.95), (true 195, predicted [195])
attack: step 2/10, xent loss = 0.606359, l2 loss = 2.90963 (max 14.95), (true 195, predicted [195])
attack: step 3/10, xent loss = 0.377519, l2 loss = 3.26346 (max 14.95), (true 195, predicted [195])
attack: step 4/10, xent loss = 0.398174, l2 loss = 3.60801 (max 14.95), (true 195, predicted [195])
attack: step 5/10, xent loss = 0.558185, l2 loss = 4.02384 (max 14.95), (true 195, predicted [195])
attack: step 6/10, xent loss = 0.28078, l2 loss = 4.26291 (max 14.95), (true 195, predicted [195])
attack: step 7/10, xent loss = 1.26925, l2 loss = 4.35923 (max 14.95), (true 195, predicted [242])
returning early
true = 195, adv = 195
