2019-06-29 17:55:16.066682: I tensorflow/core/platform/cpu_feature_guard.cc:141] Your CPU supports instructions that this TensorFlow binary was not compiled to use: SSE4.1 SSE4.2 AVX AVX2 FMA
2019-06-29 17:55:16.076419: I tensorflow/core/platform/profile_utils/cpu_utils.cc:94] CPU Frequency: 2600070000 Hz
2019-06-29 17:55:16.076626: I tensorflow/compiler/xla/service/service.cc:150] XLA service 0x2aaae6ac09b0 executing computations on platform Host. Devices:
2019-06-29 17:55:16.076656: I tensorflow/compiler/xla/service/service.cc:158]   StreamExecutor device (0): <undefined>, <undefined>
2019-06-29 17:55:16.076980: I tensorflow/core/common_runtime/process_util.cc:71] Creating new thread pool with default inter op setting: 2. Tune using inter_op_parallelism_threads for best performance.
evaluating 820 of [820, 830)
attack: step 1/10, xent loss = 10.44, l2 loss = 10.3332 (max 14.95), (true 343, predicted [509])
attack: step 2/10, xent loss = 10.5855, l2 loss = 11.2429 (max 14.95), (true 343, predicted [509])
attack: step 3/10, xent loss = 10.1577, l2 loss = 11.4754 (max 14.95), (true 343, predicted [509])
attack: step 4/10, xent loss = 10.4879, l2 loss = 11.7782 (max 14.95), (true 343, predicted [509])
attack: step 5/10, xent loss = 10.2881, l2 loss = 12.1455 (max 14.95), (true 343, predicted [509])
attack: step 6/10, xent loss = 11.2474, l2 loss = 12.4917 (max 14.95), (true 343, predicted [509])
attack: step 7/10, xent loss = 11.2802, l2 loss = 13.0772 (max 14.95), (true 343, predicted [509])
attack: step 8/10, xent loss = 11.4732, l2 loss = 13.3659 (max 14.95), (true 343, predicted [509])
attack: step 9/10, xent loss = 11.0612, l2 loss = 13.8533 (max 14.95), (true 343, predicted [509])
attack: step 10/10, xent loss = 11.8805, l2 loss = 14.2153 (max 14.95), (true 343, predicted [509])
check failed
true = 343, adv = 509
evaluating 821 of [820, 830)
attack: step 1/10, xent loss = 18.2301, l2 loss = 35.3497 (max 14.95), (true 804, predicted [728])
attack: step 2/10, xent loss = 22.824, l2 loss = 36.6039 (max 14.95), (true 804, predicted [728])
attack: step 3/10, xent loss = 21.086, l2 loss = 38.0883 (max 14.95), (true 804, predicted [728])
attack: step 4/10, xent loss = 20.3259, l2 loss = 39.338 (max 14.95), (true 804, predicted [728])
attack: step 5/10, xent loss = 19.67, l2 loss = 40.4151 (max 14.95), (true 804, predicted [728])
attack: step 6/10, xent loss = 21.8538, l2 loss = 41.5962 (max 14.95), (true 804, predicted [728])
attack: step 7/10, xent loss = 24.2817, l2 loss = 43.0031 (max 14.95), (true 804, predicted [728])
attack: step 8/10, xent loss = 28.7642, l2 loss = 43.915 (max 14.95), (true 804, predicted [728])
attack: step 9/10, xent loss = 26.0459, l2 loss = 44.9146 (max 14.95), (true 804, predicted [728])
attack: step 10/10, xent loss = 27.7433, l2 loss = 45.848 (max 14.95), (true 804, predicted [728])
check failed
true = 804, adv = 728
evaluating 822 of [820, 830)
attack: step 1/10, xent loss = 8.49451, l2 loss = 16.8077 (max 14.95), (true 391, predicted [723])
attack: step 2/10, xent loss = 9.91256, l2 loss = 17.1651 (max 14.95), (true 391, predicted [879])
attack: step 3/10, xent loss = 10.5456, l2 loss = 17.7962 (max 14.95), (true 391, predicted [723])
attack: step 4/10, xent loss = 11.9892, l2 loss = 19.1923 (max 14.95), (true 391, predicted [879])
attack: step 5/10, xent loss = 9.85412, l2 loss = 22.4909 (max 14.95), (true 391, predicted [879])
attack: step 6/10, xent loss = 9.89259, l2 loss = 23.5781 (max 14.95), (true 391, predicted [723])
attack: step 7/10, xent loss = 9.60956, l2 loss = 23.9775 (max 14.95), (true 391, predicted [879])
attack: step 8/10, xent loss = 12.0526, l2 loss = 25.0297 (max 14.95), (true 391, predicted [879])
attack: step 9/10, xent loss = 10.7422, l2 loss = 26.9317 (max 14.95), (true 391, predicted [879])
attack: step 10/10, xent loss = 11.6764, l2 loss = 28.4278 (max 14.95), (true 391, predicted [879])
check failed
true = 391, adv = 879
evaluating 823 of [820, 830)
attack: step 1/10, xent loss = 6.37136, l2 loss = 13.966 (max 14.95), (true 290, predicted [728])
attack: step 2/10, xent loss = 6.07062, l2 loss = 14.6686 (max 14.95), (true 290, predicted [728])
attack: step 3/10, xent loss = 7.66073, l2 loss = 15.2385 (max 14.95), (true 290, predicted [728])
attack: step 4/10, xent loss = 8.05772, l2 loss = 15.5286 (max 14.95), (true 290, predicted [728])
attack: step 5/10, xent loss = 8.72561, l2 loss = 16.1532 (max 14.95), (true 290, predicted [728])
attack: step 6/10, xent loss = 11.6242, l2 loss = 16.7486 (max 14.95), (true 290, predicted [728])
attack: step 7/10, xent loss = 13.5967, l2 loss = 17.7017 (max 14.95), (true 290, predicted [728])
attack: step 8/10, xent loss = 7.51061, l2 loss = 18.7527 (max 14.95), (true 290, predicted [728])
attack: step 9/10, xent loss = 11.4543, l2 loss = 19.5689 (max 14.95), (true 290, predicted [728])
attack: step 10/10, xent loss = 10.7834, l2 loss = 20.4169 (max 14.95), (true 290, predicted [728])
check failed
true = 290, adv = 728
evaluating 824 of [820, 830)
attack: step 1/10, xent loss = 7.72077, l2 loss = 15.3335 (max 14.95), (true 391, predicted [701])
attack: step 2/10, xent loss = 7.83462, l2 loss = 15.9292 (max 14.95), (true 391, predicted [830])
attack: step 3/10, xent loss = 8.04184, l2 loss = 16.323 (max 14.95), (true 391, predicted [728])
attack: step 4/10, xent loss = 7.64895, l2 loss = 16.887 (max 14.95), (true 391, predicted [795])
attack: step 5/10, xent loss = 8.12896, l2 loss = 17.2899 (max 14.95), (true 391, predicted [701])
attack: step 6/10, xent loss = 8.03719, l2 loss = 17.9603 (max 14.95), (true 391, predicted [701])
attack: step 7/10, xent loss = 9.07316, l2 loss = 18.538 (max 14.95), (true 391, predicted [672])
attack: step 8/10, xent loss = 7.74232, l2 loss = 19.0711 (max 14.95), (true 391, predicted [672])
attack: step 9/10, xent loss = 9.78996, l2 loss = 19.5515 (max 14.95), (true 391, predicted [701])
attack: step 10/10, xent loss = 8.76401, l2 loss = 19.9077 (max 14.95), (true 391, predicted [807])
check failed
true = 391, adv = 672
evaluating 825 of [820, 830)
attack: step 1/10, xent loss = 11.6651, l2 loss = 15.7269 (max 14.95), (true 29, predicted [607])
attack: step 2/10, xent loss = 11.8263, l2 loss = 16.7809 (max 14.95), (true 29, predicted [607])
attack: step 3/10, xent loss = 12.9749, l2 loss = 18.0875 (max 14.95), (true 29, predicted [607])
attack: step 4/10, xent loss = 15.2384, l2 loss = 19.0447 (max 14.95), (true 29, predicted [607])
attack: step 5/10, xent loss = 11.4571, l2 loss = 20.1198 (max 14.95), (true 29, predicted [607])
attack: step 6/10, xent loss = 11.9833, l2 loss = 21.0067 (max 14.95), (true 29, predicted [607])
attack: step 7/10, xent loss = 13.6538, l2 loss = 21.7795 (max 14.95), (true 29, predicted [607])
attack: step 8/10, xent loss = 14.0117, l2 loss = 22.4346 (max 14.95), (true 29, predicted [607])
attack: step 9/10, xent loss = 14.6034, l2 loss = 23.1554 (max 14.95), (true 29, predicted [607])
attack: step 10/10, xent loss = 12.7281, l2 loss = 23.7927 (max 14.95), (true 29, predicted [607])
check failed
true = 29, adv = 607
evaluating 826 of [820, 830)
attack: step 1/10, xent loss = 6.62975, l2 loss = 12.2226 (max 14.95), (true 211, predicted [159])
attack: step 2/10, xent loss = 7.18469, l2 loss = 13.1252 (max 14.95), (true 211, predicted [159])
attack: step 3/10, xent loss = 5.3451, l2 loss = 13.9952 (max 14.95), (true 211, predicted [159])
attack: step 4/10, xent loss = 6.42844, l2 loss = 14.5033 (max 14.95), (true 211, predicted [159])
attack: step 5/10, xent loss = 7.2161, l2 loss = 15.1425 (max 14.95), (true 211, predicted [159])
attack: step 6/10, xent loss = 8.55192, l2 loss = 15.8706 (max 14.95), (true 211, predicted [159])
attack: step 7/10, xent loss = 8.80329, l2 loss = 16.7613 (max 14.95), (true 211, predicted [159])
attack: step 8/10, xent loss = 7.52223, l2 loss = 17.3768 (max 14.95), (true 211, predicted [159])
attack: step 9/10, xent loss = 9.6823, l2 loss = 18.0423 (max 14.95), (true 211, predicted [159])
attack: step 10/10, xent loss = 10.0226, l2 loss = 18.4623 (max 14.95), (true 211, predicted [159])
check failed
true = 211, adv = 159
evaluating 827 of [820, 830)
attack: step 1/10, xent loss = 7.9662, l2 loss = 9.21929 (max 14.95), (true 319, predicted [601])
attack: step 2/10, xent loss = 7.7367, l2 loss = 9.47113 (max 14.95), (true 319, predicted [601])
attack: step 3/10, xent loss = 8.10385, l2 loss = 9.78245 (max 14.95), (true 319, predicted [601])
attack: step 4/10, xent loss = 8.63145, l2 loss = 9.92163 (max 14.95), (true 319, predicted [601])
attack: step 5/10, xent loss = 8.44513, l2 loss = 10.4323 (max 14.95), (true 319, predicted [601])
attack: step 6/10, xent loss = 8.61907, l2 loss = 10.5522 (max 14.95), (true 319, predicted [601])
attack: step 7/10, xent loss = 7.6688, l2 loss = 10.9595 (max 14.95), (true 319, predicted [552])
attack: step 8/10, xent loss = 8.46902, l2 loss = 11.4978 (max 14.95), (true 319, predicted [601])
attack: step 9/10, xent loss = 8.19965, l2 loss = 11.7988 (max 14.95), (true 319, predicted [601])
attack: step 10/10, xent loss = 8.10902, l2 loss = 11.9601 (max 14.95), (true 319, predicted [601])
true = 319, adv = 601
evaluating 828 of [820, 830)
attack: step 1/10, xent loss = 8.73158, l2 loss = 12.2459 (max 14.95), (true 227, predicted [728])
attack: step 2/10, xent loss = 10.2602, l2 loss = 13.7287 (max 14.95), (true 227, predicted [728])
attack: step 3/10, xent loss = 10.6626, l2 loss = 14.8631 (max 14.95), (true 227, predicted [728])
attack: step 4/10, xent loss = 10.2245, l2 loss = 16.0611 (max 14.95), (true 227, predicted [728])
attack: step 5/10, xent loss = 9.05832, l2 loss = 18.0055 (max 14.95), (true 227, predicted [728])
attack: step 6/10, xent loss = 13.1779, l2 loss = 19.2433 (max 14.95), (true 227, predicted [728])
attack: step 7/10, xent loss = 12.7144, l2 loss = 21.5608 (max 14.95), (true 227, predicted [728])
attack: step 8/10, xent loss = 12.9628, l2 loss = 23.065 (max 14.95), (true 227, predicted [728])
attack: step 9/10, xent loss = 15.8266, l2 loss = 25.0208 (max 14.95), (true 227, predicted [728])
attack: step 10/10, xent loss = 14.177, l2 loss = 26.782 (max 14.95), (true 227, predicted [728])
check failed
true = 227, adv = 728
evaluating 829 of [820, 830)
attack: step 1/10, xent loss = 13.7017, l2 loss = 21.5133 (max 14.95), (true 773, predicted [898])
attack: step 2/10, xent loss = 18.4297, l2 loss = 23.0353 (max 14.95), (true 773, predicted [898])
attack: step 3/10, xent loss = 19.6835, l2 loss = 24.2253 (max 14.95), (true 773, predicted [898])
attack: step 4/10, xent loss = 19.881, l2 loss = 25.4779 (max 14.95), (true 773, predicted [898])
attack: step 5/10, xent loss = 21.3564, l2 loss = 26.6051 (max 14.95), (true 773, predicted [898])
attack: step 6/10, xent loss = 22.6571, l2 loss = 27.6539 (max 14.95), (true 773, predicted [898])
attack: step 7/10, xent loss = 23.8894, l2 loss = 28.9658 (max 14.95), (true 773, predicted [898])
attack: step 8/10, xent loss = 23.9577, l2 loss = 30.1739 (max 14.95), (true 773, predicted [898])
attack: step 9/10, xent loss = 24.6024, l2 loss = 30.9911 (max 14.95), (true 773, predicted [898])
attack: step 10/10, xent loss = 24.7543, l2 loss = 31.9232 (max 14.95), (true 773, predicted [898])
check failed
true = 773, adv = 898
