2019-06-24 23:29:17.587109: I tensorflow/core/platform/cpu_feature_guard.cc:141] Your CPU supports instructions that this TensorFlow binary was not compiled to use: SSE4.1 SSE4.2 AVX AVX2 FMA
2019-06-24 23:29:18.775777: I tensorflow/core/platform/profile_utils/cpu_utils.cc:94] CPU Frequency: 2599810000 Hz
2019-06-24 23:29:18.852450: I tensorflow/compiler/xla/service/service.cc:150] XLA service 0x2aaae6d4a6d0 executing computations on platform Host. Devices:
2019-06-24 23:29:18.852490: I tensorflow/compiler/xla/service/service.cc:158]   StreamExecutor device (0): <undefined>, <undefined>
2019-06-24 23:29:18.852844: I tensorflow/core/common_runtime/process_util.cc:71] Creating new thread pool with default inter op setting: 2. Tune using inter_op_parallelism_threads for best performance.
evaluating 240 of [240, 250)
attack: step 1/10, xent loss = 10.9979, l2 loss = 10.0048 (max 14.95), (true 934, predicted [940])
attack: step 2/10, xent loss = 11.0988, l2 loss = 10.4277 (max 14.95), (true 934, predicted [940])
attack: step 3/10, xent loss = 11.195, l2 loss = 10.8995 (max 14.95), (true 934, predicted [940])
attack: step 4/10, xent loss = 11.9867, l2 loss = 11.6071 (max 14.95), (true 934, predicted [940])
attack: step 5/10, xent loss = 12.2517, l2 loss = 12.049 (max 14.95), (true 934, predicted [940])
attack: step 6/10, xent loss = 13.3885, l2 loss = 12.5295 (max 14.95), (true 934, predicted [940])
attack: step 7/10, xent loss = 13.4528, l2 loss = 13.1335 (max 14.95), (true 934, predicted [940])
attack: step 8/10, xent loss = 14.1696, l2 loss = 13.5565 (max 14.95), (true 934, predicted [940])
attack: step 9/10, xent loss = 14.034, l2 loss = 14.1143 (max 14.95), (true 934, predicted [940])
attack: step 10/10, xent loss = 15.2555, l2 loss = 14.8881 (max 14.95), (true 934, predicted [940])
check failed
true = 934, adv = 940
evaluating 241 of [240, 250)
attack: step 1/10, xent loss = 16.0428, l2 loss = 24.0484 (max 14.95), (true 384, predicted [8])
attack: step 2/10, xent loss = 15.8442, l2 loss = 25.0518 (max 14.95), (true 384, predicted [8])
attack: step 3/10, xent loss = 17.8716, l2 loss = 26.2144 (max 14.95), (true 384, predicted [8])
attack: step 4/10, xent loss = 16.1662, l2 loss = 26.9892 (max 14.95), (true 384, predicted [8])
attack: step 5/10, xent loss = 14.5226, l2 loss = 27.966 (max 14.95), (true 384, predicted [8])
attack: step 6/10, xent loss = 17.7455, l2 loss = 29.946 (max 14.95), (true 384, predicted [8])
attack: step 7/10, xent loss = 19.0844, l2 loss = 30.5554 (max 14.95), (true 384, predicted [8])
attack: step 8/10, xent loss = 19.637, l2 loss = 30.9248 (max 14.95), (true 384, predicted [8])
attack: step 9/10, xent loss = 17.9184, l2 loss = 31.674 (max 14.95), (true 384, predicted [8])
attack: step 10/10, xent loss = 19.8225, l2 loss = 33.3634 (max 14.95), (true 384, predicted [8])
check failed
true = 384, adv = 8
evaluating 242 of [240, 250)
attack: step 1/10, xent loss = 7.11933, l2 loss = 9.81786 (max 14.95), (true 307, predicted [91])
attack: step 2/10, xent loss = 7.57137, l2 loss = 10.0725 (max 14.95), (true 307, predicted [91])
attack: step 3/10, xent loss = 7.72606, l2 loss = 10.3008 (max 14.95), (true 307, predicted [91])
attack: step 4/10, xent loss = 7.78325, l2 loss = 10.5518 (max 14.95), (true 307, predicted [91])
attack: step 5/10, xent loss = 7.86814, l2 loss = 10.7809 (max 14.95), (true 307, predicted [91])
attack: step 6/10, xent loss = 7.48343, l2 loss = 11.1236 (max 14.95), (true 307, predicted [91])
attack: step 7/10, xent loss = 8.65471, l2 loss = 11.3566 (max 14.95), (true 307, predicted [91])
attack: step 8/10, xent loss = 8.65093, l2 loss = 11.7144 (max 14.95), (true 307, predicted [91])
attack: step 9/10, xent loss = 9.00986, l2 loss = 12.2997 (max 14.95), (true 307, predicted [91])
attack: step 10/10, xent loss = 10.7451, l2 loss = 13.1526 (max 14.95), (true 307, predicted [91])
true = 307, adv = 91
evaluating 243 of [240, 250)
attack: step 1/10, xent loss = 42.7612, l2 loss = 30.5829 (max 14.95), (true 342, predicted [728])
attack: step 2/10, xent loss = 45.2367, l2 loss = 32.1672 (max 14.95), (true 342, predicted [728])
attack: step 3/10, xent loss = 45.7208, l2 loss = 33.8589 (max 14.95), (true 342, predicted [728])
attack: step 4/10, xent loss = 46.6522, l2 loss = 35.703 (max 14.95), (true 342, predicted [728])
attack: step 5/10, xent loss = 48.8202, l2 loss = 37.2372 (max 14.95), (true 342, predicted [728])
attack: step 6/10, xent loss = 47.8326, l2 loss = 39.0822 (max 14.95), (true 342, predicted [728])
attack: step 7/10, xent loss = 47.0696, l2 loss = 40.7894 (max 14.95), (true 342, predicted [728])
attack: step 8/10, xent loss = 48.7019, l2 loss = 41.9387 (max 14.95), (true 342, predicted [728])
attack: step 9/10, xent loss = 49.6173, l2 loss = 43.754 (max 14.95), (true 342, predicted [728])
attack: step 10/10, xent loss = 45.4201, l2 loss = 45.0989 (max 14.95), (true 342, predicted [728])
check failed
true = 342, adv = 728
evaluating 244 of [240, 250)
attack: step 1/10, xent loss = 27.8979, l2 loss = 18.6524 (max 14.95), (true 38, predicted [728])
attack: step 2/10, xent loss = 31.5943, l2 loss = 20.6069 (max 14.95), (true 38, predicted [728])
attack: step 3/10, xent loss = 33.2615, l2 loss = 22.7417 (max 14.95), (true 38, predicted [728])
attack: step 4/10, xent loss = 38.679, l2 loss = 24.235 (max 14.95), (true 38, predicted [728])
attack: step 5/10, xent loss = 38.5686, l2 loss = 25.7235 (max 14.95), (true 38, predicted [728])
attack: step 6/10, xent loss = 42.0228, l2 loss = 27.301 (max 14.95), (true 38, predicted [728])
attack: step 7/10, xent loss = 42.9048, l2 loss = 28.7698 (max 14.95), (true 38, predicted [728])
attack: step 8/10, xent loss = 48.2296, l2 loss = 30.3491 (max 14.95), (true 38, predicted [728])
attack: step 9/10, xent loss = 46.5518, l2 loss = 31.9247 (max 14.95), (true 38, predicted [728])
attack: step 10/10, xent loss = 46.9353, l2 loss = 32.9767 (max 14.95), (true 38, predicted [728])
check failed
true = 38, adv = 728
evaluating 245 of [240, 250)
attack: step 1/10, xent loss = 19.6868, l2 loss = 17.9963 (max 14.95), (true 715, predicted [614])
attack: step 2/10, xent loss = 20.5371, l2 loss = 19.0623 (max 14.95), (true 715, predicted [614])
attack: step 3/10, xent loss = 21.3475, l2 loss = 20.3464 (max 14.95), (true 715, predicted [614])
attack: step 4/10, xent loss = 23.5944, l2 loss = 21.3383 (max 14.95), (true 715, predicted [614])
attack: step 5/10, xent loss = 24.0585, l2 loss = 22.7134 (max 14.95), (true 715, predicted [614])
attack: step 6/10, xent loss = 25.4832, l2 loss = 23.9346 (max 14.95), (true 715, predicted [614])
attack: step 7/10, xent loss = 25.6373, l2 loss = 24.8411 (max 14.95), (true 715, predicted [614])
attack: step 8/10, xent loss = 26.7628, l2 loss = 25.8898 (max 14.95), (true 715, predicted [614])
attack: step 9/10, xent loss = 26.4869, l2 loss = 26.8966 (max 14.95), (true 715, predicted [614])
attack: step 10/10, xent loss = 25.9586, l2 loss = 27.6785 (max 14.95), (true 715, predicted [614])
check failed
true = 715, adv = 614
evaluating 246 of [240, 250)
attack: step 1/10, xent loss = 20.9489, l2 loss = 16.8417 (max 14.95), (true 57, predicted [62])
attack: step 2/10, xent loss = 23.187, l2 loss = 17.4713 (max 14.95), (true 57, predicted [62])
attack: step 3/10, xent loss = 23.5877, l2 loss = 18.7054 (max 14.95), (true 57, predicted [62])
attack: step 4/10, xent loss = 26.7132, l2 loss = 19.6324 (max 14.95), (true 57, predicted [62])
attack: step 5/10, xent loss = 24.7584, l2 loss = 20.3491 (max 14.95), (true 57, predicted [62])
attack: step 6/10, xent loss = 29.4656, l2 loss = 21.183 (max 14.95), (true 57, predicted [62])
attack: step 7/10, xent loss = 28.2314, l2 loss = 22.0019 (max 14.95), (true 57, predicted [62])
attack: step 8/10, xent loss = 29.9736, l2 loss = 22.7583 (max 14.95), (true 57, predicted [62])
attack: step 9/10, xent loss = 29.402, l2 loss = 23.6611 (max 14.95), (true 57, predicted [62])
attack: step 10/10, xent loss = 26.6394, l2 loss = 25.2093 (max 14.95), (true 57, predicted [62])
check failed
true = 57, adv = 62
evaluating 247 of [240, 250)
attack: step 1/10, xent loss = 32.4949, l2 loss = 26.9444 (max 14.95), (true 905, predicted [470])
attack: step 2/10, xent loss = 39.844, l2 loss = 29.1301 (max 14.95), (true 905, predicted [470])
attack: step 3/10, xent loss = 41.224, l2 loss = 31.0035 (max 14.95), (true 905, predicted [470])
attack: step 4/10, xent loss = 42.2031, l2 loss = 32.4971 (max 14.95), (true 905, predicted [470])
attack: step 5/10, xent loss = 46.3833, l2 loss = 34.2486 (max 14.95), (true 905, predicted [470])
attack: step 6/10, xent loss = 48.4361, l2 loss = 35.5063 (max 14.95), (true 905, predicted [470])
attack: step 7/10, xent loss = 49.0882, l2 loss = 37.1342 (max 14.95), (true 905, predicted [470])
attack: step 8/10, xent loss = 49.829, l2 loss = 39.0485 (max 14.95), (true 905, predicted [470])
attack: step 9/10, xent loss = 49.8732, l2 loss = 40.5655 (max 14.95), (true 905, predicted [470])
attack: step 10/10, xent loss = 52.5015, l2 loss = 41.982 (max 14.95), (true 905, predicted [470])
check failed
true = 905, adv = 470
evaluating 248 of [240, 250)
attack: step 1/10, xent loss = 9.59932, l2 loss = 8.98021 (max 14.95), (true 470, predicted [957])
attack: step 2/10, xent loss = 10.4012, l2 loss = 9.48551 (max 14.95), (true 470, predicted [957])
attack: step 3/10, xent loss = 10.7519, l2 loss = 9.97156 (max 14.95), (true 470, predicted [957])
attack: step 4/10, xent loss = 12.2653, l2 loss = 10.5638 (max 14.95), (true 470, predicted [957])
attack: step 5/10, xent loss = 11.9996, l2 loss = 11.0051 (max 14.95), (true 470, predicted [957])
attack: step 6/10, xent loss = 12.7146, l2 loss = 11.5215 (max 14.95), (true 470, predicted [957])
attack: step 7/10, xent loss = 12.9306, l2 loss = 11.9668 (max 14.95), (true 470, predicted [957])
attack: step 8/10, xent loss = 14.5833, l2 loss = 12.4455 (max 14.95), (true 470, predicted [957])
attack: step 9/10, xent loss = 15.5524, l2 loss = 12.9829 (max 14.95), (true 470, predicted [957])
attack: step 10/10, xent loss = 16.8857, l2 loss = 13.6519 (max 14.95), (true 470, predicted [957])
true = 470, adv = 957
evaluating 249 of [240, 250)
attack: step 1/10, xent loss = 20.9548, l2 loss = 21.4286 (max 14.95), (true 776, predicted [998])
attack: step 2/10, xent loss = 19.0942, l2 loss = 22.6404 (max 14.95), (true 776, predicted [998])
attack: step 3/10, xent loss = 23.4396, l2 loss = 24.0534 (max 14.95), (true 776, predicted [998])
attack: step 4/10, xent loss = 16.7154, l2 loss = 25.791 (max 14.95), (true 776, predicted [998])
attack: step 5/10, xent loss = 22.546, l2 loss = 27.0563 (max 14.95), (true 776, predicted [998])
attack: step 6/10, xent loss = 28.753, l2 loss = 28.3774 (max 14.95), (true 776, predicted [998])
attack: step 7/10, xent loss = 27.4097, l2 loss = 29.4496 (max 14.95), (true 776, predicted [998])
attack: step 8/10, xent loss = 33.6022, l2 loss = 30.1335 (max 14.95), (true 776, predicted [998])
attack: step 9/10, xent loss = 31.4792, l2 loss = 31.2646 (max 14.95), (true 776, predicted [998])
attack: step 10/10, xent loss = 31.6072, l2 loss = 32.3475 (max 14.95), (true 776, predicted [998])
check failed
true = 776, adv = 998
