2019-05-23 19:40:24.052871: I tensorflow/core/platform/cpu_feature_guard.cc:141] Your CPU supports instructions that this TensorFlow binary was not compiled to use: SSE4.1 SSE4.2 AVX AVX2 FMA
2019-05-23 19:40:24.061391: I tensorflow/core/platform/profile_utils/cpu_utils.cc:94] CPU Frequency: 2599945000 Hz
2019-05-23 19:40:24.061534: I tensorflow/compiler/xla/service/service.cc:150] XLA service 0x2aaae6fbdbe0 executing computations on platform Host. Devices:
2019-05-23 19:40:24.061555: I tensorflow/compiler/xla/service/service.cc:158]   StreamExecutor device (0): <undefined>, <undefined>
2019-05-23 19:40:24.061732: I tensorflow/core/common_runtime/process_util.cc:71] Creating new thread pool with default inter op setting: 2. Tune using inter_op_parallelism_threads for best performance.
evaluating 140 of [140, 150)
attack: step 1/10, xent loss = 2.50371, l2 loss = 0 (max 14.95), (true 994, predicted [991])
attack: step 2/10, xent loss = 3.40137, l2 loss = 3.18395 (max 14.95), (true 994, predicted [644])
attack: step 3/10, xent loss = 3.31124, l2 loss = 5.19658 (max 14.95), (true 994, predicted [645])
attack: step 4/10, xent loss = 2.44375, l2 loss = 6.61603 (max 14.95), (true 994, predicted [644])
attack: step 5/10, xent loss = 3.94809, l2 loss = 7.69636 (max 14.95), (true 994, predicted [991])
attack: step 6/10, xent loss = 3.02996, l2 loss = 8.52918 (max 14.95), (true 994, predicted [991])
attack: step 7/10, xent loss = 6.16407, l2 loss = 9.11065 (max 14.95), (true 994, predicted [723])
attack: step 8/10, xent loss = 6.45025, l2 loss = 9.78541 (max 14.95), (true 994, predicted [644])
attack: step 9/10, xent loss = 4.84578, l2 loss = 10.6084 (max 14.95), (true 994, predicted [552])
attack: step 10/10, xent loss = 5.98912, l2 loss = 11.5843 (max 14.95), (true 994, predicted [723])
true = 994, adv = 644
evaluating 141 of [140, 150)
attack: step 1/10, xent loss = 0.772124, l2 loss = 0 (max 14.95), (true 622, predicted [622])
attack: step 2/10, xent loss = 2.66076, l2 loss = 3.05921 (max 14.95), (true 622, predicted [805])
attack: step 3/10, xent loss = 2.30695, l2 loss = 7.7439 (max 14.95), (true 622, predicted [805])
attack: step 4/10, xent loss = 5.64063, l2 loss = 10.0825 (max 14.95), (true 622, predicted [805])
attack: step 5/10, xent loss = 3.60785, l2 loss = 12.2855 (max 14.95), (true 622, predicted [805])
attack: step 6/10, xent loss = 6.09937, l2 loss = 14.9696 (max 14.95), (true 622, predicted [805])
attack: step 7/10, xent loss = 7.17418, l2 loss = 16.6493 (max 14.95), (true 622, predicted [805])
attack: step 8/10, xent loss = 4.65836, l2 loss = 17.971 (max 14.95), (true 622, predicted [805])
attack: step 9/10, xent loss = 4.40584, l2 loss = 19.3644 (max 14.95), (true 622, predicted [805])
attack: step 10/10, xent loss = 7.58192, l2 loss = 20.9319 (max 14.95), (true 622, predicted [805])
check failed
true = 622, adv = 805
evaluating 142 of [140, 150)
attack: step 1/10, xent loss = 4.7988, l2 loss = 0 (max 14.95), (true 51, predicted [879])
attack: step 2/10, xent loss = 8.00387, l2 loss = 9.25705 (max 14.95), (true 51, predicted [728])
attack: step 3/10, xent loss = 7.80213, l2 loss = 10.0772 (max 14.95), (true 51, predicted [879])
attack: step 4/10, xent loss = 8.62098, l2 loss = 11.1854 (max 14.95), (true 51, predicted [879])
attack: step 5/10, xent loss = 7.52482, l2 loss = 12.9249 (max 14.95), (true 51, predicted [879])
attack: step 6/10, xent loss = 7.49246, l2 loss = 14.0598 (max 14.95), (true 51, predicted [879])
attack: step 7/10, xent loss = 9.96697, l2 loss = 15.023 (max 14.95), (true 51, predicted [879])
attack: step 8/10, xent loss = 8.18176, l2 loss = 16.6373 (max 14.95), (true 51, predicted [879])
attack: step 9/10, xent loss = 10.2876, l2 loss = 16.9141 (max 14.95), (true 51, predicted [879])
attack: step 10/10, xent loss = 8.40845, l2 loss = 19.4932 (max 14.95), (true 51, predicted [879])
check failed
true = 51, adv = 879
evaluating 143 of [140, 150)
attack: step 1/10, xent loss = 4.15755, l2 loss = 0 (max 14.95), (true 699, predicted [509])
attack: step 2/10, xent loss = 4.84151, l2 loss = 5.69841 (max 14.95), (true 699, predicted [509])
attack: step 3/10, xent loss = 8.3956, l2 loss = 8.90241 (max 14.95), (true 699, predicted [728])
attack: step 4/10, xent loss = 7.85783, l2 loss = 10.2073 (max 14.95), (true 699, predicted [509])
attack: step 5/10, xent loss = 7.85942, l2 loss = 11.2062 (max 14.95), (true 699, predicted [953])
attack: step 6/10, xent loss = 9.53606, l2 loss = 12.0429 (max 14.95), (true 699, predicted [509])
attack: step 7/10, xent loss = 9.12525, l2 loss = 13.6611 (max 14.95), (true 699, predicted [509])
attack: step 8/10, xent loss = 11.1526, l2 loss = 14.4873 (max 14.95), (true 699, predicted [953])
attack: step 9/10, xent loss = 11.511, l2 loss = 15.5821 (max 14.95), (true 699, predicted [953])
attack: step 10/10, xent loss = 11.7929, l2 loss = 16.4351 (max 14.95), (true 699, predicted [953])
check failed
true = 699, adv = 953
evaluating 144 of [140, 150)
attack: step 1/10, xent loss = 3.86874, l2 loss = 0 (max 14.95), (true 923, predicted [728])
attack: step 2/10, xent loss = 3.35074, l2 loss = 4.93328 (max 14.95), (true 923, predicted [924])
attack: step 3/10, xent loss = 5.23761, l2 loss = 5.62066 (max 14.95), (true 923, predicted [728])
attack: step 4/10, xent loss = 5.38659, l2 loss = 7.37413 (max 14.95), (true 923, predicted [728])
attack: step 5/10, xent loss = 5.22757, l2 loss = 9.49336 (max 14.95), (true 923, predicted [728])
attack: step 6/10, xent loss = 8.8503, l2 loss = 10.4828 (max 14.95), (true 923, predicted [728])
attack: step 7/10, xent loss = 11.7383, l2 loss = 13.0694 (max 14.95), (true 923, predicted [728])
attack: step 8/10, xent loss = 8.03198, l2 loss = 15.4386 (max 14.95), (true 923, predicted [728])
attack: step 9/10, xent loss = 6.6258, l2 loss = 17.166 (max 14.95), (true 923, predicted [728])
attack: step 10/10, xent loss = 11.9882, l2 loss = 18.2412 (max 14.95), (true 923, predicted [728])
check failed
true = 923, adv = 728
evaluating 145 of [140, 150)
attack: step 1/10, xent loss = 2.38274, l2 loss = 0 (max 14.95), (true 308, predicted [312])
attack: step 2/10, xent loss = 2.26471, l2 loss = 5.46988 (max 14.95), (true 308, predicted [319])
attack: step 3/10, xent loss = 1.71234, l2 loss = 7.15275 (max 14.95), (true 308, predicted [312])
attack: step 4/10, xent loss = 3.17659, l2 loss = 8.57519 (max 14.95), (true 308, predicted [306])
attack: step 5/10, xent loss = 2.33358, l2 loss = 10.2383 (max 14.95), (true 308, predicted [310])
attack: step 6/10, xent loss = 3.84613, l2 loss = 11.293 (max 14.95), (true 308, predicted [319])
attack: step 7/10, xent loss = 5.74596, l2 loss = 11.8627 (max 14.95), (true 308, predicted [120])
attack: step 8/10, xent loss = 5.6113, l2 loss = 12.5855 (max 14.95), (true 308, predicted [312])
attack: step 9/10, xent loss = 5.37013, l2 loss = 13.3357 (max 14.95), (true 308, predicted [312])
attack: step 10/10, xent loss = 4.52967, l2 loss = 13.9782 (max 14.95), (true 308, predicted [312])
true = 308, adv = 309
evaluating 146 of [140, 150)
attack: step 1/10, xent loss = 0.119044, l2 loss = 0 (max 14.95), (true 602, predicted [602])
attack: step 2/10, xent loss = 0.101874, l2 loss = 0.543634 (max 14.95), (true 602, predicted [602])
attack: step 3/10, xent loss = 0.215754, l2 loss = 0.658572 (max 14.95), (true 602, predicted [602])
attack: step 4/10, xent loss = 0.0691201, l2 loss = 0.99508 (max 14.95), (true 602, predicted [602])
attack: step 5/10, xent loss = 0.0861237, l2 loss = 1.04121 (max 14.95), (true 602, predicted [602])
attack: step 6/10, xent loss = 0.191772, l2 loss = 1.12207 (max 14.95), (true 602, predicted [602])
attack: step 7/10, xent loss = 0.713245, l2 loss = 1.35959 (max 14.95), (true 602, predicted [602])
attack: step 8/10, xent loss = 1.01562, l2 loss = 4.22211 (max 14.95), (true 602, predicted [602])
attack: step 9/10, xent loss = 0.414712, l2 loss = 7.64229 (max 14.95), (true 602, predicted [602])
attack: step 10/10, xent loss = 1.32297, l2 loss = 7.84779 (max 14.95), (true 602, predicted [602])
true = 602, adv = 602
evaluating 147 of [140, 150)
attack: step 1/10, xent loss = 0.495334, l2 loss = 0 (max 14.95), (true 112, predicted [112])
attack: step 2/10, xent loss = 0.726152, l2 loss = 2.76585 (max 14.95), (true 112, predicted [112])
attack: step 3/10, xent loss = 0.522832, l2 loss = 4.32025 (max 14.95), (true 112, predicted [112])
attack: step 4/10, xent loss = 2.00497, l2 loss = 4.98352 (max 14.95), (true 112, predicted [112])
attack: step 5/10, xent loss = 4.03113, l2 loss = 7.64967 (max 14.95), (true 112, predicted [470])
attack: step 6/10, xent loss = 5.18034, l2 loss = 9.16677 (max 14.95), (true 112, predicted [4])
attack: step 7/10, xent loss = 6.27357, l2 loss = 10.3271 (max 14.95), (true 112, predicted [470])
attack: step 8/10, xent loss = 6.57861, l2 loss = 11.5081 (max 14.95), (true 112, predicted [470])
attack: step 9/10, xent loss = 7.01588, l2 loss = 12.0505 (max 14.95), (true 112, predicted [4])
attack: step 10/10, xent loss = 7.30268, l2 loss = 12.6351 (max 14.95), (true 112, predicted [470])
true = 112, adv = 4
evaluating 148 of [140, 150)
attack: step 1/10, xent loss = 0.00106647, l2 loss = 0 (max 14.95), (true 117, predicted [117])
attack: step 2/10, xent loss = 0.0021575, l2 loss = 0.00190163 (max 14.95), (true 117, predicted [117])
attack: step 3/10, xent loss = 0.000922135, l2 loss = 0.00443031 (max 14.95), (true 117, predicted [117])
attack: step 4/10, xent loss = 0.00182046, l2 loss = 0.00485663 (max 14.95), (true 117, predicted [117])
attack: step 5/10, xent loss = 0.000622675, l2 loss = 0.00631544 (max 14.95), (true 117, predicted [117])
attack: step 6/10, xent loss = 0.000891645, l2 loss = 0.00647879 (max 14.95), (true 117, predicted [117])
attack: step 7/10, xent loss = 0.00127461, l2 loss = 0.00678595 (max 14.95), (true 117, predicted [117])
attack: step 8/10, xent loss = 0.000698323, l2 loss = 0.00723342 (max 14.95), (true 117, predicted [117])
attack: step 9/10, xent loss = 0.0028378, l2 loss = 0.00743402 (max 14.95), (true 117, predicted [117])
attack: step 10/10, xent loss = 0.00135461, l2 loss = 0.0102936 (max 14.95), (true 117, predicted [117])
true = 117, adv = 117
evaluating 149 of [140, 150)
attack: step 1/10, xent loss = 0.198902, l2 loss = 0 (max 14.95), (true 927, predicted [927])
attack: step 2/10, xent loss = 0.103828, l2 loss = 0.490332 (max 14.95), (true 927, predicted [927])
attack: step 3/10, xent loss = 0.127708, l2 loss = 0.532287 (max 14.95), (true 927, predicted [927])
attack: step 4/10, xent loss = 0.22825, l2 loss = 0.596302 (max 14.95), (true 927, predicted [927])
attack: step 5/10, xent loss = 0.0905722, l2 loss = 0.754287 (max 14.95), (true 927, predicted [927])
attack: step 6/10, xent loss = 0.132742, l2 loss = 0.781208 (max 14.95), (true 927, predicted [927])
attack: step 7/10, xent loss = 0.128322, l2 loss = 0.814526 (max 14.95), (true 927, predicted [927])
attack: step 8/10, xent loss = 0.0906043, l2 loss = 0.854317 (max 14.95), (true 927, predicted [927])
attack: step 9/10, xent loss = 0.164984, l2 loss = 0.872148 (max 14.95), (true 927, predicted [927])
attack: step 10/10, xent loss = 0.24674, l2 loss = 0.934041 (max 14.95), (true 927, predicted [927])
true = 927, adv = 927
