2019-05-26 13:04:16.619614: I tensorflow/core/platform/cpu_feature_guard.cc:141] Your CPU supports instructions that this TensorFlow binary was not compiled to use: SSE4.1 SSE4.2 AVX AVX2 FMA
2019-05-26 13:04:16.975776: I tensorflow/core/platform/profile_utils/cpu_utils.cc:94] CPU Frequency: 2600020000 Hz
2019-05-26 13:04:16.989531: I tensorflow/compiler/xla/service/service.cc:150] XLA service 0x2aaae6fc1ed0 executing computations on platform Host. Devices:
2019-05-26 13:04:16.989637: I tensorflow/compiler/xla/service/service.cc:158]   StreamExecutor device (0): <undefined>, <undefined>
2019-05-26 13:04:16.989972: I tensorflow/core/common_runtime/process_util.cc:71] Creating new thread pool with default inter op setting: 2. Tune using inter_op_parallelism_threads for best performance.
evaluating 510 of [510, 520)
attack: step 1/10, xent loss = 0.0173429, l2 loss = 0 (max 14.95), (true 610, predicted [610])
attack: step 2/10, xent loss = 0.0170961, l2 loss = 0.103828 (max 14.95), (true 610, predicted [610])
attack: step 3/10, xent loss = 0.0170099, l2 loss = 0.161202 (max 14.95), (true 610, predicted [610])
attack: step 4/10, xent loss = 0.00989225, l2 loss = 0.188367 (max 14.95), (true 610, predicted [610])
attack: step 5/10, xent loss = 0.0170105, l2 loss = 0.198715 (max 14.95), (true 610, predicted [610])
attack: step 6/10, xent loss = 0.0263217, l2 loss = 0.22573 (max 14.95), (true 610, predicted [610])
attack: step 7/10, xent loss = 0.0163147, l2 loss = 0.268337 (max 14.95), (true 610, predicted [610])
attack: step 8/10, xent loss = 0.0291563, l2 loss = 0.285488 (max 14.95), (true 610, predicted [610])
attack: step 9/10, xent loss = 0.0738593, l2 loss = 0.344041 (max 14.95), (true 610, predicted [610])
attack: step 10/10, xent loss = 0.0467816, l2 loss = 0.615998 (max 14.95), (true 610, predicted [610])
true = 610, adv = 610
evaluating 511 of [510, 520)
attack: step 1/10, xent loss = 1.22971, l2 loss = 0 (max 14.95), (true 293, predicted [251])
attack: step 2/10, xent loss = 1.78702, l2 loss = 3.18168 (max 14.95), (true 293, predicted [290])
attack: step 3/10, xent loss = 2.99517, l2 loss = 4.0855 (max 14.95), (true 293, predicted [251])
attack: step 4/10, xent loss = 3.47686, l2 loss = 7.42868 (max 14.95), (true 293, predicted [251])
attack: step 5/10, xent loss = 4.08932, l2 loss = 9.19035 (max 14.95), (true 293, predicted [251])
attack: step 6/10, xent loss = 6.84757, l2 loss = 10.0895 (max 14.95), (true 293, predicted [251])
attack: step 7/10, xent loss = 6.65342, l2 loss = 10.5282 (max 14.95), (true 293, predicted [251])
attack: step 8/10, xent loss = 5.94508, l2 loss = 11.0651 (max 14.95), (true 293, predicted [251])
attack: step 9/10, xent loss = 6.72068, l2 loss = 11.4208 (max 14.95), (true 293, predicted [251])
attack: step 10/10, xent loss = 5.51241, l2 loss = 11.7365 (max 14.95), (true 293, predicted [251])
true = 293, adv = 251
evaluating 512 of [510, 520)
attack: step 1/10, xent loss = 0.00576583, l2 loss = 0 (max 14.95), (true 401, predicted [401])
attack: step 2/10, xent loss = 0.0480294, l2 loss = 0.0365711 (max 14.95), (true 401, predicted [401])
attack: step 3/10, xent loss = 0.00216714, l2 loss = 0.471716 (max 14.95), (true 401, predicted [401])
attack: step 4/10, xent loss = 0.513467, l2 loss = 0.472166 (max 14.95), (true 401, predicted [401])
attack: step 5/10, xent loss = 0.100557, l2 loss = 5.16427 (max 14.95), (true 401, predicted [401])
attack: step 6/10, xent loss = 2.59395, l2 loss = 5.25772 (max 14.95), (true 401, predicted [887])
attack: step 7/10, xent loss = 4.70747, l2 loss = 9.42511 (max 14.95), (true 401, predicted [887])
attack: step 8/10, xent loss = 7.19194, l2 loss = 11.0319 (max 14.95), (true 401, predicted [728])
attack: step 9/10, xent loss = 7.10554, l2 loss = 11.7593 (max 14.95), (true 401, predicted [887])
attack: step 10/10, xent loss = 6.48414, l2 loss = 12.6663 (max 14.95), (true 401, predicted [728])
true = 401, adv = 887
evaluating 513 of [510, 520)
attack: step 1/10, xent loss = 2.93839, l2 loss = 0 (max 14.95), (true 280, predicted [277])
attack: step 2/10, xent loss = 2.65555, l2 loss = 3.5353 (max 14.95), (true 280, predicted [277])
attack: step 3/10, xent loss = 3.87559, l2 loss = 4.67895 (max 14.95), (true 280, predicted [277])
attack: step 4/10, xent loss = 5.14094, l2 loss = 5.65436 (max 14.95), (true 280, predicted [277])
attack: step 5/10, xent loss = 5.4978, l2 loss = 6.57858 (max 14.95), (true 280, predicted [277])
attack: step 6/10, xent loss = 5.79638, l2 loss = 7.19329 (max 14.95), (true 280, predicted [277])
attack: step 7/10, xent loss = 4.58318, l2 loss = 7.64198 (max 14.95), (true 280, predicted [274])
attack: step 8/10, xent loss = 5.77139, l2 loss = 8.76793 (max 14.95), (true 280, predicted [274])
attack: step 9/10, xent loss = 5.82651, l2 loss = 9.57345 (max 14.95), (true 280, predicted [277])
attack: step 10/10, xent loss = 7.3975, l2 loss = 10.0027 (max 14.95), (true 280, predicted [274])
true = 280, adv = 274
evaluating 514 of [510, 520)
attack: step 1/10, xent loss = 0.263463, l2 loss = 0 (max 14.95), (true 773, predicted [773])
attack: step 2/10, xent loss = 0.722308, l2 loss = 1.75801 (max 14.95), (true 773, predicted [773])
attack: step 3/10, xent loss = 3.58216, l2 loss = 4.22716 (max 14.95), (true 773, predicted [737])
attack: step 4/10, xent loss = 5.44295, l2 loss = 7.50908 (max 14.95), (true 773, predicted [737])
attack: step 5/10, xent loss = 8.34809, l2 loss = 9.59183 (max 14.95), (true 773, predicted [737])
attack: step 6/10, xent loss = 11.4297, l2 loss = 11.3429 (max 14.95), (true 773, predicted [737])
attack: step 7/10, xent loss = 11.7, l2 loss = 12.8377 (max 14.95), (true 773, predicted [737])
attack: step 8/10, xent loss = 12.177, l2 loss = 14.5514 (max 14.95), (true 773, predicted [737])
attack: step 9/10, xent loss = 14.028, l2 loss = 16.2042 (max 14.95), (true 773, predicted [737])
attack: step 10/10, xent loss = 14.6609, l2 loss = 17.3458 (max 14.95), (true 773, predicted [737])
check failed
true = 773, adv = 737
evaluating 515 of [510, 520)
attack: step 1/10, xent loss = 0.303842, l2 loss = 0 (max 14.95), (true 407, predicted [407])
attack: step 2/10, xent loss = 0.812533, l2 loss = 1.22946 (max 14.95), (true 407, predicted [407])
attack: step 3/10, xent loss = 0.538396, l2 loss = 2.91081 (max 14.95), (true 407, predicted [407])
attack: step 4/10, xent loss = 0.525871, l2 loss = 3.68101 (max 14.95), (true 407, predicted [407])
attack: step 5/10, xent loss = 1.58534, l2 loss = 4.29228 (max 14.95), (true 407, predicted [734])
attack: step 6/10, xent loss = 2.39394, l2 loss = 5.89617 (max 14.95), (true 407, predicted [734])
attack: step 7/10, xent loss = 2.71593, l2 loss = 7.41618 (max 14.95), (true 407, predicted [734])
attack: step 8/10, xent loss = 3.97086, l2 loss = 8.8343 (max 14.95), (true 407, predicted [734])
attack: step 9/10, xent loss = 5.96189, l2 loss = 9.9563 (max 14.95), (true 407, predicted [734])
attack: step 10/10, xent loss = 4.79509, l2 loss = 11.0147 (max 14.95), (true 407, predicted [734])
true = 407, adv = 734
evaluating 516 of [510, 520)
attack: step 1/10, xent loss = 0.0352893, l2 loss = 0 (max 14.95), (true 506, predicted [506])
attack: step 2/10, xent loss = 0.0871212, l2 loss = 0.144385 (max 14.95), (true 506, predicted [506])
attack: step 3/10, xent loss = 0.119212, l2 loss = 0.426785 (max 14.95), (true 506, predicted [506])
attack: step 4/10, xent loss = 0.0332176, l2 loss = 0.722244 (max 14.95), (true 506, predicted [506])
attack: step 5/10, xent loss = 0.0407442, l2 loss = 0.742082 (max 14.95), (true 506, predicted [506])
attack: step 6/10, xent loss = 0.112828, l2 loss = 0.772092 (max 14.95), (true 506, predicted [506])
attack: step 7/10, xent loss = 0.0676005, l2 loss = 0.911164 (max 14.95), (true 506, predicted [506])
attack: step 8/10, xent loss = 0.0399982, l2 loss = 0.973673 (max 14.95), (true 506, predicted [506])
attack: step 9/10, xent loss = 0.0333355, l2 loss = 0.997353 (max 14.95), (true 506, predicted [506])
attack: step 10/10, xent loss = 0.0460189, l2 loss = 1.01497 (max 14.95), (true 506, predicted [506])
true = 506, adv = 506
evaluating 517 of [510, 520)
attack: step 1/10, xent loss = 6.28846, l2 loss = 0 (max 14.95), (true 284, predicted [728])
attack: step 2/10, xent loss = 12.7492, l2 loss = 7.90733 (max 14.95), (true 284, predicted [728])
attack: step 3/10, xent loss = 11.4953, l2 loss = 13.2185 (max 14.95), (true 284, predicted [728])
attack: step 4/10, xent loss = 18.6492, l2 loss = 16.0672 (max 14.95), (true 284, predicted [728])
attack: step 5/10, xent loss = 22.5815, l2 loss = 18.3793 (max 14.95), (true 284, predicted [728])
attack: step 6/10, xent loss = 23.2906, l2 loss = 19.9517 (max 14.95), (true 284, predicted [728])
attack: step 7/10, xent loss = 23.8423, l2 loss = 21.6632 (max 14.95), (true 284, predicted [728])
attack: step 8/10, xent loss = 27.1625, l2 loss = 23.063 (max 14.95), (true 284, predicted [728])
attack: step 9/10, xent loss = 27.7985, l2 loss = 24.8119 (max 14.95), (true 284, predicted [728])
attack: step 10/10, xent loss = 30.5224, l2 loss = 26.3588 (max 14.95), (true 284, predicted [728])
check failed
true = 284, adv = 728
evaluating 518 of [510, 520)
attack: step 1/10, xent loss = 0.0997446, l2 loss = 0 (max 14.95), (true 904, predicted [904])
attack: step 2/10, xent loss = 0.111701, l2 loss = 0.137557 (max 14.95), (true 904, predicted [904])
attack: step 3/10, xent loss = 0.10198, l2 loss = 0.229373 (max 14.95), (true 904, predicted [904])
attack: step 4/10, xent loss = 0.125496, l2 loss = 0.277535 (max 14.95), (true 904, predicted [904])
attack: step 5/10, xent loss = 0.104288, l2 loss = 0.328305 (max 14.95), (true 904, predicted [904])
attack: step 6/10, xent loss = 0.136819, l2 loss = 0.354387 (max 14.95), (true 904, predicted [904])
attack: step 7/10, xent loss = 0.166024, l2 loss = 0.408658 (max 14.95), (true 904, predicted [904])
attack: step 8/10, xent loss = 0.212238, l2 loss = 0.472497 (max 14.95), (true 904, predicted [904])
attack: step 9/10, xent loss = 0.118923, l2 loss = 0.561232 (max 14.95), (true 904, predicted [904])
attack: step 10/10, xent loss = 0.197667, l2 loss = 0.599216 (max 14.95), (true 904, predicted [904])
true = 904, adv = 904
evaluating 519 of [510, 520)
attack: step 1/10, xent loss = 5.22444, l2 loss = 0 (max 14.95), (true 537, predicted [345])
attack: step 2/10, xent loss = 6.5553, l2 loss = 5.57415 (max 14.95), (true 537, predicted [164])
attack: step 3/10, xent loss = 11.5454, l2 loss = 7.85025 (max 14.95), (true 537, predicted [728])
attack: step 4/10, xent loss = 13.4537, l2 loss = 12.7351 (max 14.95), (true 537, predicted [728])
attack: step 5/10, xent loss = 15.2502, l2 loss = 14.9611 (max 14.95), (true 537, predicted [728])
attack: step 6/10, xent loss = 16.198, l2 loss = 18.964 (max 14.95), (true 537, predicted [728])
attack: step 7/10, xent loss = 17.6614, l2 loss = 21.1108 (max 14.95), (true 537, predicted [728])
attack: step 8/10, xent loss = 19.8549, l2 loss = 22.638 (max 14.95), (true 537, predicted [728])
attack: step 9/10, xent loss = 22.3554, l2 loss = 23.901 (max 14.95), (true 537, predicted [728])
attack: step 10/10, xent loss = 25.1575, l2 loss = 25.4991 (max 14.95), (true 537, predicted [728])
check failed
true = 537, adv = 728
