2019-05-24 20:57:10.151438: I tensorflow/core/platform/cpu_feature_guard.cc:141] Your CPU supports instructions that this TensorFlow binary was not compiled to use: SSE4.1 SSE4.2 AVX AVX2 FMA
2019-05-24 20:57:11.613629: I tensorflow/core/platform/profile_utils/cpu_utils.cc:94] CPU Frequency: 2599905000 Hz
2019-05-24 20:57:11.681367: I tensorflow/compiler/xla/service/service.cc:150] XLA service 0x2aaae6ac05f0 executing computations on platform Host. Devices:
2019-05-24 20:57:11.681415: I tensorflow/compiler/xla/service/service.cc:158]   StreamExecutor device (0): <undefined>, <undefined>
2019-05-24 20:57:11.681890: I tensorflow/core/common_runtime/process_util.cc:71] Creating new thread pool with default inter op setting: 2. Tune using inter_op_parallelism_threads for best performance.
evaluating 180 of [180, 190)
attack: step 1/10, xent loss = 8.39748, l2 loss = 0 (max 14.95), (true 825, predicted [421])
attack: step 2/10, xent loss = 7.28351, l2 loss = 3.93133 (max 14.95), (true 825, predicted [421])
attack: step 3/10, xent loss = 8.32795, l2 loss = 6.35946 (max 14.95), (true 825, predicted [421])
attack: step 4/10, xent loss = 7.52314, l2 loss = 7.21616 (max 14.95), (true 825, predicted [807])
attack: step 5/10, xent loss = 10.2702, l2 loss = 8.98704 (max 14.95), (true 825, predicted [421])
attack: step 6/10, xent loss = 10.2693, l2 loss = 10.7367 (max 14.95), (true 825, predicted [421])
attack: step 7/10, xent loss = 9.23622, l2 loss = 12.1069 (max 14.95), (true 825, predicted [421])
attack: step 8/10, xent loss = 10.8827, l2 loss = 13.0265 (max 14.95), (true 825, predicted [421])
attack: step 9/10, xent loss = 9.79657, l2 loss = 13.9635 (max 14.95), (true 825, predicted [421])
attack: step 10/10, xent loss = 9.58097, l2 loss = 14.881 (max 14.95), (true 825, predicted [421])
check failed
true = 825, adv = 421
evaluating 181 of [180, 190)
attack: step 1/10, xent loss = 5.20066, l2 loss = 0 (max 14.95), (true 470, predicted [607])
attack: step 2/10, xent loss = 6.5491, l2 loss = 4.31082 (max 14.95), (true 470, predicted [607])
attack: step 3/10, xent loss = 5.9963, l2 loss = 5.94587 (max 14.95), (true 470, predicted [728])
attack: step 4/10, xent loss = 7.04831, l2 loss = 7.26883 (max 14.95), (true 470, predicted [728])
attack: step 5/10, xent loss = 7.41617, l2 loss = 8.93573 (max 14.95), (true 470, predicted [728])
attack: step 6/10, xent loss = 8.65388, l2 loss = 10.2293 (max 14.95), (true 470, predicted [728])
attack: step 7/10, xent loss = 12.5653, l2 loss = 13.191 (max 14.95), (true 470, predicted [728])
attack: step 8/10, xent loss = 9.85264, l2 loss = 17.0762 (max 14.95), (true 470, predicted [728])
attack: step 9/10, xent loss = 11.8266, l2 loss = 19.039 (max 14.95), (true 470, predicted [728])
attack: step 10/10, xent loss = 11.8242, l2 loss = 21.104 (max 14.95), (true 470, predicted [728])
check failed
true = 470, adv = 728
evaluating 182 of [180, 190)
attack: step 1/10, xent loss = 6.59137, l2 loss = 0 (max 14.95), (true 994, predicted [728])
attack: step 2/10, xent loss = 7.87532, l2 loss = 5.03812 (max 14.95), (true 994, predicted [728])
attack: step 3/10, xent loss = 7.88147, l2 loss = 5.84322 (max 14.95), (true 994, predicted [728])
attack: step 4/10, xent loss = 8.81394, l2 loss = 8.31954 (max 14.95), (true 994, predicted [728])
attack: step 5/10, xent loss = 7.50673, l2 loss = 9.07844 (max 14.95), (true 994, predicted [728])
attack: step 6/10, xent loss = 6.2835, l2 loss = 10.128 (max 14.95), (true 994, predicted [728])
attack: step 7/10, xent loss = 10.8898, l2 loss = 12.0903 (max 14.95), (true 994, predicted [728])
attack: step 8/10, xent loss = 11.6466, l2 loss = 13.4528 (max 14.95), (true 994, predicted [728])
attack: step 9/10, xent loss = 8.7572, l2 loss = 14.6397 (max 14.95), (true 994, predicted [728])
attack: step 10/10, xent loss = 11.1461, l2 loss = 15.5365 (max 14.95), (true 994, predicted [728])
check failed
true = 994, adv = 728
evaluating 183 of [180, 190)
attack: step 1/10, xent loss = 2.17475, l2 loss = 0 (max 14.95), (true 461, predicted [728])
attack: step 2/10, xent loss = 3.05559, l2 loss = 6.26518 (max 14.95), (true 461, predicted [728])
attack: step 3/10, xent loss = 4.97747, l2 loss = 8.31688 (max 14.95), (true 461, predicted [728])
attack: step 4/10, xent loss = 5.60376, l2 loss = 9.7691 (max 14.95), (true 461, predicted [728])
attack: step 5/10, xent loss = 6.66164, l2 loss = 11.0454 (max 14.95), (true 461, predicted [728])
attack: step 6/10, xent loss = 7.36203, l2 loss = 14.4724 (max 14.95), (true 461, predicted [728])
attack: step 7/10, xent loss = 9.47778, l2 loss = 14.8679 (max 14.95), (true 461, predicted [728])
attack: step 8/10, xent loss = 10.4986, l2 loss = 17.1891 (max 14.95), (true 461, predicted [728])
attack: step 9/10, xent loss = 11.0568, l2 loss = 18.7202 (max 14.95), (true 461, predicted [728])
attack: step 10/10, xent loss = 12.3823, l2 loss = 20.348 (max 14.95), (true 461, predicted [728])
check failed
true = 461, adv = 728
evaluating 184 of [180, 190)
attack: step 1/10, xent loss = 0.0280133, l2 loss = 0 (max 14.95), (true 59, predicted [59])
attack: step 2/10, xent loss = 0.0409685, l2 loss = 0.0470431 (max 14.95), (true 59, predicted [59])
attack: step 3/10, xent loss = 0.0499691, l2 loss = 0.0818144 (max 14.95), (true 59, predicted [59])
attack: step 4/10, xent loss = 0.0560369, l2 loss = 0.129855 (max 14.95), (true 59, predicted [59])
attack: step 5/10, xent loss = 0.0218579, l2 loss = 0.169535 (max 14.95), (true 59, predicted [59])
attack: step 6/10, xent loss = 0.0180322, l2 loss = 0.176981 (max 14.95), (true 59, predicted [59])
attack: step 7/10, xent loss = 0.0125987, l2 loss = 0.185805 (max 14.95), (true 59, predicted [59])
attack: step 8/10, xent loss = 0.014341, l2 loss = 0.190912 (max 14.95), (true 59, predicted [59])
attack: step 9/10, xent loss = 0.0237645, l2 loss = 0.195233 (max 14.95), (true 59, predicted [59])
attack: step 10/10, xent loss = 0.0453263, l2 loss = 0.20714 (max 14.95), (true 59, predicted [59])
true = 59, adv = 59
evaluating 185 of [180, 190)
attack: step 1/10, xent loss = 9.7367, l2 loss = 0 (max 14.95), (true 841, predicted [728])
attack: step 2/10, xent loss = 11.7385, l2 loss = 7.67444 (max 14.95), (true 841, predicted [728])
attack: step 3/10, xent loss = 15.6316, l2 loss = 11.1853 (max 14.95), (true 841, predicted [728])
attack: step 4/10, xent loss = 16.5249, l2 loss = 13.5777 (max 14.95), (true 841, predicted [728])
attack: step 5/10, xent loss = 17.7166, l2 loss = 15.7665 (max 14.95), (true 841, predicted [728])
attack: step 6/10, xent loss = 19.4393, l2 loss = 18.4958 (max 14.95), (true 841, predicted [728])
attack: step 7/10, xent loss = 25.1427, l2 loss = 20.2812 (max 14.95), (true 841, predicted [728])
attack: step 8/10, xent loss = 19.717, l2 loss = 22.2557 (max 14.95), (true 841, predicted [728])
attack: step 9/10, xent loss = 25.4485, l2 loss = 24.1731 (max 14.95), (true 841, predicted [728])
attack: step 10/10, xent loss = 22.1458, l2 loss = 25.7549 (max 14.95), (true 841, predicted [728])
check failed
true = 841, adv = 728
evaluating 186 of [180, 190)
attack: step 1/10, xent loss = 0.000892836, l2 loss = 0 (max 14.95), (true 594, predicted [594])
attack: step 2/10, xent loss = 0.0141797, l2 loss = 0.0154054 (max 14.95), (true 594, predicted [594])
attack: step 3/10, xent loss = 0.0103296, l2 loss = 0.226835 (max 14.95), (true 594, predicted [594])
attack: step 4/10, xent loss = 0.00172121, l2 loss = 0.294625 (max 14.95), (true 594, predicted [594])
attack: step 5/10, xent loss = 3.09939e-05, l2 loss = 0.298101 (max 14.95), (true 594, predicted [594])
attack: step 6/10, xent loss = 0.0234672, l2 loss = 0.298121 (max 14.95), (true 594, predicted [594])
attack: step 7/10, xent loss = 0.0107761, l2 loss = 0.464013 (max 14.95), (true 594, predicted [594])
attack: step 8/10, xent loss = 0.00162993, l2 loss = 0.50499 (max 14.95), (true 594, predicted [594])
attack: step 9/10, xent loss = 0.0815968, l2 loss = 0.507046 (max 14.95), (true 594, predicted [594])
attack: step 10/10, xent loss = 0.144245, l2 loss = 1.65315 (max 14.95), (true 594, predicted [594])
true = 594, adv = 594
evaluating 187 of [180, 190)
attack: step 1/10, xent loss = 1.52047, l2 loss = 0 (max 14.95), (true 859, predicted [852])
attack: step 2/10, xent loss = 0.421654, l2 loss = 9.3737 (max 14.95), (true 859, predicted [859])
attack: step 3/10, xent loss = 12.1781, l2 loss = 10.2222 (max 14.95), (true 859, predicted [852])
attack: step 4/10, xent loss = 12.0351, l2 loss = 18.4957 (max 14.95), (true 859, predicted [852])
attack: step 5/10, xent loss = 16.4754, l2 loss = 21.8074 (max 14.95), (true 859, predicted [852])
attack: step 6/10, xent loss = 23.8822, l2 loss = 25.4806 (max 14.95), (true 859, predicted [852])
attack: step 7/10, xent loss = 22.6045, l2 loss = 27.2955 (max 14.95), (true 859, predicted [852])
attack: step 8/10, xent loss = 29.2865, l2 loss = 29.6338 (max 14.95), (true 859, predicted [852])
attack: step 9/10, xent loss = 30.352, l2 loss = 31.099 (max 14.95), (true 859, predicted [852])
attack: step 10/10, xent loss = 25.2764, l2 loss = 32.4688 (max 14.95), (true 859, predicted [852])
check failed
true = 859, adv = 852
evaluating 188 of [180, 190)
attack: step 1/10, xent loss = 1.41104, l2 loss = 0 (max 14.95), (true 913, predicted [672])
attack: step 2/10, xent loss = 4.90412, l2 loss = 4.38751 (max 14.95), (true 913, predicted [672])
attack: step 3/10, xent loss = 3.57023, l2 loss = 6.36947 (max 14.95), (true 913, predicted [728])
attack: step 4/10, xent loss = 4.77268, l2 loss = 7.84787 (max 14.95), (true 913, predicted [672])
attack: step 5/10, xent loss = 7.23961, l2 loss = 9.22193 (max 14.95), (true 913, predicted [672])
attack: step 6/10, xent loss = 6.21459, l2 loss = 10.0448 (max 14.95), (true 913, predicted [728])
attack: step 7/10, xent loss = 6.62013, l2 loss = 10.7459 (max 14.95), (true 913, predicted [672])
attack: step 8/10, xent loss = 7.42532, l2 loss = 11.2887 (max 14.95), (true 913, predicted [672])
attack: step 9/10, xent loss = 6.52863, l2 loss = 11.6833 (max 14.95), (true 913, predicted [672])
attack: step 10/10, xent loss = 7.4214, l2 loss = 12.3771 (max 14.95), (true 913, predicted [672])
true = 913, adv = 672
evaluating 189 of [180, 190)
attack: step 1/10, xent loss = 1.44647, l2 loss = 0 (max 14.95), (true 978, predicted [977])
attack: step 2/10, xent loss = 1.23484, l2 loss = 2.17161 (max 14.95), (true 978, predicted [977])
attack: step 3/10, xent loss = 3.00586, l2 loss = 2.7394 (max 14.95), (true 978, predicted [559])
attack: step 4/10, xent loss = 0.999554, l2 loss = 4.51482 (max 14.95), (true 978, predicted [977])
attack: step 5/10, xent loss = 2.21214, l2 loss = 4.93071 (max 14.95), (true 978, predicted [977])
attack: step 6/10, xent loss = 2.42863, l2 loss = 5.66886 (max 14.95), (true 978, predicted [977])
attack: step 7/10, xent loss = 2.65265, l2 loss = 6.53125 (max 14.95), (true 978, predicted [977])
attack: step 8/10, xent loss = 3.92018, l2 loss = 7.67417 (max 14.95), (true 978, predicted [977])
attack: step 9/10, xent loss = 4.3919, l2 loss = 9.16724 (max 14.95), (true 978, predicted [559])
attack: step 10/10, xent loss = 4.70208, l2 loss = 10.031 (max 14.95), (true 978, predicted [977])
true = 978, adv = 879
