2019-11-04 02:42:44.493337: I tensorflow/core/platform/cpu_feature_guard.cc:141] Your CPU supports instructions that this TensorFlow binary was not compiled to use: SSE4.1 SSE4.2 AVX AVX2 FMA
2019-11-04 02:42:44.501097: I tensorflow/core/platform/profile_utils/cpu_utils.cc:94] CPU Frequency: 2600160000 Hz
2019-11-04 02:42:44.501258: I tensorflow/compiler/xla/service/service.cc:150] XLA service 0x55555902e3e0 executing computations on platform Host. Devices:
2019-11-04 02:42:44.501281: I tensorflow/compiler/xla/service/service.cc:158]   StreamExecutor device (0): <undefined>, <undefined>
2019-11-04 02:42:44.501499: I tensorflow/core/common_runtime/process_util.cc:71] Creating new thread pool with default inter op setting: 2. Tune using inter_op_parallelism_threads for best performance.
evaluating 240 of [240, 250)
attack: step 1/1, xent loss = 3.28828, l2 loss = 16.323 (max 14.95), (true 934, predicted [930])
check failed
true = 934, adv = 728
evaluating 241 of [240, 250)
attack: step 1/1, xent loss = 0.581463, l2 loss = 33.5905 (max 14.95), (true 384, predicted [384])
check failed
true = 384, adv = 728
evaluating 242 of [240, 250)
attack: step 1/1, xent loss = 0.265104, l2 loss = 19.8543 (max 14.95), (true 307, predicted [307])
check failed
true = 307, adv = 312
evaluating 243 of [240, 250)
attack: step 1/1, xent loss = 0.37641, l2 loss = 42.112 (max 14.95), (true 342, predicted [342])
check failed
true = 342, adv = 728
evaluating 244 of [240, 250)
attack: step 1/1, xent loss = 5.01402, l2 loss = 38.4719 (max 14.95), (true 38, predicted [30])
check failed
true = 38, adv = 728
evaluating 245 of [240, 250)
attack: step 1/1, xent loss = 0.671209, l2 loss = 25.0649 (max 14.95), (true 715, predicted [715])
check failed
true = 715, adv = 614
evaluating 246 of [240, 250)
attack: step 1/1, xent loss = 3.50042, l2 loss = 33.3609 (max 14.95), (true 57, predicted [58])
check failed
true = 57, adv = 728
evaluating 247 of [240, 250)
attack: step 1/1, xent loss = 8.03195, l2 loss = 23.2923 (max 14.95), (true 905, predicted [648])
check failed
true = 905, adv = 457
evaluating 248 of [240, 250)
attack: step 1/1, xent loss = 5.74273, l2 loss = 11.8232 (max 14.95), (true 470, predicted [963])
true = 470, adv = 957
evaluating 249 of [240, 250)
attack: step 1/1, xent loss = 5.54562, l2 loss = 41.3081 (max 14.95), (true 776, predicted [889])
check failed
true = 776, adv = 667
