2019-06-30 06:43:36.311307: I tensorflow/core/platform/cpu_feature_guard.cc:141] Your CPU supports instructions that this TensorFlow binary was not compiled to use: SSE4.1 SSE4.2 AVX AVX2 FMA
2019-06-30 06:43:37.714377: I tensorflow/core/platform/profile_utils/cpu_utils.cc:94] CPU Frequency: 2600050000 Hz
2019-06-30 06:43:37.714583: I tensorflow/compiler/xla/service/service.cc:150] XLA service 0x2aaae6ac0c70 executing computations on platform Host. Devices:
2019-06-30 06:43:37.714617: I tensorflow/compiler/xla/service/service.cc:158]   StreamExecutor device (0): <undefined>, <undefined>
2019-06-30 06:43:37.714961: I tensorflow/core/common_runtime/process_util.cc:71] Creating new thread pool with default inter op setting: 2. Tune using inter_op_parallelism_threads for best performance.
evaluating 350 of [350, 360)
attack: step 1/10, xent loss = 7.95975, l2 loss = 15.4565 (max 14.95), (true 969, predicted [463])
attack: step 2/10, xent loss = 5.18663, l2 loss = 16.7569 (max 14.95), (true 969, predicted [463])
attack: step 3/10, xent loss = 9.20243, l2 loss = 18.121 (max 14.95), (true 969, predicted [463])
attack: step 4/10, xent loss = 9.75608, l2 loss = 19.4954 (max 14.95), (true 969, predicted [463])
attack: step 5/10, xent loss = 12.5754, l2 loss = 20.7711 (max 14.95), (true 969, predicted [463])
attack: step 6/10, xent loss = 11.5743, l2 loss = 21.9844 (max 14.95), (true 969, predicted [463])
attack: step 7/10, xent loss = 9.85633, l2 loss = 23.5183 (max 14.95), (true 969, predicted [463])
attack: step 8/10, xent loss = 12.9617, l2 loss = 24.9338 (max 14.95), (true 969, predicted [463])
attack: step 9/10, xent loss = 13.2675, l2 loss = 26.2058 (max 14.95), (true 969, predicted [463])
attack: step 10/10, xent loss = 14.0232, l2 loss = 27.1214 (max 14.95), (true 969, predicted [463])
check failed
true = 969, adv = 463
evaluating 351 of [350, 360)
attack: step 1/10, xent loss = 4.08317, l2 loss = 13.0838 (max 14.95), (true 548, predicted [669])
attack: step 2/10, xent loss = 7.74101, l2 loss = 14.3159 (max 14.95), (true 548, predicted [669])
attack: step 3/10, xent loss = 6.61444, l2 loss = 15.0837 (max 14.95), (true 548, predicted [669])
attack: step 4/10, xent loss = 5.91757, l2 loss = 16.1893 (max 14.95), (true 548, predicted [669])
attack: step 5/10, xent loss = 8.20768, l2 loss = 16.9669 (max 14.95), (true 548, predicted [669])
attack: step 6/10, xent loss = 8.15856, l2 loss = 18.076 (max 14.95), (true 548, predicted [669])
attack: step 7/10, xent loss = 8.30118, l2 loss = 19.0791 (max 14.95), (true 548, predicted [669])
attack: step 8/10, xent loss = 9.88392, l2 loss = 19.6787 (max 14.95), (true 548, predicted [669])
attack: step 9/10, xent loss = 9.44281, l2 loss = 20.2974 (max 14.95), (true 548, predicted [669])
attack: step 10/10, xent loss = 10.5514, l2 loss = 21.0024 (max 14.95), (true 548, predicted [669])
check failed
true = 548, adv = 669
evaluating 352 of [350, 360)
attack: step 1/10, xent loss = 9.90328, l2 loss = 19.1413 (max 14.95), (true 710, predicted [412])
attack: step 2/10, xent loss = 11.0682, l2 loss = 20.4731 (max 14.95), (true 710, predicted [412])
attack: step 3/10, xent loss = 10.5367, l2 loss = 21.4887 (max 14.95), (true 710, predicted [412])
attack: step 4/10, xent loss = 11.2153, l2 loss = 22.1943 (max 14.95), (true 710, predicted [412])
attack: step 5/10, xent loss = 14.3732, l2 loss = 23.2461 (max 14.95), (true 710, predicted [412])
attack: step 6/10, xent loss = 12.0865, l2 loss = 24.1037 (max 14.95), (true 710, predicted [728])
attack: step 7/10, xent loss = 11.257, l2 loss = 24.8554 (max 14.95), (true 710, predicted [412])
attack: step 8/10, xent loss = 12.6087, l2 loss = 25.5688 (max 14.95), (true 710, predicted [412])
attack: step 9/10, xent loss = 15.0508, l2 loss = 26.4848 (max 14.95), (true 710, predicted [412])
attack: step 10/10, xent loss = 11.6418, l2 loss = 27.4383 (max 14.95), (true 710, predicted [412])
check failed
true = 710, adv = 412
evaluating 353 of [350, 360)
attack: step 1/10, xent loss = 9.45868, l2 loss = 11.3556 (max 14.95), (true 4, predicted [728])
attack: step 2/10, xent loss = 7.76306, l2 loss = 13.188 (max 14.95), (true 4, predicted [728])
attack: step 3/10, xent loss = 8.43266, l2 loss = 14.1912 (max 14.95), (true 4, predicted [728])
attack: step 4/10, xent loss = 8.93039, l2 loss = 15.999 (max 14.95), (true 4, predicted [728])
attack: step 5/10, xent loss = 8.40018, l2 loss = 16.9072 (max 14.95), (true 4, predicted [728])
attack: step 6/10, xent loss = 8.66209, l2 loss = 17.4229 (max 14.95), (true 4, predicted [728])
attack: step 7/10, xent loss = 7.48443, l2 loss = 18.145 (max 14.95), (true 4, predicted [728])
attack: step 8/10, xent loss = 8.83187, l2 loss = 18.3704 (max 14.95), (true 4, predicted [728])
attack: step 9/10, xent loss = 8.10026, l2 loss = 19.2202 (max 14.95), (true 4, predicted [728])
attack: step 10/10, xent loss = 9.37882, l2 loss = 19.825 (max 14.95), (true 4, predicted [728])
check failed
true = 4, adv = 728
evaluating 354 of [350, 360)
attack: step 1/10, xent loss = 7.14965, l2 loss = 4.62715 (max 14.95), (true 272, predicted [552])
attack: step 2/10, xent loss = 8.07866, l2 loss = 4.8739 (max 14.95), (true 272, predicted [552])
attack: step 3/10, xent loss = 7.30282, l2 loss = 5.13207 (max 14.95), (true 272, predicted [692])
attack: step 4/10, xent loss = 7.57543, l2 loss = 5.49916 (max 14.95), (true 272, predicted [607])
attack: step 5/10, xent loss = 7.36218, l2 loss = 5.7838 (max 14.95), (true 272, predicted [607])
attack: step 6/10, xent loss = 7.42494, l2 loss = 6.07185 (max 14.95), (true 272, predicted [601])
attack: step 7/10, xent loss = 7.01354, l2 loss = 6.31842 (max 14.95), (true 272, predicted [607])
attack: step 8/10, xent loss = 7.86157, l2 loss = 6.64946 (max 14.95), (true 272, predicted [607])
attack: step 9/10, xent loss = 7.60023, l2 loss = 6.83606 (max 14.95), (true 272, predicted [552])
attack: step 10/10, xent loss = 7.39544, l2 loss = 7.07004 (max 14.95), (true 272, predicted [607])
true = 272, adv = 552
evaluating 355 of [350, 360)
attack: step 1/10, xent loss = 8.14287, l2 loss = 10.8255 (max 14.95), (true 722, predicted [728])
attack: step 2/10, xent loss = 8.29915, l2 loss = 11.4437 (max 14.95), (true 722, predicted [728])
attack: step 3/10, xent loss = 7.92937, l2 loss = 11.9431 (max 14.95), (true 722, predicted [728])
attack: step 4/10, xent loss = 7.19343, l2 loss = 12.6226 (max 14.95), (true 722, predicted [728])
attack: step 5/10, xent loss = 7.78371, l2 loss = 13.0134 (max 14.95), (true 722, predicted [728])
attack: step 6/10, xent loss = 8.28158, l2 loss = 13.3208 (max 14.95), (true 722, predicted [728])
attack: step 7/10, xent loss = 8.42681, l2 loss = 14.2806 (max 14.95), (true 722, predicted [728])
attack: step 8/10, xent loss = 8.63117, l2 loss = 14.9329 (max 14.95), (true 722, predicted [728])
attack: step 9/10, xent loss = 7.95236, l2 loss = 15.6232 (max 14.95), (true 722, predicted [728])
attack: step 10/10, xent loss = 7.38159, l2 loss = 16.0332 (max 14.95), (true 722, predicted [728])
check failed
true = 722, adv = 728
evaluating 356 of [350, 360)
attack: step 1/10, xent loss = 4.21844, l2 loss = 9.35315 (max 14.95), (true 635, predicted [541])
attack: step 2/10, xent loss = 3.63116, l2 loss = 9.75064 (max 14.95), (true 635, predicted [567])
attack: step 3/10, xent loss = 4.32716, l2 loss = 10.2136 (max 14.95), (true 635, predicted [633])
attack: step 4/10, xent loss = 3.7323, l2 loss = 10.5737 (max 14.95), (true 635, predicted [409])
attack: step 5/10, xent loss = 4.98727, l2 loss = 11.1286 (max 14.95), (true 635, predicted [633])
attack: step 6/10, xent loss = 5.47297, l2 loss = 11.4891 (max 14.95), (true 635, predicted [633])
attack: step 7/10, xent loss = 4.88638, l2 loss = 11.74 (max 14.95), (true 635, predicted [633])
attack: step 8/10, xent loss = 3.64078, l2 loss = 12.0246 (max 14.95), (true 635, predicted [633])
attack: step 9/10, xent loss = 4.98759, l2 loss = 12.5837 (max 14.95), (true 635, predicted [633])
attack: step 10/10, xent loss = 5.51074, l2 loss = 12.8288 (max 14.95), (true 635, predicted [633])
true = 635, adv = 567
evaluating 357 of [350, 360)
attack: step 1/10, xent loss = 0.0119581, l2 loss = 0.326735 (max 14.95), (true 667, predicted [667])
attack: step 2/10, xent loss = 0.0295894, l2 loss = 0.334658 (max 14.95), (true 667, predicted [667])
attack: step 3/10, xent loss = 0.0160298, l2 loss = 0.367432 (max 14.95), (true 667, predicted [667])
attack: step 4/10, xent loss = 0.0458928, l2 loss = 0.375658 (max 14.95), (true 667, predicted [667])
attack: step 5/10, xent loss = 0.0135741, l2 loss = 0.433987 (max 14.95), (true 667, predicted [667])
attack: step 6/10, xent loss = 0.0164076, l2 loss = 0.439858 (max 14.95), (true 667, predicted [667])
attack: step 7/10, xent loss = 0.0218486, l2 loss = 0.446276 (max 14.95), (true 667, predicted [667])
attack: step 8/10, xent loss = 0.0162779, l2 loss = 0.457728 (max 14.95), (true 667, predicted [667])
attack: step 9/10, xent loss = 0.0207084, l2 loss = 0.46649 (max 14.95), (true 667, predicted [667])
attack: step 10/10, xent loss = 0.0117159, l2 loss = 0.479511 (max 14.95), (true 667, predicted [667])
true = 667, adv = 667
evaluating 358 of [350, 360)
attack: step 1/10, xent loss = 12.109, l2 loss = 20.4499 (max 14.95), (true 786, predicted [728])
attack: step 2/10, xent loss = 10.788, l2 loss = 22.6638 (max 14.95), (true 786, predicted [728])
attack: step 3/10, xent loss = 12.7871, l2 loss = 23.969 (max 14.95), (true 786, predicted [728])
attack: step 4/10, xent loss = 14.065, l2 loss = 25.5099 (max 14.95), (true 786, predicted [728])
attack: step 5/10, xent loss = 14.5994, l2 loss = 26.9281 (max 14.95), (true 786, predicted [728])
attack: step 6/10, xent loss = 15.4154, l2 loss = 28.5273 (max 14.95), (true 786, predicted [728])
attack: step 7/10, xent loss = 12.2169, l2 loss = 29.8727 (max 14.95), (true 786, predicted [728])
attack: step 8/10, xent loss = 13.6481, l2 loss = 31.3044 (max 14.95), (true 786, predicted [728])
attack: step 9/10, xent loss = 14.8867, l2 loss = 32.4347 (max 14.95), (true 786, predicted [728])
attack: step 10/10, xent loss = 13.9965, l2 loss = 33.6652 (max 14.95), (true 786, predicted [728])
check failed
true = 786, adv = 728
evaluating 359 of [350, 360)
attack: step 1/10, xent loss = 9.70596, l2 loss = 12.322 (max 14.95), (true 19, predicted [645])
attack: step 2/10, xent loss = 10.4789, l2 loss = 12.773 (max 14.95), (true 19, predicted [645])
attack: step 3/10, xent loss = 10.275, l2 loss = 13.4774 (max 14.95), (true 19, predicted [645])
attack: step 4/10, xent loss = 10.6087, l2 loss = 14.4565 (max 14.95), (true 19, predicted [645])
attack: step 5/10, xent loss = 8.87349, l2 loss = 14.8696 (max 14.95), (true 19, predicted [723])
attack: step 6/10, xent loss = 11.0523, l2 loss = 15.1409 (max 14.95), (true 19, predicted [645])
attack: step 7/10, xent loss = 10.2355, l2 loss = 16.1648 (max 14.95), (true 19, predicted [645])
attack: step 8/10, xent loss = 13.727, l2 loss = 16.6887 (max 14.95), (true 19, predicted [645])
attack: step 9/10, xent loss = 11.22, l2 loss = 18.1004 (max 14.95), (true 19, predicted [645])
attack: step 10/10, xent loss = 12.6831, l2 loss = 18.9977 (max 14.95), (true 19, predicted [645])
check failed
true = 19, adv = 645
