2019-11-04 08:50:59.506788: I tensorflow/core/platform/cpu_feature_guard.cc:141] Your CPU supports instructions that this TensorFlow binary was not compiled to use: SSE4.1 SSE4.2 AVX AVX2 FMA
2019-11-04 08:51:00.293709: I tensorflow/core/platform/profile_utils/cpu_utils.cc:94] CPU Frequency: 2599970000 Hz
2019-11-04 08:51:00.297282: I tensorflow/compiler/xla/service/service.cc:150] XLA service 0x55555902f3c0 executing computations on platform Host. Devices:
2019-11-04 08:51:00.297326: I tensorflow/compiler/xla/service/service.cc:158]   StreamExecutor device (0): <undefined>, <undefined>
2019-11-04 08:51:00.298823: I tensorflow/core/common_runtime/process_util.cc:71] Creating new thread pool with default inter op setting: 2. Tune using inter_op_parallelism_threads for best performance.
evaluating 690 of [690, 700)
attack: step 1/1, xent loss = 0.0418922, l2 loss = 23.654 (max 14.95), (true 49, predicted [49])
check failed
true = 49, adv = 728
evaluating 691 of [690, 700)
attack: step 1/1, xent loss = 6.26861, l2 loss = 28.1325 (max 14.95), (true 799, predicted [728])
check failed
true = 799, adv = 728
evaluating 692 of [690, 700)
attack: step 1/1, xent loss = 0.0634704, l2 loss = 26.3812 (max 14.95), (true 853, predicted [853])
check failed
true = 853, adv = 569
evaluating 693 of [690, 700)
attack: step 1/1, xent loss = 0.114131, l2 loss = 1.49335 (max 14.95), (true 17, predicted [17])
true = 17, adv = 17
evaluating 694 of [690, 700)
attack: step 1/1, xent loss = 0.0225795, l2 loss = 1.07826 (max 14.95), (true 800, predicted [800])
true = 800, adv = 800
evaluating 695 of [690, 700)
attack: step 1/1, xent loss = 5.0248, l2 loss = 30.7778 (max 14.95), (true 350, predicted [979])
check failed
true = 350, adv = 728
evaluating 696 of [690, 700)
attack: step 1/1, xent loss = 10.2264, l2 loss = 20.0769 (max 14.95), (true 889, predicted [643])
check failed
true = 889, adv = 643
evaluating 697 of [690, 700)
attack: step 1/1, xent loss = 0.00385957, l2 loss = 0.261426 (max 14.95), (true 951, predicted [951])
true = 951, adv = 951
evaluating 698 of [690, 700)
attack: step 1/1, xent loss = 3.97944, l2 loss = 12.8425 (max 14.95), (true 276, predicted [275])
true = 276, adv = 275
evaluating 699 of [690, 700)
attack: step 1/1, xent loss = 8.51693, l2 loss = 37.1399 (max 14.95), (true 784, predicted [830])
check failed
true = 784, adv = 830
