2019-06-29 17:55:16.066512: I tensorflow/core/platform/cpu_feature_guard.cc:141] Your CPU supports instructions that this TensorFlow binary was not compiled to use: SSE4.1 SSE4.2 AVX AVX2 FMA
2019-06-29 17:55:16.076403: I tensorflow/core/platform/profile_utils/cpu_utils.cc:94] CPU Frequency: 2600070000 Hz
2019-06-29 17:55:16.076599: I tensorflow/compiler/xla/service/service.cc:150] XLA service 0x2aaae6d4aef0 executing computations on platform Host. Devices:
2019-06-29 17:55:16.076629: I tensorflow/compiler/xla/service/service.cc:158]   StreamExecutor device (0): <undefined>, <undefined>
2019-06-29 17:55:16.076953: I tensorflow/core/common_runtime/process_util.cc:71] Creating new thread pool with default inter op setting: 2. Tune using inter_op_parallelism_threads for best performance.
evaluating 850 of [850, 860)
attack: step 1/10, xent loss = 9.1616, l2 loss = 26.7139 (max 14.95), (true 227, predicted [879])
attack: step 2/10, xent loss = 14.6285, l2 loss = 27.7145 (max 14.95), (true 227, predicted [879])
attack: step 3/10, xent loss = 14.8532, l2 loss = 30.2156 (max 14.95), (true 227, predicted [879])
attack: step 4/10, xent loss = 16.4477, l2 loss = 31.6122 (max 14.95), (true 227, predicted [879])
attack: step 5/10, xent loss = 17.8176, l2 loss = 33.2793 (max 14.95), (true 227, predicted [879])
attack: step 6/10, xent loss = 16.6261, l2 loss = 35.0088 (max 14.95), (true 227, predicted [879])
attack: step 7/10, xent loss = 22.1602, l2 loss = 36.9166 (max 14.95), (true 227, predicted [879])
attack: step 8/10, xent loss = 21.5804, l2 loss = 38.9311 (max 14.95), (true 227, predicted [879])
attack: step 9/10, xent loss = 21.979, l2 loss = 40.2984 (max 14.95), (true 227, predicted [879])
attack: step 10/10, xent loss = 23.9996, l2 loss = 41.9686 (max 14.95), (true 227, predicted [879])
check failed
true = 227, adv = 879
evaluating 851 of [850, 860)
attack: step 1/10, xent loss = 22.7408, l2 loss = 30.7062 (max 14.95), (true 377, predicted [728])
attack: step 2/10, xent loss = 22.2081, l2 loss = 31.9575 (max 14.95), (true 377, predicted [728])
attack: step 3/10, xent loss = 23.3477, l2 loss = 33.2666 (max 14.95), (true 377, predicted [728])
attack: step 4/10, xent loss = 23.2176, l2 loss = 34.531 (max 14.95), (true 377, predicted [728])
attack: step 5/10, xent loss = 23.9132, l2 loss = 35.4757 (max 14.95), (true 377, predicted [728])
attack: step 6/10, xent loss = 25.3119, l2 loss = 36.7125 (max 14.95), (true 377, predicted [728])
attack: step 7/10, xent loss = 29.1291, l2 loss = 37.8151 (max 14.95), (true 377, predicted [728])
attack: step 8/10, xent loss = 23.2972, l2 loss = 38.9045 (max 14.95), (true 377, predicted [728])
attack: step 9/10, xent loss = 21.7439, l2 loss = 40.874 (max 14.95), (true 377, predicted [728])
attack: step 10/10, xent loss = 23.4181, l2 loss = 42.0455 (max 14.95), (true 377, predicted [728])
check failed
true = 377, adv = 728
evaluating 852 of [850, 860)
attack: step 1/10, xent loss = 9.37234, l2 loss = 9.7357 (max 14.95), (true 133, predicted [478])
attack: step 2/10, xent loss = 10.8402, l2 loss = 10.0822 (max 14.95), (true 133, predicted [793])
attack: step 3/10, xent loss = 10.7248, l2 loss = 10.7586 (max 14.95), (true 133, predicted [793])
attack: step 4/10, xent loss = 10.7748, l2 loss = 11.4169 (max 14.95), (true 133, predicted [403])
attack: step 5/10, xent loss = 12.8119, l2 loss = 12.3858 (max 14.95), (true 133, predicted [728])
attack: step 6/10, xent loss = 12.4788, l2 loss = 14.1857 (max 14.95), (true 133, predicted [793])
attack: step 7/10, xent loss = 12.207, l2 loss = 14.8721 (max 14.95), (true 133, predicted [793])
attack: step 8/10, xent loss = 11.2585, l2 loss = 16.0287 (max 14.95), (true 133, predicted [793])
attack: step 9/10, xent loss = 12.0668, l2 loss = 16.6946 (max 14.95), (true 133, predicted [403])
attack: step 10/10, xent loss = 14.176, l2 loss = 17.4516 (max 14.95), (true 133, predicted [793])
check failed
true = 133, adv = 403
evaluating 853 of [850, 860)
attack: step 1/10, xent loss = 13.2256, l2 loss = 20.7279 (max 14.95), (true 52, predicted [793])
attack: step 2/10, xent loss = 10.1599, l2 loss = 21.9847 (max 14.95), (true 52, predicted [793])
attack: step 3/10, xent loss = 11.1987, l2 loss = 22.8329 (max 14.95), (true 52, predicted [793])
attack: step 4/10, xent loss = 8.75519, l2 loss = 24.2355 (max 14.95), (true 52, predicted [793])
attack: step 5/10, xent loss = 10.7965, l2 loss = 24.4922 (max 14.95), (true 52, predicted [793])
attack: step 6/10, xent loss = 12.4867, l2 loss = 25.4927 (max 14.95), (true 52, predicted [793])
attack: step 7/10, xent loss = 15.0816, l2 loss = 26.7107 (max 14.95), (true 52, predicted [793])
attack: step 8/10, xent loss = 14.2089, l2 loss = 27.7934 (max 14.95), (true 52, predicted [793])
attack: step 9/10, xent loss = 13.4693, l2 loss = 28.9888 (max 14.95), (true 52, predicted [793])
attack: step 10/10, xent loss = 13.5371, l2 loss = 29.9509 (max 14.95), (true 52, predicted [793])
check failed
true = 52, adv = 793
evaluating 854 of [850, 860)
attack: step 1/10, xent loss = 7.17756, l2 loss = 19.0533 (max 14.95), (true 620, predicted [797])
attack: step 2/10, xent loss = 7.63344, l2 loss = 19.821 (max 14.95), (true 620, predicted [830])
attack: step 3/10, xent loss = 9.66011, l2 loss = 20.7057 (max 14.95), (true 620, predicted [830])
attack: step 4/10, xent loss = 6.80115, l2 loss = 21.501 (max 14.95), (true 620, predicted [830])
attack: step 5/10, xent loss = 10.7577, l2 loss = 22.6134 (max 14.95), (true 620, predicted [830])
attack: step 6/10, xent loss = 11.6041, l2 loss = 23.4117 (max 14.95), (true 620, predicted [830])
attack: step 7/10, xent loss = 9.61946, l2 loss = 24.1283 (max 14.95), (true 620, predicted [830])
attack: step 8/10, xent loss = 9.65315, l2 loss = 25.7932 (max 14.95), (true 620, predicted [830])
attack: step 9/10, xent loss = 14.0987, l2 loss = 26.5766 (max 14.95), (true 620, predicted [830])
attack: step 10/10, xent loss = 8.73543, l2 loss = 27.0201 (max 14.95), (true 620, predicted [830])
check failed
true = 620, adv = 830
evaluating 855 of [850, 860)
attack: step 1/10, xent loss = 11.8655, l2 loss = 16.4723 (max 14.95), (true 360, predicted [728])
attack: step 2/10, xent loss = 9.73507, l2 loss = 17.7624 (max 14.95), (true 360, predicted [728])
attack: step 3/10, xent loss = 17.7751, l2 loss = 19.066 (max 14.95), (true 360, predicted [728])
attack: step 4/10, xent loss = 12.0089, l2 loss = 20.9294 (max 14.95), (true 360, predicted [728])
attack: step 5/10, xent loss = 13.8252, l2 loss = 21.9606 (max 14.95), (true 360, predicted [728])
attack: step 6/10, xent loss = 17.8687, l2 loss = 23.5938 (max 14.95), (true 360, predicted [728])
attack: step 7/10, xent loss = 16.9895, l2 loss = 24.6397 (max 14.95), (true 360, predicted [728])
attack: step 8/10, xent loss = 14.0592, l2 loss = 25.6894 (max 14.95), (true 360, predicted [728])
attack: step 9/10, xent loss = 17.4896, l2 loss = 27 (max 14.95), (true 360, predicted [728])
attack: step 10/10, xent loss = 18.0361, l2 loss = 27.9555 (max 14.95), (true 360, predicted [728])
check failed
true = 360, adv = 728
evaluating 856 of [850, 860)
attack: step 1/10, xent loss = 20.2427, l2 loss = 20.9776 (max 14.95), (true 492, predicted [728])
attack: step 2/10, xent loss = 21.6738, l2 loss = 22.4948 (max 14.95), (true 492, predicted [728])
attack: step 3/10, xent loss = 19.759, l2 loss = 24.2844 (max 14.95), (true 492, predicted [728])
attack: step 4/10, xent loss = 23.5182, l2 loss = 25.8736 (max 14.95), (true 492, predicted [728])
attack: step 5/10, xent loss = 23.576, l2 loss = 27.3741 (max 14.95), (true 492, predicted [728])
attack: step 6/10, xent loss = 24.6069, l2 loss = 28.572 (max 14.95), (true 492, predicted [728])
attack: step 7/10, xent loss = 27.3902, l2 loss = 30.1008 (max 14.95), (true 492, predicted [728])
attack: step 8/10, xent loss = 28.584, l2 loss = 31.3765 (max 14.95), (true 492, predicted [728])
attack: step 9/10, xent loss = 24.9932, l2 loss = 32.485 (max 14.95), (true 492, predicted [728])
attack: step 10/10, xent loss = 26.4368, l2 loss = 33.6297 (max 14.95), (true 492, predicted [728])
check failed
true = 492, adv = 728
evaluating 857 of [850, 860)
attack: step 1/10, xent loss = 5.45737, l2 loss = 11.3944 (max 14.95), (true 824, predicted [723])
attack: step 2/10, xent loss = 5.25726, l2 loss = 12.2397 (max 14.95), (true 824, predicted [614])
attack: step 3/10, xent loss = 7.07991, l2 loss = 13.0042 (max 14.95), (true 824, predicted [614])
attack: step 4/10, xent loss = 5.92525, l2 loss = 13.4428 (max 14.95), (true 824, predicted [728])
attack: step 5/10, xent loss = 6.20813, l2 loss = 14.1255 (max 14.95), (true 824, predicted [723])
attack: step 6/10, xent loss = 6.08398, l2 loss = 14.7667 (max 14.95), (true 824, predicted [723])
attack: step 7/10, xent loss = 7.55559, l2 loss = 15.006 (max 14.95), (true 824, predicted [879])
attack: step 8/10, xent loss = 7.62723, l2 loss = 15.5682 (max 14.95), (true 824, predicted [728])
attack: step 9/10, xent loss = 7.17183, l2 loss = 15.8629 (max 14.95), (true 824, predicted [723])
attack: step 10/10, xent loss = 7.15, l2 loss = 16.4233 (max 14.95), (true 824, predicted [723])
check failed
true = 824, adv = 723
evaluating 858 of [850, 860)
attack: step 1/10, xent loss = 0.0129966, l2 loss = 1.61181 (max 14.95), (true 614, predicted [614])
attack: step 2/10, xent loss = 0.00465975, l2 loss = 1.61598 (max 14.95), (true 614, predicted [614])
attack: step 3/10, xent loss = 0.0282503, l2 loss = 1.6168 (max 14.95), (true 614, predicted [614])
attack: step 4/10, xent loss = 0.0475911, l2 loss = 1.6293 (max 14.95), (true 614, predicted [614])
attack: step 5/10, xent loss = 0.013468, l2 loss = 1.64804 (max 14.95), (true 614, predicted [614])
attack: step 6/10, xent loss = 0.306326, l2 loss = 1.64991 (max 14.95), (true 614, predicted [614])
attack: step 7/10, xent loss = 0.0712515, l2 loss = 2.3781 (max 14.95), (true 614, predicted [614])
attack: step 8/10, xent loss = 0.049372, l2 loss = 2.4433 (max 14.95), (true 614, predicted [614])
attack: step 9/10, xent loss = 0.0120807, l2 loss = 2.47729 (max 14.95), (true 614, predicted [614])
attack: step 10/10, xent loss = 0.0726739, l2 loss = 2.47942 (max 14.95), (true 614, predicted [614])
true = 614, adv = 614
evaluating 859 of [850, 860)
attack: step 1/10, xent loss = 9.34537, l2 loss = 10.005 (max 14.95), (true 68, predicted [692])
attack: step 2/10, xent loss = 9.41603, l2 loss = 10.7081 (max 14.95), (true 68, predicted [999])
attack: step 3/10, xent loss = 10.4307, l2 loss = 11.6817 (max 14.95), (true 68, predicted [728])
attack: step 4/10, xent loss = 11.3203, l2 loss = 12.5936 (max 14.95), (true 68, predicted [692])
attack: step 5/10, xent loss = 11.5035, l2 loss = 13.4847 (max 14.95), (true 68, predicted [728])
attack: step 6/10, xent loss = 10.1434, l2 loss = 14.5453 (max 14.95), (true 68, predicted [728])
attack: step 7/10, xent loss = 13.3677, l2 loss = 15.4569 (max 14.95), (true 68, predicted [728])
attack: step 8/10, xent loss = 10.2033, l2 loss = 17.0155 (max 14.95), (true 68, predicted [728])
attack: step 9/10, xent loss = 9.73395, l2 loss = 17.7511 (max 14.95), (true 68, predicted [728])
attack: step 10/10, xent loss = 13.3575, l2 loss = 18.548 (max 14.95), (true 68, predicted [728])
check failed
true = 68, adv = 728
