2019-08-26 16:03:57.274367: I tensorflow/core/platform/cpu_feature_guard.cc:141] Your CPU supports instructions that this TensorFlow binary was not compiled to use: SSE4.1 SSE4.2 AVX AVX2 FMA
2019-08-26 16:03:57.465948: I tensorflow/core/platform/profile_utils/cpu_utils.cc:94] CPU Frequency: 2599855000 Hz
2019-08-26 16:03:57.493920: I tensorflow/compiler/xla/service/service.cc:150] XLA service 0x2aaae6e51fb0 executing computations on platform Host. Devices:
2019-08-26 16:03:57.493968: I tensorflow/compiler/xla/service/service.cc:158]   StreamExecutor device (0): <undefined>, <undefined>
2019-08-26 16:03:57.494326: I tensorflow/core/common_runtime/process_util.cc:71] Creating new thread pool with default inter op setting: 2. Tune using inter_op_parallelism_threads for best performance.
evaluating 170 of [170, 180)
attack: step 1/10, xent loss = 17.9645, l2 loss = 20.6239 (max 14.95), (true 958, predicted [397])
attack: step 2/10, xent loss = 19.5193, l2 loss = 22.4488 (max 14.95), (true 958, predicted [397])
attack: step 3/10, xent loss = 21.7609, l2 loss = 24.088 (max 14.95), (true 958, predicted [397])
attack: step 4/10, xent loss = 21.8588, l2 loss = 26.6972 (max 14.95), (true 958, predicted [397])
attack: step 5/10, xent loss = 24.9713, l2 loss = 27.9822 (max 14.95), (true 958, predicted [397])
attack: step 6/10, xent loss = 25.9257, l2 loss = 28.8425 (max 14.95), (true 958, predicted [397])
attack: step 7/10, xent loss = 26.824, l2 loss = 29.6585 (max 14.95), (true 958, predicted [397])
attack: step 8/10, xent loss = 24.7623, l2 loss = 30.9325 (max 14.95), (true 958, predicted [397])
attack: step 9/10, xent loss = 27.294, l2 loss = 32.2785 (max 14.95), (true 958, predicted [397])
attack: step 10/10, xent loss = 31.4595, l2 loss = 33.4365 (max 14.95), (true 958, predicted [397])
check failed
true = 958, adv = 397
evaluating 171 of [170, 180)
attack: step 1/10, xent loss = 11.1409, l2 loss = 10.7522 (max 14.95), (true 933, predicted [934])
attack: step 2/10, xent loss = 11.2693, l2 loss = 11.6073 (max 14.95), (true 933, predicted [934])
attack: step 3/10, xent loss = 11.7853, l2 loss = 12.3305 (max 14.95), (true 933, predicted [934])
attack: step 4/10, xent loss = 13.1521, l2 loss = 13.0938 (max 14.95), (true 933, predicted [934])
attack: step 5/10, xent loss = 13.3598, l2 loss = 13.769 (max 14.95), (true 933, predicted [934])
attack: step 6/10, xent loss = 14.3617, l2 loss = 14.5222 (max 14.95), (true 933, predicted [934])
attack: step 7/10, xent loss = 15.8996, l2 loss = 15.2643 (max 14.95), (true 933, predicted [934])
attack: step 8/10, xent loss = 15.7877, l2 loss = 16.008 (max 14.95), (true 933, predicted [934])
attack: step 9/10, xent loss = 16.0627, l2 loss = 16.7324 (max 14.95), (true 933, predicted [934])
attack: step 10/10, xent loss = 15.9954, l2 loss = 17.6833 (max 14.95), (true 933, predicted [934])
check failed
true = 933, adv = 934
evaluating 172 of [170, 180)
attack: step 1/10, xent loss = 5.98595, l2 loss = 10.0026 (max 14.95), (true 411, predicted [689])
attack: step 2/10, xent loss = 6.52367, l2 loss = 10.4041 (max 14.95), (true 411, predicted [578])
attack: step 3/10, xent loss = 6.34707, l2 loss = 10.6856 (max 14.95), (true 411, predicted [689])
attack: step 4/10, xent loss = 6.75899, l2 loss = 10.9729 (max 14.95), (true 411, predicted [578])
attack: step 5/10, xent loss = 6.82339, l2 loss = 11.4997 (max 14.95), (true 411, predicted [689])
attack: step 6/10, xent loss = 7.06977, l2 loss = 11.8507 (max 14.95), (true 411, predicted [578])
attack: step 7/10, xent loss = 7.29593, l2 loss = 12.1427 (max 14.95), (true 411, predicted [578])
attack: step 8/10, xent loss = 7.92596, l2 loss = 12.3931 (max 14.95), (true 411, predicted [578])
attack: step 9/10, xent loss = 7.6316, l2 loss = 12.8091 (max 14.95), (true 411, predicted [578])
attack: step 10/10, xent loss = 7.54093, l2 loss = 13.105 (max 14.95), (true 411, predicted [689])
true = 411, adv = 689
evaluating 173 of [170, 180)
attack: step 1/10, xent loss = 11.4704, l2 loss = 23.4931 (max 14.95), (true 188, predicted [728])
attack: step 2/10, xent loss = 18.9741, l2 loss = 24.5352 (max 14.95), (true 188, predicted [728])
attack: step 3/10, xent loss = 19.1725, l2 loss = 25.3338 (max 14.95), (true 188, predicted [728])
attack: step 4/10, xent loss = 20.0297, l2 loss = 26.0911 (max 14.95), (true 188, predicted [728])
attack: step 5/10, xent loss = 19.4425, l2 loss = 27.2674 (max 14.95), (true 188, predicted [728])
attack: step 6/10, xent loss = 24.0802, l2 loss = 28.0649 (max 14.95), (true 188, predicted [728])
attack: step 7/10, xent loss = 21.0236, l2 loss = 30.009 (max 14.95), (true 188, predicted [728])
attack: step 8/10, xent loss = 21.2694, l2 loss = 31.02 (max 14.95), (true 188, predicted [728])
attack: step 9/10, xent loss = 25.0236, l2 loss = 32.1552 (max 14.95), (true 188, predicted [728])
attack: step 10/10, xent loss = 23.6478, l2 loss = 33.1782 (max 14.95), (true 188, predicted [728])
check failed
true = 188, adv = 728
evaluating 174 of [170, 180)
attack: step 1/10, xent loss = 4.33365, l2 loss = 9.1335 (max 14.95), (true 489, predicted [716])
attack: step 2/10, xent loss = 4.72741, l2 loss = 9.60503 (max 14.95), (true 489, predicted [716])
attack: step 3/10, xent loss = 5.50475, l2 loss = 10.0575 (max 14.95), (true 489, predicted [716])
attack: step 4/10, xent loss = 5.59702, l2 loss = 10.4907 (max 14.95), (true 489, predicted [716])
attack: step 5/10, xent loss = 4.575, l2 loss = 11.2438 (max 14.95), (true 489, predicted [716])
attack: step 6/10, xent loss = 5.33094, l2 loss = 11.7941 (max 14.95), (true 489, predicted [716])
attack: step 7/10, xent loss = 5.69679, l2 loss = 12.3838 (max 14.95), (true 489, predicted [716])
attack: step 8/10, xent loss = 6.19332, l2 loss = 12.8609 (max 14.95), (true 489, predicted [716])
attack: step 9/10, xent loss = 5.31564, l2 loss = 13.3629 (max 14.95), (true 489, predicted [716])
attack: step 10/10, xent loss = 5.90136, l2 loss = 13.7294 (max 14.95), (true 489, predicted [716])
true = 489, adv = 716
evaluating 175 of [170, 180)
attack: step 1/10, xent loss = 17.0666, l2 loss = 12.9879 (max 14.95), (true 361, predicted [169])
attack: step 2/10, xent loss = 17.857, l2 loss = 14.141 (max 14.95), (true 361, predicted [169])
attack: step 3/10, xent loss = 19.7751, l2 loss = 15.1941 (max 14.95), (true 361, predicted [169])
attack: step 4/10, xent loss = 19.3494, l2 loss = 16.3087 (max 14.95), (true 361, predicted [169])
attack: step 5/10, xent loss = 20.5259, l2 loss = 17.2086 (max 14.95), (true 361, predicted [169])
attack: step 6/10, xent loss = 18.0529, l2 loss = 18.9556 (max 14.95), (true 361, predicted [169])
attack: step 7/10, xent loss = 21.4892, l2 loss = 20.8096 (max 14.95), (true 361, predicted [169])
attack: step 8/10, xent loss = 22.3948, l2 loss = 21.5407 (max 14.95), (true 361, predicted [169])
attack: step 9/10, xent loss = 21.3038, l2 loss = 22.517 (max 14.95), (true 361, predicted [169])
attack: step 10/10, xent loss = 21.3227, l2 loss = 25.2785 (max 14.95), (true 361, predicted [169])
check failed
true = 361, adv = 169
evaluating 176 of [170, 180)
attack: step 1/10, xent loss = 9.54609, l2 loss = 11.5411 (max 14.95), (true 798, predicted [570])
attack: step 2/10, xent loss = 10.1606, l2 loss = 12.557 (max 14.95), (true 798, predicted [570])
attack: step 3/10, xent loss = 12.5241, l2 loss = 13.4492 (max 14.95), (true 798, predicted [570])
attack: step 4/10, xent loss = 12.196, l2 loss = 14.1384 (max 14.95), (true 798, predicted [570])
attack: step 5/10, xent loss = 13.9898, l2 loss = 15.0391 (max 14.95), (true 798, predicted [570])
attack: step 6/10, xent loss = 13.6854, l2 loss = 15.615 (max 14.95), (true 798, predicted [570])
attack: step 7/10, xent loss = 14.9206, l2 loss = 16.5061 (max 14.95), (true 798, predicted [570])
attack: step 8/10, xent loss = 15.5751, l2 loss = 17.3011 (max 14.95), (true 798, predicted [570])
attack: step 9/10, xent loss = 17.0706, l2 loss = 17.8152 (max 14.95), (true 798, predicted [570])
attack: step 10/10, xent loss = 16.4363, l2 loss = 19.248 (max 14.95), (true 798, predicted [570])
check failed
true = 798, adv = 570
evaluating 177 of [170, 180)
attack: step 1/10, xent loss = 18.9356, l2 loss = 23.2782 (max 14.95), (true 342, predicted [728])
attack: step 2/10, xent loss = 19.6893, l2 loss = 24.3402 (max 14.95), (true 342, predicted [728])
attack: step 3/10, xent loss = 17.8697, l2 loss = 25.578 (max 14.95), (true 342, predicted [728])
attack: step 4/10, xent loss = 21.3504, l2 loss = 26.9398 (max 14.95), (true 342, predicted [728])
attack: step 5/10, xent loss = 26.3247, l2 loss = 28.0523 (max 14.95), (true 342, predicted [728])
attack: step 6/10, xent loss = 25.1495, l2 loss = 29.0177 (max 14.95), (true 342, predicted [728])
attack: step 7/10, xent loss = 23.7418, l2 loss = 29.902 (max 14.95), (true 342, predicted [728])
attack: step 8/10, xent loss = 24.3534, l2 loss = 30.724 (max 14.95), (true 342, predicted [728])
attack: step 9/10, xent loss = 25.9027, l2 loss = 31.8854 (max 14.95), (true 342, predicted [728])
attack: step 10/10, xent loss = 22.6955, l2 loss = 32.9089 (max 14.95), (true 342, predicted [728])
check failed
true = 342, adv = 728
evaluating 178 of [170, 180)
attack: step 1/10, xent loss = 0.995965, l2 loss = 2.92519 (max 14.95), (true 724, predicted [724])
attack: step 2/10, xent loss = 1.26996, l2 loss = 3.64316 (max 14.95), (true 724, predicted [724])
attack: step 3/10, xent loss = 2.47099, l2 loss = 4.64916 (max 14.95), (true 724, predicted [780])
attack: step 4/10, xent loss = 3.80313, l2 loss = 6.27306 (max 14.95), (true 724, predicted [417])
attack: step 5/10, xent loss = 5.76251, l2 loss = 7.86455 (max 14.95), (true 724, predicted [417])
attack: step 6/10, xent loss = 8.60271, l2 loss = 9.51444 (max 14.95), (true 724, predicted [417])
attack: step 7/10, xent loss = 8.52835, l2 loss = 10.4952 (max 14.95), (true 724, predicted [417])
attack: step 8/10, xent loss = 9.77416, l2 loss = 11.5941 (max 14.95), (true 724, predicted [417])
attack: step 9/10, xent loss = 10.2874, l2 loss = 13.8503 (max 14.95), (true 724, predicted [417])
attack: step 10/10, xent loss = 11.6966, l2 loss = 15.0893 (max 14.95), (true 724, predicted [417])
check failed
true = 724, adv = 701
evaluating 179 of [170, 180)
attack: step 1/10, xent loss = 20.6501, l2 loss = 24.6132 (max 14.95), (true 818, predicted [807])
attack: step 2/10, xent loss = 23.2908, l2 loss = 25.7269 (max 14.95), (true 818, predicted [807])
attack: step 3/10, xent loss = 21.8973, l2 loss = 26.8762 (max 14.95), (true 818, predicted [807])
attack: step 4/10, xent loss = 26.9364, l2 loss = 27.9455 (max 14.95), (true 818, predicted [807])
attack: step 5/10, xent loss = 27.9784, l2 loss = 29.2203 (max 14.95), (true 818, predicted [807])
attack: step 6/10, xent loss = 29.259, l2 loss = 30.0783 (max 14.95), (true 818, predicted [807])
attack: step 7/10, xent loss = 29.4471, l2 loss = 31.1508 (max 14.95), (true 818, predicted [807])
attack: step 8/10, xent loss = 28.3911, l2 loss = 32.098 (max 14.95), (true 818, predicted [807])
attack: step 9/10, xent loss = 32.1313, l2 loss = 33.2072 (max 14.95), (true 818, predicted [807])
attack: step 10/10, xent loss = 33.4179, l2 loss = 34.0673 (max 14.95), (true 818, predicted [807])
check failed
true = 818, adv = 807
