2019-06-30 22:44:06.761516: I tensorflow/core/platform/cpu_feature_guard.cc:141] Your CPU supports instructions that this TensorFlow binary was not compiled to use: SSE4.1 SSE4.2 AVX AVX2 FMA
2019-06-30 22:44:07.425008: I tensorflow/core/platform/profile_utils/cpu_utils.cc:94] CPU Frequency: 2600000000 Hz
2019-06-30 22:44:07.425701: I tensorflow/compiler/xla/service/service.cc:150] XLA service 0x2aaae6fbd310 executing computations on platform Host. Devices:
2019-06-30 22:44:07.425780: I tensorflow/compiler/xla/service/service.cc:158]   StreamExecutor device (0): <undefined>, <undefined>
2019-06-30 22:44:07.426580: I tensorflow/core/common_runtime/process_util.cc:71] Creating new thread pool with default inter op setting: 2. Tune using inter_op_parallelism_threads for best performance.
evaluating 20 of [20, 30)
attack: step 1/10, xent loss = 7.36032, l2 loss = 7.14543 (max 14.95), (true 678, predicted [478])
attack: step 2/10, xent loss = 7.37938, l2 loss = 7.55866 (max 14.95), (true 678, predicted [478])
attack: step 3/10, xent loss = 7.4088, l2 loss = 7.7667 (max 14.95), (true 678, predicted [879])
attack: step 4/10, xent loss = 7.53409, l2 loss = 7.99226 (max 14.95), (true 678, predicted [478])
attack: step 5/10, xent loss = 8.08567, l2 loss = 8.15777 (max 14.95), (true 678, predicted [701])
attack: step 6/10, xent loss = 7.32775, l2 loss = 8.37618 (max 14.95), (true 678, predicted [478])
attack: step 7/10, xent loss = 7.22059, l2 loss = 8.55014 (max 14.95), (true 678, predicted [478])
attack: step 8/10, xent loss = 7.78087, l2 loss = 8.8292 (max 14.95), (true 678, predicted [701])
attack: step 9/10, xent loss = 7.65413, l2 loss = 8.99502 (max 14.95), (true 678, predicted [728])
attack: step 10/10, xent loss = 7.9443, l2 loss = 9.30621 (max 14.95), (true 678, predicted [728])
true = 678, adv = 701
evaluating 21 of [20, 30)
attack: step 1/10, xent loss = 7.53961, l2 loss = 7.09215 (max 14.95), (true 392, predicted [701])
attack: step 2/10, xent loss = 8.12882, l2 loss = 7.52621 (max 14.95), (true 392, predicted [701])
attack: step 3/10, xent loss = 7.97352, l2 loss = 7.73874 (max 14.95), (true 392, predicted [417])
attack: step 4/10, xent loss = 7.80541, l2 loss = 7.97283 (max 14.95), (true 392, predicted [645])
attack: step 5/10, xent loss = 8.25751, l2 loss = 8.07343 (max 14.95), (true 392, predicted [701])
attack: step 6/10, xent loss = 7.86132, l2 loss = 8.15261 (max 14.95), (true 392, predicted [645])
attack: step 7/10, xent loss = 7.68405, l2 loss = 8.30434 (max 14.95), (true 392, predicted [417])
attack: step 8/10, xent loss = 7.90645, l2 loss = 8.46346 (max 14.95), (true 392, predicted [607])
attack: step 9/10, xent loss = 8.15659, l2 loss = 8.63203 (max 14.95), (true 392, predicted [701])
attack: step 10/10, xent loss = 7.46292, l2 loss = 8.75263 (max 14.95), (true 392, predicted [645])
true = 392, adv = 723
evaluating 22 of [20, 30)
attack: step 1/10, xent loss = 6.91551, l2 loss = 25.0353 (max 14.95), (true 314, predicted [723])
attack: step 2/10, xent loss = 5.58322, l2 loss = 25.6173 (max 14.95), (true 314, predicted [701])
attack: step 3/10, xent loss = 8.60963, l2 loss = 29.925 (max 14.95), (true 314, predicted [879])
attack: step 4/10, xent loss = 9.39317, l2 loss = 31.6836 (max 14.95), (true 314, predicted [879])
attack: step 5/10, xent loss = 8.06513, l2 loss = 32.8205 (max 14.95), (true 314, predicted [879])
attack: step 6/10, xent loss = 9.3907, l2 loss = 33.4296 (max 14.95), (true 314, predicted [701])
attack: step 7/10, xent loss = 8.60107, l2 loss = 33.8675 (max 14.95), (true 314, predicted [879])
attack: step 8/10, xent loss = 9.74071, l2 loss = 35.0118 (max 14.95), (true 314, predicted [879])
attack: step 9/10, xent loss = 8.5209, l2 loss = 35.3079 (max 14.95), (true 314, predicted [879])
attack: step 10/10, xent loss = 11.1296, l2 loss = 36.0554 (max 14.95), (true 314, predicted [701])
check failed
true = 314, adv = 879
evaluating 23 of [20, 30)
attack: step 1/10, xent loss = 9.03982, l2 loss = 8.75418 (max 14.95), (true 17, predicted [518])
attack: step 2/10, xent loss = 8.36688, l2 loss = 9.01441 (max 14.95), (true 17, predicted [728])
attack: step 3/10, xent loss = 9.41329, l2 loss = 9.81083 (max 14.95), (true 17, predicted [728])
attack: step 4/10, xent loss = 8.52957, l2 loss = 10.3107 (max 14.95), (true 17, predicted [701])
attack: step 5/10, xent loss = 9.67816, l2 loss = 10.6494 (max 14.95), (true 17, predicted [879])
attack: step 6/10, xent loss = 9.18778, l2 loss = 11.1465 (max 14.95), (true 17, predicted [879])
attack: step 7/10, xent loss = 8.11972, l2 loss = 11.3607 (max 14.95), (true 17, predicted [701])
attack: step 8/10, xent loss = 8.60683, l2 loss = 11.5465 (max 14.95), (true 17, predicted [728])
attack: step 9/10, xent loss = 8.96078, l2 loss = 12.0292 (max 14.95), (true 17, predicted [701])
attack: step 10/10, xent loss = 9.21605, l2 loss = 12.195 (max 14.95), (true 17, predicted [728])
true = 17, adv = 723
evaluating 24 of [20, 30)
attack: step 1/10, xent loss = 14.9555, l2 loss = 19.9624 (max 14.95), (true 283, predicted [728])
attack: step 2/10, xent loss = 13.0189, l2 loss = 20.8638 (max 14.95), (true 283, predicted [728])
attack: step 3/10, xent loss = 14.0815, l2 loss = 21.6971 (max 14.95), (true 283, predicted [728])
attack: step 4/10, xent loss = 13.3413, l2 loss = 22.4937 (max 14.95), (true 283, predicted [728])
attack: step 5/10, xent loss = 15.4528, l2 loss = 23.508 (max 14.95), (true 283, predicted [728])
attack: step 6/10, xent loss = 14.2743, l2 loss = 24.2697 (max 14.95), (true 283, predicted [728])
attack: step 7/10, xent loss = 15.8619, l2 loss = 25.1856 (max 14.95), (true 283, predicted [728])
attack: step 8/10, xent loss = 15.4675, l2 loss = 25.9325 (max 14.95), (true 283, predicted [728])
attack: step 9/10, xent loss = 14.2361, l2 loss = 26.7168 (max 14.95), (true 283, predicted [728])
attack: step 10/10, xent loss = 16.4077, l2 loss = 27.4973 (max 14.95), (true 283, predicted [728])
check failed
true = 283, adv = 728
evaluating 25 of [20, 30)
attack: step 1/10, xent loss = 9.10184, l2 loss = 10.7262 (max 14.95), (true 654, predicted [478])
attack: step 2/10, xent loss = 7.66625, l2 loss = 11.077 (max 14.95), (true 654, predicted [701])
attack: step 3/10, xent loss = 6.1737, l2 loss = 11.7645 (max 14.95), (true 654, predicted [701])
attack: step 4/10, xent loss = 7.21501, l2 loss = 12.5317 (max 14.95), (true 654, predicted [751])
attack: step 5/10, xent loss = 8.78378, l2 loss = 12.8352 (max 14.95), (true 654, predicted [518])
attack: step 6/10, xent loss = 8.76488, l2 loss = 13.0111 (max 14.95), (true 654, predicted [672])
attack: step 7/10, xent loss = 8.57795, l2 loss = 13.2015 (max 14.95), (true 654, predicted [817])
attack: step 8/10, xent loss = 8.29786, l2 loss = 13.5597 (max 14.95), (true 654, predicted [538])
attack: step 9/10, xent loss = 8.10373, l2 loss = 13.7894 (max 14.95), (true 654, predicted [817])
attack: step 10/10, xent loss = 9.00981, l2 loss = 14.0821 (max 14.95), (true 654, predicted [814])
true = 654, adv = 817
evaluating 26 of [20, 30)
attack: step 1/10, xent loss = 6.72779, l2 loss = 10.0005 (max 14.95), (true 646, predicted [723])
attack: step 2/10, xent loss = 6.21614, l2 loss = 10.2543 (max 14.95), (true 646, predicted [607])
attack: step 3/10, xent loss = 6.11951, l2 loss = 10.3929 (max 14.95), (true 646, predicted [607])
attack: step 4/10, xent loss = 6.46556, l2 loss = 10.7431 (max 14.95), (true 646, predicted [723])
attack: step 5/10, xent loss = 6.40545, l2 loss = 11.2455 (max 14.95), (true 646, predicted [607])
attack: step 6/10, xent loss = 6.85793, l2 loss = 11.5851 (max 14.95), (true 646, predicted [701])
attack: step 7/10, xent loss = 6.30962, l2 loss = 11.8295 (max 14.95), (true 646, predicted [840])
attack: step 8/10, xent loss = 6.86529, l2 loss = 12.1399 (max 14.95), (true 646, predicted [607])
attack: step 9/10, xent loss = 6.81277, l2 loss = 12.2363 (max 14.95), (true 646, predicted [723])
attack: step 10/10, xent loss = 5.44721, l2 loss = 12.4702 (max 14.95), (true 646, predicted [701])
true = 646, adv = 723
evaluating 27 of [20, 30)
attack: step 1/10, xent loss = 4.50191, l2 loss = 9.43357 (max 14.95), (true 635, predicted [892])
attack: step 2/10, xent loss = 4.73827, l2 loss = 9.79131 (max 14.95), (true 635, predicted [892])
attack: step 3/10, xent loss = 7.03846, l2 loss = 10.0641 (max 14.95), (true 635, predicted [892])
attack: step 4/10, xent loss = 6.79991, l2 loss = 10.8799 (max 14.95), (true 635, predicted [892])
attack: step 5/10, xent loss = 4.10385, l2 loss = 11.8694 (max 14.95), (true 635, predicted [892])
attack: step 6/10, xent loss = 4.80971, l2 loss = 12.1769 (max 14.95), (true 635, predicted [892])
attack: step 7/10, xent loss = 4.85881, l2 loss = 12.3831 (max 14.95), (true 635, predicted [892])
attack: step 8/10, xent loss = 5.11678, l2 loss = 12.7301 (max 14.95), (true 635, predicted [892])
attack: step 9/10, xent loss = 4.90956, l2 loss = 13.1116 (max 14.95), (true 635, predicted [892])
attack: step 10/10, xent loss = 3.61356, l2 loss = 13.6438 (max 14.95), (true 635, predicted [409])
true = 635, adv = 892
evaluating 28 of [20, 30)
attack: step 1/10, xent loss = 8.44806, l2 loss = 15.707 (max 14.95), (true 351, predicted [723])
attack: step 2/10, xent loss = 9.40418, l2 loss = 17.1052 (max 14.95), (true 351, predicted [723])
attack: step 3/10, xent loss = 5.56502, l2 loss = 18.285 (max 14.95), (true 351, predicted [723])
attack: step 4/10, xent loss = 7.66835, l2 loss = 19.9687 (max 14.95), (true 351, predicted [723])
attack: step 5/10, xent loss = 8.62587, l2 loss = 21.2676 (max 14.95), (true 351, predicted [723])
attack: step 6/10, xent loss = 8.04316, l2 loss = 21.6396 (max 14.95), (true 351, predicted [723])
attack: step 7/10, xent loss = 8.6448, l2 loss = 21.9801 (max 14.95), (true 351, predicted [723])
attack: step 8/10, xent loss = 9.02681, l2 loss = 22.336 (max 14.95), (true 351, predicted [723])
attack: step 9/10, xent loss = 10.2566, l2 loss = 22.9377 (max 14.95), (true 351, predicted [723])
attack: step 10/10, xent loss = 7.73197, l2 loss = 23.7169 (max 14.95), (true 351, predicted [723])
check failed
true = 351, adv = 667
evaluating 29 of [20, 30)
attack: step 1/10, xent loss = 7.89006, l2 loss = 7.37036 (max 14.95), (true 848, predicted [728])
attack: step 2/10, xent loss = 7.13715, l2 loss = 7.56575 (max 14.95), (true 848, predicted [896])
attack: step 3/10, xent loss = 7.36026, l2 loss = 7.94904 (max 14.95), (true 848, predicted [723])
attack: step 4/10, xent loss = 8.24254, l2 loss = 8.39902 (max 14.95), (true 848, predicted [896])
attack: step 5/10, xent loss = 7.70026, l2 loss = 8.67533 (max 14.95), (true 848, predicted [728])
attack: step 6/10, xent loss = 7.90756, l2 loss = 8.9127 (max 14.95), (true 848, predicted [723])
attack: step 7/10, xent loss = 8.28458, l2 loss = 9.1541 (max 14.95), (true 848, predicted [518])
attack: step 8/10, xent loss = 8.35495, l2 loss = 9.46033 (max 14.95), (true 848, predicted [518])
attack: step 9/10, xent loss = 7.93393, l2 loss = 9.67926 (max 14.95), (true 848, predicted [478])
attack: step 10/10, xent loss = 8.29146, l2 loss = 9.90876 (max 14.95), (true 848, predicted [692])
true = 848, adv = 692
