2019-06-04 16:01:06.732555: I tensorflow/core/platform/cpu_feature_guard.cc:141] Your CPU supports instructions that this TensorFlow binary was not compiled to use: SSE4.1 SSE4.2 AVX AVX2 FMA
2019-06-04 16:01:06.764034: I tensorflow/core/platform/profile_utils/cpu_utils.cc:94] CPU Frequency: 2600190000 Hz
2019-06-04 16:01:06.765951: I tensorflow/compiler/xla/service/service.cc:150] XLA service 0x2aaae6ac07b0 executing computations on platform Host. Devices:
2019-06-04 16:01:06.766137: I tensorflow/compiler/xla/service/service.cc:158]   StreamExecutor device (0): <undefined>, <undefined>
2019-06-04 16:01:06.767539: I tensorflow/core/common_runtime/process_util.cc:71] Creating new thread pool with default inter op setting: 2. Tune using inter_op_parallelism_threads for best performance.
evaluating 50 of [50, 60)
attack: step 1/10, xent loss = 0.0503212, l2 loss = 0 (max 14.95), (true 211, predicted [211])
attack: step 2/10, xent loss = 0.0811178, l2 loss = 0.190881 (max 14.95), (true 211, predicted [211])
attack: step 3/10, xent loss = 0.143247, l2 loss = 0.410294 (max 14.95), (true 211, predicted [211])
attack: step 4/10, xent loss = 0.124254, l2 loss = 0.727057 (max 14.95), (true 211, predicted [211])
attack: step 5/10, xent loss = 0.159011, l2 loss = 0.912962 (max 14.95), (true 211, predicted [211])
attack: step 6/10, xent loss = 0.182357, l2 loss = 1.17959 (max 14.95), (true 211, predicted [211])
attack: step 7/10, xent loss = 0.509951, l2 loss = 1.45344 (max 14.95), (true 211, predicted [211])
attack: step 8/10, xent loss = 1.67454, l2 loss = 2.80874 (max 14.95), (true 211, predicted [209])
attack: step 9/10, xent loss = 4.07384, l2 loss = 5.40571 (max 14.95), (true 211, predicted [209])
attack: step 10/10, xent loss = 7.42902, l2 loss = 7.76225 (max 14.95), (true 211, predicted [209])
true = 211, adv = 209
evaluating 51 of [50, 60)
attack: step 1/10, xent loss = 4.30209, l2 loss = 0 (max 14.95), (true 310, predicted [71])
attack: step 2/10, xent loss = 2.19232, l2 loss = 2.5763 (max 14.95), (true 310, predicted [71])
attack: step 3/10, xent loss = 2.65526, l2 loss = 4.10187 (max 14.95), (true 310, predicted [71])
attack: step 4/10, xent loss = 4.22143, l2 loss = 5.31959 (max 14.95), (true 310, predicted [71])
attack: step 5/10, xent loss = 4.10541, l2 loss = 6.71989 (max 14.95), (true 310, predicted [71])
attack: step 6/10, xent loss = 5.48772, l2 loss = 8.21923 (max 14.95), (true 310, predicted [71])
attack: step 7/10, xent loss = 6.30834, l2 loss = 9.9157 (max 14.95), (true 310, predicted [71])
attack: step 8/10, xent loss = 7.27609, l2 loss = 10.833 (max 14.95), (true 310, predicted [71])
attack: step 9/10, xent loss = 7.85409, l2 loss = 11.7689 (max 14.95), (true 310, predicted [71])
attack: step 10/10, xent loss = 8.32355, l2 loss = 12.6696 (max 14.95), (true 310, predicted [71])
true = 310, adv = 71
evaluating 52 of [50, 60)
attack: step 1/10, xent loss = 2.65118, l2 loss = 0 (max 14.95), (true 809, predicted [967])
attack: step 2/10, xent loss = 2.35103, l2 loss = 5.39712 (max 14.95), (true 809, predicted [925])
attack: step 3/10, xent loss = 3.29941, l2 loss = 6.96695 (max 14.95), (true 809, predicted [925])
attack: step 4/10, xent loss = 3.91943, l2 loss = 8.00419 (max 14.95), (true 809, predicted [925])
attack: step 5/10, xent loss = 3.6043, l2 loss = 8.78763 (max 14.95), (true 809, predicted [925])
attack: step 6/10, xent loss = 4.82986, l2 loss = 10.1648 (max 14.95), (true 809, predicted [968])
attack: step 7/10, xent loss = 5.25494, l2 loss = 10.7018 (max 14.95), (true 809, predicted [968])
attack: step 8/10, xent loss = 5.29627, l2 loss = 11.3325 (max 14.95), (true 809, predicted [925])
attack: step 9/10, xent loss = 6.11504, l2 loss = 11.9291 (max 14.95), (true 809, predicted [968])
attack: step 10/10, xent loss = 6.33471, l2 loss = 12.3388 (max 14.95), (true 809, predicted [968])
true = 809, adv = 968
evaluating 53 of [50, 60)
attack: step 1/10, xent loss = 0.923913, l2 loss = 0 (max 14.95), (true 978, predicted [978])
attack: step 2/10, xent loss = 3.02948, l2 loss = 3.29813 (max 14.95), (true 978, predicted [842])
attack: step 3/10, xent loss = 5.60059, l2 loss = 7.31519 (max 14.95), (true 978, predicted [842])
attack: step 4/10, xent loss = 7.85785, l2 loss = 10.6415 (max 14.95), (true 978, predicted [842])
attack: step 5/10, xent loss = 10.7322, l2 loss = 14.1749 (max 14.95), (true 978, predicted [842])
attack: step 6/10, xent loss = 9.53325, l2 loss = 15.4725 (max 14.95), (true 978, predicted [842])
attack: step 7/10, xent loss = 11.0472, l2 loss = 16.8584 (max 14.95), (true 978, predicted [842])
attack: step 8/10, xent loss = 13.0312, l2 loss = 18.0537 (max 14.95), (true 978, predicted [842])
attack: step 9/10, xent loss = 13.85, l2 loss = 19.1696 (max 14.95), (true 978, predicted [842])
attack: step 10/10, xent loss = 15.7826, l2 loss = 19.7926 (max 14.95), (true 978, predicted [842])
check failed
true = 978, adv = 842
evaluating 54 of [50, 60)
attack: step 1/10, xent loss = 1.60792, l2 loss = 0 (max 14.95), (true 819, predicted [819])
attack: step 2/10, xent loss = 2.49705, l2 loss = 4.31611 (max 14.95), (true 819, predicted [819])
attack: step 3/10, xent loss = 4.17285, l2 loss = 6.37508 (max 14.95), (true 819, predicted [885])
attack: step 4/10, xent loss = 6.13471, l2 loss = 7.83555 (max 14.95), (true 819, predicted [689])
attack: step 5/10, xent loss = 7.94123, l2 loss = 8.87094 (max 14.95), (true 819, predicted [423])
attack: step 6/10, xent loss = 7.58838, l2 loss = 10.6753 (max 14.95), (true 819, predicted [423])
attack: step 7/10, xent loss = 9.87546, l2 loss = 11.5641 (max 14.95), (true 819, predicted [423])
attack: step 8/10, xent loss = 11.0967, l2 loss = 13.3913 (max 14.95), (true 819, predicted [423])
attack: step 9/10, xent loss = 12.4082, l2 loss = 15.0202 (max 14.95), (true 819, predicted [423])
attack: step 10/10, xent loss = 15.2465, l2 loss = 16.3613 (max 14.95), (true 819, predicted [423])
check failed
true = 819, adv = 423
evaluating 55 of [50, 60)
attack: step 1/10, xent loss = 0.915195, l2 loss = 0 (max 14.95), (true 590, predicted [590])
attack: step 2/10, xent loss = 2.21108, l2 loss = 2.23791 (max 14.95), (true 590, predicted [620])
attack: step 3/10, xent loss = 4.34455, l2 loss = 4.36065 (max 14.95), (true 590, predicted [636])
attack: step 4/10, xent loss = 4.64105, l2 loss = 6.5248 (max 14.95), (true 590, predicted [742])
attack: step 5/10, xent loss = 6.56704, l2 loss = 7.62538 (max 14.95), (true 590, predicted [921])
attack: step 6/10, xent loss = 7.50918, l2 loss = 8.1106 (max 14.95), (true 590, predicted [797])
attack: step 7/10, xent loss = 9.84395, l2 loss = 9.01593 (max 14.95), (true 590, predicted [588])
attack: step 8/10, xent loss = 8.97138, l2 loss = 9.6192 (max 14.95), (true 590, predicted [797])
attack: step 9/10, xent loss = 9.11452, l2 loss = 10.4771 (max 14.95), (true 590, predicted [172])
attack: step 10/10, xent loss = 11.4489, l2 loss = 11.4764 (max 14.95), (true 590, predicted [172])
true = 590, adv = 172
evaluating 56 of [50, 60)
attack: step 1/10, xent loss = 0.575903, l2 loss = 0 (max 14.95), (true 181, predicted [181])
attack: step 2/10, xent loss = 1.32154, l2 loss = 1.64211 (max 14.95), (true 181, predicted [181])
attack: step 3/10, xent loss = 1.93048, l2 loss = 3.42696 (max 14.95), (true 181, predicted [190])
attack: step 4/10, xent loss = 2.85475, l2 loss = 5.31984 (max 14.95), (true 181, predicted [728])
attack: step 5/10, xent loss = 3.89506, l2 loss = 6.61831 (max 14.95), (true 181, predicted [190])
attack: step 6/10, xent loss = 5.52143, l2 loss = 7.48889 (max 14.95), (true 181, predicted [190])
attack: step 7/10, xent loss = 6.37633, l2 loss = 8.07682 (max 14.95), (true 181, predicted [999])
attack: step 8/10, xent loss = 7.60572, l2 loss = 8.66477 (max 14.95), (true 181, predicted [200])
attack: step 9/10, xent loss = 6.808, l2 loss = 9.21321 (max 14.95), (true 181, predicted [153])
attack: step 10/10, xent loss = 7.86046, l2 loss = 10.0631 (max 14.95), (true 181, predicted [200])
true = 181, adv = 200
evaluating 57 of [50, 60)
attack: step 1/10, xent loss = 0.42349, l2 loss = 0 (max 14.95), (true 141, predicted [141])
attack: step 2/10, xent loss = 0.355034, l2 loss = 1.79088 (max 14.95), (true 141, predicted [141])
attack: step 3/10, xent loss = 0.788684, l2 loss = 2.20809 (max 14.95), (true 141, predicted [141])
attack: step 4/10, xent loss = 2.02322, l2 loss = 3.53448 (max 14.95), (true 141, predicted [140])
attack: step 5/10, xent loss = 1.39901, l2 loss = 4.85984 (max 14.95), (true 141, predicted [140])
attack: step 6/10, xent loss = 3.67937, l2 loss = 5.78364 (max 14.95), (true 141, predicted [140])
attack: step 7/10, xent loss = 3.63321, l2 loss = 6.61607 (max 14.95), (true 141, predicted [140])
attack: step 8/10, xent loss = 5.09488, l2 loss = 7.28925 (max 14.95), (true 141, predicted [140])
attack: step 9/10, xent loss = 5.02254, l2 loss = 7.76378 (max 14.95), (true 141, predicted [140])
attack: step 10/10, xent loss = 5.40829, l2 loss = 8.09606 (max 14.95), (true 141, predicted [140])
true = 141, adv = 140
evaluating 58 of [50, 60)
attack: step 1/10, xent loss = 5.8018, l2 loss = 0 (max 14.95), (true 391, predicted [795])
attack: step 2/10, xent loss = 7.2575, l2 loss = 5.24281 (max 14.95), (true 391, predicted [795])
attack: step 3/10, xent loss = 7.96363, l2 loss = 7.67544 (max 14.95), (true 391, predicted [795])
attack: step 4/10, xent loss = 6.30627, l2 loss = 8.28026 (max 14.95), (true 391, predicted [795])
attack: step 5/10, xent loss = 9.12764, l2 loss = 8.96301 (max 14.95), (true 391, predicted [795])
attack: step 6/10, xent loss = 8.50282, l2 loss = 10.1235 (max 14.95), (true 391, predicted [795])
attack: step 7/10, xent loss = 10.701, l2 loss = 11.3771 (max 14.95), (true 391, predicted [795])
attack: step 8/10, xent loss = 9.87939, l2 loss = 12.2953 (max 14.95), (true 391, predicted [795])
attack: step 9/10, xent loss = 10.7753, l2 loss = 13.0068 (max 14.95), (true 391, predicted [795])
attack: step 10/10, xent loss = 10.6065, l2 loss = 13.7955 (max 14.95), (true 391, predicted [795])
true = 391, adv = 795
evaluating 59 of [50, 60)
attack: step 1/10, xent loss = 0.13885, l2 loss = 0 (max 14.95), (true 352, predicted [352])
attack: step 2/10, xent loss = 0.130959, l2 loss = 0.270213 (max 14.95), (true 352, predicted [352])
attack: step 3/10, xent loss = 0.230558, l2 loss = 0.36326 (max 14.95), (true 352, predicted [352])
attack: step 4/10, xent loss = 0.159812, l2 loss = 0.575601 (max 14.95), (true 352, predicted [352])
attack: step 5/10, xent loss = 0.460662, l2 loss = 0.675039 (max 14.95), (true 352, predicted [352])
attack: step 6/10, xent loss = 0.32638, l2 loss = 1.18006 (max 14.95), (true 352, predicted [352])
attack: step 7/10, xent loss = 0.371013, l2 loss = 1.36256 (max 14.95), (true 352, predicted [352])
attack: step 8/10, xent loss = 0.32715, l2 loss = 1.63042 (max 14.95), (true 352, predicted [352])
attack: step 9/10, xent loss = 0.446373, l2 loss = 1.84374 (max 14.95), (true 352, predicted [352])
attack: step 10/10, xent loss = 0.603405, l2 loss = 2.20212 (max 14.95), (true 352, predicted [352])
true = 352, adv = 352
