2019-06-30 06:43:36.565123: I tensorflow/core/platform/cpu_feature_guard.cc:141] Your CPU supports instructions that this TensorFlow binary was not compiled to use: SSE4.1 SSE4.2 AVX AVX2 FMA
2019-06-30 06:43:37.286728: I tensorflow/core/platform/profile_utils/cpu_utils.cc:94] CPU Frequency: 2599745000 Hz
2019-06-30 06:43:37.286936: I tensorflow/compiler/xla/service/service.cc:150] XLA service 0x2aaae6bc1120 executing computations on platform Host. Devices:
2019-06-30 06:43:37.286970: I tensorflow/compiler/xla/service/service.cc:158]   StreamExecutor device (0): <undefined>, <undefined>
2019-06-30 06:43:37.292380: I tensorflow/core/common_runtime/process_util.cc:71] Creating new thread pool with default inter op setting: 2. Tune using inter_op_parallelism_threads for best performance.
evaluating 940 of [940, 950)
attack: step 1/10, xent loss = 9.08224, l2 loss = 12.6184 (max 14.95), (true 370, predicted [643])
attack: step 2/10, xent loss = 10.1171, l2 loss = 13.1821 (max 14.95), (true 370, predicted [643])
attack: step 3/10, xent loss = 9.11726, l2 loss = 13.6977 (max 14.95), (true 370, predicted [643])
attack: step 4/10, xent loss = 10.2163, l2 loss = 14.1161 (max 14.95), (true 370, predicted [643])
attack: step 5/10, xent loss = 10.8611, l2 loss = 14.7001 (max 14.95), (true 370, predicted [643])
attack: step 6/10, xent loss = 9.37105, l2 loss = 15.2688 (max 14.95), (true 370, predicted [643])
attack: step 7/10, xent loss = 10.0221, l2 loss = 15.617 (max 14.95), (true 370, predicted [643])
attack: step 8/10, xent loss = 9.78927, l2 loss = 16.1279 (max 14.95), (true 370, predicted [643])
attack: step 9/10, xent loss = 12.1063, l2 loss = 16.5002 (max 14.95), (true 370, predicted [643])
attack: step 10/10, xent loss = 11.2965, l2 loss = 17.1286 (max 14.95), (true 370, predicted [643])
check failed
true = 370, adv = 643
evaluating 941 of [940, 950)
attack: step 1/10, xent loss = 8.84478, l2 loss = 19.3046 (max 14.95), (true 565, predicted [797])
attack: step 2/10, xent loss = 8.31182, l2 loss = 19.6372 (max 14.95), (true 565, predicted [830])
attack: step 3/10, xent loss = 7.19432, l2 loss = 20.0461 (max 14.95), (true 565, predicted [669])
attack: step 4/10, xent loss = 8.6301, l2 loss = 21.2104 (max 14.95), (true 565, predicted [728])
attack: step 5/10, xent loss = 8.17808, l2 loss = 21.9591 (max 14.95), (true 565, predicted [669])
attack: step 6/10, xent loss = 8.23632, l2 loss = 22.3377 (max 14.95), (true 565, predicted [728])
attack: step 7/10, xent loss = 7.75091, l2 loss = 22.7631 (max 14.95), (true 565, predicted [830])
attack: step 8/10, xent loss = 7.53471, l2 loss = 23.9463 (max 14.95), (true 565, predicted [728])
attack: step 9/10, xent loss = 8.22549, l2 loss = 25.2904 (max 14.95), (true 565, predicted [701])
attack: step 10/10, xent loss = 8.40594, l2 loss = 25.6477 (max 14.95), (true 565, predicted [728])
check failed
true = 565, adv = 830
evaluating 942 of [940, 950)
attack: step 1/10, xent loss = 10.6974, l2 loss = 18.8665 (max 14.95), (true 933, predicted [728])
attack: step 2/10, xent loss = 9.49461, l2 loss = 20.057 (max 14.95), (true 933, predicted [728])
attack: step 3/10, xent loss = 11.1484, l2 loss = 20.849 (max 14.95), (true 933, predicted [728])
attack: step 4/10, xent loss = 10.8771, l2 loss = 21.8138 (max 14.95), (true 933, predicted [728])
attack: step 5/10, xent loss = 13.693, l2 loss = 22.8744 (max 14.95), (true 933, predicted [728])
attack: step 6/10, xent loss = 12.5731, l2 loss = 23.6219 (max 14.95), (true 933, predicted [728])
attack: step 7/10, xent loss = 15.084, l2 loss = 24.7819 (max 14.95), (true 933, predicted [728])
attack: step 8/10, xent loss = 14.4688, l2 loss = 25.5479 (max 14.95), (true 933, predicted [728])
attack: step 9/10, xent loss = 11.4524, l2 loss = 26.3234 (max 14.95), (true 933, predicted [728])
attack: step 10/10, xent loss = 15.1206, l2 loss = 27.0138 (max 14.95), (true 933, predicted [728])
check failed
true = 933, adv = 728
evaluating 943 of [940, 950)
attack: step 1/10, xent loss = 13.8045, l2 loss = 24.4667 (max 14.95), (true 855, predicted [728])
attack: step 2/10, xent loss = 13.9803, l2 loss = 25.7913 (max 14.95), (true 855, predicted [728])
attack: step 3/10, xent loss = 13.8751, l2 loss = 26.6189 (max 14.95), (true 855, predicted [728])
attack: step 4/10, xent loss = 16.8673, l2 loss = 27.5671 (max 14.95), (true 855, predicted [728])
attack: step 5/10, xent loss = 16.8047, l2 loss = 28.5548 (max 14.95), (true 855, predicted [728])
attack: step 6/10, xent loss = 18.6869, l2 loss = 29.3924 (max 14.95), (true 855, predicted [728])
attack: step 7/10, xent loss = 16.9135, l2 loss = 30.1777 (max 14.95), (true 855, predicted [728])
attack: step 8/10, xent loss = 17.59, l2 loss = 31.1852 (max 14.95), (true 855, predicted [728])
attack: step 9/10, xent loss = 18.0579, l2 loss = 31.9739 (max 14.95), (true 855, predicted [728])
attack: step 10/10, xent loss = 18.2908, l2 loss = 32.7718 (max 14.95), (true 855, predicted [728])
check failed
true = 855, adv = 728
evaluating 944 of [940, 950)
attack: step 1/10, xent loss = 8.08802, l2 loss = 26.8703 (max 14.95), (true 736, predicted [830])
attack: step 2/10, xent loss = 9.30789, l2 loss = 28.6732 (max 14.95), (true 736, predicted [830])
attack: step 3/10, xent loss = 5.66965, l2 loss = 30.4519 (max 14.95), (true 736, predicted [830])
attack: step 4/10, xent loss = 7.8409, l2 loss = 30.9865 (max 14.95), (true 736, predicted [830])
attack: step 5/10, xent loss = 12.3288, l2 loss = 31.3836 (max 14.95), (true 736, predicted [830])
attack: step 6/10, xent loss = 9.24335, l2 loss = 33.2612 (max 14.95), (true 736, predicted [830])
attack: step 7/10, xent loss = 11.8552, l2 loss = 34.5072 (max 14.95), (true 736, predicted [830])
attack: step 8/10, xent loss = 9.72863, l2 loss = 35.8474 (max 14.95), (true 736, predicted [830])
attack: step 9/10, xent loss = 8.8192, l2 loss = 37.4014 (max 14.95), (true 736, predicted [830])
attack: step 10/10, xent loss = 8.45822, l2 loss = 38.8833 (max 14.95), (true 736, predicted [830])
check failed
true = 736, adv = 830
evaluating 945 of [940, 950)
attack: step 1/10, xent loss = 11.0359, l2 loss = 21.5425 (max 14.95), (true 145, predicted [728])
attack: step 2/10, xent loss = 11.7777, l2 loss = 22.6474 (max 14.95), (true 145, predicted [728])
attack: step 3/10, xent loss = 14.1576, l2 loss = 23.9017 (max 14.95), (true 145, predicted [728])
attack: step 4/10, xent loss = 14.8553, l2 loss = 24.8945 (max 14.95), (true 145, predicted [728])
attack: step 5/10, xent loss = 12.1411, l2 loss = 25.8775 (max 14.95), (true 145, predicted [728])
attack: step 6/10, xent loss = 16.3617, l2 loss = 26.6561 (max 14.95), (true 145, predicted [728])
attack: step 7/10, xent loss = 14.7492, l2 loss = 27.6871 (max 14.95), (true 145, predicted [728])
attack: step 8/10, xent loss = 15.361, l2 loss = 28.6811 (max 14.95), (true 145, predicted [728])
attack: step 9/10, xent loss = 17.0105, l2 loss = 29.3639 (max 14.95), (true 145, predicted [728])
attack: step 10/10, xent loss = 16.949, l2 loss = 30.0602 (max 14.95), (true 145, predicted [728])
check failed
true = 145, adv = 728
evaluating 946 of [940, 950)
attack: step 1/10, xent loss = 6.44825, l2 loss = 17.8467 (max 14.95), (true 301, predicted [701])
attack: step 2/10, xent loss = 10.05, l2 loss = 19.2244 (max 14.95), (true 301, predicted [701])
attack: step 3/10, xent loss = 9.07765, l2 loss = 20.6679 (max 14.95), (true 301, predicted [701])
attack: step 4/10, xent loss = 6.16995, l2 loss = 22.4282 (max 14.95), (true 301, predicted [701])
attack: step 5/10, xent loss = 6.83086, l2 loss = 23.3238 (max 14.95), (true 301, predicted [701])
attack: step 6/10, xent loss = 8.43063, l2 loss = 23.9999 (max 14.95), (true 301, predicted [701])
attack: step 7/10, xent loss = 8.96436, l2 loss = 25.2497 (max 14.95), (true 301, predicted [701])
attack: step 8/10, xent loss = 12.3945, l2 loss = 26.5429 (max 14.95), (true 301, predicted [701])
attack: step 9/10, xent loss = 9.77965, l2 loss = 27.5518 (max 14.95), (true 301, predicted [701])
attack: step 10/10, xent loss = 11.6956, l2 loss = 28.4042 (max 14.95), (true 301, predicted [701])
check failed
true = 301, adv = 701
evaluating 947 of [940, 950)
attack: step 1/10, xent loss = 9.48368, l2 loss = 9.19817 (max 14.95), (true 47, predicted [701])
attack: step 2/10, xent loss = 9.99929, l2 loss = 9.61526 (max 14.95), (true 47, predicted [701])
attack: step 3/10, xent loss = 9.54888, l2 loss = 10.2214 (max 14.95), (true 47, predicted [701])
attack: step 4/10, xent loss = 8.32151, l2 loss = 10.5978 (max 14.95), (true 47, predicted [701])
attack: step 5/10, xent loss = 9.1529, l2 loss = 10.859 (max 14.95), (true 47, predicted [701])
attack: step 6/10, xent loss = 9.91703, l2 loss = 11.2692 (max 14.95), (true 47, predicted [478])
attack: step 7/10, xent loss = 10.0988, l2 loss = 11.5641 (max 14.95), (true 47, predicted [701])
attack: step 8/10, xent loss = 10.63, l2 loss = 12.2269 (max 14.95), (true 47, predicted [645])
attack: step 9/10, xent loss = 9.37549, l2 loss = 12.69 (max 14.95), (true 47, predicted [701])
attack: step 10/10, xent loss = 10.0719, l2 loss = 13.1235 (max 14.95), (true 47, predicted [645])
true = 47, adv = 701
evaluating 948 of [940, 950)
attack: step 1/10, xent loss = 8.43012, l2 loss = 20.8026 (max 14.95), (true 459, predicted [552])
attack: step 2/10, xent loss = 5.66872, l2 loss = 22.1872 (max 14.95), (true 459, predicted [552])
attack: step 3/10, xent loss = 7.44582, l2 loss = 22.6641 (max 14.95), (true 459, predicted [552])
attack: step 4/10, xent loss = 8.59566, l2 loss = 23.7624 (max 14.95), (true 459, predicted [552])
attack: step 5/10, xent loss = 8.64087, l2 loss = 24.975 (max 14.95), (true 459, predicted [552])
attack: step 6/10, xent loss = 10.9429, l2 loss = 25.8232 (max 14.95), (true 459, predicted [552])
attack: step 7/10, xent loss = 9.20593, l2 loss = 26.8488 (max 14.95), (true 459, predicted [552])
attack: step 8/10, xent loss = 9.98788, l2 loss = 27.6822 (max 14.95), (true 459, predicted [552])
attack: step 9/10, xent loss = 13.7966, l2 loss = 28.3677 (max 14.95), (true 459, predicted [552])
attack: step 10/10, xent loss = 13.7828, l2 loss = 29.3472 (max 14.95), (true 459, predicted [552])
check failed
true = 459, adv = 552
evaluating 949 of [940, 950)
attack: step 1/10, xent loss = 1.18536, l2 loss = 4.94751 (max 14.95), (true 698, predicted [698])
attack: step 2/10, xent loss = 1.33732, l2 loss = 6.13134 (max 14.95), (true 698, predicted [698])
attack: step 3/10, xent loss = 1.59569, l2 loss = 7.07631 (max 14.95), (true 698, predicted [743])
attack: step 4/10, xent loss = 0.84048, l2 loss = 8.20433 (max 14.95), (true 698, predicted [698])
attack: step 5/10, xent loss = 0.674981, l2 loss = 8.68006 (max 14.95), (true 698, predicted [698])
attack: step 6/10, xent loss = 2.44528, l2 loss = 9.01043 (max 14.95), (true 698, predicted [716])
attack: step 7/10, xent loss = 1.65215, l2 loss = 10.1049 (max 14.95), (true 698, predicted [698])
attack: step 8/10, xent loss = 1.12281, l2 loss = 10.8039 (max 14.95), (true 698, predicted [698])
attack: step 9/10, xent loss = 1.23022, l2 loss = 11.3898 (max 14.95), (true 698, predicted [698])
attack: step 10/10, xent loss = 2.70235, l2 loss = 12.0573 (max 14.95), (true 698, predicted [716])
true = 698, adv = 716
