2019-06-27 14:33:25.726589: I tensorflow/core/platform/cpu_feature_guard.cc:141] Your CPU supports instructions that this TensorFlow binary was not compiled to use: SSE4.1 SSE4.2 AVX AVX2 FMA
2019-06-27 14:33:26.276162: I tensorflow/core/platform/profile_utils/cpu_utils.cc:94] CPU Frequency: 2599985000 Hz
2019-06-27 14:33:26.278712: I tensorflow/compiler/xla/service/service.cc:150] XLA service 0x2aaae6bc0ea0 executing computations on platform Host. Devices:
2019-06-27 14:33:26.278760: I tensorflow/compiler/xla/service/service.cc:158]   StreamExecutor device (0): <undefined>, <undefined>
2019-06-27 14:33:26.280030: I tensorflow/core/common_runtime/process_util.cc:71] Creating new thread pool with default inter op setting: 2. Tune using inter_op_parallelism_threads for best performance.
evaluating 760 of [760, 770)
attack: step 1/10, xent loss = 15.4846, l2 loss = 17.2512 (max 14.95), (true 807, predicted [314])
attack: step 2/10, xent loss = 15.582, l2 loss = 18.2367 (max 14.95), (true 807, predicted [314])
attack: step 3/10, xent loss = 16.6204, l2 loss = 18.8196 (max 14.95), (true 807, predicted [314])
attack: step 4/10, xent loss = 17.1838, l2 loss = 19.5549 (max 14.95), (true 807, predicted [314])
attack: step 5/10, xent loss = 17.6463, l2 loss = 20.1345 (max 14.95), (true 807, predicted [314])
attack: step 6/10, xent loss = 17.961, l2 loss = 21.0372 (max 14.95), (true 807, predicted [314])
attack: step 7/10, xent loss = 17.7876, l2 loss = 21.5921 (max 14.95), (true 807, predicted [314])
attack: step 8/10, xent loss = 20.0184, l2 loss = 22.7011 (max 14.95), (true 807, predicted [314])
attack: step 9/10, xent loss = 18.4954, l2 loss = 23.3836 (max 14.95), (true 807, predicted [314])
attack: step 10/10, xent loss = 20.4982, l2 loss = 24.0771 (max 14.95), (true 807, predicted [314])
check failed
true = 807, adv = 314
evaluating 761 of [760, 770)
attack: step 1/10, xent loss = 1.6416, l2 loss = 7.38268 (max 14.95), (true 345, predicted [690])
attack: step 2/10, xent loss = 1.26571, l2 loss = 7.84381 (max 14.95), (true 345, predicted [690])
attack: step 3/10, xent loss = 1.73905, l2 loss = 8.2763 (max 14.95), (true 345, predicted [690])
attack: step 4/10, xent loss = 2.2806, l2 loss = 9.38384 (max 14.95), (true 345, predicted [690])
attack: step 5/10, xent loss = 2.25852, l2 loss = 10.0316 (max 14.95), (true 345, predicted [690])
attack: step 6/10, xent loss = 2.95861, l2 loss = 10.5105 (max 14.95), (true 345, predicted [690])
attack: step 7/10, xent loss = 3.04362, l2 loss = 11.0635 (max 14.95), (true 345, predicted [690])
attack: step 8/10, xent loss = 2.47763, l2 loss = 11.776 (max 14.95), (true 345, predicted [690])
attack: step 9/10, xent loss = 2.4221, l2 loss = 12.2887 (max 14.95), (true 345, predicted [690])
attack: step 10/10, xent loss = 3.29245, l2 loss = 12.6522 (max 14.95), (true 345, predicted [690])
true = 345, adv = 690
evaluating 762 of [760, 770)
attack: step 1/10, xent loss = 3.8014, l2 loss = 8.22962 (max 14.95), (true 761, predicted [707])
attack: step 2/10, xent loss = 3.62615, l2 loss = 8.74007 (max 14.95), (true 761, predicted [487])
attack: step 3/10, xent loss = 4.31946, l2 loss = 9.23332 (max 14.95), (true 761, predicted [487])
attack: step 4/10, xent loss = 4.11183, l2 loss = 9.65311 (max 14.95), (true 761, predicted [886])
attack: step 5/10, xent loss = 4.14943, l2 loss = 10.0926 (max 14.95), (true 761, predicted [707])
attack: step 6/10, xent loss = 5.71119, l2 loss = 10.5359 (max 14.95), (true 761, predicted [707])
attack: step 7/10, xent loss = 4.44071, l2 loss = 10.8358 (max 14.95), (true 761, predicted [700])
attack: step 8/10, xent loss = 5.64712, l2 loss = 11.4938 (max 14.95), (true 761, predicted [886])
attack: step 9/10, xent loss = 5.85461, l2 loss = 11.7896 (max 14.95), (true 761, predicted [707])
attack: step 10/10, xent loss = 6.23168, l2 loss = 12.0725 (max 14.95), (true 761, predicted [707])
true = 761, adv = 886
evaluating 763 of [760, 770)
attack: step 1/10, xent loss = 11.8119, l2 loss = 13.4518 (max 14.95), (true 956, predicted [953])
attack: step 2/10, xent loss = 10.9363, l2 loss = 13.8233 (max 14.95), (true 956, predicted [953])
attack: step 3/10, xent loss = 12.9002, l2 loss = 14.5253 (max 14.95), (true 956, predicted [953])
attack: step 4/10, xent loss = 11.7337, l2 loss = 14.9298 (max 14.95), (true 956, predicted [953])
attack: step 5/10, xent loss = 13.2601, l2 loss = 15.5865 (max 14.95), (true 956, predicted [953])
attack: step 6/10, xent loss = 14.1066, l2 loss = 16.0365 (max 14.95), (true 956, predicted [953])
attack: step 7/10, xent loss = 13.8204, l2 loss = 16.5414 (max 14.95), (true 956, predicted [953])
attack: step 8/10, xent loss = 14.3796, l2 loss = 16.9403 (max 14.95), (true 956, predicted [953])
attack: step 9/10, xent loss = 15.2349, l2 loss = 17.5176 (max 14.95), (true 956, predicted [953])
attack: step 10/10, xent loss = 13.92, l2 loss = 18.034 (max 14.95), (true 956, predicted [953])
check failed
true = 956, adv = 953
evaluating 764 of [760, 770)
attack: step 1/10, xent loss = 22.7937, l2 loss = 22.3544 (max 14.95), (true 816, predicted [728])
attack: step 2/10, xent loss = 22.4614, l2 loss = 23.2079 (max 14.95), (true 816, predicted [728])
attack: step 3/10, xent loss = 23.4362, l2 loss = 24.0454 (max 14.95), (true 816, predicted [728])
attack: step 4/10, xent loss = 21.4033, l2 loss = 24.983 (max 14.95), (true 816, predicted [728])
attack: step 5/10, xent loss = 25.4587, l2 loss = 26.1822 (max 14.95), (true 816, predicted [728])
attack: step 6/10, xent loss = 25.1291, l2 loss = 27.1154 (max 14.95), (true 816, predicted [728])
attack: step 7/10, xent loss = 25.8528, l2 loss = 28.1272 (max 14.95), (true 816, predicted [728])
attack: step 8/10, xent loss = 26.5417, l2 loss = 28.9418 (max 14.95), (true 816, predicted [728])
attack: step 9/10, xent loss = 29.3871, l2 loss = 29.7706 (max 14.95), (true 816, predicted [728])
attack: step 10/10, xent loss = 28.1177, l2 loss = 30.6102 (max 14.95), (true 816, predicted [728])
check failed
true = 816, adv = 728
evaluating 765 of [760, 770)
attack: step 1/10, xent loss = 23.9145, l2 loss = 25.0951 (max 14.95), (true 495, predicted [583])
attack: step 2/10, xent loss = 24.7137, l2 loss = 26.0971 (max 14.95), (true 495, predicted [583])
attack: step 3/10, xent loss = 28.4269, l2 loss = 27.0608 (max 14.95), (true 495, predicted [583])
attack: step 4/10, xent loss = 28.9242, l2 loss = 28.006 (max 14.95), (true 495, predicted [583])
attack: step 5/10, xent loss = 23.2305, l2 loss = 29.5709 (max 14.95), (true 495, predicted [583])
attack: step 6/10, xent loss = 29.6141, l2 loss = 30.6004 (max 14.95), (true 495, predicted [583])
attack: step 7/10, xent loss = 29.3545, l2 loss = 31.5597 (max 14.95), (true 495, predicted [583])
attack: step 8/10, xent loss = 28.8297, l2 loss = 32.9998 (max 14.95), (true 495, predicted [583])
attack: step 9/10, xent loss = 31.5722, l2 loss = 34.2046 (max 14.95), (true 495, predicted [583])
attack: step 10/10, xent loss = 29.0073, l2 loss = 35.7374 (max 14.95), (true 495, predicted [583])
check failed
true = 495, adv = 583
evaluating 766 of [760, 770)
attack: step 1/10, xent loss = 21.3707, l2 loss = 19.0125 (max 14.95), (true 828, predicted [451])
attack: step 2/10, xent loss = 26.154, l2 loss = 20.5432 (max 14.95), (true 828, predicted [451])
attack: step 3/10, xent loss = 25.9109, l2 loss = 21.6673 (max 14.95), (true 828, predicted [451])
attack: step 4/10, xent loss = 29.2246, l2 loss = 22.7005 (max 14.95), (true 828, predicted [451])
attack: step 5/10, xent loss = 25.1603, l2 loss = 23.8874 (max 14.95), (true 828, predicted [451])
attack: step 6/10, xent loss = 29.7053, l2 loss = 24.6546 (max 14.95), (true 828, predicted [451])
attack: step 7/10, xent loss = 28.7419, l2 loss = 25.4446 (max 14.95), (true 828, predicted [451])
attack: step 8/10, xent loss = 31.7542, l2 loss = 26.3897 (max 14.95), (true 828, predicted [451])
attack: step 9/10, xent loss = 32.1189, l2 loss = 27.1113 (max 14.95), (true 828, predicted [451])
attack: step 10/10, xent loss = 32.359, l2 loss = 27.7632 (max 14.95), (true 828, predicted [451])
check failed
true = 828, adv = 451
evaluating 767 of [760, 770)
attack: step 1/10, xent loss = 7.03017, l2 loss = 14.7613 (max 14.95), (true 380, predicted [728])
attack: step 2/10, xent loss = 7.44079, l2 loss = 15.6725 (max 14.95), (true 380, predicted [448])
attack: step 3/10, xent loss = 7.68185, l2 loss = 15.8481 (max 14.95), (true 380, predicted [998])
attack: step 4/10, xent loss = 7.42643, l2 loss = 16.0977 (max 14.95), (true 380, predicted [998])
attack: step 5/10, xent loss = 7.94751, l2 loss = 16.2911 (max 14.95), (true 380, predicted [728])
attack: step 6/10, xent loss = 9.29308, l2 loss = 16.5918 (max 14.95), (true 380, predicted [728])
attack: step 7/10, xent loss = 8.02761, l2 loss = 17.3221 (max 14.95), (true 380, predicted [728])
attack: step 8/10, xent loss = 7.27656, l2 loss = 17.5728 (max 14.95), (true 380, predicted [728])
attack: step 9/10, xent loss = 7.81699, l2 loss = 18.749 (max 14.95), (true 380, predicted [728])
attack: step 10/10, xent loss = 9.16309, l2 loss = 19.04 (max 14.95), (true 380, predicted [728])
check failed
true = 380, adv = 728
evaluating 768 of [760, 770)
attack: step 1/10, xent loss = 29.2824, l2 loss = 26.9019 (max 14.95), (true 754, predicted [728])
attack: step 2/10, xent loss = 29.9186, l2 loss = 28.2571 (max 14.95), (true 754, predicted [728])
attack: step 3/10, xent loss = 29.0613, l2 loss = 29.3536 (max 14.95), (true 754, predicted [728])
attack: step 4/10, xent loss = 33.504, l2 loss = 30.7004 (max 14.95), (true 754, predicted [728])
attack: step 5/10, xent loss = 36.3741, l2 loss = 31.5442 (max 14.95), (true 754, predicted [728])
attack: step 6/10, xent loss = 33.5225, l2 loss = 32.5702 (max 14.95), (true 754, predicted [728])
attack: step 7/10, xent loss = 34.5358, l2 loss = 33.2132 (max 14.95), (true 754, predicted [728])
attack: step 8/10, xent loss = 35.9982, l2 loss = 34.1288 (max 14.95), (true 754, predicted [728])
attack: step 9/10, xent loss = 36.3389, l2 loss = 35.1623 (max 14.95), (true 754, predicted [728])
attack: step 10/10, xent loss = 35.8982, l2 loss = 35.87 (max 14.95), (true 754, predicted [728])
check failed
true = 754, adv = 728
evaluating 769 of [760, 770)
attack: step 1/10, xent loss = 10.4449, l2 loss = 15.4356 (max 14.95), (true 765, predicted [830])
attack: step 2/10, xent loss = 12.5136, l2 loss = 16.3967 (max 14.95), (true 765, predicted [830])
attack: step 3/10, xent loss = 10.474, l2 loss = 17.3995 (max 14.95), (true 765, predicted [830])
attack: step 4/10, xent loss = 11.5292, l2 loss = 18.2869 (max 14.95), (true 765, predicted [830])
attack: step 5/10, xent loss = 12.1137, l2 loss = 19.5662 (max 14.95), (true 765, predicted [830])
attack: step 6/10, xent loss = 13.3551, l2 loss = 20.44 (max 14.95), (true 765, predicted [830])
attack: step 7/10, xent loss = 12.7935, l2 loss = 21.1525 (max 14.95), (true 765, predicted [830])
attack: step 8/10, xent loss = 14.2759, l2 loss = 22.6285 (max 14.95), (true 765, predicted [830])
attack: step 9/10, xent loss = 15.8047, l2 loss = 23.5115 (max 14.95), (true 765, predicted [830])
attack: step 10/10, xent loss = 17.6611, l2 loss = 24.3671 (max 14.95), (true 765, predicted [830])
check failed
true = 765, adv = 830
