2019-06-04 16:01:06.740419: I tensorflow/core/platform/cpu_feature_guard.cc:141] Your CPU supports instructions that this TensorFlow binary was not compiled to use: SSE4.1 SSE4.2 AVX AVX2 FMA
2019-06-04 16:01:07.038083: I tensorflow/core/platform/profile_utils/cpu_utils.cc:94] CPU Frequency: 2599975000 Hz
2019-06-04 16:01:07.053681: I tensorflow/compiler/xla/service/service.cc:150] XLA service 0x2aaae6fbd870 executing computations on platform Host. Devices:
2019-06-04 16:01:07.053725: I tensorflow/compiler/xla/service/service.cc:158]   StreamExecutor device (0): <undefined>, <undefined>
2019-06-04 16:01:07.054196: I tensorflow/core/common_runtime/process_util.cc:71] Creating new thread pool with default inter op setting: 2. Tune using inter_op_parallelism_threads for best performance.
evaluating 800 of [800, 810)
attack: step 1/10, xent loss = 0.000216818, l2 loss = 0 (max 14.95), (true 642, predicted [642])
attack: step 2/10, xent loss = 0.000583002, l2 loss = 0.000972806 (max 14.95), (true 642, predicted [642])
attack: step 3/10, xent loss = 0.000119321, l2 loss = 0.00279583 (max 14.95), (true 642, predicted [642])
attack: step 4/10, xent loss = 0.000244349, l2 loss = 0.00286522 (max 14.95), (true 642, predicted [642])
attack: step 5/10, xent loss = 0.000194292, l2 loss = 0.00311646 (max 14.95), (true 642, predicted [642])
attack: step 6/10, xent loss = 0.000372817, l2 loss = 0.00326565 (max 14.95), (true 642, predicted [642])
attack: step 7/10, xent loss = 0.00242416, l2 loss = 0.00370103 (max 14.95), (true 642, predicted [642])
attack: step 8/10, xent loss = 0.000207999, l2 loss = 0.0112153 (max 14.95), (true 642, predicted [642])
attack: step 9/10, xent loss = 0.00014018, l2 loss = 0.0113027 (max 14.95), (true 642, predicted [642])
attack: step 10/10, xent loss = 0.00028189, l2 loss = 0.0113589 (max 14.95), (true 642, predicted [642])
true = 642, adv = 642
evaluating 801 of [800, 810)
attack: step 1/10, xent loss = 0.681044, l2 loss = 0 (max 14.95), (true 659, predicted [659])
attack: step 2/10, xent loss = 0.778755, l2 loss = 2.42128 (max 14.95), (true 659, predicted [659])
attack: step 3/10, xent loss = 0.630267, l2 loss = 4.01241 (max 14.95), (true 659, predicted [659])
attack: step 4/10, xent loss = 0.940429, l2 loss = 4.63135 (max 14.95), (true 659, predicted [659])
attack: step 5/10, xent loss = 2.63165, l2 loss = 5.99116 (max 14.95), (true 659, predicted [968])
attack: step 6/10, xent loss = 3.62114, l2 loss = 8.34796 (max 14.95), (true 659, predicted [968])
attack: step 7/10, xent loss = 4.41667, l2 loss = 9.66604 (max 14.95), (true 659, predicted [968])
attack: step 8/10, xent loss = 5.02793, l2 loss = 10.3202 (max 14.95), (true 659, predicted [968])
attack: step 9/10, xent loss = 5.6319, l2 loss = 11.0588 (max 14.95), (true 659, predicted [572])
attack: step 10/10, xent loss = 6.22938, l2 loss = 11.8192 (max 14.95), (true 659, predicted [572])
true = 659, adv = 572
evaluating 802 of [800, 810)
attack: step 1/10, xent loss = 0.0206793, l2 loss = 0 (max 14.95), (true 958, predicted [958])
attack: step 2/10, xent loss = 0.12776, l2 loss = 0.078293 (max 14.95), (true 958, predicted [958])
attack: step 3/10, xent loss = 0.306015, l2 loss = 0.440922 (max 14.95), (true 958, predicted [958])
attack: step 4/10, xent loss = 0.313239, l2 loss = 1.34573 (max 14.95), (true 958, predicted [958])
attack: step 5/10, xent loss = 1.03083, l2 loss = 1.99365 (max 14.95), (true 958, predicted [958])
attack: step 6/10, xent loss = 3.1245, l2 loss = 4.42173 (max 14.95), (true 958, predicted [936])
attack: step 7/10, xent loss = 5.64548, l2 loss = 6.48123 (max 14.95), (true 958, predicted [930])
attack: step 8/10, xent loss = 7.55214, l2 loss = 7.50501 (max 14.95), (true 958, predicted [950])
attack: step 9/10, xent loss = 7.58618, l2 loss = 8.26833 (max 14.95), (true 958, predicted [936])
attack: step 10/10, xent loss = 8.25956, l2 loss = 8.81044 (max 14.95), (true 958, predicted [961])
true = 958, adv = 950
evaluating 803 of [800, 810)
attack: step 1/10, xent loss = 0.492565, l2 loss = 0 (max 14.95), (true 366, predicted [366])
attack: step 2/10, xent loss = 0.369868, l2 loss = 2.18759 (max 14.95), (true 366, predicted [366])
attack: step 3/10, xent loss = 0.91131, l2 loss = 2.87941 (max 14.95), (true 366, predicted [366])
attack: step 4/10, xent loss = 2.352, l2 loss = 3.98097 (max 14.95), (true 366, predicted [365])
attack: step 5/10, xent loss = 3.21564, l2 loss = 4.99578 (max 14.95), (true 366, predicted [365])
attack: step 6/10, xent loss = 3.74463, l2 loss = 7.03919 (max 14.95), (true 366, predicted [365])
attack: step 7/10, xent loss = 3.77231, l2 loss = 8.68074 (max 14.95), (true 366, predicted [365])
attack: step 8/10, xent loss = 5.3373, l2 loss = 9.76655 (max 14.95), (true 366, predicted [365])
attack: step 9/10, xent loss = 4.69813, l2 loss = 10.7814 (max 14.95), (true 366, predicted [365])
attack: step 10/10, xent loss = 5.5816, l2 loss = 11.987 (max 14.95), (true 366, predicted [971])
true = 366, adv = 365
evaluating 804 of [800, 810)
attack: step 1/10, xent loss = 1.69474, l2 loss = 0 (max 14.95), (true 824, predicted [735])
attack: step 2/10, xent loss = 2.27517, l2 loss = 3.0261 (max 14.95), (true 824, predicted [735])
attack: step 3/10, xent loss = 2.98001, l2 loss = 4.2687 (max 14.95), (true 824, predicted [735])
attack: step 4/10, xent loss = 5.30719, l2 loss = 5.583 (max 14.95), (true 824, predicted [552])
attack: step 5/10, xent loss = 7.0171, l2 loss = 6.84497 (max 14.95), (true 824, predicted [552])
attack: step 6/10, xent loss = 9.01278, l2 loss = 8.20733 (max 14.95), (true 824, predicted [552])
attack: step 7/10, xent loss = 9.29425, l2 loss = 8.70831 (max 14.95), (true 824, predicted [552])
attack: step 8/10, xent loss = 10.4178, l2 loss = 9.62859 (max 14.95), (true 824, predicted [552])
attack: step 9/10, xent loss = 11.2819, l2 loss = 10.2144 (max 14.95), (true 824, predicted [552])
attack: step 10/10, xent loss = 11.037, l2 loss = 10.7032 (max 14.95), (true 824, predicted [552])
true = 824, adv = 552
evaluating 805 of [800, 810)
attack: step 1/10, xent loss = 1.30273, l2 loss = 0 (max 14.95), (true 92, predicted [92])
attack: step 2/10, xent loss = 2.46695, l2 loss = 3.9202 (max 14.95), (true 92, predicted [88])
attack: step 3/10, xent loss = 5.83043, l2 loss = 6.0983 (max 14.95), (true 92, predicted [88])
attack: step 4/10, xent loss = 6.47937, l2 loss = 7.09445 (max 14.95), (true 92, predicted [88])
attack: step 5/10, xent loss = 7.06202, l2 loss = 7.78469 (max 14.95), (true 92, predicted [88])
attack: step 6/10, xent loss = 7.80735, l2 loss = 8.29572 (max 14.95), (true 92, predicted [88])
attack: step 7/10, xent loss = 8.09682, l2 loss = 9.08815 (max 14.95), (true 92, predicted [88])
attack: step 8/10, xent loss = 9.04599, l2 loss = 9.62352 (max 14.95), (true 92, predicted [88])
attack: step 9/10, xent loss = 10.0257, l2 loss = 9.9697 (max 14.95), (true 92, predicted [88])
attack: step 10/10, xent loss = 9.65721, l2 loss = 10.3301 (max 14.95), (true 92, predicted [88])
true = 92, adv = 88
evaluating 806 of [800, 810)
attack: step 1/10, xent loss = 0.175556, l2 loss = 0 (max 14.95), (true 187, predicted [187])
attack: step 2/10, xent loss = 0.061085, l2 loss = 0.55876 (max 14.95), (true 187, predicted [187])
attack: step 3/10, xent loss = 0.109037, l2 loss = 0.60122 (max 14.95), (true 187, predicted [187])
attack: step 4/10, xent loss = 0.0379913, l2 loss = 0.806521 (max 14.95), (true 187, predicted [187])
attack: step 5/10, xent loss = 0.283834, l2 loss = 0.824969 (max 14.95), (true 187, predicted [187])
attack: step 6/10, xent loss = 0.226366, l2 loss = 1.40217 (max 14.95), (true 187, predicted [187])
attack: step 7/10, xent loss = 0.445668, l2 loss = 1.85457 (max 14.95), (true 187, predicted [187])
attack: step 8/10, xent loss = 2.83127, l2 loss = 3.57163 (max 14.95), (true 187, predicted [552])
attack: step 9/10, xent loss = 11.4192, l2 loss = 7.67255 (max 14.95), (true 187, predicted [552])
attack: step 10/10, xent loss = 15.7669, l2 loss = 10.7781 (max 14.95), (true 187, predicted [552])
true = 187, adv = 552
evaluating 807 of [800, 810)
attack: step 1/10, xent loss = 5.43085, l2 loss = 0 (max 14.95), (true 477, predicted [494])
attack: step 2/10, xent loss = 6.78522, l2 loss = 2.10104 (max 14.95), (true 477, predicted [494])
attack: step 3/10, xent loss = 5.49781, l2 loss = 3.00083 (max 14.95), (true 477, predicted [494])
attack: step 4/10, xent loss = 6.51911, l2 loss = 3.44584 (max 14.95), (true 477, predicted [593])
attack: step 5/10, xent loss = 5.92553, l2 loss = 3.80316 (max 14.95), (true 477, predicted [494])
attack: step 6/10, xent loss = 6.0092, l2 loss = 4.23253 (max 14.95), (true 477, predicted [593])
attack: step 7/10, xent loss = 5.9215, l2 loss = 4.74663 (max 14.95), (true 477, predicted [494])
attack: step 8/10, xent loss = 6.55894, l2 loss = 5.22604 (max 14.95), (true 477, predicted [494])
attack: step 9/10, xent loss = 7.06021, l2 loss = 5.6728 (max 14.95), (true 477, predicted [593])
attack: step 10/10, xent loss = 6.48607, l2 loss = 5.8991 (max 14.95), (true 477, predicted [593])
true = 477, adv = 494
evaluating 808 of [800, 810)
attack: step 1/10, xent loss = 3.41315, l2 loss = 0 (max 14.95), (true 89, predicted [701])
attack: step 2/10, xent loss = 9.47611, l2 loss = 7.83137 (max 14.95), (true 89, predicted [701])
attack: step 3/10, xent loss = 12.023, l2 loss = 9.98787 (max 14.95), (true 89, predicted [701])
attack: step 4/10, xent loss = 14.1545, l2 loss = 11.6691 (max 14.95), (true 89, predicted [701])
attack: step 5/10, xent loss = 14.02, l2 loss = 13.3055 (max 14.95), (true 89, predicted [701])
attack: step 6/10, xent loss = 13.9276, l2 loss = 14.6181 (max 14.95), (true 89, predicted [701])
attack: step 7/10, xent loss = 17.1534, l2 loss = 16.0015 (max 14.95), (true 89, predicted [701])
attack: step 8/10, xent loss = 17.1317, l2 loss = 17.5813 (max 14.95), (true 89, predicted [701])
attack: step 9/10, xent loss = 17.8824, l2 loss = 18.4177 (max 14.95), (true 89, predicted [701])
attack: step 10/10, xent loss = 18.275, l2 loss = 19.3681 (max 14.95), (true 89, predicted [701])
check failed
true = 89, adv = 701
evaluating 809 of [800, 810)
attack: step 1/10, xent loss = 2.96624, l2 loss = 0 (max 14.95), (true 499, predicted [813])
attack: step 2/10, xent loss = 9.01194, l2 loss = 9.01471 (max 14.95), (true 499, predicted [728])
attack: step 3/10, xent loss = 10.8338, l2 loss = 10.6905 (max 14.95), (true 499, predicted [728])
attack: step 4/10, xent loss = 14.6381, l2 loss = 12.9133 (max 14.95), (true 499, predicted [728])
attack: step 5/10, xent loss = 20.1971, l2 loss = 15.1172 (max 14.95), (true 499, predicted [728])
attack: step 6/10, xent loss = 21.5473, l2 loss = 17.1948 (max 14.95), (true 499, predicted [728])
attack: step 7/10, xent loss = 23.6163, l2 loss = 19.0408 (max 14.95), (true 499, predicted [728])
attack: step 8/10, xent loss = 24.3195, l2 loss = 21.1337 (max 14.95), (true 499, predicted [728])
attack: step 9/10, xent loss = 27.0318, l2 loss = 23.3159 (max 14.95), (true 499, predicted [728])
attack: step 10/10, xent loss = 27.7117, l2 loss = 25.1952 (max 14.95), (true 499, predicted [728])
check failed
true = 499, adv = 728
