2019-11-04 08:50:59.506543: I tensorflow/core/platform/cpu_feature_guard.cc:141] Your CPU supports instructions that this TensorFlow binary was not compiled to use: SSE4.1 SSE4.2 AVX AVX2 FMA
2019-11-04 08:51:00.293730: I tensorflow/core/platform/profile_utils/cpu_utils.cc:94] CPU Frequency: 2599970000 Hz
2019-11-04 08:51:00.296674: I tensorflow/compiler/xla/service/service.cc:150] XLA service 0x55555902f330 executing computations on platform Host. Devices:
2019-11-04 08:51:00.296922: I tensorflow/compiler/xla/service/service.cc:158]   StreamExecutor device (0): <undefined>, <undefined>
2019-11-04 08:51:00.298842: I tensorflow/core/common_runtime/process_util.cc:71] Creating new thread pool with default inter op setting: 2. Tune using inter_op_parallelism_threads for best performance.
evaluating 700 of [700, 710)
attack: step 1/1, xent loss = 0.0452344, l2 loss = 0.372306 (max 14.95), (true 569, predicted [569])
true = 569, adv = 569
evaluating 701 of [700, 710)
attack: step 1/1, xent loss = 7.94949, l2 loss = 41.5472 (max 14.95), (true 261, predicted [36])
check failed
true = 261, adv = 728
evaluating 702 of [700, 710)
attack: step 1/1, xent loss = 5.72647, l2 loss = 12.5922 (max 14.95), (true 258, predicted [270])
true = 258, adv = 270
evaluating 703 of [700, 710)
attack: step 1/1, xent loss = 0.0265013, l2 loss = 19.783 (max 14.95), (true 791, predicted [791])
check failed
true = 791, adv = 534
evaluating 704 of [700, 710)
attack: step 1/1, xent loss = 6.18338, l2 loss = 23.9478 (max 14.95), (true 35, predicted [36])
check failed
true = 35, adv = 840
evaluating 705 of [700, 710)
attack: step 1/1, xent loss = 0.492331, l2 loss = 14.2304 (max 14.95), (true 963, predicted [963])
true = 963, adv = 940
evaluating 706 of [700, 710)
attack: step 1/1, xent loss = 0.0404414, l2 loss = 0.650469 (max 14.95), (true 645, predicted [645])
true = 645, adv = 645
evaluating 707 of [700, 710)
attack: step 1/1, xent loss = 0.0636525, l2 loss = 19.1834 (max 14.95), (true 69, predicted [69])
check failed
true = 69, adv = 940
evaluating 708 of [700, 710)
attack: step 1/1, xent loss = 0.212183, l2 loss = 6.93161 (max 14.95), (true 242, predicted [242])
true = 242, adv = 728
evaluating 709 of [700, 710)
attack: step 1/1, xent loss = 0.0468756, l2 loss = 1.31274 (max 14.95), (true 746, predicted [746])
true = 746, adv = 746
