2019-06-06 00:07:13.915283: I tensorflow/core/platform/cpu_feature_guard.cc:141] Your CPU supports instructions that this TensorFlow binary was not compiled to use: SSE4.1 SSE4.2 AVX AVX2 FMA
2019-06-06 00:07:14.361923: I tensorflow/core/platform/profile_utils/cpu_utils.cc:94] CPU Frequency: 2600230000 Hz
2019-06-06 00:07:14.375607: I tensorflow/compiler/xla/service/service.cc:150] XLA service 0x2aaae6fbd2a0 executing computations on platform Host. Devices:
2019-06-06 00:07:14.375708: I tensorflow/compiler/xla/service/service.cc:158]   StreamExecutor device (0): <undefined>, <undefined>
2019-06-06 00:07:14.376103: I tensorflow/core/common_runtime/process_util.cc:71] Creating new thread pool with default inter op setting: 2. Tune using inter_op_parallelism_threads for best performance.
evaluating 210 of [210, 220)
attack: step 1/10, xent loss = 8.97817, l2 loss = 0 (max 14.95), (true 443, predicted [728])
attack: step 2/10, xent loss = 12.1147, l2 loss = 14.8064 (max 14.95), (true 443, predicted [728])
attack: step 3/10, xent loss = 11.1127, l2 loss = 20.1492 (max 14.95), (true 443, predicted [728])
attack: step 4/10, xent loss = 13.3555, l2 loss = 22.7239 (max 14.95), (true 443, predicted [728])
attack: step 5/10, xent loss = 15.9528, l2 loss = 25.2112 (max 14.95), (true 443, predicted [728])
attack: step 6/10, xent loss = 17.6301, l2 loss = 27.0244 (max 14.95), (true 443, predicted [728])
attack: step 7/10, xent loss = 15.3887, l2 loss = 29.3026 (max 14.95), (true 443, predicted [728])
attack: step 8/10, xent loss = 18.3025, l2 loss = 30.8827 (max 14.95), (true 443, predicted [728])
attack: step 9/10, xent loss = 21.1226, l2 loss = 32.9118 (max 14.95), (true 443, predicted [728])
attack: step 10/10, xent loss = 16.6961, l2 loss = 34.9253 (max 14.95), (true 443, predicted [728])
check failed
true = 443, adv = 728
evaluating 211 of [210, 220)
attack: step 1/10, xent loss = 6.10589, l2 loss = 0 (max 14.95), (true 770, predicted [863])
attack: step 2/10, xent loss = 6.47856, l2 loss = 1.51161 (max 14.95), (true 770, predicted [645])
attack: step 3/10, xent loss = 6.92179, l2 loss = 2.06784 (max 14.95), (true 770, predicted [506])
attack: step 4/10, xent loss = 6.27099, l2 loss = 2.38583 (max 14.95), (true 770, predicted [863])
attack: step 5/10, xent loss = 6.77204, l2 loss = 2.86444 (max 14.95), (true 770, predicted [645])
attack: step 6/10, xent loss = 6.50984, l2 loss = 3.36522 (max 14.95), (true 770, predicted [863])
attack: step 7/10, xent loss = 6.10633, l2 loss = 3.64946 (max 14.95), (true 770, predicted [863])
attack: step 8/10, xent loss = 6.59048, l2 loss = 3.84976 (max 14.95), (true 770, predicted [518])
attack: step 9/10, xent loss = 6.15337, l2 loss = 4.17382 (max 14.95), (true 770, predicted [479])
attack: step 10/10, xent loss = 5.8992, l2 loss = 4.55101 (max 14.95), (true 770, predicted [479])
true = 770, adv = 863
evaluating 212 of [210, 220)
attack: step 1/10, xent loss = 0.116263, l2 loss = 0 (max 14.95), (true 607, predicted [607])
attack: step 2/10, xent loss = 0.10841, l2 loss = 0.388205 (max 14.95), (true 607, predicted [607])
attack: step 3/10, xent loss = 0.154066, l2 loss = 0.52525 (max 14.95), (true 607, predicted [607])
attack: step 4/10, xent loss = 0.0879095, l2 loss = 0.764132 (max 14.95), (true 607, predicted [607])
attack: step 5/10, xent loss = 0.18886, l2 loss = 0.82776 (max 14.95), (true 607, predicted [607])
attack: step 6/10, xent loss = 0.332291, l2 loss = 1.04672 (max 14.95), (true 607, predicted [607])
attack: step 7/10, xent loss = 0.395017, l2 loss = 1.50085 (max 14.95), (true 607, predicted [607])
attack: step 8/10, xent loss = 0.219406, l2 loss = 1.99344 (max 14.95), (true 607, predicted [607])
attack: step 9/10, xent loss = 0.379969, l2 loss = 2.16366 (max 14.95), (true 607, predicted [607])
attack: step 10/10, xent loss = 0.230952, l2 loss = 2.37957 (max 14.95), (true 607, predicted [607])
true = 607, adv = 607
evaluating 213 of [210, 220)
attack: step 1/10, xent loss = 8.09792, l2 loss = 0 (max 14.95), (true 866, predicted [723])
attack: step 2/10, xent loss = 7.98976, l2 loss = 4.72059 (max 14.95), (true 866, predicted [879])
attack: step 3/10, xent loss = 8.56173, l2 loss = 6.04493 (max 14.95), (true 866, predicted [723])
attack: step 4/10, xent loss = 7.15489, l2 loss = 7.33746 (max 14.95), (true 866, predicted [723])
attack: step 5/10, xent loss = 5.89397, l2 loss = 8.05928 (max 14.95), (true 866, predicted [879])
attack: step 6/10, xent loss = 8.77569, l2 loss = 11.0169 (max 14.95), (true 866, predicted [723])
attack: step 7/10, xent loss = 8.15236, l2 loss = 11.2472 (max 14.95), (true 866, predicted [723])
attack: step 8/10, xent loss = 8.79461, l2 loss = 11.4697 (max 14.95), (true 866, predicted [723])
attack: step 9/10, xent loss = 8.82026, l2 loss = 11.6894 (max 14.95), (true 866, predicted [723])
attack: step 10/10, xent loss = 8.24535, l2 loss = 12.1827 (max 14.95), (true 866, predicted [723])
true = 866, adv = 723
evaluating 214 of [210, 220)
attack: step 1/10, xent loss = 8.03183, l2 loss = 0 (max 14.95), (true 234, predicted [879])
attack: step 2/10, xent loss = 7.99563, l2 loss = 2.29976 (max 14.95), (true 234, predicted [478])
attack: step 3/10, xent loss = 8.77282, l2 loss = 3.15866 (max 14.95), (true 234, predicted [879])
attack: step 4/10, xent loss = 7.87239, l2 loss = 3.72703 (max 14.95), (true 234, predicted [417])
attack: step 5/10, xent loss = 7.69143, l2 loss = 4.38377 (max 14.95), (true 234, predicted [701])
attack: step 6/10, xent loss = 7.63792, l2 loss = 5.27294 (max 14.95), (true 234, predicted [879])
attack: step 7/10, xent loss = 7.9844, l2 loss = 5.71683 (max 14.95), (true 234, predicted [417])
attack: step 8/10, xent loss = 8.58289, l2 loss = 6.09487 (max 14.95), (true 234, predicted [417])
attack: step 9/10, xent loss = 7.82833, l2 loss = 6.40014 (max 14.95), (true 234, predicted [701])
attack: step 10/10, xent loss = 8.74398, l2 loss = 6.71198 (max 14.95), (true 234, predicted [879])
true = 234, adv = 417
evaluating 215 of [210, 220)
attack: step 1/10, xent loss = 9.17034, l2 loss = 0 (max 14.95), (true 702, predicted [417])
attack: step 2/10, xent loss = 9.23493, l2 loss = 2.74486 (max 14.95), (true 702, predicted [417])
attack: step 3/10, xent loss = 9.72867, l2 loss = 4.06373 (max 14.95), (true 702, predicted [417])
attack: step 4/10, xent loss = 9.23166, l2 loss = 5.39219 (max 14.95), (true 702, predicted [417])
attack: step 5/10, xent loss = 10.0772, l2 loss = 5.9013 (max 14.95), (true 702, predicted [417])
attack: step 6/10, xent loss = 8.60229, l2 loss = 6.43058 (max 14.95), (true 702, predicted [607])
attack: step 7/10, xent loss = 9.38258, l2 loss = 6.66665 (max 14.95), (true 702, predicted [417])
attack: step 8/10, xent loss = 8.89706, l2 loss = 8.3169 (max 14.95), (true 702, predicted [417])
attack: step 9/10, xent loss = 8.77177, l2 loss = 8.60666 (max 14.95), (true 702, predicted [417])
attack: step 10/10, xent loss = 9.67336, l2 loss = 8.97081 (max 14.95), (true 702, predicted [417])
true = 702, adv = 417
evaluating 216 of [210, 220)
attack: step 1/10, xent loss = 6.87804, l2 loss = 0 (max 14.95), (true 112, predicted [645])
attack: step 2/10, xent loss = 6.19136, l2 loss = 1.72527 (max 14.95), (true 112, predicted [619])
attack: step 3/10, xent loss = 6.49516, l2 loss = 2.40374 (max 14.95), (true 112, predicted [557])
attack: step 4/10, xent loss = 6.2701, l2 loss = 2.88779 (max 14.95), (true 112, predicted [775])
attack: step 5/10, xent loss = 6.81668, l2 loss = 3.5086 (max 14.95), (true 112, predicted [775])
attack: step 6/10, xent loss = 6.2877, l2 loss = 3.86754 (max 14.95), (true 112, predicted [775])
attack: step 7/10, xent loss = 6.49894, l2 loss = 4.26832 (max 14.95), (true 112, predicted [775])
attack: step 8/10, xent loss = 6.12702, l2 loss = 4.59044 (max 14.95), (true 112, predicted [557])
attack: step 9/10, xent loss = 5.57984, l2 loss = 5.15969 (max 14.95), (true 112, predicted [417])
attack: step 10/10, xent loss = 6.50669, l2 loss = 5.50325 (max 14.95), (true 112, predicted [775])
true = 112, adv = 557
evaluating 217 of [210, 220)
attack: step 1/10, xent loss = 7.0367, l2 loss = 0 (max 14.95), (true 167, predicted [664])
attack: step 2/10, xent loss = 8.15991, l2 loss = 2.11979 (max 14.95), (true 167, predicted [664])
attack: step 3/10, xent loss = 7.96298, l2 loss = 2.67761 (max 14.95), (true 167, predicted [664])
attack: step 4/10, xent loss = 7.69253, l2 loss = 3.02408 (max 14.95), (true 167, predicted [478])
attack: step 5/10, xent loss = 7.2573, l2 loss = 3.44138 (max 14.95), (true 167, predicted [478])
attack: step 6/10, xent loss = 7.78229, l2 loss = 4.09127 (max 14.95), (true 167, predicted [879])
attack: step 7/10, xent loss = 7.25235, l2 loss = 4.41082 (max 14.95), (true 167, predicted [478])
attack: step 8/10, xent loss = 7.99516, l2 loss = 4.66801 (max 14.95), (true 167, predicted [478])
attack: step 9/10, xent loss = 7.27647, l2 loss = 5.0361 (max 14.95), (true 167, predicted [672])
attack: step 10/10, xent loss = 7.81014, l2 loss = 5.48658 (max 14.95), (true 167, predicted [478])
true = 167, adv = 478
evaluating 218 of [210, 220)
attack: step 1/10, xent loss = 3.87753, l2 loss = 0 (max 14.95), (true 726, predicted [672])
attack: step 2/10, xent loss = 8.08537, l2 loss = 8.28871 (max 14.95), (true 726, predicted [672])
attack: step 3/10, xent loss = 9.48954, l2 loss = 9.95801 (max 14.95), (true 726, predicted [478])
attack: step 4/10, xent loss = 7.49044, l2 loss = 11.2953 (max 14.95), (true 726, predicted [879])
attack: step 5/10, xent loss = 7.99923, l2 loss = 12.6918 (max 14.95), (true 726, predicted [478])
attack: step 6/10, xent loss = 8.48879, l2 loss = 14.0367 (max 14.95), (true 726, predicted [672])
attack: step 7/10, xent loss = 8.93158, l2 loss = 15.5667 (max 14.95), (true 726, predicted [478])
attack: step 8/10, xent loss = 10.8017, l2 loss = 16.5761 (max 14.95), (true 726, predicted [672])
attack: step 9/10, xent loss = 10.0187, l2 loss = 18.5075 (max 14.95), (true 726, predicted [478])
attack: step 10/10, xent loss = 10.1389, l2 loss = 19.6257 (max 14.95), (true 726, predicted [879])
check failed
true = 726, adv = 672
evaluating 219 of [210, 220)
attack: step 1/10, xent loss = 7.78098, l2 loss = 0 (max 14.95), (true 266, predicted [417])
attack: step 2/10, xent loss = 7.75362, l2 loss = 1.40589 (max 14.95), (true 266, predicted [478])
attack: step 3/10, xent loss = 7.87608, l2 loss = 2.37599 (max 14.95), (true 266, predicted [478])
attack: step 4/10, xent loss = 7.90295, l2 loss = 2.88901 (max 14.95), (true 266, predicted [478])
attack: step 5/10, xent loss = 7.94939, l2 loss = 3.28221 (max 14.95), (true 266, predicted [478])
attack: step 6/10, xent loss = 8.49747, l2 loss = 3.66575 (max 14.95), (true 266, predicted [478])
attack: step 7/10, xent loss = 8.54025, l2 loss = 4.34144 (max 14.95), (true 266, predicted [478])
attack: step 8/10, xent loss = 8.00488, l2 loss = 5.00658 (max 14.95), (true 266, predicted [478])
attack: step 9/10, xent loss = 8.55669, l2 loss = 5.39544 (max 14.95), (true 266, predicted [478])
attack: step 10/10, xent loss = 8.2944, l2 loss = 5.79783 (max 14.95), (true 266, predicted [478])
true = 266, adv = 478
