2019-11-03 20:46:33.078598: I tensorflow/core/platform/cpu_feature_guard.cc:141] Your CPU supports instructions that this TensorFlow binary was not compiled to use: SSE4.1 SSE4.2 AVX AVX2 FMA
2019-11-03 20:46:33.088823: I tensorflow/core/platform/profile_utils/cpu_utils.cc:94] CPU Frequency: 2600020000 Hz
2019-11-03 20:46:33.089125: I tensorflow/compiler/xla/service/service.cc:150] XLA service 0x55555902f9b0 executing computations on platform Host. Devices:
2019-11-03 20:46:33.089181: I tensorflow/compiler/xla/service/service.cc:158]   StreamExecutor device (0): <undefined>, <undefined>
2019-11-03 20:46:33.089711: I tensorflow/core/common_runtime/process_util.cc:71] Creating new thread pool with default inter op setting: 2. Tune using inter_op_parallelism_threads for best performance.
evaluating 920 of [920, 930)
attack: step 1/1, xent loss = 0.481521, l2 loss = 27.3712 (max 14.95), (true 289, predicted [289])
check failed
true = 289, adv = 552
evaluating 921 of [920, 930)
attack: step 1/1, xent loss = 0.266014, l2 loss = 11.786 (max 14.95), (true 271, predicted [271])
true = 271, adv = 273
evaluating 922 of [920, 930)
attack: step 1/1, xent loss = 0.103506, l2 loss = 1.49173 (max 14.95), (true 89, predicted [89])
true = 89, adv = 89
evaluating 923 of [920, 930)
attack: step 1/1, xent loss = 7.23497, l2 loss = 27.0631 (max 14.95), (true 862, predicted [749])
check failed
true = 862, adv = 749
evaluating 924 of [920, 930)
attack: step 1/1, xent loss = 12.473, l2 loss = 39.8323 (max 14.95), (true 697, predicted [728])
check failed
true = 697, adv = 728
evaluating 925 of [920, 930)
attack: step 1/1, xent loss = 2.14557, l2 loss = 15.2779 (max 14.95), (true 305, predicted [300])
check failed
true = 305, adv = 723
evaluating 926 of [920, 930)
attack: step 1/1, xent loss = 8.98315, l2 loss = 43.7452 (max 14.95), (true 4, predicted [728])
check failed
true = 4, adv = 728
evaluating 927 of [920, 930)
attack: step 1/1, xent loss = 10.5084, l2 loss = 33.8704 (max 14.95), (true 196, predicted [462])
check failed
true = 196, adv = 462
evaluating 928 of [920, 930)
attack: step 1/1, xent loss = 0.493621, l2 loss = 28.2461 (max 14.95), (true 698, predicted [698])
check failed
true = 698, adv = 716
evaluating 929 of [920, 930)
attack: step 1/1, xent loss = 7.51485, l2 loss = 37.8076 (max 14.95), (true 667, predicted [788])
check failed
true = 667, adv = 728
