2019-11-04 02:44:05.872777: I tensorflow/core/platform/cpu_feature_guard.cc:141] Your CPU supports instructions that this TensorFlow binary was not compiled to use: SSE4.1 SSE4.2 AVX AVX2 FMA
2019-11-04 02:44:05.878925: I tensorflow/core/platform/profile_utils/cpu_utils.cc:94] CPU Frequency: 2600075000 Hz
2019-11-04 02:44:05.879027: I tensorflow/compiler/xla/service/service.cc:150] XLA service 0x2aaae6e51c90 executing computations on platform Host. Devices:
2019-11-04 02:44:05.879043: I tensorflow/compiler/xla/service/service.cc:158]   StreamExecutor device (0): <undefined>, <undefined>
2019-11-04 02:44:05.879198: I tensorflow/core/common_runtime/process_util.cc:71] Creating new thread pool with default inter op setting: 2. Tune using inter_op_parallelism_threads for best performance.
evaluating 720 of [720, 730)
attack: step 1/1, xent loss = 1.00845, l2 loss = 6.92012 (max 14.95), (true 72, predicted [74])
true = 72, adv = 74
evaluating 721 of [720, 730)
attack: step 1/1, xent loss = 6.40404, l2 loss = 32.9289 (max 14.95), (true 440, predicted [788])
check failed
true = 440, adv = 728
evaluating 722 of [720, 730)
attack: step 1/1, xent loss = 0.460039, l2 loss = 14.6622 (max 14.95), (true 712, predicted [712])
true = 712, adv = 692
evaluating 723 of [720, 730)
attack: step 1/1, xent loss = 2.28966, l2 loss = 24.45 (max 14.95), (true 590, predicted [741])
check failed
true = 590, adv = 551
evaluating 724 of [720, 730)
attack: step 1/1, xent loss = 0.00644024, l2 loss = 0.120792 (max 14.95), (true 574, predicted [574])
true = 574, adv = 574
evaluating 725 of [720, 730)
attack: step 1/1, xent loss = 0.0751991, l2 loss = 36.9122 (max 14.95), (true 372, predicted [372])
check failed
true = 372, adv = 728
evaluating 726 of [720, 730)
attack: step 1/1, xent loss = 9.51772, l2 loss = 28.7148 (max 14.95), (true 835, predicted [51])
check failed
true = 835, adv = 51
evaluating 727 of [720, 730)
attack: step 1/1, xent loss = 0.109325, l2 loss = 3.21231 (max 14.95), (true 21, predicted [21])
true = 21, adv = 21
evaluating 728 of [720, 730)
attack: step 1/1, xent loss = 8.18399, l2 loss = 42.475 (max 14.95), (true 337, predicted [391])
check failed
true = 337, adv = 728
evaluating 729 of [720, 730)
attack: step 1/1, xent loss = 3.66677, l2 loss = 17.8689 (max 14.95), (true 146, predicted [140])
check failed
true = 146, adv = 4
