2019-10-26 08:00:57.407785: I tensorflow/core/platform/cpu_feature_guard.cc:141] Your CPU supports instructions that this TensorFlow binary was not compiled to use: SSE4.1 SSE4.2 AVX AVX2 FMA
2019-10-26 08:00:57.414694: I tensorflow/core/platform/profile_utils/cpu_utils.cc:94] CPU Frequency: 2599755000 Hz
2019-10-26 08:00:57.414842: I tensorflow/compiler/xla/service/service.cc:150] XLA service 0x55555902f710 executing computations on platform Host. Devices:
2019-10-26 08:00:57.414862: I tensorflow/compiler/xla/service/service.cc:158]   StreamExecutor device (0): <undefined>, <undefined>
2019-10-26 08:00:57.415123: I tensorflow/core/common_runtime/process_util.cc:71] Creating new thread pool with default inter op setting: 2. Tune using inter_op_parallelism_threads for best performance.
evaluating 190 of [190, 200)
attack: step 1/10, xent loss = 0.121789, l2 loss = 2.20775 (max 14.95), (true 553, predicted [553])
attack: step 2/10, xent loss = 0.147075, l2 loss = 2.24532 (max 14.95), (true 553, predicted [553])
attack: step 3/10, xent loss = 0.253141, l2 loss = 2.29854 (max 14.95), (true 553, predicted [553])
attack: step 4/10, xent loss = 0.275572, l2 loss = 2.44632 (max 14.95), (true 553, predicted [553])
attack: step 5/10, xent loss = 0.240239, l2 loss = 2.60883 (max 14.95), (true 553, predicted [553])
attack: step 6/10, xent loss = 0.327363, l2 loss = 2.75743 (max 14.95), (true 553, predicted [553])
attack: step 7/10, xent loss = 0.209087, l2 loss = 2.93942 (max 14.95), (true 553, predicted [553])
attack: step 8/10, xent loss = 0.138737, l2 loss = 3.05232 (max 14.95), (true 553, predicted [553])
attack: step 9/10, xent loss = 0.397467, l2 loss = 3.10755 (max 14.95), (true 553, predicted [553])
attack: step 10/10, xent loss = 0.540487, l2 loss = 3.37219 (max 14.95), (true 553, predicted [553])
true = 553, adv = 553
evaluating 191 of [190, 200)
attack: step 1/10, xent loss = 2.10236, l2 loss = 9.14603 (max 14.95), (true 23, predicted [23])
attack: step 2/10, xent loss = 2.26611, l2 loss = 9.60056 (max 14.95), (true 23, predicted [23])
attack: step 3/10, xent loss = 2.02436, l2 loss = 10.0582 (max 14.95), (true 23, predicted [23])
attack: step 4/10, xent loss = 2.1871, l2 loss = 10.496 (max 14.95), (true 23, predicted [21])
returning early
true = 23, adv = 21
evaluating 192 of [190, 200)
attack: step 1/10, xent loss = 13.9241, l2 loss = 20.5753 (max 14.95), (true 169, predicted [156])
unbound attack returning early
check failed
true = 169, adv = 156
evaluating 193 of [190, 200)
attack: step 1/10, xent loss = 32.4612, l2 loss = 36.9301 (max 14.95), (true 567, predicted [574])
unbound attack returning early
check failed
true = 567, adv = 574
evaluating 194 of [190, 200)
attack: step 1/10, xent loss = 11.0394, l2 loss = 18.6402 (max 14.95), (true 545, predicted [570])
unbound attack returning early
check failed
true = 545, adv = 570
evaluating 195 of [190, 200)
attack: step 1/10, xent loss = 25.1959, l2 loss = 37.4075 (max 14.95), (true 328, predicted [552])
unbound attack returning early
check failed
true = 328, adv = 552
evaluating 196 of [190, 200)
attack: step 1/10, xent loss = 40.6573, l2 loss = 41.7495 (max 14.95), (true 598, predicted [583])
unbound attack returning early
check failed
true = 598, adv = 583
evaluating 197 of [190, 200)
attack: step 1/10, xent loss = 11.796, l2 loss = 19.275 (max 14.95), (true 209, predicted [211])
unbound attack returning early
check failed
true = 209, adv = 211
evaluating 198 of [190, 200)
attack: step 1/10, xent loss = 13.0009, l2 loss = 15.2124 (max 14.95), (true 564, predicted [520])
unbound attack returning early
check failed
true = 564, adv = 520
evaluating 199 of [190, 200)
attack: step 1/10, xent loss = 42.7367, l2 loss = 37.2758 (max 14.95), (true 37, predicted [728])
unbound attack returning early
check failed
true = 37, adv = 728
