2019-11-04 05:45:45.453186: I tensorflow/core/platform/cpu_feature_guard.cc:141] Your CPU supports instructions that this TensorFlow binary was not compiled to use: SSE4.1 SSE4.2 AVX AVX2 FMA
2019-11-04 05:45:45.459514: I tensorflow/core/platform/profile_utils/cpu_utils.cc:94] CPU Frequency: 2599995000 Hz
2019-11-04 05:45:45.459655: I tensorflow/compiler/xla/service/service.cc:150] XLA service 0x555559030810 executing computations on platform Host. Devices:
2019-11-04 05:45:45.459677: I tensorflow/compiler/xla/service/service.cc:158]   StreamExecutor device (0): <undefined>, <undefined>
2019-11-04 05:45:45.459901: I tensorflow/core/common_runtime/process_util.cc:71] Creating new thread pool with default inter op setting: 2. Tune using inter_op_parallelism_threads for best performance.
evaluating 60 of [60, 70)
attack: step 1/1, xent loss = 10.9655, l2 loss = 21.301 (max 14.95), (true 856, predicted [730])
check failed
true = 856, adv = 730
evaluating 61 of [60, 70)
attack: step 1/1, xent loss = 6.01017, l2 loss = 20.4995 (max 14.95), (true 259, predicted [265])
check failed
true = 259, adv = 265
evaluating 62 of [60, 70)
attack: step 1/1, xent loss = 7.39728, l2 loss = 24.4321 (max 14.95), (true 3, predicted [2])
check failed
true = 3, adv = 2
evaluating 63 of [60, 70)
attack: step 1/1, xent loss = 3.07183, l2 loss = 10.7867 (max 14.95), (true 240, predicted [239])
true = 240, adv = 239
evaluating 64 of [60, 70)
attack: step 1/1, xent loss = 4.14565, l2 loss = 16.1145 (max 14.95), (true 454, predicted [624])
check failed
true = 454, adv = 624
evaluating 65 of [60, 70)
attack: step 1/1, xent loss = 0.0776385, l2 loss = 35.083 (max 14.95), (true 85, predicted [85])
check failed
true = 85, adv = 728
evaluating 66 of [60, 70)
attack: step 1/1, xent loss = 5.22772, l2 loss = 34.2014 (max 14.95), (true 492, predicted [606])
check failed
true = 492, adv = 606
evaluating 67 of [60, 70)
attack: step 1/1, xent loss = 1.64707, l2 loss = 10.3616 (max 14.95), (true 713, predicted [519])
true = 713, adv = 519
evaluating 68 of [60, 70)
attack: step 1/1, xent loss = 1.50874, l2 loss = 7.45696 (max 14.95), (true 834, predicted [834])
true = 834, adv = 869
evaluating 69 of [60, 70)
attack: step 1/1, xent loss = 10.8176, l2 loss = 15.06 (max 14.95), (true 697, predicted [614])
check failed
true = 697, adv = 614
