2019-05-31 10:21:33.400109: I tensorflow/core/platform/cpu_feature_guard.cc:141] Your CPU supports instructions that this TensorFlow binary was not compiled to use: SSE4.1 SSE4.2 AVX AVX2 FMA
2019-05-31 10:21:35.492739: I tensorflow/core/platform/profile_utils/cpu_utils.cc:94] CPU Frequency: 2599785000 Hz
2019-05-31 10:21:35.493431: I tensorflow/compiler/xla/service/service.cc:150] XLA service 0x2aaae6fbcd60 executing computations on platform Host. Devices:
2019-05-31 10:21:35.493491: I tensorflow/compiler/xla/service/service.cc:158]   StreamExecutor device (0): <undefined>, <undefined>
2019-05-31 10:21:35.494334: I tensorflow/core/common_runtime/process_util.cc:71] Creating new thread pool with default inter op setting: 2. Tune using inter_op_parallelism_threads for best performance.
evaluating 990 of [990, 1000)
attack: step 1/1, xent loss = 8.40152, l2 loss = 0 (max 14.95), (true 928, predicted [291])
true = 928, adv = 797
evaluating 991 of [990, 1000)
attack: step 1/1, xent loss = 0.405154, l2 loss = 0 (max 14.95), (true 395, predicted [395])
true = 395, adv = 389
evaluating 992 of [990, 1000)
attack: step 1/1, xent loss = 0.998827, l2 loss = 0 (max 14.95), (true 838, predicted [631])
true = 838, adv = 692
evaluating 993 of [990, 1000)
attack: step 1/1, xent loss = 0.0461518, l2 loss = 0 (max 14.95), (true 537, predicted [537])
true = 537, adv = 537
evaluating 994 of [990, 1000)
attack: step 1/1, xent loss = 0.0119078, l2 loss = 0 (max 14.95), (true 658, predicted [658])
true = 658, adv = 774
evaluating 995 of [990, 1000)
attack: step 1/1, xent loss = 1.16252, l2 loss = 0 (max 14.95), (true 540, predicted [540])
true = 540, adv = 913
evaluating 996 of [990, 1000)
attack: step 1/1, xent loss = 3.51502, l2 loss = 0 (max 14.95), (true 49, predicted [30])
true = 49, adv = 728
evaluating 997 of [990, 1000)
attack: step 1/1, xent loss = 2.17538, l2 loss = 0 (max 14.95), (true 813, predicted [618])
true = 813, adv = 618
evaluating 998 of [990, 1000)
attack: step 1/1, xent loss = 0.0612507, l2 loss = 0 (max 14.95), (true 533, predicted [533])
true = 533, adv = 868
evaluating 999 of [990, 1000)
attack: step 1/1, xent loss = 0.683436, l2 loss = 0 (max 14.95), (true 232, predicted [232])
true = 232, adv = 728
