2019-06-26 06:30:36.410924: I tensorflow/core/platform/cpu_feature_guard.cc:141] Your CPU supports instructions that this TensorFlow binary was not compiled to use: SSE4.1 SSE4.2 AVX AVX2 FMA
2019-06-26 06:30:36.877349: I tensorflow/core/platform/profile_utils/cpu_utils.cc:94] CPU Frequency: 2599750000 Hz
2019-06-26 06:30:36.877553: I tensorflow/compiler/xla/service/service.cc:150] XLA service 0x2aaae6ac1120 executing computations on platform Host. Devices:
2019-06-26 06:30:36.877584: I tensorflow/compiler/xla/service/service.cc:158]   StreamExecutor device (0): <undefined>, <undefined>
2019-06-26 06:30:36.877939: I tensorflow/core/common_runtime/process_util.cc:71] Creating new thread pool with default inter op setting: 2. Tune using inter_op_parallelism_threads for best performance.
evaluating 780 of [780, 790)
attack: step 1/10, xent loss = 27.7489, l2 loss = 26.7941 (max 14.95), (true 259, predicted [552])
attack: step 2/10, xent loss = 31.9507, l2 loss = 28.2089 (max 14.95), (true 259, predicted [552])
attack: step 3/10, xent loss = 33.025, l2 loss = 29.5346 (max 14.95), (true 259, predicted [552])
attack: step 4/10, xent loss = 34.1867, l2 loss = 31.1452 (max 14.95), (true 259, predicted [552])
attack: step 5/10, xent loss = 32.9599, l2 loss = 32.4907 (max 14.95), (true 259, predicted [552])
attack: step 6/10, xent loss = 37.6781, l2 loss = 33.6369 (max 14.95), (true 259, predicted [552])
attack: step 7/10, xent loss = 35.8036, l2 loss = 35.2222 (max 14.95), (true 259, predicted [552])
attack: step 8/10, xent loss = 40.3593, l2 loss = 36.2936 (max 14.95), (true 259, predicted [552])
attack: step 9/10, xent loss = 39.4693, l2 loss = 37.2625 (max 14.95), (true 259, predicted [552])
attack: step 10/10, xent loss = 40.6122, l2 loss = 38.3746 (max 14.95), (true 259, predicted [552])
check failed
true = 259, adv = 552
evaluating 781 of [780, 790)
attack: step 1/10, xent loss = 6.79185, l2 loss = 12.9058 (max 14.95), (true 661, predicted [717])
attack: step 2/10, xent loss = 6.62253, l2 loss = 13.4236 (max 14.95), (true 661, predicted [717])
attack: step 3/10, xent loss = 7.27766, l2 loss = 13.8404 (max 14.95), (true 661, predicted [717])
attack: step 4/10, xent loss = 6.54268, l2 loss = 14.0925 (max 14.95), (true 661, predicted [717])
attack: step 5/10, xent loss = 7.76262, l2 loss = 14.4961 (max 14.95), (true 661, predicted [717])
attack: step 6/10, xent loss = 7.694, l2 loss = 14.7079 (max 14.95), (true 661, predicted [717])
attack: step 7/10, xent loss = 9.45562, l2 loss = 14.9031 (max 14.95), (true 661, predicted [468])
attack: step 8/10, xent loss = 8.02718, l2 loss = 15.4453 (max 14.95), (true 661, predicted [717])
attack: step 9/10, xent loss = 8.35365, l2 loss = 15.6822 (max 14.95), (true 661, predicted [717])
attack: step 10/10, xent loss = 8.91019, l2 loss = 15.9299 (max 14.95), (true 661, predicted [468])
check failed
true = 661, adv = 468
evaluating 782 of [780, 790)
attack: step 1/10, xent loss = 31.136, l2 loss = 28.9891 (max 14.95), (true 633, predicted [728])
attack: step 2/10, xent loss = 30.2834, l2 loss = 30.6488 (max 14.95), (true 633, predicted [728])
attack: step 3/10, xent loss = 34.9847, l2 loss = 31.7229 (max 14.95), (true 633, predicted [728])
attack: step 4/10, xent loss = 39.6112, l2 loss = 32.8147 (max 14.95), (true 633, predicted [728])
attack: step 5/10, xent loss = 34.2218, l2 loss = 33.9871 (max 14.95), (true 633, predicted [728])
attack: step 6/10, xent loss = 38.1812, l2 loss = 35.1963 (max 14.95), (true 633, predicted [728])
attack: step 7/10, xent loss = 43.0156, l2 loss = 36.2025 (max 14.95), (true 633, predicted [728])
attack: step 8/10, xent loss = 39.7869, l2 loss = 37.1827 (max 14.95), (true 633, predicted [728])
attack: step 9/10, xent loss = 40.0068, l2 loss = 38.2999 (max 14.95), (true 633, predicted [728])
attack: step 10/10, xent loss = 43.2592, l2 loss = 39.4907 (max 14.95), (true 633, predicted [728])
check failed
true = 633, adv = 728
evaluating 783 of [780, 790)
attack: step 1/10, xent loss = 8.24232, l2 loss = 13.1762 (max 14.95), (true 520, predicted [431])
attack: step 2/10, xent loss = 7.09162, l2 loss = 14.3369 (max 14.95), (true 520, predicted [431])
attack: step 3/10, xent loss = 8.65288, l2 loss = 15.3283 (max 14.95), (true 520, predicted [431])
attack: step 4/10, xent loss = 8.83919, l2 loss = 16.3176 (max 14.95), (true 520, predicted [431])
attack: step 5/10, xent loss = 11.8441, l2 loss = 17.4646 (max 14.95), (true 520, predicted [431])
attack: step 6/10, xent loss = 11.7712, l2 loss = 18.4476 (max 14.95), (true 520, predicted [431])
attack: step 7/10, xent loss = 11.9622, l2 loss = 19.8626 (max 14.95), (true 520, predicted [431])
attack: step 8/10, xent loss = 11.9015, l2 loss = 20.7601 (max 14.95), (true 520, predicted [431])
attack: step 9/10, xent loss = 14.9314, l2 loss = 21.7588 (max 14.95), (true 520, predicted [431])
attack: step 10/10, xent loss = 15.0291, l2 loss = 22.6817 (max 14.95), (true 520, predicted [431])
check failed
true = 520, adv = 431
evaluating 784 of [780, 790)
attack: step 1/10, xent loss = 7.07774, l2 loss = 12.4608 (max 14.95), (true 412, predicted [692])
attack: step 2/10, xent loss = 7.94249, l2 loss = 13.205 (max 14.95), (true 412, predicted [692])
attack: step 3/10, xent loss = 9.24224, l2 loss = 14.0006 (max 14.95), (true 412, predicted [692])
attack: step 4/10, xent loss = 6.15102, l2 loss = 14.5491 (max 14.95), (true 412, predicted [692])
attack: step 5/10, xent loss = 11.1911, l2 loss = 15.1532 (max 14.95), (true 412, predicted [692])
attack: step 6/10, xent loss = 11.5409, l2 loss = 15.7347 (max 14.95), (true 412, predicted [692])
attack: step 7/10, xent loss = 10.2445, l2 loss = 16.2528 (max 14.95), (true 412, predicted [692])
attack: step 8/10, xent loss = 11.8794, l2 loss = 16.9892 (max 14.95), (true 412, predicted [692])
attack: step 9/10, xent loss = 12.9642, l2 loss = 17.4298 (max 14.95), (true 412, predicted [692])
attack: step 10/10, xent loss = 12.1138, l2 loss = 17.9034 (max 14.95), (true 412, predicted [692])
check failed
true = 412, adv = 692
evaluating 785 of [780, 790)
attack: step 1/10, xent loss = 25.813, l2 loss = 23.4959 (max 14.95), (true 209, predicted [728])
attack: step 2/10, xent loss = 29.4404, l2 loss = 25.0783 (max 14.95), (true 209, predicted [728])
attack: step 3/10, xent loss = 29.0493, l2 loss = 26.3704 (max 14.95), (true 209, predicted [728])
attack: step 4/10, xent loss = 28.4266, l2 loss = 27.9245 (max 14.95), (true 209, predicted [728])
attack: step 5/10, xent loss = 33.1916, l2 loss = 29.0804 (max 14.95), (true 209, predicted [728])
attack: step 6/10, xent loss = 35.8082, l2 loss = 30.2898 (max 14.95), (true 209, predicted [728])
attack: step 7/10, xent loss = 36.267, l2 loss = 31.4178 (max 14.95), (true 209, predicted [728])
attack: step 8/10, xent loss = 40.4135, l2 loss = 32.5741 (max 14.95), (true 209, predicted [728])
attack: step 9/10, xent loss = 40.9638, l2 loss = 33.6647 (max 14.95), (true 209, predicted [728])
attack: step 10/10, xent loss = 40.9502, l2 loss = 34.9147 (max 14.95), (true 209, predicted [728])
check failed
true = 209, adv = 728
evaluating 786 of [780, 790)
attack: step 1/10, xent loss = 15.0926, l2 loss = 17.6209 (max 14.95), (true 709, predicted [502])
attack: step 2/10, xent loss = 15.182, l2 loss = 18.1683 (max 14.95), (true 709, predicted [502])
attack: step 3/10, xent loss = 14.7625, l2 loss = 18.9625 (max 14.95), (true 709, predicted [502])
attack: step 4/10, xent loss = 16.4527, l2 loss = 19.633 (max 14.95), (true 709, predicted [502])
attack: step 5/10, xent loss = 18.6468, l2 loss = 20.4809 (max 14.95), (true 709, predicted [502])
attack: step 6/10, xent loss = 18.4695, l2 loss = 21.0956 (max 14.95), (true 709, predicted [502])
attack: step 7/10, xent loss = 18.1007, l2 loss = 22.0946 (max 14.95), (true 709, predicted [502])
attack: step 8/10, xent loss = 20.798, l2 loss = 23.3712 (max 14.95), (true 709, predicted [502])
attack: step 9/10, xent loss = 20.7429, l2 loss = 24.0607 (max 14.95), (true 709, predicted [502])
attack: step 10/10, xent loss = 20.6326, l2 loss = 24.6389 (max 14.95), (true 709, predicted [502])
check failed
true = 709, adv = 502
evaluating 787 of [780, 790)
attack: step 1/10, xent loss = 7.08382, l2 loss = 15.9289 (max 14.95), (true 995, predicted [728])
attack: step 2/10, xent loss = 10.6553, l2 loss = 17.8648 (max 14.95), (true 995, predicted [728])
attack: step 3/10, xent loss = 16.5075, l2 loss = 19.8826 (max 14.95), (true 995, predicted [728])
attack: step 4/10, xent loss = 14.4265, l2 loss = 20.8007 (max 14.95), (true 995, predicted [728])
attack: step 5/10, xent loss = 19.4475, l2 loss = 22.6181 (max 14.95), (true 995, predicted [728])
attack: step 6/10, xent loss = 18.2932, l2 loss = 23.5463 (max 14.95), (true 995, predicted [728])
attack: step 7/10, xent loss = 22.0362, l2 loss = 24.7675 (max 14.95), (true 995, predicted [728])
attack: step 8/10, xent loss = 20.9664, l2 loss = 26.3214 (max 14.95), (true 995, predicted [728])
attack: step 9/10, xent loss = 24.2594, l2 loss = 27.2421 (max 14.95), (true 995, predicted [728])
attack: step 10/10, xent loss = 25.3363, l2 loss = 27.9553 (max 14.95), (true 995, predicted [728])
check failed
true = 995, adv = 728
evaluating 788 of [780, 790)
attack: step 1/10, xent loss = 28.4015, l2 loss = 26.7105 (max 14.95), (true 283, predicted [728])
attack: step 2/10, xent loss = 28.2193, l2 loss = 28.0405 (max 14.95), (true 283, predicted [728])
attack: step 3/10, xent loss = 27.2765, l2 loss = 29.3586 (max 14.95), (true 283, predicted [728])
attack: step 4/10, xent loss = 26.9668, l2 loss = 31.933 (max 14.95), (true 283, predicted [728])
attack: step 5/10, xent loss = 33.4611, l2 loss = 33.0406 (max 14.95), (true 283, predicted [728])
attack: step 6/10, xent loss = 32.9476, l2 loss = 34.387 (max 14.95), (true 283, predicted [728])
attack: step 7/10, xent loss = 35.4889, l2 loss = 35.788 (max 14.95), (true 283, predicted [728])
attack: step 8/10, xent loss = 33.106, l2 loss = 37.0534 (max 14.95), (true 283, predicted [728])
attack: step 9/10, xent loss = 34.7806, l2 loss = 38.0414 (max 14.95), (true 283, predicted [728])
attack: step 10/10, xent loss = 32.9765, l2 loss = 39.1087 (max 14.95), (true 283, predicted [728])
check failed
true = 283, adv = 728
evaluating 789 of [780, 790)
attack: step 1/10, xent loss = 27.9456, l2 loss = 26.5154 (max 14.95), (true 804, predicted [552])
attack: step 2/10, xent loss = 31.2077, l2 loss = 28.0626 (max 14.95), (true 804, predicted [552])
attack: step 3/10, xent loss = 26.3299, l2 loss = 29.8417 (max 14.95), (true 804, predicted [552])
attack: step 4/10, xent loss = 33.614, l2 loss = 31.4533 (max 14.95), (true 804, predicted [552])
attack: step 5/10, xent loss = 34.2382, l2 loss = 33.0814 (max 14.95), (true 804, predicted [552])
attack: step 6/10, xent loss = 31.6832, l2 loss = 34.5305 (max 14.95), (true 804, predicted [552])
attack: step 7/10, xent loss = 35.2454, l2 loss = 35.911 (max 14.95), (true 804, predicted [552])
attack: step 8/10, xent loss = 35.7734, l2 loss = 36.6964 (max 14.95), (true 804, predicted [552])
attack: step 9/10, xent loss = 38.7644, l2 loss = 37.815 (max 14.95), (true 804, predicted [552])
attack: step 10/10, xent loss = 38.1421, l2 loss = 39.0129 (max 14.95), (true 804, predicted [552])
check failed
true = 804, adv = 552
