2019-06-06 00:07:13.904245: I tensorflow/core/platform/cpu_feature_guard.cc:141] Your CPU supports instructions that this TensorFlow binary was not compiled to use: SSE4.1 SSE4.2 AVX AVX2 FMA
2019-06-06 00:07:14.406021: I tensorflow/core/platform/profile_utils/cpu_utils.cc:94] CPU Frequency: 2600190000 Hz
2019-06-06 00:07:14.406905: I tensorflow/compiler/xla/service/service.cc:150] XLA service 0x2aaae6ac0e60 executing computations on platform Host. Devices:
2019-06-06 00:07:14.407002: I tensorflow/compiler/xla/service/service.cc:158]   StreamExecutor device (0): <undefined>, <undefined>
2019-06-06 00:07:14.407794: I tensorflow/core/common_runtime/process_util.cc:71] Creating new thread pool with default inter op setting: 2. Tune using inter_op_parallelism_threads for best performance.
evaluating 40 of [40, 50)
attack: step 1/10, xent loss = 5.74801, l2 loss = 0 (max 14.95), (true 31, predicted [728])
attack: step 2/10, xent loss = 2.95931, l2 loss = 11.232 (max 14.95), (true 31, predicted [728])
attack: step 3/10, xent loss = 8.15876, l2 loss = 14.8825 (max 14.95), (true 31, predicted [728])
attack: step 4/10, xent loss = 8.23994, l2 loss = 19.6737 (max 14.95), (true 31, predicted [728])
attack: step 5/10, xent loss = 12.9725, l2 loss = 21.616 (max 14.95), (true 31, predicted [728])
attack: step 6/10, xent loss = 12.2582, l2 loss = 24.0918 (max 14.95), (true 31, predicted [728])
attack: step 7/10, xent loss = 9.72144, l2 loss = 26.3698 (max 14.95), (true 31, predicted [728])
attack: step 8/10, xent loss = 11.914, l2 loss = 28.5427 (max 14.95), (true 31, predicted [728])
attack: step 9/10, xent loss = 15.7729, l2 loss = 30.445 (max 14.95), (true 31, predicted [728])
attack: step 10/10, xent loss = 18.6749, l2 loss = 32.0259 (max 14.95), (true 31, predicted [728])
check failed
true = 31, adv = 728
evaluating 41 of [40, 50)
attack: step 1/10, xent loss = 9.93296, l2 loss = 0 (max 14.95), (true 994, predicted [723])
attack: step 2/10, xent loss = 10.6143, l2 loss = 2.37048 (max 14.95), (true 994, predicted [723])
attack: step 3/10, xent loss = 9.89683, l2 loss = 3.33674 (max 14.95), (true 994, predicted [723])
attack: step 4/10, xent loss = 9.8755, l2 loss = 4.06281 (max 14.95), (true 994, predicted [723])
attack: step 5/10, xent loss = 9.93235, l2 loss = 4.64582 (max 14.95), (true 994, predicted [723])
attack: step 6/10, xent loss = 10.8264, l2 loss = 5.17394 (max 14.95), (true 994, predicted [723])
attack: step 7/10, xent loss = 10.0361, l2 loss = 5.78386 (max 14.95), (true 994, predicted [723])
attack: step 8/10, xent loss = 8.88686, l2 loss = 6.21463 (max 14.95), (true 994, predicted [723])
attack: step 9/10, xent loss = 9.32034, l2 loss = 6.59684 (max 14.95), (true 994, predicted [645])
attack: step 10/10, xent loss = 9.68841, l2 loss = 7.1082 (max 14.95), (true 994, predicted [723])
true = 994, adv = 723
evaluating 42 of [40, 50)
attack: step 1/10, xent loss = 2.57134, l2 loss = 0 (max 14.95), (true 304, predicted [1])
attack: step 2/10, xent loss = 3.2681, l2 loss = 8.33211 (max 14.95), (true 304, predicted [301])
attack: step 3/10, xent loss = 4.03603, l2 loss = 9.46186 (max 14.95), (true 304, predicted [301])
attack: step 4/10, xent loss = 6.69322, l2 loss = 10.2822 (max 14.95), (true 304, predicted [1])
attack: step 5/10, xent loss = 6.43046, l2 loss = 12.7139 (max 14.95), (true 304, predicted [728])
attack: step 6/10, xent loss = 7.10491, l2 loss = 14.4512 (max 14.95), (true 304, predicted [728])
attack: step 7/10, xent loss = 10.3514, l2 loss = 16.842 (max 14.95), (true 304, predicted [728])
attack: step 8/10, xent loss = 15.9872, l2 loss = 20.895 (max 14.95), (true 304, predicted [728])
attack: step 9/10, xent loss = 13.444, l2 loss = 23.8908 (max 14.95), (true 304, predicted [728])
attack: step 10/10, xent loss = 17.1223, l2 loss = 26.7904 (max 14.95), (true 304, predicted [728])
check failed
true = 304, adv = 728
evaluating 43 of [40, 50)
attack: step 1/10, xent loss = 7.86283, l2 loss = 0 (max 14.95), (true 761, predicted [543])
attack: step 2/10, xent loss = 6.88478, l2 loss = 7.38646 (max 14.95), (true 761, predicted [518])
attack: step 3/10, xent loss = 7.58222, l2 loss = 7.92626 (max 14.95), (true 761, predicted [543])
attack: step 4/10, xent loss = 8.47834, l2 loss = 8.81544 (max 14.95), (true 761, predicted [543])
attack: step 5/10, xent loss = 7.80297, l2 loss = 10.2682 (max 14.95), (true 761, predicted [696])
attack: step 6/10, xent loss = 7.53755, l2 loss = 10.5335 (max 14.95), (true 761, predicted [518])
attack: step 7/10, xent loss = 8.43619, l2 loss = 10.8164 (max 14.95), (true 761, predicted [696])
attack: step 8/10, xent loss = 8.66237, l2 loss = 11.4716 (max 14.95), (true 761, predicted [543])
attack: step 9/10, xent loss = 9.71018, l2 loss = 11.8574 (max 14.95), (true 761, predicted [805])
attack: step 10/10, xent loss = 9.72095, l2 loss = 14.6134 (max 14.95), (true 761, predicted [696])
check failed
true = 761, adv = 543
evaluating 44 of [40, 50)
attack: step 1/10, xent loss = 2.307, l2 loss = 0 (max 14.95), (true 251, predicted [251])
attack: step 2/10, xent loss = 1.31803, l2 loss = 4.64739 (max 14.95), (true 251, predicted [251])
attack: step 3/10, xent loss = 0.882662, l2 loss = 7.19244 (max 14.95), (true 251, predicted [251])
attack: step 4/10, xent loss = 2.28724, l2 loss = 8.31729 (max 14.95), (true 251, predicted [701])
attack: step 5/10, xent loss = 3.55456, l2 loss = 10.5654 (max 14.95), (true 251, predicted [701])
attack: step 6/10, xent loss = 3.15315, l2 loss = 13.1611 (max 14.95), (true 251, predicted [701])
attack: step 7/10, xent loss = 4.73354, l2 loss = 15.3604 (max 14.95), (true 251, predicted [701])
attack: step 8/10, xent loss = 3.99911, l2 loss = 16.3686 (max 14.95), (true 251, predicted [701])
attack: step 9/10, xent loss = 3.68932, l2 loss = 16.9953 (max 14.95), (true 251, predicted [701])
attack: step 10/10, xent loss = 4.76258, l2 loss = 17.6217 (max 14.95), (true 251, predicted [701])
check failed
true = 251, adv = 701
evaluating 45 of [40, 50)
attack: step 1/10, xent loss = 7.94807, l2 loss = 0 (max 14.95), (true 131, predicted [723])
attack: step 2/10, xent loss = 7.26719, l2 loss = 2.87531 (max 14.95), (true 131, predicted [728])
attack: step 3/10, xent loss = 7.39942, l2 loss = 3.85789 (max 14.95), (true 131, predicted [723])
attack: step 4/10, xent loss = 7.25813, l2 loss = 5.90228 (max 14.95), (true 131, predicted [723])
attack: step 5/10, xent loss = 7.85747, l2 loss = 7.49238 (max 14.95), (true 131, predicted [723])
attack: step 6/10, xent loss = 7.72126, l2 loss = 8.17408 (max 14.95), (true 131, predicted [879])
attack: step 7/10, xent loss = 8.62455, l2 loss = 9.13146 (max 14.95), (true 131, predicted [879])
attack: step 8/10, xent loss = 8.37984, l2 loss = 9.89995 (max 14.95), (true 131, predicted [723])
attack: step 9/10, xent loss = 7.47209, l2 loss = 10.4489 (max 14.95), (true 131, predicted [879])
attack: step 10/10, xent loss = 8.58461, l2 loss = 11.1848 (max 14.95), (true 131, predicted [879])
true = 131, adv = 879
evaluating 46 of [40, 50)
attack: step 1/10, xent loss = 7.4522, l2 loss = 0 (max 14.95), (true 835, predicted [508])
attack: step 2/10, xent loss = 7.86867, l2 loss = 3.10192 (max 14.95), (true 835, predicted [669])
attack: step 3/10, xent loss = 8.09136, l2 loss = 7.16467 (max 14.95), (true 835, predicted [508])
attack: step 4/10, xent loss = 8.28365, l2 loss = 7.92834 (max 14.95), (true 835, predicted [508])
attack: step 5/10, xent loss = 7.51024, l2 loss = 8.48139 (max 14.95), (true 835, predicted [508])
attack: step 6/10, xent loss = 8.48663, l2 loss = 9.32895 (max 14.95), (true 835, predicted [669])
attack: step 7/10, xent loss = 8.10693, l2 loss = 9.8818 (max 14.95), (true 835, predicted [601])
attack: step 8/10, xent loss = 8.58031, l2 loss = 10.5762 (max 14.95), (true 835, predicted [669])
attack: step 9/10, xent loss = 9.6727, l2 loss = 11.0916 (max 14.95), (true 835, predicted [669])
attack: step 10/10, xent loss = 9.29843, l2 loss = 11.4688 (max 14.95), (true 835, predicted [742])
true = 835, adv = 619
evaluating 47 of [40, 50)
attack: step 1/10, xent loss = 8.27635, l2 loss = 0 (max 14.95), (true 826, predicted [664])
attack: step 2/10, xent loss = 9.38756, l2 loss = 4.21726 (max 14.95), (true 826, predicted [664])
attack: step 3/10, xent loss = 10.8813, l2 loss = 6.95141 (max 14.95), (true 826, predicted [664])
attack: step 4/10, xent loss = 9.39192, l2 loss = 7.75774 (max 14.95), (true 826, predicted [664])
attack: step 5/10, xent loss = 9.96622, l2 loss = 8.72462 (max 14.95), (true 826, predicted [478])
attack: step 6/10, xent loss = 9.68561, l2 loss = 9.78325 (max 14.95), (true 826, predicted [664])
attack: step 7/10, xent loss = 10.1841, l2 loss = 11.0319 (max 14.95), (true 826, predicted [664])
attack: step 8/10, xent loss = 9.49003, l2 loss = 11.8218 (max 14.95), (true 826, predicted [478])
attack: step 9/10, xent loss = 10.9211, l2 loss = 12.7116 (max 14.95), (true 826, predicted [478])
attack: step 10/10, xent loss = 11.3456, l2 loss = 13.6296 (max 14.95), (true 826, predicted [478])
true = 826, adv = 478
evaluating 48 of [40, 50)
attack: step 1/10, xent loss = 7.98217, l2 loss = 0 (max 14.95), (true 499, predicted [728])
attack: step 2/10, xent loss = 7.26778, l2 loss = 5.6657 (max 14.95), (true 499, predicted [728])
attack: step 3/10, xent loss = 7.25516, l2 loss = 8.0011 (max 14.95), (true 499, predicted [692])
attack: step 4/10, xent loss = 8.18193, l2 loss = 9.57154 (max 14.95), (true 499, predicted [692])
attack: step 5/10, xent loss = 9.18622, l2 loss = 10.0161 (max 14.95), (true 499, predicted [728])
attack: step 6/10, xent loss = 8.42344, l2 loss = 11.2914 (max 14.95), (true 499, predicted [728])
attack: step 7/10, xent loss = 10.9014, l2 loss = 12.434 (max 14.95), (true 499, predicted [728])
attack: step 8/10, xent loss = 10.4234, l2 loss = 13.9404 (max 14.95), (true 499, predicted [728])
attack: step 9/10, xent loss = 11.5749, l2 loss = 15.4875 (max 14.95), (true 499, predicted [728])
attack: step 10/10, xent loss = 9.8149, l2 loss = 16.7792 (max 14.95), (true 499, predicted [728])
check failed
true = 499, adv = 728
evaluating 49 of [40, 50)
attack: step 1/10, xent loss = 8.99671, l2 loss = 0 (max 14.95), (true 24, predicted [643])
attack: step 2/10, xent loss = 7.07212, l2 loss = 3.8765 (max 14.95), (true 24, predicted [643])
attack: step 3/10, xent loss = 7.9365, l2 loss = 4.55367 (max 14.95), (true 24, predicted [728])
attack: step 4/10, xent loss = 7.75452, l2 loss = 5.35267 (max 14.95), (true 24, predicted [643])
attack: step 5/10, xent loss = 8.69847, l2 loss = 5.84895 (max 14.95), (true 24, predicted [728])
attack: step 6/10, xent loss = 8.75047, l2 loss = 6.55735 (max 14.95), (true 24, predicted [728])
attack: step 7/10, xent loss = 7.83692, l2 loss = 7.54432 (max 14.95), (true 24, predicted [643])
attack: step 8/10, xent loss = 8.09983, l2 loss = 7.8351 (max 14.95), (true 24, predicted [643])
attack: step 9/10, xent loss = 9.07094, l2 loss = 8.22217 (max 14.95), (true 24, predicted [728])
attack: step 10/10, xent loss = 8.12808, l2 loss = 9.84519 (max 14.95), (true 24, predicted [643])
true = 24, adv = 643
