2019-06-28 22:38:53.095813: I tensorflow/core/platform/cpu_feature_guard.cc:141] Your CPU supports instructions that this TensorFlow binary was not compiled to use: SSE4.1 SSE4.2 AVX AVX2 FMA
2019-06-28 22:38:53.331540: I tensorflow/core/platform/profile_utils/cpu_utils.cc:94] CPU Frequency: 2600025000 Hz
2019-06-28 22:38:53.441121: I tensorflow/compiler/xla/service/service.cc:150] XLA service 0x2aaae6fc22e0 executing computations on platform Host. Devices:
2019-06-28 22:38:53.441168: I tensorflow/compiler/xla/service/service.cc:158]   StreamExecutor device (0): <undefined>, <undefined>
2019-06-28 22:38:53.441522: I tensorflow/core/common_runtime/process_util.cc:71] Creating new thread pool with default inter op setting: 2. Tune using inter_op_parallelism_threads for best performance.
evaluating 380 of [380, 390)
attack: step 1/10, xent loss = 13.5966, l2 loss = 19.4208 (max 14.95), (true 229, predicted [728])
attack: step 2/10, xent loss = 14.8026, l2 loss = 20.7389 (max 14.95), (true 229, predicted [728])
attack: step 3/10, xent loss = 17.7552, l2 loss = 22.1899 (max 14.95), (true 229, predicted [728])
attack: step 4/10, xent loss = 15.4824, l2 loss = 23.4643 (max 14.95), (true 229, predicted [728])
attack: step 5/10, xent loss = 18.4986, l2 loss = 24.3542 (max 14.95), (true 229, predicted [728])
attack: step 6/10, xent loss = 21.0925, l2 loss = 25.2951 (max 14.95), (true 229, predicted [728])
attack: step 7/10, xent loss = 23.5599, l2 loss = 26.3869 (max 14.95), (true 229, predicted [728])
attack: step 8/10, xent loss = 20.7415, l2 loss = 27.2436 (max 14.95), (true 229, predicted [728])
attack: step 9/10, xent loss = 22.528, l2 loss = 28.4076 (max 14.95), (true 229, predicted [728])
attack: step 10/10, xent loss = 22.0101, l2 loss = 29.196 (max 14.95), (true 229, predicted [728])
check failed
true = 229, adv = 728
evaluating 381 of [380, 390)
attack: step 1/10, xent loss = 6.55325, l2 loss = 11.2567 (max 14.95), (true 808, predicted [728])
attack: step 2/10, xent loss = 6.40195, l2 loss = 11.7504 (max 14.95), (true 808, predicted [830])
attack: step 3/10, xent loss = 7.38516, l2 loss = 12.2666 (max 14.95), (true 808, predicted [728])
attack: step 4/10, xent loss = 9.90437, l2 loss = 13.1159 (max 14.95), (true 808, predicted [728])
attack: step 5/10, xent loss = 7.50302, l2 loss = 14.4015 (max 14.95), (true 808, predicted [879])
attack: step 6/10, xent loss = 7.25004, l2 loss = 14.9484 (max 14.95), (true 808, predicted [879])
attack: step 7/10, xent loss = 8.59962, l2 loss = 15.3258 (max 14.95), (true 808, predicted [728])
attack: step 8/10, xent loss = 9.16006, l2 loss = 16.2151 (max 14.95), (true 808, predicted [728])
attack: step 9/10, xent loss = 8.33739, l2 loss = 17.628 (max 14.95), (true 808, predicted [728])
attack: step 10/10, xent loss = 8.08049, l2 loss = 18.5009 (max 14.95), (true 808, predicted [728])
check failed
true = 808, adv = 728
evaluating 382 of [380, 390)
attack: step 1/10, xent loss = 8.98239, l2 loss = 11.6976 (max 14.95), (true 382, predicted [701])
attack: step 2/10, xent loss = 9.10255, l2 loss = 12.1909 (max 14.95), (true 382, predicted [837])
attack: step 3/10, xent loss = 8.90696, l2 loss = 12.8651 (max 14.95), (true 382, predicted [456])
attack: step 4/10, xent loss = 8.92867, l2 loss = 13.372 (max 14.95), (true 382, predicted [701])
attack: step 5/10, xent loss = 9.9179, l2 loss = 13.7789 (max 14.95), (true 382, predicted [643])
attack: step 6/10, xent loss = 9.27363, l2 loss = 14.0964 (max 14.95), (true 382, predicted [830])
attack: step 7/10, xent loss = 9.7234, l2 loss = 14.5028 (max 14.95), (true 382, predicted [836])
attack: step 8/10, xent loss = 10.2754, l2 loss = 14.7797 (max 14.95), (true 382, predicted [643])
attack: step 9/10, xent loss = 10.1579, l2 loss = 15.4742 (max 14.95), (true 382, predicted [643])
attack: step 10/10, xent loss = 9.6535, l2 loss = 15.7356 (max 14.95), (true 382, predicted [836])
check failed
true = 382, adv = 879
evaluating 383 of [380, 390)
attack: step 1/10, xent loss = 24.4804, l2 loss = 24.4588 (max 14.95), (true 762, predicted [728])
attack: step 2/10, xent loss = 23.4337, l2 loss = 25.5192 (max 14.95), (true 762, predicted [728])
attack: step 3/10, xent loss = 24.4557, l2 loss = 26.6253 (max 14.95), (true 762, predicted [728])
attack: step 4/10, xent loss = 26.6025, l2 loss = 27.7859 (max 14.95), (true 762, predicted [728])
attack: step 5/10, xent loss = 27.2459, l2 loss = 28.9349 (max 14.95), (true 762, predicted [728])
attack: step 6/10, xent loss = 28.6165, l2 loss = 29.8148 (max 14.95), (true 762, predicted [728])
attack: step 7/10, xent loss = 31.1521, l2 loss = 30.6636 (max 14.95), (true 762, predicted [728])
attack: step 8/10, xent loss = 27.7948, l2 loss = 31.6754 (max 14.95), (true 762, predicted [728])
attack: step 9/10, xent loss = 29.9317, l2 loss = 32.4341 (max 14.95), (true 762, predicted [728])
attack: step 10/10, xent loss = 33.2908, l2 loss = 33.5456 (max 14.95), (true 762, predicted [728])
check failed
true = 762, adv = 728
evaluating 384 of [380, 390)
attack: step 1/10, xent loss = 12.0766, l2 loss = 20.1452 (max 14.95), (true 312, predicted [317])
attack: step 2/10, xent loss = 13.1625, l2 loss = 20.6877 (max 14.95), (true 312, predicted [317])
attack: step 3/10, xent loss = 14.2772, l2 loss = 21.3944 (max 14.95), (true 312, predicted [317])
attack: step 4/10, xent loss = 14.5597, l2 loss = 22.232 (max 14.95), (true 312, predicted [317])
attack: step 5/10, xent loss = 14.8253, l2 loss = 23.1314 (max 14.95), (true 312, predicted [317])
attack: step 6/10, xent loss = 15.525, l2 loss = 23.7359 (max 14.95), (true 312, predicted [317])
attack: step 7/10, xent loss = 15.5681, l2 loss = 24.4483 (max 14.95), (true 312, predicted [317])
attack: step 8/10, xent loss = 17.325, l2 loss = 24.9872 (max 14.95), (true 312, predicted [317])
attack: step 9/10, xent loss = 15.5811, l2 loss = 25.5457 (max 14.95), (true 312, predicted [317])
attack: step 10/10, xent loss = 16.8089, l2 loss = 26.3602 (max 14.95), (true 312, predicted [317])
check failed
true = 312, adv = 317
evaluating 385 of [380, 390)
attack: step 1/10, xent loss = 10.6367, l2 loss = 17.1316 (max 14.95), (true 186, predicted [728])
attack: step 2/10, xent loss = 13.0135, l2 loss = 18.7471 (max 14.95), (true 186, predicted [728])
attack: step 3/10, xent loss = 11.0936, l2 loss = 20.9153 (max 14.95), (true 186, predicted [728])
attack: step 4/10, xent loss = 13.1082, l2 loss = 22.2109 (max 14.95), (true 186, predicted [728])
attack: step 5/10, xent loss = 14.4133, l2 loss = 23.991 (max 14.95), (true 186, predicted [728])
attack: step 6/10, xent loss = 15.6965, l2 loss = 25.9746 (max 14.95), (true 186, predicted [728])
attack: step 7/10, xent loss = 17.632, l2 loss = 27.263 (max 14.95), (true 186, predicted [728])
attack: step 8/10, xent loss = 19.1396, l2 loss = 28.487 (max 14.95), (true 186, predicted [728])
attack: step 9/10, xent loss = 18.3975, l2 loss = 30.6835 (max 14.95), (true 186, predicted [728])
attack: step 10/10, xent loss = 17.5729, l2 loss = 32.1001 (max 14.95), (true 186, predicted [728])
check failed
true = 186, adv = 728
evaluating 386 of [380, 390)
attack: step 1/10, xent loss = 15.7193, l2 loss = 17.6393 (max 14.95), (true 61, predicted [728])
attack: step 2/10, xent loss = 15.322, l2 loss = 18.8476 (max 14.95), (true 61, predicted [728])
attack: step 3/10, xent loss = 15.4093, l2 loss = 20.2605 (max 14.95), (true 61, predicted [728])
attack: step 4/10, xent loss = 20.7088, l2 loss = 21.4648 (max 14.95), (true 61, predicted [728])
attack: step 5/10, xent loss = 19.1795, l2 loss = 22.9574 (max 14.95), (true 61, predicted [728])
attack: step 6/10, xent loss = 18.9075, l2 loss = 23.9572 (max 14.95), (true 61, predicted [728])
attack: step 7/10, xent loss = 21.4257, l2 loss = 25.141 (max 14.95), (true 61, predicted [728])
attack: step 8/10, xent loss = 19.2595, l2 loss = 26.2332 (max 14.95), (true 61, predicted [728])
attack: step 9/10, xent loss = 18.4941, l2 loss = 27.2107 (max 14.95), (true 61, predicted [728])
attack: step 10/10, xent loss = 23.6721, l2 loss = 28.208 (max 14.95), (true 61, predicted [728])
check failed
true = 61, adv = 728
evaluating 387 of [380, 390)
attack: step 1/10, xent loss = 5.59496, l2 loss = 13.0832 (max 14.95), (true 393, predicted [601])
attack: step 2/10, xent loss = 6.03115, l2 loss = 13.7879 (max 14.95), (true 393, predicted [601])
attack: step 3/10, xent loss = 6.68615, l2 loss = 14.3601 (max 14.95), (true 393, predicted [601])
attack: step 4/10, xent loss = 7.33937, l2 loss = 14.9224 (max 14.95), (true 393, predicted [601])
attack: step 5/10, xent loss = 6.19558, l2 loss = 15.3567 (max 14.95), (true 393, predicted [601])
attack: step 6/10, xent loss = 7.50536, l2 loss = 15.8529 (max 14.95), (true 393, predicted [601])
attack: step 7/10, xent loss = 8.00768, l2 loss = 16.1926 (max 14.95), (true 393, predicted [601])
attack: step 8/10, xent loss = 7.74714, l2 loss = 16.5109 (max 14.95), (true 393, predicted [601])
attack: step 9/10, xent loss = 8.31318, l2 loss = 16.8856 (max 14.95), (true 393, predicted [601])
attack: step 10/10, xent loss = 8.01273, l2 loss = 17.3314 (max 14.95), (true 393, predicted [601])
check failed
true = 393, adv = 601
evaluating 388 of [380, 390)
attack: step 1/10, xent loss = 0.00014757, l2 loss = 0.00431635 (max 14.95), (true 439, predicted [439])
attack: step 2/10, xent loss = 0.00155876, l2 loss = 0.00451529 (max 14.95), (true 439, predicted [439])
attack: step 3/10, xent loss = 0.00250134, l2 loss = 0.01593 (max 14.95), (true 439, predicted [439])
attack: step 4/10, xent loss = 3.38549e-05, l2 loss = 0.0265116 (max 14.95), (true 439, predicted [439])
attack: step 5/10, xent loss = 5.48361e-06, l2 loss = 0.0265181 (max 14.95), (true 439, predicted [439])
attack: step 6/10, xent loss = 5.12599e-06, l2 loss = 0.0265186 (max 14.95), (true 439, predicted [439])
attack: step 7/10, xent loss = 0.00040368, l2 loss = 0.0265199 (max 14.95), (true 439, predicted [439])
attack: step 8/10, xent loss = 0.00030644, l2 loss = 0.0267191 (max 14.95), (true 439, predicted [439])
attack: step 9/10, xent loss = 3.30204e-05, l2 loss = 0.0269063 (max 14.95), (true 439, predicted [439])
attack: step 10/10, xent loss = 4.98282e-05, l2 loss = 0.0269124 (max 14.95), (true 439, predicted [439])
true = 439, adv = 439
evaluating 389 of [380, 390)
attack: step 1/10, xent loss = 7.57804, l2 loss = 8.43742 (max 14.95), (true 482, predicted [530])
attack: step 2/10, xent loss = 7.64254, l2 loss = 9.42042 (max 14.95), (true 482, predicted [530])
attack: step 3/10, xent loss = 7.43236, l2 loss = 9.83705 (max 14.95), (true 482, predicted [530])
attack: step 4/10, xent loss = 7.71449, l2 loss = 10.1288 (max 14.95), (true 482, predicted [530])
attack: step 5/10, xent loss = 10.219, l2 loss = 10.3799 (max 14.95), (true 482, predicted [530])
attack: step 6/10, xent loss = 8.60303, l2 loss = 11.2501 (max 14.95), (true 482, predicted [530])
attack: step 7/10, xent loss = 8.69045, l2 loss = 12.2666 (max 14.95), (true 482, predicted [530])
attack: step 8/10, xent loss = 9.26295, l2 loss = 12.8446 (max 14.95), (true 482, predicted [530])
attack: step 9/10, xent loss = 8.8406, l2 loss = 13.7705 (max 14.95), (true 482, predicted [530])
attack: step 10/10, xent loss = 8.6123, l2 loss = 14.5237 (max 14.95), (true 482, predicted [530])
check failed
true = 482, adv = 530
