2019-06-06 00:07:13.909117: I tensorflow/core/platform/cpu_feature_guard.cc:141] Your CPU supports instructions that this TensorFlow binary was not compiled to use: SSE4.1 SSE4.2 AVX AVX2 FMA
2019-06-06 00:07:14.471174: I tensorflow/core/platform/profile_utils/cpu_utils.cc:94] CPU Frequency: 2600055000 Hz
2019-06-06 00:07:15.275602: I tensorflow/compiler/xla/service/service.cc:150] XLA service 0x2aaae6ac02a0 executing computations on platform Host. Devices:
2019-06-06 00:07:15.275777: I tensorflow/compiler/xla/service/service.cc:158]   StreamExecutor device (0): <undefined>, <undefined>
2019-06-06 00:07:15.277400: I tensorflow/core/common_runtime/process_util.cc:71] Creating new thread pool with default inter op setting: 2. Tune using inter_op_parallelism_threads for best performance.
evaluating 910 of [910, 920)
attack: step 1/10, xent loss = 5.88685, l2 loss = 0 (max 14.95), (true 762, predicted [723])
attack: step 2/10, xent loss = 7.5058, l2 loss = 2.60262 (max 14.95), (true 762, predicted [723])
attack: step 3/10, xent loss = 6.89399, l2 loss = 3.39058 (max 14.95), (true 762, predicted [723])
attack: step 4/10, xent loss = 7.0984, l2 loss = 3.80464 (max 14.95), (true 762, predicted [723])
attack: step 5/10, xent loss = 6.24581, l2 loss = 4.26305 (max 14.95), (true 762, predicted [701])
attack: step 6/10, xent loss = 6.46006, l2 loss = 4.78461 (max 14.95), (true 762, predicted [723])
attack: step 7/10, xent loss = 5.0263, l2 loss = 5.06582 (max 14.95), (true 762, predicted [723])
attack: step 8/10, xent loss = 7.02862, l2 loss = 5.8424 (max 14.95), (true 762, predicted [723])
attack: step 9/10, xent loss = 5.9963, l2 loss = 6.13154 (max 14.95), (true 762, predicted [607])
attack: step 10/10, xent loss = 5.87916, l2 loss = 6.70207 (max 14.95), (true 762, predicted [607])
true = 762, adv = 478
evaluating 911 of [910, 920)
attack: step 1/10, xent loss = 7.78092, l2 loss = 0 (max 14.95), (true 234, predicted [601])
attack: step 2/10, xent loss = 8.45438, l2 loss = 1.66561 (max 14.95), (true 234, predicted [417])
attack: step 3/10, xent loss = 7.90693, l2 loss = 2.66744 (max 14.95), (true 234, predicted [645])
attack: step 4/10, xent loss = 8.33495, l2 loss = 3.13346 (max 14.95), (true 234, predicted [645])
attack: step 5/10, xent loss = 8.42258, l2 loss = 3.49166 (max 14.95), (true 234, predicted [601])
attack: step 6/10, xent loss = 8.3613, l2 loss = 3.81759 (max 14.95), (true 234, predicted [701])
attack: step 7/10, xent loss = 9.07429, l2 loss = 4.32572 (max 14.95), (true 234, predicted [701])
attack: step 8/10, xent loss = 8.7505, l2 loss = 4.95718 (max 14.95), (true 234, predicted [645])
attack: step 9/10, xent loss = 8.5542, l2 loss = 5.24421 (max 14.95), (true 234, predicted [701])
attack: step 10/10, xent loss = 9.6354, l2 loss = 5.52708 (max 14.95), (true 234, predicted [417])
true = 234, adv = 645
evaluating 912 of [910, 920)
attack: step 1/10, xent loss = 9.90778, l2 loss = 0 (max 14.95), (true 54, predicted [645])
attack: step 2/10, xent loss = 8.23393, l2 loss = 3.96335 (max 14.95), (true 54, predicted [701])
attack: step 3/10, xent loss = 8.98032, l2 loss = 4.54308 (max 14.95), (true 54, predicted [645])
attack: step 4/10, xent loss = 9.13066, l2 loss = 5.7407 (max 14.95), (true 54, predicted [645])
attack: step 5/10, xent loss = 7.96001, l2 loss = 7.006 (max 14.95), (true 54, predicted [417])
attack: step 6/10, xent loss = 8.25751, l2 loss = 7.53824 (max 14.95), (true 54, predicted [518])
attack: step 7/10, xent loss = 9.87195, l2 loss = 8.23599 (max 14.95), (true 54, predicted [417])
attack: step 8/10, xent loss = 8.20628, l2 loss = 9.38405 (max 14.95), (true 54, predicted [417])
attack: step 9/10, xent loss = 9.96502, l2 loss = 10.0076 (max 14.95), (true 54, predicted [417])
attack: step 10/10, xent loss = 8.93277, l2 loss = 10.6677 (max 14.95), (true 54, predicted [405])
true = 54, adv = 417
evaluating 913 of [910, 920)
attack: step 1/10, xent loss = 7.96645, l2 loss = 0 (max 14.95), (true 259, predicted [728])
attack: step 2/10, xent loss = 8.82259, l2 loss = 5.3874 (max 14.95), (true 259, predicted [728])
attack: step 3/10, xent loss = 8.85596, l2 loss = 6.671 (max 14.95), (true 259, predicted [728])
attack: step 4/10, xent loss = 7.32237, l2 loss = 7.68035 (max 14.95), (true 259, predicted [728])
attack: step 5/10, xent loss = 5.92721, l2 loss = 9.33034 (max 14.95), (true 259, predicted [728])
attack: step 6/10, xent loss = 10.3657, l2 loss = 9.89824 (max 14.95), (true 259, predicted [879])
attack: step 7/10, xent loss = 7.17056, l2 loss = 11.998 (max 14.95), (true 259, predicted [728])
attack: step 8/10, xent loss = 10.779, l2 loss = 12.9087 (max 14.95), (true 259, predicted [728])
attack: step 9/10, xent loss = 7.82729, l2 loss = 14.5111 (max 14.95), (true 259, predicted [728])
attack: step 10/10, xent loss = 8.24132, l2 loss = 15.3497 (max 14.95), (true 259, predicted [728])
check failed
true = 259, adv = 879
evaluating 914 of [910, 920)
attack: step 1/10, xent loss = 7.76047, l2 loss = 0 (max 14.95), (true 188, predicted [478])
attack: step 2/10, xent loss = 8.77562, l2 loss = 2.27711 (max 14.95), (true 188, predicted [879])
attack: step 3/10, xent loss = 8.62795, l2 loss = 3.26899 (max 14.95), (true 188, predicted [879])
attack: step 4/10, xent loss = 8.5107, l2 loss = 4.32228 (max 14.95), (true 188, predicted [728])
attack: step 5/10, xent loss = 8.73148, l2 loss = 5.12534 (max 14.95), (true 188, predicted [723])
attack: step 6/10, xent loss = 7.99494, l2 loss = 5.59155 (max 14.95), (true 188, predicted [619])
attack: step 7/10, xent loss = 8.20501, l2 loss = 6.17623 (max 14.95), (true 188, predicted [478])
attack: step 8/10, xent loss = 9.58469, l2 loss = 6.52427 (max 14.95), (true 188, predicted [478])
attack: step 9/10, xent loss = 8.48934, l2 loss = 7.44883 (max 14.95), (true 188, predicted [478])
attack: step 10/10, xent loss = 8.626, l2 loss = 7.90079 (max 14.95), (true 188, predicted [478])
true = 188, adv = 478
evaluating 915 of [910, 920)
attack: step 1/10, xent loss = 3.8422, l2 loss = 0 (max 14.95), (true 692, predicted [478])
attack: step 2/10, xent loss = 3.35949, l2 loss = 2.31931 (max 14.95), (true 692, predicted [751])
attack: step 3/10, xent loss = 4.20169, l2 loss = 4.7168 (max 14.95), (true 692, predicted [751])
attack: step 4/10, xent loss = 4.71869, l2 loss = 5.61419 (max 14.95), (true 692, predicted [751])
attack: step 5/10, xent loss = 5.25179, l2 loss = 6.92421 (max 14.95), (true 692, predicted [751])
attack: step 6/10, xent loss = 4.58097, l2 loss = 7.38021 (max 14.95), (true 692, predicted [478])
attack: step 7/10, xent loss = 3.34835, l2 loss = 7.78452 (max 14.95), (true 692, predicted [751])
attack: step 8/10, xent loss = 5.14701, l2 loss = 8.30408 (max 14.95), (true 692, predicted [817])
attack: step 9/10, xent loss = 2.92696, l2 loss = 8.85328 (max 14.95), (true 692, predicted [478])
attack: step 10/10, xent loss = 4.73189, l2 loss = 9.24669 (max 14.95), (true 692, predicted [751])
true = 692, adv = 751
evaluating 916 of [910, 920)
attack: step 1/10, xent loss = 6.62925, l2 loss = 0 (max 14.95), (true 971, predicted [723])
attack: step 2/10, xent loss = 6.19702, l2 loss = 1.52399 (max 14.95), (true 971, predicted [607])
attack: step 3/10, xent loss = 6.10184, l2 loss = 2.6662 (max 14.95), (true 971, predicted [607])
attack: step 4/10, xent loss = 6.61744, l2 loss = 3.16067 (max 14.95), (true 971, predicted [607])
attack: step 5/10, xent loss = 6.67558, l2 loss = 3.7204 (max 14.95), (true 971, predicted [607])
attack: step 6/10, xent loss = 6.40561, l2 loss = 4.10377 (max 14.95), (true 971, predicted [723])
attack: step 7/10, xent loss = 6.51481, l2 loss = 4.47061 (max 14.95), (true 971, predicted [723])
attack: step 8/10, xent loss = 6.12248, l2 loss = 5.01556 (max 14.95), (true 971, predicted [723])
attack: step 9/10, xent loss = 6.41728, l2 loss = 5.29841 (max 14.95), (true 971, predicted [723])
attack: step 10/10, xent loss = 6.30023, l2 loss = 5.61689 (max 14.95), (true 971, predicted [607])
true = 971, adv = 607
evaluating 917 of [910, 920)
attack: step 1/10, xent loss = 7.04204, l2 loss = 0 (max 14.95), (true 674, predicted [643])
attack: step 2/10, xent loss = 7.75475, l2 loss = 2.28853 (max 14.95), (true 674, predicted [774])
attack: step 3/10, xent loss = 7.00594, l2 loss = 3.63872 (max 14.95), (true 674, predicted [770])
attack: step 4/10, xent loss = 7.52958, l2 loss = 4.08922 (max 14.95), (true 674, predicted [502])
attack: step 5/10, xent loss = 6.77429, l2 loss = 4.49419 (max 14.95), (true 674, predicted [502])
attack: step 6/10, xent loss = 7.57043, l2 loss = 4.90987 (max 14.95), (true 674, predicted [643])
attack: step 7/10, xent loss = 7.72502, l2 loss = 5.37858 (max 14.95), (true 674, predicted [643])
attack: step 8/10, xent loss = 7.44741, l2 loss = 6.1056 (max 14.95), (true 674, predicted [774])
attack: step 9/10, xent loss = 7.35955, l2 loss = 6.53469 (max 14.95), (true 674, predicted [643])
attack: step 10/10, xent loss = 7.17606, l2 loss = 6.90122 (max 14.95), (true 674, predicted [774])
true = 674, adv = 643
evaluating 918 of [910, 920)
attack: step 1/10, xent loss = 7.87542, l2 loss = 0 (max 14.95), (true 213, predicted [879])
attack: step 2/10, xent loss = 7.67253, l2 loss = 2.43088 (max 14.95), (true 213, predicted [723])
attack: step 3/10, xent loss = 7.84964, l2 loss = 3.17841 (max 14.95), (true 213, predicted [557])
attack: step 4/10, xent loss = 8.51322, l2 loss = 4.10732 (max 14.95), (true 213, predicted [842])
attack: step 5/10, xent loss = 8.06553, l2 loss = 4.84437 (max 14.95), (true 213, predicted [478])
attack: step 6/10, xent loss = 8.85048, l2 loss = 5.41415 (max 14.95), (true 213, predicted [478])
attack: step 7/10, xent loss = 8.5177, l2 loss = 6.09034 (max 14.95), (true 213, predicted [879])
attack: step 8/10, xent loss = 8.43064, l2 loss = 7.09471 (max 14.95), (true 213, predicted [895])
attack: step 9/10, xent loss = 8.69039, l2 loss = 7.52099 (max 14.95), (true 213, predicted [701])
attack: step 10/10, xent loss = 7.73937, l2 loss = 7.95263 (max 14.95), (true 213, predicted [879])
true = 213, adv = 701
evaluating 919 of [910, 920)
attack: step 1/10, xent loss = 7.08635, l2 loss = 0 (max 14.95), (true 519, predicted [549])
attack: step 2/10, xent loss = 7.48539, l2 loss = 3.9591 (max 14.95), (true 519, predicted [549])
attack: step 3/10, xent loss = 6.88909, l2 loss = 5.62893 (max 14.95), (true 519, predicted [549])
attack: step 4/10, xent loss = 5.28013, l2 loss = 6.35947 (max 14.95), (true 519, predicted [478])
attack: step 5/10, xent loss = 5.973, l2 loss = 6.6324 (max 14.95), (true 519, predicted [549])
attack: step 6/10, xent loss = 5.10363, l2 loss = 7.23383 (max 14.95), (true 519, predicted [549])
attack: step 7/10, xent loss = 9.72238, l2 loss = 7.52852 (max 14.95), (true 519, predicted [549])
attack: step 8/10, xent loss = 5.7623, l2 loss = 8.49471 (max 14.95), (true 519, predicted [549])
attack: step 9/10, xent loss = 7.60084, l2 loss = 8.99294 (max 14.95), (true 519, predicted [549])
attack: step 10/10, xent loss = 7.22666, l2 loss = 9.51905 (max 14.95), (true 519, predicted [549])
true = 519, adv = 549
Warning: Permanently added 'node212,192.168.10.212' (RSA) to the list of known hosts.
