2019-06-24 23:29:17.586214: I tensorflow/core/platform/cpu_feature_guard.cc:141] Your CPU supports instructions that this TensorFlow binary was not compiled to use: SSE4.1 SSE4.2 AVX AVX2 FMA
2019-06-24 23:29:19.877423: I tensorflow/core/platform/profile_utils/cpu_utils.cc:94] CPU Frequency: 2599945000 Hz
2019-06-24 23:29:19.890122: I tensorflow/compiler/xla/service/service.cc:150] XLA service 0x2aaae6ac0b90 executing computations on platform Host. Devices:
2019-06-24 23:29:19.890163: I tensorflow/compiler/xla/service/service.cc:158]   StreamExecutor device (0): <undefined>, <undefined>
2019-06-24 23:29:19.890490: I tensorflow/core/common_runtime/process_util.cc:71] Creating new thread pool with default inter op setting: 2. Tune using inter_op_parallelism_threads for best performance.
evaluating 560 of [560, 570)
attack: step 1/10, xent loss = 21.1675, l2 loss = 19.4208 (max 14.95), (true 448, predicted [494])
attack: step 2/10, xent loss = 18.2277, l2 loss = 21.1954 (max 14.95), (true 448, predicted [494])
attack: step 3/10, xent loss = 19.6184, l2 loss = 23.0121 (max 14.95), (true 448, predicted [494])
attack: step 4/10, xent loss = 21.2211, l2 loss = 24.7567 (max 14.95), (true 448, predicted [494])
attack: step 5/10, xent loss = 22.4215, l2 loss = 25.9934 (max 14.95), (true 448, predicted [494])
attack: step 6/10, xent loss = 24.8985, l2 loss = 27.1217 (max 14.95), (true 448, predicted [494])
attack: step 7/10, xent loss = 27.179, l2 loss = 28.2323 (max 14.95), (true 448, predicted [494])
attack: step 8/10, xent loss = 26.4329, l2 loss = 29.606 (max 14.95), (true 448, predicted [494])
attack: step 9/10, xent loss = 27.7275, l2 loss = 30.7489 (max 14.95), (true 448, predicted [494])
attack: step 10/10, xent loss = 29.9415, l2 loss = 32.1617 (max 14.95), (true 448, predicted [494])
check failed
true = 448, adv = 494
evaluating 561 of [560, 570)
attack: step 1/10, xent loss = 13.1952, l2 loss = 12.8438 (max 14.95), (true 463, predicted [927])
attack: step 2/10, xent loss = 12.8051, l2 loss = 13.3826 (max 14.95), (true 463, predicted [927])
attack: step 3/10, xent loss = 14.5835, l2 loss = 14.0916 (max 14.95), (true 463, predicted [927])
attack: step 4/10, xent loss = 15.4354, l2 loss = 14.7413 (max 14.95), (true 463, predicted [927])
attack: step 5/10, xent loss = 14.4356, l2 loss = 15.5123 (max 14.95), (true 463, predicted [927])
attack: step 6/10, xent loss = 15.0668, l2 loss = 16.0257 (max 14.95), (true 463, predicted [927])
attack: step 7/10, xent loss = 16.2777, l2 loss = 16.78 (max 14.95), (true 463, predicted [927])
attack: step 8/10, xent loss = 17.4673, l2 loss = 17.7991 (max 14.95), (true 463, predicted [927])
attack: step 9/10, xent loss = 17.4016, l2 loss = 18.3689 (max 14.95), (true 463, predicted [927])
attack: step 10/10, xent loss = 15.974, l2 loss = 19.0722 (max 14.95), (true 463, predicted [927])
check failed
true = 463, adv = 927
evaluating 562 of [560, 570)
attack: step 1/10, xent loss = 0.0204169, l2 loss = 0.241476 (max 14.95), (true 769, predicted [769])
attack: step 2/10, xent loss = 0.0245758, l2 loss = 0.264219 (max 14.95), (true 769, predicted [769])
attack: step 3/10, xent loss = 0.061148, l2 loss = 0.303213 (max 14.95), (true 769, predicted [769])
attack: step 4/10, xent loss = 0.0135823, l2 loss = 0.494614 (max 14.95), (true 769, predicted [769])
attack: step 5/10, xent loss = 0.0292785, l2 loss = 0.503282 (max 14.95), (true 769, predicted [769])
attack: step 6/10, xent loss = 0.0144504, l2 loss = 0.534856 (max 14.95), (true 769, predicted [769])
attack: step 7/10, xent loss = 0.0193787, l2 loss = 0.546173 (max 14.95), (true 769, predicted [769])
attack: step 8/10, xent loss = 0.051254, l2 loss = 0.561561 (max 14.95), (true 769, predicted [769])
attack: step 9/10, xent loss = 0.0807543, l2 loss = 0.627344 (max 14.95), (true 769, predicted [769])
attack: step 10/10, xent loss = 0.0305427, l2 loss = 0.754213 (max 14.95), (true 769, predicted [769])
true = 769, adv = 769
evaluating 563 of [560, 570)
attack: step 1/10, xent loss = 33.9823, l2 loss = 24.7889 (max 14.95), (true 568, predicted [955])
attack: step 2/10, xent loss = 35.4933, l2 loss = 26.7041 (max 14.95), (true 568, predicted [955])
attack: step 3/10, xent loss = 38.1436, l2 loss = 28.2523 (max 14.95), (true 568, predicted [955])
attack: step 4/10, xent loss = 36.6126, l2 loss = 30.022 (max 14.95), (true 568, predicted [955])
attack: step 5/10, xent loss = 36.1097, l2 loss = 32.2826 (max 14.95), (true 568, predicted [955])
attack: step 6/10, xent loss = 37.0419, l2 loss = 33.9756 (max 14.95), (true 568, predicted [955])
attack: step 7/10, xent loss = 42.1292, l2 loss = 35.3898 (max 14.95), (true 568, predicted [955])
attack: step 8/10, xent loss = 43.3476, l2 loss = 37.1027 (max 14.95), (true 568, predicted [955])
attack: step 9/10, xent loss = 45.5603, l2 loss = 38.0595 (max 14.95), (true 568, predicted [955])
attack: step 10/10, xent loss = 42.9, l2 loss = 39.0352 (max 14.95), (true 568, predicted [955])
check failed
true = 568, adv = 955
evaluating 564 of [560, 570)
attack: step 1/10, xent loss = 11.2481, l2 loss = 10.7919 (max 14.95), (true 839, predicted [975])
attack: step 2/10, xent loss = 11.5768, l2 loss = 11.4279 (max 14.95), (true 839, predicted [975])
attack: step 3/10, xent loss = 11.1643, l2 loss = 12.1211 (max 14.95), (true 839, predicted [975])
attack: step 4/10, xent loss = 11.5083, l2 loss = 12.6464 (max 14.95), (true 839, predicted [975])
attack: step 5/10, xent loss = 12.4805, l2 loss = 13.2007 (max 14.95), (true 839, predicted [975])
attack: step 6/10, xent loss = 13.0133, l2 loss = 13.8396 (max 14.95), (true 839, predicted [975])
attack: step 7/10, xent loss = 11.707, l2 loss = 14.3987 (max 14.95), (true 839, predicted [975])
attack: step 8/10, xent loss = 13.4185, l2 loss = 15.3128 (max 14.95), (true 839, predicted [975])
attack: step 9/10, xent loss = 13.9064, l2 loss = 15.8582 (max 14.95), (true 839, predicted [975])
attack: step 10/10, xent loss = 13.6134, l2 loss = 16.5302 (max 14.95), (true 839, predicted [975])
check failed
true = 839, adv = 975
evaluating 565 of [560, 570)
attack: step 1/10, xent loss = 14.1594, l2 loss = 24.2519 (max 14.95), (true 785, predicted [838])
attack: step 2/10, xent loss = 18.7426, l2 loss = 26.0761 (max 14.95), (true 785, predicted [838])
attack: step 3/10, xent loss = 20.2542, l2 loss = 26.9598 (max 14.95), (true 785, predicted [838])
attack: step 4/10, xent loss = 17.1278, l2 loss = 27.695 (max 14.95), (true 785, predicted [838])
attack: step 5/10, xent loss = 19.7796, l2 loss = 28.8146 (max 14.95), (true 785, predicted [838])
attack: step 6/10, xent loss = 19.615, l2 loss = 29.3561 (max 14.95), (true 785, predicted [838])
attack: step 7/10, xent loss = 21.5614, l2 loss = 29.8451 (max 14.95), (true 785, predicted [838])
attack: step 8/10, xent loss = 24.5113, l2 loss = 30.5407 (max 14.95), (true 785, predicted [838])
attack: step 9/10, xent loss = 24.2875, l2 loss = 31.2593 (max 14.95), (true 785, predicted [838])
attack: step 10/10, xent loss = 25.1766, l2 loss = 32.373 (max 14.95), (true 785, predicted [838])
check failed
true = 785, adv = 838
evaluating 566 of [560, 570)
attack: step 1/10, xent loss = 0.0507736, l2 loss = 0.245804 (max 14.95), (true 348, predicted [348])
attack: step 2/10, xent loss = 0.0480264, l2 loss = 0.271643 (max 14.95), (true 348, predicted [348])
attack: step 3/10, xent loss = 0.057245, l2 loss = 0.288648 (max 14.95), (true 348, predicted [348])
attack: step 4/10, xent loss = 0.0273657, l2 loss = 0.314664 (max 14.95), (true 348, predicted [348])
attack: step 5/10, xent loss = 0.044432, l2 loss = 0.325343 (max 14.95), (true 348, predicted [348])
attack: step 6/10, xent loss = 0.0545423, l2 loss = 0.341857 (max 14.95), (true 348, predicted [348])
attack: step 7/10, xent loss = 0.0578818, l2 loss = 0.365042 (max 14.95), (true 348, predicted [348])
attack: step 8/10, xent loss = 0.0436633, l2 loss = 0.390814 (max 14.95), (true 348, predicted [348])
attack: step 9/10, xent loss = 0.0422575, l2 loss = 0.407692 (max 14.95), (true 348, predicted [348])
attack: step 10/10, xent loss = 0.0388526, l2 loss = 0.423651 (max 14.95), (true 348, predicted [348])
true = 348, adv = 348
evaluating 567 of [560, 570)
attack: step 1/10, xent loss = 3.67301, l2 loss = 6.91619 (max 14.95), (true 572, predicted [936])
attack: step 2/10, xent loss = 4.96461, l2 loss = 7.59673 (max 14.95), (true 572, predicted [117])
attack: step 3/10, xent loss = 5.36559, l2 loss = 8.21324 (max 14.95), (true 572, predicted [936])
attack: step 4/10, xent loss = 4.74445, l2 loss = 8.68896 (max 14.95), (true 572, predicted [117])
attack: step 5/10, xent loss = 6.06059, l2 loss = 9.14917 (max 14.95), (true 572, predicted [936])
attack: step 6/10, xent loss = 6.57353, l2 loss = 9.73187 (max 14.95), (true 572, predicted [936])
attack: step 7/10, xent loss = 5.74199, l2 loss = 10.4057 (max 14.95), (true 572, predicted [936])
attack: step 8/10, xent loss = 7.9052, l2 loss = 10.7699 (max 14.95), (true 572, predicted [936])
attack: step 9/10, xent loss = 6.87931, l2 loss = 11.4224 (max 14.95), (true 572, predicted [936])
attack: step 10/10, xent loss = 7.87852, l2 loss = 12.1059 (max 14.95), (true 572, predicted [936])
true = 572, adv = 936
evaluating 568 of [560, 570)
attack: step 1/10, xent loss = 0.0806985, l2 loss = 1.50031 (max 14.95), (true 301, predicted [301])
attack: step 2/10, xent loss = 0.154246, l2 loss = 1.51908 (max 14.95), (true 301, predicted [301])
attack: step 3/10, xent loss = 0.195058, l2 loss = 1.59815 (max 14.95), (true 301, predicted [301])
attack: step 4/10, xent loss = 0.0863563, l2 loss = 1.73628 (max 14.95), (true 301, predicted [301])
attack: step 5/10, xent loss = 0.0692537, l2 loss = 1.76133 (max 14.95), (true 301, predicted [301])
attack: step 6/10, xent loss = 0.107359, l2 loss = 1.7855 (max 14.95), (true 301, predicted [301])
attack: step 7/10, xent loss = 0.178837, l2 loss = 1.8326 (max 14.95), (true 301, predicted [301])
attack: step 8/10, xent loss = 0.187876, l2 loss = 1.96248 (max 14.95), (true 301, predicted [301])
attack: step 9/10, xent loss = 0.404972, l2 loss = 2.0518 (max 14.95), (true 301, predicted [301])
attack: step 10/10, xent loss = 0.181091, l2 loss = 2.33937 (max 14.95), (true 301, predicted [301])
true = 301, adv = 301
evaluating 569 of [560, 570)
attack: step 1/10, xent loss = 14.7119, l2 loss = 17.8045 (max 14.95), (true 686, predicted [412])
attack: step 2/10, xent loss = 18.9897, l2 loss = 18.9677 (max 14.95), (true 686, predicted [412])
attack: step 3/10, xent loss = 18.5406, l2 loss = 19.6177 (max 14.95), (true 686, predicted [412])
attack: step 4/10, xent loss = 20.3162, l2 loss = 20.877 (max 14.95), (true 686, predicted [412])
attack: step 5/10, xent loss = 19.1152, l2 loss = 21.8022 (max 14.95), (true 686, predicted [412])
attack: step 6/10, xent loss = 22.6517, l2 loss = 22.789 (max 14.95), (true 686, predicted [412])
attack: step 7/10, xent loss = 22.6323, l2 loss = 23.5961 (max 14.95), (true 686, predicted [412])
attack: step 8/10, xent loss = 22.6374, l2 loss = 24.4538 (max 14.95), (true 686, predicted [412])
attack: step 9/10, xent loss = 23.3367, l2 loss = 25.2743 (max 14.95), (true 686, predicted [412])
attack: step 10/10, xent loss = 24.1285, l2 loss = 26.1464 (max 14.95), (true 686, predicted [412])
check failed
true = 686, adv = 412
