2019-11-04 08:50:59.499477: I tensorflow/core/platform/cpu_feature_guard.cc:141] Your CPU supports instructions that this TensorFlow binary was not compiled to use: SSE4.1 SSE4.2 AVX AVX2 FMA
2019-11-04 08:50:59.771308: I tensorflow/core/platform/profile_utils/cpu_utils.cc:94] CPU Frequency: 2600085000 Hz
2019-11-04 08:50:59.774318: I tensorflow/compiler/xla/service/service.cc:150] XLA service 0x2aaae6bc25b0 executing computations on platform Host. Devices:
2019-11-04 08:50:59.774600: I tensorflow/compiler/xla/service/service.cc:158]   StreamExecutor device (0): <undefined>, <undefined>
2019-11-04 08:50:59.776732: I tensorflow/core/common_runtime/process_util.cc:71] Creating new thread pool with default inter op setting: 2. Tune using inter_op_parallelism_threads for best performance.
evaluating 880 of [880, 890)
attack: step 1/1, xent loss = 0.417852, l2 loss = 17.0073 (max 14.95), (true 962, predicted [962])
check failed
true = 962, adv = 965
evaluating 881 of [880, 890)
attack: step 1/1, xent loss = 7.92708, l2 loss = 29.0165 (max 14.95), (true 875, predicted [808])
check failed
true = 875, adv = 837
evaluating 882 of [880, 890)
attack: step 1/1, xent loss = 5.81125, l2 loss = 41.1993 (max 14.95), (true 262, predicted [369])
check failed
true = 262, adv = 793
evaluating 883 of [880, 890)
attack: step 1/1, xent loss = 5.43801, l2 loss = 28.5294 (max 14.95), (true 824, predicted [797])
check failed
true = 824, adv = 797
evaluating 884 of [880, 890)
attack: step 1/1, xent loss = 2.54211, l2 loss = 33.5678 (max 14.95), (true 319, predicted [795])
check failed
true = 319, adv = 795
evaluating 885 of [880, 890)
attack: step 1/1, xent loss = 7.23793, l2 loss = 15.2189 (max 14.95), (true 908, predicted [895])
check failed
true = 908, adv = 895
evaluating 886 of [880, 890)
attack: step 1/1, xent loss = 12.0543, l2 loss = 17.0987 (max 14.95), (true 942, predicted [502])
check failed
true = 942, adv = 502
evaluating 887 of [880, 890)
attack: step 1/1, xent loss = 10.1037, l2 loss = 29.7019 (max 14.95), (true 265, predicted [290])
check failed
true = 265, adv = 295
evaluating 888 of [880, 890)
attack: step 1/1, xent loss = 0.0766705, l2 loss = 24.4543 (max 14.95), (true 962, predicted [962])
check failed
true = 962, adv = 728
evaluating 889 of [880, 890)
attack: step 1/1, xent loss = 8.40757, l2 loss = 19.123 (max 14.95), (true 374, predicted [204])
check failed
true = 374, adv = 153
