2019-11-04 07:18:38.199643: I tensorflow/core/platform/cpu_feature_guard.cc:141] Your CPU supports instructions that this TensorFlow binary was not compiled to use: SSE4.1 SSE4.2 AVX AVX2 FMA
2019-11-04 07:18:38.209552: I tensorflow/core/platform/profile_utils/cpu_utils.cc:94] CPU Frequency: 2599995000 Hz
2019-11-04 07:18:38.209680: I tensorflow/compiler/xla/service/service.cc:150] XLA service 0x55555902e690 executing computations on platform Host. Devices:
2019-11-04 07:18:38.209700: I tensorflow/compiler/xla/service/service.cc:158]   StreamExecutor device (0): <undefined>, <undefined>
2019-11-04 07:18:38.209890: I tensorflow/core/common_runtime/process_util.cc:71] Creating new thread pool with default inter op setting: 2. Tune using inter_op_parallelism_threads for best performance.
evaluating 100 of [100, 110)
attack: step 1/1, xent loss = 0.327039, l2 loss = 27.6249 (max 14.95), (true 611, predicted [611])
check failed
true = 611, adv = 788
evaluating 101 of [100, 110)
attack: step 1/1, xent loss = 19.4326, l2 loss = 38.5084 (max 14.95), (true 629, predicted [696])
check failed
true = 629, adv = 696
evaluating 102 of [100, 110)
attack: step 1/1, xent loss = 15.1636, l2 loss = 22.6828 (max 14.95), (true 824, predicted [411])
check failed
true = 824, adv = 411
evaluating 103 of [100, 110)
attack: step 1/1, xent loss = 1.65733, l2 loss = 27.2143 (max 14.95), (true 221, predicted [221])
check failed
true = 221, adv = 552
evaluating 104 of [100, 110)
attack: step 1/1, xent loss = 0.246322, l2 loss = 25.8533 (max 14.95), (true 179, predicted [179])
check failed
true = 179, adv = 728
evaluating 105 of [100, 110)
attack: step 1/1, xent loss = 0.0314037, l2 loss = 0.465368 (max 14.95), (true 538, predicted [538])
true = 538, adv = 538
evaluating 106 of [100, 110)
attack: step 1/1, xent loss = 0.00378357, l2 loss = 24.2511 (max 14.95), (true 937, predicted [937])
check failed
true = 937, adv = 728
evaluating 107 of [100, 110)
attack: step 1/1, xent loss = 7.32127, l2 loss = 40.9718 (max 14.95), (true 283, predicted [728])
check failed
true = 283, adv = 728
evaluating 108 of [100, 110)
attack: step 1/1, xent loss = 12.9868, l2 loss = 39.5125 (max 14.95), (true 694, predicted [797])
check failed
true = 694, adv = 797
evaluating 109 of [100, 110)
attack: step 1/1, xent loss = 0.680685, l2 loss = 10.1643 (max 14.95), (true 507, predicted [507])
true = 507, adv = 695
