2019-11-04 01:09:56.215247: I tensorflow/core/platform/cpu_feature_guard.cc:141] Your CPU supports instructions that this TensorFlow binary was not compiled to use: SSE4.1 SSE4.2 AVX AVX2 FMA
2019-11-04 01:09:56.223562: I tensorflow/core/platform/profile_utils/cpu_utils.cc:94] CPU Frequency: 2599755000 Hz
2019-11-04 01:09:56.223749: I tensorflow/compiler/xla/service/service.cc:150] XLA service 0x55555902fea0 executing computations on platform Host. Devices:
2019-11-04 01:09:56.223772: I tensorflow/compiler/xla/service/service.cc:158]   StreamExecutor device (0): <undefined>, <undefined>
2019-11-04 01:09:56.224023: I tensorflow/core/common_runtime/process_util.cc:71] Creating new thread pool with default inter op setting: 2. Tune using inter_op_parallelism_threads for best performance.
evaluating 590 of [590, 600)
attack: step 1/1, xent loss = 0.518115, l2 loss = 23.7292 (max 14.95), (true 86, predicted [86])
check failed
true = 86, adv = 728
evaluating 591 of [590, 600)
attack: step 1/1, xent loss = 3.01039, l2 loss = 36.2165 (max 14.95), (true 596, predicted [457])
check failed
true = 596, adv = 728
evaluating 592 of [590, 600)
attack: step 1/1, xent loss = 0.0528378, l2 loss = 0.642227 (max 14.95), (true 129, predicted [129])
true = 129, adv = 129
evaluating 593 of [590, 600)
attack: step 1/1, xent loss = 4.88578, l2 loss = 40.8351 (max 14.95), (true 112, predicted [390])
check failed
true = 112, adv = 728
evaluating 594 of [590, 600)
attack: step 1/1, xent loss = 4.09079, l2 loss = 21.0584 (max 14.95), (true 7, predicted [83])
check failed
true = 7, adv = 728
evaluating 595 of [590, 600)
attack: step 1/1, xent loss = 1.63034, l2 loss = 42.5706 (max 14.95), (true 214, predicted [214])
check failed
true = 214, adv = 728
evaluating 596 of [590, 600)
attack: step 1/1, xent loss = 5.88025, l2 loss = 17.745 (max 14.95), (true 888, predicted [609])
check failed
true = 888, adv = 728
evaluating 597 of [590, 600)
attack: step 1/1, xent loss = 0.961038, l2 loss = 31.5456 (max 14.95), (true 281, predicted [281])
check failed
true = 281, adv = 723
evaluating 598 of [590, 600)
attack: step 1/1, xent loss = 9.48137, l2 loss = 21.8305 (max 14.95), (true 842, predicted [603])
check failed
true = 842, adv = 690
evaluating 599 of [590, 600)
attack: step 1/1, xent loss = 0.0965284, l2 loss = 40.2983 (max 14.95), (true 261, predicted [261])
check failed
true = 261, adv = 728
