2019-06-06 00:07:13.916650: I tensorflow/core/platform/cpu_feature_guard.cc:141] Your CPU supports instructions that this TensorFlow binary was not compiled to use: SSE4.1 SSE4.2 AVX AVX2 FMA
2019-06-06 00:07:14.008041: I tensorflow/core/platform/profile_utils/cpu_utils.cc:94] CPU Frequency: 2599930000 Hz
2019-06-06 00:07:14.018331: I tensorflow/compiler/xla/service/service.cc:150] XLA service 0x2aaae6fc1870 executing computations on platform Host. Devices:
2019-06-06 00:07:14.018373: I tensorflow/compiler/xla/service/service.cc:158]   StreamExecutor device (0): <undefined>, <undefined>
2019-06-06 00:07:14.018713: I tensorflow/core/common_runtime/process_util.cc:71] Creating new thread pool with default inter op setting: 2. Tune using inter_op_parallelism_threads for best performance.
evaluating 70 of [70, 80)
attack: step 1/10, xent loss = 7.08737, l2 loss = 0 (max 14.95), (true 63, predicted [723])
attack: step 2/10, xent loss = 7.5721, l2 loss = 1.32244 (max 14.95), (true 63, predicted [723])
attack: step 3/10, xent loss = 7.67354, l2 loss = 2.34175 (max 14.95), (true 63, predicted [723])
attack: step 4/10, xent loss = 6.9192, l2 loss = 3.12892 (max 14.95), (true 63, predicted [723])
attack: step 5/10, xent loss = 7.51467, l2 loss = 3.57378 (max 14.95), (true 63, predicted [723])
attack: step 6/10, xent loss = 8.03744, l2 loss = 4.08794 (max 14.95), (true 63, predicted [655])
attack: step 7/10, xent loss = 6.71004, l2 loss = 4.46975 (max 14.95), (true 63, predicted [723])
attack: step 8/10, xent loss = 7.28888, l2 loss = 4.5997 (max 14.95), (true 63, predicted [607])
attack: step 9/10, xent loss = 7.91675, l2 loss = 4.89784 (max 14.95), (true 63, predicted [607])
attack: step 10/10, xent loss = 7.0659, l2 loss = 5.22222 (max 14.95), (true 63, predicted [417])
true = 63, adv = 723
evaluating 71 of [70, 80)
attack: step 1/10, xent loss = 8.85724, l2 loss = 0 (max 14.95), (true 761, predicted [478])
attack: step 2/10, xent loss = 8.56099, l2 loss = 2.97881 (max 14.95), (true 761, predicted [868])
attack: step 3/10, xent loss = 8.25274, l2 loss = 3.67589 (max 14.95), (true 761, predicted [638])
attack: step 4/10, xent loss = 7.70848, l2 loss = 4.34543 (max 14.95), (true 761, predicted [692])
attack: step 5/10, xent loss = 7.78964, l2 loss = 4.83372 (max 14.95), (true 761, predicted [894])
attack: step 6/10, xent loss = 8.27138, l2 loss = 5.3078 (max 14.95), (true 761, predicted [894])
attack: step 7/10, xent loss = 7.88405, l2 loss = 5.63027 (max 14.95), (true 761, predicted [518])
attack: step 8/10, xent loss = 8.48394, l2 loss = 5.96973 (max 14.95), (true 761, predicted [518])
attack: step 9/10, xent loss = 8.67351, l2 loss = 6.27028 (max 14.95), (true 761, predicted [692])
attack: step 10/10, xent loss = 7.79868, l2 loss = 6.47526 (max 14.95), (true 761, predicted [518])
true = 761, adv = 692
evaluating 72 of [70, 80)
attack: step 1/10, xent loss = 7.71291, l2 loss = 0 (max 14.95), (true 37, predicted [701])
attack: step 2/10, xent loss = 8.52397, l2 loss = 1.83356 (max 14.95), (true 37, predicted [728])
attack: step 3/10, xent loss = 7.27603, l2 loss = 3.96317 (max 14.95), (true 37, predicted [509])
attack: step 4/10, xent loss = 7.26724, l2 loss = 4.54928 (max 14.95), (true 37, predicted [723])
attack: step 5/10, xent loss = 6.88615, l2 loss = 4.94495 (max 14.95), (true 37, predicted [879])
attack: step 6/10, xent loss = 7.32594, l2 loss = 5.15749 (max 14.95), (true 37, predicted [723])
attack: step 7/10, xent loss = 6.99078, l2 loss = 5.48293 (max 14.95), (true 37, predicted [723])
attack: step 8/10, xent loss = 7.46804, l2 loss = 5.79975 (max 14.95), (true 37, predicted [879])
attack: step 9/10, xent loss = 8.02548, l2 loss = 6.14185 (max 14.95), (true 37, predicted [723])
attack: step 10/10, xent loss = 6.68206, l2 loss = 6.9295 (max 14.95), (true 37, predicted [701])
true = 37, adv = 728
evaluating 73 of [70, 80)
attack: step 1/10, xent loss = 3.24513, l2 loss = 0 (max 14.95), (true 799, predicted [794])
attack: step 2/10, xent loss = 3.27329, l2 loss = 5.85177 (max 14.95), (true 799, predicted [728])
attack: step 3/10, xent loss = 3.45618, l2 loss = 8.05732 (max 14.95), (true 799, predicted [794])
attack: step 4/10, xent loss = 3.68272, l2 loss = 9.97387 (max 14.95), (true 799, predicted [794])
attack: step 5/10, xent loss = 3.89212, l2 loss = 11.5528 (max 14.95), (true 799, predicted [794])
attack: step 6/10, xent loss = 3.91129, l2 loss = 12.9434 (max 14.95), (true 799, predicted [794])
attack: step 7/10, xent loss = 5.20405, l2 loss = 14.0941 (max 14.95), (true 799, predicted [794])
attack: step 8/10, xent loss = 5.00383, l2 loss = 14.8088 (max 14.95), (true 799, predicted [728])
attack: step 9/10, xent loss = 4.45187, l2 loss = 15.9598 (max 14.95), (true 799, predicted [728])
attack: step 10/10, xent loss = 5.98274, l2 loss = 17.1331 (max 14.95), (true 799, predicted [794])
check failed
true = 799, adv = 794
evaluating 74 of [70, 80)
attack: step 1/10, xent loss = 1.40567, l2 loss = 0 (max 14.95), (true 74, predicted [72])
attack: step 2/10, xent loss = 1.59421, l2 loss = 1.28585 (max 14.95), (true 74, predicted [72])
attack: step 3/10, xent loss = 1.64923, l2 loss = 1.95658 (max 14.95), (true 74, predicted [72])
attack: step 4/10, xent loss = 1.47029, l2 loss = 2.40461 (max 14.95), (true 74, predicted [72])
attack: step 5/10, xent loss = 1.54579, l2 loss = 2.64657 (max 14.95), (true 74, predicted [72])
attack: step 6/10, xent loss = 1.4083, l2 loss = 2.98839 (max 14.95), (true 74, predicted [72])
attack: step 7/10, xent loss = 1.52909, l2 loss = 3.18451 (max 14.95), (true 74, predicted [72])
attack: step 8/10, xent loss = 1.91636, l2 loss = 3.44011 (max 14.95), (true 74, predicted [72])
attack: step 9/10, xent loss = 1.6389, l2 loss = 3.87541 (max 14.95), (true 74, predicted [72])
attack: step 10/10, xent loss = 1.7331, l2 loss = 4.16538 (max 14.95), (true 74, predicted [72])
true = 74, adv = 72
evaluating 75 of [70, 80)
attack: step 1/10, xent loss = 6.21259, l2 loss = 0 (max 14.95), (true 432, predicted [672])
attack: step 2/10, xent loss = 4.76682, l2 loss = 5.80972 (max 14.95), (true 432, predicted [456])
attack: step 3/10, xent loss = 6.71399, l2 loss = 7.16899 (max 14.95), (true 432, predicted [701])
attack: step 4/10, xent loss = 5.39025, l2 loss = 8.08808 (max 14.95), (true 432, predicted [456])
attack: step 5/10, xent loss = 4.33723, l2 loss = 8.93253 (max 14.95), (true 432, predicted [456])
attack: step 6/10, xent loss = 6.1783, l2 loss = 10.0386 (max 14.95), (true 432, predicted [879])
attack: step 7/10, xent loss = 6.75756, l2 loss = 10.5205 (max 14.95), (true 432, predicted [456])
attack: step 8/10, xent loss = 7.48851, l2 loss = 10.9586 (max 14.95), (true 432, predicted [701])
attack: step 9/10, xent loss = 6.76198, l2 loss = 11.4314 (max 14.95), (true 432, predicted [879])
attack: step 10/10, xent loss = 6.44818, l2 loss = 11.7395 (max 14.95), (true 432, predicted [879])
true = 432, adv = 879
evaluating 76 of [70, 80)
attack: step 1/10, xent loss = 10.1523, l2 loss = 0 (max 14.95), (true 193, predicted [638])
attack: step 2/10, xent loss = 9.93357, l2 loss = 3.07845 (max 14.95), (true 193, predicted [906])
attack: step 3/10, xent loss = 9.39453, l2 loss = 3.84704 (max 14.95), (true 193, predicted [692])
attack: step 4/10, xent loss = 9.05148, l2 loss = 4.50058 (max 14.95), (true 193, predicted [906])
attack: step 5/10, xent loss = 9.0612, l2 loss = 4.88508 (max 14.95), (true 193, predicted [842])
attack: step 6/10, xent loss = 10.2943, l2 loss = 5.35665 (max 14.95), (true 193, predicted [692])
attack: step 7/10, xent loss = 9.21601, l2 loss = 6.28433 (max 14.95), (true 193, predicted [842])
attack: step 8/10, xent loss = 8.75294, l2 loss = 6.83282 (max 14.95), (true 193, predicted [692])
attack: step 9/10, xent loss = 9.39097, l2 loss = 7.1665 (max 14.95), (true 193, predicted [478])
attack: step 10/10, xent loss = 9.80817, l2 loss = 7.90363 (max 14.95), (true 193, predicted [692])
true = 193, adv = 728
evaluating 77 of [70, 80)
attack: step 1/10, xent loss = 8.26718, l2 loss = 0 (max 14.95), (true 929, predicted [619])
attack: step 2/10, xent loss = 7.75654, l2 loss = 6.56392 (max 14.95), (true 929, predicted [619])
attack: step 3/10, xent loss = 7.36332, l2 loss = 6.98171 (max 14.95), (true 929, predicted [619])
attack: step 4/10, xent loss = 8.06971, l2 loss = 7.22839 (max 14.95), (true 929, predicted [619])
attack: step 5/10, xent loss = 8.11496, l2 loss = 7.6829 (max 14.95), (true 929, predicted [728])
attack: step 6/10, xent loss = 8.18318, l2 loss = 8.09115 (max 14.95), (true 929, predicted [619])
attack: step 7/10, xent loss = 8.35002, l2 loss = 9.10452 (max 14.95), (true 929, predicted [619])
attack: step 8/10, xent loss = 7.70208, l2 loss = 9.87527 (max 14.95), (true 929, predicted [619])
attack: step 9/10, xent loss = 7.55603, l2 loss = 10.383 (max 14.95), (true 929, predicted [619])
attack: step 10/10, xent loss = 8.18308, l2 loss = 11.1331 (max 14.95), (true 929, predicted [619])
true = 929, adv = 619
evaluating 78 of [70, 80)
attack: step 1/10, xent loss = 7.11764, l2 loss = 0 (max 14.95), (true 546, predicted [723])
attack: step 2/10, xent loss = 7.75354, l2 loss = 1.37148 (max 14.95), (true 546, predicted [723])
attack: step 3/10, xent loss = 7.87056, l2 loss = 1.68772 (max 14.95), (true 546, predicted [723])
attack: step 4/10, xent loss = 7.02138, l2 loss = 2.16703 (max 14.95), (true 546, predicted [723])
attack: step 5/10, xent loss = 7.74655, l2 loss = 3.0067 (max 14.95), (true 546, predicted [723])
attack: step 6/10, xent loss = 7.02743, l2 loss = 3.40346 (max 14.95), (true 546, predicted [723])
attack: step 7/10, xent loss = 7.81896, l2 loss = 3.59495 (max 14.95), (true 546, predicted [723])
attack: step 8/10, xent loss = 7.44297, l2 loss = 3.8337 (max 14.95), (true 546, predicted [723])
attack: step 9/10, xent loss = 7.95666, l2 loss = 3.9801 (max 14.95), (true 546, predicted [723])
attack: step 10/10, xent loss = 7.53537, l2 loss = 4.23312 (max 14.95), (true 546, predicted [723])
true = 546, adv = 723
evaluating 79 of [70, 80)
attack: step 1/10, xent loss = 4.02282, l2 loss = 0 (max 14.95), (true 689, predicted [601])
attack: step 2/10, xent loss = 4.98945, l2 loss = 3.5188 (max 14.95), (true 689, predicted [728])
attack: step 3/10, xent loss = 6.26046, l2 loss = 5.69836 (max 14.95), (true 689, predicted [728])
attack: step 4/10, xent loss = 5.32188, l2 loss = 8.03791 (max 14.95), (true 689, predicted [619])
attack: step 5/10, xent loss = 5.03285, l2 loss = 9.26035 (max 14.95), (true 689, predicted [728])
attack: step 6/10, xent loss = 6.46196, l2 loss = 10.463 (max 14.95), (true 689, predicted [728])
attack: step 7/10, xent loss = 6.14599, l2 loss = 11.6006 (max 14.95), (true 689, predicted [619])
attack: step 8/10, xent loss = 6.41548, l2 loss = 12.4517 (max 14.95), (true 689, predicted [619])
attack: step 9/10, xent loss = 6.53573, l2 loss = 13.3177 (max 14.95), (true 689, predicted [728])
attack: step 10/10, xent loss = 5.9138, l2 loss = 14.581 (max 14.95), (true 689, predicted [728])
check failed
true = 689, adv = 728
