2019-10-26 08:01:08.329643: I tensorflow/core/platform/cpu_feature_guard.cc:141] Your CPU supports instructions that this TensorFlow binary was not compiled to use: SSE4.1 SSE4.2 AVX AVX2 FMA
2019-10-26 08:01:08.337231: I tensorflow/core/platform/profile_utils/cpu_utils.cc:94] CPU Frequency: 2600075000 Hz
2019-10-26 08:01:08.337348: I tensorflow/compiler/xla/service/service.cc:150] XLA service 0x2aaae6bc75d0 executing computations on platform Host. Devices:
2019-10-26 08:01:08.337363: I tensorflow/compiler/xla/service/service.cc:158]   StreamExecutor device (0): <undefined>, <undefined>
2019-10-26 08:01:08.337523: I tensorflow/core/common_runtime/process_util.cc:71] Creating new thread pool with default inter op setting: 2. Tune using inter_op_parallelism_threads for best performance.
evaluating 370 of [370, 380)
attack: step 1/10, xent loss = 9.21527, l2 loss = 18.9377 (max 14.95), (true 572, predicted [412])
unbound attack returning early
check failed
true = 572, adv = 412
evaluating 371 of [370, 380)
attack: step 1/10, xent loss = 36.361, l2 loss = 42.2675 (max 14.95), (true 626, predicted [862])
unbound attack returning early
check failed
true = 626, adv = 862
evaluating 372 of [370, 380)
attack: step 1/10, xent loss = 8.82457, l2 loss = 15.8818 (max 14.95), (true 663, predicted [668])
unbound attack returning early
check failed
true = 663, adv = 668
evaluating 373 of [370, 380)
attack: step 1/10, xent loss = 14.4525, l2 loss = 28.0772 (max 14.95), (true 145, predicted [236])
unbound attack returning early
check failed
true = 145, adv = 236
evaluating 374 of [370, 380)
attack: step 1/10, xent loss = 22.8369, l2 loss = 26.9984 (max 14.95), (true 463, predicted [728])
unbound attack returning early
check failed
true = 463, adv = 728
evaluating 375 of [370, 380)
attack: step 1/10, xent loss = 0.701991, l2 loss = 1.77608 (max 14.95), (true 828, predicted [828])
attack: step 2/10, xent loss = 1.82426, l2 loss = 3.48755 (max 14.95), (true 828, predicted [535])
returning early
true = 828, adv = 535
evaluating 376 of [370, 380)
attack: step 1/10, xent loss = 9.09881, l2 loss = 11.854 (max 14.95), (true 18, predicted [92])
returning early
true = 18, adv = 92
evaluating 377 of [370, 380)
attack: step 1/10, xent loss = 31.5027, l2 loss = 43.3661 (max 14.95), (true 159, predicted [728])
unbound attack returning early
check failed
true = 159, adv = 728
evaluating 378 of [370, 380)
attack: step 1/10, xent loss = 16.8988, l2 loss = 23.2879 (max 14.95), (true 179, predicted [242])
unbound attack returning early
check failed
true = 179, adv = 242
evaluating 379 of [370, 380)
attack: step 1/10, xent loss = 23.4797, l2 loss = 32.1939 (max 14.95), (true 628, predicted [408])
unbound attack returning early
check failed
true = 628, adv = 408
