2019-11-03 23:38:45.131898: I tensorflow/core/platform/cpu_feature_guard.cc:141] Your CPU supports instructions that this TensorFlow binary was not compiled to use: SSE4.1 SSE4.2 AVX AVX2 FMA
2019-11-03 23:38:46.101247: I tensorflow/core/platform/profile_utils/cpu_utils.cc:94] CPU Frequency: 2600025000 Hz
2019-11-03 23:38:46.101455: I tensorflow/compiler/xla/service/service.cc:150] XLA service 0x2aaae6bc2950 executing computations on platform Host. Devices:
2019-11-03 23:38:46.101496: I tensorflow/compiler/xla/service/service.cc:158]   StreamExecutor device (0): <undefined>, <undefined>
2019-11-03 23:38:46.101835: I tensorflow/core/common_runtime/process_util.cc:71] Creating new thread pool with default inter op setting: 2. Tune using inter_op_parallelism_threads for best performance.
evaluating 440 of [440, 450)
attack: step 1/1, xent loss = 12.5342, l2 loss = 22.8105 (max 14.95), (true 209, predicted [805])
check failed
true = 209, adv = 793
evaluating 441 of [440, 450)
attack: step 1/1, xent loss = 0.664133, l2 loss = 21.3759 (max 14.95), (true 652, predicted [652])
check failed
true = 652, adv = 735
evaluating 442 of [440, 450)
attack: step 1/1, xent loss = 3.89456, l2 loss = 24.6011 (max 14.95), (true 681, predicted [620])
check failed
true = 681, adv = 830
evaluating 443 of [440, 450)
attack: step 1/1, xent loss = 4.74228, l2 loss = 17.8433 (max 14.95), (true 906, predicted [523])
check failed
true = 906, adv = 501
evaluating 444 of [440, 450)
attack: step 1/1, xent loss = 7.47876, l2 loss = 27.3451 (max 14.95), (true 764, predicted [491])
check failed
true = 764, adv = 728
evaluating 445 of [440, 450)
attack: step 1/1, xent loss = 0.567401, l2 loss = 25.721 (max 14.95), (true 549, predicted [549])
check failed
true = 549, adv = 816
evaluating 446 of [440, 450)
attack: step 1/1, xent loss = 2.52411, l2 loss = 20.5485 (max 14.95), (true 160, predicted [226])
check failed
true = 160, adv = 501
evaluating 447 of [440, 450)
attack: step 1/1, xent loss = 0.0136211, l2 loss = 11.9274 (max 14.95), (true 191, predicted [191])
true = 191, adv = 728
evaluating 448 of [440, 450)
attack: step 1/1, xent loss = 0.111913, l2 loss = 14.3079 (max 14.95), (true 378, predicted [378])
true = 378, adv = 91
evaluating 449 of [440, 450)
attack: step 1/1, xent loss = 3.39795, l2 loss = 38.0607 (max 14.95), (true 479, predicted [506])
check failed
true = 479, adv = 506
