2019-10-26 17:07:35.973940: I tensorflow/core/platform/cpu_feature_guard.cc:141] Your CPU supports instructions that this TensorFlow binary was not compiled to use: SSE4.1 SSE4.2 AVX AVX2 FMA
2019-10-26 17:07:35.985921: I tensorflow/core/platform/profile_utils/cpu_utils.cc:94] CPU Frequency: 2600030000 Hz
2019-10-26 17:07:35.986201: I tensorflow/compiler/xla/service/service.cc:150] XLA service 0x2aaae6bca940 executing computations on platform Host. Devices:
2019-10-26 17:07:35.986237: I tensorflow/compiler/xla/service/service.cc:158]   StreamExecutor device (0): <undefined>, <undefined>
2019-10-26 17:07:35.987415: I tensorflow/core/common_runtime/process_util.cc:71] Creating new thread pool with default inter op setting: 2. Tune using inter_op_parallelism_threads for best performance.
evaluating 920 of [920, 930)
attack: step 1/10, xent loss = 21.1657, l2 loss = 27.3712 (max 14.95), (true 289, predicted [552])
unbound attack returning early
check failed
true = 289, adv = 552
evaluating 921 of [920, 930)
attack: step 1/10, xent loss = 8.69231, l2 loss = 11.786 (max 14.95), (true 271, predicted [273])
returning early
true = 271, adv = 227
evaluating 922 of [920, 930)
attack: step 1/10, xent loss = 0.104027, l2 loss = 1.04648 (max 14.95), (true 89, predicted [89])
attack: step 2/10, xent loss = 0.123657, l2 loss = 1.07778 (max 14.95), (true 89, predicted [89])
attack: step 3/10, xent loss = 0.150059, l2 loss = 1.1285 (max 14.95), (true 89, predicted [89])
attack: step 4/10, xent loss = 0.162157, l2 loss = 1.17581 (max 14.95), (true 89, predicted [89])
attack: step 5/10, xent loss = 0.132335, l2 loss = 1.23607 (max 14.95), (true 89, predicted [89])
attack: step 6/10, xent loss = 0.09858, l2 loss = 1.28904 (max 14.95), (true 89, predicted [89])
attack: step 7/10, xent loss = 0.125896, l2 loss = 1.32281 (max 14.95), (true 89, predicted [89])
attack: step 8/10, xent loss = 0.177785, l2 loss = 1.36015 (max 14.95), (true 89, predicted [89])
attack: step 9/10, xent loss = 0.136108, l2 loss = 1.42099 (max 14.95), (true 89, predicted [89])
attack: step 10/10, xent loss = 0.128788, l2 loss = 1.45936 (max 14.95), (true 89, predicted [89])
true = 89, adv = 89
evaluating 923 of [920, 930)
attack: step 1/10, xent loss = 14.6501, l2 loss = 27.0631 (max 14.95), (true 862, predicted [749])
unbound attack returning early
check failed
true = 862, adv = 749
evaluating 924 of [920, 930)
attack: step 1/10, xent loss = 35.962, l2 loss = 39.8323 (max 14.95), (true 697, predicted [728])
unbound attack returning early
check failed
true = 697, adv = 728
evaluating 925 of [920, 930)
attack: step 1/10, xent loss = 9.12337, l2 loss = 15.2779 (max 14.95), (true 305, predicted [723])
unbound attack returning early
check failed
true = 305, adv = 788
evaluating 926 of [920, 930)
attack: step 1/10, xent loss = 28.4765, l2 loss = 43.7452 (max 14.95), (true 4, predicted [728])
unbound attack returning early
check failed
true = 4, adv = 728
evaluating 927 of [920, 930)
attack: step 1/10, xent loss = 20.8271, l2 loss = 33.8704 (max 14.95), (true 196, predicted [462])
unbound attack returning early
check failed
true = 196, adv = 462
evaluating 928 of [920, 930)
attack: step 1/10, xent loss = 14.7448, l2 loss = 28.2461 (max 14.95), (true 698, predicted [716])
unbound attack returning early
check failed
true = 698, adv = 716
evaluating 929 of [920, 930)
attack: step 1/10, xent loss = 31.3751, l2 loss = 37.8076 (max 14.95), (true 667, predicted [728])
unbound attack returning early
check failed
true = 667, adv = 728
