2019-06-03 21:55:33.603351: I tensorflow/core/platform/cpu_feature_guard.cc:141] Your CPU supports instructions that this TensorFlow binary was not compiled to use: SSE4.1 SSE4.2 AVX AVX2 FMA
2019-06-03 21:55:34.219227: I tensorflow/core/platform/profile_utils/cpu_utils.cc:94] CPU Frequency: 2599990000 Hz
2019-06-03 21:55:34.226659: I tensorflow/compiler/xla/service/service.cc:150] XLA service 0x2aaae6d49ff0 executing computations on platform Host. Devices:
2019-06-03 21:55:34.227091: I tensorflow/compiler/xla/service/service.cc:158]   StreamExecutor device (0): <undefined>, <undefined>
2019-06-03 21:55:34.233151: I tensorflow/core/common_runtime/process_util.cc:71] Creating new thread pool with default inter op setting: 2. Tune using inter_op_parallelism_threads for best performance.
evaluating 280 of [280, 290)
attack: step 1/10, xent loss = 4.49987, l2 loss = 0 (max 14.95), (true 574, predicted [722])
attack: step 2/10, xent loss = 6.36469, l2 loss = 2.89916 (max 14.95), (true 574, predicted [722])
attack: step 3/10, xent loss = 8.04645, l2 loss = 4.85349 (max 14.95), (true 574, predicted [722])
attack: step 4/10, xent loss = 7.21119, l2 loss = 6.1652 (max 14.95), (true 574, predicted [722])
attack: step 5/10, xent loss = 8.16392, l2 loss = 7.93229 (max 14.95), (true 574, predicted [722])
attack: step 6/10, xent loss = 9.04294, l2 loss = 9.03711 (max 14.95), (true 574, predicted [722])
attack: step 7/10, xent loss = 8.84901, l2 loss = 10.0132 (max 14.95), (true 574, predicted [722])
attack: step 8/10, xent loss = 10.0772, l2 loss = 11.1351 (max 14.95), (true 574, predicted [722])
attack: step 9/10, xent loss = 11.7779, l2 loss = 11.9278 (max 14.95), (true 574, predicted [722])
attack: step 10/10, xent loss = 12.6252, l2 loss = 12.6854 (max 14.95), (true 574, predicted [722])
true = 574, adv = 722
evaluating 281 of [280, 290)
attack: step 1/10, xent loss = 1.55742, l2 loss = 0 (max 14.95), (true 271, predicted [272])
attack: step 2/10, xent loss = 1.58791, l2 loss = 1.87506 (max 14.95), (true 271, predicted [277])
attack: step 3/10, xent loss = 2.27126, l2 loss = 2.84254 (max 14.95), (true 271, predicted [277])
attack: step 4/10, xent loss = 1.70057, l2 loss = 3.78636 (max 14.95), (true 271, predicted [277])
attack: step 5/10, xent loss = 2.61918, l2 loss = 4.49515 (max 14.95), (true 271, predicted [277])
attack: step 6/10, xent loss = 2.60625, l2 loss = 5.2368 (max 14.95), (true 271, predicted [277])
attack: step 7/10, xent loss = 3.82157, l2 loss = 5.94196 (max 14.95), (true 271, predicted [277])
attack: step 8/10, xent loss = 3.45203, l2 loss = 6.37196 (max 14.95), (true 271, predicted [277])
attack: step 9/10, xent loss = 4.31644, l2 loss = 6.99684 (max 14.95), (true 271, predicted [277])
attack: step 10/10, xent loss = 4.85991, l2 loss = 7.38036 (max 14.95), (true 271, predicted [277])
true = 271, adv = 277
evaluating 282 of [280, 290)
attack: step 1/10, xent loss = 0.0558641, l2 loss = 0 (max 14.95), (true 141, predicted [141])
attack: step 2/10, xent loss = 0.0447321, l2 loss = 0.117976 (max 14.95), (true 141, predicted [141])
attack: step 3/10, xent loss = 0.120681, l2 loss = 0.153512 (max 14.95), (true 141, predicted [141])
attack: step 4/10, xent loss = 0.0778284, l2 loss = 0.271888 (max 14.95), (true 141, predicted [141])
attack: step 5/10, xent loss = 0.0767508, l2 loss = 0.331508 (max 14.95), (true 141, predicted [141])
attack: step 6/10, xent loss = 0.127268, l2 loss = 0.374461 (max 14.95), (true 141, predicted [141])
attack: step 7/10, xent loss = 0.119944, l2 loss = 0.452339 (max 14.95), (true 141, predicted [141])
attack: step 8/10, xent loss = 0.100463, l2 loss = 0.516897 (max 14.95), (true 141, predicted [141])
attack: step 9/10, xent loss = 0.0892484, l2 loss = 0.579139 (max 14.95), (true 141, predicted [141])
attack: step 10/10, xent loss = 0.103899, l2 loss = 0.62709 (max 14.95), (true 141, predicted [141])
true = 141, adv = 141
evaluating 283 of [280, 290)
attack: step 1/10, xent loss = 1.98082, l2 loss = 0 (max 14.95), (true 784, predicted [438])
attack: step 2/10, xent loss = 5.1179, l2 loss = 4.50705 (max 14.95), (true 784, predicted [438])
attack: step 3/10, xent loss = 8.02897, l2 loss = 6.26155 (max 14.95), (true 784, predicted [438])
attack: step 4/10, xent loss = 8.32059, l2 loss = 8.04123 (max 14.95), (true 784, predicted [438])
attack: step 5/10, xent loss = 11.0008, l2 loss = 9.27037 (max 14.95), (true 784, predicted [438])
attack: step 6/10, xent loss = 12.7912, l2 loss = 10.2797 (max 14.95), (true 784, predicted [438])
attack: step 7/10, xent loss = 14.1922, l2 loss = 11.2822 (max 14.95), (true 784, predicted [438])
attack: step 8/10, xent loss = 14.9947, l2 loss = 12.294 (max 14.95), (true 784, predicted [438])
attack: step 9/10, xent loss = 15.6565, l2 loss = 13.5425 (max 14.95), (true 784, predicted [438])
attack: step 10/10, xent loss = 17.6047, l2 loss = 14.6601 (max 14.95), (true 784, predicted [438])
check failed
true = 784, adv = 438
evaluating 284 of [280, 290)
attack: step 1/10, xent loss = 0.0162732, l2 loss = 0 (max 14.95), (true 673, predicted [673])
attack: step 2/10, xent loss = 0.0264982, l2 loss = 0.118547 (max 14.95), (true 673, predicted [673])
attack: step 3/10, xent loss = 0.0516842, l2 loss = 0.252248 (max 14.95), (true 673, predicted [673])
attack: step 4/10, xent loss = 0.220888, l2 loss = 0.508123 (max 14.95), (true 673, predicted [673])
attack: step 5/10, xent loss = 0.296685, l2 loss = 1.87045 (max 14.95), (true 673, predicted [673])
attack: step 6/10, xent loss = 0.745219, l2 loss = 2.70668 (max 14.95), (true 673, predicted [673])
attack: step 7/10, xent loss = 3.27028, l2 loss = 4.55518 (max 14.95), (true 673, predicted [749])
attack: step 8/10, xent loss = 4.44959, l2 loss = 7.72976 (max 14.95), (true 673, predicted [439])
attack: step 9/10, xent loss = 4.66419, l2 loss = 10.651 (max 14.95), (true 673, predicted [439])
attack: step 10/10, xent loss = 11.0313, l2 loss = 13.2076 (max 14.95), (true 673, predicted [439])
check failed
true = 673, adv = 439
evaluating 285 of [280, 290)
attack: step 1/10, xent loss = 6.87382, l2 loss = 0 (max 14.95), (true 343, predicted [48])
attack: step 2/10, xent loss = 8.75699, l2 loss = 5.25042 (max 14.95), (true 343, predicted [36])
attack: step 3/10, xent loss = 8.87773, l2 loss = 6.29528 (max 14.95), (true 343, predicted [669])
attack: step 4/10, xent loss = 10.7121, l2 loss = 6.9483 (max 14.95), (true 343, predicted [669])
attack: step 5/10, xent loss = 11.1425, l2 loss = 7.81023 (max 14.95), (true 343, predicted [669])
attack: step 6/10, xent loss = 10.7831, l2 loss = 8.42657 (max 14.95), (true 343, predicted [669])
attack: step 7/10, xent loss = 11.4664, l2 loss = 9.01282 (max 14.95), (true 343, predicted [669])
attack: step 8/10, xent loss = 12.4374, l2 loss = 9.72264 (max 14.95), (true 343, predicted [669])
attack: step 9/10, xent loss = 12.8427, l2 loss = 10.5177 (max 14.95), (true 343, predicted [669])
attack: step 10/10, xent loss = 12.7105, l2 loss = 11.6299 (max 14.95), (true 343, predicted [669])
true = 343, adv = 669
evaluating 286 of [280, 290)
attack: step 1/10, xent loss = 3.05373, l2 loss = 0 (max 14.95), (true 882, predicted [655])
attack: step 2/10, xent loss = 5.44161, l2 loss = 5.85413 (max 14.95), (true 882, predicted [795])
attack: step 3/10, xent loss = 7.5883, l2 loss = 7.91949 (max 14.95), (true 882, predicted [795])
attack: step 4/10, xent loss = 8.2433, l2 loss = 9.04791 (max 14.95), (true 882, predicted [795])
attack: step 5/10, xent loss = 9.82296, l2 loss = 9.81379 (max 14.95), (true 882, predicted [795])
attack: step 6/10, xent loss = 10.5794, l2 loss = 10.9325 (max 14.95), (true 882, predicted [795])
attack: step 7/10, xent loss = 13.6521, l2 loss = 12.0545 (max 14.95), (true 882, predicted [795])
attack: step 8/10, xent loss = 13.332, l2 loss = 13.5479 (max 14.95), (true 882, predicted [795])
attack: step 9/10, xent loss = 15.0499, l2 loss = 14.5929 (max 14.95), (true 882, predicted [795])
attack: step 10/10, xent loss = 15.0338, l2 loss = 15.3092 (max 14.95), (true 882, predicted [796])
check failed
true = 882, adv = 796
evaluating 287 of [280, 290)
attack: step 1/10, xent loss = 6.72085, l2 loss = 0 (max 14.95), (true 452, predicted [645])
attack: step 2/10, xent loss = 7.65266, l2 loss = 3.36859 (max 14.95), (true 452, predicted [264])
attack: step 3/10, xent loss = 7.90927, l2 loss = 5.52198 (max 14.95), (true 452, predicted [645])
attack: step 4/10, xent loss = 7.5831, l2 loss = 6.34809 (max 14.95), (true 452, predicted [264])
attack: step 5/10, xent loss = 9.821, l2 loss = 7.48787 (max 14.95), (true 452, predicted [264])
attack: step 6/10, xent loss = 9.23406, l2 loss = 9.20812 (max 14.95), (true 452, predicted [264])
attack: step 7/10, xent loss = 7.83757, l2 loss = 10.7475 (max 14.95), (true 452, predicted [645])
attack: step 8/10, xent loss = 10.8602, l2 loss = 11.3812 (max 14.95), (true 452, predicted [264])
attack: step 9/10, xent loss = 11.2127, l2 loss = 13.3322 (max 14.95), (true 452, predicted [264])
attack: step 10/10, xent loss = 12.0401, l2 loss = 14.4132 (max 14.95), (true 452, predicted [264])
check failed
true = 452, adv = 264
evaluating 288 of [280, 290)
attack: step 1/10, xent loss = 0.0724484, l2 loss = 0 (max 14.95), (true 129, predicted [129])
attack: step 2/10, xent loss = 0.118568, l2 loss = 0.17016 (max 14.95), (true 129, predicted [129])
attack: step 3/10, xent loss = 0.145519, l2 loss = 0.32668 (max 14.95), (true 129, predicted [129])
attack: step 4/10, xent loss = 0.131668, l2 loss = 0.462601 (max 14.95), (true 129, predicted [129])
attack: step 5/10, xent loss = 0.103305, l2 loss = 0.549154 (max 14.95), (true 129, predicted [129])
attack: step 6/10, xent loss = 0.100904, l2 loss = 0.604346 (max 14.95), (true 129, predicted [129])
attack: step 7/10, xent loss = 0.130861, l2 loss = 0.655104 (max 14.95), (true 129, predicted [129])
attack: step 8/10, xent loss = 0.0900023, l2 loss = 0.753089 (max 14.95), (true 129, predicted [129])
attack: step 9/10, xent loss = 0.126992, l2 loss = 0.794069 (max 14.95), (true 129, predicted [129])
attack: step 10/10, xent loss = 0.0795253, l2 loss = 0.877088 (max 14.95), (true 129, predicted [129])
true = 129, adv = 129
evaluating 289 of [280, 290)
attack: step 1/10, xent loss = 3.29626, l2 loss = 0 (max 14.95), (true 923, predicted [728])
attack: step 2/10, xent loss = 4.8371, l2 loss = 3.22234 (max 14.95), (true 923, predicted [728])
attack: step 3/10, xent loss = 6.03059, l2 loss = 4.78921 (max 14.95), (true 923, predicted [728])
attack: step 4/10, xent loss = 7.94581, l2 loss = 7.01238 (max 14.95), (true 923, predicted [728])
attack: step 5/10, xent loss = 9.30001, l2 loss = 8.89648 (max 14.95), (true 923, predicted [728])
attack: step 6/10, xent loss = 11.0404, l2 loss = 10.1658 (max 14.95), (true 923, predicted [728])
attack: step 7/10, xent loss = 11.1193, l2 loss = 11.4957 (max 14.95), (true 923, predicted [728])
attack: step 8/10, xent loss = 12.3433, l2 loss = 13.2474 (max 14.95), (true 923, predicted [728])
attack: step 9/10, xent loss = 15.7604, l2 loss = 14.3099 (max 14.95), (true 923, predicted [728])
attack: step 10/10, xent loss = 18.2592, l2 loss = 15.5346 (max 14.95), (true 923, predicted [728])
check failed
true = 923, adv = 728
