2019-05-30 19:37:25.500075: I tensorflow/core/platform/cpu_feature_guard.cc:141] Your CPU supports instructions that this TensorFlow binary was not compiled to use: SSE4.1 SSE4.2 AVX AVX2 FMA
2019-05-30 19:37:25.507485: I tensorflow/core/platform/profile_utils/cpu_utils.cc:94] CPU Frequency: 2600080000 Hz
2019-05-30 19:37:25.507660: I tensorflow/compiler/xla/service/service.cc:150] XLA service 0x2aaae6d4a670 executing computations on platform Host. Devices:
2019-05-30 19:37:25.507682: I tensorflow/compiler/xla/service/service.cc:158]   StreamExecutor device (0): <undefined>, <undefined>
2019-05-30 19:37:25.507870: I tensorflow/core/common_runtime/process_util.cc:71] Creating new thread pool with default inter op setting: 2. Tune using inter_op_parallelism_threads for best performance.
evaluating 870 of [870, 880)
attack: step 1/30, xent loss = 0.0611709, l2 loss = 0 (max 14.95), (true 835, predicted [835])
attack: step 2/30, xent loss = 0.207623, l2 loss = 0.0953873 (max 14.95), (true 835, predicted [835])
attack: step 3/30, xent loss = 1.59304, l2 loss = 0.341897 (max 14.95), (true 835, predicted [835])
attack: step 4/30, xent loss = 6.65838, l2 loss = 1.43545 (max 14.95), (true 835, predicted [783])
returning early
true = 835, adv = 783
evaluating 871 of [870, 880)
attack: step 1/30, xent loss = 3.0363, l2 loss = 0 (max 14.95), (true 369, predicted [368])
returning early
true = 369, adv = 368
evaluating 872 of [870, 880)
attack: step 1/30, xent loss = 1.99343, l2 loss = 0 (max 14.95), (true 345, predicted [690])
returning early
true = 345, adv = 690
evaluating 873 of [870, 880)
attack: step 1/30, xent loss = 0.219726, l2 loss = 0 (max 14.95), (true 648, predicted [648])
attack: step 2/30, xent loss = 4.14905, l2 loss = 0.527759 (max 14.95), (true 648, predicted [585])
returning early
true = 648, adv = 585
evaluating 874 of [870, 880)
attack: step 1/30, xent loss = 0.0340726, l2 loss = 0 (max 14.95), (true 214, predicted [214])
attack: step 2/30, xent loss = 0.12395, l2 loss = 0.0674894 (max 14.95), (true 214, predicted [214])
attack: step 3/30, xent loss = 2.91103, l2 loss = 0.319481 (max 14.95), (true 214, predicted [219])
returning early
true = 214, adv = 219
evaluating 875 of [870, 880)
attack: step 1/30, xent loss = 0.00199143, l2 loss = 0 (max 14.95), (true 111, predicted [111])
attack: step 2/30, xent loss = 0.002295, l2 loss = 0.00537364 (max 14.95), (true 111, predicted [111])
attack: step 3/30, xent loss = 0.00268183, l2 loss = 0.0113773 (max 14.95), (true 111, predicted [111])
attack: step 4/30, xent loss = 0.00317082, l2 loss = 0.0180938 (max 14.95), (true 111, predicted [111])
attack: step 5/30, xent loss = 0.00381362, l2 loss = 0.0257128 (max 14.95), (true 111, predicted [111])
attack: step 6/30, xent loss = 0.00469914, l2 loss = 0.0345603 (max 14.95), (true 111, predicted [111])
attack: step 7/30, xent loss = 0.006007, l2 loss = 0.0449894 (max 14.95), (true 111, predicted [111])
attack: step 8/30, xent loss = 0.00812724, l2 loss = 0.0582285 (max 14.95), (true 111, predicted [111])
attack: step 9/30, xent loss = 0.0115943, l2 loss = 0.0748063 (max 14.95), (true 111, predicted [111])
attack: step 10/30, xent loss = 0.0182747, l2 loss = 0.0970147 (max 14.95), (true 111, predicted [111])
attack: step 11/30, xent loss = 0.034966, l2 loss = 0.130018 (max 14.95), (true 111, predicted [111])
attack: step 12/30, xent loss = 0.098451, l2 loss = 0.189308 (max 14.95), (true 111, predicted [111])
attack: step 13/30, xent loss = 0.634738, l2 loss = 0.332181 (max 14.95), (true 111, predicted [111])
attack: step 14/30, xent loss = 4.57988, l2 loss = 1.06092 (max 14.95), (true 111, predicted [35])
returning early
true = 111, adv = 35
evaluating 876 of [870, 880)
attack: step 1/30, xent loss = 0.112755, l2 loss = 0 (max 14.95), (true 537, predicted [537])
attack: step 2/30, xent loss = 0.364462, l2 loss = 0.134185 (max 14.95), (true 537, predicted [537])
attack: step 3/30, xent loss = 2.99365, l2 loss = 0.475528 (max 14.95), (true 537, predicted [249])
returning early
true = 537, adv = 249
evaluating 877 of [870, 880)
attack: step 1/30, xent loss = 0.772657, l2 loss = 0 (max 14.95), (true 52, predicted [52])
attack: step 2/30, xent loss = 5.04898, l2 loss = 1.45088 (max 14.95), (true 52, predicted [55])
returning early
true = 52, adv = 55
evaluating 878 of [870, 880)
attack: step 1/30, xent loss = 0.143553, l2 loss = 0 (max 14.95), (true 199, predicted [199])
attack: step 2/30, xent loss = 1.49798, l2 loss = 0.282568 (max 14.95), (true 199, predicted [199])
attack: step 3/30, xent loss = 6.87743, l2 loss = 1.27963 (max 14.95), (true 199, predicted [237])
returning early
true = 199, adv = 237
evaluating 879 of [870, 880)
attack: step 1/30, xent loss = 0.434362, l2 loss = 0 (max 14.95), (true 978, predicted [978])
attack: step 2/30, xent loss = 5.62928, l2 loss = 0.826654 (max 14.95), (true 978, predicted [976])
returning early
true = 978, adv = 976
