2019-06-06 00:07:13.915604: I tensorflow/core/platform/cpu_feature_guard.cc:141] Your CPU supports instructions that this TensorFlow binary was not compiled to use: SSE4.1 SSE4.2 AVX AVX2 FMA
2019-06-06 00:07:15.030161: I tensorflow/core/platform/profile_utils/cpu_utils.cc:94] CPU Frequency: 2600155000 Hz
2019-06-06 00:07:15.031355: I tensorflow/compiler/xla/service/service.cc:150] XLA service 0x2aaae6bbf0f0 executing computations on platform Host. Devices:
2019-06-06 00:07:15.035110: I tensorflow/compiler/xla/service/service.cc:158]   StreamExecutor device (0): <undefined>, <undefined>
2019-06-06 00:07:15.035498: I tensorflow/core/common_runtime/process_util.cc:71] Creating new thread pool with default inter op setting: 2. Tune using inter_op_parallelism_threads for best performance.
evaluating 700 of [700, 710)
attack: step 1/10, xent loss = 0.0470152, l2 loss = 0 (max 14.95), (true 569, predicted [569])
attack: step 2/10, xent loss = 0.116702, l2 loss = 0.170102 (max 14.95), (true 569, predicted [569])
attack: step 3/10, xent loss = 0.215029, l2 loss = 0.777856 (max 14.95), (true 569, predicted [569])
attack: step 4/10, xent loss = 0.737757, l2 loss = 1.58116 (max 14.95), (true 569, predicted [569])
attack: step 5/10, xent loss = 0.0509149, l2 loss = 4.53141 (max 14.95), (true 569, predicted [569])
attack: step 6/10, xent loss = 0.0442498, l2 loss = 4.54003 (max 14.95), (true 569, predicted [569])
attack: step 7/10, xent loss = 0.0507468, l2 loss = 4.54468 (max 14.95), (true 569, predicted [569])
attack: step 8/10, xent loss = 0.00709881, l2 loss = 4.54838 (max 14.95), (true 569, predicted [569])
attack: step 9/10, xent loss = 0.0694542, l2 loss = 4.54877 (max 14.95), (true 569, predicted [569])
attack: step 10/10, xent loss = 0.0159572, l2 loss = 4.5646 (max 14.95), (true 569, predicted [569])
true = 569, adv = 569
evaluating 701 of [700, 710)
attack: step 1/10, xent loss = 10.6129, l2 loss = 0 (max 14.95), (true 261, predicted [728])
attack: step 2/10, xent loss = 9.22873, l2 loss = 7.46088 (max 14.95), (true 261, predicted [728])
attack: step 3/10, xent loss = 12.8, l2 loss = 10.2765 (max 14.95), (true 261, predicted [728])
attack: step 4/10, xent loss = 10.6333, l2 loss = 12.1816 (max 14.95), (true 261, predicted [728])
attack: step 5/10, xent loss = 12.2784, l2 loss = 14.4196 (max 14.95), (true 261, predicted [728])
attack: step 6/10, xent loss = 11.8577, l2 loss = 15.5848 (max 14.95), (true 261, predicted [728])
attack: step 7/10, xent loss = 14.3459, l2 loss = 17.5736 (max 14.95), (true 261, predicted [728])
attack: step 8/10, xent loss = 10.8241, l2 loss = 18.7021 (max 14.95), (true 261, predicted [728])
attack: step 9/10, xent loss = 15.2332, l2 loss = 20.0768 (max 14.95), (true 261, predicted [728])
attack: step 10/10, xent loss = 11.2755, l2 loss = 21.0744 (max 14.95), (true 261, predicted [728])
check failed
true = 261, adv = 728
evaluating 702 of [700, 710)
attack: step 1/10, xent loss = 3.50943, l2 loss = 0 (max 14.95), (true 258, predicted [728])
attack: step 2/10, xent loss = 3.80687, l2 loss = 5.49798 (max 14.95), (true 258, predicted [728])
attack: step 3/10, xent loss = 3.20497, l2 loss = 10.1542 (max 14.95), (true 258, predicted [879])
attack: step 4/10, xent loss = 6.56234, l2 loss = 14.3843 (max 14.95), (true 258, predicted [728])
attack: step 5/10, xent loss = 8.55125, l2 loss = 15.7447 (max 14.95), (true 258, predicted [728])
attack: step 6/10, xent loss = 8.29451, l2 loss = 18.6514 (max 14.95), (true 258, predicted [728])
attack: step 7/10, xent loss = 7.81088, l2 loss = 19.5986 (max 14.95), (true 258, predicted [728])
attack: step 8/10, xent loss = 8.12386, l2 loss = 19.8942 (max 14.95), (true 258, predicted [728])
attack: step 9/10, xent loss = 8.5415, l2 loss = 20.2001 (max 14.95), (true 258, predicted [728])
attack: step 10/10, xent loss = 11.4866, l2 loss = 20.7852 (max 14.95), (true 258, predicted [728])
check failed
true = 258, adv = 728
evaluating 703 of [700, 710)
attack: step 1/10, xent loss = 7.80064, l2 loss = 0 (max 14.95), (true 791, predicted [946])
attack: step 2/10, xent loss = 7.71652, l2 loss = 1.27276 (max 14.95), (true 791, predicted [879])
attack: step 3/10, xent loss = 8.38776, l2 loss = 3.31128 (max 14.95), (true 791, predicted [895])
attack: step 4/10, xent loss = 7.93158, l2 loss = 3.83629 (max 14.95), (true 791, predicted [879])
attack: step 5/10, xent loss = 7.98023, l2 loss = 4.12246 (max 14.95), (true 791, predicted [559])
attack: step 6/10, xent loss = 8.43399, l2 loss = 4.40369 (max 14.95), (true 791, predicted [559])
attack: step 7/10, xent loss = 8.65661, l2 loss = 4.69373 (max 14.95), (true 791, predicted [624])
attack: step 8/10, xent loss = 8.04953, l2 loss = 5.25954 (max 14.95), (true 791, predicted [559])
attack: step 9/10, xent loss = 7.89369, l2 loss = 5.52358 (max 14.95), (true 791, predicted [667])
attack: step 10/10, xent loss = 8.5969, l2 loss = 5.90064 (max 14.95), (true 791, predicted [879])
true = 791, adv = 807
evaluating 704 of [700, 710)
attack: step 1/10, xent loss = 5.74159, l2 loss = 0 (max 14.95), (true 35, predicted [633])
attack: step 2/10, xent loss = 11.0951, l2 loss = 3.89058 (max 14.95), (true 35, predicted [728])
attack: step 3/10, xent loss = 7.61743, l2 loss = 11.3618 (max 14.95), (true 35, predicted [728])
attack: step 4/10, xent loss = 8.23886, l2 loss = 12.3475 (max 14.95), (true 35, predicted [728])
attack: step 5/10, xent loss = 8.55327, l2 loss = 12.7704 (max 14.95), (true 35, predicted [728])
attack: step 6/10, xent loss = 9.41679, l2 loss = 14.3409 (max 14.95), (true 35, predicted [728])
attack: step 7/10, xent loss = 11.5132, l2 loss = 15.2544 (max 14.95), (true 35, predicted [728])
attack: step 8/10, xent loss = 10.6622, l2 loss = 16.3967 (max 14.95), (true 35, predicted [728])
attack: step 9/10, xent loss = 9.27594, l2 loss = 19.0824 (max 14.95), (true 35, predicted [728])
attack: step 10/10, xent loss = 12.7538, l2 loss = 19.5201 (max 14.95), (true 35, predicted [728])
check failed
true = 35, adv = 728
evaluating 705 of [700, 710)
attack: step 1/10, xent loss = 6.14127, l2 loss = 0 (max 14.95), (true 963, predicted [728])
attack: step 2/10, xent loss = 7.85369, l2 loss = 2.71499 (max 14.95), (true 963, predicted [728])
attack: step 3/10, xent loss = 7.55705, l2 loss = 3.7742 (max 14.95), (true 963, predicted [728])
attack: step 4/10, xent loss = 6.62628, l2 loss = 4.61808 (max 14.95), (true 963, predicted [728])
attack: step 5/10, xent loss = 7.97719, l2 loss = 5.04366 (max 14.95), (true 963, predicted [728])
attack: step 6/10, xent loss = 8.2882, l2 loss = 5.65343 (max 14.95), (true 963, predicted [728])
attack: step 7/10, xent loss = 8.74602, l2 loss = 6.3265 (max 14.95), (true 963, predicted [728])
attack: step 8/10, xent loss = 7.74906, l2 loss = 7.32027 (max 14.95), (true 963, predicted [728])
attack: step 9/10, xent loss = 7.55833, l2 loss = 7.79645 (max 14.95), (true 963, predicted [728])
attack: step 10/10, xent loss = 7.30276, l2 loss = 8.44862 (max 14.95), (true 963, predicted [728])
true = 963, adv = 728
evaluating 706 of [700, 710)
attack: step 1/10, xent loss = 3.69841, l2 loss = 0 (max 14.95), (true 645, predicted [723])
attack: step 2/10, xent loss = 2.29036, l2 loss = 5.23467 (max 14.95), (true 645, predicted [645])
attack: step 3/10, xent loss = 2.41772, l2 loss = 6.87205 (max 14.95), (true 645, predicted [832])
attack: step 4/10, xent loss = 3.84571, l2 loss = 8.29721 (max 14.95), (true 645, predicted [728])
attack: step 5/10, xent loss = 2.28615, l2 loss = 9.1038 (max 14.95), (true 645, predicted [723])
attack: step 6/10, xent loss = 3.89416, l2 loss = 9.93897 (max 14.95), (true 645, predicted [701])
attack: step 7/10, xent loss = 3.70594, l2 loss = 10.5081 (max 14.95), (true 645, predicted [728])
attack: step 8/10, xent loss = 2.12893, l2 loss = 11.0873 (max 14.95), (true 645, predicted [645])
attack: step 9/10, xent loss = 4.4282, l2 loss = 11.8523 (max 14.95), (true 645, predicted [723])
attack: step 10/10, xent loss = 4.73058, l2 loss = 12.2622 (max 14.95), (true 645, predicted [723])
true = 645, adv = 723
evaluating 707 of [700, 710)
attack: step 1/10, xent loss = 5.58001, l2 loss = 0 (max 14.95), (true 69, predicted [518])
attack: step 2/10, xent loss = 4.26941, l2 loss = 5.01895 (max 14.95), (true 69, predicted [518])
attack: step 3/10, xent loss = 5.54107, l2 loss = 6.79885 (max 14.95), (true 69, predicted [518])
attack: step 4/10, xent loss = 5.09371, l2 loss = 8.12713 (max 14.95), (true 69, predicted [518])
attack: step 5/10, xent loss = 5.54197, l2 loss = 9.74877 (max 14.95), (true 69, predicted [518])
attack: step 6/10, xent loss = 6.61841, l2 loss = 11.0133 (max 14.95), (true 69, predicted [518])
attack: step 7/10, xent loss = 6.14094, l2 loss = 12.258 (max 14.95), (true 69, predicted [518])
attack: step 8/10, xent loss = 6.71232, l2 loss = 14.0412 (max 14.95), (true 69, predicted [518])
attack: step 9/10, xent loss = 6.58651, l2 loss = 15.0821 (max 14.95), (true 69, predicted [518])
attack: step 10/10, xent loss = 9.27775, l2 loss = 16.497 (max 14.95), (true 69, predicted [518])
check failed
true = 69, adv = 518
evaluating 708 of [700, 710)
attack: step 1/10, xent loss = 5.37796, l2 loss = 0 (max 14.95), (true 242, predicted [728])
attack: step 2/10, xent loss = 11.7973, l2 loss = 14.1499 (max 14.95), (true 242, predicted [728])
attack: step 3/10, xent loss = 10.5318, l2 loss = 17.7276 (max 14.95), (true 242, predicted [728])
attack: step 4/10, xent loss = 11.938, l2 loss = 19.7194 (max 14.95), (true 242, predicted [728])
attack: step 5/10, xent loss = 13.107, l2 loss = 21.3955 (max 14.95), (true 242, predicted [728])
attack: step 6/10, xent loss = 13.88, l2 loss = 23.0626 (max 14.95), (true 242, predicted [728])
attack: step 7/10, xent loss = 19.868, l2 loss = 24.6256 (max 14.95), (true 242, predicted [728])
attack: step 8/10, xent loss = 17.9647, l2 loss = 26.4282 (max 14.95), (true 242, predicted [728])
attack: step 9/10, xent loss = 13.8461, l2 loss = 28.1549 (max 14.95), (true 242, predicted [728])
attack: step 10/10, xent loss = 18.5611, l2 loss = 29.7658 (max 14.95), (true 242, predicted [728])
check failed
true = 242, adv = 728
evaluating 709 of [700, 710)
attack: step 1/10, xent loss = 0.0201501, l2 loss = 0 (max 14.95), (true 746, predicted [746])
attack: step 2/10, xent loss = 0.0337208, l2 loss = 0.0653436 (max 14.95), (true 746, predicted [746])
attack: step 3/10, xent loss = 0.0470227, l2 loss = 0.13859 (max 14.95), (true 746, predicted [746])
attack: step 4/10, xent loss = 0.018968, l2 loss = 0.201853 (max 14.95), (true 746, predicted [746])
attack: step 5/10, xent loss = 0.0511666, l2 loss = 0.210265 (max 14.95), (true 746, predicted [746])
attack: step 6/10, xent loss = 0.0269623, l2 loss = 0.254304 (max 14.95), (true 746, predicted [746])
attack: step 7/10, xent loss = 0.0699379, l2 loss = 0.265649 (max 14.95), (true 746, predicted [746])
attack: step 8/10, xent loss = 0.0487722, l2 loss = 0.329777 (max 14.95), (true 746, predicted [746])
attack: step 9/10, xent loss = 0.0656511, l2 loss = 0.361854 (max 14.95), (true 746, predicted [746])
attack: step 10/10, xent loss = 0.0361194, l2 loss = 0.41486 (max 14.95), (true 746, predicted [746])
true = 746, adv = 746
