2019-11-03 20:43:37.989344: I tensorflow/core/platform/cpu_feature_guard.cc:141] Your CPU supports instructions that this TensorFlow binary was not compiled to use: SSE4.1 SSE4.2 AVX AVX2 FMA
2019-11-03 20:43:37.999530: I tensorflow/core/platform/profile_utils/cpu_utils.cc:94] CPU Frequency: 2600125000 Hz
2019-11-03 20:43:37.999768: I tensorflow/compiler/xla/service/service.cc:150] XLA service 0x55555902f340 executing computations on platform Host. Devices:
2019-11-03 20:43:37.999803: I tensorflow/compiler/xla/service/service.cc:158]   StreamExecutor device (0): <undefined>, <undefined>
2019-11-03 20:43:38.000209: I tensorflow/core/common_runtime/process_util.cc:71] Creating new thread pool with default inter op setting: 2. Tune using inter_op_parallelism_threads for best performance.
evaluating 360 of [360, 370)
attack: step 1/1, xent loss = 8.28471, l2 loss = 24.489 (max 14.95), (true 667, predicted [587])
check failed
true = 667, adv = 587
evaluating 361 of [360, 370)
attack: step 1/1, xent loss = 0.0156681, l2 loss = 24.0086 (max 14.95), (true 84, predicted [84])
check failed
true = 84, adv = 728
evaluating 362 of [360, 370)
attack: step 1/1, xent loss = 3.42856, l2 loss = 24.651 (max 14.95), (true 542, predicted [795])
check failed
true = 542, adv = 795
evaluating 363 of [360, 370)
attack: step 1/1, xent loss = 3.36412, l2 loss = 31.6102 (max 14.95), (true 717, predicted [471])
check failed
true = 717, adv = 509
evaluating 364 of [360, 370)
attack: step 1/1, xent loss = 8.77047, l2 loss = 26.654 (max 14.95), (true 619, predicted [936])
check failed
true = 619, adv = 936
evaluating 365 of [360, 370)
attack: step 1/1, xent loss = 1.0458, l2 loss = 8.25447 (max 14.95), (true 481, predicted [453])
true = 481, adv = 624
evaluating 366 of [360, 370)
attack: step 1/1, xent loss = 7.01378, l2 loss = 18.4103 (max 14.95), (true 13, predicted [47])
check failed
true = 13, adv = 95
evaluating 367 of [360, 370)
attack: step 1/1, xent loss = 5.76136, l2 loss = 20.0048 (max 14.95), (true 113, predicted [36])
check failed
true = 113, adv = 36
evaluating 368 of [360, 370)
attack: step 1/1, xent loss = 1.61653, l2 loss = 22.504 (max 14.95), (true 181, predicted [266])
check failed
true = 181, adv = 215
evaluating 369 of [360, 370)
attack: step 1/1, xent loss = 0.0332523, l2 loss = 24.9417 (max 14.95), (true 755, predicted [755])
check failed
true = 755, adv = 807
