2019-10-26 08:02:28.649212: I tensorflow/core/platform/cpu_feature_guard.cc:141] Your CPU supports instructions that this TensorFlow binary was not compiled to use: SSE4.1 SSE4.2 AVX AVX2 FMA
2019-10-26 08:02:28.862240: I tensorflow/core/platform/profile_utils/cpu_utils.cc:94] CPU Frequency: 2600230000 Hz
2019-10-26 08:02:28.871297: I tensorflow/compiler/xla/service/service.cc:150] XLA service 0x55555902da80 executing computations on platform Host. Devices:
2019-10-26 08:02:28.871375: I tensorflow/compiler/xla/service/service.cc:158]   StreamExecutor device (0): <undefined>, <undefined>
2019-10-26 08:02:28.872455: I tensorflow/core/common_runtime/process_util.cc:71] Creating new thread pool with default inter op setting: 2. Tune using inter_op_parallelism_threads for best performance.
evaluating 990 of [990, 1000)
attack: step 1/10, xent loss = 19.5596, l2 loss = 24.0508 (max 14.95), (true 928, predicted [797])
unbound attack returning early
check failed
true = 928, adv = 797
evaluating 991 of [990, 1000)
attack: step 1/10, xent loss = 9.39528, l2 loss = 17.1264 (max 14.95), (true 395, predicted [389])
unbound attack returning early
check failed
true = 395, adv = 389
evaluating 992 of [990, 1000)
attack: step 1/10, xent loss = 21.0743, l2 loss = 25.681 (max 14.95), (true 838, predicted [728])
unbound attack returning early
check failed
true = 838, adv = 728
evaluating 993 of [990, 1000)
attack: step 1/10, xent loss = 0.133072, l2 loss = 2.09772 (max 14.95), (true 537, predicted [537])
attack: step 2/10, xent loss = 0.306699, l2 loss = 2.13425 (max 14.95), (true 537, predicted [537])
attack: step 3/10, xent loss = 0.205763, l2 loss = 2.26971 (max 14.95), (true 537, predicted [537])
attack: step 4/10, xent loss = 0.159749, l2 loss = 2.36308 (max 14.95), (true 537, predicted [537])
attack: step 5/10, xent loss = 0.240931, l2 loss = 2.4079 (max 14.95), (true 537, predicted [537])
attack: step 6/10, xent loss = 0.178939, l2 loss = 2.51821 (max 14.95), (true 537, predicted [537])
attack: step 7/10, xent loss = 0.418682, l2 loss = 2.59176 (max 14.95), (true 537, predicted [537])
attack: step 8/10, xent loss = 0.481318, l2 loss = 2.93391 (max 14.95), (true 537, predicted [537])
attack: step 9/10, xent loss = 0.624554, l2 loss = 3.20031 (max 14.95), (true 537, predicted [537])
attack: step 10/10, xent loss = 0.186301, l2 loss = 3.76862 (max 14.95), (true 537, predicted [537])
true = 537, adv = 537
evaluating 994 of [990, 1000)
attack: step 1/10, xent loss = 20.8517, l2 loss = 22.4593 (max 14.95), (true 658, predicted [50])
unbound attack returning early
check failed
true = 658, adv = 50
evaluating 995 of [990, 1000)
attack: step 1/10, xent loss = 17.0194, l2 loss = 25.0771 (max 14.95), (true 540, predicted [978])
unbound attack returning early
check failed
true = 540, adv = 978
evaluating 996 of [990, 1000)
attack: step 1/10, xent loss = 41.2912, l2 loss = 44.1773 (max 14.95), (true 49, predicted [728])
unbound attack returning early
check failed
true = 49, adv = 728
evaluating 997 of [990, 1000)
attack: step 1/10, xent loss = 29.199, l2 loss = 39.55 (max 14.95), (true 813, predicted [618])
unbound attack returning early
check failed
true = 813, adv = 618
evaluating 998 of [990, 1000)
attack: step 1/10, xent loss = 5.56337, l2 loss = 8.92986 (max 14.95), (true 533, predicted [692])
returning early
true = 533, adv = 508
evaluating 999 of [990, 1000)
attack: step 1/10, xent loss = 38.8438, l2 loss = 41.6441 (max 14.95), (true 232, predicted [728])
unbound attack returning early
check failed
true = 232, adv = 728
