2019-07-01 00:47:24.511966: I tensorflow/core/platform/cpu_feature_guard.cc:141] Your CPU supports instructions that this TensorFlow binary was not compiled to use: SSE4.1 SSE4.2 AVX AVX2 FMA
2019-07-01 00:47:24.517888: I tensorflow/core/platform/profile_utils/cpu_utils.cc:94] CPU Frequency: 2600050000 Hz
2019-07-01 00:47:24.518036: I tensorflow/compiler/xla/service/service.cc:150] XLA service 0x2aaae6d4a610 executing computations on platform Host. Devices:
2019-07-01 00:47:24.518058: I tensorflow/compiler/xla/service/service.cc:158]   StreamExecutor device (0): <undefined>, <undefined>
2019-07-01 00:47:24.518300: I tensorflow/core/common_runtime/process_util.cc:71] Creating new thread pool with default inter op setting: 2. Tune using inter_op_parallelism_threads for best performance.
evaluating 890 of [890, 900)
attack: step 1/10, xent loss = 8.5876, l2 loss = 11.8087 (max 14.95), (true 633, predicted [728])
attack: step 2/10, xent loss = 5.96586, l2 loss = 12.6867 (max 14.95), (true 633, predicted [643])
attack: step 3/10, xent loss = 6.42139, l2 loss = 13.1924 (max 14.95), (true 633, predicted [735])
attack: step 4/10, xent loss = 6.5967, l2 loss = 13.5221 (max 14.95), (true 633, predicted [452])
attack: step 5/10, xent loss = 6.28571, l2 loss = 13.8343 (max 14.95), (true 633, predicted [518])
attack: step 6/10, xent loss = 6.95831, l2 loss = 14.2288 (max 14.95), (true 633, predicted [728])
attack: step 7/10, xent loss = 7.25374, l2 loss = 14.6031 (max 14.95), (true 633, predicted [518])
attack: step 8/10, xent loss = 7.89088, l2 loss = 14.9693 (max 14.95), (true 633, predicted [728])
attack: step 9/10, xent loss = 6.18241, l2 loss = 15.5407 (max 14.95), (true 633, predicted [728])
attack: step 10/10, xent loss = 7.40384, l2 loss = 16.0362 (max 14.95), (true 633, predicted [728])
check failed
true = 633, adv = 601
evaluating 891 of [890, 900)
attack: step 1/10, xent loss = 11.7297, l2 loss = 27.883 (max 14.95), (true 533, predicted [728])
attack: step 2/10, xent loss = 9.63947, l2 loss = 29.0072 (max 14.95), (true 533, predicted [728])
attack: step 3/10, xent loss = 14.7108, l2 loss = 30.5509 (max 14.95), (true 533, predicted [728])
attack: step 4/10, xent loss = 10.5988, l2 loss = 31.7358 (max 14.95), (true 533, predicted [728])
attack: step 5/10, xent loss = 11.4289, l2 loss = 32.5015 (max 14.95), (true 533, predicted [728])
attack: step 6/10, xent loss = 12.7818, l2 loss = 33.6345 (max 14.95), (true 533, predicted [728])
attack: step 7/10, xent loss = 11.645, l2 loss = 34.5337 (max 14.95), (true 533, predicted [728])
attack: step 8/10, xent loss = 12.9144, l2 loss = 36.0915 (max 14.95), (true 533, predicted [728])
attack: step 9/10, xent loss = 11.9996, l2 loss = 36.9326 (max 14.95), (true 533, predicted [728])
attack: step 10/10, xent loss = 10.453, l2 loss = 37.9277 (max 14.95), (true 533, predicted [728])
check failed
true = 533, adv = 728
evaluating 892 of [890, 900)
attack: step 1/10, xent loss = 5.02806, l2 loss = 12.2011 (max 14.95), (true 521, predicted [478])
attack: step 2/10, xent loss = 3.52048, l2 loss = 12.6982 (max 14.95), (true 521, predicted [478])
attack: step 3/10, xent loss = 3.50531, l2 loss = 13.1996 (max 14.95), (true 521, predicted [478])
attack: step 4/10, xent loss = 4.58881, l2 loss = 13.7427 (max 14.95), (true 521, predicted [915])
attack: step 5/10, xent loss = 3.34765, l2 loss = 14.8171 (max 14.95), (true 521, predicted [412])
attack: step 6/10, xent loss = 4.00259, l2 loss = 15.1385 (max 14.95), (true 521, predicted [478])
attack: step 7/10, xent loss = 5.19728, l2 loss = 15.5726 (max 14.95), (true 521, predicted [478])
attack: step 8/10, xent loss = 4.64418, l2 loss = 15.9938 (max 14.95), (true 521, predicted [478])
attack: step 9/10, xent loss = 5.18172, l2 loss = 16.3994 (max 14.95), (true 521, predicted [478])
attack: step 10/10, xent loss = 3.94362, l2 loss = 17.0194 (max 14.95), (true 521, predicted [915])
check failed
true = 521, adv = 478
evaluating 893 of [890, 900)
attack: step 1/10, xent loss = 7.77152, l2 loss = 8.23651 (max 14.95), (true 523, predicted [879])
attack: step 2/10, xent loss = 7.90935, l2 loss = 8.87249 (max 14.95), (true 523, predicted [478])
attack: step 3/10, xent loss = 4.74085, l2 loss = 9.07486 (max 14.95), (true 523, predicted [879])
attack: step 4/10, xent loss = 6.98906, l2 loss = 10.8005 (max 14.95), (true 523, predicted [644])
attack: step 5/10, xent loss = 8.30128, l2 loss = 11.183 (max 14.95), (true 523, predicted [879])
attack: step 6/10, xent loss = 7.51552, l2 loss = 11.4846 (max 14.95), (true 523, predicted [879])
attack: step 7/10, xent loss = 7.60069, l2 loss = 11.8859 (max 14.95), (true 523, predicted [644])
attack: step 8/10, xent loss = 7.75778, l2 loss = 12.5136 (max 14.95), (true 523, predicted [619])
attack: step 9/10, xent loss = 8.81636, l2 loss = 12.8597 (max 14.95), (true 523, predicted [879])
attack: step 10/10, xent loss = 7.94819, l2 loss = 13.1243 (max 14.95), (true 523, predicted [723])
true = 523, adv = 879
evaluating 894 of [890, 900)
attack: step 1/10, xent loss = 7.7424, l2 loss = 11.5575 (max 14.95), (true 263, predicted [619])
attack: step 2/10, xent loss = 8.0896, l2 loss = 11.7708 (max 14.95), (true 263, predicted [619])
attack: step 3/10, xent loss = 8.3561, l2 loss = 11.9866 (max 14.95), (true 263, predicted [478])
attack: step 4/10, xent loss = 7.69009, l2 loss = 12.6232 (max 14.95), (true 263, predicted [478])
attack: step 5/10, xent loss = 7.04041, l2 loss = 12.9115 (max 14.95), (true 263, predicted [478])
attack: step 6/10, xent loss = 7.96374, l2 loss = 13.8639 (max 14.95), (true 263, predicted [478])
attack: step 7/10, xent loss = 8.43873, l2 loss = 14.2877 (max 14.95), (true 263, predicted [478])
attack: step 8/10, xent loss = 7.59749, l2 loss = 14.6021 (max 14.95), (true 263, predicted [478])
attack: step 9/10, xent loss = 8.19014, l2 loss = 14.8854 (max 14.95), (true 263, predicted [478])
attack: step 10/10, xent loss = 7.73948, l2 loss = 15.412 (max 14.95), (true 263, predicted [728])
check failed
true = 263, adv = 478
evaluating 895 of [890, 900)
attack: step 1/10, xent loss = 6.26569, l2 loss = 7.12258 (max 14.95), (true 262, predicted [478])
attack: step 2/10, xent loss = 6.71541, l2 loss = 7.75178 (max 14.95), (true 262, predicted [478])
attack: step 3/10, xent loss = 7.1153, l2 loss = 8.1369 (max 14.95), (true 262, predicted [478])
attack: step 4/10, xent loss = 7.71587, l2 loss = 8.33573 (max 14.95), (true 262, predicted [478])
attack: step 5/10, xent loss = 6.68732, l2 loss = 8.96987 (max 14.95), (true 262, predicted [478])
attack: step 6/10, xent loss = 6.46546, l2 loss = 9.38805 (max 14.95), (true 262, predicted [478])
attack: step 7/10, xent loss = 7.21928, l2 loss = 9.62136 (max 14.95), (true 262, predicted [645])
attack: step 8/10, xent loss = 6.94763, l2 loss = 9.86366 (max 14.95), (true 262, predicted [478])
attack: step 9/10, xent loss = 7.52316, l2 loss = 10.0697 (max 14.95), (true 262, predicted [478])
attack: step 10/10, xent loss = 7.14418, l2 loss = 10.6284 (max 14.95), (true 262, predicted [478])
true = 262, adv = 478
evaluating 896 of [890, 900)
attack: step 1/10, xent loss = 7.3435, l2 loss = 6.76489 (max 14.95), (true 958, predicted [672])
attack: step 2/10, xent loss = 7.86714, l2 loss = 7.10607 (max 14.95), (true 958, predicted [701])
attack: step 3/10, xent loss = 7.37877, l2 loss = 7.36578 (max 14.95), (true 958, predicted [672])
attack: step 4/10, xent loss = 7.75334, l2 loss = 7.59429 (max 14.95), (true 958, predicted [557])
attack: step 5/10, xent loss = 7.89994, l2 loss = 7.88625 (max 14.95), (true 958, predicted [682])
attack: step 6/10, xent loss = 7.58279, l2 loss = 8.18237 (max 14.95), (true 958, predicted [942])
attack: step 7/10, xent loss = 8.37492, l2 loss = 8.47884 (max 14.95), (true 958, predicted [672])
attack: step 8/10, xent loss = 7.68029, l2 loss = 8.72006 (max 14.95), (true 958, predicted [672])
attack: step 9/10, xent loss = 7.75405, l2 loss = 8.99378 (max 14.95), (true 958, predicted [728])
attack: step 10/10, xent loss = 7.70318, l2 loss = 9.25051 (max 14.95), (true 958, predicted [672])
true = 958, adv = 978
evaluating 897 of [890, 900)
attack: step 1/10, xent loss = 7.1435, l2 loss = 8.88117 (max 14.95), (true 995, predicted [538])
attack: step 2/10, xent loss = 6.42297, l2 loss = 9.33777 (max 14.95), (true 995, predicted [728])
attack: step 3/10, xent loss = 7.05572, l2 loss = 9.68678 (max 14.95), (true 995, predicted [728])
attack: step 4/10, xent loss = 6.96202, l2 loss = 9.99282 (max 14.95), (true 995, predicted [417])
attack: step 5/10, xent loss = 7.16537, l2 loss = 10.2292 (max 14.95), (true 995, predicted [538])
attack: step 6/10, xent loss = 7.09215, l2 loss = 10.6824 (max 14.95), (true 995, predicted [604])
attack: step 7/10, xent loss = 7.4104, l2 loss = 11.0515 (max 14.95), (true 995, predicted [728])
attack: step 8/10, xent loss = 8.19728, l2 loss = 11.395 (max 14.95), (true 995, predicted [538])
attack: step 9/10, xent loss = 5.35835, l2 loss = 12.0516 (max 14.95), (true 995, predicted [538])
attack: step 10/10, xent loss = 7.74238, l2 loss = 12.4166 (max 14.95), (true 995, predicted [538])
true = 995, adv = 728
evaluating 898 of [890, 900)
attack: step 1/10, xent loss = 5.77015, l2 loss = 9.04923 (max 14.95), (true 809, predicted [417])
attack: step 2/10, xent loss = 5.32231, l2 loss = 9.5182 (max 14.95), (true 809, predicted [968])
attack: step 3/10, xent loss = 5.63404, l2 loss = 9.84753 (max 14.95), (true 809, predicted [968])
attack: step 4/10, xent loss = 5.15642, l2 loss = 10.2831 (max 14.95), (true 809, predicted [968])
attack: step 5/10, xent loss = 5.07808, l2 loss = 10.7107 (max 14.95), (true 809, predicted [968])
attack: step 6/10, xent loss = 4.68784, l2 loss = 11.0696 (max 14.95), (true 809, predicted [968])
attack: step 7/10, xent loss = 5.17938, l2 loss = 11.3987 (max 14.95), (true 809, predicted [968])
attack: step 8/10, xent loss = 5.79432, l2 loss = 11.6874 (max 14.95), (true 809, predicted [417])
attack: step 9/10, xent loss = 5.33488, l2 loss = 11.975 (max 14.95), (true 809, predicted [968])
attack: step 10/10, xent loss = 4.69091, l2 loss = 12.2035 (max 14.95), (true 809, predicted [968])
true = 809, adv = 968
evaluating 899 of [890, 900)
attack: step 1/10, xent loss = 10.8054, l2 loss = 8.24084 (max 14.95), (true 58, predicted [645])
attack: step 2/10, xent loss = 10.4683, l2 loss = 8.62809 (max 14.95), (true 58, predicted [723])
attack: step 3/10, xent loss = 10.372, l2 loss = 8.93115 (max 14.95), (true 58, predicted [645])
attack: step 4/10, xent loss = 10.457, l2 loss = 9.31059 (max 14.95), (true 58, predicted [723])
attack: step 5/10, xent loss = 10.6264, l2 loss = 9.74576 (max 14.95), (true 58, predicted [723])
attack: step 6/10, xent loss = 9.34615, l2 loss = 10.1153 (max 14.95), (true 58, predicted [645])
attack: step 7/10, xent loss = 10.5894, l2 loss = 10.413 (max 14.95), (true 58, predicted [645])
attack: step 8/10, xent loss = 10.315, l2 loss = 10.7471 (max 14.95), (true 58, predicted [723])
attack: step 9/10, xent loss = 12.3711, l2 loss = 11.0392 (max 14.95), (true 58, predicted [723])
attack: step 10/10, xent loss = 10.663, l2 loss = 11.5241 (max 14.95), (true 58, predicted [645])
true = 58, adv = 645
