2019-05-24 18:49:32.641311: I tensorflow/core/platform/cpu_feature_guard.cc:141] Your CPU supports instructions that this TensorFlow binary was not compiled to use: SSE4.1 SSE4.2 AVX AVX2 FMA
2019-05-24 18:49:32.649781: I tensorflow/core/platform/profile_utils/cpu_utils.cc:94] CPU Frequency: 2600005000 Hz
2019-05-24 18:49:32.649885: I tensorflow/compiler/xla/service/service.cc:150] XLA service 0x2aaae6ac09b0 executing computations on platform Host. Devices:
2019-05-24 18:49:32.649900: I tensorflow/compiler/xla/service/service.cc:158]   StreamExecutor device (0): <undefined>, <undefined>
2019-05-24 18:49:32.650063: I tensorflow/core/common_runtime/process_util.cc:71] Creating new thread pool with default inter op setting: 2. Tune using inter_op_parallelism_threads for best performance.
evaluating 580 of [580, 590)
attack: step 1/10, xent loss = 0.707155, l2 loss = 0 (max 14.95), (true 956, predicted [956])
attack: step 2/10, xent loss = 1.00182, l2 loss = 1.98721 (max 14.95), (true 956, predicted [956])
attack: step 3/10, xent loss = 0.736236, l2 loss = 3.12101 (max 14.95), (true 956, predicted [956])
attack: step 4/10, xent loss = 1.30307, l2 loss = 3.99872 (max 14.95), (true 956, predicted [956])
attack: step 5/10, xent loss = 1.44449, l2 loss = 5.23667 (max 14.95), (true 956, predicted [956])
attack: step 6/10, xent loss = 3.15448, l2 loss = 6.31836 (max 14.95), (true 956, predicted [805])
attack: step 7/10, xent loss = 7.05728, l2 loss = 9.75632 (max 14.95), (true 956, predicted [805])
attack: step 8/10, xent loss = 9.00869, l2 loss = 14.4308 (max 14.95), (true 956, predicted [805])
attack: step 9/10, xent loss = 14.4543, l2 loss = 20.0775 (max 14.95), (true 956, predicted [805])
attack: step 10/10, xent loss = 15.9379, l2 loss = 22.673 (max 14.95), (true 956, predicted [805])
check failed
true = 956, adv = 805
evaluating 581 of [580, 590)
attack: step 1/10, xent loss = 3.93703, l2 loss = 0 (max 14.95), (true 199, predicted [224])
attack: step 2/10, xent loss = 5.31819, l2 loss = 8.71527 (max 14.95), (true 199, predicted [227])
attack: step 3/10, xent loss = 6.35868, l2 loss = 9.50499 (max 14.95), (true 199, predicted [235])
attack: step 4/10, xent loss = 4.92964, l2 loss = 9.89542 (max 14.95), (true 199, predicted [227])
attack: step 5/10, xent loss = 6.27539, l2 loss = 11.465 (max 14.95), (true 199, predicted [227])
attack: step 6/10, xent loss = 7.07737, l2 loss = 12.2343 (max 14.95), (true 199, predicted [227])
attack: step 7/10, xent loss = 6.96335, l2 loss = 13.6395 (max 14.95), (true 199, predicted [227])
attack: step 8/10, xent loss = 9.60232, l2 loss = 14.3288 (max 14.95), (true 199, predicted [227])
attack: step 9/10, xent loss = 7.91933, l2 loss = 14.786 (max 14.95), (true 199, predicted [227])
attack: step 10/10, xent loss = 8.52134, l2 loss = 15.6968 (max 14.95), (true 199, predicted [227])
check failed
true = 199, adv = 227
evaluating 582 of [580, 590)
attack: step 1/10, xent loss = 0.0957626, l2 loss = 0 (max 14.95), (true 609, predicted [609])
attack: step 2/10, xent loss = 0.0717163, l2 loss = 0.358819 (max 14.95), (true 609, predicted [609])
attack: step 3/10, xent loss = 0.0442293, l2 loss = 0.478175 (max 14.95), (true 609, predicted [609])
attack: step 4/10, xent loss = 0.0370817, l2 loss = 0.510833 (max 14.95), (true 609, predicted [609])
attack: step 5/10, xent loss = 0.0746268, l2 loss = 0.524697 (max 14.95), (true 609, predicted [609])
attack: step 6/10, xent loss = 0.104278, l2 loss = 0.557866 (max 14.95), (true 609, predicted [609])
attack: step 7/10, xent loss = 0.0584219, l2 loss = 0.707609 (max 14.95), (true 609, predicted [609])
attack: step 8/10, xent loss = 0.239126, l2 loss = 0.733703 (max 14.95), (true 609, predicted [609])
attack: step 9/10, xent loss = 0.0972958, l2 loss = 1.23868 (max 14.95), (true 609, predicted [609])
attack: step 10/10, xent loss = 0.594853, l2 loss = 1.33601 (max 14.95), (true 609, predicted [609])
true = 609, adv = 609
evaluating 583 of [580, 590)
attack: step 1/10, xent loss = 8.1996, l2 loss = 0 (max 14.95), (true 957, predicted [728])
attack: step 2/10, xent loss = 8.06094, l2 loss = 6.49221 (max 14.95), (true 957, predicted [728])
attack: step 3/10, xent loss = 8.41492, l2 loss = 9.95966 (max 14.95), (true 957, predicted [728])
attack: step 4/10, xent loss = 10.9985, l2 loss = 13.4293 (max 14.95), (true 957, predicted [728])
attack: step 5/10, xent loss = 12.0234, l2 loss = 15.1892 (max 14.95), (true 957, predicted [728])
attack: step 6/10, xent loss = 13.9962, l2 loss = 16.9107 (max 14.95), (true 957, predicted [728])
attack: step 7/10, xent loss = 13.9159, l2 loss = 18.8932 (max 14.95), (true 957, predicted [728])
attack: step 8/10, xent loss = 15.7792, l2 loss = 20.1321 (max 14.95), (true 957, predicted [728])
attack: step 9/10, xent loss = 16.7009, l2 loss = 21.5429 (max 14.95), (true 957, predicted [728])
attack: step 10/10, xent loss = 18.5586, l2 loss = 22.7457 (max 14.95), (true 957, predicted [728])
check failed
true = 957, adv = 728
evaluating 584 of [580, 590)
attack: step 1/10, xent loss = 3.3528, l2 loss = 0 (max 14.95), (true 525, predicted [728])
attack: step 2/10, xent loss = 6.56315, l2 loss = 7.73919 (max 14.95), (true 525, predicted [728])
attack: step 3/10, xent loss = 5.74881, l2 loss = 9.92439 (max 14.95), (true 525, predicted [728])
attack: step 4/10, xent loss = 8.37463, l2 loss = 10.8375 (max 14.95), (true 525, predicted [711])
attack: step 5/10, xent loss = 9.68742, l2 loss = 11.4652 (max 14.95), (true 525, predicted [728])
attack: step 6/10, xent loss = 8.93054, l2 loss = 12.2263 (max 14.95), (true 525, predicted [711])
attack: step 7/10, xent loss = 9.88997, l2 loss = 12.9859 (max 14.95), (true 525, predicted [728])
attack: step 8/10, xent loss = 9.6039, l2 loss = 13.4932 (max 14.95), (true 525, predicted [894])
attack: step 9/10, xent loss = 10.3383, l2 loss = 13.8359 (max 14.95), (true 525, predicted [728])
attack: step 10/10, xent loss = 9.6148, l2 loss = 15.4313 (max 14.95), (true 525, predicted [728])
check failed
true = 525, adv = 728
evaluating 585 of [580, 590)
attack: step 1/10, xent loss = 6.95524, l2 loss = 0 (max 14.95), (true 47, predicted [71])
attack: step 2/10, xent loss = 8.11998, l2 loss = 2.22295 (max 14.95), (true 47, predicted [314])
attack: step 3/10, xent loss = 8.46514, l2 loss = 3.04604 (max 14.95), (true 47, predicted [71])
attack: step 4/10, xent loss = 7.2794, l2 loss = 4.26336 (max 14.95), (true 47, predicted [71])
attack: step 5/10, xent loss = 7.48887, l2 loss = 4.60519 (max 14.95), (true 47, predicted [317])
attack: step 6/10, xent loss = 7.43171, l2 loss = 4.99398 (max 14.95), (true 47, predicted [314])
attack: step 7/10, xent loss = 8.36075, l2 loss = 5.33324 (max 14.95), (true 47, predicted [314])
attack: step 8/10, xent loss = 7.3365, l2 loss = 5.9663 (max 14.95), (true 47, predicted [71])
attack: step 9/10, xent loss = 8.43602, l2 loss = 6.3296 (max 14.95), (true 47, predicted [317])
attack: step 10/10, xent loss = 8.39547, l2 loss = 7.15593 (max 14.95), (true 47, predicted [317])
true = 47, adv = 317
evaluating 586 of [580, 590)
attack: step 1/10, xent loss = 0.695801, l2 loss = 0 (max 14.95), (true 836, predicted [836])
attack: step 2/10, xent loss = 1.88676, l2 loss = 0.957189 (max 14.95), (true 836, predicted [836])
attack: step 3/10, xent loss = 3.18503, l2 loss = 4.19511 (max 14.95), (true 836, predicted [583])
attack: step 4/10, xent loss = 3.49977, l2 loss = 9.28005 (max 14.95), (true 836, predicted [796])
attack: step 5/10, xent loss = 6.59697, l2 loss = 12.4313 (max 14.95), (true 836, predicted [796])
attack: step 6/10, xent loss = 6.80781, l2 loss = 13.393 (max 14.95), (true 836, predicted [796])
attack: step 7/10, xent loss = 7.01168, l2 loss = 13.6824 (max 14.95), (true 836, predicted [796])
attack: step 8/10, xent loss = 7.04526, l2 loss = 14.2364 (max 14.95), (true 836, predicted [796])
attack: step 9/10, xent loss = 8.49048, l2 loss = 15.0364 (max 14.95), (true 836, predicted [796])
attack: step 10/10, xent loss = 6.87221, l2 loss = 15.6725 (max 14.95), (true 836, predicted [796])
check failed
true = 836, adv = 796
evaluating 587 of [580, 590)
attack: step 1/10, xent loss = 1.68549, l2 loss = 0 (max 14.95), (true 749, predicted [749])
attack: step 2/10, xent loss = 2.16772, l2 loss = 5.39728 (max 14.95), (true 749, predicted [749])
attack: step 3/10, xent loss = 3.68175, l2 loss = 8.896 (max 14.95), (true 749, predicted [960])
attack: step 4/10, xent loss = 4.51833, l2 loss = 10.5036 (max 14.95), (true 749, predicted [960])
attack: step 5/10, xent loss = 5.04871, l2 loss = 12.3473 (max 14.95), (true 749, predicted [692])
attack: step 6/10, xent loss = 6.67138, l2 loss = 13.0386 (max 14.95), (true 749, predicted [728])
attack: step 7/10, xent loss = 6.51154, l2 loss = 13.8416 (max 14.95), (true 749, predicted [692])
attack: step 8/10, xent loss = 6.71481, l2 loss = 14.4006 (max 14.95), (true 749, predicted [667])
attack: step 9/10, xent loss = 8.25679, l2 loss = 15.8129 (max 14.95), (true 749, predicted [728])
attack: step 10/10, xent loss = 7.57412, l2 loss = 17.2111 (max 14.95), (true 749, predicted [728])
check failed
true = 749, adv = 728
evaluating 588 of [580, 590)
attack: step 1/10, xent loss = 0.00152079, l2 loss = 0 (max 14.95), (true 940, predicted [940])
attack: step 2/10, xent loss = 0.00591409, l2 loss = 0.00828129 (max 14.95), (true 940, predicted [940])
attack: step 3/10, xent loss = 0.00844857, l2 loss = 0.0291497 (max 14.95), (true 940, predicted [940])
attack: step 4/10, xent loss = 0.0117709, l2 loss = 0.0613946 (max 14.95), (true 940, predicted [940])
attack: step 5/10, xent loss = 0.00584891, l2 loss = 0.0789755 (max 14.95), (true 940, predicted [940])
attack: step 6/10, xent loss = 0.00474185, l2 loss = 0.0840121 (max 14.95), (true 940, predicted [940])
attack: step 7/10, xent loss = 0.00627725, l2 loss = 0.086811 (max 14.95), (true 940, predicted [940])
attack: step 8/10, xent loss = 0.0130862, l2 loss = 0.0944531 (max 14.95), (true 940, predicted [940])
attack: step 9/10, xent loss = 0.0120256, l2 loss = 0.1267 (max 14.95), (true 940, predicted [940])
attack: step 10/10, xent loss = 0.00415866, l2 loss = 0.13668 (max 14.95), (true 940, predicted [940])
true = 940, adv = 940
evaluating 589 of [580, 590)
attack: step 1/10, xent loss = 1.64704, l2 loss = 0 (max 14.95), (true 400, predicted [667])
attack: step 2/10, xent loss = 1.42766, l2 loss = 1.54534 (max 14.95), (true 400, predicted [667])
attack: step 3/10, xent loss = 2.35449, l2 loss = 1.90431 (max 14.95), (true 400, predicted [667])
attack: step 4/10, xent loss = 1.68507, l2 loss = 2.50389 (max 14.95), (true 400, predicted [667])
attack: step 5/10, xent loss = 1.23568, l2 loss = 2.87281 (max 14.95), (true 400, predicted [667])
attack: step 6/10, xent loss = 1.59335, l2 loss = 3.13297 (max 14.95), (true 400, predicted [667])
attack: step 7/10, xent loss = 1.43188, l2 loss = 3.42992 (max 14.95), (true 400, predicted [667])
attack: step 8/10, xent loss = 2.2137, l2 loss = 3.68018 (max 14.95), (true 400, predicted [667])
attack: step 9/10, xent loss = 1.78903, l2 loss = 4.1101 (max 14.95), (true 400, predicted [667])
attack: step 10/10, xent loss = 1.85717, l2 loss = 4.49953 (max 14.95), (true 400, predicted [667])
true = 400, adv = 667
