2019-11-03 22:06:46.975614: I tensorflow/core/platform/cpu_feature_guard.cc:141] Your CPU supports instructions that this TensorFlow binary was not compiled to use: SSE4.1 SSE4.2 AVX AVX2 FMA
2019-11-03 22:06:46.986282: I tensorflow/core/platform/profile_utils/cpu_utils.cc:94] CPU Frequency: 2600085000 Hz
2019-11-03 22:06:46.986600: I tensorflow/compiler/xla/service/service.cc:150] XLA service 0x55555902eb80 executing computations on platform Host. Devices:
2019-11-03 22:06:46.986647: I tensorflow/compiler/xla/service/service.cc:158]   StreamExecutor device (0): <undefined>, <undefined>
2019-11-03 22:06:46.987134: I tensorflow/core/common_runtime/process_util.cc:71] Creating new thread pool with default inter op setting: 2. Tune using inter_op_parallelism_threads for best performance.
evaluating 460 of [460, 470)
attack: step 1/1, xent loss = 0.103962, l2 loss = 12.3219 (max 14.95), (true 663, predicted [663])
true = 663, adv = 663
evaluating 461 of [460, 470)
attack: step 1/1, xent loss = 0.0771404, l2 loss = 25.3722 (max 14.95), (true 769, predicted [769])
check failed
true = 769, adv = 549
evaluating 462 of [460, 470)
attack: step 1/1, xent loss = 1.16096, l2 loss = 11.8974 (max 14.95), (true 226, predicted [226])
true = 226, adv = 224
evaluating 463 of [460, 470)
attack: step 1/1, xent loss = 5.96663, l2 loss = 28.2494 (max 14.95), (true 678, predicted [903])
check failed
true = 678, adv = 785
evaluating 464 of [460, 470)
attack: step 1/1, xent loss = 0.0602994, l2 loss = 16.3142 (max 14.95), (true 814, predicted [814])
check failed
true = 814, adv = 814
evaluating 465 of [460, 470)
attack: step 1/1, xent loss = 0.0218883, l2 loss = 8.00326 (max 14.95), (true 994, predicted [994])
true = 994, adv = 994
evaluating 466 of [460, 470)
attack: step 1/1, xent loss = 2.76117, l2 loss = 30.1885 (max 14.95), (true 499, predicted [777])
check failed
true = 499, adv = 672
evaluating 467 of [460, 470)
attack: step 1/1, xent loss = 2.02704, l2 loss = 17.9572 (max 14.95), (true 908, predicted [908])
check failed
true = 908, adv = 728
evaluating 468 of [460, 470)
attack: step 1/1, xent loss = 0.205007, l2 loss = 13.3303 (max 14.95), (true 191, predicted [191])
true = 191, adv = 728
evaluating 469 of [460, 470)
attack: step 1/1, xent loss = 0.00419475, l2 loss = 13.0331 (max 14.95), (true 429, predicted [429])
true = 429, adv = 429
