2019-08-26 16:03:57.274225: I tensorflow/core/platform/cpu_feature_guard.cc:141] Your CPU supports instructions that this TensorFlow binary was not compiled to use: SSE4.1 SSE4.2 AVX AVX2 FMA
2019-08-26 16:03:57.426698: I tensorflow/core/platform/profile_utils/cpu_utils.cc:94] CPU Frequency: 2600035000 Hz
2019-08-26 16:03:57.503971: I tensorflow/compiler/xla/service/service.cc:150] XLA service 0x2aaae6e51a00 executing computations on platform Host. Devices:
2019-08-26 16:03:57.504019: I tensorflow/compiler/xla/service/service.cc:158]   StreamExecutor device (0): <undefined>, <undefined>
2019-08-26 16:03:57.504363: I tensorflow/core/common_runtime/process_util.cc:71] Creating new thread pool with default inter op setting: 2. Tune using inter_op_parallelism_threads for best performance.
evaluating 590 of [590, 600)
attack: step 1/10, xent loss = 1.04373, l2 loss = 2.46897 (max 14.95), (true 86, predicted [82])
attack: step 2/10, xent loss = 1.1664, l2 loss = 2.69465 (max 14.95), (true 86, predicted [82])
attack: step 3/10, xent loss = 1.16964, l2 loss = 2.92643 (max 14.95), (true 86, predicted [82])
attack: step 4/10, xent loss = 1.11259, l2 loss = 3.13475 (max 14.95), (true 86, predicted [82])
attack: step 5/10, xent loss = 1.66696, l2 loss = 3.34443 (max 14.95), (true 86, predicted [82])
attack: step 6/10, xent loss = 1.37489, l2 loss = 3.64309 (max 14.95), (true 86, predicted [82])
attack: step 7/10, xent loss = 1.61988, l2 loss = 3.87432 (max 14.95), (true 86, predicted [82])
attack: step 8/10, xent loss = 1.88111, l2 loss = 4.13408 (max 14.95), (true 86, predicted [82])
attack: step 9/10, xent loss = 1.62894, l2 loss = 4.42321 (max 14.95), (true 86, predicted [82])
attack: step 10/10, xent loss = 1.9879, l2 loss = 4.67998 (max 14.95), (true 86, predicted [82])
true = 86, adv = 82
evaluating 591 of [590, 600)
attack: step 1/10, xent loss = 21.3995, l2 loss = 23.5428 (max 14.95), (true 596, predicted [728])
attack: step 2/10, xent loss = 22.443, l2 loss = 24.879 (max 14.95), (true 596, predicted [728])
attack: step 3/10, xent loss = 23.3728, l2 loss = 26.0417 (max 14.95), (true 596, predicted [728])
attack: step 4/10, xent loss = 26.9112, l2 loss = 27.4767 (max 14.95), (true 596, predicted [728])
attack: step 5/10, xent loss = 29.1914, l2 loss = 28.8054 (max 14.95), (true 596, predicted [728])
attack: step 6/10, xent loss = 28.9084, l2 loss = 29.9463 (max 14.95), (true 596, predicted [728])
attack: step 7/10, xent loss = 29.8589, l2 loss = 31.1065 (max 14.95), (true 596, predicted [728])
attack: step 8/10, xent loss = 26.1822, l2 loss = 32.0403 (max 14.95), (true 596, predicted [728])
attack: step 9/10, xent loss = 33.5866, l2 loss = 33.5935 (max 14.95), (true 596, predicted [728])
attack: step 10/10, xent loss = 33.0724, l2 loss = 34.5565 (max 14.95), (true 596, predicted [728])
check failed
true = 596, adv = 728
evaluating 592 of [590, 600)
attack: step 1/10, xent loss = 0.0542151, l2 loss = 0.329671 (max 14.95), (true 129, predicted [129])
attack: step 2/10, xent loss = 0.0387538, l2 loss = 0.355042 (max 14.95), (true 129, predicted [129])
attack: step 3/10, xent loss = 0.0395328, l2 loss = 0.37204 (max 14.95), (true 129, predicted [129])
attack: step 4/10, xent loss = 0.0640334, l2 loss = 0.387029 (max 14.95), (true 129, predicted [129])
attack: step 5/10, xent loss = 0.0534039, l2 loss = 0.406454 (max 14.95), (true 129, predicted [129])
attack: step 6/10, xent loss = 0.0584481, l2 loss = 0.431818 (max 14.95), (true 129, predicted [129])
attack: step 7/10, xent loss = 0.0705369, l2 loss = 0.450968 (max 14.95), (true 129, predicted [129])
attack: step 8/10, xent loss = 0.0762985, l2 loss = 0.493895 (max 14.95), (true 129, predicted [129])
attack: step 9/10, xent loss = 0.0496431, l2 loss = 0.546674 (max 14.95), (true 129, predicted [129])
attack: step 10/10, xent loss = 0.0582204, l2 loss = 0.564728 (max 14.95), (true 129, predicted [129])
true = 129, adv = 129
evaluating 593 of [590, 600)
attack: step 1/10, xent loss = 38.3371, l2 loss = 29.7295 (max 14.95), (true 112, predicted [728])
attack: step 2/10, xent loss = 41.1337, l2 loss = 31.543 (max 14.95), (true 112, predicted [728])
attack: step 3/10, xent loss = 42.3299, l2 loss = 33.1353 (max 14.95), (true 112, predicted [728])
attack: step 4/10, xent loss = 42.0649, l2 loss = 34.3307 (max 14.95), (true 112, predicted [728])
attack: step 5/10, xent loss = 47.7067, l2 loss = 35.5123 (max 14.95), (true 112, predicted [728])
attack: step 6/10, xent loss = 49.0323, l2 loss = 36.6058 (max 14.95), (true 112, predicted [728])
attack: step 7/10, xent loss = 49.2994, l2 loss = 38.0135 (max 14.95), (true 112, predicted [728])
attack: step 8/10, xent loss = 49.5124, l2 loss = 39.1848 (max 14.95), (true 112, predicted [728])
attack: step 9/10, xent loss = 44.2939, l2 loss = 40.4541 (max 14.95), (true 112, predicted [728])
attack: step 10/10, xent loss = 49.9116, l2 loss = 41.8747 (max 14.95), (true 112, predicted [728])
check failed
true = 112, adv = 728
evaluating 594 of [590, 600)
attack: step 1/10, xent loss = 14.1635, l2 loss = 15.4485 (max 14.95), (true 7, predicted [88])
attack: step 2/10, xent loss = 15.394, l2 loss = 16.0852 (max 14.95), (true 7, predicted [88])
attack: step 3/10, xent loss = 16.1524, l2 loss = 16.8329 (max 14.95), (true 7, predicted [88])
attack: step 4/10, xent loss = 15.9771, l2 loss = 17.4956 (max 14.95), (true 7, predicted [88])
attack: step 5/10, xent loss = 16.9161, l2 loss = 18.1168 (max 14.95), (true 7, predicted [88])
attack: step 6/10, xent loss = 19.3933, l2 loss = 18.7635 (max 14.95), (true 7, predicted [88])
attack: step 7/10, xent loss = 16.4958, l2 loss = 19.3189 (max 14.95), (true 7, predicted [88])
attack: step 8/10, xent loss = 18.3869, l2 loss = 20.1443 (max 14.95), (true 7, predicted [88])
attack: step 9/10, xent loss = 18.2328, l2 loss = 20.704 (max 14.95), (true 7, predicted [88])
attack: step 10/10, xent loss = 17.2776, l2 loss = 21.3241 (max 14.95), (true 7, predicted [88])
check failed
true = 7, adv = 88
evaluating 595 of [590, 600)
attack: step 1/10, xent loss = 11.0456, l2 loss = 15.4816 (max 14.95), (true 214, predicted [176])
attack: step 2/10, xent loss = 12.1148, l2 loss = 15.9949 (max 14.95), (true 214, predicted [176])
attack: step 3/10, xent loss = 11.8561, l2 loss = 16.7361 (max 14.95), (true 214, predicted [176])
attack: step 4/10, xent loss = 12.8265, l2 loss = 17.2208 (max 14.95), (true 214, predicted [176])
attack: step 5/10, xent loss = 12.4999, l2 loss = 17.898 (max 14.95), (true 214, predicted [728])
attack: step 6/10, xent loss = 13.51, l2 loss = 19.447 (max 14.95), (true 214, predicted [728])
attack: step 7/10, xent loss = 16.2112, l2 loss = 20.8523 (max 14.95), (true 214, predicted [728])
attack: step 8/10, xent loss = 17.2586, l2 loss = 22.8644 (max 14.95), (true 214, predicted [728])
attack: step 9/10, xent loss = 21.3717, l2 loss = 24.879 (max 14.95), (true 214, predicted [728])
attack: step 10/10, xent loss = 23.7163, l2 loss = 26.4603 (max 14.95), (true 214, predicted [728])
check failed
true = 214, adv = 728
evaluating 596 of [590, 600)
attack: step 1/10, xent loss = 12.3111, l2 loss = 15.7969 (max 14.95), (true 888, predicted [693])
attack: step 2/10, xent loss = 16.7586, l2 loss = 17.01 (max 14.95), (true 888, predicted [693])
attack: step 3/10, xent loss = 17.2397, l2 loss = 18.3853 (max 14.95), (true 888, predicted [693])
attack: step 4/10, xent loss = 16.2591, l2 loss = 19.1126 (max 14.95), (true 888, predicted [693])
attack: step 5/10, xent loss = 17.1768, l2 loss = 20.1518 (max 14.95), (true 888, predicted [693])
attack: step 6/10, xent loss = 17.3269, l2 loss = 21.0594 (max 14.95), (true 888, predicted [693])
attack: step 7/10, xent loss = 16.3686, l2 loss = 22.0947 (max 14.95), (true 888, predicted [693])
attack: step 8/10, xent loss = 18.8696, l2 loss = 24.0496 (max 14.95), (true 888, predicted [693])
attack: step 9/10, xent loss = 15.5663, l2 loss = 24.979 (max 14.95), (true 888, predicted [693])
attack: step 10/10, xent loss = 13.7591, l2 loss = 26.0081 (max 14.95), (true 888, predicted [693])
check failed
true = 888, adv = 693
evaluating 597 of [590, 600)
attack: step 1/10, xent loss = 30.4395, l2 loss = 26.2163 (max 14.95), (true 281, predicted [723])
attack: step 2/10, xent loss = 29.5741, l2 loss = 27.7022 (max 14.95), (true 281, predicted [723])
attack: step 3/10, xent loss = 29.8001, l2 loss = 30.1787 (max 14.95), (true 281, predicted [723])
attack: step 4/10, xent loss = 26.8591, l2 loss = 31.3958 (max 14.95), (true 281, predicted [723])
attack: step 5/10, xent loss = 31.6566, l2 loss = 32.5001 (max 14.95), (true 281, predicted [723])
attack: step 6/10, xent loss = 28.3088, l2 loss = 33.5911 (max 14.95), (true 281, predicted [723])
attack: step 7/10, xent loss = 29.2615, l2 loss = 35.0218 (max 14.95), (true 281, predicted [723])
attack: step 8/10, xent loss = 36.3262, l2 loss = 36.089 (max 14.95), (true 281, predicted [723])
attack: step 9/10, xent loss = 37.4963, l2 loss = 37.0958 (max 14.95), (true 281, predicted [723])
attack: step 10/10, xent loss = 35.2296, l2 loss = 38.093 (max 14.95), (true 281, predicted [723])
check failed
true = 281, adv = 723
evaluating 598 of [590, 600)
attack: step 1/10, xent loss = 10.5472, l2 loss = 11.6009 (max 14.95), (true 842, predicted [603])
attack: step 2/10, xent loss = 11.1945, l2 loss = 12.1685 (max 14.95), (true 842, predicted [603])
attack: step 3/10, xent loss = 10.9986, l2 loss = 12.6928 (max 14.95), (true 842, predicted [603])
attack: step 4/10, xent loss = 11.7859, l2 loss = 14.0472 (max 14.95), (true 842, predicted [603])
attack: step 5/10, xent loss = 12.1714, l2 loss = 14.689 (max 14.95), (true 842, predicted [603])
attack: step 6/10, xent loss = 13.9074, l2 loss = 15.1524 (max 14.95), (true 842, predicted [603])
attack: step 7/10, xent loss = 12.7486, l2 loss = 15.5872 (max 14.95), (true 842, predicted [603])
attack: step 8/10, xent loss = 13.5379, l2 loss = 16.1969 (max 14.95), (true 842, predicted [603])
attack: step 9/10, xent loss = 13.3741, l2 loss = 16.8874 (max 14.95), (true 842, predicted [603])
attack: step 10/10, xent loss = 14.2253, l2 loss = 17.328 (max 14.95), (true 842, predicted [603])
check failed
true = 842, adv = 603
evaluating 599 of [590, 600)
attack: step 1/10, xent loss = 14.7472, l2 loss = 12.0502 (max 14.95), (true 261, predicted [169])
attack: step 2/10, xent loss = 15.3076, l2 loss = 13.248 (max 14.95), (true 261, predicted [728])
attack: step 3/10, xent loss = 24.3012, l2 loss = 18.8845 (max 14.95), (true 261, predicted [728])
attack: step 4/10, xent loss = 23.3348, l2 loss = 21.6571 (max 14.95), (true 261, predicted [728])
attack: step 5/10, xent loss = 29.9799, l2 loss = 23.8168 (max 14.95), (true 261, predicted [728])
attack: step 6/10, xent loss = 33.1463, l2 loss = 26.298 (max 14.95), (true 261, predicted [728])
attack: step 7/10, xent loss = 36.2359, l2 loss = 28.9433 (max 14.95), (true 261, predicted [728])
attack: step 8/10, xent loss = 40.337, l2 loss = 30.081 (max 14.95), (true 261, predicted [728])
attack: step 9/10, xent loss = 41.4183, l2 loss = 31.4692 (max 14.95), (true 261, predicted [728])
attack: step 10/10, xent loss = 43.0484, l2 loss = 32.731 (max 14.95), (true 261, predicted [728])
check failed
true = 261, adv = 728
