2019-06-29 16:43:24.941902: I tensorflow/core/platform/cpu_feature_guard.cc:141] Your CPU supports instructions that this TensorFlow binary was not compiled to use: SSE4.1 SSE4.2 AVX AVX2 FMA
2019-06-29 16:43:27.920613: I tensorflow/core/platform/profile_utils/cpu_utils.cc:94] CPU Frequency: 2600050000 Hz
2019-06-29 16:43:28.327951: I tensorflow/compiler/xla/service/service.cc:150] XLA service 0x2aaae6abfc30 executing computations on platform Host. Devices:
2019-06-29 16:43:28.327994: I tensorflow/compiler/xla/service/service.cc:158]   StreamExecutor device (0): <undefined>, <undefined>
2019-06-29 16:43:28.328341: I tensorflow/core/common_runtime/process_util.cc:71] Creating new thread pool with default inter op setting: 2. Tune using inter_op_parallelism_threads for best performance.
evaluating 620 of [620, 630)
attack: step 1/10, xent loss = 8.69175, l2 loss = 21.9053 (max 14.95), (true 681, predicted [728])
attack: step 2/10, xent loss = 14.4877, l2 loss = 23.0046 (max 14.95), (true 681, predicted [728])
attack: step 3/10, xent loss = 14.9572, l2 loss = 25.0606 (max 14.95), (true 681, predicted [728])
attack: step 4/10, xent loss = 15.8924, l2 loss = 26.486 (max 14.95), (true 681, predicted [728])
attack: step 5/10, xent loss = 15.7412, l2 loss = 28.4534 (max 14.95), (true 681, predicted [728])
attack: step 6/10, xent loss = 18.469, l2 loss = 29.5878 (max 14.95), (true 681, predicted [728])
attack: step 7/10, xent loss = 15.8564, l2 loss = 30.7589 (max 14.95), (true 681, predicted [728])
attack: step 8/10, xent loss = 15.9706, l2 loss = 31.5907 (max 14.95), (true 681, predicted [728])
attack: step 9/10, xent loss = 17.2289, l2 loss = 32.2923 (max 14.95), (true 681, predicted [728])
attack: step 10/10, xent loss = 18.2392, l2 loss = 33.3036 (max 14.95), (true 681, predicted [728])
check failed
true = 681, adv = 728
evaluating 621 of [620, 630)
attack: step 1/10, xent loss = 2.90263, l2 loss = 12.0836 (max 14.95), (true 960, predicted [923])
attack: step 2/10, xent loss = 3.18508, l2 loss = 12.8967 (max 14.95), (true 960, predicted [667])
attack: step 3/10, xent loss = 4.71527, l2 loss = 13.9047 (max 14.95), (true 960, predicted [868])
attack: step 4/10, xent loss = 5.22913, l2 loss = 14.7864 (max 14.95), (true 960, predicted [868])
attack: step 5/10, xent loss = 3.39599, l2 loss = 15.3785 (max 14.95), (true 960, predicted [644])
attack: step 6/10, xent loss = 4.73324, l2 loss = 16.1217 (max 14.95), (true 960, predicted [868])
attack: step 7/10, xent loss = 4.69319, l2 loss = 16.8005 (max 14.95), (true 960, predicted [923])
attack: step 8/10, xent loss = 6.5289, l2 loss = 17.5512 (max 14.95), (true 960, predicted [892])
attack: step 9/10, xent loss = 5.28067, l2 loss = 17.9853 (max 14.95), (true 960, predicted [923])
attack: step 10/10, xent loss = 5.18208, l2 loss = 18.5599 (max 14.95), (true 960, predicted [868])
check failed
true = 960, adv = 892
evaluating 622 of [620, 630)
attack: step 1/10, xent loss = 6.66197, l2 loss = 16.8773 (max 14.95), (true 760, predicted [794])
attack: step 2/10, xent loss = 6.05951, l2 loss = 17.3092 (max 14.95), (true 760, predicted [794])
attack: step 3/10, xent loss = 6.15514, l2 loss = 17.9697 (max 14.95), (true 760, predicted [794])
attack: step 4/10, xent loss = 7.89304, l2 loss = 18.4059 (max 14.95), (true 760, predicted [794])
attack: step 5/10, xent loss = 6.26357, l2 loss = 18.816 (max 14.95), (true 760, predicted [794])
attack: step 6/10, xent loss = 7.3955, l2 loss = 19.3694 (max 14.95), (true 760, predicted [794])
attack: step 7/10, xent loss = 7.87135, l2 loss = 19.605 (max 14.95), (true 760, predicted [794])
attack: step 8/10, xent loss = 7.95475, l2 loss = 19.7782 (max 14.95), (true 760, predicted [794])
attack: step 9/10, xent loss = 8.2865, l2 loss = 20.0271 (max 14.95), (true 760, predicted [794])
attack: step 10/10, xent loss = 8.50498, l2 loss = 20.2438 (max 14.95), (true 760, predicted [794])
check failed
true = 760, adv = 794
evaluating 623 of [620, 630)
attack: step 1/10, xent loss = 7.12717, l2 loss = 12.4629 (max 14.95), (true 866, predicted [625])
attack: step 2/10, xent loss = 4.99613, l2 loss = 13.5583 (max 14.95), (true 866, predicted [802])
attack: step 3/10, xent loss = 6.10554, l2 loss = 14.1557 (max 14.95), (true 866, predicted [802])
attack: step 4/10, xent loss = 6.42984, l2 loss = 14.9266 (max 14.95), (true 866, predicted [625])
attack: step 5/10, xent loss = 4.95982, l2 loss = 15.745 (max 14.95), (true 866, predicted [625])
attack: step 6/10, xent loss = 6.31601, l2 loss = 16.3673 (max 14.95), (true 866, predicted [802])
attack: step 7/10, xent loss = 6.8466, l2 loss = 16.9581 (max 14.95), (true 866, predicted [830])
attack: step 8/10, xent loss = 5.9827, l2 loss = 17.8078 (max 14.95), (true 866, predicted [625])
attack: step 9/10, xent loss = 5.80318, l2 loss = 18.1909 (max 14.95), (true 866, predicted [802])
attack: step 10/10, xent loss = 5.43695, l2 loss = 18.6123 (max 14.95), (true 866, predicted [802])
check failed
true = 866, adv = 802
evaluating 624 of [620, 630)
attack: step 1/10, xent loss = 19.7427, l2 loss = 40.178 (max 14.95), (true 977, predicted [728])
attack: step 2/10, xent loss = 17.7241, l2 loss = 42.2931 (max 14.95), (true 977, predicted [728])
attack: step 3/10, xent loss = 24.7474, l2 loss = 43.8516 (max 14.95), (true 977, predicted [728])
attack: step 4/10, xent loss = 22.7863, l2 loss = 45.3055 (max 14.95), (true 977, predicted [728])
attack: step 5/10, xent loss = 19.8401, l2 loss = 46.6573 (max 14.95), (true 977, predicted [728])
attack: step 6/10, xent loss = 25.2738, l2 loss = 48.4329 (max 14.95), (true 977, predicted [728])
attack: step 7/10, xent loss = 24.0479, l2 loss = 49.8951 (max 14.95), (true 977, predicted [728])
attack: step 8/10, xent loss = 25.5309, l2 loss = 51.1533 (max 14.95), (true 977, predicted [728])
attack: step 9/10, xent loss = 26.1492, l2 loss = 52.1467 (max 14.95), (true 977, predicted [728])
attack: step 10/10, xent loss = 29.0106, l2 loss = 53.4377 (max 14.95), (true 977, predicted [728])
check failed
true = 977, adv = 728
evaluating 625 of [620, 630)
attack: step 1/10, xent loss = 7.74923, l2 loss = 12.8067 (max 14.95), (true 844, predicted [794])
attack: step 2/10, xent loss = 8.37263, l2 loss = 13.2379 (max 14.95), (true 844, predicted [794])
attack: step 3/10, xent loss = 8.74911, l2 loss = 13.8981 (max 14.95), (true 844, predicted [794])
attack: step 4/10, xent loss = 7.96189, l2 loss = 14.3827 (max 14.95), (true 844, predicted [794])
attack: step 5/10, xent loss = 8.68471, l2 loss = 14.7539 (max 14.95), (true 844, predicted [794])
attack: step 6/10, xent loss = 8.7681, l2 loss = 15.1274 (max 14.95), (true 844, predicted [794])
attack: step 7/10, xent loss = 8.94588, l2 loss = 15.6714 (max 14.95), (true 844, predicted [794])
attack: step 8/10, xent loss = 8.25921, l2 loss = 16.411 (max 14.95), (true 844, predicted [794])
attack: step 9/10, xent loss = 9.00924, l2 loss = 16.6925 (max 14.95), (true 844, predicted [794])
attack: step 10/10, xent loss = 9.44323, l2 loss = 17.3314 (max 14.95), (true 844, predicted [794])
check failed
true = 844, adv = 794
evaluating 626 of [620, 630)
attack: step 1/10, xent loss = 18.0358, l2 loss = 22.3817 (max 14.95), (true 435, predicted [728])
attack: step 2/10, xent loss = 16.101, l2 loss = 24.5143 (max 14.95), (true 435, predicted [728])
attack: step 3/10, xent loss = 17.8137, l2 loss = 26.4981 (max 14.95), (true 435, predicted [728])
attack: step 4/10, xent loss = 22.9003, l2 loss = 28.793 (max 14.95), (true 435, predicted [728])
attack: step 5/10, xent loss = 16.9075, l2 loss = 30.5677 (max 14.95), (true 435, predicted [728])
attack: step 6/10, xent loss = 23.793, l2 loss = 32.1582 (max 14.95), (true 435, predicted [728])
attack: step 7/10, xent loss = 20.3112, l2 loss = 33.719 (max 14.95), (true 435, predicted [728])
attack: step 8/10, xent loss = 23.7327, l2 loss = 35.4618 (max 14.95), (true 435, predicted [728])
attack: step 9/10, xent loss = 27.079, l2 loss = 36.5067 (max 14.95), (true 435, predicted [728])
attack: step 10/10, xent loss = 21.4105, l2 loss = 37.8351 (max 14.95), (true 435, predicted [728])
check failed
true = 435, adv = 728
evaluating 627 of [620, 630)
attack: step 1/10, xent loss = 11.2306, l2 loss = 27.1895 (max 14.95), (true 239, predicted [552])
attack: step 2/10, xent loss = 12.4831, l2 loss = 28.4464 (max 14.95), (true 239, predicted [552])
attack: step 3/10, xent loss = 15.2202, l2 loss = 29.5754 (max 14.95), (true 239, predicted [552])
attack: step 4/10, xent loss = 14.3779, l2 loss = 31.0412 (max 14.95), (true 239, predicted [552])
attack: step 5/10, xent loss = 14.9563, l2 loss = 31.9501 (max 14.95), (true 239, predicted [552])
attack: step 6/10, xent loss = 14.7406, l2 loss = 32.9525 (max 14.95), (true 239, predicted [552])
attack: step 7/10, xent loss = 16.6315, l2 loss = 34.183 (max 14.95), (true 239, predicted [552])
attack: step 8/10, xent loss = 14.1273, l2 loss = 35.6002 (max 14.95), (true 239, predicted [552])
attack: step 9/10, xent loss = 17.4345, l2 loss = 36.4973 (max 14.95), (true 239, predicted [552])
attack: step 10/10, xent loss = 17.0925, l2 loss = 37.5819 (max 14.95), (true 239, predicted [552])
check failed
true = 239, adv = 552
evaluating 628 of [620, 630)
attack: step 1/10, xent loss = 10.8591, l2 loss = 15.1244 (max 14.95), (true 605, predicted [816])
attack: step 2/10, xent loss = 11.3026, l2 loss = 15.8301 (max 14.95), (true 605, predicted [816])
attack: step 3/10, xent loss = 11.9539, l2 loss = 16.9321 (max 14.95), (true 605, predicted [816])
attack: step 4/10, xent loss = 12.3272, l2 loss = 17.7353 (max 14.95), (true 605, predicted [816])
attack: step 5/10, xent loss = 13.4144, l2 loss = 18.536 (max 14.95), (true 605, predicted [816])
attack: step 6/10, xent loss = 12.2585, l2 loss = 19.3912 (max 14.95), (true 605, predicted [816])
attack: step 7/10, xent loss = 13.1455, l2 loss = 20.4105 (max 14.95), (true 605, predicted [816])
attack: step 8/10, xent loss = 15.6019, l2 loss = 21.4117 (max 14.95), (true 605, predicted [816])
attack: step 9/10, xent loss = 13.9108, l2 loss = 22.2295 (max 14.95), (true 605, predicted [816])
attack: step 10/10, xent loss = 13.4633, l2 loss = 22.9549 (max 14.95), (true 605, predicted [816])
check failed
true = 605, adv = 816
evaluating 629 of [620, 630)
attack: step 1/10, xent loss = 14.9977, l2 loss = 25.0223 (max 14.95), (true 196, predicted [728])
attack: step 2/10, xent loss = 16.2986, l2 loss = 26.4141 (max 14.95), (true 196, predicted [728])
attack: step 3/10, xent loss = 16.0846, l2 loss = 27.5637 (max 14.95), (true 196, predicted [728])
attack: step 4/10, xent loss = 17.5293, l2 loss = 29.0502 (max 14.95), (true 196, predicted [728])
attack: step 5/10, xent loss = 18.9741, l2 loss = 29.9084 (max 14.95), (true 196, predicted [728])
attack: step 6/10, xent loss = 18.418, l2 loss = 30.9458 (max 14.95), (true 196, predicted [728])
attack: step 7/10, xent loss = 16.9093, l2 loss = 31.8865 (max 14.95), (true 196, predicted [728])
attack: step 8/10, xent loss = 18.5274, l2 loss = 32.7618 (max 14.95), (true 196, predicted [728])
attack: step 9/10, xent loss = 19.1305, l2 loss = 33.6697 (max 14.95), (true 196, predicted [728])
attack: step 10/10, xent loss = 17.3226, l2 loss = 34.6975 (max 14.95), (true 196, predicted [728])
check failed
true = 196, adv = 728
