2019-10-24 14:41:18.549198: I tensorflow/core/platform/cpu_feature_guard.cc:141] Your CPU supports instructions that this TensorFlow binary was not compiled to use: SSE4.1 SSE4.2 AVX AVX2 FMA
2019-10-24 14:41:20.511182: I tensorflow/core/platform/profile_utils/cpu_utils.cc:94] CPU Frequency: 2600240000 Hz
2019-10-24 14:41:20.582079: I tensorflow/compiler/xla/service/service.cc:150] XLA service 0x55555902e070 executing computations on platform Host. Devices:
2019-10-24 14:41:20.582308: I tensorflow/compiler/xla/service/service.cc:158]   StreamExecutor device (0): <undefined>, <undefined>
2019-10-24 14:41:20.584319: I tensorflow/core/common_runtime/process_util.cc:71] Creating new thread pool with default inter op setting: 2. Tune using inter_op_parallelism_threads for best performance.
evaluating 420 of [420, 430)
attack: step 1/10, xent loss = 22.2526, l2 loss = 22.6106 (max 14.95), (true 335, predicted [1])
unbound attack returning early
check failed
true = 335, adv = 1
evaluating 421 of [420, 430)
attack: step 1/10, xent loss = 20.9017, l2 loss = 27.0872 (max 14.95), (true 351, predicted [934])
unbound attack returning early
check failed
true = 351, adv = 934
evaluating 422 of [420, 430)
attack: step 1/10, xent loss = 0.0991857, l2 loss = 0.701058 (max 14.95), (true 214, predicted [214])
attack: step 2/10, xent loss = 0.0930137, l2 loss = 0.72594 (max 14.95), (true 214, predicted [214])
attack: step 3/10, xent loss = 0.114204, l2 loss = 0.752809 (max 14.95), (true 214, predicted [214])
attack: step 4/10, xent loss = 0.0705369, l2 loss = 0.789444 (max 14.95), (true 214, predicted [214])
attack: step 5/10, xent loss = 0.105753, l2 loss = 0.804896 (max 14.95), (true 214, predicted [214])
attack: step 6/10, xent loss = 0.120282, l2 loss = 0.831581 (max 14.95), (true 214, predicted [214])
attack: step 7/10, xent loss = 0.0833598, l2 loss = 0.865705 (max 14.95), (true 214, predicted [214])
attack: step 8/10, xent loss = 0.179458, l2 loss = 0.889815 (max 14.95), (true 214, predicted [214])
attack: step 9/10, xent loss = 0.0814951, l2 loss = 0.943218 (max 14.95), (true 214, predicted [214])
attack: step 10/10, xent loss = 0.084612, l2 loss = 0.958122 (max 14.95), (true 214, predicted [214])
true = 214, adv = 214
evaluating 423 of [420, 430)
attack: step 1/10, xent loss = 11.8202, l2 loss = 12.7556 (max 14.95), (true 590, predicted [487])
returning early
true = 590, adv = 487
evaluating 424 of [420, 430)
attack: step 1/10, xent loss = 50.1138, l2 loss = 45.6779 (max 14.95), (true 26, predicted [652])
unbound attack returning early
check failed
true = 26, adv = 652
evaluating 425 of [420, 430)
attack: step 1/10, xent loss = 29.2789, l2 loss = 39.416 (max 14.95), (true 70, predicted [669])
unbound attack returning early
check failed
true = 70, adv = 669
evaluating 426 of [420, 430)
attack: step 1/10, xent loss = 17.4722, l2 loss = 19.1976 (max 14.95), (true 239, predicted [238])
unbound attack returning early
check failed
true = 239, adv = 238
evaluating 427 of [420, 430)
attack: step 1/10, xent loss = 29.6575, l2 loss = 41.3475 (max 14.95), (true 835, predicted [827])
unbound attack returning early
check failed
true = 835, adv = 827
evaluating 428 of [420, 430)
attack: step 1/10, xent loss = 45.2747, l2 loss = 41.8854 (max 14.95), (true 49, predicted [728])
unbound attack returning early
check failed
true = 49, adv = 728
evaluating 429 of [420, 430)
attack: step 1/10, xent loss = 17.1757, l2 loss = 23.5261 (max 14.95), (true 513, predicted [875])
unbound attack returning early
check failed
true = 513, adv = 875
Warning: Permanently added 'node006,192.168.10.6' (RSA) to the list of known hosts.
