2019-10-27 18:19:15.593398: I tensorflow/core/platform/cpu_feature_guard.cc:141] Your CPU supports instructions that this TensorFlow binary was not compiled to use: SSE4.1 SSE4.2 AVX AVX2 FMA
2019-10-27 18:19:15.603642: I tensorflow/core/platform/profile_utils/cpu_utils.cc:94] CPU Frequency: 2600015000 Hz
2019-10-27 18:19:15.603878: I tensorflow/compiler/xla/service/service.cc:150] XLA service 0x55555902fd50 executing computations on platform Host. Devices:
2019-10-27 18:19:15.603916: I tensorflow/compiler/xla/service/service.cc:158]   StreamExecutor device (0): <undefined>, <undefined>
2019-10-27 18:19:15.604285: I tensorflow/core/common_runtime/process_util.cc:71] Creating new thread pool with default inter op setting: 2. Tune using inter_op_parallelism_threads for best performance.
evaluating 690 of [690, 700)
attack: step 1/10, xent loss = 7.43268, l2 loss = 7.17463 (max 14.95), (true 49, predicted [478])
returning early
true = 49, adv = 645
evaluating 691 of [690, 700)
attack: step 1/10, xent loss = 4.46113, l2 loss = 14.8534 (max 14.95), (true 799, predicted [728])
returning early
true = 799, adv = 905
evaluating 692 of [690, 700)
attack: step 1/10, xent loss = 9.90308, l2 loss = 19.0755 (max 14.95), (true 853, predicted [879])
unbound attack returning early
check failed
true = 853, adv = 879
evaluating 693 of [690, 700)
attack: step 1/10, xent loss = 10.0596, l2 loss = 17.0259 (max 14.95), (true 17, predicted [723])
unbound attack returning early
check failed
true = 17, adv = 723
evaluating 694 of [690, 700)
attack: step 1/10, xent loss = 9.77035, l2 loss = 14.721 (max 14.95), (true 800, predicted [645])
returning early
true = 800, adv = 645
evaluating 695 of [690, 700)
attack: step 1/10, xent loss = 7.92228, l2 loss = 7.20973 (max 14.95), (true 350, predicted [723])
returning early
true = 350, adv = 723
evaluating 696 of [690, 700)
attack: step 1/10, xent loss = 9.60157, l2 loss = 13.6385 (max 14.95), (true 889, predicted [728])
returning early
true = 889, adv = 728
evaluating 697 of [690, 700)
attack: step 1/10, xent loss = 11.4684, l2 loss = 35.9319 (max 14.95), (true 951, predicted [728])
unbound attack returning early
check failed
true = 951, adv = 728
evaluating 698 of [690, 700)
attack: step 1/10, xent loss = 8.6605, l2 loss = 16.0541 (max 14.95), (true 276, predicted [701])
unbound attack returning early
check failed
true = 276, adv = 701
evaluating 699 of [690, 700)
attack: step 1/10, xent loss = 8.07041, l2 loss = 12.1642 (max 14.95), (true 784, predicted [645])
returning early
true = 784, adv = 645
