2019-06-27 14:33:25.724859: I tensorflow/core/platform/cpu_feature_guard.cc:141] Your CPU supports instructions that this TensorFlow binary was not compiled to use: SSE4.1 SSE4.2 AVX AVX2 FMA
2019-06-27 14:33:25.951969: I tensorflow/core/platform/profile_utils/cpu_utils.cc:94] CPU Frequency: 2599950000 Hz
2019-06-27 14:33:25.952979: I tensorflow/compiler/xla/service/service.cc:150] XLA service 0x2aaae6ac09b0 executing computations on platform Host. Devices:
2019-06-27 14:33:25.953081: I tensorflow/compiler/xla/service/service.cc:158]   StreamExecutor device (0): <undefined>, <undefined>
2019-06-27 14:33:25.954202: I tensorflow/core/common_runtime/process_util.cc:71] Creating new thread pool with default inter op setting: 2. Tune using inter_op_parallelism_threads for best performance.
evaluating 90 of [90, 100)
attack: step 1/10, xent loss = 5.44205, l2 loss = 11.3812 (max 14.95), (true 466, predicted [830])
attack: step 2/10, xent loss = 5.48619, l2 loss = 11.7741 (max 14.95), (true 466, predicted [634])
attack: step 3/10, xent loss = 6.30989, l2 loss = 12.0892 (max 14.95), (true 466, predicted [780])
attack: step 4/10, xent loss = 6.55182, l2 loss = 12.2786 (max 14.95), (true 466, predicted [830])
attack: step 5/10, xent loss = 6.48715, l2 loss = 12.5478 (max 14.95), (true 466, predicted [830])
attack: step 6/10, xent loss = 6.98263, l2 loss = 12.894 (max 14.95), (true 466, predicted [830])
attack: step 7/10, xent loss = 6.95235, l2 loss = 13.0547 (max 14.95), (true 466, predicted [728])
attack: step 8/10, xent loss = 6.7821, l2 loss = 13.181 (max 14.95), (true 466, predicted [830])
attack: step 9/10, xent loss = 7.03089, l2 loss = 13.4585 (max 14.95), (true 466, predicted [830])
attack: step 10/10, xent loss = 7.28121, l2 loss = 13.811 (max 14.95), (true 466, predicted [830])
true = 466, adv = 830
evaluating 91 of [90, 100)
attack: step 1/10, xent loss = 9.20269, l2 loss = 14.8298 (max 14.95), (true 213, predicted [219])
attack: step 2/10, xent loss = 8.21341, l2 loss = 15.3445 (max 14.95), (true 213, predicted [219])
attack: step 3/10, xent loss = 9.41323, l2 loss = 16.2269 (max 14.95), (true 213, predicted [219])
attack: step 4/10, xent loss = 9.15611, l2 loss = 16.5893 (max 14.95), (true 213, predicted [200])
attack: step 5/10, xent loss = 9.7957, l2 loss = 16.9688 (max 14.95), (true 213, predicted [200])
attack: step 6/10, xent loss = 10.4277, l2 loss = 17.837 (max 14.95), (true 213, predicted [200])
attack: step 7/10, xent loss = 10.5932, l2 loss = 18.8041 (max 14.95), (true 213, predicted [200])
attack: step 8/10, xent loss = 10.9897, l2 loss = 19.2143 (max 14.95), (true 213, predicted [200])
attack: step 9/10, xent loss = 11.5472, l2 loss = 19.8738 (max 14.95), (true 213, predicted [200])
attack: step 10/10, xent loss = 11.5584, l2 loss = 20.7614 (max 14.95), (true 213, predicted [200])
check failed
true = 213, adv = 200
evaluating 92 of [90, 100)
attack: step 1/10, xent loss = 7.38322, l2 loss = 13.7973 (max 14.95), (true 197, predicted [256])
attack: step 2/10, xent loss = 8.18646, l2 loss = 14.2562 (max 14.95), (true 197, predicted [256])
attack: step 3/10, xent loss = 7.67829, l2 loss = 15.1767 (max 14.95), (true 197, predicted [256])
attack: step 4/10, xent loss = 7.79346, l2 loss = 15.8602 (max 14.95), (true 197, predicted [256])
attack: step 5/10, xent loss = 8.53148, l2 loss = 16.5714 (max 14.95), (true 197, predicted [256])
attack: step 6/10, xent loss = 9.44748, l2 loss = 17.0928 (max 14.95), (true 197, predicted [256])
attack: step 7/10, xent loss = 8.42031, l2 loss = 17.56 (max 14.95), (true 197, predicted [256])
attack: step 8/10, xent loss = 10.6005, l2 loss = 18.0895 (max 14.95), (true 197, predicted [256])
attack: step 9/10, xent loss = 8.1225, l2 loss = 18.4955 (max 14.95), (true 197, predicted [256])
attack: step 10/10, xent loss = 10.1078, l2 loss = 19.3668 (max 14.95), (true 197, predicted [256])
check failed
true = 197, adv = 256
evaluating 93 of [90, 100)
attack: step 1/10, xent loss = 1.12116, l2 loss = 4.71063 (max 14.95), (true 169, predicted [160])
attack: step 2/10, xent loss = 0.774123, l2 loss = 5.3313 (max 14.95), (true 169, predicted [169])
attack: step 3/10, xent loss = 1.8349, l2 loss = 5.57179 (max 14.95), (true 169, predicted [160])
attack: step 4/10, xent loss = 1.15426, l2 loss = 6.1743 (max 14.95), (true 169, predicted [160])
attack: step 5/10, xent loss = 1.32493, l2 loss = 6.57571 (max 14.95), (true 169, predicted [160])
attack: step 6/10, xent loss = 1.20172, l2 loss = 6.88449 (max 14.95), (true 169, predicted [160])
attack: step 7/10, xent loss = 1.82737, l2 loss = 7.25839 (max 14.95), (true 169, predicted [160])
attack: step 8/10, xent loss = 2.444, l2 loss = 7.84628 (max 14.95), (true 169, predicted [160])
attack: step 9/10, xent loss = 2.24951, l2 loss = 8.48056 (max 14.95), (true 169, predicted [160])
attack: step 10/10, xent loss = 2.50482, l2 loss = 9.67938 (max 14.95), (true 169, predicted [160])
true = 169, adv = 160
evaluating 94 of [90, 100)
attack: step 1/10, xent loss = 14.6455, l2 loss = 26.3892 (max 14.95), (true 446, predicted [728])
attack: step 2/10, xent loss = 13.8634, l2 loss = 28.8709 (max 14.95), (true 446, predicted [728])
attack: step 3/10, xent loss = 19.3804, l2 loss = 29.987 (max 14.95), (true 446, predicted [728])
attack: step 4/10, xent loss = 14.6248, l2 loss = 31.2342 (max 14.95), (true 446, predicted [728])
attack: step 5/10, xent loss = 15.8832, l2 loss = 32.7771 (max 14.95), (true 446, predicted [728])
attack: step 6/10, xent loss = 20.4101, l2 loss = 33.5534 (max 14.95), (true 446, predicted [728])
attack: step 7/10, xent loss = 22.0956, l2 loss = 34.7247 (max 14.95), (true 446, predicted [728])
attack: step 8/10, xent loss = 24.3569, l2 loss = 35.9545 (max 14.95), (true 446, predicted [728])
attack: step 9/10, xent loss = 21.3978, l2 loss = 36.9958 (max 14.95), (true 446, predicted [728])
attack: step 10/10, xent loss = 21.9156, l2 loss = 38.4246 (max 14.95), (true 446, predicted [728])
check failed
true = 446, adv = 728
evaluating 95 of [90, 100)
attack: step 1/10, xent loss = 4.91039, l2 loss = 9.29234 (max 14.95), (true 857, predicted [728])
attack: step 2/10, xent loss = 4.41021, l2 loss = 9.63194 (max 14.95), (true 857, predicted [765])
attack: step 3/10, xent loss = 4.86702, l2 loss = 9.97753 (max 14.95), (true 857, predicted [765])
attack: step 4/10, xent loss = 4.94477, l2 loss = 10.3381 (max 14.95), (true 857, predicted [728])
attack: step 5/10, xent loss = 5.35431, l2 loss = 11.0307 (max 14.95), (true 857, predicted [765])
attack: step 6/10, xent loss = 5.53957, l2 loss = 11.349 (max 14.95), (true 857, predicted [827])
attack: step 7/10, xent loss = 5.88498, l2 loss = 11.6424 (max 14.95), (true 857, predicted [728])
attack: step 8/10, xent loss = 7.11619, l2 loss = 12.2175 (max 14.95), (true 857, predicted [728])
attack: step 9/10, xent loss = 6.49062, l2 loss = 13.8993 (max 14.95), (true 857, predicted [728])
attack: step 10/10, xent loss = 7.80571, l2 loss = 14.2683 (max 14.95), (true 857, predicted [728])
check failed
true = 857, adv = 728
evaluating 96 of [90, 100)
attack: step 1/10, xent loss = 10.0436, l2 loss = 19.3345 (max 14.95), (true 380, predicted [88])
attack: step 2/10, xent loss = 8.89716, l2 loss = 20.6288 (max 14.95), (true 380, predicted [88])
attack: step 3/10, xent loss = 7.49471, l2 loss = 22.2411 (max 14.95), (true 380, predicted [88])
attack: step 4/10, xent loss = 9.18509, l2 loss = 22.669 (max 14.95), (true 380, predicted [88])
attack: step 5/10, xent loss = 9.1512, l2 loss = 23.0646 (max 14.95), (true 380, predicted [88])
attack: step 6/10, xent loss = 10.6847, l2 loss = 23.6845 (max 14.95), (true 380, predicted [88])
attack: step 7/10, xent loss = 11.211, l2 loss = 25.5535 (max 14.95), (true 380, predicted [88])
attack: step 8/10, xent loss = 12.4285, l2 loss = 26.5583 (max 14.95), (true 380, predicted [88])
attack: step 9/10, xent loss = 11.8267, l2 loss = 27.6542 (max 14.95), (true 380, predicted [88])
attack: step 10/10, xent loss = 8.59569, l2 loss = 29.0168 (max 14.95), (true 380, predicted [88])
check failed
true = 380, adv = 88
evaluating 97 of [90, 100)
attack: step 1/10, xent loss = 0.165932, l2 loss = 1.25473 (max 14.95), (true 586, predicted [586])
attack: step 2/10, xent loss = 0.127798, l2 loss = 1.33223 (max 14.95), (true 586, predicted [586])
attack: step 3/10, xent loss = 0.242893, l2 loss = 1.38648 (max 14.95), (true 586, predicted [586])
attack: step 4/10, xent loss = 0.260568, l2 loss = 1.53595 (max 14.95), (true 586, predicted [586])
attack: step 5/10, xent loss = 0.188369, l2 loss = 1.69738 (max 14.95), (true 586, predicted [586])
attack: step 6/10, xent loss = 0.1679, l2 loss = 1.77896 (max 14.95), (true 586, predicted [586])
attack: step 7/10, xent loss = 0.135625, l2 loss = 1.87229 (max 14.95), (true 586, predicted [586])
attack: step 8/10, xent loss = 0.181076, l2 loss = 1.92258 (max 14.95), (true 586, predicted [586])
attack: step 9/10, xent loss = 0.181765, l2 loss = 2.00886 (max 14.95), (true 586, predicted [586])
attack: step 10/10, xent loss = 0.445053, l2 loss = 2.11746 (max 14.95), (true 586, predicted [586])
true = 586, adv = 586
evaluating 98 of [90, 100)
attack: step 1/10, xent loss = 5.98184, l2 loss = 12.4978 (max 14.95), (true 797, predicted [701])
attack: step 2/10, xent loss = 6.48528, l2 loss = 13.22 (max 14.95), (true 797, predicted [557])
attack: step 3/10, xent loss = 8.07761, l2 loss = 13.8609 (max 14.95), (true 797, predicted [701])
attack: step 4/10, xent loss = 7.91365, l2 loss = 14.3477 (max 14.95), (true 797, predicted [557])
attack: step 5/10, xent loss = 7.45424, l2 loss = 15.0469 (max 14.95), (true 797, predicted [701])
attack: step 6/10, xent loss = 9.24288, l2 loss = 15.7444 (max 14.95), (true 797, predicted [557])
attack: step 7/10, xent loss = 9.9195, l2 loss = 16.3631 (max 14.95), (true 797, predicted [557])
attack: step 8/10, xent loss = 9.59727, l2 loss = 16.9687 (max 14.95), (true 797, predicted [557])
attack: step 9/10, xent loss = 9.70604, l2 loss = 17.5082 (max 14.95), (true 797, predicted [557])
attack: step 10/10, xent loss = 8.93622, l2 loss = 18.1914 (max 14.95), (true 797, predicted [557])
check failed
true = 797, adv = 557
evaluating 99 of [90, 100)
attack: step 1/10, xent loss = 0.29011, l2 loss = 1.30684 (max 14.95), (true 985, predicted [985])
attack: step 2/10, xent loss = 0.311953, l2 loss = 1.53021 (max 14.95), (true 985, predicted [985])
attack: step 3/10, xent loss = 0.133911, l2 loss = 1.74768 (max 14.95), (true 985, predicted [985])
attack: step 4/10, xent loss = 0.579122, l2 loss = 1.81183 (max 14.95), (true 985, predicted [985])
attack: step 5/10, xent loss = 0.179625, l2 loss = 2.3576 (max 14.95), (true 985, predicted [985])
attack: step 6/10, xent loss = 0.29042, l2 loss = 2.44207 (max 14.95), (true 985, predicted [985])
attack: step 7/10, xent loss = 0.356849, l2 loss = 2.60905 (max 14.95), (true 985, predicted [985])
attack: step 8/10, xent loss = 0.672756, l2 loss = 2.82973 (max 14.95), (true 985, predicted [985])
attack: step 9/10, xent loss = 1.65307, l2 loss = 3.35024 (max 14.95), (true 985, predicted [985])
attack: step 10/10, xent loss = 0.758217, l2 loss = 4.45732 (max 14.95), (true 985, predicted [985])
true = 985, adv = 985
