2019-11-04 08:50:59.519889: I tensorflow/core/platform/cpu_feature_guard.cc:141] Your CPU supports instructions that this TensorFlow binary was not compiled to use: SSE4.1 SSE4.2 AVX AVX2 FMA
2019-11-04 08:50:59.594067: I tensorflow/core/platform/profile_utils/cpu_utils.cc:94] CPU Frequency: 2599985000 Hz
2019-11-04 08:50:59.611587: I tensorflow/compiler/xla/service/service.cc:150] XLA service 0x2aaae6e51ff0 executing computations on platform Host. Devices:
2019-11-04 08:50:59.611640: I tensorflow/compiler/xla/service/service.cc:158]   StreamExecutor device (0): <undefined>, <undefined>
2019-11-04 08:50:59.613291: I tensorflow/core/common_runtime/process_util.cc:71] Creating new thread pool with default inter op setting: 2. Tune using inter_op_parallelism_threads for best performance.
evaluating 500 of [500, 510)
attack: step 1/1, xent loss = 0.0341788, l2 loss = 2.11671 (max 14.95), (true 453, predicted [453])
true = 453, adv = 553
evaluating 501 of [500, 510)
attack: step 1/1, xent loss = 5.21824, l2 loss = 18.9552 (max 14.95), (true 435, predicted [643])
check failed
true = 435, adv = 643
evaluating 502 of [500, 510)
attack: step 1/1, xent loss = 4.96859, l2 loss = 12.6757 (max 14.95), (true 184, predicted [170])
true = 184, adv = 728
evaluating 503 of [500, 510)
attack: step 1/1, xent loss = 11.3923, l2 loss = 31.2834 (max 14.95), (true 514, predicted [643])
check failed
true = 514, adv = 643
evaluating 504 of [500, 510)
attack: step 1/1, xent loss = 8.38524, l2 loss = 43.3704 (max 14.95), (true 355, predicted [669])
check failed
true = 355, adv = 728
evaluating 505 of [500, 510)
attack: step 1/1, xent loss = 0.0942605, l2 loss = 3.7445 (max 14.95), (true 227, predicted [227])
true = 227, adv = 227
evaluating 506 of [500, 510)
attack: step 1/1, xent loss = 4.63077, l2 loss = 16.7459 (max 14.95), (true 220, predicted [389])
check failed
true = 220, adv = 728
evaluating 507 of [500, 510)
attack: step 1/1, xent loss = 16.5474, l2 loss = 24.2042 (max 14.95), (true 590, predicted [761])
check failed
true = 590, adv = 761
evaluating 508 of [500, 510)
attack: step 1/1, xent loss = 4.0239, l2 loss = 10.9954 (max 14.95), (true 754, predicted [485])
true = 754, adv = 581
evaluating 509 of [500, 510)
attack: step 1/1, xent loss = 0.0499762, l2 loss = 1.55115 (max 14.95), (true 635, predicted [635])
true = 635, adv = 635
