2019-06-30 06:43:36.547450: I tensorflow/core/platform/cpu_feature_guard.cc:141] Your CPU supports instructions that this TensorFlow binary was not compiled to use: SSE4.1 SSE4.2 AVX AVX2 FMA
2019-06-30 06:43:37.708468: I tensorflow/core/platform/profile_utils/cpu_utils.cc:94] CPU Frequency: 2600070000 Hz
2019-06-30 06:43:37.711538: I tensorflow/compiler/xla/service/service.cc:150] XLA service 0x2aaae74be7c0 executing computations on platform Host. Devices:
2019-06-30 06:43:37.711575: I tensorflow/compiler/xla/service/service.cc:158]   StreamExecutor device (0): <undefined>, <undefined>
2019-06-30 06:43:37.713512: I tensorflow/core/common_runtime/process_util.cc:71] Creating new thread pool with default inter op setting: 2. Tune using inter_op_parallelism_threads for best performance.
evaluating 70 of [70, 80)
attack: step 1/10, xent loss = 7.67021, l2 loss = 9.19737 (max 14.95), (true 63, predicted [728])
attack: step 2/10, xent loss = 8.85823, l2 loss = 9.4668 (max 14.95), (true 63, predicted [728])
attack: step 3/10, xent loss = 7.85115, l2 loss = 10.4998 (max 14.95), (true 63, predicted [728])
attack: step 4/10, xent loss = 7.54585, l2 loss = 10.8892 (max 14.95), (true 63, predicted [728])
attack: step 5/10, xent loss = 8.47149, l2 loss = 12.25 (max 14.95), (true 63, predicted [728])
attack: step 6/10, xent loss = 8.25519, l2 loss = 12.9117 (max 14.95), (true 63, predicted [728])
attack: step 7/10, xent loss = 8.63887, l2 loss = 13.305 (max 14.95), (true 63, predicted [728])
attack: step 8/10, xent loss = 10.8442, l2 loss = 13.8554 (max 14.95), (true 63, predicted [728])
attack: step 9/10, xent loss = 9.84395, l2 loss = 14.6935 (max 14.95), (true 63, predicted [728])
attack: step 10/10, xent loss = 8.04227, l2 loss = 15.8285 (max 14.95), (true 63, predicted [728])
check failed
true = 63, adv = 728
evaluating 71 of [70, 80)
attack: step 1/10, xent loss = 4.69117, l2 loss = 9.94903 (max 14.95), (true 761, predicted [797])
attack: step 2/10, xent loss = 7.79833, l2 loss = 10.4441 (max 14.95), (true 761, predicted [797])
attack: step 3/10, xent loss = 7.41951, l2 loss = 11.0181 (max 14.95), (true 761, predicted [797])
attack: step 4/10, xent loss = 6.88649, l2 loss = 11.2447 (max 14.95), (true 761, predicted [797])
attack: step 5/10, xent loss = 5.75953, l2 loss = 11.7894 (max 14.95), (true 761, predicted [797])
attack: step 6/10, xent loss = 7.71156, l2 loss = 12.4708 (max 14.95), (true 761, predicted [797])
attack: step 7/10, xent loss = 7.57038, l2 loss = 12.9501 (max 14.95), (true 761, predicted [797])
attack: step 8/10, xent loss = 7.11706, l2 loss = 13.332 (max 14.95), (true 761, predicted [797])
attack: step 9/10, xent loss = 7.88712, l2 loss = 13.5657 (max 14.95), (true 761, predicted [797])
attack: step 10/10, xent loss = 7.77609, l2 loss = 13.7782 (max 14.95), (true 761, predicted [797])
true = 761, adv = 797
evaluating 72 of [70, 80)
attack: step 1/10, xent loss = 11.932, l2 loss = 21.645 (max 14.95), (true 37, predicted [728])
attack: step 2/10, xent loss = 14.5568, l2 loss = 22.6935 (max 14.95), (true 37, predicted [728])
attack: step 3/10, xent loss = 15.6085, l2 loss = 23.5037 (max 14.95), (true 37, predicted [728])
attack: step 4/10, xent loss = 13.6451, l2 loss = 24.4558 (max 14.95), (true 37, predicted [728])
attack: step 5/10, xent loss = 16.3531, l2 loss = 25.4902 (max 14.95), (true 37, predicted [728])
attack: step 6/10, xent loss = 15.7252, l2 loss = 26.3297 (max 14.95), (true 37, predicted [728])
attack: step 7/10, xent loss = 17.1113, l2 loss = 27.6272 (max 14.95), (true 37, predicted [728])
attack: step 8/10, xent loss = 18.158, l2 loss = 28.7325 (max 14.95), (true 37, predicted [728])
attack: step 9/10, xent loss = 18.6966, l2 loss = 29.4823 (max 14.95), (true 37, predicted [728])
attack: step 10/10, xent loss = 19.7819, l2 loss = 30.3945 (max 14.95), (true 37, predicted [728])
check failed
true = 37, adv = 728
evaluating 73 of [70, 80)
attack: step 1/10, xent loss = 11.9663, l2 loss = 22.1663 (max 14.95), (true 799, predicted [728])
attack: step 2/10, xent loss = 9.55454, l2 loss = 24.2544 (max 14.95), (true 799, predicted [728])
attack: step 3/10, xent loss = 10.1896, l2 loss = 26.3106 (max 14.95), (true 799, predicted [728])
attack: step 4/10, xent loss = 11.3876, l2 loss = 27.972 (max 14.95), (true 799, predicted [728])
attack: step 5/10, xent loss = 11.8136, l2 loss = 29.6414 (max 14.95), (true 799, predicted [728])
attack: step 6/10, xent loss = 10.841, l2 loss = 31.8271 (max 14.95), (true 799, predicted [728])
attack: step 7/10, xent loss = 14.753, l2 loss = 33.3763 (max 14.95), (true 799, predicted [728])
attack: step 8/10, xent loss = 15.3152, l2 loss = 34.4468 (max 14.95), (true 799, predicted [728])
attack: step 9/10, xent loss = 15.1444, l2 loss = 35.7762 (max 14.95), (true 799, predicted [728])
attack: step 10/10, xent loss = 12.4915, l2 loss = 36.865 (max 14.95), (true 799, predicted [728])
check failed
true = 799, adv = 728
evaluating 74 of [70, 80)
attack: step 1/10, xent loss = 2.00492, l2 loss = 4.24147 (max 14.95), (true 74, predicted [72])
attack: step 2/10, xent loss = 1.69117, l2 loss = 4.48863 (max 14.95), (true 74, predicted [72])
attack: step 3/10, xent loss = 2.03525, l2 loss = 4.71383 (max 14.95), (true 74, predicted [72])
attack: step 4/10, xent loss = 2.0432, l2 loss = 4.90651 (max 14.95), (true 74, predicted [72])
attack: step 5/10, xent loss = 1.7607, l2 loss = 5.15689 (max 14.95), (true 74, predicted [72])
attack: step 6/10, xent loss = 2.37831, l2 loss = 5.32333 (max 14.95), (true 74, predicted [72])
attack: step 7/10, xent loss = 2.19401, l2 loss = 5.58492 (max 14.95), (true 74, predicted [72])
attack: step 8/10, xent loss = 1.90199, l2 loss = 5.81456 (max 14.95), (true 74, predicted [72])
attack: step 9/10, xent loss = 2.09993, l2 loss = 5.96775 (max 14.95), (true 74, predicted [72])
attack: step 10/10, xent loss = 1.99524, l2 loss = 6.12018 (max 14.95), (true 74, predicted [72])
true = 74, adv = 72
evaluating 75 of [70, 80)
attack: step 1/10, xent loss = 8.91901, l2 loss = 18.0819 (max 14.95), (true 432, predicted [456])
attack: step 2/10, xent loss = 4.10704, l2 loss = 18.3587 (max 14.95), (true 432, predicted [456])
attack: step 3/10, xent loss = 7.68804, l2 loss = 18.7992 (max 14.95), (true 432, predicted [456])
attack: step 4/10, xent loss = 5.69726, l2 loss = 19.4092 (max 14.95), (true 432, predicted [456])
attack: step 5/10, xent loss = 5.99872, l2 loss = 20.2767 (max 14.95), (true 432, predicted [456])
attack: step 6/10, xent loss = 9.39344, l2 loss = 20.8614 (max 14.95), (true 432, predicted [456])
attack: step 7/10, xent loss = 7.06746, l2 loss = 21.5399 (max 14.95), (true 432, predicted [456])
attack: step 8/10, xent loss = 5.94446, l2 loss = 22.0191 (max 14.95), (true 432, predicted [456])
attack: step 9/10, xent loss = 7.10835, l2 loss = 22.715 (max 14.95), (true 432, predicted [456])
attack: step 10/10, xent loss = 5.82121, l2 loss = 23.2386 (max 14.95), (true 432, predicted [456])
check failed
true = 432, adv = 456
evaluating 76 of [70, 80)
attack: step 1/10, xent loss = 10.7152, l2 loss = 15.2096 (max 14.95), (true 193, predicted [728])
attack: step 2/10, xent loss = 11.9337, l2 loss = 16.933 (max 14.95), (true 193, predicted [728])
attack: step 3/10, xent loss = 12.2749, l2 loss = 18.4494 (max 14.95), (true 193, predicted [728])
attack: step 4/10, xent loss = 10.757, l2 loss = 19.8795 (max 14.95), (true 193, predicted [728])
attack: step 5/10, xent loss = 11.2918, l2 loss = 20.8244 (max 14.95), (true 193, predicted [728])
attack: step 6/10, xent loss = 13.0035, l2 loss = 21.8408 (max 14.95), (true 193, predicted [728])
attack: step 7/10, xent loss = 14.4196, l2 loss = 23.171 (max 14.95), (true 193, predicted [728])
attack: step 8/10, xent loss = 10.967, l2 loss = 24.0482 (max 14.95), (true 193, predicted [728])
attack: step 9/10, xent loss = 12.8125, l2 loss = 24.9298 (max 14.95), (true 193, predicted [728])
attack: step 10/10, xent loss = 15.0984, l2 loss = 26.2204 (max 14.95), (true 193, predicted [728])
check failed
true = 193, adv = 728
evaluating 77 of [70, 80)
attack: step 1/10, xent loss = 9.18988, l2 loss = 12.1017 (max 14.95), (true 929, predicted [728])
attack: step 2/10, xent loss = 8.17531, l2 loss = 13.7484 (max 14.95), (true 929, predicted [601])
attack: step 3/10, xent loss = 9.14901, l2 loss = 14.1654 (max 14.95), (true 929, predicted [728])
attack: step 4/10, xent loss = 8.68871, l2 loss = 14.9299 (max 14.95), (true 929, predicted [728])
attack: step 5/10, xent loss = 8.19228, l2 loss = 16.0049 (max 14.95), (true 929, predicted [601])
attack: step 6/10, xent loss = 8.39879, l2 loss = 16.2098 (max 14.95), (true 929, predicted [728])
attack: step 7/10, xent loss = 10.2814, l2 loss = 16.9459 (max 14.95), (true 929, predicted [728])
attack: step 8/10, xent loss = 11.6893, l2 loss = 18.5085 (max 14.95), (true 929, predicted [728])
attack: step 9/10, xent loss = 9.78743, l2 loss = 20.2289 (max 14.95), (true 929, predicted [728])
attack: step 10/10, xent loss = 10.432, l2 loss = 21.3941 (max 14.95), (true 929, predicted [728])
check failed
true = 929, adv = 728
evaluating 78 of [70, 80)
attack: step 1/10, xent loss = 9.66318, l2 loss = 9.15358 (max 14.95), (true 546, predicted [723])
attack: step 2/10, xent loss = 9.89502, l2 loss = 10.6004 (max 14.95), (true 546, predicted [723])
attack: step 3/10, xent loss = 8.98574, l2 loss = 11.7389 (max 14.95), (true 546, predicted [723])
attack: step 4/10, xent loss = 8.25796, l2 loss = 12.2926 (max 14.95), (true 546, predicted [723])
attack: step 5/10, xent loss = 8.46459, l2 loss = 12.6919 (max 14.95), (true 546, predicted [723])
attack: step 6/10, xent loss = 8.45537, l2 loss = 12.9288 (max 14.95), (true 546, predicted [400])
attack: step 7/10, xent loss = 8.48412, l2 loss = 13.0532 (max 14.95), (true 546, predicted [723])
attack: step 8/10, xent loss = 9.65805, l2 loss = 13.2387 (max 14.95), (true 546, predicted [723])
attack: step 9/10, xent loss = 9.1205, l2 loss = 14.2047 (max 14.95), (true 546, predicted [723])
attack: step 10/10, xent loss = 11.4236, l2 loss = 14.5605 (max 14.95), (true 546, predicted [723])
check failed
true = 546, adv = 723
evaluating 79 of [70, 80)
attack: step 1/10, xent loss = 11.5876, l2 loss = 21.4541 (max 14.95), (true 689, predicted [728])
attack: step 2/10, xent loss = 11.8989, l2 loss = 22.4993 (max 14.95), (true 689, predicted [728])
attack: step 3/10, xent loss = 11.0313, l2 loss = 23.9501 (max 14.95), (true 689, predicted [728])
attack: step 4/10, xent loss = 11.2445, l2 loss = 25.2374 (max 14.95), (true 689, predicted [728])
attack: step 5/10, xent loss = 10.8084, l2 loss = 26.47 (max 14.95), (true 689, predicted [728])
attack: step 6/10, xent loss = 13.295, l2 loss = 27.1128 (max 14.95), (true 689, predicted [728])
attack: step 7/10, xent loss = 12.2367, l2 loss = 27.8719 (max 14.95), (true 689, predicted [728])
attack: step 8/10, xent loss = 11.4666, l2 loss = 28.6554 (max 14.95), (true 689, predicted [728])
attack: step 9/10, xent loss = 14.2492, l2 loss = 29.5709 (max 14.95), (true 689, predicted [728])
attack: step 10/10, xent loss = 14.1561, l2 loss = 30.2888 (max 14.95), (true 689, predicted [728])
check failed
true = 689, adv = 728
