2019-10-26 23:07:59.108771: I tensorflow/core/platform/cpu_feature_guard.cc:141] Your CPU supports instructions that this TensorFlow binary was not compiled to use: SSE4.1 SSE4.2 AVX AVX2 FMA
2019-10-26 23:07:59.118175: I tensorflow/core/platform/profile_utils/cpu_utils.cc:94] CPU Frequency: 2599995000 Hz
2019-10-26 23:07:59.118399: I tensorflow/compiler/xla/service/service.cc:150] XLA service 0x55555902e830 executing computations on platform Host. Devices:
2019-10-26 23:07:59.118431: I tensorflow/compiler/xla/service/service.cc:158]   StreamExecutor device (0): <undefined>, <undefined>
2019-10-26 23:07:59.118806: I tensorflow/core/common_runtime/process_util.cc:71] Creating new thread pool with default inter op setting: 2. Tune using inter_op_parallelism_threads for best performance.
evaluating 300 of [300, 310)
attack: step 1/10, xent loss = 16.9308, l2 loss = 28.7949 (max 14.95), (true 441, predicted [969])
unbound attack returning early
check failed
true = 441, adv = 969
evaluating 301 of [300, 310)
attack: step 1/10, xent loss = 6.42827, l2 loss = 16.2435 (max 14.95), (true 947, predicted [309])
unbound attack returning early
check failed
true = 947, adv = 309
evaluating 302 of [300, 310)
attack: step 1/10, xent loss = 12.1455, l2 loss = 21.0176 (max 14.95), (true 221, predicted [211])
unbound attack returning early
check failed
true = 221, adv = 178
evaluating 303 of [300, 310)
attack: step 1/10, xent loss = 22.8723, l2 loss = 33.97 (max 14.95), (true 169, predicted [728])
unbound attack returning early
check failed
true = 169, adv = 728
evaluating 304 of [300, 310)
attack: step 1/10, xent loss = 17.007, l2 loss = 27.081 (max 14.95), (true 160, predicted [728])
unbound attack returning early
check failed
true = 160, adv = 728
evaluating 305 of [300, 310)
attack: step 1/10, xent loss = 9.38131, l2 loss = 19.718 (max 14.95), (true 511, predicted [751])
unbound attack returning early
check failed
true = 511, adv = 751
evaluating 306 of [300, 310)
attack: step 1/10, xent loss = 8.23837, l2 loss = 15.8544 (max 14.95), (true 971, predicted [448])
unbound attack returning early
check failed
true = 971, adv = 448
evaluating 307 of [300, 310)
attack: step 1/10, xent loss = 4.41577, l2 loss = 10.9114 (max 14.95), (true 932, predicted [694])
returning early
true = 932, adv = 694
evaluating 308 of [300, 310)
attack: step 1/10, xent loss = 22.0054, l2 loss = 31.4156 (max 14.95), (true 328, predicted [728])
unbound attack returning early
check failed
true = 328, adv = 728
evaluating 309 of [300, 310)
attack: step 1/10, xent loss = 9.33623, l2 loss = 13.5046 (max 14.95), (true 397, predicted [108])
returning early
true = 397, adv = 108
