2019-10-26 17:07:09.613194: I tensorflow/core/platform/cpu_feature_guard.cc:141] Your CPU supports instructions that this TensorFlow binary was not compiled to use: SSE4.1 SSE4.2 AVX AVX2 FMA
2019-10-26 17:07:09.622644: I tensorflow/core/platform/profile_utils/cpu_utils.cc:94] CPU Frequency: 2600065000 Hz
2019-10-26 17:07:09.622849: I tensorflow/compiler/xla/service/service.cc:150] XLA service 0x555559030100 executing computations on platform Host. Devices:
2019-10-26 17:07:09.622881: I tensorflow/compiler/xla/service/service.cc:158]   StreamExecutor device (0): <undefined>, <undefined>
2019-10-26 17:07:09.623227: I tensorflow/core/common_runtime/process_util.cc:71] Creating new thread pool with default inter op setting: 2. Tune using inter_op_parallelism_threads for best performance.
evaluating 490 of [490, 500)
attack: step 1/10, xent loss = 33.4164, l2 loss = 36.0202 (max 14.95), (true 953, predicted [728])
unbound attack returning early
check failed
true = 953, adv = 728
evaluating 491 of [490, 500)
attack: step 1/10, xent loss = 36.3254, l2 loss = 38.7855 (max 14.95), (true 376, predicted [728])
unbound attack returning early
check failed
true = 376, adv = 728
evaluating 492 of [490, 500)
attack: step 1/10, xent loss = 20.6991, l2 loss = 30.0447 (max 14.95), (true 526, predicted [467])
unbound attack returning early
check failed
true = 526, adv = 467
evaluating 493 of [490, 500)
attack: step 1/10, xent loss = 14.9074, l2 loss = 29.489 (max 14.95), (true 657, predicted [552])
unbound attack returning early
check failed
true = 657, adv = 552
evaluating 494 of [490, 500)
attack: step 1/10, xent loss = 18.6286, l2 loss = 33.0262 (max 14.95), (true 381, predicted [88])
unbound attack returning early
check failed
true = 381, adv = 88
evaluating 495 of [490, 500)
attack: step 1/10, xent loss = 1.30064, l2 loss = 4.98451 (max 14.95), (true 701, predicted [701])
attack: step 2/10, xent loss = 0.61019, l2 loss = 5.65649 (max 14.95), (true 701, predicted [701])
attack: step 3/10, xent loss = 0.528751, l2 loss = 6.00172 (max 14.95), (true 701, predicted [701])
attack: step 4/10, xent loss = 0.472658, l2 loss = 6.26449 (max 14.95), (true 701, predicted [701])
attack: step 5/10, xent loss = 0.736077, l2 loss = 6.46122 (max 14.95), (true 701, predicted [701])
attack: step 6/10, xent loss = 1.00254, l2 loss = 6.77859 (max 14.95), (true 701, predicted [701])
attack: step 7/10, xent loss = 0.916209, l2 loss = 7.29037 (max 14.95), (true 701, predicted [701])
attack: step 8/10, xent loss = 1.67703, l2 loss = 7.76852 (max 14.95), (true 701, predicted [701])
attack: step 9/10, xent loss = 1.48693, l2 loss = 8.38128 (max 14.95), (true 701, predicted [701])
attack: step 10/10, xent loss = 2.50244, l2 loss = 8.93466 (max 14.95), (true 701, predicted [701])
true = 701, adv = 701
evaluating 496 of [490, 500)
attack: step 1/10, xent loss = 35.9282, l2 loss = 40.7466 (max 14.95), (true 182, predicted [552])
unbound attack returning early
check failed
true = 182, adv = 552
evaluating 497 of [490, 500)
attack: step 1/10, xent loss = 4.46932, l2 loss = 8.51887 (max 14.95), (true 601, predicted [578])
returning early
true = 601, adv = 775
evaluating 498 of [490, 500)
attack: step 1/10, xent loss = 28.5565, l2 loss = 41.1124 (max 14.95), (true 593, predicted [728])
unbound attack returning early
check failed
true = 593, adv = 728
evaluating 499 of [490, 500)
attack: step 1/10, xent loss = 17.4501, l2 loss = 17.6176 (max 14.95), (true 316, predicted [309])
unbound attack returning early
check failed
true = 316, adv = 309
