2019-08-26 16:03:57.270870: I tensorflow/core/platform/cpu_feature_guard.cc:141] Your CPU supports instructions that this TensorFlow binary was not compiled to use: SSE4.1 SSE4.2 AVX AVX2 FMA
2019-08-26 16:03:57.490469: I tensorflow/core/platform/profile_utils/cpu_utils.cc:94] CPU Frequency: 2599855000 Hz
2019-08-26 16:03:57.490801: I tensorflow/compiler/xla/service/service.cc:150] XLA service 0x2aaae6bc8ac0 executing computations on platform Host. Devices:
2019-08-26 16:03:57.490841: I tensorflow/compiler/xla/service/service.cc:158]   StreamExecutor device (0): <undefined>, <undefined>
2019-08-26 16:03:57.491220: I tensorflow/core/common_runtime/process_util.cc:71] Creating new thread pool with default inter op setting: 2. Tune using inter_op_parallelism_threads for best performance.
evaluating 820 of [820, 830)
attack: step 1/10, xent loss = 20.6638, l2 loss = 16.7359 (max 14.95), (true 343, predicted [509])
attack: step 2/10, xent loss = 19.2365, l2 loss = 19.0084 (max 14.95), (true 343, predicted [509])
attack: step 3/10, xent loss = 21.1654, l2 loss = 19.9624 (max 14.95), (true 343, predicted [509])
attack: step 4/10, xent loss = 21.4293, l2 loss = 20.9473 (max 14.95), (true 343, predicted [509])
attack: step 5/10, xent loss = 22.0161, l2 loss = 21.9386 (max 14.95), (true 343, predicted [509])
attack: step 6/10, xent loss = 21.6054, l2 loss = 23.4722 (max 14.95), (true 343, predicted [509])
attack: step 7/10, xent loss = 26.1259, l2 loss = 24.6647 (max 14.95), (true 343, predicted [509])
attack: step 8/10, xent loss = 23.1009, l2 loss = 25.491 (max 14.95), (true 343, predicted [509])
attack: step 9/10, xent loss = 26.5057, l2 loss = 26.2815 (max 14.95), (true 343, predicted [509])
attack: step 10/10, xent loss = 26.8227, l2 loss = 27.2699 (max 14.95), (true 343, predicted [509])
check failed
true = 343, adv = 509
evaluating 821 of [820, 830)
attack: step 1/10, xent loss = 38.6346, l2 loss = 37.5101 (max 14.95), (true 804, predicted [700])
attack: step 2/10, xent loss = 37.9355, l2 loss = 38.5368 (max 14.95), (true 804, predicted [700])
attack: step 3/10, xent loss = 38.0001, l2 loss = 40.2841 (max 14.95), (true 804, predicted [700])
attack: step 4/10, xent loss = 43.4104, l2 loss = 42.0996 (max 14.95), (true 804, predicted [700])
attack: step 5/10, xent loss = 47.9829, l2 loss = 43.1802 (max 14.95), (true 804, predicted [700])
attack: step 6/10, xent loss = 46.3672, l2 loss = 44.6023 (max 14.95), (true 804, predicted [700])
attack: step 7/10, xent loss = 48.2293, l2 loss = 45.9749 (max 14.95), (true 804, predicted [700])
attack: step 8/10, xent loss = 48.208, l2 loss = 47.0678 (max 14.95), (true 804, predicted [700])
attack: step 9/10, xent loss = 51.5066, l2 loss = 48.2973 (max 14.95), (true 804, predicted [700])
attack: step 10/10, xent loss = 55.2382, l2 loss = 49.3129 (max 14.95), (true 804, predicted [700])
check failed
true = 804, adv = 700
evaluating 822 of [820, 830)
attack: step 1/10, xent loss = 19.9174, l2 loss = 24.6305 (max 14.95), (true 391, predicted [1])
attack: step 2/10, xent loss = 22.0313, l2 loss = 25.7222 (max 14.95), (true 391, predicted [1])
attack: step 3/10, xent loss = 25.0427, l2 loss = 26.6422 (max 14.95), (true 391, predicted [1])
attack: step 4/10, xent loss = 22.1845, l2 loss = 27.7141 (max 14.95), (true 391, predicted [1])
attack: step 5/10, xent loss = 25.6547, l2 loss = 28.9922 (max 14.95), (true 391, predicted [1])
attack: step 6/10, xent loss = 24.1488, l2 loss = 29.9342 (max 14.95), (true 391, predicted [1])
attack: step 7/10, xent loss = 23.5772, l2 loss = 31.1606 (max 14.95), (true 391, predicted [1])
attack: step 8/10, xent loss = 26.9231, l2 loss = 32.3442 (max 14.95), (true 391, predicted [1])
attack: step 9/10, xent loss = 25.6492, l2 loss = 33.1437 (max 14.95), (true 391, predicted [1])
attack: step 10/10, xent loss = 26.5434, l2 loss = 34.0914 (max 14.95), (true 391, predicted [1])
check failed
true = 391, adv = 1
evaluating 823 of [820, 830)
attack: step 1/10, xent loss = 0.26717, l2 loss = 0.879375 (max 14.95), (true 290, predicted [290])
attack: step 2/10, xent loss = 0.128237, l2 loss = 0.95344 (max 14.95), (true 290, predicted [290])
attack: step 3/10, xent loss = 0.234047, l2 loss = 0.982133 (max 14.95), (true 290, predicted [290])
attack: step 4/10, xent loss = 0.343621, l2 loss = 1.05295 (max 14.95), (true 290, predicted [290])
attack: step 5/10, xent loss = 0.296949, l2 loss = 1.16405 (max 14.95), (true 290, predicted [290])
attack: step 6/10, xent loss = 0.272515, l2 loss = 1.23997 (max 14.95), (true 290, predicted [290])
attack: step 7/10, xent loss = 0.230613, l2 loss = 1.30011 (max 14.95), (true 290, predicted [290])
attack: step 8/10, xent loss = 0.486521, l2 loss = 1.37381 (max 14.95), (true 290, predicted [290])
attack: step 9/10, xent loss = 0.352091, l2 loss = 1.5341 (max 14.95), (true 290, predicted [290])
attack: step 10/10, xent loss = 0.165535, l2 loss = 1.64091 (max 14.95), (true 290, predicted [290])
true = 290, adv = 290
evaluating 824 of [820, 830)
attack: step 1/10, xent loss = 7.44011, l2 loss = 12.9038 (max 14.95), (true 391, predicted [970])
attack: step 2/10, xent loss = 7.03337, l2 loss = 13.3077 (max 14.95), (true 391, predicted [970])
attack: step 3/10, xent loss = 8.4793, l2 loss = 13.6703 (max 14.95), (true 391, predicted [465])
attack: step 4/10, xent loss = 7.04213, l2 loss = 13.9526 (max 14.95), (true 391, predicted [970])
attack: step 5/10, xent loss = 8.73429, l2 loss = 14.3027 (max 14.95), (true 391, predicted [830])
attack: step 6/10, xent loss = 8.49903, l2 loss = 14.641 (max 14.95), (true 391, predicted [795])
attack: step 7/10, xent loss = 7.68342, l2 loss = 14.8365 (max 14.95), (true 391, predicted [970])
attack: step 8/10, xent loss = 9.54171, l2 loss = 15.3496 (max 14.95), (true 391, predicted [830])
attack: step 9/10, xent loss = 9.48455, l2 loss = 15.6398 (max 14.95), (true 391, predicted [830])
attack: step 10/10, xent loss = 9.88085, l2 loss = 16.0328 (max 14.95), (true 391, predicted [728])
check failed
true = 391, adv = 728
evaluating 825 of [820, 830)
attack: step 1/10, xent loss = 20.5821, l2 loss = 19.3672 (max 14.95), (true 29, predicted [607])
attack: step 2/10, xent loss = 19.8326, l2 loss = 20.1573 (max 14.95), (true 29, predicted [607])
attack: step 3/10, xent loss = 21.5574, l2 loss = 20.897 (max 14.95), (true 29, predicted [607])
attack: step 4/10, xent loss = 21.0612, l2 loss = 22.2697 (max 14.95), (true 29, predicted [607])
attack: step 5/10, xent loss = 23.9398, l2 loss = 23.2069 (max 14.95), (true 29, predicted [607])
attack: step 6/10, xent loss = 23.0116, l2 loss = 24.1614 (max 14.95), (true 29, predicted [607])
attack: step 7/10, xent loss = 25.261, l2 loss = 25.0118 (max 14.95), (true 29, predicted [607])
attack: step 8/10, xent loss = 25.2897, l2 loss = 25.9391 (max 14.95), (true 29, predicted [607])
attack: step 9/10, xent loss = 24.8213, l2 loss = 26.527 (max 14.95), (true 29, predicted [607])
attack: step 10/10, xent loss = 26.9309, l2 loss = 27.0907 (max 14.95), (true 29, predicted [607])
check failed
true = 29, adv = 607
evaluating 826 of [820, 830)
attack: step 1/10, xent loss = 11.9672, l2 loss = 11.8015 (max 14.95), (true 211, predicted [159])
attack: step 2/10, xent loss = 11.7611, l2 loss = 12.3998 (max 14.95), (true 211, predicted [159])
attack: step 3/10, xent loss = 12.1502, l2 loss = 13.0182 (max 14.95), (true 211, predicted [159])
attack: step 4/10, xent loss = 12.8333, l2 loss = 13.56 (max 14.95), (true 211, predicted [159])
attack: step 5/10, xent loss = 11.6538, l2 loss = 14.2042 (max 14.95), (true 211, predicted [159])
attack: step 6/10, xent loss = 14.2376, l2 loss = 15.0457 (max 14.95), (true 211, predicted [159])
attack: step 7/10, xent loss = 14.4031, l2 loss = 15.6116 (max 14.95), (true 211, predicted [159])
attack: step 8/10, xent loss = 15.0131, l2 loss = 16.0666 (max 14.95), (true 211, predicted [159])
attack: step 9/10, xent loss = 14.1191, l2 loss = 16.4716 (max 14.95), (true 211, predicted [159])
attack: step 10/10, xent loss = 15.8162, l2 loss = 17.1443 (max 14.95), (true 211, predicted [159])
check failed
true = 211, adv = 159
evaluating 827 of [820, 830)
attack: step 1/10, xent loss = 11.7184, l2 loss = 11.9149 (max 14.95), (true 319, predicted [728])
attack: step 2/10, xent loss = 11.6992, l2 loss = 12.3631 (max 14.95), (true 319, predicted [728])
attack: step 3/10, xent loss = 13.0923, l2 loss = 13.097 (max 14.95), (true 319, predicted [728])
attack: step 4/10, xent loss = 14.2516, l2 loss = 14.1942 (max 14.95), (true 319, predicted [728])
attack: step 5/10, xent loss = 16.6721, l2 loss = 15.256 (max 14.95), (true 319, predicted [728])
attack: step 6/10, xent loss = 21.3258, l2 loss = 16.8552 (max 14.95), (true 319, predicted [728])
attack: step 7/10, xent loss = 20.3123, l2 loss = 18.2487 (max 14.95), (true 319, predicted [728])
attack: step 8/10, xent loss = 24.7912, l2 loss = 19.5436 (max 14.95), (true 319, predicted [728])
attack: step 9/10, xent loss = 25.7291, l2 loss = 21.3437 (max 14.95), (true 319, predicted [728])
attack: step 10/10, xent loss = 26.8592, l2 loss = 22.6469 (max 14.95), (true 319, predicted [728])
check failed
true = 319, adv = 728
evaluating 828 of [820, 830)
attack: step 1/10, xent loss = 13.4951, l2 loss = 13.1874 (max 14.95), (true 227, predicted [238])
attack: step 2/10, xent loss = 13.8234, l2 loss = 13.6962 (max 14.95), (true 227, predicted [238])
attack: step 3/10, xent loss = 10.9252, l2 loss = 14.1631 (max 14.95), (true 227, predicted [238])
attack: step 4/10, xent loss = 10.7773, l2 loss = 19.1437 (max 14.95), (true 227, predicted [238])
attack: step 5/10, xent loss = 12.6501, l2 loss = 20.1251 (max 14.95), (true 227, predicted [238])
attack: step 6/10, xent loss = 11.7194, l2 loss = 20.3795 (max 14.95), (true 227, predicted [238])
attack: step 7/10, xent loss = 13.6177, l2 loss = 21.0222 (max 14.95), (true 227, predicted [238])
attack: step 8/10, xent loss = 14.0659, l2 loss = 21.2625 (max 14.95), (true 227, predicted [238])
attack: step 9/10, xent loss = 13.9254, l2 loss = 21.5828 (max 14.95), (true 227, predicted [238])
attack: step 10/10, xent loss = 12.0165, l2 loss = 21.8276 (max 14.95), (true 227, predicted [238])
check failed
true = 227, adv = 238
evaluating 829 of [820, 830)
attack: step 1/10, xent loss = 18.5122, l2 loss = 13.782 (max 14.95), (true 773, predicted [898])
attack: step 2/10, xent loss = 20.3459, l2 loss = 15.7959 (max 14.95), (true 773, predicted [898])
attack: step 3/10, xent loss = 25.6864, l2 loss = 17.7272 (max 14.95), (true 773, predicted [898])
attack: step 4/10, xent loss = 25.5887, l2 loss = 18.9943 (max 14.95), (true 773, predicted [898])
attack: step 5/10, xent loss = 29.704, l2 loss = 21.0052 (max 14.95), (true 773, predicted [898])
attack: step 6/10, xent loss = 27.9016, l2 loss = 22.3453 (max 14.95), (true 773, predicted [898])
attack: step 7/10, xent loss = 30.8973, l2 loss = 23.8829 (max 14.95), (true 773, predicted [898])
attack: step 8/10, xent loss = 29.0865, l2 loss = 25.1793 (max 14.95), (true 773, predicted [898])
attack: step 9/10, xent loss = 33.2486, l2 loss = 26.4061 (max 14.95), (true 773, predicted [898])
attack: step 10/10, xent loss = 35.6815, l2 loss = 27.4299 (max 14.95), (true 773, predicted [898])
check failed
true = 773, adv = 898
