2019-10-27 05:09:53.001099: I tensorflow/core/platform/cpu_feature_guard.cc:141] Your CPU supports instructions that this TensorFlow binary was not compiled to use: SSE4.1 SSE4.2 AVX AVX2 FMA
2019-10-27 05:09:53.010953: I tensorflow/core/platform/profile_utils/cpu_utils.cc:94] CPU Frequency: 2599995000 Hz
2019-10-27 05:09:53.011208: I tensorflow/compiler/xla/service/service.cc:150] XLA service 0x55555902eaa0 executing computations on platform Host. Devices:
2019-10-27 05:09:53.011249: I tensorflow/compiler/xla/service/service.cc:158]   StreamExecutor device (0): <undefined>, <undefined>
2019-10-27 05:09:53.011647: I tensorflow/core/common_runtime/process_util.cc:71] Creating new thread pool with default inter op setting: 2. Tune using inter_op_parallelism_threads for best performance.
evaluating 240 of [240, 250)
attack: step 1/10, xent loss = 9.8457, l2 loss = 17.3795 (max 14.95), (true 934, predicted [728])
unbound attack returning early
check failed
true = 934, adv = 728
evaluating 241 of [240, 250)
attack: step 1/10, xent loss = 15.7934, l2 loss = 29.6296 (max 14.95), (true 384, predicted [728])
unbound attack returning early
check failed
true = 384, adv = 728
evaluating 242 of [240, 250)
attack: step 1/10, xent loss = 15.0017, l2 loss = 24.9445 (max 14.95), (true 307, predicted [317])
unbound attack returning early
check failed
true = 307, adv = 317
evaluating 243 of [240, 250)
attack: step 1/10, xent loss = 24.3343, l2 loss = 46.9201 (max 14.95), (true 342, predicted [700])
unbound attack returning early
check failed
true = 342, adv = 700
evaluating 244 of [240, 250)
attack: step 1/10, xent loss = 31.5232, l2 loss = 37.5551 (max 14.95), (true 38, predicted [728])
unbound attack returning early
check failed
true = 38, adv = 728
evaluating 245 of [240, 250)
attack: step 1/10, xent loss = 12.1658, l2 loss = 17.8565 (max 14.95), (true 715, predicted [614])
unbound attack returning early
check failed
true = 715, adv = 614
evaluating 246 of [240, 250)
attack: step 1/10, xent loss = 25.5534, l2 loss = 32.6322 (max 14.95), (true 57, predicted [728])
unbound attack returning early
check failed
true = 57, adv = 728
evaluating 247 of [240, 250)
attack: step 1/10, xent loss = 10.4049, l2 loss = 27.8004 (max 14.95), (true 905, predicted [728])
unbound attack returning early
check failed
true = 905, adv = 459
evaluating 248 of [240, 250)
attack: step 1/10, xent loss = 7.8148, l2 loss = 13.2174 (max 14.95), (true 470, predicted [607])
returning early
true = 470, adv = 607
evaluating 249 of [240, 250)
attack: step 1/10, xent loss = 16.8576, l2 loss = 40.4678 (max 14.95), (true 776, predicted [667])
unbound attack returning early
check failed
true = 776, adv = 667
