2019-11-04 07:18:38.198077: I tensorflow/core/platform/cpu_feature_guard.cc:141] Your CPU supports instructions that this TensorFlow binary was not compiled to use: SSE4.1 SSE4.2 AVX AVX2 FMA
2019-11-04 07:18:38.717270: I tensorflow/core/platform/profile_utils/cpu_utils.cc:94] CPU Frequency: 2600075000 Hz
2019-11-04 07:18:38.742205: I tensorflow/compiler/xla/service/service.cc:150] XLA service 0x2aaae6e52860 executing computations on platform Host. Devices:
2019-11-04 07:18:38.742352: I tensorflow/compiler/xla/service/service.cc:158]   StreamExecutor device (0): <undefined>, <undefined>
2019-11-04 07:18:38.743748: I tensorflow/core/common_runtime/process_util.cc:71] Creating new thread pool with default inter op setting: 2. Tune using inter_op_parallelism_threads for best performance.
evaluating 530 of [530, 540)
attack: step 1/1, xent loss = 0.0327637, l2 loss = 19.0715 (max 14.95), (true 275, predicted [275])
check failed
true = 275, adv = 728
evaluating 531 of [530, 540)
attack: step 1/1, xent loss = 3.14529, l2 loss = 19.3338 (max 14.95), (true 652, predicted [715])
check failed
true = 652, adv = 614
evaluating 532 of [530, 540)
attack: step 1/1, xent loss = 11.0894, l2 loss = 29.5681 (max 14.95), (true 634, predicted [518])
check failed
true = 634, adv = 518
evaluating 533 of [530, 540)
attack: step 1/1, xent loss = 10.6543, l2 loss = 17.2083 (max 14.95), (true 620, predicted [446])
check failed
true = 620, adv = 446
evaluating 534 of [530, 540)
attack: step 1/1, xent loss = 8.92352, l2 loss = 50.8541 (max 14.95), (true 285, predicted [728])
check failed
true = 285, adv = 728
evaluating 535 of [530, 540)
attack: step 1/1, xent loss = 11.55, l2 loss = 31.4551 (max 14.95), (true 285, predicted [620])
check failed
true = 285, adv = 620
evaluating 536 of [530, 540)
attack: step 1/1, xent loss = 7.97005, l2 loss = 21.596 (max 14.95), (true 478, predicted [927])
check failed
true = 478, adv = 927
evaluating 537 of [530, 540)
attack: step 1/1, xent loss = 1.46392, l2 loss = 26.9048 (max 14.95), (true 494, predicted [494])
check failed
true = 494, adv = 381
evaluating 538 of [530, 540)
attack: step 1/1, xent loss = 3.78198, l2 loss = 17.2418 (max 14.95), (true 245, predicted [180])
check failed
true = 245, adv = 236
evaluating 539 of [530, 540)
attack: step 1/1, xent loss = 12.3679, l2 loss = 17.4741 (max 14.95), (true 23, predicted [21])
check failed
true = 23, adv = 21
