2019-06-26 06:30:36.410775: I tensorflow/core/platform/cpu_feature_guard.cc:141] Your CPU supports instructions that this TensorFlow binary was not compiled to use: SSE4.1 SSE4.2 AVX AVX2 FMA
2019-06-26 06:30:36.867917: I tensorflow/core/platform/profile_utils/cpu_utils.cc:94] CPU Frequency: 2599750000 Hz
2019-06-26 06:30:36.874058: I tensorflow/compiler/xla/service/service.cc:150] XLA service 0x2aaae6d4a360 executing computations on platform Host. Devices:
2019-06-26 06:30:36.874092: I tensorflow/compiler/xla/service/service.cc:158]   StreamExecutor device (0): <undefined>, <undefined>
2019-06-26 06:30:36.874993: I tensorflow/core/common_runtime/process_util.cc:71] Creating new thread pool with default inter op setting: 2. Tune using inter_op_parallelism_threads for best performance.
evaluating 740 of [740, 750)
attack: step 1/10, xent loss = 0.0676519, l2 loss = 0.238868 (max 14.95), (true 927, predicted [927])
attack: step 2/10, xent loss = 0.0525487, l2 loss = 0.257227 (max 14.95), (true 927, predicted [927])
attack: step 3/10, xent loss = 0.0777091, l2 loss = 0.269539 (max 14.95), (true 927, predicted [927])
attack: step 4/10, xent loss = 0.0609779, l2 loss = 0.295103 (max 14.95), (true 927, predicted [927])
attack: step 5/10, xent loss = 0.0621031, l2 loss = 0.30762 (max 14.95), (true 927, predicted [927])
attack: step 6/10, xent loss = 0.0698979, l2 loss = 0.320193 (max 14.95), (true 927, predicted [927])
attack: step 7/10, xent loss = 0.0428991, l2 loss = 0.337858 (max 14.95), (true 927, predicted [927])
attack: step 8/10, xent loss = 0.0804935, l2 loss = 0.345683 (max 14.95), (true 927, predicted [927])
attack: step 9/10, xent loss = 0.0734021, l2 loss = 0.368907 (max 14.95), (true 927, predicted [927])
attack: step 10/10, xent loss = 0.0770039, l2 loss = 0.387513 (max 14.95), (true 927, predicted [927])
true = 927, adv = 927
evaluating 741 of [740, 750)
attack: step 1/10, xent loss = 35.9407, l2 loss = 30.2548 (max 14.95), (true 523, predicted [728])
attack: step 2/10, xent loss = 38.7513, l2 loss = 31.6705 (max 14.95), (true 523, predicted [728])
attack: step 3/10, xent loss = 39.8877, l2 loss = 33.2017 (max 14.95), (true 523, predicted [728])
attack: step 4/10, xent loss = 40.9514, l2 loss = 34.7711 (max 14.95), (true 523, predicted [728])
attack: step 5/10, xent loss = 37.7724, l2 loss = 35.8319 (max 14.95), (true 523, predicted [728])
attack: step 6/10, xent loss = 40.9475, l2 loss = 36.9558 (max 14.95), (true 523, predicted [728])
attack: step 7/10, xent loss = 39.6358, l2 loss = 38.4788 (max 14.95), (true 523, predicted [728])
attack: step 8/10, xent loss = 42.4461, l2 loss = 39.5981 (max 14.95), (true 523, predicted [728])
attack: step 9/10, xent loss = 41.6765, l2 loss = 40.569 (max 14.95), (true 523, predicted [728])
attack: step 10/10, xent loss = 45.6294, l2 loss = 41.8024 (max 14.95), (true 523, predicted [728])
check failed
true = 523, adv = 728
evaluating 742 of [740, 750)
attack: step 1/10, xent loss = 6.76136, l2 loss = 8.58698 (max 14.95), (true 305, predicted [304])
attack: step 2/10, xent loss = 7.596, l2 loss = 9.16815 (max 14.95), (true 305, predicted [304])
attack: step 3/10, xent loss = 7.93846, l2 loss = 9.61917 (max 14.95), (true 305, predicted [304])
attack: step 4/10, xent loss = 8.30856, l2 loss = 10.1898 (max 14.95), (true 305, predicted [304])
attack: step 5/10, xent loss = 8.40263, l2 loss = 10.6499 (max 14.95), (true 305, predicted [304])
attack: step 6/10, xent loss = 9.42502, l2 loss = 11.0635 (max 14.95), (true 305, predicted [304])
attack: step 7/10, xent loss = 9.71325, l2 loss = 11.5481 (max 14.95), (true 305, predicted [304])
attack: step 8/10, xent loss = 9.23973, l2 loss = 12.1398 (max 14.95), (true 305, predicted [304])
attack: step 9/10, xent loss = 11.1527, l2 loss = 12.706 (max 14.95), (true 305, predicted [304])
attack: step 10/10, xent loss = 11.2586, l2 loss = 13.1513 (max 14.95), (true 305, predicted [304])
true = 305, adv = 304
evaluating 743 of [740, 750)
attack: step 1/10, xent loss = 8.91091, l2 loss = 10.2222 (max 14.95), (true 527, predicted [526])
attack: step 2/10, xent loss = 10.8862, l2 loss = 10.8655 (max 14.95), (true 527, predicted [526])
attack: step 3/10, xent loss = 9.75526, l2 loss = 11.4305 (max 14.95), (true 527, predicted [526])
attack: step 4/10, xent loss = 10.7212, l2 loss = 11.9234 (max 14.95), (true 527, predicted [526])
attack: step 5/10, xent loss = 10.0622, l2 loss = 12.4302 (max 14.95), (true 527, predicted [526])
attack: step 6/10, xent loss = 10.9368, l2 loss = 13.0015 (max 14.95), (true 527, predicted [526])
attack: step 7/10, xent loss = 9.56393, l2 loss = 13.5624 (max 14.95), (true 527, predicted [526])
attack: step 8/10, xent loss = 11.9468, l2 loss = 14.1724 (max 14.95), (true 527, predicted [526])
attack: step 9/10, xent loss = 11.4359, l2 loss = 14.7481 (max 14.95), (true 527, predicted [526])
attack: step 10/10, xent loss = 12.1475, l2 loss = 15.1549 (max 14.95), (true 527, predicted [526])
check failed
true = 527, adv = 526
evaluating 744 of [740, 750)
attack: step 1/10, xent loss = 11.8391, l2 loss = 12.0854 (max 14.95), (true 52, predicted [390])
attack: step 2/10, xent loss = 13.1197, l2 loss = 12.6371 (max 14.95), (true 52, predicted [390])
attack: step 3/10, xent loss = 12.8999, l2 loss = 13.3025 (max 14.95), (true 52, predicted [390])
attack: step 4/10, xent loss = 12.2696, l2 loss = 13.9959 (max 14.95), (true 52, predicted [390])
attack: step 5/10, xent loss = 12.6743, l2 loss = 14.4248 (max 14.95), (true 52, predicted [390])
attack: step 6/10, xent loss = 13.1582, l2 loss = 14.9303 (max 14.95), (true 52, predicted [390])
attack: step 7/10, xent loss = 13.7152, l2 loss = 15.5822 (max 14.95), (true 52, predicted [390])
attack: step 8/10, xent loss = 13.648, l2 loss = 16.1435 (max 14.95), (true 52, predicted [390])
attack: step 9/10, xent loss = 15.5855, l2 loss = 16.6466 (max 14.95), (true 52, predicted [390])
attack: step 10/10, xent loss = 16.0038, l2 loss = 17.3896 (max 14.95), (true 52, predicted [390])
check failed
true = 52, adv = 390
evaluating 745 of [740, 750)
attack: step 1/10, xent loss = 24.6221, l2 loss = 24.6722 (max 14.95), (true 929, predicted [936])
attack: step 2/10, xent loss = 25.7098, l2 loss = 26.6863 (max 14.95), (true 929, predicted [936])
attack: step 3/10, xent loss = 23.776, l2 loss = 28.0664 (max 14.95), (true 929, predicted [936])
attack: step 4/10, xent loss = 29.0124, l2 loss = 30.6917 (max 14.95), (true 929, predicted [936])
attack: step 5/10, xent loss = 26.3581, l2 loss = 31.5457 (max 14.95), (true 929, predicted [936])
attack: step 6/10, xent loss = 30.8907, l2 loss = 32.6182 (max 14.95), (true 929, predicted [936])
attack: step 7/10, xent loss = 33.0342, l2 loss = 33.8287 (max 14.95), (true 929, predicted [936])
attack: step 8/10, xent loss = 29.7025, l2 loss = 35.1091 (max 14.95), (true 929, predicted [936])
attack: step 9/10, xent loss = 26.8787, l2 loss = 36.0876 (max 14.95), (true 929, predicted [936])
attack: step 10/10, xent loss = 33.2334, l2 loss = 37.6515 (max 14.95), (true 929, predicted [936])
check failed
true = 929, adv = 936
evaluating 746 of [740, 750)
attack: step 1/10, xent loss = 23.0796, l2 loss = 18.8917 (max 14.95), (true 6, predicted [2])
attack: step 2/10, xent loss = 19.4131, l2 loss = 20.0641 (max 14.95), (true 6, predicted [2])
attack: step 3/10, xent loss = 21.7005, l2 loss = 21.1471 (max 14.95), (true 6, predicted [2])
attack: step 4/10, xent loss = 23.681, l2 loss = 22.1551 (max 14.95), (true 6, predicted [2])
attack: step 5/10, xent loss = 23.1387, l2 loss = 23.2585 (max 14.95), (true 6, predicted [2])
attack: step 6/10, xent loss = 24.3118, l2 loss = 24.3255 (max 14.95), (true 6, predicted [2])
attack: step 7/10, xent loss = 24.1291, l2 loss = 24.9654 (max 14.95), (true 6, predicted [2])
attack: step 8/10, xent loss = 24.0594, l2 loss = 25.7676 (max 14.95), (true 6, predicted [2])
attack: step 9/10, xent loss = 25.8172, l2 loss = 26.6261 (max 14.95), (true 6, predicted [2])
attack: step 10/10, xent loss = 27.0057, l2 loss = 27.2654 (max 14.95), (true 6, predicted [2])
check failed
true = 6, adv = 2
evaluating 747 of [740, 750)
attack: step 1/10, xent loss = 7.9206, l2 loss = 8.72016 (max 14.95), (true 164, predicted [219])
attack: step 2/10, xent loss = 7.71457, l2 loss = 8.80705 (max 14.95), (true 164, predicted [219])
attack: step 3/10, xent loss = 7.81635, l2 loss = 9.20798 (max 14.95), (true 164, predicted [219])
attack: step 4/10, xent loss = 8.21095, l2 loss = 9.28861 (max 14.95), (true 164, predicted [219])
attack: step 5/10, xent loss = 8.1392, l2 loss = 9.40943 (max 14.95), (true 164, predicted [219])
attack: step 6/10, xent loss = 8.48589, l2 loss = 9.50784 (max 14.95), (true 164, predicted [219])
attack: step 7/10, xent loss = 8.28039, l2 loss = 9.63468 (max 14.95), (true 164, predicted [219])
attack: step 8/10, xent loss = 8.90051, l2 loss = 9.81787 (max 14.95), (true 164, predicted [219])
attack: step 9/10, xent loss = 8.92798, l2 loss = 10.0463 (max 14.95), (true 164, predicted [219])
attack: step 10/10, xent loss = 9.19627, l2 loss = 10.1714 (max 14.95), (true 164, predicted [219])
true = 164, adv = 219
evaluating 748 of [740, 750)
attack: step 1/10, xent loss = 16.0057, l2 loss = 24.644 (max 14.95), (true 37, predicted [728])
attack: step 2/10, xent loss = 19.2036, l2 loss = 26.1173 (max 14.95), (true 37, predicted [728])
attack: step 3/10, xent loss = 19.7894, l2 loss = 27.1211 (max 14.95), (true 37, predicted [728])
attack: step 4/10, xent loss = 21.6711, l2 loss = 28.3016 (max 14.95), (true 37, predicted [728])
attack: step 5/10, xent loss = 23.5128, l2 loss = 30.6938 (max 14.95), (true 37, predicted [728])
attack: step 6/10, xent loss = 27.4617, l2 loss = 31.4903 (max 14.95), (true 37, predicted [728])
attack: step 7/10, xent loss = 28.6504, l2 loss = 32.2895 (max 14.95), (true 37, predicted [728])
attack: step 8/10, xent loss = 29.8777, l2 loss = 33.2599 (max 14.95), (true 37, predicted [728])
attack: step 9/10, xent loss = 29.7235, l2 loss = 34.1889 (max 14.95), (true 37, predicted [728])
attack: step 10/10, xent loss = 24.6627, l2 loss = 34.8888 (max 14.95), (true 37, predicted [728])
check failed
true = 37, adv = 728
evaluating 749 of [740, 750)
attack: step 1/10, xent loss = 0.0412901, l2 loss = 0.164948 (max 14.95), (true 985, predicted [985])
attack: step 2/10, xent loss = 0.0607318, l2 loss = 0.172585 (max 14.95), (true 985, predicted [985])
attack: step 3/10, xent loss = 0.0563802, l2 loss = 0.184002 (max 14.95), (true 985, predicted [985])
attack: step 4/10, xent loss = 0.0603337, l2 loss = 0.193665 (max 14.95), (true 985, predicted [985])
attack: step 5/10, xent loss = 0.0408031, l2 loss = 0.20476 (max 14.95), (true 985, predicted [985])
attack: step 6/10, xent loss = 0.0567985, l2 loss = 0.210759 (max 14.95), (true 985, predicted [985])
attack: step 7/10, xent loss = 0.0612083, l2 loss = 0.219307 (max 14.95), (true 985, predicted [985])
attack: step 8/10, xent loss = 0.0552111, l2 loss = 0.230963 (max 14.95), (true 985, predicted [985])
attack: step 9/10, xent loss = 0.0502828, l2 loss = 0.240009 (max 14.95), (true 985, predicted [985])
attack: step 10/10, xent loss = 0.0710711, l2 loss = 0.247495 (max 14.95), (true 985, predicted [985])
true = 985, adv = 985
