2019-05-24 19:52:29.362464: I tensorflow/core/platform/cpu_feature_guard.cc:141] Your CPU supports instructions that this TensorFlow binary was not compiled to use: SSE4.1 SSE4.2 AVX AVX2 FMA
2019-05-24 19:52:29.458443: I tensorflow/core/platform/profile_utils/cpu_utils.cc:94] CPU Frequency: 2599935000 Hz
2019-05-24 19:52:29.470050: I tensorflow/compiler/xla/service/service.cc:150] XLA service 0x2aaae724bb30 executing computations on platform Host. Devices:
2019-05-24 19:52:29.470093: I tensorflow/compiler/xla/service/service.cc:158]   StreamExecutor device (0): <undefined>, <undefined>
2019-05-24 19:52:29.470452: I tensorflow/core/common_runtime/process_util.cc:71] Creating new thread pool with default inter op setting: 2. Tune using inter_op_parallelism_threads for best performance.
evaluating 790 of [790, 800)
attack: step 1/10, xent loss = 3.75127, l2 loss = 0 (max 14.95), (true 50, predicted [58])
attack: step 2/10, xent loss = 6.67703, l2 loss = 5.9765 (max 14.95), (true 50, predicted [2])
attack: step 3/10, xent loss = 7.80457, l2 loss = 6.68621 (max 14.95), (true 50, predicted [2])
attack: step 4/10, xent loss = 7.56661, l2 loss = 8.26771 (max 14.95), (true 50, predicted [728])
attack: step 5/10, xent loss = 8.33884, l2 loss = 11.3563 (max 14.95), (true 50, predicted [2])
attack: step 6/10, xent loss = 10.2495, l2 loss = 12.4123 (max 14.95), (true 50, predicted [728])
attack: step 7/10, xent loss = 11.5218, l2 loss = 13.7984 (max 14.95), (true 50, predicted [728])
attack: step 8/10, xent loss = 10.1756, l2 loss = 15.4337 (max 14.95), (true 50, predicted [728])
attack: step 9/10, xent loss = 12.6898, l2 loss = 17.8653 (max 14.95), (true 50, predicted [728])
attack: step 10/10, xent loss = 16.5419, l2 loss = 19.4493 (max 14.95), (true 50, predicted [728])
check failed
true = 50, adv = 728
evaluating 791 of [790, 800)
attack: step 1/10, xent loss = 1.0871, l2 loss = 0 (max 14.95), (true 713, predicted [713])
attack: step 2/10, xent loss = 2.18765, l2 loss = 3.74799 (max 14.95), (true 713, predicted [897])
attack: step 3/10, xent loss = 2.91249, l2 loss = 8.07878 (max 14.95), (true 713, predicted [897])
attack: step 4/10, xent loss = 4.41069, l2 loss = 10.0203 (max 14.95), (true 713, predicted [897])
attack: step 5/10, xent loss = 4.62825, l2 loss = 11.7221 (max 14.95), (true 713, predicted [897])
attack: step 6/10, xent loss = 5.05735, l2 loss = 12.9409 (max 14.95), (true 713, predicted [897])
attack: step 7/10, xent loss = 6.92434, l2 loss = 13.8051 (max 14.95), (true 713, predicted [897])
attack: step 8/10, xent loss = 7.87311, l2 loss = 14.421 (max 14.95), (true 713, predicted [897])
attack: step 9/10, xent loss = 6.56386, l2 loss = 14.9887 (max 14.95), (true 713, predicted [897])
attack: step 10/10, xent loss = 7.08114, l2 loss = 16.0714 (max 14.95), (true 713, predicted [897])
check failed
true = 713, adv = 897
evaluating 792 of [790, 800)
attack: step 1/10, xent loss = 6.80505, l2 loss = 0 (max 14.95), (true 186, predicted [552])
attack: step 2/10, xent loss = 7.40126, l2 loss = 6.15999 (max 14.95), (true 186, predicted [552])
attack: step 3/10, xent loss = 8.29064, l2 loss = 8.91714 (max 14.95), (true 186, predicted [728])
attack: step 4/10, xent loss = 12.2037, l2 loss = 11.2319 (max 14.95), (true 186, predicted [552])
attack: step 5/10, xent loss = 13.8468, l2 loss = 13.3522 (max 14.95), (true 186, predicted [552])
attack: step 6/10, xent loss = 14.1412, l2 loss = 15.1821 (max 14.95), (true 186, predicted [552])
attack: step 7/10, xent loss = 17.014, l2 loss = 16.6019 (max 14.95), (true 186, predicted [728])
attack: step 8/10, xent loss = 15.8442, l2 loss = 17.5529 (max 14.95), (true 186, predicted [552])
attack: step 9/10, xent loss = 21.9888, l2 loss = 19.2287 (max 14.95), (true 186, predicted [552])
attack: step 10/10, xent loss = 19.4005, l2 loss = 20.4307 (max 14.95), (true 186, predicted [552])
check failed
true = 186, adv = 552
evaluating 793 of [790, 800)
attack: step 1/10, xent loss = 3.29567, l2 loss = 0 (max 14.95), (true 384, predicted [379])
attack: step 2/10, xent loss = 3.66983, l2 loss = 6.65262 (max 14.95), (true 384, predicted [379])
attack: step 3/10, xent loss = 3.50949, l2 loss = 10.1131 (max 14.95), (true 384, predicted [369])
attack: step 4/10, xent loss = 5.54722, l2 loss = 10.851 (max 14.95), (true 384, predicted [728])
attack: step 5/10, xent loss = 5.18855, l2 loss = 12.0074 (max 14.95), (true 384, predicted [381])
attack: step 6/10, xent loss = 4.31184, l2 loss = 12.8597 (max 14.95), (true 384, predicted [369])
attack: step 7/10, xent loss = 6.73187, l2 loss = 13.279 (max 14.95), (true 384, predicted [938])
attack: step 8/10, xent loss = 5.88197, l2 loss = 13.8663 (max 14.95), (true 384, predicted [616])
attack: step 9/10, xent loss = 4.70329, l2 loss = 14.546 (max 14.95), (true 384, predicted [379])
attack: step 10/10, xent loss = 5.8278, l2 loss = 15.0625 (max 14.95), (true 384, predicted [364])
check failed
true = 384, adv = 728
evaluating 794 of [790, 800)
attack: step 1/10, xent loss = 6.03957, l2 loss = 0 (max 14.95), (true 608, predicted [457])
attack: step 2/10, xent loss = 6.69134, l2 loss = 3.65344 (max 14.95), (true 608, predicted [672])
attack: step 3/10, xent loss = 7.22379, l2 loss = 7.40868 (max 14.95), (true 608, predicted [672])
attack: step 4/10, xent loss = 10.7789, l2 loss = 9.54365 (max 14.95), (true 608, predicted [672])
attack: step 5/10, xent loss = 11.7904, l2 loss = 12.7669 (max 14.95), (true 608, predicted [672])
attack: step 6/10, xent loss = 11.0371, l2 loss = 15.3902 (max 14.95), (true 608, predicted [672])
attack: step 7/10, xent loss = 11.899, l2 loss = 17.4029 (max 14.95), (true 608, predicted [672])
attack: step 8/10, xent loss = 13.7686, l2 loss = 19.5463 (max 14.95), (true 608, predicted [672])
attack: step 9/10, xent loss = 13.2275, l2 loss = 20.9876 (max 14.95), (true 608, predicted [672])
attack: step 10/10, xent loss = 15.4854, l2 loss = 22.4028 (max 14.95), (true 608, predicted [672])
check failed
true = 608, adv = 672
evaluating 795 of [790, 800)
attack: step 1/10, xent loss = 0.305301, l2 loss = 0 (max 14.95), (true 279, predicted [279])
attack: step 2/10, xent loss = 0.578057, l2 loss = 1.92594 (max 14.95), (true 279, predicted [279])
attack: step 3/10, xent loss = 1.16852, l2 loss = 4.73576 (max 14.95), (true 279, predicted [356])
attack: step 4/10, xent loss = 6.9491, l2 loss = 8.46218 (max 14.95), (true 279, predicted [728])
attack: step 5/10, xent loss = 8.94682, l2 loss = 11.8055 (max 14.95), (true 279, predicted [728])
attack: step 6/10, xent loss = 12.5031, l2 loss = 15.2703 (max 14.95), (true 279, predicted [728])
attack: step 7/10, xent loss = 10.3369, l2 loss = 19.7853 (max 14.95), (true 279, predicted [728])
attack: step 8/10, xent loss = 16.8464, l2 loss = 22.2258 (max 14.95), (true 279, predicted [728])
attack: step 9/10, xent loss = 15.5478, l2 loss = 24.1888 (max 14.95), (true 279, predicted [728])
attack: step 10/10, xent loss = 21.5994, l2 loss = 26.3587 (max 14.95), (true 279, predicted [728])
check failed
true = 279, adv = 728
evaluating 796 of [790, 800)
attack: step 1/10, xent loss = 5.02835, l2 loss = 0 (max 14.95), (true 882, predicted [412])
attack: step 2/10, xent loss = 6.58658, l2 loss = 2.49327 (max 14.95), (true 882, predicted [412])
attack: step 3/10, xent loss = 5.13112, l2 loss = 4.33864 (max 14.95), (true 882, predicted [412])
attack: step 4/10, xent loss = 7.08188, l2 loss = 5.5581 (max 14.95), (true 882, predicted [412])
attack: step 5/10, xent loss = 8.40332, l2 loss = 6.22584 (max 14.95), (true 882, predicted [412])
attack: step 6/10, xent loss = 8.7091, l2 loss = 7.06456 (max 14.95), (true 882, predicted [412])
attack: step 7/10, xent loss = 6.97618, l2 loss = 7.64916 (max 14.95), (true 882, predicted [412])
attack: step 8/10, xent loss = 8.91764, l2 loss = 8.82385 (max 14.95), (true 882, predicted [412])
attack: step 9/10, xent loss = 9.37673, l2 loss = 9.2355 (max 14.95), (true 882, predicted [412])
attack: step 10/10, xent loss = 9.26814, l2 loss = 9.92047 (max 14.95), (true 882, predicted [412])
true = 882, adv = 412
evaluating 797 of [790, 800)
attack: step 1/10, xent loss = 0.221337, l2 loss = 0 (max 14.95), (true 902, predicted [902])
attack: step 2/10, xent loss = 0.140297, l2 loss = 1.44911 (max 14.95), (true 902, predicted [902])
attack: step 3/10, xent loss = 0.218617, l2 loss = 1.7507 (max 14.95), (true 902, predicted [902])
attack: step 4/10, xent loss = 0.407704, l2 loss = 2.33684 (max 14.95), (true 902, predicted [902])
attack: step 5/10, xent loss = 1.7007, l2 loss = 3.67418 (max 14.95), (true 902, predicted [902])
attack: step 6/10, xent loss = 4.05942, l2 loss = 6.71259 (max 14.95), (true 902, predicted [854])
attack: step 7/10, xent loss = 3.43365, l2 loss = 8.68449 (max 14.95), (true 902, predicted [602])
attack: step 8/10, xent loss = 4.6189, l2 loss = 10.7258 (max 14.95), (true 902, predicted [562])
attack: step 9/10, xent loss = 6.09874, l2 loss = 12.0214 (max 14.95), (true 902, predicted [557])
attack: step 10/10, xent loss = 6.62853, l2 loss = 12.8224 (max 14.95), (true 902, predicted [557])
true = 902, adv = 557
evaluating 798 of [790, 800)
attack: step 1/10, xent loss = 3.88519, l2 loss = 0 (max 14.95), (true 171, predicted [728])
attack: step 2/10, xent loss = 12.7626, l2 loss = 10.5743 (max 14.95), (true 171, predicted [728])
attack: step 3/10, xent loss = 13.031, l2 loss = 13.2975 (max 14.95), (true 171, predicted [728])
attack: step 4/10, xent loss = 13.7963, l2 loss = 16.1536 (max 14.95), (true 171, predicted [728])
attack: step 5/10, xent loss = 15.7836, l2 loss = 18.6155 (max 14.95), (true 171, predicted [728])
attack: step 6/10, xent loss = 15.7944, l2 loss = 20.2601 (max 14.95), (true 171, predicted [728])
attack: step 7/10, xent loss = 17.3559, l2 loss = 22.0019 (max 14.95), (true 171, predicted [728])
attack: step 8/10, xent loss = 23.1014, l2 loss = 23.7866 (max 14.95), (true 171, predicted [728])
attack: step 9/10, xent loss = 22.8899, l2 loss = 25.0748 (max 14.95), (true 171, predicted [728])
attack: step 10/10, xent loss = 26.0062, l2 loss = 26.3136 (max 14.95), (true 171, predicted [728])
check failed
true = 171, adv = 728
evaluating 799 of [790, 800)
attack: step 1/10, xent loss = 0.0703826, l2 loss = 0 (max 14.95), (true 195, predicted [195])
attack: step 2/10, xent loss = 0.209153, l2 loss = 0.183534 (max 14.95), (true 195, predicted [195])
attack: step 3/10, xent loss = 0.323834, l2 loss = 0.607646 (max 14.95), (true 195, predicted [195])
attack: step 4/10, xent loss = 0.156356, l2 loss = 1.19888 (max 14.95), (true 195, predicted [195])
attack: step 5/10, xent loss = 0.0699556, l2 loss = 1.25509 (max 14.95), (true 195, predicted [195])
attack: step 6/10, xent loss = 0.16068, l2 loss = 1.271 (max 14.95), (true 195, predicted [195])
attack: step 7/10, xent loss = 0.0935219, l2 loss = 1.35002 (max 14.95), (true 195, predicted [195])
attack: step 8/10, xent loss = 0.217574, l2 loss = 1.41551 (max 14.95), (true 195, predicted [195])
attack: step 9/10, xent loss = 0.0769081, l2 loss = 1.74755 (max 14.95), (true 195, predicted [195])
attack: step 10/10, xent loss = 0.0855399, l2 loss = 1.76823 (max 14.95), (true 195, predicted [195])
true = 195, adv = 195
