2019-06-29 17:55:16.066452: I tensorflow/core/platform/cpu_feature_guard.cc:141] Your CPU supports instructions that this TensorFlow binary was not compiled to use: SSE4.1 SSE4.2 AVX AVX2 FMA
2019-06-29 17:55:16.071510: I tensorflow/core/platform/profile_utils/cpu_utils.cc:94] CPU Frequency: 2600025000 Hz
2019-06-29 17:55:16.071634: I tensorflow/compiler/xla/service/service.cc:150] XLA service 0x2aaae6fbd390 executing computations on platform Host. Devices:
2019-06-29 17:55:16.071651: I tensorflow/compiler/xla/service/service.cc:158]   StreamExecutor device (0): <undefined>, <undefined>
2019-06-29 17:55:16.071830: I tensorflow/core/common_runtime/process_util.cc:71] Creating new thread pool with default inter op setting: 2. Tune using inter_op_parallelism_threads for best performance.
evaluating 960 of [960, 970)
attack: step 1/10, xent loss = 2.27995, l2 loss = 7.32582 (max 14.95), (true 442, predicted [728])
attack: step 2/10, xent loss = 2.41056, l2 loss = 9.58553 (max 14.95), (true 442, predicted [728])
attack: step 3/10, xent loss = 10.319, l2 loss = 11.7899 (max 14.95), (true 442, predicted [728])
attack: step 4/10, xent loss = 7.65452, l2 loss = 14.8235 (max 14.95), (true 442, predicted [728])
attack: step 5/10, xent loss = 10.8395, l2 loss = 17.4703 (max 14.95), (true 442, predicted [728])
attack: step 6/10, xent loss = 13.2274, l2 loss = 18.862 (max 14.95), (true 442, predicted [728])
attack: step 7/10, xent loss = 14.9951, l2 loss = 20.0717 (max 14.95), (true 442, predicted [728])
attack: step 8/10, xent loss = 15.4962, l2 loss = 21.1129 (max 14.95), (true 442, predicted [728])
attack: step 9/10, xent loss = 16.8748, l2 loss = 22.3514 (max 14.95), (true 442, predicted [728])
attack: step 10/10, xent loss = 21.316, l2 loss = 23.6462 (max 14.95), (true 442, predicted [728])
check failed
true = 442, adv = 728
evaluating 961 of [960, 970)
attack: step 1/10, xent loss = 8.26382, l2 loss = 10.0987 (max 14.95), (true 336, predicted [775])
attack: step 2/10, xent loss = 8.18911, l2 loss = 10.7846 (max 14.95), (true 336, predicted [775])
attack: step 3/10, xent loss = 6.58811, l2 loss = 11.122 (max 14.95), (true 336, predicted [775])
attack: step 4/10, xent loss = 7.8044, l2 loss = 11.6208 (max 14.95), (true 336, predicted [775])
attack: step 5/10, xent loss = 7.08391, l2 loss = 11.9963 (max 14.95), (true 336, predicted [775])
attack: step 6/10, xent loss = 9.30569, l2 loss = 12.5339 (max 14.95), (true 336, predicted [830])
attack: step 7/10, xent loss = 8.76957, l2 loss = 13.1635 (max 14.95), (true 336, predicted [775])
attack: step 8/10, xent loss = 9.47758, l2 loss = 13.8534 (max 14.95), (true 336, predicted [728])
attack: step 9/10, xent loss = 10.0656, l2 loss = 14.1751 (max 14.95), (true 336, predicted [775])
attack: step 10/10, xent loss = 8.32816, l2 loss = 14.8159 (max 14.95), (true 336, predicted [830])
check failed
true = 336, adv = 775
evaluating 962 of [960, 970)
attack: step 1/10, xent loss = 8.81938, l2 loss = 13.1467 (max 14.95), (true 781, predicted [728])
attack: step 2/10, xent loss = 12.1743, l2 loss = 13.85 (max 14.95), (true 781, predicted [728])
attack: step 3/10, xent loss = 10.0819, l2 loss = 15.0881 (max 14.95), (true 781, predicted [728])
attack: step 4/10, xent loss = 10.541, l2 loss = 16.1057 (max 14.95), (true 781, predicted [728])
attack: step 5/10, xent loss = 10.6673, l2 loss = 16.5558 (max 14.95), (true 781, predicted [728])
attack: step 6/10, xent loss = 11.8743, l2 loss = 17.244 (max 14.95), (true 781, predicted [728])
attack: step 7/10, xent loss = 12.8615, l2 loss = 18.6942 (max 14.95), (true 781, predicted [728])
attack: step 8/10, xent loss = 10.9393, l2 loss = 19.9243 (max 14.95), (true 781, predicted [728])
attack: step 9/10, xent loss = 12.6112, l2 loss = 21.054 (max 14.95), (true 781, predicted [728])
attack: step 10/10, xent loss = 14.1125, l2 loss = 21.8855 (max 14.95), (true 781, predicted [728])
check failed
true = 781, adv = 728
evaluating 963 of [960, 970)
attack: step 1/10, xent loss = 8.8589, l2 loss = 18.2309 (max 14.95), (true 863, predicted [645])
attack: step 2/10, xent loss = 9.92327, l2 loss = 18.9366 (max 14.95), (true 863, predicted [645])
attack: step 3/10, xent loss = 11.0991, l2 loss = 19.9208 (max 14.95), (true 863, predicted [645])
attack: step 4/10, xent loss = 9.64709, l2 loss = 20.6587 (max 14.95), (true 863, predicted [645])
attack: step 5/10, xent loss = 14.1393, l2 loss = 21.5944 (max 14.95), (true 863, predicted [645])
attack: step 6/10, xent loss = 11.5189, l2 loss = 22.2526 (max 14.95), (true 863, predicted [645])
attack: step 7/10, xent loss = 13.535, l2 loss = 22.901 (max 14.95), (true 863, predicted [645])
attack: step 8/10, xent loss = 14.2543, l2 loss = 23.8143 (max 14.95), (true 863, predicted [645])
attack: step 9/10, xent loss = 14.1374, l2 loss = 24.6504 (max 14.95), (true 863, predicted [645])
attack: step 10/10, xent loss = 11.4207, l2 loss = 25.2088 (max 14.95), (true 863, predicted [645])
check failed
true = 863, adv = 645
evaluating 964 of [960, 970)
attack: step 1/10, xent loss = 9.81769, l2 loss = 15.7088 (max 14.95), (true 76, predicted [723])
attack: step 2/10, xent loss = 12.3603, l2 loss = 16.7609 (max 14.95), (true 76, predicted [723])
attack: step 3/10, xent loss = 11.7853, l2 loss = 17.6796 (max 14.95), (true 76, predicted [723])
attack: step 4/10, xent loss = 13.1641, l2 loss = 18.4297 (max 14.95), (true 76, predicted [723])
attack: step 5/10, xent loss = 12.95, l2 loss = 19.1035 (max 14.95), (true 76, predicted [723])
attack: step 6/10, xent loss = 12.2956, l2 loss = 19.8409 (max 14.95), (true 76, predicted [723])
attack: step 7/10, xent loss = 12.6143, l2 loss = 20.5534 (max 14.95), (true 76, predicted [723])
attack: step 8/10, xent loss = 12.9908, l2 loss = 21.4396 (max 14.95), (true 76, predicted [723])
attack: step 9/10, xent loss = 14.8819, l2 loss = 22.0894 (max 14.95), (true 76, predicted [723])
attack: step 10/10, xent loss = 15.0622, l2 loss = 22.9408 (max 14.95), (true 76, predicted [723])
check failed
true = 76, adv = 723
evaluating 965 of [960, 970)
attack: step 1/10, xent loss = 18.4036, l2 loss = 27.021 (max 14.95), (true 230, predicted [728])
attack: step 2/10, xent loss = 21.7153, l2 loss = 30.5203 (max 14.95), (true 230, predicted [728])
attack: step 3/10, xent loss = 22.7899, l2 loss = 31.8205 (max 14.95), (true 230, predicted [728])
attack: step 4/10, xent loss = 25.5644, l2 loss = 33.056 (max 14.95), (true 230, predicted [728])
attack: step 5/10, xent loss = 22.5241, l2 loss = 34.344 (max 14.95), (true 230, predicted [728])
attack: step 6/10, xent loss = 24.3538, l2 loss = 35.636 (max 14.95), (true 230, predicted [728])
attack: step 7/10, xent loss = 27.5605, l2 loss = 36.6821 (max 14.95), (true 230, predicted [728])
attack: step 8/10, xent loss = 28.6177, l2 loss = 37.8876 (max 14.95), (true 230, predicted [728])
attack: step 9/10, xent loss = 26.1155, l2 loss = 38.8188 (max 14.95), (true 230, predicted [728])
attack: step 10/10, xent loss = 27.5778, l2 loss = 41.2021 (max 14.95), (true 230, predicted [728])
check failed
true = 230, adv = 728
evaluating 966 of [960, 970)
attack: step 1/10, xent loss = 7.98977, l2 loss = 13.3079 (max 14.95), (true 94, predicted [92])
attack: step 2/10, xent loss = 7.58782, l2 loss = 13.8192 (max 14.95), (true 94, predicted [92])
attack: step 3/10, xent loss = 8.35394, l2 loss = 14.1669 (max 14.95), (true 94, predicted [92])
attack: step 4/10, xent loss = 8.65417, l2 loss = 14.5304 (max 14.95), (true 94, predicted [92])
attack: step 5/10, xent loss = 8.01794, l2 loss = 14.8225 (max 14.95), (true 94, predicted [92])
attack: step 6/10, xent loss = 8.28793, l2 loss = 15.0627 (max 14.95), (true 94, predicted [92])
attack: step 7/10, xent loss = 9.27462, l2 loss = 15.4734 (max 14.95), (true 94, predicted [92])
attack: step 8/10, xent loss = 9.37137, l2 loss = 15.6313 (max 14.95), (true 94, predicted [92])
attack: step 9/10, xent loss = 9.79518, l2 loss = 15.7573 (max 14.95), (true 94, predicted [92])
attack: step 10/10, xent loss = 7.88138, l2 loss = 15.913 (max 14.95), (true 94, predicted [92])
check failed
true = 94, adv = 92
evaluating 967 of [960, 970)
attack: step 1/10, xent loss = 20.2308, l2 loss = 36.2552 (max 14.95), (true 318, predicted [728])
attack: step 2/10, xent loss = 17.7764, l2 loss = 38.0303 (max 14.95), (true 318, predicted [728])
attack: step 3/10, xent loss = 20.1818, l2 loss = 39.4593 (max 14.95), (true 318, predicted [728])
attack: step 4/10, xent loss = 21.2057, l2 loss = 40.7731 (max 14.95), (true 318, predicted [728])
attack: step 5/10, xent loss = 22.7731, l2 loss = 42.1158 (max 14.95), (true 318, predicted [728])
attack: step 6/10, xent loss = 24.0523, l2 loss = 43.1949 (max 14.95), (true 318, predicted [728])
attack: step 7/10, xent loss = 24.007, l2 loss = 44.5319 (max 14.95), (true 318, predicted [728])
attack: step 8/10, xent loss = 21.7403, l2 loss = 45.7664 (max 14.95), (true 318, predicted [728])
attack: step 9/10, xent loss = 23.9409, l2 loss = 46.823 (max 14.95), (true 318, predicted [728])
attack: step 10/10, xent loss = 27.1546, l2 loss = 47.7256 (max 14.95), (true 318, predicted [728])
check failed
true = 318, adv = 728
evaluating 968 of [960, 970)
attack: step 1/10, xent loss = 1.94302, l2 loss = 7.5974 (max 14.95), (true 797, predicted [797])
attack: step 2/10, xent loss = 1.84319, l2 loss = 8.32715 (max 14.95), (true 797, predicted [797])
attack: step 3/10, xent loss = 2.91242, l2 loss = 8.74439 (max 14.95), (true 797, predicted [431])
attack: step 4/10, xent loss = 3.10379, l2 loss = 9.37324 (max 14.95), (true 797, predicted [431])
attack: step 5/10, xent loss = 2.97622, l2 loss = 9.78229 (max 14.95), (true 797, predicted [431])
attack: step 6/10, xent loss = 2.92201, l2 loss = 10.5033 (max 14.95), (true 797, predicted [431])
attack: step 7/10, xent loss = 3.61688, l2 loss = 11.0175 (max 14.95), (true 797, predicted [431])
attack: step 8/10, xent loss = 4.005, l2 loss = 11.5044 (max 14.95), (true 797, predicted [431])
attack: step 9/10, xent loss = 4.9702, l2 loss = 11.9549 (max 14.95), (true 797, predicted [431])
attack: step 10/10, xent loss = 4.52553, l2 loss = 12.4507 (max 14.95), (true 797, predicted [431])
true = 797, adv = 431
evaluating 969 of [960, 970)
attack: step 1/10, xent loss = 3.89818, l2 loss = 7.0743 (max 14.95), (true 751, predicted [817])
attack: step 2/10, xent loss = 3.3568, l2 loss = 7.48721 (max 14.95), (true 751, predicted [817])
attack: step 3/10, xent loss = 5.56947, l2 loss = 7.82825 (max 14.95), (true 751, predicted [817])
attack: step 4/10, xent loss = 4.48323, l2 loss = 8.22874 (max 14.95), (true 751, predicted [817])
attack: step 5/10, xent loss = 4.9238, l2 loss = 8.6122 (max 14.95), (true 751, predicted [817])
attack: step 6/10, xent loss = 4.158, l2 loss = 8.99363 (max 14.95), (true 751, predicted [817])
attack: step 7/10, xent loss = 5.15394, l2 loss = 9.30828 (max 14.95), (true 751, predicted [817])
attack: step 8/10, xent loss = 4.83677, l2 loss = 9.68151 (max 14.95), (true 751, predicted [817])
attack: step 9/10, xent loss = 4.10621, l2 loss = 9.99149 (max 14.95), (true 751, predicted [817])
attack: step 10/10, xent loss = 4.72129, l2 loss = 10.3705 (max 14.95), (true 751, predicted [817])
true = 751, adv = 817
