2019-06-26 22:30:03.260532: I tensorflow/core/platform/cpu_feature_guard.cc:141] Your CPU supports instructions that this TensorFlow binary was not compiled to use: SSE4.1 SSE4.2 AVX AVX2 FMA
2019-06-26 22:30:05.409992: I tensorflow/core/platform/profile_utils/cpu_utils.cc:94] CPU Frequency: 2599985000 Hz
2019-06-26 22:30:05.516045: I tensorflow/compiler/xla/service/service.cc:150] XLA service 0x2aaae6bc0bd0 executing computations on platform Host. Devices:
2019-06-26 22:30:05.516305: I tensorflow/compiler/xla/service/service.cc:158]   StreamExecutor device (0): <undefined>, <undefined>
2019-06-26 22:30:05.518359: I tensorflow/core/common_runtime/process_util.cc:71] Creating new thread pool with default inter op setting: 2. Tune using inter_op_parallelism_threads for best performance.
evaluating 50 of [50, 60)
attack: step 1/10, xent loss = 6.33937, l2 loss = 10.2123 (max 14.95), (true 211, predicted [209])
attack: step 2/10, xent loss = 8.74504, l2 loss = 11.5489 (max 14.95), (true 211, predicted [209])
attack: step 3/10, xent loss = 9.76054, l2 loss = 12.6763 (max 14.95), (true 211, predicted [209])
attack: step 4/10, xent loss = 11.4342, l2 loss = 13.493 (max 14.95), (true 211, predicted [209])
attack: step 5/10, xent loss = 11.1727, l2 loss = 14.297 (max 14.95), (true 211, predicted [209])
attack: step 6/10, xent loss = 10.4413, l2 loss = 15.1328 (max 14.95), (true 211, predicted [209])
attack: step 7/10, xent loss = 11.7412, l2 loss = 16.3285 (max 14.95), (true 211, predicted [209])
attack: step 8/10, xent loss = 12.4681, l2 loss = 16.9324 (max 14.95), (true 211, predicted [209])
attack: step 9/10, xent loss = 12.6378, l2 loss = 17.5613 (max 14.95), (true 211, predicted [209])
attack: step 10/10, xent loss = 13.3936, l2 loss = 18.3034 (max 14.95), (true 211, predicted [209])
check failed
true = 211, adv = 209
evaluating 51 of [50, 60)
attack: step 1/10, xent loss = 6.04144, l2 loss = 13.0341 (max 14.95), (true 310, predicted [71])
attack: step 2/10, xent loss = 6.6682, l2 loss = 13.7847 (max 14.95), (true 310, predicted [71])
attack: step 3/10, xent loss = 7.60086, l2 loss = 14.5364 (max 14.95), (true 310, predicted [71])
attack: step 4/10, xent loss = 7.696, l2 loss = 15.2921 (max 14.95), (true 310, predicted [71])
attack: step 5/10, xent loss = 8.96795, l2 loss = 15.9842 (max 14.95), (true 310, predicted [71])
attack: step 6/10, xent loss = 9.11783, l2 loss = 16.5116 (max 14.95), (true 310, predicted [71])
attack: step 7/10, xent loss = 9.10951, l2 loss = 17.2385 (max 14.95), (true 310, predicted [71])
attack: step 8/10, xent loss = 8.50854, l2 loss = 17.9261 (max 14.95), (true 310, predicted [71])
attack: step 9/10, xent loss = 8.74793, l2 loss = 18.4982 (max 14.95), (true 310, predicted [71])
attack: step 10/10, xent loss = 9.80556, l2 loss = 18.9027 (max 14.95), (true 310, predicted [71])
check failed
true = 310, adv = 71
evaluating 52 of [50, 60)
attack: step 1/10, xent loss = 6.3782, l2 loss = 13.625 (max 14.95), (true 809, predicted [968])
attack: step 2/10, xent loss = 6.65816, l2 loss = 13.9984 (max 14.95), (true 809, predicted [967])
attack: step 3/10, xent loss = 5.8991, l2 loss = 14.4068 (max 14.95), (true 809, predicted [968])
attack: step 4/10, xent loss = 5.90993, l2 loss = 14.6724 (max 14.95), (true 809, predicted [968])
attack: step 5/10, xent loss = 6.73234, l2 loss = 15.0166 (max 14.95), (true 809, predicted [968])
attack: step 6/10, xent loss = 7.31353, l2 loss = 15.2349 (max 14.95), (true 809, predicted [967])
attack: step 7/10, xent loss = 7.57095, l2 loss = 15.5045 (max 14.95), (true 809, predicted [960])
attack: step 8/10, xent loss = 7.5699, l2 loss = 15.9796 (max 14.95), (true 809, predicted [960])
attack: step 9/10, xent loss = 8.15404, l2 loss = 16.2342 (max 14.95), (true 809, predicted [935])
attack: step 10/10, xent loss = 7.10225, l2 loss = 16.684 (max 14.95), (true 809, predicted [960])
check failed
true = 809, adv = 935
evaluating 53 of [50, 60)
attack: step 1/10, xent loss = 16.6442, l2 loss = 20.4479 (max 14.95), (true 978, predicted [693])
attack: step 2/10, xent loss = 15.5031, l2 loss = 21.5471 (max 14.95), (true 978, predicted [693])
attack: step 3/10, xent loss = 19.1039, l2 loss = 22.5604 (max 14.95), (true 978, predicted [693])
attack: step 4/10, xent loss = 18.4849, l2 loss = 23.4803 (max 14.95), (true 978, predicted [693])
attack: step 5/10, xent loss = 17.1051, l2 loss = 25.0996 (max 14.95), (true 978, predicted [693])
attack: step 6/10, xent loss = 19.7179, l2 loss = 26.0718 (max 14.95), (true 978, predicted [693])
attack: step 7/10, xent loss = 20.3889, l2 loss = 26.9052 (max 14.95), (true 978, predicted [693])
attack: step 8/10, xent loss = 20.7838, l2 loss = 27.5918 (max 14.95), (true 978, predicted [693])
attack: step 9/10, xent loss = 19.7565, l2 loss = 28.4043 (max 14.95), (true 978, predicted [693])
attack: step 10/10, xent loss = 22.4073, l2 loss = 29.0985 (max 14.95), (true 978, predicted [693])
check failed
true = 978, adv = 693
evaluating 54 of [50, 60)
attack: step 1/10, xent loss = 9.75427, l2 loss = 14.3325 (max 14.95), (true 819, predicted [689])
attack: step 2/10, xent loss = 11.541, l2 loss = 14.6991 (max 14.95), (true 819, predicted [689])
attack: step 3/10, xent loss = 10.8419, l2 loss = 15.1609 (max 14.95), (true 819, predicted [689])
attack: step 4/10, xent loss = 12.6858, l2 loss = 15.8102 (max 14.95), (true 819, predicted [689])
attack: step 5/10, xent loss = 12.3343, l2 loss = 16.6322 (max 14.95), (true 819, predicted [689])
attack: step 6/10, xent loss = 9.27104, l2 loss = 17.4427 (max 14.95), (true 819, predicted [689])
attack: step 7/10, xent loss = 10.5129, l2 loss = 17.7883 (max 14.95), (true 819, predicted [689])
attack: step 8/10, xent loss = 13.3176, l2 loss = 18.2231 (max 14.95), (true 819, predicted [689])
attack: step 9/10, xent loss = 13.0704, l2 loss = 18.8068 (max 14.95), (true 819, predicted [689])
attack: step 10/10, xent loss = 12.9713, l2 loss = 19.3475 (max 14.95), (true 819, predicted [689])
check failed
true = 819, adv = 689
evaluating 55 of [50, 60)
attack: step 1/10, xent loss = 19.1452, l2 loss = 18.7507 (max 14.95), (true 590, predicted [728])
attack: step 2/10, xent loss = 18.6322, l2 loss = 20.5645 (max 14.95), (true 590, predicted [728])
attack: step 3/10, xent loss = 20.3443, l2 loss = 22.2384 (max 14.95), (true 590, predicted [728])
attack: step 4/10, xent loss = 21.8223, l2 loss = 23.7577 (max 14.95), (true 590, predicted [728])
attack: step 5/10, xent loss = 22.092, l2 loss = 25.0639 (max 14.95), (true 590, predicted [728])
attack: step 6/10, xent loss = 25.375, l2 loss = 26.5264 (max 14.95), (true 590, predicted [728])
attack: step 7/10, xent loss = 23.3165, l2 loss = 27.6598 (max 14.95), (true 590, predicted [728])
attack: step 8/10, xent loss = 28.7562, l2 loss = 29.0008 (max 14.95), (true 590, predicted [728])
attack: step 9/10, xent loss = 25.7474, l2 loss = 30.2086 (max 14.95), (true 590, predicted [728])
attack: step 10/10, xent loss = 30.4597, l2 loss = 31.4571 (max 14.95), (true 590, predicted [728])
check failed
true = 590, adv = 728
evaluating 56 of [50, 60)
attack: step 1/10, xent loss = 29.3267, l2 loss = 21.5434 (max 14.95), (true 181, predicted [728])
attack: step 2/10, xent loss = 27.231, l2 loss = 23.5023 (max 14.95), (true 181, predicted [728])
attack: step 3/10, xent loss = 26.774, l2 loss = 25.007 (max 14.95), (true 181, predicted [728])
attack: step 4/10, xent loss = 30.6178, l2 loss = 26.3557 (max 14.95), (true 181, predicted [728])
attack: step 5/10, xent loss = 33.4201, l2 loss = 28.7773 (max 14.95), (true 181, predicted [728])
attack: step 6/10, xent loss = 35.0175, l2 loss = 29.9829 (max 14.95), (true 181, predicted [728])
attack: step 7/10, xent loss = 34.9695, l2 loss = 32.2992 (max 14.95), (true 181, predicted [728])
attack: step 8/10, xent loss = 33.9246, l2 loss = 33.4057 (max 14.95), (true 181, predicted [728])
attack: step 9/10, xent loss = 37.3563, l2 loss = 34.4208 (max 14.95), (true 181, predicted [728])
attack: step 10/10, xent loss = 37.78, l2 loss = 35.3053 (max 14.95), (true 181, predicted [728])
check failed
true = 181, adv = 728
evaluating 57 of [50, 60)
attack: step 1/10, xent loss = 7.614, l2 loss = 11.5336 (max 14.95), (true 141, predicted [139])
attack: step 2/10, xent loss = 7.17821, l2 loss = 12.005 (max 14.95), (true 141, predicted [139])
attack: step 3/10, xent loss = 9.34065, l2 loss = 12.5266 (max 14.95), (true 141, predicted [139])
attack: step 4/10, xent loss = 6.47253, l2 loss = 13.0974 (max 14.95), (true 141, predicted [139])
attack: step 5/10, xent loss = 8.78212, l2 loss = 13.7495 (max 14.95), (true 141, predicted [139])
attack: step 6/10, xent loss = 9.45887, l2 loss = 14.1551 (max 14.95), (true 141, predicted [139])
attack: step 7/10, xent loss = 8.55236, l2 loss = 14.5957 (max 14.95), (true 141, predicted [139])
attack: step 8/10, xent loss = 8.33836, l2 loss = 15.0044 (max 14.95), (true 141, predicted [139])
attack: step 9/10, xent loss = 10.3543, l2 loss = 15.3716 (max 14.95), (true 141, predicted [139])
attack: step 10/10, xent loss = 11.1922, l2 loss = 15.9037 (max 14.95), (true 141, predicted [139])
check failed
true = 141, adv = 139
evaluating 58 of [50, 60)
attack: step 1/10, xent loss = 10.9732, l2 loss = 15.8304 (max 14.95), (true 391, predicted [795])
attack: step 2/10, xent loss = 12.4964, l2 loss = 16.6916 (max 14.95), (true 391, predicted [795])
attack: step 3/10, xent loss = 11.7509, l2 loss = 17.5254 (max 14.95), (true 391, predicted [795])
attack: step 4/10, xent loss = 10.7239, l2 loss = 18.2339 (max 14.95), (true 391, predicted [795])
attack: step 5/10, xent loss = 13.1037, l2 loss = 18.8607 (max 14.95), (true 391, predicted [795])
attack: step 6/10, xent loss = 12.5887, l2 loss = 19.5799 (max 14.95), (true 391, predicted [795])
attack: step 7/10, xent loss = 12.1204, l2 loss = 20.3516 (max 14.95), (true 391, predicted [795])
attack: step 8/10, xent loss = 14.0618, l2 loss = 21.138 (max 14.95), (true 391, predicted [795])
attack: step 9/10, xent loss = 14.9831, l2 loss = 21.6686 (max 14.95), (true 391, predicted [795])
attack: step 10/10, xent loss = 15.2662, l2 loss = 22.4099 (max 14.95), (true 391, predicted [795])
check failed
true = 391, adv = 795
evaluating 59 of [50, 60)
attack: step 1/10, xent loss = 0.47337, l2 loss = 2.85754 (max 14.95), (true 352, predicted [352])
attack: step 2/10, xent loss = 0.837366, l2 loss = 3.10239 (max 14.95), (true 352, predicted [352])
attack: step 3/10, xent loss = 1.21012, l2 loss = 3.55925 (max 14.95), (true 352, predicted [352])
attack: step 4/10, xent loss = 1.46256, l2 loss = 4.22368 (max 14.95), (true 352, predicted [352])
attack: step 5/10, xent loss = 1.84395, l2 loss = 5.47491 (max 14.95), (true 352, predicted [352])
attack: step 6/10, xent loss = 3.70458, l2 loss = 7.20174 (max 14.95), (true 352, predicted [728])
attack: step 7/10, xent loss = 6.63546, l2 loss = 10.0404 (max 14.95), (true 352, predicted [728])
attack: step 8/10, xent loss = 8.58468, l2 loss = 10.6456 (max 14.95), (true 352, predicted [728])
attack: step 9/10, xent loss = 18.4583, l2 loss = 12.7767 (max 14.95), (true 352, predicted [728])
attack: step 10/10, xent loss = 17.8392, l2 loss = 14.9362 (max 14.95), (true 352, predicted [728])
check failed
true = 352, adv = 728
