2019-06-30 06:43:36.543733: I tensorflow/core/platform/cpu_feature_guard.cc:141] Your CPU supports instructions that this TensorFlow binary was not compiled to use: SSE4.1 SSE4.2 AVX AVX2 FMA
2019-06-30 06:43:37.561012: I tensorflow/core/platform/profile_utils/cpu_utils.cc:94] CPU Frequency: 2600025000 Hz
2019-06-30 06:43:37.563900: I tensorflow/compiler/xla/service/service.cc:150] XLA service 0x2aaae6fbd750 executing computations on platform Host. Devices:
2019-06-30 06:43:37.564063: I tensorflow/compiler/xla/service/service.cc:158]   StreamExecutor device (0): <undefined>, <undefined>
2019-06-30 06:43:37.566075: I tensorflow/core/common_runtime/process_util.cc:71] Creating new thread pool with default inter op setting: 2. Tune using inter_op_parallelism_threads for best performance.
evaluating 130 of [130, 140)
attack: step 1/10, xent loss = 10.2913, l2 loss = 8.70604 (max 14.95), (true 30, predicted [478])
attack: step 2/10, xent loss = 9.06062, l2 loss = 9.75161 (max 14.95), (true 30, predicted [644])
attack: step 3/10, xent loss = 8.88798, l2 loss = 10.0827 (max 14.95), (true 30, predicted [478])
attack: step 4/10, xent loss = 8.7382, l2 loss = 10.3272 (max 14.95), (true 30, predicted [478])
attack: step 5/10, xent loss = 9.93283, l2 loss = 10.9099 (max 14.95), (true 30, predicted [478])
attack: step 6/10, xent loss = 9.54493, l2 loss = 11.4948 (max 14.95), (true 30, predicted [478])
attack: step 7/10, xent loss = 10.1763, l2 loss = 11.9748 (max 14.95), (true 30, predicted [478])
attack: step 8/10, xent loss = 9.0215, l2 loss = 12.5276 (max 14.95), (true 30, predicted [478])
attack: step 9/10, xent loss = 9.10051, l2 loss = 12.8282 (max 14.95), (true 30, predicted [478])
attack: step 10/10, xent loss = 8.73565, l2 loss = 13.1325 (max 14.95), (true 30, predicted [723])
true = 30, adv = 478
evaluating 131 of [130, 140)
attack: step 1/10, xent loss = 14.1356, l2 loss = 27.458 (max 14.95), (true 974, predicted [999])
attack: step 2/10, xent loss = 12.3186, l2 loss = 29.3211 (max 14.95), (true 974, predicted [700])
attack: step 3/10, xent loss = 11.3434, l2 loss = 30.283 (max 14.95), (true 974, predicted [999])
attack: step 4/10, xent loss = 14.315, l2 loss = 31.8944 (max 14.95), (true 974, predicted [700])
attack: step 5/10, xent loss = 11.8903, l2 loss = 32.9101 (max 14.95), (true 974, predicted [700])
attack: step 6/10, xent loss = 16.2179, l2 loss = 33.8741 (max 14.95), (true 974, predicted [700])
attack: step 7/10, xent loss = 16.1862, l2 loss = 35.0226 (max 14.95), (true 974, predicted [700])
attack: step 8/10, xent loss = 14.9872, l2 loss = 36.1008 (max 14.95), (true 974, predicted [700])
attack: step 9/10, xent loss = 18.861, l2 loss = 37.4973 (max 14.95), (true 974, predicted [700])
attack: step 10/10, xent loss = 19.087, l2 loss = 38.3331 (max 14.95), (true 974, predicted [700])
check failed
true = 974, adv = 700
evaluating 132 of [130, 140)
attack: step 1/10, xent loss = 16.5781, l2 loss = 21.2769 (max 14.95), (true 70, predicted [892])
attack: step 2/10, xent loss = 13.4994, l2 loss = 22.2465 (max 14.95), (true 70, predicted [892])
attack: step 3/10, xent loss = 16.1682, l2 loss = 23.0842 (max 14.95), (true 70, predicted [892])
attack: step 4/10, xent loss = 15.4096, l2 loss = 23.9277 (max 14.95), (true 70, predicted [892])
attack: step 5/10, xent loss = 15.3277, l2 loss = 25.2494 (max 14.95), (true 70, predicted [892])
attack: step 6/10, xent loss = 18.2119, l2 loss = 26.7915 (max 14.95), (true 70, predicted [892])
attack: step 7/10, xent loss = 14.4706, l2 loss = 27.3789 (max 14.95), (true 70, predicted [892])
attack: step 8/10, xent loss = 16.4445, l2 loss = 28.136 (max 14.95), (true 70, predicted [892])
attack: step 9/10, xent loss = 19.9451, l2 loss = 29.3853 (max 14.95), (true 70, predicted [892])
attack: step 10/10, xent loss = 18.4213, l2 loss = 29.9774 (max 14.95), (true 70, predicted [892])
check failed
true = 70, adv = 892
evaluating 133 of [130, 140)
attack: step 1/10, xent loss = 10.7262, l2 loss = 14.8125 (max 14.95), (true 813, predicted [879])
attack: step 2/10, xent loss = 9.857, l2 loss = 15.5378 (max 14.95), (true 813, predicted [879])
attack: step 3/10, xent loss = 9.6489, l2 loss = 16.277 (max 14.95), (true 813, predicted [879])
attack: step 4/10, xent loss = 11.7285, l2 loss = 16.8344 (max 14.95), (true 813, predicted [614])
attack: step 5/10, xent loss = 9.71213, l2 loss = 17.4045 (max 14.95), (true 813, predicted [614])
attack: step 6/10, xent loss = 10.492, l2 loss = 17.9125 (max 14.95), (true 813, predicted [478])
attack: step 7/10, xent loss = 10.5076, l2 loss = 18.5137 (max 14.95), (true 813, predicted [879])
attack: step 8/10, xent loss = 10.216, l2 loss = 18.9447 (max 14.95), (true 813, predicted [879])
attack: step 9/10, xent loss = 11.4455, l2 loss = 19.3899 (max 14.95), (true 813, predicted [879])
attack: step 10/10, xent loss = 11.4871, l2 loss = 20.3654 (max 14.95), (true 813, predicted [614])
check failed
true = 813, adv = 879
evaluating 134 of [130, 140)
attack: step 1/10, xent loss = 3.2135, l2 loss = 14.1245 (max 14.95), (true 834, predicted [608])
attack: step 2/10, xent loss = 6.36981, l2 loss = 14.6936 (max 14.95), (true 834, predicted [520])
attack: step 3/10, xent loss = 5.26711, l2 loss = 15.809 (max 14.95), (true 834, predicted [520])
attack: step 4/10, xent loss = 5.14724, l2 loss = 16.6335 (max 14.95), (true 834, predicted [520])
attack: step 5/10, xent loss = 4.8626, l2 loss = 18.0797 (max 14.95), (true 834, predicted [520])
attack: step 6/10, xent loss = 4.71843, l2 loss = 18.7492 (max 14.95), (true 834, predicted [520])
attack: step 7/10, xent loss = 5.22268, l2 loss = 19.3288 (max 14.95), (true 834, predicted [520])
attack: step 8/10, xent loss = 3.30094, l2 loss = 19.9927 (max 14.95), (true 834, predicted [520])
attack: step 9/10, xent loss = 7.69457, l2 loss = 20.7093 (max 14.95), (true 834, predicted [520])
attack: step 10/10, xent loss = 3.69352, l2 loss = 21.6187 (max 14.95), (true 834, predicted [520])
check failed
true = 834, adv = 520
evaluating 135 of [130, 140)
attack: step 1/10, xent loss = 12.8039, l2 loss = 27.4399 (max 14.95), (true 420, predicted [728])
attack: step 2/10, xent loss = 14.3654, l2 loss = 28.7551 (max 14.95), (true 420, predicted [728])
attack: step 3/10, xent loss = 19.6875, l2 loss = 30.5159 (max 14.95), (true 420, predicted [728])
attack: step 4/10, xent loss = 16.4694, l2 loss = 31.9474 (max 14.95), (true 420, predicted [728])
attack: step 5/10, xent loss = 15.1384, l2 loss = 33.2985 (max 14.95), (true 420, predicted [728])
attack: step 6/10, xent loss = 19.0628, l2 loss = 34.5289 (max 14.95), (true 420, predicted [728])
attack: step 7/10, xent loss = 16.5231, l2 loss = 35.8344 (max 14.95), (true 420, predicted [728])
attack: step 8/10, xent loss = 18.3529, l2 loss = 37.0752 (max 14.95), (true 420, predicted [728])
attack: step 9/10, xent loss = 20.8276, l2 loss = 38.2046 (max 14.95), (true 420, predicted [728])
attack: step 10/10, xent loss = 20.4042, l2 loss = 39.2277 (max 14.95), (true 420, predicted [728])
check failed
true = 420, adv = 728
evaluating 136 of [130, 140)
attack: step 1/10, xent loss = 7.79743, l2 loss = 10.5686 (max 14.95), (true 974, predicted [728])
attack: step 2/10, xent loss = 8.13515, l2 loss = 10.6992 (max 14.95), (true 974, predicted [728])
attack: step 3/10, xent loss = 7.95195, l2 loss = 10.9662 (max 14.95), (true 974, predicted [669])
attack: step 4/10, xent loss = 7.89288, l2 loss = 11.1438 (max 14.95), (true 974, predicted [669])
attack: step 5/10, xent loss = 7.74835, l2 loss = 11.3002 (max 14.95), (true 974, predicted [669])
attack: step 6/10, xent loss = 7.91142, l2 loss = 11.5329 (max 14.95), (true 974, predicted [728])
attack: step 7/10, xent loss = 8.0913, l2 loss = 11.6385 (max 14.95), (true 974, predicted [669])
attack: step 8/10, xent loss = 7.98246, l2 loss = 11.7686 (max 14.95), (true 974, predicted [669])
attack: step 9/10, xent loss = 8.16243, l2 loss = 12.0117 (max 14.95), (true 974, predicted [669])
attack: step 10/10, xent loss = 8.37031, l2 loss = 12.1279 (max 14.95), (true 974, predicted [728])
true = 974, adv = 669
evaluating 137 of [130, 140)
attack: step 1/10, xent loss = 5.9834, l2 loss = 10.9191 (max 14.95), (true 479, predicted [751])
attack: step 2/10, xent loss = 5.51472, l2 loss = 11.6496 (max 14.95), (true 479, predicted [751])
attack: step 3/10, xent loss = 5.1422, l2 loss = 12.4261 (max 14.95), (true 479, predicted [751])
attack: step 4/10, xent loss = 5.26015, l2 loss = 13.0272 (max 14.95), (true 479, predicted [751])
attack: step 5/10, xent loss = 5.37722, l2 loss = 13.5327 (max 14.95), (true 479, predicted [751])
attack: step 6/10, xent loss = 6.43683, l2 loss = 14.0732 (max 14.95), (true 479, predicted [751])
attack: step 7/10, xent loss = 5.99171, l2 loss = 14.6189 (max 14.95), (true 479, predicted [751])
attack: step 8/10, xent loss = 5.87466, l2 loss = 15.1589 (max 14.95), (true 479, predicted [751])
attack: step 9/10, xent loss = 5.4648, l2 loss = 15.5335 (max 14.95), (true 479, predicted [751])
attack: step 10/10, xent loss = 9.09558, l2 loss = 16.2025 (max 14.95), (true 479, predicted [830])
check failed
true = 479, adv = 751
evaluating 138 of [130, 140)
attack: step 1/10, xent loss = 0.0972135, l2 loss = 7.85712 (max 14.95), (true 822, predicted [822])
attack: step 2/10, xent loss = 0.271662, l2 loss = 7.92154 (max 14.95), (true 822, predicted [822])
attack: step 3/10, xent loss = 0.0889018, l2 loss = 8.43781 (max 14.95), (true 822, predicted [822])
attack: step 4/10, xent loss = 0.00866782, l2 loss = 8.48366 (max 14.95), (true 822, predicted [822])
attack: step 5/10, xent loss = 0.018443, l2 loss = 8.48389 (max 14.95), (true 822, predicted [822])
attack: step 6/10, xent loss = 0.0595937, l2 loss = 8.48625 (max 14.95), (true 822, predicted [822])
attack: step 7/10, xent loss = 1.45796, l2 loss = 8.5036 (max 14.95), (true 822, predicted [830])
attack: step 8/10, xent loss = 0.16085, l2 loss = 13.1797 (max 14.95), (true 822, predicted [822])
attack: step 9/10, xent loss = 1.32255, l2 loss = 13.2683 (max 14.95), (true 822, predicted [830])
attack: step 10/10, xent loss = 0.665332, l2 loss = 15.0224 (max 14.95), (true 822, predicted [822])
check failed
true = 822, adv = 830
evaluating 139 of [130, 140)
attack: step 1/10, xent loss = 13.1126, l2 loss = 20.5475 (max 14.95), (true 242, predicted [728])
attack: step 2/10, xent loss = 17.6519, l2 loss = 21.6139 (max 14.95), (true 242, predicted [728])
attack: step 3/10, xent loss = 15.4104, l2 loss = 22.8414 (max 14.95), (true 242, predicted [728])
attack: step 4/10, xent loss = 17.0777, l2 loss = 23.9632 (max 14.95), (true 242, predicted [728])
attack: step 5/10, xent loss = 16.4092, l2 loss = 24.9725 (max 14.95), (true 242, predicted [728])
attack: step 6/10, xent loss = 15.505, l2 loss = 25.963 (max 14.95), (true 242, predicted [728])
attack: step 7/10, xent loss = 18.0069, l2 loss = 26.8202 (max 14.95), (true 242, predicted [728])
attack: step 8/10, xent loss = 16.0987, l2 loss = 27.9703 (max 14.95), (true 242, predicted [728])
attack: step 9/10, xent loss = 17.5867, l2 loss = 28.7316 (max 14.95), (true 242, predicted [728])
attack: step 10/10, xent loss = 16.2481, l2 loss = 29.6303 (max 14.95), (true 242, predicted [728])
check failed
true = 242, adv = 728
