2019-11-03 23:38:45.125327: I tensorflow/core/platform/cpu_feature_guard.cc:141] Your CPU supports instructions that this TensorFlow binary was not compiled to use: SSE4.1 SSE4.2 AVX AVX2 FMA
2019-11-03 23:38:46.863572: I tensorflow/core/platform/profile_utils/cpu_utils.cc:94] CPU Frequency: 2599755000 Hz
2019-11-03 23:38:46.915605: I tensorflow/compiler/xla/service/service.cc:150] XLA service 0x55555902f870 executing computations on platform Host. Devices:
2019-11-03 23:38:46.915705: I tensorflow/compiler/xla/service/service.cc:158]   StreamExecutor device (0): <undefined>, <undefined>
2019-11-03 23:38:46.916036: I tensorflow/core/common_runtime/process_util.cc:71] Creating new thread pool with default inter op setting: 2. Tune using inter_op_parallelism_threads for best performance.
evaluating 620 of [620, 630)
attack: step 1/1, xent loss = 5.00528, l2 loss = 34.9607 (max 14.95), (true 681, predicted [593])
check failed
true = 681, adv = 728
evaluating 621 of [620, 630)
attack: step 1/1, xent loss = 2.38718, l2 loss = 21.839 (max 14.95), (true 960, predicted [923])
check failed
true = 960, adv = 923
evaluating 622 of [620, 630)
attack: step 1/1, xent loss = 6.16431, l2 loss = 25.8995 (max 14.95), (true 760, predicted [708])
check failed
true = 760, adv = 794
evaluating 623 of [620, 630)
attack: step 1/1, xent loss = 2.97996, l2 loss = 23.4791 (max 14.95), (true 866, predicted [595])
check failed
true = 866, adv = 802
evaluating 624 of [620, 630)
attack: step 1/1, xent loss = 6.60824, l2 loss = 50.4179 (max 14.95), (true 977, predicted [662])
check failed
true = 977, adv = 692
evaluating 625 of [620, 630)
attack: step 1/1, xent loss = 6.92657, l2 loss = 17.9543 (max 14.95), (true 844, predicted [794])
check failed
true = 844, adv = 794
evaluating 626 of [620, 630)
attack: step 1/1, xent loss = 5.51501, l2 loss = 39.8174 (max 14.95), (true 435, predicted [904])
check failed
true = 435, adv = 728
evaluating 627 of [620, 630)
attack: step 1/1, xent loss = 0.0343088, l2 loss = 38.5822 (max 14.95), (true 239, predicted [239])
check failed
true = 239, adv = 552
evaluating 628 of [620, 630)
attack: step 1/1, xent loss = 7.43575, l2 loss = 27.3818 (max 14.95), (true 605, predicted [677])
check failed
true = 605, adv = 731
evaluating 629 of [620, 630)
attack: step 1/1, xent loss = 3.33789, l2 loss = 32.8268 (max 14.95), (true 196, predicted [192])
check failed
true = 196, adv = 728
