2019-06-06 00:07:13.921038: I tensorflow/core/platform/cpu_feature_guard.cc:141] Your CPU supports instructions that this TensorFlow binary was not compiled to use: SSE4.1 SSE4.2 AVX AVX2 FMA
2019-06-06 00:07:14.494269: I tensorflow/core/platform/profile_utils/cpu_utils.cc:94] CPU Frequency: 2600030000 Hz
2019-06-06 00:07:14.501760: I tensorflow/compiler/xla/service/service.cc:150] XLA service 0x2aaae6ac05f0 executing computations on platform Host. Devices:
2019-06-06 00:07:14.501808: I tensorflow/compiler/xla/service/service.cc:158]   StreamExecutor device (0): <undefined>, <undefined>
2019-06-06 00:07:14.504452: I tensorflow/core/common_runtime/process_util.cc:71] Creating new thread pool with default inter op setting: 2. Tune using inter_op_parallelism_threads for best performance.
evaluating 470 of [470, 480)
attack: step 1/10, xent loss = 11.4708, l2 loss = 0 (max 14.95), (true 27, predicted [793])
attack: step 2/10, xent loss = 16.7869, l2 loss = 9.33123 (max 14.95), (true 27, predicted [793])
attack: step 3/10, xent loss = 12.2201, l2 loss = 19.3564 (max 14.95), (true 27, predicted [793])
attack: step 4/10, xent loss = 15.9402, l2 loss = 21.0734 (max 14.95), (true 27, predicted [793])
attack: step 5/10, xent loss = 17.9363, l2 loss = 25.7862 (max 14.95), (true 27, predicted [793])
attack: step 6/10, xent loss = 18.234, l2 loss = 27.6658 (max 14.95), (true 27, predicted [793])
attack: step 7/10, xent loss = 16.8555, l2 loss = 30.1269 (max 14.95), (true 27, predicted [793])
attack: step 8/10, xent loss = 21.0817, l2 loss = 33.1702 (max 14.95), (true 27, predicted [793])
attack: step 9/10, xent loss = 18.5787, l2 loss = 35.6865 (max 14.95), (true 27, predicted [793])
attack: step 10/10, xent loss = 20.306, l2 loss = 36.7882 (max 14.95), (true 27, predicted [793])
check failed
true = 27, adv = 793
evaluating 471 of [470, 480)
attack: step 1/10, xent loss = 5.45668, l2 loss = 0 (max 14.95), (true 490, predicted [619])
attack: step 2/10, xent loss = 6.76469, l2 loss = 4.64093 (max 14.95), (true 490, predicted [619])
attack: step 3/10, xent loss = 6.53393, l2 loss = 7.15043 (max 14.95), (true 490, predicted [478])
attack: step 4/10, xent loss = 6.47828, l2 loss = 8.54505 (max 14.95), (true 490, predicted [619])
attack: step 5/10, xent loss = 4.67214, l2 loss = 9.07136 (max 14.95), (true 490, predicted [619])
attack: step 6/10, xent loss = 6.2856, l2 loss = 10.1541 (max 14.95), (true 490, predicted [478])
attack: step 7/10, xent loss = 7.01691, l2 loss = 10.9475 (max 14.95), (true 490, predicted [619])
attack: step 8/10, xent loss = 5.93622, l2 loss = 12.7648 (max 14.95), (true 490, predicted [619])
attack: step 9/10, xent loss = 5.50828, l2 loss = 13.2118 (max 14.95), (true 490, predicted [619])
attack: step 10/10, xent loss = 6.56414, l2 loss = 13.9993 (max 14.95), (true 490, predicted [619])
check failed
true = 490, adv = 619
evaluating 472 of [470, 480)
attack: step 1/10, xent loss = 12.2032, l2 loss = 0 (max 14.95), (true 282, predicted [728])
attack: step 2/10, xent loss = 12.0875, l2 loss = 9.01015 (max 14.95), (true 282, predicted [728])
attack: step 3/10, xent loss = 11.495, l2 loss = 11.295 (max 14.95), (true 282, predicted [728])
attack: step 4/10, xent loss = 11.9571, l2 loss = 13.9608 (max 14.95), (true 282, predicted [728])
attack: step 5/10, xent loss = 13.5584, l2 loss = 16.0424 (max 14.95), (true 282, predicted [728])
attack: step 6/10, xent loss = 14.2159, l2 loss = 18.3237 (max 14.95), (true 282, predicted [728])
attack: step 7/10, xent loss = 14.7126, l2 loss = 19.8432 (max 14.95), (true 282, predicted [728])
attack: step 8/10, xent loss = 15.4073, l2 loss = 21.5467 (max 14.95), (true 282, predicted [728])
attack: step 9/10, xent loss = 14.3593, l2 loss = 23.1938 (max 14.95), (true 282, predicted [728])
attack: step 10/10, xent loss = 16.2368, l2 loss = 24.4457 (max 14.95), (true 282, predicted [728])
check failed
true = 282, adv = 728
evaluating 473 of [470, 480)
attack: step 1/10, xent loss = 0.262521, l2 loss = 0 (max 14.95), (true 176, predicted [176])
attack: step 2/10, xent loss = 0.469886, l2 loss = 1.28007 (max 14.95), (true 176, predicted [176])
attack: step 3/10, xent loss = 0.841866, l2 loss = 2.34956 (max 14.95), (true 176, predicted [176])
attack: step 4/10, xent loss = 0.073835, l2 loss = 3.47499 (max 14.95), (true 176, predicted [176])
attack: step 5/10, xent loss = 0.31754, l2 loss = 3.48961 (max 14.95), (true 176, predicted [176])
attack: step 6/10, xent loss = 1.3871, l2 loss = 3.82768 (max 14.95), (true 176, predicted [173])
attack: step 7/10, xent loss = 1.25014, l2 loss = 5.33411 (max 14.95), (true 176, predicted [172])
attack: step 8/10, xent loss = 1.00761, l2 loss = 6.06016 (max 14.95), (true 176, predicted [176])
attack: step 9/10, xent loss = 1.73938, l2 loss = 6.62317 (max 14.95), (true 176, predicted [172])
attack: step 10/10, xent loss = 0.454539, l2 loss = 7.74025 (max 14.95), (true 176, predicted [176])
true = 176, adv = 176
evaluating 474 of [470, 480)
attack: step 1/10, xent loss = 7.47455, l2 loss = 0 (max 14.95), (true 937, predicted [716])
attack: step 2/10, xent loss = 6.65831, l2 loss = 2.37719 (max 14.95), (true 937, predicted [728])
attack: step 3/10, xent loss = 6.44319, l2 loss = 4.11387 (max 14.95), (true 937, predicted [716])
attack: step 4/10, xent loss = 6.84292, l2 loss = 4.92497 (max 14.95), (true 937, predicted [692])
attack: step 5/10, xent loss = 7.46904, l2 loss = 5.71058 (max 14.95), (true 937, predicted [644])
attack: step 6/10, xent loss = 6.59264, l2 loss = 6.58262 (max 14.95), (true 937, predicted [728])
attack: step 7/10, xent loss = 7.67881, l2 loss = 6.9308 (max 14.95), (true 937, predicted [723])
attack: step 8/10, xent loss = 7.21646, l2 loss = 7.44768 (max 14.95), (true 937, predicted [692])
attack: step 9/10, xent loss = 8.16306, l2 loss = 7.99554 (max 14.95), (true 937, predicted [692])
attack: step 10/10, xent loss = 7.33717, l2 loss = 8.48711 (max 14.95), (true 937, predicted [716])
true = 937, adv = 716
evaluating 475 of [470, 480)
attack: step 1/10, xent loss = 10.4205, l2 loss = 0 (max 14.95), (true 556, predicted [905])
attack: step 2/10, xent loss = 10.9508, l2 loss = 3.51164 (max 14.95), (true 556, predicted [905])
attack: step 3/10, xent loss = 11.3431, l2 loss = 5.19391 (max 14.95), (true 556, predicted [905])
attack: step 4/10, xent loss = 11.6845, l2 loss = 6.5525 (max 14.95), (true 556, predicted [905])
attack: step 5/10, xent loss = 11.5581, l2 loss = 7.56985 (max 14.95), (true 556, predicted [905])
attack: step 6/10, xent loss = 11.5428, l2 loss = 8.57432 (max 14.95), (true 556, predicted [905])
attack: step 7/10, xent loss = 12.124, l2 loss = 9.65025 (max 14.95), (true 556, predicted [905])
attack: step 8/10, xent loss = 11.3617, l2 loss = 10.5381 (max 14.95), (true 556, predicted [905])
attack: step 9/10, xent loss = 12.5229, l2 loss = 11.182 (max 14.95), (true 556, predicted [905])
attack: step 10/10, xent loss = 12.8909, l2 loss = 12.0591 (max 14.95), (true 556, predicted [905])
true = 556, adv = 905
evaluating 476 of [470, 480)
attack: step 1/10, xent loss = 9.86597, l2 loss = 0 (max 14.95), (true 55, predicted [728])
attack: step 2/10, xent loss = 10.1884, l2 loss = 7.30202 (max 14.95), (true 55, predicted [728])
attack: step 3/10, xent loss = 11.9194, l2 loss = 10.5799 (max 14.95), (true 55, predicted [728])
attack: step 4/10, xent loss = 12.6142, l2 loss = 14.0529 (max 14.95), (true 55, predicted [728])
attack: step 5/10, xent loss = 13.9307, l2 loss = 17.4032 (max 14.95), (true 55, predicted [728])
attack: step 6/10, xent loss = 13.8529, l2 loss = 18.612 (max 14.95), (true 55, predicted [728])
attack: step 7/10, xent loss = 15.1667, l2 loss = 20.1669 (max 14.95), (true 55, predicted [728])
attack: step 8/10, xent loss = 17.3229, l2 loss = 21.5801 (max 14.95), (true 55, predicted [728])
attack: step 9/10, xent loss = 15.2692, l2 loss = 22.7909 (max 14.95), (true 55, predicted [728])
attack: step 10/10, xent loss = 16.0072, l2 loss = 23.9908 (max 14.95), (true 55, predicted [728])
check failed
true = 55, adv = 728
evaluating 477 of [470, 480)
attack: step 1/10, xent loss = 6.51325, l2 loss = 0 (max 14.95), (true 556, predicted [478])
attack: step 2/10, xent loss = 7.54076, l2 loss = 2.85365 (max 14.95), (true 556, predicted [478])
attack: step 3/10, xent loss = 6.83975, l2 loss = 4.54774 (max 14.95), (true 556, predicted [478])
attack: step 4/10, xent loss = 6.84559, l2 loss = 5.41306 (max 14.95), (true 556, predicted [478])
attack: step 5/10, xent loss = 6.92022, l2 loss = 6.10565 (max 14.95), (true 556, predicted [478])
attack: step 6/10, xent loss = 6.99439, l2 loss = 6.68999 (max 14.95), (true 556, predicted [723])
attack: step 7/10, xent loss = 6.99416, l2 loss = 7.14268 (max 14.95), (true 556, predicted [478])
attack: step 8/10, xent loss = 7.94326, l2 loss = 7.39102 (max 14.95), (true 556, predicted [478])
attack: step 9/10, xent loss = 7.13804, l2 loss = 8.43579 (max 14.95), (true 556, predicted [478])
attack: step 10/10, xent loss = 7.19297, l2 loss = 9.03183 (max 14.95), (true 556, predicted [667])
true = 556, adv = 723
evaluating 478 of [470, 480)
attack: step 1/10, xent loss = 9.45759, l2 loss = 0 (max 14.95), (true 106, predicted [728])
attack: step 2/10, xent loss = 8.79862, l2 loss = 5.70327 (max 14.95), (true 106, predicted [728])
attack: step 3/10, xent loss = 10.0381, l2 loss = 7.91259 (max 14.95), (true 106, predicted [728])
attack: step 4/10, xent loss = 9.44258, l2 loss = 9.81141 (max 14.95), (true 106, predicted [728])
attack: step 5/10, xent loss = 11.0124, l2 loss = 11.2719 (max 14.95), (true 106, predicted [728])
attack: step 6/10, xent loss = 12.8824, l2 loss = 13.1217 (max 14.95), (true 106, predicted [728])
attack: step 7/10, xent loss = 11.0945, l2 loss = 15.6781 (max 14.95), (true 106, predicted [728])
attack: step 8/10, xent loss = 12.5804, l2 loss = 17.9643 (max 14.95), (true 106, predicted [728])
attack: step 9/10, xent loss = 14.0309, l2 loss = 19.2239 (max 14.95), (true 106, predicted [728])
attack: step 10/10, xent loss = 15.8413, l2 loss = 20.5265 (max 14.95), (true 106, predicted [728])
check failed
true = 106, adv = 728
evaluating 479 of [470, 480)
attack: step 1/10, xent loss = 9.39892, l2 loss = 0 (max 14.95), (true 282, predicted [478])
attack: step 2/10, xent loss = 8.93274, l2 loss = 3.63851 (max 14.95), (true 282, predicted [728])
attack: step 3/10, xent loss = 9.26889, l2 loss = 4.61483 (max 14.95), (true 282, predicted [619])
attack: step 4/10, xent loss = 8.56753, l2 loss = 5.61241 (max 14.95), (true 282, predicted [478])
attack: step 5/10, xent loss = 9.09432, l2 loss = 7.09396 (max 14.95), (true 282, predicted [478])
attack: step 6/10, xent loss = 9.73939, l2 loss = 7.78934 (max 14.95), (true 282, predicted [478])
attack: step 7/10, xent loss = 9.50742, l2 loss = 8.5324 (max 14.95), (true 282, predicted [478])
attack: step 8/10, xent loss = 10.3748, l2 loss = 9.95903 (max 14.95), (true 282, predicted [478])
attack: step 9/10, xent loss = 8.93603, l2 loss = 10.4768 (max 14.95), (true 282, predicted [728])
attack: step 10/10, xent loss = 9.44273, l2 loss = 10.9667 (max 14.95), (true 282, predicted [478])
true = 282, adv = 728
