2019-05-27 13:33:33.087786: I tensorflow/core/platform/cpu_feature_guard.cc:141] Your CPU supports instructions that this TensorFlow binary was not compiled to use: SSE4.1 SSE4.2 AVX AVX2 FMA
2019-05-27 13:33:33.770073: I tensorflow/core/platform/profile_utils/cpu_utils.cc:94] CPU Frequency: 2600030000 Hz
2019-05-27 13:33:33.775793: I tensorflow/compiler/xla/service/service.cc:150] XLA service 0x2aaae6abfff0 executing computations on platform Host. Devices:
2019-05-27 13:33:33.775834: I tensorflow/compiler/xla/service/service.cc:158]   StreamExecutor device (0): <undefined>, <undefined>
2019-05-27 13:33:33.776489: I tensorflow/core/common_runtime/process_util.cc:71] Creating new thread pool with default inter op setting: 2. Tune using inter_op_parallelism_threads for best performance.
evaluating 740 of [740, 750)
attack: step 1/10, xent loss = 0.0396319, l2 loss = 0 (max 14.95), (true 927, predicted [927])
attack: step 2/10, xent loss = 0.0604442, l2 loss = 0.0519206 (max 14.95), (true 927, predicted [927])
attack: step 3/10, xent loss = 0.0798958, l2 loss = 0.0895784 (max 14.95), (true 927, predicted [927])
attack: step 4/10, xent loss = 0.0758299, l2 loss = 0.135953 (max 14.95), (true 927, predicted [927])
attack: step 5/10, xent loss = 0.0556056, l2 loss = 0.162565 (max 14.95), (true 927, predicted [927])
attack: step 6/10, xent loss = 0.0718043, l2 loss = 0.179273 (max 14.95), (true 927, predicted [927])
attack: step 7/10, xent loss = 0.0579821, l2 loss = 0.205477 (max 14.95), (true 927, predicted [927])
attack: step 8/10, xent loss = 0.0653245, l2 loss = 0.219187 (max 14.95), (true 927, predicted [927])
attack: step 9/10, xent loss = 0.0555986, l2 loss = 0.235907 (max 14.95), (true 927, predicted [927])
attack: step 10/10, xent loss = 0.0505445, l2 loss = 0.248412 (max 14.95), (true 927, predicted [927])
true = 927, adv = 927
evaluating 741 of [740, 750)
attack: step 1/10, xent loss = 2.52524, l2 loss = 0 (max 14.95), (true 523, predicted [728])
attack: step 2/10, xent loss = 9.61983, l2 loss = 5.57873 (max 14.95), (true 523, predicted [728])
attack: step 3/10, xent loss = 11.6564, l2 loss = 10.0626 (max 14.95), (true 523, predicted [728])
attack: step 4/10, xent loss = 15.2503, l2 loss = 12.7819 (max 14.95), (true 523, predicted [728])
attack: step 5/10, xent loss = 16.0205, l2 loss = 15.4578 (max 14.95), (true 523, predicted [728])
attack: step 6/10, xent loss = 20.8244, l2 loss = 18.4556 (max 14.95), (true 523, predicted [728])
attack: step 7/10, xent loss = 20.4811, l2 loss = 20.9472 (max 14.95), (true 523, predicted [728])
attack: step 8/10, xent loss = 21.51, l2 loss = 22.9401 (max 14.95), (true 523, predicted [728])
attack: step 9/10, xent loss = 26.2759, l2 loss = 24.7892 (max 14.95), (true 523, predicted [728])
attack: step 10/10, xent loss = 25.2575, l2 loss = 26.4452 (max 14.95), (true 523, predicted [728])
check failed
true = 523, adv = 728
evaluating 742 of [740, 750)
attack: step 1/10, xent loss = 1.94015, l2 loss = 0 (max 14.95), (true 305, predicted [304])
attack: step 2/10, xent loss = 3.02722, l2 loss = 2.65304 (max 14.95), (true 305, predicted [304])
attack: step 3/10, xent loss = 3.9663, l2 loss = 3.76465 (max 14.95), (true 305, predicted [304])
attack: step 4/10, xent loss = 3.74184, l2 loss = 4.42564 (max 14.95), (true 305, predicted [304])
attack: step 5/10, xent loss = 4.65609, l2 loss = 5.17197 (max 14.95), (true 305, predicted [304])
attack: step 6/10, xent loss = 4.32539, l2 loss = 5.80797 (max 14.95), (true 305, predicted [304])
attack: step 7/10, xent loss = 5.50766, l2 loss = 6.54104 (max 14.95), (true 305, predicted [304])
attack: step 8/10, xent loss = 5.56575, l2 loss = 7.11003 (max 14.95), (true 305, predicted [304])
attack: step 9/10, xent loss = 5.92086, l2 loss = 7.59522 (max 14.95), (true 305, predicted [304])
attack: step 10/10, xent loss = 6.60046, l2 loss = 8.18739 (max 14.95), (true 305, predicted [304])
true = 305, adv = 304
evaluating 743 of [740, 750)
attack: step 1/10, xent loss = 5.30516, l2 loss = 0 (max 14.95), (true 527, predicted [526])
attack: step 2/10, xent loss = 6.10577, l2 loss = 2.74779 (max 14.95), (true 527, predicted [526])
attack: step 3/10, xent loss = 6.99779, l2 loss = 3.98326 (max 14.95), (true 527, predicted [526])
attack: step 4/10, xent loss = 6.77621, l2 loss = 5.12952 (max 14.95), (true 527, predicted [526])
attack: step 5/10, xent loss = 6.6375, l2 loss = 6.10535 (max 14.95), (true 527, predicted [526])
attack: step 6/10, xent loss = 6.5866, l2 loss = 6.5133 (max 14.95), (true 527, predicted [526])
attack: step 7/10, xent loss = 7.33593, l2 loss = 7.06446 (max 14.95), (true 527, predicted [526])
attack: step 8/10, xent loss = 7.37042, l2 loss = 7.93944 (max 14.95), (true 527, predicted [526])
attack: step 9/10, xent loss = 8.14035, l2 loss = 8.69556 (max 14.95), (true 527, predicted [526])
attack: step 10/10, xent loss = 8.51343, l2 loss = 9.23992 (max 14.95), (true 527, predicted [526])
true = 527, adv = 526
evaluating 744 of [740, 750)
attack: step 1/10, xent loss = 3.40723, l2 loss = 0 (max 14.95), (true 52, predicted [390])
attack: step 2/10, xent loss = 4.21574, l2 loss = 3.35316 (max 14.95), (true 52, predicted [390])
attack: step 3/10, xent loss = 6.06663, l2 loss = 5.47441 (max 14.95), (true 52, predicted [390])
attack: step 4/10, xent loss = 7.15992, l2 loss = 7.08398 (max 14.95), (true 52, predicted [390])
attack: step 5/10, xent loss = 7.98543, l2 loss = 7.92177 (max 14.95), (true 52, predicted [390])
attack: step 6/10, xent loss = 9.07541, l2 loss = 9.12319 (max 14.95), (true 52, predicted [390])
attack: step 7/10, xent loss = 9.153, l2 loss = 9.78665 (max 14.95), (true 52, predicted [390])
attack: step 8/10, xent loss = 9.37226, l2 loss = 10.3757 (max 14.95), (true 52, predicted [390])
attack: step 9/10, xent loss = 11.8702, l2 loss = 11.1472 (max 14.95), (true 52, predicted [390])
attack: step 10/10, xent loss = 10.9653, l2 loss = 11.8071 (max 14.95), (true 52, predicted [390])
true = 52, adv = 390
evaluating 745 of [740, 750)
attack: step 1/10, xent loss = 1.70965, l2 loss = 0 (max 14.95), (true 929, predicted [936])
attack: step 2/10, xent loss = 11.022, l2 loss = 14.8325 (max 14.95), (true 929, predicted [728])
attack: step 3/10, xent loss = 12.4388, l2 loss = 15.8817 (max 14.95), (true 929, predicted [936])
attack: step 4/10, xent loss = 15.4887, l2 loss = 16.929 (max 14.95), (true 929, predicted [936])
attack: step 5/10, xent loss = 17.6142, l2 loss = 18.3653 (max 14.95), (true 929, predicted [936])
attack: step 6/10, xent loss = 18.8861, l2 loss = 19.4762 (max 14.95), (true 929, predicted [936])
attack: step 7/10, xent loss = 21.5746, l2 loss = 20.9578 (max 14.95), (true 929, predicted [936])
attack: step 8/10, xent loss = 21.6648, l2 loss = 22.0831 (max 14.95), (true 929, predicted [936])
attack: step 9/10, xent loss = 19.5008, l2 loss = 25.7024 (max 14.95), (true 929, predicted [936])
attack: step 10/10, xent loss = 16.6318, l2 loss = 26.6085 (max 14.95), (true 929, predicted [936])
check failed
true = 929, adv = 936
evaluating 746 of [740, 750)
attack: step 1/10, xent loss = 6.1163, l2 loss = 0 (max 14.95), (true 6, predicted [2])
attack: step 2/10, xent loss = 9.50297, l2 loss = 4.87439 (max 14.95), (true 6, predicted [2])
attack: step 3/10, xent loss = 11.2091, l2 loss = 8.61688 (max 14.95), (true 6, predicted [2])
attack: step 4/10, xent loss = 13.5304, l2 loss = 10.1025 (max 14.95), (true 6, predicted [2])
attack: step 5/10, xent loss = 13.7436, l2 loss = 11.7556 (max 14.95), (true 6, predicted [2])
attack: step 6/10, xent loss = 15.7503, l2 loss = 13.3382 (max 14.95), (true 6, predicted [2])
attack: step 7/10, xent loss = 18.3264, l2 loss = 14.7967 (max 14.95), (true 6, predicted [2])
attack: step 8/10, xent loss = 18.2538, l2 loss = 15.8419 (max 14.95), (true 6, predicted [2])
attack: step 9/10, xent loss = 19.195, l2 loss = 17.2886 (max 14.95), (true 6, predicted [2])
attack: step 10/10, xent loss = 19.5087, l2 loss = 18.5131 (max 14.95), (true 6, predicted [2])
check failed
true = 6, adv = 2
evaluating 747 of [740, 750)
attack: step 1/10, xent loss = 2.86531, l2 loss = 0 (max 14.95), (true 164, predicted [161])
attack: step 2/10, xent loss = 4.37025, l2 loss = 3.63902 (max 14.95), (true 164, predicted [161])
attack: step 3/10, xent loss = 4.2269, l2 loss = 5.11541 (max 14.95), (true 164, predicted [161])
attack: step 4/10, xent loss = 6.13453, l2 loss = 5.86572 (max 14.95), (true 164, predicted [219])
attack: step 5/10, xent loss = 5.65691, l2 loss = 6.41476 (max 14.95), (true 164, predicted [241])
attack: step 6/10, xent loss = 6.87172, l2 loss = 7.15814 (max 14.95), (true 164, predicted [219])
attack: step 7/10, xent loss = 7.31386, l2 loss = 7.51707 (max 14.95), (true 164, predicted [219])
attack: step 8/10, xent loss = 7.15634, l2 loss = 7.66363 (max 14.95), (true 164, predicted [214])
attack: step 9/10, xent loss = 6.94035, l2 loss = 7.80804 (max 14.95), (true 164, predicted [214])
attack: step 10/10, xent loss = 7.60864, l2 loss = 8.16384 (max 14.95), (true 164, predicted [219])
true = 164, adv = 219
evaluating 748 of [740, 750)
attack: step 1/10, xent loss = 6.16467, l2 loss = 0 (max 14.95), (true 37, predicted [728])
attack: step 2/10, xent loss = 1.43761, l2 loss = 11.8768 (max 14.95), (true 37, predicted [37])
attack: step 3/10, xent loss = 5.70918, l2 loss = 12.5709 (max 14.95), (true 37, predicted [91])
attack: step 4/10, xent loss = 7.78021, l2 loss = 13.1978 (max 14.95), (true 37, predicted [728])
attack: step 5/10, xent loss = 12.1398, l2 loss = 15.281 (max 14.95), (true 37, predicted [728])
attack: step 6/10, xent loss = 10.9261, l2 loss = 17.0028 (max 14.95), (true 37, predicted [728])
attack: step 7/10, xent loss = 12.1469, l2 loss = 17.8968 (max 14.95), (true 37, predicted [728])
attack: step 8/10, xent loss = 10.966, l2 loss = 18.8134 (max 14.95), (true 37, predicted [728])
attack: step 9/10, xent loss = 15.3269, l2 loss = 20.3313 (max 14.95), (true 37, predicted [728])
attack: step 10/10, xent loss = 13.9504, l2 loss = 21.5596 (max 14.95), (true 37, predicted [728])
check failed
true = 37, adv = 728
evaluating 749 of [740, 750)
attack: step 1/10, xent loss = 0.0507553, l2 loss = 0 (max 14.95), (true 985, predicted [985])
attack: step 2/10, xent loss = 0.0423745, l2 loss = 0.0467919 (max 14.95), (true 985, predicted [985])
attack: step 3/10, xent loss = 0.0478019, l2 loss = 0.0614844 (max 14.95), (true 985, predicted [985])
attack: step 4/10, xent loss = 0.0612347, l2 loss = 0.0776029 (max 14.95), (true 985, predicted [985])
attack: step 5/10, xent loss = 0.0533301, l2 loss = 0.096303 (max 14.95), (true 985, predicted [985])
attack: step 6/10, xent loss = 0.0717265, l2 loss = 0.110037 (max 14.95), (true 985, predicted [985])
attack: step 7/10, xent loss = 0.0561669, l2 loss = 0.131888 (max 14.95), (true 985, predicted [985])
attack: step 8/10, xent loss = 0.0653124, l2 loss = 0.141943 (max 14.95), (true 985, predicted [985])
attack: step 9/10, xent loss = 0.0552656, l2 loss = 0.156338 (max 14.95), (true 985, predicted [985])
attack: step 10/10, xent loss = 0.0633465, l2 loss = 0.167898 (max 14.95), (true 985, predicted [985])
true = 985, adv = 985
