2019-11-04 07:18:38.199208: I tensorflow/core/platform/cpu_feature_guard.cc:141] Your CPU supports instructions that this TensorFlow binary was not compiled to use: SSE4.1 SSE4.2 AVX AVX2 FMA
2019-11-04 07:18:38.206384: I tensorflow/core/platform/profile_utils/cpu_utils.cc:94] CPU Frequency: 2599755000 Hz
2019-11-04 07:18:38.206548: I tensorflow/compiler/xla/service/service.cc:150] XLA service 0x555559030eb0 executing computations on platform Host. Devices:
2019-11-04 07:18:38.206646: I tensorflow/compiler/xla/service/service.cc:158]   StreamExecutor device (0): <undefined>, <undefined>
2019-11-04 07:18:38.206942: I tensorflow/core/common_runtime/process_util.cc:71] Creating new thread pool with default inter op setting: 2. Tune using inter_op_parallelism_threads for best performance.
evaluating 350 of [350, 360)
attack: step 1/1, xent loss = 7.66745, l2 loss = 17.0685 (max 14.95), (true 969, predicted [463])
check failed
true = 969, adv = 940
evaluating 351 of [350, 360)
attack: step 1/1, xent loss = 0.0711975, l2 loss = 0.938648 (max 14.95), (true 548, predicted [548])
true = 548, adv = 548
evaluating 352 of [350, 360)
attack: step 1/1, xent loss = 11.8666, l2 loss = 25.6373 (max 14.95), (true 710, predicted [412])
check failed
true = 710, adv = 412
evaluating 353 of [350, 360)
attack: step 1/1, xent loss = 7.66843, l2 loss = 35.4066 (max 14.95), (true 4, predicted [390])
check failed
true = 4, adv = 728
evaluating 354 of [350, 360)
attack: step 1/1, xent loss = 0.452206, l2 loss = 25.4606 (max 14.95), (true 272, predicted [272])
check failed
true = 272, adv = 275
evaluating 355 of [350, 360)
attack: step 1/1, xent loss = 11.3759, l2 loss = 32.4468 (max 14.95), (true 722, predicted [459])
check failed
true = 722, adv = 728
evaluating 356 of [350, 360)
attack: step 1/1, xent loss = 5.33655, l2 loss = 13.6061 (max 14.95), (true 635, predicted [409])
true = 635, adv = 409
evaluating 357 of [350, 360)
attack: step 1/1, xent loss = 0.000816489, l2 loss = 0.127759 (max 14.95), (true 667, predicted [667])
true = 667, adv = 667
evaluating 358 of [350, 360)
attack: step 1/1, xent loss = 11.2805, l2 loss = 47.0516 (max 14.95), (true 786, predicted [999])
check failed
true = 786, adv = 700
evaluating 359 of [350, 360)
attack: step 1/1, xent loss = 0.0416019, l2 loss = 1.55708 (max 14.95), (true 19, predicted [19])
true = 19, adv = 19
