2019-06-30 06:43:36.312223: I tensorflow/core/platform/cpu_feature_guard.cc:141] Your CPU supports instructions that this TensorFlow binary was not compiled to use: SSE4.1 SSE4.2 AVX AVX2 FMA
2019-06-30 06:43:37.704464: I tensorflow/core/platform/profile_utils/cpu_utils.cc:94] CPU Frequency: 2600050000 Hz
2019-06-30 06:43:37.711086: I tensorflow/compiler/xla/service/service.cc:150] XLA service 0x2aaae6e49eb0 executing computations on platform Host. Devices:
2019-06-30 06:43:37.711122: I tensorflow/compiler/xla/service/service.cc:158]   StreamExecutor device (0): <undefined>, <undefined>
2019-06-30 06:43:37.711978: I tensorflow/core/common_runtime/process_util.cc:71] Creating new thread pool with default inter op setting: 2. Tune using inter_op_parallelism_threads for best performance.
evaluating 250 of [250, 260)
attack: step 1/10, xent loss = 12.9607, l2 loss = 32.9164 (max 14.95), (true 441, predicted [728])
attack: step 2/10, xent loss = 19.7978, l2 loss = 33.9854 (max 14.95), (true 441, predicted [728])
attack: step 3/10, xent loss = 20.6189, l2 loss = 35.339 (max 14.95), (true 441, predicted [728])
attack: step 4/10, xent loss = 13.6087, l2 loss = 36.4766 (max 14.95), (true 441, predicted [728])
attack: step 5/10, xent loss = 18.4572, l2 loss = 37.3432 (max 14.95), (true 441, predicted [728])
attack: step 6/10, xent loss = 19.3722, l2 loss = 38.5763 (max 14.95), (true 441, predicted [728])
attack: step 7/10, xent loss = 20.1621, l2 loss = 40.2298 (max 14.95), (true 441, predicted [728])
attack: step 8/10, xent loss = 20.5233, l2 loss = 41.1825 (max 14.95), (true 441, predicted [728])
attack: step 9/10, xent loss = 18.2268, l2 loss = 42.1717 (max 14.95), (true 441, predicted [728])
attack: step 10/10, xent loss = 18.223, l2 loss = 43.1832 (max 14.95), (true 441, predicted [728])
check failed
true = 441, adv = 728
evaluating 251 of [250, 260)
attack: step 1/10, xent loss = 4.62902, l2 loss = 8.8525 (max 14.95), (true 121, predicted [879])
attack: step 2/10, xent loss = 4.97175, l2 loss = 10.2565 (max 14.95), (true 121, predicted [728])
attack: step 3/10, xent loss = 6.00345, l2 loss = 10.6002 (max 14.95), (true 121, predicted [927])
attack: step 4/10, xent loss = 5.29686, l2 loss = 10.9812 (max 14.95), (true 121, predicted [923])
attack: step 5/10, xent loss = 6.83198, l2 loss = 11.2588 (max 14.95), (true 121, predicted [728])
attack: step 6/10, xent loss = 5.45988, l2 loss = 11.617 (max 14.95), (true 121, predicted [923])
attack: step 7/10, xent loss = 6.24059, l2 loss = 11.8739 (max 14.95), (true 121, predicted [728])
attack: step 8/10, xent loss = 5.96872, l2 loss = 12.2939 (max 14.95), (true 121, predicted [923])
attack: step 9/10, xent loss = 5.2014, l2 loss = 12.5492 (max 14.95), (true 121, predicted [728])
attack: step 10/10, xent loss = 5.59188, l2 loss = 12.7948 (max 14.95), (true 121, predicted [728])
true = 121, adv = 728
evaluating 252 of [250, 260)
attack: step 1/10, xent loss = 0.186584, l2 loss = 1.20456 (max 14.95), (true 735, predicted [735])
attack: step 2/10, xent loss = 0.19931, l2 loss = 1.25515 (max 14.95), (true 735, predicted [735])
attack: step 3/10, xent loss = 0.203564, l2 loss = 1.31658 (max 14.95), (true 735, predicted [735])
attack: step 4/10, xent loss = 0.243982, l2 loss = 1.37706 (max 14.95), (true 735, predicted [735])
attack: step 5/10, xent loss = 0.236006, l2 loss = 1.47294 (max 14.95), (true 735, predicted [735])
attack: step 6/10, xent loss = 0.323009, l2 loss = 1.55709 (max 14.95), (true 735, predicted [735])
attack: step 7/10, xent loss = 0.202323, l2 loss = 1.69131 (max 14.95), (true 735, predicted [735])
attack: step 8/10, xent loss = 0.160262, l2 loss = 1.76293 (max 14.95), (true 735, predicted [735])
attack: step 9/10, xent loss = 0.196791, l2 loss = 1.80704 (max 14.95), (true 735, predicted [735])
attack: step 10/10, xent loss = 0.210326, l2 loss = 1.86303 (max 14.95), (true 735, predicted [735])
true = 735, adv = 735
evaluating 253 of [250, 260)
attack: step 1/10, xent loss = 8.32984, l2 loss = 5.23481 (max 14.95), (true 737, predicted [478])
attack: step 2/10, xent loss = 8.53119, l2 loss = 5.54296 (max 14.95), (true 737, predicted [478])
attack: step 3/10, xent loss = 7.64982, l2 loss = 5.85148 (max 14.95), (true 737, predicted [478])
attack: step 4/10, xent loss = 7.86175, l2 loss = 6.17694 (max 14.95), (true 737, predicted [692])
attack: step 5/10, xent loss = 7.42339, l2 loss = 6.36709 (max 14.95), (true 737, predicted [478])
attack: step 6/10, xent loss = 8.32438, l2 loss = 6.53665 (max 14.95), (true 737, predicted [478])
attack: step 7/10, xent loss = 8.16827, l2 loss = 6.71106 (max 14.95), (true 737, predicted [478])
attack: step 8/10, xent loss = 8.0076, l2 loss = 7.13131 (max 14.95), (true 737, predicted [478])
attack: step 9/10, xent loss = 7.85967, l2 loss = 7.38357 (max 14.95), (true 737, predicted [478])
attack: step 10/10, xent loss = 8.24405, l2 loss = 7.6177 (max 14.95), (true 737, predicted [478])
true = 737, adv = 478
evaluating 254 of [250, 260)
attack: step 1/10, xent loss = 10.391, l2 loss = 13.4503 (max 14.95), (true 158, predicted [728])
attack: step 2/10, xent loss = 11.1902, l2 loss = 14.7384 (max 14.95), (true 158, predicted [728])
attack: step 3/10, xent loss = 10.6558, l2 loss = 15.6256 (max 14.95), (true 158, predicted [728])
attack: step 4/10, xent loss = 10.254, l2 loss = 16.1368 (max 14.95), (true 158, predicted [728])
attack: step 5/10, xent loss = 10.095, l2 loss = 16.8412 (max 14.95), (true 158, predicted [728])
attack: step 6/10, xent loss = 10.5526, l2 loss = 17.3816 (max 14.95), (true 158, predicted [793])
attack: step 7/10, xent loss = 11.1626, l2 loss = 17.9103 (max 14.95), (true 158, predicted [728])
attack: step 8/10, xent loss = 11.0017, l2 loss = 18.7958 (max 14.95), (true 158, predicted [728])
attack: step 9/10, xent loss = 11.4762, l2 loss = 19.6121 (max 14.95), (true 158, predicted [728])
attack: step 10/10, xent loss = 10.3954, l2 loss = 20.2145 (max 14.95), (true 158, predicted [728])
check failed
true = 158, adv = 728
evaluating 255 of [250, 260)
attack: step 1/10, xent loss = 7.72891, l2 loss = 7.03578 (max 14.95), (true 155, predicted [728])
attack: step 2/10, xent loss = 8.40476, l2 loss = 7.48993 (max 14.95), (true 155, predicted [728])
attack: step 3/10, xent loss = 7.77498, l2 loss = 8.25554 (max 14.95), (true 155, predicted [728])
attack: step 4/10, xent loss = 7.68549, l2 loss = 8.8551 (max 14.95), (true 155, predicted [728])
attack: step 5/10, xent loss = 7.63234, l2 loss = 9.02649 (max 14.95), (true 155, predicted [728])
attack: step 6/10, xent loss = 8.72968, l2 loss = 9.30027 (max 14.95), (true 155, predicted [728])
attack: step 7/10, xent loss = 9.17624, l2 loss = 9.72532 (max 14.95), (true 155, predicted [728])
attack: step 8/10, xent loss = 8.343, l2 loss = 10.5465 (max 14.95), (true 155, predicted [728])
attack: step 9/10, xent loss = 9.05446, l2 loss = 11.5758 (max 14.95), (true 155, predicted [728])
attack: step 10/10, xent loss = 8.01629, l2 loss = 12.4289 (max 14.95), (true 155, predicted [728])
true = 155, adv = 728
evaluating 256 of [250, 260)
attack: step 1/10, xent loss = 0.00756968, l2 loss = 0.115311 (max 14.95), (true 321, predicted [321])
attack: step 2/10, xent loss = 0.0155751, l2 loss = 0.121222 (max 14.95), (true 321, predicted [321])
attack: step 3/10, xent loss = 0.00909673, l2 loss = 0.129793 (max 14.95), (true 321, predicted [321])
attack: step 4/10, xent loss = 0.0035149, l2 loss = 0.133182 (max 14.95), (true 321, predicted [321])
attack: step 5/10, xent loss = 0.00155031, l2 loss = 0.134372 (max 14.95), (true 321, predicted [321])
attack: step 6/10, xent loss = 0.0170986, l2 loss = 0.135036 (max 14.95), (true 321, predicted [321])
attack: step 7/10, xent loss = 0.0150147, l2 loss = 0.140368 (max 14.95), (true 321, predicted [321])
attack: step 8/10, xent loss = 0.0113139, l2 loss = 0.150866 (max 14.95), (true 321, predicted [321])
attack: step 9/10, xent loss = 0.00595438, l2 loss = 0.159569 (max 14.95), (true 321, predicted [321])
attack: step 10/10, xent loss = 0.00283055, l2 loss = 0.161165 (max 14.95), (true 321, predicted [321])
true = 321, adv = 321
evaluating 257 of [250, 260)
attack: step 1/10, xent loss = 4.19431, l2 loss = 14.9686 (max 14.95), (true 485, predicted [827])
attack: step 2/10, xent loss = 6.97781, l2 loss = 16.4069 (max 14.95), (true 485, predicted [827])
attack: step 3/10, xent loss = 5.72085, l2 loss = 17.8031 (max 14.95), (true 485, predicted [827])
attack: step 4/10, xent loss = 6.18546, l2 loss = 19.2397 (max 14.95), (true 485, predicted [827])
attack: step 5/10, xent loss = 7.12148, l2 loss = 20.3946 (max 14.95), (true 485, predicted [827])
attack: step 6/10, xent loss = 11.9591, l2 loss = 21.652 (max 14.95), (true 485, predicted [827])
attack: step 7/10, xent loss = 11.0948, l2 loss = 22.5769 (max 14.95), (true 485, predicted [827])
attack: step 8/10, xent loss = 8.45821, l2 loss = 23.7131 (max 14.95), (true 485, predicted [827])
attack: step 9/10, xent loss = 10.6428, l2 loss = 24.8309 (max 14.95), (true 485, predicted [827])
attack: step 10/10, xent loss = 14.4114, l2 loss = 25.837 (max 14.95), (true 485, predicted [827])
check failed
true = 485, adv = 827
evaluating 258 of [250, 260)
attack: step 1/10, xent loss = 6.81572, l2 loss = 10.425 (max 14.95), (true 911, predicted [869])
attack: step 2/10, xent loss = 7.07251, l2 loss = 10.9039 (max 14.95), (true 911, predicted [869])
attack: step 3/10, xent loss = 8.10085, l2 loss = 11.3774 (max 14.95), (true 911, predicted [879])
attack: step 4/10, xent loss = 6.95437, l2 loss = 12.0243 (max 14.95), (true 911, predicted [728])
attack: step 5/10, xent loss = 7.23604, l2 loss = 12.4594 (max 14.95), (true 911, predicted [728])
attack: step 6/10, xent loss = 6.77971, l2 loss = 12.9003 (max 14.95), (true 911, predicted [869])
attack: step 7/10, xent loss = 6.51402, l2 loss = 13.3916 (max 14.95), (true 911, predicted [869])
attack: step 8/10, xent loss = 7.91906, l2 loss = 14.0203 (max 14.95), (true 911, predicted [601])
attack: step 9/10, xent loss = 7.09754, l2 loss = 14.5481 (max 14.95), (true 911, predicted [728])
attack: step 10/10, xent loss = 8.03434, l2 loss = 15.1453 (max 14.95), (true 911, predicted [879])
check failed
true = 911, adv = 728
evaluating 259 of [250, 260)
attack: step 1/10, xent loss = 8.4683, l2 loss = 9.73017 (max 14.95), (true 922, predicted [692])
attack: step 2/10, xent loss = 7.4927, l2 loss = 9.99635 (max 14.95), (true 922, predicted [692])
attack: step 3/10, xent loss = 9.3341, l2 loss = 10.4968 (max 14.95), (true 922, predicted [692])
attack: step 4/10, xent loss = 9.14885, l2 loss = 10.8691 (max 14.95), (true 922, predicted [692])
attack: step 5/10, xent loss = 8.5352, l2 loss = 11.3291 (max 14.95), (true 922, predicted [692])
attack: step 6/10, xent loss = 8.55123, l2 loss = 11.7552 (max 14.95), (true 922, predicted [692])
attack: step 7/10, xent loss = 7.55512, l2 loss = 12.1261 (max 14.95), (true 922, predicted [692])
attack: step 8/10, xent loss = 9.12865, l2 loss = 12.5045 (max 14.95), (true 922, predicted [692])
attack: step 9/10, xent loss = 8.53761, l2 loss = 12.9407 (max 14.95), (true 922, predicted [692])
attack: step 10/10, xent loss = 6.98359, l2 loss = 13.4012 (max 14.95), (true 922, predicted [692])
true = 922, adv = 692
