2019-11-04 07:20:27.687317: I tensorflow/core/platform/cpu_feature_guard.cc:141] Your CPU supports instructions that this TensorFlow binary was not compiled to use: SSE4.1 SSE4.2 AVX AVX2 FMA
2019-11-04 07:20:27.719034: I tensorflow/core/platform/profile_utils/cpu_utils.cc:94] CPU Frequency: 2600125000 Hz
2019-11-04 07:20:27.719284: I tensorflow/compiler/xla/service/service.cc:150] XLA service 0x55555902f0e0 executing computations on platform Host. Devices:
2019-11-04 07:20:27.719323: I tensorflow/compiler/xla/service/service.cc:158]   StreamExecutor device (0): <undefined>, <undefined>
2019-11-04 07:20:27.719703: I tensorflow/core/common_runtime/process_util.cc:71] Creating new thread pool with default inter op setting: 2. Tune using inter_op_parallelism_threads for best performance.
evaluating 850 of [850, 860)
attack: step 1/1, xent loss = 23.8331, l2 loss = 44.4512 (max 14.95), (true 227, predicted [879])
check failed
true = 227, adv = 879
evaluating 851 of [850, 860)
attack: step 1/1, xent loss = 8.53083, l2 loss = 40.7835 (max 14.95), (true 377, predicted [728])
check failed
true = 377, adv = 728
evaluating 852 of [850, 860)
attack: step 1/1, xent loss = 7.33676, l2 loss = 41.2004 (max 14.95), (true 133, predicted [50])
check failed
true = 133, adv = 728
evaluating 853 of [850, 860)
attack: step 1/1, xent loss = 8.36829, l2 loss = 32.712 (max 14.95), (true 52, predicted [69])
check failed
true = 52, adv = 793
evaluating 854 of [850, 860)
attack: step 1/1, xent loss = 11.3765, l2 loss = 18.9197 (max 14.95), (true 620, predicted [830])
check failed
true = 620, adv = 830
evaluating 855 of [850, 860)
attack: step 1/1, xent loss = 2.88921, l2 loss = 21.6226 (max 14.95), (true 360, predicted [344])
check failed
true = 360, adv = 33
evaluating 856 of [850, 860)
attack: step 1/1, xent loss = 6.95358, l2 loss = 37.0562 (max 14.95), (true 492, predicted [69])
check failed
true = 492, adv = 728
evaluating 857 of [850, 860)
attack: step 1/1, xent loss = 1.29513, l2 loss = 16.8969 (max 14.95), (true 824, predicted [824])
check failed
true = 824, adv = 614
evaluating 858 of [850, 860)
attack: step 1/1, xent loss = 0.00707514, l2 loss = 1.03129 (max 14.95), (true 614, predicted [614])
true = 614, adv = 614
evaluating 859 of [850, 860)
attack: step 1/1, xent loss = 4.78543, l2 loss = 41.1098 (max 14.95), (true 68, predicted [42])
check failed
true = 68, adv = 728
