2019-11-04 05:46:04.125192: I tensorflow/core/platform/cpu_feature_guard.cc:141] Your CPU supports instructions that this TensorFlow binary was not compiled to use: SSE4.1 SSE4.2 AVX AVX2 FMA
2019-11-04 05:46:04.132302: I tensorflow/core/platform/profile_utils/cpu_utils.cc:94] CPU Frequency: 2600235000 Hz
2019-11-04 05:46:04.132412: I tensorflow/compiler/xla/service/service.cc:150] XLA service 0x55555902f640 executing computations on platform Host. Devices:
2019-11-04 05:46:04.132430: I tensorflow/compiler/xla/service/service.cc:158]   StreamExecutor device (0): <undefined>, <undefined>
2019-11-04 05:46:04.132604: I tensorflow/core/common_runtime/process_util.cc:71] Creating new thread pool with default inter op setting: 2. Tune using inter_op_parallelism_threads for best performance.
evaluating 940 of [940, 950)
attack: step 1/1, xent loss = 0.500299, l2 loss = 31.7814 (max 14.95), (true 370, predicted [370])
check failed
true = 370, adv = 793
evaluating 941 of [940, 950)
attack: step 1/1, xent loss = 0.514713, l2 loss = 20.4823 (max 14.95), (true 565, predicted [565])
check failed
true = 565, adv = 450
evaluating 942 of [940, 950)
attack: step 1/1, xent loss = 6.92907, l2 loss = 24.7964 (max 14.95), (true 933, predicted [116])
check failed
true = 933, adv = 927
evaluating 943 of [940, 950)
attack: step 1/1, xent loss = 10.9354, l2 loss = 39.2745 (max 14.95), (true 855, predicted [999])
check failed
true = 855, adv = 700
evaluating 944 of [940, 950)
attack: step 1/1, xent loss = 8.45098, l2 loss = 28.3088 (max 14.95), (true 736, predicted [750])
check failed
true = 736, adv = 750
evaluating 945 of [940, 950)
attack: step 1/1, xent loss = 0.177939, l2 loss = 0.906169 (max 14.95), (true 145, predicted [145])
true = 145, adv = 145
evaluating 946 of [940, 950)
attack: step 1/1, xent loss = 4.82515, l2 loss = 26.7484 (max 14.95), (true 301, predicted [604])
check failed
true = 301, adv = 936
evaluating 947 of [940, 950)
attack: step 1/1, xent loss = 0.464578, l2 loss = 30.2355 (max 14.95), (true 47, predicted [47])
check failed
true = 47, adv = 728
evaluating 948 of [940, 950)
attack: step 1/1, xent loss = 7.23468, l2 loss = 37.1158 (max 14.95), (true 459, predicted [552])
check failed
true = 459, adv = 552
evaluating 949 of [940, 950)
attack: step 1/1, xent loss = 0.278537, l2 loss = 1.37288 (max 14.95), (true 698, predicted [698])
true = 698, adv = 698
