2019-11-04 05:45:45.449017: I tensorflow/core/platform/cpu_feature_guard.cc:141] Your CPU supports instructions that this TensorFlow binary was not compiled to use: SSE4.1 SSE4.2 AVX AVX2 FMA
2019-11-04 05:45:45.460167: I tensorflow/core/platform/profile_utils/cpu_utils.cc:94] CPU Frequency: 2600235000 Hz
2019-11-04 05:45:45.460294: I tensorflow/compiler/xla/service/service.cc:150] XLA service 0x55555902f840 executing computations on platform Host. Devices:
2019-11-04 05:45:45.460310: I tensorflow/compiler/xla/service/service.cc:158]   StreamExecutor device (0): <undefined>, <undefined>
2019-11-04 05:45:45.460502: I tensorflow/core/common_runtime/process_util.cc:71] Creating new thread pool with default inter op setting: 2. Tune using inter_op_parallelism_threads for best performance.
evaluating 870 of [870, 880)
attack: step 1/1, xent loss = 0.458216, l2 loss = 19.3195 (max 14.95), (true 835, predicted [835])
check failed
true = 835, adv = 509
evaluating 871 of [870, 880)
attack: step 1/1, xent loss = 5.92, l2 loss = 27.0914 (max 14.95), (true 369, predicted [43])
check failed
true = 369, adv = 728
evaluating 872 of [870, 880)
attack: step 1/1, xent loss = 5.19021, l2 loss = 13.2077 (max 14.95), (true 345, predicted [690])
true = 345, adv = 690
evaluating 873 of [870, 880)
attack: step 1/1, xent loss = 3.54693, l2 loss = 42.6017 (max 14.95), (true 648, predicted [470])
check failed
true = 648, adv = 470
evaluating 874 of [870, 880)
attack: step 1/1, xent loss = 4.32216, l2 loss = 13.6487 (max 14.95), (true 214, predicted [189])
true = 214, adv = 237
evaluating 875 of [870, 880)
attack: step 1/1, xent loss = 3.14511, l2 loss = 44.0348 (max 14.95), (true 111, predicted [5])
check failed
true = 111, adv = 728
evaluating 876 of [870, 880)
attack: step 1/1, xent loss = 0.151619, l2 loss = 1.71833 (max 14.95), (true 537, predicted [537])
true = 537, adv = 537
evaluating 877 of [870, 880)
attack: step 1/1, xent loss = 5.15962, l2 loss = 34.715 (max 14.95), (true 52, predicted [55])
check failed
true = 52, adv = 808
evaluating 878 of [870, 880)
attack: step 1/1, xent loss = 4.21282, l2 loss = 39.6836 (max 14.95), (true 199, predicted [237])
check failed
true = 199, adv = 728
evaluating 879 of [870, 880)
attack: step 1/1, xent loss = 5.82996, l2 loss = 22.8791 (max 14.95), (true 978, predicted [970])
check failed
true = 978, adv = 970
