2019-06-04 16:01:06.734322: I tensorflow/core/platform/cpu_feature_guard.cc:141] Your CPU supports instructions that this TensorFlow binary was not compiled to use: SSE4.1 SSE4.2 AVX AVX2 FMA
2019-06-04 16:01:06.774219: I tensorflow/core/platform/profile_utils/cpu_utils.cc:94] CPU Frequency: 2600120000 Hz
2019-06-04 16:01:06.777307: I tensorflow/compiler/xla/service/service.cc:150] XLA service 0x2aaae6fbd610 executing computations on platform Host. Devices:
2019-06-04 16:01:06.777418: I tensorflow/compiler/xla/service/service.cc:158]   StreamExecutor device (0): <undefined>, <undefined>
2019-06-04 16:01:06.779326: I tensorflow/core/common_runtime/process_util.cc:71] Creating new thread pool with default inter op setting: 2. Tune using inter_op_parallelism_threads for best performance.
evaluating 360 of [360, 370)
attack: step 1/10, xent loss = 0.122449, l2 loss = 0 (max 14.95), (true 667, predicted [667])
attack: step 2/10, xent loss = 0.092275, l2 loss = 0.390218 (max 14.95), (true 667, predicted [667])
attack: step 3/10, xent loss = 0.209048, l2 loss = 0.56587 (max 14.95), (true 667, predicted [667])
attack: step 4/10, xent loss = 0.219417, l2 loss = 1.37157 (max 14.95), (true 667, predicted [667])
attack: step 5/10, xent loss = 1.51154, l2 loss = 1.9039 (max 14.95), (true 667, predicted [667])
attack: step 6/10, xent loss = 4.36437, l2 loss = 6.31645 (max 14.95), (true 667, predicted [587])
attack: step 7/10, xent loss = 5.91173, l2 loss = 8.51023 (max 14.95), (true 667, predicted [587])
attack: step 8/10, xent loss = 6.99548, l2 loss = 9.21328 (max 14.95), (true 667, predicted [587])
attack: step 9/10, xent loss = 8.13255, l2 loss = 9.83361 (max 14.95), (true 667, predicted [587])
attack: step 10/10, xent loss = 8.9789, l2 loss = 10.4519 (max 14.95), (true 667, predicted [587])
true = 667, adv = 587
evaluating 361 of [360, 370)
attack: step 1/10, xent loss = 0.0511603, l2 loss = 0 (max 14.95), (true 84, predicted [84])
attack: step 2/10, xent loss = 0.4006, l2 loss = 0.224868 (max 14.95), (true 84, predicted [84])
attack: step 3/10, xent loss = 0.0710838, l2 loss = 1.27304 (max 14.95), (true 84, predicted [84])
attack: step 4/10, xent loss = 0.889635, l2 loss = 1.31763 (max 14.95), (true 84, predicted [793])
attack: step 5/10, xent loss = 0.686631, l2 loss = 3.34215 (max 14.95), (true 84, predicted [84])
attack: step 6/10, xent loss = 2.47069, l2 loss = 3.88155 (max 14.95), (true 84, predicted [793])
attack: step 7/10, xent loss = 3.61452, l2 loss = 5.73915 (max 14.95), (true 84, predicted [793])
attack: step 8/10, xent loss = 4.76043, l2 loss = 7.56912 (max 14.95), (true 84, predicted [793])
attack: step 9/10, xent loss = 7.24958, l2 loss = 9.86847 (max 14.95), (true 84, predicted [793])
attack: step 10/10, xent loss = 9.40383, l2 loss = 11.428 (max 14.95), (true 84, predicted [793])
true = 84, adv = 793
evaluating 362 of [360, 370)
attack: step 1/10, xent loss = 0.165061, l2 loss = 0 (max 14.95), (true 542, predicted [542])
attack: step 2/10, xent loss = 0.715754, l2 loss = 0.657906 (max 14.95), (true 542, predicted [542])
attack: step 3/10, xent loss = 2.4612, l2 loss = 2.48468 (max 14.95), (true 542, predicted [921])
attack: step 4/10, xent loss = 5.49661, l2 loss = 6.28379 (max 14.95), (true 542, predicted [549])
attack: step 5/10, xent loss = 5.59746, l2 loss = 6.97717 (max 14.95), (true 542, predicted [549])
attack: step 6/10, xent loss = 5.9148, l2 loss = 7.73772 (max 14.95), (true 542, predicted [696])
attack: step 7/10, xent loss = 6.93643, l2 loss = 8.69315 (max 14.95), (true 542, predicted [549])
attack: step 8/10, xent loss = 7.08544, l2 loss = 9.3877 (max 14.95), (true 542, predicted [549])
attack: step 9/10, xent loss = 7.98262, l2 loss = 9.86573 (max 14.95), (true 542, predicted [549])
attack: step 10/10, xent loss = 7.67205, l2 loss = 10.247 (max 14.95), (true 542, predicted [692])
true = 542, adv = 549
evaluating 363 of [360, 370)
attack: step 1/10, xent loss = 0.919311, l2 loss = 0 (max 14.95), (true 717, predicted [408])
attack: step 2/10, xent loss = 0.0811352, l2 loss = 5.34465 (max 14.95), (true 717, predicted [717])
attack: step 3/10, xent loss = 0.867619, l2 loss = 5.40848 (max 14.95), (true 717, predicted [717])
attack: step 4/10, xent loss = 2.66891, l2 loss = 7.06829 (max 14.95), (true 717, predicted [408])
attack: step 5/10, xent loss = 4.68659, l2 loss = 11.1472 (max 14.95), (true 717, predicted [408])
attack: step 6/10, xent loss = 7.06412, l2 loss = 13.9267 (max 14.95), (true 717, predicted [408])
attack: step 7/10, xent loss = 11.0566, l2 loss = 16.0242 (max 14.95), (true 717, predicted [408])
attack: step 8/10, xent loss = 10.5985, l2 loss = 16.9088 (max 14.95), (true 717, predicted [408])
attack: step 9/10, xent loss = 12.7577, l2 loss = 18.1993 (max 14.95), (true 717, predicted [408])
attack: step 10/10, xent loss = 12.229, l2 loss = 18.9445 (max 14.95), (true 717, predicted [408])
check failed
true = 717, adv = 408
evaluating 364 of [360, 370)
attack: step 1/10, xent loss = 4.53988, l2 loss = 0 (max 14.95), (true 619, predicted [884])
attack: step 2/10, xent loss = 4.95452, l2 loss = 4.42251 (max 14.95), (true 619, predicted [884])
attack: step 3/10, xent loss = 5.90046, l2 loss = 6.49421 (max 14.95), (true 619, predicted [884])
attack: step 4/10, xent loss = 6.50924, l2 loss = 7.39555 (max 14.95), (true 619, predicted [884])
attack: step 5/10, xent loss = 7.81589, l2 loss = 8.11988 (max 14.95), (true 619, predicted [884])
attack: step 6/10, xent loss = 7.93866, l2 loss = 8.9438 (max 14.95), (true 619, predicted [884])
attack: step 7/10, xent loss = 8.56254, l2 loss = 9.78669 (max 14.95), (true 619, predicted [884])
attack: step 8/10, xent loss = 8.84089, l2 loss = 10.5089 (max 14.95), (true 619, predicted [884])
attack: step 9/10, xent loss = 9.79344, l2 loss = 11.3292 (max 14.95), (true 619, predicted [884])
attack: step 10/10, xent loss = 10.0593, l2 loss = 12.0005 (max 14.95), (true 619, predicted [884])
true = 619, adv = 884
evaluating 365 of [360, 370)
attack: step 1/10, xent loss = 7.12837, l2 loss = 0 (max 14.95), (true 481, predicted [624])
attack: step 2/10, xent loss = 4.59323, l2 loss = 1.97338 (max 14.95), (true 481, predicted [624])
attack: step 3/10, xent loss = 5.36336, l2 loss = 2.77903 (max 14.95), (true 481, predicted [624])
attack: step 4/10, xent loss = 5.58344, l2 loss = 3.65913 (max 14.95), (true 481, predicted [886])
attack: step 5/10, xent loss = 6.171, l2 loss = 4.13756 (max 14.95), (true 481, predicted [624])
attack: step 6/10, xent loss = 6.23451, l2 loss = 4.64461 (max 14.95), (true 481, predicted [624])
attack: step 7/10, xent loss = 5.78918, l2 loss = 5.00745 (max 14.95), (true 481, predicted [624])
attack: step 8/10, xent loss = 6.97193, l2 loss = 5.43437 (max 14.95), (true 481, predicted [624])
attack: step 9/10, xent loss = 7.2015, l2 loss = 5.92167 (max 14.95), (true 481, predicted [624])
attack: step 10/10, xent loss = 6.93815, l2 loss = 6.21071 (max 14.95), (true 481, predicted [624])
true = 481, adv = 446
evaluating 366 of [360, 370)
attack: step 1/10, xent loss = 0.655737, l2 loss = 0 (max 14.95), (true 13, predicted [13])
attack: step 2/10, xent loss = 3.39843, l2 loss = 3.78204 (max 14.95), (true 13, predicted [19])
attack: step 3/10, xent loss = 7.17148, l2 loss = 5.23726 (max 14.95), (true 13, predicted [945])
attack: step 4/10, xent loss = 7.39615, l2 loss = 5.5256 (max 14.95), (true 13, predicted [14])
attack: step 5/10, xent loss = 7.92338, l2 loss = 5.96884 (max 14.95), (true 13, predicted [319])
attack: step 6/10, xent loss = 8.15612, l2 loss = 6.22026 (max 14.95), (true 13, predicted [306])
attack: step 7/10, xent loss = 7.75818, l2 loss = 6.38058 (max 14.95), (true 13, predicted [305])
attack: step 8/10, xent loss = 8.24938, l2 loss = 6.62451 (max 14.95), (true 13, predicted [945])
attack: step 9/10, xent loss = 8.23442, l2 loss = 6.9346 (max 14.95), (true 13, predicted [14])
attack: step 10/10, xent loss = 9.40066, l2 loss = 7.37681 (max 14.95), (true 13, predicted [92])
true = 13, adv = 945
evaluating 367 of [360, 370)
attack: step 1/10, xent loss = 0.141243, l2 loss = 0 (max 14.95), (true 113, predicted [113])
attack: step 2/10, xent loss = 0.105503, l2 loss = 0.491684 (max 14.95), (true 113, predicted [113])
attack: step 3/10, xent loss = 0.180988, l2 loss = 0.607966 (max 14.95), (true 113, predicted [113])
attack: step 4/10, xent loss = 0.195112, l2 loss = 0.864995 (max 14.95), (true 113, predicted [113])
attack: step 5/10, xent loss = 0.106803, l2 loss = 1.12218 (max 14.95), (true 113, predicted [113])
attack: step 6/10, xent loss = 0.26606, l2 loss = 1.20533 (max 14.95), (true 113, predicted [113])
attack: step 7/10, xent loss = 0.747121, l2 loss = 1.5597 (max 14.95), (true 113, predicted [113])
attack: step 8/10, xent loss = 0.608069, l2 loss = 3.15353 (max 14.95), (true 113, predicted [113])
attack: step 9/10, xent loss = 1.15457, l2 loss = 3.99757 (max 14.95), (true 113, predicted [113])
attack: step 10/10, xent loss = 4.86183, l2 loss = 5.39975 (max 14.95), (true 113, predicted [36])
true = 113, adv = 36
evaluating 368 of [360, 370)
attack: step 1/10, xent loss = 0.888787, l2 loss = 0 (max 14.95), (true 181, predicted [181])
attack: step 2/10, xent loss = 2.29358, l2 loss = 4.31916 (max 14.95), (true 181, predicted [218])
attack: step 3/10, xent loss = 7.11033, l2 loss = 7.10455 (max 14.95), (true 181, predicted [215])
attack: step 4/10, xent loss = 8.09057, l2 loss = 7.90108 (max 14.95), (true 181, predicted [215])
attack: step 5/10, xent loss = 8.63552, l2 loss = 8.4909 (max 14.95), (true 181, predicted [215])
attack: step 6/10, xent loss = 8.11786, l2 loss = 9.23104 (max 14.95), (true 181, predicted [215])
attack: step 7/10, xent loss = 10.4186, l2 loss = 9.83388 (max 14.95), (true 181, predicted [215])
attack: step 8/10, xent loss = 10.4439, l2 loss = 10.5637 (max 14.95), (true 181, predicted [215])
attack: step 9/10, xent loss = 12.4572, l2 loss = 11.4344 (max 14.95), (true 181, predicted [215])
attack: step 10/10, xent loss = 13.0687, l2 loss = 12.1299 (max 14.95), (true 181, predicted [215])
true = 181, adv = 215
evaluating 369 of [360, 370)
attack: step 1/10, xent loss = 0.348878, l2 loss = 0 (max 14.95), (true 755, predicted [755])
attack: step 2/10, xent loss = 0.851469, l2 loss = 0.736211 (max 14.95), (true 755, predicted [755])
attack: step 3/10, xent loss = 0.69448, l2 loss = 2.12255 (max 14.95), (true 755, predicted [755])
attack: step 4/10, xent loss = 1.51826, l2 loss = 2.93506 (max 14.95), (true 755, predicted [807])
attack: step 5/10, xent loss = 1.6606, l2 loss = 4.29031 (max 14.95), (true 755, predicted [807])
attack: step 6/10, xent loss = 4.11834, l2 loss = 5.54263 (max 14.95), (true 755, predicted [807])
attack: step 7/10, xent loss = 8.24137, l2 loss = 8.10843 (max 14.95), (true 755, predicted [807])
attack: step 8/10, xent loss = 10.1286, l2 loss = 10.5686 (max 14.95), (true 755, predicted [807])
attack: step 9/10, xent loss = 9.83084, l2 loss = 12.6708 (max 14.95), (true 755, predicted [807])
attack: step 10/10, xent loss = 12.4736, l2 loss = 13.9569 (max 14.95), (true 755, predicted [807])
check failed
true = 755, adv = 807
