2019-11-04 01:09:56.214729: I tensorflow/core/platform/cpu_feature_guard.cc:141] Your CPU supports instructions that this TensorFlow binary was not compiled to use: SSE4.1 SSE4.2 AVX AVX2 FMA
2019-11-04 01:09:57.430843: I tensorflow/core/platform/profile_utils/cpu_utils.cc:94] CPU Frequency: 2599995000 Hz
2019-11-04 01:09:57.455761: I tensorflow/compiler/xla/service/service.cc:150] XLA service 0x55555902f460 executing computations on platform Host. Devices:
2019-11-04 01:09:57.456413: I tensorflow/compiler/xla/service/service.cc:158]   StreamExecutor device (0): <undefined>, <undefined>
2019-11-04 01:09:57.457835: I tensorflow/core/common_runtime/process_util.cc:71] Creating new thread pool with default inter op setting: 2. Tune using inter_op_parallelism_threads for best performance.
evaluating 70 of [70, 80)
attack: step 1/1, xent loss = 0.778894, l2 loss = 30.2806 (max 14.95), (true 63, predicted [63])
check failed
true = 63, adv = 728
evaluating 71 of [70, 80)
attack: step 1/1, xent loss = 0.0158902, l2 loss = 19.3539 (max 14.95), (true 761, predicted [761])
check failed
true = 761, adv = 797
evaluating 72 of [70, 80)
attack: step 1/1, xent loss = 0.858232, l2 loss = 35.3205 (max 14.95), (true 37, predicted [37])
check failed
true = 37, adv = 728
evaluating 73 of [70, 80)
attack: step 1/1, xent loss = 6.34202, l2 loss = 37.8681 (max 14.95), (true 799, predicted [844])
check failed
true = 799, adv = 728
evaluating 74 of [70, 80)
attack: step 1/1, xent loss = 2.42667, l2 loss = 6.84296 (max 14.95), (true 74, predicted [72])
true = 74, adv = 72
evaluating 75 of [70, 80)
attack: step 1/1, xent loss = 4.93178, l2 loss = 22.3362 (max 14.95), (true 432, predicted [456])
check failed
true = 432, adv = 456
evaluating 76 of [70, 80)
attack: step 1/1, xent loss = 2.75925, l2 loss = 37.474 (max 14.95), (true 193, predicted [182])
check failed
true = 193, adv = 728
evaluating 77 of [70, 80)
attack: step 1/1, xent loss = 4.68929, l2 loss = 35.4866 (max 14.95), (true 929, predicted [728])
check failed
true = 929, adv = 728
evaluating 78 of [70, 80)
attack: step 1/1, xent loss = 2.45264, l2 loss = 17.7527 (max 14.95), (true 546, predicted [546])
check failed
true = 546, adv = 723
evaluating 79 of [70, 80)
attack: step 1/1, xent loss = 7.79315, l2 loss = 32.3777 (max 14.95), (true 689, predicted [728])
check failed
true = 689, adv = 728
