2019-06-28 22:38:53.082927: I tensorflow/core/platform/cpu_feature_guard.cc:141] Your CPU supports instructions that this TensorFlow binary was not compiled to use: SSE4.1 SSE4.2 AVX AVX2 FMA
2019-06-28 22:38:53.090045: I tensorflow/core/platform/profile_utils/cpu_utils.cc:94] CPU Frequency: 2599770000 Hz
2019-06-28 22:38:53.090166: I tensorflow/compiler/xla/service/service.cc:150] XLA service 0x2aaae6fbd200 executing computations on platform Host. Devices:
2019-06-28 22:38:53.090185: I tensorflow/compiler/xla/service/service.cc:158]   StreamExecutor device (0): <undefined>, <undefined>
2019-06-28 22:38:53.090353: I tensorflow/core/common_runtime/process_util.cc:71] Creating new thread pool with default inter op setting: 2. Tune using inter_op_parallelism_threads for best performance.
evaluating 200 of [200, 210)
attack: step 1/10, xent loss = 12.8563, l2 loss = 22.904 (max 14.95), (true 20, predicted [728])
attack: step 2/10, xent loss = 11.4067, l2 loss = 25.1885 (max 14.95), (true 20, predicted [728])
attack: step 3/10, xent loss = 10.5512, l2 loss = 27.192 (max 14.95), (true 20, predicted [728])
attack: step 4/10, xent loss = 17.5174, l2 loss = 30.4223 (max 14.95), (true 20, predicted [728])
attack: step 5/10, xent loss = 12.9491, l2 loss = 31.9483 (max 14.95), (true 20, predicted [728])
attack: step 6/10, xent loss = 14.7741, l2 loss = 34.742 (max 14.95), (true 20, predicted [728])
attack: step 7/10, xent loss = 15.274, l2 loss = 35.8686 (max 14.95), (true 20, predicted [728])
attack: step 8/10, xent loss = 19.4532, l2 loss = 37.2318 (max 14.95), (true 20, predicted [728])
attack: step 9/10, xent loss = 20.2004, l2 loss = 38.6147 (max 14.95), (true 20, predicted [728])
attack: step 10/10, xent loss = 23.8041, l2 loss = 39.7568 (max 14.95), (true 20, predicted [728])
check failed
true = 20, adv = 728
evaluating 201 of [200, 210)
attack: step 1/10, xent loss = 9.40002, l2 loss = 17.0713 (max 14.95), (true 892, predicted [720])
attack: step 2/10, xent loss = 10.8245, l2 loss = 18.9525 (max 14.95), (true 892, predicted [720])
attack: step 3/10, xent loss = 12.3984, l2 loss = 20.1079 (max 14.95), (true 892, predicted [720])
attack: step 4/10, xent loss = 12.693, l2 loss = 21.257 (max 14.95), (true 892, predicted [720])
attack: step 5/10, xent loss = 15.6637, l2 loss = 22.4964 (max 14.95), (true 892, predicted [720])
attack: step 6/10, xent loss = 15.1103, l2 loss = 23.5647 (max 14.95), (true 892, predicted [720])
attack: step 7/10, xent loss = 15.1682, l2 loss = 24.5031 (max 14.95), (true 892, predicted [720])
attack: step 8/10, xent loss = 16.4887, l2 loss = 25.6019 (max 14.95), (true 892, predicted [720])
attack: step 9/10, xent loss = 18.0526, l2 loss = 26.8252 (max 14.95), (true 892, predicted [720])
attack: step 10/10, xent loss = 20.6715, l2 loss = 27.7176 (max 14.95), (true 892, predicted [720])
check failed
true = 892, adv = 720
evaluating 202 of [200, 210)
attack: step 1/10, xent loss = 28.7968, l2 loss = 32.0785 (max 14.95), (true 524, predicted [728])
attack: step 2/10, xent loss = 29.8157, l2 loss = 33.4979 (max 14.95), (true 524, predicted [728])
attack: step 3/10, xent loss = 34.3448, l2 loss = 34.7477 (max 14.95), (true 524, predicted [728])
attack: step 4/10, xent loss = 32.9778, l2 loss = 36.4774 (max 14.95), (true 524, predicted [728])
attack: step 5/10, xent loss = 31.1669, l2 loss = 37.6257 (max 14.95), (true 524, predicted [728])
attack: step 6/10, xent loss = 34.062, l2 loss = 39.1239 (max 14.95), (true 524, predicted [728])
attack: step 7/10, xent loss = 35.6924, l2 loss = 40.2145 (max 14.95), (true 524, predicted [728])
attack: step 8/10, xent loss = 38.438, l2 loss = 41.4181 (max 14.95), (true 524, predicted [728])
attack: step 9/10, xent loss = 35.1444, l2 loss = 42.6464 (max 14.95), (true 524, predicted [728])
attack: step 10/10, xent loss = 35.8359, l2 loss = 43.7418 (max 14.95), (true 524, predicted [728])
check failed
true = 524, adv = 728
evaluating 203 of [200, 210)
attack: step 1/10, xent loss = 11.2869, l2 loss = 14.6755 (max 14.95), (true 643, predicted [51])
attack: step 2/10, xent loss = 11.0225, l2 loss = 15.8389 (max 14.95), (true 643, predicted [51])
attack: step 3/10, xent loss = 8.03014, l2 loss = 16.3026 (max 14.95), (true 643, predicted [51])
attack: step 4/10, xent loss = 12.7048, l2 loss = 17.9308 (max 14.95), (true 643, predicted [51])
attack: step 5/10, xent loss = 13.3844, l2 loss = 18.4673 (max 14.95), (true 643, predicted [51])
attack: step 6/10, xent loss = 13.0987, l2 loss = 18.9774 (max 14.95), (true 643, predicted [51])
attack: step 7/10, xent loss = 14.249, l2 loss = 19.4273 (max 14.95), (true 643, predicted [51])
attack: step 8/10, xent loss = 13.7606, l2 loss = 20.0044 (max 14.95), (true 643, predicted [51])
attack: step 9/10, xent loss = 13.3867, l2 loss = 20.7905 (max 14.95), (true 643, predicted [51])
attack: step 10/10, xent loss = 14.2378, l2 loss = 21.3754 (max 14.95), (true 643, predicted [51])
check failed
true = 643, adv = 51
evaluating 204 of [200, 210)
attack: step 1/10, xent loss = 7.49155, l2 loss = 12.9061 (max 14.95), (true 831, predicted [692])
attack: step 2/10, xent loss = 8.8911, l2 loss = 14.0999 (max 14.95), (true 831, predicted [692])
attack: step 3/10, xent loss = 7.95291, l2 loss = 14.9655 (max 14.95), (true 831, predicted [728])
attack: step 4/10, xent loss = 8.61087, l2 loss = 16.6445 (max 14.95), (true 831, predicted [728])
attack: step 5/10, xent loss = 11.9455, l2 loss = 17.77 (max 14.95), (true 831, predicted [728])
attack: step 6/10, xent loss = 12.3417, l2 loss = 19.0668 (max 14.95), (true 831, predicted [728])
attack: step 7/10, xent loss = 12.9079, l2 loss = 20.6341 (max 14.95), (true 831, predicted [728])
attack: step 8/10, xent loss = 15.758, l2 loss = 22.9921 (max 14.95), (true 831, predicted [728])
attack: step 9/10, xent loss = 18.6286, l2 loss = 24.8744 (max 14.95), (true 831, predicted [728])
attack: step 10/10, xent loss = 17.2392, l2 loss = 26.9838 (max 14.95), (true 831, predicted [728])
check failed
true = 831, adv = 728
evaluating 205 of [200, 210)
attack: step 1/10, xent loss = 12.0981, l2 loss = 17.0612 (max 14.95), (true 763, predicted [4])
attack: step 2/10, xent loss = 11.4513, l2 loss = 17.7094 (max 14.95), (true 763, predicted [4])
attack: step 3/10, xent loss = 14.794, l2 loss = 18.557 (max 14.95), (true 763, predicted [4])
attack: step 4/10, xent loss = 14.8019, l2 loss = 19.6747 (max 14.95), (true 763, predicted [4])
attack: step 5/10, xent loss = 13.761, l2 loss = 20.3672 (max 14.95), (true 763, predicted [4])
attack: step 6/10, xent loss = 15.1266, l2 loss = 21.208 (max 14.95), (true 763, predicted [4])
attack: step 7/10, xent loss = 14.0671, l2 loss = 22.0041 (max 14.95), (true 763, predicted [4])
attack: step 8/10, xent loss = 15.6714, l2 loss = 22.987 (max 14.95), (true 763, predicted [4])
attack: step 9/10, xent loss = 14.4265, l2 loss = 24.5109 (max 14.95), (true 763, predicted [4])
attack: step 10/10, xent loss = 17.6993, l2 loss = 25.2618 (max 14.95), (true 763, predicted [4])
check failed
true = 763, adv = 4
evaluating 206 of [200, 210)
attack: step 1/10, xent loss = 12.7966, l2 loss = 19.3495 (max 14.95), (true 648, predicted [905])
attack: step 2/10, xent loss = 13.973, l2 loss = 20.5342 (max 14.95), (true 648, predicted [905])
attack: step 3/10, xent loss = 13.9836, l2 loss = 21.4044 (max 14.95), (true 648, predicted [905])
attack: step 4/10, xent loss = 16.1257, l2 loss = 22.4931 (max 14.95), (true 648, predicted [905])
attack: step 5/10, xent loss = 17.6294, l2 loss = 23.2133 (max 14.95), (true 648, predicted [905])
attack: step 6/10, xent loss = 17.4292, l2 loss = 24.294 (max 14.95), (true 648, predicted [905])
attack: step 7/10, xent loss = 16.3646, l2 loss = 25.0928 (max 14.95), (true 648, predicted [905])
attack: step 8/10, xent loss = 18.876, l2 loss = 25.8024 (max 14.95), (true 648, predicted [905])
attack: step 9/10, xent loss = 17.5708, l2 loss = 26.4997 (max 14.95), (true 648, predicted [905])
attack: step 10/10, xent loss = 18.2657, l2 loss = 27.2003 (max 14.95), (true 648, predicted [905])
check failed
true = 648, adv = 905
evaluating 207 of [200, 210)
attack: step 1/10, xent loss = 14.7976, l2 loss = 23.9189 (max 14.95), (true 765, predicted [728])
attack: step 2/10, xent loss = 12.4253, l2 loss = 27.1201 (max 14.95), (true 765, predicted [728])
attack: step 3/10, xent loss = 19.786, l2 loss = 28.3884 (max 14.95), (true 765, predicted [728])
attack: step 4/10, xent loss = 18.6177, l2 loss = 30.1084 (max 14.95), (true 765, predicted [728])
attack: step 5/10, xent loss = 16.4136, l2 loss = 30.9993 (max 14.95), (true 765, predicted [728])
attack: step 6/10, xent loss = 21.1799, l2 loss = 32.003 (max 14.95), (true 765, predicted [728])
attack: step 7/10, xent loss = 20.8697, l2 loss = 33.1342 (max 14.95), (true 765, predicted [728])
attack: step 8/10, xent loss = 20.5274, l2 loss = 34.1539 (max 14.95), (true 765, predicted [728])
attack: step 9/10, xent loss = 20.1642, l2 loss = 35.0916 (max 14.95), (true 765, predicted [728])
attack: step 10/10, xent loss = 26.3277, l2 loss = 35.8098 (max 14.95), (true 765, predicted [728])
check failed
true = 765, adv = 728
evaluating 208 of [200, 210)
attack: step 1/10, xent loss = 0.0471988, l2 loss = 1.39089 (max 14.95), (true 565, predicted [565])
attack: step 2/10, xent loss = 0.0610594, l2 loss = 1.40574 (max 14.95), (true 565, predicted [565])
attack: step 3/10, xent loss = 0.0743318, l2 loss = 1.424 (max 14.95), (true 565, predicted [565])
attack: step 4/10, xent loss = 0.208088, l2 loss = 1.44632 (max 14.95), (true 565, predicted [565])
attack: step 5/10, xent loss = 0.179321, l2 loss = 1.67685 (max 14.95), (true 565, predicted [565])
attack: step 6/10, xent loss = 0.181046, l2 loss = 1.83556 (max 14.95), (true 565, predicted [565])
attack: step 7/10, xent loss = 0.0506652, l2 loss = 2.01113 (max 14.95), (true 565, predicted [565])
attack: step 8/10, xent loss = 0.2577, l2 loss = 2.02376 (max 14.95), (true 565, predicted [565])
attack: step 9/10, xent loss = 0.117385, l2 loss = 2.35857 (max 14.95), (true 565, predicted [565])
attack: step 10/10, xent loss = 0.327358, l2 loss = 2.41702 (max 14.95), (true 565, predicted [565])
true = 565, adv = 565
evaluating 209 of [200, 210)
attack: step 1/10, xent loss = 21.8099, l2 loss = 30.7669 (max 14.95), (true 372, predicted [728])
attack: step 2/10, xent loss = 28.8564, l2 loss = 33.1404 (max 14.95), (true 372, predicted [728])
attack: step 3/10, xent loss = 27.3557, l2 loss = 34.7299 (max 14.95), (true 372, predicted [728])
attack: step 4/10, xent loss = 25.2613, l2 loss = 36.2556 (max 14.95), (true 372, predicted [728])
attack: step 5/10, xent loss = 30.1445, l2 loss = 37.6385 (max 14.95), (true 372, predicted [728])
attack: step 6/10, xent loss = 26.34, l2 loss = 39.0575 (max 14.95), (true 372, predicted [728])
attack: step 7/10, xent loss = 29.7446, l2 loss = 40.1081 (max 14.95), (true 372, predicted [728])
attack: step 8/10, xent loss = 30.5944, l2 loss = 41.2374 (max 14.95), (true 372, predicted [728])
attack: step 9/10, xent loss = 36.2683, l2 loss = 42.1812 (max 14.95), (true 372, predicted [728])
attack: step 10/10, xent loss = 33.8245, l2 loss = 43.4063 (max 14.95), (true 372, predicted [728])
check failed
true = 372, adv = 728
