2019-11-04 07:20:27.688215: I tensorflow/core/platform/cpu_feature_guard.cc:141] Your CPU supports instructions that this TensorFlow binary was not compiled to use: SSE4.1 SSE4.2 AVX AVX2 FMA
2019-11-04 07:20:27.718657: I tensorflow/core/platform/profile_utils/cpu_utils.cc:94] CPU Frequency: 2600125000 Hz
2019-11-04 07:20:27.718898: I tensorflow/compiler/xla/service/service.cc:150] XLA service 0x55555902e0c0 executing computations on platform Host. Devices:
2019-11-04 07:20:27.718935: I tensorflow/compiler/xla/service/service.cc:158]   StreamExecutor device (0): <undefined>, <undefined>
2019-11-04 07:20:27.719322: I tensorflow/core/common_runtime/process_util.cc:71] Creating new thread pool with default inter op setting: 2. Tune using inter_op_parallelism_threads for best performance.
evaluating 930 of [930, 940)
attack: step 1/1, xent loss = 8.06448, l2 loss = 19.7257 (max 14.95), (true 93, predicted [84])
check failed
true = 93, adv = 14
evaluating 931 of [930, 940)
attack: step 1/1, xent loss = 11.1938, l2 loss = 24.2485 (max 14.95), (true 762, predicted [564])
check failed
true = 762, adv = 564
evaluating 932 of [930, 940)
attack: step 1/1, xent loss = 0.997956, l2 loss = 16.4846 (max 14.95), (true 634, predicted [634])
check failed
true = 634, adv = 760
evaluating 933 of [930, 940)
attack: step 1/1, xent loss = 15.731, l2 loss = 33.7493 (max 14.95), (true 999, predicted [854])
check failed
true = 999, adv = 854
evaluating 934 of [930, 940)
attack: step 1/1, xent loss = 0.256614, l2 loss = 0.619037 (max 14.95), (true 670, predicted [670])
true = 670, adv = 670
evaluating 935 of [930, 940)
attack: step 1/1, xent loss = 0.0986624, l2 loss = 0.700387 (max 14.95), (true 493, predicted [493])
true = 493, adv = 493
evaluating 936 of [930, 940)
attack: step 1/1, xent loss = 8.47677, l2 loss = 17.5246 (max 14.95), (true 59, predicted [64])
check failed
true = 59, adv = 64
evaluating 937 of [930, 940)
attack: step 1/1, xent loss = 7.19634, l2 loss = 20.2141 (max 14.95), (true 179, predicted [242])
check failed
true = 179, adv = 242
evaluating 938 of [930, 940)
attack: step 1/1, xent loss = 2.72839, l2 loss = 40.5281 (max 14.95), (true 382, predicted [377])
check failed
true = 382, adv = 728
evaluating 939 of [930, 940)
attack: step 1/1, xent loss = 6.81497, l2 loss = 19.8585 (max 14.95), (true 863, predicted [643])
check failed
true = 863, adv = 643
