2019-06-06 00:07:13.909388: I tensorflow/core/platform/cpu_feature_guard.cc:141] Your CPU supports instructions that this TensorFlow binary was not compiled to use: SSE4.1 SSE4.2 AVX AVX2 FMA
2019-06-06 00:07:14.474400: I tensorflow/core/platform/profile_utils/cpu_utils.cc:94] CPU Frequency: 2600030000 Hz
2019-06-06 00:07:14.477567: I tensorflow/compiler/xla/service/service.cc:150] XLA service 0x2aaae6d4a7b0 executing computations on platform Host. Devices:
2019-06-06 00:07:14.477611: I tensorflow/compiler/xla/service/service.cc:158]   StreamExecutor device (0): <undefined>, <undefined>
2019-06-06 00:07:14.479765: I tensorflow/core/common_runtime/process_util.cc:71] Creating new thread pool with default inter op setting: 2. Tune using inter_op_parallelism_threads for best performance.
evaluating 80 of [80, 90)
attack: step 1/10, xent loss = 10.5223, l2 loss = 0 (max 14.95), (true 821, predicted [915])
attack: step 2/10, xent loss = 10.1081, l2 loss = 6.81754 (max 14.95), (true 821, predicted [915])
attack: step 3/10, xent loss = 10.6726, l2 loss = 9.56051 (max 14.95), (true 821, predicted [915])
attack: step 4/10, xent loss = 10.3491, l2 loss = 12.2075 (max 14.95), (true 821, predicted [915])
attack: step 5/10, xent loss = 11.493, l2 loss = 12.8848 (max 14.95), (true 821, predicted [915])
attack: step 6/10, xent loss = 10.4432, l2 loss = 14.4857 (max 14.95), (true 821, predicted [728])
attack: step 7/10, xent loss = 10.0958, l2 loss = 15.5206 (max 14.95), (true 821, predicted [915])
attack: step 8/10, xent loss = 12.4306, l2 loss = 16.8367 (max 14.95), (true 821, predicted [915])
attack: step 9/10, xent loss = 13.2055, l2 loss = 18.3836 (max 14.95), (true 821, predicted [915])
attack: step 10/10, xent loss = 15.7834, l2 loss = 20.1556 (max 14.95), (true 821, predicted [915])
check failed
true = 821, adv = 915
evaluating 81 of [80, 90)
attack: step 1/10, xent loss = 0.665629, l2 loss = 0 (max 14.95), (true 843, predicted [843])
attack: step 2/10, xent loss = 1.01101, l2 loss = 3.1393 (max 14.95), (true 843, predicted [843])
attack: step 3/10, xent loss = 0.151286, l2 loss = 6.13219 (max 14.95), (true 843, predicted [843])
attack: step 4/10, xent loss = 0.450159, l2 loss = 6.23125 (max 14.95), (true 843, predicted [843])
attack: step 5/10, xent loss = 2.23562, l2 loss = 7.0148 (max 14.95), (true 843, predicted [879])
attack: step 6/10, xent loss = 4.23233, l2 loss = 10.8468 (max 14.95), (true 843, predicted [879])
attack: step 7/10, xent loss = 4.08719, l2 loss = 13.2557 (max 14.95), (true 843, predicted [879])
attack: step 8/10, xent loss = 3.97726, l2 loss = 14.7298 (max 14.95), (true 843, predicted [879])
attack: step 9/10, xent loss = 7.30616, l2 loss = 16.9114 (max 14.95), (true 843, predicted [728])
attack: step 10/10, xent loss = 7.24317, l2 loss = 17.7781 (max 14.95), (true 843, predicted [879])
check failed
true = 843, adv = 728
evaluating 82 of [80, 90)
attack: step 1/10, xent loss = 4.01254, l2 loss = 0 (max 14.95), (true 819, predicted [457])
attack: step 2/10, xent loss = 8.52704, l2 loss = 4.81616 (max 14.95), (true 819, predicted [457])
attack: step 3/10, xent loss = 6.87245, l2 loss = 8.22547 (max 14.95), (true 819, predicted [457])
attack: step 4/10, xent loss = 2.79823, l2 loss = 11.0773 (max 14.95), (true 819, predicted [558])
attack: step 5/10, xent loss = 4.66936, l2 loss = 11.7266 (max 14.95), (true 819, predicted [570])
attack: step 6/10, xent loss = 4.91652, l2 loss = 13.5405 (max 14.95), (true 819, predicted [457])
attack: step 7/10, xent loss = 6.99567, l2 loss = 15.5588 (max 14.95), (true 819, predicted [457])
attack: step 8/10, xent loss = 8.80875, l2 loss = 18.2692 (max 14.95), (true 819, predicted [457])
attack: step 9/10, xent loss = 4.86509, l2 loss = 19.0417 (max 14.95), (true 819, predicted [570])
attack: step 10/10, xent loss = 5.03609, l2 loss = 19.6201 (max 14.95), (true 819, predicted [570])
check failed
true = 819, adv = 457
evaluating 83 of [80, 90)
attack: step 1/10, xent loss = 7.0067, l2 loss = 0 (max 14.95), (true 167, predicted [557])
attack: step 2/10, xent loss = 6.79182, l2 loss = 2.20223 (max 14.95), (true 167, predicted [478])
attack: step 3/10, xent loss = 8.08337, l2 loss = 3.87655 (max 14.95), (true 167, predicted [417])
attack: step 4/10, xent loss = 7.53349, l2 loss = 4.78738 (max 14.95), (true 167, predicted [728])
attack: step 5/10, xent loss = 8.25518, l2 loss = 5.36613 (max 14.95), (true 167, predicted [417])
attack: step 6/10, xent loss = 7.72224, l2 loss = 6.03069 (max 14.95), (true 167, predicted [879])
attack: step 7/10, xent loss = 6.37063, l2 loss = 6.52343 (max 14.95), (true 167, predicted [664])
attack: step 8/10, xent loss = 7.48496, l2 loss = 6.957 (max 14.95), (true 167, predicted [664])
attack: step 9/10, xent loss = 8.26282, l2 loss = 7.34028 (max 14.95), (true 167, predicted [557])
attack: step 10/10, xent loss = 7.87515, l2 loss = 7.82251 (max 14.95), (true 167, predicted [557])
true = 167, adv = 728
evaluating 84 of [80, 90)
attack: step 1/10, xent loss = 6.71556, l2 loss = 0 (max 14.95), (true 582, predicted [723])
attack: step 2/10, xent loss = 5.54653, l2 loss = 3.59156 (max 14.95), (true 582, predicted [723])
attack: step 3/10, xent loss = 5.33282, l2 loss = 4.36106 (max 14.95), (true 582, predicted [723])
attack: step 4/10, xent loss = 6.47141, l2 loss = 5.43636 (max 14.95), (true 582, predicted [723])
attack: step 5/10, xent loss = 4.62236, l2 loss = 6.97006 (max 14.95), (true 582, predicted [723])
attack: step 6/10, xent loss = 6.74058, l2 loss = 7.54586 (max 14.95), (true 582, predicted [723])
attack: step 7/10, xent loss = 7.21365, l2 loss = 8.26901 (max 14.95), (true 582, predicted [723])
attack: step 8/10, xent loss = 7.50298, l2 loss = 9.60733 (max 14.95), (true 582, predicted [723])
attack: step 9/10, xent loss = 7.19546, l2 loss = 10.2524 (max 14.95), (true 582, predicted [723])
attack: step 10/10, xent loss = 6.06609, l2 loss = 10.6976 (max 14.95), (true 582, predicted [723])
true = 582, adv = 723
evaluating 85 of [80, 90)
attack: step 1/10, xent loss = 3.46123, l2 loss = 0 (max 14.95), (true 951, predicted [417])
attack: step 2/10, xent loss = 3.29121, l2 loss = 7.15042 (max 14.95), (true 951, predicted [417])
attack: step 3/10, xent loss = 4.75593, l2 loss = 8.8313 (max 14.95), (true 951, predicted [417])
attack: step 4/10, xent loss = 5.00034, l2 loss = 10.4216 (max 14.95), (true 951, predicted [728])
attack: step 5/10, xent loss = 6.4592, l2 loss = 11.6575 (max 14.95), (true 951, predicted [879])
attack: step 6/10, xent loss = 6.66049, l2 loss = 13.1348 (max 14.95), (true 951, predicted [417])
attack: step 7/10, xent loss = 7.68928, l2 loss = 16.2584 (max 14.95), (true 951, predicted [417])
attack: step 8/10, xent loss = 7.11546, l2 loss = 17.379 (max 14.95), (true 951, predicted [417])
attack: step 9/10, xent loss = 7.72177, l2 loss = 18.4731 (max 14.95), (true 951, predicted [417])
attack: step 10/10, xent loss = 7.46536, l2 loss = 19.191 (max 14.95), (true 951, predicted [417])
check failed
true = 951, adv = 417
evaluating 86 of [80, 90)
attack: step 1/10, xent loss = 4.89076, l2 loss = 0 (max 14.95), (true 748, predicted [692])
attack: step 2/10, xent loss = 5.57837, l2 loss = 4.74465 (max 14.95), (true 748, predicted [692])
attack: step 3/10, xent loss = 6.68189, l2 loss = 6.30063 (max 14.95), (true 748, predicted [793])
attack: step 4/10, xent loss = 7.87343, l2 loss = 8.68747 (max 14.95), (true 748, predicted [692])
attack: step 5/10, xent loss = 6.28058, l2 loss = 9.67869 (max 14.95), (true 748, predicted [728])
attack: step 6/10, xent loss = 7.01134, l2 loss = 10.9872 (max 14.95), (true 748, predicted [728])
attack: step 7/10, xent loss = 8.10802, l2 loss = 12.1601 (max 14.95), (true 748, predicted [793])
attack: step 8/10, xent loss = 5.4407, l2 loss = 13.5422 (max 14.95), (true 748, predicted [728])
attack: step 9/10, xent loss = 9.26006, l2 loss = 14.2293 (max 14.95), (true 748, predicted [692])
attack: step 10/10, xent loss = 7.86925, l2 loss = 14.7832 (max 14.95), (true 748, predicted [728])
check failed
true = 748, adv = 728
evaluating 87 of [80, 90)
attack: step 1/10, xent loss = 6.22893, l2 loss = 0 (max 14.95), (true 610, predicted [728])
attack: step 2/10, xent loss = 9.21822, l2 loss = 5.04539 (max 14.95), (true 610, predicted [728])
attack: step 3/10, xent loss = 8.50159, l2 loss = 11.991 (max 14.95), (true 610, predicted [728])
attack: step 4/10, xent loss = 11.139, l2 loss = 15.1526 (max 14.95), (true 610, predicted [728])
attack: step 5/10, xent loss = 11.2412, l2 loss = 17.3886 (max 14.95), (true 610, predicted [728])
attack: step 6/10, xent loss = 10.1733, l2 loss = 20.6006 (max 14.95), (true 610, predicted [728])
attack: step 7/10, xent loss = 10.0251, l2 loss = 22.4987 (max 14.95), (true 610, predicted [728])
attack: step 8/10, xent loss = 14.0537, l2 loss = 24.3047 (max 14.95), (true 610, predicted [728])
attack: step 9/10, xent loss = 14.3138, l2 loss = 26.1739 (max 14.95), (true 610, predicted [728])
attack: step 10/10, xent loss = 15.6605, l2 loss = 27.7133 (max 14.95), (true 610, predicted [728])
check failed
true = 610, adv = 728
evaluating 88 of [80, 90)
attack: step 1/10, xent loss = 5.17126, l2 loss = 0 (max 14.95), (true 634, predicted [478])
attack: step 2/10, xent loss = 6.85657, l2 loss = 3.45784 (max 14.95), (true 634, predicted [478])
attack: step 3/10, xent loss = 6.32187, l2 loss = 5.07468 (max 14.95), (true 634, predicted [478])
attack: step 4/10, xent loss = 7.06706, l2 loss = 6.14497 (max 14.95), (true 634, predicted [478])
attack: step 5/10, xent loss = 7.41595, l2 loss = 7.08968 (max 14.95), (true 634, predicted [478])
attack: step 6/10, xent loss = 6.46014, l2 loss = 7.89908 (max 14.95), (true 634, predicted [478])
attack: step 7/10, xent loss = 7.58436, l2 loss = 8.43193 (max 14.95), (true 634, predicted [858])
attack: step 8/10, xent loss = 6.81443, l2 loss = 8.80886 (max 14.95), (true 634, predicted [858])
attack: step 9/10, xent loss = 7.4629, l2 loss = 9.52418 (max 14.95), (true 634, predicted [858])
attack: step 10/10, xent loss = 6.75913, l2 loss = 9.91045 (max 14.95), (true 634, predicted [478])
true = 634, adv = 478
evaluating 89 of [80, 90)
attack: step 1/10, xent loss = 6.76705, l2 loss = 0 (max 14.95), (true 523, predicted [501])
attack: step 2/10, xent loss = 6.23903, l2 loss = 2.32387 (max 14.95), (true 523, predicted [869])
attack: step 3/10, xent loss = 8.25867, l2 loss = 3.92774 (max 14.95), (true 523, predicted [879])
attack: step 4/10, xent loss = 7.87175, l2 loss = 6.1295 (max 14.95), (true 523, predicted [501])
attack: step 5/10, xent loss = 6.92554, l2 loss = 6.82426 (max 14.95), (true 523, predicted [501])
attack: step 6/10, xent loss = 6.70795, l2 loss = 7.24238 (max 14.95), (true 523, predicted [869])
attack: step 7/10, xent loss = 7.33746, l2 loss = 7.78981 (max 14.95), (true 523, predicted [869])
attack: step 8/10, xent loss = 7.0146, l2 loss = 8.31149 (max 14.95), (true 523, predicted [501])
attack: step 9/10, xent loss = 6.92624, l2 loss = 9.38596 (max 14.95), (true 523, predicted [501])
attack: step 10/10, xent loss = 6.9549, l2 loss = 9.90047 (max 14.95), (true 523, predicted [501])
true = 523, adv = 501
