2019-11-04 05:45:45.452914: I tensorflow/core/platform/cpu_feature_guard.cc:141] Your CPU supports instructions that this TensorFlow binary was not compiled to use: SSE4.1 SSE4.2 AVX AVX2 FMA
2019-11-04 05:45:45.459148: I tensorflow/core/platform/profile_utils/cpu_utils.cc:94] CPU Frequency: 2599995000 Hz
2019-11-04 05:45:45.459288: I tensorflow/compiler/xla/service/service.cc:150] XLA service 0x55555902fbb0 executing computations on platform Host. Devices:
2019-11-04 05:45:45.459308: I tensorflow/compiler/xla/service/service.cc:158]   StreamExecutor device (0): <undefined>, <undefined>
2019-11-04 05:45:45.459541: I tensorflow/core/common_runtime/process_util.cc:71] Creating new thread pool with default inter op setting: 2. Tune using inter_op_parallelism_threads for best performance.
evaluating 50 of [50, 60)
attack: step 1/1, xent loss = 5.6267, l2 loss = 19.0358 (max 14.95), (true 211, predicted [209])
check failed
true = 211, adv = 209
evaluating 51 of [50, 60)
attack: step 1/1, xent loss = 6.60592, l2 loss = 19.5642 (max 14.95), (true 310, predicted [71])
check failed
true = 310, adv = 71
evaluating 52 of [50, 60)
attack: step 1/1, xent loss = 2.98833, l2 loss = 17.0748 (max 14.95), (true 809, predicted [666])
check failed
true = 809, adv = 967
evaluating 53 of [50, 60)
attack: step 1/1, xent loss = 11.9058, l2 loss = 29.8848 (max 14.95), (true 978, predicted [457])
check failed
true = 978, adv = 693
evaluating 54 of [50, 60)
attack: step 1/1, xent loss = 4.37692, l2 loss = 19.7755 (max 14.95), (true 819, predicted [689])
check failed
true = 819, adv = 689
evaluating 55 of [50, 60)
attack: step 1/1, xent loss = 5.16176, l2 loss = 32.5448 (max 14.95), (true 590, predicted [878])
check failed
true = 590, adv = 728
evaluating 56 of [50, 60)
attack: step 1/1, xent loss = 0.0925828, l2 loss = 36.7247 (max 14.95), (true 181, predicted [181])
check failed
true = 181, adv = 728
evaluating 57 of [50, 60)
attack: step 1/1, xent loss = 3.80034, l2 loss = 16.2802 (max 14.95), (true 141, predicted [139])
check failed
true = 141, adv = 139
evaluating 58 of [50, 60)
attack: step 1/1, xent loss = 12.3126, l2 loss = 22.9806 (max 14.95), (true 391, predicted [795])
check failed
true = 391, adv = 795
evaluating 59 of [50, 60)
attack: step 1/1, xent loss = 0.642241, l2 loss = 17.9175 (max 14.95), (true 352, predicted [352])
check failed
true = 352, adv = 728
