2019-06-03 21:55:33.610480: I tensorflow/core/platform/cpu_feature_guard.cc:141] Your CPU supports instructions that this TensorFlow binary was not compiled to use: SSE4.1 SSE4.2 AVX AVX2 FMA
2019-06-03 21:55:33.938918: I tensorflow/core/platform/profile_utils/cpu_utils.cc:94] CPU Frequency: 2599985000 Hz
2019-06-03 21:55:33.947186: I tensorflow/compiler/xla/service/service.cc:150] XLA service 0x2aaae6e49b60 executing computations on platform Host. Devices:
2019-06-03 21:55:33.947924: I tensorflow/compiler/xla/service/service.cc:158]   StreamExecutor device (0): <undefined>, <undefined>
2019-06-03 21:55:33.954563: I tensorflow/core/common_runtime/process_util.cc:71] Creating new thread pool with default inter op setting: 2. Tune using inter_op_parallelism_threads for best performance.
evaluating 580 of [580, 590)
attack: step 1/10, xent loss = 0.134877, l2 loss = 0 (max 14.95), (true 956, predicted [956])
attack: step 2/10, xent loss = 0.258069, l2 loss = 0.413803 (max 14.95), (true 956, predicted [956])
attack: step 3/10, xent loss = 0.234965, l2 loss = 0.781018 (max 14.95), (true 956, predicted [956])
attack: step 4/10, xent loss = 0.406782, l2 loss = 1.05144 (max 14.95), (true 956, predicted [956])
attack: step 5/10, xent loss = 0.912179, l2 loss = 1.58028 (max 14.95), (true 956, predicted [956])
attack: step 6/10, xent loss = 1.77789, l2 loss = 2.6896 (max 14.95), (true 956, predicted [599])
attack: step 7/10, xent loss = 2.72788, l2 loss = 4.58652 (max 14.95), (true 956, predicted [599])
attack: step 8/10, xent loss = 4.91544, l2 loss = 5.8358 (max 14.95), (true 956, predicted [599])
attack: step 9/10, xent loss = 6.30879, l2 loss = 6.93191 (max 14.95), (true 956, predicted [599])
attack: step 10/10, xent loss = 8.20003, l2 loss = 7.81245 (max 14.95), (true 956, predicted [599])
true = 956, adv = 599
evaluating 581 of [580, 590)
attack: step 1/10, xent loss = 1.74411, l2 loss = 0 (max 14.95), (true 199, predicted [199])
attack: step 2/10, xent loss = 1.29279, l2 loss = 6.85676 (max 14.95), (true 199, predicted [199])
attack: step 3/10, xent loss = 3.76223, l2 loss = 7.55907 (max 14.95), (true 199, predicted [227])
attack: step 4/10, xent loss = 6.75168, l2 loss = 9.08277 (max 14.95), (true 199, predicted [227])
attack: step 5/10, xent loss = 8.26056, l2 loss = 9.8819 (max 14.95), (true 199, predicted [537])
attack: step 6/10, xent loss = 8.30081, l2 loss = 10.4714 (max 14.95), (true 199, predicted [537])
attack: step 7/10, xent loss = 9.65707, l2 loss = 10.847 (max 14.95), (true 199, predicted [537])
attack: step 8/10, xent loss = 9.23745, l2 loss = 11.272 (max 14.95), (true 199, predicted [537])
attack: step 9/10, xent loss = 9.86584, l2 loss = 12.0404 (max 14.95), (true 199, predicted [537])
attack: step 10/10, xent loss = 12.8301, l2 loss = 12.8935 (max 14.95), (true 199, predicted [537])
true = 199, adv = 537
evaluating 582 of [580, 590)
attack: step 1/10, xent loss = 0.0321352, l2 loss = 0 (max 14.95), (true 609, predicted [609])
attack: step 2/10, xent loss = 0.0216885, l2 loss = 0.06856 (max 14.95), (true 609, predicted [609])
attack: step 3/10, xent loss = 0.0334468, l2 loss = 0.081475 (max 14.95), (true 609, predicted [609])
attack: step 4/10, xent loss = 0.0357608, l2 loss = 0.108184 (max 14.95), (true 609, predicted [609])
attack: step 5/10, xent loss = 0.0294994, l2 loss = 0.129532 (max 14.95), (true 609, predicted [609])
attack: step 6/10, xent loss = 0.0728804, l2 loss = 0.145524 (max 14.95), (true 609, predicted [609])
attack: step 7/10, xent loss = 0.0293082, l2 loss = 0.200503 (max 14.95), (true 609, predicted [609])
attack: step 8/10, xent loss = 0.0499155, l2 loss = 0.212905 (max 14.95), (true 609, predicted [609])
attack: step 9/10, xent loss = 0.0350029, l2 loss = 0.240701 (max 14.95), (true 609, predicted [609])
attack: step 10/10, xent loss = 0.0557686, l2 loss = 0.256682 (max 14.95), (true 609, predicted [609])
true = 609, adv = 609
evaluating 583 of [580, 590)
attack: step 1/10, xent loss = 1.98734, l2 loss = 0 (max 14.95), (true 957, predicted [728])
attack: step 2/10, xent loss = 7.33748, l2 loss = 5.04318 (max 14.95), (true 957, predicted [728])
attack: step 3/10, xent loss = 9.76335, l2 loss = 10.3506 (max 14.95), (true 957, predicted [728])
attack: step 4/10, xent loss = 14.9826, l2 loss = 13.4826 (max 14.95), (true 957, predicted [728])
attack: step 5/10, xent loss = 18.0991, l2 loss = 15.4641 (max 14.95), (true 957, predicted [728])
attack: step 6/10, xent loss = 20.8044, l2 loss = 17.9512 (max 14.95), (true 957, predicted [728])
attack: step 7/10, xent loss = 21.606, l2 loss = 19.343 (max 14.95), (true 957, predicted [728])
attack: step 8/10, xent loss = 25.0781, l2 loss = 20.7356 (max 14.95), (true 957, predicted [728])
attack: step 9/10, xent loss = 25.704, l2 loss = 22.1839 (max 14.95), (true 957, predicted [728])
attack: step 10/10, xent loss = 27.7446, l2 loss = 23.4481 (max 14.95), (true 957, predicted [728])
check failed
true = 957, adv = 728
evaluating 584 of [580, 590)
attack: step 1/10, xent loss = 0.0411391, l2 loss = 0 (max 14.95), (true 525, predicted [525])
attack: step 2/10, xent loss = 0.0708976, l2 loss = 0.237481 (max 14.95), (true 525, predicted [525])
attack: step 3/10, xent loss = 0.218109, l2 loss = 0.484348 (max 14.95), (true 525, predicted [525])
attack: step 4/10, xent loss = 0.0975746, l2 loss = 1.19818 (max 14.95), (true 525, predicted [525])
attack: step 5/10, xent loss = 0.0502304, l2 loss = 1.32844 (max 14.95), (true 525, predicted [525])
attack: step 6/10, xent loss = 0.0776591, l2 loss = 1.39873 (max 14.95), (true 525, predicted [525])
attack: step 7/10, xent loss = 0.195773, l2 loss = 1.48828 (max 14.95), (true 525, predicted [525])
attack: step 8/10, xent loss = 0.0519322, l2 loss = 1.98298 (max 14.95), (true 525, predicted [525])
attack: step 9/10, xent loss = 0.089757, l2 loss = 2.02992 (max 14.95), (true 525, predicted [525])
attack: step 10/10, xent loss = 0.30427, l2 loss = 2.12912 (max 14.95), (true 525, predicted [525])
true = 525, adv = 525
evaluating 585 of [580, 590)
attack: step 1/10, xent loss = 6.53991, l2 loss = 0 (max 14.95), (true 47, predicted [71])
attack: step 2/10, xent loss = 6.59993, l2 loss = 3.20758 (max 14.95), (true 47, predicted [71])
attack: step 3/10, xent loss = 8.87261, l2 loss = 4.97253 (max 14.95), (true 47, predicted [71])
attack: step 4/10, xent loss = 8.95611, l2 loss = 5.59995 (max 14.95), (true 47, predicted [71])
attack: step 5/10, xent loss = 9.2234, l2 loss = 6.50191 (max 14.95), (true 47, predicted [71])
attack: step 6/10, xent loss = 9.4709, l2 loss = 8.11354 (max 14.95), (true 47, predicted [71])
attack: step 7/10, xent loss = 8.9899, l2 loss = 8.28755 (max 14.95), (true 47, predicted [71])
attack: step 8/10, xent loss = 10.9802, l2 loss = 8.55833 (max 14.95), (true 47, predicted [71])
attack: step 9/10, xent loss = 10.6075, l2 loss = 8.99412 (max 14.95), (true 47, predicted [71])
attack: step 10/10, xent loss = 9.0504, l2 loss = 9.61798 (max 14.95), (true 47, predicted [126])
true = 47, adv = 71
evaluating 586 of [580, 590)
attack: step 1/10, xent loss = 0.534845, l2 loss = 0 (max 14.95), (true 836, predicted [836])
attack: step 2/10, xent loss = 0.624554, l2 loss = 0.782655 (max 14.95), (true 836, predicted [836])
attack: step 3/10, xent loss = 0.846686, l2 loss = 1.13418 (max 14.95), (true 836, predicted [836])
attack: step 4/10, xent loss = 0.746288, l2 loss = 1.86979 (max 14.95), (true 836, predicted [836])
attack: step 5/10, xent loss = 0.827401, l2 loss = 2.15864 (max 14.95), (true 836, predicted [837])
attack: step 6/10, xent loss = 0.601223, l2 loss = 2.35821 (max 14.95), (true 836, predicted [836])
attack: step 7/10, xent loss = 1.00846, l2 loss = 2.53081 (max 14.95), (true 836, predicted [837])
attack: step 8/10, xent loss = 1.40047, l2 loss = 2.92136 (max 14.95), (true 836, predicted [836])
attack: step 9/10, xent loss = 2.75561, l2 loss = 4.78563 (max 14.95), (true 836, predicted [762])
attack: step 10/10, xent loss = 2.17849, l2 loss = 6.74986 (max 14.95), (true 836, predicted [837])
true = 836, adv = 762
evaluating 587 of [580, 590)
attack: step 1/10, xent loss = 0.0317604, l2 loss = 0 (max 14.95), (true 749, predicted [749])
attack: step 2/10, xent loss = 0.0575401, l2 loss = 0.264133 (max 14.95), (true 749, predicted [749])
attack: step 3/10, xent loss = 0.341145, l2 loss = 0.442293 (max 14.95), (true 749, predicted [749])
attack: step 4/10, xent loss = 0.109477, l2 loss = 1.76783 (max 14.95), (true 749, predicted [749])
attack: step 5/10, xent loss = 0.267431, l2 loss = 1.93838 (max 14.95), (true 749, predicted [749])
attack: step 6/10, xent loss = 0.124031, l2 loss = 2.60546 (max 14.95), (true 749, predicted [749])
attack: step 7/10, xent loss = 0.906883, l2 loss = 2.76897 (max 14.95), (true 749, predicted [749])
attack: step 8/10, xent loss = 3.64014, l2 loss = 4.59495 (max 14.95), (true 749, predicted [960])
attack: step 9/10, xent loss = 5.02392, l2 loss = 7.8444 (max 14.95), (true 749, predicted [960])
attack: step 10/10, xent loss = 6.33483, l2 loss = 8.72638 (max 14.95), (true 749, predicted [960])
true = 749, adv = 960
evaluating 588 of [580, 590)
attack: step 1/10, xent loss = 0.0107763, l2 loss = 0 (max 14.95), (true 940, predicted [940])
attack: step 2/10, xent loss = 0.0860884, l2 loss = 0.0433096 (max 14.95), (true 940, predicted [940])
attack: step 3/10, xent loss = 0.0351889, l2 loss = 0.341126 (max 14.95), (true 940, predicted [940])
attack: step 4/10, xent loss = 0.0123784, l2 loss = 0.385648 (max 14.95), (true 940, predicted [940])
attack: step 5/10, xent loss = 0.0135225, l2 loss = 0.393745 (max 14.95), (true 940, predicted [940])
attack: step 6/10, xent loss = 0.0182143, l2 loss = 0.401023 (max 14.95), (true 940, predicted [940])
attack: step 7/10, xent loss = 0.0158294, l2 loss = 0.416744 (max 14.95), (true 940, predicted [940])
attack: step 8/10, xent loss = 0.0155043, l2 loss = 0.428258 (max 14.95), (true 940, predicted [940])
attack: step 9/10, xent loss = 0.0864502, l2 loss = 0.441314 (max 14.95), (true 940, predicted [940])
attack: step 10/10, xent loss = 0.018966, l2 loss = 0.587065 (max 14.95), (true 940, predicted [940])
true = 940, adv = 940
evaluating 589 of [580, 590)
attack: step 1/10, xent loss = 1.58992, l2 loss = 0 (max 14.95), (true 400, predicted [667])
attack: step 2/10, xent loss = 1.40499, l2 loss = 1.58061 (max 14.95), (true 400, predicted [667])
attack: step 3/10, xent loss = 0.839511, l2 loss = 2.13076 (max 14.95), (true 400, predicted [667])
attack: step 4/10, xent loss = 1.32506, l2 loss = 2.42995 (max 14.95), (true 400, predicted [667])
attack: step 5/10, xent loss = 1.24549, l2 loss = 2.83303 (max 14.95), (true 400, predicted [667])
attack: step 6/10, xent loss = 1.2737, l2 loss = 3.16322 (max 14.95), (true 400, predicted [667])
attack: step 7/10, xent loss = 1.65111, l2 loss = 3.46975 (max 14.95), (true 400, predicted [667])
attack: step 8/10, xent loss = 1.44748, l2 loss = 3.85596 (max 14.95), (true 400, predicted [667])
attack: step 9/10, xent loss = 1.96931, l2 loss = 4.17164 (max 14.95), (true 400, predicted [667])
attack: step 10/10, xent loss = 2.21933, l2 loss = 4.61692 (max 14.95), (true 400, predicted [667])
true = 400, adv = 667
