2019-06-26 06:30:36.409354: I tensorflow/core/platform/cpu_feature_guard.cc:141] Your CPU supports instructions that this TensorFlow binary was not compiled to use: SSE4.1 SSE4.2 AVX AVX2 FMA
2019-06-26 06:30:36.415416: I tensorflow/core/platform/profile_utils/cpu_utils.cc:94] CPU Frequency: 2600035000 Hz
2019-06-26 06:30:36.415576: I tensorflow/compiler/xla/service/service.cc:150] XLA service 0x2aaae6e49db0 executing computations on platform Host. Devices:
2019-06-26 06:30:36.415597: I tensorflow/compiler/xla/service/service.cc:158]   StreamExecutor device (0): <undefined>, <undefined>
2019-06-26 06:30:36.415828: I tensorflow/core/common_runtime/process_util.cc:71] Creating new thread pool with default inter op setting: 2. Tune using inter_op_parallelism_threads for best performance.
evaluating 910 of [910, 920)
attack: step 1/10, xent loss = 13.366, l2 loss = 16.1515 (max 14.95), (true 762, predicted [830])
attack: step 2/10, xent loss = 12.355, l2 loss = 17.8008 (max 14.95), (true 762, predicted [830])
attack: step 3/10, xent loss = 15.2091, l2 loss = 19.3063 (max 14.95), (true 762, predicted [830])
attack: step 4/10, xent loss = 16.4446, l2 loss = 20.2433 (max 14.95), (true 762, predicted [830])
attack: step 5/10, xent loss = 16.3741, l2 loss = 22.0755 (max 14.95), (true 762, predicted [830])
attack: step 6/10, xent loss = 17.8009, l2 loss = 23.2699 (max 14.95), (true 762, predicted [830])
attack: step 7/10, xent loss = 20.5991, l2 loss = 24.7406 (max 14.95), (true 762, predicted [830])
attack: step 8/10, xent loss = 20.8383, l2 loss = 25.5867 (max 14.95), (true 762, predicted [830])
attack: step 9/10, xent loss = 22.3018, l2 loss = 26.4423 (max 14.95), (true 762, predicted [830])
attack: step 10/10, xent loss = 25.4482, l2 loss = 27.2583 (max 14.95), (true 762, predicted [830])
check failed
true = 762, adv = 830
evaluating 911 of [910, 920)
attack: step 1/10, xent loss = 12.2169, l2 loss = 12.3634 (max 14.95), (true 234, predicted [165])
attack: step 2/10, xent loss = 10.7683, l2 loss = 13.3846 (max 14.95), (true 234, predicted [165])
attack: step 3/10, xent loss = 12.3584, l2 loss = 14.5006 (max 14.95), (true 234, predicted [165])
attack: step 4/10, xent loss = 12.7944, l2 loss = 15.7399 (max 14.95), (true 234, predicted [165])
attack: step 5/10, xent loss = 14.6157, l2 loss = 16.3837 (max 14.95), (true 234, predicted [165])
attack: step 6/10, xent loss = 14.028, l2 loss = 16.9452 (max 14.95), (true 234, predicted [165])
attack: step 7/10, xent loss = 15.2872, l2 loss = 17.669 (max 14.95), (true 234, predicted [165])
attack: step 8/10, xent loss = 14.709, l2 loss = 18.0441 (max 14.95), (true 234, predicted [165])
attack: step 9/10, xent loss = 13.0919, l2 loss = 19.3282 (max 14.95), (true 234, predicted [165])
attack: step 10/10, xent loss = 15.3752, l2 loss = 19.6312 (max 14.95), (true 234, predicted [165])
check failed
true = 234, adv = 165
evaluating 912 of [910, 920)
attack: step 1/10, xent loss = 23.9024, l2 loss = 26.9777 (max 14.95), (true 54, predicted [728])
attack: step 2/10, xent loss = 26.2761, l2 loss = 28.7411 (max 14.95), (true 54, predicted [728])
attack: step 3/10, xent loss = 24.1699, l2 loss = 30.1338 (max 14.95), (true 54, predicted [728])
attack: step 4/10, xent loss = 27.9243, l2 loss = 31.2698 (max 14.95), (true 54, predicted [728])
attack: step 5/10, xent loss = 31.6802, l2 loss = 32.373 (max 14.95), (true 54, predicted [728])
attack: step 6/10, xent loss = 28.4748, l2 loss = 33.9723 (max 14.95), (true 54, predicted [728])
attack: step 7/10, xent loss = 31.5736, l2 loss = 35.1414 (max 14.95), (true 54, predicted [728])
attack: step 8/10, xent loss = 32.8473, l2 loss = 36.1058 (max 14.95), (true 54, predicted [728])
attack: step 9/10, xent loss = 32.7548, l2 loss = 37.2794 (max 14.95), (true 54, predicted [728])
attack: step 10/10, xent loss = 35.4954, l2 loss = 38.6551 (max 14.95), (true 54, predicted [728])
check failed
true = 54, adv = 728
evaluating 913 of [910, 920)
attack: step 1/10, xent loss = 9.60458, l2 loss = 8.84228 (max 14.95), (true 259, predicted [154])
attack: step 2/10, xent loss = 10.2283, l2 loss = 9.34449 (max 14.95), (true 259, predicted [154])
attack: step 3/10, xent loss = 10.2463, l2 loss = 9.77682 (max 14.95), (true 259, predicted [154])
attack: step 4/10, xent loss = 11.3562, l2 loss = 10.0631 (max 14.95), (true 259, predicted [154])
attack: step 5/10, xent loss = 10.8736, l2 loss = 10.468 (max 14.95), (true 259, predicted [154])
attack: step 6/10, xent loss = 11.0337, l2 loss = 11.0334 (max 14.95), (true 259, predicted [154])
attack: step 7/10, xent loss = 11.4128, l2 loss = 11.4122 (max 14.95), (true 259, predicted [154])
attack: step 8/10, xent loss = 12.0534, l2 loss = 11.7248 (max 14.95), (true 259, predicted [154])
attack: step 9/10, xent loss = 10.9969, l2 loss = 12.2922 (max 14.95), (true 259, predicted [154])
attack: step 10/10, xent loss = 12.6407, l2 loss = 12.8893 (max 14.95), (true 259, predicted [154])
true = 259, adv = 154
evaluating 914 of [910, 920)
attack: step 1/10, xent loss = 18.9486, l2 loss = 19.9492 (max 14.95), (true 188, predicted [728])
attack: step 2/10, xent loss = 20.0016, l2 loss = 22.1273 (max 14.95), (true 188, predicted [728])
attack: step 3/10, xent loss = 24.5728, l2 loss = 23.6977 (max 14.95), (true 188, predicted [728])
attack: step 4/10, xent loss = 22.554, l2 loss = 25.2486 (max 14.95), (true 188, predicted [728])
attack: step 5/10, xent loss = 23.0627, l2 loss = 26.6667 (max 14.95), (true 188, predicted [728])
attack: step 6/10, xent loss = 25.6212, l2 loss = 27.6403 (max 14.95), (true 188, predicted [728])
attack: step 7/10, xent loss = 30.3991, l2 loss = 28.5542 (max 14.95), (true 188, predicted [728])
attack: step 8/10, xent loss = 29.0172, l2 loss = 29.7025 (max 14.95), (true 188, predicted [728])
attack: step 9/10, xent loss = 32.525, l2 loss = 31.0643 (max 14.95), (true 188, predicted [728])
attack: step 10/10, xent loss = 34.4917, l2 loss = 31.8186 (max 14.95), (true 188, predicted [728])
check failed
true = 188, adv = 728
evaluating 915 of [910, 920)
attack: step 1/10, xent loss = 8.39442, l2 loss = 12.0574 (max 14.95), (true 692, predicted [860])
attack: step 2/10, xent loss = 9.35017, l2 loss = 12.696 (max 14.95), (true 692, predicted [860])
attack: step 3/10, xent loss = 10.2894, l2 loss = 13.3662 (max 14.95), (true 692, predicted [860])
attack: step 4/10, xent loss = 9.57447, l2 loss = 13.9933 (max 14.95), (true 692, predicted [860])
attack: step 5/10, xent loss = 9.62275, l2 loss = 14.7055 (max 14.95), (true 692, predicted [860])
attack: step 6/10, xent loss = 10.9185, l2 loss = 15.24 (max 14.95), (true 692, predicted [860])
attack: step 7/10, xent loss = 10.231, l2 loss = 15.719 (max 14.95), (true 692, predicted [860])
attack: step 8/10, xent loss = 10.637, l2 loss = 16.2555 (max 14.95), (true 692, predicted [860])
attack: step 9/10, xent loss = 10.7999, l2 loss = 16.8035 (max 14.95), (true 692, predicted [860])
attack: step 10/10, xent loss = 11.006, l2 loss = 17.3227 (max 14.95), (true 692, predicted [860])
check failed
true = 692, adv = 860
evaluating 916 of [910, 920)
attack: step 1/10, xent loss = 7.26288, l2 loss = 12.3152 (max 14.95), (true 971, predicted [982])
attack: step 2/10, xent loss = 8.38822, l2 loss = 12.9938 (max 14.95), (true 971, predicted [793])
attack: step 3/10, xent loss = 8.71643, l2 loss = 13.2745 (max 14.95), (true 971, predicted [793])
attack: step 4/10, xent loss = 10.247, l2 loss = 13.5547 (max 14.95), (true 971, predicted [793])
attack: step 5/10, xent loss = 10.5297, l2 loss = 14.3213 (max 14.95), (true 971, predicted [793])
attack: step 6/10, xent loss = 13.3077, l2 loss = 15.9061 (max 14.95), (true 971, predicted [728])
attack: step 7/10, xent loss = 13.6099, l2 loss = 17.5589 (max 14.95), (true 971, predicted [793])
attack: step 8/10, xent loss = 15.2738, l2 loss = 18.9631 (max 14.95), (true 971, predicted [793])
attack: step 9/10, xent loss = 17.1521, l2 loss = 21.2502 (max 14.95), (true 971, predicted [793])
attack: step 10/10, xent loss = 21.5006, l2 loss = 22.8512 (max 14.95), (true 971, predicted [793])
check failed
true = 971, adv = 793
evaluating 917 of [910, 920)
attack: step 1/10, xent loss = 9.79841, l2 loss = 6.18679 (max 14.95), (true 674, predicted [774])
attack: step 2/10, xent loss = 9.42247, l2 loss = 7.17399 (max 14.95), (true 674, predicted [774])
attack: step 3/10, xent loss = 10.3736, l2 loss = 7.74926 (max 14.95), (true 674, predicted [774])
attack: step 4/10, xent loss = 10.9052, l2 loss = 8.25685 (max 14.95), (true 674, predicted [774])
attack: step 5/10, xent loss = 10.2299, l2 loss = 8.8329 (max 14.95), (true 674, predicted [774])
attack: step 6/10, xent loss = 10.6925, l2 loss = 9.36909 (max 14.95), (true 674, predicted [774])
attack: step 7/10, xent loss = 10.7628, l2 loss = 10.1442 (max 14.95), (true 674, predicted [774])
attack: step 8/10, xent loss = 11.966, l2 loss = 10.8644 (max 14.95), (true 674, predicted [774])
attack: step 9/10, xent loss = 11.6073, l2 loss = 11.3844 (max 14.95), (true 674, predicted [774])
attack: step 10/10, xent loss = 12.6672, l2 loss = 11.9844 (max 14.95), (true 674, predicted [774])
true = 674, adv = 774
evaluating 918 of [910, 920)
attack: step 1/10, xent loss = 10.9474, l2 loss = 15.778 (max 14.95), (true 213, predicted [163])
attack: step 2/10, xent loss = 12.3724, l2 loss = 16.1629 (max 14.95), (true 213, predicted [163])
attack: step 3/10, xent loss = 11.0906, l2 loss = 17.0108 (max 14.95), (true 213, predicted [163])
attack: step 4/10, xent loss = 10.8965, l2 loss = 17.7106 (max 14.95), (true 213, predicted [163])
attack: step 5/10, xent loss = 12.9091, l2 loss = 18.831 (max 14.95), (true 213, predicted [163])
attack: step 6/10, xent loss = 12.2085, l2 loss = 19.2472 (max 14.95), (true 213, predicted [163])
attack: step 7/10, xent loss = 13.7717, l2 loss = 20.0327 (max 14.95), (true 213, predicted [163])
attack: step 8/10, xent loss = 12.7754, l2 loss = 20.715 (max 14.95), (true 213, predicted [163])
attack: step 9/10, xent loss = 11.7346, l2 loss = 21.5076 (max 14.95), (true 213, predicted [163])
attack: step 10/10, xent loss = 10.4247, l2 loss = 22.4789 (max 14.95), (true 213, predicted [163])
check failed
true = 213, adv = 163
evaluating 919 of [910, 920)
attack: step 1/10, xent loss = 9.98174, l2 loss = 10.2507 (max 14.95), (true 519, predicted [692])
attack: step 2/10, xent loss = 12.657, l2 loss = 10.876 (max 14.95), (true 519, predicted [692])
attack: step 3/10, xent loss = 11.7182, l2 loss = 11.6179 (max 14.95), (true 519, predicted [692])
attack: step 4/10, xent loss = 11.1767, l2 loss = 12.2771 (max 14.95), (true 519, predicted [692])
attack: step 5/10, xent loss = 12.9711, l2 loss = 13.0449 (max 14.95), (true 519, predicted [692])
attack: step 6/10, xent loss = 12.4926, l2 loss = 13.5978 (max 14.95), (true 519, predicted [692])
attack: step 7/10, xent loss = 14.6548, l2 loss = 14.3087 (max 14.95), (true 519, predicted [692])
attack: step 8/10, xent loss = 14.9026, l2 loss = 14.8434 (max 14.95), (true 519, predicted [692])
attack: step 9/10, xent loss = 14.2599, l2 loss = 15.4294 (max 14.95), (true 519, predicted [692])
attack: step 10/10, xent loss = 13.8413, l2 loss = 15.9511 (max 14.95), (true 519, predicted [692])
check failed
true = 519, adv = 692
