2019-05-24 18:46:48.192136: I tensorflow/core/platform/cpu_feature_guard.cc:141] Your CPU supports instructions that this TensorFlow binary was not compiled to use: SSE4.1 SSE4.2 AVX AVX2 FMA
2019-05-24 18:46:48.984484: I tensorflow/core/platform/profile_utils/cpu_utils.cc:94] CPU Frequency: 2600005000 Hz
2019-05-24 18:46:48.986923: I tensorflow/compiler/xla/service/service.cc:150] XLA service 0x2aaae6bc0150 executing computations on platform Host. Devices:
2019-05-24 18:46:48.986961: I tensorflow/compiler/xla/service/service.cc:158]   StreamExecutor device (0): <undefined>, <undefined>
2019-05-24 18:46:48.988962: I tensorflow/core/common_runtime/process_util.cc:71] Creating new thread pool with default inter op setting: 2. Tune using inter_op_parallelism_threads for best performance.
evaluating 360 of [360, 370)
attack: step 1/10, xent loss = 0.0980498, l2 loss = 0 (max 14.95), (true 667, predicted [667])
attack: step 2/10, xent loss = 0.183, l2 loss = 0.320803 (max 14.95), (true 667, predicted [667])
attack: step 3/10, xent loss = 0.0288638, l2 loss = 0.751632 (max 14.95), (true 667, predicted [667])
attack: step 4/10, xent loss = 0.0357917, l2 loss = 0.76211 (max 14.95), (true 667, predicted [667])
attack: step 5/10, xent loss = 0.20717, l2 loss = 0.787551 (max 14.95), (true 667, predicted [667])
attack: step 6/10, xent loss = 0.4115, l2 loss = 1.35395 (max 14.95), (true 667, predicted [667])
attack: step 7/10, xent loss = 0.466238, l2 loss = 2.16454 (max 14.95), (true 667, predicted [667])
attack: step 8/10, xent loss = 0.242163, l2 loss = 3.43625 (max 14.95), (true 667, predicted [667])
attack: step 9/10, xent loss = 1.76516, l2 loss = 3.62189 (max 14.95), (true 667, predicted [667])
attack: step 10/10, xent loss = 2.44643, l2 loss = 9.10065 (max 14.95), (true 667, predicted [587])
true = 667, adv = 587
evaluating 361 of [360, 370)
attack: step 1/10, xent loss = 6.97446, l2 loss = 0 (max 14.95), (true 84, predicted [793])
attack: step 2/10, xent loss = 9.10137, l2 loss = 3.96799 (max 14.95), (true 84, predicted [793])
attack: step 3/10, xent loss = 10.433, l2 loss = 6.11517 (max 14.95), (true 84, predicted [793])
attack: step 4/10, xent loss = 11.3931, l2 loss = 8.53224 (max 14.95), (true 84, predicted [728])
attack: step 5/10, xent loss = 9.26044, l2 loss = 12.3944 (max 14.95), (true 84, predicted [728])
attack: step 6/10, xent loss = 10.4446, l2 loss = 13.4427 (max 14.95), (true 84, predicted [728])
attack: step 7/10, xent loss = 9.86023, l2 loss = 14.9736 (max 14.95), (true 84, predicted [793])
attack: step 8/10, xent loss = 12.7914, l2 loss = 15.5774 (max 14.95), (true 84, predicted [793])
attack: step 9/10, xent loss = 10.1378, l2 loss = 16.2933 (max 14.95), (true 84, predicted [793])
attack: step 10/10, xent loss = 9.55691, l2 loss = 16.9104 (max 14.95), (true 84, predicted [728])
check failed
true = 84, adv = 793
evaluating 362 of [360, 370)
attack: step 1/10, xent loss = 3.99896, l2 loss = 0 (max 14.95), (true 542, predicted [477])
attack: step 2/10, xent loss = 1.69807, l2 loss = 4.63523 (max 14.95), (true 542, predicted [542])
attack: step 3/10, xent loss = 4.99433, l2 loss = 5.98805 (max 14.95), (true 542, predicted [795])
attack: step 4/10, xent loss = 6.58092, l2 loss = 7.83862 (max 14.95), (true 542, predicted [795])
attack: step 5/10, xent loss = 6.04622, l2 loss = 8.76617 (max 14.95), (true 542, predicted [795])
attack: step 6/10, xent loss = 7.221, l2 loss = 9.7212 (max 14.95), (true 542, predicted [795])
attack: step 7/10, xent loss = 7.42704, l2 loss = 10.6146 (max 14.95), (true 542, predicted [795])
attack: step 8/10, xent loss = 8.04663, l2 loss = 11.5943 (max 14.95), (true 542, predicted [795])
attack: step 9/10, xent loss = 7.99982, l2 loss = 13.3905 (max 14.95), (true 542, predicted [795])
attack: step 10/10, xent loss = 8.6958, l2 loss = 15.1917 (max 14.95), (true 542, predicted [795])
check failed
true = 542, adv = 795
evaluating 363 of [360, 370)
attack: step 1/10, xent loss = 2.39928, l2 loss = 0 (max 14.95), (true 717, predicted [408])
attack: step 2/10, xent loss = 1.62856, l2 loss = 7.9284 (max 14.95), (true 717, predicted [408])
attack: step 3/10, xent loss = 3.01146, l2 loss = 10.8371 (max 14.95), (true 717, predicted [408])
attack: step 4/10, xent loss = 5.50161, l2 loss = 12.8627 (max 14.95), (true 717, predicted [408])
attack: step 5/10, xent loss = 4.95331, l2 loss = 14.5098 (max 14.95), (true 717, predicted [408])
attack: step 6/10, xent loss = 5.83845, l2 loss = 16.5052 (max 14.95), (true 717, predicted [408])
attack: step 7/10, xent loss = 8.22911, l2 loss = 18.9463 (max 14.95), (true 717, predicted [509])
attack: step 8/10, xent loss = 6.92794, l2 loss = 19.6441 (max 14.95), (true 717, predicted [408])
attack: step 9/10, xent loss = 9.79827, l2 loss = 20.3316 (max 14.95), (true 717, predicted [509])
attack: step 10/10, xent loss = 8.40857, l2 loss = 21.2668 (max 14.95), (true 717, predicted [408])
check failed
true = 717, adv = 509
evaluating 364 of [360, 370)
attack: step 1/10, xent loss = 2.36176, l2 loss = 0 (max 14.95), (true 619, predicted [506])
attack: step 2/10, xent loss = 3.83565, l2 loss = 5.88237 (max 14.95), (true 619, predicted [506])
attack: step 3/10, xent loss = 4.20027, l2 loss = 7.69703 (max 14.95), (true 619, predicted [506])
attack: step 4/10, xent loss = 4.91262, l2 loss = 8.7413 (max 14.95), (true 619, predicted [506])
attack: step 5/10, xent loss = 5.77228, l2 loss = 10.4637 (max 14.95), (true 619, predicted [506])
attack: step 6/10, xent loss = 6.0909, l2 loss = 11.0867 (max 14.95), (true 619, predicted [506])
attack: step 7/10, xent loss = 5.70997, l2 loss = 11.9298 (max 14.95), (true 619, predicted [936])
attack: step 8/10, xent loss = 6.36995, l2 loss = 13.7354 (max 14.95), (true 619, predicted [936])
attack: step 9/10, xent loss = 8.7798, l2 loss = 14.7969 (max 14.95), (true 619, predicted [936])
attack: step 10/10, xent loss = 11.1502, l2 loss = 16.1261 (max 14.95), (true 619, predicted [936])
check failed
true = 619, adv = 936
evaluating 365 of [360, 370)
attack: step 1/10, xent loss = 7.7914, l2 loss = 0 (max 14.95), (true 481, predicted [446])
attack: step 2/10, xent loss = 8.1417, l2 loss = 1.98325 (max 14.95), (true 481, predicted [624])
attack: step 3/10, xent loss = 8.71505, l2 loss = 2.50293 (max 14.95), (true 481, predicted [624])
attack: step 4/10, xent loss = 8.21289, l2 loss = 2.89246 (max 14.95), (true 481, predicted [624])
attack: step 5/10, xent loss = 8.30377, l2 loss = 3.2518 (max 14.95), (true 481, predicted [470])
attack: step 6/10, xent loss = 7.91637, l2 loss = 3.63747 (max 14.95), (true 481, predicted [624])
attack: step 7/10, xent loss = 8.237, l2 loss = 3.97851 (max 14.95), (true 481, predicted [624])
attack: step 8/10, xent loss = 8.89374, l2 loss = 4.17178 (max 14.95), (true 481, predicted [788])
attack: step 9/10, xent loss = 8.43924, l2 loss = 4.36985 (max 14.95), (true 481, predicted [624])
attack: step 10/10, xent loss = 7.92056, l2 loss = 4.6781 (max 14.95), (true 481, predicted [624])
true = 481, adv = 624
evaluating 366 of [360, 370)
attack: step 1/10, xent loss = 3.85678, l2 loss = 0 (max 14.95), (true 13, predicted [19])
attack: step 2/10, xent loss = 7.80179, l2 loss = 4.16309 (max 14.95), (true 13, predicted [17])
attack: step 3/10, xent loss = 7.0857, l2 loss = 6.14067 (max 14.95), (true 13, predicted [14])
attack: step 4/10, xent loss = 7.8789, l2 loss = 6.99116 (max 14.95), (true 13, predicted [17])
attack: step 5/10, xent loss = 9.20223, l2 loss = 8.18165 (max 14.95), (true 13, predicted [17])
attack: step 6/10, xent loss = 9.46505, l2 loss = 8.77904 (max 14.95), (true 13, predicted [14])
attack: step 7/10, xent loss = 9.98398, l2 loss = 9.3532 (max 14.95), (true 13, predicted [14])
attack: step 8/10, xent loss = 9.22775, l2 loss = 9.70092 (max 14.95), (true 13, predicted [14])
attack: step 9/10, xent loss = 10.8509, l2 loss = 10.1447 (max 14.95), (true 13, predicted [14])
attack: step 10/10, xent loss = 9.9587, l2 loss = 10.7583 (max 14.95), (true 13, predicted [14])
true = 13, adv = 14
evaluating 367 of [360, 370)
attack: step 1/10, xent loss = 0.418949, l2 loss = 0 (max 14.95), (true 113, predicted [113])
attack: step 2/10, xent loss = 0.243285, l2 loss = 1.70407 (max 14.95), (true 113, predicted [113])
attack: step 3/10, xent loss = 0.976503, l2 loss = 1.98847 (max 14.95), (true 113, predicted [113])
attack: step 4/10, xent loss = 0.444514, l2 loss = 3.97083 (max 14.95), (true 113, predicted [113])
attack: step 5/10, xent loss = 0.939011, l2 loss = 4.2935 (max 14.95), (true 113, predicted [113])
attack: step 6/10, xent loss = 2.93085, l2 loss = 5.65933 (max 14.95), (true 113, predicted [36])
attack: step 7/10, xent loss = 4.14166, l2 loss = 8.33284 (max 14.95), (true 113, predicted [36])
attack: step 8/10, xent loss = 5.76431, l2 loss = 10.2542 (max 14.95), (true 113, predicted [36])
attack: step 9/10, xent loss = 7.79136, l2 loss = 11.6175 (max 14.95), (true 113, predicted [36])
attack: step 10/10, xent loss = 7.99923, l2 loss = 12.6494 (max 14.95), (true 113, predicted [36])
true = 113, adv = 36
evaluating 368 of [360, 370)
attack: step 1/10, xent loss = 1.0675, l2 loss = 0 (max 14.95), (true 181, predicted [181])
attack: step 2/10, xent loss = 7.02956, l2 loss = 5.73683 (max 14.95), (true 181, predicted [215])
attack: step 3/10, xent loss = 8.89179, l2 loss = 6.26756 (max 14.95), (true 181, predicted [552])
attack: step 4/10, xent loss = 7.26918, l2 loss = 8.60643 (max 14.95), (true 181, predicted [215])
attack: step 5/10, xent loss = 8.08656, l2 loss = 12.0633 (max 14.95), (true 181, predicted [215])
attack: step 6/10, xent loss = 7.39412, l2 loss = 12.681 (max 14.95), (true 181, predicted [552])
attack: step 7/10, xent loss = 7.34896, l2 loss = 13.1259 (max 14.95), (true 181, predicted [552])
attack: step 8/10, xent loss = 9.25163, l2 loss = 13.6975 (max 14.95), (true 181, predicted [552])
attack: step 9/10, xent loss = 10.1473, l2 loss = 14.9749 (max 14.95), (true 181, predicted [552])
attack: step 10/10, xent loss = 12.3648, l2 loss = 17.5031 (max 14.95), (true 181, predicted [552])
check failed
true = 181, adv = 552
evaluating 369 of [360, 370)
attack: step 1/10, xent loss = 0.698791, l2 loss = 0 (max 14.95), (true 755, predicted [755])
attack: step 2/10, xent loss = 0.428874, l2 loss = 2.10794 (max 14.95), (true 755, predicted [755])
attack: step 3/10, xent loss = 1.19747, l2 loss = 2.48078 (max 14.95), (true 755, predicted [807])
attack: step 4/10, xent loss = 2.1271, l2 loss = 4.71348 (max 14.95), (true 755, predicted [807])
attack: step 5/10, xent loss = 1.42105, l2 loss = 6.23505 (max 14.95), (true 755, predicted [807])
attack: step 6/10, xent loss = 3.41878, l2 loss = 7.14288 (max 14.95), (true 755, predicted [807])
attack: step 7/10, xent loss = 5.39688, l2 loss = 8.8582 (max 14.95), (true 755, predicted [417])
attack: step 8/10, xent loss = 6.32552, l2 loss = 10.5323 (max 14.95), (true 755, predicted [723])
attack: step 9/10, xent loss = 8.51738, l2 loss = 11.455 (max 14.95), (true 755, predicted [723])
attack: step 10/10, xent loss = 7.25779, l2 loss = 12.3974 (max 14.95), (true 755, predicted [723])
true = 755, adv = 417
