2019-11-03 20:43:37.988901: I tensorflow/core/platform/cpu_feature_guard.cc:141] Your CPU supports instructions that this TensorFlow binary was not compiled to use: SSE4.1 SSE4.2 AVX AVX2 FMA
2019-11-03 20:43:37.995999: I tensorflow/core/platform/profile_utils/cpu_utils.cc:94] CPU Frequency: 2600125000 Hz
2019-11-03 20:43:37.996142: I tensorflow/compiler/xla/service/service.cc:150] XLA service 0x55555902fdb0 executing computations on platform Host. Devices:
2019-11-03 20:43:37.996164: I tensorflow/compiler/xla/service/service.cc:158]   StreamExecutor device (0): <undefined>, <undefined>
2019-11-03 20:43:37.996386: I tensorflow/core/common_runtime/process_util.cc:71] Creating new thread pool with default inter op setting: 2. Tune using inter_op_parallelism_threads for best performance.
evaluating 290 of [290, 300)
attack: step 1/1, xent loss = 6.73749, l2 loss = 21.9474 (max 14.95), (true 382, predicted [616])
check failed
true = 382, adv = 616
evaluating 291 of [290, 300)
attack: step 1/1, xent loss = 4.17529, l2 loss = 33.4543 (max 14.95), (true 120, predicted [298])
check failed
true = 120, adv = 830
evaluating 292 of [290, 300)
attack: step 1/1, xent loss = 0.114177, l2 loss = 13.6286 (max 14.95), (true 873, predicted [873])
true = 873, adv = 410
evaluating 293 of [290, 300)
attack: step 1/1, xent loss = 5.01708, l2 loss = 20.1398 (max 14.95), (true 91, predicted [990])
check failed
true = 91, adv = 738
evaluating 294 of [290, 300)
attack: step 1/1, xent loss = 1.87616, l2 loss = 21.5503 (max 14.95), (true 748, predicted [748])
check failed
true = 748, adv = 797
evaluating 295 of [290, 300)
attack: step 1/1, xent loss = 4.88186, l2 loss = 12.4116 (max 14.95), (true 907, predicted [966])
true = 907, adv = 966
evaluating 296 of [290, 300)
attack: step 1/1, xent loss = 2.91426, l2 loss = 17.2791 (max 14.95), (true 22, predicted [7])
check failed
true = 22, adv = 88
evaluating 297 of [290, 300)
attack: step 1/1, xent loss = 2.97424, l2 loss = 22.0182 (max 14.95), (true 792, predicted [456])
check failed
true = 792, adv = 794
evaluating 298 of [290, 300)
attack: step 1/1, xent loss = 0.47878, l2 loss = 24.1023 (max 14.95), (true 9, predicted [9])
check failed
true = 9, adv = 99
evaluating 299 of [290, 300)
attack: step 1/1, xent loss = 1.71752, l2 loss = 38.5023 (max 14.95), (true 825, predicted [825])
check failed
true = 825, adv = 700
