2019-11-04 02:42:44.492168: I tensorflow/core/platform/cpu_feature_guard.cc:141] Your CPU supports instructions that this TensorFlow binary was not compiled to use: SSE4.1 SSE4.2 AVX AVX2 FMA
2019-11-04 02:42:44.499361: I tensorflow/core/platform/profile_utils/cpu_utils.cc:94] CPU Frequency: 2600075000 Hz
2019-11-04 02:42:44.499497: I tensorflow/compiler/xla/service/service.cc:150] XLA service 0x2aaae6e51cf0 executing computations on platform Host. Devices:
2019-11-04 02:42:44.499519: I tensorflow/compiler/xla/service/service.cc:158]   StreamExecutor device (0): <undefined>, <undefined>
2019-11-04 02:42:44.499724: I tensorflow/core/common_runtime/process_util.cc:71] Creating new thread pool with default inter op setting: 2. Tune using inter_op_parallelism_threads for best performance.
evaluating 630 of [630, 640)
attack: step 1/1, xent loss = 7.68581, l2 loss = 25.4861 (max 14.95), (true 733, predicted [403])
check failed
true = 733, adv = 895
evaluating 631 of [630, 640)
attack: step 1/1, xent loss = 3.75051, l2 loss = 33.2297 (max 14.95), (true 206, predicted [346])
check failed
true = 206, adv = 552
evaluating 632 of [630, 640)
attack: step 1/1, xent loss = 10.7872, l2 loss = 38.9893 (max 14.95), (true 405, predicted [701])
check failed
true = 405, adv = 701
evaluating 633 of [630, 640)
attack: step 1/1, xent loss = 0.112575, l2 loss = 14.5391 (max 14.95), (true 566, predicted [566])
true = 566, adv = 643
evaluating 634 of [630, 640)
attack: step 1/1, xent loss = 6.70252, l2 loss = 36.6105 (max 14.95), (true 773, predicted [887])
check failed
true = 773, adv = 728
evaluating 635 of [630, 640)
attack: step 1/1, xent loss = 4.93486, l2 loss = 14.7641 (max 14.95), (true 710, predicted [611])
true = 710, adv = 645
evaluating 636 of [630, 640)
attack: step 1/1, xent loss = 1.39269, l2 loss = 37.8918 (max 14.95), (true 186, predicted [186])
check failed
true = 186, adv = 552
evaluating 637 of [630, 640)
attack: step 1/1, xent loss = 6.92424, l2 loss = 33.6399 (max 14.95), (true 422, predicted [731])
check failed
true = 422, adv = 696
evaluating 638 of [630, 640)
attack: step 1/1, xent loss = 4.35239, l2 loss = 22.9181 (max 14.95), (true 599, predicted [20])
check failed
true = 599, adv = 728
evaluating 639 of [630, 640)
attack: step 1/1, xent loss = 7.04321, l2 loss = 30.4193 (max 14.95), (true 851, predicted [791])
check failed
true = 851, adv = 692
