2019-11-04 08:50:59.518950: I tensorflow/core/platform/cpu_feature_guard.cc:141] Your CPU supports instructions that this TensorFlow binary was not compiled to use: SSE4.1 SSE4.2 AVX AVX2 FMA
2019-11-04 08:50:59.594660: I tensorflow/core/platform/profile_utils/cpu_utils.cc:94] CPU Frequency: 2599985000 Hz
2019-11-04 08:50:59.611587: I tensorflow/compiler/xla/service/service.cc:150] XLA service 0x2aaae6e4cdd0 executing computations on platform Host. Devices:
2019-11-04 08:50:59.611637: I tensorflow/compiler/xla/service/service.cc:158]   StreamExecutor device (0): <undefined>, <undefined>
2019-11-04 08:50:59.613047: I tensorflow/core/common_runtime/process_util.cc:71] Creating new thread pool with default inter op setting: 2. Tune using inter_op_parallelism_threads for best performance.
evaluating 490 of [490, 500)
attack: step 1/1, xent loss = 7.55058, l2 loss = 39.0567 (max 14.95), (true 953, predicted [728])
check failed
true = 953, adv = 728
evaluating 491 of [490, 500)
attack: step 1/1, xent loss = 4.99239, l2 loss = 42.6564 (max 14.95), (true 376, predicted [48])
check failed
true = 376, adv = 728
evaluating 492 of [490, 500)
attack: step 1/1, xent loss = 13.8102, l2 loss = 32.4975 (max 14.95), (true 526, predicted [467])
check failed
true = 526, adv = 467
evaluating 493 of [490, 500)
attack: step 1/1, xent loss = 5.75419, l2 loss = 27.9167 (max 14.95), (true 657, predicted [327])
check failed
true = 657, adv = 29
evaluating 494 of [490, 500)
attack: step 1/1, xent loss = 4.33599, l2 loss = 37.2383 (max 14.95), (true 381, predicted [370])
check failed
true = 381, adv = 88
evaluating 495 of [490, 500)
attack: step 1/1, xent loss = 1.96766, l2 loss = 11.2937 (max 14.95), (true 701, predicted [657])
true = 701, adv = 744
evaluating 496 of [490, 500)
attack: step 1/1, xent loss = 4.88173, l2 loss = 39.5214 (max 14.95), (true 182, predicted [260])
check failed
true = 182, adv = 552
evaluating 497 of [490, 500)
attack: step 1/1, xent loss = 3.18094, l2 loss = 7.63718 (max 14.95), (true 601, predicted [689])
true = 601, adv = 578
evaluating 498 of [490, 500)
attack: step 1/1, xent loss = 4.21485, l2 loss = 40.6212 (max 14.95), (true 593, predicted [728])
check failed
true = 593, adv = 728
evaluating 499 of [490, 500)
attack: step 1/1, xent loss = 8.21104, l2 loss = 16.4687 (max 14.95), (true 316, predicted [309])
check failed
true = 316, adv = 309
