2019-05-24 18:46:48.330303: I tensorflow/core/platform/cpu_feature_guard.cc:141] Your CPU supports instructions that this TensorFlow binary was not compiled to use: SSE4.1 SSE4.2 AVX AVX2 FMA
2019-05-24 18:46:48.690041: I tensorflow/core/platform/profile_utils/cpu_utils.cc:94] CPU Frequency: 2600265000 Hz
2019-05-24 18:46:48.693006: I tensorflow/compiler/xla/service/service.cc:150] XLA service 0x2aaae6ac1540 executing computations on platform Host. Devices:
2019-05-24 18:46:48.693659: I tensorflow/compiler/xla/service/service.cc:158]   StreamExecutor device (0): <undefined>, <undefined>
2019-05-24 18:46:48.695911: I tensorflow/core/common_runtime/process_util.cc:71] Creating new thread pool with default inter op setting: 2. Tune using inter_op_parallelism_threads for best performance.
evaluating 10 of [10, 20)
attack: step 1/10, xent loss = 0.277351, l2 loss = 0 (max 14.95), (true 834, predicted [834])
attack: step 2/10, xent loss = 0.1964, l2 loss = 0.649346 (max 14.95), (true 834, predicted [834])
attack: step 3/10, xent loss = 0.2505, l2 loss = 0.884323 (max 14.95), (true 834, predicted [834])
attack: step 4/10, xent loss = 0.47301, l2 loss = 1.11715 (max 14.95), (true 834, predicted [834])
attack: step 5/10, xent loss = 0.137301, l2 loss = 1.60513 (max 14.95), (true 834, predicted [834])
attack: step 6/10, xent loss = 0.0550079, l2 loss = 1.65784 (max 14.95), (true 834, predicted [834])
attack: step 7/10, xent loss = 0.326203, l2 loss = 1.6637 (max 14.95), (true 834, predicted [834])
attack: step 8/10, xent loss = 0.341693, l2 loss = 2.18708 (max 14.95), (true 834, predicted [834])
attack: step 9/10, xent loss = 0.666969, l2 loss = 2.68644 (max 14.95), (true 834, predicted [834])
attack: step 10/10, xent loss = 0.16397, l2 loss = 3.18185 (max 14.95), (true 834, predicted [834])
true = 834, adv = 834
evaluating 11 of [10, 20)
attack: step 1/10, xent loss = 5.50859, l2 loss = 0 (max 14.95), (true 959, predicted [940])
attack: step 2/10, xent loss = 7.75287, l2 loss = 4.5222 (max 14.95), (true 959, predicted [940])
attack: step 3/10, xent loss = 7.43711, l2 loss = 5.65734 (max 14.95), (true 959, predicted [940])
attack: step 4/10, xent loss = 8.72578, l2 loss = 6.68828 (max 14.95), (true 959, predicted [940])
attack: step 5/10, xent loss = 7.89837, l2 loss = 7.52686 (max 14.95), (true 959, predicted [940])
attack: step 6/10, xent loss = 9.16691, l2 loss = 8.43149 (max 14.95), (true 959, predicted [940])
attack: step 7/10, xent loss = 9.62296, l2 loss = 9.18881 (max 14.95), (true 959, predicted [940])
attack: step 8/10, xent loss = 9.71371, l2 loss = 9.82776 (max 14.95), (true 959, predicted [940])
attack: step 9/10, xent loss = 10.1444, l2 loss = 10.4289 (max 14.95), (true 959, predicted [940])
attack: step 10/10, xent loss = 11.0242, l2 loss = 11.0768 (max 14.95), (true 959, predicted [940])
true = 959, adv = 940
evaluating 12 of [10, 20)
attack: step 1/10, xent loss = 0.307315, l2 loss = 0 (max 14.95), (true 654, predicted [654])
attack: step 2/10, xent loss = 0.656681, l2 loss = 0.984616 (max 14.95), (true 654, predicted [654])
attack: step 3/10, xent loss = 0.132347, l2 loss = 2.03431 (max 14.95), (true 654, predicted [654])
attack: step 4/10, xent loss = 0.328211, l2 loss = 2.06873 (max 14.95), (true 654, predicted [654])
attack: step 5/10, xent loss = 0.156555, l2 loss = 2.28266 (max 14.95), (true 654, predicted [654])
attack: step 6/10, xent loss = 0.179397, l2 loss = 2.3174 (max 14.95), (true 654, predicted [654])
attack: step 7/10, xent loss = 0.177243, l2 loss = 2.38175 (max 14.95), (true 654, predicted [654])
attack: step 8/10, xent loss = 0.424324, l2 loss = 2.43078 (max 14.95), (true 654, predicted [654])
attack: step 9/10, xent loss = 0.164505, l2 loss = 2.64426 (max 14.95), (true 654, predicted [654])
attack: step 10/10, xent loss = 0.0912376, l2 loss = 2.69096 (max 14.95), (true 654, predicted [654])
true = 654, adv = 654
evaluating 13 of [10, 20)
attack: step 1/10, xent loss = 4.17923, l2 loss = 0 (max 14.95), (true 678, predicted [830])
attack: step 2/10, xent loss = 5.86707, l2 loss = 4.28967 (max 14.95), (true 678, predicted [830])
attack: step 3/10, xent loss = 6.97339, l2 loss = 6.27344 (max 14.95), (true 678, predicted [830])
attack: step 4/10, xent loss = 7.13567, l2 loss = 8.04513 (max 14.95), (true 678, predicted [830])
attack: step 5/10, xent loss = 6.12662, l2 loss = 9.66276 (max 14.95), (true 678, predicted [830])
attack: step 6/10, xent loss = 7.16067, l2 loss = 10.9609 (max 14.95), (true 678, predicted [830])
attack: step 7/10, xent loss = 6.84036, l2 loss = 12.5932 (max 14.95), (true 678, predicted [830])
attack: step 8/10, xent loss = 8.33264, l2 loss = 13.618 (max 14.95), (true 678, predicted [830])
attack: step 9/10, xent loss = 8.51557, l2 loss = 14.881 (max 14.95), (true 678, predicted [830])
attack: step 10/10, xent loss = 9.85204, l2 loss = 16.0237 (max 14.95), (true 678, predicted [830])
check failed
true = 678, adv = 830
evaluating 14 of [10, 20)
attack: step 1/10, xent loss = 0.131209, l2 loss = 0 (max 14.95), (true 25, predicted [25])
attack: step 2/10, xent loss = 0.155096, l2 loss = 0.286062 (max 14.95), (true 25, predicted [25])
attack: step 3/10, xent loss = 0.187257, l2 loss = 0.501001 (max 14.95), (true 25, predicted [25])
attack: step 4/10, xent loss = 0.197001, l2 loss = 0.627954 (max 14.95), (true 25, predicted [25])
attack: step 5/10, xent loss = 0.140133, l2 loss = 0.742236 (max 14.95), (true 25, predicted [25])
attack: step 6/10, xent loss = 0.346902, l2 loss = 0.851744 (max 14.95), (true 25, predicted [25])
attack: step 7/10, xent loss = 0.456142, l2 loss = 1.09188 (max 14.95), (true 25, predicted [25])
attack: step 8/10, xent loss = 0.164988, l2 loss = 1.30157 (max 14.95), (true 25, predicted [25])
attack: step 9/10, xent loss = 0.195488, l2 loss = 1.36354 (max 14.95), (true 25, predicted [25])
attack: step 10/10, xent loss = 0.138513, l2 loss = 1.41057 (max 14.95), (true 25, predicted [25])
true = 25, adv = 25
evaluating 15 of [10, 20)
attack: step 1/10, xent loss = 0.141198, l2 loss = 0 (max 14.95), (true 927, predicted [927])
attack: step 2/10, xent loss = 0.203106, l2 loss = 0.302922 (max 14.95), (true 927, predicted [927])
attack: step 3/10, xent loss = 0.178824, l2 loss = 0.628189 (max 14.95), (true 927, predicted [927])
attack: step 4/10, xent loss = 0.196798, l2 loss = 0.773891 (max 14.95), (true 927, predicted [927])
attack: step 5/10, xent loss = 0.137197, l2 loss = 0.860427 (max 14.95), (true 927, predicted [927])
attack: step 6/10, xent loss = 0.20561, l2 loss = 0.9004 (max 14.95), (true 927, predicted [927])
attack: step 7/10, xent loss = 0.196876, l2 loss = 1.00327 (max 14.95), (true 927, predicted [927])
attack: step 8/10, xent loss = 0.124066, l2 loss = 1.09876 (max 14.95), (true 927, predicted [927])
attack: step 9/10, xent loss = 0.212163, l2 loss = 1.12268 (max 14.95), (true 927, predicted [927])
attack: step 10/10, xent loss = 0.145689, l2 loss = 1.23649 (max 14.95), (true 927, predicted [927])
true = 927, adv = 927
evaluating 16 of [10, 20)
attack: step 1/10, xent loss = 8.48024, l2 loss = 0 (max 14.95), (true 545, predicted [518])
attack: step 2/10, xent loss = 8.81573, l2 loss = 5.56676 (max 14.95), (true 545, predicted [518])
attack: step 3/10, xent loss = 10.8881, l2 loss = 7.75735 (max 14.95), (true 545, predicted [518])
attack: step 4/10, xent loss = 11.6376, l2 loss = 10.1873 (max 14.95), (true 545, predicted [518])
attack: step 5/10, xent loss = 12.3118, l2 loss = 13.2277 (max 14.95), (true 545, predicted [518])
attack: step 6/10, xent loss = 12.2975, l2 loss = 15.0871 (max 14.95), (true 545, predicted [518])
attack: step 7/10, xent loss = 14.8904, l2 loss = 16.5182 (max 14.95), (true 545, predicted [518])
attack: step 8/10, xent loss = 14.3508, l2 loss = 18.1106 (max 14.95), (true 545, predicted [518])
attack: step 9/10, xent loss = 14.5059, l2 loss = 20.2116 (max 14.95), (true 545, predicted [518])
attack: step 10/10, xent loss = 16.5235, l2 loss = 21.5456 (max 14.95), (true 545, predicted [518])
check failed
true = 545, adv = 518
evaluating 17 of [10, 20)
attack: step 1/10, xent loss = 4.63735, l2 loss = 0 (max 14.95), (true 159, predicted [274])
attack: step 2/10, xent loss = 10.2668, l2 loss = 7.38458 (max 14.95), (true 159, predicted [273])
attack: step 3/10, xent loss = 8.21309, l2 loss = 7.88971 (max 14.95), (true 159, predicted [273])
attack: step 4/10, xent loss = 10.1036, l2 loss = 10.5368 (max 14.95), (true 159, predicted [273])
attack: step 5/10, xent loss = 12.1711, l2 loss = 11.498 (max 14.95), (true 159, predicted [273])
attack: step 6/10, xent loss = 10.4938, l2 loss = 12.6619 (max 14.95), (true 159, predicted [272])
attack: step 7/10, xent loss = 10.3422, l2 loss = 13.8976 (max 14.95), (true 159, predicted [272])
attack: step 8/10, xent loss = 14.9275, l2 loss = 14.84 (max 14.95), (true 159, predicted [272])
attack: step 9/10, xent loss = 12.8386, l2 loss = 15.7994 (max 14.95), (true 159, predicted [272])
attack: step 10/10, xent loss = 13.3207, l2 loss = 16.5262 (max 14.95), (true 159, predicted [272])
check failed
true = 159, adv = 272
evaluating 18 of [10, 20)
attack: step 1/10, xent loss = 0.0136582, l2 loss = 0 (max 14.95), (true 613, predicted [613])
attack: step 2/10, xent loss = 0.113554, l2 loss = 0.0697464 (max 14.95), (true 613, predicted [613])
attack: step 3/10, xent loss = 0.637271, l2 loss = 0.603034 (max 14.95), (true 613, predicted [613])
attack: step 4/10, xent loss = 0.0925056, l2 loss = 3.11421 (max 14.95), (true 613, predicted [613])
attack: step 5/10, xent loss = 0.00650941, l2 loss = 3.18458 (max 14.95), (true 613, predicted [613])
attack: step 6/10, xent loss = 0.462949, l2 loss = 3.18515 (max 14.95), (true 613, predicted [613])
attack: step 7/10, xent loss = 0.197658, l2 loss = 4.40766 (max 14.95), (true 613, predicted [613])
attack: step 8/10, xent loss = 0.00994218, l2 loss = 4.77809 (max 14.95), (true 613, predicted [613])
attack: step 9/10, xent loss = 0.601471, l2 loss = 4.77985 (max 14.95), (true 613, predicted [613])
attack: step 10/10, xent loss = 1.35337, l2 loss = 5.64363 (max 14.95), (true 613, predicted [613])
true = 613, adv = 606
evaluating 19 of [10, 20)
attack: step 1/10, xent loss = 1.4305, l2 loss = 0 (max 14.95), (true 392, predicted [1])
attack: step 2/10, xent loss = 2.86711, l2 loss = 4.91819 (max 14.95), (true 392, predicted [1])
attack: step 3/10, xent loss = 5.2708, l2 loss = 9.11646 (max 14.95), (true 392, predicted [728])
attack: step 4/10, xent loss = 5.36178, l2 loss = 10.7824 (max 14.95), (true 392, predicted [723])
attack: step 5/10, xent loss = 4.98751, l2 loss = 11.9966 (max 14.95), (true 392, predicted [1])
attack: step 6/10, xent loss = 7.0128, l2 loss = 12.8949 (max 14.95), (true 392, predicted [728])
attack: step 7/10, xent loss = 7.15104, l2 loss = 13.5304 (max 14.95), (true 392, predicted [909])
attack: step 8/10, xent loss = 7.49682, l2 loss = 13.7529 (max 14.95), (true 392, predicted [879])
attack: step 9/10, xent loss = 6.93503, l2 loss = 13.9388 (max 14.95), (true 392, predicted [723])
attack: step 10/10, xent loss = 7.83754, l2 loss = 14.2286 (max 14.95), (true 392, predicted [728])
true = 392, adv = 728
