2019-06-06 00:07:13.920333: I tensorflow/core/platform/cpu_feature_guard.cc:141] Your CPU supports instructions that this TensorFlow binary was not compiled to use: SSE4.1 SSE4.2 AVX AVX2 FMA
2019-06-06 00:07:14.494808: I tensorflow/core/platform/profile_utils/cpu_utils.cc:94] CPU Frequency: 2600030000 Hz
2019-06-06 00:07:14.499754: I tensorflow/compiler/xla/service/service.cc:150] XLA service 0x2aaae6e49220 executing computations on platform Host. Devices:
2019-06-06 00:07:14.500798: I tensorflow/compiler/xla/service/service.cc:158]   StreamExecutor device (0): <undefined>, <undefined>
2019-06-06 00:07:14.503915: I tensorflow/core/common_runtime/process_util.cc:71] Creating new thread pool with default inter op setting: 2. Tune using inter_op_parallelism_threads for best performance.
evaluating 530 of [530, 540)
attack: step 1/10, xent loss = 8.37975, l2 loss = 0 (max 14.95), (true 275, predicted [723])
attack: step 2/10, xent loss = 7.4527, l2 loss = 1.95273 (max 14.95), (true 275, predicted [645])
attack: step 3/10, xent loss = 7.6681, l2 loss = 3.0845 (max 14.95), (true 275, predicted [645])
attack: step 4/10, xent loss = 7.69887, l2 loss = 3.53998 (max 14.95), (true 275, predicted [417])
attack: step 5/10, xent loss = 8.3305, l2 loss = 4.49837 (max 14.95), (true 275, predicted [723])
attack: step 6/10, xent loss = 9.50588, l2 loss = 4.79202 (max 14.95), (true 275, predicted [557])
attack: step 7/10, xent loss = 8.47191, l2 loss = 5.59922 (max 14.95), (true 275, predicted [557])
attack: step 8/10, xent loss = 8.16623, l2 loss = 5.91422 (max 14.95), (true 275, predicted [723])
attack: step 9/10, xent loss = 7.68981, l2 loss = 6.24808 (max 14.95), (true 275, predicted [645])
attack: step 10/10, xent loss = 7.61409, l2 loss = 7.53096 (max 14.95), (true 275, predicted [557])
true = 275, adv = 557
evaluating 531 of [530, 540)
attack: step 1/10, xent loss = 6.1841, l2 loss = 0 (max 14.95), (true 652, predicted [692])
attack: step 2/10, xent loss = 5.53213, l2 loss = 3.01994 (max 14.95), (true 652, predicted [557])
attack: step 3/10, xent loss = 6.03871, l2 loss = 4.75351 (max 14.95), (true 652, predicted [692])
attack: step 4/10, xent loss = 4.33359, l2 loss = 5.8537 (max 14.95), (true 652, predicted [557])
attack: step 5/10, xent loss = 5.96596, l2 loss = 7.19839 (max 14.95), (true 652, predicted [692])
attack: step 6/10, xent loss = 6.25993, l2 loss = 8.12933 (max 14.95), (true 652, predicted [692])
attack: step 7/10, xent loss = 6.34475, l2 loss = 9.67312 (max 14.95), (true 652, predicted [692])
attack: step 8/10, xent loss = 7.74772, l2 loss = 9.95346 (max 14.95), (true 652, predicted [879])
attack: step 9/10, xent loss = 6.87744, l2 loss = 10.4952 (max 14.95), (true 652, predicted [692])
attack: step 10/10, xent loss = 7.83569, l2 loss = 10.8027 (max 14.95), (true 652, predicted [692])
true = 652, adv = 692
evaluating 532 of [530, 540)
attack: step 1/10, xent loss = 12.801, l2 loss = 0 (max 14.95), (true 634, predicted [645])
attack: step 2/10, xent loss = 9.27538, l2 loss = 6.35812 (max 14.95), (true 634, predicted [645])
attack: step 3/10, xent loss = 7.70631, l2 loss = 8.62586 (max 14.95), (true 634, predicted [645])
attack: step 4/10, xent loss = 10.1506, l2 loss = 9.32576 (max 14.95), (true 634, predicted [645])
attack: step 5/10, xent loss = 11.7718, l2 loss = 11.0232 (max 14.95), (true 634, predicted [645])
attack: step 6/10, xent loss = 12.8867, l2 loss = 14.0029 (max 14.95), (true 634, predicted [645])
attack: step 7/10, xent loss = 13.4419, l2 loss = 15.2902 (max 14.95), (true 634, predicted [645])
attack: step 8/10, xent loss = 12.7973, l2 loss = 16.5735 (max 14.95), (true 634, predicted [645])
attack: step 9/10, xent loss = 13.3807, l2 loss = 17.9039 (max 14.95), (true 634, predicted [645])
attack: step 10/10, xent loss = 14.1053, l2 loss = 18.5506 (max 14.95), (true 634, predicted [645])
check failed
true = 634, adv = 645
evaluating 533 of [530, 540)
attack: step 1/10, xent loss = 3.18726, l2 loss = 0 (max 14.95), (true 620, predicted [921])
attack: step 2/10, xent loss = 2.82468, l2 loss = 3.43643 (max 14.95), (true 620, predicted [742])
attack: step 3/10, xent loss = 3.68608, l2 loss = 5.35428 (max 14.95), (true 620, predicted [692])
attack: step 4/10, xent loss = 2.12542, l2 loss = 6.56574 (max 14.95), (true 620, predicted [620])
attack: step 5/10, xent loss = 3.69801, l2 loss = 7.58168 (max 14.95), (true 620, predicted [446])
attack: step 6/10, xent loss = 3.57585, l2 loss = 8.45852 (max 14.95), (true 620, predicted [692])
attack: step 7/10, xent loss = 4.34427, l2 loss = 9.34562 (max 14.95), (true 620, predicted [692])
attack: step 8/10, xent loss = 1.97683, l2 loss = 10.4537 (max 14.95), (true 620, predicted [446])
attack: step 9/10, xent loss = 4.37753, l2 loss = 11.0886 (max 14.95), (true 620, predicted [692])
attack: step 10/10, xent loss = 2.86818, l2 loss = 12.0555 (max 14.95), (true 620, predicted [921])
true = 620, adv = 692
evaluating 534 of [530, 540)
attack: step 1/10, xent loss = 9.11157, l2 loss = 0 (max 14.95), (true 285, predicted [728])
attack: step 2/10, xent loss = 8.56652, l2 loss = 4.9585 (max 14.95), (true 285, predicted [728])
attack: step 3/10, xent loss = 10.076, l2 loss = 6.27983 (max 14.95), (true 285, predicted [728])
attack: step 4/10, xent loss = 11.6012, l2 loss = 9.5679 (max 14.95), (true 285, predicted [728])
attack: step 5/10, xent loss = 11.6877, l2 loss = 13.8462 (max 14.95), (true 285, predicted [728])
attack: step 6/10, xent loss = 12.3524, l2 loss = 17.3909 (max 14.95), (true 285, predicted [728])
attack: step 7/10, xent loss = 12.8487, l2 loss = 20.2237 (max 14.95), (true 285, predicted [728])
attack: step 8/10, xent loss = 16.0344, l2 loss = 22.6319 (max 14.95), (true 285, predicted [728])
attack: step 9/10, xent loss = 16.3299, l2 loss = 25.1098 (max 14.95), (true 285, predicted [728])
attack: step 10/10, xent loss = 14.1083, l2 loss = 27.4179 (max 14.95), (true 285, predicted [728])
check failed
true = 285, adv = 728
evaluating 535 of [530, 540)
attack: step 1/10, xent loss = 6.93251, l2 loss = 0 (max 14.95), (true 285, predicted [619])
attack: step 2/10, xent loss = 7.99901, l2 loss = 5.26332 (max 14.95), (true 285, predicted [478])
attack: step 3/10, xent loss = 8.37361, l2 loss = 7.8573 (max 14.95), (true 285, predicted [478])
attack: step 4/10, xent loss = 8.03925, l2 loss = 11.0495 (max 14.95), (true 285, predicted [478])
attack: step 5/10, xent loss = 8.32434, l2 loss = 11.8549 (max 14.95), (true 285, predicted [478])
attack: step 6/10, xent loss = 9.00859, l2 loss = 12.684 (max 14.95), (true 285, predicted [478])
attack: step 7/10, xent loss = 9.15617, l2 loss = 13.6057 (max 14.95), (true 285, predicted [478])
attack: step 8/10, xent loss = 8.18196, l2 loss = 14.7281 (max 14.95), (true 285, predicted [478])
attack: step 9/10, xent loss = 9.35314, l2 loss = 15.6839 (max 14.95), (true 285, predicted [478])
attack: step 10/10, xent loss = 9.99299, l2 loss = 17.486 (max 14.95), (true 285, predicted [478])
check failed
true = 285, adv = 478
evaluating 536 of [530, 540)
attack: step 1/10, xent loss = 1.88439, l2 loss = 0 (max 14.95), (true 478, predicted [728])
attack: step 2/10, xent loss = 1.62523, l2 loss = 7.77044 (max 14.95), (true 478, predicted [728])
attack: step 3/10, xent loss = 0.927637, l2 loss = 11.678 (max 14.95), (true 478, predicted [478])
attack: step 4/10, xent loss = 0.13818, l2 loss = 12.1066 (max 14.95), (true 478, predicted [478])
attack: step 5/10, xent loss = 2.08548, l2 loss = 12.1227 (max 14.95), (true 478, predicted [728])
attack: step 6/10, xent loss = 2.41131, l2 loss = 13.4606 (max 14.95), (true 478, predicted [728])
attack: step 7/10, xent loss = 1.97324, l2 loss = 15.0893 (max 14.95), (true 478, predicted [728])
attack: step 8/10, xent loss = 0.515267, l2 loss = 15.8474 (max 14.95), (true 478, predicted [478])
attack: step 9/10, xent loss = 3.72717, l2 loss = 16.1232 (max 14.95), (true 478, predicted [728])
attack: step 10/10, xent loss = 2.02211, l2 loss = 17.8309 (max 14.95), (true 478, predicted [728])
check failed
true = 478, adv = 728
evaluating 537 of [530, 540)
attack: step 1/10, xent loss = 7.84788, l2 loss = 0 (max 14.95), (true 494, predicted [604])
attack: step 2/10, xent loss = 9.06929, l2 loss = 6.2877 (max 14.95), (true 494, predicted [749])
attack: step 3/10, xent loss = 9.44168, l2 loss = 9.43614 (max 14.95), (true 494, predicted [749])
attack: step 4/10, xent loss = 8.19497, l2 loss = 12.0414 (max 14.95), (true 494, predicted [604])
attack: step 5/10, xent loss = 7.96178, l2 loss = 13.0437 (max 14.95), (true 494, predicted [749])
attack: step 6/10, xent loss = 9.1855, l2 loss = 14.0381 (max 14.95), (true 494, predicted [604])
attack: step 7/10, xent loss = 7.0314, l2 loss = 14.8337 (max 14.95), (true 494, predicted [749])
attack: step 8/10, xent loss = 7.9551, l2 loss = 15.3459 (max 14.95), (true 494, predicted [749])
attack: step 9/10, xent loss = 8.01586, l2 loss = 16.7711 (max 14.95), (true 494, predicted [749])
attack: step 10/10, xent loss = 7.74439, l2 loss = 17.2777 (max 14.95), (true 494, predicted [749])
check failed
true = 494, adv = 749
evaluating 538 of [530, 540)
attack: step 1/10, xent loss = 3.59056, l2 loss = 0 (max 14.95), (true 245, predicted [719])
attack: step 2/10, xent loss = 5.9002, l2 loss = 5.39422 (max 14.95), (true 245, predicted [728])
attack: step 3/10, xent loss = 6.51044, l2 loss = 8.00055 (max 14.95), (true 245, predicted [728])
attack: step 4/10, xent loss = 9.23372, l2 loss = 11.9019 (max 14.95), (true 245, predicted [728])
attack: step 5/10, xent loss = 9.38274, l2 loss = 13.3668 (max 14.95), (true 245, predicted [728])
attack: step 6/10, xent loss = 8.91439, l2 loss = 14.0897 (max 14.95), (true 245, predicted [728])
attack: step 7/10, xent loss = 12.115, l2 loss = 14.7051 (max 14.95), (true 245, predicted [728])
attack: step 8/10, xent loss = 10.8939, l2 loss = 16.5852 (max 14.95), (true 245, predicted [728])
attack: step 9/10, xent loss = 9.53679, l2 loss = 18.7729 (max 14.95), (true 245, predicted [728])
attack: step 10/10, xent loss = 12.8343, l2 loss = 20.86 (max 14.95), (true 245, predicted [728])
check failed
true = 245, adv = 728
evaluating 539 of [530, 540)
attack: step 1/10, xent loss = 1.5208, l2 loss = 0 (max 14.95), (true 23, predicted [23])
attack: step 2/10, xent loss = 2.82915, l2 loss = 3.30815 (max 14.95), (true 23, predicted [135])
attack: step 3/10, xent loss = 3.73876, l2 loss = 5.9051 (max 14.95), (true 23, predicted [135])
attack: step 4/10, xent loss = 5.24375, l2 loss = 8.94713 (max 14.95), (true 23, predicted [135])
attack: step 5/10, xent loss = 4.87337, l2 loss = 10.2265 (max 14.95), (true 23, predicted [135])
attack: step 6/10, xent loss = 5.05105, l2 loss = 11.134 (max 14.95), (true 23, predicted [135])
attack: step 7/10, xent loss = 4.59414, l2 loss = 12.1472 (max 14.95), (true 23, predicted [135])
attack: step 8/10, xent loss = 5.93664, l2 loss = 12.8414 (max 14.95), (true 23, predicted [135])
attack: step 9/10, xent loss = 6.08526, l2 loss = 13.3552 (max 14.95), (true 23, predicted [135])
attack: step 10/10, xent loss = 7.1892, l2 loss = 14.0845 (max 14.95), (true 23, predicted [135])
check failed
true = 23, adv = 135
