2019-10-27 18:19:15.300000: I tensorflow/core/platform/cpu_feature_guard.cc:141] Your CPU supports instructions that this TensorFlow binary was not compiled to use: SSE4.1 SSE4.2 AVX AVX2 FMA
2019-10-27 18:19:15.309172: I tensorflow/core/platform/profile_utils/cpu_utils.cc:94] CPU Frequency: 2600265000 Hz
2019-10-27 18:19:15.309310: I tensorflow/compiler/xla/service/service.cc:150] XLA service 0x55555902e2d0 executing computations on platform Host. Devices:
2019-10-27 18:19:15.309327: I tensorflow/compiler/xla/service/service.cc:158]   StreamExecutor device (0): <undefined>, <undefined>
2019-10-27 18:19:15.309547: I tensorflow/core/common_runtime/process_util.cc:71] Creating new thread pool with default inter op setting: 2. Tune using inter_op_parallelism_threads for best performance.
evaluating 630 of [630, 640)
attack: step 1/10, xent loss = 10.1383, l2 loss = 32.4688 (max 14.95), (true 733, predicted [724])
unbound attack returning early
check failed
true = 733, adv = 724
evaluating 631 of [630, 640)
attack: step 1/10, xent loss = 9.52729, l2 loss = 11.7022 (max 14.95), (true 206, predicted [478])
returning early
true = 206, adv = 478
evaluating 632 of [630, 640)
attack: step 1/10, xent loss = 9.67574, l2 loss = 49.6596 (max 14.95), (true 405, predicted [728])
unbound attack returning early
check failed
true = 405, adv = 728
evaluating 633 of [630, 640)
attack: step 1/10, xent loss = 8.75864, l2 loss = 11.3448 (max 14.95), (true 566, predicted [896])
returning early
true = 566, adv = 879
evaluating 634 of [630, 640)
attack: step 1/10, xent loss = 11.6518, l2 loss = 36.4174 (max 14.95), (true 773, predicted [728])
unbound attack returning early
check failed
true = 773, adv = 728
evaluating 635 of [630, 640)
attack: step 1/10, xent loss = 6.92501, l2 loss = 7.80306 (max 14.95), (true 710, predicted [645])
returning early
true = 710, adv = 645
evaluating 636 of [630, 640)
attack: step 1/10, xent loss = 8.90388, l2 loss = 10.9198 (max 14.95), (true 186, predicted [478])
returning early
true = 186, adv = 711
evaluating 637 of [630, 640)
attack: step 1/10, xent loss = 8.14365, l2 loss = 14.5642 (max 14.95), (true 422, predicted [879])
returning early
true = 422, adv = 478
evaluating 638 of [630, 640)
attack: step 1/10, xent loss = 6.9584, l2 loss = 13.1749 (max 14.95), (true 599, predicted [723])
returning early
true = 599, adv = 645
evaluating 639 of [630, 640)
attack: step 1/10, xent loss = 6.2006, l2 loss = 25.1147 (max 14.95), (true 851, predicted [478])
unbound attack returning early
check failed
true = 851, adv = 478
