2019-11-03 23:38:45.116864: I tensorflow/core/platform/cpu_feature_guard.cc:141] Your CPU supports instructions that this TensorFlow binary was not compiled to use: SSE4.1 SSE4.2 AVX AVX2 FMA
2019-11-03 23:38:45.155145: I tensorflow/core/platform/profile_utils/cpu_utils.cc:94] CPU Frequency: 2600235000 Hz
2019-11-03 23:38:45.155257: I tensorflow/compiler/xla/service/service.cc:150] XLA service 0x5555590300c0 executing computations on platform Host. Devices:
2019-11-03 23:38:45.155272: I tensorflow/compiler/xla/service/service.cc:158]   StreamExecutor device (0): <undefined>, <undefined>
2019-11-03 23:38:45.155451: I tensorflow/core/common_runtime/process_util.cc:71] Creating new thread pool with default inter op setting: 2. Tune using inter_op_parallelism_threads for best performance.
evaluating 870 of [870, 880)
attack: step 1/1, xent loss = 0.0402771, l2 loss = 16.636 (max 14.95), (true 835, predicted [835])
check failed
true = 835, adv = 478
evaluating 871 of [870, 880)
attack: step 1/1, xent loss = 3.25591, l2 loss = 11.7348 (max 14.95), (true 369, predicted [368])
true = 369, adv = 728
evaluating 872 of [870, 880)
attack: step 1/1, xent loss = 3.00852, l2 loss = 24.3142 (max 14.95), (true 345, predicted [690])
check failed
true = 345, adv = 690
evaluating 873 of [870, 880)
attack: step 1/1, xent loss = 0.440106, l2 loss = 25.4712 (max 14.95), (true 648, predicted [648])
check failed
true = 648, adv = 894
evaluating 874 of [870, 880)
attack: step 1/1, xent loss = 0.00487425, l2 loss = 22.817 (max 14.95), (true 214, predicted [214])
check failed
true = 214, adv = 728
evaluating 875 of [870, 880)
attack: step 1/1, xent loss = 0.0074232, l2 loss = 38.7723 (max 14.95), (true 111, predicted [111])
check failed
true = 111, adv = 728
evaluating 876 of [870, 880)
attack: step 1/1, xent loss = 0.0405435, l2 loss = 21.2136 (max 14.95), (true 537, predicted [537])
check failed
true = 537, adv = 879
evaluating 877 of [870, 880)
attack: step 1/1, xent loss = 3.45428, l2 loss = 29.3288 (max 14.95), (true 52, predicted [53])
check failed
true = 52, adv = 672
evaluating 878 of [870, 880)
attack: step 1/1, xent loss = 1.22433, l2 loss = 25.9937 (max 14.95), (true 199, predicted [199])
check failed
true = 199, adv = 728
evaluating 879 of [870, 880)
attack: step 1/1, xent loss = 2.85652, l2 loss = 34.0157 (max 14.95), (true 978, predicted [976])
check failed
true = 978, adv = 934
