2019-06-28 06:36:07.530084: I tensorflow/core/platform/cpu_feature_guard.cc:141] Your CPU supports instructions that this TensorFlow binary was not compiled to use: SSE4.1 SSE4.2 AVX AVX2 FMA
2019-06-28 06:36:07.625766: I tensorflow/core/platform/profile_utils/cpu_utils.cc:94] CPU Frequency: 2600015000 Hz
2019-06-28 06:36:07.638435: I tensorflow/compiler/xla/service/service.cc:150] XLA service 0x2aaae6ac02c0 executing computations on platform Host. Devices:
2019-06-28 06:36:07.638475: I tensorflow/compiler/xla/service/service.cc:158]   StreamExecutor device (0): <undefined>, <undefined>
2019-06-28 06:36:07.638820: I tensorflow/core/common_runtime/process_util.cc:71] Creating new thread pool with default inter op setting: 2. Tune using inter_op_parallelism_threads for best performance.
evaluating 980 of [980, 990)
attack: step 1/10, xent loss = 10.4769, l2 loss = 13.7405 (max 14.95), (true 740, predicted [764])
attack: step 2/10, xent loss = 9.80846, l2 loss = 14.3802 (max 14.95), (true 740, predicted [764])
attack: step 3/10, xent loss = 10.4741, l2 loss = 14.6414 (max 14.95), (true 740, predicted [764])
attack: step 4/10, xent loss = 10.469, l2 loss = 14.9086 (max 14.95), (true 740, predicted [764])
attack: step 5/10, xent loss = 9.43017, l2 loss = 15.3761 (max 14.95), (true 740, predicted [764])
attack: step 6/10, xent loss = 10.6999, l2 loss = 16.5228 (max 14.95), (true 740, predicted [764])
attack: step 7/10, xent loss = 11.4142, l2 loss = 16.8034 (max 14.95), (true 740, predicted [764])
attack: step 8/10, xent loss = 12.6091, l2 loss = 17.1693 (max 14.95), (true 740, predicted [764])
attack: step 9/10, xent loss = 10.2765, l2 loss = 17.5127 (max 14.95), (true 740, predicted [764])
attack: step 10/10, xent loss = 11.3558, l2 loss = 17.8156 (max 14.95), (true 740, predicted [764])
check failed
true = 740, adv = 764
evaluating 981 of [980, 990)
attack: step 1/10, xent loss = 15.5321, l2 loss = 18.928 (max 14.95), (true 898, predicted [830])
attack: step 2/10, xent loss = 16.205, l2 loss = 20.299 (max 14.95), (true 898, predicted [830])
attack: step 3/10, xent loss = 13.396, l2 loss = 21.3337 (max 14.95), (true 898, predicted [830])
attack: step 4/10, xent loss = 19.2515, l2 loss = 22.8556 (max 14.95), (true 898, predicted [830])
attack: step 5/10, xent loss = 16.4766, l2 loss = 24.0898 (max 14.95), (true 898, predicted [830])
attack: step 6/10, xent loss = 19.1748, l2 loss = 25.257 (max 14.95), (true 898, predicted [830])
attack: step 7/10, xent loss = 20.0343, l2 loss = 26.7648 (max 14.95), (true 898, predicted [830])
attack: step 8/10, xent loss = 20.1494, l2 loss = 28.1101 (max 14.95), (true 898, predicted [830])
attack: step 9/10, xent loss = 19.8498, l2 loss = 29.1158 (max 14.95), (true 898, predicted [830])
attack: step 10/10, xent loss = 18.2399, l2 loss = 30.2604 (max 14.95), (true 898, predicted [830])
check failed
true = 898, adv = 830
evaluating 982 of [980, 990)
attack: step 1/10, xent loss = 7.69885, l2 loss = 9.64783 (max 14.95), (true 240, predicted [247])
attack: step 2/10, xent loss = 8.67379, l2 loss = 11.0941 (max 14.95), (true 240, predicted [247])
attack: step 3/10, xent loss = 10.5369, l2 loss = 12.2322 (max 14.95), (true 240, predicted [247])
attack: step 4/10, xent loss = 11.2899, l2 loss = 12.9042 (max 14.95), (true 240, predicted [247])
attack: step 5/10, xent loss = 10.4069, l2 loss = 13.1588 (max 14.95), (true 240, predicted [247])
attack: step 6/10, xent loss = 10.7186, l2 loss = 13.7646 (max 14.95), (true 240, predicted [247])
attack: step 7/10, xent loss = 10.6406, l2 loss = 14.2136 (max 14.95), (true 240, predicted [247])
attack: step 8/10, xent loss = 11.6956, l2 loss = 14.7591 (max 14.95), (true 240, predicted [247])
attack: step 9/10, xent loss = 10.7275, l2 loss = 15.0476 (max 14.95), (true 240, predicted [247])
attack: step 10/10, xent loss = 11.725, l2 loss = 15.4315 (max 14.95), (true 240, predicted [247])
check failed
true = 240, adv = 247
evaluating 983 of [980, 990)
attack: step 1/10, xent loss = 25.8986, l2 loss = 27.7357 (max 14.95), (true 335, predicted [728])
attack: step 2/10, xent loss = 26.1964, l2 loss = 30.1048 (max 14.95), (true 335, predicted [728])
attack: step 3/10, xent loss = 28.4191, l2 loss = 31.943 (max 14.95), (true 335, predicted [728])
attack: step 4/10, xent loss = 28.2997, l2 loss = 35.1518 (max 14.95), (true 335, predicted [728])
attack: step 5/10, xent loss = 28.5527, l2 loss = 36.683 (max 14.95), (true 335, predicted [728])
attack: step 6/10, xent loss = 32.4501, l2 loss = 38.2071 (max 14.95), (true 335, predicted [728])
attack: step 7/10, xent loss = 36.4847, l2 loss = 39.5119 (max 14.95), (true 335, predicted [728])
attack: step 8/10, xent loss = 35.6809, l2 loss = 40.636 (max 14.95), (true 335, predicted [728])
attack: step 9/10, xent loss = 35.9984, l2 loss = 41.9224 (max 14.95), (true 335, predicted [728])
attack: step 10/10, xent loss = 35.5302, l2 loss = 43.0922 (max 14.95), (true 335, predicted [728])
check failed
true = 335, adv = 728
evaluating 984 of [980, 990)
attack: step 1/10, xent loss = 0.0647056, l2 loss = 0.482822 (max 14.95), (true 888, predicted [888])
attack: step 2/10, xent loss = 0.0784135, l2 loss = 0.496118 (max 14.95), (true 888, predicted [888])
attack: step 3/10, xent loss = 0.0580499, l2 loss = 0.513013 (max 14.95), (true 888, predicted [888])
attack: step 4/10, xent loss = 0.0538066, l2 loss = 0.528071 (max 14.95), (true 888, predicted [888])
attack: step 5/10, xent loss = 0.0754817, l2 loss = 0.541107 (max 14.95), (true 888, predicted [888])
attack: step 6/10, xent loss = 0.0875955, l2 loss = 0.567949 (max 14.95), (true 888, predicted [888])
attack: step 7/10, xent loss = 0.0683757, l2 loss = 0.612886 (max 14.95), (true 888, predicted [888])
attack: step 8/10, xent loss = 0.0951539, l2 loss = 0.626964 (max 14.95), (true 888, predicted [888])
attack: step 9/10, xent loss = 0.0800616, l2 loss = 0.657787 (max 14.95), (true 888, predicted [888])
attack: step 10/10, xent loss = 0.0751189, l2 loss = 0.679351 (max 14.95), (true 888, predicted [888])
true = 888, adv = 888
evaluating 985 of [980, 990)
attack: step 1/10, xent loss = 1.12207, l2 loss = 3.12159 (max 14.95), (true 253, predicted [171])
attack: step 2/10, xent loss = 1.22352, l2 loss = 4.84409 (max 14.95), (true 253, predicted [171])
attack: step 3/10, xent loss = 4.15157, l2 loss = 6.85926 (max 14.95), (true 253, predicted [171])
attack: step 4/10, xent loss = 6.39922, l2 loss = 9.24062 (max 14.95), (true 253, predicted [171])
attack: step 5/10, xent loss = 6.35549, l2 loss = 10.8046 (max 14.95), (true 253, predicted [171])
attack: step 6/10, xent loss = 8.3969, l2 loss = 12.2545 (max 14.95), (true 253, predicted [171])
attack: step 7/10, xent loss = 8.2936, l2 loss = 13.1274 (max 14.95), (true 253, predicted [171])
attack: step 8/10, xent loss = 10.733, l2 loss = 14.1476 (max 14.95), (true 253, predicted [171])
attack: step 9/10, xent loss = 10.0309, l2 loss = 15.0166 (max 14.95), (true 253, predicted [171])
attack: step 10/10, xent loss = 11.6676, l2 loss = 15.7383 (max 14.95), (true 253, predicted [171])
check failed
true = 253, adv = 171
evaluating 986 of [980, 990)
attack: step 1/10, xent loss = 6.76015, l2 loss = 12.6966 (max 14.95), (true 829, predicted [407])
attack: step 2/10, xent loss = 7.41876, l2 loss = 13.3151 (max 14.95), (true 829, predicted [407])
attack: step 3/10, xent loss = 7.3888, l2 loss = 14.0139 (max 14.95), (true 829, predicted [407])
attack: step 4/10, xent loss = 8.15663, l2 loss = 14.3191 (max 14.95), (true 829, predicted [407])
attack: step 5/10, xent loss = 8.87261, l2 loss = 14.5039 (max 14.95), (true 829, predicted [407])
attack: step 6/10, xent loss = 10.5647, l2 loss = 15.5111 (max 14.95), (true 829, predicted [407])
attack: step 7/10, xent loss = 11.6255, l2 loss = 16.2337 (max 14.95), (true 829, predicted [407])
attack: step 8/10, xent loss = 11.3143, l2 loss = 17.229 (max 14.95), (true 829, predicted [407])
attack: step 9/10, xent loss = 9.38867, l2 loss = 18.0514 (max 14.95), (true 829, predicted [407])
attack: step 10/10, xent loss = 15.2231, l2 loss = 18.8151 (max 14.95), (true 829, predicted [407])
check failed
true = 829, adv = 830
evaluating 987 of [980, 990)
attack: step 1/10, xent loss = 11.0453, l2 loss = 17.3785 (max 14.95), (true 288, predicted [355])
attack: step 2/10, xent loss = 10.9097, l2 loss = 17.8379 (max 14.95), (true 288, predicted [355])
attack: step 3/10, xent loss = 13.7095, l2 loss = 18.218 (max 14.95), (true 288, predicted [355])
attack: step 4/10, xent loss = 13.2932, l2 loss = 18.4846 (max 14.95), (true 288, predicted [355])
attack: step 5/10, xent loss = 14.2639, l2 loss = 18.9292 (max 14.95), (true 288, predicted [355])
attack: step 6/10, xent loss = 14.5539, l2 loss = 19.3594 (max 14.95), (true 288, predicted [355])
attack: step 7/10, xent loss = 15.2779, l2 loss = 19.7485 (max 14.95), (true 288, predicted [355])
attack: step 8/10, xent loss = 15.1709, l2 loss = 20.0905 (max 14.95), (true 288, predicted [355])
attack: step 9/10, xent loss = 16.2988, l2 loss = 20.7373 (max 14.95), (true 288, predicted [355])
attack: step 10/10, xent loss = 14.3874, l2 loss = 21.218 (max 14.95), (true 288, predicted [355])
check failed
true = 288, adv = 355
evaluating 988 of [980, 990)
attack: step 1/10, xent loss = 14.5777, l2 loss = 22.0701 (max 14.95), (true 650, predicted [2])
attack: step 2/10, xent loss = 17.4845, l2 loss = 23.0254 (max 14.95), (true 650, predicted [2])
attack: step 3/10, xent loss = 15.7055, l2 loss = 23.8798 (max 14.95), (true 650, predicted [2])
attack: step 4/10, xent loss = 17.8398, l2 loss = 24.77 (max 14.95), (true 650, predicted [2])
attack: step 5/10, xent loss = 16.9102, l2 loss = 25.5711 (max 14.95), (true 650, predicted [2])
attack: step 6/10, xent loss = 16.7962, l2 loss = 26.2606 (max 14.95), (true 650, predicted [2])
attack: step 7/10, xent loss = 17.5532, l2 loss = 27.6487 (max 14.95), (true 650, predicted [2])
attack: step 8/10, xent loss = 15.011, l2 loss = 29.8083 (max 14.95), (true 650, predicted [2])
attack: step 9/10, xent loss = 18.2592, l2 loss = 29.9591 (max 14.95), (true 650, predicted [2])
attack: step 10/10, xent loss = 19.3835, l2 loss = 30.3876 (max 14.95), (true 650, predicted [2])
check failed
true = 650, adv = 2
evaluating 989 of [980, 990)
attack: step 1/10, xent loss = 25.7432, l2 loss = 29.4277 (max 14.95), (true 462, predicted [840])
attack: step 2/10, xent loss = 25.8433, l2 loss = 30.7076 (max 14.95), (true 462, predicted [840])
attack: step 3/10, xent loss = 29.1325, l2 loss = 31.8497 (max 14.95), (true 462, predicted [840])
attack: step 4/10, xent loss = 32.3699, l2 loss = 33.0433 (max 14.95), (true 462, predicted [840])
attack: step 5/10, xent loss = 32.5877, l2 loss = 34.1913 (max 14.95), (true 462, predicted [840])
attack: step 6/10, xent loss = 34.3366, l2 loss = 35.5705 (max 14.95), (true 462, predicted [840])
attack: step 7/10, xent loss = 34.4983, l2 loss = 36.6231 (max 14.95), (true 462, predicted [840])
attack: step 8/10, xent loss = 33.9201, l2 loss = 37.921 (max 14.95), (true 462, predicted [840])
attack: step 9/10, xent loss = 39.011, l2 loss = 38.8868 (max 14.95), (true 462, predicted [840])
attack: step 10/10, xent loss = 34.6315, l2 loss = 40.0069 (max 14.95), (true 462, predicted [840])
check failed
true = 462, adv = 840
