2019-06-29 14:40:11.794330: I tensorflow/core/platform/cpu_feature_guard.cc:141] Your CPU supports instructions that this TensorFlow binary was not compiled to use: SSE4.1 SSE4.2 AVX AVX2 FMA
2019-06-29 14:40:11.801073: I tensorflow/core/platform/profile_utils/cpu_utils.cc:94] CPU Frequency: 2599950000 Hz
2019-06-29 14:40:11.801267: I tensorflow/compiler/xla/service/service.cc:150] XLA service 0x2aaae6ac0150 executing computations on platform Host. Devices:
2019-06-29 14:40:11.801292: I tensorflow/compiler/xla/service/service.cc:158]   StreamExecutor device (0): <undefined>, <undefined>
2019-06-29 14:40:11.801514: I tensorflow/core/common_runtime/process_util.cc:71] Creating new thread pool with default inter op setting: 2. Tune using inter_op_parallelism_threads for best performance.
evaluating 460 of [460, 470)
attack: step 1/10, xent loss = 2.15685, l2 loss = 8.43449 (max 14.95), (true 663, predicted [832])
attack: step 2/10, xent loss = 2.69235, l2 loss = 8.96067 (max 14.95), (true 663, predicted [698])
attack: step 3/10, xent loss = 2.75295, l2 loss = 9.48095 (max 14.95), (true 663, predicted [442])
attack: step 4/10, xent loss = 2.28124, l2 loss = 9.98833 (max 14.95), (true 663, predicted [497])
attack: step 5/10, xent loss = 3.98682, l2 loss = 10.3706 (max 14.95), (true 663, predicted [698])
attack: step 6/10, xent loss = 3.47866, l2 loss = 10.9535 (max 14.95), (true 663, predicted [442])
attack: step 7/10, xent loss = 2.99482, l2 loss = 11.4998 (max 14.95), (true 663, predicted [497])
attack: step 8/10, xent loss = 3.22437, l2 loss = 11.8823 (max 14.95), (true 663, predicted [832])
attack: step 9/10, xent loss = 3.52505, l2 loss = 12.3462 (max 14.95), (true 663, predicted [497])
attack: step 10/10, xent loss = 3.82421, l2 loss = 12.8896 (max 14.95), (true 663, predicted [698])
true = 663, adv = 698
evaluating 461 of [460, 470)
attack: step 1/10, xent loss = 14.2377, l2 loss = 23.9545 (max 14.95), (true 769, predicted [728])
attack: step 2/10, xent loss = 16.1071, l2 loss = 25.1161 (max 14.95), (true 769, predicted [728])
attack: step 3/10, xent loss = 19.4466, l2 loss = 26.0728 (max 14.95), (true 769, predicted [728])
attack: step 4/10, xent loss = 19.4202, l2 loss = 27.27 (max 14.95), (true 769, predicted [728])
attack: step 5/10, xent loss = 13.7146, l2 loss = 28.5113 (max 14.95), (true 769, predicted [728])
attack: step 6/10, xent loss = 13.5702, l2 loss = 29.6809 (max 14.95), (true 769, predicted [728])
attack: step 7/10, xent loss = 20.9105, l2 loss = 30.5213 (max 14.95), (true 769, predicted [728])
attack: step 8/10, xent loss = 16.3458, l2 loss = 31.6715 (max 14.95), (true 769, predicted [728])
attack: step 9/10, xent loss = 16.3119, l2 loss = 32.6431 (max 14.95), (true 769, predicted [728])
attack: step 10/10, xent loss = 19.5448, l2 loss = 33.611 (max 14.95), (true 769, predicted [728])
check failed
true = 769, adv = 728
evaluating 462 of [460, 470)
attack: step 1/10, xent loss = 10.7485, l2 loss = 13.2131 (max 14.95), (true 226, predicted [552])
attack: step 2/10, xent loss = 9.48476, l2 loss = 13.5575 (max 14.95), (true 226, predicted [224])
attack: step 3/10, xent loss = 11.1084, l2 loss = 14.141 (max 14.95), (true 226, predicted [552])
attack: step 4/10, xent loss = 11.92, l2 loss = 14.7246 (max 14.95), (true 226, predicted [552])
attack: step 5/10, xent loss = 11.6782, l2 loss = 15.8721 (max 14.95), (true 226, predicted [552])
attack: step 6/10, xent loss = 12.2637, l2 loss = 16.7791 (max 14.95), (true 226, predicted [552])
attack: step 7/10, xent loss = 11.9728, l2 loss = 18.936 (max 14.95), (true 226, predicted [552])
attack: step 8/10, xent loss = 11.4572, l2 loss = 20.0002 (max 14.95), (true 226, predicted [552])
attack: step 9/10, xent loss = 13.2243, l2 loss = 20.3904 (max 14.95), (true 226, predicted [552])
attack: step 10/10, xent loss = 12.3202, l2 loss = 21.2864 (max 14.95), (true 226, predicted [552])
check failed
true = 226, adv = 552
evaluating 463 of [460, 470)
attack: step 1/10, xent loss = 24.2892, l2 loss = 31.4328 (max 14.95), (true 678, predicted [728])
attack: step 2/10, xent loss = 21.4044, l2 loss = 32.7459 (max 14.95), (true 678, predicted [728])
attack: step 3/10, xent loss = 29.1321, l2 loss = 34.2236 (max 14.95), (true 678, predicted [728])
attack: step 4/10, xent loss = 30.423, l2 loss = 35.2552 (max 14.95), (true 678, predicted [728])
attack: step 5/10, xent loss = 32.1103, l2 loss = 36.3502 (max 14.95), (true 678, predicted [728])
attack: step 6/10, xent loss = 29.9743, l2 loss = 37.4149 (max 14.95), (true 678, predicted [728])
attack: step 7/10, xent loss = 29.7665, l2 loss = 39.0006 (max 14.95), (true 678, predicted [728])
attack: step 8/10, xent loss = 24.0651, l2 loss = 40.0021 (max 14.95), (true 678, predicted [728])
attack: step 9/10, xent loss = 29.0699, l2 loss = 40.884 (max 14.95), (true 678, predicted [728])
attack: step 10/10, xent loss = 30.4536, l2 loss = 41.9078 (max 14.95), (true 678, predicted [728])
check failed
true = 678, adv = 728
evaluating 464 of [460, 470)
attack: step 1/10, xent loss = 7.48133, l2 loss = 18.3818 (max 14.95), (true 814, predicted [576])
attack: step 2/10, xent loss = 6.21893, l2 loss = 18.9791 (max 14.95), (true 814, predicted [576])
attack: step 3/10, xent loss = 9.00349, l2 loss = 19.5689 (max 14.95), (true 814, predicted [576])
attack: step 4/10, xent loss = 11.9794, l2 loss = 20.9319 (max 14.95), (true 814, predicted [576])
attack: step 5/10, xent loss = 13.6474, l2 loss = 21.8223 (max 14.95), (true 814, predicted [576])
attack: step 6/10, xent loss = 12.6649, l2 loss = 22.862 (max 14.95), (true 814, predicted [576])
attack: step 7/10, xent loss = 9.81973, l2 loss = 23.6078 (max 14.95), (true 814, predicted [576])
attack: step 8/10, xent loss = 12.3362, l2 loss = 24.5682 (max 14.95), (true 814, predicted [576])
attack: step 9/10, xent loss = 13.3351, l2 loss = 25.7459 (max 14.95), (true 814, predicted [576])
attack: step 10/10, xent loss = 13.2047, l2 loss = 26.6311 (max 14.95), (true 814, predicted [576])
check failed
true = 814, adv = 576
evaluating 465 of [460, 470)
attack: step 1/10, xent loss = 9.9403, l2 loss = 22.5513 (max 14.95), (true 994, predicted [728])
attack: step 2/10, xent loss = 10.6518, l2 loss = 22.9572 (max 14.95), (true 994, predicted [728])
attack: step 3/10, xent loss = 10.8345, l2 loss = 23.5414 (max 14.95), (true 994, predicted [728])
attack: step 4/10, xent loss = 10.7902, l2 loss = 24.2254 (max 14.95), (true 994, predicted [728])
attack: step 5/10, xent loss = 9.99444, l2 loss = 24.8371 (max 14.95), (true 994, predicted [728])
attack: step 6/10, xent loss = 12.7439, l2 loss = 25.4248 (max 14.95), (true 994, predicted [728])
attack: step 7/10, xent loss = 12.4234, l2 loss = 25.9746 (max 14.95), (true 994, predicted [728])
attack: step 8/10, xent loss = 14.4448, l2 loss = 26.4038 (max 14.95), (true 994, predicted [728])
attack: step 9/10, xent loss = 13.9494, l2 loss = 27.0928 (max 14.95), (true 994, predicted [728])
attack: step 10/10, xent loss = 12.8815, l2 loss = 27.612 (max 14.95), (true 994, predicted [728])
check failed
true = 994, adv = 728
evaluating 466 of [460, 470)
attack: step 1/10, xent loss = 20.0513, l2 loss = 28.9365 (max 14.95), (true 499, predicted [728])
attack: step 2/10, xent loss = 18.6368, l2 loss = 30.3346 (max 14.95), (true 499, predicted [728])
attack: step 3/10, xent loss = 20.7866, l2 loss = 31.7499 (max 14.95), (true 499, predicted [728])
attack: step 4/10, xent loss = 20.8294, l2 loss = 33.6198 (max 14.95), (true 499, predicted [728])
attack: step 5/10, xent loss = 21.1754, l2 loss = 34.5906 (max 14.95), (true 499, predicted [728])
attack: step 6/10, xent loss = 26.3099, l2 loss = 35.8404 (max 14.95), (true 499, predicted [728])
attack: step 7/10, xent loss = 27.1452, l2 loss = 36.9972 (max 14.95), (true 499, predicted [728])
attack: step 8/10, xent loss = 27.2152, l2 loss = 38.3037 (max 14.95), (true 499, predicted [728])
attack: step 9/10, xent loss = 27.3476, l2 loss = 39.5954 (max 14.95), (true 499, predicted [728])
attack: step 10/10, xent loss = 24.6271, l2 loss = 40.6342 (max 14.95), (true 499, predicted [728])
check failed
true = 499, adv = 728
evaluating 467 of [460, 470)
attack: step 1/10, xent loss = 10.087, l2 loss = 16.2025 (max 14.95), (true 908, predicted [879])
attack: step 2/10, xent loss = 10.6361, l2 loss = 16.6684 (max 14.95), (true 908, predicted [830])
attack: step 3/10, xent loss = 10.5769, l2 loss = 17.5027 (max 14.95), (true 908, predicted [879])
attack: step 4/10, xent loss = 13.1841, l2 loss = 17.9433 (max 14.95), (true 908, predicted [879])
attack: step 5/10, xent loss = 10.9129, l2 loss = 19.0823 (max 14.95), (true 908, predicted [879])
attack: step 6/10, xent loss = 12.6278, l2 loss = 19.9422 (max 14.95), (true 908, predicted [879])
attack: step 7/10, xent loss = 12.024, l2 loss = 20.6332 (max 14.95), (true 908, predicted [879])
attack: step 8/10, xent loss = 11.1234, l2 loss = 21.4718 (max 14.95), (true 908, predicted [879])
attack: step 9/10, xent loss = 11.208, l2 loss = 22.0815 (max 14.95), (true 908, predicted [879])
attack: step 10/10, xent loss = 12.2605, l2 loss = 22.7762 (max 14.95), (true 908, predicted [879])
check failed
true = 908, adv = 879
evaluating 468 of [460, 470)
attack: step 1/10, xent loss = 17.2469, l2 loss = 23.7838 (max 14.95), (true 191, predicted [728])
attack: step 2/10, xent loss = 19.4175, l2 loss = 25.1097 (max 14.95), (true 191, predicted [728])
attack: step 3/10, xent loss = 23.5913, l2 loss = 26.0479 (max 14.95), (true 191, predicted [728])
attack: step 4/10, xent loss = 23.5514, l2 loss = 27.2908 (max 14.95), (true 191, predicted [728])
attack: step 5/10, xent loss = 25.6619, l2 loss = 28.6512 (max 14.95), (true 191, predicted [728])
attack: step 6/10, xent loss = 23.0117, l2 loss = 29.7582 (max 14.95), (true 191, predicted [728])
attack: step 7/10, xent loss = 23.9532, l2 loss = 30.7273 (max 14.95), (true 191, predicted [728])
attack: step 8/10, xent loss = 24.0198, l2 loss = 31.7001 (max 14.95), (true 191, predicted [728])
attack: step 9/10, xent loss = 23.7474, l2 loss = 32.73 (max 14.95), (true 191, predicted [728])
attack: step 10/10, xent loss = 25.8979, l2 loss = 33.6611 (max 14.95), (true 191, predicted [728])
check failed
true = 191, adv = 728
evaluating 469 of [460, 470)
attack: step 1/10, xent loss = 0.105856, l2 loss = 0.368082 (max 14.95), (true 429, predicted [429])
attack: step 2/10, xent loss = 0.0284467, l2 loss = 0.450249 (max 14.95), (true 429, predicted [429])
attack: step 3/10, xent loss = 0.0765135, l2 loss = 0.457729 (max 14.95), (true 429, predicted [429])
attack: step 4/10, xent loss = 0.0218123, l2 loss = 0.506323 (max 14.95), (true 429, predicted [429])
attack: step 5/10, xent loss = 0.0315298, l2 loss = 0.510715 (max 14.95), (true 429, predicted [429])
attack: step 6/10, xent loss = 0.0533578, l2 loss = 0.518536 (max 14.95), (true 429, predicted [429])
attack: step 7/10, xent loss = 0.0270172, l2 loss = 0.53757 (max 14.95), (true 429, predicted [429])
attack: step 8/10, xent loss = 0.0245371, l2 loss = 0.541885 (max 14.95), (true 429, predicted [429])
attack: step 9/10, xent loss = 0.0438577, l2 loss = 0.548074 (max 14.95), (true 429, predicted [429])
attack: step 10/10, xent loss = 0.0164062, l2 loss = 0.563856 (max 14.95), (true 429, predicted [429])
true = 429, adv = 429
