2019-06-30 06:43:36.564243: I tensorflow/core/platform/cpu_feature_guard.cc:141] Your CPU supports instructions that this TensorFlow binary was not compiled to use: SSE4.1 SSE4.2 AVX AVX2 FMA
2019-06-30 06:43:37.277294: I tensorflow/core/platform/profile_utils/cpu_utils.cc:94] CPU Frequency: 2599745000 Hz
2019-06-30 06:43:37.285073: I tensorflow/compiler/xla/service/service.cc:150] XLA service 0x2aaae6bbff20 executing computations on platform Host. Devices:
2019-06-30 06:43:37.289425: I tensorflow/compiler/xla/service/service.cc:158]   StreamExecutor device (0): <undefined>, <undefined>
2019-06-30 06:43:37.289776: I tensorflow/core/common_runtime/process_util.cc:71] Creating new thread pool with default inter op setting: 2. Tune using inter_op_parallelism_threads for best performance.
evaluating 800 of [800, 810)
attack: step 1/10, xent loss = 0.00223887, l2 loss = 0.207704 (max 14.95), (true 642, predicted [642])
attack: step 2/10, xent loss = 0.0117874, l2 loss = 0.208603 (max 14.95), (true 642, predicted [642])
attack: step 3/10, xent loss = 0.00342438, l2 loss = 0.224188 (max 14.95), (true 642, predicted [642])
attack: step 4/10, xent loss = 0.000536655, l2 loss = 0.226549 (max 14.95), (true 642, predicted [642])
attack: step 5/10, xent loss = 0.00625427, l2 loss = 0.22674 (max 14.95), (true 642, predicted [642])
attack: step 6/10, xent loss = 0.000533677, l2 loss = 0.231993 (max 14.95), (true 642, predicted [642])
attack: step 7/10, xent loss = 0.0023132, l2 loss = 0.232147 (max 14.95), (true 642, predicted [642])
attack: step 8/10, xent loss = 0.0010055, l2 loss = 0.23321 (max 14.95), (true 642, predicted [642])
attack: step 9/10, xent loss = 0.0061852, l2 loss = 0.233542 (max 14.95), (true 642, predicted [642])
attack: step 10/10, xent loss = 0.00263451, l2 loss = 0.237816 (max 14.95), (true 642, predicted [642])
true = 642, adv = 642
evaluating 801 of [800, 810)
attack: step 1/10, xent loss = 8.06322, l2 loss = 13.5437 (max 14.95), (true 659, predicted [478])
attack: step 2/10, xent loss = 6.54793, l2 loss = 14.1192 (max 14.95), (true 659, predicted [478])
attack: step 3/10, xent loss = 7.81937, l2 loss = 14.7411 (max 14.95), (true 659, predicted [478])
attack: step 4/10, xent loss = 6.25261, l2 loss = 15.7003 (max 14.95), (true 659, predicted [478])
attack: step 5/10, xent loss = 5.46484, l2 loss = 17.0361 (max 14.95), (true 659, predicted [968])
attack: step 6/10, xent loss = 9.37778, l2 loss = 17.5813 (max 14.95), (true 659, predicted [478])
attack: step 7/10, xent loss = 8.56448, l2 loss = 18.2894 (max 14.95), (true 659, predicted [478])
attack: step 8/10, xent loss = 8.23294, l2 loss = 18.9371 (max 14.95), (true 659, predicted [478])
attack: step 9/10, xent loss = 6.74739, l2 loss = 19.4861 (max 14.95), (true 659, predicted [478])
attack: step 10/10, xent loss = 8.32362, l2 loss = 20.3104 (max 14.95), (true 659, predicted [478])
check failed
true = 659, adv = 728
evaluating 802 of [800, 810)
attack: step 1/10, xent loss = 11.5345, l2 loss = 19.6128 (max 14.95), (true 958, predicted [728])
attack: step 2/10, xent loss = 12.6647, l2 loss = 21.0649 (max 14.95), (true 958, predicted [728])
attack: step 3/10, xent loss = 10.7273, l2 loss = 22.178 (max 14.95), (true 958, predicted [728])
attack: step 4/10, xent loss = 11.777, l2 loss = 23.5192 (max 14.95), (true 958, predicted [728])
attack: step 5/10, xent loss = 14.5606, l2 loss = 24.4698 (max 14.95), (true 958, predicted [728])
attack: step 6/10, xent loss = 13.7151, l2 loss = 25.7097 (max 14.95), (true 958, predicted [728])
attack: step 7/10, xent loss = 15.8976, l2 loss = 26.9695 (max 14.95), (true 958, predicted [728])
attack: step 8/10, xent loss = 15.7828, l2 loss = 28.5532 (max 14.95), (true 958, predicted [728])
attack: step 9/10, xent loss = 13.8769, l2 loss = 29.35 (max 14.95), (true 958, predicted [728])
attack: step 10/10, xent loss = 13.8546, l2 loss = 30.1501 (max 14.95), (true 958, predicted [728])
check failed
true = 958, adv = 728
evaluating 803 of [800, 810)
attack: step 1/10, xent loss = 8.76458, l2 loss = 7.51214 (max 14.95), (true 366, predicted [879])
attack: step 2/10, xent loss = 9.26487, l2 loss = 8.59103 (max 14.95), (true 366, predicted [879])
attack: step 3/10, xent loss = 9.76762, l2 loss = 9.26534 (max 14.95), (true 366, predicted [879])
attack: step 4/10, xent loss = 8.90721, l2 loss = 10.2697 (max 14.95), (true 366, predicted [879])
attack: step 5/10, xent loss = 9.21852, l2 loss = 10.6519 (max 14.95), (true 366, predicted [879])
attack: step 6/10, xent loss = 8.45704, l2 loss = 11.1222 (max 14.95), (true 366, predicted [879])
attack: step 7/10, xent loss = 8.60253, l2 loss = 11.3314 (max 14.95), (true 366, predicted [645])
attack: step 8/10, xent loss = 8.58658, l2 loss = 11.5424 (max 14.95), (true 366, predicted [645])
attack: step 9/10, xent loss = 8.73383, l2 loss = 11.7482 (max 14.95), (true 366, predicted [879])
attack: step 10/10, xent loss = 9.49383, l2 loss = 12.2995 (max 14.95), (true 366, predicted [879])
true = 366, adv = 879
evaluating 804 of [800, 810)
attack: step 1/10, xent loss = 6.51617, l2 loss = 15.7207 (max 14.95), (true 824, predicted [601])
attack: step 2/10, xent loss = 7.57, l2 loss = 16.1475 (max 14.95), (true 824, predicted [601])
attack: step 3/10, xent loss = 7.46478, l2 loss = 16.4551 (max 14.95), (true 824, predicted [728])
attack: step 4/10, xent loss = 7.751, l2 loss = 17.1548 (max 14.95), (true 824, predicted [728])
attack: step 5/10, xent loss = 7.8662, l2 loss = 17.6392 (max 14.95), (true 824, predicted [728])
attack: step 6/10, xent loss = 8.23364, l2 loss = 18.2795 (max 14.95), (true 824, predicted [728])
attack: step 7/10, xent loss = 7.96201, l2 loss = 19.119 (max 14.95), (true 824, predicted [728])
attack: step 8/10, xent loss = 7.52745, l2 loss = 19.4639 (max 14.95), (true 824, predicted [728])
attack: step 9/10, xent loss = 8.19981, l2 loss = 19.7388 (max 14.95), (true 824, predicted [728])
attack: step 10/10, xent loss = 9.029, l2 loss = 20.2852 (max 14.95), (true 824, predicted [728])
check failed
true = 824, adv = 728
evaluating 805 of [800, 810)
attack: step 1/10, xent loss = 14.6562, l2 loss = 29.2168 (max 14.95), (true 92, predicted [728])
attack: step 2/10, xent loss = 18.5629, l2 loss = 30.4046 (max 14.95), (true 92, predicted [728])
attack: step 3/10, xent loss = 18.1984, l2 loss = 31.8369 (max 14.95), (true 92, predicted [728])
attack: step 4/10, xent loss = 18.746, l2 loss = 32.8499 (max 14.95), (true 92, predicted [728])
attack: step 5/10, xent loss = 18.6637, l2 loss = 34.2081 (max 14.95), (true 92, predicted [728])
attack: step 6/10, xent loss = 20.0556, l2 loss = 35.4247 (max 14.95), (true 92, predicted [728])
attack: step 7/10, xent loss = 17.7064, l2 loss = 36.6234 (max 14.95), (true 92, predicted [728])
attack: step 8/10, xent loss = 22.1436, l2 loss = 37.6221 (max 14.95), (true 92, predicted [728])
attack: step 9/10, xent loss = 20.1915, l2 loss = 38.5764 (max 14.95), (true 92, predicted [728])
attack: step 10/10, xent loss = 22.1205, l2 loss = 39.7188 (max 14.95), (true 92, predicted [728])
check failed
true = 92, adv = 728
evaluating 806 of [800, 810)
attack: step 1/10, xent loss = 9.73879, l2 loss = 18.534 (max 14.95), (true 187, predicted [552])
attack: step 2/10, xent loss = 10.8509, l2 loss = 18.9668 (max 14.95), (true 187, predicted [552])
attack: step 3/10, xent loss = 12.4829, l2 loss = 19.5121 (max 14.95), (true 187, predicted [552])
attack: step 4/10, xent loss = 9.4015, l2 loss = 20.4041 (max 14.95), (true 187, predicted [552])
attack: step 5/10, xent loss = 12.3296, l2 loss = 21.1005 (max 14.95), (true 187, predicted [728])
attack: step 6/10, xent loss = 12.0998, l2 loss = 22.0914 (max 14.95), (true 187, predicted [552])
attack: step 7/10, xent loss = 11.3837, l2 loss = 22.6921 (max 14.95), (true 187, predicted [728])
attack: step 8/10, xent loss = 12.6854, l2 loss = 23.9978 (max 14.95), (true 187, predicted [552])
attack: step 9/10, xent loss = 13.8386, l2 loss = 24.6072 (max 14.95), (true 187, predicted [552])
attack: step 10/10, xent loss = 11.3843, l2 loss = 25.585 (max 14.95), (true 187, predicted [728])
check failed
true = 187, adv = 552
evaluating 807 of [800, 810)
attack: step 1/10, xent loss = 7.76303, l2 loss = 7.06078 (max 14.95), (true 477, predicted [729])
attack: step 2/10, xent loss = 8.20376, l2 loss = 7.26985 (max 14.95), (true 477, predicted [581])
attack: step 3/10, xent loss = 7.29581, l2 loss = 7.60151 (max 14.95), (true 477, predicted [600])
attack: step 4/10, xent loss = 7.42811, l2 loss = 7.90664 (max 14.95), (true 477, predicted [600])
attack: step 5/10, xent loss = 6.42845, l2 loss = 8.17695 (max 14.95), (true 477, predicted [494])
attack: step 6/10, xent loss = 7.73466, l2 loss = 8.51713 (max 14.95), (true 477, predicted [549])
attack: step 7/10, xent loss = 6.54195, l2 loss = 8.82996 (max 14.95), (true 477, predicted [494])
attack: step 8/10, xent loss = 7.69802, l2 loss = 9.16543 (max 14.95), (true 477, predicted [600])
attack: step 9/10, xent loss = 7.56311, l2 loss = 9.59025 (max 14.95), (true 477, predicted [600])
attack: step 10/10, xent loss = 7.83528, l2 loss = 9.83752 (max 14.95), (true 477, predicted [581])
true = 477, adv = 600
evaluating 808 of [800, 810)
attack: step 1/10, xent loss = 11.446, l2 loss = 15.1829 (max 14.95), (true 89, predicted [701])
attack: step 2/10, xent loss = 8.52672, l2 loss = 16.095 (max 14.95), (true 89, predicted [701])
attack: step 3/10, xent loss = 10.3781, l2 loss = 16.696 (max 14.95), (true 89, predicted [701])
attack: step 4/10, xent loss = 8.00234, l2 loss = 17.3575 (max 14.95), (true 89, predicted [879])
attack: step 5/10, xent loss = 9.51792, l2 loss = 17.4922 (max 14.95), (true 89, predicted [701])
attack: step 6/10, xent loss = 10.5225, l2 loss = 18.4428 (max 14.95), (true 89, predicted [701])
attack: step 7/10, xent loss = 9.17, l2 loss = 19.7867 (max 14.95), (true 89, predicted [701])
attack: step 8/10, xent loss = 10.633, l2 loss = 20.2448 (max 14.95), (true 89, predicted [701])
attack: step 9/10, xent loss = 10.1935, l2 loss = 21.1088 (max 14.95), (true 89, predicted [701])
attack: step 10/10, xent loss = 11.2368, l2 loss = 21.8389 (max 14.95), (true 89, predicted [701])
check failed
true = 89, adv = 701
evaluating 809 of [800, 810)
attack: step 1/10, xent loss = 12.4853, l2 loss = 15.3563 (max 14.95), (true 499, predicted [728])
attack: step 2/10, xent loss = 10.5327, l2 loss = 17.1491 (max 14.95), (true 499, predicted [728])
attack: step 3/10, xent loss = 11.9028, l2 loss = 18.3697 (max 14.95), (true 499, predicted [728])
attack: step 4/10, xent loss = 14.3247, l2 loss = 19.6629 (max 14.95), (true 499, predicted [728])
attack: step 5/10, xent loss = 14.6117, l2 loss = 20.7028 (max 14.95), (true 499, predicted [728])
attack: step 6/10, xent loss = 13.8815, l2 loss = 21.8957 (max 14.95), (true 499, predicted [728])
attack: step 7/10, xent loss = 14.0508, l2 loss = 23.0672 (max 14.95), (true 499, predicted [728])
attack: step 8/10, xent loss = 14.8812, l2 loss = 24.3202 (max 14.95), (true 499, predicted [728])
attack: step 9/10, xent loss = 14.2852, l2 loss = 25.2233 (max 14.95), (true 499, predicted [728])
attack: step 10/10, xent loss = 14.3141, l2 loss = 26.2899 (max 14.95), (true 499, predicted [728])
check failed
true = 499, adv = 728
