2019-05-25 20:26:44.308221: I tensorflow/core/platform/cpu_feature_guard.cc:141] Your CPU supports instructions that this TensorFlow binary was not compiled to use: SSE4.1 SSE4.2 AVX AVX2 FMA
2019-05-25 20:26:44.319570: I tensorflow/core/platform/profile_utils/cpu_utils.cc:94] CPU Frequency: 2599985000 Hz
2019-05-25 20:26:44.319785: I tensorflow/compiler/xla/service/service.cc:150] XLA service 0x2aaae6d4ae90 executing computations on platform Host. Devices:
2019-05-25 20:26:44.319817: I tensorflow/compiler/xla/service/service.cc:158]   StreamExecutor device (0): <undefined>, <undefined>
2019-05-25 20:26:44.320164: I tensorflow/core/common_runtime/process_util.cc:71] Creating new thread pool with default inter op setting: 2. Tune using inter_op_parallelism_threads for best performance.
evaluating 290 of [290, 300)
attack: step 1/10, xent loss = 2.08799, l2 loss = 0 (max 14.95), (true 382, predicted [616])
attack: step 2/10, xent loss = 2.34786, l2 loss = 3.024 (max 14.95), (true 382, predicted [616])
attack: step 3/10, xent loss = 1.23098, l2 loss = 4.68864 (max 14.95), (true 382, predicted [382])
attack: step 4/10, xent loss = 3.47489, l2 loss = 5.41289 (max 14.95), (true 382, predicted [616])
attack: step 5/10, xent loss = 3.40415, l2 loss = 6.9383 (max 14.95), (true 382, predicted [616])
attack: step 6/10, xent loss = 6.537, l2 loss = 7.86466 (max 14.95), (true 382, predicted [616])
attack: step 7/10, xent loss = 7.30118, l2 loss = 11.367 (max 14.95), (true 382, predicted [616])
attack: step 8/10, xent loss = 7.79898, l2 loss = 11.9253 (max 14.95), (true 382, predicted [616])
attack: step 9/10, xent loss = 8.50854, l2 loss = 12.4928 (max 14.95), (true 382, predicted [616])
attack: step 10/10, xent loss = 7.82833, l2 loss = 13.1406 (max 14.95), (true 382, predicted [616])
true = 382, adv = 616
evaluating 291 of [290, 300)
attack: step 1/10, xent loss = 7.44197, l2 loss = 0 (max 14.95), (true 120, predicted [830])
attack: step 2/10, xent loss = 11.8345, l2 loss = 9.0839 (max 14.95), (true 120, predicted [830])
attack: step 3/10, xent loss = 13.6888, l2 loss = 13.4467 (max 14.95), (true 120, predicted [830])
attack: step 4/10, xent loss = 15.7928, l2 loss = 15.2891 (max 14.95), (true 120, predicted [830])
attack: step 5/10, xent loss = 13.8213, l2 loss = 17.3966 (max 14.95), (true 120, predicted [830])
attack: step 6/10, xent loss = 16.9562, l2 loss = 19.3031 (max 14.95), (true 120, predicted [830])
attack: step 7/10, xent loss = 18.2011, l2 loss = 20.5804 (max 14.95), (true 120, predicted [830])
attack: step 8/10, xent loss = 17.8426, l2 loss = 21.3801 (max 14.95), (true 120, predicted [830])
attack: step 9/10, xent loss = 19.0654, l2 loss = 22.6703 (max 14.95), (true 120, predicted [830])
attack: step 10/10, xent loss = 19.2184, l2 loss = 23.7934 (max 14.95), (true 120, predicted [830])
check failed
true = 120, adv = 830
evaluating 292 of [290, 300)
attack: step 1/10, xent loss = 0.0441475, l2 loss = 0 (max 14.95), (true 873, predicted [873])
attack: step 2/10, xent loss = 0.0367876, l2 loss = 0.124968 (max 14.95), (true 873, predicted [873])
attack: step 3/10, xent loss = 0.0784684, l2 loss = 0.154624 (max 14.95), (true 873, predicted [873])
attack: step 4/10, xent loss = 0.177132, l2 loss = 0.349797 (max 14.95), (true 873, predicted [873])
attack: step 5/10, xent loss = 0.0732868, l2 loss = 0.967317 (max 14.95), (true 873, predicted [873])
attack: step 6/10, xent loss = 0.167875, l2 loss = 1.01903 (max 14.95), (true 873, predicted [873])
attack: step 7/10, xent loss = 0.0380282, l2 loss = 1.46394 (max 14.95), (true 873, predicted [873])
attack: step 8/10, xent loss = 0.0774959, l2 loss = 1.46794 (max 14.95), (true 873, predicted [873])
attack: step 9/10, xent loss = 0.190805, l2 loss = 1.49511 (max 14.95), (true 873, predicted [873])
attack: step 10/10, xent loss = 0.303123, l2 loss = 1.85259 (max 14.95), (true 873, predicted [873])
true = 873, adv = 873
evaluating 293 of [290, 300)
attack: step 1/10, xent loss = 1.47763, l2 loss = 0 (max 14.95), (true 91, predicted [91])
attack: step 2/10, xent loss = 1.93897, l2 loss = 8.09987 (max 14.95), (true 91, predicted [90])
attack: step 3/10, xent loss = 5.02242, l2 loss = 12.5065 (max 14.95), (true 91, predicted [984])
attack: step 4/10, xent loss = 6.4238, l2 loss = 13.1609 (max 14.95), (true 91, predicted [738])
attack: step 5/10, xent loss = 6.96922, l2 loss = 13.4603 (max 14.95), (true 91, predicted [738])
attack: step 6/10, xent loss = 6.57763, l2 loss = 13.8985 (max 14.95), (true 91, predicted [988])
attack: step 7/10, xent loss = 6.86836, l2 loss = 15.1308 (max 14.95), (true 91, predicted [738])
attack: step 8/10, xent loss = 6.82466, l2 loss = 15.4496 (max 14.95), (true 91, predicted [738])
attack: step 9/10, xent loss = 6.99566, l2 loss = 15.8488 (max 14.95), (true 91, predicted [738])
attack: step 10/10, xent loss = 7.16236, l2 loss = 16.0789 (max 14.95), (true 91, predicted [738])
check failed
true = 91, adv = 738
evaluating 294 of [290, 300)
attack: step 1/10, xent loss = 4.12625, l2 loss = 0 (max 14.95), (true 748, predicted [842])
attack: step 2/10, xent loss = 7.87109, l2 loss = 4.44884 (max 14.95), (true 748, predicted [842])
attack: step 3/10, xent loss = 7.57086, l2 loss = 6.62369 (max 14.95), (true 748, predicted [842])
attack: step 4/10, xent loss = 7.6525, l2 loss = 7.83251 (max 14.95), (true 748, predicted [842])
attack: step 5/10, xent loss = 7.57816, l2 loss = 8.57406 (max 14.95), (true 748, predicted [842])
attack: step 6/10, xent loss = 9.45446, l2 loss = 9.33966 (max 14.95), (true 748, predicted [797])
attack: step 7/10, xent loss = 9.30968, l2 loss = 10.0636 (max 14.95), (true 748, predicted [842])
attack: step 8/10, xent loss = 10.1942, l2 loss = 10.6846 (max 14.95), (true 748, predicted [842])
attack: step 9/10, xent loss = 10.7658, l2 loss = 11.1617 (max 14.95), (true 748, predicted [842])
attack: step 10/10, xent loss = 10.2409, l2 loss = 11.7906 (max 14.95), (true 748, predicted [842])
true = 748, adv = 842
evaluating 295 of [290, 300)
attack: step 1/10, xent loss = 2.91997, l2 loss = 0 (max 14.95), (true 907, predicted [966])
attack: step 2/10, xent loss = 3.9213, l2 loss = 2.9317 (max 14.95), (true 907, predicted [966])
attack: step 3/10, xent loss = 3.80852, l2 loss = 3.7518 (max 14.95), (true 907, predicted [966])
attack: step 4/10, xent loss = 3.42206, l2 loss = 4.5386 (max 14.95), (true 907, predicted [966])
attack: step 5/10, xent loss = 4.21747, l2 loss = 5.59355 (max 14.95), (true 907, predicted [966])
attack: step 6/10, xent loss = 4.42867, l2 loss = 6.20138 (max 14.95), (true 907, predicted [966])
attack: step 7/10, xent loss = 4.52417, l2 loss = 6.81148 (max 14.95), (true 907, predicted [966])
attack: step 8/10, xent loss = 5.37025, l2 loss = 7.37602 (max 14.95), (true 907, predicted [966])
attack: step 9/10, xent loss = 5.88353, l2 loss = 7.92959 (max 14.95), (true 907, predicted [966])
attack: step 10/10, xent loss = 5.71425, l2 loss = 8.27543 (max 14.95), (true 907, predicted [966])
true = 907, adv = 966
evaluating 296 of [290, 300)
attack: step 1/10, xent loss = 0.242254, l2 loss = 0 (max 14.95), (true 22, predicted [22])
attack: step 2/10, xent loss = 0.232259, l2 loss = 0.555609 (max 14.95), (true 22, predicted [22])
attack: step 3/10, xent loss = 0.287615, l2 loss = 0.905526 (max 14.95), (true 22, predicted [22])
attack: step 4/10, xent loss = 0.400281, l2 loss = 1.28304 (max 14.95), (true 22, predicted [22])
attack: step 5/10, xent loss = 0.204125, l2 loss = 1.86833 (max 14.95), (true 22, predicted [22])
attack: step 6/10, xent loss = 0.331959, l2 loss = 2.01573 (max 14.95), (true 22, predicted [22])
attack: step 7/10, xent loss = 0.679499, l2 loss = 2.36467 (max 14.95), (true 22, predicted [22])
attack: step 8/10, xent loss = 1.78146, l2 loss = 3.12393 (max 14.95), (true 22, predicted [22])
attack: step 9/10, xent loss = 3.03449, l2 loss = 4.88785 (max 14.95), (true 22, predicted [88])
attack: step 10/10, xent loss = 4.99405, l2 loss = 7.14601 (max 14.95), (true 22, predicted [88])
true = 22, adv = 88
evaluating 297 of [290, 300)
attack: step 1/10, xent loss = 0.464672, l2 loss = 0 (max 14.95), (true 792, predicted [792])
attack: step 2/10, xent loss = 0.34102, l2 loss = 4.2491 (max 14.95), (true 792, predicted [792])
attack: step 3/10, xent loss = 1.80218, l2 loss = 4.83023 (max 14.95), (true 792, predicted [792])
attack: step 4/10, xent loss = 1.90436, l2 loss = 8.20504 (max 14.95), (true 792, predicted [792])
attack: step 5/10, xent loss = 2.85408, l2 loss = 10.2748 (max 14.95), (true 792, predicted [728])
attack: step 6/10, xent loss = 4.2996, l2 loss = 13.501 (max 14.95), (true 792, predicted [456])
attack: step 7/10, xent loss = 5.84645, l2 loss = 14.4211 (max 14.95), (true 792, predicted [456])
attack: step 8/10, xent loss = 2.50678, l2 loss = 15.4968 (max 14.95), (true 792, predicted [777])
attack: step 9/10, xent loss = 6.33113, l2 loss = 16.3778 (max 14.95), (true 792, predicted [456])
attack: step 10/10, xent loss = 6.39548, l2 loss = 17.053 (max 14.95), (true 792, predicted [728])
check failed
true = 792, adv = 728
evaluating 298 of [290, 300)
attack: step 1/10, xent loss = 3.17109, l2 loss = 0 (max 14.95), (true 9, predicted [84])
attack: step 2/10, xent loss = 3.95304, l2 loss = 3.75767 (max 14.95), (true 9, predicted [99])
attack: step 3/10, xent loss = 5.86987, l2 loss = 5.9518 (max 14.95), (true 9, predicted [99])
attack: step 4/10, xent loss = 7.08011, l2 loss = 7.65655 (max 14.95), (true 9, predicted [99])
attack: step 5/10, xent loss = 9.30502, l2 loss = 10.5705 (max 14.95), (true 9, predicted [99])
attack: step 6/10, xent loss = 11.7439, l2 loss = 11.6669 (max 14.95), (true 9, predicted [99])
attack: step 7/10, xent loss = 12.2169, l2 loss = 13.5899 (max 14.95), (true 9, predicted [99])
attack: step 8/10, xent loss = 10.5798, l2 loss = 14.1241 (max 14.95), (true 9, predicted [99])
attack: step 9/10, xent loss = 10.2471, l2 loss = 16.6964 (max 14.95), (true 9, predicted [99])
attack: step 10/10, xent loss = 12.1459, l2 loss = 17.3221 (max 14.95), (true 9, predicted [99])
check failed
true = 9, adv = 99
evaluating 299 of [290, 300)
attack: step 1/10, xent loss = 9.18551, l2 loss = 0 (max 14.95), (true 825, predicted [999])
attack: step 2/10, xent loss = 7.80513, l2 loss = 7.19484 (max 14.95), (true 825, predicted [999])
attack: step 3/10, xent loss = 7.16369, l2 loss = 8.74559 (max 14.95), (true 825, predicted [700])
attack: step 4/10, xent loss = 10.2578, l2 loss = 10.41 (max 14.95), (true 825, predicted [700])
attack: step 5/10, xent loss = 10.7328, l2 loss = 13.4441 (max 14.95), (true 825, predicted [999])
attack: step 6/10, xent loss = 17.0252, l2 loss = 16.0699 (max 14.95), (true 825, predicted [700])
attack: step 7/10, xent loss = 10.4781, l2 loss = 18.3385 (max 14.95), (true 825, predicted [999])
attack: step 8/10, xent loss = 15.3608, l2 loss = 20.1103 (max 14.95), (true 825, predicted [999])
attack: step 9/10, xent loss = 18.9176, l2 loss = 22.3517 (max 14.95), (true 825, predicted [700])
attack: step 10/10, xent loss = 18.4542, l2 loss = 24.0457 (max 14.95), (true 825, predicted [700])
check failed
true = 825, adv = 700
