2019-05-25 20:26:44.306130: I tensorflow/core/platform/cpu_feature_guard.cc:141] Your CPU supports instructions that this TensorFlow binary was not compiled to use: SSE4.1 SSE4.2 AVX AVX2 FMA
2019-05-25 20:26:44.331209: I tensorflow/core/platform/profile_utils/cpu_utils.cc:94] CPU Frequency: 2599985000 Hz
2019-05-25 20:26:44.331367: I tensorflow/compiler/xla/service/service.cc:150] XLA service 0x2aaae6fbd810 executing computations on platform Host. Devices:
2019-05-25 20:26:44.331407: I tensorflow/compiler/xla/service/service.cc:158]   StreamExecutor device (0): <undefined>, <undefined>
2019-05-25 20:26:44.332769: I tensorflow/core/common_runtime/process_util.cc:71] Creating new thread pool with default inter op setting: 2. Tune using inter_op_parallelism_threads for best performance.
evaluating 190 of [190, 200)
attack: step 1/10, xent loss = 0.134853, l2 loss = 0 (max 14.95), (true 553, predicted [553])
attack: step 2/10, xent loss = 0.0719812, l2 loss = 0.376413 (max 14.95), (true 553, predicted [553])
attack: step 3/10, xent loss = 0.138974, l2 loss = 0.433808 (max 14.95), (true 553, predicted [553])
attack: step 4/10, xent loss = 0.0387378, l2 loss = 0.572829 (max 14.95), (true 553, predicted [553])
attack: step 5/10, xent loss = 0.115253, l2 loss = 0.58325 (max 14.95), (true 553, predicted [553])
attack: step 6/10, xent loss = 0.210356, l2 loss = 0.659999 (max 14.95), (true 553, predicted [553])
attack: step 7/10, xent loss = 0.755824, l2 loss = 0.919904 (max 14.95), (true 553, predicted [553])
attack: step 8/10, xent loss = 0.11706, l2 loss = 2.89367 (max 14.95), (true 553, predicted [553])
attack: step 9/10, xent loss = 0.232836, l2 loss = 2.92595 (max 14.95), (true 553, predicted [553])
attack: step 10/10, xent loss = 0.0808036, l2 loss = 3.04894 (max 14.95), (true 553, predicted [553])
true = 553, adv = 553
evaluating 191 of [190, 200)
attack: step 1/10, xent loss = 0.593163, l2 loss = 0 (max 14.95), (true 23, predicted [23])
attack: step 2/10, xent loss = 0.696291, l2 loss = 1.54392 (max 14.95), (true 23, predicted [23])
attack: step 3/10, xent loss = 0.546505, l2 loss = 2.31608 (max 14.95), (true 23, predicted [23])
attack: step 4/10, xent loss = 0.506177, l2 loss = 2.68535 (max 14.95), (true 23, predicted [23])
attack: step 5/10, xent loss = 0.850814, l2 loss = 2.92324 (max 14.95), (true 23, predicted [23])
attack: step 6/10, xent loss = 0.302607, l2 loss = 3.62338 (max 14.95), (true 23, predicted [23])
attack: step 7/10, xent loss = 1.43942, l2 loss = 3.72409 (max 14.95), (true 23, predicted [23])
attack: step 8/10, xent loss = 0.94342, l2 loss = 4.53273 (max 14.95), (true 23, predicted [23])
attack: step 9/10, xent loss = 0.629795, l2 loss = 4.91015 (max 14.95), (true 23, predicted [23])
attack: step 10/10, xent loss = 1.36082, l2 loss = 5.0873 (max 14.95), (true 23, predicted [23])
true = 23, adv = 23
evaluating 192 of [190, 200)
attack: step 1/10, xent loss = 0.11578, l2 loss = 0 (max 14.95), (true 169, predicted [169])
attack: step 2/10, xent loss = 1.31317, l2 loss = 0.737431 (max 14.95), (true 169, predicted [169])
attack: step 3/10, xent loss = 2.84385, l2 loss = 6.53683 (max 14.95), (true 169, predicted [215])
attack: step 4/10, xent loss = 4.16088, l2 loss = 10.324 (max 14.95), (true 169, predicted [215])
attack: step 5/10, xent loss = 4.74761, l2 loss = 11.2384 (max 14.95), (true 169, predicted [215])
attack: step 6/10, xent loss = 6.83459, l2 loss = 12.9956 (max 14.95), (true 169, predicted [215])
attack: step 7/10, xent loss = 7.33913, l2 loss = 15.0263 (max 14.95), (true 169, predicted [215])
attack: step 8/10, xent loss = 9.45189, l2 loss = 15.7887 (max 14.95), (true 169, predicted [215])
attack: step 9/10, xent loss = 8.63788, l2 loss = 16.3457 (max 14.95), (true 169, predicted [215])
attack: step 10/10, xent loss = 7.83782, l2 loss = 17.2344 (max 14.95), (true 169, predicted [215])
check failed
true = 169, adv = 215
evaluating 193 of [190, 200)
attack: step 1/10, xent loss = 6.00817, l2 loss = 0 (max 14.95), (true 567, predicted [920])
attack: step 2/10, xent loss = 4.70976, l2 loss = 6.05569 (max 14.95), (true 567, predicted [574])
attack: step 3/10, xent loss = 9.6326, l2 loss = 9.79389 (max 14.95), (true 567, predicted [574])
attack: step 4/10, xent loss = 13.6785, l2 loss = 11.9905 (max 14.95), (true 567, predicted [574])
attack: step 5/10, xent loss = 15.948, l2 loss = 14.2811 (max 14.95), (true 567, predicted [574])
attack: step 6/10, xent loss = 15.2394, l2 loss = 15.87 (max 14.95), (true 567, predicted [574])
attack: step 7/10, xent loss = 17.8078, l2 loss = 18.2667 (max 14.95), (true 567, predicted [574])
attack: step 8/10, xent loss = 19.3403, l2 loss = 19.5735 (max 14.95), (true 567, predicted [574])
attack: step 9/10, xent loss = 21.252, l2 loss = 20.9978 (max 14.95), (true 567, predicted [574])
attack: step 10/10, xent loss = 20.9792, l2 loss = 22.3684 (max 14.95), (true 567, predicted [574])
check failed
true = 567, adv = 574
evaluating 194 of [190, 200)
attack: step 1/10, xent loss = 2.80269, l2 loss = 0 (max 14.95), (true 545, predicted [570])
attack: step 2/10, xent loss = 1.71327, l2 loss = 3.39167 (max 14.95), (true 545, predicted [545])
attack: step 3/10, xent loss = 3.29736, l2 loss = 5.10017 (max 14.95), (true 545, predicted [570])
attack: step 4/10, xent loss = 4.37426, l2 loss = 6.15903 (max 14.95), (true 545, predicted [518])
attack: step 5/10, xent loss = 4.73171, l2 loss = 6.85144 (max 14.95), (true 545, predicted [787])
attack: step 6/10, xent loss = 5.51728, l2 loss = 7.58019 (max 14.95), (true 545, predicted [518])
attack: step 7/10, xent loss = 6.01156, l2 loss = 8.19476 (max 14.95), (true 545, predicted [971])
attack: step 8/10, xent loss = 6.11141, l2 loss = 8.64054 (max 14.95), (true 545, predicted [518])
attack: step 9/10, xent loss = 7.2482, l2 loss = 8.92163 (max 14.95), (true 545, predicted [518])
attack: step 10/10, xent loss = 7.078, l2 loss = 9.30767 (max 14.95), (true 545, predicted [518])
true = 545, adv = 518
evaluating 195 of [190, 200)
attack: step 1/10, xent loss = 9.02956, l2 loss = 0 (max 14.95), (true 328, predicted [728])
attack: step 2/10, xent loss = 10.3792, l2 loss = 7.83684 (max 14.95), (true 328, predicted [728])
attack: step 3/10, xent loss = 14.7088, l2 loss = 12.2788 (max 14.95), (true 328, predicted [728])
attack: step 4/10, xent loss = 16.1688, l2 loss = 15.6821 (max 14.95), (true 328, predicted [728])
attack: step 5/10, xent loss = 15.6147, l2 loss = 17.8694 (max 14.95), (true 328, predicted [728])
attack: step 6/10, xent loss = 15.8752, l2 loss = 20.9502 (max 14.95), (true 328, predicted [728])
attack: step 7/10, xent loss = 20.4055, l2 loss = 22.5964 (max 14.95), (true 328, predicted [728])
attack: step 8/10, xent loss = 21.7047, l2 loss = 24.3159 (max 14.95), (true 328, predicted [728])
attack: step 9/10, xent loss = 22.451, l2 loss = 26.5247 (max 14.95), (true 328, predicted [728])
attack: step 10/10, xent loss = 26.1772, l2 loss = 28.2329 (max 14.95), (true 328, predicted [728])
check failed
true = 328, adv = 728
evaluating 196 of [190, 200)
attack: step 1/10, xent loss = 1.55035, l2 loss = 0 (max 14.95), (true 598, predicted [498])
attack: step 2/10, xent loss = 3.23151, l2 loss = 6.02939 (max 14.95), (true 598, predicted [498])
attack: step 3/10, xent loss = 6.32118, l2 loss = 8.80805 (max 14.95), (true 598, predicted [583])
attack: step 4/10, xent loss = 10.6446, l2 loss = 11.2386 (max 14.95), (true 598, predicted [583])
attack: step 5/10, xent loss = 12.1827, l2 loss = 15.8878 (max 14.95), (true 598, predicted [583])
attack: step 6/10, xent loss = 17.7888, l2 loss = 19.3624 (max 14.95), (true 598, predicted [583])
attack: step 7/10, xent loss = 18.6917, l2 loss = 22.3349 (max 14.95), (true 598, predicted [583])
attack: step 8/10, xent loss = 24.9669, l2 loss = 24.5419 (max 14.95), (true 598, predicted [583])
attack: step 9/10, xent loss = 22.8946, l2 loss = 26.9116 (max 14.95), (true 598, predicted [583])
attack: step 10/10, xent loss = 23.9188, l2 loss = 28.5791 (max 14.95), (true 598, predicted [583])
check failed
true = 598, adv = 583
evaluating 197 of [190, 200)
attack: step 1/10, xent loss = 0.25123, l2 loss = 0 (max 14.95), (true 209, predicted [209])
attack: step 2/10, xent loss = 0.337081, l2 loss = 0.795575 (max 14.95), (true 209, predicted [209])
attack: step 3/10, xent loss = 0.520642, l2 loss = 1.16332 (max 14.95), (true 209, predicted [209])
attack: step 4/10, xent loss = 0.921139, l2 loss = 1.8761 (max 14.95), (true 209, predicted [209])
attack: step 5/10, xent loss = 0.676429, l2 loss = 3.64045 (max 14.95), (true 209, predicted [209])
attack: step 6/10, xent loss = 1.65882, l2 loss = 3.98691 (max 14.95), (true 209, predicted [211])
attack: step 7/10, xent loss = 0.807514, l2 loss = 5.41554 (max 14.95), (true 209, predicted [209])
attack: step 8/10, xent loss = 1.15318, l2 loss = 5.82586 (max 14.95), (true 209, predicted [211])
attack: step 9/10, xent loss = 2.87017, l2 loss = 6.83999 (max 14.95), (true 209, predicted [211])
attack: step 10/10, xent loss = 3.68034, l2 loss = 8.71881 (max 14.95), (true 209, predicted [211])
true = 209, adv = 211
evaluating 198 of [190, 200)
attack: step 1/10, xent loss = 3.23481, l2 loss = 0 (max 14.95), (true 564, predicted [520])
attack: step 2/10, xent loss = 4.58996, l2 loss = 3.54263 (max 14.95), (true 564, predicted [520])
attack: step 3/10, xent loss = 5.05147, l2 loss = 5.26418 (max 14.95), (true 564, predicted [520])
attack: step 4/10, xent loss = 5.6567, l2 loss = 6.08668 (max 14.95), (true 564, predicted [520])
attack: step 5/10, xent loss = 6.10784, l2 loss = 6.94645 (max 14.95), (true 564, predicted [520])
attack: step 6/10, xent loss = 6.19485, l2 loss = 7.75832 (max 14.95), (true 564, predicted [520])
attack: step 7/10, xent loss = 7.06238, l2 loss = 8.29758 (max 14.95), (true 564, predicted [520])
attack: step 8/10, xent loss = 6.96211, l2 loss = 8.81957 (max 14.95), (true 564, predicted [520])
attack: step 9/10, xent loss = 8.04862, l2 loss = 9.32259 (max 14.95), (true 564, predicted [520])
attack: step 10/10, xent loss = 7.78113, l2 loss = 9.76506 (max 14.95), (true 564, predicted [520])
true = 564, adv = 520
evaluating 199 of [190, 200)
attack: step 1/10, xent loss = 7.66675, l2 loss = 0 (max 14.95), (true 37, predicted [728])
attack: step 2/10, xent loss = 11.2844, l2 loss = 9.98353 (max 14.95), (true 37, predicted [728])
attack: step 3/10, xent loss = 13.514, l2 loss = 13.8432 (max 14.95), (true 37, predicted [728])
attack: step 4/10, xent loss = 14.7172, l2 loss = 17.0233 (max 14.95), (true 37, predicted [728])
attack: step 5/10, xent loss = 17.3172, l2 loss = 18.9739 (max 14.95), (true 37, predicted [728])
attack: step 6/10, xent loss = 22.4566, l2 loss = 20.7058 (max 14.95), (true 37, predicted [728])
attack: step 7/10, xent loss = 23.617, l2 loss = 22.122 (max 14.95), (true 37, predicted [728])
attack: step 8/10, xent loss = 26.2203, l2 loss = 23.6066 (max 14.95), (true 37, predicted [728])
attack: step 9/10, xent loss = 25.9576, l2 loss = 25.3774 (max 14.95), (true 37, predicted [728])
attack: step 10/10, xent loss = 29.1899, l2 loss = 26.6966 (max 14.95), (true 37, predicted [728])
check failed
true = 37, adv = 728
