2019-11-03 22:06:37.553699: I tensorflow/core/platform/cpu_feature_guard.cc:141] Your CPU supports instructions that this TensorFlow binary was not compiled to use: SSE4.1 SSE4.2 AVX AVX2 FMA
2019-11-03 22:06:37.563804: I tensorflow/core/platform/profile_utils/cpu_utils.cc:94] CPU Frequency: 2600235000 Hz
2019-11-03 22:06:37.564048: I tensorflow/compiler/xla/service/service.cc:150] XLA service 0x55555902f790 executing computations on platform Host. Devices:
2019-11-03 22:06:37.564084: I tensorflow/compiler/xla/service/service.cc:158]   StreamExecutor device (0): <undefined>, <undefined>
2019-11-03 22:06:37.564522: I tensorflow/core/common_runtime/process_util.cc:71] Creating new thread pool with default inter op setting: 2. Tune using inter_op_parallelism_threads for best performance.
evaluating 150 of [150, 160)
attack: step 1/1, xent loss = 0.078027, l2 loss = 8.26121 (max 14.95), (true 874, predicted [874])
true = 874, adv = 466
evaluating 151 of [150, 160)
attack: step 1/1, xent loss = 7.26565, l2 loss = 42.1129 (max 14.95), (true 153, predicted [228])
check failed
true = 153, adv = 728
evaluating 152 of [150, 160)
attack: step 1/1, xent loss = 6.43578, l2 loss = 32.876 (max 14.95), (true 440, predicted [899])
check failed
true = 440, adv = 883
evaluating 153 of [150, 160)
attack: step 1/1, xent loss = 0.0145193, l2 loss = 0.0831016 (max 14.95), (true 604, predicted [604])
true = 604, adv = 604
evaluating 154 of [150, 160)
attack: step 1/1, xent loss = 0.123825, l2 loss = 12.5768 (max 14.95), (true 90, predicted [90])
true = 90, adv = 90
evaluating 155 of [150, 160)
attack: step 1/1, xent loss = 5.74738, l2 loss = 8.98463 (max 14.95), (true 369, predicted [372])
true = 369, adv = 672
evaluating 156 of [150, 160)
attack: step 1/1, xent loss = 0.0119961, l2 loss = 28.1105 (max 14.95), (true 283, predicted [283])
check failed
true = 283, adv = 728
evaluating 157 of [150, 160)
attack: step 1/1, xent loss = 1.3703, l2 loss = 9.01969 (max 14.95), (true 241, predicted [240])
true = 241, adv = 241
evaluating 158 of [150, 160)
attack: step 1/1, xent loss = 7.37485, l2 loss = 33.5188 (max 14.95), (true 785, predicted [643])
check failed
true = 785, adv = 728
evaluating 159 of [150, 160)
attack: step 1/1, xent loss = 0.0711828, l2 loss = 13.8128 (max 14.95), (true 332, predicted [332])
true = 332, adv = 728
