2019-06-27 14:33:25.727781: I tensorflow/core/platform/cpu_feature_guard.cc:141] Your CPU supports instructions that this TensorFlow binary was not compiled to use: SSE4.1 SSE4.2 AVX AVX2 FMA
2019-06-27 14:33:25.963657: I tensorflow/core/platform/profile_utils/cpu_utils.cc:94] CPU Frequency: 2600020000 Hz
2019-06-27 14:33:25.966717: I tensorflow/compiler/xla/service/service.cc:150] XLA service 0x2aaae6ebd360 executing computations on platform Host. Devices:
2019-06-27 14:33:25.967539: I tensorflow/compiler/xla/service/service.cc:158]   StreamExecutor device (0): <undefined>, <undefined>
2019-06-27 14:33:25.969744: I tensorflow/core/common_runtime/process_util.cc:71] Creating new thread pool with default inter op setting: 2. Tune using inter_op_parallelism_threads for best performance.
evaluating 230 of [230, 240)
attack: step 1/10, xent loss = 19.2245, l2 loss = 21.6989 (max 14.95), (true 131, predicted [728])
attack: step 2/10, xent loss = 17.0021, l2 loss = 22.5911 (max 14.95), (true 131, predicted [728])
attack: step 3/10, xent loss = 20.1307, l2 loss = 23.5001 (max 14.95), (true 131, predicted [728])
attack: step 4/10, xent loss = 21.3488, l2 loss = 24.3505 (max 14.95), (true 131, predicted [728])
attack: step 5/10, xent loss = 20.5459, l2 loss = 25.3549 (max 14.95), (true 131, predicted [728])
attack: step 6/10, xent loss = 22.5244, l2 loss = 26.0742 (max 14.95), (true 131, predicted [728])
attack: step 7/10, xent loss = 25.6591, l2 loss = 26.7843 (max 14.95), (true 131, predicted [728])
attack: step 8/10, xent loss = 25.5645, l2 loss = 27.4848 (max 14.95), (true 131, predicted [728])
attack: step 9/10, xent loss = 21.7931, l2 loss = 28.4069 (max 14.95), (true 131, predicted [728])
attack: step 10/10, xent loss = 25.6059, l2 loss = 29.4498 (max 14.95), (true 131, predicted [728])
check failed
true = 131, adv = 728
evaluating 231 of [230, 240)
attack: step 1/10, xent loss = 16.5277, l2 loss = 24.2513 (max 14.95), (true 487, predicted [830])
attack: step 2/10, xent loss = 18.5628, l2 loss = 25.3031 (max 14.95), (true 487, predicted [830])
attack: step 3/10, xent loss = 19.0595, l2 loss = 26.4594 (max 14.95), (true 487, predicted [830])
attack: step 4/10, xent loss = 16.9085, l2 loss = 27.8842 (max 14.95), (true 487, predicted [830])
attack: step 5/10, xent loss = 21.348, l2 loss = 29.204 (max 14.95), (true 487, predicted [830])
attack: step 6/10, xent loss = 15.7642, l2 loss = 29.9433 (max 14.95), (true 487, predicted [830])
attack: step 7/10, xent loss = 22.7277, l2 loss = 31.5082 (max 14.95), (true 487, predicted [830])
attack: step 8/10, xent loss = 20.5384, l2 loss = 32.3483 (max 14.95), (true 487, predicted [830])
attack: step 9/10, xent loss = 21.8075, l2 loss = 33.2122 (max 14.95), (true 487, predicted [830])
attack: step 10/10, xent loss = 23.5171, l2 loss = 34.4062 (max 14.95), (true 487, predicted [830])
check failed
true = 487, adv = 830
evaluating 232 of [230, 240)
attack: step 1/10, xent loss = 5.8767, l2 loss = 10.4439 (max 14.95), (true 296, predicted [270])
attack: step 2/10, xent loss = 6.26026, l2 loss = 11.2352 (max 14.95), (true 296, predicted [270])
attack: step 3/10, xent loss = 5.35891, l2 loss = 13.5635 (max 14.95), (true 296, predicted [270])
attack: step 4/10, xent loss = 7.4999, l2 loss = 14.7307 (max 14.95), (true 296, predicted [270])
attack: step 5/10, xent loss = 9.05557, l2 loss = 15.1497 (max 14.95), (true 296, predicted [270])
attack: step 6/10, xent loss = 9.29667, l2 loss = 15.8232 (max 14.95), (true 296, predicted [270])
attack: step 7/10, xent loss = 9.21517, l2 loss = 16.5413 (max 14.95), (true 296, predicted [270])
attack: step 8/10, xent loss = 10.034, l2 loss = 17.5419 (max 14.95), (true 296, predicted [270])
attack: step 9/10, xent loss = 9.97182, l2 loss = 18.1063 (max 14.95), (true 296, predicted [270])
attack: step 10/10, xent loss = 10.3342, l2 loss = 19.3105 (max 14.95), (true 296, predicted [270])
check failed
true = 296, adv = 270
evaluating 233 of [230, 240)
attack: step 1/10, xent loss = 9.17168, l2 loss = 10.5331 (max 14.95), (true 804, predicted [440])
attack: step 2/10, xent loss = 11.4741, l2 loss = 11.6041 (max 14.95), (true 804, predicted [440])
attack: step 3/10, xent loss = 12.1662, l2 loss = 12.3266 (max 14.95), (true 804, predicted [440])
attack: step 4/10, xent loss = 12.1136, l2 loss = 13.1592 (max 14.95), (true 804, predicted [440])
attack: step 5/10, xent loss = 11.9668, l2 loss = 13.9348 (max 14.95), (true 804, predicted [440])
attack: step 6/10, xent loss = 12.7615, l2 loss = 14.5247 (max 14.95), (true 804, predicted [440])
attack: step 7/10, xent loss = 13.77, l2 loss = 15.7385 (max 14.95), (true 804, predicted [440])
attack: step 8/10, xent loss = 13.8402, l2 loss = 16.2844 (max 14.95), (true 804, predicted [907])
attack: step 9/10, xent loss = 15.9827, l2 loss = 16.7529 (max 14.95), (true 804, predicted [907])
attack: step 10/10, xent loss = 17.4403, l2 loss = 17.3875 (max 14.95), (true 804, predicted [907])
check failed
true = 804, adv = 907
evaluating 234 of [230, 240)
attack: step 1/10, xent loss = 27.3256, l2 loss = 31.8833 (max 14.95), (true 314, predicted [700])
attack: step 2/10, xent loss = 29.7968, l2 loss = 33.8631 (max 14.95), (true 314, predicted [700])
attack: step 3/10, xent loss = 31.1387, l2 loss = 35.0936 (max 14.95), (true 314, predicted [700])
attack: step 4/10, xent loss = 30.047, l2 loss = 36.7807 (max 14.95), (true 314, predicted [700])
attack: step 5/10, xent loss = 29.5648, l2 loss = 39.7571 (max 14.95), (true 314, predicted [700])
attack: step 6/10, xent loss = 28.3737, l2 loss = 40.8384 (max 14.95), (true 314, predicted [700])
attack: step 7/10, xent loss = 33.7814, l2 loss = 41.8949 (max 14.95), (true 314, predicted [700])
attack: step 8/10, xent loss = 32.8843, l2 loss = 43.4361 (max 14.95), (true 314, predicted [700])
attack: step 9/10, xent loss = 31.5136, l2 loss = 44.5661 (max 14.95), (true 314, predicted [700])
attack: step 10/10, xent loss = 29.9769, l2 loss = 45.9572 (max 14.95), (true 314, predicted [700])
check failed
true = 314, adv = 700
evaluating 235 of [230, 240)
attack: step 1/10, xent loss = 6.48773, l2 loss = 7.11247 (max 14.95), (true 906, predicted [636])
attack: step 2/10, xent loss = 7.2477, l2 loss = 7.35414 (max 14.95), (true 906, predicted [636])
attack: step 3/10, xent loss = 8.38301, l2 loss = 7.99371 (max 14.95), (true 906, predicted [636])
attack: step 4/10, xent loss = 6.56783, l2 loss = 8.47032 (max 14.95), (true 906, predicted [636])
attack: step 5/10, xent loss = 7.82005, l2 loss = 8.84165 (max 14.95), (true 906, predicted [636])
attack: step 6/10, xent loss = 9.20207, l2 loss = 9.18095 (max 14.95), (true 906, predicted [636])
attack: step 7/10, xent loss = 7.63054, l2 loss = 10.4072 (max 14.95), (true 906, predicted [636])
attack: step 8/10, xent loss = 7.39026, l2 loss = 10.9712 (max 14.95), (true 906, predicted [636])
attack: step 9/10, xent loss = 7.59205, l2 loss = 11.3332 (max 14.95), (true 906, predicted [636])
attack: step 10/10, xent loss = 8.40512, l2 loss = 11.6375 (max 14.95), (true 906, predicted [636])
true = 906, adv = 636
evaluating 236 of [230, 240)
attack: step 1/10, xent loss = 20.7934, l2 loss = 20.6782 (max 14.95), (true 961, predicted [953])
attack: step 2/10, xent loss = 21.8675, l2 loss = 21.8591 (max 14.95), (true 961, predicted [953])
attack: step 3/10, xent loss = 21.8603, l2 loss = 22.6524 (max 14.95), (true 961, predicted [953])
attack: step 4/10, xent loss = 23.1101, l2 loss = 23.8127 (max 14.95), (true 961, predicted [953])
attack: step 5/10, xent loss = 25.8596, l2 loss = 24.7922 (max 14.95), (true 961, predicted [953])
attack: step 6/10, xent loss = 26.006, l2 loss = 25.6719 (max 14.95), (true 961, predicted [953])
attack: step 7/10, xent loss = 28.5233, l2 loss = 26.5173 (max 14.95), (true 961, predicted [953])
attack: step 8/10, xent loss = 26.4292, l2 loss = 27.4323 (max 14.95), (true 961, predicted [953])
attack: step 9/10, xent loss = 28.247, l2 loss = 28.2239 (max 14.95), (true 961, predicted [953])
attack: step 10/10, xent loss = 28.0059, l2 loss = 29.2529 (max 14.95), (true 961, predicted [953])
check failed
true = 961, adv = 953
evaluating 237 of [230, 240)
attack: step 1/10, xent loss = 22.8365, l2 loss = 27.8947 (max 14.95), (true 355, predicted [728])
attack: step 2/10, xent loss = 27.1198, l2 loss = 28.7564 (max 14.95), (true 355, predicted [728])
attack: step 3/10, xent loss = 24.6994, l2 loss = 30.1487 (max 14.95), (true 355, predicted [728])
attack: step 4/10, xent loss = 27.0859, l2 loss = 31.56 (max 14.95), (true 355, predicted [728])
attack: step 5/10, xent loss = 29.3631, l2 loss = 32.3978 (max 14.95), (true 355, predicted [728])
attack: step 6/10, xent loss = 27.1508, l2 loss = 33.3923 (max 14.95), (true 355, predicted [728])
attack: step 7/10, xent loss = 32.1764, l2 loss = 34.3484 (max 14.95), (true 355, predicted [728])
attack: step 8/10, xent loss = 32.4256, l2 loss = 35.2163 (max 14.95), (true 355, predicted [728])
attack: step 9/10, xent loss = 34.6195, l2 loss = 36.1251 (max 14.95), (true 355, predicted [728])
attack: step 10/10, xent loss = 33.2339, l2 loss = 37.104 (max 14.95), (true 355, predicted [728])
check failed
true = 355, adv = 728
evaluating 238 of [230, 240)
attack: step 1/10, xent loss = 9.34304, l2 loss = 13.8408 (max 14.95), (true 923, predicted [927])
attack: step 2/10, xent loss = 10.7144, l2 loss = 14.5472 (max 14.95), (true 923, predicted [927])
attack: step 3/10, xent loss = 11.8309, l2 loss = 15.3877 (max 14.95), (true 923, predicted [927])
attack: step 4/10, xent loss = 12.1095, l2 loss = 15.714 (max 14.95), (true 923, predicted [927])
attack: step 5/10, xent loss = 12.3876, l2 loss = 16.158 (max 14.95), (true 923, predicted [927])
attack: step 6/10, xent loss = 12.3365, l2 loss = 16.5561 (max 14.95), (true 923, predicted [927])
attack: step 7/10, xent loss = 12.0382, l2 loss = 17.2547 (max 14.95), (true 923, predicted [927])
attack: step 8/10, xent loss = 10.2092, l2 loss = 17.576 (max 14.95), (true 923, predicted [927])
attack: step 9/10, xent loss = 13.4343, l2 loss = 18.3245 (max 14.95), (true 923, predicted [927])
attack: step 10/10, xent loss = 13.782, l2 loss = 18.816 (max 14.95), (true 923, predicted [927])
check failed
true = 923, adv = 927
evaluating 239 of [230, 240)
attack: step 1/10, xent loss = 17.568, l2 loss = 17.8509 (max 14.95), (true 160, predicted [728])
attack: step 2/10, xent loss = 17.2179, l2 loss = 19.4513 (max 14.95), (true 160, predicted [728])
attack: step 3/10, xent loss = 20.1997, l2 loss = 21.5427 (max 14.95), (true 160, predicted [728])
attack: step 4/10, xent loss = 20.8692, l2 loss = 23.123 (max 14.95), (true 160, predicted [728])
attack: step 5/10, xent loss = 25.038, l2 loss = 24.4607 (max 14.95), (true 160, predicted [728])
attack: step 6/10, xent loss = 28.7777, l2 loss = 26.0893 (max 14.95), (true 160, predicted [728])
attack: step 7/10, xent loss = 27.6737, l2 loss = 27.7954 (max 14.95), (true 160, predicted [728])
attack: step 8/10, xent loss = 25.827, l2 loss = 29.2403 (max 14.95), (true 160, predicted [728])
attack: step 9/10, xent loss = 33.1624, l2 loss = 30.187 (max 14.95), (true 160, predicted [728])
attack: step 10/10, xent loss = 31.533, l2 loss = 31.5644 (max 14.95), (true 160, predicted [728])
check failed
true = 160, adv = 728
