2019-06-03 21:55:33.612629: I tensorflow/core/platform/cpu_feature_guard.cc:141] Your CPU supports instructions that this TensorFlow binary was not compiled to use: SSE4.1 SSE4.2 AVX AVX2 FMA
2019-06-03 21:55:33.939086: I tensorflow/core/platform/profile_utils/cpu_utils.cc:94] CPU Frequency: 2599985000 Hz
2019-06-03 21:55:33.953352: I tensorflow/compiler/xla/service/service.cc:150] XLA service 0x2aaae6d4a770 executing computations on platform Host. Devices:
2019-06-03 21:55:33.953396: I tensorflow/compiler/xla/service/service.cc:158]   StreamExecutor device (0): <undefined>, <undefined>
2019-06-03 21:55:33.953726: I tensorflow/core/common_runtime/process_util.cc:71] Creating new thread pool with default inter op setting: 2. Tune using inter_op_parallelism_threads for best performance.
evaluating 400 of [400, 410)
attack: step 1/10, xent loss = 1.33012, l2 loss = 0 (max 14.95), (true 994, predicted [728])
attack: step 2/10, xent loss = 6.22485, l2 loss = 8.79962 (max 14.95), (true 994, predicted [728])
attack: step 3/10, xent loss = 10.3993, l2 loss = 12.0547 (max 14.95), (true 994, predicted [728])
attack: step 4/10, xent loss = 10.739, l2 loss = 14.4969 (max 14.95), (true 994, predicted [728])
attack: step 5/10, xent loss = 13.5707, l2 loss = 16.5109 (max 14.95), (true 994, predicted [728])
attack: step 6/10, xent loss = 16.5074, l2 loss = 17.7931 (max 14.95), (true 994, predicted [728])
attack: step 7/10, xent loss = 15.7421, l2 loss = 18.9488 (max 14.95), (true 994, predicted [728])
attack: step 8/10, xent loss = 18.9289, l2 loss = 20.2764 (max 14.95), (true 994, predicted [728])
attack: step 9/10, xent loss = 19.1788, l2 loss = 21.2095 (max 14.95), (true 994, predicted [728])
attack: step 10/10, xent loss = 21.3195, l2 loss = 22.1801 (max 14.95), (true 994, predicted [728])
check failed
true = 994, adv = 728
evaluating 401 of [400, 410)
attack: step 1/10, xent loss = 10.7359, l2 loss = 0 (max 14.95), (true 285, predicted [728])
attack: step 2/10, xent loss = 14.0922, l2 loss = 13.3816 (max 14.95), (true 285, predicted [728])
attack: step 3/10, xent loss = 20.8304, l2 loss = 15.6348 (max 14.95), (true 285, predicted [728])
attack: step 4/10, xent loss = 21.2377, l2 loss = 19.5053 (max 14.95), (true 285, predicted [728])
attack: step 5/10, xent loss = 25.2315, l2 loss = 21.4464 (max 14.95), (true 285, predicted [728])
attack: step 6/10, xent loss = 24.8712, l2 loss = 23.7482 (max 14.95), (true 285, predicted [728])
attack: step 7/10, xent loss = 29.3414, l2 loss = 25.2644 (max 14.95), (true 285, predicted [728])
attack: step 8/10, xent loss = 35.5451, l2 loss = 26.7655 (max 14.95), (true 285, predicted [728])
attack: step 9/10, xent loss = 35.1998, l2 loss = 27.9922 (max 14.95), (true 285, predicted [728])
attack: step 10/10, xent loss = 38.5659, l2 loss = 29.3533 (max 14.95), (true 285, predicted [728])
check failed
true = 285, adv = 728
evaluating 402 of [400, 410)
attack: step 1/10, xent loss = 0.35096, l2 loss = 0 (max 14.95), (true 158, predicted [158])
attack: step 2/10, xent loss = 2.05654, l2 loss = 0.949508 (max 14.95), (true 158, predicted [253])
attack: step 3/10, xent loss = 2.91722, l2 loss = 2.66189 (max 14.95), (true 158, predicted [245])
attack: step 4/10, xent loss = 1.9129, l2 loss = 3.1927 (max 14.95), (true 158, predicted [253])
attack: step 5/10, xent loss = 3.65779, l2 loss = 4.12049 (max 14.95), (true 158, predicted [253])
attack: step 6/10, xent loss = 3.46922, l2 loss = 4.65963 (max 14.95), (true 158, predicted [245])
attack: step 7/10, xent loss = 2.57301, l2 loss = 5.07898 (max 14.95), (true 158, predicted [253])
attack: step 8/10, xent loss = 4.57348, l2 loss = 5.72915 (max 14.95), (true 158, predicted [253])
attack: step 9/10, xent loss = 4.25137, l2 loss = 6.11835 (max 14.95), (true 158, predicted [245])
attack: step 10/10, xent loss = 4.82606, l2 loss = 6.40789 (max 14.95), (true 158, predicted [245])
true = 158, adv = 245
evaluating 403 of [400, 410)
attack: step 1/10, xent loss = 2.04622, l2 loss = 0 (max 14.95), (true 234, predicted [236])
attack: step 2/10, xent loss = 1.60029, l2 loss = 3.0873 (max 14.95), (true 234, predicted [238])
attack: step 3/10, xent loss = 3.11226, l2 loss = 5.0989 (max 14.95), (true 234, predicted [238])
attack: step 4/10, xent loss = 6.27157, l2 loss = 6.03721 (max 14.95), (true 234, predicted [601])
attack: step 5/10, xent loss = 11.3611, l2 loss = 13.4336 (max 14.95), (true 234, predicted [601])
attack: step 6/10, xent loss = 12.8979, l2 loss = 14.2251 (max 14.95), (true 234, predicted [601])
attack: step 7/10, xent loss = 13.7474, l2 loss = 14.8191 (max 14.95), (true 234, predicted [601])
attack: step 8/10, xent loss = 15.5051, l2 loss = 15.4629 (max 14.95), (true 234, predicted [601])
attack: step 9/10, xent loss = 15.9087, l2 loss = 15.999 (max 14.95), (true 234, predicted [601])
attack: step 10/10, xent loss = 18.0444, l2 loss = 16.4638 (max 14.95), (true 234, predicted [601])
check failed
true = 234, adv = 601
evaluating 404 of [400, 410)
attack: step 1/10, xent loss = 0.944339, l2 loss = 0 (max 14.95), (true 531, predicted [531])
attack: step 2/10, xent loss = 1.53051, l2 loss = 1.97183 (max 14.95), (true 531, predicted [531])
attack: step 3/10, xent loss = 2.16355, l2 loss = 3.10327 (max 14.95), (true 531, predicted [551])
attack: step 4/10, xent loss = 3.00598, l2 loss = 4.14708 (max 14.95), (true 531, predicted [551])
attack: step 5/10, xent loss = 2.05275, l2 loss = 5.03021 (max 14.95), (true 531, predicted [551])
attack: step 6/10, xent loss = 4.93241, l2 loss = 6.07935 (max 14.95), (true 531, predicted [551])
attack: step 7/10, xent loss = 5.2132, l2 loss = 6.72263 (max 14.95), (true 531, predicted [644])
attack: step 8/10, xent loss = 6.18775, l2 loss = 7.38576 (max 14.95), (true 531, predicted [644])
attack: step 9/10, xent loss = 6.96837, l2 loss = 8.08008 (max 14.95), (true 531, predicted [644])
attack: step 10/10, xent loss = 6.99261, l2 loss = 8.71984 (max 14.95), (true 531, predicted [644])
true = 531, adv = 644
evaluating 405 of [400, 410)
attack: step 1/10, xent loss = 0.035423, l2 loss = 0 (max 14.95), (true 994, predicted [994])
attack: step 2/10, xent loss = 0.053118, l2 loss = 0.167215 (max 14.95), (true 994, predicted [994])
attack: step 3/10, xent loss = 0.110961, l2 loss = 0.272109 (max 14.95), (true 994, predicted [994])
attack: step 4/10, xent loss = 0.044627, l2 loss = 0.666887 (max 14.95), (true 994, predicted [994])
attack: step 5/10, xent loss = 0.0398664, l2 loss = 0.713187 (max 14.95), (true 994, predicted [994])
attack: step 6/10, xent loss = 0.186401, l2 loss = 0.743574 (max 14.95), (true 994, predicted [994])
attack: step 7/10, xent loss = 0.203552, l2 loss = 1.15449 (max 14.95), (true 994, predicted [994])
attack: step 8/10, xent loss = 0.0579138, l2 loss = 1.4977 (max 14.95), (true 994, predicted [994])
attack: step 9/10, xent loss = 0.104378, l2 loss = 1.52836 (max 14.95), (true 994, predicted [994])
attack: step 10/10, xent loss = 0.066516, l2 loss = 1.62959 (max 14.95), (true 994, predicted [994])
true = 994, adv = 994
evaluating 406 of [400, 410)
attack: step 1/10, xent loss = 1.79404, l2 loss = 0 (max 14.95), (true 466, predicted [627])
attack: step 2/10, xent loss = 4.42138, l2 loss = 6.56351 (max 14.95), (true 466, predicted [627])
attack: step 3/10, xent loss = 6.49044, l2 loss = 9.22242 (max 14.95), (true 466, predicted [627])
attack: step 4/10, xent loss = 8.74352, l2 loss = 11.4257 (max 14.95), (true 466, predicted [627])
attack: step 5/10, xent loss = 7.36938, l2 loss = 11.9364 (max 14.95), (true 466, predicted [627])
attack: step 6/10, xent loss = 10.4131, l2 loss = 13.0067 (max 14.95), (true 466, predicted [627])
attack: step 7/10, xent loss = 10.3255, l2 loss = 13.5838 (max 14.95), (true 466, predicted [627])
attack: step 8/10, xent loss = 11.1512, l2 loss = 14.4826 (max 14.95), (true 466, predicted [627])
attack: step 9/10, xent loss = 10.5097, l2 loss = 14.9984 (max 14.95), (true 466, predicted [627])
attack: step 10/10, xent loss = 11.7132, l2 loss = 16.2718 (max 14.95), (true 466, predicted [627])
check failed
true = 466, adv = 627
evaluating 407 of [400, 410)
attack: step 1/10, xent loss = 0.000848648, l2 loss = 0 (max 14.95), (true 707, predicted [707])
attack: step 2/10, xent loss = 0.00126746, l2 loss = 0.0050252 (max 14.95), (true 707, predicted [707])
attack: step 3/10, xent loss = 0.00106064, l2 loss = 0.0104451 (max 14.95), (true 707, predicted [707])
attack: step 4/10, xent loss = 0.00094, l2 loss = 0.0122476 (max 14.95), (true 707, predicted [707])
attack: step 5/10, xent loss = 0.00329583, l2 loss = 0.0136585 (max 14.95), (true 707, predicted [707])
attack: step 6/10, xent loss = 0.00359758, l2 loss = 0.0289924 (max 14.95), (true 707, predicted [707])
attack: step 7/10, xent loss = 0.000861512, l2 loss = 0.0350588 (max 14.95), (true 707, predicted [707])
attack: step 8/10, xent loss = 0.00114185, l2 loss = 0.0356646 (max 14.95), (true 707, predicted [707])
attack: step 9/10, xent loss = 0.00181225, l2 loss = 0.0368246 (max 14.95), (true 707, predicted [707])
attack: step 10/10, xent loss = 0.00341832, l2 loss = 0.0389887 (max 14.95), (true 707, predicted [707])
true = 707, adv = 707
evaluating 408 of [400, 410)
attack: step 1/10, xent loss = 3.30542, l2 loss = 0 (max 14.95), (true 29, predicted [840])
attack: step 2/10, xent loss = 10.1312, l2 loss = 8.00977 (max 14.95), (true 29, predicted [840])
attack: step 3/10, xent loss = 11.8767, l2 loss = 9.35686 (max 14.95), (true 29, predicted [728])
attack: step 4/10, xent loss = 17.4022, l2 loss = 12.6246 (max 14.95), (true 29, predicted [728])
attack: step 5/10, xent loss = 23.6428, l2 loss = 16.5613 (max 14.95), (true 29, predicted [728])
attack: step 6/10, xent loss = 27.1213, l2 loss = 19.0136 (max 14.95), (true 29, predicted [728])
attack: step 7/10, xent loss = 32.7975, l2 loss = 20.7286 (max 14.95), (true 29, predicted [728])
attack: step 8/10, xent loss = 29.7953, l2 loss = 22.3766 (max 14.95), (true 29, predicted [728])
attack: step 9/10, xent loss = 31.6066, l2 loss = 24.3223 (max 14.95), (true 29, predicted [728])
attack: step 10/10, xent loss = 32.1825, l2 loss = 26.1515 (max 14.95), (true 29, predicted [728])
check failed
true = 29, adv = 728
evaluating 409 of [400, 410)
attack: step 1/10, xent loss = 5.01901, l2 loss = 0 (max 14.95), (true 988, predicted [700])
attack: step 2/10, xent loss = 6.20727, l2 loss = 4.21324 (max 14.95), (true 988, predicted [700])
attack: step 3/10, xent loss = 9.37247, l2 loss = 8.94642 (max 14.95), (true 988, predicted [700])
attack: step 4/10, xent loss = 11.8908, l2 loss = 11.2584 (max 14.95), (true 988, predicted [700])
attack: step 5/10, xent loss = 14.5772, l2 loss = 14.1257 (max 14.95), (true 988, predicted [700])
attack: step 6/10, xent loss = 17.7134, l2 loss = 15.989 (max 14.95), (true 988, predicted [700])
attack: step 7/10, xent loss = 18.4966, l2 loss = 17.9769 (max 14.95), (true 988, predicted [700])
attack: step 8/10, xent loss = 21.7633, l2 loss = 19.99 (max 14.95), (true 988, predicted [700])
attack: step 9/10, xent loss = 25.5613, l2 loss = 21.5892 (max 14.95), (true 988, predicted [700])
attack: step 10/10, xent loss = 27.7229, l2 loss = 23.3627 (max 14.95), (true 988, predicted [700])
check failed
true = 988, adv = 700
