2019-06-05 08:02:20.431364: I tensorflow/core/platform/cpu_feature_guard.cc:141] Your CPU supports instructions that this TensorFlow binary was not compiled to use: SSE4.1 SSE4.2 AVX AVX2 FMA
2019-06-05 08:02:20.965803: I tensorflow/core/platform/profile_utils/cpu_utils.cc:94] CPU Frequency: 2599965000 Hz
2019-06-05 08:02:20.969656: I tensorflow/compiler/xla/service/service.cc:150] XLA service 0x2aaae6fbd870 executing computations on platform Host. Devices:
2019-06-05 08:02:20.969977: I tensorflow/compiler/xla/service/service.cc:158]   StreamExecutor device (0): <undefined>, <undefined>
2019-06-05 08:02:20.973070: I tensorflow/core/common_runtime/process_util.cc:71] Creating new thread pool with default inter op setting: 2. Tune using inter_op_parallelism_threads for best performance.
evaluating 600 of [600, 610)
attack: step 1/10, xent loss = 5.02995, l2 loss = 0 (max 14.95), (true 255, predicted [254])
attack: step 2/10, xent loss = 6.12966, l2 loss = 4.18914 (max 14.95), (true 255, predicted [254])
attack: step 3/10, xent loss = 5.06789, l2 loss = 6.10267 (max 14.95), (true 255, predicted [238])
attack: step 4/10, xent loss = 6.85965, l2 loss = 8.33163 (max 14.95), (true 255, predicted [238])
attack: step 5/10, xent loss = 5.91327, l2 loss = 8.99862 (max 14.95), (true 255, predicted [163])
attack: step 6/10, xent loss = 7.99865, l2 loss = 9.65467 (max 14.95), (true 255, predicted [163])
attack: step 7/10, xent loss = 7.63963, l2 loss = 10.3675 (max 14.95), (true 255, predicted [161])
attack: step 8/10, xent loss = 9.03618, l2 loss = 10.9999 (max 14.95), (true 255, predicted [254])
attack: step 9/10, xent loss = 8.97721, l2 loss = 11.3884 (max 14.95), (true 255, predicted [161])
attack: step 10/10, xent loss = 10.2421, l2 loss = 12.8716 (max 14.95), (true 255, predicted [180])
true = 255, adv = 178
evaluating 601 of [600, 610)
attack: step 1/10, xent loss = 3.49165, l2 loss = 0 (max 14.95), (true 342, predicted [643])
attack: step 2/10, xent loss = 9.37916, l2 loss = 9.20062 (max 14.95), (true 342, predicted [552])
attack: step 3/10, xent loss = 14.3657, l2 loss = 12.5433 (max 14.95), (true 342, predicted [552])
attack: step 4/10, xent loss = 18.8128, l2 loss = 18.4627 (max 14.95), (true 342, predicted [552])
attack: step 5/10, xent loss = 24.2805, l2 loss = 22.0366 (max 14.95), (true 342, predicted [552])
attack: step 6/10, xent loss = 32.0313, l2 loss = 25.5976 (max 14.95), (true 342, predicted [552])
attack: step 7/10, xent loss = 28.0577, l2 loss = 27.9205 (max 14.95), (true 342, predicted [552])
attack: step 8/10, xent loss = 35.8964, l2 loss = 29.8691 (max 14.95), (true 342, predicted [552])
attack: step 9/10, xent loss = 35.4923, l2 loss = 31.6836 (max 14.95), (true 342, predicted [552])
attack: step 10/10, xent loss = 36.659, l2 loss = 33.9893 (max 14.95), (true 342, predicted [552])
check failed
true = 342, adv = 552
evaluating 602 of [600, 610)
attack: step 1/10, xent loss = 3.436, l2 loss = 0 (max 14.95), (true 774, predicted [502])
attack: step 2/10, xent loss = 3.28455, l2 loss = 3.64884 (max 14.95), (true 774, predicted [502])
attack: step 3/10, xent loss = 5.35429, l2 loss = 5.48778 (max 14.95), (true 774, predicted [502])
attack: step 4/10, xent loss = 6.48601, l2 loss = 6.61959 (max 14.95), (true 774, predicted [797])
attack: step 5/10, xent loss = 8.20317, l2 loss = 7.57375 (max 14.95), (true 774, predicted [615])
attack: step 6/10, xent loss = 8.98081, l2 loss = 8.55756 (max 14.95), (true 774, predicted [797])
attack: step 7/10, xent loss = 8.05269, l2 loss = 9.17074 (max 14.95), (true 774, predicted [796])
attack: step 8/10, xent loss = 9.77374, l2 loss = 10.1972 (max 14.95), (true 774, predicted [796])
attack: step 9/10, xent loss = 11.6369, l2 loss = 10.7032 (max 14.95), (true 774, predicted [796])
attack: step 10/10, xent loss = 12.1828, l2 loss = 12.3002 (max 14.95), (true 774, predicted [797])
true = 774, adv = 796
evaluating 603 of [600, 610)
attack: step 1/10, xent loss = 0.0402599, l2 loss = 0 (max 14.95), (true 111, predicted [111])
attack: step 2/10, xent loss = 0.145445, l2 loss = 0.188572 (max 14.95), (true 111, predicted [111])
attack: step 3/10, xent loss = 0.177474, l2 loss = 0.868242 (max 14.95), (true 111, predicted [111])
attack: step 4/10, xent loss = 1.55657, l2 loss = 1.44839 (max 14.95), (true 111, predicted [111])
attack: step 5/10, xent loss = 7.15746, l2 loss = 5.63896 (max 14.95), (true 111, predicted [728])
attack: step 6/10, xent loss = 9.85114, l2 loss = 8.75581 (max 14.95), (true 111, predicted [728])
attack: step 7/10, xent loss = 9.98057, l2 loss = 13.5788 (max 14.95), (true 111, predicted [728])
attack: step 8/10, xent loss = 14.0731, l2 loss = 14.8275 (max 14.95), (true 111, predicted [728])
attack: step 9/10, xent loss = 15.3969, l2 loss = 17.9728 (max 14.95), (true 111, predicted [728])
attack: step 10/10, xent loss = 15.8841, l2 loss = 21.6885 (max 14.95), (true 111, predicted [728])
check failed
true = 111, adv = 728
evaluating 604 of [600, 610)
attack: step 1/10, xent loss = 1.81515, l2 loss = 0 (max 14.95), (true 746, predicted [746])
attack: step 2/10, xent loss = 4.76818, l2 loss = 6.61789 (max 14.95), (true 746, predicted [488])
attack: step 3/10, xent loss = 6.00405, l2 loss = 11.5843 (max 14.95), (true 746, predicted [488])
attack: step 4/10, xent loss = 6.74044, l2 loss = 13.7582 (max 14.95), (true 746, predicted [488])
attack: step 5/10, xent loss = 10.1219, l2 loss = 16.0717 (max 14.95), (true 746, predicted [488])
attack: step 6/10, xent loss = 13.5565, l2 loss = 17.6671 (max 14.95), (true 746, predicted [488])
attack: step 7/10, xent loss = 15.742, l2 loss = 19.3226 (max 14.95), (true 746, predicted [488])
attack: step 8/10, xent loss = 16.7365, l2 loss = 21.1706 (max 14.95), (true 746, predicted [488])
attack: step 9/10, xent loss = 18.7765, l2 loss = 22.4947 (max 14.95), (true 746, predicted [488])
attack: step 10/10, xent loss = 21.0586, l2 loss = 23.4014 (max 14.95), (true 746, predicted [488])
check failed
true = 746, adv = 488
evaluating 605 of [600, 610)
attack: step 1/10, xent loss = 0.300669, l2 loss = 0 (max 14.95), (true 700, predicted [700])
attack: step 2/10, xent loss = 0.717495, l2 loss = 1.47506 (max 14.95), (true 700, predicted [999])
attack: step 3/10, xent loss = 0.862713, l2 loss = 3.30491 (max 14.95), (true 700, predicted [999])
attack: step 4/10, xent loss = 1.66972, l2 loss = 4.62323 (max 14.95), (true 700, predicted [999])
attack: step 5/10, xent loss = 2.52231, l2 loss = 5.82719 (max 14.95), (true 700, predicted [999])
attack: step 6/10, xent loss = 2.76253, l2 loss = 8.02891 (max 14.95), (true 700, predicted [999])
attack: step 7/10, xent loss = 4.20033, l2 loss = 9.14995 (max 14.95), (true 700, predicted [999])
attack: step 8/10, xent loss = 6.71271, l2 loss = 10.9885 (max 14.95), (true 700, predicted [999])
attack: step 9/10, xent loss = 7.53431, l2 loss = 12.4933 (max 14.95), (true 700, predicted [999])
attack: step 10/10, xent loss = 6.37816, l2 loss = 14.0065 (max 14.95), (true 700, predicted [999])
check failed
true = 700, adv = 999
evaluating 606 of [600, 610)
attack: step 1/10, xent loss = 0.456691, l2 loss = 0 (max 14.95), (true 735, predicted [735])
attack: step 2/10, xent loss = 0.816851, l2 loss = 1.65777 (max 14.95), (true 735, predicted [735])
attack: step 3/10, xent loss = 1.84561, l2 loss = 2.85977 (max 14.95), (true 735, predicted [735])
attack: step 4/10, xent loss = 1.44502, l2 loss = 4.46318 (max 14.95), (true 735, predicted [735])
attack: step 5/10, xent loss = 3.82139, l2 loss = 5.25783 (max 14.95), (true 735, predicted [689])
attack: step 6/10, xent loss = 4.70453, l2 loss = 6.30551 (max 14.95), (true 735, predicted [601])
attack: step 7/10, xent loss = 3.76114, l2 loss = 7.35373 (max 14.95), (true 735, predicted [689])
attack: step 8/10, xent loss = 6.134, l2 loss = 8.54071 (max 14.95), (true 735, predicted [601])
attack: step 9/10, xent loss = 6.70903, l2 loss = 9.14944 (max 14.95), (true 735, predicted [601])
attack: step 10/10, xent loss = 7.42464, l2 loss = 10.089 (max 14.95), (true 735, predicted [601])
true = 735, adv = 461
evaluating 607 of [600, 610)
attack: step 1/10, xent loss = 3.25517, l2 loss = 0 (max 14.95), (true 893, predicted [868])
attack: step 2/10, xent loss = 5.21806, l2 loss = 3.51785 (max 14.95), (true 893, predicted [868])
attack: step 3/10, xent loss = 4.93181, l2 loss = 7.40577 (max 14.95), (true 893, predicted [868])
attack: step 4/10, xent loss = 4.9592, l2 loss = 8.67705 (max 14.95), (true 893, predicted [868])
attack: step 5/10, xent loss = 5.12407, l2 loss = 9.70996 (max 14.95), (true 893, predicted [868])
attack: step 6/10, xent loss = 6.89054, l2 loss = 10.8704 (max 14.95), (true 893, predicted [868])
attack: step 7/10, xent loss = 7.35954, l2 loss = 12.1379 (max 14.95), (true 893, predicted [868])
attack: step 8/10, xent loss = 9.48457, l2 loss = 12.8948 (max 14.95), (true 893, predicted [868])
attack: step 9/10, xent loss = 7.62323, l2 loss = 14.0505 (max 14.95), (true 893, predicted [868])
attack: step 10/10, xent loss = 7.79129, l2 loss = 14.7427 (max 14.95), (true 893, predicted [868])
check failed
true = 893, adv = 868
evaluating 608 of [600, 610)
attack: step 1/10, xent loss = 4.2245, l2 loss = 0 (max 14.95), (true 571, predicted [412])
attack: step 2/10, xent loss = 3.66804, l2 loss = 3.46369 (max 14.95), (true 571, predicted [412])
attack: step 3/10, xent loss = 5.12588, l2 loss = 5.08938 (max 14.95), (true 571, predicted [700])
attack: step 4/10, xent loss = 8.09581, l2 loss = 8.45893 (max 14.95), (true 571, predicted [700])
attack: step 5/10, xent loss = 17.7512, l2 loss = 13.5204 (max 14.95), (true 571, predicted [700])
attack: step 6/10, xent loss = 15.4682, l2 loss = 16.3017 (max 14.95), (true 571, predicted [700])
attack: step 7/10, xent loss = 22.8823, l2 loss = 18.7584 (max 14.95), (true 571, predicted [700])
attack: step 8/10, xent loss = 19.3728, l2 loss = 21.0091 (max 14.95), (true 571, predicted [700])
attack: step 9/10, xent loss = 29.8403, l2 loss = 23.3182 (max 14.95), (true 571, predicted [700])
attack: step 10/10, xent loss = 27.3286, l2 loss = 25.1502 (max 14.95), (true 571, predicted [700])
check failed
true = 571, adv = 700
evaluating 609 of [600, 610)
attack: step 1/10, xent loss = 1.64702, l2 loss = 0 (max 14.95), (true 288, predicted [290])
attack: step 2/10, xent loss = 3.87092, l2 loss = 2.94503 (max 14.95), (true 288, predicted [290])
attack: step 3/10, xent loss = 5.72539, l2 loss = 5.32663 (max 14.95), (true 288, predicted [824])
attack: step 4/10, xent loss = 7.38036, l2 loss = 7.04289 (max 14.95), (true 288, predicted [994])
attack: step 5/10, xent loss = 7.31224, l2 loss = 7.37046 (max 14.95), (true 288, predicted [601])
attack: step 6/10, xent loss = 8.10156, l2 loss = 7.64049 (max 14.95), (true 288, predicted [728])
attack: step 7/10, xent loss = 8.25816, l2 loss = 7.88456 (max 14.95), (true 288, predicted [868])
attack: step 8/10, xent loss = 8.15818, l2 loss = 8.17365 (max 14.95), (true 288, predicted [936])
attack: step 9/10, xent loss = 8.58365, l2 loss = 8.52676 (max 14.95), (true 288, predicted [868])
attack: step 10/10, xent loss = 8.46125, l2 loss = 8.82378 (max 14.95), (true 288, predicted [868])
true = 288, adv = 868
