2019-05-24 20:57:10.151884: I tensorflow/core/platform/cpu_feature_guard.cc:141] Your CPU supports instructions that this TensorFlow binary was not compiled to use: SSE4.1 SSE4.2 AVX AVX2 FMA
2019-05-24 20:57:11.613580: I tensorflow/core/platform/profile_utils/cpu_utils.cc:94] CPU Frequency: 2599905000 Hz
2019-05-24 20:57:11.679362: I tensorflow/compiler/xla/service/service.cc:150] XLA service 0x2aaae6bbffc0 executing computations on platform Host. Devices:
2019-05-24 20:57:11.679394: I tensorflow/compiler/xla/service/service.cc:158]   StreamExecutor device (0): <undefined>, <undefined>
2019-05-24 20:57:11.681986: I tensorflow/core/common_runtime/process_util.cc:71] Creating new thread pool with default inter op setting: 2. Tune using inter_op_parallelism_threads for best performance.
evaluating 290 of [290, 300)
attack: step 1/10, xent loss = 1.9571, l2 loss = 0 (max 14.95), (true 382, predicted [616])
attack: step 2/10, xent loss = 3.3032, l2 loss = 3.25429 (max 14.95), (true 382, predicted [616])
attack: step 3/10, xent loss = 4.04311, l2 loss = 5.3531 (max 14.95), (true 382, predicted [616])
attack: step 4/10, xent loss = 6.22143, l2 loss = 7.5269 (max 14.95), (true 382, predicted [616])
attack: step 5/10, xent loss = 7.01342, l2 loss = 8.7806 (max 14.95), (true 382, predicted [616])
attack: step 6/10, xent loss = 8.01346, l2 loss = 9.90907 (max 14.95), (true 382, predicted [616])
attack: step 7/10, xent loss = 6.64825, l2 loss = 11.2162 (max 14.95), (true 382, predicted [616])
attack: step 8/10, xent loss = 8.66735, l2 loss = 13.1419 (max 14.95), (true 382, predicted [616])
attack: step 9/10, xent loss = 6.95132, l2 loss = 13.9662 (max 14.95), (true 382, predicted [616])
attack: step 10/10, xent loss = 8.26694, l2 loss = 15.4164 (max 14.95), (true 382, predicted [616])
check failed
true = 382, adv = 616
evaluating 291 of [290, 300)
attack: step 1/10, xent loss = 8.33987, l2 loss = 0 (max 14.95), (true 120, predicted [830])
attack: step 2/10, xent loss = 10.4574, l2 loss = 8.92005 (max 14.95), (true 120, predicted [830])
attack: step 3/10, xent loss = 11.2959, l2 loss = 10.9759 (max 14.95), (true 120, predicted [830])
attack: step 4/10, xent loss = 13.2216, l2 loss = 14.9034 (max 14.95), (true 120, predicted [830])
attack: step 5/10, xent loss = 15.7745, l2 loss = 16.9789 (max 14.95), (true 120, predicted [830])
attack: step 6/10, xent loss = 17.4485, l2 loss = 18.632 (max 14.95), (true 120, predicted [830])
attack: step 7/10, xent loss = 17.8868, l2 loss = 19.7227 (max 14.95), (true 120, predicted [830])
attack: step 8/10, xent loss = 17.8434, l2 loss = 21.6026 (max 14.95), (true 120, predicted [830])
attack: step 9/10, xent loss = 16.4119, l2 loss = 22.7507 (max 14.95), (true 120, predicted [830])
attack: step 10/10, xent loss = 19.8356, l2 loss = 23.8134 (max 14.95), (true 120, predicted [830])
check failed
true = 120, adv = 830
evaluating 292 of [290, 300)
attack: step 1/10, xent loss = 0.0674096, l2 loss = 0 (max 14.95), (true 873, predicted [873])
attack: step 2/10, xent loss = 0.0660522, l2 loss = 0.272488 (max 14.95), (true 873, predicted [873])
attack: step 3/10, xent loss = 0.094857, l2 loss = 0.339798 (max 14.95), (true 873, predicted [873])
attack: step 4/10, xent loss = 0.111982, l2 loss = 0.417921 (max 14.95), (true 873, predicted [873])
attack: step 5/10, xent loss = 0.0876571, l2 loss = 0.696541 (max 14.95), (true 873, predicted [873])
attack: step 6/10, xent loss = 0.0990738, l2 loss = 0.779971 (max 14.95), (true 873, predicted [873])
attack: step 7/10, xent loss = 0.139828, l2 loss = 0.873877 (max 14.95), (true 873, predicted [873])
attack: step 8/10, xent loss = 0.107092, l2 loss = 1.14554 (max 14.95), (true 873, predicted [873])
attack: step 9/10, xent loss = 1.10292, l2 loss = 1.25001 (max 14.95), (true 873, predicted [873])
attack: step 10/10, xent loss = 0.772963, l2 loss = 5.02514 (max 14.95), (true 873, predicted [873])
true = 873, adv = 873
evaluating 293 of [290, 300)
attack: step 1/10, xent loss = 5.68917, l2 loss = 0 (max 14.95), (true 91, predicted [984])
attack: step 2/10, xent loss = 6.50881, l2 loss = 10.7326 (max 14.95), (true 91, predicted [738])
attack: step 3/10, xent loss = 4.99972, l2 loss = 11.4544 (max 14.95), (true 91, predicted [738])
attack: step 4/10, xent loss = 6.53722, l2 loss = 13.3464 (max 14.95), (true 91, predicted [738])
attack: step 5/10, xent loss = 6.77825, l2 loss = 13.5553 (max 14.95), (true 91, predicted [738])
attack: step 6/10, xent loss = 6.33842, l2 loss = 13.7842 (max 14.95), (true 91, predicted [738])
attack: step 7/10, xent loss = 7.16826, l2 loss = 14.1536 (max 14.95), (true 91, predicted [738])
attack: step 8/10, xent loss = 6.81652, l2 loss = 14.4985 (max 14.95), (true 91, predicted [738])
attack: step 9/10, xent loss = 7.04106, l2 loss = 14.7515 (max 14.95), (true 91, predicted [738])
attack: step 10/10, xent loss = 6.58359, l2 loss = 15.0062 (max 14.95), (true 91, predicted [738])
check failed
true = 91, adv = 738
evaluating 294 of [290, 300)
attack: step 1/10, xent loss = 5.86167, l2 loss = 0 (max 14.95), (true 748, predicted [842])
attack: step 2/10, xent loss = 6.76897, l2 loss = 3.96356 (max 14.95), (true 748, predicted [797])
attack: step 3/10, xent loss = 7.05397, l2 loss = 5.5755 (max 14.95), (true 748, predicted [842])
attack: step 4/10, xent loss = 9.57977, l2 loss = 6.73619 (max 14.95), (true 748, predicted [797])
attack: step 5/10, xent loss = 9.67911, l2 loss = 8.56358 (max 14.95), (true 748, predicted [797])
attack: step 6/10, xent loss = 8.04365, l2 loss = 10.9228 (max 14.95), (true 748, predicted [797])
attack: step 7/10, xent loss = 10.6828, l2 loss = 11.6437 (max 14.95), (true 748, predicted [797])
attack: step 8/10, xent loss = 9.46286, l2 loss = 12.5843 (max 14.95), (true 748, predicted [797])
attack: step 9/10, xent loss = 11.4029, l2 loss = 13.7096 (max 14.95), (true 748, predicted [797])
attack: step 10/10, xent loss = 13.4566, l2 loss = 14.4017 (max 14.95), (true 748, predicted [797])
check failed
true = 748, adv = 797
evaluating 295 of [290, 300)
attack: step 1/10, xent loss = 2.77654, l2 loss = 0 (max 14.95), (true 907, predicted [966])
attack: step 2/10, xent loss = 3.27734, l2 loss = 2.46148 (max 14.95), (true 907, predicted [966])
attack: step 3/10, xent loss = 3.93662, l2 loss = 3.60873 (max 14.95), (true 907, predicted [966])
attack: step 4/10, xent loss = 4.12435, l2 loss = 4.4958 (max 14.95), (true 907, predicted [966])
attack: step 5/10, xent loss = 4.91585, l2 loss = 5.0646 (max 14.95), (true 907, predicted [966])
attack: step 6/10, xent loss = 5.06209, l2 loss = 5.84938 (max 14.95), (true 907, predicted [966])
attack: step 7/10, xent loss = 6.08929, l2 loss = 6.46552 (max 14.95), (true 907, predicted [966])
attack: step 8/10, xent loss = 4.54182, l2 loss = 6.85765 (max 14.95), (true 907, predicted [966])
attack: step 9/10, xent loss = 5.13637, l2 loss = 7.25908 (max 14.95), (true 907, predicted [966])
attack: step 10/10, xent loss = 5.23258, l2 loss = 7.7711 (max 14.95), (true 907, predicted [966])
true = 907, adv = 966
evaluating 296 of [290, 300)
attack: step 1/10, xent loss = 0.193634, l2 loss = 0 (max 14.95), (true 22, predicted [22])
attack: step 2/10, xent loss = 0.349664, l2 loss = 0.630223 (max 14.95), (true 22, predicted [22])
attack: step 3/10, xent loss = 0.313404, l2 loss = 1.2639 (max 14.95), (true 22, predicted [22])
attack: step 4/10, xent loss = 0.349441, l2 loss = 1.69377 (max 14.95), (true 22, predicted [22])
attack: step 5/10, xent loss = 0.280682, l2 loss = 2.09724 (max 14.95), (true 22, predicted [22])
attack: step 6/10, xent loss = 0.48931, l2 loss = 2.29611 (max 14.95), (true 22, predicted [22])
attack: step 7/10, xent loss = 1.12245, l2 loss = 2.83792 (max 14.95), (true 22, predicted [22])
attack: step 8/10, xent loss = 0.728012, l2 loss = 4.47833 (max 14.95), (true 22, predicted [22])
attack: step 9/10, xent loss = 1.87344, l2 loss = 4.99837 (max 14.95), (true 22, predicted [22])
attack: step 10/10, xent loss = 3.67669, l2 loss = 6.91227 (max 14.95), (true 22, predicted [601])
true = 22, adv = 701
evaluating 297 of [290, 300)
attack: step 1/10, xent loss = 3.61798, l2 loss = 0 (max 14.95), (true 792, predicted [456])
attack: step 2/10, xent loss = 1.0105, l2 loss = 7.52968 (max 14.95), (true 792, predicted [792])
attack: step 3/10, xent loss = 3.84299, l2 loss = 9.1525 (max 14.95), (true 792, predicted [456])
attack: step 4/10, xent loss = 5.73666, l2 loss = 11.7701 (max 14.95), (true 792, predicted [728])
attack: step 5/10, xent loss = 6.81705, l2 loss = 13.5405 (max 14.95), (true 792, predicted [728])
attack: step 6/10, xent loss = 5.78898, l2 loss = 14.949 (max 14.95), (true 792, predicted [728])
attack: step 7/10, xent loss = 5.99836, l2 loss = 15.954 (max 14.95), (true 792, predicted [728])
attack: step 8/10, xent loss = 5.7213, l2 loss = 17.1095 (max 14.95), (true 792, predicted [456])
attack: step 9/10, xent loss = 7.79164, l2 loss = 17.785 (max 14.95), (true 792, predicted [728])
attack: step 10/10, xent loss = 7.34743, l2 loss = 18.3501 (max 14.95), (true 792, predicted [728])
check failed
true = 792, adv = 728
evaluating 298 of [290, 300)
attack: step 1/10, xent loss = 3.46702, l2 loss = 0 (max 14.95), (true 9, predicted [99])
attack: step 2/10, xent loss = 5.30485, l2 loss = 4.45138 (max 14.95), (true 9, predicted [99])
attack: step 3/10, xent loss = 7.79623, l2 loss = 5.65358 (max 14.95), (true 9, predicted [99])
attack: step 4/10, xent loss = 7.88531, l2 loss = 8.91452 (max 14.95), (true 9, predicted [99])
attack: step 5/10, xent loss = 8.83768, l2 loss = 10.9399 (max 14.95), (true 9, predicted [99])
attack: step 6/10, xent loss = 8.68263, l2 loss = 12.684 (max 14.95), (true 9, predicted [99])
attack: step 7/10, xent loss = 12.5046, l2 loss = 13.4534 (max 14.95), (true 9, predicted [99])
attack: step 8/10, xent loss = 11.2695, l2 loss = 14.1836 (max 14.95), (true 9, predicted [99])
attack: step 9/10, xent loss = 12.2775, l2 loss = 14.9057 (max 14.95), (true 9, predicted [99])
attack: step 10/10, xent loss = 12.0067, l2 loss = 15.8585 (max 14.95), (true 9, predicted [99])
check failed
true = 9, adv = 99
evaluating 299 of [290, 300)
attack: step 1/10, xent loss = 8.65352, l2 loss = 0 (max 14.95), (true 825, predicted [700])
attack: step 2/10, xent loss = 6.5568, l2 loss = 9.70256 (max 14.95), (true 825, predicted [700])
attack: step 3/10, xent loss = 7.9601, l2 loss = 11.2022 (max 14.95), (true 825, predicted [999])
attack: step 4/10, xent loss = 6.98081, l2 loss = 13.2592 (max 14.95), (true 825, predicted [999])
attack: step 5/10, xent loss = 8.72163, l2 loss = 14.6487 (max 14.95), (true 825, predicted [999])
attack: step 6/10, xent loss = 7.44154, l2 loss = 17.2192 (max 14.95), (true 825, predicted [728])
attack: step 7/10, xent loss = 13.3712, l2 loss = 17.8191 (max 14.95), (true 825, predicted [999])
attack: step 8/10, xent loss = 17.4746, l2 loss = 19.6611 (max 14.95), (true 825, predicted [999])
attack: step 9/10, xent loss = 12.6062, l2 loss = 21.3997 (max 14.95), (true 825, predicted [700])
attack: step 10/10, xent loss = 15.6995, l2 loss = 23.9972 (max 14.95), (true 825, predicted [999])
check failed
true = 825, adv = 999
