2019-05-28 15:21:35.453038: I tensorflow/core/platform/cpu_feature_guard.cc:141] Your CPU supports instructions that this TensorFlow binary was not compiled to use: SSE4.1 SSE4.2 AVX AVX2 FMA
2019-05-28 15:21:36.588614: I tensorflow/core/platform/profile_utils/cpu_utils.cc:94] CPU Frequency: 2599965000 Hz
2019-05-28 15:21:36.592526: I tensorflow/compiler/xla/service/service.cc:150] XLA service 0x2aaae6ac04f0 executing computations on platform Host. Devices:
2019-05-28 15:21:36.592645: I tensorflow/compiler/xla/service/service.cc:158]   StreamExecutor device (0): <undefined>, <undefined>
2019-05-28 15:21:36.594191: I tensorflow/core/common_runtime/process_util.cc:71] Creating new thread pool with default inter op setting: 2. Tune using inter_op_parallelism_threads for best performance.
evaluating 440 of [440, 450)
attack: step 1/10, xent loss = 2.1437, l2 loss = 0 (max 14.95), (true 209, predicted [211])
attack: step 2/10, xent loss = 3.6253, l2 loss = 5.60425 (max 14.95), (true 209, predicted [805])
attack: step 3/10, xent loss = 10.3779, l2 loss = 9.87921 (max 14.95), (true 209, predicted [805])
attack: step 4/10, xent loss = 17.4275, l2 loss = 13.2472 (max 14.95), (true 209, predicted [805])
attack: step 5/10, xent loss = 16.862, l2 loss = 14.6418 (max 14.95), (true 209, predicted [805])
attack: step 6/10, xent loss = 19.0311, l2 loss = 16.9788 (max 14.95), (true 209, predicted [805])
attack: step 7/10, xent loss = 23.0588, l2 loss = 17.9008 (max 14.95), (true 209, predicted [805])
attack: step 8/10, xent loss = 22.5104, l2 loss = 19.3288 (max 14.95), (true 209, predicted [805])
attack: step 9/10, xent loss = 22.1233, l2 loss = 21.2718 (max 14.95), (true 209, predicted [805])
attack: step 10/10, xent loss = 25.9667, l2 loss = 22.0575 (max 14.95), (true 209, predicted [805])
check failed
true = 209, adv = 805
evaluating 441 of [440, 450)
attack: step 1/10, xent loss = 5.97807, l2 loss = 0 (max 14.95), (true 652, predicted [869])
attack: step 2/10, xent loss = 6.82002, l2 loss = 5.53284 (max 14.95), (true 652, predicted [400])
attack: step 3/10, xent loss = 7.84573, l2 loss = 9.7415 (max 14.95), (true 652, predicted [400])
attack: step 4/10, xent loss = 8.67255, l2 loss = 10.9371 (max 14.95), (true 652, predicted [400])
attack: step 5/10, xent loss = 9.60681, l2 loss = 12.4155 (max 14.95), (true 652, predicted [501])
attack: step 6/10, xent loss = 9.68763, l2 loss = 14.1762 (max 14.95), (true 652, predicted [735])
attack: step 7/10, xent loss = 10.1651, l2 loss = 14.9246 (max 14.95), (true 652, predicted [735])
attack: step 8/10, xent loss = 11.2824, l2 loss = 16.1347 (max 14.95), (true 652, predicted [735])
attack: step 9/10, xent loss = 13.6703, l2 loss = 16.8118 (max 14.95), (true 652, predicted [735])
attack: step 10/10, xent loss = 12.1954, l2 loss = 17.5215 (max 14.95), (true 652, predicted [735])
check failed
true = 652, adv = 735
evaluating 442 of [440, 450)
attack: step 1/10, xent loss = 3.4625, l2 loss = 0 (max 14.95), (true 681, predicted [830])
attack: step 2/10, xent loss = 7.08123, l2 loss = 6.80027 (max 14.95), (true 681, predicted [830])
attack: step 3/10, xent loss = 11.0766, l2 loss = 10.0421 (max 14.95), (true 681, predicted [830])
attack: step 4/10, xent loss = 14.3621, l2 loss = 12.629 (max 14.95), (true 681, predicted [830])
attack: step 5/10, xent loss = 13.5209, l2 loss = 14.4703 (max 14.95), (true 681, predicted [830])
attack: step 6/10, xent loss = 17.7573, l2 loss = 16.0388 (max 14.95), (true 681, predicted [830])
attack: step 7/10, xent loss = 18.8095, l2 loss = 17.6416 (max 14.95), (true 681, predicted [830])
attack: step 8/10, xent loss = 17.3334, l2 loss = 18.8797 (max 14.95), (true 681, predicted [830])
attack: step 9/10, xent loss = 20.6639, l2 loss = 20.6407 (max 14.95), (true 681, predicted [830])
attack: step 10/10, xent loss = 20.7575, l2 loss = 21.9074 (max 14.95), (true 681, predicted [830])
check failed
true = 681, adv = 830
evaluating 443 of [440, 450)
attack: step 1/10, xent loss = 3.74924, l2 loss = 0 (max 14.95), (true 906, predicted [982])
attack: step 2/10, xent loss = 4.53704, l2 loss = 2.97804 (max 14.95), (true 906, predicted [834])
attack: step 3/10, xent loss = 4.2449, l2 loss = 4.42272 (max 14.95), (true 906, predicted [834])
attack: step 4/10, xent loss = 5.25022, l2 loss = 5.51181 (max 14.95), (true 906, predicted [982])
attack: step 5/10, xent loss = 5.45561, l2 loss = 6.27386 (max 14.95), (true 906, predicted [917])
attack: step 6/10, xent loss = 5.01175, l2 loss = 6.88847 (max 14.95), (true 906, predicted [982])
attack: step 7/10, xent loss = 4.76516, l2 loss = 7.41454 (max 14.95), (true 906, predicted [982])
attack: step 8/10, xent loss = 6.85817, l2 loss = 8.05357 (max 14.95), (true 906, predicted [501])
attack: step 9/10, xent loss = 5.6686, l2 loss = 8.55506 (max 14.95), (true 906, predicted [982])
attack: step 10/10, xent loss = 6.66963, l2 loss = 9.12229 (max 14.95), (true 906, predicted [982])
true = 906, adv = 982
evaluating 444 of [440, 450)
attack: step 1/10, xent loss = 7.53756, l2 loss = 0 (max 14.95), (true 764, predicted [728])
attack: step 2/10, xent loss = 8.9346, l2 loss = 5.62299 (max 14.95), (true 764, predicted [728])
attack: step 3/10, xent loss = 12.0573, l2 loss = 6.74678 (max 14.95), (true 764, predicted [728])
attack: step 4/10, xent loss = 13.804, l2 loss = 10.1554 (max 14.95), (true 764, predicted [728])
attack: step 5/10, xent loss = 14.1785, l2 loss = 12.6761 (max 14.95), (true 764, predicted [728])
attack: step 6/10, xent loss = 17.2326, l2 loss = 15.1615 (max 14.95), (true 764, predicted [728])
attack: step 7/10, xent loss = 17.5043, l2 loss = 17.1425 (max 14.95), (true 764, predicted [728])
attack: step 8/10, xent loss = 20.3991, l2 loss = 19.4899 (max 14.95), (true 764, predicted [728])
attack: step 9/10, xent loss = 22.8031, l2 loss = 20.6913 (max 14.95), (true 764, predicted [728])
attack: step 10/10, xent loss = 23.0682, l2 loss = 22.5367 (max 14.95), (true 764, predicted [728])
check failed
true = 764, adv = 728
evaluating 445 of [440, 450)
attack: step 1/10, xent loss = 5.52077, l2 loss = 0 (max 14.95), (true 549, predicted [816])
attack: step 2/10, xent loss = 8.18801, l2 loss = 8.94745 (max 14.95), (true 549, predicted [816])
attack: step 3/10, xent loss = 10.8361, l2 loss = 11.1673 (max 14.95), (true 549, predicted [816])
attack: step 4/10, xent loss = 12.5759, l2 loss = 12.8581 (max 14.95), (true 549, predicted [816])
attack: step 5/10, xent loss = 14.2969, l2 loss = 14.5556 (max 14.95), (true 549, predicted [816])
attack: step 6/10, xent loss = 17.3576, l2 loss = 16.0005 (max 14.95), (true 549, predicted [816])
attack: step 7/10, xent loss = 19.0796, l2 loss = 17.1775 (max 14.95), (true 549, predicted [816])
attack: step 8/10, xent loss = 19.819, l2 loss = 18.1639 (max 14.95), (true 549, predicted [816])
attack: step 9/10, xent loss = 19.9321, l2 loss = 18.9301 (max 14.95), (true 549, predicted [816])
attack: step 10/10, xent loss = 20.6587, l2 loss = 20.132 (max 14.95), (true 549, predicted [816])
check failed
true = 549, adv = 816
evaluating 446 of [440, 450)
attack: step 1/10, xent loss = 2.36644, l2 loss = 0 (max 14.95), (true 160, predicted [256])
attack: step 2/10, xent loss = 5.06649, l2 loss = 6.04837 (max 14.95), (true 160, predicted [256])
attack: step 3/10, xent loss = 3.81503, l2 loss = 9.25973 (max 14.95), (true 160, predicted [163])
attack: step 4/10, xent loss = 6.47623, l2 loss = 10.0124 (max 14.95), (true 160, predicted [244])
attack: step 5/10, xent loss = 8.33281, l2 loss = 10.545 (max 14.95), (true 160, predicted [244])
attack: step 6/10, xent loss = 5.92821, l2 loss = 11.0941 (max 14.95), (true 160, predicted [244])
attack: step 7/10, xent loss = 7.00153, l2 loss = 11.6246 (max 14.95), (true 160, predicted [244])
attack: step 8/10, xent loss = 7.45302, l2 loss = 12.5615 (max 14.95), (true 160, predicted [244])
attack: step 9/10, xent loss = 8.77339, l2 loss = 13.2863 (max 14.95), (true 160, predicted [234])
attack: step 10/10, xent loss = 8.86764, l2 loss = 14.9177 (max 14.95), (true 160, predicted [244])
check failed
true = 160, adv = 244
evaluating 447 of [440, 450)
attack: step 1/10, xent loss = 4.44332, l2 loss = 0 (max 14.95), (true 191, predicted [189])
attack: step 2/10, xent loss = 5.20826, l2 loss = 4.37569 (max 14.95), (true 191, predicted [189])
attack: step 3/10, xent loss = 4.76108, l2 loss = 5.17953 (max 14.95), (true 191, predicted [189])
attack: step 4/10, xent loss = 5.20708, l2 loss = 5.78804 (max 14.95), (true 191, predicted [189])
attack: step 5/10, xent loss = 5.9766, l2 loss = 6.62873 (max 14.95), (true 191, predicted [189])
attack: step 6/10, xent loss = 7.01442, l2 loss = 7.30988 (max 14.95), (true 191, predicted [189])
attack: step 7/10, xent loss = 7.31271, l2 loss = 7.89604 (max 14.95), (true 191, predicted [189])
attack: step 8/10, xent loss = 7.21085, l2 loss = 8.79012 (max 14.95), (true 191, predicted [189])
attack: step 9/10, xent loss = 6.30917, l2 loss = 9.29672 (max 14.95), (true 191, predicted [189])
attack: step 10/10, xent loss = 8.23401, l2 loss = 10.0499 (max 14.95), (true 191, predicted [189])
true = 191, adv = 189
evaluating 448 of [440, 450)
attack: step 1/10, xent loss = 0.765112, l2 loss = 0 (max 14.95), (true 378, predicted [378])
attack: step 2/10, xent loss = 1.10548, l2 loss = 4.82484 (max 14.95), (true 378, predicted [378])
attack: step 3/10, xent loss = 3.27414, l2 loss = 6.60146 (max 14.95), (true 378, predicted [91])
attack: step 4/10, xent loss = 8.46841, l2 loss = 10.0253 (max 14.95), (true 378, predicted [96])
attack: step 5/10, xent loss = 9.34656, l2 loss = 11.2585 (max 14.95), (true 378, predicted [96])
attack: step 6/10, xent loss = 6.26968, l2 loss = 14.5881 (max 14.95), (true 378, predicted [91])
attack: step 7/10, xent loss = 8.10767, l2 loss = 16.2212 (max 14.95), (true 378, predicted [96])
attack: step 8/10, xent loss = 8.40368, l2 loss = 16.411 (max 14.95), (true 378, predicted [91])
attack: step 9/10, xent loss = 8.29863, l2 loss = 16.6881 (max 14.95), (true 378, predicted [88])
attack: step 10/10, xent loss = 8.79484, l2 loss = 17.3033 (max 14.95), (true 378, predicted [88])
check failed
true = 378, adv = 88
evaluating 449 of [440, 450)
attack: step 1/10, xent loss = 3.5861, l2 loss = 0 (max 14.95), (true 479, predicted [999])
attack: step 2/10, xent loss = 5.27273, l2 loss = 3.99592 (max 14.95), (true 479, predicted [999])
attack: step 3/10, xent loss = 1.89835, l2 loss = 8.93854 (max 14.95), (true 479, predicted [479])
attack: step 4/10, xent loss = 3.17129, l2 loss = 9.43083 (max 14.95), (true 479, predicted [745])
attack: step 5/10, xent loss = 4.54521, l2 loss = 9.95134 (max 14.95), (true 479, predicted [745])
attack: step 6/10, xent loss = 5.65961, l2 loss = 10.397 (max 14.95), (true 479, predicted [999])
attack: step 7/10, xent loss = 5.68202, l2 loss = 11.1356 (max 14.95), (true 479, predicted [745])
attack: step 8/10, xent loss = 6.34989, l2 loss = 11.6462 (max 14.95), (true 479, predicted [745])
attack: step 9/10, xent loss = 6.50984, l2 loss = 11.9811 (max 14.95), (true 479, predicted [745])
attack: step 10/10, xent loss = 7.9633, l2 loss = 12.3149 (max 14.95), (true 479, predicted [745])
true = 479, adv = 745
