2019-06-28 22:38:53.082727: I tensorflow/core/platform/cpu_feature_guard.cc:141] Your CPU supports instructions that this TensorFlow binary was not compiled to use: SSE4.1 SSE4.2 AVX AVX2 FMA
2019-06-28 22:38:53.087672: I tensorflow/core/platform/profile_utils/cpu_utils.cc:94] CPU Frequency: 2599770000 Hz
2019-06-28 22:38:53.087786: I tensorflow/compiler/xla/service/service.cc:150] XLA service 0x2aaae6ac0810 executing computations on platform Host. Devices:
2019-06-28 22:38:53.087800: I tensorflow/compiler/xla/service/service.cc:158]   StreamExecutor device (0): <undefined>, <undefined>
2019-06-28 22:38:53.087953: I tensorflow/core/common_runtime/process_util.cc:71] Creating new thread pool with default inter op setting: 2. Tune using inter_op_parallelism_threads for best performance.
evaluating 220 of [220, 230)
attack: step 1/10, xent loss = 13.5721, l2 loss = 15.6312 (max 14.95), (true 828, predicted [971])
attack: step 2/10, xent loss = 14.2035, l2 loss = 16.8599 (max 14.95), (true 828, predicted [971])
attack: step 3/10, xent loss = 19.1076, l2 loss = 18.0796 (max 14.95), (true 828, predicted [971])
attack: step 4/10, xent loss = 19.4985, l2 loss = 19.3919 (max 14.95), (true 828, predicted [971])
attack: step 5/10, xent loss = 18.4598, l2 loss = 20.7002 (max 14.95), (true 828, predicted [971])
attack: step 6/10, xent loss = 21.3132, l2 loss = 21.9989 (max 14.95), (true 828, predicted [971])
attack: step 7/10, xent loss = 19.9808, l2 loss = 23.116 (max 14.95), (true 828, predicted [971])
attack: step 8/10, xent loss = 22.754, l2 loss = 24.294 (max 14.95), (true 828, predicted [971])
attack: step 9/10, xent loss = 23.1125, l2 loss = 25.3444 (max 14.95), (true 828, predicted [971])
attack: step 10/10, xent loss = 24.8579, l2 loss = 26.2601 (max 14.95), (true 828, predicted [971])
check failed
true = 828, adv = 971
evaluating 221 of [220, 230)
attack: step 1/10, xent loss = 20.2412, l2 loss = 24.8465 (max 14.95), (true 10, predicted [728])
attack: step 2/10, xent loss = 16.2807, l2 loss = 26.1675 (max 14.95), (true 10, predicted [728])
attack: step 3/10, xent loss = 17.7416, l2 loss = 27.9992 (max 14.95), (true 10, predicted [728])
attack: step 4/10, xent loss = 19.013, l2 loss = 29.3589 (max 14.95), (true 10, predicted [728])
attack: step 5/10, xent loss = 19.1933, l2 loss = 30.5886 (max 14.95), (true 10, predicted [728])
attack: step 6/10, xent loss = 20.9707, l2 loss = 32.4617 (max 14.95), (true 10, predicted [728])
attack: step 7/10, xent loss = 22.0482, l2 loss = 33.7141 (max 14.95), (true 10, predicted [728])
attack: step 8/10, xent loss = 21.7379, l2 loss = 34.6586 (max 14.95), (true 10, predicted [728])
attack: step 9/10, xent loss = 23.5424, l2 loss = 35.6219 (max 14.95), (true 10, predicted [728])
attack: step 10/10, xent loss = 23.9006, l2 loss = 36.8867 (max 14.95), (true 10, predicted [728])
check failed
true = 10, adv = 728
evaluating 222 of [220, 230)
attack: step 1/10, xent loss = 22.4605, l2 loss = 27.1553 (max 14.95), (true 83, predicted [728])
attack: step 2/10, xent loss = 22.4853, l2 loss = 28.255 (max 14.95), (true 83, predicted [728])
attack: step 3/10, xent loss = 25.7652, l2 loss = 30.1642 (max 14.95), (true 83, predicted [728])
attack: step 4/10, xent loss = 26.3044, l2 loss = 31.3302 (max 14.95), (true 83, predicted [728])
attack: step 5/10, xent loss = 26.486, l2 loss = 32.0783 (max 14.95), (true 83, predicted [728])
attack: step 6/10, xent loss = 24.2394, l2 loss = 33.0694 (max 14.95), (true 83, predicted [728])
attack: step 7/10, xent loss = 28.5049, l2 loss = 33.8921 (max 14.95), (true 83, predicted [728])
attack: step 8/10, xent loss = 27.8222, l2 loss = 34.7184 (max 14.95), (true 83, predicted [728])
attack: step 9/10, xent loss = 26.7911, l2 loss = 35.8724 (max 14.95), (true 83, predicted [728])
attack: step 10/10, xent loss = 31.4429, l2 loss = 36.7713 (max 14.95), (true 83, predicted [728])
check failed
true = 83, adv = 728
evaluating 223 of [220, 230)
attack: step 1/10, xent loss = 29.5767, l2 loss = 32.4798 (max 14.95), (true 189, predicted [728])
attack: step 2/10, xent loss = 33.8888, l2 loss = 33.5474 (max 14.95), (true 189, predicted [728])
attack: step 3/10, xent loss = 33.5461, l2 loss = 34.7008 (max 14.95), (true 189, predicted [728])
attack: step 4/10, xent loss = 33.1254, l2 loss = 35.8997 (max 14.95), (true 189, predicted [728])
attack: step 5/10, xent loss = 32.8122, l2 loss = 36.9264 (max 14.95), (true 189, predicted [728])
attack: step 6/10, xent loss = 36.0596, l2 loss = 37.9605 (max 14.95), (true 189, predicted [728])
attack: step 7/10, xent loss = 36.2453, l2 loss = 39.1293 (max 14.95), (true 189, predicted [728])
attack: step 8/10, xent loss = 36.6981, l2 loss = 40.1911 (max 14.95), (true 189, predicted [728])
attack: step 9/10, xent loss = 34.5209, l2 loss = 41.2588 (max 14.95), (true 189, predicted [728])
attack: step 10/10, xent loss = 41.9383, l2 loss = 42.4203 (max 14.95), (true 189, predicted [728])
check failed
true = 189, adv = 728
evaluating 224 of [220, 230)
attack: step 1/10, xent loss = 23.7184, l2 loss = 26.8003 (max 14.95), (true 758, predicted [807])
attack: step 2/10, xent loss = 20.0803, l2 loss = 28.84 (max 14.95), (true 758, predicted [807])
attack: step 3/10, xent loss = 20.2927, l2 loss = 31.1337 (max 14.95), (true 758, predicted [807])
attack: step 4/10, xent loss = 22.0417, l2 loss = 32.9839 (max 14.95), (true 758, predicted [807])
attack: step 5/10, xent loss = 26.1209, l2 loss = 34.2172 (max 14.95), (true 758, predicted [807])
attack: step 6/10, xent loss = 25.9238, l2 loss = 35.7907 (max 14.95), (true 758, predicted [807])
attack: step 7/10, xent loss = 23.0278, l2 loss = 37.324 (max 14.95), (true 758, predicted [807])
attack: step 8/10, xent loss = 24.9408, l2 loss = 38.6781 (max 14.95), (true 758, predicted [807])
attack: step 9/10, xent loss = 27.8268, l2 loss = 39.7484 (max 14.95), (true 758, predicted [807])
attack: step 10/10, xent loss = 31.2875, l2 loss = 41.187 (max 14.95), (true 758, predicted [807])
check failed
true = 758, adv = 807
evaluating 225 of [220, 230)
attack: step 1/10, xent loss = 7.48969, l2 loss = 17.1395 (max 14.95), (true 12, predicted [986])
attack: step 2/10, xent loss = 12.5394, l2 loss = 17.3122 (max 14.95), (true 12, predicted [728])
attack: step 3/10, xent loss = 7.61717, l2 loss = 19.3861 (max 14.95), (true 12, predicted [728])
attack: step 4/10, xent loss = 8.05783, l2 loss = 19.5376 (max 14.95), (true 12, predicted [728])
attack: step 5/10, xent loss = 9.06459, l2 loss = 19.8655 (max 14.95), (true 12, predicted [728])
attack: step 6/10, xent loss = 11.7511, l2 loss = 20.4474 (max 14.95), (true 12, predicted [728])
attack: step 7/10, xent loss = 7.50625, l2 loss = 21.1755 (max 14.95), (true 12, predicted [728])
attack: step 8/10, xent loss = 13.7496, l2 loss = 21.8376 (max 14.95), (true 12, predicted [728])
attack: step 9/10, xent loss = 7.74242, l2 loss = 23.2223 (max 14.95), (true 12, predicted [728])
attack: step 10/10, xent loss = 14.395, l2 loss = 23.7347 (max 14.95), (true 12, predicted [728])
check failed
true = 12, adv = 728
evaluating 226 of [220, 230)
attack: step 1/10, xent loss = 14.7017, l2 loss = 26.4151 (max 14.95), (true 208, predicted [999])
attack: step 2/10, xent loss = 21.2387, l2 loss = 27.8797 (max 14.95), (true 208, predicted [999])
attack: step 3/10, xent loss = 21.1435, l2 loss = 28.8904 (max 14.95), (true 208, predicted [999])
attack: step 4/10, xent loss = 19.1518, l2 loss = 30.3568 (max 14.95), (true 208, predicted [999])
attack: step 5/10, xent loss = 23.2262, l2 loss = 31.42 (max 14.95), (true 208, predicted [999])
attack: step 6/10, xent loss = 24.2504, l2 loss = 32.5585 (max 14.95), (true 208, predicted [999])
attack: step 7/10, xent loss = 21.0611, l2 loss = 33.4291 (max 14.95), (true 208, predicted [999])
attack: step 8/10, xent loss = 23.2742, l2 loss = 34.2353 (max 14.95), (true 208, predicted [999])
attack: step 9/10, xent loss = 23.1219, l2 loss = 36.0291 (max 14.95), (true 208, predicted [999])
attack: step 10/10, xent loss = 24.3695, l2 loss = 36.9736 (max 14.95), (true 208, predicted [999])
check failed
true = 208, adv = 999
evaluating 227 of [220, 230)
attack: step 1/10, xent loss = 16.9352, l2 loss = 27.0071 (max 14.95), (true 653, predicted [583])
attack: step 2/10, xent loss = 16.835, l2 loss = 28.3607 (max 14.95), (true 653, predicted [583])
attack: step 3/10, xent loss = 20.2288, l2 loss = 29.5744 (max 14.95), (true 653, predicted [583])
attack: step 4/10, xent loss = 19.4936, l2 loss = 30.8913 (max 14.95), (true 653, predicted [583])
attack: step 5/10, xent loss = 19.1553, l2 loss = 32.1196 (max 14.95), (true 653, predicted [583])
attack: step 6/10, xent loss = 21.7611, l2 loss = 33.0844 (max 14.95), (true 653, predicted [583])
attack: step 7/10, xent loss = 16.0133, l2 loss = 33.9375 (max 14.95), (true 653, predicted [583])
attack: step 8/10, xent loss = 22.9843, l2 loss = 35.4399 (max 14.95), (true 653, predicted [583])
attack: step 9/10, xent loss = 22.6569, l2 loss = 36.1852 (max 14.95), (true 653, predicted [583])
attack: step 10/10, xent loss = 19.8148, l2 loss = 37.2276 (max 14.95), (true 653, predicted [583])
check failed
true = 653, adv = 583
evaluating 228 of [220, 230)
attack: step 1/10, xent loss = 21.7387, l2 loss = 21.88 (max 14.95), (true 377, predicted [552])
attack: step 2/10, xent loss = 20.9787, l2 loss = 23.7229 (max 14.95), (true 377, predicted [552])
attack: step 3/10, xent loss = 26.7715, l2 loss = 25.5158 (max 14.95), (true 377, predicted [552])
attack: step 4/10, xent loss = 22.9027, l2 loss = 26.8984 (max 14.95), (true 377, predicted [552])
attack: step 5/10, xent loss = 28.6145, l2 loss = 28.5164 (max 14.95), (true 377, predicted [552])
attack: step 6/10, xent loss = 23.6834, l2 loss = 29.7383 (max 14.95), (true 377, predicted [552])
attack: step 7/10, xent loss = 25.9721, l2 loss = 31.2218 (max 14.95), (true 377, predicted [552])
attack: step 8/10, xent loss = 29.5282, l2 loss = 32.6239 (max 14.95), (true 377, predicted [552])
attack: step 9/10, xent loss = 29.5254, l2 loss = 33.6142 (max 14.95), (true 377, predicted [552])
attack: step 10/10, xent loss = 28.2883, l2 loss = 34.5252 (max 14.95), (true 377, predicted [552])
check failed
true = 377, adv = 552
evaluating 229 of [220, 230)
attack: step 1/10, xent loss = 14.3404, l2 loss = 18.7876 (max 14.95), (true 938, predicted [728])
attack: step 2/10, xent loss = 15.1039, l2 loss = 19.8034 (max 14.95), (true 938, predicted [728])
attack: step 3/10, xent loss = 18.0621, l2 loss = 20.8403 (max 14.95), (true 938, predicted [728])
attack: step 4/10, xent loss = 19.1049, l2 loss = 21.8279 (max 14.95), (true 938, predicted [728])
attack: step 5/10, xent loss = 20.1509, l2 loss = 22.8194 (max 14.95), (true 938, predicted [728])
attack: step 6/10, xent loss = 18.6033, l2 loss = 23.7886 (max 14.95), (true 938, predicted [728])
attack: step 7/10, xent loss = 21.9728, l2 loss = 24.9123 (max 14.95), (true 938, predicted [728])
attack: step 8/10, xent loss = 24.8245, l2 loss = 25.892 (max 14.95), (true 938, predicted [728])
attack: step 9/10, xent loss = 24.0795, l2 loss = 27.0158 (max 14.95), (true 938, predicted [728])
attack: step 10/10, xent loss = 26.6944, l2 loss = 28.0883 (max 14.95), (true 938, predicted [728])
check failed
true = 938, adv = 728
