2019-05-26 13:04:16.603982: I tensorflow/core/platform/cpu_feature_guard.cc:141] Your CPU supports instructions that this TensorFlow binary was not compiled to use: SSE4.1 SSE4.2 AVX AVX2 FMA
2019-05-26 13:04:16.609708: I tensorflow/core/platform/profile_utils/cpu_utils.cc:94] CPU Frequency: 2600165000 Hz
2019-05-26 13:04:16.609867: I tensorflow/compiler/xla/service/service.cc:150] XLA service 0x2aaae6bbfeb0 executing computations on platform Host. Devices:
2019-05-26 13:04:16.609889: I tensorflow/compiler/xla/service/service.cc:158]   StreamExecutor device (0): <undefined>, <undefined>
2019-05-26 13:04:16.610126: I tensorflow/core/common_runtime/process_util.cc:71] Creating new thread pool with default inter op setting: 2. Tune using inter_op_parallelism_threads for best performance.
evaluating 920 of [920, 930)
attack: step 1/10, xent loss = 0.333166, l2 loss = 0 (max 14.95), (true 289, predicted [289])
attack: step 2/10, xent loss = 0.457613, l2 loss = 0.680752 (max 14.95), (true 289, predicted [289])
attack: step 3/10, xent loss = 0.57789, l2 loss = 1.23648 (max 14.95), (true 289, predicted [289])
attack: step 4/10, xent loss = 0.694878, l2 loss = 1.75826 (max 14.95), (true 289, predicted [289])
attack: step 5/10, xent loss = 1.40655, l2 loss = 2.37042 (max 14.95), (true 289, predicted [288])
attack: step 6/10, xent loss = 0.976452, l2 loss = 3.1598 (max 14.95), (true 289, predicted [289])
attack: step 7/10, xent loss = 1.27925, l2 loss = 3.84563 (max 14.95), (true 289, predicted [289])
attack: step 8/10, xent loss = 3.39151, l2 loss = 4.52798 (max 14.95), (true 289, predicted [293])
attack: step 9/10, xent loss = 2.92915, l2 loss = 5.67444 (max 14.95), (true 289, predicted [291])
attack: step 10/10, xent loss = 4.85032, l2 loss = 6.77169 (max 14.95), (true 289, predicted [293])
true = 289, adv = 293
evaluating 921 of [920, 930)
attack: step 1/10, xent loss = 2.93329, l2 loss = 0 (max 14.95), (true 271, predicted [273])
attack: step 2/10, xent loss = 4.55458, l2 loss = 2.44583 (max 14.95), (true 271, predicted [273])
attack: step 3/10, xent loss = 5.43331, l2 loss = 3.66014 (max 14.95), (true 271, predicted [273])
attack: step 4/10, xent loss = 5.54513, l2 loss = 4.38018 (max 14.95), (true 271, predicted [273])
attack: step 5/10, xent loss = 5.78358, l2 loss = 5.01063 (max 14.95), (true 271, predicted [273])
attack: step 6/10, xent loss = 6.57118, l2 loss = 5.68031 (max 14.95), (true 271, predicted [273])
attack: step 7/10, xent loss = 6.98599, l2 loss = 6.44863 (max 14.95), (true 271, predicted [273])
attack: step 8/10, xent loss = 7.07509, l2 loss = 6.97114 (max 14.95), (true 271, predicted [273])
attack: step 9/10, xent loss = 6.72053, l2 loss = 7.48903 (max 14.95), (true 271, predicted [273])
attack: step 10/10, xent loss = 7.68392, l2 loss = 8.0466 (max 14.95), (true 271, predicted [273])
true = 271, adv = 273
evaluating 922 of [920, 930)
attack: step 1/10, xent loss = 0.0640039, l2 loss = 0 (max 14.95), (true 89, predicted [89])
attack: step 2/10, xent loss = 0.0659817, l2 loss = 0.156915 (max 14.95), (true 89, predicted [89])
attack: step 3/10, xent loss = 0.0757634, l2 loss = 0.206323 (max 14.95), (true 89, predicted [89])
attack: step 4/10, xent loss = 0.0793458, l2 loss = 0.254985 (max 14.95), (true 89, predicted [89])
attack: step 5/10, xent loss = 0.0943572, l2 loss = 0.304116 (max 14.95), (true 89, predicted [89])
attack: step 6/10, xent loss = 0.117402, l2 loss = 0.367969 (max 14.95), (true 89, predicted [89])
attack: step 7/10, xent loss = 0.0681215, l2 loss = 0.420292 (max 14.95), (true 89, predicted [89])
attack: step 8/10, xent loss = 0.117693, l2 loss = 0.44951 (max 14.95), (true 89, predicted [89])
attack: step 9/10, xent loss = 0.111336, l2 loss = 0.510004 (max 14.95), (true 89, predicted [89])
attack: step 10/10, xent loss = 0.0719974, l2 loss = 0.563057 (max 14.95), (true 89, predicted [89])
true = 89, adv = 89
evaluating 923 of [920, 930)
attack: step 1/10, xent loss = 0.115651, l2 loss = 0 (max 14.95), (true 862, predicted [862])
attack: step 2/10, xent loss = 0.241018, l2 loss = 1.14148 (max 14.95), (true 862, predicted [862])
attack: step 3/10, xent loss = 0.459028, l2 loss = 2.55693 (max 14.95), (true 862, predicted [862])
attack: step 4/10, xent loss = 0.762013, l2 loss = 4.60118 (max 14.95), (true 862, predicted [862])
attack: step 5/10, xent loss = 2.34531, l2 loss = 6.89718 (max 14.95), (true 862, predicted [607])
attack: step 6/10, xent loss = 4.81354, l2 loss = 9.49451 (max 14.95), (true 862, predicted [607])
attack: step 7/10, xent loss = 4.95607, l2 loss = 11.6284 (max 14.95), (true 862, predicted [607])
attack: step 8/10, xent loss = 4.56687, l2 loss = 12.2935 (max 14.95), (true 862, predicted [607])
attack: step 9/10, xent loss = 5.82301, l2 loss = 13.4422 (max 14.95), (true 862, predicted [607])
attack: step 10/10, xent loss = 6.5403, l2 loss = 13.7856 (max 14.95), (true 862, predicted [607])
true = 862, adv = 607
evaluating 924 of [920, 930)
attack: step 1/10, xent loss = 13.4771, l2 loss = 0 (max 14.95), (true 697, predicted [728])
attack: step 2/10, xent loss = 14.7553, l2 loss = 8.6458 (max 14.95), (true 697, predicted [728])
attack: step 3/10, xent loss = 19.4597, l2 loss = 12.1313 (max 14.95), (true 697, predicted [728])
attack: step 4/10, xent loss = 20.6309, l2 loss = 15.0985 (max 14.95), (true 697, predicted [728])
attack: step 5/10, xent loss = 22.5177, l2 loss = 17.1385 (max 14.95), (true 697, predicted [728])
attack: step 6/10, xent loss = 22.0667, l2 loss = 19.0562 (max 14.95), (true 697, predicted [728])
attack: step 7/10, xent loss = 23.0678, l2 loss = 20.8052 (max 14.95), (true 697, predicted [728])
attack: step 8/10, xent loss = 24.4256, l2 loss = 22.7237 (max 14.95), (true 697, predicted [728])
attack: step 9/10, xent loss = 23.6512, l2 loss = 24.154 (max 14.95), (true 697, predicted [728])
attack: step 10/10, xent loss = 25.1847, l2 loss = 25.6904 (max 14.95), (true 697, predicted [728])
check failed
true = 697, adv = 728
evaluating 925 of [920, 930)
attack: step 1/10, xent loss = 5.13018, l2 loss = 0 (max 14.95), (true 305, predicted [71])
attack: step 2/10, xent loss = 5.47643, l2 loss = 10.1728 (max 14.95), (true 305, predicted [317])
attack: step 3/10, xent loss = 8.13127, l2 loss = 11.6965 (max 14.95), (true 305, predicted [317])
attack: step 4/10, xent loss = 8.78518, l2 loss = 12.6478 (max 14.95), (true 305, predicted [317])
attack: step 5/10, xent loss = 8.7309, l2 loss = 13.8585 (max 14.95), (true 305, predicted [317])
attack: step 6/10, xent loss = 7.65151, l2 loss = 14.1461 (max 14.95), (true 305, predicted [71])
attack: step 7/10, xent loss = 10.4899, l2 loss = 14.8607 (max 14.95), (true 305, predicted [317])
attack: step 8/10, xent loss = 9.21263, l2 loss = 16.024 (max 14.95), (true 305, predicted [317])
attack: step 9/10, xent loss = 10.1895, l2 loss = 17.1311 (max 14.95), (true 305, predicted [317])
attack: step 10/10, xent loss = 12.1239, l2 loss = 18.1996 (max 14.95), (true 305, predicted [317])
check failed
true = 305, adv = 317
evaluating 926 of [920, 930)
attack: step 1/10, xent loss = 2.40012, l2 loss = 0 (max 14.95), (true 4, predicted [3])
attack: step 2/10, xent loss = 1.44732, l2 loss = 12.0733 (max 14.95), (true 4, predicted [3])
attack: step 3/10, xent loss = 3.11014, l2 loss = 13.4521 (max 14.95), (true 4, predicted [3])
attack: step 4/10, xent loss = 5.45844, l2 loss = 15.3781 (max 14.95), (true 4, predicted [3])
attack: step 5/10, xent loss = 5.52576, l2 loss = 17.8435 (max 14.95), (true 4, predicted [3])
attack: step 6/10, xent loss = 8.29214, l2 loss = 19.4895 (max 14.95), (true 4, predicted [3])
attack: step 7/10, xent loss = 7.7634, l2 loss = 20.5139 (max 14.95), (true 4, predicted [3])
attack: step 8/10, xent loss = 11.0482, l2 loss = 22.1684 (max 14.95), (true 4, predicted [3])
attack: step 9/10, xent loss = 10.3113, l2 loss = 23.7938 (max 14.95), (true 4, predicted [3])
attack: step 10/10, xent loss = 14.6941, l2 loss = 26.085 (max 14.95), (true 4, predicted [3])
check failed
true = 4, adv = 3
evaluating 927 of [920, 930)
attack: step 1/10, xent loss = 5.20209, l2 loss = 0 (max 14.95), (true 196, predicted [199])
attack: step 2/10, xent loss = 5.24609, l2 loss = 3.32451 (max 14.95), (true 196, predicted [199])
attack: step 3/10, xent loss = 4.78215, l2 loss = 7.00817 (max 14.95), (true 196, predicted [199])
attack: step 4/10, xent loss = 7.01628, l2 loss = 8.62743 (max 14.95), (true 196, predicted [840])
attack: step 5/10, xent loss = 9.62019, l2 loss = 10.0651 (max 14.95), (true 196, predicted [840])
attack: step 6/10, xent loss = 12.0611, l2 loss = 13.5148 (max 14.95), (true 196, predicted [462])
attack: step 7/10, xent loss = 13.1468, l2 loss = 15.2813 (max 14.95), (true 196, predicted [462])
attack: step 8/10, xent loss = 15.134, l2 loss = 16.7984 (max 14.95), (true 196, predicted [462])
attack: step 9/10, xent loss = 9.5008, l2 loss = 18.0213 (max 14.95), (true 196, predicted [462])
attack: step 10/10, xent loss = 15.3305, l2 loss = 19.0962 (max 14.95), (true 196, predicted [462])
check failed
true = 196, adv = 462
evaluating 928 of [920, 930)
attack: step 1/10, xent loss = 0.0795076, l2 loss = 0 (max 14.95), (true 698, predicted [698])
attack: step 2/10, xent loss = 0.442208, l2 loss = 0.382433 (max 14.95), (true 698, predicted [698])
attack: step 3/10, xent loss = 0.0706126, l2 loss = 2.06931 (max 14.95), (true 698, predicted [698])
attack: step 4/10, xent loss = 0.127649, l2 loss = 2.10169 (max 14.95), (true 698, predicted [698])
attack: step 5/10, xent loss = 0.687966, l2 loss = 2.20246 (max 14.95), (true 698, predicted [698])
attack: step 6/10, xent loss = 0.694041, l2 loss = 3.32242 (max 14.95), (true 698, predicted [698])
attack: step 7/10, xent loss = 0.773891, l2 loss = 4.09574 (max 14.95), (true 698, predicted [698])
attack: step 8/10, xent loss = 0.288455, l2 loss = 4.76119 (max 14.95), (true 698, predicted [698])
attack: step 9/10, xent loss = 0.481118, l2 loss = 5.00189 (max 14.95), (true 698, predicted [698])
attack: step 10/10, xent loss = 0.949009, l2 loss = 5.35466 (max 14.95), (true 698, predicted [698])
true = 698, adv = 698
evaluating 929 of [920, 930)
attack: step 1/10, xent loss = 3.15737, l2 loss = 0 (max 14.95), (true 667, predicted [400])
attack: step 2/10, xent loss = 7.64409, l2 loss = 13.9128 (max 14.95), (true 667, predicted [728])
attack: step 3/10, xent loss = 10.6372, l2 loss = 15.8409 (max 14.95), (true 667, predicted [728])
attack: step 4/10, xent loss = 13.6846, l2 loss = 17.5682 (max 14.95), (true 667, predicted [728])
attack: step 5/10, xent loss = 15.7231, l2 loss = 19.7762 (max 14.95), (true 667, predicted [728])
attack: step 6/10, xent loss = 15.5348, l2 loss = 21.5852 (max 14.95), (true 667, predicted [728])
attack: step 7/10, xent loss = 17.6029, l2 loss = 23.609 (max 14.95), (true 667, predicted [728])
attack: step 8/10, xent loss = 18.991, l2 loss = 25.1861 (max 14.95), (true 667, predicted [728])
attack: step 9/10, xent loss = 22.0836, l2 loss = 26.4607 (max 14.95), (true 667, predicted [728])
attack: step 10/10, xent loss = 20.0207, l2 loss = 27.8765 (max 14.95), (true 667, predicted [728])
check failed
true = 667, adv = 728
