2019-06-27 14:33:25.725814: I tensorflow/core/platform/cpu_feature_guard.cc:141] Your CPU supports instructions that this TensorFlow binary was not compiled to use: SSE4.1 SSE4.2 AVX AVX2 FMA
2019-06-27 14:33:25.957085: I tensorflow/core/platform/profile_utils/cpu_utils.cc:94] CPU Frequency: 2600015000 Hz
2019-06-27 14:33:25.958260: I tensorflow/compiler/xla/service/service.cc:150] XLA service 0x2aaae6e49b20 executing computations on platform Host. Devices:
2019-06-27 14:33:25.958389: I tensorflow/compiler/xla/service/service.cc:158]   StreamExecutor device (0): <undefined>, <undefined>
2019-06-27 14:33:25.959607: I tensorflow/core/common_runtime/process_util.cc:71] Creating new thread pool with default inter op setting: 2. Tune using inter_op_parallelism_threads for best performance.
evaluating 480 of [480, 490)
attack: step 1/10, xent loss = 8.41585, l2 loss = 11.4624 (max 14.95), (true 120, predicted [121])
attack: step 2/10, xent loss = 8.04543, l2 loss = 12.0176 (max 14.95), (true 120, predicted [121])
attack: step 3/10, xent loss = 7.99717, l2 loss = 12.3554 (max 14.95), (true 120, predicted [121])
attack: step 4/10, xent loss = 8.52922, l2 loss = 12.8559 (max 14.95), (true 120, predicted [121])
attack: step 5/10, xent loss = 9.04201, l2 loss = 13.1923 (max 14.95), (true 120, predicted [766])
attack: step 6/10, xent loss = 9.28985, l2 loss = 13.6891 (max 14.95), (true 120, predicted [118])
attack: step 7/10, xent loss = 9.27966, l2 loss = 14.1243 (max 14.95), (true 120, predicted [119])
attack: step 8/10, xent loss = 9.68626, l2 loss = 14.4696 (max 14.95), (true 120, predicted [121])
attack: step 9/10, xent loss = 11.2384, l2 loss = 14.9083 (max 14.95), (true 120, predicted [766])
attack: step 10/10, xent loss = 9.26541, l2 loss = 15.8958 (max 14.95), (true 120, predicted [509])
check failed
true = 120, adv = 467
evaluating 481 of [480, 490)
attack: step 1/10, xent loss = 17.3157, l2 loss = 16.4933 (max 14.95), (true 43, predicted [940])
attack: step 2/10, xent loss = 19.8694, l2 loss = 17.1875 (max 14.95), (true 43, predicted [940])
attack: step 3/10, xent loss = 18.6683, l2 loss = 18.2244 (max 14.95), (true 43, predicted [940])
attack: step 4/10, xent loss = 18.1204, l2 loss = 19.3124 (max 14.95), (true 43, predicted [940])
attack: step 5/10, xent loss = 18.7094, l2 loss = 21.1111 (max 14.95), (true 43, predicted [940])
attack: step 6/10, xent loss = 21.6166, l2 loss = 22.6604 (max 14.95), (true 43, predicted [940])
attack: step 7/10, xent loss = 22.8438, l2 loss = 23.4613 (max 14.95), (true 43, predicted [940])
attack: step 8/10, xent loss = 23.0987, l2 loss = 24.2289 (max 14.95), (true 43, predicted [940])
attack: step 9/10, xent loss = 24.692, l2 loss = 24.884 (max 14.95), (true 43, predicted [940])
attack: step 10/10, xent loss = 24.8867, l2 loss = 25.5943 (max 14.95), (true 43, predicted [940])
check failed
true = 43, adv = 940
evaluating 482 of [480, 490)
attack: step 1/10, xent loss = 10.0707, l2 loss = 12.8066 (max 14.95), (true 98, predicted [241])
attack: step 2/10, xent loss = 8.54476, l2 loss = 14.2359 (max 14.95), (true 98, predicted [241])
attack: step 3/10, xent loss = 10.9526, l2 loss = 14.4408 (max 14.95), (true 98, predicted [241])
attack: step 4/10, xent loss = 10.4923, l2 loss = 15.1385 (max 14.95), (true 98, predicted [241])
attack: step 5/10, xent loss = 11.6157, l2 loss = 15.6328 (max 14.95), (true 98, predicted [241])
attack: step 6/10, xent loss = 8.46824, l2 loss = 16.4395 (max 14.95), (true 98, predicted [241])
attack: step 7/10, xent loss = 11.7307, l2 loss = 17.1954 (max 14.95), (true 98, predicted [241])
attack: step 8/10, xent loss = 11.2611, l2 loss = 17.9502 (max 14.95), (true 98, predicted [241])
attack: step 9/10, xent loss = 11.9254, l2 loss = 18.6436 (max 14.95), (true 98, predicted [241])
attack: step 10/10, xent loss = 13.0195, l2 loss = 19.1367 (max 14.95), (true 98, predicted [241])
check failed
true = 98, adv = 241
evaluating 483 of [480, 490)
attack: step 1/10, xent loss = 9.11835, l2 loss = 11.7378 (max 14.95), (true 824, predicted [728])
attack: step 2/10, xent loss = 13.1868, l2 loss = 12.684 (max 14.95), (true 824, predicted [728])
attack: step 3/10, xent loss = 14.063, l2 loss = 14.6927 (max 14.95), (true 824, predicted [728])
attack: step 4/10, xent loss = 13.2027, l2 loss = 16.1107 (max 14.95), (true 824, predicted [728])
attack: step 5/10, xent loss = 14.8624, l2 loss = 17.9153 (max 14.95), (true 824, predicted [728])
attack: step 6/10, xent loss = 15.9579, l2 loss = 19.7431 (max 14.95), (true 824, predicted [728])
attack: step 7/10, xent loss = 18.9036, l2 loss = 21.1129 (max 14.95), (true 824, predicted [728])
attack: step 8/10, xent loss = 20.2664, l2 loss = 22.1509 (max 14.95), (true 824, predicted [728])
attack: step 9/10, xent loss = 16.9597, l2 loss = 23.4772 (max 14.95), (true 824, predicted [728])
attack: step 10/10, xent loss = 23.51, l2 loss = 25.1566 (max 14.95), (true 824, predicted [728])
check failed
true = 824, adv = 728
evaluating 484 of [480, 490)
attack: step 1/10, xent loss = 7.35689, l2 loss = 11.0636 (max 14.95), (true 853, predicted [975])
attack: step 2/10, xent loss = 7.39592, l2 loss = 11.9285 (max 14.95), (true 853, predicted [975])
attack: step 3/10, xent loss = 6.96696, l2 loss = 12.8208 (max 14.95), (true 853, predicted [975])
attack: step 4/10, xent loss = 7.70081, l2 loss = 13.582 (max 14.95), (true 853, predicted [975])
attack: step 5/10, xent loss = 8.63959, l2 loss = 14.2438 (max 14.95), (true 853, predicted [975])
attack: step 6/10, xent loss = 8.3057, l2 loss = 14.9703 (max 14.95), (true 853, predicted [975])
attack: step 7/10, xent loss = 10.8712, l2 loss = 15.6891 (max 14.95), (true 853, predicted [975])
attack: step 8/10, xent loss = 9.85037, l2 loss = 16.3072 (max 14.95), (true 853, predicted [975])
attack: step 9/10, xent loss = 11.2829, l2 loss = 16.9276 (max 14.95), (true 853, predicted [975])
attack: step 10/10, xent loss = 10.8043, l2 loss = 17.4279 (max 14.95), (true 853, predicted [975])
check failed
true = 853, adv = 975
evaluating 485 of [480, 490)
attack: step 1/10, xent loss = 4.5383, l2 loss = 9.79175 (max 14.95), (true 706, predicted [733])
attack: step 2/10, xent loss = 5.67383, l2 loss = 10.3397 (max 14.95), (true 706, predicted [733])
attack: step 3/10, xent loss = 4.46005, l2 loss = 10.9763 (max 14.95), (true 706, predicted [733])
attack: step 4/10, xent loss = 5.3328, l2 loss = 11.6317 (max 14.95), (true 706, predicted [863])
attack: step 5/10, xent loss = 6.06612, l2 loss = 12.2114 (max 14.95), (true 706, predicted [733])
attack: step 6/10, xent loss = 5.10424, l2 loss = 12.5167 (max 14.95), (true 706, predicted [733])
attack: step 7/10, xent loss = 6.368, l2 loss = 13.1457 (max 14.95), (true 706, predicted [733])
attack: step 8/10, xent loss = 7.44147, l2 loss = 13.7821 (max 14.95), (true 706, predicted [733])
attack: step 9/10, xent loss = 7.70942, l2 loss = 14.3671 (max 14.95), (true 706, predicted [863])
attack: step 10/10, xent loss = 8.30974, l2 loss = 14.9786 (max 14.95), (true 706, predicted [863])
check failed
true = 706, adv = 733
evaluating 486 of [480, 490)
attack: step 1/10, xent loss = 12.493, l2 loss = 18.6481 (max 14.95), (true 385, predicted [728])
attack: step 2/10, xent loss = 12.521, l2 loss = 20.4855 (max 14.95), (true 385, predicted [728])
attack: step 3/10, xent loss = 14.2342, l2 loss = 22.0192 (max 14.95), (true 385, predicted [728])
attack: step 4/10, xent loss = 14.8401, l2 loss = 23.7113 (max 14.95), (true 385, predicted [728])
attack: step 5/10, xent loss = 16.4171, l2 loss = 24.6309 (max 14.95), (true 385, predicted [728])
attack: step 6/10, xent loss = 14.5776, l2 loss = 25.7137 (max 14.95), (true 385, predicted [728])
attack: step 7/10, xent loss = 18.1986, l2 loss = 26.9838 (max 14.95), (true 385, predicted [728])
attack: step 8/10, xent loss = 19.8853, l2 loss = 28.1487 (max 14.95), (true 385, predicted [728])
attack: step 9/10, xent loss = 18.2354, l2 loss = 29.5383 (max 14.95), (true 385, predicted [728])
attack: step 10/10, xent loss = 17.3479, l2 loss = 30.3679 (max 14.95), (true 385, predicted [728])
check failed
true = 385, adv = 728
evaluating 487 of [480, 490)
attack: step 1/10, xent loss = 14.8872, l2 loss = 17.6135 (max 14.95), (true 431, predicted [575])
attack: step 2/10, xent loss = 14.6229, l2 loss = 18.5552 (max 14.95), (true 431, predicted [575])
attack: step 3/10, xent loss = 14.4104, l2 loss = 19.678 (max 14.95), (true 431, predicted [575])
attack: step 4/10, xent loss = 15.7782, l2 loss = 21.0231 (max 14.95), (true 431, predicted [575])
attack: step 5/10, xent loss = 14.2001, l2 loss = 22.2874 (max 14.95), (true 431, predicted [575])
attack: step 6/10, xent loss = 15.5264, l2 loss = 23.3596 (max 14.95), (true 431, predicted [575])
attack: step 7/10, xent loss = 19.9203, l2 loss = 24.0974 (max 14.95), (true 431, predicted [575])
attack: step 8/10, xent loss = 20.5341, l2 loss = 25.1352 (max 14.95), (true 431, predicted [575])
attack: step 9/10, xent loss = 18.8024, l2 loss = 26.1691 (max 14.95), (true 431, predicted [575])
attack: step 10/10, xent loss = 17.6934, l2 loss = 27.3361 (max 14.95), (true 431, predicted [575])
check failed
true = 431, adv = 575
evaluating 488 of [480, 490)
attack: step 1/10, xent loss = 10.4065, l2 loss = 15.681 (max 14.95), (true 406, predicted [663])
attack: step 2/10, xent loss = 10.5349, l2 loss = 16.8524 (max 14.95), (true 406, predicted [663])
attack: step 3/10, xent loss = 11.3898, l2 loss = 17.8867 (max 14.95), (true 406, predicted [663])
attack: step 4/10, xent loss = 12.9511, l2 loss = 18.7339 (max 14.95), (true 406, predicted [663])
attack: step 5/10, xent loss = 11.5808, l2 loss = 19.9946 (max 14.95), (true 406, predicted [663])
attack: step 6/10, xent loss = 12.4986, l2 loss = 21.0188 (max 14.95), (true 406, predicted [663])
attack: step 7/10, xent loss = 13.3375, l2 loss = 21.9886 (max 14.95), (true 406, predicted [663])
attack: step 8/10, xent loss = 14.1506, l2 loss = 22.6529 (max 14.95), (true 406, predicted [663])
attack: step 9/10, xent loss = 12.8465, l2 loss = 23.2772 (max 14.95), (true 406, predicted [663])
attack: step 10/10, xent loss = 13.4938, l2 loss = 24.4229 (max 14.95), (true 406, predicted [663])
check failed
true = 406, adv = 663
evaluating 489 of [480, 490)
attack: step 1/10, xent loss = 9.24611, l2 loss = 16.4418 (max 14.95), (true 593, predicted [552])
attack: step 2/10, xent loss = 10.4498, l2 loss = 17.0414 (max 14.95), (true 593, predicted [728])
attack: step 3/10, xent loss = 10.6781, l2 loss = 17.5637 (max 14.95), (true 593, predicted [728])
attack: step 4/10, xent loss = 11.6774, l2 loss = 18.1429 (max 14.95), (true 593, predicted [643])
attack: step 5/10, xent loss = 11.2524, l2 loss = 18.9298 (max 14.95), (true 593, predicted [728])
attack: step 6/10, xent loss = 12.3976, l2 loss = 19.5242 (max 14.95), (true 593, predicted [728])
attack: step 7/10, xent loss = 19.0331, l2 loss = 21.2898 (max 14.95), (true 593, predicted [728])
attack: step 8/10, xent loss = 19.2014, l2 loss = 23.2768 (max 14.95), (true 593, predicted [728])
attack: step 9/10, xent loss = 17.2511, l2 loss = 24.6627 (max 14.95), (true 593, predicted [728])
attack: step 10/10, xent loss = 26.3547, l2 loss = 26.3434 (max 14.95), (true 593, predicted [728])
check failed
true = 593, adv = 728
