2019-06-06 00:07:13.915964: I tensorflow/core/platform/cpu_feature_guard.cc:141] Your CPU supports instructions that this TensorFlow binary was not compiled to use: SSE4.1 SSE4.2 AVX AVX2 FMA
2019-06-06 00:07:15.023046: I tensorflow/core/platform/profile_utils/cpu_utils.cc:94] CPU Frequency: 2600155000 Hz
2019-06-06 00:07:15.038215: I tensorflow/compiler/xla/service/service.cc:150] XLA service 0x2aaae6bbfe60 executing computations on platform Host. Devices:
2019-06-06 00:07:15.038259: I tensorflow/compiler/xla/service/service.cc:158]   StreamExecutor device (0): <undefined>, <undefined>
2019-06-06 00:07:15.038604: I tensorflow/core/common_runtime/process_util.cc:71] Creating new thread pool with default inter op setting: 2. Tune using inter_op_parallelism_threads for best performance.
evaluating 660 of [660, 670)
attack: step 1/10, xent loss = 2.72939, l2 loss = 0 (max 14.95), (true 696, predicted [696])
attack: step 2/10, xent loss = 5.38047, l2 loss = 4.872 (max 14.95), (true 696, predicted [107])
attack: step 3/10, xent loss = 6.00821, l2 loss = 6.30436 (max 14.95), (true 696, predicted [827])
attack: step 4/10, xent loss = 5.33252, l2 loss = 7.34662 (max 14.95), (true 696, predicted [107])
attack: step 5/10, xent loss = 6.59876, l2 loss = 8.40425 (max 14.95), (true 696, predicted [107])
attack: step 6/10, xent loss = 6.72846, l2 loss = 9.17173 (max 14.95), (true 696, predicted [107])
attack: step 7/10, xent loss = 7.0731, l2 loss = 9.58656 (max 14.95), (true 696, predicted [107])
attack: step 8/10, xent loss = 7.42158, l2 loss = 10.1848 (max 14.95), (true 696, predicted [107])
attack: step 9/10, xent loss = 7.70593, l2 loss = 10.5203 (max 14.95), (true 696, predicted [107])
attack: step 10/10, xent loss = 7.03298, l2 loss = 10.8046 (max 14.95), (true 696, predicted [107])
true = 696, adv = 107
evaluating 661 of [660, 670)
attack: step 1/10, xent loss = 5.9884, l2 loss = 0 (max 14.95), (true 900, predicted [520])
attack: step 2/10, xent loss = 7.8808, l2 loss = 6.45121 (max 14.95), (true 900, predicted [520])
attack: step 3/10, xent loss = 7.72652, l2 loss = 8.15017 (max 14.95), (true 900, predicted [999])
attack: step 4/10, xent loss = 8.57805, l2 loss = 11.1614 (max 14.95), (true 900, predicted [999])
attack: step 5/10, xent loss = 9.35312, l2 loss = 13.5299 (max 14.95), (true 900, predicted [999])
attack: step 6/10, xent loss = 8.20322, l2 loss = 16.558 (max 14.95), (true 900, predicted [999])
attack: step 7/10, xent loss = 11.0554, l2 loss = 18.1535 (max 14.95), (true 900, predicted [999])
attack: step 8/10, xent loss = 9.78235, l2 loss = 20.4275 (max 14.95), (true 900, predicted [999])
attack: step 9/10, xent loss = 14.808, l2 loss = 21.336 (max 14.95), (true 900, predicted [999])
attack: step 10/10, xent loss = 15.2182, l2 loss = 24.6542 (max 14.95), (true 900, predicted [999])
check failed
true = 900, adv = 999
evaluating 662 of [660, 670)
attack: step 1/10, xent loss = 6.61666, l2 loss = 0 (max 14.95), (true 910, predicted [728])
attack: step 2/10, xent loss = 7.26515, l2 loss = 2.95238 (max 14.95), (true 910, predicted [728])
attack: step 3/10, xent loss = 7.40289, l2 loss = 4.09463 (max 14.95), (true 910, predicted [728])
attack: step 4/10, xent loss = 5.77929, l2 loss = 5.01448 (max 14.95), (true 910, predicted [478])
attack: step 5/10, xent loss = 7.65422, l2 loss = 5.85157 (max 14.95), (true 910, predicted [728])
attack: step 6/10, xent loss = 6.60406, l2 loss = 6.86525 (max 14.95), (true 910, predicted [601])
attack: step 7/10, xent loss = 6.69441, l2 loss = 7.27631 (max 14.95), (true 910, predicted [728])
attack: step 8/10, xent loss = 7.89527, l2 loss = 7.88957 (max 14.95), (true 910, predicted [728])
attack: step 9/10, xent loss = 7.38104, l2 loss = 8.20998 (max 14.95), (true 910, predicted [728])
attack: step 10/10, xent loss = 7.76567, l2 loss = 8.80413 (max 14.95), (true 910, predicted [728])
true = 910, adv = 728
evaluating 663 of [660, 670)
attack: step 1/10, xent loss = 0.719652, l2 loss = 0 (max 14.95), (true 871, predicted [871])
attack: step 2/10, xent loss = 1.44825, l2 loss = 1.3554 (max 14.95), (true 871, predicted [484])
attack: step 3/10, xent loss = 1.35612, l2 loss = 2.49294 (max 14.95), (true 871, predicted [484])
attack: step 4/10, xent loss = 1.47872, l2 loss = 3.03424 (max 14.95), (true 871, predicted [484])
attack: step 5/10, xent loss = 1.3638, l2 loss = 3.7408 (max 14.95), (true 871, predicted [484])
attack: step 6/10, xent loss = 1.94467, l2 loss = 4.4338 (max 14.95), (true 871, predicted [484])
attack: step 7/10, xent loss = 1.68254, l2 loss = 5.06721 (max 14.95), (true 871, predicted [484])
attack: step 8/10, xent loss = 0.999032, l2 loss = 5.35774 (max 14.95), (true 871, predicted [484])
attack: step 9/10, xent loss = 1.36644, l2 loss = 5.61644 (max 14.95), (true 871, predicted [484])
attack: step 10/10, xent loss = 1.18169, l2 loss = 5.94822 (max 14.95), (true 871, predicted [484])
true = 871, adv = 484
evaluating 664 of [660, 670)
attack: step 1/10, xent loss = 9.12132, l2 loss = 0 (max 14.95), (true 27, predicted [669])
attack: step 2/10, xent loss = 9.52337, l2 loss = 3.66484 (max 14.95), (true 27, predicted [478])
attack: step 3/10, xent loss = 10.3569, l2 loss = 5.76881 (max 14.95), (true 27, predicted [793])
attack: step 4/10, xent loss = 9.76896, l2 loss = 8.58362 (max 14.95), (true 27, predicted [793])
attack: step 5/10, xent loss = 10.4956, l2 loss = 10.8126 (max 14.95), (true 27, predicted [793])
attack: step 6/10, xent loss = 16.5734, l2 loss = 14.6106 (max 14.95), (true 27, predicted [793])
attack: step 7/10, xent loss = 10.4128, l2 loss = 21.1539 (max 14.95), (true 27, predicted [793])
attack: step 8/10, xent loss = 14.683, l2 loss = 22.8955 (max 14.95), (true 27, predicted [793])
attack: step 9/10, xent loss = 12.6111, l2 loss = 25.8399 (max 14.95), (true 27, predicted [793])
attack: step 10/10, xent loss = 11.1807, l2 loss = 28.0475 (max 14.95), (true 27, predicted [793])
check failed
true = 27, adv = 793
evaluating 665 of [660, 670)
attack: step 1/10, xent loss = 8.17575, l2 loss = 0 (max 14.95), (true 342, predicted [999])
attack: step 2/10, xent loss = 8.09716, l2 loss = 2.2126 (max 14.95), (true 342, predicted [750])
attack: step 3/10, xent loss = 8.93644, l2 loss = 3.02123 (max 14.95), (true 342, predicted [509])
attack: step 4/10, xent loss = 9.22687, l2 loss = 3.7724 (max 14.95), (true 342, predicted [750])
attack: step 5/10, xent loss = 8.20321, l2 loss = 4.32831 (max 14.95), (true 342, predicted [750])
attack: step 6/10, xent loss = 8.57141, l2 loss = 4.76832 (max 14.95), (true 342, predicted [509])
attack: step 7/10, xent loss = 8.75517, l2 loss = 5.17142 (max 14.95), (true 342, predicted [509])
attack: step 8/10, xent loss = 8.31915, l2 loss = 5.70259 (max 14.95), (true 342, predicted [509])
attack: step 9/10, xent loss = 8.21556, l2 loss = 6.18402 (max 14.95), (true 342, predicted [463])
attack: step 10/10, xent loss = 9.25777, l2 loss = 6.52655 (max 14.95), (true 342, predicted [999])
true = 342, adv = 509
evaluating 666 of [660, 670)
attack: step 1/10, xent loss = 3.03943, l2 loss = 0 (max 14.95), (true 927, predicted [728])
attack: step 2/10, xent loss = 6.14615, l2 loss = 9.88301 (max 14.95), (true 927, predicted [728])
attack: step 3/10, xent loss = 6.24349, l2 loss = 14.6297 (max 14.95), (true 927, predicted [728])
attack: step 4/10, xent loss = 8.62458, l2 loss = 16.6236 (max 14.95), (true 927, predicted [728])
attack: step 5/10, xent loss = 11.0962, l2 loss = 18.4588 (max 14.95), (true 927, predicted [728])
attack: step 6/10, xent loss = 7.21946, l2 loss = 21.0793 (max 14.95), (true 927, predicted [728])
attack: step 7/10, xent loss = 11.017, l2 loss = 21.8938 (max 14.95), (true 927, predicted [728])
attack: step 8/10, xent loss = 8.12456, l2 loss = 24.4655 (max 14.95), (true 927, predicted [728])
attack: step 9/10, xent loss = 8.71328, l2 loss = 25.4379 (max 14.95), (true 927, predicted [728])
attack: step 10/10, xent loss = 10.5168, l2 loss = 26.2836 (max 14.95), (true 927, predicted [728])
check failed
true = 927, adv = 728
evaluating 667 of [660, 670)
attack: step 1/10, xent loss = 6.42841, l2 loss = 0 (max 14.95), (true 594, predicted [728])
attack: step 2/10, xent loss = 6.8281, l2 loss = 3.90711 (max 14.95), (true 594, predicted [607])
attack: step 3/10, xent loss = 6.5357, l2 loss = 4.45505 (max 14.95), (true 594, predicted [672])
attack: step 4/10, xent loss = 6.64404, l2 loss = 4.96494 (max 14.95), (true 594, predicted [728])
attack: step 5/10, xent loss = 6.5574, l2 loss = 5.23762 (max 14.95), (true 594, predicted [501])
attack: step 6/10, xent loss = 8.57517, l2 loss = 5.717 (max 14.95), (true 594, predicted [728])
attack: step 7/10, xent loss = 7.99127, l2 loss = 6.2907 (max 14.95), (true 594, predicted [728])
attack: step 8/10, xent loss = 6.95166, l2 loss = 7.11763 (max 14.95), (true 594, predicted [728])
attack: step 9/10, xent loss = 7.05821, l2 loss = 7.85375 (max 14.95), (true 594, predicted [728])
attack: step 10/10, xent loss = 7.8937, l2 loss = 8.04026 (max 14.95), (true 594, predicted [728])
true = 594, adv = 728
evaluating 668 of [660, 670)
attack: step 1/10, xent loss = 0.405023, l2 loss = 0 (max 14.95), (true 31, predicted [31])
attack: step 2/10, xent loss = 0.623937, l2 loss = 0.940302 (max 14.95), (true 31, predicted [31])
attack: step 3/10, xent loss = 0.595809, l2 loss = 1.54321 (max 14.95), (true 31, predicted [31])
attack: step 4/10, xent loss = 0.546979, l2 loss = 2.07613 (max 14.95), (true 31, predicted [31])
attack: step 5/10, xent loss = 2.08038, l2 loss = 2.50222 (max 14.95), (true 31, predicted [1])
attack: step 6/10, xent loss = 2.08365, l2 loss = 5.44664 (max 14.95), (true 31, predicted [1])
attack: step 7/10, xent loss = 3.13074, l2 loss = 7.46305 (max 14.95), (true 31, predicted [1])
attack: step 8/10, xent loss = 4.08447, l2 loss = 11.0306 (max 14.95), (true 31, predicted [1])
attack: step 9/10, xent loss = 4.26176, l2 loss = 13.6974 (max 14.95), (true 31, predicted [1])
attack: step 10/10, xent loss = 8.10942, l2 loss = 15.9208 (max 14.95), (true 31, predicted [1])
check failed
true = 31, adv = 1
evaluating 669 of [660, 670)
attack: step 1/10, xent loss = 0.00845791, l2 loss = 0 (max 14.95), (true 604, predicted [604])
attack: step 2/10, xent loss = 0.0183197, l2 loss = 0.0192605 (max 14.95), (true 604, predicted [604])
attack: step 3/10, xent loss = 0.00669522, l2 loss = 0.0514404 (max 14.95), (true 604, predicted [604])
attack: step 4/10, xent loss = 0.0162878, l2 loss = 0.0539519 (max 14.95), (true 604, predicted [604])
attack: step 5/10, xent loss = 0.0153819, l2 loss = 0.0667633 (max 14.95), (true 604, predicted [604])
attack: step 6/10, xent loss = 0.0185123, l2 loss = 0.0759916 (max 14.95), (true 604, predicted [604])
attack: step 7/10, xent loss = 0.0115817, l2 loss = 0.0913706 (max 14.95), (true 604, predicted [604])
attack: step 8/10, xent loss = 0.00849822, l2 loss = 0.0948215 (max 14.95), (true 604, predicted [604])
attack: step 9/10, xent loss = 0.0267583, l2 loss = 0.0983324 (max 14.95), (true 604, predicted [604])
attack: step 10/10, xent loss = 0.016647, l2 loss = 0.121322 (max 14.95), (true 604, predicted [604])
true = 604, adv = 604
