2019-10-26 01:59:45.319436: I tensorflow/core/platform/cpu_feature_guard.cc:141] Your CPU supports instructions that this TensorFlow binary was not compiled to use: SSE4.1 SSE4.2 AVX AVX2 FMA
2019-10-26 01:59:45.328285: I tensorflow/core/platform/profile_utils/cpu_utils.cc:94] CPU Frequency: 2600160000 Hz
2019-10-26 01:59:45.328447: I tensorflow/compiler/xla/service/service.cc:150] XLA service 0x555559030250 executing computations on platform Host. Devices:
2019-10-26 01:59:45.328465: I tensorflow/compiler/xla/service/service.cc:158]   StreamExecutor device (0): <undefined>, <undefined>
2019-10-26 01:59:45.328687: I tensorflow/core/common_runtime/process_util.cc:71] Creating new thread pool with default inter op setting: 2. Tune using inter_op_parallelism_threads for best performance.
evaluating 150 of [150, 160)
attack: step 1/10, xent loss = 6.92066, l2 loss = 16.0415 (max 14.95), (true 874, predicted [408])
unbound attack returning early
check failed
true = 874, adv = 436
evaluating 151 of [150, 160)
attack: step 1/10, xent loss = 18.9289, l2 loss = 27.2155 (max 14.95), (true 153, predicted [229])
unbound attack returning early
check failed
true = 153, adv = 229
evaluating 152 of [150, 160)
attack: step 1/10, xent loss = 21.9134, l2 loss = 21.6125 (max 14.95), (true 440, predicted [898])
unbound attack returning early
check failed
true = 440, adv = 898
evaluating 153 of [150, 160)
attack: step 1/10, xent loss = 0.00708709, l2 loss = 0.0585117 (max 14.95), (true 604, predicted [604])
attack: step 2/10, xent loss = 0.00341594, l2 loss = 0.0609661 (max 14.95), (true 604, predicted [604])
attack: step 3/10, xent loss = 0.00624301, l2 loss = 0.0617737 (max 14.95), (true 604, predicted [604])
attack: step 4/10, xent loss = 0.00351941, l2 loss = 0.0635572 (max 14.95), (true 604, predicted [604])
attack: step 5/10, xent loss = 0.00861677, l2 loss = 0.0645578 (max 14.95), (true 604, predicted [604])
attack: step 6/10, xent loss = 0.00638907, l2 loss = 0.0678982 (max 14.95), (true 604, predicted [604])
attack: step 7/10, xent loss = 0.0053681, l2 loss = 0.0699371 (max 14.95), (true 604, predicted [604])
attack: step 8/10, xent loss = 0.00634323, l2 loss = 0.0715763 (max 14.95), (true 604, predicted [604])
attack: step 9/10, xent loss = 0.00857398, l2 loss = 0.0738057 (max 14.95), (true 604, predicted [604])
attack: step 10/10, xent loss = 0.00535969, l2 loss = 0.0772092 (max 14.95), (true 604, predicted [604])
true = 604, adv = 604
evaluating 154 of [150, 160)
attack: step 1/10, xent loss = 12.2205, l2 loss = 13.8095 (max 14.95), (true 90, predicted [643])
returning early
true = 90, adv = 643
evaluating 155 of [150, 160)
attack: step 1/10, xent loss = 21.3609, l2 loss = 36.3031 (max 14.95), (true 369, predicted [728])
unbound attack returning early
check failed
true = 369, adv = 728
evaluating 156 of [150, 160)
attack: step 1/10, xent loss = 43.9189, l2 loss = 43.4575 (max 14.95), (true 283, predicted [728])
unbound attack returning early
check failed
true = 283, adv = 728
evaluating 157 of [150, 160)
attack: step 1/10, xent loss = 5.98937, l2 loss = 10.931 (max 14.95), (true 241, predicted [238])
returning early
true = 241, adv = 238
evaluating 158 of [150, 160)
attack: step 1/10, xent loss = 19.006, l2 loss = 23.7589 (max 14.95), (true 785, predicted [903])
unbound attack returning early
check failed
true = 785, adv = 903
evaluating 159 of [150, 160)
attack: step 1/10, xent loss = 16.9336, l2 loss = 30.2242 (max 14.95), (true 332, predicted [161])
unbound attack returning early
check failed
true = 332, adv = 161
