2019-06-30 06:43:36.554718: I tensorflow/core/platform/cpu_feature_guard.cc:141] Your CPU supports instructions that this TensorFlow binary was not compiled to use: SSE4.1 SSE4.2 AVX AVX2 FMA
2019-06-30 06:43:37.007548: I tensorflow/core/platform/profile_utils/cpu_utils.cc:94] CPU Frequency: 2599900000 Hz
2019-06-30 06:43:37.033785: I tensorflow/compiler/xla/service/service.cc:150] XLA service 0x2aaae6ac0180 executing computations on platform Host. Devices:
2019-06-30 06:43:37.033826: I tensorflow/compiler/xla/service/service.cc:158]   StreamExecutor device (0): <undefined>, <undefined>
2019-06-30 06:43:37.034203: I tensorflow/core/common_runtime/process_util.cc:71] Creating new thread pool with default inter op setting: 2. Tune using inter_op_parallelism_threads for best performance.
evaluating 550 of [550, 560)
attack: step 1/10, xent loss = 11.468, l2 loss = 23.2289 (max 14.95), (true 913, predicted [728])
attack: step 2/10, xent loss = 10.8922, l2 loss = 24.7711 (max 14.95), (true 913, predicted [728])
attack: step 3/10, xent loss = 14.3788, l2 loss = 26.4532 (max 14.95), (true 913, predicted [728])
attack: step 4/10, xent loss = 12.9671, l2 loss = 27.6536 (max 14.95), (true 913, predicted [728])
attack: step 5/10, xent loss = 13.1261, l2 loss = 29.0302 (max 14.95), (true 913, predicted [728])
attack: step 6/10, xent loss = 13.6461, l2 loss = 30.5103 (max 14.95), (true 913, predicted [728])
attack: step 7/10, xent loss = 14.1272, l2 loss = 31.7473 (max 14.95), (true 913, predicted [728])
attack: step 8/10, xent loss = 14.7364, l2 loss = 32.7854 (max 14.95), (true 913, predicted [728])
attack: step 9/10, xent loss = 12.7855, l2 loss = 34.012 (max 14.95), (true 913, predicted [728])
attack: step 10/10, xent loss = 13.6957, l2 loss = 35.048 (max 14.95), (true 913, predicted [728])
check failed
true = 913, adv = 728
evaluating 551 of [550, 560)
attack: step 1/10, xent loss = 11.7025, l2 loss = 11.4471 (max 14.95), (true 730, predicted [984])
attack: step 2/10, xent loss = 9.64051, l2 loss = 11.8833 (max 14.95), (true 730, predicted [984])
attack: step 3/10, xent loss = 10.249, l2 loss = 12.9291 (max 14.95), (true 730, predicted [984])
attack: step 4/10, xent loss = 10.8618, l2 loss = 13.3022 (max 14.95), (true 730, predicted [984])
attack: step 5/10, xent loss = 10.7886, l2 loss = 13.7027 (max 14.95), (true 730, predicted [984])
attack: step 6/10, xent loss = 11.3246, l2 loss = 14.3304 (max 14.95), (true 730, predicted [984])
attack: step 7/10, xent loss = 12.4151, l2 loss = 14.7258 (max 14.95), (true 730, predicted [984])
attack: step 8/10, xent loss = 10.7366, l2 loss = 15.1205 (max 14.95), (true 730, predicted [984])
attack: step 9/10, xent loss = 11.0033, l2 loss = 15.6533 (max 14.95), (true 730, predicted [984])
attack: step 10/10, xent loss = 10.498, l2 loss = 16.3109 (max 14.95), (true 730, predicted [984])
check failed
true = 730, adv = 984
evaluating 552 of [550, 560)
attack: step 1/10, xent loss = 9.26052, l2 loss = 13.6083 (max 14.95), (true 295, predicted [728])
attack: step 2/10, xent loss = 10.9427, l2 loss = 14.1704 (max 14.95), (true 295, predicted [728])
attack: step 3/10, xent loss = 9.01506, l2 loss = 15.3223 (max 14.95), (true 295, predicted [728])
attack: step 4/10, xent loss = 9.87072, l2 loss = 15.6635 (max 14.95), (true 295, predicted [728])
attack: step 5/10, xent loss = 9.96928, l2 loss = 16.0053 (max 14.95), (true 295, predicted [728])
attack: step 6/10, xent loss = 10.7706, l2 loss = 16.9038 (max 14.95), (true 295, predicted [728])
attack: step 7/10, xent loss = 11.8891, l2 loss = 17.5445 (max 14.95), (true 295, predicted [728])
attack: step 8/10, xent loss = 11.8663, l2 loss = 19.1198 (max 14.95), (true 295, predicted [728])
attack: step 9/10, xent loss = 10.1931, l2 loss = 20.2866 (max 14.95), (true 295, predicted [728])
attack: step 10/10, xent loss = 12.9405, l2 loss = 20.7872 (max 14.95), (true 295, predicted [728])
check failed
true = 295, adv = 728
evaluating 553 of [550, 560)
attack: step 1/10, xent loss = 5.16049, l2 loss = 17.495 (max 14.95), (true 354, predicted [672])
attack: step 2/10, xent loss = 8.17522, l2 loss = 18.5547 (max 14.95), (true 354, predicted [672])
attack: step 3/10, xent loss = 5.74242, l2 loss = 19.8361 (max 14.95), (true 354, predicted [672])
attack: step 4/10, xent loss = 5.6147, l2 loss = 20.6586 (max 14.95), (true 354, predicted [672])
attack: step 5/10, xent loss = 6.94356, l2 loss = 21.4933 (max 14.95), (true 354, predicted [672])
attack: step 6/10, xent loss = 9.17252, l2 loss = 22.639 (max 14.95), (true 354, predicted [672])
attack: step 7/10, xent loss = 8.18762, l2 loss = 23.4555 (max 14.95), (true 354, predicted [672])
attack: step 8/10, xent loss = 9.28997, l2 loss = 24.1312 (max 14.95), (true 354, predicted [672])
attack: step 9/10, xent loss = 9.59403, l2 loss = 24.7898 (max 14.95), (true 354, predicted [672])
attack: step 10/10, xent loss = 10.2117, l2 loss = 25.4769 (max 14.95), (true 354, predicted [672])
check failed
true = 354, adv = 672
evaluating 554 of [550, 560)
attack: step 1/10, xent loss = 8.16818, l2 loss = 4.8417 (max 14.95), (true 938, predicted [723])
attack: step 2/10, xent loss = 8.20833, l2 loss = 5.08123 (max 14.95), (true 938, predicted [723])
attack: step 3/10, xent loss = 7.89074, l2 loss = 5.2863 (max 14.95), (true 938, predicted [723])
attack: step 4/10, xent loss = 8.70285, l2 loss = 5.51413 (max 14.95), (true 938, predicted [723])
attack: step 5/10, xent loss = 7.83822, l2 loss = 5.77653 (max 14.95), (true 938, predicted [723])
attack: step 6/10, xent loss = 7.95081, l2 loss = 5.99645 (max 14.95), (true 938, predicted [723])
attack: step 7/10, xent loss = 8.06127, l2 loss = 6.21065 (max 14.95), (true 938, predicted [723])
attack: step 8/10, xent loss = 7.5122, l2 loss = 6.41596 (max 14.95), (true 938, predicted [723])
attack: step 9/10, xent loss = 8.18514, l2 loss = 6.60059 (max 14.95), (true 938, predicted [723])
attack: step 10/10, xent loss = 8.13927, l2 loss = 6.83368 (max 14.95), (true 938, predicted [723])
true = 938, adv = 723
evaluating 555 of [550, 560)
attack: step 1/10, xent loss = 9.40275, l2 loss = 21.0154 (max 14.95), (true 455, predicted [728])
attack: step 2/10, xent loss = 12.737, l2 loss = 21.4176 (max 14.95), (true 455, predicted [728])
attack: step 3/10, xent loss = 13.7079, l2 loss = 22.9669 (max 14.95), (true 455, predicted [728])
attack: step 4/10, xent loss = 15.1701, l2 loss = 24.4285 (max 14.95), (true 455, predicted [728])
attack: step 5/10, xent loss = 10.9472, l2 loss = 25.6452 (max 14.95), (true 455, predicted [728])
attack: step 6/10, xent loss = 15.9174, l2 loss = 26.5197 (max 14.95), (true 455, predicted [728])
attack: step 7/10, xent loss = 11.7014, l2 loss = 27.9604 (max 14.95), (true 455, predicted [728])
attack: step 8/10, xent loss = 14.7148, l2 loss = 28.8749 (max 14.95), (true 455, predicted [728])
attack: step 9/10, xent loss = 15.2375, l2 loss = 30.0729 (max 14.95), (true 455, predicted [728])
attack: step 10/10, xent loss = 13.2813, l2 loss = 31.5213 (max 14.95), (true 455, predicted [728])
check failed
true = 455, adv = 728
evaluating 556 of [550, 560)
attack: step 1/10, xent loss = 4.60485, l2 loss = 25.506 (max 14.95), (true 443, predicted [728])
attack: step 2/10, xent loss = 7.97903, l2 loss = 26.9605 (max 14.95), (true 443, predicted [728])
attack: step 3/10, xent loss = 6.25049, l2 loss = 28.2095 (max 14.95), (true 443, predicted [728])
attack: step 4/10, xent loss = 5.91901, l2 loss = 29.6543 (max 14.95), (true 443, predicted [728])
attack: step 5/10, xent loss = 4.94923, l2 loss = 30.8936 (max 14.95), (true 443, predicted [728])
attack: step 6/10, xent loss = 5.02676, l2 loss = 32.1556 (max 14.95), (true 443, predicted [728])
attack: step 7/10, xent loss = 7.19644, l2 loss = 33.0759 (max 14.95), (true 443, predicted [728])
attack: step 8/10, xent loss = 4.16767, l2 loss = 33.5722 (max 14.95), (true 443, predicted [790])
attack: step 9/10, xent loss = 8.46947, l2 loss = 33.912 (max 14.95), (true 443, predicted [728])
attack: step 10/10, xent loss = 6.94749, l2 loss = 35.425 (max 14.95), (true 443, predicted [728])
check failed
true = 443, adv = 728
evaluating 557 of [550, 560)
attack: step 1/10, xent loss = 8.93367, l2 loss = 8.68948 (max 14.95), (true 941, predicted [971])
attack: step 2/10, xent loss = 9.4191, l2 loss = 9.79613 (max 14.95), (true 941, predicted [971])
attack: step 3/10, xent loss = 8.65414, l2 loss = 10.4832 (max 14.95), (true 941, predicted [971])
attack: step 4/10, xent loss = 8.72786, l2 loss = 10.6993 (max 14.95), (true 941, predicted [971])
attack: step 5/10, xent loss = 8.47278, l2 loss = 10.9707 (max 14.95), (true 941, predicted [971])
attack: step 6/10, xent loss = 9.13728, l2 loss = 11.5401 (max 14.95), (true 941, predicted [971])
attack: step 7/10, xent loss = 8.94252, l2 loss = 11.8245 (max 14.95), (true 941, predicted [971])
attack: step 8/10, xent loss = 9.91758, l2 loss = 12.1446 (max 14.95), (true 941, predicted [971])
attack: step 9/10, xent loss = 9.69107, l2 loss = 12.6672 (max 14.95), (true 941, predicted [971])
attack: step 10/10, xent loss = 9.45562, l2 loss = 13.2593 (max 14.95), (true 941, predicted [633])
true = 941, adv = 971
evaluating 558 of [550, 560)
attack: step 1/10, xent loss = 9.91553, l2 loss = 22.1472 (max 14.95), (true 648, predicted [879])
attack: step 2/10, xent loss = 14.4581, l2 loss = 23.1757 (max 14.95), (true 648, predicted [879])
attack: step 3/10, xent loss = 11.0612, l2 loss = 24.5865 (max 14.95), (true 648, predicted [879])
attack: step 4/10, xent loss = 12.1993, l2 loss = 25.5027 (max 14.95), (true 648, predicted [879])
attack: step 5/10, xent loss = 14.3305, l2 loss = 27.0014 (max 14.95), (true 648, predicted [879])
attack: step 6/10, xent loss = 14.9616, l2 loss = 28.4909 (max 14.95), (true 648, predicted [879])
attack: step 7/10, xent loss = 13.3282, l2 loss = 30.0999 (max 14.95), (true 648, predicted [879])
attack: step 8/10, xent loss = 13.5874, l2 loss = 31.321 (max 14.95), (true 648, predicted [879])
attack: step 9/10, xent loss = 16.713, l2 loss = 32.7847 (max 14.95), (true 648, predicted [879])
attack: step 10/10, xent loss = 13.8897, l2 loss = 33.9603 (max 14.95), (true 648, predicted [879])
check failed
true = 648, adv = 879
evaluating 559 of [550, 560)
attack: step 1/10, xent loss = 15.2517, l2 loss = 28.0416 (max 14.95), (true 923, predicted [728])
attack: step 2/10, xent loss = 14.0756, l2 loss = 29.4011 (max 14.95), (true 923, predicted [728])
attack: step 3/10, xent loss = 12.8681, l2 loss = 30.6471 (max 14.95), (true 923, predicted [728])
attack: step 4/10, xent loss = 15.3478, l2 loss = 31.9844 (max 14.95), (true 923, predicted [728])
attack: step 5/10, xent loss = 13.9894, l2 loss = 33.101 (max 14.95), (true 923, predicted [728])
attack: step 6/10, xent loss = 17.7136, l2 loss = 34.0915 (max 14.95), (true 923, predicted [728])
attack: step 7/10, xent loss = 19.2216, l2 loss = 35.1971 (max 14.95), (true 923, predicted [728])
attack: step 8/10, xent loss = 16.891, l2 loss = 35.9327 (max 14.95), (true 923, predicted [728])
attack: step 9/10, xent loss = 21.6675, l2 loss = 36.7653 (max 14.95), (true 923, predicted [728])
attack: step 10/10, xent loss = 18.1374, l2 loss = 37.6133 (max 14.95), (true 923, predicted [728])
check failed
true = 923, adv = 728
