2019-10-27 14:17:44.097925: I tensorflow/core/platform/cpu_feature_guard.cc:141] Your CPU supports instructions that this TensorFlow binary was not compiled to use: SSE4.1 SSE4.2 AVX AVX2 FMA
2019-10-27 14:17:44.107451: I tensorflow/core/platform/profile_utils/cpu_utils.cc:94] CPU Frequency: 2600030000 Hz
2019-10-27 14:17:44.107624: I tensorflow/compiler/xla/service/service.cc:150] XLA service 0x2aaae6bcaeb0 executing computations on platform Host. Devices:
2019-10-27 14:17:44.107650: I tensorflow/compiler/xla/service/service.cc:158]   StreamExecutor device (0): <undefined>, <undefined>
2019-10-27 14:17:44.108254: I tensorflow/core/common_runtime/process_util.cc:71] Creating new thread pool with default inter op setting: 2. Tune using inter_op_parallelism_threads for best performance.
evaluating 970 of [970, 980)
attack: step 1/10, xent loss = 8.59171, l2 loss = 18.1985 (max 14.95), (true 702, predicted [817])
unbound attack returning early
check failed
true = 702, adv = 751
evaluating 971 of [970, 980)
attack: step 1/10, xent loss = 17.2552, l2 loss = 33.827 (max 14.95), (true 190, predicted [728])
unbound attack returning early
check failed
true = 190, adv = 728
evaluating 972 of [970, 980)
attack: step 1/10, xent loss = 5.69711, l2 loss = 16.6876 (max 14.95), (true 542, predicted [879])
unbound attack returning early
check failed
true = 542, adv = 728
evaluating 973 of [970, 980)
attack: step 1/10, xent loss = 21.1554, l2 loss = 35.351 (max 14.95), (true 843, predicted [728])
unbound attack returning early
check failed
true = 843, adv = 728
evaluating 974 of [970, 980)
attack: step 1/10, xent loss = 14.1021, l2 loss = 27.623 (max 14.95), (true 373, predicted [728])
unbound attack returning early
check failed
true = 373, adv = 728
evaluating 975 of [970, 980)
attack: step 1/10, xent loss = 8.2748, l2 loss = 23.6813 (max 14.95), (true 906, predicted [452])
unbound attack returning early
check failed
true = 906, adv = 452
evaluating 976 of [970, 980)
attack: step 1/10, xent loss = 7.57932, l2 loss = 10.6539 (max 14.95), (true 842, predicted [728])
returning early
true = 842, adv = 723
evaluating 977 of [970, 980)
attack: step 1/10, xent loss = 11.2887, l2 loss = 18.0946 (max 14.95), (true 242, predicted [723])
unbound attack returning early
check failed
true = 242, adv = 723
evaluating 978 of [970, 980)
attack: step 1/10, xent loss = 9.87681, l2 loss = 38.5723 (max 14.95), (true 619, predicted [728])
unbound attack returning early
check failed
true = 619, adv = 728
evaluating 979 of [970, 980)
attack: step 1/10, xent loss = 8.01097, l2 loss = 9.8542 (max 14.95), (true 991, predicted [728])
returning early
true = 991, adv = 793
