2019-10-26 08:00:57.559315: I tensorflow/core/platform/cpu_feature_guard.cc:141] Your CPU supports instructions that this TensorFlow binary was not compiled to use: SSE4.1 SSE4.2 AVX AVX2 FMA
2019-10-26 08:00:57.568787: I tensorflow/core/platform/profile_utils/cpu_utils.cc:94] CPU Frequency: 2599995000 Hz
2019-10-26 08:00:57.569016: I tensorflow/compiler/xla/service/service.cc:150] XLA service 0x55555902f340 executing computations on platform Host. Devices:
2019-10-26 08:00:57.569049: I tensorflow/compiler/xla/service/service.cc:158]   StreamExecutor device (0): <undefined>, <undefined>
2019-10-26 08:00:57.569408: I tensorflow/core/common_runtime/process_util.cc:71] Creating new thread pool with default inter op setting: 2. Tune using inter_op_parallelism_threads for best performance.
evaluating 50 of [50, 60)
attack: step 1/10, xent loss = 13.0098, l2 loss = 19.0595 (max 14.95), (true 211, predicted [209])
unbound attack returning early
check failed
true = 211, adv = 209
evaluating 51 of [50, 60)
attack: step 1/10, xent loss = 9.53591, l2 loss = 20.1334 (max 14.95), (true 310, predicted [71])
unbound attack returning early
check failed
true = 310, adv = 71
evaluating 52 of [50, 60)
attack: step 1/10, xent loss = 5.45363, l2 loss = 17.563 (max 14.95), (true 809, predicted [967])
unbound attack returning early
check failed
true = 809, adv = 967
evaluating 53 of [50, 60)
attack: step 1/10, xent loss = 16.0247, l2 loss = 23.2526 (max 14.95), (true 978, predicted [693])
unbound attack returning early
check failed
true = 978, adv = 693
evaluating 54 of [50, 60)
attack: step 1/10, xent loss = 12.0127, l2 loss = 20.6044 (max 14.95), (true 819, predicted [689])
unbound attack returning early
check failed
true = 819, adv = 689
evaluating 55 of [50, 60)
attack: step 1/10, xent loss = 26.0511, l2 loss = 29.6941 (max 14.95), (true 590, predicted [728])
unbound attack returning early
check failed
true = 590, adv = 728
evaluating 56 of [50, 60)
attack: step 1/10, xent loss = 38.7489, l2 loss = 31.074 (max 14.95), (true 181, predicted [728])
unbound attack returning early
check failed
true = 181, adv = 728
evaluating 57 of [50, 60)
attack: step 1/10, xent loss = 9.93543, l2 loss = 15.7125 (max 14.95), (true 141, predicted [139])
unbound attack returning early
check failed
true = 141, adv = 139
evaluating 58 of [50, 60)
attack: step 1/10, xent loss = 14.7882, l2 loss = 22.2581 (max 14.95), (true 391, predicted [795])
unbound attack returning early
check failed
true = 391, adv = 795
evaluating 59 of [50, 60)
attack: step 1/10, xent loss = 24.9242, l2 loss = 26.5032 (max 14.95), (true 352, predicted [728])
unbound attack returning early
check failed
true = 352, adv = 728
