2019-06-27 14:33:25.724837: I tensorflow/core/platform/cpu_feature_guard.cc:141] Your CPU supports instructions that this TensorFlow binary was not compiled to use: SSE4.1 SSE4.2 AVX AVX2 FMA
2019-06-27 14:33:25.951949: I tensorflow/core/platform/profile_utils/cpu_utils.cc:94] CPU Frequency: 2599950000 Hz
2019-06-27 14:33:25.952972: I tensorflow/compiler/xla/service/service.cc:150] XLA service 0x2aaae6d49cd0 executing computations on platform Host. Devices:
2019-06-27 14:33:25.953071: I tensorflow/compiler/xla/service/service.cc:158]   StreamExecutor device (0): <undefined>, <undefined>
2019-06-27 14:33:25.954197: I tensorflow/core/common_runtime/process_util.cc:71] Creating new thread pool with default inter op setting: 2. Tune using inter_op_parallelism_threads for best performance.
evaluating 100 of [100, 110)
attack: step 1/10, xent loss = 11.6672, l2 loss = 16.3798 (max 14.95), (true 611, predicted [788])
attack: step 2/10, xent loss = 12.8758, l2 loss = 17.4214 (max 14.95), (true 611, predicted [788])
attack: step 3/10, xent loss = 13.4878, l2 loss = 18.1968 (max 14.95), (true 611, predicted [788])
attack: step 4/10, xent loss = 13.0919, l2 loss = 19.0042 (max 14.95), (true 611, predicted [788])
attack: step 5/10, xent loss = 13.7036, l2 loss = 19.6621 (max 14.95), (true 611, predicted [788])
attack: step 6/10, xent loss = 15.4604, l2 loss = 20.3488 (max 14.95), (true 611, predicted [788])
attack: step 7/10, xent loss = 17.6681, l2 loss = 21.1256 (max 14.95), (true 611, predicted [788])
attack: step 8/10, xent loss = 17.4833, l2 loss = 21.9376 (max 14.95), (true 611, predicted [788])
attack: step 9/10, xent loss = 16.9124, l2 loss = 22.6753 (max 14.95), (true 611, predicted [788])
attack: step 10/10, xent loss = 18.4333, l2 loss = 23.7169 (max 14.95), (true 611, predicted [788])
check failed
true = 611, adv = 788
evaluating 101 of [100, 110)
attack: step 1/10, xent loss = 24.3801, l2 loss = 25.5825 (max 14.95), (true 629, predicted [696])
attack: step 2/10, xent loss = 19.0556, l2 loss = 26.7643 (max 14.95), (true 629, predicted [696])
attack: step 3/10, xent loss = 19.8299, l2 loss = 28.3058 (max 14.95), (true 629, predicted [696])
attack: step 4/10, xent loss = 20.974, l2 loss = 30.2718 (max 14.95), (true 629, predicted [696])
attack: step 5/10, xent loss = 22.1357, l2 loss = 31.2791 (max 14.95), (true 629, predicted [696])
attack: step 6/10, xent loss = 23.1615, l2 loss = 31.9703 (max 14.95), (true 629, predicted [696])
attack: step 7/10, xent loss = 20.9982, l2 loss = 33.5454 (max 14.95), (true 629, predicted [696])
attack: step 8/10, xent loss = 29.0622, l2 loss = 34.5133 (max 14.95), (true 629, predicted [696])
attack: step 9/10, xent loss = 27.8104, l2 loss = 35.6119 (max 14.95), (true 629, predicted [696])
attack: step 10/10, xent loss = 31.5219, l2 loss = 36.6282 (max 14.95), (true 629, predicted [696])
check failed
true = 629, adv = 696
evaluating 102 of [100, 110)
attack: step 1/10, xent loss = 8.62747, l2 loss = 16.0132 (max 14.95), (true 824, predicted [411])
attack: step 2/10, xent loss = 10.3445, l2 loss = 16.5781 (max 14.95), (true 824, predicted [411])
attack: step 3/10, xent loss = 11.0171, l2 loss = 17.0433 (max 14.95), (true 824, predicted [411])
attack: step 4/10, xent loss = 11.1624, l2 loss = 17.5385 (max 14.95), (true 824, predicted [411])
attack: step 5/10, xent loss = 10.1782, l2 loss = 17.9411 (max 14.95), (true 824, predicted [411])
attack: step 6/10, xent loss = 12.2261, l2 loss = 18.6614 (max 14.95), (true 824, predicted [411])
attack: step 7/10, xent loss = 12.4177, l2 loss = 19.3461 (max 14.95), (true 824, predicted [411])
attack: step 8/10, xent loss = 13.5615, l2 loss = 19.9199 (max 14.95), (true 824, predicted [411])
attack: step 9/10, xent loss = 13.5639, l2 loss = 20.5002 (max 14.95), (true 824, predicted [411])
attack: step 10/10, xent loss = 13.009, l2 loss = 21.1148 (max 14.95), (true 824, predicted [411])
check failed
true = 824, adv = 411
evaluating 103 of [100, 110)
attack: step 1/10, xent loss = 23.3253, l2 loss = 25.7409 (max 14.95), (true 221, predicted [552])
attack: step 2/10, xent loss = 22.7056, l2 loss = 27.4078 (max 14.95), (true 221, predicted [552])
attack: step 3/10, xent loss = 24.2595, l2 loss = 29.3525 (max 14.95), (true 221, predicted [552])
attack: step 4/10, xent loss = 25.7287, l2 loss = 31.0822 (max 14.95), (true 221, predicted [552])
attack: step 5/10, xent loss = 26.361, l2 loss = 32.6156 (max 14.95), (true 221, predicted [552])
attack: step 6/10, xent loss = 25.9946, l2 loss = 34.1451 (max 14.95), (true 221, predicted [552])
attack: step 7/10, xent loss = 29.2635, l2 loss = 35.5167 (max 14.95), (true 221, predicted [552])
attack: step 8/10, xent loss = 26.832, l2 loss = 36.8064 (max 14.95), (true 221, predicted [552])
attack: step 9/10, xent loss = 27.5148, l2 loss = 38.7096 (max 14.95), (true 221, predicted [552])
attack: step 10/10, xent loss = 23.5874, l2 loss = 39.8393 (max 14.95), (true 221, predicted [552])
check failed
true = 221, adv = 552
evaluating 104 of [100, 110)
attack: step 1/10, xent loss = 13.8321, l2 loss = 18.2419 (max 14.95), (true 179, predicted [728])
attack: step 2/10, xent loss = 12.4922, l2 loss = 19.3359 (max 14.95), (true 179, predicted [728])
attack: step 3/10, xent loss = 12.9305, l2 loss = 20.3053 (max 14.95), (true 179, predicted [728])
attack: step 4/10, xent loss = 14.1856, l2 loss = 21.5568 (max 14.95), (true 179, predicted [728])
attack: step 5/10, xent loss = 13.2331, l2 loss = 22.5732 (max 14.95), (true 179, predicted [728])
attack: step 6/10, xent loss = 15.1997, l2 loss = 23.4556 (max 14.95), (true 179, predicted [728])
attack: step 7/10, xent loss = 17.9342, l2 loss = 24.2675 (max 14.95), (true 179, predicted [728])
attack: step 8/10, xent loss = 20.2916, l2 loss = 25.1551 (max 14.95), (true 179, predicted [728])
attack: step 9/10, xent loss = 17.9763, l2 loss = 25.9616 (max 14.95), (true 179, predicted [728])
attack: step 10/10, xent loss = 19.775, l2 loss = 27.2076 (max 14.95), (true 179, predicted [728])
check failed
true = 179, adv = 728
evaluating 105 of [100, 110)
attack: step 1/10, xent loss = 0.0586915, l2 loss = 0.324739 (max 14.95), (true 538, predicted [538])
attack: step 2/10, xent loss = 0.0704043, l2 loss = 0.336785 (max 14.95), (true 538, predicted [538])
attack: step 3/10, xent loss = 0.0918732, l2 loss = 0.353086 (max 14.95), (true 538, predicted [538])
attack: step 4/10, xent loss = 0.0864098, l2 loss = 0.373689 (max 14.95), (true 538, predicted [538])
attack: step 5/10, xent loss = 0.0777395, l2 loss = 0.390901 (max 14.95), (true 538, predicted [538])
attack: step 6/10, xent loss = 0.0826546, l2 loss = 0.403533 (max 14.95), (true 538, predicted [538])
attack: step 7/10, xent loss = 0.0767067, l2 loss = 0.418011 (max 14.95), (true 538, predicted [538])
attack: step 8/10, xent loss = 0.0595136, l2 loss = 0.429624 (max 14.95), (true 538, predicted [538])
attack: step 9/10, xent loss = 0.137555, l2 loss = 0.440291 (max 14.95), (true 538, predicted [538])
attack: step 10/10, xent loss = 0.0826403, l2 loss = 0.47004 (max 14.95), (true 538, predicted [538])
true = 538, adv = 538
evaluating 106 of [100, 110)
attack: step 1/10, xent loss = 8.56658, l2 loss = 8.343 (max 14.95), (true 937, predicted [936])
attack: step 2/10, xent loss = 8.35746, l2 loss = 8.75027 (max 14.95), (true 937, predicted [936])
attack: step 3/10, xent loss = 8.49216, l2 loss = 9.25774 (max 14.95), (true 937, predicted [936])
attack: step 4/10, xent loss = 8.91206, l2 loss = 9.76614 (max 14.95), (true 937, predicted [936])
attack: step 5/10, xent loss = 7.53225, l2 loss = 10.2275 (max 14.95), (true 937, predicted [936])
attack: step 6/10, xent loss = 8.79718, l2 loss = 10.8878 (max 14.95), (true 937, predicted [936])
attack: step 7/10, xent loss = 8.90657, l2 loss = 11.1397 (max 14.95), (true 937, predicted [936])
attack: step 8/10, xent loss = 8.90495, l2 loss = 11.5742 (max 14.95), (true 937, predicted [936])
attack: step 9/10, xent loss = 8.1363, l2 loss = 11.8553 (max 14.95), (true 937, predicted [936])
attack: step 10/10, xent loss = 9.34391, l2 loss = 12.3687 (max 14.95), (true 937, predicted [936])
true = 937, adv = 936
evaluating 107 of [100, 110)
attack: step 1/10, xent loss = 25.7807, l2 loss = 28.492 (max 14.95), (true 283, predicted [728])
attack: step 2/10, xent loss = 28.2999, l2 loss = 30.0492 (max 14.95), (true 283, predicted [728])
attack: step 3/10, xent loss = 30.6349, l2 loss = 31.7358 (max 14.95), (true 283, predicted [728])
attack: step 4/10, xent loss = 28.7973, l2 loss = 33.0014 (max 14.95), (true 283, predicted [728])
attack: step 5/10, xent loss = 33.3833, l2 loss = 34.2673 (max 14.95), (true 283, predicted [728])
attack: step 6/10, xent loss = 34.5202, l2 loss = 35.6389 (max 14.95), (true 283, predicted [728])
attack: step 7/10, xent loss = 31.1118, l2 loss = 36.7401 (max 14.95), (true 283, predicted [728])
attack: step 8/10, xent loss = 37.9551, l2 loss = 37.8747 (max 14.95), (true 283, predicted [728])
attack: step 9/10, xent loss = 36.4615, l2 loss = 39.1156 (max 14.95), (true 283, predicted [728])
attack: step 10/10, xent loss = 38.1819, l2 loss = 40.5525 (max 14.95), (true 283, predicted [728])
check failed
true = 283, adv = 728
evaluating 108 of [100, 110)
attack: step 1/10, xent loss = 12.9312, l2 loss = 18.878 (max 14.95), (true 694, predicted [750])
attack: step 2/10, xent loss = 13.1897, l2 loss = 19.7809 (max 14.95), (true 694, predicted [750])
attack: step 3/10, xent loss = 15.3284, l2 loss = 21.0243 (max 14.95), (true 694, predicted [750])
attack: step 4/10, xent loss = 15.9493, l2 loss = 21.8215 (max 14.95), (true 694, predicted [750])
attack: step 5/10, xent loss = 16.3013, l2 loss = 22.6405 (max 14.95), (true 694, predicted [750])
attack: step 6/10, xent loss = 14.9032, l2 loss = 23.6568 (max 14.95), (true 694, predicted [750])
attack: step 7/10, xent loss = 16.0516, l2 loss = 24.5822 (max 14.95), (true 694, predicted [750])
attack: step 8/10, xent loss = 16.749, l2 loss = 25.7771 (max 14.95), (true 694, predicted [750])
attack: step 9/10, xent loss = 16.7671, l2 loss = 26.3331 (max 14.95), (true 694, predicted [750])
attack: step 10/10, xent loss = 17.187, l2 loss = 27.6643 (max 14.95), (true 694, predicted [750])
check failed
true = 694, adv = 750
evaluating 109 of [100, 110)
attack: step 1/10, xent loss = 1.46162, l2 loss = 4.4145 (max 14.95), (true 507, predicted [695])
attack: step 2/10, xent loss = 2.36762, l2 loss = 5.23217 (max 14.95), (true 507, predicted [695])
attack: step 3/10, xent loss = 2.8676, l2 loss = 6.25456 (max 14.95), (true 507, predicted [695])
attack: step 4/10, xent loss = 3.81906, l2 loss = 7.18156 (max 14.95), (true 507, predicted [695])
attack: step 5/10, xent loss = 3.78, l2 loss = 8.29587 (max 14.95), (true 507, predicted [695])
attack: step 6/10, xent loss = 4.69618, l2 loss = 9.06754 (max 14.95), (true 507, predicted [695])
attack: step 7/10, xent loss = 3.72502, l2 loss = 9.6184 (max 14.95), (true 507, predicted [695])
attack: step 8/10, xent loss = 4.94095, l2 loss = 10.1646 (max 14.95), (true 507, predicted [695])
attack: step 9/10, xent loss = 5.55375, l2 loss = 10.7728 (max 14.95), (true 507, predicted [695])
attack: step 10/10, xent loss = 5.09439, l2 loss = 11.3145 (max 14.95), (true 507, predicted [695])
true = 507, adv = 695
