2019-05-27 13:33:33.099288: I tensorflow/core/platform/cpu_feature_guard.cc:141] Your CPU supports instructions that this TensorFlow binary was not compiled to use: SSE4.1 SSE4.2 AVX AVX2 FMA
2019-05-27 13:33:33.255427: I tensorflow/core/platform/profile_utils/cpu_utils.cc:94] CPU Frequency: 2600080000 Hz
2019-05-27 13:33:33.570619: I tensorflow/compiler/xla/service/service.cc:150] XLA service 0x2aaae6d4ad50 executing computations on platform Host. Devices:
2019-05-27 13:33:33.570678: I tensorflow/compiler/xla/service/service.cc:158]   StreamExecutor device (0): <undefined>, <undefined>
2019-05-27 13:33:33.572836: I tensorflow/core/common_runtime/process_util.cc:71] Creating new thread pool with default inter op setting: 2. Tune using inter_op_parallelism_threads for best performance.
evaluating 40 of [40, 50)
attack: step 1/10, xent loss = 0.103249, l2 loss = 0 (max 14.95), (true 31, predicted [31])
attack: step 2/10, xent loss = 0.114929, l2 loss = 0.275354 (max 14.95), (true 31, predicted [31])
attack: step 3/10, xent loss = 0.129139, l2 loss = 0.443192 (max 14.95), (true 31, predicted [31])
attack: step 4/10, xent loss = 0.249035, l2 loss = 0.562155 (max 14.95), (true 31, predicted [31])
attack: step 5/10, xent loss = 0.133122, l2 loss = 1.32448 (max 14.95), (true 31, predicted [31])
attack: step 6/10, xent loss = 0.361717, l2 loss = 1.44293 (max 14.95), (true 31, predicted [31])
attack: step 7/10, xent loss = 0.597543, l2 loss = 1.90214 (max 14.95), (true 31, predicted [31])
attack: step 8/10, xent loss = 1.10848, l2 loss = 2.96427 (max 14.95), (true 31, predicted [31])
attack: step 9/10, xent loss = 2.02916, l2 loss = 3.95574 (max 14.95), (true 31, predicted [31])
attack: step 10/10, xent loss = 2.57547, l2 loss = 4.95119 (max 14.95), (true 31, predicted [46])
true = 31, adv = 46
evaluating 41 of [40, 50)
attack: step 1/10, xent loss = 4.46282, l2 loss = 0 (max 14.95), (true 994, predicted [94])
attack: step 2/10, xent loss = 4.20379, l2 loss = 3.57949 (max 14.95), (true 994, predicted [94])
attack: step 3/10, xent loss = 4.8458, l2 loss = 5.11538 (max 14.95), (true 994, predicted [94])
attack: step 4/10, xent loss = 5.37606, l2 loss = 6.71351 (max 14.95), (true 994, predicted [94])
attack: step 5/10, xent loss = 6.08069, l2 loss = 7.36074 (max 14.95), (true 994, predicted [738])
attack: step 6/10, xent loss = 6.08376, l2 loss = 7.65835 (max 14.95), (true 994, predicted [723])
attack: step 7/10, xent loss = 5.89814, l2 loss = 7.99251 (max 14.95), (true 994, predicted [94])
attack: step 8/10, xent loss = 6.08059, l2 loss = 8.26013 (max 14.95), (true 994, predicted [94])
attack: step 9/10, xent loss = 5.9597, l2 loss = 8.55566 (max 14.95), (true 994, predicted [94])
attack: step 10/10, xent loss = 5.08923, l2 loss = 8.8312 (max 14.95), (true 994, predicted [94])
true = 994, adv = 94
evaluating 42 of [40, 50)
attack: step 1/10, xent loss = 0.169513, l2 loss = 0 (max 14.95), (true 304, predicted [304])
attack: step 2/10, xent loss = 0.324978, l2 loss = 0.780746 (max 14.95), (true 304, predicted [304])
attack: step 3/10, xent loss = 0.518604, l2 loss = 1.50814 (max 14.95), (true 304, predicted [304])
attack: step 4/10, xent loss = 1.08348, l2 loss = 2.5836 (max 14.95), (true 304, predicted [301])
attack: step 5/10, xent loss = 3.00015, l2 loss = 4.61249 (max 14.95), (true 304, predicted [301])
attack: step 6/10, xent loss = 3.34052, l2 loss = 5.68768 (max 14.95), (true 304, predicted [301])
attack: step 7/10, xent loss = 5.36233, l2 loss = 7.41999 (max 14.95), (true 304, predicted [1])
attack: step 8/10, xent loss = 8.24752, l2 loss = 10.1126 (max 14.95), (true 304, predicted [1])
attack: step 9/10, xent loss = 13.4144, l2 loss = 12.4713 (max 14.95), (true 304, predicted [1])
attack: step 10/10, xent loss = 14.5114, l2 loss = 14.4568 (max 14.95), (true 304, predicted [1])
check failed
true = 304, adv = 1
evaluating 43 of [40, 50)
attack: step 1/10, xent loss = 7.10714, l2 loss = 0 (max 14.95), (true 761, predicted [927])
attack: step 2/10, xent loss = 8.16629, l2 loss = 4.38148 (max 14.95), (true 761, predicted [927])
attack: step 3/10, xent loss = 10.4292, l2 loss = 6.60105 (max 14.95), (true 761, predicted [927])
attack: step 4/10, xent loss = 11.0348, l2 loss = 8.20549 (max 14.95), (true 761, predicted [415])
attack: step 5/10, xent loss = 13.9539, l2 loss = 9.52517 (max 14.95), (true 761, predicted [415])
attack: step 6/10, xent loss = 15.3381, l2 loss = 11.3032 (max 14.95), (true 761, predicted [415])
attack: step 7/10, xent loss = 14.9301, l2 loss = 13.1405 (max 14.95), (true 761, predicted [415])
attack: step 8/10, xent loss = 16.2722, l2 loss = 15.1766 (max 14.95), (true 761, predicted [415])
attack: step 9/10, xent loss = 17.5208, l2 loss = 16.8484 (max 14.95), (true 761, predicted [415])
attack: step 10/10, xent loss = 19.8659, l2 loss = 18.8864 (max 14.95), (true 761, predicted [415])
check failed
true = 761, adv = 415
evaluating 44 of [40, 50)
attack: step 1/10, xent loss = 0.0283325, l2 loss = 0 (max 14.95), (true 251, predicted [251])
attack: step 2/10, xent loss = 0.00947184, l2 loss = 0.0606008 (max 14.95), (true 251, predicted [251])
attack: step 3/10, xent loss = 0.00924142, l2 loss = 0.0630615 (max 14.95), (true 251, predicted [251])
attack: step 4/10, xent loss = 0.00690941, l2 loss = 0.0650281 (max 14.95), (true 251, predicted [251])
attack: step 5/10, xent loss = 0.0141093, l2 loss = 0.0664154 (max 14.95), (true 251, predicted [251])
attack: step 6/10, xent loss = 0.0193526, l2 loss = 0.070936 (max 14.95), (true 251, predicted [251])
attack: step 7/10, xent loss = 0.00970172, l2 loss = 0.0777016 (max 14.95), (true 251, predicted [251])
attack: step 8/10, xent loss = 0.0113044, l2 loss = 0.0801031 (max 14.95), (true 251, predicted [251])
attack: step 9/10, xent loss = 0.00887887, l2 loss = 0.0833309 (max 14.95), (true 251, predicted [251])
attack: step 10/10, xent loss = 0.015235, l2 loss = 0.0847907 (max 14.95), (true 251, predicted [251])
true = 251, adv = 251
evaluating 45 of [40, 50)
attack: step 1/10, xent loss = 5.78447, l2 loss = 0 (max 14.95), (true 131, predicted [96])
attack: step 2/10, xent loss = 5.40872, l2 loss = 6.10919 (max 14.95), (true 131, predicted [96])
attack: step 3/10, xent loss = 7.20675, l2 loss = 6.9158 (max 14.95), (true 131, predicted [723])
attack: step 4/10, xent loss = 9.18728, l2 loss = 7.90147 (max 14.95), (true 131, predicted [728])
attack: step 5/10, xent loss = 9.45359, l2 loss = 14.3376 (max 14.95), (true 131, predicted [728])
attack: step 6/10, xent loss = 9.7061, l2 loss = 14.9252 (max 14.95), (true 131, predicted [728])
attack: step 7/10, xent loss = 11.1478, l2 loss = 15.3955 (max 14.95), (true 131, predicted [728])
attack: step 8/10, xent loss = 11.555, l2 loss = 16.4397 (max 14.95), (true 131, predicted [728])
attack: step 9/10, xent loss = 14.3664, l2 loss = 17.5884 (max 14.95), (true 131, predicted [728])
attack: step 10/10, xent loss = 16.0812, l2 loss = 19.6287 (max 14.95), (true 131, predicted [728])
check failed
true = 131, adv = 728
evaluating 46 of [40, 50)
attack: step 1/10, xent loss = 7.28294, l2 loss = 0 (max 14.95), (true 835, predicted [669])
attack: step 2/10, xent loss = 9.09872, l2 loss = 4.09284 (max 14.95), (true 835, predicted [669])
attack: step 3/10, xent loss = 10.3521, l2 loss = 6.78842 (max 14.95), (true 835, predicted [669])
attack: step 4/10, xent loss = 11.3226, l2 loss = 8.30332 (max 14.95), (true 835, predicted [431])
attack: step 5/10, xent loss = 12.9776, l2 loss = 10.7073 (max 14.95), (true 835, predicted [431])
attack: step 6/10, xent loss = 12.9063, l2 loss = 12.4691 (max 14.95), (true 835, predicted [431])
attack: step 7/10, xent loss = 14.9279, l2 loss = 14.0668 (max 14.95), (true 835, predicted [431])
attack: step 8/10, xent loss = 14.8163, l2 loss = 15.7882 (max 14.95), (true 835, predicted [431])
attack: step 9/10, xent loss = 15.6937, l2 loss = 17.3983 (max 14.95), (true 835, predicted [431])
attack: step 10/10, xent loss = 18.218, l2 loss = 18.8983 (max 14.95), (true 835, predicted [431])
check failed
true = 835, adv = 431
evaluating 47 of [40, 50)
attack: step 1/10, xent loss = 6.11487, l2 loss = 0 (max 14.95), (true 826, predicted [481])
attack: step 2/10, xent loss = 6.53227, l2 loss = 4.37789 (max 14.95), (true 826, predicted [481])
attack: step 3/10, xent loss = 8.74422, l2 loss = 8.3234 (max 14.95), (true 826, predicted [481])
attack: step 4/10, xent loss = 7.74652, l2 loss = 10.0283 (max 14.95), (true 826, predicted [481])
attack: step 5/10, xent loss = 9.60786, l2 loss = 10.7624 (max 14.95), (true 826, predicted [481])
attack: step 6/10, xent loss = 10.4888, l2 loss = 11.6528 (max 14.95), (true 826, predicted [481])
attack: step 7/10, xent loss = 11.6857, l2 loss = 12.7094 (max 14.95), (true 826, predicted [481])
attack: step 8/10, xent loss = 12.5398, l2 loss = 13.7885 (max 14.95), (true 826, predicted [481])
attack: step 9/10, xent loss = 11.7399, l2 loss = 14.9019 (max 14.95), (true 826, predicted [481])
attack: step 10/10, xent loss = 14.1127, l2 loss = 15.4967 (max 14.95), (true 826, predicted [481])
check failed
true = 826, adv = 481
evaluating 48 of [40, 50)
attack: step 1/10, xent loss = 1.60172, l2 loss = 0 (max 14.95), (true 499, predicted [728])
attack: step 2/10, xent loss = 6.74031, l2 loss = 12.2522 (max 14.95), (true 499, predicted [728])
attack: step 3/10, xent loss = 12.2882, l2 loss = 14.9473 (max 14.95), (true 499, predicted [728])
attack: step 4/10, xent loss = 15.8847, l2 loss = 16.9197 (max 14.95), (true 499, predicted [728])
attack: step 5/10, xent loss = 18.4862, l2 loss = 18.6045 (max 14.95), (true 499, predicted [728])
attack: step 6/10, xent loss = 16.9244, l2 loss = 19.7975 (max 14.95), (true 499, predicted [728])
attack: step 7/10, xent loss = 21.3016, l2 loss = 21.2025 (max 14.95), (true 499, predicted [728])
attack: step 8/10, xent loss = 25.0511, l2 loss = 22.7447 (max 14.95), (true 499, predicted [728])
attack: step 9/10, xent loss = 28.2267, l2 loss = 24.1896 (max 14.95), (true 499, predicted [728])
attack: step 10/10, xent loss = 27.5685, l2 loss = 25.5266 (max 14.95), (true 499, predicted [728])
check failed
true = 499, adv = 728
evaluating 49 of [40, 50)
attack: step 1/10, xent loss = 3.42455, l2 loss = 0 (max 14.95), (true 24, predicted [643])
attack: step 2/10, xent loss = 6.33835, l2 loss = 4.74632 (max 14.95), (true 24, predicted [643])
attack: step 3/10, xent loss = 5.91633, l2 loss = 5.92232 (max 14.95), (true 24, predicted [643])
attack: step 4/10, xent loss = 7.55568, l2 loss = 7.51748 (max 14.95), (true 24, predicted [643])
attack: step 5/10, xent loss = 7.85474, l2 loss = 8.38359 (max 14.95), (true 24, predicted [643])
attack: step 6/10, xent loss = 7.5484, l2 loss = 9.38902 (max 14.95), (true 24, predicted [643])
attack: step 7/10, xent loss = 7.33771, l2 loss = 10.3345 (max 14.95), (true 24, predicted [643])
attack: step 8/10, xent loss = 8.48104, l2 loss = 11.0794 (max 14.95), (true 24, predicted [643])
attack: step 9/10, xent loss = 9.17781, l2 loss = 11.8928 (max 14.95), (true 24, predicted [643])
attack: step 10/10, xent loss = 12.1533, l2 loss = 12.2867 (max 14.95), (true 24, predicted [643])
true = 24, adv = 643
