2019-06-26 06:30:36.416140: I tensorflow/core/platform/cpu_feature_guard.cc:141] Your CPU supports instructions that this TensorFlow binary was not compiled to use: SSE4.1 SSE4.2 AVX AVX2 FMA
2019-06-26 06:30:37.185190: I tensorflow/core/platform/profile_utils/cpu_utils.cc:94] CPU Frequency: 2599985000 Hz
2019-06-26 06:30:37.187121: I tensorflow/compiler/xla/service/service.cc:150] XLA service 0x2aaae6bc0240 executing computations on platform Host. Devices:
2019-06-26 06:30:37.187177: I tensorflow/compiler/xla/service/service.cc:158]   StreamExecutor device (0): <undefined>, <undefined>
2019-06-26 06:30:37.188443: I tensorflow/core/common_runtime/process_util.cc:71] Creating new thread pool with default inter op setting: 2. Tune using inter_op_parallelism_threads for best performance.
evaluating 30 of [30, 40)
attack: step 1/10, xent loss = 16.4292, l2 loss = 23.7774 (max 14.95), (true 978, predicted [915])
attack: step 2/10, xent loss = 17.7709, l2 loss = 25.0721 (max 14.95), (true 978, predicted [915])
attack: step 3/10, xent loss = 19.1944, l2 loss = 26.1788 (max 14.95), (true 978, predicted [915])
attack: step 4/10, xent loss = 20.1312, l2 loss = 27.7957 (max 14.95), (true 978, predicted [915])
attack: step 5/10, xent loss = 21.297, l2 loss = 28.7475 (max 14.95), (true 978, predicted [915])
attack: step 6/10, xent loss = 20.7632, l2 loss = 29.5868 (max 14.95), (true 978, predicted [915])
attack: step 7/10, xent loss = 20.6919, l2 loss = 30.4619 (max 14.95), (true 978, predicted [915])
attack: step 8/10, xent loss = 23.3511, l2 loss = 31.047 (max 14.95), (true 978, predicted [915])
attack: step 9/10, xent loss = 25.5099, l2 loss = 32.2318 (max 14.95), (true 978, predicted [915])
attack: step 10/10, xent loss = 23.6771, l2 loss = 32.9666 (max 14.95), (true 978, predicted [915])
check failed
true = 978, adv = 915
evaluating 31 of [30, 40)
attack: step 1/10, xent loss = 18.5271, l2 loss = 19.4593 (max 14.95), (true 784, predicted [450])
attack: step 2/10, xent loss = 18.7662, l2 loss = 20.1932 (max 14.95), (true 784, predicted [450])
attack: step 3/10, xent loss = 19.139, l2 loss = 21.0411 (max 14.95), (true 784, predicted [450])
attack: step 4/10, xent loss = 21.1135, l2 loss = 21.6945 (max 14.95), (true 784, predicted [450])
attack: step 5/10, xent loss = 21.06, l2 loss = 22.2615 (max 14.95), (true 784, predicted [450])
attack: step 6/10, xent loss = 21.0115, l2 loss = 23.0797 (max 14.95), (true 784, predicted [450])
attack: step 7/10, xent loss = 24.7416, l2 loss = 23.75 (max 14.95), (true 784, predicted [450])
attack: step 8/10, xent loss = 23.1221, l2 loss = 24.4219 (max 14.95), (true 784, predicted [450])
attack: step 9/10, xent loss = 22.9921, l2 loss = 25.1563 (max 14.95), (true 784, predicted [450])
attack: step 10/10, xent loss = 26.6174, l2 loss = 25.8392 (max 14.95), (true 784, predicted [450])
check failed
true = 784, adv = 450
evaluating 32 of [30, 40)
attack: step 1/10, xent loss = 14.4388, l2 loss = 17.3726 (max 14.95), (true 819, predicted [856])
attack: step 2/10, xent loss = 14.6049, l2 loss = 18.1765 (max 14.95), (true 819, predicted [856])
attack: step 3/10, xent loss = 15.0722, l2 loss = 19.0717 (max 14.95), (true 819, predicted [856])
attack: step 4/10, xent loss = 14.8981, l2 loss = 19.6937 (max 14.95), (true 819, predicted [856])
attack: step 5/10, xent loss = 16.4879, l2 loss = 21.1015 (max 14.95), (true 819, predicted [856])
attack: step 6/10, xent loss = 16.9829, l2 loss = 22.1932 (max 14.95), (true 819, predicted [856])
attack: step 7/10, xent loss = 17.7834, l2 loss = 22.8373 (max 14.95), (true 819, predicted [856])
attack: step 8/10, xent loss = 16.1636, l2 loss = 23.5673 (max 14.95), (true 819, predicted [856])
attack: step 9/10, xent loss = 16.993, l2 loss = 24.4415 (max 14.95), (true 819, predicted [856])
attack: step 10/10, xent loss = 16.8197, l2 loss = 25.1438 (max 14.95), (true 819, predicted [856])
check failed
true = 819, adv = 856
evaluating 33 of [30, 40)
attack: step 1/10, xent loss = 3.31683, l2 loss = 7.86867 (max 14.95), (true 644, predicted [542])
attack: step 2/10, xent loss = 6.33597, l2 loss = 8.56203 (max 14.95), (true 644, predicted [542])
attack: step 3/10, xent loss = 4.46909, l2 loss = 9.45854 (max 14.95), (true 644, predicted [542])
attack: step 4/10, xent loss = 6.94473, l2 loss = 10.6162 (max 14.95), (true 644, predicted [542])
attack: step 5/10, xent loss = 8.62487, l2 loss = 11.3952 (max 14.95), (true 644, predicted [542])
attack: step 6/10, xent loss = 8.51122, l2 loss = 11.9732 (max 14.95), (true 644, predicted [542])
attack: step 7/10, xent loss = 9.01542, l2 loss = 12.8417 (max 14.95), (true 644, predicted [542])
attack: step 8/10, xent loss = 10.167, l2 loss = 13.7908 (max 14.95), (true 644, predicted [542])
attack: step 9/10, xent loss = 11.1617, l2 loss = 14.7143 (max 14.95), (true 644, predicted [542])
attack: step 10/10, xent loss = 11.6255, l2 loss = 15.6585 (max 14.95), (true 644, predicted [494])
check failed
true = 644, adv = 494
evaluating 34 of [30, 40)
attack: step 1/10, xent loss = 21.0302, l2 loss = 23.9658 (max 14.95), (true 757, predicted [830])
attack: step 2/10, xent loss = 23.9134, l2 loss = 25.3236 (max 14.95), (true 757, predicted [830])
attack: step 3/10, xent loss = 28.7386, l2 loss = 26.5066 (max 14.95), (true 757, predicted [830])
attack: step 4/10, xent loss = 28.1498, l2 loss = 27.6374 (max 14.95), (true 757, predicted [830])
attack: step 5/10, xent loss = 27.9089, l2 loss = 28.7901 (max 14.95), (true 757, predicted [830])
attack: step 6/10, xent loss = 28.6962, l2 loss = 29.8839 (max 14.95), (true 757, predicted [830])
attack: step 7/10, xent loss = 28.9302, l2 loss = 30.737 (max 14.95), (true 757, predicted [830])
attack: step 8/10, xent loss = 30.921, l2 loss = 32.1246 (max 14.95), (true 757, predicted [830])
attack: step 9/10, xent loss = 31.4048, l2 loss = 33.0691 (max 14.95), (true 757, predicted [830])
attack: step 10/10, xent loss = 31.1469, l2 loss = 33.8344 (max 14.95), (true 757, predicted [830])
check failed
true = 757, adv = 830
evaluating 35 of [30, 40)
attack: step 1/10, xent loss = 0.00183533, l2 loss = 0.0683936 (max 14.95), (true 173, predicted [173])
attack: step 2/10, xent loss = 0.0052213, l2 loss = 0.0689999 (max 14.95), (true 173, predicted [173])
attack: step 3/10, xent loss = 0.00440995, l2 loss = 0.0716754 (max 14.95), (true 173, predicted [173])
attack: step 4/10, xent loss = 0.00502953, l2 loss = 0.0733787 (max 14.95), (true 173, predicted [173])
attack: step 5/10, xent loss = 0.0103395, l2 loss = 0.0766861 (max 14.95), (true 173, predicted [173])
attack: step 6/10, xent loss = 0.00362323, l2 loss = 0.0826146 (max 14.95), (true 173, predicted [173])
attack: step 7/10, xent loss = 0.0182937, l2 loss = 0.0842619 (max 14.95), (true 173, predicted [173])
attack: step 8/10, xent loss = 0.00945625, l2 loss = 0.113535 (max 14.95), (true 173, predicted [173])
attack: step 9/10, xent loss = 0.00615558, l2 loss = 0.121004 (max 14.95), (true 173, predicted [173])
attack: step 10/10, xent loss = 0.00702163, l2 loss = 0.123785 (max 14.95), (true 173, predicted [173])
true = 173, adv = 173
evaluating 36 of [30, 40)
attack: step 1/10, xent loss = 0.144423, l2 loss = 0.483174 (max 14.95), (true 81, predicted [81])
attack: step 2/10, xent loss = 0.151303, l2 loss = 0.519533 (max 14.95), (true 81, predicted [81])
attack: step 3/10, xent loss = 0.0592998, l2 loss = 0.565148 (max 14.95), (true 81, predicted [81])
attack: step 4/10, xent loss = 0.107787, l2 loss = 0.572396 (max 14.95), (true 81, predicted [81])
attack: step 5/10, xent loss = 0.0642833, l2 loss = 0.593279 (max 14.95), (true 81, predicted [81])
attack: step 6/10, xent loss = 0.129186, l2 loss = 0.601352 (max 14.95), (true 81, predicted [81])
attack: step 7/10, xent loss = 0.101672, l2 loss = 0.639745 (max 14.95), (true 81, predicted [81])
attack: step 8/10, xent loss = 0.0849819, l2 loss = 0.661796 (max 14.95), (true 81, predicted [81])
attack: step 9/10, xent loss = 0.150061, l2 loss = 0.672516 (max 14.95), (true 81, predicted [81])
attack: step 10/10, xent loss = 0.147724, l2 loss = 0.708278 (max 14.95), (true 81, predicted [81])
true = 81, adv = 81
evaluating 37 of [30, 40)
attack: step 1/10, xent loss = 0.238037, l2 loss = 1.82087 (max 14.95), (true 254, predicted [254])
attack: step 2/10, xent loss = 0.167862, l2 loss = 2.28925 (max 14.95), (true 254, predicted [254])
attack: step 3/10, xent loss = 0.227581, l2 loss = 2.45272 (max 14.95), (true 254, predicted [254])
attack: step 4/10, xent loss = 0.135651, l2 loss = 2.63259 (max 14.95), (true 254, predicted [254])
attack: step 5/10, xent loss = 0.471845, l2 loss = 2.75999 (max 14.95), (true 254, predicted [254])
attack: step 6/10, xent loss = 0.315181, l2 loss = 3.45002 (max 14.95), (true 254, predicted [254])
attack: step 7/10, xent loss = 0.273831, l2 loss = 3.79463 (max 14.95), (true 254, predicted [254])
attack: step 8/10, xent loss = 0.577161, l2 loss = 4.05656 (max 14.95), (true 254, predicted [254])
attack: step 9/10, xent loss = 2.13115, l2 loss = 4.68955 (max 14.95), (true 254, predicted [262])
attack: step 10/10, xent loss = 2.62351, l2 loss = 7.11114 (max 14.95), (true 254, predicted [728])
true = 254, adv = 262
evaluating 38 of [30, 40)
attack: step 1/10, xent loss = 31.4054, l2 loss = 27.295 (max 14.95), (true 37, predicted [728])
attack: step 2/10, xent loss = 32.9004, l2 loss = 29.0848 (max 14.95), (true 37, predicted [728])
attack: step 3/10, xent loss = 36.0323, l2 loss = 30.3924 (max 14.95), (true 37, predicted [728])
attack: step 4/10, xent loss = 35.1751, l2 loss = 31.8918 (max 14.95), (true 37, predicted [728])
attack: step 5/10, xent loss = 39.1077, l2 loss = 32.911 (max 14.95), (true 37, predicted [728])
attack: step 6/10, xent loss = 38.9669, l2 loss = 34.1666 (max 14.95), (true 37, predicted [728])
attack: step 7/10, xent loss = 38.5763, l2 loss = 35.2468 (max 14.95), (true 37, predicted [728])
attack: step 8/10, xent loss = 41.8429, l2 loss = 36.7886 (max 14.95), (true 37, predicted [728])
attack: step 9/10, xent loss = 44.9927, l2 loss = 37.8518 (max 14.95), (true 37, predicted [728])
attack: step 10/10, xent loss = 44.0359, l2 loss = 38.7219 (max 14.95), (true 37, predicted [728])
check failed
true = 37, adv = 728
evaluating 39 of [30, 40)
attack: step 1/10, xent loss = 2.82067, l2 loss = 5.88927 (max 14.95), (true 840, predicted [462])
attack: step 2/10, xent loss = 3.7845, l2 loss = 6.52059 (max 14.95), (true 840, predicted [462])
attack: step 3/10, xent loss = 4.28543, l2 loss = 7.21862 (max 14.95), (true 840, predicted [462])
attack: step 4/10, xent loss = 4.81902, l2 loss = 7.72595 (max 14.95), (true 840, predicted [669])
attack: step 5/10, xent loss = 4.92231, l2 loss = 8.0991 (max 14.95), (true 840, predicted [669])
attack: step 6/10, xent loss = 5.57279, l2 loss = 8.57714 (max 14.95), (true 840, predicted [669])
attack: step 7/10, xent loss = 5.9863, l2 loss = 9.10115 (max 14.95), (true 840, predicted [669])
attack: step 8/10, xent loss = 6.72328, l2 loss = 9.54456 (max 14.95), (true 840, predicted [669])
attack: step 9/10, xent loss = 6.65976, l2 loss = 9.8755 (max 14.95), (true 840, predicted [669])
attack: step 10/10, xent loss = 7.73827, l2 loss = 10.1894 (max 14.95), (true 840, predicted [669])
true = 840, adv = 669
