2019-06-04 16:01:06.732509: I tensorflow/core/platform/cpu_feature_guard.cc:141] Your CPU supports instructions that this TensorFlow binary was not compiled to use: SSE4.1 SSE4.2 AVX AVX2 FMA
2019-06-04 16:01:06.764045: I tensorflow/core/platform/profile_utils/cpu_utils.cc:94] CPU Frequency: 2600190000 Hz
2019-06-04 16:01:06.766361: I tensorflow/compiler/xla/service/service.cc:150] XLA service 0x2aaae6fbd1e0 executing computations on platform Host. Devices:
2019-06-04 16:01:06.766400: I tensorflow/compiler/xla/service/service.cc:158]   StreamExecutor device (0): <undefined>, <undefined>
2019-06-04 16:01:06.767459: I tensorflow/core/common_runtime/process_util.cc:71] Creating new thread pool with default inter op setting: 2. Tune using inter_op_parallelism_threads for best performance.
evaluating 60 of [60, 70)
attack: step 1/10, xent loss = 5.54484, l2 loss = 0 (max 14.95), (true 856, predicted [730])
attack: step 2/10, xent loss = 8.01292, l2 loss = 4.07654 (max 14.95), (true 856, predicted [730])
attack: step 3/10, xent loss = 10.5402, l2 loss = 6.11794 (max 14.95), (true 856, predicted [730])
attack: step 4/10, xent loss = 10.6223, l2 loss = 8.00676 (max 14.95), (true 856, predicted [730])
attack: step 5/10, xent loss = 11.3844, l2 loss = 9.75211 (max 14.95), (true 856, predicted [730])
attack: step 6/10, xent loss = 14.9708, l2 loss = 10.767 (max 14.95), (true 856, predicted [730])
attack: step 7/10, xent loss = 13.3315, l2 loss = 11.5527 (max 14.95), (true 856, predicted [730])
attack: step 8/10, xent loss = 14.8744, l2 loss = 12.1856 (max 14.95), (true 856, predicted [730])
attack: step 9/10, xent loss = 14.6519, l2 loss = 13.0251 (max 14.95), (true 856, predicted [730])
attack: step 10/10, xent loss = 16.6696, l2 loss = 13.6648 (max 14.95), (true 856, predicted [730])
true = 856, adv = 730
evaluating 61 of [60, 70)
attack: step 1/10, xent loss = 0.274285, l2 loss = 0 (max 14.95), (true 259, predicted [259])
attack: step 2/10, xent loss = 3.60837, l2 loss = 1.08729 (max 14.95), (true 259, predicted [265])
attack: step 3/10, xent loss = 7.52633, l2 loss = 8.35634 (max 14.95), (true 259, predicted [265])
attack: step 4/10, xent loss = 10.0671, l2 loss = 9.69013 (max 14.95), (true 259, predicted [266])
attack: step 5/10, xent loss = 10.0956, l2 loss = 10.3364 (max 14.95), (true 259, predicted [266])
attack: step 6/10, xent loss = 11.2688, l2 loss = 11.5094 (max 14.95), (true 259, predicted [266])
attack: step 7/10, xent loss = 11.8999, l2 loss = 11.9424 (max 14.95), (true 259, predicted [266])
attack: step 8/10, xent loss = 13.1448, l2 loss = 12.5336 (max 14.95), (true 259, predicted [266])
attack: step 9/10, xent loss = 13.8194, l2 loss = 13.0635 (max 14.95), (true 259, predicted [266])
attack: step 10/10, xent loss = 11.9439, l2 loss = 13.9436 (max 14.95), (true 259, predicted [266])
check failed
true = 259, adv = 266
evaluating 62 of [60, 70)
attack: step 1/10, xent loss = 1.56077, l2 loss = 0 (max 14.95), (true 3, predicted [2])
attack: step 2/10, xent loss = 3.99604, l2 loss = 4.0722 (max 14.95), (true 3, predicted [2])
attack: step 3/10, xent loss = 4.70119, l2 loss = 6.40479 (max 14.95), (true 3, predicted [2])
attack: step 4/10, xent loss = 7.38513, l2 loss = 8.05091 (max 14.95), (true 3, predicted [2])
attack: step 5/10, xent loss = 8.03271, l2 loss = 9.39077 (max 14.95), (true 3, predicted [2])
attack: step 6/10, xent loss = 8.82543, l2 loss = 11.7217 (max 14.95), (true 3, predicted [2])
attack: step 7/10, xent loss = 7.61941, l2 loss = 13.169 (max 14.95), (true 3, predicted [2])
attack: step 8/10, xent loss = 9.76092, l2 loss = 14.0825 (max 14.95), (true 3, predicted [2])
attack: step 9/10, xent loss = 9.69204, l2 loss = 15.172 (max 14.95), (true 3, predicted [2])
attack: step 10/10, xent loss = 11.7659, l2 loss = 15.9823 (max 14.95), (true 3, predicted [2])
check failed
true = 3, adv = 2
evaluating 63 of [60, 70)
attack: step 1/10, xent loss = 2.17223, l2 loss = 0 (max 14.95), (true 240, predicted [238])
attack: step 2/10, xent loss = 2.30799, l2 loss = 1.90877 (max 14.95), (true 240, predicted [238])
attack: step 3/10, xent loss = 2.32473, l2 loss = 2.80601 (max 14.95), (true 240, predicted [238])
attack: step 4/10, xent loss = 1.87019, l2 loss = 3.60125 (max 14.95), (true 240, predicted [238])
attack: step 5/10, xent loss = 2.76348, l2 loss = 4.4769 (max 14.95), (true 240, predicted [238])
attack: step 6/10, xent loss = 4.03772, l2 loss = 4.88474 (max 14.95), (true 240, predicted [238])
attack: step 7/10, xent loss = 3.62442, l2 loss = 5.36066 (max 14.95), (true 240, predicted [238])
attack: step 8/10, xent loss = 3.78613, l2 loss = 5.78987 (max 14.95), (true 240, predicted [238])
attack: step 9/10, xent loss = 4.3141, l2 loss = 6.25017 (max 14.95), (true 240, predicted [238])
attack: step 10/10, xent loss = 4.61829, l2 loss = 6.76334 (max 14.95), (true 240, predicted [238])
true = 240, adv = 238
evaluating 64 of [60, 70)
attack: step 1/10, xent loss = 1.43975, l2 loss = 0 (max 14.95), (true 454, predicted [624])
attack: step 2/10, xent loss = 1.81922, l2 loss = 3.07647 (max 14.95), (true 454, predicted [624])
attack: step 3/10, xent loss = 2.01593, l2 loss = 4.67461 (max 14.95), (true 454, predicted [624])
attack: step 4/10, xent loss = 2.11994, l2 loss = 5.76558 (max 14.95), (true 454, predicted [624])
attack: step 5/10, xent loss = 4.08667, l2 loss = 6.85309 (max 14.95), (true 454, predicted [624])
attack: step 6/10, xent loss = 4.26391, l2 loss = 7.82632 (max 14.95), (true 454, predicted [624])
attack: step 7/10, xent loss = 3.49835, l2 loss = 8.59268 (max 14.95), (true 454, predicted [624])
attack: step 8/10, xent loss = 5.66498, l2 loss = 9.46952 (max 14.95), (true 454, predicted [624])
attack: step 9/10, xent loss = 5.555, l2 loss = 10.1325 (max 14.95), (true 454, predicted [624])
attack: step 10/10, xent loss = 5.62241, l2 loss = 10.6179 (max 14.95), (true 454, predicted [624])
true = 454, adv = 624
evaluating 65 of [60, 70)
attack: step 1/10, xent loss = 0.0193345, l2 loss = 0 (max 14.95), (true 85, predicted [85])
attack: step 2/10, xent loss = 0.0447038, l2 loss = 0.0778845 (max 14.95), (true 85, predicted [85])
attack: step 3/10, xent loss = 0.0452289, l2 loss = 0.212933 (max 14.95), (true 85, predicted [85])
attack: step 4/10, xent loss = 0.01331, l2 loss = 0.275101 (max 14.95), (true 85, predicted [85])
attack: step 5/10, xent loss = 0.0190484, l2 loss = 0.280161 (max 14.95), (true 85, predicted [85])
attack: step 6/10, xent loss = 0.00781065, l2 loss = 0.286892 (max 14.95), (true 85, predicted [85])
attack: step 7/10, xent loss = 0.0149276, l2 loss = 0.291385 (max 14.95), (true 85, predicted [85])
attack: step 8/10, xent loss = 0.287668, l2 loss = 0.298167 (max 14.95), (true 85, predicted [85])
attack: step 9/10, xent loss = 0.179375, l2 loss = 1.99356 (max 14.95), (true 85, predicted [85])
attack: step 10/10, xent loss = 0.0436741, l2 loss = 2.37232 (max 14.95), (true 85, predicted [85])
true = 85, adv = 85
evaluating 66 of [60, 70)
attack: step 1/10, xent loss = 0.864888, l2 loss = 0 (max 14.95), (true 492, predicted [492])
attack: step 2/10, xent loss = 2.27945, l2 loss = 2.80703 (max 14.95), (true 492, predicted [478])
attack: step 3/10, xent loss = 4.12239, l2 loss = 5.62627 (max 14.95), (true 492, predicted [606])
attack: step 4/10, xent loss = 4.4341, l2 loss = 9.64461 (max 14.95), (true 492, predicted [606])
attack: step 5/10, xent loss = 8.29783, l2 loss = 12.7261 (max 14.95), (true 492, predicted [606])
attack: step 6/10, xent loss = 12.0463, l2 loss = 16.2827 (max 14.95), (true 492, predicted [606])
attack: step 7/10, xent loss = 16.9956, l2 loss = 17.8692 (max 14.95), (true 492, predicted [606])
attack: step 8/10, xent loss = 16.6753, l2 loss = 19.0744 (max 14.95), (true 492, predicted [606])
attack: step 9/10, xent loss = 19.7473, l2 loss = 20.422 (max 14.95), (true 492, predicted [606])
attack: step 10/10, xent loss = 20.6414, l2 loss = 21.6629 (max 14.95), (true 492, predicted [606])
check failed
true = 492, adv = 606
evaluating 67 of [60, 70)
attack: step 1/10, xent loss = 0.125209, l2 loss = 0 (max 14.95), (true 713, predicted [713])
attack: step 2/10, xent loss = 0.301901, l2 loss = 0.236747 (max 14.95), (true 713, predicted [713])
attack: step 3/10, xent loss = 0.147704, l2 loss = 0.70433 (max 14.95), (true 713, predicted [713])
attack: step 4/10, xent loss = 0.182063, l2 loss = 0.791639 (max 14.95), (true 713, predicted [713])
attack: step 5/10, xent loss = 0.182199, l2 loss = 0.917859 (max 14.95), (true 713, predicted [713])
attack: step 6/10, xent loss = 0.130728, l2 loss = 1.0915 (max 14.95), (true 713, predicted [713])
attack: step 7/10, xent loss = 0.367695, l2 loss = 1.15406 (max 14.95), (true 713, predicted [713])
attack: step 8/10, xent loss = 0.232369, l2 loss = 1.43215 (max 14.95), (true 713, predicted [713])
attack: step 9/10, xent loss = 0.20201, l2 loss = 1.55753 (max 14.95), (true 713, predicted [713])
attack: step 10/10, xent loss = 0.282121, l2 loss = 1.6356 (max 14.95), (true 713, predicted [713])
true = 713, adv = 713
evaluating 68 of [60, 70)
attack: step 1/10, xent loss = 0.0319898, l2 loss = 0 (max 14.95), (true 834, predicted [834])
attack: step 2/10, xent loss = 0.035423, l2 loss = 0.0953757 (max 14.95), (true 834, predicted [834])
attack: step 3/10, xent loss = 0.0396338, l2 loss = 0.151561 (max 14.95), (true 834, predicted [834])
attack: step 4/10, xent loss = 0.0885425, l2 loss = 0.193713 (max 14.95), (true 834, predicted [834])
attack: step 5/10, xent loss = 0.0513488, l2 loss = 0.356047 (max 14.95), (true 834, predicted [834])
attack: step 6/10, xent loss = 0.069883, l2 loss = 0.399645 (max 14.95), (true 834, predicted [834])
attack: step 7/10, xent loss = 0.0521474, l2 loss = 0.465971 (max 14.95), (true 834, predicted [834])
attack: step 8/10, xent loss = 0.0452082, l2 loss = 0.502726 (max 14.95), (true 834, predicted [834])
attack: step 9/10, xent loss = 0.0795648, l2 loss = 0.539421 (max 14.95), (true 834, predicted [834])
attack: step 10/10, xent loss = 0.0814443, l2 loss = 0.634825 (max 14.95), (true 834, predicted [834])
true = 834, adv = 834
evaluating 69 of [60, 70)
attack: step 1/10, xent loss = 1.14507, l2 loss = 0 (max 14.95), (true 697, predicted [697])
attack: step 2/10, xent loss = 0.855174, l2 loss = 2.82669 (max 14.95), (true 697, predicted [697])
attack: step 3/10, xent loss = 1.28913, l2 loss = 3.68641 (max 14.95), (true 697, predicted [697])
attack: step 4/10, xent loss = 3.84517, l2 loss = 4.97186 (max 14.95), (true 697, predicted [614])
attack: step 5/10, xent loss = 5.31353, l2 loss = 6.9892 (max 14.95), (true 697, predicted [614])
attack: step 6/10, xent loss = 5.11383, l2 loss = 8.15441 (max 14.95), (true 697, predicted [614])
attack: step 7/10, xent loss = 7.85521, l2 loss = 9.01534 (max 14.95), (true 697, predicted [614])
attack: step 8/10, xent loss = 8.44148, l2 loss = 9.61619 (max 14.95), (true 697, predicted [614])
attack: step 9/10, xent loss = 9.49163, l2 loss = 10.2927 (max 14.95), (true 697, predicted [614])
attack: step 10/10, xent loss = 9.6034, l2 loss = 10.6771 (max 14.95), (true 697, predicted [614])
true = 697, adv = 614
