2019-11-04 07:20:27.688491: I tensorflow/core/platform/cpu_feature_guard.cc:141] Your CPU supports instructions that this TensorFlow binary was not compiled to use: SSE4.1 SSE4.2 AVX AVX2 FMA
2019-11-04 07:20:27.719011: I tensorflow/core/platform/profile_utils/cpu_utils.cc:94] CPU Frequency: 2600125000 Hz
2019-11-04 07:20:27.719252: I tensorflow/compiler/xla/service/service.cc:150] XLA service 0x555559031000 executing computations on platform Host. Devices:
2019-11-04 07:20:27.719290: I tensorflow/compiler/xla/service/service.cc:158]   StreamExecutor device (0): <undefined>, <undefined>
2019-11-04 07:20:27.719710: I tensorflow/core/common_runtime/process_util.cc:71] Creating new thread pool with default inter op setting: 2. Tune using inter_op_parallelism_threads for best performance.
evaluating 890 of [890, 900)
attack: step 1/1, xent loss = 5.66253, l2 loss = 26.1485 (max 14.95), (true 633, predicted [837])
check failed
true = 633, adv = 837
evaluating 891 of [890, 900)
attack: step 1/1, xent loss = 0.267786, l2 loss = 31.1432 (max 14.95), (true 533, predicted [533])
check failed
true = 533, adv = 728
evaluating 892 of [890, 900)
attack: step 1/1, xent loss = 3.42502, l2 loss = 10.9278 (max 14.95), (true 521, predicted [653])
true = 521, adv = 915
evaluating 893 of [890, 900)
attack: step 1/1, xent loss = 7.41569, l2 loss = 22.6936 (max 14.95), (true 523, predicted [428])
check failed
true = 523, adv = 612
evaluating 894 of [890, 900)
attack: step 1/1, xent loss = 13.1299, l2 loss = 18.7696 (max 14.95), (true 263, predicted [253])
check failed
true = 263, adv = 253
evaluating 895 of [890, 900)
attack: step 1/1, xent loss = 4.89679, l2 loss = 43.9069 (max 14.95), (true 262, predicted [182])
check failed
true = 262, adv = 552
evaluating 896 of [890, 900)
attack: step 1/1, xent loss = 2.30182, l2 loss = 22.4471 (max 14.95), (true 958, predicted [437])
check failed
true = 958, adv = 437
evaluating 897 of [890, 900)
attack: step 1/1, xent loss = 19.3829, l2 loss = 26.4127 (max 14.95), (true 995, predicted [808])
check failed
true = 995, adv = 808
evaluating 898 of [890, 900)
attack: step 1/1, xent loss = 9.74957, l2 loss = 19.6962 (max 14.95), (true 809, predicted [659])
check failed
true = 809, adv = 659
evaluating 899 of [890, 900)
attack: step 1/1, xent loss = 8.35297, l2 loss = 18.6736 (max 14.95), (true 58, predicted [105])
check failed
true = 58, adv = 91
