2019-06-26 06:30:36.416733: I tensorflow/core/platform/cpu_feature_guard.cc:141] Your CPU supports instructions that this TensorFlow binary was not compiled to use: SSE4.1 SSE4.2 AVX AVX2 FMA
2019-06-26 06:30:37.185211: I tensorflow/core/platform/profile_utils/cpu_utils.cc:94] CPU Frequency: 2599985000 Hz
2019-06-26 06:30:37.186015: I tensorflow/compiler/xla/service/service.cc:150] XLA service 0x2aaae6ac05f0 executing computations on platform Host. Devices:
2019-06-26 06:30:37.186388: I tensorflow/compiler/xla/service/service.cc:158]   StreamExecutor device (0): <undefined>, <undefined>
2019-06-26 06:30:37.188350: I tensorflow/core/common_runtime/process_util.cc:71] Creating new thread pool with default inter op setting: 2. Tune using inter_op_parallelism_threads for best performance.
evaluating 70 of [70, 80)
attack: step 1/10, xent loss = 18.9238, l2 loss = 13.9474 (max 14.95), (true 63, predicted [62])
attack: step 2/10, xent loss = 19.7419, l2 loss = 15.5173 (max 14.95), (true 63, predicted [62])
attack: step 3/10, xent loss = 25.7192, l2 loss = 17.7787 (max 14.95), (true 63, predicted [62])
attack: step 4/10, xent loss = 23.9012, l2 loss = 18.788 (max 14.95), (true 63, predicted [62])
attack: step 5/10, xent loss = 23.1548, l2 loss = 20.0766 (max 14.95), (true 63, predicted [62])
attack: step 6/10, xent loss = 26.4295, l2 loss = 21.2218 (max 14.95), (true 63, predicted [62])
attack: step 7/10, xent loss = 23.0158, l2 loss = 22.4994 (max 14.95), (true 63, predicted [62])
attack: step 8/10, xent loss = 27.382, l2 loss = 24.6434 (max 14.95), (true 63, predicted [62])
attack: step 9/10, xent loss = 28.4465, l2 loss = 25.6661 (max 14.95), (true 63, predicted [62])
attack: step 10/10, xent loss = 30.4945, l2 loss = 26.5712 (max 14.95), (true 63, predicted [62])
check failed
true = 63, adv = 62
evaluating 71 of [70, 80)
attack: step 1/10, xent loss = 0.00248219, l2 loss = 0.0727717 (max 14.95), (true 761, predicted [761])
attack: step 2/10, xent loss = 0.00345241, l2 loss = 0.0744852 (max 14.95), (true 761, predicted [761])
attack: step 3/10, xent loss = 0.00203771, l2 loss = 0.0766839 (max 14.95), (true 761, predicted [761])
attack: step 4/10, xent loss = 0.017155, l2 loss = 0.0776041 (max 14.95), (true 761, predicted [761])
attack: step 5/10, xent loss = 0.000660082, l2 loss = 0.105585 (max 14.95), (true 761, predicted [761])
attack: step 6/10, xent loss = 0.000720956, l2 loss = 0.105853 (max 14.95), (true 761, predicted [761])
attack: step 7/10, xent loss = 0.00340002, l2 loss = 0.106056 (max 14.95), (true 761, predicted [761])
attack: step 8/10, xent loss = 0.0106472, l2 loss = 0.107531 (max 14.95), (true 761, predicted [761])
attack: step 9/10, xent loss = 0.00468158, l2 loss = 0.123985 (max 14.95), (true 761, predicted [761])
attack: step 10/10, xent loss = 0.00389876, l2 loss = 0.127408 (max 14.95), (true 761, predicted [761])
true = 761, adv = 761
evaluating 72 of [70, 80)
attack: step 1/10, xent loss = 24.1988, l2 loss = 22.0341 (max 14.95), (true 37, predicted [728])
attack: step 2/10, xent loss = 29.0564, l2 loss = 23.4383 (max 14.95), (true 37, predicted [728])
attack: step 3/10, xent loss = 29.1343, l2 loss = 24.5475 (max 14.95), (true 37, predicted [728])
attack: step 4/10, xent loss = 29.7627, l2 loss = 25.9509 (max 14.95), (true 37, predicted [728])
attack: step 5/10, xent loss = 30.7507, l2 loss = 26.8938 (max 14.95), (true 37, predicted [728])
attack: step 6/10, xent loss = 32.871, l2 loss = 28.404 (max 14.95), (true 37, predicted [728])
attack: step 7/10, xent loss = 34.5007, l2 loss = 29.4364 (max 14.95), (true 37, predicted [728])
attack: step 8/10, xent loss = 36.8242, l2 loss = 30.2088 (max 14.95), (true 37, predicted [728])
attack: step 9/10, xent loss = 37.1462, l2 loss = 31.1177 (max 14.95), (true 37, predicted [728])
attack: step 10/10, xent loss = 37.0355, l2 loss = 31.9883 (max 14.95), (true 37, predicted [728])
check failed
true = 37, adv = 728
evaluating 73 of [70, 80)
attack: step 1/10, xent loss = 17.4989, l2 loss = 16.6287 (max 14.95), (true 799, predicted [470])
attack: step 2/10, xent loss = 20.1694, l2 loss = 18.7829 (max 14.95), (true 799, predicted [470])
attack: step 3/10, xent loss = 24.5306, l2 loss = 21.5106 (max 14.95), (true 799, predicted [470])
attack: step 4/10, xent loss = 21.5113, l2 loss = 24.558 (max 14.95), (true 799, predicted [470])
attack: step 5/10, xent loss = 21.3485, l2 loss = 28.1958 (max 14.95), (true 799, predicted [470])
attack: step 6/10, xent loss = 27.732, l2 loss = 29.936 (max 14.95), (true 799, predicted [470])
attack: step 7/10, xent loss = 33.5639, l2 loss = 31.7229 (max 14.95), (true 799, predicted [470])
attack: step 8/10, xent loss = 32.6185, l2 loss = 33.9636 (max 14.95), (true 799, predicted [470])
attack: step 9/10, xent loss = 26.9903, l2 loss = 35.7198 (max 14.95), (true 799, predicted [470])
attack: step 10/10, xent loss = 36.4337, l2 loss = 37.5131 (max 14.95), (true 799, predicted [470])
check failed
true = 799, adv = 470
evaluating 74 of [70, 80)
attack: step 1/10, xent loss = 2.97366, l2 loss = 4.1461 (max 14.95), (true 74, predicted [72])
attack: step 2/10, xent loss = 2.96465, l2 loss = 4.42004 (max 14.95), (true 74, predicted [72])
attack: step 3/10, xent loss = 2.79383, l2 loss = 4.6999 (max 14.95), (true 74, predicted [72])
attack: step 4/10, xent loss = 3.38811, l2 loss = 4.94341 (max 14.95), (true 74, predicted [72])
attack: step 5/10, xent loss = 3.39977, l2 loss = 5.25278 (max 14.95), (true 74, predicted [72])
attack: step 6/10, xent loss = 3.53621, l2 loss = 5.50356 (max 14.95), (true 74, predicted [72])
attack: step 7/10, xent loss = 3.68681, l2 loss = 5.78091 (max 14.95), (true 74, predicted [72])
attack: step 8/10, xent loss = 4.06153, l2 loss = 6.04642 (max 14.95), (true 74, predicted [72])
attack: step 9/10, xent loss = 3.48661, l2 loss = 6.34285 (max 14.95), (true 74, predicted [72])
attack: step 10/10, xent loss = 4.23551, l2 loss = 6.58964 (max 14.95), (true 74, predicted [72])
true = 74, adv = 72
evaluating 75 of [70, 80)
attack: step 1/10, xent loss = 9.33452, l2 loss = 11.1608 (max 14.95), (true 432, predicted [456])
attack: step 2/10, xent loss = 10.7589, l2 loss = 12.166 (max 14.95), (true 432, predicted [456])
attack: step 3/10, xent loss = 12.169, l2 loss = 13.4123 (max 14.95), (true 432, predicted [456])
attack: step 4/10, xent loss = 10.6738, l2 loss = 14.3915 (max 14.95), (true 432, predicted [456])
attack: step 5/10, xent loss = 11.4914, l2 loss = 15.1661 (max 14.95), (true 432, predicted [456])
attack: step 6/10, xent loss = 13.7126, l2 loss = 15.8373 (max 14.95), (true 432, predicted [456])
attack: step 7/10, xent loss = 15.6841, l2 loss = 16.7547 (max 14.95), (true 432, predicted [456])
attack: step 8/10, xent loss = 17.8289, l2 loss = 17.7478 (max 14.95), (true 432, predicted [456])
attack: step 9/10, xent loss = 14.9238, l2 loss = 18.469 (max 14.95), (true 432, predicted [456])
attack: step 10/10, xent loss = 17.8111, l2 loss = 19.3353 (max 14.95), (true 432, predicted [456])
check failed
true = 432, adv = 456
evaluating 76 of [70, 80)
attack: step 1/10, xent loss = 10.6718, l2 loss = 10.3226 (max 14.95), (true 193, predicted [552])
attack: step 2/10, xent loss = 10.5726, l2 loss = 11.2811 (max 14.95), (true 193, predicted [552])
attack: step 3/10, xent loss = 11.9231, l2 loss = 12.1978 (max 14.95), (true 193, predicted [552])
attack: step 4/10, xent loss = 14.1094, l2 loss = 13.5534 (max 14.95), (true 193, predicted [552])
attack: step 5/10, xent loss = 15.3182, l2 loss = 14.7905 (max 14.95), (true 193, predicted [552])
attack: step 6/10, xent loss = 18.058, l2 loss = 15.9085 (max 14.95), (true 193, predicted [552])
attack: step 7/10, xent loss = 15.8912, l2 loss = 17.2541 (max 14.95), (true 193, predicted [552])
attack: step 8/10, xent loss = 18.6965, l2 loss = 19.4335 (max 14.95), (true 193, predicted [552])
attack: step 9/10, xent loss = 15.9239, l2 loss = 20.8484 (max 14.95), (true 193, predicted [552])
attack: step 10/10, xent loss = 21.0005, l2 loss = 22.7224 (max 14.95), (true 193, predicted [552])
check failed
true = 193, adv = 552
evaluating 77 of [70, 80)
attack: step 1/10, xent loss = 28.8409, l2 loss = 27.8507 (max 14.95), (true 929, predicted [728])
attack: step 2/10, xent loss = 26.0324, l2 loss = 29.3529 (max 14.95), (true 929, predicted [728])
attack: step 3/10, xent loss = 30.4948, l2 loss = 30.9005 (max 14.95), (true 929, predicted [728])
attack: step 4/10, xent loss = 30.5044, l2 loss = 31.9354 (max 14.95), (true 929, predicted [728])
attack: step 5/10, xent loss = 31.94, l2 loss = 32.963 (max 14.95), (true 929, predicted [728])
attack: step 6/10, xent loss = 29.1298, l2 loss = 34.1088 (max 14.95), (true 929, predicted [728])
attack: step 7/10, xent loss = 32.4264, l2 loss = 35.4067 (max 14.95), (true 929, predicted [728])
attack: step 8/10, xent loss = 34.7855, l2 loss = 36.2211 (max 14.95), (true 929, predicted [728])
attack: step 9/10, xent loss = 31.0614, l2 loss = 37.0286 (max 14.95), (true 929, predicted [728])
attack: step 10/10, xent loss = 36.5556, l2 loss = 38.3963 (max 14.95), (true 929, predicted [728])
check failed
true = 929, adv = 728
evaluating 78 of [70, 80)
attack: step 1/10, xent loss = 20.9379, l2 loss = 21.0364 (max 14.95), (true 546, predicted [830])
attack: step 2/10, xent loss = 22.9178, l2 loss = 22.2913 (max 14.95), (true 546, predicted [830])
attack: step 3/10, xent loss = 24.0739, l2 loss = 23.2632 (max 14.95), (true 546, predicted [830])
attack: step 4/10, xent loss = 23.2164, l2 loss = 24.6017 (max 14.95), (true 546, predicted [830])
attack: step 5/10, xent loss = 25.5249, l2 loss = 25.4928 (max 14.95), (true 546, predicted [830])
attack: step 6/10, xent loss = 26.7928, l2 loss = 26.7532 (max 14.95), (true 546, predicted [830])
attack: step 7/10, xent loss = 26.585, l2 loss = 28.7471 (max 14.95), (true 546, predicted [830])
attack: step 8/10, xent loss = 28.2089, l2 loss = 29.9059 (max 14.95), (true 546, predicted [830])
attack: step 9/10, xent loss = 32.4409, l2 loss = 30.7865 (max 14.95), (true 546, predicted [830])
attack: step 10/10, xent loss = 31.2339, l2 loss = 31.5756 (max 14.95), (true 546, predicted [830])
check failed
true = 546, adv = 830
evaluating 79 of [70, 80)
attack: step 1/10, xent loss = 23.5465, l2 loss = 21.5314 (max 14.95), (true 689, predicted [728])
attack: step 2/10, xent loss = 25.8985, l2 loss = 22.835 (max 14.95), (true 689, predicted [728])
attack: step 3/10, xent loss = 26.3669, l2 loss = 23.95 (max 14.95), (true 689, predicted [728])
attack: step 4/10, xent loss = 28.4818, l2 loss = 24.9741 (max 14.95), (true 689, predicted [728])
attack: step 5/10, xent loss = 29.3654, l2 loss = 26.0427 (max 14.95), (true 689, predicted [728])
attack: step 6/10, xent loss = 33.8777, l2 loss = 26.9189 (max 14.95), (true 689, predicted [728])
attack: step 7/10, xent loss = 32.2732, l2 loss = 27.9622 (max 14.95), (true 689, predicted [728])
attack: step 8/10, xent loss = 34.6826, l2 loss = 29.1891 (max 14.95), (true 689, predicted [728])
attack: step 9/10, xent loss = 34.6081, l2 loss = 30.1726 (max 14.95), (true 689, predicted [728])
attack: step 10/10, xent loss = 36.6093, l2 loss = 31.4451 (max 14.95), (true 689, predicted [728])
check failed
true = 689, adv = 728
