2019-05-26 13:04:16.606417: I tensorflow/core/platform/cpu_feature_guard.cc:141] Your CPU supports instructions that this TensorFlow binary was not compiled to use: SSE4.1 SSE4.2 AVX AVX2 FMA
2019-05-26 13:04:17.028959: I tensorflow/core/platform/profile_utils/cpu_utils.cc:94] CPU Frequency: 2600005000 Hz
2019-05-26 13:04:17.030171: I tensorflow/compiler/xla/service/service.cc:150] XLA service 0x2aaae6fbcee0 executing computations on platform Host. Devices:
2019-05-26 13:04:17.082035: I tensorflow/compiler/xla/service/service.cc:158]   StreamExecutor device (0): <undefined>, <undefined>
2019-05-26 13:04:17.082905: I tensorflow/core/common_runtime/process_util.cc:71] Creating new thread pool with default inter op setting: 2. Tune using inter_op_parallelism_threads for best performance.
evaluating 960 of [960, 970)
attack: step 1/10, xent loss = 0.0605534, l2 loss = 0 (max 14.95), (true 442, predicted [442])
attack: step 2/10, xent loss = 0.06125, l2 loss = 0.447811 (max 14.95), (true 442, predicted [442])
attack: step 3/10, xent loss = 0.361187, l2 loss = 0.568014 (max 14.95), (true 442, predicted [442])
attack: step 4/10, xent loss = 0.283287, l2 loss = 1.71057 (max 14.95), (true 442, predicted [442])
attack: step 5/10, xent loss = 0.154772, l2 loss = 2.30811 (max 14.95), (true 442, predicted [442])
attack: step 6/10, xent loss = 0.43086, l2 loss = 2.50941 (max 14.95), (true 442, predicted [442])
attack: step 7/10, xent loss = 0.328326, l2 loss = 3.06462 (max 14.95), (true 442, predicted [442])
attack: step 8/10, xent loss = 0.571064, l2 loss = 3.45986 (max 14.95), (true 442, predicted [442])
attack: step 9/10, xent loss = 0.807935, l2 loss = 4.18584 (max 14.95), (true 442, predicted [442])
attack: step 10/10, xent loss = 1.50037, l2 loss = 5.11117 (max 14.95), (true 442, predicted [442])
true = 442, adv = 552
evaluating 961 of [960, 970)
attack: step 1/10, xent loss = 7.485, l2 loss = 0 (max 14.95), (true 336, predicted [552])
attack: step 2/10, xent loss = 9.95595, l2 loss = 3.97788 (max 14.95), (true 336, predicted [552])
attack: step 3/10, xent loss = 6.02741, l2 loss = 8.32584 (max 14.95), (true 336, predicted [552])
attack: step 4/10, xent loss = 11.4029, l2 loss = 9.93744 (max 14.95), (true 336, predicted [552])
attack: step 5/10, xent loss = 9.74029, l2 loss = 11.6782 (max 14.95), (true 336, predicted [552])
attack: step 6/10, xent loss = 11.0979, l2 loss = 13.6149 (max 14.95), (true 336, predicted [552])
attack: step 7/10, xent loss = 14.464, l2 loss = 15.202 (max 14.95), (true 336, predicted [552])
attack: step 8/10, xent loss = 14.439, l2 loss = 15.96 (max 14.95), (true 336, predicted [552])
attack: step 9/10, xent loss = 18.0441, l2 loss = 17.2552 (max 14.95), (true 336, predicted [552])
attack: step 10/10, xent loss = 15.6498, l2 loss = 18.3074 (max 14.95), (true 336, predicted [552])
check failed
true = 336, adv = 552
evaluating 962 of [960, 970)
attack: step 1/10, xent loss = 5.5653, l2 loss = 0 (max 14.95), (true 781, predicted [569])
attack: step 2/10, xent loss = 6.29231, l2 loss = 3.69033 (max 14.95), (true 781, predicted [569])
attack: step 3/10, xent loss = 9.18235, l2 loss = 5.40838 (max 14.95), (true 781, predicted [569])
attack: step 4/10, xent loss = 9.71041, l2 loss = 8.79282 (max 14.95), (true 781, predicted [569])
attack: step 5/10, xent loss = 10.6397, l2 loss = 12.1132 (max 14.95), (true 781, predicted [569])
attack: step 6/10, xent loss = 15.9664, l2 loss = 15.1037 (max 14.95), (true 781, predicted [569])
attack: step 7/10, xent loss = 13.465, l2 loss = 16.7375 (max 14.95), (true 781, predicted [569])
attack: step 8/10, xent loss = 16.6504, l2 loss = 19.0091 (max 14.95), (true 781, predicted [569])
attack: step 9/10, xent loss = 15.9803, l2 loss = 19.7359 (max 14.95), (true 781, predicted [569])
attack: step 10/10, xent loss = 18.1427, l2 loss = 21.0316 (max 14.95), (true 781, predicted [569])
check failed
true = 781, adv = 569
evaluating 963 of [960, 970)
attack: step 1/10, xent loss = 3.46886, l2 loss = 0 (max 14.95), (true 863, predicted [645])
attack: step 2/10, xent loss = 0.435044, l2 loss = 6.77501 (max 14.95), (true 863, predicted [863])
attack: step 3/10, xent loss = 2.50777, l2 loss = 6.9194 (max 14.95), (true 863, predicted [645])
attack: step 4/10, xent loss = 5.93477, l2 loss = 9.50031 (max 14.95), (true 863, predicted [645])
attack: step 5/10, xent loss = 6.84086, l2 loss = 12.3286 (max 14.95), (true 863, predicted [645])
attack: step 6/10, xent loss = 9.52751, l2 loss = 13.8849 (max 14.95), (true 863, predicted [645])
attack: step 7/10, xent loss = 13.2946, l2 loss = 15.4906 (max 14.95), (true 863, predicted [645])
attack: step 8/10, xent loss = 11.043, l2 loss = 16.322 (max 14.95), (true 863, predicted [645])
attack: step 9/10, xent loss = 13.0241, l2 loss = 17.0772 (max 14.95), (true 863, predicted [645])
attack: step 10/10, xent loss = 15.4542, l2 loss = 18.3629 (max 14.95), (true 863, predicted [645])
check failed
true = 863, adv = 645
evaluating 964 of [960, 970)
attack: step 1/10, xent loss = 0.00816756, l2 loss = 0 (max 14.95), (true 76, predicted [76])
attack: step 2/10, xent loss = 0.00628459, l2 loss = 0.0866649 (max 14.95), (true 76, predicted [76])
attack: step 3/10, xent loss = 0.0084747, l2 loss = 0.100018 (max 14.95), (true 76, predicted [76])
attack: step 4/10, xent loss = 0.0678699, l2 loss = 0.112194 (max 14.95), (true 76, predicted [76])
attack: step 5/10, xent loss = 0.00362798, l2 loss = 0.434472 (max 14.95), (true 76, predicted [76])
attack: step 6/10, xent loss = 0.439274, l2 loss = 0.435376 (max 14.95), (true 76, predicted [76])
attack: step 7/10, xent loss = 0.0123193, l2 loss = 4.47573 (max 14.95), (true 76, predicted [76])
attack: step 8/10, xent loss = 0.0164984, l2 loss = 4.48204 (max 14.95), (true 76, predicted [76])
attack: step 9/10, xent loss = 0.118502, l2 loss = 4.49108 (max 14.95), (true 76, predicted [76])
attack: step 10/10, xent loss = 2.6999, l2 loss = 4.63627 (max 14.95), (true 76, predicted [552])
true = 76, adv = 552
evaluating 965 of [960, 970)
attack: step 1/10, xent loss = 2.47964, l2 loss = 0 (max 14.95), (true 230, predicted [231])
attack: step 2/10, xent loss = 2.60235, l2 loss = 4.67744 (max 14.95), (true 230, predicted [231])
attack: step 3/10, xent loss = 5.59343, l2 loss = 6.35495 (max 14.95), (true 230, predicted [169])
attack: step 4/10, xent loss = 6.5219, l2 loss = 8.04013 (max 14.95), (true 230, predicted [169])
attack: step 5/10, xent loss = 9.47375, l2 loss = 9.79027 (max 14.95), (true 230, predicted [169])
attack: step 6/10, xent loss = 11.4746, l2 loss = 10.9794 (max 14.95), (true 230, predicted [169])
attack: step 7/10, xent loss = 11.4566, l2 loss = 11.606 (max 14.95), (true 230, predicted [169])
attack: step 8/10, xent loss = 14.6848, l2 loss = 12.4052 (max 14.95), (true 230, predicted [169])
attack: step 9/10, xent loss = 13.5055, l2 loss = 13.1255 (max 14.95), (true 230, predicted [169])
attack: step 10/10, xent loss = 13.8399, l2 loss = 13.987 (max 14.95), (true 230, predicted [169])
true = 230, adv = 169
evaluating 966 of [960, 970)
attack: step 1/10, xent loss = 3.26836, l2 loss = 0 (max 14.95), (true 94, predicted [95])
attack: step 2/10, xent loss = 6.29727, l2 loss = 4.87706 (max 14.95), (true 94, predicted [95])
attack: step 3/10, xent loss = 5.14394, l2 loss = 6.23065 (max 14.95), (true 94, predicted [95])
attack: step 4/10, xent loss = 7.38242, l2 loss = 7.29678 (max 14.95), (true 94, predicted [95])
attack: step 5/10, xent loss = 7.09273, l2 loss = 7.97883 (max 14.95), (true 94, predicted [95])
attack: step 6/10, xent loss = 8.33276, l2 loss = 8.90613 (max 14.95), (true 94, predicted [95])
attack: step 7/10, xent loss = 7.96126, l2 loss = 9.47422 (max 14.95), (true 94, predicted [95])
attack: step 8/10, xent loss = 9.33954, l2 loss = 9.91505 (max 14.95), (true 94, predicted [95])
attack: step 9/10, xent loss = 8.56404, l2 loss = 10.1855 (max 14.95), (true 94, predicted [95])
attack: step 10/10, xent loss = 8.84019, l2 loss = 10.7699 (max 14.95), (true 94, predicted [95])
true = 94, adv = 95
evaluating 967 of [960, 970)
attack: step 1/10, xent loss = 0.388429, l2 loss = 0 (max 14.95), (true 318, predicted [318])
attack: step 2/10, xent loss = 1.31833, l2 loss = 1.52506 (max 14.95), (true 318, predicted [728])
attack: step 3/10, xent loss = 11.3602, l2 loss = 11.0283 (max 14.95), (true 318, predicted [728])
attack: step 4/10, xent loss = 14.0556, l2 loss = 17.2548 (max 14.95), (true 318, predicted [728])
attack: step 5/10, xent loss = 17.4211, l2 loss = 20.1705 (max 14.95), (true 318, predicted [728])
attack: step 6/10, xent loss = 19.2086, l2 loss = 23.46 (max 14.95), (true 318, predicted [728])
attack: step 7/10, xent loss = 23.5962, l2 loss = 26.5361 (max 14.95), (true 318, predicted [728])
attack: step 8/10, xent loss = 22.7555, l2 loss = 29.3406 (max 14.95), (true 318, predicted [728])
attack: step 9/10, xent loss = 27.8033, l2 loss = 31.2364 (max 14.95), (true 318, predicted [728])
attack: step 10/10, xent loss = 25.0585, l2 loss = 33.2333 (max 14.95), (true 318, predicted [728])
check failed
true = 318, adv = 728
evaluating 968 of [960, 970)
attack: step 1/10, xent loss = 0.286996, l2 loss = 0 (max 14.95), (true 797, predicted [797])
attack: step 2/10, xent loss = 0.417915, l2 loss = 0.837432 (max 14.95), (true 797, predicted [797])
attack: step 3/10, xent loss = 0.367691, l2 loss = 1.45609 (max 14.95), (true 797, predicted [797])
attack: step 4/10, xent loss = 0.711914, l2 loss = 1.85633 (max 14.95), (true 797, predicted [797])
attack: step 5/10, xent loss = 1.08522, l2 loss = 2.50484 (max 14.95), (true 797, predicted [797])
attack: step 6/10, xent loss = 1.20997, l2 loss = 3.30713 (max 14.95), (true 797, predicted [797])
attack: step 7/10, xent loss = 1.87906, l2 loss = 4.2157 (max 14.95), (true 797, predicted [797])
attack: step 8/10, xent loss = 2.64162, l2 loss = 5.08636 (max 14.95), (true 797, predicted [431])
attack: step 9/10, xent loss = 2.85341, l2 loss = 6.04472 (max 14.95), (true 797, predicted [431])
attack: step 10/10, xent loss = 3.25886, l2 loss = 6.84638 (max 14.95), (true 797, predicted [431])
true = 797, adv = 431
evaluating 969 of [960, 970)
attack: step 1/10, xent loss = 3.3144, l2 loss = 0 (max 14.95), (true 751, predicted [817])
attack: step 2/10, xent loss = 3.48647, l2 loss = 2.15242 (max 14.95), (true 751, predicted [817])
attack: step 3/10, xent loss = 3.32987, l2 loss = 2.99167 (max 14.95), (true 751, predicted [817])
attack: step 4/10, xent loss = 3.07702, l2 loss = 3.65643 (max 14.95), (true 751, predicted [817])
attack: step 5/10, xent loss = 3.10694, l2 loss = 4.40883 (max 14.95), (true 751, predicted [817])
attack: step 6/10, xent loss = 3.45754, l2 loss = 5.06322 (max 14.95), (true 751, predicted [817])
attack: step 7/10, xent loss = 4.12932, l2 loss = 5.61345 (max 14.95), (true 751, predicted [817])
attack: step 8/10, xent loss = 3.39698, l2 loss = 6.12397 (max 14.95), (true 751, predicted [817])
attack: step 9/10, xent loss = 4.78945, l2 loss = 6.60642 (max 14.95), (true 751, predicted [817])
attack: step 10/10, xent loss = 4.7622, l2 loss = 7.12314 (max 14.95), (true 751, predicted [817])
true = 751, adv = 817
