2019-11-03 23:38:45.124274: I tensorflow/core/platform/cpu_feature_guard.cc:141] Your CPU supports instructions that this TensorFlow binary was not compiled to use: SSE4.1 SSE4.2 AVX AVX2 FMA
2019-11-03 23:38:47.156662: I tensorflow/core/platform/profile_utils/cpu_utils.cc:94] CPU Frequency: 2599995000 Hz
2019-11-03 23:38:47.215867: I tensorflow/compiler/xla/service/service.cc:150] XLA service 0x55555902f9b0 executing computations on platform Host. Devices:
2019-11-03 23:38:47.215923: I tensorflow/compiler/xla/service/service.cc:158]   StreamExecutor device (0): <undefined>, <undefined>
2019-11-03 23:38:47.216325: I tensorflow/core/common_runtime/process_util.cc:71] Creating new thread pool with default inter op setting: 2. Tune using inter_op_parallelism_threads for best performance.
evaluating 120 of [120, 130)
attack: step 1/1, xent loss = 1.89167, l2 loss = 13.697 (max 14.95), (true 125, predicted [112])
true = 125, adv = 309
evaluating 121 of [120, 130)
attack: step 1/1, xent loss = 3.81483, l2 loss = 31.8732 (max 14.95), (true 6, predicted [539])
check failed
true = 6, adv = 728
evaluating 122 of [120, 130)
attack: step 1/1, xent loss = 1.58233, l2 loss = 24.7293 (max 14.95), (true 190, predicted [190])
check failed
true = 190, adv = 728
evaluating 123 of [120, 130)
attack: step 1/1, xent loss = 1.19397, l2 loss = 17.9657 (max 14.95), (true 712, predicted [712])
check failed
true = 712, adv = 599
evaluating 124 of [120, 130)
attack: step 1/1, xent loss = 5.20817, l2 loss = 16.2166 (max 14.95), (true 502, predicted [121])
check failed
true = 502, adv = 121
evaluating 125 of [120, 130)
attack: step 1/1, xent loss = 2.18053, l2 loss = 30.2788 (max 14.95), (true 581, predicted [581])
check failed
true = 581, adv = 830
evaluating 126 of [120, 130)
attack: step 1/1, xent loss = 6.01828, l2 loss = 13.8864 (max 14.95), (true 59, predicted [753])
true = 59, adv = 645
evaluating 127 of [120, 130)
attack: step 1/1, xent loss = 0.173666, l2 loss = 19.9626 (max 14.95), (true 383, predicted [383])
check failed
true = 383, adv = 728
evaluating 128 of [120, 130)
attack: step 1/1, xent loss = 0.450157, l2 loss = 23.3783 (max 14.95), (true 361, predicted [361])
check failed
true = 361, adv = 728
evaluating 129 of [120, 130)
attack: step 1/1, xent loss = 0.0612431, l2 loss = 33.0746 (max 14.95), (true 295, predicted [295])
check failed
true = 295, adv = 728
