2019-06-04 16:01:06.732562: I tensorflow/core/platform/cpu_feature_guard.cc:141] Your CPU supports instructions that this TensorFlow binary was not compiled to use: SSE4.1 SSE4.2 AVX AVX2 FMA
2019-06-04 16:01:06.836924: I tensorflow/core/platform/profile_utils/cpu_utils.cc:94] CPU Frequency: 2599990000 Hz
2019-06-04 16:01:06.847526: I tensorflow/compiler/xla/service/service.cc:150] XLA service 0x2aaae6bbfe10 executing computations on platform Host. Devices:
2019-06-04 16:01:06.847573: I tensorflow/compiler/xla/service/service.cc:158]   StreamExecutor device (0): <undefined>, <undefined>
2019-06-04 16:01:06.847911: I tensorflow/core/common_runtime/process_util.cc:71] Creating new thread pool with default inter op setting: 2. Tune using inter_op_parallelism_threads for best performance.
evaluating 600 of [600, 610)
attack: step 1/10, xent loss = 1.65715, l2 loss = 0 (max 14.95), (true 255, predicted [255])
attack: step 2/10, xent loss = 4.196, l2 loss = 5.74069 (max 14.95), (true 255, predicted [238])
attack: step 3/10, xent loss = 5.38639, l2 loss = 7.38674 (max 14.95), (true 255, predicted [345])
attack: step 4/10, xent loss = 6.77951, l2 loss = 8.77421 (max 14.95), (true 255, predicted [570])
attack: step 5/10, xent loss = 7.38898, l2 loss = 9.35022 (max 14.95), (true 255, predicted [345])
attack: step 6/10, xent loss = 8.12649, l2 loss = 10.3031 (max 14.95), (true 255, predicted [345])
attack: step 7/10, xent loss = 8.94181, l2 loss = 12.1133 (max 14.95), (true 255, predicted [570])
attack: step 8/10, xent loss = 8.88764, l2 loss = 12.667 (max 14.95), (true 255, predicted [345])
attack: step 9/10, xent loss = 10.3141, l2 loss = 13.1844 (max 14.95), (true 255, predicted [345])
attack: step 10/10, xent loss = 10.0912, l2 loss = 14.1541 (max 14.95), (true 255, predicted [345])
check failed
true = 255, adv = 690
evaluating 601 of [600, 610)
attack: step 1/10, xent loss = 0.62726, l2 loss = 0 (max 14.95), (true 342, predicted [342])
attack: step 2/10, xent loss = 4.10846, l2 loss = 3.25667 (max 14.95), (true 342, predicted [51])
attack: step 3/10, xent loss = 9.13817, l2 loss = 8.42595 (max 14.95), (true 342, predicted [728])
attack: step 4/10, xent loss = 10.7776, l2 loss = 10.2959 (max 14.95), (true 342, predicted [728])
attack: step 5/10, xent loss = 14.6944, l2 loss = 12.0246 (max 14.95), (true 342, predicted [552])
attack: step 6/10, xent loss = 18.9544, l2 loss = 15.3015 (max 14.95), (true 342, predicted [552])
attack: step 7/10, xent loss = 25.4285, l2 loss = 18.4249 (max 14.95), (true 342, predicted [552])
attack: step 8/10, xent loss = 27.1754, l2 loss = 21.9609 (max 14.95), (true 342, predicted [552])
attack: step 9/10, xent loss = 28.8794, l2 loss = 26.1871 (max 14.95), (true 342, predicted [552])
attack: step 10/10, xent loss = 35.5365, l2 loss = 27.7629 (max 14.95), (true 342, predicted [552])
check failed
true = 342, adv = 552
evaluating 602 of [600, 610)
attack: step 1/10, xent loss = 3.64557, l2 loss = 0 (max 14.95), (true 774, predicted [502])
attack: step 2/10, xent loss = 5.55671, l2 loss = 3.7286 (max 14.95), (true 774, predicted [502])
attack: step 3/10, xent loss = 5.44963, l2 loss = 4.78556 (max 14.95), (true 774, predicted [502])
attack: step 4/10, xent loss = 6.41841, l2 loss = 6.15131 (max 14.95), (true 774, predicted [502])
attack: step 5/10, xent loss = 6.93046, l2 loss = 7.00483 (max 14.95), (true 774, predicted [797])
attack: step 6/10, xent loss = 8.69234, l2 loss = 7.83582 (max 14.95), (true 774, predicted [796])
attack: step 7/10, xent loss = 8.532, l2 loss = 8.33012 (max 14.95), (true 774, predicted [797])
attack: step 8/10, xent loss = 10.0685, l2 loss = 9.3889 (max 14.95), (true 774, predicted [796])
attack: step 9/10, xent loss = 11.6423, l2 loss = 10.8155 (max 14.95), (true 774, predicted [796])
attack: step 10/10, xent loss = 10.6597, l2 loss = 12.4268 (max 14.95), (true 774, predicted [796])
true = 774, adv = 796
evaluating 603 of [600, 610)
attack: step 1/10, xent loss = 0.0172347, l2 loss = 0 (max 14.95), (true 111, predicted [111])
attack: step 2/10, xent loss = 0.150709, l2 loss = 0.115725 (max 14.95), (true 111, predicted [111])
attack: step 3/10, xent loss = 0.3758, l2 loss = 0.887452 (max 14.95), (true 111, predicted [111])
attack: step 4/10, xent loss = 3.61941, l2 loss = 2.46577 (max 14.95), (true 111, predicted [728])
attack: step 5/10, xent loss = 7.21244, l2 loss = 7.89626 (max 14.95), (true 111, predicted [728])
attack: step 6/10, xent loss = 12.8113, l2 loss = 10.5287 (max 14.95), (true 111, predicted [728])
attack: step 7/10, xent loss = 10.6936, l2 loss = 14.2053 (max 14.95), (true 111, predicted [728])
attack: step 8/10, xent loss = 19.6178, l2 loss = 17.0966 (max 14.95), (true 111, predicted [728])
attack: step 9/10, xent loss = 20.6327, l2 loss = 20.9145 (max 14.95), (true 111, predicted [728])
attack: step 10/10, xent loss = 25.9084, l2 loss = 22.8421 (max 14.95), (true 111, predicted [728])
check failed
true = 111, adv = 728
evaluating 604 of [600, 610)
attack: step 1/10, xent loss = 2.59956, l2 loss = 0 (max 14.95), (true 746, predicted [746])
attack: step 2/10, xent loss = 4.23597, l2 loss = 6.00567 (max 14.95), (true 746, predicted [629])
attack: step 3/10, xent loss = 6.77154, l2 loss = 9.35454 (max 14.95), (true 746, predicted [898])
attack: step 4/10, xent loss = 8.37928, l2 loss = 11.2985 (max 14.95), (true 746, predicted [488])
attack: step 5/10, xent loss = 11.5856, l2 loss = 12.6163 (max 14.95), (true 746, predicted [898])
attack: step 6/10, xent loss = 11.6641, l2 loss = 14.7131 (max 14.95), (true 746, predicted [898])
attack: step 7/10, xent loss = 15.2723, l2 loss = 17.2807 (max 14.95), (true 746, predicted [898])
attack: step 8/10, xent loss = 16.3145, l2 loss = 19.0019 (max 14.95), (true 746, predicted [898])
attack: step 9/10, xent loss = 19.4486, l2 loss = 20.5423 (max 14.95), (true 746, predicted [898])
attack: step 10/10, xent loss = 20.9809, l2 loss = 21.4008 (max 14.95), (true 746, predicted [898])
check failed
true = 746, adv = 898
evaluating 605 of [600, 610)
attack: step 1/10, xent loss = 0.462203, l2 loss = 0 (max 14.95), (true 700, predicted [700])
attack: step 2/10, xent loss = 1.11056, l2 loss = 2.44116 (max 14.95), (true 700, predicted [999])
attack: step 3/10, xent loss = 1.65872, l2 loss = 4.14434 (max 14.95), (true 700, predicted [999])
attack: step 4/10, xent loss = 2.61854, l2 loss = 5.7564 (max 14.95), (true 700, predicted [999])
attack: step 5/10, xent loss = 3.3586, l2 loss = 7.71272 (max 14.95), (true 700, predicted [999])
attack: step 6/10, xent loss = 3.59871, l2 loss = 8.85934 (max 14.95), (true 700, predicted [999])
attack: step 7/10, xent loss = 6.57987, l2 loss = 10.2447 (max 14.95), (true 700, predicted [999])
attack: step 8/10, xent loss = 8.42316, l2 loss = 11.8428 (max 14.95), (true 700, predicted [999])
attack: step 9/10, xent loss = 8.06922, l2 loss = 12.8121 (max 14.95), (true 700, predicted [999])
attack: step 10/10, xent loss = 7.78276, l2 loss = 14.1582 (max 14.95), (true 700, predicted [999])
check failed
true = 700, adv = 999
evaluating 606 of [600, 610)
attack: step 1/10, xent loss = 0.339709, l2 loss = 0 (max 14.95), (true 735, predicted [735])
attack: step 2/10, xent loss = 0.715193, l2 loss = 1.2367 (max 14.95), (true 735, predicted [735])
attack: step 3/10, xent loss = 1.22554, l2 loss = 2.48137 (max 14.95), (true 735, predicted [735])
attack: step 4/10, xent loss = 2.59947, l2 loss = 3.48837 (max 14.95), (true 735, predicted [689])
attack: step 5/10, xent loss = 3.29245, l2 loss = 5.36467 (max 14.95), (true 735, predicted [689])
attack: step 6/10, xent loss = 5.43066, l2 loss = 6.81606 (max 14.95), (true 735, predicted [461])
attack: step 7/10, xent loss = 7.3854, l2 loss = 8.03391 (max 14.95), (true 735, predicted [461])
attack: step 8/10, xent loss = 8.41604, l2 loss = 9.34273 (max 14.95), (true 735, predicted [461])
attack: step 9/10, xent loss = 9.08913, l2 loss = 11.0149 (max 14.95), (true 735, predicted [461])
attack: step 10/10, xent loss = 11.1537, l2 loss = 12.0673 (max 14.95), (true 735, predicted [461])
true = 735, adv = 461
evaluating 607 of [600, 610)
attack: step 1/10, xent loss = 1.64971, l2 loss = 0 (max 14.95), (true 893, predicted [709])
attack: step 2/10, xent loss = 3.17593, l2 loss = 2.35739 (max 14.95), (true 893, predicted [868])
attack: step 3/10, xent loss = 3.446, l2 loss = 5.2594 (max 14.95), (true 893, predicted [748])
attack: step 4/10, xent loss = 3.46174, l2 loss = 6.13267 (max 14.95), (true 893, predicted [868])
attack: step 5/10, xent loss = 4.69244, l2 loss = 7.16176 (max 14.95), (true 893, predicted [868])
attack: step 6/10, xent loss = 7.67164, l2 loss = 8.33546 (max 14.95), (true 893, predicted [868])
attack: step 7/10, xent loss = 7.59654, l2 loss = 9.89043 (max 14.95), (true 893, predicted [868])
attack: step 8/10, xent loss = 6.67798, l2 loss = 10.7362 (max 14.95), (true 893, predicted [868])
attack: step 9/10, xent loss = 7.13406, l2 loss = 11.9702 (max 14.95), (true 893, predicted [868])
attack: step 10/10, xent loss = 8.36025, l2 loss = 13.3107 (max 14.95), (true 893, predicted [868])
true = 893, adv = 868
evaluating 608 of [600, 610)
attack: step 1/10, xent loss = 3.33637, l2 loss = 0 (max 14.95), (true 571, predicted [412])
attack: step 2/10, xent loss = 3.28393, l2 loss = 5.05413 (max 14.95), (true 571, predicted [412])
attack: step 3/10, xent loss = 6.38525, l2 loss = 6.74865 (max 14.95), (true 571, predicted [700])
attack: step 4/10, xent loss = 11.4946, l2 loss = 11.1234 (max 14.95), (true 571, predicted [700])
attack: step 5/10, xent loss = 15.2811, l2 loss = 14.9094 (max 14.95), (true 571, predicted [700])
attack: step 6/10, xent loss = 18.2179, l2 loss = 17.2852 (max 14.95), (true 571, predicted [700])
attack: step 7/10, xent loss = 21.4728, l2 loss = 19.5031 (max 14.95), (true 571, predicted [700])
attack: step 8/10, xent loss = 21.4991, l2 loss = 21.6626 (max 14.95), (true 571, predicted [700])
attack: step 9/10, xent loss = 26.1541, l2 loss = 23.6244 (max 14.95), (true 571, predicted [700])
attack: step 10/10, xent loss = 29.9419, l2 loss = 25.2726 (max 14.95), (true 571, predicted [700])
check failed
true = 571, adv = 700
evaluating 609 of [600, 610)
attack: step 1/10, xent loss = 1.51626, l2 loss = 0 (max 14.95), (true 288, predicted [290])
attack: step 2/10, xent loss = 2.66754, l2 loss = 1.90211 (max 14.95), (true 288, predicted [290])
attack: step 3/10, xent loss = 2.70616, l2 loss = 3.35926 (max 14.95), (true 288, predicted [290])
attack: step 4/10, xent loss = 2.97242, l2 loss = 5.67502 (max 14.95), (true 288, predicted [290])
attack: step 5/10, xent loss = 5.1734, l2 loss = 6.3705 (max 14.95), (true 288, predicted [868])
attack: step 6/10, xent loss = 7.12922, l2 loss = 7.4779 (max 14.95), (true 288, predicted [994])
attack: step 7/10, xent loss = 7.3571, l2 loss = 7.83331 (max 14.95), (true 288, predicted [728])
attack: step 8/10, xent loss = 7.7836, l2 loss = 8.21095 (max 14.95), (true 288, predicted [728])
attack: step 9/10, xent loss = 7.86937, l2 loss = 8.45496 (max 14.95), (true 288, predicted [728])
attack: step 10/10, xent loss = 8.11882, l2 loss = 8.73458 (max 14.95), (true 288, predicted [956])
true = 288, adv = 728
