2019-07-01 00:07:16.445856: I tensorflow/core/platform/cpu_feature_guard.cc:141] Your CPU supports instructions that this TensorFlow binary was not compiled to use: SSE4.1 SSE4.2 AVX AVX2 FMA
2019-07-01 00:07:16.453322: I tensorflow/core/platform/profile_utils/cpu_utils.cc:94] CPU Frequency: 2599750000 Hz
2019-07-01 00:07:16.453404: I tensorflow/compiler/xla/service/service.cc:150] XLA service 0x2aaae6fbd870 executing computations on platform Host. Devices:
2019-07-01 00:07:16.453417: I tensorflow/compiler/xla/service/service.cc:158]   StreamExecutor device (0): <undefined>, <undefined>
2019-07-01 00:07:16.453566: I tensorflow/core/common_runtime/process_util.cc:71] Creating new thread pool with default inter op setting: 2. Tune using inter_op_parallelism_threads for best performance.
evaluating 710 of [710, 720)
attack: step 1/10, xent loss = 7.39356, l2 loss = 9.50459 (max 14.95), (true 824, predicted [750])
attack: step 2/10, xent loss = 8.24963, l2 loss = 10.0026 (max 14.95), (true 824, predicted [868])
attack: step 3/10, xent loss = 7.55637, l2 loss = 10.302 (max 14.95), (true 824, predicted [879])
attack: step 4/10, xent loss = 7.92757, l2 loss = 10.8174 (max 14.95), (true 824, predicted [868])
attack: step 5/10, xent loss = 7.58618, l2 loss = 11.2801 (max 14.95), (true 824, predicted [868])
attack: step 6/10, xent loss = 7.2969, l2 loss = 11.6042 (max 14.95), (true 824, predicted [701])
attack: step 7/10, xent loss = 8.84829, l2 loss = 12.0147 (max 14.95), (true 824, predicted [868])
attack: step 8/10, xent loss = 6.77271, l2 loss = 13.0785 (max 14.95), (true 824, predicted [557])
attack: step 9/10, xent loss = 6.84488, l2 loss = 13.2858 (max 14.95), (true 824, predicted [750])
attack: step 10/10, xent loss = 7.86103, l2 loss = 13.6973 (max 14.95), (true 824, predicted [868])
true = 824, adv = 868
evaluating 711 of [710, 720)
attack: step 1/10, xent loss = 9.24765, l2 loss = 6.28692 (max 14.95), (true 15, predicted [701])
attack: step 2/10, xent loss = 8.63376, l2 loss = 6.87592 (max 14.95), (true 15, predicted [701])
attack: step 3/10, xent loss = 8.94777, l2 loss = 7.14654 (max 14.95), (true 15, predicted [701])
attack: step 4/10, xent loss = 9.69039, l2 loss = 7.60422 (max 14.95), (true 15, predicted [723])
attack: step 5/10, xent loss = 8.61719, l2 loss = 8.06211 (max 14.95), (true 15, predicted [723])
attack: step 6/10, xent loss = 9.17157, l2 loss = 8.35008 (max 14.95), (true 15, predicted [701])
attack: step 7/10, xent loss = 8.5317, l2 loss = 8.62479 (max 14.95), (true 15, predicted [701])
attack: step 8/10, xent loss = 9.43428, l2 loss = 8.87705 (max 14.95), (true 15, predicted [701])
attack: step 9/10, xent loss = 8.98405, l2 loss = 9.18875 (max 14.95), (true 15, predicted [723])
attack: step 10/10, xent loss = 8.72237, l2 loss = 9.47455 (max 14.95), (true 15, predicted [701])
true = 15, adv = 701
evaluating 712 of [710, 720)
attack: step 1/10, xent loss = 7.11682, l2 loss = 6.47283 (max 14.95), (true 263, predicted [723])
attack: step 2/10, xent loss = 7.99273, l2 loss = 6.87818 (max 14.95), (true 263, predicted [723])
attack: step 3/10, xent loss = 8.13439, l2 loss = 7.63728 (max 14.95), (true 263, predicted [723])
attack: step 4/10, xent loss = 7.46115, l2 loss = 8.09801 (max 14.95), (true 263, predicted [723])
attack: step 5/10, xent loss = 7.96526, l2 loss = 8.30911 (max 14.95), (true 263, predicted [723])
attack: step 6/10, xent loss = 7.63647, l2 loss = 8.86942 (max 14.95), (true 263, predicted [723])
attack: step 7/10, xent loss = 7.64842, l2 loss = 9.07711 (max 14.95), (true 263, predicted [723])
attack: step 8/10, xent loss = 8.00358, l2 loss = 9.31186 (max 14.95), (true 263, predicted [723])
attack: step 9/10, xent loss = 8.24792, l2 loss = 9.51771 (max 14.95), (true 263, predicted [723])
attack: step 10/10, xent loss = 8.28575, l2 loss = 10.0893 (max 14.95), (true 263, predicted [723])
true = 263, adv = 723
evaluating 713 of [710, 720)
attack: step 1/10, xent loss = 8.54593, l2 loss = 11.0514 (max 14.95), (true 792, predicted [782])
attack: step 2/10, xent loss = 7.36472, l2 loss = 11.473 (max 14.95), (true 792, predicted [782])
attack: step 3/10, xent loss = 7.98025, l2 loss = 12.0235 (max 14.95), (true 792, predicted [782])
attack: step 4/10, xent loss = 7.63339, l2 loss = 12.8238 (max 14.95), (true 792, predicted [728])
attack: step 5/10, xent loss = 7.93396, l2 loss = 13.1769 (max 14.95), (true 792, predicted [728])
attack: step 6/10, xent loss = 9.03681, l2 loss = 13.5037 (max 14.95), (true 792, predicted [664])
attack: step 7/10, xent loss = 7.97457, l2 loss = 14.0421 (max 14.95), (true 792, predicted [782])
attack: step 8/10, xent loss = 8.75719, l2 loss = 14.4826 (max 14.95), (true 792, predicted [851])
attack: step 9/10, xent loss = 8.68267, l2 loss = 15.3446 (max 14.95), (true 792, predicted [782])
attack: step 10/10, xent loss = 9.06299, l2 loss = 15.823 (max 14.95), (true 792, predicted [782])
check failed
true = 792, adv = 782
evaluating 714 of [710, 720)
attack: step 1/10, xent loss = 4.73487, l2 loss = 10.5237 (max 14.95), (true 643, predicted [607])
attack: step 2/10, xent loss = 4.75678, l2 loss = 10.9902 (max 14.95), (true 643, predicted [607])
attack: step 3/10, xent loss = 4.68004, l2 loss = 11.4645 (max 14.95), (true 643, predicted [607])
attack: step 4/10, xent loss = 5.09089, l2 loss = 11.9509 (max 14.95), (true 643, predicted [723])
attack: step 5/10, xent loss = 3.45791, l2 loss = 12.4208 (max 14.95), (true 643, predicted [607])
attack: step 6/10, xent loss = 1.01621, l2 loss = 13.1789 (max 14.95), (true 643, predicted [643])
attack: step 7/10, xent loss = 5.98632, l2 loss = 13.3487 (max 14.95), (true 643, predicted [645])
attack: step 8/10, xent loss = 4.93377, l2 loss = 13.5472 (max 14.95), (true 643, predicted [728])
attack: step 9/10, xent loss = 6.50142, l2 loss = 14.2653 (max 14.95), (true 643, predicted [645])
attack: step 10/10, xent loss = 5.09108, l2 loss = 14.4103 (max 14.95), (true 643, predicted [728])
true = 643, adv = 607
evaluating 715 of [710, 720)
attack: step 1/10, xent loss = 7.24361, l2 loss = 5.95268 (max 14.95), (true 580, predicted [723])
attack: step 2/10, xent loss = 8.46455, l2 loss = 6.39517 (max 14.95), (true 580, predicted [723])
attack: step 3/10, xent loss = 7.72114, l2 loss = 7.21307 (max 14.95), (true 580, predicted [723])
attack: step 4/10, xent loss = 7.20578, l2 loss = 7.69926 (max 14.95), (true 580, predicted [723])
attack: step 5/10, xent loss = 6.68968, l2 loss = 7.87569 (max 14.95), (true 580, predicted [723])
attack: step 6/10, xent loss = 7.56962, l2 loss = 8.05398 (max 14.95), (true 580, predicted [723])
attack: step 7/10, xent loss = 7.73558, l2 loss = 8.39166 (max 14.95), (true 580, predicted [723])
attack: step 8/10, xent loss = 6.35895, l2 loss = 8.8659 (max 14.95), (true 580, predicted [723])
attack: step 9/10, xent loss = 7.82116, l2 loss = 9.00007 (max 14.95), (true 580, predicted [723])
attack: step 10/10, xent loss = 7.14896, l2 loss = 9.33515 (max 14.95), (true 580, predicted [723])
true = 580, adv = 723
evaluating 716 of [710, 720)
attack: step 1/10, xent loss = 8.42296, l2 loss = 6.26795 (max 14.95), (true 866, predicted [478])
attack: step 2/10, xent loss = 7.91101, l2 loss = 6.43215 (max 14.95), (true 866, predicted [478])
attack: step 3/10, xent loss = 8.26606, l2 loss = 6.69196 (max 14.95), (true 866, predicted [478])
attack: step 4/10, xent loss = 9.51936, l2 loss = 6.93413 (max 14.95), (true 866, predicted [478])
attack: step 5/10, xent loss = 7.7578, l2 loss = 7.90874 (max 14.95), (true 866, predicted [478])
attack: step 6/10, xent loss = 8.23602, l2 loss = 8.14973 (max 14.95), (true 866, predicted [478])
attack: step 7/10, xent loss = 7.9881, l2 loss = 8.28878 (max 14.95), (true 866, predicted [478])
attack: step 8/10, xent loss = 8.33062, l2 loss = 8.89719 (max 14.95), (true 866, predicted [478])
attack: step 9/10, xent loss = 7.63275, l2 loss = 9.11346 (max 14.95), (true 866, predicted [478])
attack: step 10/10, xent loss = 8.93323, l2 loss = 9.41847 (max 14.95), (true 866, predicted [478])
true = 866, adv = 478
evaluating 717 of [710, 720)
attack: step 1/10, xent loss = 8.21114, l2 loss = 4.3123 (max 14.95), (true 217, predicted [728])
attack: step 2/10, xent loss = 8.06904, l2 loss = 4.55091 (max 14.95), (true 217, predicted [478])
attack: step 3/10, xent loss = 8.03882, l2 loss = 4.84532 (max 14.95), (true 217, predicted [478])
attack: step 4/10, xent loss = 7.98644, l2 loss = 5.0197 (max 14.95), (true 217, predicted [478])
attack: step 5/10, xent loss = 8.09953, l2 loss = 5.13804 (max 14.95), (true 217, predicted [478])
attack: step 6/10, xent loss = 8.22864, l2 loss = 5.3079 (max 14.95), (true 217, predicted [478])
attack: step 7/10, xent loss = 7.82829, l2 loss = 5.53135 (max 14.95), (true 217, predicted [478])
attack: step 8/10, xent loss = 8.72962, l2 loss = 5.65811 (max 14.95), (true 217, predicted [478])
attack: step 9/10, xent loss = 8.54217, l2 loss = 5.93366 (max 14.95), (true 217, predicted [478])
attack: step 10/10, xent loss = 8.13627, l2 loss = 6.11451 (max 14.95), (true 217, predicted [478])
true = 217, adv = 478
evaluating 718 of [710, 720)
attack: step 1/10, xent loss = 7.35101, l2 loss = 10.3601 (max 14.95), (true 872, predicted [723])
attack: step 2/10, xent loss = 6.43781, l2 loss = 11.7917 (max 14.95), (true 872, predicted [723])
attack: step 3/10, xent loss = 6.43658, l2 loss = 12.1482 (max 14.95), (true 872, predicted [723])
attack: step 4/10, xent loss = 7.1322, l2 loss = 12.6613 (max 14.95), (true 872, predicted [723])
attack: step 5/10, xent loss = 7.17411, l2 loss = 13.9684 (max 14.95), (true 872, predicted [723])
attack: step 6/10, xent loss = 9.20606, l2 loss = 14.3962 (max 14.95), (true 872, predicted [723])
attack: step 7/10, xent loss = 6.6613, l2 loss = 15.3893 (max 14.95), (true 872, predicted [723])
attack: step 8/10, xent loss = 7.85398, l2 loss = 16.0611 (max 14.95), (true 872, predicted [723])
attack: step 9/10, xent loss = 7.79508, l2 loss = 16.8155 (max 14.95), (true 872, predicted [723])
attack: step 10/10, xent loss = 8.25827, l2 loss = 17.829 (max 14.95), (true 872, predicted [723])
check failed
true = 872, adv = 723
evaluating 719 of [710, 720)
attack: step 1/10, xent loss = 9.36033, l2 loss = 23.7372 (max 14.95), (true 767, predicted [879])
attack: step 2/10, xent loss = 9.88033, l2 loss = 24.7812 (max 14.95), (true 767, predicted [879])
attack: step 3/10, xent loss = 8.04029, l2 loss = 25.8705 (max 14.95), (true 767, predicted [879])
attack: step 4/10, xent loss = 8.16922, l2 loss = 26.4185 (max 14.95), (true 767, predicted [879])
attack: step 5/10, xent loss = 10.8337, l2 loss = 27.1175 (max 14.95), (true 767, predicted [879])
attack: step 6/10, xent loss = 8.52874, l2 loss = 28.3001 (max 14.95), (true 767, predicted [879])
attack: step 7/10, xent loss = 11.0675, l2 loss = 28.9131 (max 14.95), (true 767, predicted [879])
attack: step 8/10, xent loss = 10.4035, l2 loss = 29.6194 (max 14.95), (true 767, predicted [879])
attack: step 9/10, xent loss = 8.78129, l2 loss = 30.8023 (max 14.95), (true 767, predicted [879])
attack: step 10/10, xent loss = 7.45702, l2 loss = 31.3501 (max 14.95), (true 767, predicted [879])
check failed
true = 767, adv = 879
