2019-05-27 13:33:33.088669: I tensorflow/core/platform/cpu_feature_guard.cc:141] Your CPU supports instructions that this TensorFlow binary was not compiled to use: SSE4.1 SSE4.2 AVX AVX2 FMA
2019-05-27 13:33:33.332237: I tensorflow/core/platform/profile_utils/cpu_utils.cc:94] CPU Frequency: 2600190000 Hz
2019-05-27 13:33:33.333738: I tensorflow/compiler/xla/service/service.cc:150] XLA service 0x2aaae6ac0c50 executing computations on platform Host. Devices:
2019-05-27 13:33:33.333868: I tensorflow/compiler/xla/service/service.cc:158]   StreamExecutor device (0): <undefined>, <undefined>
2019-05-27 13:33:33.337008: I tensorflow/core/common_runtime/process_util.cc:71] Creating new thread pool with default inter op setting: 2. Tune using inter_op_parallelism_threads for best performance.
evaluating 570 of [570, 580)
attack: step 1/10, xent loss = 0.401089, l2 loss = 0 (max 14.95), (true 897, predicted [897])
attack: step 2/10, xent loss = 0.809891, l2 loss = 1.28018 (max 14.95), (true 897, predicted [897])
attack: step 3/10, xent loss = 1.72307, l2 loss = 2.6345 (max 14.95), (true 897, predicted [720])
attack: step 4/10, xent loss = 4.20298, l2 loss = 4.87796 (max 14.95), (true 897, predicted [720])
attack: step 5/10, xent loss = 8.62683, l2 loss = 7.41139 (max 14.95), (true 897, predicted [720])
attack: step 6/10, xent loss = 9.45768, l2 loss = 9.69832 (max 14.95), (true 897, predicted [720])
attack: step 7/10, xent loss = 12.8347, l2 loss = 11.7028 (max 14.95), (true 897, predicted [720])
attack: step 8/10, xent loss = 13.6695, l2 loss = 13.1374 (max 14.95), (true 897, predicted [720])
attack: step 9/10, xent loss = 15.9618, l2 loss = 14.7738 (max 14.95), (true 897, predicted [720])
attack: step 10/10, xent loss = 17.1263, l2 loss = 15.3883 (max 14.95), (true 897, predicted [720])
check failed
true = 897, adv = 720
evaluating 571 of [570, 580)
attack: step 1/10, xent loss = 1.29101, l2 loss = 0 (max 14.95), (true 316, predicted [316])
attack: step 2/10, xent loss = 3.9462, l2 loss = 4.02314 (max 14.95), (true 316, predicted [309])
attack: step 3/10, xent loss = 5.44336, l2 loss = 6.73687 (max 14.95), (true 316, predicted [309])
attack: step 4/10, xent loss = 6.53395, l2 loss = 8.56227 (max 14.95), (true 316, predicted [309])
attack: step 5/10, xent loss = 9.22859, l2 loss = 10.3501 (max 14.95), (true 316, predicted [309])
attack: step 6/10, xent loss = 9.44578, l2 loss = 11.3853 (max 14.95), (true 316, predicted [309])
attack: step 7/10, xent loss = 9.62948, l2 loss = 12.3316 (max 14.95), (true 316, predicted [309])
attack: step 8/10, xent loss = 10.6887, l2 loss = 13.5404 (max 14.95), (true 316, predicted [309])
attack: step 9/10, xent loss = 12.3019, l2 loss = 14.7839 (max 14.95), (true 316, predicted [410])
attack: step 10/10, xent loss = 16.4704, l2 loss = 16.3699 (max 14.95), (true 316, predicted [410])
check failed
true = 316, adv = 410
evaluating 572 of [570, 580)
attack: step 1/10, xent loss = 1.68734, l2 loss = 0 (max 14.95), (true 587, predicted [740])
attack: step 2/10, xent loss = 3.02569, l2 loss = 3.36233 (max 14.95), (true 587, predicted [740])
attack: step 3/10, xent loss = 5.28006, l2 loss = 5.10077 (max 14.95), (true 587, predicted [740])
attack: step 4/10, xent loss = 2.64267, l2 loss = 6.06386 (max 14.95), (true 587, predicted [740])
attack: step 5/10, xent loss = 3.44476, l2 loss = 7.02646 (max 14.95), (true 587, predicted [740])
attack: step 6/10, xent loss = 4.71651, l2 loss = 8.21363 (max 14.95), (true 587, predicted [740])
attack: step 7/10, xent loss = 4.2589, l2 loss = 9.04662 (max 14.95), (true 587, predicted [740])
attack: step 8/10, xent loss = 4.83041, l2 loss = 9.88887 (max 14.95), (true 587, predicted [740])
attack: step 9/10, xent loss = 6.4757, l2 loss = 10.5482 (max 14.95), (true 587, predicted [740])
attack: step 10/10, xent loss = 6.74808, l2 loss = 11.2111 (max 14.95), (true 587, predicted [740])
true = 587, adv = 740
evaluating 573 of [570, 580)
attack: step 1/10, xent loss = 3.20283, l2 loss = 0 (max 14.95), (true 189, predicted [190])
attack: step 2/10, xent loss = 3.25361, l2 loss = 2.79282 (max 14.95), (true 189, predicted [190])
attack: step 3/10, xent loss = 2.8439, l2 loss = 4.56826 (max 14.95), (true 189, predicted [188])
attack: step 4/10, xent loss = 5.1482, l2 loss = 5.21023 (max 14.95), (true 189, predicted [190])
attack: step 5/10, xent loss = 4.3742, l2 loss = 6.05989 (max 14.95), (true 189, predicted [190])
attack: step 6/10, xent loss = 4.92286, l2 loss = 6.9078 (max 14.95), (true 189, predicted [190])
attack: step 7/10, xent loss = 7.4157, l2 loss = 8.66126 (max 14.95), (true 189, predicted [246])
attack: step 8/10, xent loss = 8.74632, l2 loss = 9.31408 (max 14.95), (true 189, predicted [242])
attack: step 9/10, xent loss = 8.71614, l2 loss = 9.98788 (max 14.95), (true 189, predicted [246])
attack: step 10/10, xent loss = 9.60515, l2 loss = 10.4563 (max 14.95), (true 189, predicted [242])
true = 189, adv = 242
evaluating 574 of [570, 580)
attack: step 1/10, xent loss = 7.86472, l2 loss = 0 (max 14.95), (true 885, predicted [664])
attack: step 2/10, xent loss = 7.93019, l2 loss = 3.77336 (max 14.95), (true 885, predicted [664])
attack: step 3/10, xent loss = 7.60505, l2 loss = 5.53884 (max 14.95), (true 885, predicted [664])
attack: step 4/10, xent loss = 7.58495, l2 loss = 6.43866 (max 14.95), (true 885, predicted [664])
attack: step 5/10, xent loss = 8.1409, l2 loss = 7.50556 (max 14.95), (true 885, predicted [664])
attack: step 6/10, xent loss = 8.28376, l2 loss = 8.54534 (max 14.95), (true 885, predicted [664])
attack: step 7/10, xent loss = 8.7561, l2 loss = 9.33515 (max 14.95), (true 885, predicted [664])
attack: step 8/10, xent loss = 8.82584, l2 loss = 9.80506 (max 14.95), (true 885, predicted [664])
attack: step 9/10, xent loss = 8.79716, l2 loss = 10.2978 (max 14.95), (true 885, predicted [664])
attack: step 10/10, xent loss = 8.30573, l2 loss = 10.7619 (max 14.95), (true 885, predicted [664])
true = 885, adv = 664
evaluating 575 of [570, 580)
attack: step 1/10, xent loss = 0.160494, l2 loss = 0 (max 14.95), (true 264, predicted [264])
attack: step 2/10, xent loss = 0.183634, l2 loss = 0.608123 (max 14.95), (true 264, predicted [264])
attack: step 3/10, xent loss = 0.267317, l2 loss = 0.954221 (max 14.95), (true 264, predicted [264])
attack: step 4/10, xent loss = 0.493424, l2 loss = 1.27883 (max 14.95), (true 264, predicted [264])
attack: step 5/10, xent loss = 0.142824, l2 loss = 2.04251 (max 14.95), (true 264, predicted [264])
attack: step 6/10, xent loss = 0.507101, l2 loss = 2.10035 (max 14.95), (true 264, predicted [264])
attack: step 7/10, xent loss = 1.10474, l2 loss = 2.91179 (max 14.95), (true 264, predicted [264])
attack: step 8/10, xent loss = 4.79469, l2 loss = 4.54128 (max 14.95), (true 264, predicted [158])
attack: step 9/10, xent loss = 5.99173, l2 loss = 8.17866 (max 14.95), (true 264, predicted [158])
attack: step 10/10, xent loss = 7.21992, l2 loss = 10.0725 (max 14.95), (true 264, predicted [158])
true = 264, adv = 158
evaluating 576 of [570, 580)
attack: step 1/10, xent loss = 0.000927138, l2 loss = 0 (max 14.95), (true 541, predicted [541])
attack: step 2/10, xent loss = 0.014643, l2 loss = 0.0055769 (max 14.95), (true 541, predicted [541])
attack: step 3/10, xent loss = 0.00717835, l2 loss = 0.0911042 (max 14.95), (true 541, predicted [541])
attack: step 4/10, xent loss = 0.00245151, l2 loss = 0.099514 (max 14.95), (true 541, predicted [541])
attack: step 5/10, xent loss = 0.00348995, l2 loss = 0.10166 (max 14.95), (true 541, predicted [541])
attack: step 6/10, xent loss = 0.0114417, l2 loss = 0.10382 (max 14.95), (true 541, predicted [541])
attack: step 7/10, xent loss = 0.000748712, l2 loss = 0.128351 (max 14.95), (true 541, predicted [541])
attack: step 8/10, xent loss = 0.0130778, l2 loss = 0.128657 (max 14.95), (true 541, predicted [541])
attack: step 9/10, xent loss = 0.00280594, l2 loss = 0.149769 (max 14.95), (true 541, predicted [541])
attack: step 10/10, xent loss = 0.0127488, l2 loss = 0.152066 (max 14.95), (true 541, predicted [541])
true = 541, adv = 541
evaluating 577 of [570, 580)
attack: step 1/10, xent loss = 6.95591, l2 loss = 0 (max 14.95), (true 464, predicted [689])
attack: step 2/10, xent loss = 7.66838, l2 loss = 3.78908 (max 14.95), (true 464, predicted [643])
attack: step 3/10, xent loss = 8.80559, l2 loss = 5.19507 (max 14.95), (true 464, predicted [689])
attack: step 4/10, xent loss = 9.13135, l2 loss = 7.75822 (max 14.95), (true 464, predicted [689])
attack: step 5/10, xent loss = 10.4519, l2 loss = 9.15358 (max 14.95), (true 464, predicted [689])
attack: step 6/10, xent loss = 9.79861, l2 loss = 10.3381 (max 14.95), (true 464, predicted [689])
attack: step 7/10, xent loss = 11.3262, l2 loss = 11.1092 (max 14.95), (true 464, predicted [689])
attack: step 8/10, xent loss = 11.3779, l2 loss = 11.8112 (max 14.95), (true 464, predicted [689])
attack: step 9/10, xent loss = 12.5467, l2 loss = 12.5976 (max 14.95), (true 464, predicted [689])
attack: step 10/10, xent loss = 12.2264, l2 loss = 13.2459 (max 14.95), (true 464, predicted [689])
true = 464, adv = 689
evaluating 578 of [570, 580)
attack: step 1/10, xent loss = 0.729201, l2 loss = 0 (max 14.95), (true 7, predicted [7])
attack: step 2/10, xent loss = 0.493384, l2 loss = 0.96931 (max 14.95), (true 7, predicted [7])
attack: step 3/10, xent loss = 1.86084, l2 loss = 1.18972 (max 14.95), (true 7, predicted [228])
attack: step 4/10, xent loss = 0.826038, l2 loss = 3.56499 (max 14.95), (true 7, predicted [7])
attack: step 5/10, xent loss = 0.99073, l2 loss = 3.82929 (max 14.95), (true 7, predicted [7])
attack: step 6/10, xent loss = 2.19306, l2 loss = 4.08896 (max 14.95), (true 7, predicted [228])
attack: step 7/10, xent loss = 5.01557, l2 loss = 5.73036 (max 14.95), (true 7, predicted [228])
attack: step 8/10, xent loss = 4.31646, l2 loss = 7.41306 (max 14.95), (true 7, predicted [228])
attack: step 9/10, xent loss = 5.32282, l2 loss = 9.35244 (max 14.95), (true 7, predicted [228])
attack: step 10/10, xent loss = 7.07613, l2 loss = 10.1522 (max 14.95), (true 7, predicted [228])
true = 7, adv = 228
evaluating 579 of [570, 580)
attack: step 1/10, xent loss = 2.55869, l2 loss = 0 (max 14.95), (true 837, predicted [575])
attack: step 2/10, xent loss = 5.51399, l2 loss = 4.90537 (max 14.95), (true 837, predicted [476])
attack: step 3/10, xent loss = 6.50147, l2 loss = 6.27043 (max 14.95), (true 837, predicted [476])
attack: step 4/10, xent loss = 7.41617, l2 loss = 7.25128 (max 14.95), (true 837, predicted [544])
attack: step 5/10, xent loss = 6.67759, l2 loss = 7.52394 (max 14.95), (true 837, predicted [575])
attack: step 6/10, xent loss = 7.44469, l2 loss = 8.46765 (max 14.95), (true 837, predicted [575])
attack: step 7/10, xent loss = 7.50134, l2 loss = 8.89471 (max 14.95), (true 837, predicted [476])
attack: step 8/10, xent loss = 7.82848, l2 loss = 9.31598 (max 14.95), (true 837, predicted [575])
attack: step 9/10, xent loss = 7.58331, l2 loss = 9.67725 (max 14.95), (true 837, predicted [690])
attack: step 10/10, xent loss = 8.83158, l2 loss = 10.1233 (max 14.95), (true 837, predicted [544])
true = 837, adv = 822
