2019-05-24 19:48:18.381899: I tensorflow/core/platform/cpu_feature_guard.cc:141] Your CPU supports instructions that this TensorFlow binary was not compiled to use: SSE4.1 SSE4.2 AVX AVX2 FMA
2019-05-24 19:48:21.647878: I tensorflow/core/platform/profile_utils/cpu_utils.cc:94] CPU Frequency: 2600025000 Hz
2019-05-24 19:48:21.765909: I tensorflow/compiler/xla/service/service.cc:150] XLA service 0x2aaae6d4a5f0 executing computations on platform Host. Devices:
2019-05-24 19:48:21.765956: I tensorflow/compiler/xla/service/service.cc:158]   StreamExecutor device (0): <undefined>, <undefined>
2019-05-24 19:48:21.767465: I tensorflow/core/common_runtime/process_util.cc:71] Creating new thread pool with default inter op setting: 2. Tune using inter_op_parallelism_threads for best performance.
evaluating 710 of [710, 720)
attack: step 1/10, xent loss = 3.82935, l2 loss = 0 (max 14.95), (true 824, predicted [797])
attack: step 2/10, xent loss = 5.66711, l2 loss = 3.63822 (max 14.95), (true 824, predicted [750])
attack: step 3/10, xent loss = 5.76051, l2 loss = 4.90365 (max 14.95), (true 824, predicted [797])
attack: step 4/10, xent loss = 5.12807, l2 loss = 5.84907 (max 14.95), (true 824, predicted [610])
attack: step 5/10, xent loss = 6.17441, l2 loss = 6.97771 (max 14.95), (true 824, predicted [750])
attack: step 6/10, xent loss = 6.04042, l2 loss = 7.73418 (max 14.95), (true 824, predicted [797])
attack: step 7/10, xent loss = 6.0769, l2 loss = 8.35201 (max 14.95), (true 824, predicted [797])
attack: step 8/10, xent loss = 6.51564, l2 loss = 8.80745 (max 14.95), (true 824, predicted [750])
attack: step 9/10, xent loss = 5.23298, l2 loss = 9.41226 (max 14.95), (true 824, predicted [610])
attack: step 10/10, xent loss = 5.31726, l2 loss = 10.0171 (max 14.95), (true 824, predicted [610])
true = 824, adv = 797
evaluating 711 of [710, 720)
attack: step 1/10, xent loss = 0.0703119, l2 loss = 0 (max 14.95), (true 15, predicted [15])
attack: step 2/10, xent loss = 0.0526417, l2 loss = 0.201169 (max 14.95), (true 15, predicted [15])
attack: step 3/10, xent loss = 0.604665, l2 loss = 0.22577 (max 14.95), (true 15, predicted [15])
attack: step 4/10, xent loss = 0.166018, l2 loss = 2.05783 (max 14.95), (true 15, predicted [15])
attack: step 5/10, xent loss = 0.0622321, l2 loss = 2.14755 (max 14.95), (true 15, predicted [15])
attack: step 6/10, xent loss = 0.184345, l2 loss = 2.16166 (max 14.95), (true 15, predicted [15])
attack: step 7/10, xent loss = 0.176165, l2 loss = 2.30593 (max 14.95), (true 15, predicted [15])
attack: step 8/10, xent loss = 0.091131, l2 loss = 2.45528 (max 14.95), (true 15, predicted [15])
attack: step 9/10, xent loss = 0.231533, l2 loss = 2.48862 (max 14.95), (true 15, predicted [15])
attack: step 10/10, xent loss = 0.0527862, l2 loss = 2.70087 (max 14.95), (true 15, predicted [15])
true = 15, adv = 15
evaluating 712 of [710, 720)
attack: step 1/10, xent loss = 4.38064, l2 loss = 0 (max 14.95), (true 263, predicted [728])
attack: step 2/10, xent loss = 4.76391, l2 loss = 7.68351 (max 14.95), (true 263, predicted [172])
attack: step 3/10, xent loss = 4.39231, l2 loss = 8.97867 (max 14.95), (true 263, predicted [253])
attack: step 4/10, xent loss = 7.5766, l2 loss = 10.4167 (max 14.95), (true 263, predicted [176])
attack: step 5/10, xent loss = 8.0321, l2 loss = 11.2993 (max 14.95), (true 263, predicted [172])
attack: step 6/10, xent loss = 9.76521, l2 loss = 12.6184 (max 14.95), (true 263, predicted [999])
attack: step 7/10, xent loss = 8.26711, l2 loss = 14.65 (max 14.95), (true 263, predicted [728])
attack: step 8/10, xent loss = 13.103, l2 loss = 15.9767 (max 14.95), (true 263, predicted [728])
attack: step 9/10, xent loss = 17.1941, l2 loss = 19.1279 (max 14.95), (true 263, predicted [728])
attack: step 10/10, xent loss = 18.8821, l2 loss = 21.3785 (max 14.95), (true 263, predicted [728])
check failed
true = 263, adv = 728
evaluating 713 of [710, 720)
attack: step 1/10, xent loss = 7.14387, l2 loss = 0 (max 14.95), (true 792, predicted [728])
attack: step 2/10, xent loss = 5.83396, l2 loss = 8.09031 (max 14.95), (true 792, predicted [728])
attack: step 3/10, xent loss = 7.75616, l2 loss = 10.7956 (max 14.95), (true 792, predicted [728])
attack: step 4/10, xent loss = 9.19057, l2 loss = 11.3933 (max 14.95), (true 792, predicted [728])
attack: step 5/10, xent loss = 10.0137, l2 loss = 12.3439 (max 14.95), (true 792, predicted [728])
attack: step 6/10, xent loss = 11.774, l2 loss = 13.7031 (max 14.95), (true 792, predicted [728])
attack: step 7/10, xent loss = 13.8642, l2 loss = 15.6803 (max 14.95), (true 792, predicted [728])
attack: step 8/10, xent loss = 12.672, l2 loss = 17.6663 (max 14.95), (true 792, predicted [728])
attack: step 9/10, xent loss = 14.4129, l2 loss = 19.3884 (max 14.95), (true 792, predicted [728])
attack: step 10/10, xent loss = 15.4179, l2 loss = 20.7762 (max 14.95), (true 792, predicted [728])
check failed
true = 792, adv = 728
evaluating 714 of [710, 720)
attack: step 1/10, xent loss = 0.575507, l2 loss = 0 (max 14.95), (true 643, predicted [643])
attack: step 2/10, xent loss = 2.85967, l2 loss = 1.75218 (max 14.95), (true 643, predicted [793])
attack: step 3/10, xent loss = 0.677174, l2 loss = 6.49003 (max 14.95), (true 643, predicted [643])
attack: step 4/10, xent loss = 4.2267, l2 loss = 6.91741 (max 14.95), (true 643, predicted [728])
attack: step 5/10, xent loss = 2.6067, l2 loss = 9.67845 (max 14.95), (true 643, predicted [793])
attack: step 6/10, xent loss = 2.65301, l2 loss = 11.6163 (max 14.95), (true 643, predicted [793])
attack: step 7/10, xent loss = 7.24825, l2 loss = 13.0917 (max 14.95), (true 643, predicted [793])
attack: step 8/10, xent loss = 7.72626, l2 loss = 15.1598 (max 14.95), (true 643, predicted [793])
attack: step 9/10, xent loss = 10.0953, l2 loss = 17.0261 (max 14.95), (true 643, predicted [793])
attack: step 10/10, xent loss = 12.0045, l2 loss = 18.3065 (max 14.95), (true 643, predicted [793])
check failed
true = 643, adv = 793
evaluating 715 of [710, 720)
attack: step 1/10, xent loss = 4.10036, l2 loss = 0 (max 14.95), (true 580, predicted [723])
attack: step 2/10, xent loss = 3.74364, l2 loss = 2.6794 (max 14.95), (true 580, predicted [723])
attack: step 3/10, xent loss = 5.12462, l2 loss = 3.69002 (max 14.95), (true 580, predicted [723])
attack: step 4/10, xent loss = 4.4536, l2 loss = 6.05595 (max 14.95), (true 580, predicted [723])
attack: step 5/10, xent loss = 5.09438, l2 loss = 7.4846 (max 14.95), (true 580, predicted [723])
attack: step 6/10, xent loss = 3.37593, l2 loss = 8.28117 (max 14.95), (true 580, predicted [723])
attack: step 7/10, xent loss = 4.88375, l2 loss = 9.08809 (max 14.95), (true 580, predicted [723])
attack: step 8/10, xent loss = 3.18793, l2 loss = 9.3904 (max 14.95), (true 580, predicted [723])
attack: step 9/10, xent loss = 3.50695, l2 loss = 9.94701 (max 14.95), (true 580, predicted [723])
attack: step 10/10, xent loss = 3.5898, l2 loss = 10.4365 (max 14.95), (true 580, predicted [723])
true = 580, adv = 723
evaluating 716 of [710, 720)
attack: step 1/10, xent loss = 3.07853, l2 loss = 0 (max 14.95), (true 866, predicted [856])
attack: step 2/10, xent loss = 1.82084, l2 loss = 3.63376 (max 14.95), (true 866, predicted [856])
attack: step 3/10, xent loss = 2.4946, l2 loss = 4.49006 (max 14.95), (true 866, predicted [856])
attack: step 4/10, xent loss = 2.18272, l2 loss = 5.69129 (max 14.95), (true 866, predicted [856])
attack: step 5/10, xent loss = 4.04823, l2 loss = 6.71435 (max 14.95), (true 866, predicted [412])
attack: step 6/10, xent loss = 1.41034, l2 loss = 8.05864 (max 14.95), (true 866, predicted [856])
attack: step 7/10, xent loss = 3.22703, l2 loss = 8.59783 (max 14.95), (true 866, predicted [728])
attack: step 8/10, xent loss = 3.92422, l2 loss = 10.6371 (max 14.95), (true 866, predicted [728])
attack: step 9/10, xent loss = 3.55383, l2 loss = 11.4753 (max 14.95), (true 866, predicted [856])
attack: step 10/10, xent loss = 4.41361, l2 loss = 11.8957 (max 14.95), (true 866, predicted [856])
true = 866, adv = 559
evaluating 717 of [710, 720)
attack: step 1/10, xent loss = 14.4112, l2 loss = 0 (max 14.95), (true 217, predicted [728])
attack: step 2/10, xent loss = 14.9557, l2 loss = 7.4749 (max 14.95), (true 217, predicted [728])
attack: step 3/10, xent loss = 16.494, l2 loss = 11.8133 (max 14.95), (true 217, predicted [728])
attack: step 4/10, xent loss = 17.6614, l2 loss = 13.5726 (max 14.95), (true 217, predicted [728])
attack: step 5/10, xent loss = 19.1997, l2 loss = 15.2215 (max 14.95), (true 217, predicted [728])
attack: step 6/10, xent loss = 16.3803, l2 loss = 17.0897 (max 14.95), (true 217, predicted [728])
attack: step 7/10, xent loss = 20.3681, l2 loss = 18.689 (max 14.95), (true 217, predicted [728])
attack: step 8/10, xent loss = 20.4899, l2 loss = 20.1638 (max 14.95), (true 217, predicted [728])
attack: step 9/10, xent loss = 23.3263, l2 loss = 21.3572 (max 14.95), (true 217, predicted [728])
attack: step 10/10, xent loss = 19.5324, l2 loss = 22.908 (max 14.95), (true 217, predicted [728])
check failed
true = 217, adv = 728
evaluating 718 of [710, 720)
attack: step 1/10, xent loss = 1.12153, l2 loss = 0 (max 14.95), (true 872, predicted [872])
attack: step 2/10, xent loss = 2.63064, l2 loss = 3.27532 (max 14.95), (true 872, predicted [559])
attack: step 3/10, xent loss = 2.5795, l2 loss = 4.83891 (max 14.95), (true 872, predicted [559])
attack: step 4/10, xent loss = 3.81758, l2 loss = 6.32223 (max 14.95), (true 872, predicted [559])
attack: step 5/10, xent loss = 3.55598, l2 loss = 7.43631 (max 14.95), (true 872, predicted [559])
attack: step 6/10, xent loss = 4.86471, l2 loss = 8.3947 (max 14.95), (true 872, predicted [644])
attack: step 7/10, xent loss = 4.79736, l2 loss = 9.159 (max 14.95), (true 872, predicted [559])
attack: step 8/10, xent loss = 4.73927, l2 loss = 10.241 (max 14.95), (true 872, predicted [559])
attack: step 9/10, xent loss = 5.34518, l2 loss = 11.0218 (max 14.95), (true 872, predicted [868])
attack: step 10/10, xent loss = 6.93895, l2 loss = 12.0142 (max 14.95), (true 872, predicted [868])
true = 872, adv = 868
evaluating 719 of [710, 720)
attack: step 1/10, xent loss = 5.04654, l2 loss = 0 (max 14.95), (true 767, predicted [704])
attack: step 2/10, xent loss = 9.13096, l2 loss = 8.88554 (max 14.95), (true 767, predicted [728])
attack: step 3/10, xent loss = 8.89275, l2 loss = 11.1072 (max 14.95), (true 767, predicted [704])
attack: step 4/10, xent loss = 10.0799, l2 loss = 12.4617 (max 14.95), (true 767, predicted [600])
attack: step 5/10, xent loss = 11.2159, l2 loss = 13.6751 (max 14.95), (true 767, predicted [728])
attack: step 6/10, xent loss = 10.5702, l2 loss = 15.4326 (max 14.95), (true 767, predicted [704])
attack: step 7/10, xent loss = 10.5063, l2 loss = 17.2689 (max 14.95), (true 767, predicted [674])
attack: step 8/10, xent loss = 10.8152, l2 loss = 18.4137 (max 14.95), (true 767, predicted [313])
attack: step 9/10, xent loss = 13.0918, l2 loss = 19.0857 (max 14.95), (true 767, predicted [728])
attack: step 10/10, xent loss = 11.6682, l2 loss = 19.8468 (max 14.95), (true 767, predicted [600])
check failed
true = 767, adv = 728
Warning: Permanently added 'node122,192.168.10.122' (RSA) to the list of known hosts.
