2019-11-04 01:09:56.215093: I tensorflow/core/platform/cpu_feature_guard.cc:141] Your CPU supports instructions that this TensorFlow binary was not compiled to use: SSE4.1 SSE4.2 AVX AVX2 FMA
2019-11-04 01:09:56.223955: I tensorflow/core/platform/profile_utils/cpu_utils.cc:94] CPU Frequency: 2599755000 Hz
2019-11-04 01:09:56.224120: I tensorflow/compiler/xla/service/service.cc:150] XLA service 0x55555902f720 executing computations on platform Host. Devices:
2019-11-04 01:09:56.224146: I tensorflow/compiler/xla/service/service.cc:158]   StreamExecutor device (0): <undefined>, <undefined>
2019-11-04 01:09:56.224370: I tensorflow/core/common_runtime/process_util.cc:71] Creating new thread pool with default inter op setting: 2. Tune using inter_op_parallelism_threads for best performance.
evaluating 530 of [530, 540)
attack: step 1/1, xent loss = 0.0484036, l2 loss = 18.8199 (max 14.95), (true 275, predicted [275])
check failed
true = 275, adv = 645
evaluating 531 of [530, 540)
attack: step 1/1, xent loss = 2.06193, l2 loss = 20.4224 (max 14.95), (true 652, predicted [715])
check failed
true = 652, adv = 879
evaluating 532 of [530, 540)
attack: step 1/1, xent loss = 3.25003, l2 loss = 27.6896 (max 14.95), (true 634, predicted [506])
check failed
true = 634, adv = 645
evaluating 533 of [530, 540)
attack: step 1/1, xent loss = 6.1977, l2 loss = 17.0586 (max 14.95), (true 620, predicted [921])
check failed
true = 620, adv = 921
evaluating 534 of [530, 540)
attack: step 1/1, xent loss = 8.14191, l2 loss = 49.1458 (max 14.95), (true 285, predicted [50])
check failed
true = 285, adv = 728
evaluating 535 of [530, 540)
attack: step 1/1, xent loss = 3.07625, l2 loss = 25.39 (max 14.95), (true 285, predicted [611])
check failed
true = 285, adv = 478
evaluating 536 of [530, 540)
attack: step 1/1, xent loss = 4.04199, l2 loss = 32.7049 (max 14.95), (true 478, predicted [709])
check failed
true = 478, adv = 728
evaluating 537 of [530, 540)
attack: step 1/1, xent loss = 2.98565, l2 loss = 31.488 (max 14.95), (true 494, predicted [473])
check failed
true = 494, adv = 749
evaluating 538 of [530, 540)
attack: step 1/1, xent loss = 0.0912404, l2 loss = 25.9713 (max 14.95), (true 245, predicted [245])
check failed
true = 245, adv = 936
evaluating 539 of [530, 540)
attack: step 1/1, xent loss = 4.63406, l2 loss = 16.7795 (max 14.95), (true 23, predicted [84])
check failed
true = 23, adv = 91
