2019-11-04 02:42:44.493333: I tensorflow/core/platform/cpu_feature_guard.cc:141] Your CPU supports instructions that this TensorFlow binary was not compiled to use: SSE4.1 SSE4.2 AVX AVX2 FMA
2019-11-04 02:42:44.501227: I tensorflow/core/platform/profile_utils/cpu_utils.cc:94] CPU Frequency: 2600025000 Hz
2019-11-04 02:42:44.501392: I tensorflow/compiler/xla/service/service.cc:150] XLA service 0x2aaae6e51c40 executing computations on platform Host. Devices:
2019-11-04 02:42:44.501420: I tensorflow/compiler/xla/service/service.cc:158]   StreamExecutor device (0): <undefined>, <undefined>
2019-11-04 02:42:44.501612: I tensorflow/core/common_runtime/process_util.cc:71] Creating new thread pool with default inter op setting: 2. Tune using inter_op_parallelism_threads for best performance.
evaluating 390 of [390, 400)
attack: step 1/1, xent loss = 0.185667, l2 loss = 15.4333 (max 14.95), (true 67, predicted [67])
check failed
true = 67, adv = 692
evaluating 391 of [390, 400)
attack: step 1/1, xent loss = 0.783265, l2 loss = 26.7737 (max 14.95), (true 87, predicted [87])
check failed
true = 87, adv = 728
evaluating 392 of [390, 400)
attack: step 1/1, xent loss = 0.00234174, l2 loss = 4.46988 (max 14.95), (true 607, predicted [607])
true = 607, adv = 607
evaluating 393 of [390, 400)
attack: step 1/1, xent loss = 4.77111, l2 loss = 23.3157 (max 14.95), (true 807, predicted [727])
check failed
true = 807, adv = 780
evaluating 394 of [390, 400)
attack: step 1/1, xent loss = 8.72666, l2 loss = 17.8112 (max 14.95), (true 547, predicted [779])
check failed
true = 547, adv = 779
evaluating 395 of [390, 400)
attack: step 1/1, xent loss = 0.0288501, l2 loss = 2.49808 (max 14.95), (true 96, predicted [96])
true = 96, adv = 96
evaluating 396 of [390, 400)
attack: step 1/1, xent loss = 0.92266, l2 loss = 21.9189 (max 14.95), (true 533, predicted [533])
check failed
true = 533, adv = 692
evaluating 397 of [390, 400)
attack: step 1/1, xent loss = 6.66364, l2 loss = 20.3034 (max 14.95), (true 510, predicted [913])
check failed
true = 510, adv = 728
evaluating 398 of [390, 400)
attack: step 1/1, xent loss = 0.104443, l2 loss = 0.685704 (max 14.95), (true 465, predicted [465])
true = 465, adv = 465
evaluating 399 of [390, 400)
attack: step 1/1, xent loss = 0.0141224, l2 loss = 28.2635 (max 14.95), (true 410, predicted [410])
check failed
true = 410, adv = 728
