2019-11-04 02:42:44.492163: I tensorflow/core/platform/cpu_feature_guard.cc:141] Your CPU supports instructions that this TensorFlow binary was not compiled to use: SSE4.1 SSE4.2 AVX AVX2 FMA
2019-11-04 02:42:44.501405: I tensorflow/core/platform/profile_utils/cpu_utils.cc:94] CPU Frequency: 2600075000 Hz
2019-11-04 02:42:44.501591: I tensorflow/compiler/xla/service/service.cc:150] XLA service 0x2aaae6bc7e30 executing computations on platform Host. Devices:
2019-11-04 02:42:44.501609: I tensorflow/compiler/xla/service/service.cc:158]   StreamExecutor device (0): <undefined>, <undefined>
2019-11-04 02:42:44.501775: I tensorflow/core/common_runtime/process_util.cc:71] Creating new thread pool with default inter op setting: 2. Tune using inter_op_parallelism_threads for best performance.
evaluating 640 of [640, 650)
attack: step 1/1, xent loss = 1.48502, l2 loss = 22.0683 (max 14.95), (true 264, predicted [232])
check failed
true = 264, adv = 215
evaluating 641 of [640, 650)
attack: step 1/1, xent loss = 7.17046, l2 loss = 33.46 (max 14.95), (true 15, predicted [483])
check failed
true = 15, adv = 999
evaluating 642 of [640, 650)
attack: step 1/1, xent loss = 3.69383, l2 loss = 35.0971 (max 14.95), (true 829, predicted [705])
check failed
true = 829, adv = 728
evaluating 643 of [640, 650)
attack: step 1/1, xent loss = 0.577824, l2 loss = 29.8128 (max 14.95), (true 614, predicted [614])
check failed
true = 614, adv = 156
evaluating 644 of [640, 650)
attack: step 1/1, xent loss = 2.79221, l2 loss = 15.5218 (max 14.95), (true 311, predicted [312])
check failed
true = 311, adv = 315
evaluating 645 of [640, 650)
attack: step 1/1, xent loss = 4.85176, l2 loss = 26.3755 (max 14.95), (true 667, predicted [831])
check failed
true = 667, adv = 831
evaluating 646 of [640, 650)
attack: step 1/1, xent loss = 0.193412, l2 loss = 40.9151 (max 14.95), (true 213, predicted [213])
check failed
true = 213, adv = 552
evaluating 647 of [640, 650)
attack: step 1/1, xent loss = 2.97545, l2 loss = 11.3997 (max 14.95), (true 204, predicted [229])
true = 204, adv = 229
evaluating 648 of [640, 650)
attack: step 1/1, xent loss = 1.66132, l2 loss = 12.9668 (max 14.95), (true 304, predicted [301])
true = 304, adv = 301
evaluating 649 of [640, 650)
attack: step 1/1, xent loss = 0.00261109, l2 loss = 24.5713 (max 14.95), (true 646, predicted [646])
check failed
true = 646, adv = 588
