2019-05-24 18:49:32.639281: I tensorflow/core/platform/cpu_feature_guard.cc:141] Your CPU supports instructions that this TensorFlow binary was not compiled to use: SSE4.1 SSE4.2 AVX AVX2 FMA
2019-05-24 18:49:32.648425: I tensorflow/core/platform/profile_utils/cpu_utils.cc:94] CPU Frequency: 2600005000 Hz
2019-05-24 18:49:32.648520: I tensorflow/compiler/xla/service/service.cc:150] XLA service 0x2aaae6abfc00 executing computations on platform Host. Devices:
2019-05-24 18:49:32.648534: I tensorflow/compiler/xla/service/service.cc:158]   StreamExecutor device (0): <undefined>, <undefined>
2019-05-24 18:49:32.648688: I tensorflow/core/common_runtime/process_util.cc:71] Creating new thread pool with default inter op setting: 2. Tune using inter_op_parallelism_threads for best performance.
evaluating 650 of [650, 660)
attack: step 1/10, xent loss = 0.0334234, l2 loss = 0 (max 14.95), (true 927, predicted [927])
attack: step 2/10, xent loss = 0.0681074, l2 loss = 0.0844219 (max 14.95), (true 927, predicted [927])
attack: step 3/10, xent loss = 0.0274737, l2 loss = 0.173929 (max 14.95), (true 927, predicted [927])
attack: step 4/10, xent loss = 0.0269093, l2 loss = 0.188692 (max 14.95), (true 927, predicted [927])
attack: step 5/10, xent loss = 0.0585962, l2 loss = 0.201783 (max 14.95), (true 927, predicted [927])
attack: step 6/10, xent loss = 0.0464199, l2 loss = 0.243042 (max 14.95), (true 927, predicted [927])
attack: step 7/10, xent loss = 0.0527022, l2 loss = 0.268723 (max 14.95), (true 927, predicted [927])
attack: step 8/10, xent loss = 0.0347565, l2 loss = 0.296245 (max 14.95), (true 927, predicted [927])
attack: step 9/10, xent loss = 0.0528477, l2 loss = 0.311347 (max 14.95), (true 927, predicted [927])
attack: step 10/10, xent loss = 0.047917, l2 loss = 0.335984 (max 14.95), (true 927, predicted [927])
true = 927, adv = 927
evaluating 651 of [650, 660)
attack: step 1/10, xent loss = 8.31685, l2 loss = 0 (max 14.95), (true 298, predicted [728])
attack: step 2/10, xent loss = 7.78743, l2 loss = 4.42379 (max 14.95), (true 298, predicted [81])
attack: step 3/10, xent loss = 9.37504, l2 loss = 5.85042 (max 14.95), (true 298, predicted [728])
attack: step 4/10, xent loss = 10.3864, l2 loss = 8.08341 (max 14.95), (true 298, predicted [728])
attack: step 5/10, xent loss = 12.7013, l2 loss = 10.8637 (max 14.95), (true 298, predicted [728])
attack: step 6/10, xent loss = 15.4568, l2 loss = 14.6711 (max 14.95), (true 298, predicted [728])
attack: step 7/10, xent loss = 21.1149, l2 loss = 17.7513 (max 14.95), (true 298, predicted [728])
attack: step 8/10, xent loss = 20.4611, l2 loss = 20.4557 (max 14.95), (true 298, predicted [728])
attack: step 9/10, xent loss = 19.1266, l2 loss = 22.855 (max 14.95), (true 298, predicted [728])
attack: step 10/10, xent loss = 26.719, l2 loss = 24.8869 (max 14.95), (true 298, predicted [728])
check failed
true = 298, adv = 728
evaluating 652 of [650, 660)
attack: step 1/10, xent loss = 6.64826, l2 loss = 0 (max 14.95), (true 947, predicted [825])
attack: step 2/10, xent loss = 6.57632, l2 loss = 1.6797 (max 14.95), (true 947, predicted [716])
attack: step 3/10, xent loss = 6.64095, l2 loss = 2.59982 (max 14.95), (true 947, predicted [398])
attack: step 4/10, xent loss = 6.6997, l2 loss = 3.12817 (max 14.95), (true 947, predicted [825])
attack: step 5/10, xent loss = 7.22005, l2 loss = 3.85613 (max 14.95), (true 947, predicted [825])
attack: step 6/10, xent loss = 7.4447, l2 loss = 4.26788 (max 14.95), (true 947, predicted [723])
attack: step 7/10, xent loss = 6.6746, l2 loss = 4.62005 (max 14.95), (true 947, predicted [723])
attack: step 8/10, xent loss = 7.47687, l2 loss = 4.89753 (max 14.95), (true 947, predicted [398])
attack: step 9/10, xent loss = 7.95133, l2 loss = 5.25779 (max 14.95), (true 947, predicted [825])
attack: step 10/10, xent loss = 6.99782, l2 loss = 5.53514 (max 14.95), (true 947, predicted [788])
true = 947, adv = 398
evaluating 653 of [650, 660)
attack: step 1/10, xent loss = 0.0690182, l2 loss = 0 (max 14.95), (true 242, predicted [242])
attack: step 2/10, xent loss = 0.139585, l2 loss = 0.190428 (max 14.95), (true 242, predicted [242])
attack: step 3/10, xent loss = 0.108361, l2 loss = 0.354598 (max 14.95), (true 242, predicted [242])
attack: step 4/10, xent loss = 0.180097, l2 loss = 0.443751 (max 14.95), (true 242, predicted [242])
attack: step 5/10, xent loss = 0.216963, l2 loss = 0.658579 (max 14.95), (true 242, predicted [242])
attack: step 6/10, xent loss = 0.0725116, l2 loss = 0.847302 (max 14.95), (true 242, predicted [242])
attack: step 7/10, xent loss = 0.195132, l2 loss = 0.872451 (max 14.95), (true 242, predicted [242])
attack: step 8/10, xent loss = 0.317428, l2 loss = 1.07327 (max 14.95), (true 242, predicted [242])
attack: step 9/10, xent loss = 0.23815, l2 loss = 1.42287 (max 14.95), (true 242, predicted [242])
attack: step 10/10, xent loss = 0.199686, l2 loss = 1.59961 (max 14.95), (true 242, predicted [242])
true = 242, adv = 242
evaluating 654 of [650, 660)
attack: step 1/10, xent loss = 9.92203, l2 loss = 0 (max 14.95), (true 26, predicted [692])
attack: step 2/10, xent loss = 9.50579, l2 loss = 3.66253 (max 14.95), (true 26, predicted [728])
attack: step 3/10, xent loss = 10.0282, l2 loss = 4.80828 (max 14.95), (true 26, predicted [728])
attack: step 4/10, xent loss = 11.5906, l2 loss = 6.67637 (max 14.95), (true 26, predicted [728])
attack: step 5/10, xent loss = 12.1824, l2 loss = 9.96287 (max 14.95), (true 26, predicted [728])
attack: step 6/10, xent loss = 13.3627, l2 loss = 13.4903 (max 14.95), (true 26, predicted [728])
attack: step 7/10, xent loss = 15.2086, l2 loss = 15.2966 (max 14.95), (true 26, predicted [728])
attack: step 8/10, xent loss = 18.1008, l2 loss = 17.0293 (max 14.95), (true 26, predicted [728])
attack: step 9/10, xent loss = 14.3946, l2 loss = 19.0493 (max 14.95), (true 26, predicted [728])
attack: step 10/10, xent loss = 21.193, l2 loss = 20.9001 (max 14.95), (true 26, predicted [728])
check failed
true = 26, adv = 728
evaluating 655 of [650, 660)
attack: step 1/10, xent loss = 1.61492, l2 loss = 0 (max 14.95), (true 933, predicted [933])
attack: step 2/10, xent loss = 1.9447, l2 loss = 4.65669 (max 14.95), (true 933, predicted [728])
attack: step 3/10, xent loss = 4.14696, l2 loss = 6.8759 (max 14.95), (true 933, predicted [728])
attack: step 4/10, xent loss = 5.90131, l2 loss = 9.1205 (max 14.95), (true 933, predicted [728])
attack: step 5/10, xent loss = 4.27703, l2 loss = 10.1736 (max 14.95), (true 933, predicted [412])
attack: step 6/10, xent loss = 3.66252, l2 loss = 11.0535 (max 14.95), (true 933, predicted [728])
attack: step 7/10, xent loss = 6.28818, l2 loss = 12.6448 (max 14.95), (true 933, predicted [412])
attack: step 8/10, xent loss = 6.81279, l2 loss = 13.3702 (max 14.95), (true 933, predicted [412])
attack: step 9/10, xent loss = 4.98198, l2 loss = 14.0945 (max 14.95), (true 933, predicted [412])
attack: step 10/10, xent loss = 6.18873, l2 loss = 15.0341 (max 14.95), (true 933, predicted [728])
check failed
true = 933, adv = 412
evaluating 656 of [650, 660)
attack: step 1/10, xent loss = 6.22292, l2 loss = 0 (max 14.95), (true 8, predicted [728])
attack: step 2/10, xent loss = 7.22615, l2 loss = 6.47462 (max 14.95), (true 8, predicted [728])
attack: step 3/10, xent loss = 7.89537, l2 loss = 7.53439 (max 14.95), (true 8, predicted [728])
attack: step 4/10, xent loss = 8.9996, l2 loss = 9.77345 (max 14.95), (true 8, predicted [728])
attack: step 5/10, xent loss = 9.5328, l2 loss = 10.9336 (max 14.95), (true 8, predicted [728])
attack: step 6/10, xent loss = 12.2189, l2 loss = 12.5924 (max 14.95), (true 8, predicted [728])
attack: step 7/10, xent loss = 11.9692, l2 loss = 14.0102 (max 14.95), (true 8, predicted [728])
attack: step 8/10, xent loss = 10.4504, l2 loss = 15.2912 (max 14.95), (true 8, predicted [728])
attack: step 9/10, xent loss = 10.7181, l2 loss = 16.3441 (max 14.95), (true 8, predicted [728])
attack: step 10/10, xent loss = 13.7797, l2 loss = 17.3387 (max 14.95), (true 8, predicted [728])
check failed
true = 8, adv = 728
evaluating 657 of [650, 660)
attack: step 1/10, xent loss = 0.0155885, l2 loss = 0 (max 14.95), (true 64, predicted [64])
attack: step 2/10, xent loss = 0.0223792, l2 loss = 0.0626297 (max 14.95), (true 64, predicted [64])
attack: step 3/10, xent loss = 0.034061, l2 loss = 0.104177 (max 14.95), (true 64, predicted [64])
attack: step 4/10, xent loss = 0.0392406, l2 loss = 0.176224 (max 14.95), (true 64, predicted [64])
attack: step 5/10, xent loss = 0.0196272, l2 loss = 0.211338 (max 14.95), (true 64, predicted [64])
attack: step 6/10, xent loss = 0.015235, l2 loss = 0.229494 (max 14.95), (true 64, predicted [64])
attack: step 7/10, xent loss = 0.00289914, l2 loss = 0.24054 (max 14.95), (true 64, predicted [64])
attack: step 8/10, xent loss = 0.0281661, l2 loss = 0.241444 (max 14.95), (true 64, predicted [64])
attack: step 9/10, xent loss = 0.0102281, l2 loss = 0.262988 (max 14.95), (true 64, predicted [64])
attack: step 10/10, xent loss = 0.0254121, l2 loss = 0.277256 (max 14.95), (true 64, predicted [64])
true = 64, adv = 64
evaluating 658 of [650, 660)
attack: step 1/10, xent loss = 4.23133, l2 loss = 0 (max 14.95), (true 453, predicted [564])
attack: step 2/10, xent loss = 5.38372, l2 loss = 2.32034 (max 14.95), (true 453, predicted [564])
attack: step 3/10, xent loss = 4.7467, l2 loss = 3.93524 (max 14.95), (true 453, predicted [564])
attack: step 4/10, xent loss = 5.72597, l2 loss = 4.6984 (max 14.95), (true 453, predicted [564])
attack: step 5/10, xent loss = 5.2433, l2 loss = 5.70772 (max 14.95), (true 453, predicted [564])
attack: step 6/10, xent loss = 5.18533, l2 loss = 6.35311 (max 14.95), (true 453, predicted [564])
attack: step 7/10, xent loss = 5.08778, l2 loss = 6.91082 (max 14.95), (true 453, predicted [564])
attack: step 8/10, xent loss = 5.54223, l2 loss = 7.6638 (max 14.95), (true 453, predicted [564])
attack: step 9/10, xent loss = 6.38288, l2 loss = 8.16439 (max 14.95), (true 453, predicted [564])
attack: step 10/10, xent loss = 5.77183, l2 loss = 8.87607 (max 14.95), (true 453, predicted [564])
true = 453, adv = 564
evaluating 659 of [650, 660)
attack: step 1/10, xent loss = 0.0479559, l2 loss = 0 (max 14.95), (true 548, predicted [548])
attack: step 2/10, xent loss = 0.0912975, l2 loss = 0.106499 (max 14.95), (true 548, predicted [548])
attack: step 3/10, xent loss = 0.0410828, l2 loss = 0.216918 (max 14.95), (true 548, predicted [548])
attack: step 4/10, xent loss = 0.0282563, l2 loss = 0.231037 (max 14.95), (true 548, predicted [548])
attack: step 5/10, xent loss = 0.0626954, l2 loss = 0.238032 (max 14.95), (true 548, predicted [548])
attack: step 6/10, xent loss = 0.0305922, l2 loss = 0.274592 (max 14.95), (true 548, predicted [548])
attack: step 7/10, xent loss = 0.114724, l2 loss = 0.284251 (max 14.95), (true 548, predicted [548])
attack: step 8/10, xent loss = 0.0651584, l2 loss = 0.42279 (max 14.95), (true 548, predicted [548])
attack: step 9/10, xent loss = 0.0276607, l2 loss = 0.441994 (max 14.95), (true 548, predicted [548])
attack: step 10/10, xent loss = 0.0378073, l2 loss = 0.445829 (max 14.95), (true 548, predicted [548])
true = 548, adv = 548
