2019-06-26 22:30:03.060053: I tensorflow/core/platform/cpu_feature_guard.cc:141] Your CPU supports instructions that this TensorFlow binary was not compiled to use: SSE4.1 SSE4.2 AVX AVX2 FMA
2019-06-26 22:30:03.505106: I tensorflow/core/platform/profile_utils/cpu_utils.cc:94] CPU Frequency: 2600130000 Hz
2019-06-26 22:30:03.506516: I tensorflow/compiler/xla/service/service.cc:150] XLA service 0x2aaae74be910 executing computations on platform Host. Devices:
2019-06-26 22:30:03.506577: I tensorflow/compiler/xla/service/service.cc:158]   StreamExecutor device (0): <undefined>, <undefined>
2019-06-26 22:30:03.508155: I tensorflow/core/common_runtime/process_util.cc:71] Creating new thread pool with default inter op setting: 2. Tune using inter_op_parallelism_threads for best performance.
evaluating 290 of [290, 300)
attack: step 1/10, xent loss = 9.93658, l2 loss = 11.2759 (max 14.95), (true 382, predicted [616])
attack: step 2/10, xent loss = 9.28093, l2 loss = 11.8466 (max 14.95), (true 382, predicted [616])
attack: step 3/10, xent loss = 9.58143, l2 loss = 12.4281 (max 14.95), (true 382, predicted [616])
attack: step 4/10, xent loss = 10.8058, l2 loss = 13.0173 (max 14.95), (true 382, predicted [616])
attack: step 5/10, xent loss = 10.0212, l2 loss = 13.9199 (max 14.95), (true 382, predicted [616])
attack: step 6/10, xent loss = 12.0236, l2 loss = 15.0477 (max 14.95), (true 382, predicted [616])
attack: step 7/10, xent loss = 11.7898, l2 loss = 16.3021 (max 14.95), (true 382, predicted [616])
attack: step 8/10, xent loss = 12.6651, l2 loss = 16.8455 (max 14.95), (true 382, predicted [616])
attack: step 9/10, xent loss = 14.3271, l2 loss = 17.7308 (max 14.95), (true 382, predicted [616])
attack: step 10/10, xent loss = 14.2835, l2 loss = 18.596 (max 14.95), (true 382, predicted [616])
check failed
true = 382, adv = 616
evaluating 291 of [290, 300)
attack: step 1/10, xent loss = 22.2644, l2 loss = 23.66 (max 14.95), (true 120, predicted [830])
attack: step 2/10, xent loss = 24.5458, l2 loss = 24.6032 (max 14.95), (true 120, predicted [830])
attack: step 3/10, xent loss = 22.9662, l2 loss = 25.4806 (max 14.95), (true 120, predicted [830])
attack: step 4/10, xent loss = 20.9468, l2 loss = 27.229 (max 14.95), (true 120, predicted [830])
attack: step 5/10, xent loss = 23.5477, l2 loss = 28.0097 (max 14.95), (true 120, predicted [830])
attack: step 6/10, xent loss = 25.0386, l2 loss = 28.7177 (max 14.95), (true 120, predicted [830])
attack: step 7/10, xent loss = 26.8023, l2 loss = 29.3984 (max 14.95), (true 120, predicted [830])
attack: step 8/10, xent loss = 25.1732, l2 loss = 30.1158 (max 14.95), (true 120, predicted [830])
attack: step 9/10, xent loss = 27.4365, l2 loss = 31.2029 (max 14.95), (true 120, predicted [830])
attack: step 10/10, xent loss = 28.2799, l2 loss = 31.7648 (max 14.95), (true 120, predicted [830])
check failed
true = 120, adv = 830
evaluating 292 of [290, 300)
attack: step 1/10, xent loss = 0.0624086, l2 loss = 0.383391 (max 14.95), (true 873, predicted [873])
attack: step 2/10, xent loss = 0.0477676, l2 loss = 0.406603 (max 14.95), (true 873, predicted [873])
attack: step 3/10, xent loss = 0.0362074, l2 loss = 0.426393 (max 14.95), (true 873, predicted [873])
attack: step 4/10, xent loss = 0.0298814, l2 loss = 0.436035 (max 14.95), (true 873, predicted [873])
attack: step 5/10, xent loss = 0.034976, l2 loss = 0.443629 (max 14.95), (true 873, predicted [873])
attack: step 6/10, xent loss = 0.0651225, l2 loss = 0.454097 (max 14.95), (true 873, predicted [873])
attack: step 7/10, xent loss = 0.0612731, l2 loss = 0.473829 (max 14.95), (true 873, predicted [873])
attack: step 8/10, xent loss = 0.0446269, l2 loss = 0.501646 (max 14.95), (true 873, predicted [873])
attack: step 9/10, xent loss = 0.0450903, l2 loss = 0.515573 (max 14.95), (true 873, predicted [873])
attack: step 10/10, xent loss = 0.0426834, l2 loss = 0.529108 (max 14.95), (true 873, predicted [873])
true = 873, adv = 873
evaluating 293 of [290, 300)
attack: step 1/10, xent loss = 9.4564, l2 loss = 20.4396 (max 14.95), (true 91, predicted [738])
attack: step 2/10, xent loss = 7.54961, l2 loss = 20.7845 (max 14.95), (true 91, predicted [738])
attack: step 3/10, xent loss = 10.7555, l2 loss = 22.1796 (max 14.95), (true 91, predicted [738])
attack: step 4/10, xent loss = 9.88422, l2 loss = 22.7551 (max 14.95), (true 91, predicted [738])
attack: step 5/10, xent loss = 9.62183, l2 loss = 23.3378 (max 14.95), (true 91, predicted [738])
attack: step 6/10, xent loss = 10.8529, l2 loss = 23.9316 (max 14.95), (true 91, predicted [738])
attack: step 7/10, xent loss = 10.1549, l2 loss = 24.9175 (max 14.95), (true 91, predicted [738])
attack: step 8/10, xent loss = 11.37, l2 loss = 26.0967 (max 14.95), (true 91, predicted [738])
attack: step 9/10, xent loss = 13.1458, l2 loss = 26.7336 (max 14.95), (true 91, predicted [738])
attack: step 10/10, xent loss = 7.53055, l2 loss = 27.3229 (max 14.95), (true 91, predicted [738])
check failed
true = 91, adv = 738
evaluating 294 of [290, 300)
attack: step 1/10, xent loss = 15.0204, l2 loss = 16.4203 (max 14.95), (true 748, predicted [797])
attack: step 2/10, xent loss = 16.6129, l2 loss = 17.5071 (max 14.95), (true 748, predicted [797])
attack: step 3/10, xent loss = 15.7953, l2 loss = 18.2988 (max 14.95), (true 748, predicted [797])
attack: step 4/10, xent loss = 17.9358, l2 loss = 19.1512 (max 14.95), (true 748, predicted [797])
attack: step 5/10, xent loss = 17.228, l2 loss = 20.2477 (max 14.95), (true 748, predicted [797])
attack: step 6/10, xent loss = 19.1014, l2 loss = 21.0648 (max 14.95), (true 748, predicted [797])
attack: step 7/10, xent loss = 20.4615, l2 loss = 21.9055 (max 14.95), (true 748, predicted [797])
attack: step 8/10, xent loss = 19.569, l2 loss = 22.7337 (max 14.95), (true 748, predicted [797])
attack: step 9/10, xent loss = 20.8606, l2 loss = 23.5256 (max 14.95), (true 748, predicted [797])
attack: step 10/10, xent loss = 18.1241, l2 loss = 24.3474 (max 14.95), (true 748, predicted [797])
check failed
true = 748, adv = 797
evaluating 295 of [290, 300)
attack: step 1/10, xent loss = 7.1865, l2 loss = 8.42896 (max 14.95), (true 907, predicted [966])
attack: step 2/10, xent loss = 6.75975, l2 loss = 8.76519 (max 14.95), (true 907, predicted [966])
attack: step 3/10, xent loss = 7.29686, l2 loss = 9.18002 (max 14.95), (true 907, predicted [966])
attack: step 4/10, xent loss = 7.73885, l2 loss = 9.71411 (max 14.95), (true 907, predicted [966])
attack: step 5/10, xent loss = 7.16335, l2 loss = 10.1466 (max 14.95), (true 907, predicted [966])
attack: step 6/10, xent loss = 7.90905, l2 loss = 10.8907 (max 14.95), (true 907, predicted [966])
attack: step 7/10, xent loss = 8.38076, l2 loss = 11.262 (max 14.95), (true 907, predicted [966])
attack: step 8/10, xent loss = 8.19184, l2 loss = 11.5819 (max 14.95), (true 907, predicted [966])
attack: step 9/10, xent loss = 8.40699, l2 loss = 11.8844 (max 14.95), (true 907, predicted [966])
attack: step 10/10, xent loss = 8.06848, l2 loss = 12.347 (max 14.95), (true 907, predicted [966])
true = 907, adv = 966
evaluating 296 of [290, 300)
attack: step 1/10, xent loss = 7.86422, l2 loss = 8.91371 (max 14.95), (true 22, predicted [88])
attack: step 2/10, xent loss = 9.20313, l2 loss = 9.47795 (max 14.95), (true 22, predicted [88])
attack: step 3/10, xent loss = 8.93628, l2 loss = 10.0172 (max 14.95), (true 22, predicted [88])
attack: step 4/10, xent loss = 10.7362, l2 loss = 10.6474 (max 14.95), (true 22, predicted [88])
attack: step 5/10, xent loss = 9.74816, l2 loss = 11.0136 (max 14.95), (true 22, predicted [88])
attack: step 6/10, xent loss = 10.9692, l2 loss = 11.7182 (max 14.95), (true 22, predicted [88])
attack: step 7/10, xent loss = 10.5294, l2 loss = 12.2207 (max 14.95), (true 22, predicted [88])
attack: step 8/10, xent loss = 10.6661, l2 loss = 12.6766 (max 14.95), (true 22, predicted [88])
attack: step 9/10, xent loss = 12.2538, l2 loss = 13.4094 (max 14.95), (true 22, predicted [88])
attack: step 10/10, xent loss = 11.9428, l2 loss = 13.7601 (max 14.95), (true 22, predicted [88])
true = 22, adv = 88
evaluating 297 of [290, 300)
attack: step 1/10, xent loss = 9.61646, l2 loss = 16.7506 (max 14.95), (true 792, predicted [616])
attack: step 2/10, xent loss = 8.6457, l2 loss = 16.9051 (max 14.95), (true 792, predicted [488])
attack: step 3/10, xent loss = 8.02265, l2 loss = 17.1898 (max 14.95), (true 792, predicted [794])
attack: step 4/10, xent loss = 9.36284, l2 loss = 17.6672 (max 14.95), (true 792, predicted [794])
attack: step 5/10, xent loss = 9.52824, l2 loss = 17.978 (max 14.95), (true 792, predicted [616])
attack: step 6/10, xent loss = 9.84417, l2 loss = 18.1674 (max 14.95), (true 792, predicted [616])
attack: step 7/10, xent loss = 9.16185, l2 loss = 18.4611 (max 14.95), (true 792, predicted [456])
attack: step 8/10, xent loss = 10.3893, l2 loss = 18.7051 (max 14.95), (true 792, predicted [794])
attack: step 9/10, xent loss = 10.207, l2 loss = 18.9187 (max 14.95), (true 792, predicted [794])
attack: step 10/10, xent loss = 10.1704, l2 loss = 19.1842 (max 14.95), (true 792, predicted [794])
check failed
true = 792, adv = 794
evaluating 298 of [290, 300)
attack: step 1/10, xent loss = 11.6986, l2 loss = 11.2834 (max 14.95), (true 9, predicted [267])
attack: step 2/10, xent loss = 12.4223, l2 loss = 11.9397 (max 14.95), (true 9, predicted [267])
attack: step 3/10, xent loss = 13.0252, l2 loss = 12.5349 (max 14.95), (true 9, predicted [267])
attack: step 4/10, xent loss = 12.337, l2 loss = 13.0617 (max 14.95), (true 9, predicted [267])
attack: step 5/10, xent loss = 13.6463, l2 loss = 13.5348 (max 14.95), (true 9, predicted [267])
attack: step 6/10, xent loss = 14.7017, l2 loss = 14.2549 (max 14.95), (true 9, predicted [267])
attack: step 7/10, xent loss = 13.89, l2 loss = 15.2301 (max 14.95), (true 9, predicted [267])
attack: step 8/10, xent loss = 15.6375, l2 loss = 16.4343 (max 14.95), (true 9, predicted [267])
attack: step 9/10, xent loss = 15.8335, l2 loss = 17.1513 (max 14.95), (true 9, predicted [267])
attack: step 10/10, xent loss = 14.0739, l2 loss = 17.8224 (max 14.95), (true 9, predicted [267])
check failed
true = 9, adv = 267
evaluating 299 of [290, 300)
attack: step 1/10, xent loss = 28.0634, l2 loss = 23.7337 (max 14.95), (true 825, predicted [728])
attack: step 2/10, xent loss = 33.6443, l2 loss = 25.3527 (max 14.95), (true 825, predicted [728])
attack: step 3/10, xent loss = 33.1094, l2 loss = 26.9667 (max 14.95), (true 825, predicted [728])
attack: step 4/10, xent loss = 34.3359, l2 loss = 29.2163 (max 14.95), (true 825, predicted [728])
attack: step 5/10, xent loss = 36.9747, l2 loss = 30.3375 (max 14.95), (true 825, predicted [728])
attack: step 6/10, xent loss = 38.932, l2 loss = 31.5161 (max 14.95), (true 825, predicted [728])
attack: step 7/10, xent loss = 40.1196, l2 loss = 32.9415 (max 14.95), (true 825, predicted [728])
attack: step 8/10, xent loss = 46.0225, l2 loss = 34.2058 (max 14.95), (true 825, predicted [728])
attack: step 9/10, xent loss = 40.082, l2 loss = 35.3516 (max 14.95), (true 825, predicted [728])
attack: step 10/10, xent loss = 44.8409, l2 loss = 36.5888 (max 14.95), (true 825, predicted [728])
check failed
true = 825, adv = 728
