2019-11-04 07:18:38.200450: I tensorflow/core/platform/cpu_feature_guard.cc:141] Your CPU supports instructions that this TensorFlow binary was not compiled to use: SSE4.1 SSE4.2 AVX AVX2 FMA
2019-11-04 07:18:38.210632: I tensorflow/core/platform/profile_utils/cpu_utils.cc:94] CPU Frequency: 2600160000 Hz
2019-11-04 07:18:38.210805: I tensorflow/compiler/xla/service/service.cc:150] XLA service 0x55555902ff70 executing computations on platform Host. Devices:
2019-11-04 07:18:38.210827: I tensorflow/compiler/xla/service/service.cc:158]   StreamExecutor device (0): <undefined>, <undefined>
2019-11-04 07:18:38.211038: I tensorflow/core/common_runtime/process_util.cc:71] Creating new thread pool with default inter op setting: 2. Tune using inter_op_parallelism_threads for best performance.
evaluating 170 of [170, 180)
attack: step 1/1, xent loss = 0.104594, l2 loss = 34.066 (max 14.95), (true 958, predicted [958])
check failed
true = 958, adv = 397
evaluating 171 of [170, 180)
attack: step 1/1, xent loss = 8.71659, l2 loss = 18.2035 (max 14.95), (true 933, predicted [934])
check failed
true = 933, adv = 934
evaluating 172 of [170, 180)
attack: step 1/1, xent loss = 4.78893, l2 loss = 13.3539 (max 14.95), (true 411, predicted [689])
true = 411, adv = 578
evaluating 173 of [170, 180)
attack: step 1/1, xent loss = 2.1839, l2 loss = 34.9907 (max 14.95), (true 188, predicted [270])
check failed
true = 188, adv = 728
evaluating 174 of [170, 180)
attack: step 1/1, xent loss = 2.51266, l2 loss = 14.3923 (max 14.95), (true 489, predicted [716])
true = 489, adv = 716
evaluating 175 of [170, 180)
attack: step 1/1, xent loss = 10.4475, l2 loss = 23.4137 (max 14.95), (true 361, predicted [169])
check failed
true = 361, adv = 169
evaluating 176 of [170, 180)
attack: step 1/1, xent loss = 4.90032, l2 loss = 19.7335 (max 14.95), (true 798, predicted [769])
check failed
true = 798, adv = 570
evaluating 177 of [170, 180)
attack: step 1/1, xent loss = 5.78934, l2 loss = 33.8161 (max 14.95), (true 342, predicted [397])
check failed
true = 342, adv = 728
evaluating 178 of [170, 180)
attack: step 1/1, xent loss = 1.595, l2 loss = 19.7854 (max 14.95), (true 724, predicted [417])
check failed
true = 724, adv = 417
evaluating 179 of [170, 180)
attack: step 1/1, xent loss = 11.6045, l2 loss = 34.9098 (max 14.95), (true 818, predicted [807])
check failed
true = 818, adv = 807
