2019-11-03 20:43:37.989334: I tensorflow/core/platform/cpu_feature_guard.cc:141] Your CPU supports instructions that this TensorFlow binary was not compiled to use: SSE4.1 SSE4.2 AVX AVX2 FMA
2019-11-03 20:43:37.996181: I tensorflow/core/platform/profile_utils/cpu_utils.cc:94] CPU Frequency: 2600125000 Hz
2019-11-03 20:43:37.996328: I tensorflow/compiler/xla/service/service.cc:150] XLA service 0x55555902fc80 executing computations on platform Host. Devices:
2019-11-03 20:43:37.996351: I tensorflow/compiler/xla/service/service.cc:158]   StreamExecutor device (0): <undefined>, <undefined>
2019-11-03 20:43:37.996566: I tensorflow/core/common_runtime/process_util.cc:71] Creating new thread pool with default inter op setting: 2. Tune using inter_op_parallelism_threads for best performance.
evaluating 300 of [300, 310)
attack: step 1/1, xent loss = 10.4435, l2 loss = 30.0243 (max 14.95), (true 441, predicted [469])
check failed
true = 441, adv = 469
evaluating 301 of [300, 310)
attack: step 1/1, xent loss = 2.67118, l2 loss = 14.0063 (max 14.95), (true 947, predicted [992])
true = 947, adv = 552
evaluating 302 of [300, 310)
attack: step 1/1, xent loss = 0.973763, l2 loss = 22.176 (max 14.95), (true 221, predicted [221])
check failed
true = 221, adv = 708
evaluating 303 of [300, 310)
attack: step 1/1, xent loss = 4.2731, l2 loss = 34.7321 (max 14.95), (true 169, predicted [267])
check failed
true = 169, adv = 728
evaluating 304 of [300, 310)
attack: step 1/1, xent loss = 0.0576347, l2 loss = 21.2718 (max 14.95), (true 160, predicted [160])
check failed
true = 160, adv = 728
evaluating 305 of [300, 310)
attack: step 1/1, xent loss = 1.60937, l2 loss = 22.4123 (max 14.95), (true 511, predicted [751])
check failed
true = 511, adv = 751
evaluating 306 of [300, 310)
attack: step 1/1, xent loss = 0.00205544, l2 loss = 7.43581 (max 14.95), (true 971, predicted [971])
true = 971, adv = 971
evaluating 307 of [300, 310)
attack: step 1/1, xent loss = 6.39493, l2 loss = 19.2737 (max 14.95), (true 932, predicted [694])
check failed
true = 932, adv = 694
evaluating 308 of [300, 310)
attack: step 1/1, xent loss = 0.451958, l2 loss = 33.6007 (max 14.95), (true 328, predicted [328])
check failed
true = 328, adv = 728
evaluating 309 of [300, 310)
attack: step 1/1, xent loss = 0.00266613, l2 loss = 14.0297 (max 14.95), (true 397, predicted [397])
true = 397, adv = 108
