2019-11-04 05:45:45.450265: I tensorflow/core/platform/cpu_feature_guard.cc:141] Your CPU supports instructions that this TensorFlow binary was not compiled to use: SSE4.1 SSE4.2 AVX AVX2 FMA
2019-11-04 05:45:45.456367: I tensorflow/core/platform/profile_utils/cpu_utils.cc:94] CPU Frequency: 2600025000 Hz
2019-11-04 05:45:45.456553: I tensorflow/compiler/xla/service/service.cc:150] XLA service 0x2aaae6e52940 executing computations on platform Host. Devices:
2019-11-04 05:45:45.456575: I tensorflow/compiler/xla/service/service.cc:158]   StreamExecutor device (0): <undefined>, <undefined>
2019-11-04 05:45:45.456756: I tensorflow/core/common_runtime/process_util.cc:71] Creating new thread pool with default inter op setting: 2. Tune using inter_op_parallelism_threads for best performance.
evaluating 380 of [380, 390)
attack: step 1/1, xent loss = 6.69974, l2 loss = 14.3011 (max 14.95), (true 229, predicted [200])
true = 229, adv = 200
evaluating 381 of [380, 390)
attack: step 1/1, xent loss = 6.15486, l2 loss = 33.527 (max 14.95), (true 808, predicted [865])
check failed
true = 808, adv = 728
evaluating 382 of [380, 390)
attack: step 1/1, xent loss = 6.06768, l2 loss = 30.968 (max 14.95), (true 382, predicted [776])
check failed
true = 382, adv = 552
evaluating 383 of [380, 390)
attack: step 1/1, xent loss = 6.51831, l2 loss = 11.3066 (max 14.95), (true 762, predicted [959])
true = 762, adv = 940
evaluating 384 of [380, 390)
attack: step 1/1, xent loss = 6.87262, l2 loss = 40.6236 (max 14.95), (true 312, predicted [30])
check failed
true = 312, adv = 728
evaluating 385 of [380, 390)
attack: step 1/1, xent loss = 0.214639, l2 loss = 18.0417 (max 14.95), (true 186, predicted [186])
check failed
true = 186, adv = 196
evaluating 386 of [380, 390)
attack: step 1/1, xent loss = 0.0126212, l2 loss = 30.3578 (max 14.95), (true 61, predicted [61])
check failed
true = 61, adv = 728
evaluating 387 of [380, 390)
attack: step 1/1, xent loss = 4.28673, l2 loss = 17.5845 (max 14.95), (true 393, predicted [108])
check failed
true = 393, adv = 601
evaluating 388 of [380, 390)
attack: step 1/1, xent loss = 1.19209e-07, l2 loss = 0.00124577 (max 14.95), (true 439, predicted [439])
true = 439, adv = 439
evaluating 389 of [380, 390)
attack: step 1/1, xent loss = 3.352, l2 loss = 17.0556 (max 14.95), (true 482, predicted [530])
check failed
true = 482, adv = 530
