2019-10-26 23:07:59.109765: I tensorflow/core/platform/cpu_feature_guard.cc:141] Your CPU supports instructions that this TensorFlow binary was not compiled to use: SSE4.1 SSE4.2 AVX AVX2 FMA
2019-10-26 23:07:59.117391: I tensorflow/core/platform/profile_utils/cpu_utils.cc:94] CPU Frequency: 2599725000 Hz
2019-10-26 23:07:59.117542: I tensorflow/compiler/xla/service/service.cc:150] XLA service 0x55555902f1d0 executing computations on platform Host. Devices:
2019-10-26 23:07:59.117565: I tensorflow/compiler/xla/service/service.cc:158]   StreamExecutor device (0): <undefined>, <undefined>
2019-10-26 23:07:59.117773: I tensorflow/core/common_runtime/process_util.cc:71] Creating new thread pool with default inter op setting: 2. Tune using inter_op_parallelism_threads for best performance.
evaluating 20 of [20, 30)
attack: step 1/10, xent loss = 38.3811, l2 loss = 43.8862 (max 14.95), (true 678, predicted [728])
unbound attack returning early
check failed
true = 678, adv = 728
evaluating 21 of [20, 30)
attack: step 1/10, xent loss = 7.32221, l2 loss = 16.9018 (max 14.95), (true 392, predicted [552])
unbound attack returning early
check failed
true = 392, adv = 552
evaluating 22 of [20, 30)
attack: step 1/10, xent loss = 11.6218, l2 loss = 20.3109 (max 14.95), (true 314, predicted [304])
unbound attack returning early
check failed
true = 314, adv = 304
evaluating 23 of [20, 30)
attack: step 1/10, xent loss = 6.83435, l2 loss = 17.0305 (max 14.95), (true 17, predicted [21])
unbound attack returning early
check failed
true = 17, adv = 21
evaluating 24 of [20, 30)
attack: step 1/10, xent loss = 22.7092, l2 loss = 31.403 (max 14.95), (true 283, predicted [728])
unbound attack returning early
check failed
true = 283, adv = 728
evaluating 25 of [20, 30)
attack: step 1/10, xent loss = 7.56083, l2 loss = 18.7015 (max 14.95), (true 654, predicted [436])
unbound attack returning early
check failed
true = 654, adv = 656
evaluating 26 of [20, 30)
attack: step 1/10, xent loss = 11.2574, l2 loss = 22.5527 (max 14.95), (true 646, predicted [984])
unbound attack returning early
check failed
true = 646, adv = 984
evaluating 27 of [20, 30)
attack: step 1/10, xent loss = 6.41735, l2 loss = 14.5555 (max 14.95), (true 635, predicted [892])
returning early
true = 635, adv = 892
evaluating 28 of [20, 30)
attack: step 1/10, xent loss = 8.85675, l2 loss = 18.8794 (max 14.95), (true 351, predicted [552])
unbound attack returning early
check failed
true = 351, adv = 552
evaluating 29 of [20, 30)
attack: step 1/10, xent loss = 25.1719, l2 loss = 33.0166 (max 14.95), (true 848, predicted [728])
unbound attack returning early
check failed
true = 848, adv = 728
