2019-06-05 08:02:20.425474: I tensorflow/core/platform/cpu_feature_guard.cc:141] Your CPU supports instructions that this TensorFlow binary was not compiled to use: SSE4.1 SSE4.2 AVX AVX2 FMA
2019-06-05 08:02:20.433183: I tensorflow/core/platform/profile_utils/cpu_utils.cc:94] CPU Frequency: 2600190000 Hz
2019-06-05 08:02:20.433274: I tensorflow/compiler/xla/service/service.cc:150] XLA service 0x2aaae74bf430 executing computations on platform Host. Devices:
2019-06-05 08:02:20.433287: I tensorflow/compiler/xla/service/service.cc:158]   StreamExecutor device (0): <undefined>, <undefined>
2019-06-05 08:02:20.433430: I tensorflow/core/common_runtime/process_util.cc:71] Creating new thread pool with default inter op setting: 2. Tune using inter_op_parallelism_threads for best performance.
evaluating 80 of [80, 90)
attack: step 1/10, xent loss = 1.19388, l2 loss = 0 (max 14.95), (true 821, predicted [821])
attack: step 2/10, xent loss = 3.94008, l2 loss = 4.9263 (max 14.95), (true 821, predicted [538])
attack: step 3/10, xent loss = 8.94508, l2 loss = 9.72194 (max 14.95), (true 821, predicted [915])
attack: step 4/10, xent loss = 9.08853, l2 loss = 10.3879 (max 14.95), (true 821, predicted [915])
attack: step 5/10, xent loss = 15.5227, l2 loss = 13.2364 (max 14.95), (true 821, predicted [915])
attack: step 6/10, xent loss = 13.7827, l2 loss = 14.5023 (max 14.95), (true 821, predicted [915])
attack: step 7/10, xent loss = 16.7845, l2 loss = 15.8493 (max 14.95), (true 821, predicted [915])
attack: step 8/10, xent loss = 18.7587, l2 loss = 16.9659 (max 14.95), (true 821, predicted [915])
attack: step 9/10, xent loss = 17.4967, l2 loss = 17.7331 (max 14.95), (true 821, predicted [915])
attack: step 10/10, xent loss = 21.2314, l2 loss = 18.6224 (max 14.95), (true 821, predicted [915])
check failed
true = 821, adv = 915
evaluating 81 of [80, 90)
attack: step 1/10, xent loss = 0.00422158, l2 loss = 0 (max 14.95), (true 843, predicted [843])
attack: step 2/10, xent loss = 0.00561387, l2 loss = 0.0253176 (max 14.95), (true 843, predicted [843])
attack: step 3/10, xent loss = 0.0025508, l2 loss = 0.0400629 (max 14.95), (true 843, predicted [843])
attack: step 4/10, xent loss = 0.0021393, l2 loss = 0.0436526 (max 14.95), (true 843, predicted [843])
attack: step 5/10, xent loss = 0.0308154, l2 loss = 0.0463419 (max 14.95), (true 843, predicted [843])
attack: step 6/10, xent loss = 0.0033525, l2 loss = 0.163228 (max 14.95), (true 843, predicted [843])
attack: step 7/10, xent loss = 0.00907145, l2 loss = 0.166292 (max 14.95), (true 843, predicted [843])
attack: step 8/10, xent loss = 0.00708614, l2 loss = 0.177459 (max 14.95), (true 843, predicted [843])
attack: step 9/10, xent loss = 0.00513497, l2 loss = 0.186512 (max 14.95), (true 843, predicted [843])
attack: step 10/10, xent loss = 0.00635318, l2 loss = 0.189527 (max 14.95), (true 843, predicted [843])
true = 843, adv = 843
evaluating 82 of [80, 90)
attack: step 1/10, xent loss = 1.09505, l2 loss = 0 (max 14.95), (true 819, predicted [819])
attack: step 2/10, xent loss = 2.38436, l2 loss = 4.01176 (max 14.95), (true 819, predicted [819])
attack: step 3/10, xent loss = 4.13253, l2 loss = 7.06635 (max 14.95), (true 819, predicted [457])
attack: step 4/10, xent loss = 7.88036, l2 loss = 8.7424 (max 14.95), (true 819, predicted [457])
attack: step 5/10, xent loss = 9.46596, l2 loss = 10.7971 (max 14.95), (true 819, predicted [457])
attack: step 6/10, xent loss = 10.3029, l2 loss = 15.8242 (max 14.95), (true 819, predicted [457])
attack: step 7/10, xent loss = 13.9302, l2 loss = 17.6843 (max 14.95), (true 819, predicted [457])
attack: step 8/10, xent loss = 16.6255, l2 loss = 19.9535 (max 14.95), (true 819, predicted [457])
attack: step 9/10, xent loss = 17.4613, l2 loss = 21.5698 (max 14.95), (true 819, predicted [457])
attack: step 10/10, xent loss = 21.268, l2 loss = 22.0736 (max 14.95), (true 819, predicted [457])
check failed
true = 819, adv = 457
evaluating 83 of [80, 90)
attack: step 1/10, xent loss = 2.1536, l2 loss = 0 (max 14.95), (true 167, predicted [162])
attack: step 2/10, xent loss = 2.49615, l2 loss = 3.32973 (max 14.95), (true 167, predicted [162])
attack: step 3/10, xent loss = 3.724, l2 loss = 5.88852 (max 14.95), (true 167, predicted [191])
attack: step 4/10, xent loss = 6.883, l2 loss = 8.55966 (max 14.95), (true 167, predicted [728])
attack: step 5/10, xent loss = 6.98305, l2 loss = 9.82839 (max 14.95), (true 167, predicted [728])
attack: step 6/10, xent loss = 9.34181, l2 loss = 10.8918 (max 14.95), (true 167, predicted [728])
attack: step 7/10, xent loss = 10.7856, l2 loss = 11.9487 (max 14.95), (true 167, predicted [728])
attack: step 8/10, xent loss = 13.3783, l2 loss = 13.9031 (max 14.95), (true 167, predicted [728])
attack: step 9/10, xent loss = 13.4862, l2 loss = 15.1294 (max 14.95), (true 167, predicted [728])
attack: step 10/10, xent loss = 15.9228, l2 loss = 16.6978 (max 14.95), (true 167, predicted [728])
check failed
true = 167, adv = 728
evaluating 84 of [80, 90)
attack: step 1/10, xent loss = 1.68084, l2 loss = 0 (max 14.95), (true 582, predicted [582])
attack: step 2/10, xent loss = 1.4766, l2 loss = 3.21946 (max 14.95), (true 582, predicted [582])
attack: step 3/10, xent loss = 1.65616, l2 loss = 4.69264 (max 14.95), (true 582, predicted [582])
attack: step 4/10, xent loss = 2.92708, l2 loss = 5.79797 (max 14.95), (true 582, predicted [762])
attack: step 5/10, xent loss = 2.81203, l2 loss = 7.12591 (max 14.95), (true 582, predicted [582])
attack: step 6/10, xent loss = 3.18609, l2 loss = 7.8579 (max 14.95), (true 582, predicted [728])
attack: step 7/10, xent loss = 4.25581, l2 loss = 8.71898 (max 14.95), (true 582, predicted [986])
attack: step 8/10, xent loss = 4.49369, l2 loss = 9.71746 (max 14.95), (true 582, predicted [986])
attack: step 9/10, xent loss = 5.50632, l2 loss = 10.4904 (max 14.95), (true 582, predicted [986])
attack: step 10/10, xent loss = 5.3147, l2 loss = 11.4263 (max 14.95), (true 582, predicted [986])
true = 582, adv = 986
evaluating 85 of [80, 90)
attack: step 1/10, xent loss = 1.01228, l2 loss = 0 (max 14.95), (true 951, predicted [951])
attack: step 2/10, xent loss = 2.41263, l2 loss = 2.94246 (max 14.95), (true 951, predicted [951])
attack: step 3/10, xent loss = 4.54204, l2 loss = 5.1791 (max 14.95), (true 951, predicted [945])
attack: step 4/10, xent loss = 5.04625, l2 loss = 6.33457 (max 14.95), (true 951, predicted [728])
attack: step 5/10, xent loss = 5.62861, l2 loss = 8.34514 (max 14.95), (true 951, predicted [728])
attack: step 6/10, xent loss = 10.2875, l2 loss = 10.3757 (max 14.95), (true 951, predicted [728])
attack: step 7/10, xent loss = 14.8881, l2 loss = 13.812 (max 14.95), (true 951, predicted [728])
attack: step 8/10, xent loss = 15.1777, l2 loss = 16.5066 (max 14.95), (true 951, predicted [728])
attack: step 9/10, xent loss = 19.7079, l2 loss = 19.2349 (max 14.95), (true 951, predicted [728])
attack: step 10/10, xent loss = 19.0022, l2 loss = 21.1193 (max 14.95), (true 951, predicted [728])
check failed
true = 951, adv = 728
evaluating 86 of [80, 90)
attack: step 1/10, xent loss = 0.201082, l2 loss = 0 (max 14.95), (true 748, predicted [748])
attack: step 2/10, xent loss = 0.789152, l2 loss = 0.470136 (max 14.95), (true 748, predicted [748])
attack: step 3/10, xent loss = 0.62481, l2 loss = 1.43051 (max 14.95), (true 748, predicted [748])
attack: step 4/10, xent loss = 0.569975, l2 loss = 2.0536 (max 14.95), (true 748, predicted [748])
attack: step 5/10, xent loss = 2.34104, l2 loss = 2.42046 (max 14.95), (true 748, predicted [999])
attack: step 6/10, xent loss = 3.24601, l2 loss = 5.94372 (max 14.95), (true 748, predicted [999])
attack: step 7/10, xent loss = 3.79883, l2 loss = 7.67626 (max 14.95), (true 748, predicted [999])
attack: step 8/10, xent loss = 8.41198, l2 loss = 9.69763 (max 14.95), (true 748, predicted [999])
attack: step 9/10, xent loss = 9.72384, l2 loss = 11.1291 (max 14.95), (true 748, predicted [999])
attack: step 10/10, xent loss = 14.5376, l2 loss = 13.3987 (max 14.95), (true 748, predicted [999])
check failed
true = 748, adv = 999
evaluating 87 of [80, 90)
attack: step 1/10, xent loss = 1.75945, l2 loss = 0 (max 14.95), (true 610, predicted [610])
attack: step 2/10, xent loss = 8.05228, l2 loss = 6.23362 (max 14.95), (true 610, predicted [728])
attack: step 3/10, xent loss = 9.95337, l2 loss = 11.142 (max 14.95), (true 610, predicted [728])
attack: step 4/10, xent loss = 15.6473, l2 loss = 13.8552 (max 14.95), (true 610, predicted [728])
attack: step 5/10, xent loss = 19.8952, l2 loss = 16.3376 (max 14.95), (true 610, predicted [728])
attack: step 6/10, xent loss = 23.6318, l2 loss = 18.7802 (max 14.95), (true 610, predicted [728])
attack: step 7/10, xent loss = 24.1798, l2 loss = 21.0161 (max 14.95), (true 610, predicted [728])
attack: step 8/10, xent loss = 28.1161, l2 loss = 23.2004 (max 14.95), (true 610, predicted [728])
attack: step 9/10, xent loss = 30.4389, l2 loss = 24.8886 (max 14.95), (true 610, predicted [728])
attack: step 10/10, xent loss = 34.1136, l2 loss = 26.4111 (max 14.95), (true 610, predicted [728])
check failed
true = 610, adv = 728
evaluating 88 of [80, 90)
attack: step 1/10, xent loss = 0.271203, l2 loss = 0 (max 14.95), (true 634, predicted [634])
attack: step 2/10, xent loss = 1.52537, l2 loss = 0.87551 (max 14.95), (true 634, predicted [519])
attack: step 3/10, xent loss = 2.68163, l2 loss = 3.49934 (max 14.95), (true 634, predicted [519])
attack: step 4/10, xent loss = 4.04068, l2 loss = 5.53562 (max 14.95), (true 634, predicted [519])
attack: step 5/10, xent loss = 5.19132, l2 loss = 6.70954 (max 14.95), (true 634, predicted [519])
attack: step 6/10, xent loss = 6.69874, l2 loss = 7.80674 (max 14.95), (true 634, predicted [519])
attack: step 7/10, xent loss = 8.17595, l2 loss = 9.07625 (max 14.95), (true 634, predicted [519])
attack: step 8/10, xent loss = 8.64456, l2 loss = 10.396 (max 14.95), (true 634, predicted [519])
attack: step 9/10, xent loss = 9.1766, l2 loss = 11.486 (max 14.95), (true 634, predicted [519])
attack: step 10/10, xent loss = 9.53801, l2 loss = 12.5974 (max 14.95), (true 634, predicted [519])
true = 634, adv = 519
evaluating 89 of [80, 90)
attack: step 1/10, xent loss = 1.85887, l2 loss = 0 (max 14.95), (true 523, predicted [869])
attack: step 2/10, xent loss = 6.2005, l2 loss = 5.43147 (max 14.95), (true 523, predicted [501])
attack: step 3/10, xent loss = 8.48247, l2 loss = 8.33072 (max 14.95), (true 523, predicted [501])
attack: step 4/10, xent loss = 8.38331, l2 loss = 9.4725 (max 14.95), (true 523, predicted [501])
attack: step 5/10, xent loss = 11.0354, l2 loss = 11.7665 (max 14.95), (true 523, predicted [501])
attack: step 6/10, xent loss = 12.5739, l2 loss = 12.7397 (max 14.95), (true 523, predicted [501])
attack: step 7/10, xent loss = 13.2125, l2 loss = 13.8102 (max 14.95), (true 523, predicted [501])
attack: step 8/10, xent loss = 11.5795, l2 loss = 14.7571 (max 14.95), (true 523, predicted [501])
attack: step 9/10, xent loss = 14.3991, l2 loss = 15.9956 (max 14.95), (true 523, predicted [501])
attack: step 10/10, xent loss = 15.3379, l2 loss = 16.8218 (max 14.95), (true 523, predicted [501])
check failed
true = 523, adv = 501
