2019-06-04 16:01:06.741998: I tensorflow/core/platform/cpu_feature_guard.cc:141] Your CPU supports instructions that this TensorFlow binary was not compiled to use: SSE4.1 SSE4.2 AVX AVX2 FMA
2019-06-04 16:01:07.038355: I tensorflow/core/platform/profile_utils/cpu_utils.cc:94] CPU Frequency: 2599975000 Hz
2019-06-04 16:01:07.051319: I tensorflow/compiler/xla/service/service.cc:150] XLA service 0x2aaae70bcba0 executing computations on platform Host. Devices:
2019-06-04 16:01:07.051359: I tensorflow/compiler/xla/service/service.cc:158]   StreamExecutor device (0): <undefined>, <undefined>
2019-06-04 16:01:07.052006: I tensorflow/core/common_runtime/process_util.cc:71] Creating new thread pool with default inter op setting: 2. Tune using inter_op_parallelism_threads for best performance.
evaluating 830 of [830, 840)
attack: step 1/10, xent loss = 0.163762, l2 loss = 0 (max 14.95), (true 227, predicted [227])
attack: step 2/10, xent loss = 0.0786287, l2 loss = 0.586605 (max 14.95), (true 227, predicted [227])
attack: step 3/10, xent loss = 0.330998, l2 loss = 0.649768 (max 14.95), (true 227, predicted [227])
attack: step 4/10, xent loss = 0.107306, l2 loss = 1.38654 (max 14.95), (true 227, predicted [227])
attack: step 5/10, xent loss = 0.844038, l2 loss = 1.45159 (max 14.95), (true 227, predicted [227])
attack: step 6/10, xent loss = 0.333744, l2 loss = 3.31688 (max 14.95), (true 227, predicted [227])
attack: step 7/10, xent loss = 0.346538, l2 loss = 3.62658 (max 14.95), (true 227, predicted [227])
attack: step 8/10, xent loss = 1.7533, l2 loss = 4.06377 (max 14.95), (true 227, predicted [236])
attack: step 9/10, xent loss = 2.98031, l2 loss = 7.60493 (max 14.95), (true 227, predicted [236])
attack: step 10/10, xent loss = 3.87964, l2 loss = 9.25988 (max 14.95), (true 227, predicted [236])
true = 227, adv = 236
evaluating 831 of [830, 840)
attack: step 1/10, xent loss = 2.55185, l2 loss = 0 (max 14.95), (true 83, predicted [80])
attack: step 2/10, xent loss = 5.56365, l2 loss = 3.61778 (max 14.95), (true 83, predicted [136])
attack: step 3/10, xent loss = 7.01712, l2 loss = 6.51433 (max 14.95), (true 83, predicted [136])
attack: step 4/10, xent loss = 8.59356, l2 loss = 8.25471 (max 14.95), (true 83, predicted [136])
attack: step 5/10, xent loss = 9.29576, l2 loss = 10.56 (max 14.95), (true 83, predicted [136])
attack: step 6/10, xent loss = 9.94041, l2 loss = 11.3974 (max 14.95), (true 83, predicted [136])
attack: step 7/10, xent loss = 13.1083, l2 loss = 11.7887 (max 14.95), (true 83, predicted [136])
attack: step 8/10, xent loss = 14.4921, l2 loss = 13.1355 (max 14.95), (true 83, predicted [136])
attack: step 9/10, xent loss = 13.1597, l2 loss = 14.7498 (max 14.95), (true 83, predicted [136])
attack: step 10/10, xent loss = 17.211, l2 loss = 16.3825 (max 14.95), (true 83, predicted [136])
check failed
true = 83, adv = 136
evaluating 832 of [830, 840)
attack: step 1/10, xent loss = 1.61448, l2 loss = 0 (max 14.95), (true 5, predicted [6])
attack: step 2/10, xent loss = 3.09613, l2 loss = 3.88935 (max 14.95), (true 5, predicted [28])
attack: step 3/10, xent loss = 6.11169, l2 loss = 6.77776 (max 14.95), (true 5, predicted [28])
attack: step 4/10, xent loss = 7.87592, l2 loss = 8.35914 (max 14.95), (true 5, predicted [28])
attack: step 5/10, xent loss = 9.21167, l2 loss = 9.69907 (max 14.95), (true 5, predicted [28])
attack: step 6/10, xent loss = 9.20328, l2 loss = 10.1855 (max 14.95), (true 5, predicted [28])
attack: step 7/10, xent loss = 10.3798, l2 loss = 11.1161 (max 14.95), (true 5, predicted [28])
attack: step 8/10, xent loss = 10.985, l2 loss = 11.4712 (max 14.95), (true 5, predicted [28])
attack: step 9/10, xent loss = 13.2405, l2 loss = 12.1281 (max 14.95), (true 5, predicted [28])
attack: step 10/10, xent loss = 12.4806, l2 loss = 13.6044 (max 14.95), (true 5, predicted [28])
true = 5, adv = 28
evaluating 833 of [830, 840)
attack: step 1/10, xent loss = 4.37275, l2 loss = 0 (max 14.95), (true 585, predicted [903])
attack: step 2/10, xent loss = 6.75943, l2 loss = 3.52484 (max 14.95), (true 585, predicted [903])
attack: step 3/10, xent loss = 7.27994, l2 loss = 6.15773 (max 14.95), (true 585, predicted [903])
attack: step 4/10, xent loss = 8.18537, l2 loss = 8.3054 (max 14.95), (true 585, predicted [903])
attack: step 5/10, xent loss = 9.37158, l2 loss = 9.148 (max 14.95), (true 585, predicted [903])
attack: step 6/10, xent loss = 10.6581, l2 loss = 10.5625 (max 14.95), (true 585, predicted [903])
attack: step 7/10, xent loss = 11.0807, l2 loss = 12.0772 (max 14.95), (true 585, predicted [903])
attack: step 8/10, xent loss = 13.3747, l2 loss = 12.9964 (max 14.95), (true 585, predicted [903])
attack: step 9/10, xent loss = 13.39, l2 loss = 13.9996 (max 14.95), (true 585, predicted [903])
attack: step 10/10, xent loss = 13.8978, l2 loss = 15.1551 (max 14.95), (true 585, predicted [903])
check failed
true = 585, adv = 903
evaluating 834 of [830, 840)
attack: step 1/10, xent loss = 1.22139, l2 loss = 0 (max 14.95), (true 846, predicted [619])
attack: step 2/10, xent loss = 1.35856, l2 loss = 1.66514 (max 14.95), (true 846, predicted [619])
attack: step 3/10, xent loss = 1.73169, l2 loss = 2.33688 (max 14.95), (true 846, predicted [619])
attack: step 4/10, xent loss = 2.06095, l2 loss = 3.13973 (max 14.95), (true 846, predicted [619])
attack: step 5/10, xent loss = 3.55762, l2 loss = 3.89414 (max 14.95), (true 846, predicted [619])
attack: step 6/10, xent loss = 2.83141, l2 loss = 4.65489 (max 14.95), (true 846, predicted [619])
attack: step 7/10, xent loss = 3.9769, l2 loss = 5.27398 (max 14.95), (true 846, predicted [619])
attack: step 8/10, xent loss = 4.45655, l2 loss = 6.04886 (max 14.95), (true 846, predicted [619])
attack: step 9/10, xent loss = 5.06305, l2 loss = 6.61628 (max 14.95), (true 846, predicted [619])
attack: step 10/10, xent loss = 5.03194, l2 loss = 7.19771 (max 14.95), (true 846, predicted [619])
true = 846, adv = 619
evaluating 835 of [830, 840)
attack: step 1/10, xent loss = 3.88311, l2 loss = 0 (max 14.95), (true 110, predicted [1])
attack: step 2/10, xent loss = 5.60857, l2 loss = 4.77175 (max 14.95), (true 110, predicted [1])
attack: step 3/10, xent loss = 6.29221, l2 loss = 6.24996 (max 14.95), (true 110, predicted [1])
attack: step 4/10, xent loss = 9.22279, l2 loss = 7.53794 (max 14.95), (true 110, predicted [1])
attack: step 5/10, xent loss = 8.61519, l2 loss = 8.81251 (max 14.95), (true 110, predicted [728])
attack: step 6/10, xent loss = 10.6448, l2 loss = 9.81449 (max 14.95), (true 110, predicted [728])
attack: step 7/10, xent loss = 14.0861, l2 loss = 11.377 (max 14.95), (true 110, predicted [728])
attack: step 8/10, xent loss = 15.3304, l2 loss = 13.6695 (max 14.95), (true 110, predicted [728])
attack: step 9/10, xent loss = 17.6105, l2 loss = 14.9629 (max 14.95), (true 110, predicted [728])
attack: step 10/10, xent loss = 18.3053, l2 loss = 16.0949 (max 14.95), (true 110, predicted [728])
check failed
true = 110, adv = 728
evaluating 836 of [830, 840)
attack: step 1/10, xent loss = 0.822717, l2 loss = 0 (max 14.95), (true 723, predicted [723])
attack: step 2/10, xent loss = 2.17317, l2 loss = 3.14679 (max 14.95), (true 723, predicted [723])
attack: step 3/10, xent loss = 2.17143, l2 loss = 5.80905 (max 14.95), (true 723, predicted [723])
attack: step 4/10, xent loss = 2.2787, l2 loss = 7.45732 (max 14.95), (true 723, predicted [723])
attack: step 5/10, xent loss = 4.35976, l2 loss = 9.13824 (max 14.95), (true 723, predicted [794])
attack: step 6/10, xent loss = 5.63975, l2 loss = 11.6152 (max 14.95), (true 723, predicted [775])
attack: step 7/10, xent loss = 7.073, l2 loss = 12.3692 (max 14.95), (true 723, predicted [775])
attack: step 8/10, xent loss = 6.68931, l2 loss = 12.5718 (max 14.95), (true 723, predicted [775])
attack: step 9/10, xent loss = 7.93727, l2 loss = 13.0764 (max 14.95), (true 723, predicted [775])
attack: step 10/10, xent loss = 7.68332, l2 loss = 13.3313 (max 14.95), (true 723, predicted [775])
true = 723, adv = 607
evaluating 837 of [830, 840)
attack: step 1/10, xent loss = 3.06868, l2 loss = 0 (max 14.95), (true 819, predicted [625])
attack: step 2/10, xent loss = 3.41345, l2 loss = 4.31668 (max 14.95), (true 819, predicted [625])
attack: step 3/10, xent loss = 6.41812, l2 loss = 6.00971 (max 14.95), (true 819, predicted [408])
attack: step 4/10, xent loss = 4.7685, l2 loss = 7.34506 (max 14.95), (true 819, predicted [625])
attack: step 5/10, xent loss = 5.30077, l2 loss = 8.77746 (max 14.95), (true 819, predicted [625])
attack: step 6/10, xent loss = 8.47684, l2 loss = 9.70458 (max 14.95), (true 819, predicted [847])
attack: step 7/10, xent loss = 7.99137, l2 loss = 10.507 (max 14.95), (true 819, predicted [408])
attack: step 8/10, xent loss = 8.72344, l2 loss = 11.3818 (max 14.95), (true 819, predicted [625])
attack: step 9/10, xent loss = 8.99187, l2 loss = 11.9838 (max 14.95), (true 819, predicted [847])
attack: step 10/10, xent loss = 10.8001, l2 loss = 12.8249 (max 14.95), (true 819, predicted [408])
true = 819, adv = 408
evaluating 838 of [830, 840)
attack: step 1/10, xent loss = 7.67328, l2 loss = 0 (max 14.95), (true 373, predicted [643])
attack: step 2/10, xent loss = 8.98462, l2 loss = 5.57816 (max 14.95), (true 373, predicted [643])
attack: step 3/10, xent loss = 10.6962, l2 loss = 8.19262 (max 14.95), (true 373, predicted [643])
attack: step 4/10, xent loss = 10.8211, l2 loss = 9.83957 (max 14.95), (true 373, predicted [728])
attack: step 5/10, xent loss = 14.0611, l2 loss = 11.2288 (max 14.95), (true 373, predicted [999])
attack: step 6/10, xent loss = 15.6171, l2 loss = 16.9688 (max 14.95), (true 373, predicted [999])
attack: step 7/10, xent loss = 15.0053, l2 loss = 22.719 (max 14.95), (true 373, predicted [999])
attack: step 8/10, xent loss = 18.5008, l2 loss = 26.7082 (max 14.95), (true 373, predicted [700])
attack: step 9/10, xent loss = 19.0657, l2 loss = 30.4663 (max 14.95), (true 373, predicted [700])
attack: step 10/10, xent loss = 20.492, l2 loss = 35.1903 (max 14.95), (true 373, predicted [700])
check failed
true = 373, adv = 700
evaluating 839 of [830, 840)
attack: step 1/10, xent loss = 0.00900907, l2 loss = 0 (max 14.95), (true 416, predicted [416])
attack: step 2/10, xent loss = 0.0137271, l2 loss = 0.0680513 (max 14.95), (true 416, predicted [416])
attack: step 3/10, xent loss = 0.0305221, l2 loss = 0.138673 (max 14.95), (true 416, predicted [416])
attack: step 4/10, xent loss = 0.00722403, l2 loss = 0.261763 (max 14.95), (true 416, predicted [416])
attack: step 5/10, xent loss = 0.0245556, l2 loss = 0.270879 (max 14.95), (true 416, predicted [416])
attack: step 6/10, xent loss = 0.00767225, l2 loss = 0.341337 (max 14.95), (true 416, predicted [416])
attack: step 7/10, xent loss = 0.00965296, l2 loss = 0.348687 (max 14.95), (true 416, predicted [416])
attack: step 8/10, xent loss = 0.0169553, l2 loss = 0.358844 (max 14.95), (true 416, predicted [416])
attack: step 9/10, xent loss = 0.0314837, l2 loss = 0.385467 (max 14.95), (true 416, predicted [416])
attack: step 10/10, xent loss = 0.0131007, l2 loss = 0.462085 (max 14.95), (true 416, predicted [416])
true = 416, adv = 416
