2019-06-28 22:38:53.082409: I tensorflow/core/platform/cpu_feature_guard.cc:141] Your CPU supports instructions that this TensorFlow binary was not compiled to use: SSE4.1 SSE4.2 AVX AVX2 FMA
2019-06-28 22:38:53.090873: I tensorflow/core/platform/profile_utils/cpu_utils.cc:94] CPU Frequency: 2599770000 Hz
2019-06-28 22:38:53.090993: I tensorflow/compiler/xla/service/service.cc:150] XLA service 0x2aaae70bcf10 executing computations on platform Host. Devices:
2019-06-28 22:38:53.091011: I tensorflow/compiler/xla/service/service.cc:158]   StreamExecutor device (0): <undefined>, <undefined>
2019-06-28 22:38:53.091173: I tensorflow/core/common_runtime/process_util.cc:71] Creating new thread pool with default inter op setting: 2. Tune using inter_op_parallelism_threads for best performance.
evaluating 190 of [190, 200)
attack: step 1/10, xent loss = 0.636693, l2 loss = 2.12132 (max 14.95), (true 553, predicted [553])
attack: step 2/10, xent loss = 0.330228, l2 loss = 2.87378 (max 14.95), (true 553, predicted [553])
attack: step 3/10, xent loss = 0.401185, l2 loss = 3.1325 (max 14.95), (true 553, predicted [553])
attack: step 4/10, xent loss = 0.281296, l2 loss = 3.47837 (max 14.95), (true 553, predicted [553])
attack: step 5/10, xent loss = 0.336969, l2 loss = 3.6163 (max 14.95), (true 553, predicted [553])
attack: step 6/10, xent loss = 0.857913, l2 loss = 3.90274 (max 14.95), (true 553, predicted [553])
attack: step 7/10, xent loss = 0.404279, l2 loss = 4.74661 (max 14.95), (true 553, predicted [553])
attack: step 8/10, xent loss = 0.348952, l2 loss = 4.96136 (max 14.95), (true 553, predicted [553])
attack: step 9/10, xent loss = 0.185469, l2 loss = 5.19401 (max 14.95), (true 553, predicted [553])
attack: step 10/10, xent loss = 0.16075, l2 loss = 5.25189 (max 14.95), (true 553, predicted [553])
true = 553, adv = 553
evaluating 191 of [190, 200)
attack: step 1/10, xent loss = 3.50599, l2 loss = 13.9191 (max 14.95), (true 23, predicted [23])
attack: step 2/10, xent loss = 4.77868, l2 loss = 14.4116 (max 14.95), (true 23, predicted [314])
attack: step 3/10, xent loss = 6.29449, l2 loss = 14.9589 (max 14.95), (true 23, predicted [314])
attack: step 4/10, xent loss = 4.40762, l2 loss = 15.5991 (max 14.95), (true 23, predicted [314])
attack: step 5/10, xent loss = 4.24004, l2 loss = 16.2668 (max 14.95), (true 23, predicted [895])
attack: step 6/10, xent loss = 7.14512, l2 loss = 17.311 (max 14.95), (true 23, predicted [728])
attack: step 7/10, xent loss = 7.01717, l2 loss = 17.4101 (max 14.95), (true 23, predicted [908])
attack: step 8/10, xent loss = 6.90817, l2 loss = 17.6343 (max 14.95), (true 23, predicted [728])
attack: step 9/10, xent loss = 7.10116, l2 loss = 17.9189 (max 14.95), (true 23, predicted [908])
attack: step 10/10, xent loss = 7.22408, l2 loss = 18.0272 (max 14.95), (true 23, predicted [895])
check failed
true = 23, adv = 895
evaluating 192 of [190, 200)
attack: step 1/10, xent loss = 8.87361, l2 loss = 15.3544 (max 14.95), (true 169, predicted [215])
attack: step 2/10, xent loss = 9.31412, l2 loss = 15.8788 (max 14.95), (true 169, predicted [215])
attack: step 3/10, xent loss = 8.91627, l2 loss = 16.5908 (max 14.95), (true 169, predicted [215])
attack: step 4/10, xent loss = 8.3901, l2 loss = 17.3953 (max 14.95), (true 169, predicted [215])
attack: step 5/10, xent loss = 8.00047, l2 loss = 18.0603 (max 14.95), (true 169, predicted [215])
attack: step 6/10, xent loss = 7.97293, l2 loss = 18.6856 (max 14.95), (true 169, predicted [215])
attack: step 7/10, xent loss = 9.25795, l2 loss = 19.2154 (max 14.95), (true 169, predicted [215])
attack: step 8/10, xent loss = 10.4671, l2 loss = 20.3415 (max 14.95), (true 169, predicted [215])
attack: step 9/10, xent loss = 9.29548, l2 loss = 20.6314 (max 14.95), (true 169, predicted [215])
attack: step 10/10, xent loss = 11.7558, l2 loss = 21.2316 (max 14.95), (true 169, predicted [215])
check failed
true = 169, adv = 215
evaluating 193 of [190, 200)
attack: step 1/10, xent loss = 20.5389, l2 loss = 23.42 (max 14.95), (true 567, predicted [574])
attack: step 2/10, xent loss = 21.16, l2 loss = 24.3867 (max 14.95), (true 567, predicted [574])
attack: step 3/10, xent loss = 20.0237, l2 loss = 25.6105 (max 14.95), (true 567, predicted [574])
attack: step 4/10, xent loss = 22.303, l2 loss = 27.2868 (max 14.95), (true 567, predicted [574])
attack: step 5/10, xent loss = 21.636, l2 loss = 28.8425 (max 14.95), (true 567, predicted [574])
attack: step 6/10, xent loss = 24.79, l2 loss = 30.2159 (max 14.95), (true 567, predicted [574])
attack: step 7/10, xent loss = 22.9258, l2 loss = 31.3218 (max 14.95), (true 567, predicted [574])
attack: step 8/10, xent loss = 23.4462, l2 loss = 32.4013 (max 14.95), (true 567, predicted [574])
attack: step 9/10, xent loss = 23.321, l2 loss = 33.4677 (max 14.95), (true 567, predicted [574])
attack: step 10/10, xent loss = 24.4598, l2 loss = 34.3066 (max 14.95), (true 567, predicted [574])
check failed
true = 567, adv = 574
evaluating 194 of [190, 200)
attack: step 1/10, xent loss = 7.20183, l2 loss = 11.9992 (max 14.95), (true 545, predicted [518])
attack: step 2/10, xent loss = 7.78745, l2 loss = 12.8212 (max 14.95), (true 545, predicted [518])
attack: step 3/10, xent loss = 10.3131, l2 loss = 13.8599 (max 14.95), (true 545, predicted [518])
attack: step 4/10, xent loss = 8.18457, l2 loss = 14.883 (max 14.95), (true 545, predicted [518])
attack: step 5/10, xent loss = 11.4884, l2 loss = 16.2688 (max 14.95), (true 545, predicted [518])
attack: step 6/10, xent loss = 12.6291, l2 loss = 17.2616 (max 14.95), (true 545, predicted [518])
attack: step 7/10, xent loss = 12.1667, l2 loss = 17.711 (max 14.95), (true 545, predicted [518])
attack: step 8/10, xent loss = 12.8103, l2 loss = 18.1646 (max 14.95), (true 545, predicted [518])
attack: step 9/10, xent loss = 12.3723, l2 loss = 18.5453 (max 14.95), (true 545, predicted [518])
attack: step 10/10, xent loss = 10.6141, l2 loss = 19.1515 (max 14.95), (true 545, predicted [518])
check failed
true = 545, adv = 518
evaluating 195 of [190, 200)
attack: step 1/10, xent loss = 22.6953, l2 loss = 26.3745 (max 14.95), (true 328, predicted [728])
attack: step 2/10, xent loss = 24.5154, l2 loss = 28.2232 (max 14.95), (true 328, predicted [728])
attack: step 3/10, xent loss = 26.6163, l2 loss = 29.4759 (max 14.95), (true 328, predicted [728])
attack: step 4/10, xent loss = 26.7443, l2 loss = 30.913 (max 14.95), (true 328, predicted [728])
attack: step 5/10, xent loss = 27.2225, l2 loss = 32.2575 (max 14.95), (true 328, predicted [728])
attack: step 6/10, xent loss = 28.6918, l2 loss = 33.8379 (max 14.95), (true 328, predicted [728])
attack: step 7/10, xent loss = 31.1849, l2 loss = 35.2918 (max 14.95), (true 328, predicted [728])
attack: step 8/10, xent loss = 31.0212, l2 loss = 36.48 (max 14.95), (true 328, predicted [728])
attack: step 9/10, xent loss = 28.669, l2 loss = 37.4218 (max 14.95), (true 328, predicted [728])
attack: step 10/10, xent loss = 32.2876, l2 loss = 38.2441 (max 14.95), (true 328, predicted [728])
check failed
true = 328, adv = 728
evaluating 196 of [190, 200)
attack: step 1/10, xent loss = 24.618, l2 loss = 31.5759 (max 14.95), (true 598, predicted [583])
attack: step 2/10, xent loss = 26.1927, l2 loss = 32.7951 (max 14.95), (true 598, predicted [583])
attack: step 3/10, xent loss = 27.7996, l2 loss = 34.3841 (max 14.95), (true 598, predicted [583])
attack: step 4/10, xent loss = 30.2327, l2 loss = 35.9242 (max 14.95), (true 598, predicted [583])
attack: step 5/10, xent loss = 29.5038, l2 loss = 37.1343 (max 14.95), (true 598, predicted [583])
attack: step 6/10, xent loss = 33.6249, l2 loss = 38.3553 (max 14.95), (true 598, predicted [583])
attack: step 7/10, xent loss = 27.7247, l2 loss = 39.3219 (max 14.95), (true 598, predicted [583])
attack: step 8/10, xent loss = 32.4908, l2 loss = 41.1012 (max 14.95), (true 598, predicted [583])
attack: step 9/10, xent loss = 34.394, l2 loss = 41.9612 (max 14.95), (true 598, predicted [583])
attack: step 10/10, xent loss = 32.8582, l2 loss = 42.9396 (max 14.95), (true 598, predicted [583])
check failed
true = 598, adv = 583
evaluating 197 of [190, 200)
attack: step 1/10, xent loss = 5.90593, l2 loss = 13.4378 (max 14.95), (true 209, predicted [163])
attack: step 2/10, xent loss = 5.78133, l2 loss = 14.5101 (max 14.95), (true 209, predicted [163])
attack: step 3/10, xent loss = 5.71156, l2 loss = 15.2005 (max 14.95), (true 209, predicted [163])
attack: step 4/10, xent loss = 4.49139, l2 loss = 16.1456 (max 14.95), (true 209, predicted [163])
attack: step 5/10, xent loss = 7.97461, l2 loss = 17.1871 (max 14.95), (true 209, predicted [163])
attack: step 6/10, xent loss = 6.86771, l2 loss = 18.3467 (max 14.95), (true 209, predicted [163])
attack: step 7/10, xent loss = 5.60864, l2 loss = 19.0215 (max 14.95), (true 209, predicted [163])
attack: step 8/10, xent loss = 7.82913, l2 loss = 19.5431 (max 14.95), (true 209, predicted [163])
attack: step 9/10, xent loss = 8.93864, l2 loss = 20.851 (max 14.95), (true 209, predicted [163])
attack: step 10/10, xent loss = 9.32693, l2 loss = 21.7066 (max 14.95), (true 209, predicted [163])
check failed
true = 209, adv = 163
evaluating 198 of [190, 200)
attack: step 1/10, xent loss = 7.5183, l2 loss = 10.7592 (max 14.95), (true 564, predicted [520])
attack: step 2/10, xent loss = 7.54753, l2 loss = 11.1574 (max 14.95), (true 564, predicted [520])
attack: step 3/10, xent loss = 8.39492, l2 loss = 11.6334 (max 14.95), (true 564, predicted [520])
attack: step 4/10, xent loss = 8.30374, l2 loss = 11.9201 (max 14.95), (true 564, predicted [520])
attack: step 5/10, xent loss = 8.66142, l2 loss = 12.2627 (max 14.95), (true 564, predicted [520])
attack: step 6/10, xent loss = 8.54459, l2 loss = 12.7204 (max 14.95), (true 564, predicted [520])
attack: step 7/10, xent loss = 9.17536, l2 loss = 13.1076 (max 14.95), (true 564, predicted [520])
attack: step 8/10, xent loss = 9.90924, l2 loss = 13.5625 (max 14.95), (true 564, predicted [520])
attack: step 9/10, xent loss = 9.99311, l2 loss = 13.9307 (max 14.95), (true 564, predicted [520])
attack: step 10/10, xent loss = 10.5895, l2 loss = 14.345 (max 14.95), (true 564, predicted [520])
true = 564, adv = 520
evaluating 199 of [190, 200)
attack: step 1/10, xent loss = 22.9575, l2 loss = 25.1955 (max 14.95), (true 37, predicted [728])
attack: step 2/10, xent loss = 27.4073, l2 loss = 26.5642 (max 14.95), (true 37, predicted [728])
attack: step 3/10, xent loss = 24.5238, l2 loss = 27.6729 (max 14.95), (true 37, predicted [728])
attack: step 4/10, xent loss = 25.9056, l2 loss = 28.9416 (max 14.95), (true 37, predicted [728])
attack: step 5/10, xent loss = 28.3555, l2 loss = 30.3216 (max 14.95), (true 37, predicted [728])
attack: step 6/10, xent loss = 29.2498, l2 loss = 31.5133 (max 14.95), (true 37, predicted [728])
attack: step 7/10, xent loss = 29.452, l2 loss = 32.5649 (max 14.95), (true 37, predicted [728])
attack: step 8/10, xent loss = 30.2991, l2 loss = 33.3355 (max 14.95), (true 37, predicted [728])
attack: step 9/10, xent loss = 33.7539, l2 loss = 34.2506 (max 14.95), (true 37, predicted [728])
attack: step 10/10, xent loss = 34.1147, l2 loss = 35.0599 (max 14.95), (true 37, predicted [728])
check failed
true = 37, adv = 728
