2019-06-03 21:55:33.596506: I tensorflow/core/platform/cpu_feature_guard.cc:141] Your CPU supports instructions that this TensorFlow binary was not compiled to use: SSE4.1 SSE4.2 AVX AVX2 FMA
2019-06-03 21:55:33.603650: I tensorflow/core/platform/profile_utils/cpu_utils.cc:94] CPU Frequency: 2600250000 Hz
2019-06-03 21:55:33.603837: I tensorflow/compiler/xla/service/service.cc:150] XLA service 0x2aaae6ac05f0 executing computations on platform Host. Devices:
2019-06-03 21:55:33.603862: I tensorflow/compiler/xla/service/service.cc:158]   StreamExecutor device (0): <undefined>, <undefined>
2019-06-03 21:55:33.604118: I tensorflow/core/common_runtime/process_util.cc:71] Creating new thread pool with default inter op setting: 2. Tune using inter_op_parallelism_threads for best performance.
evaluating 950 of [950, 960)
attack: step 1/10, xent loss = 0.46164, l2 loss = 0 (max 14.95), (true 876, predicted [876])
attack: step 2/10, xent loss = 1.13088, l2 loss = 1.87577 (max 14.95), (true 876, predicted [435])
attack: step 3/10, xent loss = 1.7667, l2 loss = 3.8584 (max 14.95), (true 876, predicted [435])
attack: step 4/10, xent loss = 3.08082, l2 loss = 5.51688 (max 14.95), (true 876, predicted [435])
attack: step 5/10, xent loss = 5.18081, l2 loss = 7.09797 (max 14.95), (true 876, predicted [435])
attack: step 6/10, xent loss = 4.55692, l2 loss = 8.5307 (max 14.95), (true 876, predicted [435])
attack: step 7/10, xent loss = 7.38585, l2 loss = 10.0941 (max 14.95), (true 876, predicted [794])
attack: step 8/10, xent loss = 9.70738, l2 loss = 11.6273 (max 14.95), (true 876, predicted [451])
attack: step 9/10, xent loss = 11.4881, l2 loss = 12.0538 (max 14.95), (true 876, predicted [616])
attack: step 10/10, xent loss = 12.7234, l2 loss = 12.8658 (max 14.95), (true 876, predicted [684])
true = 876, adv = 616
evaluating 951 of [950, 960)
attack: step 1/10, xent loss = 0.661124, l2 loss = 0 (max 14.95), (true 477, predicted [477])
attack: step 2/10, xent loss = 5.58438, l2 loss = 3.11246 (max 14.95), (true 477, predicted [732])
attack: step 3/10, xent loss = 4.0782, l2 loss = 6.45215 (max 14.95), (true 477, predicted [732])
attack: step 4/10, xent loss = 7.49932, l2 loss = 8.27105 (max 14.95), (true 477, predicted [732])
attack: step 5/10, xent loss = 8.94378, l2 loss = 9.65385 (max 14.95), (true 477, predicted [732])
attack: step 6/10, xent loss = 9.09447, l2 loss = 10.4297 (max 14.95), (true 477, predicted [732])
attack: step 7/10, xent loss = 10.5792, l2 loss = 11.5281 (max 14.95), (true 477, predicted [732])
attack: step 8/10, xent loss = 11.927, l2 loss = 12.0266 (max 14.95), (true 477, predicted [732])
attack: step 9/10, xent loss = 11.6446, l2 loss = 12.6988 (max 14.95), (true 477, predicted [732])
attack: step 10/10, xent loss = 12.6458, l2 loss = 13.3152 (max 14.95), (true 477, predicted [732])
true = 477, adv = 732
evaluating 952 of [950, 960)
attack: step 1/10, xent loss = 5.96182, l2 loss = 0 (max 14.95), (true 446, predicted [551])
attack: step 2/10, xent loss = 7.64172, l2 loss = 4.79412 (max 14.95), (true 446, predicted [551])
attack: step 3/10, xent loss = 7.82369, l2 loss = 7.27764 (max 14.95), (true 446, predicted [551])
attack: step 4/10, xent loss = 9.49249, l2 loss = 8.47377 (max 14.95), (true 446, predicted [551])
attack: step 5/10, xent loss = 10.8368, l2 loss = 9.48446 (max 14.95), (true 446, predicted [551])
attack: step 6/10, xent loss = 12.1456, l2 loss = 10.3844 (max 14.95), (true 446, predicted [551])
attack: step 7/10, xent loss = 13.9603, l2 loss = 11.3943 (max 14.95), (true 446, predicted [551])
attack: step 8/10, xent loss = 13.7959, l2 loss = 12.2296 (max 14.95), (true 446, predicted [551])
attack: step 9/10, xent loss = 15.8722, l2 loss = 13.2739 (max 14.95), (true 446, predicted [551])
attack: step 10/10, xent loss = 16.6275, l2 loss = 14.2156 (max 14.95), (true 446, predicted [551])
check failed
true = 446, adv = 551
evaluating 953 of [950, 960)
attack: step 1/10, xent loss = 0.00648324, l2 loss = 0 (max 14.95), (true 1, predicted [1])
attack: step 2/10, xent loss = 0.0198254, l2 loss = 0.0335811 (max 14.95), (true 1, predicted [1])
attack: step 3/10, xent loss = 0.0194075, l2 loss = 0.101364 (max 14.95), (true 1, predicted [1])
attack: step 4/10, xent loss = 0.0163761, l2 loss = 0.151823 (max 14.95), (true 1, predicted [1])
attack: step 5/10, xent loss = 0.0172905, l2 loss = 0.175129 (max 14.95), (true 1, predicted [1])
attack: step 6/10, xent loss = 0.0167112, l2 loss = 0.202251 (max 14.95), (true 1, predicted [1])
attack: step 7/10, xent loss = 0.0297622, l2 loss = 0.226685 (max 14.95), (true 1, predicted [1])
attack: step 8/10, xent loss = 0.0448706, l2 loss = 0.309828 (max 14.95), (true 1, predicted [1])
attack: step 9/10, xent loss = 0.0137541, l2 loss = 0.413077 (max 14.95), (true 1, predicted [1])
attack: step 10/10, xent loss = 0.0649146, l2 loss = 0.426665 (max 14.95), (true 1, predicted [1])
true = 1, adv = 1
evaluating 954 of [950, 960)
attack: step 1/10, xent loss = 1.28907, l2 loss = 0 (max 14.95), (true 553, predicted [410])
attack: step 2/10, xent loss = 6.48368, l2 loss = 4.80789 (max 14.95), (true 553, predicted [410])
attack: step 3/10, xent loss = 7.96277, l2 loss = 10.984 (max 14.95), (true 553, predicted [410])
attack: step 4/10, xent loss = 10.3352, l2 loss = 13.1705 (max 14.95), (true 553, predicted [410])
attack: step 5/10, xent loss = 13.7521, l2 loss = 14.6321 (max 14.95), (true 553, predicted [410])
attack: step 6/10, xent loss = 16.2601, l2 loss = 15.5826 (max 14.95), (true 553, predicted [410])
attack: step 7/10, xent loss = 16.2975, l2 loss = 16.3931 (max 14.95), (true 553, predicted [410])
attack: step 8/10, xent loss = 16.1597, l2 loss = 17.2649 (max 14.95), (true 553, predicted [410])
attack: step 9/10, xent loss = 17.1843, l2 loss = 17.9329 (max 14.95), (true 553, predicted [410])
attack: step 10/10, xent loss = 18.7314, l2 loss = 18.581 (max 14.95), (true 553, predicted [410])
check failed
true = 553, adv = 410
evaluating 955 of [950, 960)
attack: step 1/10, xent loss = 0.58292, l2 loss = 0 (max 14.95), (true 465, predicted [465])
attack: step 2/10, xent loss = 1.4216, l2 loss = 3.99506 (max 14.95), (true 465, predicted [693])
attack: step 3/10, xent loss = 3.8119, l2 loss = 7.3776 (max 14.95), (true 465, predicted [693])
attack: step 4/10, xent loss = 8.62352, l2 loss = 11.4268 (max 14.95), (true 465, predicted [693])
attack: step 5/10, xent loss = 9.39927, l2 loss = 13.4705 (max 14.95), (true 465, predicted [693])
attack: step 6/10, xent loss = 15.3038, l2 loss = 15.8721 (max 14.95), (true 465, predicted [693])
attack: step 7/10, xent loss = 17.8121, l2 loss = 17.3738 (max 14.95), (true 465, predicted [693])
attack: step 8/10, xent loss = 19.4944, l2 loss = 19.2759 (max 14.95), (true 465, predicted [693])
attack: step 9/10, xent loss = 18.1012, l2 loss = 20.7183 (max 14.95), (true 465, predicted [693])
attack: step 10/10, xent loss = 17.7837, l2 loss = 22.1931 (max 14.95), (true 465, predicted [693])
check failed
true = 465, adv = 693
evaluating 956 of [950, 960)
attack: step 1/10, xent loss = 2.97947, l2 loss = 0 (max 14.95), (true 713, predicted [519])
attack: step 2/10, xent loss = 6.30778, l2 loss = 10.4885 (max 14.95), (true 713, predicted [519])
attack: step 3/10, xent loss = 7.8683, l2 loss = 12.2766 (max 14.95), (true 713, predicted [519])
attack: step 4/10, xent loss = 10.8844, l2 loss = 13.309 (max 14.95), (true 713, predicted [519])
attack: step 5/10, xent loss = 11.2795, l2 loss = 13.8525 (max 14.95), (true 713, predicted [519])
attack: step 6/10, xent loss = 11.274, l2 loss = 14.6569 (max 14.95), (true 713, predicted [519])
attack: step 7/10, xent loss = 12.2246, l2 loss = 15.4037 (max 14.95), (true 713, predicted [519])
attack: step 8/10, xent loss = 13.4378, l2 loss = 15.9572 (max 14.95), (true 713, predicted [519])
attack: step 9/10, xent loss = 13.5847, l2 loss = 16.6532 (max 14.95), (true 713, predicted [519])
attack: step 10/10, xent loss = 15.0326, l2 loss = 17.2884 (max 14.95), (true 713, predicted [519])
check failed
true = 713, adv = 519
evaluating 957 of [950, 960)
attack: step 1/10, xent loss = 0.0140552, l2 loss = 0 (max 14.95), (true 697, predicted [697])
attack: step 2/10, xent loss = 0.018477, l2 loss = 0.0449889 (max 14.95), (true 697, predicted [697])
attack: step 3/10, xent loss = 0.0239955, l2 loss = 0.0837623 (max 14.95), (true 697, predicted [697])
attack: step 4/10, xent loss = 0.018417, l2 loss = 0.12137 (max 14.95), (true 697, predicted [697])
attack: step 5/10, xent loss = 0.0259053, l2 loss = 0.141301 (max 14.95), (true 697, predicted [697])
attack: step 6/10, xent loss = 0.0243962, l2 loss = 0.175024 (max 14.95), (true 697, predicted [697])
attack: step 7/10, xent loss = 0.0193634, l2 loss = 0.196123 (max 14.95), (true 697, predicted [697])
attack: step 8/10, xent loss = 0.0247232, l2 loss = 0.212827 (max 14.95), (true 697, predicted [697])
attack: step 9/10, xent loss = 0.0416718, l2 loss = 0.235019 (max 14.95), (true 697, predicted [697])
attack: step 10/10, xent loss = 0.0220496, l2 loss = 0.283637 (max 14.95), (true 697, predicted [697])
true = 697, adv = 697
evaluating 958 of [950, 960)
attack: step 1/10, xent loss = 1.11128, l2 loss = 0 (max 14.95), (true 446, predicted [549])
attack: step 2/10, xent loss = 5.2793, l2 loss = 3.91636 (max 14.95), (true 446, predicted [549])
attack: step 3/10, xent loss = 7.10996, l2 loss = 6.8517 (max 14.95), (true 446, predicted [549])
attack: step 4/10, xent loss = 8.66521, l2 loss = 9.0466 (max 14.95), (true 446, predicted [549])
attack: step 5/10, xent loss = 8.62211, l2 loss = 10.1076 (max 14.95), (true 446, predicted [549])
attack: step 6/10, xent loss = 9.30947, l2 loss = 11.3237 (max 14.95), (true 446, predicted [549])
attack: step 7/10, xent loss = 10.8322, l2 loss = 12.4732 (max 14.95), (true 446, predicted [549])
attack: step 8/10, xent loss = 13.2529, l2 loss = 13.2747 (max 14.95), (true 446, predicted [549])
attack: step 9/10, xent loss = 13.2319, l2 loss = 13.9835 (max 14.95), (true 446, predicted [549])
attack: step 10/10, xent loss = 13.8485, l2 loss = 14.8866 (max 14.95), (true 446, predicted [549])
check failed
true = 446, adv = 549
evaluating 959 of [950, 960)
attack: step 1/10, xent loss = 0.0139277, l2 loss = 0 (max 14.95), (true 264, predicted [264])
attack: step 2/10, xent loss = 0.0221369, l2 loss = 0.0303255 (max 14.95), (true 264, predicted [264])
attack: step 3/10, xent loss = 0.0604531, l2 loss = 0.0725003 (max 14.95), (true 264, predicted [264])
attack: step 4/10, xent loss = 0.0308419, l2 loss = 0.21945 (max 14.95), (true 264, predicted [264])
attack: step 5/10, xent loss = 0.079736, l2 loss = 0.243513 (max 14.95), (true 264, predicted [264])
attack: step 6/10, xent loss = 0.0603349, l2 loss = 0.376731 (max 14.95), (true 264, predicted [264])
attack: step 7/10, xent loss = 0.0601406, l2 loss = 0.446619 (max 14.95), (true 264, predicted [264])
attack: step 8/10, xent loss = 0.0497879, l2 loss = 0.499227 (max 14.95), (true 264, predicted [264])
attack: step 9/10, xent loss = 0.0613599, l2 loss = 0.52894 (max 14.95), (true 264, predicted [264])
attack: step 10/10, xent loss = 0.0922123, l2 loss = 0.571709 (max 14.95), (true 264, predicted [264])
true = 264, adv = 264
