2019-10-18 22:44:56.339549: I tensorflow/core/platform/cpu_feature_guard.cc:141] Your CPU supports instructions that this TensorFlow binary was not compiled to use: SSE4.1 SSE4.2 AVX AVX2 FMA
2019-10-18 22:44:56.347648: I tensorflow/core/platform/profile_utils/cpu_utils.cc:94] CPU Frequency: 2599945000 Hz
2019-10-18 22:44:56.347850: I tensorflow/compiler/xla/service/service.cc:150] XLA service 0x555559030110 executing computations on platform Host. Devices:
2019-10-18 22:44:56.347874: I tensorflow/compiler/xla/service/service.cc:158]   StreamExecutor device (0): <undefined>, <undefined>
2019-10-18 22:44:56.348092: I tensorflow/core/common_runtime/process_util.cc:71] Creating new thread pool with default inter op setting: 2. Tune using inter_op_parallelism_threads for best performance.
evaluating 620 of [620, 630)
attack: step 1/1, xent loss = 6.14217, l2 loss = 0 (max 14.95), (true 681, predicted [398])
true = 681, adv = 552
evaluating 621 of [620, 630)
attack: step 1/1, xent loss = 0.234084, l2 loss = 0 (max 14.95), (true 960, predicted [960])
true = 960, adv = 960
evaluating 622 of [620, 630)
attack: step 1/1, xent loss = 0.0185844, l2 loss = 0 (max 14.95), (true 760, predicted [760])
true = 760, adv = 760
evaluating 623 of [620, 630)
attack: step 1/1, xent loss = 0.224759, l2 loss = 0 (max 14.95), (true 866, predicted [866])
true = 866, adv = 866
evaluating 624 of [620, 630)
attack: step 1/1, xent loss = 4.06832, l2 loss = 0 (max 14.95), (true 977, predicted [961])
true = 977, adv = 911
evaluating 625 of [620, 630)
attack: step 1/1, xent loss = 2.5567, l2 loss = 0 (max 14.95), (true 844, predicted [794])
true = 844, adv = 844
evaluating 626 of [620, 630)
attack: step 1/1, xent loss = 1.0509, l2 loss = 0 (max 14.95), (true 435, predicted [876])
true = 435, adv = 904
evaluating 627 of [620, 630)
attack: step 1/1, xent loss = 0.0772381, l2 loss = 0 (max 14.95), (true 239, predicted [239])
true = 239, adv = 239
evaluating 628 of [620, 630)
attack: step 1/1, xent loss = 1.11769, l2 loss = 0 (max 14.95), (true 605, predicted [605])
true = 605, adv = 816
evaluating 629 of [620, 630)
attack: step 1/1, xent loss = 0.518621, l2 loss = 0 (max 14.95), (true 196, predicted [196])
true = 196, adv = 158
