2019-05-23 19:40:24.053475: I tensorflow/core/platform/cpu_feature_guard.cc:141] Your CPU supports instructions that this TensorFlow binary was not compiled to use: SSE4.1 SSE4.2 AVX AVX2 FMA
2019-05-23 19:40:24.061278: I tensorflow/core/platform/profile_utils/cpu_utils.cc:94] CPU Frequency: 2599945000 Hz
2019-05-23 19:40:24.061419: I tensorflow/compiler/xla/service/service.cc:150] XLA service 0x2aaae6abfb80 executing computations on platform Host. Devices:
2019-05-23 19:40:24.061446: I tensorflow/compiler/xla/service/service.cc:158]   StreamExecutor device (0): <undefined>, <undefined>
2019-05-23 19:40:24.061639: I tensorflow/core/common_runtime/process_util.cc:71] Creating new thread pool with default inter op setting: 2. Tune using inter_op_parallelism_threads for best performance.
evaluating 210 of [210, 220)
attack: step 1/10, xent loss = 6.89704, l2 loss = 0 (max 14.95), (true 443, predicted [728])
attack: step 2/10, xent loss = 13.096, l2 loss = 14.5004 (max 14.95), (true 443, predicted [728])
attack: step 3/10, xent loss = 19.1658, l2 loss = 17.017 (max 14.95), (true 443, predicted [728])
attack: step 4/10, xent loss = 19.2448, l2 loss = 20.233 (max 14.95), (true 443, predicted [728])
attack: step 5/10, xent loss = 19.8922, l2 loss = 22.2835 (max 14.95), (true 443, predicted [728])
attack: step 6/10, xent loss = 20.0395, l2 loss = 24.3651 (max 14.95), (true 443, predicted [728])
attack: step 7/10, xent loss = 24.9046, l2 loss = 26.7954 (max 14.95), (true 443, predicted [728])
attack: step 8/10, xent loss = 24.6015, l2 loss = 28.6551 (max 14.95), (true 443, predicted [728])
attack: step 9/10, xent loss = 24.4023, l2 loss = 30.6811 (max 14.95), (true 443, predicted [728])
attack: step 10/10, xent loss = 22.7502, l2 loss = 32.1929 (max 14.95), (true 443, predicted [728])
check failed
true = 443, adv = 728
evaluating 211 of [210, 220)
attack: step 1/10, xent loss = 4.61779, l2 loss = 0 (max 14.95), (true 770, predicted [728])
attack: step 2/10, xent loss = 4.06895, l2 loss = 4.15563 (max 14.95), (true 770, predicted [461])
attack: step 3/10, xent loss = 6.67611, l2 loss = 6.66965 (max 14.95), (true 770, predicted [412])
attack: step 4/10, xent loss = 3.98033, l2 loss = 7.43303 (max 14.95), (true 770, predicted [412])
attack: step 5/10, xent loss = 6.91306, l2 loss = 9.0719 (max 14.95), (true 770, predicted [412])
attack: step 6/10, xent loss = 6.63451, l2 loss = 10.3059 (max 14.95), (true 770, predicted [728])
attack: step 7/10, xent loss = 5.84237, l2 loss = 10.9084 (max 14.95), (true 770, predicted [728])
attack: step 8/10, xent loss = 5.18836, l2 loss = 11.772 (max 14.95), (true 770, predicted [412])
attack: step 9/10, xent loss = 5.74654, l2 loss = 12.1323 (max 14.95), (true 770, predicted [728])
attack: step 10/10, xent loss = 5.86136, l2 loss = 12.5348 (max 14.95), (true 770, predicted [412])
true = 770, adv = 479
evaluating 212 of [210, 220)
attack: step 1/10, xent loss = 0.0649231, l2 loss = 0 (max 14.95), (true 607, predicted [607])
attack: step 2/10, xent loss = 0.0671462, l2 loss = 0.18556 (max 14.95), (true 607, predicted [607])
attack: step 3/10, xent loss = 0.0802069, l2 loss = 0.27744 (max 14.95), (true 607, predicted [607])
attack: step 4/10, xent loss = 0.075413, l2 loss = 0.346404 (max 14.95), (true 607, predicted [607])
attack: step 5/10, xent loss = 0.088295, l2 loss = 0.403759 (max 14.95), (true 607, predicted [607])
attack: step 6/10, xent loss = 0.0714351, l2 loss = 0.476784 (max 14.95), (true 607, predicted [607])
attack: step 7/10, xent loss = 0.103007, l2 loss = 0.516278 (max 14.95), (true 607, predicted [607])
attack: step 8/10, xent loss = 0.0935947, l2 loss = 0.648545 (max 14.95), (true 607, predicted [607])
attack: step 9/10, xent loss = 0.0364525, l2 loss = 0.718666 (max 14.95), (true 607, predicted [607])
attack: step 10/10, xent loss = 0.0798558, l2 loss = 0.727255 (max 14.95), (true 607, predicted [607])
true = 607, adv = 607
evaluating 213 of [210, 220)
attack: step 1/10, xent loss = 0.127278, l2 loss = 0 (max 14.95), (true 866, predicted [866])
attack: step 2/10, xent loss = 0.32587, l2 loss = 0.62286 (max 14.95), (true 866, predicted [866])
attack: step 3/10, xent loss = 1.99083, l2 loss = 2.26317 (max 14.95), (true 866, predicted [561])
attack: step 4/10, xent loss = 0.779631, l2 loss = 7.45435 (max 14.95), (true 866, predicted [866])
attack: step 5/10, xent loss = 3.1969, l2 loss = 8.50383 (max 14.95), (true 866, predicted [723])
attack: step 6/10, xent loss = 1.23463, l2 loss = 11.9083 (max 14.95), (true 866, predicted [866])
attack: step 7/10, xent loss = 6.63857, l2 loss = 14.8047 (max 14.95), (true 866, predicted [728])
attack: step 8/10, xent loss = 1.93045, l2 loss = 19.1811 (max 14.95), (true 866, predicted [866])
attack: step 9/10, xent loss = 9.16169, l2 loss = 21.4346 (max 14.95), (true 866, predicted [728])
attack: step 10/10, xent loss = 10.578, l2 loss = 23.4488 (max 14.95), (true 866, predicted [728])
check failed
true = 866, adv = 728
evaluating 214 of [210, 220)
attack: step 1/10, xent loss = 2.11155, l2 loss = 0 (max 14.95), (true 234, predicted [238])
attack: step 2/10, xent loss = 5.17519, l2 loss = 5.84942 (max 14.95), (true 234, predicted [238])
attack: step 3/10, xent loss = 5.48779, l2 loss = 8.1662 (max 14.95), (true 234, predicted [672])
attack: step 4/10, xent loss = 7.42239, l2 loss = 10.4541 (max 14.95), (true 234, predicted [879])
attack: step 5/10, xent loss = 5.40472, l2 loss = 13.4471 (max 14.95), (true 234, predicted [672])
attack: step 6/10, xent loss = 6.22903, l2 loss = 14.8646 (max 14.95), (true 234, predicted [672])
attack: step 7/10, xent loss = 6.22555, l2 loss = 16.2855 (max 14.95), (true 234, predicted [879])
attack: step 8/10, xent loss = 7.88477, l2 loss = 17.6346 (max 14.95), (true 234, predicted [879])
attack: step 9/10, xent loss = 10.9963, l2 loss = 23.1592 (max 14.95), (true 234, predicted [879])
attack: step 10/10, xent loss = 10.3678, l2 loss = 24.2501 (max 14.95), (true 234, predicted [879])
check failed
true = 234, adv = 879
evaluating 215 of [210, 220)
attack: step 1/10, xent loss = 3.31063, l2 loss = 0 (max 14.95), (true 702, predicted [890])
attack: step 2/10, xent loss = 2.02472, l2 loss = 4.41518 (max 14.95), (true 702, predicted [890])
attack: step 3/10, xent loss = 4.12274, l2 loss = 6.36585 (max 14.95), (true 702, predicted [890])
attack: step 4/10, xent loss = 3.93179, l2 loss = 8.15438 (max 14.95), (true 702, predicted [890])
attack: step 5/10, xent loss = 5.2953, l2 loss = 9.14223 (max 14.95), (true 702, predicted [890])
attack: step 6/10, xent loss = 4.69845, l2 loss = 9.71034 (max 14.95), (true 702, predicted [462])
attack: step 7/10, xent loss = 4.8912, l2 loss = 10.3402 (max 14.95), (true 702, predicted [701])
attack: step 8/10, xent loss = 6.4651, l2 loss = 11.4608 (max 14.95), (true 702, predicted [701])
attack: step 9/10, xent loss = 6.16081, l2 loss = 12.037 (max 14.95), (true 702, predicted [701])
attack: step 10/10, xent loss = 5.39989, l2 loss = 12.566 (max 14.95), (true 702, predicted [890])
true = 702, adv = 701
evaluating 216 of [210, 220)
attack: step 1/10, xent loss = 6.73602, l2 loss = 0 (max 14.95), (true 112, predicted [614])
attack: step 2/10, xent loss = 6.66373, l2 loss = 2.60597 (max 14.95), (true 112, predicted [552])
attack: step 3/10, xent loss = 6.6878, l2 loss = 4.43471 (max 14.95), (true 112, predicted [775])
attack: step 4/10, xent loss = 6.76419, l2 loss = 4.96601 (max 14.95), (true 112, predicted [614])
attack: step 5/10, xent loss = 6.54111, l2 loss = 5.35083 (max 14.95), (true 112, predicted [552])
attack: step 6/10, xent loss = 7.33535, l2 loss = 5.78778 (max 14.95), (true 112, predicted [614])
attack: step 7/10, xent loss = 6.97476, l2 loss = 6.10332 (max 14.95), (true 112, predicted [578])
attack: step 8/10, xent loss = 7.36496, l2 loss = 6.38171 (max 14.95), (true 112, predicted [614])
attack: step 9/10, xent loss = 6.83823, l2 loss = 6.57194 (max 14.95), (true 112, predicted [578])
attack: step 10/10, xent loss = 6.9511, l2 loss = 6.92184 (max 14.95), (true 112, predicted [614])
true = 112, adv = 614
evaluating 217 of [210, 220)
attack: step 1/10, xent loss = 7.44552, l2 loss = 0 (max 14.95), (true 167, predicted [664])
attack: step 2/10, xent loss = 7.20768, l2 loss = 2.96616 (max 14.95), (true 167, predicted [664])
attack: step 3/10, xent loss = 7.39788, l2 loss = 4.48105 (max 14.95), (true 167, predicted [664])
attack: step 4/10, xent loss = 8.29509, l2 loss = 4.9246 (max 14.95), (true 167, predicted [664])
attack: step 5/10, xent loss = 7.6453, l2 loss = 6.69403 (max 14.95), (true 167, predicted [664])
attack: step 6/10, xent loss = 7.32363, l2 loss = 7.55842 (max 14.95), (true 167, predicted [999])
attack: step 7/10, xent loss = 8.50203, l2 loss = 8.04743 (max 14.95), (true 167, predicted [664])
attack: step 8/10, xent loss = 10.9151, l2 loss = 9.05696 (max 14.95), (true 167, predicted [664])
attack: step 9/10, xent loss = 7.86403, l2 loss = 10.7782 (max 14.95), (true 167, predicted [664])
attack: step 10/10, xent loss = 7.46726, l2 loss = 11.3617 (max 14.95), (true 167, predicted [664])
true = 167, adv = 664
evaluating 218 of [210, 220)
attack: step 1/10, xent loss = 2.36407, l2 loss = 0 (max 14.95), (true 726, predicted [726])
attack: step 2/10, xent loss = 5.98253, l2 loss = 7.47837 (max 14.95), (true 726, predicted [669])
attack: step 3/10, xent loss = 7.5679, l2 loss = 9.18786 (max 14.95), (true 726, predicted [669])
attack: step 4/10, xent loss = 9.00097, l2 loss = 10.6654 (max 14.95), (true 726, predicted [669])
attack: step 5/10, xent loss = 8.42093, l2 loss = 11.4696 (max 14.95), (true 726, predicted [669])
attack: step 6/10, xent loss = 9.67945, l2 loss = 12.5003 (max 14.95), (true 726, predicted [669])
attack: step 7/10, xent loss = 9.46669, l2 loss = 13.2762 (max 14.95), (true 726, predicted [669])
attack: step 8/10, xent loss = 11.2598, l2 loss = 15.4797 (max 14.95), (true 726, predicted [669])
attack: step 9/10, xent loss = 11.01, l2 loss = 16.4106 (max 14.95), (true 726, predicted [669])
attack: step 10/10, xent loss = 12.3735, l2 loss = 17.5523 (max 14.95), (true 726, predicted [669])
check failed
true = 726, adv = 669
evaluating 219 of [210, 220)
attack: step 1/10, xent loss = 8.9931, l2 loss = 0 (max 14.95), (true 266, predicted [728])
attack: step 2/10, xent loss = 9.17051, l2 loss = 3.31371 (max 14.95), (true 266, predicted [728])
attack: step 3/10, xent loss = 8.49508, l2 loss = 4.51704 (max 14.95), (true 266, predicted [728])
attack: step 4/10, xent loss = 8.02481, l2 loss = 6.29397 (max 14.95), (true 266, predicted [728])
attack: step 5/10, xent loss = 8.54415, l2 loss = 7.14329 (max 14.95), (true 266, predicted [728])
attack: step 6/10, xent loss = 8.74469, l2 loss = 7.63074 (max 14.95), (true 266, predicted [728])
attack: step 7/10, xent loss = 11.9986, l2 loss = 7.91608 (max 14.95), (true 266, predicted [728])
attack: step 8/10, xent loss = 10.4828, l2 loss = 9.26172 (max 14.95), (true 266, predicted [728])
attack: step 9/10, xent loss = 11.0197, l2 loss = 10.1161 (max 14.95), (true 266, predicted [728])
attack: step 10/10, xent loss = 10.6231, l2 loss = 10.981 (max 14.95), (true 266, predicted [728])
true = 266, adv = 728
