2019-06-30 06:43:36.311694: I tensorflow/core/platform/cpu_feature_guard.cc:141] Your CPU supports instructions that this TensorFlow binary was not compiled to use: SSE4.1 SSE4.2 AVX AVX2 FMA
2019-06-30 06:43:37.703351: I tensorflow/core/platform/profile_utils/cpu_utils.cc:94] CPU Frequency: 2600050000 Hz
2019-06-30 06:43:37.709746: I tensorflow/compiler/xla/service/service.cc:150] XLA service 0x2aaae6fbd340 executing computations on platform Host. Devices:
2019-06-30 06:43:37.710134: I tensorflow/compiler/xla/service/service.cc:158]   StreamExecutor device (0): <undefined>, <undefined>
2019-06-30 06:43:37.713900: I tensorflow/core/common_runtime/process_util.cc:71] Creating new thread pool with default inter op setting: 2. Tune using inter_op_parallelism_threads for best performance.
evaluating 240 of [240, 250)
attack: step 1/10, xent loss = 7.81857, l2 loss = 12.8599 (max 14.95), (true 934, predicted [728])
attack: step 2/10, xent loss = 8.83579, l2 loss = 13.4065 (max 14.95), (true 934, predicted [728])
attack: step 3/10, xent loss = 9.53658, l2 loss = 14.1223 (max 14.95), (true 934, predicted [728])
attack: step 4/10, xent loss = 9.35586, l2 loss = 15.1042 (max 14.95), (true 934, predicted [728])
attack: step 5/10, xent loss = 9.13167, l2 loss = 15.6217 (max 14.95), (true 934, predicted [601])
attack: step 6/10, xent loss = 9.68243, l2 loss = 15.9231 (max 14.95), (true 934, predicted [728])
attack: step 7/10, xent loss = 8.21844, l2 loss = 16.5554 (max 14.95), (true 934, predicted [728])
attack: step 8/10, xent loss = 10.5872, l2 loss = 17.1029 (max 14.95), (true 934, predicted [728])
attack: step 9/10, xent loss = 9.21528, l2 loss = 17.6586 (max 14.95), (true 934, predicted [728])
attack: step 10/10, xent loss = 8.63955, l2 loss = 17.9946 (max 14.95), (true 934, predicted [728])
check failed
true = 934, adv = 728
evaluating 241 of [240, 250)
attack: step 1/10, xent loss = 8.81989, l2 loss = 10.223 (max 14.95), (true 384, predicted [518])
attack: step 2/10, xent loss = 9.47949, l2 loss = 10.6912 (max 14.95), (true 384, predicted [728])
attack: step 3/10, xent loss = 8.71111, l2 loss = 12.0013 (max 14.95), (true 384, predicted [728])
attack: step 4/10, xent loss = 8.74479, l2 loss = 12.7253 (max 14.95), (true 384, predicted [518])
attack: step 5/10, xent loss = 9.29924, l2 loss = 13.2917 (max 14.95), (true 384, predicted [518])
attack: step 6/10, xent loss = 9.05335, l2 loss = 13.6962 (max 14.95), (true 384, predicted [518])
attack: step 7/10, xent loss = 8.68212, l2 loss = 14.4488 (max 14.95), (true 384, predicted [518])
attack: step 8/10, xent loss = 8.88595, l2 loss = 14.8289 (max 14.95), (true 384, predicted [518])
attack: step 9/10, xent loss = 8.75346, l2 loss = 15.2269 (max 14.95), (true 384, predicted [728])
attack: step 10/10, xent loss = 9.45882, l2 loss = 15.572 (max 14.95), (true 384, predicted [728])
check failed
true = 384, adv = 518
evaluating 242 of [240, 250)
attack: step 1/10, xent loss = 9.88181, l2 loss = 15.7981 (max 14.95), (true 307, predicted [570])
attack: step 2/10, xent loss = 8.50315, l2 loss = 18.3246 (max 14.95), (true 307, predicted [830])
attack: step 3/10, xent loss = 10.9045, l2 loss = 19.3285 (max 14.95), (true 307, predicted [691])
attack: step 4/10, xent loss = 7.75926, l2 loss = 21.2015 (max 14.95), (true 307, predicted [570])
attack: step 5/10, xent loss = 11.3161, l2 loss = 22.0948 (max 14.95), (true 307, predicted [728])
attack: step 6/10, xent loss = 11.1276, l2 loss = 23.2087 (max 14.95), (true 307, predicted [728])
attack: step 7/10, xent loss = 9.97317, l2 loss = 24.0629 (max 14.95), (true 307, predicted [728])
attack: step 8/10, xent loss = 9.32839, l2 loss = 25.0481 (max 14.95), (true 307, predicted [728])
attack: step 9/10, xent loss = 11.4223, l2 loss = 25.5844 (max 14.95), (true 307, predicted [728])
attack: step 10/10, xent loss = 11.0481, l2 loss = 26.4424 (max 14.95), (true 307, predicted [728])
check failed
true = 307, adv = 728
evaluating 243 of [240, 250)
attack: step 1/10, xent loss = 8.79014, l2 loss = 18.3825 (max 14.95), (true 342, predicted [999])
attack: step 2/10, xent loss = 12.5294, l2 loss = 18.9135 (max 14.95), (true 342, predicted [999])
attack: step 3/10, xent loss = 15.4565, l2 loss = 22.2746 (max 14.95), (true 342, predicted [999])
attack: step 4/10, xent loss = 11.5785, l2 loss = 25.1766 (max 14.95), (true 342, predicted [700])
attack: step 5/10, xent loss = 11.8173, l2 loss = 26.847 (max 14.95), (true 342, predicted [700])
attack: step 6/10, xent loss = 14.7713, l2 loss = 28.1425 (max 14.95), (true 342, predicted [700])
attack: step 7/10, xent loss = 12.1106, l2 loss = 31.0237 (max 14.95), (true 342, predicted [700])
attack: step 8/10, xent loss = 22.4614, l2 loss = 33.122 (max 14.95), (true 342, predicted [700])
attack: step 9/10, xent loss = 17.6292, l2 loss = 34.3319 (max 14.95), (true 342, predicted [700])
attack: step 10/10, xent loss = 13.2112, l2 loss = 35.9877 (max 14.95), (true 342, predicted [700])
check failed
true = 342, adv = 700
evaluating 244 of [240, 250)
attack: step 1/10, xent loss = 23.1124, l2 loss = 25.8904 (max 14.95), (true 38, predicted [728])
attack: step 2/10, xent loss = 19.4399, l2 loss = 27.4566 (max 14.95), (true 38, predicted [728])
attack: step 3/10, xent loss = 16.8922, l2 loss = 28.4209 (max 14.95), (true 38, predicted [728])
attack: step 4/10, xent loss = 21.5599, l2 loss = 29.7091 (max 14.95), (true 38, predicted [728])
attack: step 5/10, xent loss = 21.8275, l2 loss = 30.9398 (max 14.95), (true 38, predicted [728])
attack: step 6/10, xent loss = 19.8472, l2 loss = 31.9121 (max 14.95), (true 38, predicted [728])
attack: step 7/10, xent loss = 19.8203, l2 loss = 33.1066 (max 14.95), (true 38, predicted [728])
attack: step 8/10, xent loss = 19.2824, l2 loss = 34.1213 (max 14.95), (true 38, predicted [728])
attack: step 9/10, xent loss = 21.9193, l2 loss = 35.1218 (max 14.95), (true 38, predicted [728])
attack: step 10/10, xent loss = 20.5228, l2 loss = 36.1866 (max 14.95), (true 38, predicted [728])
check failed
true = 38, adv = 728
evaluating 245 of [240, 250)
attack: step 1/10, xent loss = 11.0267, l2 loss = 9.96592 (max 14.95), (true 715, predicted [601])
attack: step 2/10, xent loss = 10.8265, l2 loss = 10.4547 (max 14.95), (true 715, predicted [578])
attack: step 3/10, xent loss = 10.3565, l2 loss = 11.3584 (max 14.95), (true 715, predicted [735])
attack: step 4/10, xent loss = 10.6215, l2 loss = 11.7062 (max 14.95), (true 715, predicted [578])
attack: step 5/10, xent loss = 10.0924, l2 loss = 12.164 (max 14.95), (true 715, predicted [578])
attack: step 6/10, xent loss = 10.6005, l2 loss = 12.6378 (max 14.95), (true 715, predicted [501])
attack: step 7/10, xent loss = 10.8018, l2 loss = 13.1039 (max 14.95), (true 715, predicted [578])
attack: step 8/10, xent loss = 11.5989, l2 loss = 13.7328 (max 14.95), (true 715, predicted [689])
attack: step 9/10, xent loss = 10.3236, l2 loss = 14.44 (max 14.95), (true 715, predicted [501])
attack: step 10/10, xent loss = 10.5301, l2 loss = 14.8125 (max 14.95), (true 715, predicted [578])
check failed
true = 715, adv = 578
evaluating 246 of [240, 250)
attack: step 1/10, xent loss = 10.1644, l2 loss = 16.0633 (max 14.95), (true 57, predicted [728])
attack: step 2/10, xent loss = 12.456, l2 loss = 16.911 (max 14.95), (true 57, predicted [728])
attack: step 3/10, xent loss = 11.9829, l2 loss = 18.4968 (max 14.95), (true 57, predicted [728])
attack: step 4/10, xent loss = 12.2929, l2 loss = 19.642 (max 14.95), (true 57, predicted [728])
attack: step 5/10, xent loss = 13.7233, l2 loss = 20.9333 (max 14.95), (true 57, predicted [728])
attack: step 6/10, xent loss = 11.4677, l2 loss = 22.2227 (max 14.95), (true 57, predicted [728])
attack: step 7/10, xent loss = 17.5209, l2 loss = 22.9872 (max 14.95), (true 57, predicted [728])
attack: step 8/10, xent loss = 14.3793, l2 loss = 23.7845 (max 14.95), (true 57, predicted [728])
attack: step 9/10, xent loss = 14.073, l2 loss = 24.7987 (max 14.95), (true 57, predicted [728])
attack: step 10/10, xent loss = 17.9356, l2 loss = 26.1393 (max 14.95), (true 57, predicted [728])
check failed
true = 57, adv = 728
evaluating 247 of [240, 250)
attack: step 1/10, xent loss = 7.689, l2 loss = 17.5243 (max 14.95), (true 905, predicted [728])
attack: step 2/10, xent loss = 9.95383, l2 loss = 18.0715 (max 14.95), (true 905, predicted [728])
attack: step 3/10, xent loss = 8.89053, l2 loss = 19.9002 (max 14.95), (true 905, predicted [728])
attack: step 4/10, xent loss = 9.50636, l2 loss = 20.9123 (max 14.95), (true 905, predicted [728])
attack: step 5/10, xent loss = 8.05814, l2 loss = 22.1178 (max 14.95), (true 905, predicted [728])
attack: step 6/10, xent loss = 10.3855, l2 loss = 22.7432 (max 14.95), (true 905, predicted [728])
attack: step 7/10, xent loss = 10.6902, l2 loss = 24.3764 (max 14.95), (true 905, predicted [728])
attack: step 8/10, xent loss = 9.88736, l2 loss = 25.7491 (max 14.95), (true 905, predicted [728])
attack: step 9/10, xent loss = 10.4127, l2 loss = 26.8813 (max 14.95), (true 905, predicted [728])
attack: step 10/10, xent loss = 9.99765, l2 loss = 28.5176 (max 14.95), (true 905, predicted [728])
check failed
true = 905, adv = 728
evaluating 248 of [240, 250)
attack: step 1/10, xent loss = 5.55711, l2 loss = 11.3545 (max 14.95), (true 470, predicted [607])
attack: step 2/10, xent loss = 6.54272, l2 loss = 11.7168 (max 14.95), (true 470, predicted [607])
attack: step 3/10, xent loss = 6.50716, l2 loss = 12.0392 (max 14.95), (true 470, predicted [607])
attack: step 4/10, xent loss = 5.44109, l2 loss = 12.3193 (max 14.95), (true 470, predicted [607])
attack: step 5/10, xent loss = 6.71309, l2 loss = 12.5331 (max 14.95), (true 470, predicted [607])
attack: step 6/10, xent loss = 7.09189, l2 loss = 12.9167 (max 14.95), (true 470, predicted [607])
attack: step 7/10, xent loss = 7.87896, l2 loss = 13.2533 (max 14.95), (true 470, predicted [607])
attack: step 8/10, xent loss = 6.06472, l2 loss = 13.5126 (max 14.95), (true 470, predicted [607])
attack: step 9/10, xent loss = 5.83656, l2 loss = 13.691 (max 14.95), (true 470, predicted [607])
attack: step 10/10, xent loss = 7.34267, l2 loss = 14.1519 (max 14.95), (true 470, predicted [607])
true = 470, adv = 607
evaluating 249 of [240, 250)
attack: step 1/10, xent loss = 9.53272, l2 loss = 15.8699 (max 14.95), (true 776, predicted [879])
attack: step 2/10, xent loss = 9.93827, l2 loss = 16.4309 (max 14.95), (true 776, predicted [879])
attack: step 3/10, xent loss = 8.38172, l2 loss = 17.7796 (max 14.95), (true 776, predicted [728])
attack: step 4/10, xent loss = 9.54942, l2 loss = 18.4278 (max 14.95), (true 776, predicted [879])
attack: step 5/10, xent loss = 7.70503, l2 loss = 19.2062 (max 14.95), (true 776, predicted [667])
attack: step 6/10, xent loss = 9.46544, l2 loss = 19.8543 (max 14.95), (true 776, predicted [672])
attack: step 7/10, xent loss = 10.1167, l2 loss = 20.4729 (max 14.95), (true 776, predicted [672])
attack: step 8/10, xent loss = 8.14548, l2 loss = 21.3419 (max 14.95), (true 776, predicted [879])
attack: step 9/10, xent loss = 10.5457, l2 loss = 21.704 (max 14.95), (true 776, predicted [879])
attack: step 10/10, xent loss = 9.27108, l2 loss = 22.5876 (max 14.95), (true 776, predicted [672])
check failed
true = 776, adv = 672
