2019-06-27 14:33:25.723774: I tensorflow/core/platform/cpu_feature_guard.cc:141] Your CPU supports instructions that this TensorFlow binary was not compiled to use: SSE4.1 SSE4.2 AVX AVX2 FMA
2019-06-27 14:33:25.731012: I tensorflow/core/platform/profile_utils/cpu_utils.cc:94] CPU Frequency: 2600025000 Hz
2019-06-27 14:33:25.731101: I tensorflow/compiler/xla/service/service.cc:150] XLA service 0x2aaae6ac0040 executing computations on platform Host. Devices:
2019-06-27 14:33:25.731114: I tensorflow/compiler/xla/service/service.cc:158]   StreamExecutor device (0): <undefined>, <undefined>
2019-06-27 14:33:25.731250: I tensorflow/core/common_runtime/process_util.cc:71] Creating new thread pool with default inter op setting: 2. Tune using inter_op_parallelism_threads for best performance.
evaluating 730 of [730, 740)
attack: step 1/10, xent loss = 0.0191457, l2 loss = 1.14993 (max 14.95), (true 938, predicted [938])
attack: step 2/10, xent loss = 0.118055, l2 loss = 1.16199 (max 14.95), (true 938, predicted [938])
attack: step 3/10, xent loss = 0.598111, l2 loss = 1.41318 (max 14.95), (true 938, predicted [938])
attack: step 4/10, xent loss = 0.0950182, l2 loss = 2.90002 (max 14.95), (true 938, predicted [938])
attack: step 5/10, xent loss = 0.930945, l2 loss = 2.96538 (max 14.95), (true 938, predicted [938])
attack: step 6/10, xent loss = 1.17931, l2 loss = 4.60917 (max 14.95), (true 938, predicted [938])
attack: step 7/10, xent loss = 1.1357, l2 loss = 6.02143 (max 14.95), (true 938, predicted [938])
attack: step 8/10, xent loss = 2.97834, l2 loss = 7.17086 (max 14.95), (true 938, predicted [463])
attack: step 9/10, xent loss = 4.70633, l2 loss = 8.62502 (max 14.95), (true 938, predicted [509])
attack: step 10/10, xent loss = 3.69768, l2 loss = 9.50497 (max 14.95), (true 938, predicted [509])
true = 938, adv = 987
evaluating 731 of [730, 740)
attack: step 1/10, xent loss = 20.0937, l2 loss = 24.3909 (max 14.95), (true 516, predicted [830])
attack: step 2/10, xent loss = 16.4076, l2 loss = 25.5722 (max 14.95), (true 516, predicted [830])
attack: step 3/10, xent loss = 18.0728, l2 loss = 27.85 (max 14.95), (true 516, predicted [830])
attack: step 4/10, xent loss = 20.7111, l2 loss = 28.7081 (max 14.95), (true 516, predicted [830])
attack: step 5/10, xent loss = 17.7164, l2 loss = 29.5293 (max 14.95), (true 516, predicted [830])
attack: step 6/10, xent loss = 23.8525, l2 loss = 30.2495 (max 14.95), (true 516, predicted [830])
attack: step 7/10, xent loss = 24.5162, l2 loss = 30.8467 (max 14.95), (true 516, predicted [830])
attack: step 8/10, xent loss = 22.6284, l2 loss = 31.3874 (max 14.95), (true 516, predicted [830])
attack: step 9/10, xent loss = 17.8554, l2 loss = 31.9836 (max 14.95), (true 516, predicted [830])
attack: step 10/10, xent loss = 20.0468, l2 loss = 35.2003 (max 14.95), (true 516, predicted [830])
check failed
true = 516, adv = 830
evaluating 732 of [730, 740)
attack: step 1/10, xent loss = 14.92, l2 loss = 18.2066 (max 14.95), (true 650, predicted [819])
attack: step 2/10, xent loss = 15.5033, l2 loss = 19.4847 (max 14.95), (true 650, predicted [819])
attack: step 3/10, xent loss = 16.9362, l2 loss = 20.6682 (max 14.95), (true 650, predicted [819])
attack: step 4/10, xent loss = 16.4431, l2 loss = 21.8387 (max 14.95), (true 650, predicted [819])
attack: step 5/10, xent loss = 15.6385, l2 loss = 23.2299 (max 14.95), (true 650, predicted [819])
attack: step 6/10, xent loss = 14.7008, l2 loss = 24.2561 (max 14.95), (true 650, predicted [819])
attack: step 7/10, xent loss = 15.7471, l2 loss = 25.5019 (max 14.95), (true 650, predicted [819])
attack: step 8/10, xent loss = 17.4009, l2 loss = 26.4651 (max 14.95), (true 650, predicted [819])
attack: step 9/10, xent loss = 15.6657, l2 loss = 28.4688 (max 14.95), (true 650, predicted [819])
attack: step 10/10, xent loss = 15.079, l2 loss = 29.0946 (max 14.95), (true 650, predicted [819])
check failed
true = 650, adv = 819
evaluating 733 of [730, 740)
attack: step 1/10, xent loss = 0.192014, l2 loss = 1.41744 (max 14.95), (true 796, predicted [796])
attack: step 2/10, xent loss = 0.180849, l2 loss = 1.54093 (max 14.95), (true 796, predicted [796])
attack: step 3/10, xent loss = 0.147406, l2 loss = 1.67146 (max 14.95), (true 796, predicted [796])
attack: step 4/10, xent loss = 0.365333, l2 loss = 1.74397 (max 14.95), (true 796, predicted [796])
attack: step 5/10, xent loss = 0.2553, l2 loss = 2.19809 (max 14.95), (true 796, predicted [796])
attack: step 6/10, xent loss = 0.456134, l2 loss = 2.36996 (max 14.95), (true 796, predicted [796])
attack: step 7/10, xent loss = 0.380279, l2 loss = 2.7593 (max 14.95), (true 796, predicted [796])
attack: step 8/10, xent loss = 0.850576, l2 loss = 3.08996 (max 14.95), (true 796, predicted [796])
attack: step 9/10, xent loss = 0.908666, l2 loss = 3.91457 (max 14.95), (true 796, predicted [796])
attack: step 10/10, xent loss = 1.03261, l2 loss = 4.80934 (max 14.95), (true 796, predicted [796])
true = 796, adv = 643
evaluating 734 of [730, 740)
attack: step 1/10, xent loss = 7.82662, l2 loss = 12.8084 (max 14.95), (true 28, predicted [64])
attack: step 2/10, xent loss = 8.08949, l2 loss = 13.6892 (max 14.95), (true 28, predicted [390])
attack: step 3/10, xent loss = 8.50562, l2 loss = 13.895 (max 14.95), (true 28, predicted [52])
attack: step 4/10, xent loss = 8.50969, l2 loss = 14.1796 (max 14.95), (true 28, predicted [58])
attack: step 5/10, xent loss = 7.69425, l2 loss = 14.462 (max 14.95), (true 28, predicted [52])
attack: step 6/10, xent loss = 8.46862, l2 loss = 14.6095 (max 14.95), (true 28, predicted [934])
attack: step 7/10, xent loss = 10.2273, l2 loss = 14.8317 (max 14.95), (true 28, predicted [390])
attack: step 8/10, xent loss = 9.53474, l2 loss = 15.1217 (max 14.95), (true 28, predicted [64])
attack: step 9/10, xent loss = 9.10753, l2 loss = 15.4348 (max 14.95), (true 28, predicted [64])
attack: step 10/10, xent loss = 8.368, l2 loss = 15.6879 (max 14.95), (true 28, predicted [64])
check failed
true = 28, adv = 390
evaluating 735 of [730, 740)
attack: step 1/10, xent loss = 18.3022, l2 loss = 20.698 (max 14.95), (true 825, predicted [700])
attack: step 2/10, xent loss = 17.5148, l2 loss = 22.0058 (max 14.95), (true 825, predicted [700])
attack: step 3/10, xent loss = 21.8135, l2 loss = 23.1205 (max 14.95), (true 825, predicted [700])
attack: step 4/10, xent loss = 20.6648, l2 loss = 24.4974 (max 14.95), (true 825, predicted [700])
attack: step 5/10, xent loss = 19.2047, l2 loss = 25.7698 (max 14.95), (true 825, predicted [700])
attack: step 6/10, xent loss = 20.014, l2 loss = 27.1281 (max 14.95), (true 825, predicted [700])
attack: step 7/10, xent loss = 22.565, l2 loss = 28.4725 (max 14.95), (true 825, predicted [700])
attack: step 8/10, xent loss = 26.6029, l2 loss = 29.831 (max 14.95), (true 825, predicted [700])
attack: step 9/10, xent loss = 27.0844, l2 loss = 31.1885 (max 14.95), (true 825, predicted [700])
attack: step 10/10, xent loss = 27.2935, l2 loss = 32.4445 (max 14.95), (true 825, predicted [700])
check failed
true = 825, adv = 700
evaluating 736 of [730, 740)
attack: step 1/10, xent loss = 2.49283, l2 loss = 6.07082 (max 14.95), (true 340, predicted [309])
attack: step 2/10, xent loss = 3.88854, l2 loss = 7.02822 (max 14.95), (true 340, predicted [309])
attack: step 3/10, xent loss = 2.5207, l2 loss = 8.22877 (max 14.95), (true 340, predicted [940])
attack: step 4/10, xent loss = 5.23067, l2 loss = 9.4131 (max 14.95), (true 340, predicted [940])
attack: step 5/10, xent loss = 6.94931, l2 loss = 10.3629 (max 14.95), (true 340, predicted [309])
attack: step 6/10, xent loss = 7.36218, l2 loss = 10.876 (max 14.95), (true 340, predicted [940])
attack: step 7/10, xent loss = 8.06357, l2 loss = 12.0001 (max 14.95), (true 340, predicted [940])
attack: step 8/10, xent loss = 8.95634, l2 loss = 12.496 (max 14.95), (true 340, predicted [940])
attack: step 9/10, xent loss = 9.51161, l2 loss = 13.4059 (max 14.95), (true 340, predicted [940])
attack: step 10/10, xent loss = 10.3991, l2 loss = 14.6144 (max 14.95), (true 340, predicted [940])
check failed
true = 340, adv = 940
evaluating 737 of [730, 740)
attack: step 1/10, xent loss = 0.00109874, l2 loss = 0.0302354 (max 14.95), (true 986, predicted [986])
attack: step 2/10, xent loss = 0.000650194, l2 loss = 0.0306548 (max 14.95), (true 986, predicted [986])
attack: step 3/10, xent loss = 0.00324687, l2 loss = 0.0309107 (max 14.95), (true 986, predicted [986])
attack: step 4/10, xent loss = 0.00272047, l2 loss = 0.0338552 (max 14.95), (true 986, predicted [986])
attack: step 5/10, xent loss = 0.00367229, l2 loss = 0.0355157 (max 14.95), (true 986, predicted [986])
attack: step 6/10, xent loss = 0.00197121, l2 loss = 0.0384146 (max 14.95), (true 986, predicted [986])
attack: step 7/10, xent loss = 0.000637209, l2 loss = 0.0393619 (max 14.95), (true 986, predicted [986])
attack: step 8/10, xent loss = 0.00631753, l2 loss = 0.0395791 (max 14.95), (true 986, predicted [986])
attack: step 9/10, xent loss = 0.000755263, l2 loss = 0.047407 (max 14.95), (true 986, predicted [986])
attack: step 10/10, xent loss = 0.00067545, l2 loss = 0.0477278 (max 14.95), (true 986, predicted [986])
true = 986, adv = 986
evaluating 738 of [730, 740)
attack: step 1/10, xent loss = 8.73793, l2 loss = 10.2174 (max 14.95), (true 231, predicted [157])
attack: step 2/10, xent loss = 8.69337, l2 loss = 10.443 (max 14.95), (true 231, predicted [157])
attack: step 3/10, xent loss = 8.45746, l2 loss = 10.8569 (max 14.95), (true 231, predicted [157])
attack: step 4/10, xent loss = 8.85277, l2 loss = 10.9818 (max 14.95), (true 231, predicted [157])
attack: step 5/10, xent loss = 8.6519, l2 loss = 11.2226 (max 14.95), (true 231, predicted [157])
attack: step 6/10, xent loss = 9.77614, l2 loss = 11.3695 (max 14.95), (true 231, predicted [157])
attack: step 7/10, xent loss = 9.44889, l2 loss = 11.5137 (max 14.95), (true 231, predicted [157])
attack: step 8/10, xent loss = 8.48019, l2 loss = 11.6977 (max 14.95), (true 231, predicted [157])
attack: step 9/10, xent loss = 8.48666, l2 loss = 12.2601 (max 14.95), (true 231, predicted [157])
attack: step 10/10, xent loss = 8.74517, l2 loss = 12.9725 (max 14.95), (true 231, predicted [157])
true = 231, adv = 157
evaluating 739 of [730, 740)
attack: step 1/10, xent loss = 0.479397, l2 loss = 4.70109 (max 14.95), (true 98, predicted [98])
attack: step 2/10, xent loss = 0.988419, l2 loss = 5.98193 (max 14.95), (true 98, predicted [97])
attack: step 3/10, xent loss = 2.80984, l2 loss = 7.46716 (max 14.95), (true 98, predicted [97])
attack: step 4/10, xent loss = 2.84041, l2 loss = 9.22981 (max 14.95), (true 98, predicted [97])
attack: step 5/10, xent loss = 4.07664, l2 loss = 10.2174 (max 14.95), (true 98, predicted [97])
attack: step 6/10, xent loss = 5.5019, l2 loss = 11.0521 (max 14.95), (true 98, predicted [133])
attack: step 7/10, xent loss = 5.98733, l2 loss = 12.0236 (max 14.95), (true 98, predicted [173])
attack: step 8/10, xent loss = 7.02922, l2 loss = 12.8324 (max 14.95), (true 98, predicted [4])
attack: step 9/10, xent loss = 6.42815, l2 loss = 13.2541 (max 14.95), (true 98, predicted [130])
attack: step 10/10, xent loss = 6.30416, l2 loss = 13.458 (max 14.95), (true 98, predicted [173])
true = 98, adv = 927
