2019-06-27 15:16:15.092421: I tensorflow/core/platform/cpu_feature_guard.cc:141] Your CPU supports instructions that this TensorFlow binary was not compiled to use: SSE4.1 SSE4.2 AVX AVX2 FMA
2019-06-27 15:16:15.097258: I tensorflow/core/platform/profile_utils/cpu_utils.cc:94] CPU Frequency: 2599845000 Hz
2019-06-27 15:16:15.097355: I tensorflow/compiler/xla/service/service.cc:150] XLA service 0x2aaae6fbcf00 executing computations on platform Host. Devices:
2019-06-27 15:16:15.097371: I tensorflow/compiler/xla/service/service.cc:158]   StreamExecutor device (0): <undefined>, <undefined>
2019-06-27 15:16:15.097531: I tensorflow/core/common_runtime/process_util.cc:71] Creating new thread pool with default inter op setting: 2. Tune using inter_op_parallelism_threads for best performance.
evaluating 810 of [810, 820)
attack: step 1/10, xent loss = 7.88138, l2 loss = 11.8199 (max 14.95), (true 634, predicted [537])
attack: step 2/10, xent loss = 8.62769, l2 loss = 12.2956 (max 14.95), (true 634, predicted [467])
attack: step 3/10, xent loss = 8.10308, l2 loss = 12.8376 (max 14.95), (true 634, predicted [797])
attack: step 4/10, xent loss = 9.28089, l2 loss = 13.2791 (max 14.95), (true 634, predicted [978])
attack: step 5/10, xent loss = 8.56474, l2 loss = 13.652 (max 14.95), (true 634, predicted [788])
attack: step 6/10, xent loss = 7.32045, l2 loss = 14.0605 (max 14.95), (true 634, predicted [467])
attack: step 7/10, xent loss = 8.35882, l2 loss = 14.4471 (max 14.95), (true 634, predicted [250])
attack: step 8/10, xent loss = 8.16736, l2 loss = 14.7474 (max 14.95), (true 634, predicted [467])
attack: step 9/10, xent loss = 9.5834, l2 loss = 15.0293 (max 14.95), (true 634, predicted [797])
attack: step 10/10, xent loss = 9.13184, l2 loss = 15.429 (max 14.95), (true 634, predicted [537])
check failed
true = 634, adv = 842
evaluating 811 of [810, 820)
attack: step 1/10, xent loss = 13.3902, l2 loss = 16.4191 (max 14.95), (true 950, predicted [574])
attack: step 2/10, xent loss = 15.2482, l2 loss = 18.2026 (max 14.95), (true 950, predicted [574])
attack: step 3/10, xent loss = 15.0728, l2 loss = 18.7609 (max 14.95), (true 950, predicted [574])
attack: step 4/10, xent loss = 18.0484, l2 loss = 19.3252 (max 14.95), (true 950, predicted [574])
attack: step 5/10, xent loss = 18.7228, l2 loss = 20.2397 (max 14.95), (true 950, predicted [574])
attack: step 6/10, xent loss = 18.9507, l2 loss = 20.8352 (max 14.95), (true 950, predicted [574])
attack: step 7/10, xent loss = 18.7942, l2 loss = 21.4703 (max 14.95), (true 950, predicted [574])
attack: step 8/10, xent loss = 17.6408, l2 loss = 22.4508 (max 14.95), (true 950, predicted [574])
attack: step 9/10, xent loss = 20.0256, l2 loss = 23.0477 (max 14.95), (true 950, predicted [574])
attack: step 10/10, xent loss = 19.0137, l2 loss = 23.5253 (max 14.95), (true 950, predicted [574])
check failed
true = 950, adv = 574
evaluating 812 of [810, 820)
attack: step 1/10, xent loss = 0.0989514, l2 loss = 0.956533 (max 14.95), (true 879, predicted [879])
attack: step 2/10, xent loss = 0.0479688, l2 loss = 1.13094 (max 14.95), (true 879, predicted [879])
attack: step 3/10, xent loss = 0.0253502, l2 loss = 1.16689 (max 14.95), (true 879, predicted [879])
attack: step 4/10, xent loss = 0.0540322, l2 loss = 1.17563 (max 14.95), (true 879, predicted [879])
attack: step 5/10, xent loss = 0.0171637, l2 loss = 1.22476 (max 14.95), (true 879, predicted [879])
attack: step 6/10, xent loss = 0.0487013, l2 loss = 1.23456 (max 14.95), (true 879, predicted [879])
attack: step 7/10, xent loss = 0.309133, l2 loss = 1.29506 (max 14.95), (true 879, predicted [879])
attack: step 8/10, xent loss = 0.0210799, l2 loss = 2.37715 (max 14.95), (true 879, predicted [879])
attack: step 9/10, xent loss = 0.044901, l2 loss = 2.38057 (max 14.95), (true 879, predicted [879])
attack: step 10/10, xent loss = 0.0936215, l2 loss = 2.40393 (max 14.95), (true 879, predicted [879])
true = 879, adv = 879
evaluating 813 of [810, 820)
attack: step 1/10, xent loss = 0.0690369, l2 loss = 0.108892 (max 14.95), (true 902, predicted [902])
attack: step 2/10, xent loss = 0.00963856, l2 loss = 0.473131 (max 14.95), (true 902, predicted [902])
attack: step 3/10, xent loss = 0.00389698, l2 loss = 0.480571 (max 14.95), (true 902, predicted [902])
attack: step 4/10, xent loss = 0.014843, l2 loss = 0.481728 (max 14.95), (true 902, predicted [902])
attack: step 5/10, xent loss = 0.00437197, l2 loss = 0.497704 (max 14.95), (true 902, predicted [902])
attack: step 6/10, xent loss = 0.0026779, l2 loss = 0.499163 (max 14.95), (true 902, predicted [902])
attack: step 7/10, xent loss = 0.00557416, l2 loss = 0.500053 (max 14.95), (true 902, predicted [902])
attack: step 8/10, xent loss = 0.00402415, l2 loss = 0.502472 (max 14.95), (true 902, predicted [902])
attack: step 9/10, xent loss = 0.00729623, l2 loss = 0.504746 (max 14.95), (true 902, predicted [902])
attack: step 10/10, xent loss = 0.0038281, l2 loss = 0.509119 (max 14.95), (true 902, predicted [902])
true = 902, adv = 902
evaluating 814 of [810, 820)
attack: step 1/10, xent loss = 11.7024, l2 loss = 19.3221 (max 14.95), (true 627, predicted [412])
attack: step 2/10, xent loss = 10.5443, l2 loss = 20.2452 (max 14.95), (true 627, predicted [412])
attack: step 3/10, xent loss = 10.5109, l2 loss = 20.8551 (max 14.95), (true 627, predicted [412])
attack: step 4/10, xent loss = 10.3745, l2 loss = 21.5099 (max 14.95), (true 627, predicted [412])
attack: step 5/10, xent loss = 13.4937, l2 loss = 22.077 (max 14.95), (true 627, predicted [412])
attack: step 6/10, xent loss = 11.0624, l2 loss = 22.7012 (max 14.95), (true 627, predicted [412])
attack: step 7/10, xent loss = 11.6338, l2 loss = 23.514 (max 14.95), (true 627, predicted [412])
attack: step 8/10, xent loss = 13.511, l2 loss = 24.3393 (max 14.95), (true 627, predicted [412])
attack: step 9/10, xent loss = 15.2368, l2 loss = 25.0365 (max 14.95), (true 627, predicted [412])
attack: step 10/10, xent loss = 12.7647, l2 loss = 25.7824 (max 14.95), (true 627, predicted [412])
check failed
true = 627, adv = 412
evaluating 815 of [810, 820)
attack: step 1/10, xent loss = 16.2319, l2 loss = 20.0161 (max 14.95), (true 715, predicted [400])
attack: step 2/10, xent loss = 17.9528, l2 loss = 21.4509 (max 14.95), (true 715, predicted [400])
attack: step 3/10, xent loss = 16.4653, l2 loss = 22.3437 (max 14.95), (true 715, predicted [400])
attack: step 4/10, xent loss = 17.3606, l2 loss = 23.0543 (max 14.95), (true 715, predicted [400])
attack: step 5/10, xent loss = 18.8569, l2 loss = 23.8666 (max 14.95), (true 715, predicted [400])
attack: step 6/10, xent loss = 18.7729, l2 loss = 24.6112 (max 14.95), (true 715, predicted [400])
attack: step 7/10, xent loss = 17.1631, l2 loss = 25.308 (max 14.95), (true 715, predicted [400])
attack: step 8/10, xent loss = 21.1475, l2 loss = 26.198 (max 14.95), (true 715, predicted [667])
attack: step 9/10, xent loss = 20.9685, l2 loss = 26.9015 (max 14.95), (true 715, predicted [667])
attack: step 10/10, xent loss = 21.6333, l2 loss = 27.9065 (max 14.95), (true 715, predicted [667])
check failed
true = 715, adv = 667
evaluating 816 of [810, 820)
attack: step 1/10, xent loss = 0.0638304, l2 loss = 1.68718 (max 14.95), (true 847, predicted [847])
attack: step 2/10, xent loss = 0.203661, l2 loss = 1.72759 (max 14.95), (true 847, predicted [847])
attack: step 3/10, xent loss = 0.0523761, l2 loss = 1.86718 (max 14.95), (true 847, predicted [847])
attack: step 4/10, xent loss = 0.253704, l2 loss = 1.89028 (max 14.95), (true 847, predicted [847])
attack: step 5/10, xent loss = 0.202245, l2 loss = 2.09503 (max 14.95), (true 847, predicted [847])
attack: step 6/10, xent loss = 0.345738, l2 loss = 2.29277 (max 14.95), (true 847, predicted [847])
attack: step 7/10, xent loss = 0.34909, l2 loss = 2.56051 (max 14.95), (true 847, predicted [847])
attack: step 8/10, xent loss = 0.395073, l2 loss = 2.9084 (max 14.95), (true 847, predicted [847])
attack: step 9/10, xent loss = 0.257721, l2 loss = 3.25126 (max 14.95), (true 847, predicted [847])
attack: step 10/10, xent loss = 0.381883, l2 loss = 3.48799 (max 14.95), (true 847, predicted [847])
true = 847, adv = 847
evaluating 817 of [810, 820)
attack: step 1/10, xent loss = 10.1805, l2 loss = 11.7892 (max 14.95), (true 168, predicted [167])
attack: step 2/10, xent loss = 12.5677, l2 loss = 12.4948 (max 14.95), (true 168, predicted [167])
attack: step 3/10, xent loss = 12.7796, l2 loss = 13.1333 (max 14.95), (true 168, predicted [167])
attack: step 4/10, xent loss = 13.811, l2 loss = 13.8743 (max 14.95), (true 168, predicted [167])
attack: step 5/10, xent loss = 13.5016, l2 loss = 14.5189 (max 14.95), (true 168, predicted [167])
attack: step 6/10, xent loss = 13.1321, l2 loss = 15.0701 (max 14.95), (true 168, predicted [167])
attack: step 7/10, xent loss = 14.6341, l2 loss = 16.0579 (max 14.95), (true 168, predicted [167])
attack: step 8/10, xent loss = 14.7062, l2 loss = 16.5135 (max 14.95), (true 168, predicted [167])
attack: step 9/10, xent loss = 14.4912, l2 loss = 17.2224 (max 14.95), (true 168, predicted [167])
attack: step 10/10, xent loss = 16.442, l2 loss = 17.5969 (max 14.95), (true 168, predicted [167])
check failed
true = 168, adv = 167
evaluating 818 of [810, 820)
attack: step 1/10, xent loss = 18.4022, l2 loss = 19.722 (max 14.95), (true 502, predicted [630])
attack: step 2/10, xent loss = 16.4463, l2 loss = 20.905 (max 14.95), (true 502, predicted [630])
attack: step 3/10, xent loss = 19.7284, l2 loss = 22.0705 (max 14.95), (true 502, predicted [630])
attack: step 4/10, xent loss = 19.7296, l2 loss = 23.0925 (max 14.95), (true 502, predicted [630])
attack: step 5/10, xent loss = 21.4739, l2 loss = 24.0304 (max 14.95), (true 502, predicted [630])
attack: step 6/10, xent loss = 19.1293, l2 loss = 25.5614 (max 14.95), (true 502, predicted [630])
attack: step 7/10, xent loss = 21.3341, l2 loss = 26.3717 (max 14.95), (true 502, predicted [630])
attack: step 8/10, xent loss = 21.3672, l2 loss = 27.1762 (max 14.95), (true 502, predicted [630])
attack: step 9/10, xent loss = 23.8413, l2 loss = 27.9355 (max 14.95), (true 502, predicted [630])
attack: step 10/10, xent loss = 23.0226, l2 loss = 28.5346 (max 14.95), (true 502, predicted [630])
check failed
true = 502, adv = 630
evaluating 819 of [810, 820)
attack: step 1/10, xent loss = 5.81904, l2 loss = 13.8403 (max 14.95), (true 617, predicted [862])
attack: step 2/10, xent loss = 6.26488, l2 loss = 14.4002 (max 14.95), (true 617, predicted [470])
attack: step 3/10, xent loss = 8.29172, l2 loss = 15.1503 (max 14.95), (true 617, predicted [470])
attack: step 4/10, xent loss = 9.75207, l2 loss = 15.7902 (max 14.95), (true 617, predicted [862])
attack: step 5/10, xent loss = 7.74457, l2 loss = 16.7763 (max 14.95), (true 617, predicted [470])
attack: step 6/10, xent loss = 9.85792, l2 loss = 17.6118 (max 14.95), (true 617, predicted [470])
attack: step 7/10, xent loss = 10.6519, l2 loss = 18.6377 (max 14.95), (true 617, predicted [470])
attack: step 8/10, xent loss = 15.1275, l2 loss = 19.2199 (max 14.95), (true 617, predicted [470])
attack: step 9/10, xent loss = 13.0541, l2 loss = 20.403 (max 14.95), (true 617, predicted [470])
attack: step 10/10, xent loss = 13.2888, l2 loss = 21.4226 (max 14.95), (true 617, predicted [470])
check failed
true = 617, adv = 470
