2019-06-28 06:36:06.909223: I tensorflow/core/platform/cpu_feature_guard.cc:141] Your CPU supports instructions that this TensorFlow binary was not compiled to use: SSE4.1 SSE4.2 AVX AVX2 FMA
2019-06-28 06:36:06.917228: I tensorflow/core/platform/profile_utils/cpu_utils.cc:94] CPU Frequency: 2599770000 Hz
2019-06-28 06:36:06.917376: I tensorflow/compiler/xla/service/service.cc:150] XLA service 0x2aaae6e49d30 executing computations on platform Host. Devices:
2019-06-28 06:36:06.917399: I tensorflow/compiler/xla/service/service.cc:158]   StreamExecutor device (0): <undefined>, <undefined>
2019-06-28 06:36:06.917586: I tensorflow/core/common_runtime/process_util.cc:71] Creating new thread pool with default inter op setting: 2. Tune using inter_op_parallelism_threads for best performance.
evaluating 600 of [600, 610)
attack: step 1/10, xent loss = 11.8884, l2 loss = 18.0989 (max 14.95), (true 255, predicted [728])
attack: step 2/10, xent loss = 12.163, l2 loss = 19.9602 (max 14.95), (true 255, predicted [728])
attack: step 3/10, xent loss = 15.8868, l2 loss = 22.1334 (max 14.95), (true 255, predicted [728])
attack: step 4/10, xent loss = 16.8409, l2 loss = 23.5144 (max 14.95), (true 255, predicted [728])
attack: step 5/10, xent loss = 18.456, l2 loss = 24.8163 (max 14.95), (true 255, predicted [728])
attack: step 6/10, xent loss = 17.8148, l2 loss = 26.1616 (max 14.95), (true 255, predicted [728])
attack: step 7/10, xent loss = 17.3942, l2 loss = 27.3236 (max 14.95), (true 255, predicted [728])
attack: step 8/10, xent loss = 18.9056, l2 loss = 28.567 (max 14.95), (true 255, predicted [728])
attack: step 9/10, xent loss = 21.037, l2 loss = 29.6603 (max 14.95), (true 255, predicted [728])
attack: step 10/10, xent loss = 21.7492, l2 loss = 30.6117 (max 14.95), (true 255, predicted [728])
check failed
true = 255, adv = 728
evaluating 601 of [600, 610)
attack: step 1/10, xent loss = 24.2539, l2 loss = 31.4347 (max 14.95), (true 342, predicted [728])
attack: step 2/10, xent loss = 25.6752, l2 loss = 32.7215 (max 14.95), (true 342, predicted [728])
attack: step 3/10, xent loss = 24.1745, l2 loss = 34.2838 (max 14.95), (true 342, predicted [728])
attack: step 4/10, xent loss = 28.8598, l2 loss = 35.5754 (max 14.95), (true 342, predicted [728])
attack: step 5/10, xent loss = 27.4474, l2 loss = 36.9917 (max 14.95), (true 342, predicted [728])
attack: step 6/10, xent loss = 28.7529, l2 loss = 38.4051 (max 14.95), (true 342, predicted [728])
attack: step 7/10, xent loss = 34.7745, l2 loss = 39.7965 (max 14.95), (true 342, predicted [728])
attack: step 8/10, xent loss = 29.4678, l2 loss = 40.9323 (max 14.95), (true 342, predicted [728])
attack: step 9/10, xent loss = 37.1393, l2 loss = 41.891 (max 14.95), (true 342, predicted [728])
attack: step 10/10, xent loss = 32.7207, l2 loss = 42.9912 (max 14.95), (true 342, predicted [728])
check failed
true = 342, adv = 728
evaluating 602 of [600, 610)
attack: step 1/10, xent loss = 15.0574, l2 loss = 17.3776 (max 14.95), (true 774, predicted [797])
attack: step 2/10, xent loss = 16.1431, l2 loss = 18.4064 (max 14.95), (true 774, predicted [797])
attack: step 3/10, xent loss = 17.8007, l2 loss = 19.5038 (max 14.95), (true 774, predicted [797])
attack: step 4/10, xent loss = 19.6777, l2 loss = 20.5534 (max 14.95), (true 774, predicted [797])
attack: step 5/10, xent loss = 16.5767, l2 loss = 21.5899 (max 14.95), (true 774, predicted [797])
attack: step 6/10, xent loss = 17.5139, l2 loss = 22.7511 (max 14.95), (true 774, predicted [797])
attack: step 7/10, xent loss = 21.263, l2 loss = 23.6187 (max 14.95), (true 774, predicted [797])
attack: step 8/10, xent loss = 20.3011, l2 loss = 24.7001 (max 14.95), (true 774, predicted [797])
attack: step 9/10, xent loss = 21.7958, l2 loss = 25.7181 (max 14.95), (true 774, predicted [797])
attack: step 10/10, xent loss = 22.7958, l2 loss = 26.5034 (max 14.95), (true 774, predicted [797])
check failed
true = 774, adv = 797
evaluating 603 of [600, 610)
attack: step 1/10, xent loss = 24.3144, l2 loss = 30.378 (max 14.95), (true 111, predicted [728])
attack: step 2/10, xent loss = 28.3523, l2 loss = 32.5017 (max 14.95), (true 111, predicted [728])
attack: step 3/10, xent loss = 29.6356, l2 loss = 34.0682 (max 14.95), (true 111, predicted [728])
attack: step 4/10, xent loss = 31.0037, l2 loss = 35.4018 (max 14.95), (true 111, predicted [728])
attack: step 5/10, xent loss = 32.2147, l2 loss = 36.7009 (max 14.95), (true 111, predicted [728])
attack: step 6/10, xent loss = 35.5221, l2 loss = 37.7566 (max 14.95), (true 111, predicted [728])
attack: step 7/10, xent loss = 33.3873, l2 loss = 38.9669 (max 14.95), (true 111, predicted [728])
attack: step 8/10, xent loss = 34.0221, l2 loss = 40.216 (max 14.95), (true 111, predicted [728])
attack: step 9/10, xent loss = 37.742, l2 loss = 41.1701 (max 14.95), (true 111, predicted [728])
attack: step 10/10, xent loss = 34.8821, l2 loss = 42.0982 (max 14.95), (true 111, predicted [728])
check failed
true = 111, adv = 728
evaluating 604 of [600, 610)
attack: step 1/10, xent loss = 10.4838, l2 loss = 17.4114 (max 14.95), (true 746, predicted [488])
attack: step 2/10, xent loss = 11.0507, l2 loss = 17.9147 (max 14.95), (true 746, predicted [488])
attack: step 3/10, xent loss = 12.4015, l2 loss = 18.3524 (max 14.95), (true 746, predicted [488])
attack: step 4/10, xent loss = 11.6934, l2 loss = 19.2042 (max 14.95), (true 746, predicted [488])
attack: step 5/10, xent loss = 14.6635, l2 loss = 19.78 (max 14.95), (true 746, predicted [488])
attack: step 6/10, xent loss = 13.0731, l2 loss = 21.0715 (max 14.95), (true 746, predicted [488])
attack: step 7/10, xent loss = 14.6553, l2 loss = 22.7997 (max 14.95), (true 746, predicted [488])
attack: step 8/10, xent loss = 14.1903, l2 loss = 23.777 (max 14.95), (true 746, predicted [488])
attack: step 9/10, xent loss = 16.4924, l2 loss = 24.5677 (max 14.95), (true 746, predicted [488])
attack: step 10/10, xent loss = 16.3133, l2 loss = 25.6417 (max 14.95), (true 746, predicted [488])
check failed
true = 746, adv = 488
evaluating 605 of [600, 610)
attack: step 1/10, xent loss = 7.95047, l2 loss = 15.3405 (max 14.95), (true 700, predicted [750])
attack: step 2/10, xent loss = 7.72261, l2 loss = 15.6583 (max 14.95), (true 700, predicted [520])
attack: step 3/10, xent loss = 7.72013, l2 loss = 15.9632 (max 14.95), (true 700, predicted [520])
attack: step 4/10, xent loss = 9.93248, l2 loss = 16.3575 (max 14.95), (true 700, predicted [750])
attack: step 5/10, xent loss = 9.12883, l2 loss = 16.721 (max 14.95), (true 700, predicted [750])
attack: step 6/10, xent loss = 9.27312, l2 loss = 17.1615 (max 14.95), (true 700, predicted [750])
attack: step 7/10, xent loss = 9.78171, l2 loss = 17.5479 (max 14.95), (true 700, predicted [750])
attack: step 8/10, xent loss = 9.91895, l2 loss = 17.8909 (max 14.95), (true 700, predicted [750])
attack: step 9/10, xent loss = 10.7921, l2 loss = 18.34 (max 14.95), (true 700, predicted [750])
attack: step 10/10, xent loss = 10.8822, l2 loss = 18.9358 (max 14.95), (true 700, predicted [750])
check failed
true = 700, adv = 750
evaluating 606 of [600, 610)
attack: step 1/10, xent loss = 9.04694, l2 loss = 14.1666 (max 14.95), (true 735, predicted [601])
attack: step 2/10, xent loss = 8.76072, l2 loss = 14.7861 (max 14.95), (true 735, predicted [601])
attack: step 3/10, xent loss = 9.96393, l2 loss = 15.5652 (max 14.95), (true 735, predicted [601])
attack: step 4/10, xent loss = 10.1675, l2 loss = 16.6714 (max 14.95), (true 735, predicted [601])
attack: step 5/10, xent loss = 10.5938, l2 loss = 17.568 (max 14.95), (true 735, predicted [601])
attack: step 6/10, xent loss = 11.5403, l2 loss = 18.3607 (max 14.95), (true 735, predicted [601])
attack: step 7/10, xent loss = 11.5693, l2 loss = 19.0573 (max 14.95), (true 735, predicted [601])
attack: step 8/10, xent loss = 10.971, l2 loss = 19.8472 (max 14.95), (true 735, predicted [601])
attack: step 9/10, xent loss = 12.5521, l2 loss = 20.751 (max 14.95), (true 735, predicted [601])
attack: step 10/10, xent loss = 11.8242, l2 loss = 21.6966 (max 14.95), (true 735, predicted [601])
check failed
true = 735, adv = 601
evaluating 607 of [600, 610)
attack: step 1/10, xent loss = 7.93181, l2 loss = 15.1397 (max 14.95), (true 893, predicted [868])
attack: step 2/10, xent loss = 7.94826, l2 loss = 16.2474 (max 14.95), (true 893, predicted [868])
attack: step 3/10, xent loss = 10.0788, l2 loss = 17.3997 (max 14.95), (true 893, predicted [868])
attack: step 4/10, xent loss = 9.53515, l2 loss = 18.1094 (max 14.95), (true 893, predicted [868])
attack: step 5/10, xent loss = 11.1714, l2 loss = 18.7298 (max 14.95), (true 893, predicted [868])
attack: step 6/10, xent loss = 9.70017, l2 loss = 19.3652 (max 14.95), (true 893, predicted [868])
attack: step 7/10, xent loss = 11.0219, l2 loss = 20.2237 (max 14.95), (true 893, predicted [868])
attack: step 8/10, xent loss = 9.62499, l2 loss = 20.6467 (max 14.95), (true 893, predicted [868])
attack: step 9/10, xent loss = 9.67767, l2 loss = 21.1773 (max 14.95), (true 893, predicted [868])
attack: step 10/10, xent loss = 10.6215, l2 loss = 21.9874 (max 14.95), (true 893, predicted [868])
check failed
true = 893, adv = 868
evaluating 608 of [600, 610)
attack: step 1/10, xent loss = 22.1811, l2 loss = 28.2207 (max 14.95), (true 571, predicted [700])
attack: step 2/10, xent loss = 26.6196, l2 loss = 29.4137 (max 14.95), (true 571, predicted [700])
attack: step 3/10, xent loss = 30.9716, l2 loss = 30.91 (max 14.95), (true 571, predicted [700])
attack: step 4/10, xent loss = 32.8449, l2 loss = 32.3486 (max 14.95), (true 571, predicted [700])
attack: step 5/10, xent loss = 30.6122, l2 loss = 33.8873 (max 14.95), (true 571, predicted [700])
attack: step 6/10, xent loss = 30.2276, l2 loss = 35.1538 (max 14.95), (true 571, predicted [700])
attack: step 7/10, xent loss = 29.5907, l2 loss = 36.3574 (max 14.95), (true 571, predicted [700])
attack: step 8/10, xent loss = 31.0953, l2 loss = 37.3266 (max 14.95), (true 571, predicted [700])
attack: step 9/10, xent loss = 34.1318, l2 loss = 38.5716 (max 14.95), (true 571, predicted [700])
attack: step 10/10, xent loss = 36.419, l2 loss = 39.5305 (max 14.95), (true 571, predicted [700])
check failed
true = 571, adv = 700
evaluating 609 of [600, 610)
attack: step 1/10, xent loss = 11.2423, l2 loss = 10.8705 (max 14.95), (true 288, predicted [728])
attack: step 2/10, xent loss = 9.45199, l2 loss = 12.1446 (max 14.95), (true 288, predicted [728])
attack: step 3/10, xent loss = 11.2889, l2 loss = 12.5648 (max 14.95), (true 288, predicted [728])
attack: step 4/10, xent loss = 10.6365, l2 loss = 13.4768 (max 14.95), (true 288, predicted [728])
attack: step 5/10, xent loss = 13.1239, l2 loss = 14.5382 (max 14.95), (true 288, predicted [728])
attack: step 6/10, xent loss = 14.315, l2 loss = 15.7115 (max 14.95), (true 288, predicted [728])
attack: step 7/10, xent loss = 14.0575, l2 loss = 17.4128 (max 14.95), (true 288, predicted [728])
attack: step 8/10, xent loss = 15.5993, l2 loss = 18.5772 (max 14.95), (true 288, predicted [728])
attack: step 9/10, xent loss = 17.4299, l2 loss = 19.6594 (max 14.95), (true 288, predicted [728])
attack: step 10/10, xent loss = 18.8867, l2 loss = 20.7611 (max 14.95), (true 288, predicted [728])
check failed
true = 288, adv = 728
