2019-06-26 22:30:03.055790: I tensorflow/core/platform/cpu_feature_guard.cc:141] Your CPU supports instructions that this TensorFlow binary was not compiled to use: SSE4.1 SSE4.2 AVX AVX2 FMA
2019-06-26 22:30:03.904958: I tensorflow/core/platform/profile_utils/cpu_utils.cc:94] CPU Frequency: 2599915000 Hz
2019-06-26 22:30:03.906400: I tensorflow/compiler/xla/service/service.cc:150] XLA service 0x2aaae6d4a5f0 executing computations on platform Host. Devices:
2019-06-26 22:30:03.906474: I tensorflow/compiler/xla/service/service.cc:158]   StreamExecutor device (0): <undefined>, <undefined>
2019-06-26 22:30:03.907913: I tensorflow/core/common_runtime/process_util.cc:71] Creating new thread pool with default inter op setting: 2. Tune using inter_op_parallelism_threads for best performance.
evaluating 570 of [570, 580)
attack: step 1/10, xent loss = 15.4795, l2 loss = 16.2577 (max 14.95), (true 897, predicted [720])
attack: step 2/10, xent loss = 17.0556, l2 loss = 17.2701 (max 14.95), (true 897, predicted [720])
attack: step 3/10, xent loss = 17.2559, l2 loss = 18.7896 (max 14.95), (true 897, predicted [720])
attack: step 4/10, xent loss = 19.0798, l2 loss = 19.6746 (max 14.95), (true 897, predicted [720])
attack: step 5/10, xent loss = 19.5741, l2 loss = 20.3131 (max 14.95), (true 897, predicted [720])
attack: step 6/10, xent loss = 19.2241, l2 loss = 20.8859 (max 14.95), (true 897, predicted [720])
attack: step 7/10, xent loss = 20.3269, l2 loss = 21.8023 (max 14.95), (true 897, predicted [720])
attack: step 8/10, xent loss = 22.1339, l2 loss = 22.3111 (max 14.95), (true 897, predicted [720])
attack: step 9/10, xent loss = 22.0346, l2 loss = 22.8928 (max 14.95), (true 897, predicted [720])
attack: step 10/10, xent loss = 23.4254, l2 loss = 23.6028 (max 14.95), (true 897, predicted [720])
check failed
true = 897, adv = 720
evaluating 571 of [570, 580)
attack: step 1/10, xent loss = 12.6322, l2 loss = 17.8622 (max 14.95), (true 316, predicted [410])
attack: step 2/10, xent loss = 10.1766, l2 loss = 19.674 (max 14.95), (true 316, predicted [309])
attack: step 3/10, xent loss = 9.74277, l2 loss = 23.2955 (max 14.95), (true 316, predicted [410])
attack: step 4/10, xent loss = 13.8465, l2 loss = 24.2728 (max 14.95), (true 316, predicted [410])
attack: step 5/10, xent loss = 14.5196, l2 loss = 26.1863 (max 14.95), (true 316, predicted [410])
attack: step 6/10, xent loss = 15.8547, l2 loss = 27.228 (max 14.95), (true 316, predicted [410])
attack: step 7/10, xent loss = 18.3287, l2 loss = 27.9673 (max 14.95), (true 316, predicted [410])
attack: step 8/10, xent loss = 14.8602, l2 loss = 28.7551 (max 14.95), (true 316, predicted [410])
attack: step 9/10, xent loss = 17.794, l2 loss = 29.9753 (max 14.95), (true 316, predicted [410])
attack: step 10/10, xent loss = 17.9754, l2 loss = 30.8718 (max 14.95), (true 316, predicted [410])
check failed
true = 316, adv = 410
evaluating 572 of [570, 580)
attack: step 1/10, xent loss = 7.36819, l2 loss = 11.8147 (max 14.95), (true 587, predicted [740])
attack: step 2/10, xent loss = 7.22881, l2 loss = 12.2749 (max 14.95), (true 587, predicted [740])
attack: step 3/10, xent loss = 6.03693, l2 loss = 12.8277 (max 14.95), (true 587, predicted [740])
attack: step 4/10, xent loss = 8.0951, l2 loss = 13.3956 (max 14.95), (true 587, predicted [740])
attack: step 5/10, xent loss = 7.72506, l2 loss = 13.8932 (max 14.95), (true 587, predicted [740])
attack: step 6/10, xent loss = 9.33161, l2 loss = 14.3735 (max 14.95), (true 587, predicted [740])
attack: step 7/10, xent loss = 7.58283, l2 loss = 14.9055 (max 14.95), (true 587, predicted [740])
attack: step 8/10, xent loss = 9.49589, l2 loss = 15.4534 (max 14.95), (true 587, predicted [740])
attack: step 9/10, xent loss = 9.47839, l2 loss = 15.7999 (max 14.95), (true 587, predicted [740])
attack: step 10/10, xent loss = 11.5705, l2 loss = 16.5344 (max 14.95), (true 587, predicted [740])
check failed
true = 587, adv = 740
evaluating 573 of [570, 580)
attack: step 1/10, xent loss = 10.6786, l2 loss = 11.1831 (max 14.95), (true 189, predicted [242])
attack: step 2/10, xent loss = 11.7877, l2 loss = 11.8156 (max 14.95), (true 189, predicted [242])
attack: step 3/10, xent loss = 10.5614, l2 loss = 13.1311 (max 14.95), (true 189, predicted [242])
attack: step 4/10, xent loss = 12.175, l2 loss = 13.8437 (max 14.95), (true 189, predicted [242])
attack: step 5/10, xent loss = 12.0246, l2 loss = 14.4251 (max 14.95), (true 189, predicted [242])
attack: step 6/10, xent loss = 12.6362, l2 loss = 14.9782 (max 14.95), (true 189, predicted [242])
attack: step 7/10, xent loss = 14.2658, l2 loss = 15.6632 (max 14.95), (true 189, predicted [242])
attack: step 8/10, xent loss = 14.0077, l2 loss = 16.5733 (max 14.95), (true 189, predicted [242])
attack: step 9/10, xent loss = 14.5368, l2 loss = 17.2875 (max 14.95), (true 189, predicted [242])
attack: step 10/10, xent loss = 13.0964, l2 loss = 17.8367 (max 14.95), (true 189, predicted [242])
check failed
true = 189, adv = 242
evaluating 574 of [570, 580)
attack: step 1/10, xent loss = 8.84006, l2 loss = 11.1586 (max 14.95), (true 885, predicted [664])
attack: step 2/10, xent loss = 8.60949, l2 loss = 11.5914 (max 14.95), (true 885, predicted [664])
attack: step 3/10, xent loss = 9.04203, l2 loss = 11.9499 (max 14.95), (true 885, predicted [664])
attack: step 4/10, xent loss = 8.96937, l2 loss = 12.2815 (max 14.95), (true 885, predicted [664])
attack: step 5/10, xent loss = 9.16874, l2 loss = 12.7893 (max 14.95), (true 885, predicted [664])
attack: step 6/10, xent loss = 10.1578, l2 loss = 13.1813 (max 14.95), (true 885, predicted [664])
attack: step 7/10, xent loss = 8.33263, l2 loss = 13.7292 (max 14.95), (true 885, predicted [664])
attack: step 8/10, xent loss = 8.5317, l2 loss = 14.1319 (max 14.95), (true 885, predicted [664])
attack: step 9/10, xent loss = 9.59355, l2 loss = 14.7221 (max 14.95), (true 885, predicted [664])
attack: step 10/10, xent loss = 9.59833, l2 loss = 15.276 (max 14.95), (true 885, predicted [664])
check failed
true = 885, adv = 664
evaluating 575 of [570, 580)
attack: step 1/10, xent loss = 8.21877, l2 loss = 11.358 (max 14.95), (true 264, predicted [158])
attack: step 2/10, xent loss = 10.3028, l2 loss = 12.3266 (max 14.95), (true 264, predicted [158])
attack: step 3/10, xent loss = 9.75218, l2 loss = 12.992 (max 14.95), (true 264, predicted [158])
attack: step 4/10, xent loss = 10.8233, l2 loss = 13.5274 (max 14.95), (true 264, predicted [158])
attack: step 5/10, xent loss = 12.1924, l2 loss = 14.6583 (max 14.95), (true 264, predicted [158])
attack: step 6/10, xent loss = 13.1866, l2 loss = 15.4724 (max 14.95), (true 264, predicted [158])
attack: step 7/10, xent loss = 11.1951, l2 loss = 16.2739 (max 14.95), (true 264, predicted [158])
attack: step 8/10, xent loss = 13.3269, l2 loss = 16.7999 (max 14.95), (true 264, predicted [158])
attack: step 9/10, xent loss = 13.4857, l2 loss = 17.3834 (max 14.95), (true 264, predicted [158])
attack: step 10/10, xent loss = 14.7929, l2 loss = 17.9932 (max 14.95), (true 264, predicted [158])
check failed
true = 264, adv = 158
evaluating 576 of [570, 580)
attack: step 1/10, xent loss = 0.00164766, l2 loss = 0.179215 (max 14.95), (true 541, predicted [541])
attack: step 2/10, xent loss = 0.0321938, l2 loss = 0.180151 (max 14.95), (true 541, predicted [541])
attack: step 3/10, xent loss = 0.021529, l2 loss = 0.267003 (max 14.95), (true 541, predicted [541])
attack: step 4/10, xent loss = 0.00099657, l2 loss = 0.315298 (max 14.95), (true 541, predicted [541])
attack: step 5/10, xent loss = 0.00713089, l2 loss = 0.315878 (max 14.95), (true 541, predicted [541])
attack: step 6/10, xent loss = 0.0140287, l2 loss = 0.320941 (max 14.95), (true 541, predicted [541])
attack: step 7/10, xent loss = 0.00983476, l2 loss = 0.34075 (max 14.95), (true 541, predicted [541])
attack: step 8/10, xent loss = 0.0134021, l2 loss = 0.358218 (max 14.95), (true 541, predicted [541])
attack: step 9/10, xent loss = 0.000594082, l2 loss = 0.368869 (max 14.95), (true 541, predicted [541])
attack: step 10/10, xent loss = 0.0169089, l2 loss = 0.369262 (max 14.95), (true 541, predicted [541])
true = 541, adv = 541
evaluating 577 of [570, 580)
attack: step 1/10, xent loss = 13.7245, l2 loss = 13.8566 (max 14.95), (true 464, predicted [689])
attack: step 2/10, xent loss = 13.576, l2 loss = 14.622 (max 14.95), (true 464, predicted [689])
attack: step 3/10, xent loss = 14.4654, l2 loss = 15.1726 (max 14.95), (true 464, predicted [689])
attack: step 4/10, xent loss = 13.3396, l2 loss = 15.776 (max 14.95), (true 464, predicted [689])
attack: step 5/10, xent loss = 13.7462, l2 loss = 17.2083 (max 14.95), (true 464, predicted [689])
attack: step 6/10, xent loss = 15.0438, l2 loss = 17.5578 (max 14.95), (true 464, predicted [689])
attack: step 7/10, xent loss = 12.4531, l2 loss = 17.9726 (max 14.95), (true 464, predicted [689])
attack: step 8/10, xent loss = 14.8486, l2 loss = 18.969 (max 14.95), (true 464, predicted [689])
attack: step 9/10, xent loss = 14.8494, l2 loss = 19.4026 (max 14.95), (true 464, predicted [689])
attack: step 10/10, xent loss = 15.6103, l2 loss = 20.0735 (max 14.95), (true 464, predicted [689])
check failed
true = 464, adv = 689
evaluating 578 of [570, 580)
attack: step 1/10, xent loss = 7.75802, l2 loss = 10.776 (max 14.95), (true 7, predicted [228])
attack: step 2/10, xent loss = 6.50176, l2 loss = 11.1234 (max 14.95), (true 7, predicted [228])
attack: step 3/10, xent loss = 8.28624, l2 loss = 11.7578 (max 14.95), (true 7, predicted [228])
attack: step 4/10, xent loss = 8.2976, l2 loss = 12.0205 (max 14.95), (true 7, predicted [228])
attack: step 5/10, xent loss = 8.01287, l2 loss = 12.2476 (max 14.95), (true 7, predicted [228])
attack: step 6/10, xent loss = 8.39324, l2 loss = 12.5633 (max 14.95), (true 7, predicted [228])
attack: step 7/10, xent loss = 8.82308, l2 loss = 12.8472 (max 14.95), (true 7, predicted [228])
attack: step 8/10, xent loss = 9.10499, l2 loss = 13.0843 (max 14.95), (true 7, predicted [228])
attack: step 9/10, xent loss = 8.92305, l2 loss = 13.2258 (max 14.95), (true 7, predicted [228])
attack: step 10/10, xent loss = 9.32575, l2 loss = 13.4076 (max 14.95), (true 7, predicted [228])
true = 7, adv = 228
evaluating 579 of [570, 580)
attack: step 1/10, xent loss = 8.20512, l2 loss = 10.4692 (max 14.95), (true 837, predicted [690])
attack: step 2/10, xent loss = 8.11438, l2 loss = 10.7581 (max 14.95), (true 837, predicted [690])
attack: step 3/10, xent loss = 8.06017, l2 loss = 11.1167 (max 14.95), (true 837, predicted [575])
attack: step 4/10, xent loss = 9.10543, l2 loss = 11.5026 (max 14.95), (true 837, predicted [544])
attack: step 5/10, xent loss = 9.01295, l2 loss = 11.9969 (max 14.95), (true 837, predicted [690])
attack: step 6/10, xent loss = 8.87165, l2 loss = 12.3329 (max 14.95), (true 837, predicted [544])
attack: step 7/10, xent loss = 9.77723, l2 loss = 12.7192 (max 14.95), (true 837, predicted [690])
attack: step 8/10, xent loss = 9.81368, l2 loss = 13.0597 (max 14.95), (true 837, predicted [690])
attack: step 9/10, xent loss = 10.09, l2 loss = 13.4416 (max 14.95), (true 837, predicted [690])
attack: step 10/10, xent loss = 8.90339, l2 loss = 13.8597 (max 14.95), (true 837, predicted [544])
true = 837, adv = 793
