2019-06-06 00:07:13.908863: I tensorflow/core/platform/cpu_feature_guard.cc:141] Your CPU supports instructions that this TensorFlow binary was not compiled to use: SSE4.1 SSE4.2 AVX AVX2 FMA
2019-06-06 00:07:14.474373: I tensorflow/core/platform/profile_utils/cpu_utils.cc:94] CPU Frequency: 2600030000 Hz
2019-06-06 00:07:14.477019: I tensorflow/compiler/xla/service/service.cc:150] XLA service 0x2aaae6fc1c90 executing computations on platform Host. Devices:
2019-06-06 00:07:14.477797: I tensorflow/compiler/xla/service/service.cc:158]   StreamExecutor device (0): <undefined>, <undefined>
2019-06-06 00:07:14.479765: I tensorflow/core/common_runtime/process_util.cc:71] Creating new thread pool with default inter op setting: 2. Tune using inter_op_parallelism_threads for best performance.
evaluating 110 of [110, 120)
attack: step 1/10, xent loss = 0.201349, l2 loss = 0 (max 14.95), (true 895, predicted [895])
attack: step 2/10, xent loss = 0.178475, l2 loss = 1.24579 (max 14.95), (true 895, predicted [895])
attack: step 3/10, xent loss = 0.265665, l2 loss = 2.59265 (max 14.95), (true 895, predicted [895])
attack: step 4/10, xent loss = 0.0553308, l2 loss = 2.89536 (max 14.95), (true 895, predicted [895])
attack: step 5/10, xent loss = 0.161141, l2 loss = 2.90883 (max 14.95), (true 895, predicted [895])
attack: step 6/10, xent loss = 0.104145, l2 loss = 3.0117 (max 14.95), (true 895, predicted [895])
attack: step 7/10, xent loss = 0.121744, l2 loss = 3.42158 (max 14.95), (true 895, predicted [895])
attack: step 8/10, xent loss = 0.212567, l2 loss = 3.50254 (max 14.95), (true 895, predicted [895])
attack: step 9/10, xent loss = 0.0845381, l2 loss = 3.63311 (max 14.95), (true 895, predicted [895])
attack: step 10/10, xent loss = 0.130017, l2 loss = 3.69276 (max 14.95), (true 895, predicted [895])
true = 895, adv = 895
evaluating 111 of [110, 120)
attack: step 1/10, xent loss = 6.98109, l2 loss = 0 (max 14.95), (true 289, predicted [728])
attack: step 2/10, xent loss = 11.0678, l2 loss = 1.71761 (max 14.95), (true 289, predicted [728])
attack: step 3/10, xent loss = 8.72813, l2 loss = 8.19596 (max 14.95), (true 289, predicted [728])
attack: step 4/10, xent loss = 8.3593, l2 loss = 9.85233 (max 14.95), (true 289, predicted [728])
attack: step 5/10, xent loss = 12.003, l2 loss = 10.3839 (max 14.95), (true 289, predicted [728])
attack: step 6/10, xent loss = 8.45425, l2 loss = 12.5906 (max 14.95), (true 289, predicted [793])
attack: step 7/10, xent loss = 12.0591, l2 loss = 13.0152 (max 14.95), (true 289, predicted [728])
attack: step 8/10, xent loss = 9.07669, l2 loss = 14.5164 (max 14.95), (true 289, predicted [793])
attack: step 9/10, xent loss = 9.8158, l2 loss = 15.2483 (max 14.95), (true 289, predicted [728])
attack: step 10/10, xent loss = 9.24156, l2 loss = 16.3925 (max 14.95), (true 289, predicted [728])
check failed
true = 289, adv = 793
evaluating 112 of [110, 120)
attack: step 1/10, xent loss = 10.8691, l2 loss = 0 (max 14.95), (true 29, predicted [728])
attack: step 2/10, xent loss = 13.1331, l2 loss = 11.9453 (max 14.95), (true 29, predicted [728])
attack: step 3/10, xent loss = 11.348, l2 loss = 15.3269 (max 14.95), (true 29, predicted [728])
attack: step 4/10, xent loss = 16.1174, l2 loss = 17.5949 (max 14.95), (true 29, predicted [728])
attack: step 5/10, xent loss = 13.8748, l2 loss = 20.2772 (max 14.95), (true 29, predicted [728])
attack: step 6/10, xent loss = 15.2874, l2 loss = 22.0128 (max 14.95), (true 29, predicted [728])
attack: step 7/10, xent loss = 17.6715, l2 loss = 23.9384 (max 14.95), (true 29, predicted [728])
attack: step 8/10, xent loss = 16.724, l2 loss = 26.4063 (max 14.95), (true 29, predicted [728])
attack: step 9/10, xent loss = 16.8657, l2 loss = 27.5805 (max 14.95), (true 29, predicted [728])
attack: step 10/10, xent loss = 17.6208, l2 loss = 28.6068 (max 14.95), (true 29, predicted [728])
check failed
true = 29, adv = 728
evaluating 113 of [110, 120)
attack: step 1/10, xent loss = 8.47556, l2 loss = 0 (max 14.95), (true 544, predicted [518])
attack: step 2/10, xent loss = 9.57507, l2 loss = 3.41022 (max 14.95), (true 544, predicted [518])
attack: step 3/10, xent loss = 9.18682, l2 loss = 6.1681 (max 14.95), (true 544, predicted [518])
attack: step 4/10, xent loss = 10.4353, l2 loss = 7.71253 (max 14.95), (true 544, predicted [518])
attack: step 5/10, xent loss = 8.3726, l2 loss = 9.5783 (max 14.95), (true 544, predicted [518])
attack: step 6/10, xent loss = 9.18635, l2 loss = 10.3562 (max 14.95), (true 544, predicted [518])
attack: step 7/10, xent loss = 9.94942, l2 loss = 11.1208 (max 14.95), (true 544, predicted [518])
attack: step 8/10, xent loss = 8.3489, l2 loss = 12.93 (max 14.95), (true 544, predicted [518])
attack: step 9/10, xent loss = 9.31959, l2 loss = 13.5194 (max 14.95), (true 544, predicted [518])
attack: step 10/10, xent loss = 9.48371, l2 loss = 14.3189 (max 14.95), (true 544, predicted [518])
check failed
true = 544, adv = 518
evaluating 114 of [110, 120)
attack: step 1/10, xent loss = 6.36792, l2 loss = 0 (max 14.95), (true 204, predicted [728])
attack: step 2/10, xent loss = 7.28094, l2 loss = 6.7041 (max 14.95), (true 204, predicted [728])
attack: step 3/10, xent loss = 4.27024, l2 loss = 9.20701 (max 14.95), (true 204, predicted [728])
attack: step 4/10, xent loss = 7.80354, l2 loss = 14.9716 (max 14.95), (true 204, predicted [518])
attack: step 5/10, xent loss = 9.95184, l2 loss = 15.3532 (max 14.95), (true 204, predicted [728])
attack: step 6/10, xent loss = 9.16142, l2 loss = 16.0578 (max 14.95), (true 204, predicted [728])
attack: step 7/10, xent loss = 8.58935, l2 loss = 16.544 (max 14.95), (true 204, predicted [728])
attack: step 8/10, xent loss = 9.28041, l2 loss = 16.8457 (max 14.95), (true 204, predicted [728])
attack: step 9/10, xent loss = 9.96596, l2 loss = 17.1689 (max 14.95), (true 204, predicted [728])
attack: step 10/10, xent loss = 9.87545, l2 loss = 18.0157 (max 14.95), (true 204, predicted [728])
check failed
true = 204, adv = 728
evaluating 115 of [110, 120)
attack: step 1/10, xent loss = 6.62626, l2 loss = 0 (max 14.95), (true 982, predicted [879])
attack: step 2/10, xent loss = 8.63801, l2 loss = 4.92418 (max 14.95), (true 982, predicted [879])
attack: step 3/10, xent loss = 7.10856, l2 loss = 10.3434 (max 14.95), (true 982, predicted [879])
attack: step 4/10, xent loss = 6.797, l2 loss = 11.8342 (max 14.95), (true 982, predicted [915])
attack: step 5/10, xent loss = 9.75309, l2 loss = 12.8048 (max 14.95), (true 982, predicted [879])
attack: step 6/10, xent loss = 9.00844, l2 loss = 16.6549 (max 14.95), (true 982, predicted [879])
attack: step 7/10, xent loss = 8.30929, l2 loss = 17.3428 (max 14.95), (true 982, predicted [879])
attack: step 8/10, xent loss = 6.47333, l2 loss = 18.0762 (max 14.95), (true 982, predicted [879])
attack: step 9/10, xent loss = 8.81243, l2 loss = 18.7161 (max 14.95), (true 982, predicted [879])
attack: step 10/10, xent loss = 9.09858, l2 loss = 19.2073 (max 14.95), (true 982, predicted [879])
check failed
true = 982, adv = 879
evaluating 116 of [110, 120)
attack: step 1/10, xent loss = 0.0079288, l2 loss = 0 (max 14.95), (true 306, predicted [306])
attack: step 2/10, xent loss = 0.0057522, l2 loss = 0.0487876 (max 14.95), (true 306, predicted [306])
attack: step 3/10, xent loss = 0.00662085, l2 loss = 0.0605194 (max 14.95), (true 306, predicted [306])
attack: step 4/10, xent loss = 0.0252837, l2 loss = 0.0714061 (max 14.95), (true 306, predicted [306])
attack: step 5/10, xent loss = 0.0268357, l2 loss = 0.150999 (max 14.95), (true 306, predicted [306])
attack: step 6/10, xent loss = 0.00205841, l2 loss = 0.271678 (max 14.95), (true 306, predicted [306])
attack: step 7/10, xent loss = 0.00340632, l2 loss = 0.27206 (max 14.95), (true 306, predicted [306])
attack: step 8/10, xent loss = 0.0357493, l2 loss = 0.273068 (max 14.95), (true 306, predicted [306])
attack: step 9/10, xent loss = 0.00523387, l2 loss = 0.375188 (max 14.95), (true 306, predicted [306])
attack: step 10/10, xent loss = 0.00828815, l2 loss = 0.376464 (max 14.95), (true 306, predicted [306])
true = 306, adv = 306
evaluating 117 of [110, 120)
attack: step 1/10, xent loss = 8.11018, l2 loss = 0 (max 14.95), (true 373, predicted [797])
attack: step 2/10, xent loss = 8.27868, l2 loss = 3.38002 (max 14.95), (true 373, predicted [796])
attack: step 3/10, xent loss = 8.60051, l2 loss = 5.95735 (max 14.95), (true 373, predicted [601])
attack: step 4/10, xent loss = 8.40503, l2 loss = 7.01994 (max 14.95), (true 373, predicted [601])
attack: step 5/10, xent loss = 8.21769, l2 loss = 8.56419 (max 14.95), (true 373, predicted [797])
attack: step 6/10, xent loss = 9.50081, l2 loss = 9.41099 (max 14.95), (true 373, predicted [601])
attack: step 7/10, xent loss = 8.91438, l2 loss = 10.1693 (max 14.95), (true 373, predicted [797])
attack: step 8/10, xent loss = 9.47294, l2 loss = 10.6545 (max 14.95), (true 373, predicted [797])
attack: step 9/10, xent loss = 9.14673, l2 loss = 11.2495 (max 14.95), (true 373, predicted [601])
attack: step 10/10, xent loss = 9.78076, l2 loss = 11.7079 (max 14.95), (true 373, predicted [728])
true = 373, adv = 601
evaluating 118 of [110, 120)
attack: step 1/10, xent loss = 3.14995, l2 loss = 0 (max 14.95), (true 301, predicted [518])
attack: step 2/10, xent loss = 6.68599, l2 loss = 4.62188 (max 14.95), (true 301, predicted [664])
attack: step 3/10, xent loss = 7.15417, l2 loss = 5.86822 (max 14.95), (true 301, predicted [720])
attack: step 4/10, xent loss = 5.64572, l2 loss = 6.43311 (max 14.95), (true 301, predicted [782])
attack: step 5/10, xent loss = 6.22806, l2 loss = 7.9422 (max 14.95), (true 301, predicted [664])
attack: step 6/10, xent loss = 7.89517, l2 loss = 8.68142 (max 14.95), (true 301, predicted [797])
attack: step 7/10, xent loss = 6.10583, l2 loss = 9.35054 (max 14.95), (true 301, predicted [805])
attack: step 8/10, xent loss = 7.64357, l2 loss = 9.97946 (max 14.95), (true 301, predicted [837])
attack: step 9/10, xent loss = 8.29999, l2 loss = 10.3025 (max 14.95), (true 301, predicted [782])
attack: step 10/10, xent loss = 6.51605, l2 loss = 10.6331 (max 14.95), (true 301, predicted [607])
true = 301, adv = 760
evaluating 119 of [110, 120)
attack: step 1/10, xent loss = 3.84794, l2 loss = 0 (max 14.95), (true 588, predicted [728])
attack: step 2/10, xent loss = 2.55693, l2 loss = 6.86828 (max 14.95), (true 588, predicted [728])
attack: step 3/10, xent loss = 2.57781, l2 loss = 8.69769 (max 14.95), (true 588, predicted [728])
attack: step 4/10, xent loss = 2.92322, l2 loss = 10.2905 (max 14.95), (true 588, predicted [478])
attack: step 5/10, xent loss = 3.43559, l2 loss = 11.2121 (max 14.95), (true 588, predicted [478])
attack: step 6/10, xent loss = 3.72763, l2 loss = 12.2717 (max 14.95), (true 588, predicted [412])
attack: step 7/10, xent loss = 4.82974, l2 loss = 13.2753 (max 14.95), (true 588, predicted [619])
attack: step 8/10, xent loss = 7.60433, l2 loss = 15.0734 (max 14.95), (true 588, predicted [728])
attack: step 9/10, xent loss = 6.07831, l2 loss = 16.2852 (max 14.95), (true 588, predicted [728])
attack: step 10/10, xent loss = 8.8328, l2 loss = 17.3198 (max 14.95), (true 588, predicted [728])
check failed
true = 588, adv = 728
