2019-06-06 00:07:13.916380: I tensorflow/core/platform/cpu_feature_guard.cc:141] Your CPU supports instructions that this TensorFlow binary was not compiled to use: SSE4.1 SSE4.2 AVX AVX2 FMA
2019-06-06 00:07:14.509439: I tensorflow/core/platform/profile_utils/cpu_utils.cc:94] CPU Frequency: 2600040000 Hz
2019-06-06 00:07:14.522266: I tensorflow/compiler/xla/service/service.cc:150] XLA service 0x2aaae6ac0360 executing computations on platform Host. Devices:
2019-06-06 00:07:14.522304: I tensorflow/compiler/xla/service/service.cc:158]   StreamExecutor device (0): <undefined>, <undefined>
2019-06-06 00:07:14.523286: I tensorflow/core/common_runtime/process_util.cc:71] Creating new thread pool with default inter op setting: 2. Tune using inter_op_parallelism_threads for best performance.
evaluating 720 of [720, 730)
attack: step 1/10, xent loss = 5.38651, l2 loss = 0 (max 14.95), (true 72, predicted [692])
attack: step 2/10, xent loss = 5.77452, l2 loss = 2.54111 (max 14.95), (true 72, predicted [723])
attack: step 3/10, xent loss = 6.65819, l2 loss = 3.44069 (max 14.95), (true 72, predicted [645])
attack: step 4/10, xent loss = 5.75893, l2 loss = 4.00191 (max 14.95), (true 72, predicted [645])
attack: step 5/10, xent loss = 5.46088, l2 loss = 4.96498 (max 14.95), (true 72, predicted [723])
attack: step 6/10, xent loss = 6.2873, l2 loss = 5.47865 (max 14.95), (true 72, predicted [645])
attack: step 7/10, xent loss = 5.96323, l2 loss = 5.73586 (max 14.95), (true 72, predicted [723])
attack: step 8/10, xent loss = 6.24387, l2 loss = 6.54571 (max 14.95), (true 72, predicted [723])
attack: step 9/10, xent loss = 6.84523, l2 loss = 6.81852 (max 14.95), (true 72, predicted [645])
attack: step 10/10, xent loss = 6.11348, l2 loss = 7.62699 (max 14.95), (true 72, predicted [692])
true = 72, adv = 692
evaluating 721 of [720, 730)
attack: step 1/10, xent loss = 8.32303, l2 loss = 0 (max 14.95), (true 440, predicted [478])
attack: step 2/10, xent loss = 7.52261, l2 loss = 2.09033 (max 14.95), (true 440, predicted [863])
attack: step 3/10, xent loss = 8.28479, l2 loss = 2.76797 (max 14.95), (true 440, predicted [723])
attack: step 4/10, xent loss = 7.84184, l2 loss = 3.74221 (max 14.95), (true 440, predicted [557])
attack: step 5/10, xent loss = 7.82506, l2 loss = 4.35149 (max 14.95), (true 440, predicted [879])
attack: step 6/10, xent loss = 8.4387, l2 loss = 4.90007 (max 14.95), (true 440, predicted [842])
attack: step 7/10, xent loss = 7.9436, l2 loss = 5.9566 (max 14.95), (true 440, predicted [599])
attack: step 8/10, xent loss = 7.60194, l2 loss = 6.46981 (max 14.95), (true 440, predicted [842])
attack: step 9/10, xent loss = 7.8556, l2 loss = 6.95393 (max 14.95), (true 440, predicted [842])
attack: step 10/10, xent loss = 7.23041, l2 loss = 7.37334 (max 14.95), (true 440, predicted [692])
true = 440, adv = 692
evaluating 722 of [720, 730)
attack: step 1/10, xent loss = 8.91688, l2 loss = 0 (max 14.95), (true 712, predicted [645])
attack: step 2/10, xent loss = 8.3588, l2 loss = 2.57177 (max 14.95), (true 712, predicted [599])
attack: step 3/10, xent loss = 8.72138, l2 loss = 3.23396 (max 14.95), (true 712, predicted [645])
attack: step 4/10, xent loss = 8.66143, l2 loss = 3.68682 (max 14.95), (true 712, predicted [896])
attack: step 5/10, xent loss = 8.33331, l2 loss = 4.43467 (max 14.95), (true 712, predicted [868])
attack: step 6/10, xent loss = 8.69173, l2 loss = 4.79422 (max 14.95), (true 712, predicted [645])
attack: step 7/10, xent loss = 8.24398, l2 loss = 5.09145 (max 14.95), (true 712, predicted [645])
attack: step 8/10, xent loss = 8.30947, l2 loss = 5.32185 (max 14.95), (true 712, predicted [711])
attack: step 9/10, xent loss = 8.35106, l2 loss = 5.55915 (max 14.95), (true 712, predicted [646])
attack: step 10/10, xent loss = 8.5716, l2 loss = 5.81605 (max 14.95), (true 712, predicted [646])
true = 712, adv = 646
evaluating 723 of [720, 730)
attack: step 1/10, xent loss = 9.86321, l2 loss = 0 (max 14.95), (true 590, predicted [692])
attack: step 2/10, xent loss = 10.8438, l2 loss = 5.02964 (max 14.95), (true 590, predicted [692])
attack: step 3/10, xent loss = 9.30944, l2 loss = 6.67529 (max 14.95), (true 590, predicted [692])
attack: step 4/10, xent loss = 10.1259, l2 loss = 7.56831 (max 14.95), (true 590, predicted [549])
attack: step 5/10, xent loss = 9.34365, l2 loss = 8.9232 (max 14.95), (true 590, predicted [692])
attack: step 6/10, xent loss = 9.8657, l2 loss = 9.55369 (max 14.95), (true 590, predicted [692])
attack: step 7/10, xent loss = 8.32458, l2 loss = 10.2018 (max 14.95), (true 590, predicted [893])
attack: step 8/10, xent loss = 10.1209, l2 loss = 10.5436 (max 14.95), (true 590, predicted [549])
attack: step 9/10, xent loss = 10.0843, l2 loss = 11.1658 (max 14.95), (true 590, predicted [692])
attack: step 10/10, xent loss = 9.90587, l2 loss = 11.6749 (max 14.95), (true 590, predicted [692])
true = 590, adv = 692
evaluating 724 of [720, 730)
attack: step 1/10, xent loss = 1.52692, l2 loss = 0 (max 14.95), (true 574, predicted [574])
attack: step 2/10, xent loss = 6.20623, l2 loss = 5.67433 (max 14.95), (true 574, predicted [728])
attack: step 3/10, xent loss = 0.616809, l2 loss = 10.3469 (max 14.95), (true 574, predicted [574])
attack: step 4/10, xent loss = 2.84942, l2 loss = 10.7685 (max 14.95), (true 574, predicted [728])
attack: step 5/10, xent loss = 2.95583, l2 loss = 11.6769 (max 14.95), (true 574, predicted [728])
attack: step 6/10, xent loss = 2.70714, l2 loss = 13.3817 (max 14.95), (true 574, predicted [728])
attack: step 7/10, xent loss = 2.15788, l2 loss = 15.1585 (max 14.95), (true 574, predicted [728])
attack: step 8/10, xent loss = 1.72996, l2 loss = 16.1366 (max 14.95), (true 574, predicted [728])
attack: step 9/10, xent loss = 7.4879, l2 loss = 16.8038 (max 14.95), (true 574, predicted [728])
attack: step 10/10, xent loss = 5.96944, l2 loss = 17.7077 (max 14.95), (true 574, predicted [728])
check failed
true = 574, adv = 728
evaluating 725 of [720, 730)
attack: step 1/10, xent loss = 8.12931, l2 loss = 0 (max 14.95), (true 372, predicted [879])
attack: step 2/10, xent loss = 9.77464, l2 loss = 2.60778 (max 14.95), (true 372, predicted [728])
attack: step 3/10, xent loss = 9.3998, l2 loss = 5.26395 (max 14.95), (true 372, predicted [728])
attack: step 4/10, xent loss = 8.81838, l2 loss = 8.7966 (max 14.95), (true 372, predicted [728])
attack: step 5/10, xent loss = 9.53249, l2 loss = 9.31185 (max 14.95), (true 372, predicted [728])
attack: step 6/10, xent loss = 10.5097, l2 loss = 10.2737 (max 14.95), (true 372, predicted [728])
attack: step 7/10, xent loss = 9.58849, l2 loss = 12.1151 (max 14.95), (true 372, predicted [728])
attack: step 8/10, xent loss = 9.73124, l2 loss = 13.5869 (max 14.95), (true 372, predicted [728])
attack: step 9/10, xent loss = 9.54954, l2 loss = 14.944 (max 14.95), (true 372, predicted [728])
attack: step 10/10, xent loss = 11.7009, l2 loss = 15.7719 (max 14.95), (true 372, predicted [728])
check failed
true = 372, adv = 728
evaluating 726 of [720, 730)
attack: step 1/10, xent loss = 5.217, l2 loss = 0 (max 14.95), (true 835, predicted [908])
attack: step 2/10, xent loss = 7.66814, l2 loss = 5.89398 (max 14.95), (true 835, predicted [908])
attack: step 3/10, xent loss = 7.13559, l2 loss = 7.30168 (max 14.95), (true 835, predicted [672])
attack: step 4/10, xent loss = 7.25637, l2 loss = 8.06438 (max 14.95), (true 835, predicted [744])
attack: step 5/10, xent loss = 6.62645, l2 loss = 8.72825 (max 14.95), (true 835, predicted [818])
attack: step 6/10, xent loss = 6.7808, l2 loss = 9.58076 (max 14.95), (true 835, predicted [818])
attack: step 7/10, xent loss = 7.91092, l2 loss = 10.1327 (max 14.95), (true 835, predicted [818])
attack: step 8/10, xent loss = 7.64057, l2 loss = 10.8004 (max 14.95), (true 835, predicted [818])
attack: step 9/10, xent loss = 6.92463, l2 loss = 11.2971 (max 14.95), (true 835, predicted [818])
attack: step 10/10, xent loss = 6.50211, l2 loss = 12.0028 (max 14.95), (true 835, predicted [818])
true = 835, adv = 818
evaluating 727 of [720, 730)
attack: step 1/10, xent loss = 0.0071787, l2 loss = 0 (max 14.95), (true 21, predicted [21])
attack: step 2/10, xent loss = 0.162153, l2 loss = 0.0340202 (max 14.95), (true 21, predicted [21])
attack: step 3/10, xent loss = 0.111654, l2 loss = 0.682644 (max 14.95), (true 21, predicted [21])
attack: step 4/10, xent loss = 0.108851, l2 loss = 0.90783 (max 14.95), (true 21, predicted [21])
attack: step 5/10, xent loss = 0.0572512, l2 loss = 1.14148 (max 14.95), (true 21, predicted [21])
attack: step 6/10, xent loss = 0.0727161, l2 loss = 1.18505 (max 14.95), (true 21, predicted [21])
attack: step 7/10, xent loss = 0.0530352, l2 loss = 1.23189 (max 14.95), (true 21, predicted [21])
attack: step 8/10, xent loss = 0.113308, l2 loss = 1.2559 (max 14.95), (true 21, predicted [21])
attack: step 9/10, xent loss = 0.197616, l2 loss = 1.40601 (max 14.95), (true 21, predicted [21])
attack: step 10/10, xent loss = 0.150013, l2 loss = 1.76307 (max 14.95), (true 21, predicted [21])
true = 21, adv = 21
evaluating 728 of [720, 730)
attack: step 1/10, xent loss = 9.37207, l2 loss = 0 (max 14.95), (true 337, predicted [728])
attack: step 2/10, xent loss = 7.08165, l2 loss = 6.92292 (max 14.95), (true 337, predicted [728])
attack: step 3/10, xent loss = 10.5487, l2 loss = 9.52784 (max 14.95), (true 337, predicted [728])
attack: step 4/10, xent loss = 8.87203, l2 loss = 13.4833 (max 14.95), (true 337, predicted [728])
attack: step 5/10, xent loss = 10.3819, l2 loss = 14.2708 (max 14.95), (true 337, predicted [728])
attack: step 6/10, xent loss = 10.8647, l2 loss = 17.6474 (max 14.95), (true 337, predicted [728])
attack: step 7/10, xent loss = 10.0458, l2 loss = 20.5744 (max 14.95), (true 337, predicted [728])
attack: step 8/10, xent loss = 12.3436, l2 loss = 23.1006 (max 14.95), (true 337, predicted [728])
attack: step 9/10, xent loss = 10.8148, l2 loss = 25.4939 (max 14.95), (true 337, predicted [728])
attack: step 10/10, xent loss = 10.6517, l2 loss = 27.2459 (max 14.95), (true 337, predicted [728])
check failed
true = 337, adv = 728
evaluating 729 of [720, 730)
attack: step 1/10, xent loss = 8.73067, l2 loss = 0 (max 14.95), (true 146, predicted [723])
attack: step 2/10, xent loss = 7.9678, l2 loss = 3.02139 (max 14.95), (true 146, predicted [723])
attack: step 3/10, xent loss = 8.20501, l2 loss = 3.88344 (max 14.95), (true 146, predicted [723])
attack: step 4/10, xent loss = 7.59131, l2 loss = 4.73999 (max 14.95), (true 146, predicted [723])
attack: step 5/10, xent loss = 9.03261, l2 loss = 5.58952 (max 14.95), (true 146, predicted [723])
attack: step 6/10, xent loss = 7.89152, l2 loss = 6.482 (max 14.95), (true 146, predicted [723])
attack: step 7/10, xent loss = 9.07864, l2 loss = 6.91217 (max 14.95), (true 146, predicted [723])
attack: step 8/10, xent loss = 10.2916, l2 loss = 7.95629 (max 14.95), (true 146, predicted [723])
attack: step 9/10, xent loss = 8.6349, l2 loss = 8.92951 (max 14.95), (true 146, predicted [723])
attack: step 10/10, xent loss = 10.0611, l2 loss = 9.45349 (max 14.95), (true 146, predicted [723])
true = 146, adv = 723
