2019-10-26 23:07:59.109014: I tensorflow/core/platform/cpu_feature_guard.cc:141] Your CPU supports instructions that this TensorFlow binary was not compiled to use: SSE4.1 SSE4.2 AVX AVX2 FMA
2019-10-26 23:07:59.116734: I tensorflow/core/platform/profile_utils/cpu_utils.cc:94] CPU Frequency: 2599725000 Hz
2019-10-26 23:07:59.116899: I tensorflow/compiler/xla/service/service.cc:150] XLA service 0x55555902f310 executing computations on platform Host. Devices:
2019-10-26 23:07:59.116921: I tensorflow/compiler/xla/service/service.cc:158]   StreamExecutor device (0): <undefined>, <undefined>
2019-10-26 23:07:59.117153: I tensorflow/core/common_runtime/process_util.cc:71] Creating new thread pool with default inter op setting: 2. Tune using inter_op_parallelism_threads for best performance.
evaluating 90 of [90, 100)
attack: step 1/10, xent loss = 6.81003, l2 loss = 15.9629 (max 14.95), (true 466, predicted [780])
unbound attack returning early
check failed
true = 466, adv = 780
evaluating 91 of [90, 100)
attack: step 1/10, xent loss = 22.631, l2 loss = 31.5818 (max 14.95), (true 213, predicted [728])
unbound attack returning early
check failed
true = 213, adv = 728
evaluating 92 of [90, 100)
attack: step 1/10, xent loss = 8.15361, l2 loss = 20.3395 (max 14.95), (true 197, predicted [205])
unbound attack returning early
check failed
true = 197, adv = 205
evaluating 93 of [90, 100)
attack: step 1/10, xent loss = 10.3808, l2 loss = 23.486 (max 14.95), (true 169, predicted [728])
unbound attack returning early
check failed
true = 169, adv = 728
evaluating 94 of [90, 100)
attack: step 1/10, xent loss = 26.4461, l2 loss = 41.3388 (max 14.95), (true 446, predicted [692])
unbound attack returning early
check failed
true = 446, adv = 692
evaluating 95 of [90, 100)
attack: step 1/10, xent loss = 22.1643, l2 loss = 31.3565 (max 14.95), (true 857, predicted [728])
unbound attack returning early
check failed
true = 857, adv = 728
evaluating 96 of [90, 100)
attack: step 1/10, xent loss = 16.6067, l2 loss = 27.8764 (max 14.95), (true 380, predicted [728])
unbound attack returning early
check failed
true = 380, adv = 728
evaluating 97 of [90, 100)
attack: step 1/10, xent loss = 0.0830618, l2 loss = 2.27958 (max 14.95), (true 586, predicted [586])
attack: step 2/10, xent loss = 0.154467, l2 loss = 2.2973 (max 14.95), (true 586, predicted [586])
attack: step 3/10, xent loss = 0.201232, l2 loss = 2.36422 (max 14.95), (true 586, predicted [586])
attack: step 4/10, xent loss = 0.3618, l2 loss = 2.47045 (max 14.95), (true 586, predicted [586])
attack: step 5/10, xent loss = 0.409493, l2 loss = 2.8473 (max 14.95), (true 586, predicted [586])
attack: step 6/10, xent loss = 0.203052, l2 loss = 3.09521 (max 14.95), (true 586, predicted [586])
attack: step 7/10, xent loss = 0.258113, l2 loss = 3.16895 (max 14.95), (true 586, predicted [586])
attack: step 8/10, xent loss = 0.102313, l2 loss = 3.31751 (max 14.95), (true 586, predicted [586])
attack: step 9/10, xent loss = 0.177167, l2 loss = 3.34778 (max 14.95), (true 586, predicted [586])
attack: step 10/10, xent loss = 0.243919, l2 loss = 3.45241 (max 14.95), (true 586, predicted [586])
true = 586, adv = 586
evaluating 98 of [90, 100)
attack: step 1/10, xent loss = 8.51039, l2 loss = 17.9361 (max 14.95), (true 797, predicted [557])
unbound attack returning early
check failed
true = 797, adv = 557
evaluating 99 of [90, 100)
attack: step 1/10, xent loss = 4.39891, l2 loss = 13.7727 (max 14.95), (true 985, predicted [842])
returning early
true = 985, adv = 478
