2019-11-04 08:50:59.510044: I tensorflow/core/platform/cpu_feature_guard.cc:141] Your CPU supports instructions that this TensorFlow binary was not compiled to use: SSE4.1 SSE4.2 AVX AVX2 FMA
2019-11-04 08:51:00.578661: I tensorflow/core/platform/profile_utils/cpu_utils.cc:94] CPU Frequency: 2599965000 Hz
2019-11-04 08:51:00.581461: I tensorflow/compiler/xla/service/service.cc:150] XLA service 0x555559030a00 executing computations on platform Host. Devices:
2019-11-04 08:51:00.581590: I tensorflow/compiler/xla/service/service.cc:158]   StreamExecutor device (0): <undefined>, <undefined>
2019-11-04 08:51:00.584426: I tensorflow/core/common_runtime/process_util.cc:71] Creating new thread pool with default inter op setting: 2. Tune using inter_op_parallelism_threads for best performance.
evaluating 70 of [70, 80)
attack: step 1/1, xent loss = 5.13476, l2 loss = 27.0562 (max 14.95), (true 63, predicted [60])
check failed
true = 63, adv = 62
evaluating 71 of [70, 80)
attack: step 1/1, xent loss = 0.000434543, l2 loss = 0.0513093 (max 14.95), (true 761, predicted [761])
true = 761, adv = 761
evaluating 72 of [70, 80)
attack: step 1/1, xent loss = 1.397, l2 loss = 31.4433 (max 14.95), (true 37, predicted [35])
check failed
true = 37, adv = 728
evaluating 73 of [70, 80)
attack: step 1/1, xent loss = 8.05186, l2 loss = 30.2075 (max 14.95), (true 799, predicted [434])
check failed
true = 799, adv = 434
evaluating 74 of [70, 80)
attack: step 1/1, xent loss = 3.56989, l2 loss = 6.79475 (max 14.95), (true 74, predicted [72])
true = 74, adv = 72
evaluating 75 of [70, 80)
attack: step 1/1, xent loss = 16.335, l2 loss = 20.7093 (max 14.95), (true 432, predicted [456])
check failed
true = 432, adv = 456
evaluating 76 of [70, 80)
attack: step 1/1, xent loss = 5.0642, l2 loss = 24.3882 (max 14.95), (true 193, predicted [182])
check failed
true = 193, adv = 552
evaluating 77 of [70, 80)
attack: step 1/1, xent loss = 15.3458, l2 loss = 36.8066 (max 14.95), (true 929, predicted [728])
check failed
true = 929, adv = 728
evaluating 78 of [70, 80)
attack: step 1/1, xent loss = 7.46266, l2 loss = 34.497 (max 14.95), (true 546, predicted [122])
check failed
true = 546, adv = 830
evaluating 79 of [70, 80)
attack: step 1/1, xent loss = 10.2825, l2 loss = 32.1327 (max 14.95), (true 689, predicted [728])
check failed
true = 689, adv = 728
