2019-05-27 13:33:33.079176: I tensorflow/core/platform/cpu_feature_guard.cc:141] Your CPU supports instructions that this TensorFlow binary was not compiled to use: SSE4.1 SSE4.2 AVX AVX2 FMA
2019-05-27 13:33:33.408657: I tensorflow/core/platform/profile_utils/cpu_utils.cc:94] CPU Frequency: 2599985000 Hz
2019-05-27 13:33:33.410776: I tensorflow/compiler/xla/service/service.cc:150] XLA service 0x2aaae6e49530 executing computations on platform Host. Devices:
2019-05-27 13:33:33.410834: I tensorflow/compiler/xla/service/service.cc:158]   StreamExecutor device (0): <undefined>, <undefined>
2019-05-27 13:33:33.415444: I tensorflow/core/common_runtime/process_util.cc:71] Creating new thread pool with default inter op setting: 2. Tune using inter_op_parallelism_threads for best performance.
evaluating 460 of [460, 470)
attack: step 1/10, xent loss = 0.161754, l2 loss = 0 (max 14.95), (true 663, predicted [663])
attack: step 2/10, xent loss = 0.68905, l2 loss = 0.413058 (max 14.95), (true 663, predicted [663])
attack: step 3/10, xent loss = 1.24251, l2 loss = 1.90247 (max 14.95), (true 663, predicted [442])
attack: step 4/10, xent loss = 1.06617, l2 loss = 3.17644 (max 14.95), (true 663, predicted [663])
attack: step 5/10, xent loss = 0.960181, l2 loss = 3.9838 (max 14.95), (true 663, predicted [663])
attack: step 6/10, xent loss = 1.04973, l2 loss = 4.52908 (max 14.95), (true 663, predicted [663])
attack: step 7/10, xent loss = 0.29273, l2 loss = 5.1306 (max 14.95), (true 663, predicted [663])
attack: step 8/10, xent loss = 1.54642, l2 loss = 5.2149 (max 14.95), (true 663, predicted [442])
attack: step 9/10, xent loss = 1.30736, l2 loss = 6.15264 (max 14.95), (true 663, predicted [442])
attack: step 10/10, xent loss = 2.13901, l2 loss = 6.9968 (max 14.95), (true 663, predicted [442])
true = 663, adv = 442
evaluating 461 of [460, 470)
attack: step 1/10, xent loss = 0.430585, l2 loss = 0 (max 14.95), (true 769, predicted [769])
attack: step 2/10, xent loss = 2.04343, l2 loss = 2.35104 (max 14.95), (true 769, predicted [549])
attack: step 3/10, xent loss = 6.71769, l2 loss = 7.90352 (max 14.95), (true 769, predicted [549])
attack: step 4/10, xent loss = 8.68319, l2 loss = 9.60162 (max 14.95), (true 769, predicted [549])
attack: step 5/10, xent loss = 10.8805, l2 loss = 11.9929 (max 14.95), (true 769, predicted [549])
attack: step 6/10, xent loss = 12.3556, l2 loss = 13.2905 (max 14.95), (true 769, predicted [549])
attack: step 7/10, xent loss = 15.016, l2 loss = 14.3102 (max 14.95), (true 769, predicted [549])
attack: step 8/10, xent loss = 14.9423, l2 loss = 15.2557 (max 14.95), (true 769, predicted [549])
attack: step 9/10, xent loss = 16.7868, l2 loss = 16.106 (max 14.95), (true 769, predicted [549])
attack: step 10/10, xent loss = 15.9388, l2 loss = 16.7015 (max 14.95), (true 769, predicted [549])
check failed
true = 769, adv = 549
evaluating 462 of [460, 470)
attack: step 1/10, xent loss = 6.81459, l2 loss = 0 (max 14.95), (true 226, predicted [224])
attack: step 2/10, xent loss = 10.0064, l2 loss = 4.34154 (max 14.95), (true 226, predicted [224])
attack: step 3/10, xent loss = 9.6181, l2 loss = 6.0635 (max 14.95), (true 226, predicted [224])
attack: step 4/10, xent loss = 10.7804, l2 loss = 7.32746 (max 14.95), (true 226, predicted [224])
attack: step 5/10, xent loss = 11.2005, l2 loss = 9.9473 (max 14.95), (true 226, predicted [224])
attack: step 6/10, xent loss = 11.9166, l2 loss = 10.5234 (max 14.95), (true 226, predicted [224])
attack: step 7/10, xent loss = 12.8677, l2 loss = 11.3325 (max 14.95), (true 226, predicted [224])
attack: step 8/10, xent loss = 14.4721, l2 loss = 12.1197 (max 14.95), (true 226, predicted [224])
attack: step 9/10, xent loss = 11.763, l2 loss = 13.1185 (max 14.95), (true 226, predicted [224])
attack: step 10/10, xent loss = 15.1676, l2 loss = 14.3111 (max 14.95), (true 226, predicted [224])
check failed
true = 226, adv = 224
evaluating 463 of [460, 470)
attack: step 1/10, xent loss = 0.610653, l2 loss = 0 (max 14.95), (true 678, predicted [678])
attack: step 2/10, xent loss = 6.42148, l2 loss = 5.40001 (max 14.95), (true 678, predicted [419])
attack: step 3/10, xent loss = 10.0844, l2 loss = 8.5418 (max 14.95), (true 678, predicted [419])
attack: step 4/10, xent loss = 8.69968, l2 loss = 12.2574 (max 14.95), (true 678, predicted [419])
attack: step 5/10, xent loss = 12.188, l2 loss = 14.4654 (max 14.95), (true 678, predicted [419])
attack: step 6/10, xent loss = 16.2513, l2 loss = 17.0284 (max 14.95), (true 678, predicted [419])
attack: step 7/10, xent loss = 12.8164, l2 loss = 18.4774 (max 14.95), (true 678, predicted [419])
attack: step 8/10, xent loss = 16.6313, l2 loss = 20.6765 (max 14.95), (true 678, predicted [419])
attack: step 9/10, xent loss = 16.938, l2 loss = 21.7827 (max 14.95), (true 678, predicted [419])
attack: step 10/10, xent loss = 21.3657, l2 loss = 22.9512 (max 14.95), (true 678, predicted [419])
check failed
true = 678, adv = 419
evaluating 464 of [460, 470)
attack: step 1/10, xent loss = 3.60795, l2 loss = 0 (max 14.95), (true 814, predicted [576])
attack: step 2/10, xent loss = 1.54467, l2 loss = 5.37935 (max 14.95), (true 814, predicted [576])
attack: step 3/10, xent loss = 3.79827, l2 loss = 6.73175 (max 14.95), (true 814, predicted [576])
attack: step 4/10, xent loss = 6.77014, l2 loss = 8.60071 (max 14.95), (true 814, predicted [576])
attack: step 5/10, xent loss = 7.21456, l2 loss = 10.525 (max 14.95), (true 814, predicted [576])
attack: step 6/10, xent loss = 11.8159, l2 loss = 11.5757 (max 14.95), (true 814, predicted [576])
attack: step 7/10, xent loss = 12.069, l2 loss = 12.9308 (max 14.95), (true 814, predicted [576])
attack: step 8/10, xent loss = 11.8737, l2 loss = 14.6812 (max 14.95), (true 814, predicted [576])
attack: step 9/10, xent loss = 13.7769, l2 loss = 15.761 (max 14.95), (true 814, predicted [576])
attack: step 10/10, xent loss = 16.7153, l2 loss = 16.6328 (max 14.95), (true 814, predicted [576])
check failed
true = 814, adv = 576
evaluating 465 of [460, 470)
attack: step 1/10, xent loss = 0.807145, l2 loss = 0 (max 14.95), (true 994, predicted [994])
attack: step 2/10, xent loss = 1.47235, l2 loss = 5.95954 (max 14.95), (true 994, predicted [728])
attack: step 3/10, xent loss = 8.12597, l2 loss = 10.1074 (max 14.95), (true 994, predicted [728])
attack: step 4/10, xent loss = 11.8479, l2 loss = 11.9346 (max 14.95), (true 994, predicted [728])
attack: step 5/10, xent loss = 12.1905, l2 loss = 13.03 (max 14.95), (true 994, predicted [728])
attack: step 6/10, xent loss = 13.949, l2 loss = 14.2053 (max 14.95), (true 994, predicted [728])
attack: step 7/10, xent loss = 16.3667, l2 loss = 15.4453 (max 14.95), (true 994, predicted [728])
attack: step 8/10, xent loss = 15.7065, l2 loss = 16.579 (max 14.95), (true 994, predicted [728])
attack: step 9/10, xent loss = 17.5058, l2 loss = 17.6096 (max 14.95), (true 994, predicted [728])
attack: step 10/10, xent loss = 18.9114, l2 loss = 18.6883 (max 14.95), (true 994, predicted [728])
check failed
true = 994, adv = 728
evaluating 466 of [460, 470)
attack: step 1/10, xent loss = 7.55243, l2 loss = 0 (max 14.95), (true 499, predicted [637])
attack: step 2/10, xent loss = 9.36735, l2 loss = 14.3928 (max 14.95), (true 499, predicted [637])
attack: step 3/10, xent loss = 10.7672, l2 loss = 15.099 (max 14.95), (true 499, predicted [728])
attack: step 4/10, xent loss = 11.9524, l2 loss = 16.24 (max 14.95), (true 499, predicted [728])
attack: step 5/10, xent loss = 13.383, l2 loss = 17.9081 (max 14.95), (true 499, predicted [728])
attack: step 6/10, xent loss = 18.7067, l2 loss = 20.1148 (max 14.95), (true 499, predicted [728])
attack: step 7/10, xent loss = 19.5587, l2 loss = 22.1304 (max 14.95), (true 499, predicted [728])
attack: step 8/10, xent loss = 22.7001, l2 loss = 23.8191 (max 14.95), (true 499, predicted [728])
attack: step 9/10, xent loss = 20.6098, l2 loss = 25.2194 (max 14.95), (true 499, predicted [728])
attack: step 10/10, xent loss = 26.5603, l2 loss = 26.9441 (max 14.95), (true 499, predicted [728])
check failed
true = 499, adv = 728
evaluating 467 of [460, 470)
attack: step 1/10, xent loss = 5.98181, l2 loss = 0 (max 14.95), (true 908, predicted [879])
attack: step 2/10, xent loss = 7.69372, l2 loss = 4.66687 (max 14.95), (true 908, predicted [879])
attack: step 3/10, xent loss = 9.35271, l2 loss = 8.46295 (max 14.95), (true 908, predicted [728])
attack: step 4/10, xent loss = 9.75041, l2 loss = 9.53014 (max 14.95), (true 908, predicted [728])
attack: step 5/10, xent loss = 10.6734, l2 loss = 10.7138 (max 14.95), (true 908, predicted [728])
attack: step 6/10, xent loss = 10.8143, l2 loss = 11.4408 (max 14.95), (true 908, predicted [728])
attack: step 7/10, xent loss = 13.1256, l2 loss = 12.0952 (max 14.95), (true 908, predicted [728])
attack: step 8/10, xent loss = 10.93, l2 loss = 13.8705 (max 14.95), (true 908, predicted [728])
attack: step 9/10, xent loss = 11.639, l2 loss = 14.9982 (max 14.95), (true 908, predicted [728])
attack: step 10/10, xent loss = 14.6524, l2 loss = 15.6329 (max 14.95), (true 908, predicted [728])
check failed
true = 908, adv = 728
evaluating 468 of [460, 470)
attack: step 1/10, xent loss = 6.82831, l2 loss = 0 (max 14.95), (true 191, predicted [728])
attack: step 2/10, xent loss = 10.0314, l2 loss = 13.3726 (max 14.95), (true 191, predicted [728])
attack: step 3/10, xent loss = 11.9084, l2 loss = 14.6281 (max 14.95), (true 191, predicted [728])
attack: step 4/10, xent loss = 17.3909, l2 loss = 16.4717 (max 14.95), (true 191, predicted [728])
attack: step 5/10, xent loss = 21.2656, l2 loss = 18.4072 (max 14.95), (true 191, predicted [728])
attack: step 6/10, xent loss = 22.2755, l2 loss = 20.6424 (max 14.95), (true 191, predicted [728])
attack: step 7/10, xent loss = 26.1446, l2 loss = 22.2125 (max 14.95), (true 191, predicted [728])
attack: step 8/10, xent loss = 26.9924, l2 loss = 23.5942 (max 14.95), (true 191, predicted [728])
attack: step 9/10, xent loss = 27.6453, l2 loss = 25.5042 (max 14.95), (true 191, predicted [728])
attack: step 10/10, xent loss = 31.0987, l2 loss = 27.0108 (max 14.95), (true 191, predicted [728])
check failed
true = 191, adv = 728
evaluating 469 of [460, 470)
attack: step 1/10, xent loss = 0.0169281, l2 loss = 0 (max 14.95), (true 429, predicted [429])
attack: step 2/10, xent loss = 0.0143812, l2 loss = 0.0283869 (max 14.95), (true 429, predicted [429])
attack: step 3/10, xent loss = 0.00924627, l2 loss = 0.038334 (max 14.95), (true 429, predicted [429])
attack: step 4/10, xent loss = 0.0517854, l2 loss = 0.0424844 (max 14.95), (true 429, predicted [429])
attack: step 5/10, xent loss = 0.0132035, l2 loss = 0.101334 (max 14.95), (true 429, predicted [429])
attack: step 6/10, xent loss = 0.0145093, l2 loss = 0.106191 (max 14.95), (true 429, predicted [429])
attack: step 7/10, xent loss = 0.0137959, l2 loss = 0.11042 (max 14.95), (true 429, predicted [429])
attack: step 8/10, xent loss = 0.0273241, l2 loss = 0.114577 (max 14.95), (true 429, predicted [429])
attack: step 9/10, xent loss = 0.0158031, l2 loss = 0.129639 (max 14.95), (true 429, predicted [429])
attack: step 10/10, xent loss = 0.0193135, l2 loss = 0.135208 (max 14.95), (true 429, predicted [429])
true = 429, adv = 429
