2019-05-26 13:04:16.606862: I tensorflow/core/platform/cpu_feature_guard.cc:141] Your CPU supports instructions that this TensorFlow binary was not compiled to use: SSE4.1 SSE4.2 AVX AVX2 FMA
2019-05-26 13:04:16.926660: I tensorflow/core/platform/profile_utils/cpu_utils.cc:94] CPU Frequency: 2600035000 Hz
2019-05-26 13:04:16.927493: I tensorflow/compiler/xla/service/service.cc:150] XLA service 0x2aaae70bcad0 executing computations on platform Host. Devices:
2019-05-26 13:04:16.927655: I tensorflow/compiler/xla/service/service.cc:158]   StreamExecutor device (0): <undefined>, <undefined>
2019-05-26 13:04:16.929600: I tensorflow/core/common_runtime/process_util.cc:71] Creating new thread pool with default inter op setting: 2. Tune using inter_op_parallelism_threads for best performance.
evaluating 630 of [630, 640)
attack: step 1/10, xent loss = 1.18473, l2 loss = 0 (max 14.95), (true 733, predicted [733])
attack: step 2/10, xent loss = 4.84559, l2 loss = 4.31493 (max 14.95), (true 733, predicted [970])
attack: step 3/10, xent loss = 5.39203, l2 loss = 8.50341 (max 14.95), (true 733, predicted [970])
attack: step 4/10, xent loss = 5.90339, l2 loss = 10.285 (max 14.95), (true 733, predicted [970])
attack: step 5/10, xent loss = 8.31079, l2 loss = 11.315 (max 14.95), (true 733, predicted [970])
attack: step 6/10, xent loss = 9.31027, l2 loss = 12.6496 (max 14.95), (true 733, predicted [970])
attack: step 7/10, xent loss = 10.6631, l2 loss = 14.6804 (max 14.95), (true 733, predicted [970])
attack: step 8/10, xent loss = 11.482, l2 loss = 16.2562 (max 14.95), (true 733, predicted [970])
attack: step 9/10, xent loss = 12.989, l2 loss = 18.1198 (max 14.95), (true 733, predicted [970])
attack: step 10/10, xent loss = 14.3881, l2 loss = 19.3299 (max 14.95), (true 733, predicted [970])
check failed
true = 733, adv = 970
evaluating 631 of [630, 640)
attack: step 1/10, xent loss = 2.27354, l2 loss = 0 (max 14.95), (true 206, predicted [205])
attack: step 2/10, xent loss = 3.41581, l2 loss = 3.70097 (max 14.95), (true 206, predicted [205])
attack: step 3/10, xent loss = 3.19839, l2 loss = 5.17746 (max 14.95), (true 206, predicted [205])
attack: step 4/10, xent loss = 7.79721, l2 loss = 6.44662 (max 14.95), (true 206, predicted [199])
attack: step 5/10, xent loss = 6.49061, l2 loss = 7.7461 (max 14.95), (true 206, predicted [179])
attack: step 6/10, xent loss = 7.4956, l2 loss = 8.89674 (max 14.95), (true 206, predicted [179])
attack: step 7/10, xent loss = 9.69255, l2 loss = 9.74475 (max 14.95), (true 206, predicted [262])
attack: step 8/10, xent loss = 9.03999, l2 loss = 10.3706 (max 14.95), (true 206, predicted [179])
attack: step 9/10, xent loss = 10.2648, l2 loss = 11.0375 (max 14.95), (true 206, predicted [199])
attack: step 10/10, xent loss = 10.5429, l2 loss = 11.6283 (max 14.95), (true 206, predicted [179])
true = 206, adv = 199
evaluating 632 of [630, 640)
attack: step 1/10, xent loss = 1.08917, l2 loss = 0 (max 14.95), (true 405, predicted [701])
attack: step 2/10, xent loss = 6.06377, l2 loss = 14.2494 (max 14.95), (true 405, predicted [433])
attack: step 3/10, xent loss = 9.3059, l2 loss = 18.0187 (max 14.95), (true 405, predicted [310])
attack: step 4/10, xent loss = 12.5888, l2 loss = 18.5923 (max 14.95), (true 405, predicted [310])
attack: step 5/10, xent loss = 15.5379, l2 loss = 21.192 (max 14.95), (true 405, predicted [310])
attack: step 6/10, xent loss = 16.4755, l2 loss = 22.5993 (max 14.95), (true 405, predicted [310])
attack: step 7/10, xent loss = 13.8605, l2 loss = 26.4174 (max 14.95), (true 405, predicted [310])
attack: step 8/10, xent loss = 17.6617, l2 loss = 27.7006 (max 14.95), (true 405, predicted [310])
attack: step 9/10, xent loss = 17.3816, l2 loss = 29.3138 (max 14.95), (true 405, predicted [310])
attack: step 10/10, xent loss = 23.1267, l2 loss = 30.2491 (max 14.95), (true 405, predicted [310])
check failed
true = 405, adv = 310
evaluating 633 of [630, 640)
attack: step 1/10, xent loss = 3.54411, l2 loss = 0 (max 14.95), (true 566, predicted [576])
attack: step 2/10, xent loss = 4.92365, l2 loss = 6.52604 (max 14.95), (true 566, predicted [399])
attack: step 3/10, xent loss = 7.32244, l2 loss = 9.96773 (max 14.95), (true 566, predicted [971])
attack: step 4/10, xent loss = 7.51289, l2 loss = 10.2145 (max 14.95), (true 566, predicted [971])
attack: step 5/10, xent loss = 7.84651, l2 loss = 10.5366 (max 14.95), (true 566, predicted [689])
attack: step 6/10, xent loss = 8.08191, l2 loss = 10.8521 (max 14.95), (true 566, predicted [971])
attack: step 7/10, xent loss = 8.4984, l2 loss = 11.2311 (max 14.95), (true 566, predicted [399])
attack: step 8/10, xent loss = 8.83481, l2 loss = 11.5745 (max 14.95), (true 566, predicted [689])
attack: step 9/10, xent loss = 9.24981, l2 loss = 11.9143 (max 14.95), (true 566, predicted [794])
attack: step 10/10, xent loss = 8.36119, l2 loss = 12.1314 (max 14.95), (true 566, predicted [399])
true = 566, adv = 643
evaluating 634 of [630, 640)
attack: step 1/10, xent loss = 0.713557, l2 loss = 0 (max 14.95), (true 773, predicted [773])
attack: step 2/10, xent loss = 4.85941, l2 loss = 4.33001 (max 14.95), (true 773, predicted [899])
attack: step 3/10, xent loss = 7.50059, l2 loss = 9.04379 (max 14.95), (true 773, predicted [725])
attack: step 4/10, xent loss = 9.60746, l2 loss = 10.5889 (max 14.95), (true 773, predicted [725])
attack: step 5/10, xent loss = 10.1546, l2 loss = 11.727 (max 14.95), (true 773, predicted [725])
attack: step 6/10, xent loss = 10.643, l2 loss = 12.9007 (max 14.95), (true 773, predicted [725])
attack: step 7/10, xent loss = 12.0201, l2 loss = 13.8769 (max 14.95), (true 773, predicted [899])
attack: step 8/10, xent loss = 13.2741, l2 loss = 15.4911 (max 14.95), (true 773, predicted [725])
attack: step 9/10, xent loss = 12.7207, l2 loss = 16.3085 (max 14.95), (true 773, predicted [725])
attack: step 10/10, xent loss = 15.4931, l2 loss = 17.5548 (max 14.95), (true 773, predicted [725])
check failed
true = 773, adv = 725
evaluating 635 of [630, 640)
attack: step 1/10, xent loss = 0.4144, l2 loss = 0 (max 14.95), (true 710, predicted [710])
attack: step 2/10, xent loss = 0.331489, l2 loss = 1.44959 (max 14.95), (true 710, predicted [710])
attack: step 3/10, xent loss = 1.34742, l2 loss = 2.10219 (max 14.95), (true 710, predicted [767])
attack: step 4/10, xent loss = 1.49196, l2 loss = 4.10864 (max 14.95), (true 710, predicted [710])
attack: step 5/10, xent loss = 2.85972, l2 loss = 5.20395 (max 14.95), (true 710, predicted [767])
attack: step 6/10, xent loss = 3.96922, l2 loss = 6.79774 (max 14.95), (true 710, predicted [767])
attack: step 7/10, xent loss = 3.388, l2 loss = 7.7638 (max 14.95), (true 710, predicted [767])
attack: step 8/10, xent loss = 5.47053, l2 loss = 8.44241 (max 14.95), (true 710, predicted [476])
attack: step 9/10, xent loss = 4.72246, l2 loss = 8.80957 (max 14.95), (true 710, predicted [767])
attack: step 10/10, xent loss = 3.5715, l2 loss = 9.30688 (max 14.95), (true 710, predicted [767])
true = 710, adv = 767
evaluating 636 of [630, 640)
attack: step 1/10, xent loss = 7.07698, l2 loss = 0 (max 14.95), (true 186, predicted [203])
attack: step 2/10, xent loss = 7.2523, l2 loss = 3.66098 (max 14.95), (true 186, predicted [203])
attack: step 3/10, xent loss = 9.06595, l2 loss = 5.16186 (max 14.95), (true 186, predicted [203])
attack: step 4/10, xent loss = 11.5109, l2 loss = 6.66108 (max 14.95), (true 186, predicted [552])
attack: step 5/10, xent loss = 14.5351, l2 loss = 8.85622 (max 14.95), (true 186, predicted [552])
attack: step 6/10, xent loss = 16.9515, l2 loss = 15.0388 (max 14.95), (true 186, predicted [552])
attack: step 7/10, xent loss = 20.3882, l2 loss = 16.7454 (max 14.95), (true 186, predicted [552])
attack: step 8/10, xent loss = 17.6534, l2 loss = 19.3855 (max 14.95), (true 186, predicted [552])
attack: step 9/10, xent loss = 19.5112, l2 loss = 23.0675 (max 14.95), (true 186, predicted [552])
attack: step 10/10, xent loss = 20.7318, l2 loss = 24.4454 (max 14.95), (true 186, predicted [552])
check failed
true = 186, adv = 552
evaluating 637 of [630, 640)
attack: step 1/10, xent loss = 1.10477, l2 loss = 0 (max 14.95), (true 422, predicted [422])
attack: step 2/10, xent loss = 5.10519, l2 loss = 3.84117 (max 14.95), (true 422, predicted [456])
attack: step 3/10, xent loss = 6.25308, l2 loss = 6.23347 (max 14.95), (true 422, predicted [696])
attack: step 4/10, xent loss = 5.25338, l2 loss = 9.03263 (max 14.95), (true 422, predicted [696])
attack: step 5/10, xent loss = 8.91675, l2 loss = 10.6394 (max 14.95), (true 422, predicted [696])
attack: step 6/10, xent loss = 10.7336, l2 loss = 13.974 (max 14.95), (true 422, predicted [696])
attack: step 7/10, xent loss = 12.709, l2 loss = 16.6632 (max 14.95), (true 422, predicted [696])
attack: step 8/10, xent loss = 11.943, l2 loss = 18.224 (max 14.95), (true 422, predicted [696])
attack: step 9/10, xent loss = 11.7223, l2 loss = 20.0062 (max 14.95), (true 422, predicted [696])
attack: step 10/10, xent loss = 17.1825, l2 loss = 21.9613 (max 14.95), (true 422, predicted [696])
check failed
true = 422, adv = 696
evaluating 638 of [630, 640)
attack: step 1/10, xent loss = 4.58324, l2 loss = 0 (max 14.95), (true 599, predicted [868])
attack: step 2/10, xent loss = 5.5248, l2 loss = 4.72046 (max 14.95), (true 599, predicted [868])
attack: step 3/10, xent loss = 5.18353, l2 loss = 5.80508 (max 14.95), (true 599, predicted [868])
attack: step 4/10, xent loss = 6.08242, l2 loss = 6.71872 (max 14.95), (true 599, predicted [868])
attack: step 5/10, xent loss = 7.03854, l2 loss = 7.1553 (max 14.95), (true 599, predicted [728])
attack: step 6/10, xent loss = 7.29507, l2 loss = 7.63834 (max 14.95), (true 599, predicted [868])
attack: step 7/10, xent loss = 6.7759, l2 loss = 8.10088 (max 14.95), (true 599, predicted [728])
attack: step 8/10, xent loss = 6.8529, l2 loss = 8.82493 (max 14.95), (true 599, predicted [868])
attack: step 9/10, xent loss = 6.88031, l2 loss = 9.3408 (max 14.95), (true 599, predicted [868])
attack: step 10/10, xent loss = 8.23061, l2 loss = 9.77758 (max 14.95), (true 599, predicted [728])
true = 599, adv = 728
evaluating 639 of [630, 640)
attack: step 1/10, xent loss = 0.340168, l2 loss = 0 (max 14.95), (true 851, predicted [851])
attack: step 2/10, xent loss = 1.14569, l2 loss = 2.06619 (max 14.95), (true 851, predicted [851])
attack: step 3/10, xent loss = 1.07437, l2 loss = 6.48024 (max 14.95), (true 851, predicted [851])
attack: step 4/10, xent loss = 4.21236, l2 loss = 7.91619 (max 14.95), (true 851, predicted [692])
attack: step 5/10, xent loss = 6.95153, l2 loss = 10.3274 (max 14.95), (true 851, predicted [692])
attack: step 6/10, xent loss = 8.28853, l2 loss = 12.2124 (max 14.95), (true 851, predicted [692])
attack: step 7/10, xent loss = 10.5363, l2 loss = 13.1839 (max 14.95), (true 851, predicted [692])
attack: step 8/10, xent loss = 10.0085, l2 loss = 14.7485 (max 14.95), (true 851, predicted [692])
attack: step 9/10, xent loss = 11.1057, l2 loss = 16.4643 (max 14.95), (true 851, predicted [692])
attack: step 10/10, xent loss = 13.6667, l2 loss = 17.5212 (max 14.95), (true 851, predicted [692])
check failed
true = 851, adv = 692
