2019-10-21 22:30:50.312728: I tensorflow/core/platform/cpu_feature_guard.cc:141] Your CPU supports instructions that this TensorFlow binary was not compiled to use: SSE4.1 SSE4.2 AVX AVX2 FMA
2019-10-21 22:30:51.776432: I tensorflow/core/platform/profile_utils/cpu_utils.cc:94] CPU Frequency: 2600075000 Hz
2019-10-21 22:30:51.816961: I tensorflow/compiler/xla/service/service.cc:150] XLA service 0x2aaae70c47a0 executing computations on platform Host. Devices:
2019-10-21 22:30:51.817037: I tensorflow/compiler/xla/service/service.cc:158]   StreamExecutor device (0): <undefined>, <undefined>
2019-10-21 22:30:51.817469: I tensorflow/core/common_runtime/process_util.cc:71] Creating new thread pool with default inter op setting: 2. Tune using inter_op_parallelism_threads for best performance.
evaluating 180 of [180, 190)
attack: step 1/1, xent loss = 3.24019, l2 loss = 0 (max 14.95), (true 825, predicted [421])
true = 825, adv = 421
evaluating 181 of [180, 190)
attack: step 1/1, xent loss = 0.251313, l2 loss = 0 (max 14.95), (true 470, predicted [470])
true = 470, adv = 470
evaluating 182 of [180, 190)
attack: step 1/1, xent loss = 0.0414992, l2 loss = 0 (max 14.95), (true 994, predicted [994])
true = 994, adv = 994
evaluating 183 of [180, 190)
attack: step 1/1, xent loss = 0.519462, l2 loss = 0 (max 14.95), (true 461, predicted [461])
true = 461, adv = 461
evaluating 184 of [180, 190)
attack: step 1/1, xent loss = 0.0422632, l2 loss = 0 (max 14.95), (true 59, predicted [59])
true = 59, adv = 59
evaluating 185 of [180, 190)
attack: step 1/1, xent loss = 4.94997, l2 loss = 0 (max 14.95), (true 841, predicted [972])
true = 841, adv = 972
evaluating 186 of [180, 190)
attack: step 1/1, xent loss = 0, l2 loss = 0 (max 14.95), (true 594, predicted [594])
true = 594, adv = 594
evaluating 187 of [180, 190)
attack: step 1/1, xent loss = 0.00380388, l2 loss = 0 (max 14.95), (true 859, predicted [859])
true = 859, adv = 859
evaluating 188 of [180, 190)
attack: step 1/1, xent loss = 0.0483213, l2 loss = 0 (max 14.95), (true 913, predicted [913])
true = 913, adv = 913
evaluating 189 of [180, 190)
attack: step 1/1, xent loss = 3.48634, l2 loss = 0 (max 14.95), (true 978, predicted [559])
true = 978, adv = 559
