2019-11-04 07:20:27.688058: I tensorflow/core/platform/cpu_feature_guard.cc:141] Your CPU supports instructions that this TensorFlow binary was not compiled to use: SSE4.1 SSE4.2 AVX AVX2 FMA
2019-11-04 07:20:27.719285: I tensorflow/core/platform/profile_utils/cpu_utils.cc:94] CPU Frequency: 2600125000 Hz
2019-11-04 07:20:27.719520: I tensorflow/compiler/xla/service/service.cc:150] XLA service 0x55555902f510 executing computations on platform Host. Devices:
2019-11-04 07:20:27.719557: I tensorflow/compiler/xla/service/service.cc:158]   StreamExecutor device (0): <undefined>, <undefined>
2019-11-04 07:20:27.719949: I tensorflow/core/common_runtime/process_util.cc:71] Creating new thread pool with default inter op setting: 2. Tune using inter_op_parallelism_threads for best performance.
evaluating 820 of [820, 830)
attack: step 1/1, xent loss = 4.20058, l2 loss = 27.4705 (max 14.95), (true 343, predicted [276])
check failed
true = 343, adv = 509
evaluating 821 of [820, 830)
attack: step 1/1, xent loss = 7.6201, l2 loss = 50.711 (max 14.95), (true 804, predicted [700])
check failed
true = 804, adv = 700
evaluating 822 of [820, 830)
attack: step 1/1, xent loss = 7.86348, l2 loss = 35.9922 (max 14.95), (true 391, predicted [1])
check failed
true = 391, adv = 1
evaluating 823 of [820, 830)
attack: step 1/1, xent loss = 0.0715946, l2 loss = 1.7912 (max 14.95), (true 290, predicted [290])
true = 290, adv = 290
evaluating 824 of [820, 830)
attack: step 1/1, xent loss = 0.267388, l2 loss = 16.1987 (max 14.95), (true 391, predicted [391])
check failed
true = 391, adv = 830
evaluating 825 of [820, 830)
attack: step 1/1, xent loss = 8.31338, l2 loss = 27.5289 (max 14.95), (true 29, predicted [607])
check failed
true = 29, adv = 607
evaluating 826 of [820, 830)
attack: step 1/1, xent loss = 8.17465, l2 loss = 17.4638 (max 14.95), (true 211, predicted [159])
check failed
true = 211, adv = 159
evaluating 827 of [820, 830)
attack: step 1/1, xent loss = 0.0747693, l2 loss = 26.0153 (max 14.95), (true 319, predicted [319])
check failed
true = 319, adv = 552
evaluating 828 of [820, 830)
attack: step 1/1, xent loss = 2.71955, l2 loss = 25.4265 (max 14.95), (true 227, predicted [164])
check failed
true = 227, adv = 238
evaluating 829 of [820, 830)
attack: step 1/1, xent loss = 17.7197, l2 loss = 28.9835 (max 14.95), (true 773, predicted [898])
check failed
true = 773, adv = 898
