2019-06-27 14:33:25.642011: I tensorflow/core/platform/cpu_feature_guard.cc:141] Your CPU supports instructions that this TensorFlow binary was not compiled to use: SSE4.1 SSE4.2 AVX AVX2 FMA
2019-06-27 14:33:25.912749: I tensorflow/core/platform/profile_utils/cpu_utils.cc:94] CPU Frequency: 2599830000 Hz
2019-06-27 14:33:26.068385: I tensorflow/compiler/xla/service/service.cc:150] XLA service 0x2aaae6abfd10 executing computations on platform Host. Devices:
2019-06-27 14:33:26.068493: I tensorflow/compiler/xla/service/service.cc:158]   StreamExecutor device (0): <undefined>, <undefined>
2019-06-27 14:33:26.070646: I tensorflow/core/common_runtime/process_util.cc:71] Creating new thread pool with default inter op setting: 2. Tune using inter_op_parallelism_threads for best performance.
evaluating 600 of [600, 610)
attack: step 1/10, xent loss = 8.18945, l2 loss = 13.392 (max 14.95), (true 255, predicted [161])
attack: step 2/10, xent loss = 8.30295, l2 loss = 14.1028 (max 14.95), (true 255, predicted [161])
attack: step 3/10, xent loss = 9.52362, l2 loss = 14.7403 (max 14.95), (true 255, predicted [163])
attack: step 4/10, xent loss = 9.33146, l2 loss = 15.1132 (max 14.95), (true 255, predicted [161])
attack: step 5/10, xent loss = 11.1996, l2 loss = 15.5365 (max 14.95), (true 255, predicted [178])
attack: step 6/10, xent loss = 10.0999, l2 loss = 15.9476 (max 14.95), (true 255, predicted [161])
attack: step 7/10, xent loss = 12.1147, l2 loss = 17.0538 (max 14.95), (true 255, predicted [178])
attack: step 8/10, xent loss = 11.9793, l2 loss = 17.9599 (max 14.95), (true 255, predicted [178])
attack: step 9/10, xent loss = 13.1592, l2 loss = 19.2411 (max 14.95), (true 255, predicted [178])
attack: step 10/10, xent loss = 14.3668, l2 loss = 20.5884 (max 14.95), (true 255, predicted [178])
check failed
true = 255, adv = 178
evaluating 601 of [600, 610)
attack: step 1/10, xent loss = 29.4697, l2 loss = 32.4334 (max 14.95), (true 342, predicted [728])
attack: step 2/10, xent loss = 28.3072, l2 loss = 34.3611 (max 14.95), (true 342, predicted [728])
attack: step 3/10, xent loss = 33.9475, l2 loss = 35.7168 (max 14.95), (true 342, predicted [728])
attack: step 4/10, xent loss = 32.0298, l2 loss = 37.214 (max 14.95), (true 342, predicted [728])
attack: step 5/10, xent loss = 31.0391, l2 loss = 38.6455 (max 14.95), (true 342, predicted [728])
attack: step 6/10, xent loss = 32.8199, l2 loss = 39.7018 (max 14.95), (true 342, predicted [728])
attack: step 7/10, xent loss = 35.3132, l2 loss = 41.0697 (max 14.95), (true 342, predicted [728])
attack: step 8/10, xent loss = 38.8337, l2 loss = 42.8383 (max 14.95), (true 342, predicted [728])
attack: step 9/10, xent loss = 37.0665, l2 loss = 43.9824 (max 14.95), (true 342, predicted [728])
attack: step 10/10, xent loss = 39.9808, l2 loss = 45.6513 (max 14.95), (true 342, predicted [728])
check failed
true = 342, adv = 728
evaluating 602 of [600, 610)
attack: step 1/10, xent loss = 16.6745, l2 loss = 18.7533 (max 14.95), (true 774, predicted [797])
attack: step 2/10, xent loss = 16.3661, l2 loss = 20.9717 (max 14.95), (true 774, predicted [797])
attack: step 3/10, xent loss = 18.9406, l2 loss = 22.1003 (max 14.95), (true 774, predicted [797])
attack: step 4/10, xent loss = 17.765, l2 loss = 23.4805 (max 14.95), (true 774, predicted [797])
attack: step 5/10, xent loss = 21.5597, l2 loss = 24.9151 (max 14.95), (true 774, predicted [797])
attack: step 6/10, xent loss = 20.6725, l2 loss = 25.986 (max 14.95), (true 774, predicted [797])
attack: step 7/10, xent loss = 20.5233, l2 loss = 27.0159 (max 14.95), (true 774, predicted [797])
attack: step 8/10, xent loss = 23.4476, l2 loss = 27.988 (max 14.95), (true 774, predicted [797])
attack: step 9/10, xent loss = 24.5711, l2 loss = 28.7375 (max 14.95), (true 774, predicted [797])
attack: step 10/10, xent loss = 22.4282, l2 loss = 29.406 (max 14.95), (true 774, predicted [797])
check failed
true = 774, adv = 797
evaluating 603 of [600, 610)
attack: step 1/10, xent loss = 25.4297, l2 loss = 28.9346 (max 14.95), (true 111, predicted [728])
attack: step 2/10, xent loss = 24.0439, l2 loss = 31.2813 (max 14.95), (true 111, predicted [728])
attack: step 3/10, xent loss = 31.3126, l2 loss = 32.7984 (max 14.95), (true 111, predicted [728])
attack: step 4/10, xent loss = 33.6498, l2 loss = 34.327 (max 14.95), (true 111, predicted [728])
attack: step 5/10, xent loss = 36.3242, l2 loss = 35.6006 (max 14.95), (true 111, predicted [728])
attack: step 6/10, xent loss = 34.8805, l2 loss = 36.7324 (max 14.95), (true 111, predicted [728])
attack: step 7/10, xent loss = 39.0807, l2 loss = 37.9768 (max 14.95), (true 111, predicted [728])
attack: step 8/10, xent loss = 37.6464, l2 loss = 39.0784 (max 14.95), (true 111, predicted [728])
attack: step 9/10, xent loss = 41.6983, l2 loss = 40.4578 (max 14.95), (true 111, predicted [728])
attack: step 10/10, xent loss = 37.9955, l2 loss = 41.8782 (max 14.95), (true 111, predicted [728])
check failed
true = 111, adv = 728
evaluating 604 of [600, 610)
attack: step 1/10, xent loss = 12.9252, l2 loss = 20.7958 (max 14.95), (true 746, predicted [898])
attack: step 2/10, xent loss = 11.4806, l2 loss = 21.625 (max 14.95), (true 746, predicted [898])
attack: step 3/10, xent loss = 14.4464, l2 loss = 22.5451 (max 14.95), (true 746, predicted [898])
attack: step 4/10, xent loss = 14.2275, l2 loss = 23.4471 (max 14.95), (true 746, predicted [898])
attack: step 5/10, xent loss = 15.7562, l2 loss = 24.8607 (max 14.95), (true 746, predicted [898])
attack: step 6/10, xent loss = 17.7037, l2 loss = 26.4341 (max 14.95), (true 746, predicted [898])
attack: step 7/10, xent loss = 18.015, l2 loss = 27.2499 (max 14.95), (true 746, predicted [898])
attack: step 8/10, xent loss = 18.019, l2 loss = 28.3422 (max 14.95), (true 746, predicted [898])
attack: step 9/10, xent loss = 14.5505, l2 loss = 29.27 (max 14.95), (true 746, predicted [898])
attack: step 10/10, xent loss = 20.9759, l2 loss = 30.0309 (max 14.95), (true 746, predicted [898])
check failed
true = 746, adv = 898
evaluating 605 of [600, 610)
attack: step 1/10, xent loss = 6.38492, l2 loss = 12.8947 (max 14.95), (true 700, predicted [999])
attack: step 2/10, xent loss = 6.45047, l2 loss = 14.0401 (max 14.95), (true 700, predicted [999])
attack: step 3/10, xent loss = 6.66144, l2 loss = 14.7262 (max 14.95), (true 700, predicted [999])
attack: step 4/10, xent loss = 6.66027, l2 loss = 15.4631 (max 14.95), (true 700, predicted [999])
attack: step 5/10, xent loss = 8.36949, l2 loss = 16.5268 (max 14.95), (true 700, predicted [516])
attack: step 6/10, xent loss = 7.05755, l2 loss = 16.9255 (max 14.95), (true 700, predicted [516])
attack: step 7/10, xent loss = 10.1007, l2 loss = 18.221 (max 14.95), (true 700, predicted [431])
attack: step 8/10, xent loss = 9.47301, l2 loss = 18.7705 (max 14.95), (true 700, predicted [431])
attack: step 9/10, xent loss = 11.5601, l2 loss = 19.2769 (max 14.95), (true 700, predicted [431])
attack: step 10/10, xent loss = 13.3079, l2 loss = 20.0347 (max 14.95), (true 700, predicted [431])
check failed
true = 700, adv = 431
evaluating 606 of [600, 610)
attack: step 1/10, xent loss = 8.48099, l2 loss = 13.175 (max 14.95), (true 735, predicted [601])
attack: step 2/10, xent loss = 8.90278, l2 loss = 13.9157 (max 14.95), (true 735, predicted [601])
attack: step 3/10, xent loss = 9.94553, l2 loss = 14.8018 (max 14.95), (true 735, predicted [601])
attack: step 4/10, xent loss = 9.96209, l2 loss = 15.5016 (max 14.95), (true 735, predicted [601])
attack: step 5/10, xent loss = 8.87689, l2 loss = 16.0334 (max 14.95), (true 735, predicted [601])
attack: step 6/10, xent loss = 11.8856, l2 loss = 16.9266 (max 14.95), (true 735, predicted [601])
attack: step 7/10, xent loss = 11.8547, l2 loss = 17.4676 (max 14.95), (true 735, predicted [601])
attack: step 8/10, xent loss = 12.7277, l2 loss = 18.0327 (max 14.95), (true 735, predicted [601])
attack: step 9/10, xent loss = 12.3819, l2 loss = 18.866 (max 14.95), (true 735, predicted [601])
attack: step 10/10, xent loss = 12.5351, l2 loss = 19.6355 (max 14.95), (true 735, predicted [601])
check failed
true = 735, adv = 601
evaluating 607 of [600, 610)
attack: step 1/10, xent loss = 7.19903, l2 loss = 12.6552 (max 14.95), (true 893, predicted [868])
attack: step 2/10, xent loss = 8.37244, l2 loss = 13.2917 (max 14.95), (true 893, predicted [868])
attack: step 3/10, xent loss = 6.61564, l2 loss = 13.9012 (max 14.95), (true 893, predicted [868])
attack: step 4/10, xent loss = 9.03893, l2 loss = 15.1218 (max 14.95), (true 893, predicted [868])
attack: step 5/10, xent loss = 11.3584, l2 loss = 15.7924 (max 14.95), (true 893, predicted [868])
attack: step 6/10, xent loss = 8.49879, l2 loss = 16.4591 (max 14.95), (true 893, predicted [868])
attack: step 7/10, xent loss = 9.62835, l2 loss = 16.9318 (max 14.95), (true 893, predicted [868])
attack: step 8/10, xent loss = 9.86394, l2 loss = 17.984 (max 14.95), (true 893, predicted [868])
attack: step 9/10, xent loss = 10.4737, l2 loss = 18.5187 (max 14.95), (true 893, predicted [868])
attack: step 10/10, xent loss = 11.7962, l2 loss = 19.22 (max 14.95), (true 893, predicted [868])
check failed
true = 893, adv = 868
evaluating 608 of [600, 610)
attack: step 1/10, xent loss = 27.4345, l2 loss = 27.6633 (max 14.95), (true 571, predicted [700])
attack: step 2/10, xent loss = 27.4524, l2 loss = 29.0745 (max 14.95), (true 571, predicted [700])
attack: step 3/10, xent loss = 25.7406, l2 loss = 30.3895 (max 14.95), (true 571, predicted [700])
attack: step 4/10, xent loss = 33.8478, l2 loss = 32.0995 (max 14.95), (true 571, predicted [700])
attack: step 5/10, xent loss = 28.6825, l2 loss = 33.3213 (max 14.95), (true 571, predicted [700])
attack: step 6/10, xent loss = 32.8597, l2 loss = 34.3337 (max 14.95), (true 571, predicted [700])
attack: step 7/10, xent loss = 35.2466, l2 loss = 35.5254 (max 14.95), (true 571, predicted [700])
attack: step 8/10, xent loss = 36.7224, l2 loss = 36.5869 (max 14.95), (true 571, predicted [700])
attack: step 9/10, xent loss = 38.3938, l2 loss = 37.8241 (max 14.95), (true 571, predicted [700])
attack: step 10/10, xent loss = 35.1971, l2 loss = 38.8594 (max 14.95), (true 571, predicted [700])
check failed
true = 571, adv = 700
evaluating 609 of [600, 610)
attack: step 1/10, xent loss = 10.8308, l2 loss = 9.44297 (max 14.95), (true 288, predicted [728])
attack: step 2/10, xent loss = 10.9195, l2 loss = 11.1606 (max 14.95), (true 288, predicted [728])
attack: step 3/10, xent loss = 12.2578, l2 loss = 12.311 (max 14.95), (true 288, predicted [728])
attack: step 4/10, xent loss = 13.2649, l2 loss = 13.4377 (max 14.95), (true 288, predicted [728])
attack: step 5/10, xent loss = 15.8578, l2 loss = 14.9577 (max 14.95), (true 288, predicted [728])
attack: step 6/10, xent loss = 15.8012, l2 loss = 16.5262 (max 14.95), (true 288, predicted [728])
attack: step 7/10, xent loss = 15.5108, l2 loss = 17.5205 (max 14.95), (true 288, predicted [728])
attack: step 8/10, xent loss = 16.5526, l2 loss = 18.6799 (max 14.95), (true 288, predicted [728])
attack: step 9/10, xent loss = 20.0915, l2 loss = 19.8225 (max 14.95), (true 288, predicted [728])
attack: step 10/10, xent loss = 18.7466, l2 loss = 20.9021 (max 14.95), (true 288, predicted [728])
check failed
true = 288, adv = 728
