2019-10-27 14:16:49.350593: I tensorflow/core/platform/cpu_feature_guard.cc:141] Your CPU supports instructions that this TensorFlow binary was not compiled to use: SSE4.1 SSE4.2 AVX AVX2 FMA
2019-10-27 14:16:49.360744: I tensorflow/core/platform/profile_utils/cpu_utils.cc:94] CPU Frequency: 2600065000 Hz
2019-10-27 14:16:49.360973: I tensorflow/compiler/xla/service/service.cc:150] XLA service 0x55555902fd60 executing computations on platform Host. Devices:
2019-10-27 14:16:49.361008: I tensorflow/compiler/xla/service/service.cc:158]   StreamExecutor device (0): <undefined>, <undefined>
2019-10-27 14:16:49.361406: I tensorflow/core/common_runtime/process_util.cc:71] Creating new thread pool with default inter op setting: 2. Tune using inter_op_parallelism_threads for best performance.
evaluating 610 of [610, 620)
attack: step 1/10, xent loss = 9.08741, l2 loss = 35.6537 (max 14.95), (true 977, predicted [728])
unbound attack returning early
check failed
true = 977, adv = 728
evaluating 611 of [610, 620)
attack: step 1/10, xent loss = 13.0522, l2 loss = 20.3091 (max 14.95), (true 707, predicted [728])
unbound attack returning early
check failed
true = 707, adv = 728
evaluating 612 of [610, 620)
attack: step 1/10, xent loss = 9.60871, l2 loss = 26.0456 (max 14.95), (true 213, predicted [728])
unbound attack returning early
check failed
true = 213, adv = 728
evaluating 613 of [610, 620)
attack: step 1/10, xent loss = 6.51531, l2 loss = 20.8834 (max 14.95), (true 801, predicted [723])
unbound attack returning early
check failed
true = 801, adv = 723
evaluating 614 of [610, 620)
attack: step 1/10, xent loss = 9.71219, l2 loss = 15.1691 (max 14.95), (true 647, predicted [728])
unbound attack returning early
check failed
true = 647, adv = 728
evaluating 615 of [610, 620)
attack: step 1/10, xent loss = 8.44063, l2 loss = 8.19905 (max 14.95), (true 138, predicted [723])
returning early
true = 138, adv = 692
evaluating 616 of [610, 620)
attack: step 1/10, xent loss = 19.2077, l2 loss = 43.5919 (max 14.95), (true 727, predicted [915])
unbound attack returning early
check failed
true = 727, adv = 915
evaluating 617 of [610, 620)
attack: step 1/10, xent loss = 14.7918, l2 loss = 25.9081 (max 14.95), (true 296, predicted [239])
unbound attack returning early
check failed
true = 296, adv = 239
evaluating 618 of [610, 620)
attack: step 1/10, xent loss = 3.66254, l2 loss = 20.394 (max 14.95), (true 660, predicted [557])
unbound attack returning early
check failed
true = 660, adv = 672
evaluating 619 of [610, 620)
attack: step 1/10, xent loss = 8.9448, l2 loss = 14.4516 (max 14.95), (true 235, predicted [728])
returning early
true = 235, adv = 728
