2019-07-01 00:47:24.512642: I tensorflow/core/platform/cpu_feature_guard.cc:141] Your CPU supports instructions that this TensorFlow binary was not compiled to use: SSE4.1 SSE4.2 AVX AVX2 FMA
2019-07-01 00:47:24.521683: I tensorflow/core/platform/profile_utils/cpu_utils.cc:94] CPU Frequency: 2600050000 Hz
2019-07-01 00:47:24.521822: I tensorflow/compiler/xla/service/service.cc:150] XLA service 0x2aaae74bf9a0 executing computations on platform Host. Devices:
2019-07-01 00:47:24.521844: I tensorflow/compiler/xla/service/service.cc:158]   StreamExecutor device (0): <undefined>, <undefined>
2019-07-01 00:47:24.522050: I tensorflow/core/common_runtime/process_util.cc:71] Creating new thread pool with default inter op setting: 2. Tune using inter_op_parallelism_threads for best performance.
evaluating 950 of [950, 960)
attack: step 1/10, xent loss = 13.7407, l2 loss = 32.7657 (max 14.95), (true 876, predicted [728])
attack: step 2/10, xent loss = 9.78305, l2 loss = 34.3869 (max 14.95), (true 876, predicted [728])
attack: step 3/10, xent loss = 12.3409, l2 loss = 35.9335 (max 14.95), (true 876, predicted [728])
attack: step 4/10, xent loss = 15.8713, l2 loss = 37.4194 (max 14.95), (true 876, predicted [728])
attack: step 5/10, xent loss = 10.4637, l2 loss = 39.0599 (max 14.95), (true 876, predicted [728])
attack: step 6/10, xent loss = 12.0863, l2 loss = 40.4832 (max 14.95), (true 876, predicted [728])
attack: step 7/10, xent loss = 12.5994, l2 loss = 41.8182 (max 14.95), (true 876, predicted [728])
attack: step 8/10, xent loss = 12.9426, l2 loss = 42.9593 (max 14.95), (true 876, predicted [728])
attack: step 9/10, xent loss = 14.6476, l2 loss = 44.4076 (max 14.95), (true 876, predicted [728])
attack: step 10/10, xent loss = 16.0948, l2 loss = 45.6163 (max 14.95), (true 876, predicted [728])
check failed
true = 876, adv = 728
evaluating 951 of [950, 960)
attack: step 1/10, xent loss = 7.53756, l2 loss = 8.93091 (max 14.95), (true 477, predicted [636])
attack: step 2/10, xent loss = 6.91415, l2 loss = 9.22309 (max 14.95), (true 477, predicted [636])
attack: step 3/10, xent loss = 8.0682, l2 loss = 9.57985 (max 14.95), (true 477, predicted [478])
attack: step 4/10, xent loss = 6.45386, l2 loss = 9.9595 (max 14.95), (true 477, predicted [692])
attack: step 5/10, xent loss = 7.14796, l2 loss = 10.3232 (max 14.95), (true 477, predicted [692])
attack: step 6/10, xent loss = 8.15577, l2 loss = 10.8413 (max 14.95), (true 477, predicted [692])
attack: step 7/10, xent loss = 8.75138, l2 loss = 11.0745 (max 14.95), (true 477, predicted [692])
attack: step 8/10, xent loss = 8.16342, l2 loss = 11.3696 (max 14.95), (true 477, predicted [728])
attack: step 9/10, xent loss = 7.29659, l2 loss = 11.5125 (max 14.95), (true 477, predicted [728])
attack: step 10/10, xent loss = 7.6389, l2 loss = 11.8324 (max 14.95), (true 477, predicted [692])
true = 477, adv = 728
evaluating 952 of [950, 960)
attack: step 1/10, xent loss = 8.02139, l2 loss = 11.6606 (max 14.95), (true 446, predicted [692])
attack: step 2/10, xent loss = 7.44872, l2 loss = 12.3569 (max 14.95), (true 446, predicted [692])
attack: step 3/10, xent loss = 8.23926, l2 loss = 13.0286 (max 14.95), (true 446, predicted [692])
attack: step 4/10, xent loss = 7.74479, l2 loss = 13.6024 (max 14.95), (true 446, predicted [672])
attack: step 5/10, xent loss = 7.8736, l2 loss = 14.3721 (max 14.95), (true 446, predicted [672])
attack: step 6/10, xent loss = 8.11526, l2 loss = 15.1726 (max 14.95), (true 446, predicted [692])
attack: step 7/10, xent loss = 7.27641, l2 loss = 15.7065 (max 14.95), (true 446, predicted [672])
attack: step 8/10, xent loss = 7.65878, l2 loss = 16.2552 (max 14.95), (true 446, predicted [672])
attack: step 9/10, xent loss = 7.28112, l2 loss = 16.6697 (max 14.95), (true 446, predicted [692])
attack: step 10/10, xent loss = 6.44091, l2 loss = 17.2285 (max 14.95), (true 446, predicted [692])
check failed
true = 446, adv = 692
evaluating 953 of [950, 960)
attack: step 1/10, xent loss = 8.69249, l2 loss = 21.6279 (max 14.95), (true 1, predicted [728])
attack: step 2/10, xent loss = 9.13837, l2 loss = 23.0558 (max 14.95), (true 1, predicted [728])
attack: step 3/10, xent loss = 7.89619, l2 loss = 24.0735 (max 14.95), (true 1, predicted [728])
attack: step 4/10, xent loss = 9.10888, l2 loss = 25.2367 (max 14.95), (true 1, predicted [728])
attack: step 5/10, xent loss = 9.39526, l2 loss = 26.1641 (max 14.95), (true 1, predicted [728])
attack: step 6/10, xent loss = 9.59076, l2 loss = 27.0589 (max 14.95), (true 1, predicted [728])
attack: step 7/10, xent loss = 9.10885, l2 loss = 27.9042 (max 14.95), (true 1, predicted [728])
attack: step 8/10, xent loss = 11.3185, l2 loss = 28.424 (max 14.95), (true 1, predicted [728])
attack: step 9/10, xent loss = 13.0412, l2 loss = 29.234 (max 14.95), (true 1, predicted [728])
attack: step 10/10, xent loss = 10.5131, l2 loss = 30.0606 (max 14.95), (true 1, predicted [728])
check failed
true = 1, adv = 728
evaluating 954 of [950, 960)
attack: step 1/10, xent loss = 5.42137, l2 loss = 18.9466 (max 14.95), (true 553, predicted [412])
attack: step 2/10, xent loss = 7.31263, l2 loss = 19.6008 (max 14.95), (true 553, predicted [728])
attack: step 3/10, xent loss = 5.47948, l2 loss = 19.9841 (max 14.95), (true 553, predicted [478])
attack: step 4/10, xent loss = 5.68353, l2 loss = 20.7551 (max 14.95), (true 553, predicted [478])
attack: step 5/10, xent loss = 7.13314, l2 loss = 21.437 (max 14.95), (true 553, predicted [478])
attack: step 6/10, xent loss = 5.76989, l2 loss = 21.7929 (max 14.95), (true 553, predicted [728])
attack: step 7/10, xent loss = 7.05659, l2 loss = 22.3004 (max 14.95), (true 553, predicted [728])
attack: step 8/10, xent loss = 7.38024, l2 loss = 22.8054 (max 14.95), (true 553, predicted [728])
attack: step 9/10, xent loss = 8.4251, l2 loss = 23.246 (max 14.95), (true 553, predicted [728])
attack: step 10/10, xent loss = 6.17301, l2 loss = 23.9734 (max 14.95), (true 553, predicted [692])
check failed
true = 553, adv = 728
evaluating 955 of [950, 960)
attack: step 1/10, xent loss = 8.49461, l2 loss = 20.9938 (max 14.95), (true 465, predicted [879])
attack: step 2/10, xent loss = 6.32501, l2 loss = 22.7757 (max 14.95), (true 465, predicted [879])
attack: step 3/10, xent loss = 8.65626, l2 loss = 23.5615 (max 14.95), (true 465, predicted [879])
attack: step 4/10, xent loss = 7.63163, l2 loss = 26.7897 (max 14.95), (true 465, predicted [879])
attack: step 5/10, xent loss = 6.60494, l2 loss = 27.0834 (max 14.95), (true 465, predicted [879])
attack: step 6/10, xent loss = 9.13834, l2 loss = 27.7401 (max 14.95), (true 465, predicted [879])
attack: step 7/10, xent loss = 11.5535, l2 loss = 28.1948 (max 14.95), (true 465, predicted [879])
attack: step 8/10, xent loss = 8.99006, l2 loss = 29.5022 (max 14.95), (true 465, predicted [879])
attack: step 9/10, xent loss = 11.5044, l2 loss = 30.6104 (max 14.95), (true 465, predicted [879])
attack: step 10/10, xent loss = 9.27167, l2 loss = 31.6845 (max 14.95), (true 465, predicted [879])
check failed
true = 465, adv = 879
evaluating 956 of [950, 960)
attack: step 1/10, xent loss = 7.20179, l2 loss = 17.8881 (max 14.95), (true 713, predicted [478])
attack: step 2/10, xent loss = 5.83078, l2 loss = 18.581 (max 14.95), (true 713, predicted [478])
attack: step 3/10, xent loss = 8.43084, l2 loss = 19.7768 (max 14.95), (true 713, predicted [478])
attack: step 4/10, xent loss = 7.79108, l2 loss = 20.4866 (max 14.95), (true 713, predicted [478])
attack: step 5/10, xent loss = 8.41168, l2 loss = 21.3248 (max 14.95), (true 713, predicted [478])
attack: step 6/10, xent loss = 10.0031, l2 loss = 22.1321 (max 14.95), (true 713, predicted [478])
attack: step 7/10, xent loss = 6.46935, l2 loss = 22.8257 (max 14.95), (true 713, predicted [478])
attack: step 8/10, xent loss = 8.27951, l2 loss = 23.4723 (max 14.95), (true 713, predicted [478])
attack: step 9/10, xent loss = 7.69488, l2 loss = 24.3959 (max 14.95), (true 713, predicted [478])
attack: step 10/10, xent loss = 8.71845, l2 loss = 24.941 (max 14.95), (true 713, predicted [478])
check failed
true = 713, adv = 478
evaluating 957 of [950, 960)
attack: step 1/10, xent loss = 5.3198, l2 loss = 29.3797 (max 14.95), (true 697, predicted [830])
attack: step 2/10, xent loss = 6.17013, l2 loss = 31.1808 (max 14.95), (true 697, predicted [830])
attack: step 3/10, xent loss = 7.01083, l2 loss = 31.4322 (max 14.95), (true 697, predicted [830])
attack: step 4/10, xent loss = 3.94284, l2 loss = 34.1123 (max 14.95), (true 697, predicted [830])
attack: step 5/10, xent loss = 5.89997, l2 loss = 35.5668 (max 14.95), (true 697, predicted [830])
attack: step 6/10, xent loss = 5.02631, l2 loss = 35.7484 (max 14.95), (true 697, predicted [830])
attack: step 7/10, xent loss = 4.77787, l2 loss = 36.3991 (max 14.95), (true 697, predicted [830])
attack: step 8/10, xent loss = 5.31233, l2 loss = 37.4948 (max 14.95), (true 697, predicted [411])
attack: step 9/10, xent loss = 5.82854, l2 loss = 37.7858 (max 14.95), (true 697, predicted [830])
attack: step 10/10, xent loss = 5.85806, l2 loss = 38.4276 (max 14.95), (true 697, predicted [830])
check failed
true = 697, adv = 830
evaluating 958 of [950, 960)
attack: step 1/10, xent loss = 3.80799, l2 loss = 18.1033 (max 14.95), (true 446, predicted [549])
attack: step 2/10, xent loss = 3.79464, l2 loss = 19.0127 (max 14.95), (true 446, predicted [549])
attack: step 3/10, xent loss = 4.9161, l2 loss = 20.1149 (max 14.95), (true 446, predicted [549])
attack: step 4/10, xent loss = 6.5847, l2 loss = 20.7174 (max 14.95), (true 446, predicted [728])
attack: step 5/10, xent loss = 5.48478, l2 loss = 22.1795 (max 14.95), (true 446, predicted [549])
attack: step 6/10, xent loss = 4.85959, l2 loss = 23.0237 (max 14.95), (true 446, predicted [728])
attack: step 7/10, xent loss = 7.64651, l2 loss = 23.6892 (max 14.95), (true 446, predicted [728])
attack: step 8/10, xent loss = 7.34968, l2 loss = 24.5183 (max 14.95), (true 446, predicted [728])
attack: step 9/10, xent loss = 7.25929, l2 loss = 25.2812 (max 14.95), (true 446, predicted [549])
attack: step 10/10, xent loss = 6.8588, l2 loss = 26.1257 (max 14.95), (true 446, predicted [549])
check failed
true = 446, adv = 728
evaluating 959 of [950, 960)
attack: step 1/10, xent loss = 10.3943, l2 loss = 15.3649 (max 14.95), (true 264, predicted [728])
attack: step 2/10, xent loss = 10.3944, l2 loss = 15.7075 (max 14.95), (true 264, predicted [643])
attack: step 3/10, xent loss = 10.318, l2 loss = 16.2629 (max 14.95), (true 264, predicted [643])
attack: step 4/10, xent loss = 10.4154, l2 loss = 16.6495 (max 14.95), (true 264, predicted [728])
attack: step 5/10, xent loss = 10.9167, l2 loss = 17.067 (max 14.95), (true 264, predicted [728])
attack: step 6/10, xent loss = 9.85823, l2 loss = 17.3747 (max 14.95), (true 264, predicted [728])
attack: step 7/10, xent loss = 9.95255, l2 loss = 17.5798 (max 14.95), (true 264, predicted [728])
attack: step 8/10, xent loss = 10.5605, l2 loss = 18.0817 (max 14.95), (true 264, predicted [728])
attack: step 9/10, xent loss = 10.5016, l2 loss = 18.4436 (max 14.95), (true 264, predicted [728])
attack: step 10/10, xent loss = 11.0988, l2 loss = 18.6291 (max 14.95), (true 264, predicted [728])
check failed
true = 264, adv = 728
