2019-11-04 04:13:27.275522: I tensorflow/core/platform/cpu_feature_guard.cc:141] Your CPU supports instructions that this TensorFlow binary was not compiled to use: SSE4.1 SSE4.2 AVX AVX2 FMA
2019-11-04 04:13:27.282390: I tensorflow/core/platform/profile_utils/cpu_utils.cc:94] CPU Frequency: 2600160000 Hz
2019-11-04 04:13:27.282533: I tensorflow/compiler/xla/service/service.cc:150] XLA service 0x55555902f420 executing computations on platform Host. Devices:
2019-11-04 04:13:27.282554: I tensorflow/compiler/xla/service/service.cc:158]   StreamExecutor device (0): <undefined>, <undefined>
2019-11-04 04:13:27.282777: I tensorflow/core/common_runtime/process_util.cc:71] Creating new thread pool with default inter op setting: 2. Tune using inter_op_parallelism_threads for best performance.
evaluating 250 of [250, 260)
attack: step 1/1, xent loss = 14.7856, l2 loss = 37.9074 (max 14.95), (true 441, predicted [470])
check failed
true = 441, adv = 470
evaluating 251 of [250, 260)
attack: step 1/1, xent loss = 0.89222, l2 loss = 19.1549 (max 14.95), (true 121, predicted [923])
check failed
true = 121, adv = 923
evaluating 252 of [250, 260)
attack: step 1/1, xent loss = 0.0182238, l2 loss = 0.682834 (max 14.95), (true 735, predicted [735])
true = 735, adv = 735
evaluating 253 of [250, 260)
attack: step 1/1, xent loss = 11.014, l2 loss = 8.95256 (max 14.95), (true 737, predicted [509])
true = 737, adv = 448
evaluating 254 of [250, 260)
attack: step 1/1, xent loss = 6.38096, l2 loss = 41.1948 (max 14.95), (true 158, predicted [183])
check failed
true = 158, adv = 728
evaluating 255 of [250, 260)
attack: step 1/1, xent loss = 6.99143, l2 loss = 31.8095 (max 14.95), (true 155, predicted [228])
check failed
true = 155, adv = 728
evaluating 256 of [250, 260)
attack: step 1/1, xent loss = 0.0213211, l2 loss = 0.227448 (max 14.95), (true 321, predicted [321])
true = 321, adv = 321
evaluating 257 of [250, 260)
attack: step 1/1, xent loss = 0.127718, l2 loss = 8.34945 (max 14.95), (true 485, predicted [485])
true = 485, adv = 827
evaluating 258 of [250, 260)
attack: step 1/1, xent loss = 2.63802, l2 loss = 13.9663 (max 14.95), (true 911, predicted [474])
true = 911, adv = 869
evaluating 259 of [250, 260)
attack: step 1/1, xent loss = 0.367425, l2 loss = 17.9123 (max 14.95), (true 922, predicted [922])
check failed
true = 922, adv = 692
