2019-06-05 08:31:30.411074: I tensorflow/core/platform/cpu_feature_guard.cc:141] Your CPU supports instructions that this TensorFlow binary was not compiled to use: SSE4.1 SSE4.2 AVX AVX2 FMA
2019-06-05 08:31:31.078562: I tensorflow/core/platform/profile_utils/cpu_utils.cc:94] CPU Frequency: 2599720000 Hz
2019-06-05 08:31:31.120817: I tensorflow/compiler/xla/service/service.cc:150] XLA service 0x2aaae6fbe160 executing computations on platform Host. Devices:
2019-06-05 08:31:31.124515: I tensorflow/compiler/xla/service/service.cc:158]   StreamExecutor device (0): <undefined>, <undefined>
2019-06-05 08:31:31.125008: I tensorflow/core/common_runtime/process_util.cc:71] Creating new thread pool with default inter op setting: 2. Tune using inter_op_parallelism_threads for best performance.
evaluating 920 of [920, 930)
attack: step 1/10, xent loss = 0.75555, l2 loss = 0 (max 14.95), (true 289, predicted [289])
attack: step 2/10, xent loss = 0.526888, l2 loss = 1.42759 (max 14.95), (true 289, predicted [289])
attack: step 3/10, xent loss = 0.741476, l2 loss = 1.80648 (max 14.95), (true 289, predicted [289])
attack: step 4/10, xent loss = 0.819849, l2 loss = 2.20021 (max 14.95), (true 289, predicted [289])
attack: step 5/10, xent loss = 1.26218, l2 loss = 2.64724 (max 14.95), (true 289, predicted [289])
attack: step 6/10, xent loss = 1.13625, l2 loss = 3.40896 (max 14.95), (true 289, predicted [288])
attack: step 7/10, xent loss = 2.00823, l2 loss = 4.0139 (max 14.95), (true 289, predicted [288])
attack: step 8/10, xent loss = 2.96513, l2 loss = 4.75247 (max 14.95), (true 289, predicted [288])
attack: step 9/10, xent loss = 3.44811, l2 loss = 5.5545 (max 14.95), (true 289, predicted [293])
attack: step 10/10, xent loss = 4.8049, l2 loss = 6.39876 (max 14.95), (true 289, predicted [293])
true = 289, adv = 293
evaluating 921 of [920, 930)
attack: step 1/10, xent loss = 2.99269, l2 loss = 0 (max 14.95), (true 271, predicted [273])
attack: step 2/10, xent loss = 3.34114, l2 loss = 2.6124 (max 14.95), (true 271, predicted [273])
attack: step 3/10, xent loss = 4.47819, l2 loss = 3.37904 (max 14.95), (true 271, predicted [273])
attack: step 4/10, xent loss = 5.13997, l2 loss = 4.38128 (max 14.95), (true 271, predicted [273])
attack: step 5/10, xent loss = 4.96292, l2 loss = 5.19441 (max 14.95), (true 271, predicted [273])
attack: step 6/10, xent loss = 6.08266, l2 loss = 6.02198 (max 14.95), (true 271, predicted [273])
attack: step 7/10, xent loss = 6.12795, l2 loss = 6.78057 (max 14.95), (true 271, predicted [273])
attack: step 8/10, xent loss = 6.34056, l2 loss = 7.42863 (max 14.95), (true 271, predicted [273])
attack: step 9/10, xent loss = 7.11277, l2 loss = 7.82154 (max 14.95), (true 271, predicted [273])
attack: step 10/10, xent loss = 8.14921, l2 loss = 8.43723 (max 14.95), (true 271, predicted [273])
true = 271, adv = 273
evaluating 922 of [920, 930)
attack: step 1/10, xent loss = 0.0686965, l2 loss = 0 (max 14.95), (true 89, predicted [89])
attack: step 2/10, xent loss = 0.0710266, l2 loss = 0.135141 (max 14.95), (true 89, predicted [89])
attack: step 3/10, xent loss = 0.131767, l2 loss = 0.190143 (max 14.95), (true 89, predicted [89])
attack: step 4/10, xent loss = 0.121974, l2 loss = 0.287808 (max 14.95), (true 89, predicted [89])
attack: step 5/10, xent loss = 0.145143, l2 loss = 0.380449 (max 14.95), (true 89, predicted [89])
attack: step 6/10, xent loss = 0.0937136, l2 loss = 0.483152 (max 14.95), (true 89, predicted [89])
attack: step 7/10, xent loss = 0.100556, l2 loss = 0.51353 (max 14.95), (true 89, predicted [89])
attack: step 8/10, xent loss = 0.10466, l2 loss = 0.552151 (max 14.95), (true 89, predicted [89])
attack: step 9/10, xent loss = 0.0740553, l2 loss = 0.606833 (max 14.95), (true 89, predicted [89])
attack: step 10/10, xent loss = 0.121635, l2 loss = 0.628216 (max 14.95), (true 89, predicted [89])
true = 89, adv = 89
evaluating 923 of [920, 930)
attack: step 1/10, xent loss = 0.12717, l2 loss = 0 (max 14.95), (true 862, predicted [862])
attack: step 2/10, xent loss = 0.394716, l2 loss = 1.32694 (max 14.95), (true 862, predicted [862])
attack: step 3/10, xent loss = 0.154794, l2 loss = 3.79171 (max 14.95), (true 862, predicted [862])
attack: step 4/10, xent loss = 3.27772, l2 loss = 4.18245 (max 14.95), (true 862, predicted [749])
attack: step 5/10, xent loss = 3.32951, l2 loss = 9.94107 (max 14.95), (true 862, predicted [644])
attack: step 6/10, xent loss = 4.57839, l2 loss = 11.3455 (max 14.95), (true 862, predicted [607])
attack: step 7/10, xent loss = 5.27532, l2 loss = 12.1061 (max 14.95), (true 862, predicted [749])
attack: step 8/10, xent loss = 5.3216, l2 loss = 12.8679 (max 14.95), (true 862, predicted [749])
attack: step 9/10, xent loss = 7.955, l2 loss = 13.2998 (max 14.95), (true 862, predicted [749])
attack: step 10/10, xent loss = 8.32901, l2 loss = 14.0238 (max 14.95), (true 862, predicted [749])
check failed
true = 862, adv = 749
evaluating 924 of [920, 930)
attack: step 1/10, xent loss = 9.25742, l2 loss = 0 (max 14.95), (true 697, predicted [728])
attack: step 2/10, xent loss = 15.2569, l2 loss = 7.8591 (max 14.95), (true 697, predicted [728])
attack: step 3/10, xent loss = 17.5882, l2 loss = 10.7256 (max 14.95), (true 697, predicted [728])
attack: step 4/10, xent loss = 22.5505, l2 loss = 13.1478 (max 14.95), (true 697, predicted [728])
attack: step 5/10, xent loss = 23.9691, l2 loss = 14.8947 (max 14.95), (true 697, predicted [728])
attack: step 6/10, xent loss = 24.2021, l2 loss = 16.9861 (max 14.95), (true 697, predicted [728])
attack: step 7/10, xent loss = 27.8976, l2 loss = 19.3632 (max 14.95), (true 697, predicted [728])
attack: step 8/10, xent loss = 26.8913, l2 loss = 20.8497 (max 14.95), (true 697, predicted [728])
attack: step 9/10, xent loss = 29.0567, l2 loss = 22.7891 (max 14.95), (true 697, predicted [728])
attack: step 10/10, xent loss = 33.0761, l2 loss = 24.5128 (max 14.95), (true 697, predicted [728])
check failed
true = 697, adv = 728
evaluating 925 of [920, 930)
attack: step 1/10, xent loss = 1.01154, l2 loss = 0 (max 14.95), (true 305, predicted [305])
attack: step 2/10, xent loss = 6.63726, l2 loss = 3.09398 (max 14.95), (true 305, predicted [991])
attack: step 3/10, xent loss = 4.88474, l2 loss = 8.59341 (max 14.95), (true 305, predicted [71])
attack: step 4/10, xent loss = 7.62739, l2 loss = 11.6176 (max 14.95), (true 305, predicted [71])
attack: step 5/10, xent loss = 8.39386, l2 loss = 11.8731 (max 14.95), (true 305, predicted [71])
attack: step 6/10, xent loss = 9.22552, l2 loss = 12.6221 (max 14.95), (true 305, predicted [991])
attack: step 7/10, xent loss = 10.7324, l2 loss = 13.2216 (max 14.95), (true 305, predicted [991])
attack: step 8/10, xent loss = 8.07005, l2 loss = 13.6538 (max 14.95), (true 305, predicted [991])
attack: step 9/10, xent loss = 11.401, l2 loss = 14.016 (max 14.95), (true 305, predicted [991])
attack: step 10/10, xent loss = 12.0206, l2 loss = 14.7183 (max 14.95), (true 305, predicted [987])
check failed
true = 305, adv = 991
evaluating 926 of [920, 930)
attack: step 1/10, xent loss = 1.17188, l2 loss = 0 (max 14.95), (true 4, predicted [3])
attack: step 2/10, xent loss = 5.02444, l2 loss = 8.64325 (max 14.95), (true 4, predicted [913])
attack: step 3/10, xent loss = 5.22862, l2 loss = 13.466 (max 14.95), (true 4, predicted [913])
attack: step 4/10, xent loss = 13.6501, l2 loss = 15.7338 (max 14.95), (true 4, predicted [913])
attack: step 5/10, xent loss = 15.9465, l2 loss = 18.5986 (max 14.95), (true 4, predicted [913])
attack: step 6/10, xent loss = 15.3251, l2 loss = 21.763 (max 14.95), (true 4, predicted [913])
attack: step 7/10, xent loss = 14.2808, l2 loss = 24.9387 (max 14.95), (true 4, predicted [913])
attack: step 8/10, xent loss = 19.4192, l2 loss = 26.6062 (max 14.95), (true 4, predicted [913])
attack: step 9/10, xent loss = 18.6694, l2 loss = 28.3236 (max 14.95), (true 4, predicted [913])
attack: step 10/10, xent loss = 22.2685, l2 loss = 29.6491 (max 14.95), (true 4, predicted [913])
check failed
true = 4, adv = 913
evaluating 927 of [920, 930)
attack: step 1/10, xent loss = 4.99309, l2 loss = 0 (max 14.95), (true 196, predicted [199])
attack: step 2/10, xent loss = 4.30698, l2 loss = 4.74114 (max 14.95), (true 196, predicted [199])
attack: step 3/10, xent loss = 6.06123, l2 loss = 7.26022 (max 14.95), (true 196, predicted [199])
attack: step 4/10, xent loss = 7.93226, l2 loss = 7.94916 (max 14.95), (true 196, predicted [840])
attack: step 5/10, xent loss = 7.75354, l2 loss = 9.55285 (max 14.95), (true 196, predicted [840])
attack: step 6/10, xent loss = 11.1171, l2 loss = 12.2206 (max 14.95), (true 196, predicted [840])
attack: step 7/10, xent loss = 12.0399, l2 loss = 14.3089 (max 14.95), (true 196, predicted [840])
attack: step 8/10, xent loss = 17.2467, l2 loss = 16.1065 (max 14.95), (true 196, predicted [840])
attack: step 9/10, xent loss = 18.1693, l2 loss = 17.8056 (max 14.95), (true 196, predicted [840])
attack: step 10/10, xent loss = 15.088, l2 loss = 19.6225 (max 14.95), (true 196, predicted [840])
check failed
true = 196, adv = 840
evaluating 928 of [920, 930)
attack: step 1/10, xent loss = 0.0527, l2 loss = 0 (max 14.95), (true 698, predicted [698])
attack: step 2/10, xent loss = 0.0313056, l2 loss = 0.250697 (max 14.95), (true 698, predicted [698])
attack: step 3/10, xent loss = 0.0410369, l2 loss = 0.275378 (max 14.95), (true 698, predicted [698])
attack: step 4/10, xent loss = 0.073656, l2 loss = 0.34745 (max 14.95), (true 698, predicted [698])
attack: step 5/10, xent loss = 0.0592536, l2 loss = 0.487768 (max 14.95), (true 698, predicted [698])
attack: step 6/10, xent loss = 0.0780423, l2 loss = 0.541077 (max 14.95), (true 698, predicted [698])
attack: step 7/10, xent loss = 0.291428, l2 loss = 0.630472 (max 14.95), (true 698, predicted [698])
attack: step 8/10, xent loss = 0.42079, l2 loss = 1.50407 (max 14.95), (true 698, predicted [698])
attack: step 9/10, xent loss = 0.161954, l2 loss = 2.38554 (max 14.95), (true 698, predicted [698])
attack: step 10/10, xent loss = 0.81365, l2 loss = 2.50188 (max 14.95), (true 698, predicted [698])
true = 698, adv = 698
evaluating 929 of [920, 930)
attack: step 1/10, xent loss = 0.772173, l2 loss = 0 (max 14.95), (true 667, predicted [667])
attack: step 2/10, xent loss = 4.94864, l2 loss = 6.75853 (max 14.95), (true 667, predicted [457])
attack: step 3/10, xent loss = 13.5972, l2 loss = 10.9115 (max 14.95), (true 667, predicted [457])
attack: step 4/10, xent loss = 14.4718, l2 loss = 14.417 (max 14.95), (true 667, predicted [457])
attack: step 5/10, xent loss = 17.2389, l2 loss = 18.0823 (max 14.95), (true 667, predicted [457])
attack: step 6/10, xent loss = 14.7591, l2 loss = 19.2057 (max 14.95), (true 667, predicted [457])
attack: step 7/10, xent loss = 17.1365, l2 loss = 23.1142 (max 14.95), (true 667, predicted [457])
attack: step 8/10, xent loss = 21.049, l2 loss = 24.0039 (max 14.95), (true 667, predicted [457])
attack: step 9/10, xent loss = 26.0393, l2 loss = 24.8918 (max 14.95), (true 667, predicted [457])
attack: step 10/10, xent loss = 13.0568, l2 loss = 25.8036 (max 14.95), (true 667, predicted [457])
check failed
true = 667, adv = 457
