2019-11-04 02:42:44.493082: I tensorflow/core/platform/cpu_feature_guard.cc:141] Your CPU supports instructions that this TensorFlow binary was not compiled to use: SSE4.1 SSE4.2 AVX AVX2 FMA
2019-11-04 02:42:44.500446: I tensorflow/core/platform/profile_utils/cpu_utils.cc:94] CPU Frequency: 2600160000 Hz
2019-11-04 02:42:44.500606: I tensorflow/compiler/xla/service/service.cc:150] XLA service 0x55555902f5b0 executing computations on platform Host. Devices:
2019-11-04 02:42:44.500624: I tensorflow/compiler/xla/service/service.cc:158]   StreamExecutor device (0): <undefined>, <undefined>
2019-11-04 02:42:44.500851: I tensorflow/core/common_runtime/process_util.cc:71] Creating new thread pool with default inter op setting: 2. Tune using inter_op_parallelism_threads for best performance.
evaluating 160 of [160, 170)
attack: step 1/1, xent loss = 6.40112, l2 loss = 47.2523 (max 14.95), (true 19, predicted [370])
check failed
true = 19, adv = 728
evaluating 161 of [160, 170)
attack: step 1/1, xent loss = 3.75267, l2 loss = 16.6232 (max 14.95), (true 71, predicted [124])
check failed
true = 71, adv = 124
evaluating 162 of [160, 170)
attack: step 1/1, xent loss = 0.417191, l2 loss = 14.9503 (max 14.95), (true 267, predicted [267])
check failed
true = 267, adv = 152
evaluating 163 of [160, 170)
attack: step 1/1, xent loss = 7.36975, l2 loss = 42.5554 (max 14.95), (true 419, predicted [34])
check failed
true = 419, adv = 728
evaluating 164 of [160, 170)
attack: step 1/1, xent loss = 2.81718, l2 loss = 9.57989 (max 14.95), (true 55, predicted [60])
true = 55, adv = 830
evaluating 165 of [160, 170)
attack: step 1/1, xent loss = 6.85426, l2 loss = 14.2948 (max 14.95), (true 885, predicted [636])
true = 885, adv = 636
evaluating 166 of [160, 170)
attack: step 1/1, xent loss = 5.94032, l2 loss = 25.8113 (max 14.95), (true 769, predicted [777])
check failed
true = 769, adv = 777
evaluating 167 of [160, 170)
attack: step 1/1, xent loss = 0.341965, l2 loss = 36.7402 (max 14.95), (true 138, predicted [138])
check failed
true = 138, adv = 728
evaluating 168 of [160, 170)
attack: step 1/1, xent loss = 4.12911, l2 loss = 17.6897 (max 14.95), (true 996, predicted [993])
check failed
true = 996, adv = 728
evaluating 169 of [160, 170)
attack: step 1/1, xent loss = 9.94089, l2 loss = 14.7065 (max 14.95), (true 217, predicted [239])
true = 217, adv = 239
