2019-05-25 20:26:44.317781: I tensorflow/core/platform/cpu_feature_guard.cc:141] Your CPU supports instructions that this TensorFlow binary was not compiled to use: SSE4.1 SSE4.2 AVX AVX2 FMA
2019-05-25 20:26:44.327044: I tensorflow/core/platform/profile_utils/cpu_utils.cc:94] CPU Frequency: 2600070000 Hz
2019-05-25 20:26:44.327248: I tensorflow/compiler/xla/service/service.cc:150] XLA service 0x2aaae74becd0 executing computations on platform Host. Devices:
2019-05-25 20:26:44.327281: I tensorflow/compiler/xla/service/service.cc:158]   StreamExecutor device (0): <undefined>, <undefined>
2019-05-25 20:26:44.327595: I tensorflow/core/common_runtime/process_util.cc:71] Creating new thread pool with default inter op setting: 2. Tune using inter_op_parallelism_threads for best performance.
evaluating 640 of [640, 650)
attack: step 1/10, xent loss = 1.53469, l2 loss = 0 (max 14.95), (true 264, predicted [264])
attack: step 2/10, xent loss = 0.294457, l2 loss = 4.05919 (max 14.95), (true 264, predicted [264])
attack: step 3/10, xent loss = 1.1218, l2 loss = 4.28588 (max 14.95), (true 264, predicted [264])
attack: step 4/10, xent loss = 1.93722, l2 loss = 5.7539 (max 14.95), (true 264, predicted [217])
attack: step 5/10, xent loss = 3.33268, l2 loss = 6.98912 (max 14.95), (true 264, predicted [215])
attack: step 6/10, xent loss = 6.88818, l2 loss = 9.05911 (max 14.95), (true 264, predicted [215])
attack: step 7/10, xent loss = 7.55206, l2 loss = 10.719 (max 14.95), (true 264, predicted [215])
attack: step 8/10, xent loss = 8.15551, l2 loss = 12.2621 (max 14.95), (true 264, predicted [215])
attack: step 9/10, xent loss = 8.59826, l2 loss = 13.0167 (max 14.95), (true 264, predicted [215])
attack: step 10/10, xent loss = 8.95676, l2 loss = 13.8187 (max 14.95), (true 264, predicted [215])
true = 264, adv = 215
evaluating 641 of [640, 650)
attack: step 1/10, xent loss = 6.62964, l2 loss = 0 (max 14.95), (true 15, predicted [85])
attack: step 2/10, xent loss = 5.54393, l2 loss = 6.0519 (max 14.95), (true 15, predicted [14])
attack: step 3/10, xent loss = 6.64478, l2 loss = 7.33301 (max 14.95), (true 15, predicted [85])
attack: step 4/10, xent loss = 8.68618, l2 loss = 10.0998 (max 14.95), (true 15, predicted [85])
attack: step 5/10, xent loss = 6.84476, l2 loss = 11.1382 (max 14.95), (true 15, predicted [85])
attack: step 6/10, xent loss = 11.2586, l2 loss = 13.7082 (max 14.95), (true 15, predicted [36])
attack: step 7/10, xent loss = 11.3968, l2 loss = 15.8326 (max 14.95), (true 15, predicted [36])
attack: step 8/10, xent loss = 10.0042, l2 loss = 17.4515 (max 14.95), (true 15, predicted [36])
attack: step 9/10, xent loss = 12.6053, l2 loss = 19.6919 (max 14.95), (true 15, predicted [36])
attack: step 10/10, xent loss = 15.1051, l2 loss = 21.4022 (max 14.95), (true 15, predicted [36])
check failed
true = 15, adv = 36
evaluating 642 of [640, 650)
attack: step 1/10, xent loss = 4.79866, l2 loss = 0 (max 14.95), (true 829, predicted [728])
attack: step 2/10, xent loss = 5.07646, l2 loss = 3.39799 (max 14.95), (true 829, predicted [728])
attack: step 3/10, xent loss = 5.51736, l2 loss = 6.21373 (max 14.95), (true 829, predicted [728])
attack: step 4/10, xent loss = 6.75799, l2 loss = 7.25008 (max 14.95), (true 829, predicted [728])
attack: step 5/10, xent loss = 9.46527, l2 loss = 9.54327 (max 14.95), (true 829, predicted [728])
attack: step 6/10, xent loss = 8.8839, l2 loss = 12.1457 (max 14.95), (true 829, predicted [728])
attack: step 7/10, xent loss = 9.29488, l2 loss = 14.0933 (max 14.95), (true 829, predicted [728])
attack: step 8/10, xent loss = 11.1271, l2 loss = 16.0634 (max 14.95), (true 829, predicted [728])
attack: step 9/10, xent loss = 9.61472, l2 loss = 17.721 (max 14.95), (true 829, predicted [728])
attack: step 10/10, xent loss = 11.9756, l2 loss = 19.2966 (max 14.95), (true 829, predicted [728])
check failed
true = 829, adv = 728
evaluating 643 of [640, 650)
attack: step 1/10, xent loss = 0.0751789, l2 loss = 0 (max 14.95), (true 614, predicted [614])
attack: step 2/10, xent loss = 0.678653, l2 loss = 0.430683 (max 14.95), (true 614, predicted [614])
attack: step 3/10, xent loss = 0.821703, l2 loss = 3.49291 (max 14.95), (true 614, predicted [614])
attack: step 4/10, xent loss = 1.66441, l2 loss = 7.31817 (max 14.95), (true 614, predicted [583])
attack: step 5/10, xent loss = 0.374244, l2 loss = 10.9907 (max 14.95), (true 614, predicted [614])
attack: step 6/10, xent loss = 4.68078, l2 loss = 11.1908 (max 14.95), (true 614, predicted [645])
attack: step 7/10, xent loss = 0.656243, l2 loss = 15.8235 (max 14.95), (true 614, predicted [614])
attack: step 8/10, xent loss = 7.47424, l2 loss = 16.3882 (max 14.95), (true 614, predicted [216])
attack: step 9/10, xent loss = 8.74312, l2 loss = 17.1055 (max 14.95), (true 614, predicted [216])
attack: step 10/10, xent loss = 9.34184, l2 loss = 17.4355 (max 14.95), (true 614, predicted [216])
check failed
true = 614, adv = 216
evaluating 644 of [640, 650)
attack: step 1/10, xent loss = 0.877036, l2 loss = 0 (max 14.95), (true 311, predicted [312])
attack: step 2/10, xent loss = 0.611198, l2 loss = 2.12891 (max 14.95), (true 311, predicted [311])
attack: step 3/10, xent loss = 1.18814, l2 loss = 2.80175 (max 14.95), (true 311, predicted [312])
attack: step 4/10, xent loss = 1.58644, l2 loss = 3.665 (max 14.95), (true 311, predicted [312])
attack: step 5/10, xent loss = 1.83273, l2 loss = 4.598 (max 14.95), (true 311, predicted [312])
attack: step 6/10, xent loss = 2.22774, l2 loss = 5.48947 (max 14.95), (true 311, predicted [312])
attack: step 7/10, xent loss = 2.32023, l2 loss = 6.27442 (max 14.95), (true 311, predicted [312])
attack: step 8/10, xent loss = 2.59148, l2 loss = 6.76949 (max 14.95), (true 311, predicted [312])
attack: step 9/10, xent loss = 3.76944, l2 loss = 7.71042 (max 14.95), (true 311, predicted [312])
attack: step 10/10, xent loss = 3.91891, l2 loss = 8.4893 (max 14.95), (true 311, predicted [312])
true = 311, adv = 312
evaluating 645 of [640, 650)
attack: step 1/10, xent loss = 0.325473, l2 loss = 0 (max 14.95), (true 667, predicted [667])
attack: step 2/10, xent loss = 0.471435, l2 loss = 2.36232 (max 14.95), (true 667, predicted [667])
attack: step 3/10, xent loss = 0.838378, l2 loss = 3.96414 (max 14.95), (true 667, predicted [667])
attack: step 4/10, xent loss = 1.8422, l2 loss = 6.06519 (max 14.95), (true 667, predicted [831])
attack: step 5/10, xent loss = 1.81743, l2 loss = 11.6553 (max 14.95), (true 667, predicted [831])
attack: step 6/10, xent loss = 7.3883, l2 loss = 13.653 (max 14.95), (true 667, predicted [831])
attack: step 7/10, xent loss = 7.43365, l2 loss = 16.2134 (max 14.95), (true 667, predicted [831])
attack: step 8/10, xent loss = 9.09573, l2 loss = 17.6542 (max 14.95), (true 667, predicted [831])
attack: step 9/10, xent loss = 8.73733, l2 loss = 18.0401 (max 14.95), (true 667, predicted [831])
attack: step 10/10, xent loss = 8.6478, l2 loss = 18.4806 (max 14.95), (true 667, predicted [831])
check failed
true = 667, adv = 831
evaluating 646 of [640, 650)
attack: step 1/10, xent loss = 2.88791, l2 loss = 0 (max 14.95), (true 213, predicted [552])
attack: step 2/10, xent loss = 10.691, l2 loss = 12.8815 (max 14.95), (true 213, predicted [552])
attack: step 3/10, xent loss = 14.0383, l2 loss = 14.0081 (max 14.95), (true 213, predicted [552])
attack: step 4/10, xent loss = 17.3671, l2 loss = 15.7444 (max 14.95), (true 213, predicted [552])
attack: step 5/10, xent loss = 18.0107, l2 loss = 17.724 (max 14.95), (true 213, predicted [552])
attack: step 6/10, xent loss = 20.9302, l2 loss = 19.0393 (max 14.95), (true 213, predicted [552])
attack: step 7/10, xent loss = 19.4867, l2 loss = 20.8435 (max 14.95), (true 213, predicted [552])
attack: step 8/10, xent loss = 23.1382, l2 loss = 22.3688 (max 14.95), (true 213, predicted [552])
attack: step 9/10, xent loss = 23.1194, l2 loss = 24.5428 (max 14.95), (true 213, predicted [552])
attack: step 10/10, xent loss = 28.4322, l2 loss = 26.4995 (max 14.95), (true 213, predicted [552])
check failed
true = 213, adv = 552
evaluating 647 of [640, 650)
attack: step 1/10, xent loss = 0.123866, l2 loss = 0 (max 14.95), (true 204, predicted [204])
attack: step 2/10, xent loss = 0.233268, l2 loss = 0.343172 (max 14.95), (true 204, predicted [204])
attack: step 3/10, xent loss = 0.202009, l2 loss = 0.671696 (max 14.95), (true 204, predicted [204])
attack: step 4/10, xent loss = 0.130229, l2 loss = 0.916632 (max 14.95), (true 204, predicted [204])
attack: step 5/10, xent loss = 0.116531, l2 loss = 0.994935 (max 14.95), (true 204, predicted [204])
attack: step 6/10, xent loss = 0.210786, l2 loss = 1.04948 (max 14.95), (true 204, predicted [204])
attack: step 7/10, xent loss = 0.274505, l2 loss = 1.22767 (max 14.95), (true 204, predicted [204])
attack: step 8/10, xent loss = 0.141855, l2 loss = 1.46131 (max 14.95), (true 204, predicted [204])
attack: step 9/10, xent loss = 0.199461, l2 loss = 1.52533 (max 14.95), (true 204, predicted [204])
attack: step 10/10, xent loss = 0.141225, l2 loss = 1.71912 (max 14.95), (true 204, predicted [204])
true = 204, adv = 204
evaluating 648 of [640, 650)
attack: step 1/10, xent loss = 6.18599, l2 loss = 0 (max 14.95), (true 304, predicted [301])
attack: step 2/10, xent loss = 6.09461, l2 loss = 2.24917 (max 14.95), (true 304, predicted [301])
attack: step 3/10, xent loss = 7.2208, l2 loss = 3.82704 (max 14.95), (true 304, predicted [301])
attack: step 4/10, xent loss = 7.65809, l2 loss = 4.78858 (max 14.95), (true 304, predicted [301])
attack: step 5/10, xent loss = 7.38947, l2 loss = 5.80011 (max 14.95), (true 304, predicted [301])
attack: step 6/10, xent loss = 7.89156, l2 loss = 6.48961 (max 14.95), (true 304, predicted [301])
attack: step 7/10, xent loss = 7.91061, l2 loss = 7.12774 (max 14.95), (true 304, predicted [301])
attack: step 8/10, xent loss = 7.73437, l2 loss = 7.71263 (max 14.95), (true 304, predicted [301])
attack: step 9/10, xent loss = 8.43278, l2 loss = 8.23764 (max 14.95), (true 304, predicted [301])
attack: step 10/10, xent loss = 8.53507, l2 loss = 8.60195 (max 14.95), (true 304, predicted [301])
true = 304, adv = 301
evaluating 649 of [640, 650)
attack: step 1/10, xent loss = 0.81479, l2 loss = 0 (max 14.95), (true 646, predicted [646])
attack: step 2/10, xent loss = 1.75069, l2 loss = 4.57837 (max 14.95), (true 646, predicted [646])
attack: step 3/10, xent loss = 3.47269, l2 loss = 7.31337 (max 14.95), (true 646, predicted [588])
attack: step 4/10, xent loss = 4.11059, l2 loss = 9.62088 (max 14.95), (true 646, predicted [912])
attack: step 5/10, xent loss = 5.50007, l2 loss = 10.9838 (max 14.95), (true 646, predicted [858])
attack: step 6/10, xent loss = 6.32462, l2 loss = 11.2425 (max 14.95), (true 646, predicted [858])
attack: step 7/10, xent loss = 5.86412, l2 loss = 11.4967 (max 14.95), (true 646, predicted [912])
attack: step 8/10, xent loss = 5.77161, l2 loss = 11.6132 (max 14.95), (true 646, predicted [943])
attack: step 9/10, xent loss = 6.11816, l2 loss = 11.9745 (max 14.95), (true 646, predicted [912])
attack: step 10/10, xent loss = 6.28832, l2 loss = 12.2182 (max 14.95), (true 646, predicted [943])
true = 646, adv = 912
