2019-11-04 10:21:37.586225: I tensorflow/core/platform/cpu_feature_guard.cc:141] Your CPU supports instructions that this TensorFlow binary was not compiled to use: SSE4.1 SSE4.2 AVX AVX2 FMA
2019-11-04 10:21:37.636457: I tensorflow/core/platform/profile_utils/cpu_utils.cc:94] CPU Frequency: 2600170000 Hz
2019-11-04 10:21:37.681172: I tensorflow/compiler/xla/service/service.cc:150] XLA service 0x55555902f610 executing computations on platform Host. Devices:
2019-11-04 10:21:37.681226: I tensorflow/compiler/xla/service/service.cc:158]   StreamExecutor device (0): <undefined>, <undefined>
2019-11-04 10:21:37.683542: I tensorflow/core/common_runtime/process_util.cc:71] Creating new thread pool with default inter op setting: 2. Tune using inter_op_parallelism_threads for best performance.
evaluating 980 of [980, 990)
attack: step 1/1, xent loss = 8.04337, l2 loss = 15.7098 (max 14.95), (true 740, predicted [763])
check failed
true = 740, adv = 764
evaluating 981 of [980, 990)
attack: step 1/1, xent loss = 5.40456, l2 loss = 31.5626 (max 14.95), (true 898, predicted [541])
check failed
true = 898, adv = 830
evaluating 982 of [980, 990)
attack: step 1/1, xent loss = 9.79934, l2 loss = 12.2046 (max 14.95), (true 240, predicted [247])
true = 240, adv = 247
evaluating 983 of [980, 990)
attack: step 1/1, xent loss = 7.40627, l2 loss = 36.7263 (max 14.95), (true 335, predicted [0])
check failed
true = 335, adv = 0
evaluating 984 of [980, 990)
attack: step 1/1, xent loss = 0.0667788, l2 loss = 0.384573 (max 14.95), (true 888, predicted [888])
true = 888, adv = 888
evaluating 985 of [980, 990)
attack: step 1/1, xent loss = 8.14162, l2 loss = 10.6291 (max 14.95), (true 253, predicted [171])
true = 253, adv = 171
evaluating 986 of [980, 990)
attack: step 1/1, xent loss = 1.87887, l2 loss = 8.37848 (max 14.95), (true 829, predicted [654])
true = 829, adv = 575
evaluating 987 of [980, 990)
attack: step 1/1, xent loss = 3.89251, l2 loss = 11.3509 (max 14.95), (true 288, predicted [290])
true = 288, adv = 290
evaluating 988 of [980, 990)
attack: step 1/1, xent loss = 13.1105, l2 loss = 26.4983 (max 14.95), (true 650, predicted [677])
check failed
true = 650, adv = 677
evaluating 989 of [980, 990)
attack: step 1/1, xent loss = 26.0255, l2 loss = 39.9888 (max 14.95), (true 462, predicted [840])
check failed
true = 462, adv = 840
