2019-10-25 12:26:15.440813: I tensorflow/core/platform/cpu_feature_guard.cc:141] Your CPU supports instructions that this TensorFlow binary was not compiled to use: SSE4.1 SSE4.2 AVX AVX2 FMA
2019-10-25 12:26:15.481410: I tensorflow/core/platform/profile_utils/cpu_utils.cc:94] CPU Frequency: 2600070000 Hz
2019-10-25 12:26:15.489997: I tensorflow/compiler/xla/service/service.cc:150] XLA service 0x55555902fb30 executing computations on platform Host. Devices:
2019-10-25 12:26:15.490215: I tensorflow/compiler/xla/service/service.cc:158]   StreamExecutor device (0): <undefined>, <undefined>
2019-10-25 12:26:15.491754: I tensorflow/core/common_runtime/process_util.cc:71] Creating new thread pool with default inter op setting: 2. Tune using inter_op_parallelism_threads for best performance.
evaluating 370 of [370, 380)
attack: step 1/10, xent loss = 13.5704, l2 loss = 23.1947 (max 14.95), (true 572, predicted [412])
unbound attack returning early
check failed
true = 572, adv = 412
evaluating 371 of [370, 380)
attack: step 1/10, xent loss = 41.1574, l2 loss = 42.496 (max 14.95), (true 626, predicted [862])
unbound attack returning early
check failed
true = 626, adv = 862
evaluating 372 of [370, 380)
attack: step 1/10, xent loss = 11.0843, l2 loss = 16.3389 (max 14.95), (true 663, predicted [668])
unbound attack returning early
check failed
true = 663, adv = 668
evaluating 373 of [370, 380)
attack: step 1/10, xent loss = 20.5279, l2 loss = 23.7957 (max 14.95), (true 145, predicted [880])
unbound attack returning early
check failed
true = 145, adv = 880
evaluating 374 of [370, 380)
attack: step 1/10, xent loss = 29.8338, l2 loss = 29.7153 (max 14.95), (true 463, predicted [728])
unbound attack returning early
check failed
true = 463, adv = 728
evaluating 375 of [370, 380)
attack: step 1/10, xent loss = 7.07409, l2 loss = 7.111 (max 14.95), (true 828, predicted [535])
returning early
true = 828, adv = 535
evaluating 376 of [370, 380)
attack: step 1/10, xent loss = 8.18091, l2 loss = 8.76223 (max 14.95), (true 18, predicted [92])
returning early
true = 18, adv = 92
evaluating 377 of [370, 380)
attack: step 1/10, xent loss = 45.3646, l2 loss = 44.184 (max 14.95), (true 159, predicted [728])
unbound attack returning early
check failed
true = 159, adv = 728
evaluating 378 of [370, 380)
attack: step 1/10, xent loss = 24.7078, l2 loss = 23.6523 (max 14.95), (true 179, predicted [159])
unbound attack returning early
check failed
true = 179, adv = 159
evaluating 379 of [370, 380)
attack: step 1/10, xent loss = 27.2036, l2 loss = 34.024 (max 14.95), (true 628, predicted [408])
unbound attack returning early
check failed
true = 628, adv = 408
