2019-06-27 15:16:15.092329: I tensorflow/core/platform/cpu_feature_guard.cc:141] Your CPU supports instructions that this TensorFlow binary was not compiled to use: SSE4.1 SSE4.2 AVX AVX2 FMA
2019-06-27 15:16:15.097282: I tensorflow/core/platform/profile_utils/cpu_utils.cc:94] CPU Frequency: 2599845000 Hz
2019-06-27 15:16:15.097380: I tensorflow/compiler/xla/service/service.cc:150] XLA service 0x2aaae6e49da0 executing computations on platform Host. Devices:
2019-06-27 15:16:15.097394: I tensorflow/compiler/xla/service/service.cc:158]   StreamExecutor device (0): <undefined>, <undefined>
2019-06-27 15:16:15.097543: I tensorflow/core/common_runtime/process_util.cc:71] Creating new thread pool with default inter op setting: 2. Tune using inter_op_parallelism_threads for best performance.
evaluating 870 of [870, 880)
attack: step 1/10, xent loss = 17.107, l2 loss = 18.5826 (max 14.95), (true 835, predicted [470])
attack: step 2/10, xent loss = 15.9326, l2 loss = 19.9048 (max 14.95), (true 835, predicted [470])
attack: step 3/10, xent loss = 13.1521, l2 loss = 21.9821 (max 14.95), (true 835, predicted [470])
attack: step 4/10, xent loss = 22.4507, l2 loss = 23.6742 (max 14.95), (true 835, predicted [470])
attack: step 5/10, xent loss = 21.7944, l2 loss = 24.6834 (max 14.95), (true 835, predicted [470])
attack: step 6/10, xent loss = 18.2724, l2 loss = 25.7753 (max 14.95), (true 835, predicted [470])
attack: step 7/10, xent loss = 23.3388, l2 loss = 26.6506 (max 14.95), (true 835, predicted [470])
attack: step 8/10, xent loss = 26.0008, l2 loss = 27.9484 (max 14.95), (true 835, predicted [470])
attack: step 9/10, xent loss = 24.1342, l2 loss = 28.8073 (max 14.95), (true 835, predicted [470])
attack: step 10/10, xent loss = 27.3616, l2 loss = 29.7388 (max 14.95), (true 835, predicted [470])
check failed
true = 835, adv = 470
evaluating 871 of [870, 880)
attack: step 1/10, xent loss = 11.4103, l2 loss = 12.9585 (max 14.95), (true 369, predicted [728])
attack: step 2/10, xent loss = 14.1897, l2 loss = 14.2486 (max 14.95), (true 369, predicted [728])
attack: step 3/10, xent loss = 14.5271, l2 loss = 15.7218 (max 14.95), (true 369, predicted [728])
attack: step 4/10, xent loss = 17.129, l2 loss = 17.2797 (max 14.95), (true 369, predicted [728])
attack: step 5/10, xent loss = 16.2987, l2 loss = 19.4327 (max 14.95), (true 369, predicted [728])
attack: step 6/10, xent loss = 17.3943, l2 loss = 20.3613 (max 14.95), (true 369, predicted [728])
attack: step 7/10, xent loss = 21.5103, l2 loss = 21.9332 (max 14.95), (true 369, predicted [728])
attack: step 8/10, xent loss = 24.4029, l2 loss = 23.1769 (max 14.95), (true 369, predicted [728])
attack: step 9/10, xent loss = 20.9195, l2 loss = 24.207 (max 14.95), (true 369, predicted [728])
attack: step 10/10, xent loss = 24.4309, l2 loss = 25.4833 (max 14.95), (true 369, predicted [728])
check failed
true = 369, adv = 728
evaluating 872 of [870, 880)
attack: step 1/10, xent loss = 5.08276, l2 loss = 9.22952 (max 14.95), (true 345, predicted [690])
attack: step 2/10, xent loss = 3.72098, l2 loss = 10.241 (max 14.95), (true 345, predicted [690])
attack: step 3/10, xent loss = 5.51778, l2 loss = 10.8752 (max 14.95), (true 345, predicted [690])
attack: step 4/10, xent loss = 5.83722, l2 loss = 11.4273 (max 14.95), (true 345, predicted [690])
attack: step 5/10, xent loss = 4.98702, l2 loss = 11.927 (max 14.95), (true 345, predicted [690])
attack: step 6/10, xent loss = 4.72516, l2 loss = 12.6982 (max 14.95), (true 345, predicted [690])
attack: step 7/10, xent loss = 8.41102, l2 loss = 13.1523 (max 14.95), (true 345, predicted [830])
attack: step 8/10, xent loss = 5.61735, l2 loss = 14.7621 (max 14.95), (true 345, predicted [690])
attack: step 9/10, xent loss = 7.71364, l2 loss = 15.1542 (max 14.95), (true 345, predicted [830])
attack: step 10/10, xent loss = 9.59135, l2 loss = 16.7494 (max 14.95), (true 345, predicted [830])
check failed
true = 345, adv = 830
evaluating 873 of [870, 880)
attack: step 1/10, xent loss = 26.6446, l2 loss = 27.33 (max 14.95), (true 648, predicted [470])
attack: step 2/10, xent loss = 22.7031, l2 loss = 30.0892 (max 14.95), (true 648, predicted [470])
attack: step 3/10, xent loss = 27.2097, l2 loss = 31.1998 (max 14.95), (true 648, predicted [470])
attack: step 4/10, xent loss = 31.227, l2 loss = 33.6592 (max 14.95), (true 648, predicted [470])
attack: step 5/10, xent loss = 29.4597, l2 loss = 35.3876 (max 14.95), (true 648, predicted [470])
attack: step 6/10, xent loss = 26.1867, l2 loss = 37.7846 (max 14.95), (true 648, predicted [470])
attack: step 7/10, xent loss = 29.1334, l2 loss = 38.9964 (max 14.95), (true 648, predicted [470])
attack: step 8/10, xent loss = 35.0749, l2 loss = 40.4333 (max 14.95), (true 648, predicted [470])
attack: step 9/10, xent loss = 30.0281, l2 loss = 41.5179 (max 14.95), (true 648, predicted [470])
attack: step 10/10, xent loss = 32.4428, l2 loss = 42.4064 (max 14.95), (true 648, predicted [470])
check failed
true = 648, adv = 470
evaluating 874 of [870, 880)
attack: step 1/10, xent loss = 7.87165, l2 loss = 12.0998 (max 14.95), (true 214, predicted [236])
attack: step 2/10, xent loss = 8.87437, l2 loss = 12.3773 (max 14.95), (true 214, predicted [728])
attack: step 3/10, xent loss = 10.4941, l2 loss = 13.134 (max 14.95), (true 214, predicted [728])
attack: step 4/10, xent loss = 8.33802, l2 loss = 14.7617 (max 14.95), (true 214, predicted [728])
attack: step 5/10, xent loss = 14.3924, l2 loss = 15.4845 (max 14.95), (true 214, predicted [728])
attack: step 6/10, xent loss = 14.8211, l2 loss = 17.7499 (max 14.95), (true 214, predicted [728])
attack: step 7/10, xent loss = 16.5661, l2 loss = 19.0387 (max 14.95), (true 214, predicted [728])
attack: step 8/10, xent loss = 16.1769, l2 loss = 20.8342 (max 14.95), (true 214, predicted [728])
attack: step 9/10, xent loss = 20.4006, l2 loss = 22.7858 (max 14.95), (true 214, predicted [728])
attack: step 10/10, xent loss = 13.9648, l2 loss = 24.8038 (max 14.95), (true 214, predicted [728])
check failed
true = 214, adv = 728
evaluating 875 of [870, 880)
attack: step 1/10, xent loss = 30.5067, l2 loss = 32.214 (max 14.95), (true 111, predicted [728])
attack: step 2/10, xent loss = 34.1004, l2 loss = 33.775 (max 14.95), (true 111, predicted [728])
attack: step 3/10, xent loss = 38.3563, l2 loss = 35.3973 (max 14.95), (true 111, predicted [728])
attack: step 4/10, xent loss = 34.3275, l2 loss = 36.9285 (max 14.95), (true 111, predicted [728])
attack: step 5/10, xent loss = 36.2268, l2 loss = 38.6071 (max 14.95), (true 111, predicted [728])
attack: step 6/10, xent loss = 34.284, l2 loss = 40.3912 (max 14.95), (true 111, predicted [728])
attack: step 7/10, xent loss = 39.0094, l2 loss = 41.7531 (max 14.95), (true 111, predicted [728])
attack: step 8/10, xent loss = 34.0335, l2 loss = 43.7653 (max 14.95), (true 111, predicted [728])
attack: step 9/10, xent loss = 39.2132, l2 loss = 45.286 (max 14.95), (true 111, predicted [728])
attack: step 10/10, xent loss = 37.815, l2 loss = 46.4978 (max 14.95), (true 111, predicted [728])
check failed
true = 111, adv = 728
evaluating 876 of [870, 880)
attack: step 1/10, xent loss = 0.140605, l2 loss = 0.419794 (max 14.95), (true 537, predicted [537])
attack: step 2/10, xent loss = 0.043601, l2 loss = 0.810342 (max 14.95), (true 537, predicted [537])
attack: step 3/10, xent loss = 0.107176, l2 loss = 0.820847 (max 14.95), (true 537, predicted [537])
attack: step 4/10, xent loss = 0.100363, l2 loss = 0.896719 (max 14.95), (true 537, predicted [537])
attack: step 5/10, xent loss = 0.0836264, l2 loss = 1.02895 (max 14.95), (true 537, predicted [537])
attack: step 6/10, xent loss = 0.0739779, l2 loss = 1.10866 (max 14.95), (true 537, predicted [537])
attack: step 7/10, xent loss = 0.0370527, l2 loss = 1.1381 (max 14.95), (true 537, predicted [537])
attack: step 8/10, xent loss = 0.250341, l2 loss = 1.1447 (max 14.95), (true 537, predicted [537])
attack: step 9/10, xent loss = 0.0877004, l2 loss = 1.45435 (max 14.95), (true 537, predicted [537])
attack: step 10/10, xent loss = 0.150228, l2 loss = 1.54763 (max 14.95), (true 537, predicted [537])
true = 537, adv = 537
evaluating 877 of [870, 880)
attack: step 1/10, xent loss = 10.0359, l2 loss = 16.481 (max 14.95), (true 52, predicted [506])
attack: step 2/10, xent loss = 10.3074, l2 loss = 17.3421 (max 14.95), (true 52, predicted [506])
attack: step 3/10, xent loss = 13.8812, l2 loss = 17.8246 (max 14.95), (true 52, predicted [884])
attack: step 4/10, xent loss = 15.4883, l2 loss = 19.089 (max 14.95), (true 52, predicted [884])
attack: step 5/10, xent loss = 14.9183, l2 loss = 20.3457 (max 14.95), (true 52, predicted [884])
attack: step 6/10, xent loss = 15.3952, l2 loss = 22.6788 (max 14.95), (true 52, predicted [884])
attack: step 7/10, xent loss = 15.598, l2 loss = 23.2992 (max 14.95), (true 52, predicted [884])
attack: step 8/10, xent loss = 16.9227, l2 loss = 24.918 (max 14.95), (true 52, predicted [884])
attack: step 9/10, xent loss = 15.1991, l2 loss = 25.5945 (max 14.95), (true 52, predicted [884])
attack: step 10/10, xent loss = 15.0096, l2 loss = 27.708 (max 14.95), (true 52, predicted [884])
check failed
true = 52, adv = 884
evaluating 878 of [870, 880)
attack: step 1/10, xent loss = 31.1246, l2 loss = 25.338 (max 14.95), (true 199, predicted [728])
attack: step 2/10, xent loss = 30.6432, l2 loss = 27.0629 (max 14.95), (true 199, predicted [728])
attack: step 3/10, xent loss = 29.2622, l2 loss = 28.6258 (max 14.95), (true 199, predicted [728])
attack: step 4/10, xent loss = 34.7591, l2 loss = 30.6615 (max 14.95), (true 199, predicted [728])
attack: step 5/10, xent loss = 35.7253, l2 loss = 31.9382 (max 14.95), (true 199, predicted [728])
attack: step 6/10, xent loss = 33.2561, l2 loss = 33.3183 (max 14.95), (true 199, predicted [728])
attack: step 7/10, xent loss = 35.0621, l2 loss = 34.476 (max 14.95), (true 199, predicted [728])
attack: step 8/10, xent loss = 41.118, l2 loss = 35.8406 (max 14.95), (true 199, predicted [728])
attack: step 9/10, xent loss = 37.8227, l2 loss = 37.5063 (max 14.95), (true 199, predicted [728])
attack: step 10/10, xent loss = 38.3623, l2 loss = 38.9039 (max 14.95), (true 199, predicted [728])
check failed
true = 199, adv = 728
evaluating 879 of [870, 880)
attack: step 1/10, xent loss = 11.5739, l2 loss = 17.1451 (max 14.95), (true 978, predicted [970])
attack: step 2/10, xent loss = 11.4097, l2 loss = 17.7507 (max 14.95), (true 978, predicted [970])
attack: step 3/10, xent loss = 12.6122, l2 loss = 18.0949 (max 14.95), (true 978, predicted [970])
attack: step 4/10, xent loss = 12.663, l2 loss = 18.5242 (max 14.95), (true 978, predicted [970])
attack: step 5/10, xent loss = 13.5833, l2 loss = 19.4683 (max 14.95), (true 978, predicted [970])
attack: step 6/10, xent loss = 14.4344, l2 loss = 19.9481 (max 14.95), (true 978, predicted [970])
attack: step 7/10, xent loss = 12.9745, l2 loss = 20.558 (max 14.95), (true 978, predicted [970])
attack: step 8/10, xent loss = 14.609, l2 loss = 21.7591 (max 14.95), (true 978, predicted [970])
attack: step 9/10, xent loss = 14.6639, l2 loss = 22.447 (max 14.95), (true 978, predicted [970])
attack: step 10/10, xent loss = 14.3826, l2 loss = 23.1117 (max 14.95), (true 978, predicted [970])
check failed
true = 978, adv = 970
