2019-10-27 18:18:09.617842: I tensorflow/core/platform/cpu_feature_guard.cc:141] Your CPU supports instructions that this TensorFlow binary was not compiled to use: SSE4.1 SSE4.2 AVX AVX2 FMA
2019-10-27 18:18:09.738834: I tensorflow/core/platform/profile_utils/cpu_utils.cc:94] CPU Frequency: 2599725000 Hz
2019-10-27 18:18:09.741226: I tensorflow/compiler/xla/service/service.cc:150] XLA service 0x555559030580 executing computations on platform Host. Devices:
2019-10-27 18:18:09.741316: I tensorflow/compiler/xla/service/service.cc:158]   StreamExecutor device (0): <undefined>, <undefined>
2019-10-27 18:18:09.743341: I tensorflow/core/common_runtime/process_util.cc:71] Creating new thread pool with default inter op setting: 2. Tune using inter_op_parallelism_threads for best performance.
evaluating 50 of [50, 60)
attack: step 1/10, xent loss = 10.7505, l2 loss = 26.437 (max 14.95), (true 211, predicted [728])
unbound attack returning early
check failed
true = 211, adv = 728
evaluating 51 of [50, 60)
attack: step 1/10, xent loss = 6.80018, l2 loss = 24.0485 (max 14.95), (true 310, predicted [728])
unbound attack returning early
check failed
true = 310, adv = 414
evaluating 52 of [50, 60)
attack: step 1/10, xent loss = 6.0009, l2 loss = 21.8656 (max 14.95), (true 809, predicted [538])
unbound attack returning early
check failed
true = 809, adv = 879
evaluating 53 of [50, 60)
attack: step 1/10, xent loss = 7.09583, l2 loss = 21.647 (max 14.95), (true 978, predicted [701])
unbound attack returning early
check failed
true = 978, adv = 614
evaluating 54 of [50, 60)
attack: step 1/10, xent loss = 7.44105, l2 loss = 12.9637 (max 14.95), (true 819, predicted [557])
returning early
true = 819, adv = 578
evaluating 55 of [50, 60)
attack: step 1/10, xent loss = 7.42351, l2 loss = 7.76093 (max 14.95), (true 590, predicted [557])
returning early
true = 590, adv = 701
evaluating 56 of [50, 60)
attack: step 1/10, xent loss = 8.85685, l2 loss = 13.9405 (max 14.95), (true 181, predicted [728])
returning early
true = 181, adv = 728
evaluating 57 of [50, 60)
attack: step 1/10, xent loss = 8.22435, l2 loss = 14.8201 (max 14.95), (true 141, predicted [879])
returning early
true = 141, adv = 723
evaluating 58 of [50, 60)
attack: step 1/10, xent loss = 9.29023, l2 loss = 14.4321 (max 14.95), (true 391, predicted [557])
returning early
true = 391, adv = 557
evaluating 59 of [50, 60)
attack: step 1/10, xent loss = 12.0875, l2 loss = 27.5851 (max 14.95), (true 352, predicted [619])
unbound attack returning early
check failed
true = 352, adv = 619
