2019-11-03 22:06:45.748024: I tensorflow/core/platform/cpu_feature_guard.cc:141] Your CPU supports instructions that this TensorFlow binary was not compiled to use: SSE4.1 SSE4.2 AVX AVX2 FMA
2019-11-03 22:06:45.758098: I tensorflow/core/platform/profile_utils/cpu_utils.cc:94] CPU Frequency: 2600125000 Hz
2019-11-03 22:06:45.758338: I tensorflow/compiler/xla/service/service.cc:150] XLA service 0x5555590302e0 executing computations on platform Host. Devices:
2019-11-03 22:06:45.758375: I tensorflow/compiler/xla/service/service.cc:158]   StreamExecutor device (0): <undefined>, <undefined>
2019-11-03 22:06:45.758774: I tensorflow/core/common_runtime/process_util.cc:71] Creating new thread pool with default inter op setting: 2. Tune using inter_op_parallelism_threads for best performance.
evaluating 400 of [400, 410)
attack: step 1/1, xent loss = 0.030474, l2 loss = 6.8188 (max 14.95), (true 994, predicted [994])
true = 994, adv = 728
evaluating 401 of [400, 410)
attack: step 1/1, xent loss = 0.757708, l2 loss = 25.8335 (max 14.95), (true 285, predicted [285])
check failed
true = 285, adv = 728
evaluating 402 of [400, 410)
attack: step 1/1, xent loss = 0.0411131, l2 loss = 15.6883 (max 14.95), (true 158, predicted [158])
check failed
true = 158, adv = 158
evaluating 403 of [400, 410)
attack: step 1/1, xent loss = 0.0666611, l2 loss = 9.54466 (max 14.95), (true 234, predicted [234])
true = 234, adv = 601
evaluating 404 of [400, 410)
attack: step 1/1, xent loss = 4.76203, l2 loss = 18.4685 (max 14.95), (true 531, predicted [629])
check failed
true = 531, adv = 551
evaluating 405 of [400, 410)
attack: step 1/1, xent loss = 0.00110839, l2 loss = 9.4649 (max 14.95), (true 994, predicted [994])
true = 994, adv = 998
evaluating 406 of [400, 410)
attack: step 1/1, xent loss = 0.53266, l2 loss = 23.3765 (max 14.95), (true 466, predicted [466])
check failed
true = 466, adv = 582
evaluating 407 of [400, 410)
attack: step 1/1, xent loss = 0.00266661, l2 loss = 22.2721 (max 14.95), (true 707, predicted [707])
check failed
true = 707, adv = 894
evaluating 408 of [400, 410)
attack: step 1/1, xent loss = 0.583126, l2 loss = 23.2828 (max 14.95), (true 29, predicted [29])
check failed
true = 29, adv = 728
evaluating 409 of [400, 410)
attack: step 1/1, xent loss = 0.00478741, l2 loss = 10.6512 (max 14.95), (true 988, predicted [988])
true = 988, adv = 700
