2019-06-24 23:29:17.591409: I tensorflow/core/platform/cpu_feature_guard.cc:141] Your CPU supports instructions that this TensorFlow binary was not compiled to use: SSE4.1 SSE4.2 AVX AVX2 FMA
2019-06-24 23:29:19.109476: I tensorflow/core/platform/profile_utils/cpu_utils.cc:94] CPU Frequency: 2599945000 Hz
2019-06-24 23:29:19.122655: I tensorflow/compiler/xla/service/service.cc:150] XLA service 0x2aaae6ac0ac0 executing computations on platform Host. Devices:
2019-06-24 23:29:19.122700: I tensorflow/compiler/xla/service/service.cc:158]   StreamExecutor device (0): <undefined>, <undefined>
2019-06-24 23:29:19.123049: I tensorflow/core/common_runtime/process_util.cc:71] Creating new thread pool with default inter op setting: 2. Tune using inter_op_parallelism_threads for best performance.
evaluating 40 of [40, 50)
attack: step 1/10, xent loss = 5.35501, l2 loss = 6.307 (max 14.95), (true 31, predicted [46])
attack: step 2/10, xent loss = 5.75849, l2 loss = 6.62874 (max 14.95), (true 31, predicted [46])
attack: step 3/10, xent loss = 5.60259, l2 loss = 6.93184 (max 14.95), (true 31, predicted [46])
attack: step 4/10, xent loss = 6.01882, l2 loss = 7.62586 (max 14.95), (true 31, predicted [46])
attack: step 5/10, xent loss = 6.93226, l2 loss = 7.91748 (max 14.95), (true 31, predicted [46])
attack: step 6/10, xent loss = 8.0643, l2 loss = 8.37478 (max 14.95), (true 31, predicted [46])
attack: step 7/10, xent loss = 8.26972, l2 loss = 8.66645 (max 14.95), (true 31, predicted [46])
attack: step 8/10, xent loss = 8.43681, l2 loss = 8.89838 (max 14.95), (true 31, predicted [46])
attack: step 9/10, xent loss = 8.84415, l2 loss = 9.19104 (max 14.95), (true 31, predicted [46])
attack: step 10/10, xent loss = 9.34887, l2 loss = 9.3515 (max 14.95), (true 31, predicted [46])
true = 31, adv = 46
evaluating 41 of [40, 50)
attack: step 1/10, xent loss = 6.64442, l2 loss = 11.5932 (max 14.95), (true 994, predicted [94])
attack: step 2/10, xent loss = 8.26379, l2 loss = 11.893 (max 14.95), (true 994, predicted [94])
attack: step 3/10, xent loss = 6.99922, l2 loss = 12.1717 (max 14.95), (true 994, predicted [94])
attack: step 4/10, xent loss = 7.77752, l2 loss = 12.4025 (max 14.95), (true 994, predicted [94])
attack: step 5/10, xent loss = 7.71244, l2 loss = 12.8034 (max 14.95), (true 994, predicted [94])
attack: step 6/10, xent loss = 8.96503, l2 loss = 13.1892 (max 14.95), (true 994, predicted [94])
attack: step 7/10, xent loss = 7.97828, l2 loss = 13.4563 (max 14.95), (true 994, predicted [94])
attack: step 8/10, xent loss = 8.65325, l2 loss = 13.7159 (max 14.95), (true 994, predicted [94])
attack: step 9/10, xent loss = 9.23413, l2 loss = 14.0252 (max 14.95), (true 994, predicted [94])
attack: step 10/10, xent loss = 9.57755, l2 loss = 14.3523 (max 14.95), (true 994, predicted [94])
true = 994, adv = 94
evaluating 42 of [40, 50)
attack: step 1/10, xent loss = 7.1508, l2 loss = 8.12524 (max 14.95), (true 304, predicted [301])
attack: step 2/10, xent loss = 7.52143, l2 loss = 9.66318 (max 14.95), (true 304, predicted [301])
attack: step 3/10, xent loss = 8.45525, l2 loss = 10.7579 (max 14.95), (true 304, predicted [301])
attack: step 4/10, xent loss = 8.46513, l2 loss = 11.8533 (max 14.95), (true 304, predicted [301])
attack: step 5/10, xent loss = 9.37741, l2 loss = 12.7506 (max 14.95), (true 304, predicted [301])
attack: step 6/10, xent loss = 9.78234, l2 loss = 13.9919 (max 14.95), (true 304, predicted [301])
attack: step 7/10, xent loss = 10.0303, l2 loss = 14.7795 (max 14.95), (true 304, predicted [301])
attack: step 8/10, xent loss = 10.0845, l2 loss = 15.606 (max 14.95), (true 304, predicted [301])
attack: step 9/10, xent loss = 12.6567, l2 loss = 16.5635 (max 14.95), (true 304, predicted [301])
attack: step 10/10, xent loss = 12.3368, l2 loss = 17.0142 (max 14.95), (true 304, predicted [301])
check failed
true = 304, adv = 301
evaluating 43 of [40, 50)
attack: step 1/10, xent loss = 19.5872, l2 loss = 17.2944 (max 14.95), (true 761, predicted [927])
attack: step 2/10, xent loss = 19.6349, l2 loss = 18.7196 (max 14.95), (true 761, predicted [927])
attack: step 3/10, xent loss = 20.1011, l2 loss = 19.7374 (max 14.95), (true 761, predicted [927])
attack: step 4/10, xent loss = 19.6722, l2 loss = 20.3312 (max 14.95), (true 761, predicted [927])
attack: step 5/10, xent loss = 21.7159, l2 loss = 21.3915 (max 14.95), (true 761, predicted [927])
attack: step 6/10, xent loss = 16.9868, l2 loss = 22.2063 (max 14.95), (true 761, predicted [927])
attack: step 7/10, xent loss = 19.1783, l2 loss = 24.303 (max 14.95), (true 761, predicted [927])
attack: step 8/10, xent loss = 20.7717, l2 loss = 24.9264 (max 14.95), (true 761, predicted [927])
attack: step 9/10, xent loss = 21.5995, l2 loss = 25.8522 (max 14.95), (true 761, predicted [927])
attack: step 10/10, xent loss = 22.9288, l2 loss = 26.397 (max 14.95), (true 761, predicted [927])
check failed
true = 761, adv = 927
evaluating 44 of [40, 50)
attack: step 1/10, xent loss = 0.0232883, l2 loss = 0.113436 (max 14.95), (true 251, predicted [251])
attack: step 2/10, xent loss = 0.030886, l2 loss = 0.122139 (max 14.95), (true 251, predicted [251])
attack: step 3/10, xent loss = 0.0176107, l2 loss = 0.135512 (max 14.95), (true 251, predicted [251])
attack: step 4/10, xent loss = 0.0114482, l2 loss = 0.141648 (max 14.95), (true 251, predicted [251])
attack: step 5/10, xent loss = 0.0134067, l2 loss = 0.144251 (max 14.95), (true 251, predicted [251])
attack: step 6/10, xent loss = 0.0323662, l2 loss = 0.147942 (max 14.95), (true 251, predicted [251])
attack: step 7/10, xent loss = 0.0201908, l2 loss = 0.163469 (max 14.95), (true 251, predicted [251])
attack: step 8/10, xent loss = 0.0268923, l2 loss = 0.168122 (max 14.95), (true 251, predicted [251])
attack: step 9/10, xent loss = 0.0200244, l2 loss = 0.176619 (max 14.95), (true 251, predicted [251])
attack: step 10/10, xent loss = 0.0188622, l2 loss = 0.182811 (max 14.95), (true 251, predicted [251])
true = 251, adv = 251
evaluating 45 of [40, 50)
attack: step 1/10, xent loss = 16.6367, l2 loss = 17.5832 (max 14.95), (true 131, predicted [412])
attack: step 2/10, xent loss = 17.0384, l2 loss = 19.0809 (max 14.95), (true 131, predicted [412])
attack: step 3/10, xent loss = 19.0875, l2 loss = 20.4573 (max 14.95), (true 131, predicted [412])
attack: step 4/10, xent loss = 19.5381, l2 loss = 21.3059 (max 14.95), (true 131, predicted [412])
attack: step 5/10, xent loss = 20.4086, l2 loss = 22.3422 (max 14.95), (true 131, predicted [412])
attack: step 6/10, xent loss = 18.818, l2 loss = 23.5638 (max 14.95), (true 131, predicted [412])
attack: step 7/10, xent loss = 21.0712, l2 loss = 24.646 (max 14.95), (true 131, predicted [412])
attack: step 8/10, xent loss = 24.2379, l2 loss = 25.9953 (max 14.95), (true 131, predicted [412])
attack: step 9/10, xent loss = 23.8397, l2 loss = 27.0221 (max 14.95), (true 131, predicted [412])
attack: step 10/10, xent loss = 22.5059, l2 loss = 28.07 (max 14.95), (true 131, predicted [412])
check failed
true = 131, adv = 412
evaluating 46 of [40, 50)
attack: step 1/10, xent loss = 22.0619, l2 loss = 21.9073 (max 14.95), (true 835, predicted [669])
attack: step 2/10, xent loss = 23.5896, l2 loss = 23.2371 (max 14.95), (true 835, predicted [669])
attack: step 3/10, xent loss = 24.4946, l2 loss = 24.2387 (max 14.95), (true 835, predicted [669])
attack: step 4/10, xent loss = 24.4055, l2 loss = 26.2897 (max 14.95), (true 835, predicted [669])
attack: step 5/10, xent loss = 24.912, l2 loss = 27.6557 (max 14.95), (true 835, predicted [669])
attack: step 6/10, xent loss = 21.1594, l2 loss = 29.5182 (max 14.95), (true 835, predicted [669])
attack: step 7/10, xent loss = 21.3642, l2 loss = 31.8022 (max 14.95), (true 835, predicted [669])
attack: step 8/10, xent loss = 26.1096, l2 loss = 32.6982 (max 14.95), (true 835, predicted [669])
attack: step 9/10, xent loss = 26.8946, l2 loss = 33.3069 (max 14.95), (true 835, predicted [669])
attack: step 10/10, xent loss = 26.1378, l2 loss = 34.1917 (max 14.95), (true 835, predicted [669])
check failed
true = 835, adv = 669
evaluating 47 of [40, 50)
attack: step 1/10, xent loss = 16.811, l2 loss = 17.8088 (max 14.95), (true 826, predicted [481])
attack: step 2/10, xent loss = 19.594, l2 loss = 18.6183 (max 14.95), (true 826, predicted [481])
attack: step 3/10, xent loss = 19.4111, l2 loss = 19.1775 (max 14.95), (true 826, predicted [481])
attack: step 4/10, xent loss = 22.1835, l2 loss = 20.176 (max 14.95), (true 826, predicted [481])
attack: step 5/10, xent loss = 21.7451, l2 loss = 20.8703 (max 14.95), (true 826, predicted [481])
attack: step 6/10, xent loss = 23.5877, l2 loss = 21.7667 (max 14.95), (true 826, predicted [481])
attack: step 7/10, xent loss = 23.9022, l2 loss = 22.3899 (max 14.95), (true 826, predicted [481])
attack: step 8/10, xent loss = 22.6144, l2 loss = 22.8897 (max 14.95), (true 826, predicted [481])
attack: step 9/10, xent loss = 24.1985, l2 loss = 23.6842 (max 14.95), (true 826, predicted [481])
attack: step 10/10, xent loss = 26.9815, l2 loss = 24.2735 (max 14.95), (true 826, predicted [481])
check failed
true = 826, adv = 481
evaluating 48 of [40, 50)
attack: step 1/10, xent loss = 37.7375, l2 loss = 26.5329 (max 14.95), (true 499, predicted [728])
attack: step 2/10, xent loss = 38.974, l2 loss = 28.1202 (max 14.95), (true 499, predicted [728])
attack: step 3/10, xent loss = 38.6306, l2 loss = 29.7324 (max 14.95), (true 499, predicted [728])
attack: step 4/10, xent loss = 41.6273, l2 loss = 31.1002 (max 14.95), (true 499, predicted [728])
attack: step 5/10, xent loss = 40.6242, l2 loss = 32.7756 (max 14.95), (true 499, predicted [728])
attack: step 6/10, xent loss = 42.9258, l2 loss = 34.354 (max 14.95), (true 499, predicted [728])
attack: step 7/10, xent loss = 39.1358, l2 loss = 36.1381 (max 14.95), (true 499, predicted [728])
attack: step 8/10, xent loss = 39.138, l2 loss = 37.9671 (max 14.95), (true 499, predicted [728])
attack: step 9/10, xent loss = 46.195, l2 loss = 39.1869 (max 14.95), (true 499, predicted [728])
attack: step 10/10, xent loss = 44.9003, l2 loss = 40.215 (max 14.95), (true 499, predicted [728])
check failed
true = 499, adv = 728
evaluating 49 of [40, 50)
attack: step 1/10, xent loss = 11.3372, l2 loss = 12.2874 (max 14.95), (true 24, predicted [643])
attack: step 2/10, xent loss = 11.9973, l2 loss = 12.765 (max 14.95), (true 24, predicted [643])
attack: step 3/10, xent loss = 13.3903, l2 loss = 13.8355 (max 14.95), (true 24, predicted [643])
attack: step 4/10, xent loss = 13.6844, l2 loss = 14.4247 (max 14.95), (true 24, predicted [643])
attack: step 5/10, xent loss = 12.9872, l2 loss = 15.1673 (max 14.95), (true 24, predicted [643])
attack: step 6/10, xent loss = 14.3122, l2 loss = 16.2838 (max 14.95), (true 24, predicted [643])
attack: step 7/10, xent loss = 15.8827, l2 loss = 16.6926 (max 14.95), (true 24, predicted [643])
attack: step 8/10, xent loss = 16.4929, l2 loss = 17.2163 (max 14.95), (true 24, predicted [643])
attack: step 9/10, xent loss = 16.756, l2 loss = 17.8631 (max 14.95), (true 24, predicted [643])
attack: step 10/10, xent loss = 18.0378, l2 loss = 18.3556 (max 14.95), (true 24, predicted [643])
check failed
true = 24, adv = 643
