2019-06-28 06:36:06.865046: I tensorflow/core/platform/cpu_feature_guard.cc:141] Your CPU supports instructions that this TensorFlow binary was not compiled to use: SSE4.1 SSE4.2 AVX AVX2 FMA
2019-06-28 06:36:09.895893: I tensorflow/core/platform/profile_utils/cpu_utils.cc:94] CPU Frequency: 2600190000 Hz
2019-06-28 06:36:09.896797: I tensorflow/compiler/xla/service/service.cc:150] XLA service 0x2aaae6fc1950 executing computations on platform Host. Devices:
2019-06-28 06:36:09.896917: I tensorflow/compiler/xla/service/service.cc:158]   StreamExecutor device (0): <undefined>, <undefined>
2019-06-28 06:36:09.897809: I tensorflow/core/common_runtime/process_util.cc:71] Creating new thread pool with default inter op setting: 2. Tune using inter_op_parallelism_threads for best performance.
evaluating 390 of [390, 400)
attack: step 1/10, xent loss = 10.4465, l2 loss = 10.1116 (max 14.95), (true 67, predicted [692])
attack: step 2/10, xent loss = 10.9054, l2 loss = 10.7928 (max 14.95), (true 67, predicted [692])
attack: step 3/10, xent loss = 9.67894, l2 loss = 11.5497 (max 14.95), (true 67, predicted [692])
attack: step 4/10, xent loss = 11.4719, l2 loss = 12.1337 (max 14.95), (true 67, predicted [692])
attack: step 5/10, xent loss = 11.6054, l2 loss = 12.7987 (max 14.95), (true 67, predicted [692])
attack: step 6/10, xent loss = 10.2371, l2 loss = 13.3194 (max 14.95), (true 67, predicted [692])
attack: step 7/10, xent loss = 12.2505, l2 loss = 13.8427 (max 14.95), (true 67, predicted [692])
attack: step 8/10, xent loss = 12.42, l2 loss = 14.5787 (max 14.95), (true 67, predicted [692])
attack: step 9/10, xent loss = 13.5748, l2 loss = 15.0806 (max 14.95), (true 67, predicted [692])
attack: step 10/10, xent loss = 12.8503, l2 loss = 15.5724 (max 14.95), (true 67, predicted [692])
check failed
true = 67, adv = 692
evaluating 391 of [390, 400)
attack: step 1/10, xent loss = 2.08002, l2 loss = 3.83887 (max 14.95), (true 87, predicted [87])
attack: step 2/10, xent loss = 3.53849, l2 loss = 6.70326 (max 14.95), (true 87, predicted [728])
attack: step 3/10, xent loss = 3.95267, l2 loss = 7.88704 (max 14.95), (true 87, predicted [728])
attack: step 4/10, xent loss = 5.06568, l2 loss = 8.4824 (max 14.95), (true 87, predicted [616])
attack: step 5/10, xent loss = 5.47538, l2 loss = 8.8 (max 14.95), (true 87, predicted [728])
attack: step 6/10, xent loss = 5.51507, l2 loss = 9.16707 (max 14.95), (true 87, predicted [399])
attack: step 7/10, xent loss = 5.45954, l2 loss = 9.58049 (max 14.95), (true 87, predicted [840])
attack: step 8/10, xent loss = 6.33334, l2 loss = 9.77143 (max 14.95), (true 87, predicted [728])
attack: step 9/10, xent loss = 6.34293, l2 loss = 9.96496 (max 14.95), (true 87, predicted [399])
attack: step 10/10, xent loss = 5.93416, l2 loss = 10.3105 (max 14.95), (true 87, predicted [728])
true = 87, adv = 728
evaluating 392 of [390, 400)
attack: step 1/10, xent loss = 0.0722396, l2 loss = 1.32312 (max 14.95), (true 607, predicted [607])
attack: step 2/10, xent loss = 0.146045, l2 loss = 1.36459 (max 14.95), (true 607, predicted [607])
attack: step 3/10, xent loss = 0.0881966, l2 loss = 1.5127 (max 14.95), (true 607, predicted [607])
attack: step 4/10, xent loss = 0.120379, l2 loss = 1.56197 (max 14.95), (true 607, predicted [607])
attack: step 5/10, xent loss = 0.133842, l2 loss = 1.71728 (max 14.95), (true 607, predicted [607])
attack: step 6/10, xent loss = 0.0866793, l2 loss = 1.84952 (max 14.95), (true 607, predicted [607])
attack: step 7/10, xent loss = 0.157521, l2 loss = 1.90047 (max 14.95), (true 607, predicted [607])
attack: step 8/10, xent loss = 0.247074, l2 loss = 2.02596 (max 14.95), (true 607, predicted [607])
attack: step 9/10, xent loss = 0.184024, l2 loss = 2.35214 (max 14.95), (true 607, predicted [607])
attack: step 10/10, xent loss = 0.137468, l2 loss = 2.46669 (max 14.95), (true 607, predicted [607])
true = 607, adv = 607
evaluating 393 of [390, 400)
attack: step 1/10, xent loss = 8.16801, l2 loss = 17.1662 (max 14.95), (true 807, predicted [780])
attack: step 2/10, xent loss = 10.1778, l2 loss = 18.0901 (max 14.95), (true 807, predicted [780])
attack: step 3/10, xent loss = 9.65303, l2 loss = 18.4116 (max 14.95), (true 807, predicted [780])
attack: step 4/10, xent loss = 10.4497, l2 loss = 18.9953 (max 14.95), (true 807, predicted [780])
attack: step 5/10, xent loss = 8.58366, l2 loss = 19.532 (max 14.95), (true 807, predicted [780])
attack: step 6/10, xent loss = 8.39422, l2 loss = 21.2842 (max 14.95), (true 807, predicted [780])
attack: step 7/10, xent loss = 9.89032, l2 loss = 22.3642 (max 14.95), (true 807, predicted [780])
attack: step 8/10, xent loss = 10.6522, l2 loss = 22.7037 (max 14.95), (true 807, predicted [780])
attack: step 9/10, xent loss = 11.629, l2 loss = 23.2165 (max 14.95), (true 807, predicted [780])
attack: step 10/10, xent loss = 10.5167, l2 loss = 23.5619 (max 14.95), (true 807, predicted [780])
check failed
true = 807, adv = 780
evaluating 394 of [390, 400)
attack: step 1/10, xent loss = 9.69049, l2 loss = 11.8628 (max 14.95), (true 547, predicted [779])
attack: step 2/10, xent loss = 9.74757, l2 loss = 12.2751 (max 14.95), (true 547, predicted [779])
attack: step 3/10, xent loss = 9.48285, l2 loss = 12.695 (max 14.95), (true 547, predicted [779])
attack: step 4/10, xent loss = 9.75435, l2 loss = 13.0734 (max 14.95), (true 547, predicted [779])
attack: step 5/10, xent loss = 10.5122, l2 loss = 13.4949 (max 14.95), (true 547, predicted [779])
attack: step 6/10, xent loss = 10.4721, l2 loss = 13.9049 (max 14.95), (true 547, predicted [779])
attack: step 7/10, xent loss = 10.735, l2 loss = 14.3176 (max 14.95), (true 547, predicted [779])
attack: step 8/10, xent loss = 11.453, l2 loss = 14.5847 (max 14.95), (true 547, predicted [779])
attack: step 9/10, xent loss = 11.0498, l2 loss = 14.8003 (max 14.95), (true 547, predicted [779])
attack: step 10/10, xent loss = 10.0997, l2 loss = 15.1501 (max 14.95), (true 547, predicted [779])
check failed
true = 547, adv = 779
evaluating 395 of [390, 400)
attack: step 1/10, xent loss = 0.0513597, l2 loss = 1.02461 (max 14.95), (true 96, predicted [96])
attack: step 2/10, xent loss = 0.0477976, l2 loss = 1.03586 (max 14.95), (true 96, predicted [96])
attack: step 3/10, xent loss = 0.0333021, l2 loss = 1.04455 (max 14.95), (true 96, predicted [96])
attack: step 4/10, xent loss = 0.13239, l2 loss = 1.04986 (max 14.95), (true 96, predicted [96])
attack: step 5/10, xent loss = 0.125107, l2 loss = 1.2092 (max 14.95), (true 96, predicted [96])
attack: step 6/10, xent loss = 0.170142, l2 loss = 1.28317 (max 14.95), (true 96, predicted [96])
attack: step 7/10, xent loss = 0.505283, l2 loss = 1.46963 (max 14.95), (true 96, predicted [96])
attack: step 8/10, xent loss = 0.0986763, l2 loss = 2.11479 (max 14.95), (true 96, predicted [96])
attack: step 9/10, xent loss = 0.273882, l2 loss = 2.15415 (max 14.95), (true 96, predicted [96])
attack: step 10/10, xent loss = 0.300861, l2 loss = 2.42038 (max 14.95), (true 96, predicted [96])
true = 96, adv = 96
evaluating 396 of [390, 400)
attack: step 1/10, xent loss = 8.33667, l2 loss = 9.70946 (max 14.95), (true 533, predicted [692])
attack: step 2/10, xent loss = 8.95797, l2 loss = 10.2516 (max 14.95), (true 533, predicted [692])
attack: step 3/10, xent loss = 12.1521, l2 loss = 11.1226 (max 14.95), (true 533, predicted [692])
attack: step 4/10, xent loss = 12.6456, l2 loss = 12.4438 (max 14.95), (true 533, predicted [692])
attack: step 5/10, xent loss = 13.5898, l2 loss = 13.5091 (max 14.95), (true 533, predicted [692])
attack: step 6/10, xent loss = 12.7674, l2 loss = 14.3226 (max 14.95), (true 533, predicted [692])
attack: step 7/10, xent loss = 14.531, l2 loss = 15.2705 (max 14.95), (true 533, predicted [692])
attack: step 8/10, xent loss = 17.5972, l2 loss = 16.5822 (max 14.95), (true 533, predicted [692])
attack: step 9/10, xent loss = 17.4078, l2 loss = 17.3111 (max 14.95), (true 533, predicted [692])
attack: step 10/10, xent loss = 15.7226, l2 loss = 18.2857 (max 14.95), (true 533, predicted [692])
check failed
true = 533, adv = 692
evaluating 397 of [390, 400)
attack: step 1/10, xent loss = 8.01182, l2 loss = 13.8445 (max 14.95), (true 510, predicted [692])
attack: step 2/10, xent loss = 8.38699, l2 loss = 14.1672 (max 14.95), (true 510, predicted [927])
attack: step 3/10, xent loss = 8.4443, l2 loss = 14.4903 (max 14.95), (true 510, predicted [728])
attack: step 4/10, xent loss = 7.89829, l2 loss = 14.7306 (max 14.95), (true 510, predicted [728])
attack: step 5/10, xent loss = 8.31887, l2 loss = 14.8898 (max 14.95), (true 510, predicted [965])
attack: step 6/10, xent loss = 8.39927, l2 loss = 15.2248 (max 14.95), (true 510, predicted [728])
attack: step 7/10, xent loss = 8.58238, l2 loss = 15.5712 (max 14.95), (true 510, predicted [728])
attack: step 8/10, xent loss = 9.40429, l2 loss = 15.8978 (max 14.95), (true 510, predicted [728])
attack: step 9/10, xent loss = 9.72378, l2 loss = 16.9537 (max 14.95), (true 510, predicted [728])
attack: step 10/10, xent loss = 8.9838, l2 loss = 17.8809 (max 14.95), (true 510, predicted [692])
check failed
true = 510, adv = 728
evaluating 398 of [390, 400)
attack: step 1/10, xent loss = 0.0582994, l2 loss = 0.450719 (max 14.95), (true 465, predicted [465])
attack: step 2/10, xent loss = 0.0856901, l2 loss = 0.472834 (max 14.95), (true 465, predicted [465])
attack: step 3/10, xent loss = 0.0685159, l2 loss = 0.522881 (max 14.95), (true 465, predicted [465])
attack: step 4/10, xent loss = 0.115004, l2 loss = 0.54655 (max 14.95), (true 465, predicted [465])
attack: step 5/10, xent loss = 0.0799915, l2 loss = 0.589728 (max 14.95), (true 465, predicted [465])
attack: step 6/10, xent loss = 0.0514884, l2 loss = 0.629498 (max 14.95), (true 465, predicted [465])
attack: step 7/10, xent loss = 0.0556244, l2 loss = 0.647537 (max 14.95), (true 465, predicted [465])
attack: step 8/10, xent loss = 0.0542042, l2 loss = 0.664488 (max 14.95), (true 465, predicted [465])
attack: step 9/10, xent loss = 0.0927691, l2 loss = 0.683939 (max 14.95), (true 465, predicted [465])
attack: step 10/10, xent loss = 0.0839695, l2 loss = 0.721746 (max 14.95), (true 465, predicted [465])
true = 465, adv = 465
evaluating 399 of [390, 400)
attack: step 1/10, xent loss = 12.906, l2 loss = 20.4686 (max 14.95), (true 410, predicted [728])
attack: step 2/10, xent loss = 17.2563, l2 loss = 21.552 (max 14.95), (true 410, predicted [728])
attack: step 3/10, xent loss = 16.2925, l2 loss = 22.1351 (max 14.95), (true 410, predicted [728])
attack: step 4/10, xent loss = 16.3636, l2 loss = 22.5846 (max 14.95), (true 410, predicted [728])
attack: step 5/10, xent loss = 16.8489, l2 loss = 23.3274 (max 14.95), (true 410, predicted [728])
attack: step 6/10, xent loss = 16.7133, l2 loss = 23.9838 (max 14.95), (true 410, predicted [728])
attack: step 7/10, xent loss = 18.4773, l2 loss = 24.6491 (max 14.95), (true 410, predicted [728])
attack: step 8/10, xent loss = 16.1539, l2 loss = 25.317 (max 14.95), (true 410, predicted [728])
attack: step 9/10, xent loss = 20.8075, l2 loss = 26.0076 (max 14.95), (true 410, predicted [728])
attack: step 10/10, xent loss = 19.117, l2 loss = 26.6494 (max 14.95), (true 410, predicted [728])
check failed
true = 410, adv = 728
