2019-05-27 13:33:33.087282: I tensorflow/core/platform/cpu_feature_guard.cc:141] Your CPU supports instructions that this TensorFlow binary was not compiled to use: SSE4.1 SSE4.2 AVX AVX2 FMA
2019-05-27 13:33:33.766014: I tensorflow/core/platform/profile_utils/cpu_utils.cc:94] CPU Frequency: 2600030000 Hz
2019-05-27 13:33:33.776481: I tensorflow/compiler/xla/service/service.cc:150] XLA service 0x2aaae6d4ae00 executing computations on platform Host. Devices:
2019-05-27 13:33:33.776527: I tensorflow/compiler/xla/service/service.cc:158]   StreamExecutor device (0): <undefined>, <undefined>
2019-05-27 13:33:33.776869: I tensorflow/core/common_runtime/process_util.cc:71] Creating new thread pool with default inter op setting: 2. Tune using inter_op_parallelism_threads for best performance.
evaluating 870 of [870, 880)
attack: step 1/10, xent loss = 3.92831, l2 loss = 0 (max 14.95), (true 835, predicted [470])
attack: step 2/10, xent loss = 5.10031, l2 loss = 4.91928 (max 14.95), (true 835, predicted [677])
attack: step 3/10, xent loss = 6.11692, l2 loss = 8.13114 (max 14.95), (true 835, predicted [509])
attack: step 4/10, xent loss = 6.1513, l2 loss = 9.17833 (max 14.95), (true 835, predicted [509])
attack: step 5/10, xent loss = 7.67989, l2 loss = 10.0402 (max 14.95), (true 835, predicted [509])
attack: step 6/10, xent loss = 8.11977, l2 loss = 10.3797 (max 14.95), (true 835, predicted [509])
attack: step 7/10, xent loss = 9.44655, l2 loss = 10.8019 (max 14.95), (true 835, predicted [509])
attack: step 8/10, xent loss = 8.8209, l2 loss = 11.3871 (max 14.95), (true 835, predicted [509])
attack: step 9/10, xent loss = 8.65414, l2 loss = 11.7605 (max 14.95), (true 835, predicted [509])
attack: step 10/10, xent loss = 9.12569, l2 loss = 12.1377 (max 14.95), (true 835, predicted [509])
true = 835, adv = 509
evaluating 871 of [870, 880)
attack: step 1/10, xent loss = 5.28279, l2 loss = 0 (max 14.95), (true 369, predicted [400])
attack: step 2/10, xent loss = 6.13638, l2 loss = 3.91396 (max 14.95), (true 369, predicted [797])
attack: step 3/10, xent loss = 6.33742, l2 loss = 4.64188 (max 14.95), (true 369, predicted [400])
attack: step 4/10, xent loss = 6.22708, l2 loss = 5.25944 (max 14.95), (true 369, predicted [667])
attack: step 5/10, xent loss = 7.11835, l2 loss = 6.04387 (max 14.95), (true 369, predicted [667])
attack: step 6/10, xent loss = 7.81881, l2 loss = 6.54645 (max 14.95), (true 369, predicted [400])
attack: step 7/10, xent loss = 8.01844, l2 loss = 7.73254 (max 14.95), (true 369, predicted [667])
attack: step 8/10, xent loss = 8.5087, l2 loss = 8.38854 (max 14.95), (true 369, predicted [728])
attack: step 9/10, xent loss = 9.83162, l2 loss = 9.07063 (max 14.95), (true 369, predicted [728])
attack: step 10/10, xent loss = 10.7736, l2 loss = 9.81579 (max 14.95), (true 369, predicted [728])
true = 369, adv = 728
evaluating 872 of [870, 880)
attack: step 1/10, xent loss = 2.7827, l2 loss = 0 (max 14.95), (true 345, predicted [690])
attack: step 2/10, xent loss = 2.13258, l2 loss = 2.40002 (max 14.95), (true 345, predicted [690])
attack: step 3/10, xent loss = 2.22066, l2 loss = 3.81512 (max 14.95), (true 345, predicted [690])
attack: step 4/10, xent loss = 3.16852, l2 loss = 4.345 (max 14.95), (true 345, predicted [690])
attack: step 5/10, xent loss = 3.17193, l2 loss = 5.08868 (max 14.95), (true 345, predicted [690])
attack: step 6/10, xent loss = 3.44915, l2 loss = 5.67097 (max 14.95), (true 345, predicted [690])
attack: step 7/10, xent loss = 2.73254, l2 loss = 6.27648 (max 14.95), (true 345, predicted [690])
attack: step 8/10, xent loss = 3.44134, l2 loss = 6.76914 (max 14.95), (true 345, predicted [690])
attack: step 9/10, xent loss = 4.57198, l2 loss = 7.25572 (max 14.95), (true 345, predicted [690])
attack: step 10/10, xent loss = 4.36599, l2 loss = 7.82907 (max 14.95), (true 345, predicted [690])
true = 345, adv = 690
evaluating 873 of [870, 880)
attack: step 1/10, xent loss = 0.389241, l2 loss = 0 (max 14.95), (true 648, predicted [648])
attack: step 2/10, xent loss = 0.768212, l2 loss = 2.42539 (max 14.95), (true 648, predicted [648])
attack: step 3/10, xent loss = 0.429201, l2 loss = 4.26807 (max 14.95), (true 648, predicted [648])
attack: step 4/10, xent loss = 2.63061, l2 loss = 4.69665 (max 14.95), (true 648, predicted [470])
attack: step 5/10, xent loss = 2.75314, l2 loss = 8.57124 (max 14.95), (true 648, predicted [470])
attack: step 6/10, xent loss = 5.46945, l2 loss = 10.8842 (max 14.95), (true 648, predicted [470])
attack: step 7/10, xent loss = 13.3768, l2 loss = 14.0236 (max 14.95), (true 648, predicted [470])
attack: step 8/10, xent loss = 17.129, l2 loss = 16.8729 (max 14.95), (true 648, predicted [470])
attack: step 9/10, xent loss = 16.6955, l2 loss = 20.3824 (max 14.95), (true 648, predicted [470])
attack: step 10/10, xent loss = 18.3546, l2 loss = 22.448 (max 14.95), (true 648, predicted [470])
check failed
true = 648, adv = 470
evaluating 874 of [870, 880)
attack: step 1/10, xent loss = 1.48235, l2 loss = 0 (max 14.95), (true 214, predicted [214])
attack: step 2/10, xent loss = 4.54334, l2 loss = 4.3302 (max 14.95), (true 214, predicted [236])
attack: step 3/10, xent loss = 5.32449, l2 loss = 5.78507 (max 14.95), (true 214, predicted [234])
attack: step 4/10, xent loss = 6.55417, l2 loss = 6.77375 (max 14.95), (true 214, predicted [234])
attack: step 5/10, xent loss = 6.11446, l2 loss = 7.303 (max 14.95), (true 214, predicted [234])
attack: step 6/10, xent loss = 5.48368, l2 loss = 7.70588 (max 14.95), (true 214, predicted [236])
attack: step 7/10, xent loss = 6.23843, l2 loss = 9.11126 (max 14.95), (true 214, predicted [234])
attack: step 8/10, xent loss = 6.09267, l2 loss = 9.36473 (max 14.95), (true 214, predicted [236])
attack: step 9/10, xent loss = 6.88366, l2 loss = 9.77408 (max 14.95), (true 214, predicted [234])
attack: step 10/10, xent loss = 5.67984, l2 loss = 10.1143 (max 14.95), (true 214, predicted [234])
true = 214, adv = 234
evaluating 875 of [870, 880)
attack: step 1/10, xent loss = 1.52724, l2 loss = 0 (max 14.95), (true 111, predicted [111])
attack: step 2/10, xent loss = 7.14612, l2 loss = 4.58254 (max 14.95), (true 111, predicted [728])
attack: step 3/10, xent loss = 10.6277, l2 loss = 8.43361 (max 14.95), (true 111, predicted [728])
attack: step 4/10, xent loss = 12.8142, l2 loss = 12.486 (max 14.95), (true 111, predicted [728])
attack: step 5/10, xent loss = 21.1356, l2 loss = 15.5731 (max 14.95), (true 111, predicted [728])
attack: step 6/10, xent loss = 23.9921, l2 loss = 18.2711 (max 14.95), (true 111, predicted [728])
attack: step 7/10, xent loss = 24.6449, l2 loss = 20.5905 (max 14.95), (true 111, predicted [728])
attack: step 8/10, xent loss = 31.1618, l2 loss = 23.0794 (max 14.95), (true 111, predicted [728])
attack: step 9/10, xent loss = 27.4217, l2 loss = 25.5659 (max 14.95), (true 111, predicted [728])
attack: step 10/10, xent loss = 30.7506, l2 loss = 27.4489 (max 14.95), (true 111, predicted [728])
check failed
true = 111, adv = 728
evaluating 876 of [870, 880)
attack: step 1/10, xent loss = 0.041401, l2 loss = 0 (max 14.95), (true 537, predicted [537])
attack: step 2/10, xent loss = 0.0248475, l2 loss = 0.118963 (max 14.95), (true 537, predicted [537])
attack: step 3/10, xent loss = 0.0607195, l2 loss = 0.136481 (max 14.95), (true 537, predicted [537])
attack: step 4/10, xent loss = 0.0942466, l2 loss = 0.217987 (max 14.95), (true 537, predicted [537])
attack: step 5/10, xent loss = 0.119555, l2 loss = 0.313157 (max 14.95), (true 537, predicted [537])
attack: step 6/10, xent loss = 0.0710199, l2 loss = 0.421993 (max 14.95), (true 537, predicted [537])
attack: step 7/10, xent loss = 0.0593372, l2 loss = 0.490196 (max 14.95), (true 537, predicted [537])
attack: step 8/10, xent loss = 0.0495837, l2 loss = 0.52067 (max 14.95), (true 537, predicted [537])
attack: step 9/10, xent loss = 0.0655328, l2 loss = 0.549814 (max 14.95), (true 537, predicted [537])
attack: step 10/10, xent loss = 0.0549814, l2 loss = 0.602331 (max 14.95), (true 537, predicted [537])
true = 537, adv = 537
evaluating 877 of [870, 880)
attack: step 1/10, xent loss = 1.20978, l2 loss = 0 (max 14.95), (true 52, predicted [52])
attack: step 2/10, xent loss = 5.96499, l2 loss = 5.06228 (max 14.95), (true 52, predicted [64])
attack: step 3/10, xent loss = 6.68743, l2 loss = 6.40652 (max 14.95), (true 52, predicted [55])
attack: step 4/10, xent loss = 7.70254, l2 loss = 7.24956 (max 14.95), (true 52, predicted [64])
attack: step 5/10, xent loss = 8.87935, l2 loss = 7.95557 (max 14.95), (true 52, predicted [64])
attack: step 6/10, xent loss = 8.92601, l2 loss = 9.05709 (max 14.95), (true 52, predicted [64])
attack: step 7/10, xent loss = 7.75957, l2 loss = 11.089 (max 14.95), (true 52, predicted [64])
attack: step 8/10, xent loss = 12.0929, l2 loss = 12.8694 (max 14.95), (true 52, predicted [64])
attack: step 9/10, xent loss = 10.6561, l2 loss = 14.015 (max 14.95), (true 52, predicted [64])
attack: step 10/10, xent loss = 8.39498, l2 loss = 16.8148 (max 14.95), (true 52, predicted [64])
check failed
true = 52, adv = 64
evaluating 878 of [870, 880)
attack: step 1/10, xent loss = 0.510331, l2 loss = 0 (max 14.95), (true 199, predicted [199])
attack: step 2/10, xent loss = 1.41455, l2 loss = 3.00039 (max 14.95), (true 199, predicted [199])
attack: step 3/10, xent loss = 6.92001, l2 loss = 7.64053 (max 14.95), (true 199, predicted [797])
attack: step 4/10, xent loss = 7.69256, l2 loss = 8.92954 (max 14.95), (true 199, predicted [412])
attack: step 5/10, xent loss = 8.5526, l2 loss = 9.52924 (max 14.95), (true 199, predicted [412])
attack: step 6/10, xent loss = 9.46269, l2 loss = 10.5129 (max 14.95), (true 199, predicted [728])
attack: step 7/10, xent loss = 15.0752, l2 loss = 12.8348 (max 14.95), (true 199, predicted [728])
attack: step 8/10, xent loss = 19.8438, l2 loss = 16.0595 (max 14.95), (true 199, predicted [728])
attack: step 9/10, xent loss = 20.2803, l2 loss = 19.1362 (max 14.95), (true 199, predicted [728])
attack: step 10/10, xent loss = 28.7547, l2 loss = 21.3855 (max 14.95), (true 199, predicted [728])
check failed
true = 199, adv = 728
evaluating 879 of [870, 880)
attack: step 1/10, xent loss = 1.31808, l2 loss = 0 (max 14.95), (true 978, predicted [978])
attack: step 2/10, xent loss = 3.79284, l2 loss = 4.46941 (max 14.95), (true 978, predicted [970])
attack: step 3/10, xent loss = 5.44826, l2 loss = 10.2157 (max 14.95), (true 978, predicted [970])
attack: step 4/10, xent loss = 5.8379, l2 loss = 11.6599 (max 14.95), (true 978, predicted [970])
attack: step 5/10, xent loss = 7.93747, l2 loss = 13.5842 (max 14.95), (true 978, predicted [970])
attack: step 6/10, xent loss = 10.1511, l2 loss = 14.5716 (max 14.95), (true 978, predicted [970])
attack: step 7/10, xent loss = 8.94496, l2 loss = 14.9341 (max 14.95), (true 978, predicted [970])
attack: step 8/10, xent loss = 11.0056, l2 loss = 15.6091 (max 14.95), (true 978, predicted [970])
attack: step 9/10, xent loss = 10.7664, l2 loss = 15.9279 (max 14.95), (true 978, predicted [970])
attack: step 10/10, xent loss = 11.3636, l2 loss = 16.3835 (max 14.95), (true 978, predicted [970])
check failed
true = 978, adv = 970
