2019-05-25 20:26:44.307994: I tensorflow/core/platform/cpu_feature_guard.cc:141] Your CPU supports instructions that this TensorFlow binary was not compiled to use: SSE4.1 SSE4.2 AVX AVX2 FMA
2019-05-25 20:26:44.320486: I tensorflow/core/platform/profile_utils/cpu_utils.cc:94] CPU Frequency: 2599985000 Hz
2019-05-25 20:26:44.320710: I tensorflow/compiler/xla/service/service.cc:150] XLA service 0x2aaae6ac0260 executing computations on platform Host. Devices:
2019-05-25 20:26:44.320742: I tensorflow/compiler/xla/service/service.cc:158]   StreamExecutor device (0): <undefined>, <undefined>
2019-05-25 20:26:44.321061: I tensorflow/core/common_runtime/process_util.cc:71] Creating new thread pool with default inter op setting: 2. Tune using inter_op_parallelism_threads for best performance.
evaluating 300 of [300, 310)
attack: step 1/10, xent loss = 7.34049, l2 loss = 0 (max 14.95), (true 441, predicted [969])
attack: step 2/10, xent loss = 6.35629, l2 loss = 7.68073 (max 14.95), (true 441, predicted [898])
attack: step 3/10, xent loss = 10.2882, l2 loss = 9.627 (max 14.95), (true 441, predicted [653])
attack: step 4/10, xent loss = 11.5312, l2 loss = 11.0718 (max 14.95), (true 441, predicted [653])
attack: step 5/10, xent loss = 11.7488, l2 loss = 13.3172 (max 14.95), (true 441, predicted [653])
attack: step 6/10, xent loss = 10.9508, l2 loss = 16.7844 (max 14.95), (true 441, predicted [653])
attack: step 7/10, xent loss = 11.3155, l2 loss = 18.3429 (max 14.95), (true 441, predicted [469])
attack: step 8/10, xent loss = 10.4075, l2 loss = 19.0122 (max 14.95), (true 441, predicted [469])
attack: step 9/10, xent loss = 11.3221, l2 loss = 19.3795 (max 14.95), (true 441, predicted [469])
attack: step 10/10, xent loss = 15.2677, l2 loss = 20.0774 (max 14.95), (true 441, predicted [469])
check failed
true = 441, adv = 469
evaluating 301 of [300, 310)
attack: step 1/10, xent loss = 2.57827, l2 loss = 0 (max 14.95), (true 947, predicted [992])
attack: step 2/10, xent loss = 1.39268, l2 loss = 1.71695 (max 14.95), (true 947, predicted [947])
attack: step 3/10, xent loss = 1.65652, l2 loss = 2.75883 (max 14.95), (true 947, predicted [992])
attack: step 4/10, xent loss = 1.77656, l2 loss = 3.19145 (max 14.95), (true 947, predicted [992])
attack: step 5/10, xent loss = 1.72868, l2 loss = 3.68384 (max 14.95), (true 947, predicted [992])
attack: step 6/10, xent loss = 1.66849, l2 loss = 4.01271 (max 14.95), (true 947, predicted [992])
attack: step 7/10, xent loss = 1.99237, l2 loss = 4.33558 (max 14.95), (true 947, predicted [992])
attack: step 8/10, xent loss = 2.07353, l2 loss = 4.86823 (max 14.95), (true 947, predicted [992])
attack: step 9/10, xent loss = 3.23725, l2 loss = 5.27565 (max 14.95), (true 947, predicted [992])
attack: step 10/10, xent loss = 2.46714, l2 loss = 6.11862 (max 14.95), (true 947, predicted [992])
true = 947, adv = 992
evaluating 302 of [300, 310)
attack: step 1/10, xent loss = 3.37774, l2 loss = 0 (max 14.95), (true 221, predicted [213])
attack: step 2/10, xent loss = 4.63062, l2 loss = 4.24417 (max 14.95), (true 221, predicted [178])
attack: step 3/10, xent loss = 5.5749, l2 loss = 6.4908 (max 14.95), (true 221, predicted [213])
attack: step 4/10, xent loss = 4.11338, l2 loss = 7.75193 (max 14.95), (true 221, predicted [213])
attack: step 5/10, xent loss = 6.30378, l2 loss = 9.10789 (max 14.95), (true 221, predicted [213])
attack: step 6/10, xent loss = 6.54036, l2 loss = 10.5227 (max 14.95), (true 221, predicted [213])
attack: step 7/10, xent loss = 7.24291, l2 loss = 12.4666 (max 14.95), (true 221, predicted [212])
attack: step 8/10, xent loss = 7.82461, l2 loss = 12.8523 (max 14.95), (true 221, predicted [215])
attack: step 9/10, xent loss = 7.97608, l2 loss = 13.4331 (max 14.95), (true 221, predicted [213])
attack: step 10/10, xent loss = 10.1064, l2 loss = 13.9194 (max 14.95), (true 221, predicted [207])
check failed
true = 221, adv = 215
evaluating 303 of [300, 310)
attack: step 1/10, xent loss = 3.1624, l2 loss = 0 (max 14.95), (true 169, predicted [728])
attack: step 2/10, xent loss = 10.6704, l2 loss = 11.0057 (max 14.95), (true 169, predicted [728])
attack: step 3/10, xent loss = 11.9835, l2 loss = 13.1596 (max 14.95), (true 169, predicted [728])
attack: step 4/10, xent loss = 14.0506, l2 loss = 15.7446 (max 14.95), (true 169, predicted [728])
attack: step 5/10, xent loss = 15.9444, l2 loss = 16.9555 (max 14.95), (true 169, predicted [728])
attack: step 6/10, xent loss = 15.1206, l2 loss = 18.081 (max 14.95), (true 169, predicted [728])
attack: step 7/10, xent loss = 18.8001, l2 loss = 18.8366 (max 14.95), (true 169, predicted [728])
attack: step 8/10, xent loss = 18.458, l2 loss = 19.8904 (max 14.95), (true 169, predicted [728])
attack: step 9/10, xent loss = 17.0647, l2 loss = 21.2171 (max 14.95), (true 169, predicted [728])
attack: step 10/10, xent loss = 18.9468, l2 loss = 22.8756 (max 14.95), (true 169, predicted [728])
check failed
true = 169, adv = 728
evaluating 304 of [300, 310)
attack: step 1/10, xent loss = 1.66348, l2 loss = 0 (max 14.95), (true 160, predicted [160])
attack: step 2/10, xent loss = 1.27181, l2 loss = 4.58523 (max 14.95), (true 160, predicted [160])
attack: step 3/10, xent loss = 5.35376, l2 loss = 7.6084 (max 14.95), (true 160, predicted [578])
attack: step 4/10, xent loss = 5.25755, l2 loss = 9.0848 (max 14.95), (true 160, predicted [578])
attack: step 5/10, xent loss = 7.76434, l2 loss = 10.1296 (max 14.95), (true 160, predicted [601])
attack: step 6/10, xent loss = 7.21303, l2 loss = 10.7144 (max 14.95), (true 160, predicted [601])
attack: step 7/10, xent loss = 7.98619, l2 loss = 11.4617 (max 14.95), (true 160, predicted [578])
attack: step 8/10, xent loss = 7.92782, l2 loss = 11.9434 (max 14.95), (true 160, predicted [578])
attack: step 9/10, xent loss = 8.37813, l2 loss = 12.4629 (max 14.95), (true 160, predicted [728])
attack: step 10/10, xent loss = 8.45782, l2 loss = 12.7732 (max 14.95), (true 160, predicted [728])
true = 160, adv = 578
evaluating 305 of [300, 310)
attack: step 1/10, xent loss = 0.110448, l2 loss = 0 (max 14.95), (true 511, predicted [511])
attack: step 2/10, xent loss = 0.172683, l2 loss = 0.442558 (max 14.95), (true 511, predicted [511])
attack: step 3/10, xent loss = 0.0972038, l2 loss = 0.996683 (max 14.95), (true 511, predicted [511])
attack: step 4/10, xent loss = 0.239057, l2 loss = 1.14004 (max 14.95), (true 511, predicted [511])
attack: step 5/10, xent loss = 0.0971297, l2 loss = 1.92463 (max 14.95), (true 511, predicted [511])
attack: step 6/10, xent loss = 1.45671, l2 loss = 2.00633 (max 14.95), (true 511, predicted [751])
attack: step 7/10, xent loss = 0.779612, l2 loss = 6.73655 (max 14.95), (true 511, predicted [511])
attack: step 8/10, xent loss = 2.74658, l2 loss = 7.40907 (max 14.95), (true 511, predicted [751])
attack: step 9/10, xent loss = 3.37367, l2 loss = 10.5727 (max 14.95), (true 511, predicted [751])
attack: step 10/10, xent loss = 3.96913, l2 loss = 11.9528 (max 14.95), (true 511, predicted [751])
true = 511, adv = 751
evaluating 306 of [300, 310)
attack: step 1/10, xent loss = 0.0495115, l2 loss = 0 (max 14.95), (true 971, predicted [971])
attack: step 2/10, xent loss = 0.0806991, l2 loss = 0.235849 (max 14.95), (true 971, predicted [971])
attack: step 3/10, xent loss = 0.0746349, l2 loss = 0.480607 (max 14.95), (true 971, predicted [971])
attack: step 4/10, xent loss = 0.0691242, l2 loss = 0.616378 (max 14.95), (true 971, predicted [971])
attack: step 5/10, xent loss = 0.0189735, l2 loss = 0.723512 (max 14.95), (true 971, predicted [971])
attack: step 6/10, xent loss = 0.0839192, l2 loss = 0.73764 (max 14.95), (true 971, predicted [971])
attack: step 7/10, xent loss = 0.143025, l2 loss = 0.848408 (max 14.95), (true 971, predicted [971])
attack: step 8/10, xent loss = 0.0641596, l2 loss = 1.06737 (max 14.95), (true 971, predicted [971])
attack: step 9/10, xent loss = 0.0805732, l2 loss = 1.11956 (max 14.95), (true 971, predicted [971])
attack: step 10/10, xent loss = 0.060117, l2 loss = 1.21265 (max 14.95), (true 971, predicted [971])
true = 971, adv = 971
evaluating 307 of [300, 310)
attack: step 1/10, xent loss = 1.06085, l2 loss = 0 (max 14.95), (true 932, predicted [932])
attack: step 2/10, xent loss = 0.875885, l2 loss = 2.19649 (max 14.95), (true 932, predicted [932])
attack: step 3/10, xent loss = 1.1209, l2 loss = 2.75345 (max 14.95), (true 932, predicted [932])
attack: step 4/10, xent loss = 1.19476, l2 loss = 3.44346 (max 14.95), (true 932, predicted [932])
attack: step 5/10, xent loss = 2.12209, l2 loss = 4.23911 (max 14.95), (true 932, predicted [694])
attack: step 6/10, xent loss = 0.716512, l2 loss = 5.65244 (max 14.95), (true 932, predicted [932])
attack: step 7/10, xent loss = 1.72207, l2 loss = 5.95199 (max 14.95), (true 932, predicted [694])
attack: step 8/10, xent loss = 1.79901, l2 loss = 6.62768 (max 14.95), (true 932, predicted [694])
attack: step 9/10, xent loss = 2.79352, l2 loss = 7.44169 (max 14.95), (true 932, predicted [694])
attack: step 10/10, xent loss = 1.52025, l2 loss = 8.56681 (max 14.95), (true 932, predicted [694])
true = 932, adv = 694
evaluating 308 of [300, 310)
attack: step 1/10, xent loss = 6.33367, l2 loss = 0 (max 14.95), (true 328, predicted [793])
attack: step 2/10, xent loss = 9.28066, l2 loss = 3.13763 (max 14.95), (true 328, predicted [728])
attack: step 3/10, xent loss = 11.2691, l2 loss = 6.79653 (max 14.95), (true 328, predicted [728])
attack: step 4/10, xent loss = 12.0972, l2 loss = 9.82108 (max 14.95), (true 328, predicted [728])
attack: step 5/10, xent loss = 10.8807, l2 loss = 12.3375 (max 14.95), (true 328, predicted [728])
attack: step 6/10, xent loss = 17.1527, l2 loss = 13.8743 (max 14.95), (true 328, predicted [728])
attack: step 7/10, xent loss = 13.4007, l2 loss = 15.9857 (max 14.95), (true 328, predicted [728])
attack: step 8/10, xent loss = 17.2432, l2 loss = 17.2872 (max 14.95), (true 328, predicted [728])
attack: step 9/10, xent loss = 15.9131, l2 loss = 18.9221 (max 14.95), (true 328, predicted [728])
attack: step 10/10, xent loss = 16.7717, l2 loss = 20.6347 (max 14.95), (true 328, predicted [728])
check failed
true = 328, adv = 728
evaluating 309 of [300, 310)
attack: step 1/10, xent loss = 3.08461, l2 loss = 0 (max 14.95), (true 397, predicted [108])
attack: step 2/10, xent loss = 3.27593, l2 loss = 2.83665 (max 14.95), (true 397, predicted [117])
attack: step 3/10, xent loss = 2.75009, l2 loss = 4.97721 (max 14.95), (true 397, predicted [328])
attack: step 4/10, xent loss = 7.34274, l2 loss = 6.19055 (max 14.95), (true 397, predicted [117])
attack: step 5/10, xent loss = 4.58042, l2 loss = 7.56263 (max 14.95), (true 397, predicted [108])
attack: step 6/10, xent loss = 6.36465, l2 loss = 8.1192 (max 14.95), (true 397, predicted [692])
attack: step 7/10, xent loss = 5.38134, l2 loss = 9.12925 (max 14.95), (true 397, predicted [108])
attack: step 8/10, xent loss = 5.24148, l2 loss = 9.78358 (max 14.95), (true 397, predicted [108])
attack: step 9/10, xent loss = 7.74384, l2 loss = 10.503 (max 14.95), (true 397, predicted [108])
attack: step 10/10, xent loss = 6.83429, l2 loss = 10.8933 (max 14.95), (true 397, predicted [108])
true = 397, adv = 108
