2019-06-28 22:38:53.624038: I tensorflow/core/platform/cpu_feature_guard.cc:141] Your CPU supports instructions that this TensorFlow binary was not compiled to use: SSE4.1 SSE4.2 AVX AVX2 FMA
2019-06-28 22:38:56.271620: I tensorflow/core/platform/profile_utils/cpu_utils.cc:94] CPU Frequency: 2599965000 Hz
2019-06-28 22:38:56.662833: I tensorflow/compiler/xla/service/service.cc:150] XLA service 0x2aaae6fbd8f0 executing computations on platform Host. Devices:
2019-06-28 22:38:56.662876: I tensorflow/compiler/xla/service/service.cc:158]   StreamExecutor device (0): <undefined>, <undefined>
2019-06-28 22:38:56.663214: I tensorflow/core/common_runtime/process_util.cc:71] Creating new thread pool with default inter op setting: 2. Tune using inter_op_parallelism_threads for best performance.
evaluating 700 of [700, 710)
attack: step 1/10, xent loss = 0.0135016, l2 loss = 0.144001 (max 14.95), (true 569, predicted [569])
attack: step 2/10, xent loss = 0.0174336, l2 loss = 0.150129 (max 14.95), (true 569, predicted [569])
attack: step 3/10, xent loss = 0.0109584, l2 loss = 0.158039 (max 14.95), (true 569, predicted [569])
attack: step 4/10, xent loss = 0.00838888, l2 loss = 0.16066 (max 14.95), (true 569, predicted [569])
attack: step 5/10, xent loss = 0.0160078, l2 loss = 0.163036 (max 14.95), (true 569, predicted [569])
attack: step 6/10, xent loss = 0.0115677, l2 loss = 0.168944 (max 14.95), (true 569, predicted [569])
attack: step 7/10, xent loss = 0.0167784, l2 loss = 0.173083 (max 14.95), (true 569, predicted [569])
attack: step 8/10, xent loss = 0.00900505, l2 loss = 0.183883 (max 14.95), (true 569, predicted [569])
attack: step 9/10, xent loss = 0.0113707, l2 loss = 0.187574 (max 14.95), (true 569, predicted [569])
attack: step 10/10, xent loss = 0.0123034, l2 loss = 0.191359 (max 14.95), (true 569, predicted [569])
true = 569, adv = 569
evaluating 701 of [700, 710)
attack: step 1/10, xent loss = 19.1617, l2 loss = 27.2838 (max 14.95), (true 261, predicted [728])
attack: step 2/10, xent loss = 20.7231, l2 loss = 28.3415 (max 14.95), (true 261, predicted [728])
attack: step 3/10, xent loss = 23.4477, l2 loss = 29.8969 (max 14.95), (true 261, predicted [728])
attack: step 4/10, xent loss = 24.7615, l2 loss = 30.8885 (max 14.95), (true 261, predicted [728])
attack: step 5/10, xent loss = 21.8705, l2 loss = 31.7896 (max 14.95), (true 261, predicted [728])
attack: step 6/10, xent loss = 24.2075, l2 loss = 32.6461 (max 14.95), (true 261, predicted [728])
attack: step 7/10, xent loss = 24.9538, l2 loss = 33.3967 (max 14.95), (true 261, predicted [728])
attack: step 8/10, xent loss = 24.6463, l2 loss = 34.31 (max 14.95), (true 261, predicted [728])
attack: step 9/10, xent loss = 23.0711, l2 loss = 35.3437 (max 14.95), (true 261, predicted [728])
attack: step 10/10, xent loss = 29.0323, l2 loss = 36.1019 (max 14.95), (true 261, predicted [728])
check failed
true = 261, adv = 728
evaluating 702 of [700, 710)
attack: step 1/10, xent loss = 8.22682, l2 loss = 13.9731 (max 14.95), (true 258, predicted [270])
attack: step 2/10, xent loss = 8.77353, l2 loss = 14.2131 (max 14.95), (true 258, predicted [270])
attack: step 3/10, xent loss = 8.11422, l2 loss = 14.4433 (max 14.95), (true 258, predicted [270])
attack: step 4/10, xent loss = 8.57945, l2 loss = 14.7088 (max 14.95), (true 258, predicted [270])
attack: step 5/10, xent loss = 8.62744, l2 loss = 15.0091 (max 14.95), (true 258, predicted [270])
attack: step 6/10, xent loss = 7.83078, l2 loss = 15.1623 (max 14.95), (true 258, predicted [270])
attack: step 7/10, xent loss = 9.03873, l2 loss = 15.5261 (max 14.95), (true 258, predicted [270])
attack: step 8/10, xent loss = 8.60819, l2 loss = 15.7324 (max 14.95), (true 258, predicted [270])
attack: step 9/10, xent loss = 9.14681, l2 loss = 15.9907 (max 14.95), (true 258, predicted [270])
attack: step 10/10, xent loss = 9.10965, l2 loss = 16.2329 (max 14.95), (true 258, predicted [270])
check failed
true = 258, adv = 270
evaluating 703 of [700, 710)
attack: step 1/10, xent loss = 8.14993, l2 loss = 13.63 (max 14.95), (true 791, predicted [830])
attack: step 2/10, xent loss = 9.62674, l2 loss = 14.5026 (max 14.95), (true 791, predicted [830])
attack: step 3/10, xent loss = 8.92, l2 loss = 16.1954 (max 14.95), (true 791, predicted [830])
attack: step 4/10, xent loss = 12.2287, l2 loss = 17.2711 (max 14.95), (true 791, predicted [830])
attack: step 5/10, xent loss = 10.0464, l2 loss = 18.7425 (max 14.95), (true 791, predicted [830])
attack: step 6/10, xent loss = 8.47697, l2 loss = 19.8147 (max 14.95), (true 791, predicted [830])
attack: step 7/10, xent loss = 10.6524, l2 loss = 20.9385 (max 14.95), (true 791, predicted [830])
attack: step 8/10, xent loss = 8.29065, l2 loss = 21.8127 (max 14.95), (true 791, predicted [830])
attack: step 9/10, xent loss = 13.3674, l2 loss = 23.145 (max 14.95), (true 791, predicted [830])
attack: step 10/10, xent loss = 9.9036, l2 loss = 23.7291 (max 14.95), (true 791, predicted [830])
check failed
true = 791, adv = 830
evaluating 704 of [700, 710)
attack: step 1/10, xent loss = 11.896, l2 loss = 13.523 (max 14.95), (true 35, predicted [728])
attack: step 2/10, xent loss = 13.9405, l2 loss = 16.7051 (max 14.95), (true 35, predicted [728])
attack: step 3/10, xent loss = 17.18, l2 loss = 19.0232 (max 14.95), (true 35, predicted [728])
attack: step 4/10, xent loss = 15.8361, l2 loss = 20.9667 (max 14.95), (true 35, predicted [728])
attack: step 5/10, xent loss = 22.1064, l2 loss = 22.4693 (max 14.95), (true 35, predicted [728])
attack: step 6/10, xent loss = 23.0716, l2 loss = 24.0047 (max 14.95), (true 35, predicted [728])
attack: step 7/10, xent loss = 22.5676, l2 loss = 25.3448 (max 14.95), (true 35, predicted [728])
attack: step 8/10, xent loss = 26.6474, l2 loss = 26.8981 (max 14.95), (true 35, predicted [728])
attack: step 9/10, xent loss = 26.0893, l2 loss = 28.2055 (max 14.95), (true 35, predicted [728])
attack: step 10/10, xent loss = 30.8622, l2 loss = 29.2554 (max 14.95), (true 35, predicted [728])
check failed
true = 35, adv = 728
evaluating 705 of [700, 710)
attack: step 1/10, xent loss = 7.70218, l2 loss = 9.87862 (max 14.95), (true 963, predicted [940])
attack: step 2/10, xent loss = 7.0218, l2 loss = 10.4503 (max 14.95), (true 963, predicted [934])
attack: step 3/10, xent loss = 7.42147, l2 loss = 10.8329 (max 14.95), (true 963, predicted [934])
attack: step 4/10, xent loss = 9.45481, l2 loss = 11.1975 (max 14.95), (true 963, predicted [728])
attack: step 5/10, xent loss = 8.04612, l2 loss = 11.8418 (max 14.95), (true 963, predicted [728])
attack: step 6/10, xent loss = 9.66638, l2 loss = 12.2726 (max 14.95), (true 963, predicted [728])
attack: step 7/10, xent loss = 8.29456, l2 loss = 12.9995 (max 14.95), (true 963, predicted [728])
attack: step 8/10, xent loss = 9.36918, l2 loss = 13.423 (max 14.95), (true 963, predicted [728])
attack: step 9/10, xent loss = 11.3366, l2 loss = 13.7863 (max 14.95), (true 963, predicted [728])
attack: step 10/10, xent loss = 11.1845, l2 loss = 14.9691 (max 14.95), (true 963, predicted [728])
check failed
true = 963, adv = 728
evaluating 706 of [700, 710)
attack: step 1/10, xent loss = 1.06927, l2 loss = 3.58066 (max 14.95), (true 645, predicted [645])
attack: step 2/10, xent loss = 0.890572, l2 loss = 4.33604 (max 14.95), (true 645, predicted [645])
attack: step 3/10, xent loss = 0.60651, l2 loss = 4.90007 (max 14.95), (true 645, predicted [645])
attack: step 4/10, xent loss = 0.593454, l2 loss = 5.19135 (max 14.95), (true 645, predicted [645])
attack: step 5/10, xent loss = 0.692532, l2 loss = 5.67758 (max 14.95), (true 645, predicted [645])
attack: step 6/10, xent loss = 2.31469, l2 loss = 6.1178 (max 14.95), (true 645, predicted [645])
attack: step 7/10, xent loss = 2.83823, l2 loss = 7.6402 (max 14.95), (true 645, predicted [728])
attack: step 8/10, xent loss = 2.58348, l2 loss = 8.86718 (max 14.95), (true 645, predicted [645])
attack: step 9/10, xent loss = 2.31265, l2 loss = 9.9057 (max 14.95), (true 645, predicted [645])
attack: step 10/10, xent loss = 3.11328, l2 loss = 10.7522 (max 14.95), (true 645, predicted [971])
true = 645, adv = 645
evaluating 707 of [700, 710)
attack: step 1/10, xent loss = 3.97823, l2 loss = 9.52341 (max 14.95), (true 69, predicted [793])
attack: step 2/10, xent loss = 5.45116, l2 loss = 11.1515 (max 14.95), (true 69, predicted [793])
attack: step 3/10, xent loss = 6.6167, l2 loss = 12.0643 (max 14.95), (true 69, predicted [793])
attack: step 4/10, xent loss = 7.05795, l2 loss = 13.0658 (max 14.95), (true 69, predicted [793])
attack: step 5/10, xent loss = 7.15024, l2 loss = 14.1571 (max 14.95), (true 69, predicted [793])
attack: step 6/10, xent loss = 8.70156, l2 loss = 14.7635 (max 14.95), (true 69, predicted [793])
attack: step 7/10, xent loss = 12.091, l2 loss = 16.098 (max 14.95), (true 69, predicted [793])
attack: step 8/10, xent loss = 11.3037, l2 loss = 17.6228 (max 14.95), (true 69, predicted [793])
attack: step 9/10, xent loss = 13.1761, l2 loss = 19.3041 (max 14.95), (true 69, predicted [793])
attack: step 10/10, xent loss = 13.4694, l2 loss = 20.6172 (max 14.95), (true 69, predicted [793])
check failed
true = 69, adv = 793
evaluating 708 of [700, 710)
attack: step 1/10, xent loss = 8.44946, l2 loss = 15.8564 (max 14.95), (true 242, predicted [728])
attack: step 2/10, xent loss = 12.9122, l2 loss = 17.9456 (max 14.95), (true 242, predicted [728])
attack: step 3/10, xent loss = 18.4224, l2 loss = 24.3211 (max 14.95), (true 242, predicted [728])
attack: step 4/10, xent loss = 25.4242, l2 loss = 25.9885 (max 14.95), (true 242, predicted [728])
attack: step 5/10, xent loss = 26.5585, l2 loss = 28.2196 (max 14.95), (true 242, predicted [728])
attack: step 6/10, xent loss = 27.3447, l2 loss = 29.9622 (max 14.95), (true 242, predicted [728])
attack: step 7/10, xent loss = 26.4832, l2 loss = 31.1898 (max 14.95), (true 242, predicted [728])
attack: step 8/10, xent loss = 29.055, l2 loss = 35.4107 (max 14.95), (true 242, predicted [728])
attack: step 9/10, xent loss = 25.3179, l2 loss = 36.733 (max 14.95), (true 242, predicted [728])
attack: step 10/10, xent loss = 31.6367, l2 loss = 37.6237 (max 14.95), (true 242, predicted [728])
check failed
true = 242, adv = 728
evaluating 709 of [700, 710)
attack: step 1/10, xent loss = 0.0834907, l2 loss = 0.490286 (max 14.95), (true 746, predicted [746])
attack: step 2/10, xent loss = 0.0414346, l2 loss = 0.546431 (max 14.95), (true 746, predicted [746])
attack: step 3/10, xent loss = 0.0506212, l2 loss = 0.564419 (max 14.95), (true 746, predicted [746])
attack: step 4/10, xent loss = 0.040047, l2 loss = 0.598265 (max 14.95), (true 746, predicted [746])
attack: step 5/10, xent loss = 0.0811957, l2 loss = 0.612041 (max 14.95), (true 746, predicted [746])
attack: step 6/10, xent loss = 0.0517684, l2 loss = 0.668049 (max 14.95), (true 746, predicted [746])
attack: step 7/10, xent loss = 0.0460769, l2 loss = 0.692008 (max 14.95), (true 746, predicted [746])
attack: step 8/10, xent loss = 0.0593341, l2 loss = 0.712173 (max 14.95), (true 746, predicted [746])
attack: step 9/10, xent loss = 0.0542468, l2 loss = 0.739992 (max 14.95), (true 746, predicted [746])
attack: step 10/10, xent loss = 0.0796988, l2 loss = 0.758116 (max 14.95), (true 746, predicted [746])
true = 746, adv = 746
