2019-10-25 19:57:58.897606: I tensorflow/core/platform/cpu_feature_guard.cc:141] Your CPU supports instructions that this TensorFlow binary was not compiled to use: SSE4.1 SSE4.2 AVX AVX2 FMA
2019-10-25 19:57:58.904793: I tensorflow/core/platform/profile_utils/cpu_utils.cc:94] CPU Frequency: 2600125000 Hz
2019-10-25 19:57:58.904901: I tensorflow/compiler/xla/service/service.cc:150] XLA service 0x55555902f930 executing computations on platform Host. Devices:
2019-10-25 19:57:58.904917: I tensorflow/compiler/xla/service/service.cc:158]   StreamExecutor device (0): <undefined>, <undefined>
2019-10-25 19:57:58.905102: I tensorflow/core/common_runtime/process_util.cc:71] Creating new thread pool with default inter op setting: 2. Tune using inter_op_parallelism_threads for best performance.
evaluating 400 of [400, 410)
attack: step 1/10, xent loss = 31.4379, l2 loss = 30.9943 (max 14.95), (true 994, predicted [728])
unbound attack returning early
check failed
true = 994, adv = 728
evaluating 401 of [400, 410)
attack: step 1/10, xent loss = 46.6068, l2 loss = 42.4686 (max 14.95), (true 285, predicted [728])
unbound attack returning early
check failed
true = 285, adv = 728
evaluating 402 of [400, 410)
attack: step 1/10, xent loss = 8.33645, l2 loss = 10.4621 (max 14.95), (true 158, predicted [253])
returning early
true = 158, adv = 253
evaluating 403 of [400, 410)
attack: step 1/10, xent loss = 23.6393, l2 loss = 26.3231 (max 14.95), (true 234, predicted [601])
unbound attack returning early
check failed
true = 234, adv = 601
evaluating 404 of [400, 410)
attack: step 1/10, xent loss = 11.3445, l2 loss = 13.755 (max 14.95), (true 531, predicted [644])
returning early
true = 531, adv = 644
evaluating 405 of [400, 410)
attack: step 1/10, xent loss = 20.3132, l2 loss = 24.9235 (max 14.95), (true 994, predicted [998])
unbound attack returning early
check failed
true = 994, adv = 998
evaluating 406 of [400, 410)
attack: step 1/10, xent loss = 13.7084, l2 loss = 26.7295 (max 14.95), (true 466, predicted [627])
unbound attack returning early
check failed
true = 466, adv = 627
evaluating 407 of [400, 410)
attack: step 1/10, xent loss = 0.000977753, l2 loss = 0.318497 (max 14.95), (true 707, predicted [707])
attack: step 2/10, xent loss = 0.000528315, l2 loss = 0.319175 (max 14.95), (true 707, predicted [707])
attack: step 3/10, xent loss = 0.00754306, l2 loss = 0.319348 (max 14.95), (true 707, predicted [707])
attack: step 4/10, xent loss = 0.00122889, l2 loss = 0.336653 (max 14.95), (true 707, predicted [707])
attack: step 5/10, xent loss = 0.000640187, l2 loss = 0.33742 (max 14.95), (true 707, predicted [707])
attack: step 6/10, xent loss = 0.00197359, l2 loss = 0.337713 (max 14.95), (true 707, predicted [707])
attack: step 7/10, xent loss = 0.0012877, l2 loss = 0.338728 (max 14.95), (true 707, predicted [707])
attack: step 8/10, xent loss = 0.000502341, l2 loss = 0.339417 (max 14.95), (true 707, predicted [707])
attack: step 9/10, xent loss = 0.000958817, l2 loss = 0.339594 (max 14.95), (true 707, predicted [707])
attack: step 10/10, xent loss = 0.00122544, l2 loss = 0.340146 (max 14.95), (true 707, predicted [707])
true = 707, adv = 707
evaluating 408 of [400, 410)
attack: step 1/10, xent loss = 42.2538, l2 loss = 37.1061 (max 14.95), (true 29, predicted [728])
unbound attack returning early
check failed
true = 29, adv = 728
evaluating 409 of [400, 410)
attack: step 1/10, xent loss = 41.2924, l2 loss = 35.7598 (max 14.95), (true 988, predicted [700])
unbound attack returning early
check failed
true = 988, adv = 700
