2019-06-06 00:07:13.918225: I tensorflow/core/platform/cpu_feature_guard.cc:141] Your CPU supports instructions that this TensorFlow binary was not compiled to use: SSE4.1 SSE4.2 AVX AVX2 FMA
2019-06-06 00:07:15.023349: I tensorflow/core/platform/profile_utils/cpu_utils.cc:94] CPU Frequency: 2600155000 Hz
2019-06-06 00:07:15.032106: I tensorflow/compiler/xla/service/service.cc:150] XLA service 0x2aaae6ac0880 executing computations on platform Host. Devices:
2019-06-06 00:07:15.032270: I tensorflow/compiler/xla/service/service.cc:158]   StreamExecutor device (0): <undefined>, <undefined>
2019-06-06 00:07:15.038340: I tensorflow/core/common_runtime/process_util.cc:71] Creating new thread pool with default inter op setting: 2. Tune using inter_op_parallelism_threads for best performance.
evaluating 650 of [650, 660)
attack: step 1/10, xent loss = 0.0436079, l2 loss = 0 (max 14.95), (true 927, predicted [927])
attack: step 2/10, xent loss = 0.154479, l2 loss = 0.103483 (max 14.95), (true 927, predicted [927])
attack: step 3/10, xent loss = 0.121766, l2 loss = 0.518647 (max 14.95), (true 927, predicted [927])
attack: step 4/10, xent loss = 0.113956, l2 loss = 0.62207 (max 14.95), (true 927, predicted [927])
attack: step 5/10, xent loss = 0.137028, l2 loss = 0.708348 (max 14.95), (true 927, predicted [927])
attack: step 6/10, xent loss = 0.134382, l2 loss = 0.799192 (max 14.95), (true 927, predicted [927])
attack: step 7/10, xent loss = 0.0654101, l2 loss = 0.927377 (max 14.95), (true 927, predicted [927])
attack: step 8/10, xent loss = 0.0923235, l2 loss = 0.951799 (max 14.95), (true 927, predicted [927])
attack: step 9/10, xent loss = 0.18236, l2 loss = 1.00051 (max 14.95), (true 927, predicted [927])
attack: step 10/10, xent loss = 0.147781, l2 loss = 1.28217 (max 14.95), (true 927, predicted [927])
true = 927, adv = 927
evaluating 651 of [650, 660)
attack: step 1/10, xent loss = 9.25071, l2 loss = 0 (max 14.95), (true 298, predicted [728])
attack: step 2/10, xent loss = 9.74968, l2 loss = 5.07969 (max 14.95), (true 298, predicted [728])
attack: step 3/10, xent loss = 10.6934, l2 loss = 8.9581 (max 14.95), (true 298, predicted [728])
attack: step 4/10, xent loss = 11.4129, l2 loss = 11.9162 (max 14.95), (true 298, predicted [728])
attack: step 5/10, xent loss = 10.1599, l2 loss = 15.1111 (max 14.95), (true 298, predicted [728])
attack: step 6/10, xent loss = 15.5993, l2 loss = 17.117 (max 14.95), (true 298, predicted [728])
attack: step 7/10, xent loss = 14.529, l2 loss = 20.4158 (max 14.95), (true 298, predicted [728])
attack: step 8/10, xent loss = 16.0827, l2 loss = 22.4183 (max 14.95), (true 298, predicted [728])
attack: step 9/10, xent loss = 16.1774, l2 loss = 25.1486 (max 14.95), (true 298, predicted [728])
attack: step 10/10, xent loss = 15.6445, l2 loss = 26.7916 (max 14.95), (true 298, predicted [728])
check failed
true = 298, adv = 728
evaluating 652 of [650, 660)
attack: step 1/10, xent loss = 9.27851, l2 loss = 0 (max 14.95), (true 947, predicted [723])
attack: step 2/10, xent loss = 8.37445, l2 loss = 4.4348 (max 14.95), (true 947, predicted [723])
attack: step 3/10, xent loss = 8.8718, l2 loss = 5.90742 (max 14.95), (true 947, predicted [723])
attack: step 4/10, xent loss = 8.07914, l2 loss = 7.91001 (max 14.95), (true 947, predicted [723])
attack: step 5/10, xent loss = 8.49256, l2 loss = 8.81048 (max 14.95), (true 947, predicted [723])
attack: step 6/10, xent loss = 8.43189, l2 loss = 9.61992 (max 14.95), (true 947, predicted [723])
attack: step 7/10, xent loss = 10.3185, l2 loss = 10.2725 (max 14.95), (true 947, predicted [723])
attack: step 8/10, xent loss = 8.24237, l2 loss = 11.1402 (max 14.95), (true 947, predicted [723])
attack: step 9/10, xent loss = 8.22503, l2 loss = 11.7572 (max 14.95), (true 947, predicted [723])
attack: step 10/10, xent loss = 7.25279, l2 loss = 12.6185 (max 14.95), (true 947, predicted [723])
true = 947, adv = 723
evaluating 653 of [650, 660)
attack: step 1/10, xent loss = 0.0867428, l2 loss = 0 (max 14.95), (true 242, predicted [242])
attack: step 2/10, xent loss = 0.231696, l2 loss = 0.275839 (max 14.95), (true 242, predicted [242])
attack: step 3/10, xent loss = 0.373028, l2 loss = 0.759413 (max 14.95), (true 242, predicted [242])
attack: step 4/10, xent loss = 0.210154, l2 loss = 1.83221 (max 14.95), (true 242, predicted [242])
attack: step 5/10, xent loss = 0.972084, l2 loss = 2.02233 (max 14.95), (true 242, predicted [242])
attack: step 6/10, xent loss = 0.657989, l2 loss = 3.59727 (max 14.95), (true 242, predicted [242])
attack: step 7/10, xent loss = 0.192002, l2 loss = 4.41369 (max 14.95), (true 242, predicted [242])
attack: step 8/10, xent loss = 1.41158, l2 loss = 4.52915 (max 14.95), (true 242, predicted [242])
attack: step 9/10, xent loss = 1.35921, l2 loss = 7.19835 (max 14.95), (true 242, predicted [247])
attack: step 10/10, xent loss = 4.21219, l2 loss = 8.24418 (max 14.95), (true 242, predicted [728])
check failed
true = 242, adv = 728
evaluating 654 of [650, 660)
attack: step 1/10, xent loss = 8.44075, l2 loss = 0 (max 14.95), (true 26, predicted [728])
attack: step 2/10, xent loss = 9.7647, l2 loss = 2.9189 (max 14.95), (true 26, predicted [728])
attack: step 3/10, xent loss = 8.65935, l2 loss = 5.98489 (max 14.95), (true 26, predicted [728])
attack: step 4/10, xent loss = 8.59222, l2 loss = 6.72673 (max 14.95), (true 26, predicted [728])
attack: step 5/10, xent loss = 9.19297, l2 loss = 7.10504 (max 14.95), (true 26, predicted [728])
attack: step 6/10, xent loss = 9.52209, l2 loss = 7.98183 (max 14.95), (true 26, predicted [728])
attack: step 7/10, xent loss = 10.0601, l2 loss = 8.60376 (max 14.95), (true 26, predicted [728])
attack: step 8/10, xent loss = 9.75667, l2 loss = 9.69468 (max 14.95), (true 26, predicted [728])
attack: step 9/10, xent loss = 9.15378, l2 loss = 11.0018 (max 14.95), (true 26, predicted [728])
attack: step 10/10, xent loss = 11.3835, l2 loss = 11.9237 (max 14.95), (true 26, predicted [728])
true = 26, adv = 728
evaluating 655 of [650, 660)
attack: step 1/10, xent loss = 6.36313, l2 loss = 0 (max 14.95), (true 933, predicted [412])
attack: step 2/10, xent loss = 5.63624, l2 loss = 3.15525 (max 14.95), (true 933, predicted [728])
attack: step 3/10, xent loss = 6.05134, l2 loss = 4.14842 (max 14.95), (true 933, predicted [728])
attack: step 4/10, xent loss = 6.65618, l2 loss = 4.75928 (max 14.95), (true 933, predicted [701])
attack: step 5/10, xent loss = 6.66668, l2 loss = 5.57603 (max 14.95), (true 933, predicted [412])
attack: step 6/10, xent loss = 6.69915, l2 loss = 6.53057 (max 14.95), (true 933, predicted [412])
attack: step 7/10, xent loss = 6.11272, l2 loss = 6.85335 (max 14.95), (true 933, predicted [588])
attack: step 8/10, xent loss = 6.62719, l2 loss = 7.28697 (max 14.95), (true 933, predicted [728])
attack: step 9/10, xent loss = 5.53981, l2 loss = 7.76018 (max 14.95), (true 933, predicted [412])
attack: step 10/10, xent loss = 7.25525, l2 loss = 8.34857 (max 14.95), (true 933, predicted [412])
true = 933, adv = 412
evaluating 656 of [650, 660)
attack: step 1/10, xent loss = 5.9743, l2 loss = 0 (max 14.95), (true 8, predicted [728])
attack: step 2/10, xent loss = 7.31849, l2 loss = 2.87519 (max 14.95), (true 8, predicted [728])
attack: step 3/10, xent loss = 7.1743, l2 loss = 3.58694 (max 14.95), (true 8, predicted [728])
attack: step 4/10, xent loss = 6.89902, l2 loss = 4.52274 (max 14.95), (true 8, predicted [728])
attack: step 5/10, xent loss = 6.95631, l2 loss = 5.40627 (max 14.95), (true 8, predicted [728])
attack: step 6/10, xent loss = 7.03767, l2 loss = 6.86249 (max 14.95), (true 8, predicted [728])
attack: step 7/10, xent loss = 7.04291, l2 loss = 7.13517 (max 14.95), (true 8, predicted [728])
attack: step 8/10, xent loss = 7.29112, l2 loss = 7.61293 (max 14.95), (true 8, predicted [478])
attack: step 9/10, xent loss = 6.94588, l2 loss = 8.00261 (max 14.95), (true 8, predicted [728])
attack: step 10/10, xent loss = 7.42749, l2 loss = 8.33209 (max 14.95), (true 8, predicted [728])
true = 8, adv = 478
evaluating 657 of [650, 660)
attack: step 1/10, xent loss = 0.380722, l2 loss = 0 (max 14.95), (true 64, predicted [64])
attack: step 2/10, xent loss = 7.15467, l2 loss = 3.86844 (max 14.95), (true 64, predicted [468])
attack: step 3/10, xent loss = 9.53645, l2 loss = 7.87611 (max 14.95), (true 64, predicted [468])
attack: step 4/10, xent loss = 8.15, l2 loss = 12.1621 (max 14.95), (true 64, predicted [468])
attack: step 5/10, xent loss = 6.29708, l2 loss = 13.2343 (max 14.95), (true 64, predicted [468])
attack: step 6/10, xent loss = 7.95227, l2 loss = 21.8587 (max 14.95), (true 64, predicted [468])
attack: step 7/10, xent loss = 8.66075, l2 loss = 22.9034 (max 14.95), (true 64, predicted [468])
attack: step 8/10, xent loss = 9.72732, l2 loss = 23.1529 (max 14.95), (true 64, predicted [468])
attack: step 9/10, xent loss = 8.04386, l2 loss = 23.7632 (max 14.95), (true 64, predicted [468])
attack: step 10/10, xent loss = 9.09178, l2 loss = 24.1837 (max 14.95), (true 64, predicted [879])
check failed
true = 64, adv = 723
evaluating 658 of [650, 660)
attack: step 1/10, xent loss = 4.62265, l2 loss = 0 (max 14.95), (true 453, predicted [564])
attack: step 2/10, xent loss = 6.13335, l2 loss = 2.53656 (max 14.95), (true 453, predicted [564])
attack: step 3/10, xent loss = 4.74796, l2 loss = 3.62967 (max 14.95), (true 453, predicted [564])
attack: step 4/10, xent loss = 6.30519, l2 loss = 4.73623 (max 14.95), (true 453, predicted [564])
attack: step 5/10, xent loss = 5.07066, l2 loss = 5.7142 (max 14.95), (true 453, predicted [564])
attack: step 6/10, xent loss = 5.26461, l2 loss = 6.36895 (max 14.95), (true 453, predicted [564])
attack: step 7/10, xent loss = 5.26231, l2 loss = 6.9244 (max 14.95), (true 453, predicted [564])
attack: step 8/10, xent loss = 4.91306, l2 loss = 7.28823 (max 14.95), (true 453, predicted [564])
attack: step 9/10, xent loss = 6.0505, l2 loss = 7.93092 (max 14.95), (true 453, predicted [564])
attack: step 10/10, xent loss = 5.83162, l2 loss = 8.57503 (max 14.95), (true 453, predicted [564])
true = 453, adv = 564
evaluating 659 of [650, 660)
attack: step 1/10, xent loss = 0.249025, l2 loss = 0 (max 14.95), (true 548, predicted [548])
attack: step 2/10, xent loss = 0.242446, l2 loss = 0.860438 (max 14.95), (true 548, predicted [548])
attack: step 3/10, xent loss = 0.0974981, l2 loss = 1.19709 (max 14.95), (true 548, predicted [548])
attack: step 4/10, xent loss = 0.294902, l2 loss = 1.22975 (max 14.95), (true 548, predicted [548])
attack: step 5/10, xent loss = 1.61643, l2 loss = 1.36361 (max 14.95), (true 548, predicted [894])
attack: step 6/10, xent loss = 0.390859, l2 loss = 3.68818 (max 14.95), (true 548, predicted [548])
attack: step 7/10, xent loss = 1.1558, l2 loss = 3.83155 (max 14.95), (true 548, predicted [548])
attack: step 8/10, xent loss = 1.36875, l2 loss = 5.24432 (max 14.95), (true 548, predicted [894])
attack: step 9/10, xent loss = 0.893758, l2 loss = 6.50275 (max 14.95), (true 548, predicted [548])
attack: step 10/10, xent loss = 0.45477, l2 loss = 7.28794 (max 14.95), (true 548, predicted [548])
true = 548, adv = 894
