2019-06-04 16:01:06.733754: I tensorflow/core/platform/cpu_feature_guard.cc:141] Your CPU supports instructions that this TensorFlow binary was not compiled to use: SSE4.1 SSE4.2 AVX AVX2 FMA
2019-06-04 16:01:06.778606: I tensorflow/core/platform/profile_utils/cpu_utils.cc:94] CPU Frequency: 2599940000 Hz
2019-06-04 16:01:06.781971: I tensorflow/compiler/xla/service/service.cc:150] XLA service 0x2aaae6abfef0 executing computations on platform Host. Devices:
2019-06-04 16:01:06.782007: I tensorflow/compiler/xla/service/service.cc:158]   StreamExecutor device (0): <undefined>, <undefined>
2019-06-04 16:01:06.784671: I tensorflow/core/common_runtime/process_util.cc:71] Creating new thread pool with default inter op setting: 2. Tune using inter_op_parallelism_threads for best performance.
evaluating 720 of [720, 730)
attack: step 1/10, xent loss = 0.768149, l2 loss = 0 (max 14.95), (true 72, predicted [72])
attack: step 2/10, xent loss = 0.570667, l2 loss = 0.924886 (max 14.95), (true 72, predicted [72])
attack: step 3/10, xent loss = 0.932826, l2 loss = 1.23696 (max 14.95), (true 72, predicted [74])
attack: step 4/10, xent loss = 1.15452, l2 loss = 1.75585 (max 14.95), (true 72, predicted [74])
attack: step 5/10, xent loss = 0.768856, l2 loss = 2.3675 (max 14.95), (true 72, predicted [72])
attack: step 6/10, xent loss = 1.458, l2 loss = 2.60919 (max 14.95), (true 72, predicted [74])
attack: step 7/10, xent loss = 1.29877, l2 loss = 3.15944 (max 14.95), (true 72, predicted [74])
attack: step 8/10, xent loss = 1.48169, l2 loss = 3.53529 (max 14.95), (true 72, predicted [74])
attack: step 9/10, xent loss = 2.0879, l2 loss = 3.95672 (max 14.95), (true 72, predicted [74])
attack: step 10/10, xent loss = 2.82305, l2 loss = 4.46003 (max 14.95), (true 72, predicted [74])
true = 72, adv = 74
evaluating 721 of [720, 730)
attack: step 1/10, xent loss = 0.147287, l2 loss = 0 (max 14.95), (true 440, predicted [440])
attack: step 2/10, xent loss = 0.167082, l2 loss = 0.689123 (max 14.95), (true 440, predicted [440])
attack: step 3/10, xent loss = 0.0403334, l2 loss = 1.03965 (max 14.95), (true 440, predicted [440])
attack: step 4/10, xent loss = 0.0552252, l2 loss = 1.06396 (max 14.95), (true 440, predicted [440])
attack: step 5/10, xent loss = 0.572025, l2 loss = 1.10042 (max 14.95), (true 440, predicted [440])
attack: step 6/10, xent loss = 0.14744, l2 loss = 2.4298 (max 14.95), (true 440, predicted [440])
attack: step 7/10, xent loss = 0.343647, l2 loss = 2.48069 (max 14.95), (true 440, predicted [440])
attack: step 8/10, xent loss = 0.285158, l2 loss = 2.93179 (max 14.95), (true 440, predicted [440])
attack: step 9/10, xent loss = 0.686697, l2 loss = 3.13221 (max 14.95), (true 440, predicted [440])
attack: step 10/10, xent loss = 1.07838, l2 loss = 3.88451 (max 14.95), (true 440, predicted [440])
true = 440, adv = 440
evaluating 722 of [720, 730)
attack: step 1/10, xent loss = 1.65415, l2 loss = 0 (max 14.95), (true 712, predicted [712])
attack: step 2/10, xent loss = 5.24744, l2 loss = 3.79949 (max 14.95), (true 712, predicted [692])
attack: step 3/10, xent loss = 6.07683, l2 loss = 5.83512 (max 14.95), (true 712, predicted [999])
attack: step 4/10, xent loss = 5.86035, l2 loss = 7.82056 (max 14.95), (true 712, predicted [692])
attack: step 5/10, xent loss = 6.63027, l2 loss = 8.80783 (max 14.95), (true 712, predicted [692])
attack: step 6/10, xent loss = 8.24029, l2 loss = 9.8306 (max 14.95), (true 712, predicted [692])
attack: step 7/10, xent loss = 8.39697, l2 loss = 10.652 (max 14.95), (true 712, predicted [692])
attack: step 8/10, xent loss = 9.88502, l2 loss = 11.4088 (max 14.95), (true 712, predicted [692])
attack: step 9/10, xent loss = 10.326, l2 loss = 12.0355 (max 14.95), (true 712, predicted [692])
attack: step 10/10, xent loss = 11.3002, l2 loss = 12.9224 (max 14.95), (true 712, predicted [692])
true = 712, adv = 692
evaluating 723 of [720, 730)
attack: step 1/10, xent loss = 0.180054, l2 loss = 0 (max 14.95), (true 590, predicted [590])
attack: step 2/10, xent loss = 0.799735, l2 loss = 0.589453 (max 14.95), (true 590, predicted [590])
attack: step 3/10, xent loss = 0.330725, l2 loss = 2.78699 (max 14.95), (true 590, predicted [590])
attack: step 4/10, xent loss = 0.435386, l2 loss = 2.9756 (max 14.95), (true 590, predicted [590])
attack: step 5/10, xent loss = 0.667674, l2 loss = 3.20867 (max 14.95), (true 590, predicted [590])
attack: step 6/10, xent loss = 0.671268, l2 loss = 3.8097 (max 14.95), (true 590, predicted [590])
attack: step 7/10, xent loss = 1.06664, l2 loss = 4.17041 (max 14.95), (true 590, predicted [551])
attack: step 8/10, xent loss = 0.652559, l2 loss = 5.59314 (max 14.95), (true 590, predicted [590])
attack: step 9/10, xent loss = 1.41319, l2 loss = 6.00382 (max 14.95), (true 590, predicted [551])
attack: step 10/10, xent loss = 2.90189, l2 loss = 6.93561 (max 14.95), (true 590, predicted [551])
true = 590, adv = 551
evaluating 724 of [720, 730)
attack: step 1/10, xent loss = 0.00560842, l2 loss = 0 (max 14.95), (true 574, predicted [574])
attack: step 2/10, xent loss = 0.0112728, l2 loss = 0.00798787 (max 14.95), (true 574, predicted [574])
attack: step 3/10, xent loss = 0.0101286, l2 loss = 0.0171647 (max 14.95), (true 574, predicted [574])
attack: step 4/10, xent loss = 0.00898816, l2 loss = 0.0219399 (max 14.95), (true 574, predicted [574])
attack: step 5/10, xent loss = 0.0122316, l2 loss = 0.025728 (max 14.95), (true 574, predicted [574])
attack: step 6/10, xent loss = 0.0112023, l2 loss = 0.0306089 (max 14.95), (true 574, predicted [574])
attack: step 7/10, xent loss = 0.0108341, l2 loss = 0.0348647 (max 14.95), (true 574, predicted [574])
attack: step 8/10, xent loss = 0.00876343, l2 loss = 0.0382696 (max 14.95), (true 574, predicted [574])
attack: step 9/10, xent loss = 0.0156139, l2 loss = 0.0410307 (max 14.95), (true 574, predicted [574])
attack: step 10/10, xent loss = 0.0115413, l2 loss = 0.0467112 (max 14.95), (true 574, predicted [574])
true = 574, adv = 574
evaluating 725 of [720, 730)
attack: step 1/10, xent loss = 5.4108, l2 loss = 0 (max 14.95), (true 372, predicted [160])
attack: step 2/10, xent loss = 8.29026, l2 loss = 6.65277 (max 14.95), (true 372, predicted [204])
attack: step 3/10, xent loss = 7.97791, l2 loss = 8.33037 (max 14.95), (true 372, predicted [204])
attack: step 4/10, xent loss = 10.8116, l2 loss = 9.68019 (max 14.95), (true 372, predicted [160])
attack: step 5/10, xent loss = 12.4351, l2 loss = 11.2515 (max 14.95), (true 372, predicted [160])
attack: step 6/10, xent loss = 11.544, l2 loss = 12.5108 (max 14.95), (true 372, predicted [160])
attack: step 7/10, xent loss = 11.9692, l2 loss = 13.8654 (max 14.95), (true 372, predicted [160])
attack: step 8/10, xent loss = 8.77724, l2 loss = 15.713 (max 14.95), (true 372, predicted [226])
attack: step 9/10, xent loss = 13.2634, l2 loss = 17.363 (max 14.95), (true 372, predicted [160])
attack: step 10/10, xent loss = 13.6589, l2 loss = 18.4862 (max 14.95), (true 372, predicted [160])
check failed
true = 372, adv = 160
evaluating 726 of [720, 730)
attack: step 1/10, xent loss = 0.933573, l2 loss = 0 (max 14.95), (true 835, predicted [835])
attack: step 2/10, xent loss = 5.66095, l2 loss = 4.36776 (max 14.95), (true 835, predicted [51])
attack: step 3/10, xent loss = 7.26657, l2 loss = 7.60204 (max 14.95), (true 835, predicted [51])
attack: step 4/10, xent loss = 9.16308, l2 loss = 8.62812 (max 14.95), (true 835, predicted [51])
attack: step 5/10, xent loss = 11.8409, l2 loss = 9.67133 (max 14.95), (true 835, predicted [51])
attack: step 6/10, xent loss = 14.124, l2 loss = 11.6215 (max 14.95), (true 835, predicted [51])
attack: step 7/10, xent loss = 17.3451, l2 loss = 13.3453 (max 14.95), (true 835, predicted [51])
attack: step 8/10, xent loss = 19.9245, l2 loss = 16.1192 (max 14.95), (true 835, predicted [51])
attack: step 9/10, xent loss = 15.7845, l2 loss = 18.928 (max 14.95), (true 835, predicted [51])
attack: step 10/10, xent loss = 19.395, l2 loss = 21.3476 (max 14.95), (true 835, predicted [51])
check failed
true = 835, adv = 51
evaluating 727 of [720, 730)
attack: step 1/10, xent loss = 0.0795887, l2 loss = 0 (max 14.95), (true 21, predicted [21])
attack: step 2/10, xent loss = 0.032174, l2 loss = 0.221105 (max 14.95), (true 21, predicted [21])
attack: step 3/10, xent loss = 0.0755339, l2 loss = 0.260103 (max 14.95), (true 21, predicted [21])
attack: step 4/10, xent loss = 0.0996153, l2 loss = 0.380797 (max 14.95), (true 21, predicted [21])
attack: step 5/10, xent loss = 0.123428, l2 loss = 0.483503 (max 14.95), (true 21, predicted [21])
attack: step 6/10, xent loss = 0.119443, l2 loss = 0.603961 (max 14.95), (true 21, predicted [21])
attack: step 7/10, xent loss = 0.2246, l2 loss = 0.711697 (max 14.95), (true 21, predicted [21])
attack: step 8/10, xent loss = 0.14635, l2 loss = 0.928422 (max 14.95), (true 21, predicted [21])
attack: step 9/10, xent loss = 0.178729, l2 loss = 1.06608 (max 14.95), (true 21, predicted [21])
attack: step 10/10, xent loss = 0.237911, l2 loss = 1.18889 (max 14.95), (true 21, predicted [21])
true = 21, adv = 21
evaluating 728 of [720, 730)
attack: step 1/10, xent loss = 0.666323, l2 loss = 0 (max 14.95), (true 337, predicted [337])
attack: step 2/10, xent loss = 1.12014, l2 loss = 2.12107 (max 14.95), (true 337, predicted [337])
attack: step 3/10, xent loss = 3.73947, l2 loss = 3.85796 (max 14.95), (true 337, predicted [58])
attack: step 4/10, xent loss = 6.54398, l2 loss = 5.76749 (max 14.95), (true 337, predicted [389])
attack: step 5/10, xent loss = 8.6866, l2 loss = 7.80452 (max 14.95), (true 337, predicted [394])
attack: step 6/10, xent loss = 9.42389, l2 loss = 8.88637 (max 14.95), (true 337, predicted [391])
attack: step 7/10, xent loss = 12.2117, l2 loss = 10.5695 (max 14.95), (true 337, predicted [391])
attack: step 8/10, xent loss = 16.4332, l2 loss = 12.2258 (max 14.95), (true 337, predicted [391])
attack: step 9/10, xent loss = 14.2398, l2 loss = 14.1013 (max 14.95), (true 337, predicted [391])
attack: step 10/10, xent loss = 13.5979, l2 loss = 19.9232 (max 14.95), (true 337, predicted [391])
check failed
true = 337, adv = 391
evaluating 729 of [720, 730)
attack: step 1/10, xent loss = 1.18007, l2 loss = 0 (max 14.95), (true 146, predicted [146])
attack: step 2/10, xent loss = 1.57324, l2 loss = 2.31532 (max 14.95), (true 146, predicted [146])
attack: step 3/10, xent loss = 3.83071, l2 loss = 3.78447 (max 14.95), (true 146, predicted [4])
attack: step 4/10, xent loss = 4.84203, l2 loss = 4.82661 (max 14.95), (true 146, predicted [4])
attack: step 5/10, xent loss = 5.69702, l2 loss = 6.15694 (max 14.95), (true 146, predicted [4])
attack: step 6/10, xent loss = 6.55785, l2 loss = 6.66875 (max 14.95), (true 146, predicted [4])
attack: step 7/10, xent loss = 6.13372, l2 loss = 7.34507 (max 14.95), (true 146, predicted [4])
attack: step 8/10, xent loss = 6.76235, l2 loss = 7.96365 (max 14.95), (true 146, predicted [4])
attack: step 9/10, xent loss = 8.2761, l2 loss = 8.45952 (max 14.95), (true 146, predicted [4])
attack: step 10/10, xent loss = 7.82246, l2 loss = 9.32233 (max 14.95), (true 146, predicted [4])
true = 146, adv = 4
