2019-10-26 02:00:08.646438: I tensorflow/core/platform/cpu_feature_guard.cc:141] Your CPU supports instructions that this TensorFlow binary was not compiled to use: SSE4.1 SSE4.2 AVX AVX2 FMA
2019-10-26 02:00:08.655902: I tensorflow/core/platform/profile_utils/cpu_utils.cc:94] CPU Frequency: 2600125000 Hz
2019-10-26 02:00:08.656141: I tensorflow/compiler/xla/service/service.cc:150] XLA service 0x55555902eb20 executing computations on platform Host. Devices:
2019-10-26 02:00:08.656174: I tensorflow/compiler/xla/service/service.cc:158]   StreamExecutor device (0): <undefined>, <undefined>
2019-10-26 02:00:08.656556: I tensorflow/core/common_runtime/process_util.cc:71] Creating new thread pool with default inter op setting: 2. Tune using inter_op_parallelism_threads for best performance.
evaluating 730 of [730, 740)
attack: step 1/10, xent loss = 0.0194283, l2 loss = 0.623915 (max 14.95), (true 938, predicted [938])
attack: step 2/10, xent loss = 0.0207626, l2 loss = 0.641566 (max 14.95), (true 938, predicted [938])
attack: step 3/10, xent loss = 0.0547242, l2 loss = 0.656839 (max 14.95), (true 938, predicted [938])
attack: step 4/10, xent loss = 0.00664323, l2 loss = 0.758294 (max 14.95), (true 938, predicted [938])
attack: step 5/10, xent loss = 0.0111547, l2 loss = 0.761781 (max 14.95), (true 938, predicted [938])
attack: step 6/10, xent loss = 0.0557471, l2 loss = 0.769367 (max 14.95), (true 938, predicted [938])
attack: step 7/10, xent loss = 0.0275498, l2 loss = 0.811104 (max 14.95), (true 938, predicted [938])
attack: step 8/10, xent loss = 0.0151752, l2 loss = 0.838734 (max 14.95), (true 938, predicted [938])
attack: step 9/10, xent loss = 0.208579, l2 loss = 0.851711 (max 14.95), (true 938, predicted [938])
attack: step 10/10, xent loss = 0.123715, l2 loss = 1.47191 (max 14.95), (true 938, predicted [938])
true = 938, adv = 938
evaluating 731 of [730, 740)
attack: step 1/10, xent loss = 27.1972, l2 loss = 32.1866 (max 14.95), (true 516, predicted [728])
unbound attack returning early
check failed
true = 516, adv = 728
evaluating 732 of [730, 740)
attack: step 1/10, xent loss = 18.9372, l2 loss = 30.527 (max 14.95), (true 650, predicted [819])
unbound attack returning early
check failed
true = 650, adv = 819
evaluating 733 of [730, 740)
attack: step 1/10, xent loss = 1.94411, l2 loss = 6.73659 (max 14.95), (true 796, predicted [643])
returning early
true = 796, adv = 643
evaluating 734 of [730, 740)
attack: step 1/10, xent loss = 11.4236, l2 loss = 18.67 (max 14.95), (true 28, predicted [64])
unbound attack returning early
check failed
true = 28, adv = 64
evaluating 735 of [730, 740)
attack: step 1/10, xent loss = 36.6728, l2 loss = 33.8068 (max 14.95), (true 825, predicted [700])
unbound attack returning early
check failed
true = 825, adv = 700
evaluating 736 of [730, 740)
attack: step 1/10, xent loss = 10.4111, l2 loss = 13.6175 (max 14.95), (true 340, predicted [940])
returning early
true = 340, adv = 940
evaluating 737 of [730, 740)
attack: step 1/10, xent loss = 0.00194503, l2 loss = 0.0368744 (max 14.95), (true 986, predicted [986])
attack: step 2/10, xent loss = 0.00261632, l2 loss = 0.0378486 (max 14.95), (true 986, predicted [986])
attack: step 3/10, xent loss = 0.00159887, l2 loss = 0.0395805 (max 14.95), (true 986, predicted [986])
attack: step 4/10, xent loss = 0.00304628, l2 loss = 0.0407918 (max 14.95), (true 986, predicted [986])
attack: step 5/10, xent loss = 0.0018972, l2 loss = 0.0430444 (max 14.95), (true 986, predicted [986])
attack: step 6/10, xent loss = 0.00204723, l2 loss = 0.0444212 (max 14.95), (true 986, predicted [986])
attack: step 7/10, xent loss = 0.00233306, l2 loss = 0.0458239 (max 14.95), (true 986, predicted [986])
attack: step 8/10, xent loss = 0.000816131, l2 loss = 0.0472245 (max 14.95), (true 986, predicted [986])
attack: step 9/10, xent loss = 0.00218974, l2 loss = 0.0475928 (max 14.95), (true 986, predicted [986])
attack: step 10/10, xent loss = 0.00143508, l2 loss = 0.0489523 (max 14.95), (true 986, predicted [986])
true = 986, adv = 986
evaluating 738 of [730, 740)
attack: step 1/10, xent loss = 8.58786, l2 loss = 12.2364 (max 14.95), (true 231, predicted [157])
returning early
true = 231, adv = 157
evaluating 739 of [730, 740)
attack: step 1/10, xent loss = 5.60387, l2 loss = 11.7757 (max 14.95), (true 98, predicted [133])
returning early
true = 98, adv = 133
