2019-06-30 22:44:07.110908: I tensorflow/core/platform/cpu_feature_guard.cc:141] Your CPU supports instructions that this TensorFlow binary was not compiled to use: SSE4.1 SSE4.2 AVX AVX2 FMA
2019-06-30 22:44:08.132263: I tensorflow/core/platform/profile_utils/cpu_utils.cc:94] CPU Frequency: 2599750000 Hz
2019-06-30 22:44:08.133135: I tensorflow/compiler/xla/service/service.cc:150] XLA service 0x2aaae6e4b280 executing computations on platform Host. Devices:
2019-06-30 22:44:08.133221: I tensorflow/compiler/xla/service/service.cc:158]   StreamExecutor device (0): <undefined>, <undefined>
2019-06-30 22:44:08.134151: I tensorflow/core/common_runtime/process_util.cc:71] Creating new thread pool with default inter op setting: 2. Tune using inter_op_parallelism_threads for best performance.
evaluating 190 of [190, 200)
attack: step 1/10, xent loss = 5.11654, l2 loss = 15.9303 (max 14.95), (true 553, predicted [599])
attack: step 2/10, xent loss = 3.92466, l2 loss = 16.8337 (max 14.95), (true 553, predicted [478])
attack: step 3/10, xent loss = 4.44821, l2 loss = 17.7084 (max 14.95), (true 553, predicted [905])
attack: step 4/10, xent loss = 3.1925, l2 loss = 18.6438 (max 14.95), (true 553, predicted [478])
attack: step 5/10, xent loss = 5.72778, l2 loss = 19.7441 (max 14.95), (true 553, predicted [478])
attack: step 6/10, xent loss = 4.38154, l2 loss = 20.4047 (max 14.95), (true 553, predicted [453])
attack: step 7/10, xent loss = 4.54598, l2 loss = 20.9228 (max 14.95), (true 553, predicted [905])
attack: step 8/10, xent loss = 4.31412, l2 loss = 21.3439 (max 14.95), (true 553, predicted [478])
attack: step 9/10, xent loss = 5.68731, l2 loss = 21.9289 (max 14.95), (true 553, predicted [417])
attack: step 10/10, xent loss = 4.78766, l2 loss = 22.3053 (max 14.95), (true 553, predicted [478])
check failed
true = 553, adv = 417
evaluating 191 of [190, 200)
attack: step 1/10, xent loss = 7.25792, l2 loss = 6.51328 (max 14.95), (true 23, predicted [723])
attack: step 2/10, xent loss = 7.28484, l2 loss = 6.8059 (max 14.95), (true 23, predicted [723])
attack: step 3/10, xent loss = 8.2407, l2 loss = 6.99402 (max 14.95), (true 23, predicted [723])
attack: step 4/10, xent loss = 7.00511, l2 loss = 7.34178 (max 14.95), (true 23, predicted [723])
attack: step 5/10, xent loss = 7.82792, l2 loss = 7.53469 (max 14.95), (true 23, predicted [723])
attack: step 6/10, xent loss = 7.58211, l2 loss = 7.69799 (max 14.95), (true 23, predicted [723])
attack: step 7/10, xent loss = 7.18592, l2 loss = 7.894 (max 14.95), (true 23, predicted [723])
attack: step 8/10, xent loss = 6.85156, l2 loss = 8.0753 (max 14.95), (true 23, predicted [723])
attack: step 9/10, xent loss = 6.98611, l2 loss = 8.20978 (max 14.95), (true 23, predicted [723])
attack: step 10/10, xent loss = 7.34808, l2 loss = 8.42807 (max 14.95), (true 23, predicted [723])
true = 23, adv = 723
evaluating 192 of [190, 200)
attack: step 1/10, xent loss = 8.42563, l2 loss = 10.166 (max 14.95), (true 169, predicted [557])
attack: step 2/10, xent loss = 8.52687, l2 loss = 10.3823 (max 14.95), (true 169, predicted [879])
attack: step 3/10, xent loss = 8.18442, l2 loss = 11.1136 (max 14.95), (true 169, predicted [478])
attack: step 4/10, xent loss = 8.50311, l2 loss = 11.3115 (max 14.95), (true 169, predicted [557])
attack: step 5/10, xent loss = 7.71962, l2 loss = 11.7795 (max 14.95), (true 169, predicted [728])
attack: step 6/10, xent loss = 9.25365, l2 loss = 12.3381 (max 14.95), (true 169, predicted [750])
attack: step 7/10, xent loss = 8.5484, l2 loss = 12.5724 (max 14.95), (true 169, predicted [750])
attack: step 8/10, xent loss = 8.91346, l2 loss = 12.8792 (max 14.95), (true 169, predicted [879])
attack: step 9/10, xent loss = 9.51555, l2 loss = 13.7862 (max 14.95), (true 169, predicted [692])
attack: step 10/10, xent loss = 8.50905, l2 loss = 14.1504 (max 14.95), (true 169, predicted [692])
true = 169, adv = 879
evaluating 193 of [190, 200)
attack: step 1/10, xent loss = 7.99916, l2 loss = 15.1645 (max 14.95), (true 567, predicted [574])
attack: step 2/10, xent loss = 6.8346, l2 loss = 15.9304 (max 14.95), (true 567, predicted [417])
attack: step 3/10, xent loss = 7.18406, l2 loss = 16.381 (max 14.95), (true 567, predicted [805])
attack: step 4/10, xent loss = 7.62009, l2 loss = 16.8548 (max 14.95), (true 567, predicted [574])
attack: step 5/10, xent loss = 7.14094, l2 loss = 17.2777 (max 14.95), (true 567, predicted [417])
attack: step 6/10, xent loss = 7.71618, l2 loss = 17.6767 (max 14.95), (true 567, predicted [805])
attack: step 7/10, xent loss = 6.9701, l2 loss = 19.74 (max 14.95), (true 567, predicted [574])
attack: step 8/10, xent loss = 7.68787, l2 loss = 20.3077 (max 14.95), (true 567, predicted [417])
attack: step 9/10, xent loss = 8.14965, l2 loss = 20.8931 (max 14.95), (true 567, predicted [417])
attack: step 10/10, xent loss = 7.31726, l2 loss = 21.4298 (max 14.95), (true 567, predicted [574])
check failed
true = 567, adv = 574
evaluating 194 of [190, 200)
attack: step 1/10, xent loss = 8.60161, l2 loss = 14.6468 (max 14.95), (true 545, predicted [518])
attack: step 2/10, xent loss = 10.0436, l2 loss = 15.493 (max 14.95), (true 545, predicted [518])
attack: step 3/10, xent loss = 8.79228, l2 loss = 16.1637 (max 14.95), (true 545, predicted [518])
attack: step 4/10, xent loss = 10.405, l2 loss = 16.5803 (max 14.95), (true 545, predicted [518])
attack: step 5/10, xent loss = 9.34147, l2 loss = 16.8959 (max 14.95), (true 545, predicted [518])
attack: step 6/10, xent loss = 10.0658, l2 loss = 17.3865 (max 14.95), (true 545, predicted [518])
attack: step 7/10, xent loss = 9.87542, l2 loss = 17.7582 (max 14.95), (true 545, predicted [518])
attack: step 8/10, xent loss = 7.16568, l2 loss = 18.2166 (max 14.95), (true 545, predicted [518])
attack: step 9/10, xent loss = 9.46467, l2 loss = 18.7519 (max 14.95), (true 545, predicted [518])
attack: step 10/10, xent loss = 9.25716, l2 loss = 19.5299 (max 14.95), (true 545, predicted [518])
check failed
true = 545, adv = 518
evaluating 195 of [190, 200)
attack: step 1/10, xent loss = 7.47511, l2 loss = 7.23321 (max 14.95), (true 328, predicted [701])
attack: step 2/10, xent loss = 8.24453, l2 loss = 7.50418 (max 14.95), (true 328, predicted [417])
attack: step 3/10, xent loss = 7.82014, l2 loss = 7.84957 (max 14.95), (true 328, predicted [701])
attack: step 4/10, xent loss = 8.08242, l2 loss = 8.04477 (max 14.95), (true 328, predicted [728])
attack: step 5/10, xent loss = 8.17517, l2 loss = 8.23607 (max 14.95), (true 328, predicted [478])
attack: step 6/10, xent loss = 7.67743, l2 loss = 8.57766 (max 14.95), (true 328, predicted [478])
attack: step 7/10, xent loss = 7.94319, l2 loss = 8.79292 (max 14.95), (true 328, predicted [879])
attack: step 8/10, xent loss = 7.78234, l2 loss = 9.04167 (max 14.95), (true 328, predicted [478])
attack: step 9/10, xent loss = 8.19528, l2 loss = 9.28279 (max 14.95), (true 328, predicted [417])
attack: step 10/10, xent loss = 8.06794, l2 loss = 9.51774 (max 14.95), (true 328, predicted [478])
true = 328, adv = 478
evaluating 196 of [190, 200)
attack: step 1/10, xent loss = 5.89187, l2 loss = 19.0725 (max 14.95), (true 598, predicted [915])
attack: step 2/10, xent loss = 5.60831, l2 loss = 20.5029 (max 14.95), (true 598, predicted [728])
attack: step 3/10, xent loss = 5.52018, l2 loss = 21.254 (max 14.95), (true 598, predicted [750])
attack: step 4/10, xent loss = 5.73365, l2 loss = 21.8453 (max 14.95), (true 598, predicted [728])
attack: step 5/10, xent loss = 7.44936, l2 loss = 22.6758 (max 14.95), (true 598, predicted [478])
attack: step 6/10, xent loss = 4.78439, l2 loss = 23.6169 (max 14.95), (true 598, predicted [728])
attack: step 7/10, xent loss = 5.93018, l2 loss = 24.8836 (max 14.95), (true 598, predicted [728])
attack: step 8/10, xent loss = 6.29458, l2 loss = 25.4045 (max 14.95), (true 598, predicted [750])
attack: step 9/10, xent loss = 6.61928, l2 loss = 25.7313 (max 14.95), (true 598, predicted [728])
attack: step 10/10, xent loss = 7.66416, l2 loss = 26.2004 (max 14.95), (true 598, predicted [478])
check failed
true = 598, adv = 728
evaluating 197 of [190, 200)
attack: step 1/10, xent loss = 6.90278, l2 loss = 18.0741 (max 14.95), (true 209, predicted [667])
attack: step 2/10, xent loss = 7.55417, l2 loss = 18.6379 (max 14.95), (true 209, predicted [478])
attack: step 3/10, xent loss = 9.31862, l2 loss = 18.9915 (max 14.95), (true 209, predicted [478])
attack: step 4/10, xent loss = 8.61295, l2 loss = 19.9977 (max 14.95), (true 209, predicted [667])
attack: step 5/10, xent loss = 7.10868, l2 loss = 20.3175 (max 14.95), (true 209, predicted [417])
attack: step 6/10, xent loss = 8.45793, l2 loss = 20.6089 (max 14.95), (true 209, predicted [478])
attack: step 7/10, xent loss = 8.54827, l2 loss = 21.1283 (max 14.95), (true 209, predicted [478])
attack: step 8/10, xent loss = 9.39364, l2 loss = 21.3469 (max 14.95), (true 209, predicted [879])
attack: step 9/10, xent loss = 11.0715, l2 loss = 22.0269 (max 14.95), (true 209, predicted [478])
attack: step 10/10, xent loss = 9.8843, l2 loss = 23.1485 (max 14.95), (true 209, predicted [478])
check failed
true = 209, adv = 478
evaluating 198 of [190, 200)
attack: step 1/10, xent loss = 9.83724, l2 loss = 25.6653 (max 14.95), (true 564, predicted [728])
attack: step 2/10, xent loss = 9.05217, l2 loss = 27.5344 (max 14.95), (true 564, predicted [728])
attack: step 3/10, xent loss = 8.71229, l2 loss = 29.4497 (max 14.95), (true 564, predicted [728])
attack: step 4/10, xent loss = 9.06907, l2 loss = 29.7374 (max 14.95), (true 564, predicted [728])
attack: step 5/10, xent loss = 8.20186, l2 loss = 30.9804 (max 14.95), (true 564, predicted [728])
attack: step 6/10, xent loss = 10.1302, l2 loss = 31.5728 (max 14.95), (true 564, predicted [728])
attack: step 7/10, xent loss = 11.3775, l2 loss = 32.774 (max 14.95), (true 564, predicted [728])
attack: step 8/10, xent loss = 9.98846, l2 loss = 33.9408 (max 14.95), (true 564, predicted [728])
attack: step 9/10, xent loss = 9.40358, l2 loss = 34.9211 (max 14.95), (true 564, predicted [728])
attack: step 10/10, xent loss = 13.8051, l2 loss = 35.7027 (max 14.95), (true 564, predicted [728])
check failed
true = 564, adv = 728
evaluating 199 of [190, 200)
attack: step 1/10, xent loss = 7.92549, l2 loss = 5.62351 (max 14.95), (true 37, predicted [645])
attack: step 2/10, xent loss = 7.59123, l2 loss = 5.85493 (max 14.95), (true 37, predicted [619])
attack: step 3/10, xent loss = 7.93932, l2 loss = 6.09399 (max 14.95), (true 37, predicted [607])
attack: step 4/10, xent loss = 8.26428, l2 loss = 6.32749 (max 14.95), (true 37, predicted [701])
attack: step 5/10, xent loss = 7.76017, l2 loss = 6.49733 (max 14.95), (true 37, predicted [645])
attack: step 6/10, xent loss = 8.13016, l2 loss = 6.72666 (max 14.95), (true 37, predicted [645])
attack: step 7/10, xent loss = 7.2479, l2 loss = 6.90906 (max 14.95), (true 37, predicted [601])
attack: step 8/10, xent loss = 7.46422, l2 loss = 7.072 (max 14.95), (true 37, predicted [701])
attack: step 9/10, xent loss = 8.22919, l2 loss = 7.22387 (max 14.95), (true 37, predicted [645])
attack: step 10/10, xent loss = 7.8758, l2 loss = 7.39719 (max 14.95), (true 37, predicted [711])
true = 37, adv = 701
