2019-11-04 07:20:27.687711: I tensorflow/core/platform/cpu_feature_guard.cc:141] Your CPU supports instructions that this TensorFlow binary was not compiled to use: SSE4.1 SSE4.2 AVX AVX2 FMA
2019-11-04 07:20:27.719067: I tensorflow/core/platform/profile_utils/cpu_utils.cc:94] CPU Frequency: 2600125000 Hz
2019-11-04 07:20:27.719312: I tensorflow/compiler/xla/service/service.cc:150] XLA service 0x55555902fa10 executing computations on platform Host. Devices:
2019-11-04 07:20:27.719351: I tensorflow/compiler/xla/service/service.cc:158]   StreamExecutor device (0): <undefined>, <undefined>
2019-11-04 07:20:27.719759: I tensorflow/core/common_runtime/process_util.cc:71] Creating new thread pool with default inter op setting: 2. Tune using inter_op_parallelism_threads for best performance.
evaluating 940 of [940, 950)
attack: step 1/1, xent loss = 0.624684, l2 loss = 28.6521 (max 14.95), (true 370, predicted [370])
check failed
true = 370, adv = 793
evaluating 941 of [940, 950)
attack: step 1/1, xent loss = 0.198514, l2 loss = 16.6357 (max 14.95), (true 565, predicted [565])
check failed
true = 565, adv = 830
evaluating 942 of [940, 950)
attack: step 1/1, xent loss = 5.67681, l2 loss = 27.1543 (max 14.95), (true 933, predicted [928])
check failed
true = 933, adv = 927
evaluating 943 of [940, 950)
attack: step 1/1, xent loss = 19.6573, l2 loss = 38.0254 (max 14.95), (true 855, predicted [999])
check failed
true = 855, adv = 700
evaluating 944 of [940, 950)
attack: step 1/1, xent loss = 10.919, l2 loss = 24.9149 (max 14.95), (true 736, predicted [285])
check failed
true = 736, adv = 253
evaluating 945 of [940, 950)
attack: step 1/1, xent loss = 0.198044, l2 loss = 1.09725 (max 14.95), (true 145, predicted [145])
true = 145, adv = 145
evaluating 946 of [940, 950)
attack: step 1/1, xent loss = 9.38419, l2 loss = 14.2287 (max 14.95), (true 301, predicted [75])
true = 301, adv = 75
evaluating 947 of [940, 950)
attack: step 1/1, xent loss = 0.154642, l2 loss = 28.8222 (max 14.95), (true 47, predicted [47])
check failed
true = 47, adv = 728
evaluating 948 of [940, 950)
attack: step 1/1, xent loss = 5.25176, l2 loss = 33.9562 (max 14.95), (true 459, predicted [514])
check failed
true = 459, adv = 552
evaluating 949 of [940, 950)
attack: step 1/1, xent loss = 0.397684, l2 loss = 2.23386 (max 14.95), (true 698, predicted [698])
true = 698, adv = 698
