2019-06-26 22:30:03.054732: I tensorflow/core/platform/cpu_feature_guard.cc:141] Your CPU supports instructions that this TensorFlow binary was not compiled to use: SSE4.1 SSE4.2 AVX AVX2 FMA
2019-06-26 22:30:03.906726: I tensorflow/core/platform/profile_utils/cpu_utils.cc:94] CPU Frequency: 2599915000 Hz
2019-06-26 22:30:03.906815: I tensorflow/compiler/xla/service/service.cc:150] XLA service 0x2aaae74bf4f0 executing computations on platform Host. Devices:
2019-06-26 22:30:03.906829: I tensorflow/compiler/xla/service/service.cc:158]   StreamExecutor device (0): <undefined>, <undefined>
2019-06-26 22:30:03.907826: I tensorflow/core/common_runtime/process_util.cc:71] Creating new thread pool with default inter op setting: 2. Tune using inter_op_parallelism_threads for best performance.
evaluating 550 of [550, 560)
attack: step 1/10, xent loss = 26.442, l2 loss = 31.3893 (max 14.95), (true 913, predicted [728])
attack: step 2/10, xent loss = 23.7021, l2 loss = 33.5771 (max 14.95), (true 913, predicted [728])
attack: step 3/10, xent loss = 27.0049, l2 loss = 35.0725 (max 14.95), (true 913, predicted [728])
attack: step 4/10, xent loss = 32.0965, l2 loss = 36.2639 (max 14.95), (true 913, predicted [728])
attack: step 5/10, xent loss = 31.5429, l2 loss = 37.5779 (max 14.95), (true 913, predicted [728])
attack: step 6/10, xent loss = 32.104, l2 loss = 38.6345 (max 14.95), (true 913, predicted [728])
attack: step 7/10, xent loss = 34.7385, l2 loss = 39.9757 (max 14.95), (true 913, predicted [728])
attack: step 8/10, xent loss = 32.8267, l2 loss = 41.2051 (max 14.95), (true 913, predicted [728])
attack: step 9/10, xent loss = 34.5078, l2 loss = 42.4521 (max 14.95), (true 913, predicted [728])
attack: step 10/10, xent loss = 37.9267, l2 loss = 43.5614 (max 14.95), (true 913, predicted [728])
check failed
true = 913, adv = 728
evaluating 551 of [550, 560)
attack: step 1/10, xent loss = 12.9549, l2 loss = 15.2334 (max 14.95), (true 730, predicted [984])
attack: step 2/10, xent loss = 14.2037, l2 loss = 16.0324 (max 14.95), (true 730, predicted [984])
attack: step 3/10, xent loss = 14.3051, l2 loss = 17.0323 (max 14.95), (true 730, predicted [984])
attack: step 4/10, xent loss = 17.0531, l2 loss = 17.5932 (max 14.95), (true 730, predicted [984])
attack: step 5/10, xent loss = 17.3575, l2 loss = 18.0768 (max 14.95), (true 730, predicted [984])
attack: step 6/10, xent loss = 14.8602, l2 loss = 18.869 (max 14.95), (true 730, predicted [984])
attack: step 7/10, xent loss = 16.4676, l2 loss = 19.6898 (max 14.95), (true 730, predicted [984])
attack: step 8/10, xent loss = 14.6446, l2 loss = 20.2336 (max 14.95), (true 730, predicted [984])
attack: step 9/10, xent loss = 18.3386, l2 loss = 21.4741 (max 14.95), (true 730, predicted [984])
attack: step 10/10, xent loss = 15.9445, l2 loss = 22.364 (max 14.95), (true 730, predicted [984])
check failed
true = 730, adv = 984
evaluating 552 of [550, 560)
attack: step 1/10, xent loss = 29.7897, l2 loss = 30.7411 (max 14.95), (true 295, predicted [552])
attack: step 2/10, xent loss = 27.4708, l2 loss = 34.2037 (max 14.95), (true 295, predicted [552])
attack: step 3/10, xent loss = 33.2567, l2 loss = 35.2561 (max 14.95), (true 295, predicted [552])
attack: step 4/10, xent loss = 26.9361, l2 loss = 37.4277 (max 14.95), (true 295, predicted [552])
attack: step 5/10, xent loss = 29.0428, l2 loss = 38.3581 (max 14.95), (true 295, predicted [552])
attack: step 6/10, xent loss = 35.1766, l2 loss = 39.343 (max 14.95), (true 295, predicted [552])
attack: step 7/10, xent loss = 34.365, l2 loss = 40.5088 (max 14.95), (true 295, predicted [552])
attack: step 8/10, xent loss = 38.4245, l2 loss = 41.4705 (max 14.95), (true 295, predicted [552])
attack: step 9/10, xent loss = 38.1015, l2 loss = 42.3545 (max 14.95), (true 295, predicted [552])
attack: step 10/10, xent loss = 38.6852, l2 loss = 43.2649 (max 14.95), (true 295, predicted [552])
check failed
true = 295, adv = 552
evaluating 553 of [550, 560)
attack: step 1/10, xent loss = 8.7892, l2 loss = 17.7883 (max 14.95), (true 354, predicted [672])
attack: step 2/10, xent loss = 11.8683, l2 loss = 18.6681 (max 14.95), (true 354, predicted [672])
attack: step 3/10, xent loss = 12.2379, l2 loss = 19.1055 (max 14.95), (true 354, predicted [672])
attack: step 4/10, xent loss = 12.9691, l2 loss = 19.9575 (max 14.95), (true 354, predicted [672])
attack: step 5/10, xent loss = 13.3407, l2 loss = 20.6415 (max 14.95), (true 354, predicted [672])
attack: step 6/10, xent loss = 13.826, l2 loss = 21.7599 (max 14.95), (true 354, predicted [672])
attack: step 7/10, xent loss = 15.8096, l2 loss = 22.2319 (max 14.95), (true 354, predicted [672])
attack: step 8/10, xent loss = 14.4002, l2 loss = 22.8778 (max 14.95), (true 354, predicted [672])
attack: step 9/10, xent loss = 16.5733, l2 loss = 23.4726 (max 14.95), (true 354, predicted [672])
attack: step 10/10, xent loss = 15.7839, l2 loss = 23.8446 (max 14.95), (true 354, predicted [672])
check failed
true = 354, adv = 672
evaluating 554 of [550, 560)
attack: step 1/10, xent loss = 6.5348, l2 loss = 10.4229 (max 14.95), (true 938, predicted [728])
attack: step 2/10, xent loss = 7.13124, l2 loss = 11.4176 (max 14.95), (true 938, predicted [728])
attack: step 3/10, xent loss = 9.94332, l2 loss = 12.4919 (max 14.95), (true 938, predicted [728])
attack: step 4/10, xent loss = 11.1701, l2 loss = 14.028 (max 14.95), (true 938, predicted [728])
attack: step 5/10, xent loss = 12.711, l2 loss = 15.1906 (max 14.95), (true 938, predicted [728])
attack: step 6/10, xent loss = 15.3609, l2 loss = 16.4369 (max 14.95), (true 938, predicted [728])
attack: step 7/10, xent loss = 11.9555, l2 loss = 17.6644 (max 14.95), (true 938, predicted [728])
attack: step 8/10, xent loss = 12.989, l2 loss = 18.8018 (max 14.95), (true 938, predicted [728])
attack: step 9/10, xent loss = 15.8202, l2 loss = 20.1565 (max 14.95), (true 938, predicted [728])
attack: step 10/10, xent loss = 16.7791, l2 loss = 21.209 (max 14.95), (true 938, predicted [728])
check failed
true = 938, adv = 728
evaluating 555 of [550, 560)
attack: step 1/10, xent loss = 14.792, l2 loss = 16.1101 (max 14.95), (true 455, predicted [518])
attack: step 2/10, xent loss = 12.8142, l2 loss = 17.0412 (max 14.95), (true 455, predicted [518])
attack: step 3/10, xent loss = 16.5652, l2 loss = 18.1584 (max 14.95), (true 455, predicted [518])
attack: step 4/10, xent loss = 16.3678, l2 loss = 18.9019 (max 14.95), (true 455, predicted [518])
attack: step 5/10, xent loss = 15.5221, l2 loss = 19.7017 (max 14.95), (true 455, predicted [518])
attack: step 6/10, xent loss = 16.4429, l2 loss = 21.1002 (max 14.95), (true 455, predicted [518])
attack: step 7/10, xent loss = 18.57, l2 loss = 22.1852 (max 14.95), (true 455, predicted [518])
attack: step 8/10, xent loss = 18.2803, l2 loss = 22.9936 (max 14.95), (true 455, predicted [518])
attack: step 9/10, xent loss = 20.6831, l2 loss = 23.7119 (max 14.95), (true 455, predicted [518])
attack: step 10/10, xent loss = 20.7103, l2 loss = 24.4339 (max 14.95), (true 455, predicted [518])
check failed
true = 455, adv = 518
evaluating 556 of [550, 560)
attack: step 1/10, xent loss = 0.00112018, l2 loss = 0.100525 (max 14.95), (true 443, predicted [443])
attack: step 2/10, xent loss = 0.00299339, l2 loss = 0.100862 (max 14.95), (true 443, predicted [443])
attack: step 3/10, xent loss = 0.00513734, l2 loss = 0.102298 (max 14.95), (true 443, predicted [443])
attack: step 4/10, xent loss = 0.00688845, l2 loss = 0.105073 (max 14.95), (true 443, predicted [443])
attack: step 5/10, xent loss = 0.00751797, l2 loss = 0.109046 (max 14.95), (true 443, predicted [443])
attack: step 6/10, xent loss = 0.00234983, l2 loss = 0.115292 (max 14.95), (true 443, predicted [443])
attack: step 7/10, xent loss = 0.00768337, l2 loss = 0.116335 (max 14.95), (true 443, predicted [443])
attack: step 8/10, xent loss = 0.0064265, l2 loss = 0.123928 (max 14.95), (true 443, predicted [443])
attack: step 9/10, xent loss = 0.00649697, l2 loss = 0.128528 (max 14.95), (true 443, predicted [443])
attack: step 10/10, xent loss = 0.00967315, l2 loss = 0.134055 (max 14.95), (true 443, predicted [443])
true = 443, adv = 443
evaluating 557 of [550, 560)
attack: step 1/10, xent loss = 11.9028, l2 loss = 12.7745 (max 14.95), (true 941, predicted [897])
attack: step 2/10, xent loss = 11.608, l2 loss = 13.9242 (max 14.95), (true 941, predicted [897])
attack: step 3/10, xent loss = 11.9278, l2 loss = 15.0096 (max 14.95), (true 941, predicted [897])
attack: step 4/10, xent loss = 13.3812, l2 loss = 15.8445 (max 14.95), (true 941, predicted [897])
attack: step 5/10, xent loss = 15.4271, l2 loss = 17.1562 (max 14.95), (true 941, predicted [897])
attack: step 6/10, xent loss = 13.4502, l2 loss = 19.2957 (max 14.95), (true 941, predicted [897])
attack: step 7/10, xent loss = 14.4276, l2 loss = 20.6365 (max 14.95), (true 941, predicted [897])
attack: step 8/10, xent loss = 15.1372, l2 loss = 22.2454 (max 14.95), (true 941, predicted [897])
attack: step 9/10, xent loss = 16.847, l2 loss = 23.7067 (max 14.95), (true 941, predicted [897])
attack: step 10/10, xent loss = 16.9928, l2 loss = 25.5447 (max 14.95), (true 941, predicted [897])
check failed
true = 941, adv = 897
evaluating 558 of [550, 560)
attack: step 1/10, xent loss = 21.6775, l2 loss = 29.4437 (max 14.95), (true 648, predicted [728])
attack: step 2/10, xent loss = 33.1766, l2 loss = 31.384 (max 14.95), (true 648, predicted [728])
attack: step 3/10, xent loss = 33.066, l2 loss = 32.8301 (max 14.95), (true 648, predicted [728])
attack: step 4/10, xent loss = 34.2122, l2 loss = 34.2925 (max 14.95), (true 648, predicted [728])
attack: step 5/10, xent loss = 33.4737, l2 loss = 35.9527 (max 14.95), (true 648, predicted [728])
attack: step 6/10, xent loss = 36.8425, l2 loss = 37.3833 (max 14.95), (true 648, predicted [728])
attack: step 7/10, xent loss = 37.8686, l2 loss = 39.0142 (max 14.95), (true 648, predicted [728])
attack: step 8/10, xent loss = 37.4736, l2 loss = 40.1659 (max 14.95), (true 648, predicted [728])
attack: step 9/10, xent loss = 38.4976, l2 loss = 41.5221 (max 14.95), (true 648, predicted [728])
attack: step 10/10, xent loss = 45.2572, l2 loss = 42.7947 (max 14.95), (true 648, predicted [728])
check failed
true = 648, adv = 728
evaluating 559 of [550, 560)
attack: step 1/10, xent loss = 2.68133, l2 loss = 6.48341 (max 14.95), (true 923, predicted [936])
attack: step 2/10, xent loss = 3.24115, l2 loss = 6.98184 (max 14.95), (true 923, predicted [934])
attack: step 3/10, xent loss = 4.18889, l2 loss = 7.49595 (max 14.95), (true 923, predicted [934])
attack: step 4/10, xent loss = 4.40349, l2 loss = 8.20199 (max 14.95), (true 923, predicted [934])
attack: step 5/10, xent loss = 5.16847, l2 loss = 8.94773 (max 14.95), (true 923, predicted [934])
attack: step 6/10, xent loss = 4.91863, l2 loss = 9.83528 (max 14.95), (true 923, predicted [934])
attack: step 7/10, xent loss = 6.78851, l2 loss = 10.4958 (max 14.95), (true 923, predicted [934])
attack: step 8/10, xent loss = 7.26565, l2 loss = 11.1941 (max 14.95), (true 923, predicted [934])
attack: step 9/10, xent loss = 7.17661, l2 loss = 12.0484 (max 14.95), (true 923, predicted [934])
attack: step 10/10, xent loss = 8.32588, l2 loss = 12.7257 (max 14.95), (true 923, predicted [934])
true = 923, adv = 934
