2019-05-23 23:10:02.440750: I tensorflow/core/platform/cpu_feature_guard.cc:141] Your CPU supports instructions that this TensorFlow binary was not compiled to use: SSE4.1 SSE4.2 AVX AVX2 FMA
2019-05-23 23:10:02.450307: I tensorflow/core/platform/profile_utils/cpu_utils.cc:94] CPU Frequency: 2599945000 Hz
2019-05-23 23:10:02.450438: I tensorflow/compiler/xla/service/service.cc:150] XLA service 0x2aaae6bc1020 executing computations on platform Host. Devices:
2019-05-23 23:10:02.450463: I tensorflow/compiler/xla/service/service.cc:158]   StreamExecutor device (0): <undefined>, <undefined>
2019-05-23 23:10:02.450657: I tensorflow/core/common_runtime/process_util.cc:71] Creating new thread pool with default inter op setting: 2. Tune using inter_op_parallelism_threads for best performance.
evaluating 760 of [760, 770)
attack: step 1/10, xent loss = 1.6738, l2 loss = 0 (max 14.95), (true 807, predicted [807])
attack: step 2/10, xent loss = 2.41776, l2 loss = 5.96039 (max 14.95), (true 807, predicted [913])
attack: step 3/10, xent loss = 3.89609, l2 loss = 9.52635 (max 14.95), (true 807, predicted [913])
attack: step 4/10, xent loss = 6.13577, l2 loss = 11.901 (max 14.95), (true 807, predicted [728])
attack: step 5/10, xent loss = 5.60631, l2 loss = 12.7121 (max 14.95), (true 807, predicted [728])
attack: step 6/10, xent loss = 3.82246, l2 loss = 14.2971 (max 14.95), (true 807, predicted [913])
attack: step 7/10, xent loss = 7.76083, l2 loss = 15.9044 (max 14.95), (true 807, predicted [728])
attack: step 8/10, xent loss = 6.39365, l2 loss = 16.7962 (max 14.95), (true 807, predicted [728])
attack: step 9/10, xent loss = 9.08272, l2 loss = 17.9948 (max 14.95), (true 807, predicted [314])
attack: step 10/10, xent loss = 8.71939, l2 loss = 19.1956 (max 14.95), (true 807, predicted [728])
check failed
true = 807, adv = 314
evaluating 761 of [760, 770)
attack: step 1/10, xent loss = 3.35101, l2 loss = 0 (max 14.95), (true 345, predicted [417])
attack: step 2/10, xent loss = 3.64223, l2 loss = 7.92966 (max 14.95), (true 345, predicted [417])
attack: step 3/10, xent loss = 7.22701, l2 loss = 10.7511 (max 14.95), (true 345, predicted [417])
attack: step 4/10, xent loss = 6.08159, l2 loss = 12.7327 (max 14.95), (true 345, predicted [417])
attack: step 5/10, xent loss = 3.7505, l2 loss = 14.4784 (max 14.95), (true 345, predicted [405])
attack: step 6/10, xent loss = 4.82869, l2 loss = 16.8321 (max 14.95), (true 345, predicted [417])
attack: step 7/10, xent loss = 7.60843, l2 loss = 18.3113 (max 14.95), (true 345, predicted [417])
attack: step 8/10, xent loss = 8.749, l2 loss = 19.7814 (max 14.95), (true 345, predicted [417])
attack: step 9/10, xent loss = 7.35915, l2 loss = 20.5151 (max 14.95), (true 345, predicted [417])
attack: step 10/10, xent loss = 6.71213, l2 loss = 21.3647 (max 14.95), (true 345, predicted [417])
check failed
true = 345, adv = 701
evaluating 762 of [760, 770)
attack: step 1/10, xent loss = 3.28173, l2 loss = 0 (max 14.95), (true 761, predicted [794])
attack: step 2/10, xent loss = 4.3758, l2 loss = 3.53145 (max 14.95), (true 761, predicted [728])
attack: step 3/10, xent loss = 4.9322, l2 loss = 4.59908 (max 14.95), (true 761, predicted [728])
attack: step 4/10, xent loss = 4.61135, l2 loss = 7.60316 (max 14.95), (true 761, predicted [728])
attack: step 5/10, xent loss = 4.73955, l2 loss = 8.71351 (max 14.95), (true 761, predicted [728])
attack: step 6/10, xent loss = 4.55858, l2 loss = 9.43425 (max 14.95), (true 761, predicted [728])
attack: step 7/10, xent loss = 5.41922, l2 loss = 10.5912 (max 14.95), (true 761, predicted [728])
attack: step 8/10, xent loss = 4.99877, l2 loss = 12.0798 (max 14.95), (true 761, predicted [728])
attack: step 9/10, xent loss = 6.03775, l2 loss = 12.6658 (max 14.95), (true 761, predicted [728])
attack: step 10/10, xent loss = 9.33361, l2 loss = 13.8178 (max 14.95), (true 761, predicted [728])
check failed
true = 761, adv = 728
evaluating 763 of [760, 770)
attack: step 1/10, xent loss = 5.95476, l2 loss = 0 (max 14.95), (true 956, predicted [936])
attack: step 2/10, xent loss = 6.0816, l2 loss = 2.78176 (max 14.95), (true 956, predicted [936])
attack: step 3/10, xent loss = 5.64127, l2 loss = 4.05115 (max 14.95), (true 956, predicted [936])
attack: step 4/10, xent loss = 6.60082, l2 loss = 4.58418 (max 14.95), (true 956, predicted [936])
attack: step 5/10, xent loss = 5.94676, l2 loss = 5.97398 (max 14.95), (true 956, predicted [936])
attack: step 6/10, xent loss = 5.60841, l2 loss = 6.4778 (max 14.95), (true 956, predicted [936])
attack: step 7/10, xent loss = 7.9735, l2 loss = 7.30063 (max 14.95), (true 956, predicted [936])
attack: step 8/10, xent loss = 6.92308, l2 loss = 7.96465 (max 14.95), (true 956, predicted [936])
attack: step 9/10, xent loss = 6.7092, l2 loss = 9.00991 (max 14.95), (true 956, predicted [936])
attack: step 10/10, xent loss = 8.85361, l2 loss = 9.43319 (max 14.95), (true 956, predicted [936])
true = 956, adv = 936
evaluating 764 of [760, 770)
attack: step 1/10, xent loss = 9.27261, l2 loss = 0 (max 14.95), (true 816, predicted [728])
attack: step 2/10, xent loss = 11.687, l2 loss = 4.85642 (max 14.95), (true 816, predicted [728])
attack: step 3/10, xent loss = 12.7844, l2 loss = 8.79652 (max 14.95), (true 816, predicted [728])
attack: step 4/10, xent loss = 13.2145, l2 loss = 11.1186 (max 14.95), (true 816, predicted [728])
attack: step 5/10, xent loss = 9.9844, l2 loss = 12.7173 (max 14.95), (true 816, predicted [728])
attack: step 6/10, xent loss = 13.1392, l2 loss = 14.3916 (max 14.95), (true 816, predicted [728])
attack: step 7/10, xent loss = 12.6453, l2 loss = 15.4736 (max 14.95), (true 816, predicted [728])
attack: step 8/10, xent loss = 15.8493, l2 loss = 16.5413 (max 14.95), (true 816, predicted [728])
attack: step 9/10, xent loss = 12.8418, l2 loss = 17.8488 (max 14.95), (true 816, predicted [728])
attack: step 10/10, xent loss = 13.4485, l2 loss = 18.8278 (max 14.95), (true 816, predicted [728])
check failed
true = 816, adv = 728
evaluating 765 of [760, 770)
attack: step 1/10, xent loss = 2.1887, l2 loss = 0 (max 14.95), (true 495, predicted [583])
attack: step 2/10, xent loss = 3.6579, l2 loss = 7.23406 (max 14.95), (true 495, predicted [583])
attack: step 3/10, xent loss = 2.60704, l2 loss = 11.9292 (max 14.95), (true 495, predicted [583])
attack: step 4/10, xent loss = 6.66574, l2 loss = 14.0757 (max 14.95), (true 495, predicted [583])
attack: step 5/10, xent loss = 7.4883, l2 loss = 16.7189 (max 14.95), (true 495, predicted [583])
attack: step 6/10, xent loss = 11.6148, l2 loss = 18.8189 (max 14.95), (true 495, predicted [583])
attack: step 7/10, xent loss = 12.6001, l2 loss = 19.8141 (max 14.95), (true 495, predicted [583])
attack: step 8/10, xent loss = 16.165, l2 loss = 21.9573 (max 14.95), (true 495, predicted [583])
attack: step 9/10, xent loss = 14.9884, l2 loss = 23.1248 (max 14.95), (true 495, predicted [583])
attack: step 10/10, xent loss = 14.3463, l2 loss = 24.252 (max 14.95), (true 495, predicted [583])
check failed
true = 495, adv = 583
evaluating 766 of [760, 770)
attack: step 1/10, xent loss = 0.7005, l2 loss = 0 (max 14.95), (true 828, predicted [828])
attack: step 2/10, xent loss = 0.579627, l2 loss = 2.21798 (max 14.95), (true 828, predicted [828])
attack: step 3/10, xent loss = 2.85529, l2 loss = 3.1046 (max 14.95), (true 828, predicted [618])
attack: step 4/10, xent loss = 4.46743, l2 loss = 5.99401 (max 14.95), (true 828, predicted [618])
attack: step 5/10, xent loss = 6.53043, l2 loss = 7.42302 (max 14.95), (true 828, predicted [451])
attack: step 6/10, xent loss = 8.30259, l2 loss = 9.56559 (max 14.95), (true 828, predicted [451])
attack: step 7/10, xent loss = 11.6987, l2 loss = 13.3149 (max 14.95), (true 828, predicted [451])
attack: step 8/10, xent loss = 13.6432, l2 loss = 15.9585 (max 14.95), (true 828, predicted [451])
attack: step 9/10, xent loss = 14.5604, l2 loss = 18.3235 (max 14.95), (true 828, predicted [451])
attack: step 10/10, xent loss = 15.8776, l2 loss = 19.775 (max 14.95), (true 828, predicted [451])
check failed
true = 828, adv = 451
evaluating 767 of [760, 770)
attack: step 1/10, xent loss = 7.33947, l2 loss = 0 (max 14.95), (true 380, predicted [879])
attack: step 2/10, xent loss = 7.63682, l2 loss = 4.34136 (max 14.95), (true 380, predicted [723])
attack: step 3/10, xent loss = 6.43484, l2 loss = 5.11549 (max 14.95), (true 380, predicted [448])
attack: step 4/10, xent loss = 6.56653, l2 loss = 5.79322 (max 14.95), (true 380, predicted [645])
attack: step 5/10, xent loss = 7.17433, l2 loss = 6.18179 (max 14.95), (true 380, predicted [645])
attack: step 6/10, xent loss = 6.75366, l2 loss = 6.77716 (max 14.95), (true 380, predicted [728])
attack: step 7/10, xent loss = 7.19977, l2 loss = 9.57505 (max 14.95), (true 380, predicted [692])
attack: step 8/10, xent loss = 7.51354, l2 loss = 9.7902 (max 14.95), (true 380, predicted [645])
attack: step 9/10, xent loss = 7.06257, l2 loss = 10.0074 (max 14.95), (true 380, predicted [557])
attack: step 10/10, xent loss = 7.37133, l2 loss = 10.1973 (max 14.95), (true 380, predicted [645])
true = 380, adv = 645
evaluating 768 of [760, 770)
attack: step 1/10, xent loss = 7.84135, l2 loss = 0 (max 14.95), (true 754, predicted [728])
attack: step 2/10, xent loss = 9.6799, l2 loss = 4.91306 (max 14.95), (true 754, predicted [478])
attack: step 3/10, xent loss = 11.0939, l2 loss = 6.66419 (max 14.95), (true 754, predicted [728])
attack: step 4/10, xent loss = 10.207, l2 loss = 9.13539 (max 14.95), (true 754, predicted [728])
attack: step 5/10, xent loss = 11.576, l2 loss = 12.2218 (max 14.95), (true 754, predicted [728])
attack: step 6/10, xent loss = 13.3736, l2 loss = 13.2433 (max 14.95), (true 754, predicted [728])
attack: step 7/10, xent loss = 11.8066, l2 loss = 15.9126 (max 14.95), (true 754, predicted [728])
attack: step 8/10, xent loss = 13.0509, l2 loss = 17.7393 (max 14.95), (true 754, predicted [728])
attack: step 9/10, xent loss = 17.5445, l2 loss = 19.3598 (max 14.95), (true 754, predicted [728])
attack: step 10/10, xent loss = 17.3923, l2 loss = 21.8119 (max 14.95), (true 754, predicted [728])
check failed
true = 754, adv = 728
evaluating 769 of [760, 770)
attack: step 1/10, xent loss = 5.39146, l2 loss = 0 (max 14.95), (true 765, predicted [463])
attack: step 2/10, xent loss = 6.55706, l2 loss = 3.79973 (max 14.95), (true 765, predicted [830])
attack: step 3/10, xent loss = 6.89586, l2 loss = 5.01541 (max 14.95), (true 765, predicted [790])
attack: step 4/10, xent loss = 5.94757, l2 loss = 6.11693 (max 14.95), (true 765, predicted [790])
attack: step 5/10, xent loss = 6.99267, l2 loss = 6.9316 (max 14.95), (true 765, predicted [790])
attack: step 6/10, xent loss = 6.79487, l2 loss = 7.32205 (max 14.95), (true 765, predicted [830])
attack: step 7/10, xent loss = 7.07028, l2 loss = 8.27327 (max 14.95), (true 765, predicted [830])
attack: step 8/10, xent loss = 7.39193, l2 loss = 8.84737 (max 14.95), (true 765, predicted [830])
attack: step 9/10, xent loss = 6.45924, l2 loss = 9.51914 (max 14.95), (true 765, predicted [830])
attack: step 10/10, xent loss = 7.41718, l2 loss = 10.0522 (max 14.95), (true 765, predicted [830])
true = 765, adv = 830
