2019-05-25 20:26:44.417074: I tensorflow/core/platform/cpu_feature_guard.cc:141] Your CPU supports instructions that this TensorFlow binary was not compiled to use: SSE4.1 SSE4.2 AVX AVX2 FMA
2019-05-25 20:26:44.787331: I tensorflow/core/platform/profile_utils/cpu_utils.cc:94] CPU Frequency: 2599985000 Hz
2019-05-25 20:26:44.787423: I tensorflow/compiler/xla/service/service.cc:150] XLA service 0x2aaae70bd450 executing computations on platform Host. Devices:
2019-05-25 20:26:44.787437: I tensorflow/compiler/xla/service/service.cc:158]   StreamExecutor device (0): <undefined>, <undefined>
2019-05-25 20:26:44.788606: I tensorflow/core/common_runtime/process_util.cc:71] Creating new thread pool with default inter op setting: 2. Tune using inter_op_parallelism_threads for best performance.
evaluating 900 of [900, 910)
attack: step 1/10, xent loss = 5.37739, l2 loss = 0 (max 14.95), (true 257, predicted [208])
attack: step 2/10, xent loss = 6.36367, l2 loss = 4.61446 (max 14.95), (true 257, predicted [797])
attack: step 3/10, xent loss = 7.3657, l2 loss = 7.23007 (max 14.95), (true 257, predicted [728])
attack: step 4/10, xent loss = 11.3603, l2 loss = 10.1382 (max 14.95), (true 257, predicted [728])
attack: step 5/10, xent loss = 15.8554, l2 loss = 14.3977 (max 14.95), (true 257, predicted [728])
attack: step 6/10, xent loss = 19.041, l2 loss = 17.2312 (max 14.95), (true 257, predicted [728])
attack: step 7/10, xent loss = 23.0569, l2 loss = 19.5194 (max 14.95), (true 257, predicted [728])
attack: step 8/10, xent loss = 23.8019, l2 loss = 20.9707 (max 14.95), (true 257, predicted [728])
attack: step 9/10, xent loss = 26.214, l2 loss = 22.5869 (max 14.95), (true 257, predicted [728])
attack: step 10/10, xent loss = 26.9133, l2 loss = 24.0408 (max 14.95), (true 257, predicted [728])
check failed
true = 257, adv = 728
evaluating 901 of [900, 910)
attack: step 1/10, xent loss = 0.00335155, l2 loss = 0 (max 14.95), (true 575, predicted [575])
attack: step 2/10, xent loss = 0.000658534, l2 loss = 0.0118166 (max 14.95), (true 575, predicted [575])
attack: step 3/10, xent loss = 0.00122424, l2 loss = 0.0120787 (max 14.95), (true 575, predicted [575])
attack: step 4/10, xent loss = 0.00174918, l2 loss = 0.0131604 (max 14.95), (true 575, predicted [575])
attack: step 5/10, xent loss = 0.000767652, l2 loss = 0.0148063 (max 14.95), (true 575, predicted [575])
attack: step 6/10, xent loss = 0.00177964, l2 loss = 0.0151685 (max 14.95), (true 575, predicted [575])
attack: step 7/10, xent loss = 0.00313909, l2 loss = 0.0164627 (max 14.95), (true 575, predicted [575])
attack: step 8/10, xent loss = 0.000824231, l2 loss = 0.0202536 (max 14.95), (true 575, predicted [575])
attack: step 9/10, xent loss = 0.00221175, l2 loss = 0.0206797 (max 14.95), (true 575, predicted [575])
attack: step 10/10, xent loss = 0.00174977, l2 loss = 0.0225773 (max 14.95), (true 575, predicted [575])
true = 575, adv = 575
evaluating 902 of [900, 910)
attack: step 1/10, xent loss = 8.47958, l2 loss = 0 (max 14.95), (true 679, predicted [917])
attack: step 2/10, xent loss = 8.08853, l2 loss = 3.00578 (max 14.95), (true 679, predicted [917])
attack: step 3/10, xent loss = 6.66527, l2 loss = 4.46952 (max 14.95), (true 679, predicted [917])
attack: step 4/10, xent loss = 9.61054, l2 loss = 6.25425 (max 14.95), (true 679, predicted [643])
attack: step 5/10, xent loss = 10.0871, l2 loss = 7.52463 (max 14.95), (true 679, predicted [643])
attack: step 6/10, xent loss = 9.36551, l2 loss = 8.87419 (max 14.95), (true 679, predicted [917])
attack: step 7/10, xent loss = 9.87487, l2 loss = 9.57586 (max 14.95), (true 679, predicted [643])
attack: step 8/10, xent loss = 9.18291, l2 loss = 10.2666 (max 14.95), (true 679, predicted [643])
attack: step 9/10, xent loss = 8.50438, l2 loss = 10.8582 (max 14.95), (true 679, predicted [643])
attack: step 10/10, xent loss = 10.9377, l2 loss = 11.5337 (max 14.95), (true 679, predicted [643])
true = 679, adv = 643
evaluating 903 of [900, 910)
attack: step 1/10, xent loss = 3.36489, l2 loss = 0 (max 14.95), (true 826, predicted [531])
attack: step 2/10, xent loss = 3.61873, l2 loss = 2.67432 (max 14.95), (true 826, predicted [531])
attack: step 3/10, xent loss = 4.11175, l2 loss = 3.86111 (max 14.95), (true 826, predicted [531])
attack: step 4/10, xent loss = 4.28743, l2 loss = 5.00347 (max 14.95), (true 826, predicted [531])
attack: step 5/10, xent loss = 5.09628, l2 loss = 5.83185 (max 14.95), (true 826, predicted [920])
attack: step 6/10, xent loss = 8.47271, l2 loss = 7.32249 (max 14.95), (true 826, predicted [920])
attack: step 7/10, xent loss = 6.57256, l2 loss = 9.58005 (max 14.95), (true 826, predicted [920])
attack: step 8/10, xent loss = 8.86455, l2 loss = 11.2761 (max 14.95), (true 826, predicted [920])
attack: step 9/10, xent loss = 12.5394, l2 loss = 13.453 (max 14.95), (true 826, predicted [920])
attack: step 10/10, xent loss = 12.8792, l2 loss = 15.1294 (max 14.95), (true 826, predicted [920])
check failed
true = 826, adv = 920
evaluating 904 of [900, 910)
attack: step 1/10, xent loss = 2.8618, l2 loss = 0 (max 14.95), (true 973, predicted [2])
attack: step 2/10, xent loss = 2.64675, l2 loss = 3.67 (max 14.95), (true 973, predicted [1])
attack: step 3/10, xent loss = 2.22347, l2 loss = 5.1254 (max 14.95), (true 973, predicted [973])
attack: step 4/10, xent loss = 4.03348, l2 loss = 6.07099 (max 14.95), (true 973, predicted [728])
attack: step 5/10, xent loss = 3.27474, l2 loss = 6.81657 (max 14.95), (true 973, predicted [4])
attack: step 6/10, xent loss = 4.70381, l2 loss = 7.78786 (max 14.95), (true 973, predicted [728])
attack: step 7/10, xent loss = 5.89385, l2 loss = 9.24208 (max 14.95), (true 973, predicted [728])
attack: step 8/10, xent loss = 6.42897, l2 loss = 9.70256 (max 14.95), (true 973, predicted [728])
attack: step 9/10, xent loss = 7.71019, l2 loss = 10.768 (max 14.95), (true 973, predicted [728])
attack: step 10/10, xent loss = 8.90636, l2 loss = 11.7116 (max 14.95), (true 973, predicted [728])
true = 973, adv = 728
evaluating 905 of [900, 910)
attack: step 1/10, xent loss = 6.30309, l2 loss = 0 (max 14.95), (true 931, predicted [470])
attack: step 2/10, xent loss = 9.02038, l2 loss = 7.83311 (max 14.95), (true 931, predicted [470])
attack: step 3/10, xent loss = 10.9333, l2 loss = 9.0921 (max 14.95), (true 931, predicted [470])
attack: step 4/10, xent loss = 14.8993, l2 loss = 11.6583 (max 14.95), (true 931, predicted [470])
attack: step 5/10, xent loss = 13.2203, l2 loss = 14.3018 (max 14.95), (true 931, predicted [470])
attack: step 6/10, xent loss = 14.9116, l2 loss = 17.0838 (max 14.95), (true 931, predicted [470])
attack: step 7/10, xent loss = 14.0327, l2 loss = 19.3649 (max 14.95), (true 931, predicted [470])
attack: step 8/10, xent loss = 14.6769, l2 loss = 21.267 (max 14.95), (true 931, predicted [470])
attack: step 9/10, xent loss = 18.3241, l2 loss = 23.0413 (max 14.95), (true 931, predicted [470])
attack: step 10/10, xent loss = 20.1879, l2 loss = 24.4653 (max 14.95), (true 931, predicted [470])
check failed
true = 931, adv = 470
evaluating 906 of [900, 910)
attack: step 1/10, xent loss = 2.00039, l2 loss = 0 (max 14.95), (true 172, predicted [176])
attack: step 2/10, xent loss = 1.13961, l2 loss = 2.51001 (max 14.95), (true 172, predicted [172])
attack: step 3/10, xent loss = 2.22432, l2 loss = 3.12141 (max 14.95), (true 172, predicted [176])
attack: step 4/10, xent loss = 2.54444, l2 loss = 4.71041 (max 14.95), (true 172, predicted [176])
attack: step 5/10, xent loss = 2.40736, l2 loss = 5.67003 (max 14.95), (true 172, predicted [176])
attack: step 6/10, xent loss = 3.26125, l2 loss = 6.54051 (max 14.95), (true 172, predicted [169])
attack: step 7/10, xent loss = 4.06824, l2 loss = 7.47574 (max 14.95), (true 172, predicted [176])
attack: step 8/10, xent loss = 4.57952, l2 loss = 8.31638 (max 14.95), (true 172, predicted [176])
attack: step 9/10, xent loss = 4.88257, l2 loss = 9.54911 (max 14.95), (true 172, predicted [176])
attack: step 10/10, xent loss = 7.48053, l2 loss = 10.541 (max 14.95), (true 172, predicted [552])
true = 172, adv = 552
evaluating 907 of [900, 910)
attack: step 1/10, xent loss = 7.4346, l2 loss = 0 (max 14.95), (true 374, predicted [728])
attack: step 2/10, xent loss = 9.29404, l2 loss = 7.21627 (max 14.95), (true 374, predicted [728])
attack: step 3/10, xent loss = 11.0607, l2 loss = 10.4283 (max 14.95), (true 374, predicted [728])
attack: step 4/10, xent loss = 16.8525, l2 loss = 13.4434 (max 14.95), (true 374, predicted [728])
attack: step 5/10, xent loss = 18.373, l2 loss = 17.6007 (max 14.95), (true 374, predicted [728])
attack: step 6/10, xent loss = 21.8836, l2 loss = 20.8247 (max 14.95), (true 374, predicted [728])
attack: step 7/10, xent loss = 26.2787, l2 loss = 22.9114 (max 14.95), (true 374, predicted [728])
attack: step 8/10, xent loss = 30.0676, l2 loss = 25.3995 (max 14.95), (true 374, predicted [728])
attack: step 9/10, xent loss = 30.2633, l2 loss = 26.9568 (max 14.95), (true 374, predicted [728])
attack: step 10/10, xent loss = 32.2763, l2 loss = 28.7693 (max 14.95), (true 374, predicted [728])
check failed
true = 374, adv = 728
evaluating 908 of [900, 910)
attack: step 1/10, xent loss = 0.102422, l2 loss = 0 (max 14.95), (true 351, predicted [351])
attack: step 2/10, xent loss = 0.0968779, l2 loss = 0.162991 (max 14.95), (true 351, predicted [351])
attack: step 3/10, xent loss = 0.0936072, l2 loss = 0.23123 (max 14.95), (true 351, predicted [351])
attack: step 4/10, xent loss = 0.115785, l2 loss = 0.302933 (max 14.95), (true 351, predicted [351])
attack: step 5/10, xent loss = 0.0818707, l2 loss = 0.363223 (max 14.95), (true 351, predicted [351])
attack: step 6/10, xent loss = 0.106158, l2 loss = 0.391696 (max 14.95), (true 351, predicted [351])
attack: step 7/10, xent loss = 0.131533, l2 loss = 0.437411 (max 14.95), (true 351, predicted [351])
attack: step 8/10, xent loss = 0.0619954, l2 loss = 0.500309 (max 14.95), (true 351, predicted [351])
attack: step 9/10, xent loss = 0.0829656, l2 loss = 0.5218 (max 14.95), (true 351, predicted [351])
attack: step 10/10, xent loss = 0.0743318, l2 loss = 0.554964 (max 14.95), (true 351, predicted [351])
true = 351, adv = 351
evaluating 909 of [900, 910)
attack: step 1/10, xent loss = 0.112526, l2 loss = 0 (max 14.95), (true 908, predicted [908])
attack: step 2/10, xent loss = 0.14562, l2 loss = 0.525544 (max 14.95), (true 908, predicted [908])
attack: step 3/10, xent loss = 0.10255, l2 loss = 0.784058 (max 14.95), (true 908, predicted [908])
attack: step 4/10, xent loss = 0.109635, l2 loss = 0.91548 (max 14.95), (true 908, predicted [908])
attack: step 5/10, xent loss = 0.135907, l2 loss = 1.01823 (max 14.95), (true 908, predicted [908])
attack: step 6/10, xent loss = 0.224769, l2 loss = 1.20898 (max 14.95), (true 908, predicted [908])
attack: step 7/10, xent loss = 0.191717, l2 loss = 1.49033 (max 14.95), (true 908, predicted [908])
attack: step 8/10, xent loss = 0.249879, l2 loss = 1.72725 (max 14.95), (true 908, predicted [908])
attack: step 9/10, xent loss = 0.194448, l2 loss = 1.96086 (max 14.95), (true 908, predicted [908])
attack: step 10/10, xent loss = 0.580872, l2 loss = 2.09743 (max 14.95), (true 908, predicted [908])
true = 908, adv = 908
