2019-06-26 22:30:03.060343: I tensorflow/core/platform/cpu_feature_guard.cc:141] Your CPU supports instructions that this TensorFlow binary was not compiled to use: SSE4.1 SSE4.2 AVX AVX2 FMA
2019-06-26 22:30:03.505030: I tensorflow/core/platform/profile_utils/cpu_utils.cc:94] CPU Frequency: 2600130000 Hz
2019-06-26 22:30:03.506141: I tensorflow/compiler/xla/service/service.cc:150] XLA service 0x2aaae6fbd2a0 executing computations on platform Host. Devices:
2019-06-26 22:30:03.506575: I tensorflow/compiler/xla/service/service.cc:158]   StreamExecutor device (0): <undefined>, <undefined>
2019-06-26 22:30:03.508203: I tensorflow/core/common_runtime/process_util.cc:71] Creating new thread pool with default inter op setting: 2. Tune using inter_op_parallelism_threads for best performance.
evaluating 340 of [340, 350)
attack: step 1/10, xent loss = 0.0615352, l2 loss = 1.00708 (max 14.95), (true 763, predicted [763])
attack: step 2/10, xent loss = 0.367815, l2 loss = 1.08604 (max 14.95), (true 763, predicted [763])
attack: step 3/10, xent loss = 0.758717, l2 loss = 1.97357 (max 14.95), (true 763, predicted [763])
attack: step 4/10, xent loss = 4.50866, l2 loss = 4.01861 (max 14.95), (true 763, predicted [674])
attack: step 5/10, xent loss = 7.97349, l2 loss = 9.07092 (max 14.95), (true 763, predicted [674])
attack: step 6/10, xent loss = 7.97626, l2 loss = 9.51071 (max 14.95), (true 763, predicted [674])
attack: step 7/10, xent loss = 11.4475, l2 loss = 10.2514 (max 14.95), (true 763, predicted [674])
attack: step 8/10, xent loss = 15.2301, l2 loss = 13.7953 (max 14.95), (true 763, predicted [674])
attack: step 9/10, xent loss = 15.4389, l2 loss = 16.66 (max 14.95), (true 763, predicted [674])
attack: step 10/10, xent loss = 19.5104, l2 loss = 20.3386 (max 14.95), (true 763, predicted [674])
check failed
true = 763, adv = 674
evaluating 341 of [340, 350)
attack: step 1/10, xent loss = 0.079074, l2 loss = 0.272782 (max 14.95), (true 11, predicted [11])
attack: step 2/10, xent loss = 0.0629513, l2 loss = 0.295086 (max 14.95), (true 11, predicted [11])
attack: step 3/10, xent loss = 0.0438741, l2 loss = 0.309444 (max 14.95), (true 11, predicted [11])
attack: step 4/10, xent loss = 0.0452213, l2 loss = 0.319472 (max 14.95), (true 11, predicted [11])
attack: step 5/10, xent loss = 0.0524553, l2 loss = 0.328216 (max 14.95), (true 11, predicted [11])
attack: step 6/10, xent loss = 0.069759, l2 loss = 0.339609 (max 14.95), (true 11, predicted [11])
attack: step 7/10, xent loss = 0.0668337, l2 loss = 0.351317 (max 14.95), (true 11, predicted [11])
attack: step 8/10, xent loss = 0.0633588, l2 loss = 0.362916 (max 14.95), (true 11, predicted [11])
attack: step 9/10, xent loss = 0.0531513, l2 loss = 0.377521 (max 14.95), (true 11, predicted [11])
attack: step 10/10, xent loss = 0.0678426, l2 loss = 0.387614 (max 14.95), (true 11, predicted [11])
true = 11, adv = 11
evaluating 342 of [340, 350)
attack: step 1/10, xent loss = 30.6975, l2 loss = 26.5512 (max 14.95), (true 126, predicted [728])
attack: step 2/10, xent loss = 28.1978, l2 loss = 27.5626 (max 14.95), (true 126, predicted [728])
attack: step 3/10, xent loss = 33.7725, l2 loss = 28.5808 (max 14.95), (true 126, predicted [728])
attack: step 4/10, xent loss = 32.3321, l2 loss = 29.6149 (max 14.95), (true 126, predicted [728])
attack: step 5/10, xent loss = 36.7233, l2 loss = 30.7541 (max 14.95), (true 126, predicted [728])
attack: step 6/10, xent loss = 33.3822, l2 loss = 31.9522 (max 14.95), (true 126, predicted [728])
attack: step 7/10, xent loss = 35.2518, l2 loss = 33.1809 (max 14.95), (true 126, predicted [728])
attack: step 8/10, xent loss = 41.3494, l2 loss = 34.2389 (max 14.95), (true 126, predicted [728])
attack: step 9/10, xent loss = 37.4024, l2 loss = 35.0696 (max 14.95), (true 126, predicted [728])
attack: step 10/10, xent loss = 39.8802, l2 loss = 36.3186 (max 14.95), (true 126, predicted [728])
check failed
true = 126, adv = 728
evaluating 343 of [340, 350)
attack: step 1/10, xent loss = 0.16215, l2 loss = 1.26365 (max 14.95), (true 453, predicted [453])
attack: step 2/10, xent loss = 0.273331, l2 loss = 1.35586 (max 14.95), (true 453, predicted [453])
attack: step 3/10, xent loss = 0.061455, l2 loss = 1.56326 (max 14.95), (true 453, predicted [453])
attack: step 4/10, xent loss = 0.0832832, l2 loss = 1.58796 (max 14.95), (true 453, predicted [453])
attack: step 5/10, xent loss = 0.326318, l2 loss = 1.61243 (max 14.95), (true 453, predicted [453])
attack: step 6/10, xent loss = 0.240479, l2 loss = 1.88149 (max 14.95), (true 453, predicted [453])
attack: step 7/10, xent loss = 0.338888, l2 loss = 2.01229 (max 14.95), (true 453, predicted [453])
attack: step 8/10, xent loss = 0.229945, l2 loss = 2.25625 (max 14.95), (true 453, predicted [453])
attack: step 9/10, xent loss = 0.489244, l2 loss = 2.37562 (max 14.95), (true 453, predicted [453])
attack: step 10/10, xent loss = 0.326941, l2 loss = 2.76975 (max 14.95), (true 453, predicted [453])
true = 453, adv = 453
evaluating 344 of [340, 350)
attack: step 1/10, xent loss = 0.0695137, l2 loss = 0.742752 (max 14.95), (true 100, predicted [100])
attack: step 2/10, xent loss = 0.0906837, l2 loss = 0.767961 (max 14.95), (true 100, predicted [100])
attack: step 3/10, xent loss = 0.272667, l2 loss = 0.803855 (max 14.95), (true 100, predicted [100])
attack: step 4/10, xent loss = 0.152955, l2 loss = 1.07648 (max 14.95), (true 100, predicted [100])
attack: step 5/10, xent loss = 0.206605, l2 loss = 1.13748 (max 14.95), (true 100, predicted [100])
attack: step 6/10, xent loss = 0.127183, l2 loss = 1.2381 (max 14.95), (true 100, predicted [100])
attack: step 7/10, xent loss = 0.179199, l2 loss = 1.27528 (max 14.95), (true 100, predicted [100])
attack: step 8/10, xent loss = 0.16954, l2 loss = 1.32801 (max 14.95), (true 100, predicted [100])
attack: step 9/10, xent loss = 0.256716, l2 loss = 1.41487 (max 14.95), (true 100, predicted [100])
attack: step 10/10, xent loss = 0.152837, l2 loss = 1.54218 (max 14.95), (true 100, predicted [100])
true = 100, adv = 100
evaluating 345 of [340, 350)
attack: step 1/10, xent loss = 25.2776, l2 loss = 30.7149 (max 14.95), (true 668, predicted [470])
attack: step 2/10, xent loss = 24.2044, l2 loss = 32.8641 (max 14.95), (true 668, predicted [470])
attack: step 3/10, xent loss = 25.9324, l2 loss = 34.6175 (max 14.95), (true 668, predicted [470])
attack: step 4/10, xent loss = 30.2351, l2 loss = 36.1642 (max 14.95), (true 668, predicted [470])
attack: step 5/10, xent loss = 33.5212, l2 loss = 38.086 (max 14.95), (true 668, predicted [470])
attack: step 6/10, xent loss = 29.2594, l2 loss = 39.6747 (max 14.95), (true 668, predicted [470])
attack: step 7/10, xent loss = 34.0975, l2 loss = 41.412 (max 14.95), (true 668, predicted [470])
attack: step 8/10, xent loss = 31.1359, l2 loss = 42.7218 (max 14.95), (true 668, predicted [470])
attack: step 9/10, xent loss = 32.9081, l2 loss = 44.4184 (max 14.95), (true 668, predicted [470])
attack: step 10/10, xent loss = 36.4685, l2 loss = 46.3928 (max 14.95), (true 668, predicted [470])
check failed
true = 668, adv = 470
evaluating 346 of [340, 350)
attack: step 1/10, xent loss = 18.3962, l2 loss = 21.9856 (max 14.95), (true 11, predicted [830])
attack: step 2/10, xent loss = 19.5907, l2 loss = 23.1676 (max 14.95), (true 11, predicted [830])
attack: step 3/10, xent loss = 21.1506, l2 loss = 24.4192 (max 14.95), (true 11, predicted [830])
attack: step 4/10, xent loss = 21.4009, l2 loss = 25.8089 (max 14.95), (true 11, predicted [830])
attack: step 5/10, xent loss = 20.7164, l2 loss = 26.9797 (max 14.95), (true 11, predicted [830])
attack: step 6/10, xent loss = 22.7853, l2 loss = 27.8731 (max 14.95), (true 11, predicted [830])
attack: step 7/10, xent loss = 24.8047, l2 loss = 29.3638 (max 14.95), (true 11, predicted [830])
attack: step 8/10, xent loss = 23.8497, l2 loss = 30.4155 (max 14.95), (true 11, predicted [830])
attack: step 9/10, xent loss = 27.955, l2 loss = 31.2132 (max 14.95), (true 11, predicted [830])
attack: step 10/10, xent loss = 28.7408, l2 loss = 32.3717 (max 14.95), (true 11, predicted [830])
check failed
true = 11, adv = 830
evaluating 347 of [340, 350)
attack: step 1/10, xent loss = 17.7577, l2 loss = 28.8668 (max 14.95), (true 101, predicted [728])
attack: step 2/10, xent loss = 22.7897, l2 loss = 30.2302 (max 14.95), (true 101, predicted [728])
attack: step 3/10, xent loss = 20.6068, l2 loss = 31.6475 (max 14.95), (true 101, predicted [728])
attack: step 4/10, xent loss = 23.6105, l2 loss = 33.0184 (max 14.95), (true 101, predicted [728])
attack: step 5/10, xent loss = 25.7974, l2 loss = 33.7766 (max 14.95), (true 101, predicted [728])
attack: step 6/10, xent loss = 18.463, l2 loss = 34.8478 (max 14.95), (true 101, predicted [728])
attack: step 7/10, xent loss = 21.4715, l2 loss = 35.803 (max 14.95), (true 101, predicted [728])
attack: step 8/10, xent loss = 27.2308, l2 loss = 36.8865 (max 14.95), (true 101, predicted [728])
attack: step 9/10, xent loss = 27.0496, l2 loss = 37.6851 (max 14.95), (true 101, predicted [728])
attack: step 10/10, xent loss = 26.3228, l2 loss = 38.4779 (max 14.95), (true 101, predicted [728])
check failed
true = 101, adv = 728
evaluating 348 of [340, 350)
attack: step 1/10, xent loss = 4.35868, l2 loss = 8.46227 (max 14.95), (true 884, predicted [406])
attack: step 2/10, xent loss = 5.83812, l2 loss = 8.99641 (max 14.95), (true 884, predicted [406])
attack: step 3/10, xent loss = 6.42447, l2 loss = 9.57408 (max 14.95), (true 884, predicted [406])
attack: step 4/10, xent loss = 6.51101, l2 loss = 10.2478 (max 14.95), (true 884, predicted [406])
attack: step 5/10, xent loss = 6.71618, l2 loss = 10.9037 (max 14.95), (true 884, predicted [406])
attack: step 6/10, xent loss = 6.95585, l2 loss = 11.4886 (max 14.95), (true 884, predicted [406])
attack: step 7/10, xent loss = 7.55741, l2 loss = 11.9368 (max 14.95), (true 884, predicted [406])
attack: step 8/10, xent loss = 7.90313, l2 loss = 12.5299 (max 14.95), (true 884, predicted [406])
attack: step 9/10, xent loss = 7.48196, l2 loss = 12.9466 (max 14.95), (true 884, predicted [406])
attack: step 10/10, xent loss = 8.06399, l2 loss = 13.4014 (max 14.95), (true 884, predicted [406])
true = 884, adv = 406
evaluating 349 of [340, 350)
attack: step 1/10, xent loss = 15.1457, l2 loss = 18.2251 (max 14.95), (true 750, predicted [728])
attack: step 2/10, xent loss = 15.8643, l2 loss = 20.1997 (max 14.95), (true 750, predicted [728])
attack: step 3/10, xent loss = 21.8596, l2 loss = 21.9583 (max 14.95), (true 750, predicted [728])
attack: step 4/10, xent loss = 21.0327, l2 loss = 23.5864 (max 14.95), (true 750, predicted [728])
attack: step 5/10, xent loss = 22.2544, l2 loss = 24.9381 (max 14.95), (true 750, predicted [728])
attack: step 6/10, xent loss = 20.3138, l2 loss = 26.7055 (max 14.95), (true 750, predicted [728])
attack: step 7/10, xent loss = 26.9918, l2 loss = 28.2153 (max 14.95), (true 750, predicted [728])
attack: step 8/10, xent loss = 27.0573, l2 loss = 29.6015 (max 14.95), (true 750, predicted [728])
attack: step 9/10, xent loss = 30.5276, l2 loss = 30.8477 (max 14.95), (true 750, predicted [728])
attack: step 10/10, xent loss = 23.9811, l2 loss = 32.0187 (max 14.95), (true 750, predicted [728])
check failed
true = 750, adv = 728
