2019-06-04 16:01:06.741760: I tensorflow/core/platform/cpu_feature_guard.cc:141] Your CPU supports instructions that this TensorFlow binary was not compiled to use: SSE4.1 SSE4.2 AVX AVX2 FMA
2019-06-04 16:01:07.038092: I tensorflow/core/platform/profile_utils/cpu_utils.cc:94] CPU Frequency: 2599975000 Hz
2019-06-04 16:01:07.051994: I tensorflow/compiler/xla/service/service.cc:150] XLA service 0x2aaae6e49db0 executing computations on platform Host. Devices:
2019-06-04 16:01:07.052044: I tensorflow/compiler/xla/service/service.cc:158]   StreamExecutor device (0): <undefined>, <undefined>
2019-06-04 16:01:07.052414: I tensorflow/core/common_runtime/process_util.cc:71] Creating new thread pool with default inter op setting: 2. Tune using inter_op_parallelism_threads for best performance.
evaluating 860 of [860, 870)
attack: step 1/10, xent loss = 0.66513, l2 loss = 0 (max 14.95), (true 615, predicted [615])
attack: step 2/10, xent loss = 3.03229, l2 loss = 2.8718 (max 14.95), (true 615, predicted [615])
attack: step 3/10, xent loss = 2.71193, l2 loss = 5.93402 (max 14.95), (true 615, predicted [615])
attack: step 4/10, xent loss = 5.25718, l2 loss = 7.98451 (max 14.95), (true 615, predicted [435])
attack: step 5/10, xent loss = 6.53963, l2 loss = 8.77868 (max 14.95), (true 615, predicted [435])
attack: step 6/10, xent loss = 7.27622, l2 loss = 9.42181 (max 14.95), (true 615, predicted [636])
attack: step 7/10, xent loss = 8.55599, l2 loss = 10.1596 (max 14.95), (true 615, predicted [435])
attack: step 8/10, xent loss = 8.79763, l2 loss = 10.717 (max 14.95), (true 615, predicted [435])
attack: step 9/10, xent loss = 11.4269, l2 loss = 11.3685 (max 14.95), (true 615, predicted [435])
attack: step 10/10, xent loss = 10.9294, l2 loss = 12.4435 (max 14.95), (true 615, predicted [435])
true = 615, adv = 435
evaluating 861 of [860, 870)
attack: step 1/10, xent loss = 0.698988, l2 loss = 0 (max 14.95), (true 98, predicted [98])
attack: step 2/10, xent loss = 4.4796, l2 loss = 3.57507 (max 14.95), (true 98, predicted [140])
attack: step 3/10, xent loss = 6.15066, l2 loss = 6.7489 (max 14.95), (true 98, predicted [33])
attack: step 4/10, xent loss = 9.06207, l2 loss = 8.281 (max 14.95), (true 98, predicted [389])
attack: step 5/10, xent loss = 7.62396, l2 loss = 9.16992 (max 14.95), (true 98, predicted [5])
attack: step 6/10, xent loss = 9.90505, l2 loss = 10.0164 (max 14.95), (true 98, predicted [5])
attack: step 7/10, xent loss = 12.2419, l2 loss = 11.4456 (max 14.95), (true 98, predicted [5])
attack: step 8/10, xent loss = 15.2666, l2 loss = 12.7347 (max 14.95), (true 98, predicted [5])
attack: step 9/10, xent loss = 15.7493, l2 loss = 15.2931 (max 14.95), (true 98, predicted [5])
attack: step 10/10, xent loss = 18.876, l2 loss = 16.0576 (max 14.95), (true 98, predicted [5])
check failed
true = 98, adv = 5
evaluating 862 of [860, 870)
attack: step 1/10, xent loss = 3.94183, l2 loss = 0 (max 14.95), (true 396, predicted [728])
attack: step 2/10, xent loss = 7.36504, l2 loss = 6.49135 (max 14.95), (true 396, predicted [728])
attack: step 3/10, xent loss = 10.9115, l2 loss = 9.71381 (max 14.95), (true 396, predicted [692])
attack: step 4/10, xent loss = 13.4718, l2 loss = 11.1192 (max 14.95), (true 396, predicted [728])
attack: step 5/10, xent loss = 13.9993, l2 loss = 12.9453 (max 14.95), (true 396, predicted [728])
attack: step 6/10, xent loss = 16.6487, l2 loss = 14.7936 (max 14.95), (true 396, predicted [728])
attack: step 7/10, xent loss = 16.3068, l2 loss = 16.4586 (max 14.95), (true 396, predicted [728])
attack: step 8/10, xent loss = 19.1861, l2 loss = 17.7605 (max 14.95), (true 396, predicted [728])
attack: step 9/10, xent loss = 22.2666, l2 loss = 19.0993 (max 14.95), (true 396, predicted [728])
attack: step 10/10, xent loss = 24.0752, l2 loss = 20.6539 (max 14.95), (true 396, predicted [728])
check failed
true = 396, adv = 728
evaluating 863 of [860, 870)
attack: step 1/10, xent loss = 1.07524, l2 loss = 0 (max 14.95), (true 943, predicted [943])
attack: step 2/10, xent loss = 6.26292, l2 loss = 4.2619 (max 14.95), (true 943, predicted [910])
attack: step 3/10, xent loss = 7.38242, l2 loss = 11.7225 (max 14.95), (true 943, predicted [910])
attack: step 4/10, xent loss = 11.4628, l2 loss = 12.5059 (max 14.95), (true 943, predicted [910])
attack: step 5/10, xent loss = 11.9135, l2 loss = 13.7015 (max 14.95), (true 943, predicted [910])
attack: step 6/10, xent loss = 19.073, l2 loss = 15.516 (max 14.95), (true 943, predicted [910])
attack: step 7/10, xent loss = 19.092, l2 loss = 16.994 (max 14.95), (true 943, predicted [910])
attack: step 8/10, xent loss = 22.7651, l2 loss = 18.6075 (max 14.95), (true 943, predicted [910])
attack: step 9/10, xent loss = 24.1948, l2 loss = 19.4793 (max 14.95), (true 943, predicted [910])
attack: step 10/10, xent loss = 27.1825, l2 loss = 20.7141 (max 14.95), (true 943, predicted [910])
check failed
true = 943, adv = 910
evaluating 864 of [860, 870)
attack: step 1/10, xent loss = 7.00652, l2 loss = 0 (max 14.95), (true 541, predicted [822])
attack: step 2/10, xent loss = 9.28611, l2 loss = 7.36657 (max 14.95), (true 541, predicted [822])
attack: step 3/10, xent loss = 14.0364, l2 loss = 9.27601 (max 14.95), (true 541, predicted [822])
attack: step 4/10, xent loss = 16.4664, l2 loss = 13.0061 (max 14.95), (true 541, predicted [822])
attack: step 5/10, xent loss = 14.5615, l2 loss = 15.8158 (max 14.95), (true 541, predicted [822])
attack: step 6/10, xent loss = 15.6521, l2 loss = 18.7498 (max 14.95), (true 541, predicted [822])
attack: step 7/10, xent loss = 22.3243, l2 loss = 20.5952 (max 14.95), (true 541, predicted [822])
attack: step 8/10, xent loss = 20.7683, l2 loss = 22.4511 (max 14.95), (true 541, predicted [822])
attack: step 9/10, xent loss = 22.0503, l2 loss = 24.6554 (max 14.95), (true 541, predicted [822])
attack: step 10/10, xent loss = 25.0398, l2 loss = 26.7395 (max 14.95), (true 541, predicted [822])
check failed
true = 541, adv = 822
evaluating 865 of [860, 870)
attack: step 1/10, xent loss = 4.50396, l2 loss = 0 (max 14.95), (true 67, predicted [936])
attack: step 2/10, xent loss = 5.52379, l2 loss = 5.10608 (max 14.95), (true 67, predicted [692])
attack: step 3/10, xent loss = 9.48026, l2 loss = 7.95984 (max 14.95), (true 67, predicted [936])
attack: step 4/10, xent loss = 9.58146, l2 loss = 8.81128 (max 14.95), (true 67, predicted [601])
attack: step 5/10, xent loss = 9.78054, l2 loss = 9.27854 (max 14.95), (true 67, predicted [936])
attack: step 6/10, xent loss = 10.3205, l2 loss = 9.95302 (max 14.95), (true 67, predicted [936])
attack: step 7/10, xent loss = 12.6679, l2 loss = 10.8627 (max 14.95), (true 67, predicted [793])
attack: step 8/10, xent loss = 11.1557, l2 loss = 11.7548 (max 14.95), (true 67, predicted [793])
attack: step 9/10, xent loss = 13.3414, l2 loss = 12.2894 (max 14.95), (true 67, predicted [793])
attack: step 10/10, xent loss = 15.0556, l2 loss = 14.7748 (max 14.95), (true 67, predicted [793])
check failed
true = 67, adv = 793
evaluating 866 of [860, 870)
attack: step 1/10, xent loss = 0.0463376, l2 loss = 0 (max 14.95), (true 642, predicted [642])
attack: step 2/10, xent loss = 0.059391, l2 loss = 0.25931 (max 14.95), (true 642, predicted [642])
attack: step 3/10, xent loss = 0.224841, l2 loss = 0.383921 (max 14.95), (true 642, predicted [642])
attack: step 4/10, xent loss = 0.0562851, l2 loss = 0.875346 (max 14.95), (true 642, predicted [642])
attack: step 5/10, xent loss = 0.0727614, l2 loss = 0.934755 (max 14.95), (true 642, predicted [642])
attack: step 6/10, xent loss = 0.0712684, l2 loss = 0.998034 (max 14.95), (true 642, predicted [642])
attack: step 7/10, xent loss = 0.0382569, l2 loss = 1.05526 (max 14.95), (true 642, predicted [642])
attack: step 8/10, xent loss = 0.135129, l2 loss = 1.08033 (max 14.95), (true 642, predicted [642])
attack: step 9/10, xent loss = 0.18461, l2 loss = 1.23271 (max 14.95), (true 642, predicted [642])
attack: step 10/10, xent loss = 0.0896052, l2 loss = 1.43945 (max 14.95), (true 642, predicted [642])
true = 642, adv = 642
evaluating 867 of [860, 870)
attack: step 1/10, xent loss = 0.0199226, l2 loss = 0 (max 14.95), (true 331, predicted [331])
attack: step 2/10, xent loss = 0.0268656, l2 loss = 0.072327 (max 14.95), (true 331, predicted [331])
attack: step 3/10, xent loss = 0.052364, l2 loss = 0.128901 (max 14.95), (true 331, predicted [331])
attack: step 4/10, xent loss = 0.0596144, l2 loss = 0.259003 (max 14.95), (true 331, predicted [331])
attack: step 5/10, xent loss = 0.0375935, l2 loss = 0.365762 (max 14.95), (true 331, predicted [331])
attack: step 6/10, xent loss = 0.0185328, l2 loss = 0.387947 (max 14.95), (true 331, predicted [331])
attack: step 7/10, xent loss = 0.032448, l2 loss = 0.39765 (max 14.95), (true 331, predicted [331])
attack: step 8/10, xent loss = 0.0165953, l2 loss = 0.444103 (max 14.95), (true 331, predicted [331])
attack: step 9/10, xent loss = 0.0799824, l2 loss = 0.454277 (max 14.95), (true 331, predicted [331])
attack: step 10/10, xent loss = 0.0790771, l2 loss = 0.584673 (max 14.95), (true 331, predicted [331])
true = 331, adv = 331
evaluating 868 of [860, 870)
attack: step 1/10, xent loss = 0.519322, l2 loss = 0 (max 14.95), (true 260, predicted [260])
attack: step 2/10, xent loss = 1.73524, l2 loss = 3.60005 (max 14.95), (true 260, predicted [728])
attack: step 3/10, xent loss = 20.659, l2 loss = 12.3778 (max 14.95), (true 260, predicted [728])
attack: step 4/10, xent loss = 21.5611, l2 loss = 16.7256 (max 14.95), (true 260, predicted [728])
attack: step 5/10, xent loss = 22.6295, l2 loss = 19.8223 (max 14.95), (true 260, predicted [728])
attack: step 6/10, xent loss = 17.7695, l2 loss = 35.4345 (max 14.95), (true 260, predicted [728])
attack: step 7/10, xent loss = 17.599, l2 loss = 36.0132 (max 14.95), (true 260, predicted [728])
attack: step 8/10, xent loss = 21.4311, l2 loss = 36.9629 (max 14.95), (true 260, predicted [728])
attack: step 9/10, xent loss = 23.4403, l2 loss = 37.8977 (max 14.95), (true 260, predicted [728])
attack: step 10/10, xent loss = 28.1414, l2 loss = 38.7323 (max 14.95), (true 260, predicted [728])
check failed
true = 260, adv = 728
evaluating 869 of [860, 870)
attack: step 1/10, xent loss = 4.53924, l2 loss = 0 (max 14.95), (true 501, predicted [617])
attack: step 2/10, xent loss = 5.3727, l2 loss = 4.46056 (max 14.95), (true 501, predicted [617])
attack: step 3/10, xent loss = 6.31668, l2 loss = 6.20647 (max 14.95), (true 501, predicted [834])
attack: step 4/10, xent loss = 7.44744, l2 loss = 7.49938 (max 14.95), (true 501, predicted [834])
attack: step 5/10, xent loss = 7.77771, l2 loss = 8.6369 (max 14.95), (true 501, predicted [617])
attack: step 6/10, xent loss = 9.84874, l2 loss = 9.72238 (max 14.95), (true 501, predicted [617])
attack: step 7/10, xent loss = 8.706, l2 loss = 11.0592 (max 14.95), (true 501, predicted [617])
attack: step 8/10, xent loss = 8.96165, l2 loss = 12.1788 (max 14.95), (true 501, predicted [617])
attack: step 9/10, xent loss = 10.3739, l2 loss = 13.247 (max 14.95), (true 501, predicted [617])
attack: step 10/10, xent loss = 12.8627, l2 loss = 14.376 (max 14.95), (true 501, predicted [617])
check failed
true = 501, adv = 617
