2019-06-25 15:28:43.821989: I tensorflow/core/platform/cpu_feature_guard.cc:141] Your CPU supports instructions that this TensorFlow binary was not compiled to use: SSE4.1 SSE4.2 AVX AVX2 FMA
2019-06-25 15:28:43.942501: I tensorflow/core/platform/profile_utils/cpu_utils.cc:94] CPU Frequency: 2600035000 Hz
2019-06-25 15:28:43.971842: I tensorflow/compiler/xla/service/service.cc:150] XLA service 0x2aaae6bbfeb0 executing computations on platform Host. Devices:
2019-06-25 15:28:43.971938: I tensorflow/compiler/xla/service/service.cc:158]   StreamExecutor device (0): <undefined>, <undefined>
2019-06-25 15:28:43.979397: I tensorflow/core/common_runtime/process_util.cc:71] Creating new thread pool with default inter op setting: 2. Tune using inter_op_parallelism_threads for best performance.
evaluating 810 of [810, 820)
attack: step 1/10, xent loss = 9.86124, l2 loss = 12.6354 (max 14.95), (true 634, predicted [978])
attack: step 2/10, xent loss = 10.0025, l2 loss = 12.9794 (max 14.95), (true 634, predicted [258])
attack: step 3/10, xent loss = 10.3566, l2 loss = 13.4055 (max 14.95), (true 634, predicted [797])
attack: step 4/10, xent loss = 10.1291, l2 loss = 13.7362 (max 14.95), (true 634, predicted [797])
attack: step 5/10, xent loss = 10.7883, l2 loss = 14.2263 (max 14.95), (true 634, predicted [978])
attack: step 6/10, xent loss = 10.6278, l2 loss = 14.5036 (max 14.95), (true 634, predicted [842])
attack: step 7/10, xent loss = 10.2124, l2 loss = 14.848 (max 14.95), (true 634, predicted [792])
attack: step 8/10, xent loss = 11.6382, l2 loss = 15.2289 (max 14.95), (true 634, predicted [792])
attack: step 9/10, xent loss = 10.1177, l2 loss = 15.5763 (max 14.95), (true 634, predicted [169])
attack: step 10/10, xent loss = 10.9348, l2 loss = 15.8235 (max 14.95), (true 634, predicted [792])
check failed
true = 634, adv = 842
evaluating 811 of [810, 820)
attack: step 1/10, xent loss = 17.7679, l2 loss = 15.2874 (max 14.95), (true 950, predicted [574])
attack: step 2/10, xent loss = 17.5808, l2 loss = 16.0562 (max 14.95), (true 950, predicted [574])
attack: step 3/10, xent loss = 17.7101, l2 loss = 17.293 (max 14.95), (true 950, predicted [574])
attack: step 4/10, xent loss = 14.5491, l2 loss = 18.2587 (max 14.95), (true 950, predicted [574])
attack: step 5/10, xent loss = 16.9667, l2 loss = 20.5051 (max 14.95), (true 950, predicted [574])
attack: step 6/10, xent loss = 19.0245, l2 loss = 21.1451 (max 14.95), (true 950, predicted [574])
attack: step 7/10, xent loss = 19.231, l2 loss = 21.7041 (max 14.95), (true 950, predicted [574])
attack: step 8/10, xent loss = 20.1168, l2 loss = 22.8699 (max 14.95), (true 950, predicted [574])
attack: step 9/10, xent loss = 21.4934, l2 loss = 23.627 (max 14.95), (true 950, predicted [574])
attack: step 10/10, xent loss = 20.0585, l2 loss = 24.0691 (max 14.95), (true 950, predicted [574])
check failed
true = 950, adv = 574
evaluating 812 of [810, 820)
attack: step 1/10, xent loss = 0.1759, l2 loss = 1.05187 (max 14.95), (true 879, predicted [879])
attack: step 2/10, xent loss = 0.11418, l2 loss = 1.27 (max 14.95), (true 879, predicted [879])
attack: step 3/10, xent loss = 0.0298099, l2 loss = 1.43885 (max 14.95), (true 879, predicted [879])
attack: step 4/10, xent loss = 0.00758257, l2 loss = 1.46803 (max 14.95), (true 879, predicted [879])
attack: step 5/10, xent loss = 0.0649845, l2 loss = 1.4724 (max 14.95), (true 879, predicted [879])
attack: step 6/10, xent loss = 0.32067, l2 loss = 1.52205 (max 14.95), (true 879, predicted [879])
attack: step 7/10, xent loss = 0.0732127, l2 loss = 1.8494 (max 14.95), (true 879, predicted [879])
attack: step 8/10, xent loss = 0.21398, l2 loss = 1.9082 (max 14.95), (true 879, predicted [879])
attack: step 9/10, xent loss = 0.168827, l2 loss = 2.11525 (max 14.95), (true 879, predicted [879])
attack: step 10/10, xent loss = 0.376894, l2 loss = 2.25293 (max 14.95), (true 879, predicted [879])
true = 879, adv = 879
evaluating 813 of [810, 820)
attack: step 1/10, xent loss = 0.00516722, l2 loss = 0.0835415 (max 14.95), (true 902, predicted [902])
attack: step 2/10, xent loss = 0.00382822, l2 loss = 0.0956613 (max 14.95), (true 902, predicted [902])
attack: step 3/10, xent loss = 0.00178785, l2 loss = 0.10138 (max 14.95), (true 902, predicted [902])
attack: step 4/10, xent loss = 0.000845552, l2 loss = 0.102972 (max 14.95), (true 902, predicted [902])
attack: step 5/10, xent loss = 0.00208732, l2 loss = 0.10348 (max 14.95), (true 902, predicted [902])
attack: step 6/10, xent loss = 0.00711491, l2 loss = 0.106148 (max 14.95), (true 902, predicted [902])
attack: step 7/10, xent loss = 0.00456778, l2 loss = 0.117623 (max 14.95), (true 902, predicted [902])
attack: step 8/10, xent loss = 0.00637048, l2 loss = 0.124032 (max 14.95), (true 902, predicted [902])
attack: step 9/10, xent loss = 0.00315799, l2 loss = 0.135889 (max 14.95), (true 902, predicted [902])
attack: step 10/10, xent loss = 0.00389306, l2 loss = 0.13955 (max 14.95), (true 902, predicted [902])
true = 902, adv = 902
evaluating 814 of [810, 820)
attack: step 1/10, xent loss = 0.0707921, l2 loss = 1.81767 (max 14.95), (true 627, predicted [627])
attack: step 2/10, xent loss = 0.0553699, l2 loss = 1.8491 (max 14.95), (true 627, predicted [627])
attack: step 3/10, xent loss = 0.0599464, l2 loss = 1.88353 (max 14.95), (true 627, predicted [627])
attack: step 4/10, xent loss = 0.0789335, l2 loss = 1.90939 (max 14.95), (true 627, predicted [627])
attack: step 5/10, xent loss = 0.0933414, l2 loss = 1.95103 (max 14.95), (true 627, predicted [627])
attack: step 6/10, xent loss = 0.0419699, l2 loss = 1.97108 (max 14.95), (true 627, predicted [627])
attack: step 7/10, xent loss = 0.027268, l2 loss = 1.97937 (max 14.95), (true 627, predicted [627])
attack: step 8/10, xent loss = 0.045559, l2 loss = 1.98829 (max 14.95), (true 627, predicted [627])
attack: step 9/10, xent loss = 0.0380579, l2 loss = 1.99652 (max 14.95), (true 627, predicted [627])
attack: step 10/10, xent loss = 0.0492035, l2 loss = 2.00326 (max 14.95), (true 627, predicted [627])
true = 627, adv = 627
evaluating 815 of [810, 820)
attack: step 1/10, xent loss = 17.9928, l2 loss = 19.327 (max 14.95), (true 715, predicted [915])
attack: step 2/10, xent loss = 15.7417, l2 loss = 20.1706 (max 14.95), (true 715, predicted [915])
attack: step 3/10, xent loss = 22.4626, l2 loss = 21.4402 (max 14.95), (true 715, predicted [915])
attack: step 4/10, xent loss = 19.7796, l2 loss = 22.4346 (max 14.95), (true 715, predicted [915])
attack: step 5/10, xent loss = 22.1236, l2 loss = 23.209 (max 14.95), (true 715, predicted [915])
attack: step 6/10, xent loss = 22.945, l2 loss = 24.1709 (max 14.95), (true 715, predicted [915])
attack: step 7/10, xent loss = 23.1162, l2 loss = 24.9333 (max 14.95), (true 715, predicted [915])
attack: step 8/10, xent loss = 21.9328, l2 loss = 25.7737 (max 14.95), (true 715, predicted [915])
attack: step 9/10, xent loss = 25.96, l2 loss = 26.746 (max 14.95), (true 715, predicted [915])
attack: step 10/10, xent loss = 24.5132, l2 loss = 27.7507 (max 14.95), (true 715, predicted [915])
check failed
true = 715, adv = 915
evaluating 816 of [810, 820)
attack: step 1/10, xent loss = 0.196937, l2 loss = 1.6291 (max 14.95), (true 847, predicted [847])
attack: step 2/10, xent loss = 0.222082, l2 loss = 1.73427 (max 14.95), (true 847, predicted [847])
attack: step 3/10, xent loss = 0.397991, l2 loss = 1.86906 (max 14.95), (true 847, predicted [847])
attack: step 4/10, xent loss = 0.406173, l2 loss = 2.09929 (max 14.95), (true 847, predicted [847])
attack: step 5/10, xent loss = 0.530858, l2 loss = 2.34014 (max 14.95), (true 847, predicted [847])
attack: step 6/10, xent loss = 0.483255, l2 loss = 2.66234 (max 14.95), (true 847, predicted [847])
attack: step 7/10, xent loss = 0.754949, l2 loss = 3.04394 (max 14.95), (true 847, predicted [847])
attack: step 8/10, xent loss = 0.604848, l2 loss = 3.44647 (max 14.95), (true 847, predicted [847])
attack: step 9/10, xent loss = 0.957625, l2 loss = 3.8532 (max 14.95), (true 847, predicted [847])
attack: step 10/10, xent loss = 1.19428, l2 loss = 4.53045 (max 14.95), (true 847, predicted [847])
true = 847, adv = 847
evaluating 817 of [810, 820)
attack: step 1/10, xent loss = 11.0077, l2 loss = 10.6026 (max 14.95), (true 168, predicted [159])
attack: step 2/10, xent loss = 11.6102, l2 loss = 10.9869 (max 14.95), (true 168, predicted [159])
attack: step 3/10, xent loss = 12.2369, l2 loss = 11.3766 (max 14.95), (true 168, predicted [159])
attack: step 4/10, xent loss = 13.0281, l2 loss = 11.7358 (max 14.95), (true 168, predicted [159])
attack: step 5/10, xent loss = 13.4724, l2 loss = 12.1116 (max 14.95), (true 168, predicted [159])
attack: step 6/10, xent loss = 13.4353, l2 loss = 12.4595 (max 14.95), (true 168, predicted [159])
attack: step 7/10, xent loss = 14.4234, l2 loss = 12.7614 (max 14.95), (true 168, predicted [159])
attack: step 8/10, xent loss = 13.4729, l2 loss = 13.0785 (max 14.95), (true 168, predicted [159])
attack: step 9/10, xent loss = 14.4963, l2 loss = 13.5764 (max 14.95), (true 168, predicted [159])
attack: step 10/10, xent loss = 14.766, l2 loss = 13.8559 (max 14.95), (true 168, predicted [159])
true = 168, adv = 159
evaluating 818 of [810, 820)
attack: step 1/10, xent loss = 21.3506, l2 loss = 20.4755 (max 14.95), (true 502, predicted [630])
attack: step 2/10, xent loss = 19.5271, l2 loss = 21.7764 (max 14.95), (true 502, predicted [630])
attack: step 3/10, xent loss = 21.4476, l2 loss = 22.8756 (max 14.95), (true 502, predicted [630])
attack: step 4/10, xent loss = 23.2086, l2 loss = 23.8803 (max 14.95), (true 502, predicted [630])
attack: step 5/10, xent loss = 26.3646, l2 loss = 25.0458 (max 14.95), (true 502, predicted [630])
attack: step 6/10, xent loss = 25.7341, l2 loss = 26.0689 (max 14.95), (true 502, predicted [630])
attack: step 7/10, xent loss = 26.7321, l2 loss = 26.7139 (max 14.95), (true 502, predicted [630])
attack: step 8/10, xent loss = 29.2334, l2 loss = 27.5118 (max 14.95), (true 502, predicted [630])
attack: step 9/10, xent loss = 30.29, l2 loss = 28.3945 (max 14.95), (true 502, predicted [630])
attack: step 10/10, xent loss = 30.143, l2 loss = 29.1524 (max 14.95), (true 502, predicted [630])
check failed
true = 502, adv = 630
evaluating 819 of [810, 820)
attack: step 1/10, xent loss = 8.09559, l2 loss = 15.0746 (max 14.95), (true 617, predicted [807])
attack: step 2/10, xent loss = 10.3154, l2 loss = 15.8455 (max 14.95), (true 617, predicted [807])
attack: step 3/10, xent loss = 9.27636, l2 loss = 16.7874 (max 14.95), (true 617, predicted [807])
attack: step 4/10, xent loss = 12.8022, l2 loss = 18.2181 (max 14.95), (true 617, predicted [807])
attack: step 5/10, xent loss = 11.8146, l2 loss = 19.8784 (max 14.95), (true 617, predicted [807])
attack: step 6/10, xent loss = 17.1326, l2 loss = 21.3468 (max 14.95), (true 617, predicted [807])
attack: step 7/10, xent loss = 16.2042, l2 loss = 22.4139 (max 14.95), (true 617, predicted [807])
attack: step 8/10, xent loss = 20.846, l2 loss = 23.3382 (max 14.95), (true 617, predicted [807])
attack: step 9/10, xent loss = 19.0719, l2 loss = 24.3073 (max 14.95), (true 617, predicted [807])
attack: step 10/10, xent loss = 17.8495, l2 loss = 25.3553 (max 14.95), (true 617, predicted [807])
check failed
true = 617, adv = 807
