2019-10-26 01:59:54.825312: I tensorflow/core/platform/cpu_feature_guard.cc:141] Your CPU supports instructions that this TensorFlow binary was not compiled to use: SSE4.1 SSE4.2 AVX AVX2 FMA
2019-10-26 01:59:55.402808: I tensorflow/core/platform/profile_utils/cpu_utils.cc:94] CPU Frequency: 2600075000 Hz
2019-10-26 01:59:55.420453: I tensorflow/compiler/xla/service/service.cc:150] XLA service 0x2aaae621aaf0 executing computations on platform Host. Devices:
2019-10-26 01:59:55.420495: I tensorflow/compiler/xla/service/service.cc:158]   StreamExecutor device (0): <undefined>, <undefined>
2019-10-26 01:59:55.422149: I tensorflow/core/common_runtime/process_util.cc:71] Creating new thread pool with default inter op setting: 2. Tune using inter_op_parallelism_threads for best performance.
evaluating 410 of [410, 420)
attack: step 1/10, xent loss = 24.8773, l2 loss = 35.0122 (max 14.95), (true 230, predicted [643])
unbound attack returning early
check failed
true = 230, adv = 643
evaluating 411 of [410, 420)
attack: step 1/10, xent loss = 21.4346, l2 loss = 32.0933 (max 14.95), (true 467, predicted [448])
unbound attack returning early
check failed
true = 467, adv = 448
evaluating 412 of [410, 420)
attack: step 1/10, xent loss = 12.8826, l2 loss = 14.9586 (max 14.95), (true 664, predicted [729])
unbound attack returning early
check failed
true = 664, adv = 760
evaluating 413 of [410, 420)
attack: step 1/10, xent loss = 39.2682, l2 loss = 37.4652 (max 14.95), (true 973, predicted [728])
unbound attack returning early
check failed
true = 973, adv = 728
evaluating 414 of [410, 420)
attack: step 1/10, xent loss = 0.0661581, l2 loss = 4.22449 (max 14.95), (true 579, predicted [579])
attack: step 2/10, xent loss = 1.02744, l2 loss = 4.26256 (max 14.95), (true 579, predicted [579])
attack: step 3/10, xent loss = 4.85902, l2 loss = 8.49735 (max 14.95), (true 579, predicted [830])
returning early
true = 579, adv = 564
evaluating 415 of [410, 420)
attack: step 1/10, xent loss = 28.4397, l2 loss = 28.3678 (max 14.95), (true 57, predicted [62])
unbound attack returning early
check failed
true = 57, adv = 62
evaluating 416 of [410, 420)
attack: step 1/10, xent loss = 18.6501, l2 loss = 19.3839 (max 14.95), (true 868, predicted [412])
unbound attack returning early
check failed
true = 868, adv = 412
evaluating 417 of [410, 420)
attack: step 1/10, xent loss = 40.903, l2 loss = 37.6862 (max 14.95), (true 355, predicted [728])
unbound attack returning early
check failed
true = 355, adv = 728
evaluating 418 of [410, 420)
attack: step 1/10, xent loss = 12.8327, l2 loss = 14.2236 (max 14.95), (true 958, predicted [936])
returning early
true = 958, adv = 936
evaluating 419 of [410, 420)
attack: step 1/10, xent loss = 15.0449, l2 loss = 21.4055 (max 14.95), (true 453, predicted [492])
unbound attack returning early
check failed
true = 453, adv = 492
