2019-06-26 22:30:03.055457: I tensorflow/core/platform/cpu_feature_guard.cc:141] Your CPU supports instructions that this TensorFlow binary was not compiled to use: SSE4.1 SSE4.2 AVX AVX2 FMA
2019-06-26 22:30:03.888866: I tensorflow/core/platform/profile_utils/cpu_utils.cc:94] CPU Frequency: 2599925000 Hz
2019-06-26 22:30:03.890155: I tensorflow/compiler/xla/service/service.cc:150] XLA service 0x2aaae6abff10 executing computations on platform Host. Devices:
2019-06-26 22:30:03.890280: I tensorflow/compiler/xla/service/service.cc:158]   StreamExecutor device (0): <undefined>, <undefined>
2019-06-26 22:30:03.891225: I tensorflow/core/common_runtime/process_util.cc:71] Creating new thread pool with default inter op setting: 2. Tune using inter_op_parallelism_threads for best performance.
evaluating 660 of [660, 670)
attack: step 1/10, xent loss = 11.757, l2 loss = 11.4219 (max 14.95), (true 696, predicted [541])
attack: step 2/10, xent loss = 13.3862, l2 loss = 12.5723 (max 14.95), (true 696, predicted [541])
attack: step 3/10, xent loss = 14.4093, l2 loss = 13.5678 (max 14.95), (true 696, predicted [541])
attack: step 4/10, xent loss = 14.8425, l2 loss = 15.371 (max 14.95), (true 696, predicted [541])
attack: step 5/10, xent loss = 19.0606, l2 loss = 16.58 (max 14.95), (true 696, predicted [541])
attack: step 6/10, xent loss = 17.8561, l2 loss = 17.6788 (max 14.95), (true 696, predicted [541])
attack: step 7/10, xent loss = 20.034, l2 loss = 18.8186 (max 14.95), (true 696, predicted [541])
attack: step 8/10, xent loss = 17.7253, l2 loss = 20.0942 (max 14.95), (true 696, predicted [541])
attack: step 9/10, xent loss = 19.6703, l2 loss = 21.4778 (max 14.95), (true 696, predicted [541])
attack: step 10/10, xent loss = 20.6834, l2 loss = 22.331 (max 14.95), (true 696, predicted [541])
check failed
true = 696, adv = 541
evaluating 661 of [660, 670)
attack: step 1/10, xent loss = 33.7573, l2 loss = 31.7208 (max 14.95), (true 900, predicted [999])
attack: step 2/10, xent loss = 34.2927, l2 loss = 32.931 (max 14.95), (true 900, predicted [999])
attack: step 3/10, xent loss = 34.4155, l2 loss = 34.3601 (max 14.95), (true 900, predicted [700])
attack: step 4/10, xent loss = 37.7723, l2 loss = 35.6406 (max 14.95), (true 900, predicted [700])
attack: step 5/10, xent loss = 40.5628, l2 loss = 37.2344 (max 14.95), (true 900, predicted [999])
attack: step 6/10, xent loss = 42.8263, l2 loss = 38.6335 (max 14.95), (true 900, predicted [700])
attack: step 7/10, xent loss = 42.0458, l2 loss = 39.9741 (max 14.95), (true 900, predicted [999])
attack: step 8/10, xent loss = 46.541, l2 loss = 41.1957 (max 14.95), (true 900, predicted [700])
attack: step 9/10, xent loss = 43.4535, l2 loss = 42.5376 (max 14.95), (true 900, predicted [999])
attack: step 10/10, xent loss = 45.3583, l2 loss = 43.8959 (max 14.95), (true 900, predicted [700])
check failed
true = 900, adv = 700
evaluating 662 of [660, 670)
attack: step 1/10, xent loss = 26.3461, l2 loss = 28.1473 (max 14.95), (true 910, predicted [728])
attack: step 2/10, xent loss = 30.9017, l2 loss = 29.5935 (max 14.95), (true 910, predicted [728])
attack: step 3/10, xent loss = 33.0508, l2 loss = 30.865 (max 14.95), (true 910, predicted [728])
attack: step 4/10, xent loss = 33.3914, l2 loss = 32.2906 (max 14.95), (true 910, predicted [728])
attack: step 5/10, xent loss = 32.4792, l2 loss = 33.4888 (max 14.95), (true 910, predicted [728])
attack: step 6/10, xent loss = 32.2439, l2 loss = 34.7111 (max 14.95), (true 910, predicted [728])
attack: step 7/10, xent loss = 34.6057, l2 loss = 35.9257 (max 14.95), (true 910, predicted [728])
attack: step 8/10, xent loss = 39.9405, l2 loss = 37.132 (max 14.95), (true 910, predicted [728])
attack: step 9/10, xent loss = 38.8814, l2 loss = 38.0545 (max 14.95), (true 910, predicted [728])
attack: step 10/10, xent loss = 39.6845, l2 loss = 39.1772 (max 14.95), (true 910, predicted [728])
check failed
true = 910, adv = 728
evaluating 663 of [660, 670)
attack: step 1/10, xent loss = 1.88268, l2 loss = 5.42704 (max 14.95), (true 871, predicted [484])
attack: step 2/10, xent loss = 2.14169, l2 loss = 5.84882 (max 14.95), (true 871, predicted [484])
attack: step 3/10, xent loss = 2.48852, l2 loss = 6.20298 (max 14.95), (true 871, predicted [484])
attack: step 4/10, xent loss = 3.05102, l2 loss = 6.56736 (max 14.95), (true 871, predicted [484])
attack: step 5/10, xent loss = 2.64805, l2 loss = 7.12271 (max 14.95), (true 871, predicted [484])
attack: step 6/10, xent loss = 3.49439, l2 loss = 7.61912 (max 14.95), (true 871, predicted [780])
attack: step 7/10, xent loss = 3.44712, l2 loss = 8.08411 (max 14.95), (true 871, predicted [780])
attack: step 8/10, xent loss = 3.72177, l2 loss = 8.54508 (max 14.95), (true 871, predicted [780])
attack: step 9/10, xent loss = 4.20678, l2 loss = 9.08709 (max 14.95), (true 871, predicted [780])
attack: step 10/10, xent loss = 4.59329, l2 loss = 9.57306 (max 14.95), (true 871, predicted [780])
true = 871, adv = 780
evaluating 664 of [660, 670)
attack: step 1/10, xent loss = 19.3613, l2 loss = 32.1415 (max 14.95), (true 27, predicted [36])
attack: step 2/10, xent loss = 23.2741, l2 loss = 32.737 (max 14.95), (true 27, predicted [36])
attack: step 3/10, xent loss = 24.9961, l2 loss = 33.4763 (max 14.95), (true 27, predicted [36])
attack: step 4/10, xent loss = 23.8502, l2 loss = 34.4258 (max 14.95), (true 27, predicted [36])
attack: step 5/10, xent loss = 26.2963, l2 loss = 35.3698 (max 14.95), (true 27, predicted [36])
attack: step 6/10, xent loss = 26.5034, l2 loss = 36.0703 (max 14.95), (true 27, predicted [36])
attack: step 7/10, xent loss = 23.5188, l2 loss = 37.3263 (max 14.95), (true 27, predicted [36])
attack: step 8/10, xent loss = 28.548, l2 loss = 38.3573 (max 14.95), (true 27, predicted [36])
attack: step 9/10, xent loss = 22.7443, l2 loss = 39.224 (max 14.95), (true 27, predicted [36])
attack: step 10/10, xent loss = 31.4562, l2 loss = 40.0465 (max 14.95), (true 27, predicted [36])
check failed
true = 27, adv = 36
evaluating 665 of [660, 670)
attack: step 1/10, xent loss = 12.6991, l2 loss = 19.4702 (max 14.95), (true 342, predicted [728])
attack: step 2/10, xent loss = 13.0768, l2 loss = 20.8073 (max 14.95), (true 342, predicted [728])
attack: step 3/10, xent loss = 11.6751, l2 loss = 22.5638 (max 14.95), (true 342, predicted [999])
attack: step 4/10, xent loss = 16.2489, l2 loss = 22.9775 (max 14.95), (true 342, predicted [728])
attack: step 5/10, xent loss = 13.6808, l2 loss = 24.5803 (max 14.95), (true 342, predicted [728])
attack: step 6/10, xent loss = 14.7519, l2 loss = 25.4277 (max 14.95), (true 342, predicted [728])
attack: step 7/10, xent loss = 15.525, l2 loss = 28.9047 (max 14.95), (true 342, predicted [728])
attack: step 8/10, xent loss = 17.8031, l2 loss = 29.9498 (max 14.95), (true 342, predicted [728])
attack: step 9/10, xent loss = 15.6219, l2 loss = 31.81 (max 14.95), (true 342, predicted [728])
attack: step 10/10, xent loss = 22.1288, l2 loss = 32.9629 (max 14.95), (true 342, predicted [728])
check failed
true = 342, adv = 728
evaluating 666 of [660, 670)
attack: step 1/10, xent loss = 7.46545, l2 loss = 11.7488 (max 14.95), (true 927, predicted [933])
attack: step 2/10, xent loss = 12.1788, l2 loss = 14.0167 (max 14.95), (true 927, predicted [933])
attack: step 3/10, xent loss = 13.3878, l2 loss = 15.3541 (max 14.95), (true 927, predicted [933])
attack: step 4/10, xent loss = 14.0747, l2 loss = 16.6006 (max 14.95), (true 927, predicted [933])
attack: step 5/10, xent loss = 13.0256, l2 loss = 18.0662 (max 14.95), (true 927, predicted [933])
attack: step 6/10, xent loss = 14.5099, l2 loss = 18.9715 (max 14.95), (true 927, predicted [933])
attack: step 7/10, xent loss = 14.6671, l2 loss = 20.0794 (max 14.95), (true 927, predicted [933])
attack: step 8/10, xent loss = 15.2403, l2 loss = 22.7089 (max 14.95), (true 927, predicted [933])
attack: step 9/10, xent loss = 17.2369, l2 loss = 23.6552 (max 14.95), (true 927, predicted [933])
attack: step 10/10, xent loss = 18.9885, l2 loss = 24.6061 (max 14.95), (true 927, predicted [933])
check failed
true = 927, adv = 933
evaluating 667 of [660, 670)
attack: step 1/10, xent loss = 0.416476, l2 loss = 5.06987 (max 14.95), (true 594, predicted [594])
attack: step 2/10, xent loss = 0.0208183, l2 loss = 5.69421 (max 14.95), (true 594, predicted [594])
attack: step 3/10, xent loss = 0.0473325, l2 loss = 5.70299 (max 14.95), (true 594, predicted [594])
attack: step 4/10, xent loss = 0.0927154, l2 loss = 5.73658 (max 14.95), (true 594, predicted [594])
attack: step 5/10, xent loss = 0.0458924, l2 loss = 5.80885 (max 14.95), (true 594, predicted [594])
attack: step 6/10, xent loss = 1.87764, l2 loss = 5.83266 (max 14.95), (true 594, predicted [594])
attack: step 7/10, xent loss = 2.54049, l2 loss = 8.30038 (max 14.95), (true 594, predicted [775])
attack: step 8/10, xent loss = 0.460773, l2 loss = 10.6055 (max 14.95), (true 594, predicted [594])
attack: step 9/10, xent loss = 2.96811, l2 loss = 11.0696 (max 14.95), (true 594, predicted [501])
attack: step 10/10, xent loss = 4.08826, l2 loss = 12.414 (max 14.95), (true 594, predicted [728])
true = 594, adv = 501
evaluating 668 of [660, 670)
attack: step 1/10, xent loss = 4.95057, l2 loss = 7.69983 (max 14.95), (true 31, predicted [32])
attack: step 2/10, xent loss = 5.92915, l2 loss = 8.29306 (max 14.95), (true 31, predicted [32])
attack: step 3/10, xent loss = 6.16788, l2 loss = 8.7228 (max 14.95), (true 31, predicted [32])
attack: step 4/10, xent loss = 6.78707, l2 loss = 9.1238 (max 14.95), (true 31, predicted [32])
attack: step 5/10, xent loss = 6.7024, l2 loss = 9.52083 (max 14.95), (true 31, predicted [32])
attack: step 6/10, xent loss = 7.61715, l2 loss = 9.89854 (max 14.95), (true 31, predicted [32])
attack: step 7/10, xent loss = 7.45123, l2 loss = 10.2161 (max 14.95), (true 31, predicted [32])
attack: step 8/10, xent loss = 7.89121, l2 loss = 10.541 (max 14.95), (true 31, predicted [32])
attack: step 9/10, xent loss = 7.78049, l2 loss = 10.8307 (max 14.95), (true 31, predicted [32])
attack: step 10/10, xent loss = 7.91905, l2 loss = 11.1283 (max 14.95), (true 31, predicted [32])
true = 31, adv = 32
evaluating 669 of [660, 670)
attack: step 1/10, xent loss = 0.00446003, l2 loss = 0.0726739 (max 14.95), (true 604, predicted [604])
attack: step 2/10, xent loss = 0.0132522, l2 loss = 0.0741076 (max 14.95), (true 604, predicted [604])
attack: step 3/10, xent loss = 0.00667225, l2 loss = 0.0812861 (max 14.95), (true 604, predicted [604])
attack: step 4/10, xent loss = 0.0115793, l2 loss = 0.0832479 (max 14.95), (true 604, predicted [604])
attack: step 5/10, xent loss = 0.0178307, l2 loss = 0.0882472 (max 14.95), (true 604, predicted [604])
attack: step 6/10, xent loss = 0.013438, l2 loss = 0.101989 (max 14.95), (true 604, predicted [604])
attack: step 7/10, xent loss = 0.00653511, l2 loss = 0.110313 (max 14.95), (true 604, predicted [604])
attack: step 8/10, xent loss = 0.0113796, l2 loss = 0.113508 (max 14.95), (true 604, predicted [604])
attack: step 9/10, xent loss = 0.0083332, l2 loss = 0.118274 (max 14.95), (true 604, predicted [604])
attack: step 10/10, xent loss = 0.00451771, l2 loss = 0.121223 (max 14.95), (true 604, predicted [604])
true = 604, adv = 604
