2019-11-04 02:44:05.873033: I tensorflow/core/platform/cpu_feature_guard.cc:141] Your CPU supports instructions that this TensorFlow binary was not compiled to use: SSE4.1 SSE4.2 AVX AVX2 FMA
2019-11-04 02:44:05.879714: I tensorflow/core/platform/profile_utils/cpu_utils.cc:94] CPU Frequency: 2600235000 Hz
2019-11-04 02:44:05.879866: I tensorflow/compiler/xla/service/service.cc:150] XLA service 0x55555902ff20 executing computations on platform Host. Devices:
2019-11-04 02:44:05.879890: I tensorflow/compiler/xla/service/service.cc:158]   StreamExecutor device (0): <undefined>, <undefined>
2019-11-04 02:44:05.880125: I tensorflow/core/common_runtime/process_util.cc:71] Creating new thread pool with default inter op setting: 2. Tune using inter_op_parallelism_threads for best performance.
evaluating 900 of [900, 910)
attack: step 1/1, xent loss = 8.78036, l2 loss = 39.6855 (max 14.95), (true 257, predicted [266])
check failed
true = 257, adv = 728
evaluating 901 of [900, 910)
attack: step 1/1, xent loss = 0.00703229, l2 loss = 0.0768618 (max 14.95), (true 575, predicted [575])
true = 575, adv = 575
evaluating 902 of [900, 910)
attack: step 1/1, xent loss = 3.93288, l2 loss = 17.5197 (max 14.95), (true 679, predicted [515])
check failed
true = 679, adv = 643
evaluating 903 of [900, 910)
attack: step 1/1, xent loss = 4.28995, l2 loss = 15.7239 (max 14.95), (true 826, predicted [531])
check failed
true = 826, adv = 414
evaluating 904 of [900, 910)
attack: step 1/1, xent loss = 2.10543, l2 loss = 26.7119 (max 14.95), (true 973, predicted [973])
check failed
true = 973, adv = 728
evaluating 905 of [900, 910)
attack: step 1/1, xent loss = 5.63328, l2 loss = 33.5938 (max 14.95), (true 931, predicted [470])
check failed
true = 931, adv = 470
evaluating 906 of [900, 910)
attack: step 1/1, xent loss = 4.74697, l2 loss = 31.1887 (max 14.95), (true 172, predicted [375])
check failed
true = 172, adv = 728
evaluating 907 of [900, 910)
attack: step 1/1, xent loss = 0.0696921, l2 loss = 41.8737 (max 14.95), (true 374, predicted [374])
check failed
true = 374, adv = 728
evaluating 908 of [900, 910)
attack: step 1/1, xent loss = 0.0377118, l2 loss = 0.944308 (max 14.95), (true 351, predicted [351])
true = 351, adv = 351
evaluating 909 of [900, 910)
attack: step 1/1, xent loss = 3.70245, l2 loss = 20.1072 (max 14.95), (true 908, predicted [904])
check failed
true = 908, adv = 728
