2019-10-21 17:46:21.440606: I tensorflow/core/platform/cpu_feature_guard.cc:141] Your CPU supports instructions that this TensorFlow binary was not compiled to use: SSE4.1 SSE4.2 AVX AVX2 FMA
2019-10-21 17:46:21.677062: I tensorflow/core/platform/profile_utils/cpu_utils.cc:94] CPU Frequency: 2600185000 Hz
2019-10-21 17:46:21.680169: I tensorflow/compiler/xla/service/service.cc:150] XLA service 0x55555902faa0 executing computations on platform Host. Devices:
2019-10-21 17:46:21.680219: I tensorflow/compiler/xla/service/service.cc:158]   StreamExecutor device (0): <undefined>, <undefined>
2019-10-21 17:46:21.682411: I tensorflow/core/common_runtime/process_util.cc:71] Creating new thread pool with default inter op setting: 2. Tune using inter_op_parallelism_threads for best performance.
evaluating 680 of [680, 690)
attack: step 1/1, xent loss = 3.00915, l2 loss = 0 (max 14.95), (true 623, predicted [696])
true = 623, adv = 696
evaluating 681 of [680, 690)
attack: step 1/1, xent loss = 2.63005, l2 loss = 0 (max 14.95), (true 980, predicted [977])
true = 980, adv = 977
evaluating 682 of [680, 690)
attack: step 1/1, xent loss = 5.04019, l2 loss = 0 (max 14.95), (true 960, predicted [809])
true = 960, adv = 809
evaluating 683 of [680, 690)
attack: step 1/1, xent loss = 0.223757, l2 loss = 0 (max 14.95), (true 241, predicted [241])
true = 241, adv = 241
evaluating 684 of [680, 690)
attack: step 1/1, xent loss = 0.00639772, l2 loss = 0 (max 14.95), (true 935, predicted [935])
true = 935, adv = 935
evaluating 685 of [680, 690)
attack: step 1/1, xent loss = 0.103023, l2 loss = 0 (max 14.95), (true 426, predicted [426])
true = 426, adv = 426
evaluating 686 of [680, 690)
attack: step 1/1, xent loss = 0.0275496, l2 loss = 0 (max 14.95), (true 452, predicted [452])
true = 452, adv = 452
evaluating 687 of [680, 690)
attack: step 1/1, xent loss = 0.000104303, l2 loss = 0 (max 14.95), (true 789, predicted [789])
true = 789, adv = 789
evaluating 688 of [680, 690)
attack: step 1/1, xent loss = 0.00958767, l2 loss = 0 (max 14.95), (true 680, predicted [680])
true = 680, adv = 680
evaluating 689 of [680, 690)
attack: step 1/1, xent loss = 0.03944, l2 loss = 0 (max 14.95), (true 454, predicted [454])
true = 454, adv = 454
