2019-06-25 05:16:36.906603: I tensorflow/core/platform/cpu_feature_guard.cc:141] Your CPU supports instructions that this TensorFlow binary was not compiled to use: SSE4.1 SSE4.2 AVX AVX2 FMA
2019-06-25 05:16:36.912669: I tensorflow/core/platform/profile_utils/cpu_utils.cc:94] CPU Frequency: 2600005000 Hz
2019-06-25 05:16:36.912799: I tensorflow/compiler/xla/service/service.cc:150] XLA service 0x2aaae6ac08c0 executing computations on platform Host. Devices:
2019-06-25 05:16:36.912819: I tensorflow/compiler/xla/service/service.cc:158]   StreamExecutor device (0): <undefined>, <undefined>
2019-06-25 05:16:36.913019: I tensorflow/core/common_runtime/process_util.cc:71] Creating new thread pool with default inter op setting: 2. Tune using inter_op_parallelism_threads for best performance.
evaluating 970 of [970, 980)
attack: step 1/10, xent loss = 5.92009, l2 loss = 13.2964 (max 14.95), (true 702, predicted [830])
attack: step 2/10, xent loss = 4.13668, l2 loss = 14.1478 (max 14.95), (true 702, predicted [830])
attack: step 3/10, xent loss = 7.93448, l2 loss = 15.6488 (max 14.95), (true 702, predicted [830])
attack: step 4/10, xent loss = 9.32394, l2 loss = 16.2132 (max 14.95), (true 702, predicted [830])
attack: step 5/10, xent loss = 9.0962, l2 loss = 17.6676 (max 14.95), (true 702, predicted [830])
attack: step 6/10, xent loss = 10.3428, l2 loss = 18.6923 (max 14.95), (true 702, predicted [830])
attack: step 7/10, xent loss = 13.5754, l2 loss = 19.5591 (max 14.95), (true 702, predicted [830])
attack: step 8/10, xent loss = 14.5078, l2 loss = 20.5094 (max 14.95), (true 702, predicted [830])
attack: step 9/10, xent loss = 16.2339, l2 loss = 21.4187 (max 14.95), (true 702, predicted [830])
attack: step 10/10, xent loss = 13.1303, l2 loss = 22.5708 (max 14.95), (true 702, predicted [830])
check failed
true = 702, adv = 830
evaluating 971 of [970, 980)
attack: step 1/10, xent loss = 5.92083, l2 loss = 5.51155 (max 14.95), (true 190, predicted [728])
attack: step 2/10, xent loss = 10.1272, l2 loss = 8.47741 (max 14.95), (true 190, predicted [728])
attack: step 3/10, xent loss = 12.839, l2 loss = 11.6194 (max 14.95), (true 190, predicted [728])
attack: step 4/10, xent loss = 18.474, l2 loss = 14.8781 (max 14.95), (true 190, predicted [728])
attack: step 5/10, xent loss = 21.3831, l2 loss = 17.2589 (max 14.95), (true 190, predicted [728])
attack: step 6/10, xent loss = 22.9393, l2 loss = 18.6683 (max 14.95), (true 190, predicted [728])
attack: step 7/10, xent loss = 24.8708, l2 loss = 21.1031 (max 14.95), (true 190, predicted [728])
attack: step 8/10, xent loss = 28.1987, l2 loss = 22.4542 (max 14.95), (true 190, predicted [728])
attack: step 9/10, xent loss = 30.9343, l2 loss = 23.9366 (max 14.95), (true 190, predicted [728])
attack: step 10/10, xent loss = 30.9581, l2 loss = 25.3169 (max 14.95), (true 190, predicted [728])
check failed
true = 190, adv = 728
evaluating 972 of [970, 980)
attack: step 1/10, xent loss = 24.4734, l2 loss = 20.5623 (max 14.95), (true 542, predicted [889])
attack: step 2/10, xent loss = 23.4509, l2 loss = 21.6065 (max 14.95), (true 542, predicted [889])
attack: step 3/10, xent loss = 22.4565, l2 loss = 22.455 (max 14.95), (true 542, predicted [889])
attack: step 4/10, xent loss = 22.6634, l2 loss = 24.1741 (max 14.95), (true 542, predicted [889])
attack: step 5/10, xent loss = 26.7941, l2 loss = 24.9284 (max 14.95), (true 542, predicted [889])
attack: step 6/10, xent loss = 28.0414, l2 loss = 25.581 (max 14.95), (true 542, predicted [889])
attack: step 7/10, xent loss = 29.5184, l2 loss = 26.5378 (max 14.95), (true 542, predicted [889])
attack: step 8/10, xent loss = 32.374, l2 loss = 27.3167 (max 14.95), (true 542, predicted [889])
attack: step 9/10, xent loss = 33.3605, l2 loss = 28.3276 (max 14.95), (true 542, predicted [889])
attack: step 10/10, xent loss = 30.9958, l2 loss = 28.8919 (max 14.95), (true 542, predicted [889])
check failed
true = 542, adv = 889
evaluating 973 of [970, 980)
attack: step 1/10, xent loss = 14.2752, l2 loss = 19.0215 (max 14.95), (true 843, predicted [778])
attack: step 2/10, xent loss = 16.6717, l2 loss = 21.0208 (max 14.95), (true 843, predicted [778])
attack: step 3/10, xent loss = 19.5784, l2 loss = 22.1783 (max 14.95), (true 843, predicted [778])
attack: step 4/10, xent loss = 19.1594, l2 loss = 23.653 (max 14.95), (true 843, predicted [778])
attack: step 5/10, xent loss = 20.9951, l2 loss = 25.0787 (max 14.95), (true 843, predicted [778])
attack: step 6/10, xent loss = 20.8452, l2 loss = 26.7274 (max 14.95), (true 843, predicted [778])
attack: step 7/10, xent loss = 23.7136, l2 loss = 28.6779 (max 14.95), (true 843, predicted [778])
attack: step 8/10, xent loss = 24.2437, l2 loss = 29.8817 (max 14.95), (true 843, predicted [778])
attack: step 9/10, xent loss = 25.1619, l2 loss = 30.9043 (max 14.95), (true 843, predicted [778])
attack: step 10/10, xent loss = 24.01, l2 loss = 31.7866 (max 14.95), (true 843, predicted [778])
check failed
true = 843, adv = 778
evaluating 974 of [970, 980)
attack: step 1/10, xent loss = 15.3744, l2 loss = 16.0912 (max 14.95), (true 373, predicted [156])
attack: step 2/10, xent loss = 16.6433, l2 loss = 17.3986 (max 14.95), (true 373, predicted [156])
attack: step 3/10, xent loss = 16.9352, l2 loss = 18.392 (max 14.95), (true 373, predicted [156])
attack: step 4/10, xent loss = 16.7396, l2 loss = 19.8911 (max 14.95), (true 373, predicted [156])
attack: step 5/10, xent loss = 17.9971, l2 loss = 20.8068 (max 14.95), (true 373, predicted [156])
attack: step 6/10, xent loss = 19.1652, l2 loss = 21.9232 (max 14.95), (true 373, predicted [156])
attack: step 7/10, xent loss = 19.0143, l2 loss = 23.1824 (max 14.95), (true 373, predicted [156])
attack: step 8/10, xent loss = 18.1166, l2 loss = 23.9245 (max 14.95), (true 373, predicted [156])
attack: step 9/10, xent loss = 20.0529, l2 loss = 24.8281 (max 14.95), (true 373, predicted [156])
attack: step 10/10, xent loss = 20.204, l2 loss = 25.9317 (max 14.95), (true 373, predicted [156])
check failed
true = 373, adv = 156
evaluating 975 of [970, 980)
attack: step 1/10, xent loss = 25.2668, l2 loss = 19.4783 (max 14.95), (true 906, predicted [808])
attack: step 2/10, xent loss = 22.4462, l2 loss = 20.9907 (max 14.95), (true 906, predicted [808])
attack: step 3/10, xent loss = 27.1654, l2 loss = 22.0245 (max 14.95), (true 906, predicted [808])
attack: step 4/10, xent loss = 28.6381, l2 loss = 23.2069 (max 14.95), (true 906, predicted [808])
attack: step 5/10, xent loss = 29.6539, l2 loss = 24.4949 (max 14.95), (true 906, predicted [808])
attack: step 6/10, xent loss = 31.1783, l2 loss = 25.5381 (max 14.95), (true 906, predicted [808])
attack: step 7/10, xent loss = 34.1975, l2 loss = 26.7955 (max 14.95), (true 906, predicted [808])
attack: step 8/10, xent loss = 30.0768, l2 loss = 27.9783 (max 14.95), (true 906, predicted [808])
attack: step 9/10, xent loss = 34.7795, l2 loss = 29.1481 (max 14.95), (true 906, predicted [808])
attack: step 10/10, xent loss = 29.4843, l2 loss = 30.1778 (max 14.95), (true 906, predicted [808])
check failed
true = 906, adv = 808
evaluating 976 of [970, 980)
attack: step 1/10, xent loss = 13.8158, l2 loss = 17.0808 (max 14.95), (true 842, predicted [775])
attack: step 2/10, xent loss = 15.1228, l2 loss = 17.8687 (max 14.95), (true 842, predicted [775])
attack: step 3/10, xent loss = 15.9203, l2 loss = 18.5174 (max 14.95), (true 842, predicted [775])
attack: step 4/10, xent loss = 15.5649, l2 loss = 19.2675 (max 14.95), (true 842, predicted [775])
attack: step 5/10, xent loss = 16.9291, l2 loss = 19.961 (max 14.95), (true 842, predicted [775])
attack: step 6/10, xent loss = 16.6385, l2 loss = 20.6833 (max 14.95), (true 842, predicted [775])
attack: step 7/10, xent loss = 18.3491, l2 loss = 21.582 (max 14.95), (true 842, predicted [775])
attack: step 8/10, xent loss = 18.1915, l2 loss = 22.1905 (max 14.95), (true 842, predicted [775])
attack: step 9/10, xent loss = 19.9553, l2 loss = 22.693 (max 14.95), (true 842, predicted [775])
attack: step 10/10, xent loss = 19.5611, l2 loss = 23.3491 (max 14.95), (true 842, predicted [775])
check failed
true = 842, adv = 775
evaluating 977 of [970, 980)
attack: step 1/10, xent loss = 14.6767, l2 loss = 16.689 (max 14.95), (true 242, predicted [211])
attack: step 2/10, xent loss = 16.3109, l2 loss = 17.9518 (max 14.95), (true 242, predicted [211])
attack: step 3/10, xent loss = 16.2088, l2 loss = 19.2324 (max 14.95), (true 242, predicted [211])
attack: step 4/10, xent loss = 16.6653, l2 loss = 20.6876 (max 14.95), (true 242, predicted [211])
attack: step 5/10, xent loss = 16.9405, l2 loss = 21.7445 (max 14.95), (true 242, predicted [211])
attack: step 6/10, xent loss = 17.8801, l2 loss = 22.2824 (max 14.95), (true 242, predicted [211])
attack: step 7/10, xent loss = 18.7361, l2 loss = 23.1566 (max 14.95), (true 242, predicted [211])
attack: step 8/10, xent loss = 22.8237, l2 loss = 23.6837 (max 14.95), (true 242, predicted [211])
attack: step 9/10, xent loss = 15.1384, l2 loss = 24.4878 (max 14.95), (true 242, predicted [211])
attack: step 10/10, xent loss = 18.6189, l2 loss = 26.7699 (max 14.95), (true 242, predicted [211])
check failed
true = 242, adv = 211
evaluating 978 of [970, 980)
attack: step 1/10, xent loss = 0.988951, l2 loss = 3.79037 (max 14.95), (true 619, predicted [846])
attack: step 2/10, xent loss = 1.0831, l2 loss = 4.27801 (max 14.95), (true 619, predicted [846])
attack: step 3/10, xent loss = 1.26181, l2 loss = 4.90893 (max 14.95), (true 619, predicted [846])
attack: step 4/10, xent loss = 1.34529, l2 loss = 5.35115 (max 14.95), (true 619, predicted [846])
attack: step 5/10, xent loss = 1.46781, l2 loss = 5.8265 (max 14.95), (true 619, predicted [846])
attack: step 6/10, xent loss = 1.5449, l2 loss = 6.26324 (max 14.95), (true 619, predicted [846])
attack: step 7/10, xent loss = 1.61313, l2 loss = 6.56868 (max 14.95), (true 619, predicted [846])
attack: step 8/10, xent loss = 1.92033, l2 loss = 7.09894 (max 14.95), (true 619, predicted [846])
attack: step 9/10, xent loss = 2.7963, l2 loss = 7.44087 (max 14.95), (true 619, predicted [846])
attack: step 10/10, xent loss = 2.98969, l2 loss = 7.84533 (max 14.95), (true 619, predicted [846])
true = 619, adv = 700
evaluating 979 of [970, 980)
attack: step 1/10, xent loss = 12.9087, l2 loss = 10.3502 (max 14.95), (true 991, predicted [936])
attack: step 2/10, xent loss = 12.5778, l2 loss = 10.8469 (max 14.95), (true 991, predicted [936])
attack: step 3/10, xent loss = 12.9023, l2 loss = 11.3327 (max 14.95), (true 991, predicted [936])
attack: step 4/10, xent loss = 13.8715, l2 loss = 11.7151 (max 14.95), (true 991, predicted [936])
attack: step 5/10, xent loss = 14.6137, l2 loss = 12.1085 (max 14.95), (true 991, predicted [936])
attack: step 6/10, xent loss = 15.0383, l2 loss = 12.3651 (max 14.95), (true 991, predicted [936])
attack: step 7/10, xent loss = 14.85, l2 loss = 12.7844 (max 14.95), (true 991, predicted [936])
attack: step 8/10, xent loss = 14.9708, l2 loss = 13.1112 (max 14.95), (true 991, predicted [936])
attack: step 9/10, xent loss = 15.5395, l2 loss = 13.4578 (max 14.95), (true 991, predicted [936])
attack: step 10/10, xent loss = 15.1892, l2 loss = 13.7262 (max 14.95), (true 991, predicted [936])
true = 991, adv = 936
