2019-08-26 16:03:57.273223: I tensorflow/core/platform/cpu_feature_guard.cc:141] Your CPU supports instructions that this TensorFlow binary was not compiled to use: SSE4.1 SSE4.2 AVX AVX2 FMA
2019-08-26 16:03:57.465887: I tensorflow/core/platform/profile_utils/cpu_utils.cc:94] CPU Frequency: 2599855000 Hz
2019-08-26 16:03:57.493961: I tensorflow/compiler/xla/service/service.cc:150] XLA service 0x2aaae6e51620 executing computations on platform Host. Devices:
2019-08-26 16:03:57.494011: I tensorflow/compiler/xla/service/service.cc:158]   StreamExecutor device (0): <undefined>, <undefined>
2019-08-26 16:03:57.494371: I tensorflow/core/common_runtime/process_util.cc:71] Creating new thread pool with default inter op setting: 2. Tune using inter_op_parallelism_threads for best performance.
evaluating 700 of [700, 710)
attack: step 1/10, xent loss = 0.0133034, l2 loss = 0.193221 (max 14.95), (true 569, predicted [569])
attack: step 2/10, xent loss = 0.0177527, l2 loss = 0.19795 (max 14.95), (true 569, predicted [569])
attack: step 3/10, xent loss = 0.0282087, l2 loss = 0.204744 (max 14.95), (true 569, predicted [569])
attack: step 4/10, xent loss = 0.0203653, l2 loss = 0.22184 (max 14.95), (true 569, predicted [569])
attack: step 5/10, xent loss = 0.0298304, l2 loss = 0.228638 (max 14.95), (true 569, predicted [569])
attack: step 6/10, xent loss = 0.0275669, l2 loss = 0.251044 (max 14.95), (true 569, predicted [569])
attack: step 7/10, xent loss = 0.0247724, l2 loss = 0.26339 (max 14.95), (true 569, predicted [569])
attack: step 8/10, xent loss = 0.0162191, l2 loss = 0.274306 (max 14.95), (true 569, predicted [569])
attack: step 9/10, xent loss = 0.0178186, l2 loss = 0.278945 (max 14.95), (true 569, predicted [569])
attack: step 10/10, xent loss = 0.0278733, l2 loss = 0.285485 (max 14.95), (true 569, predicted [569])
true = 569, adv = 569
evaluating 701 of [700, 710)
attack: step 1/10, xent loss = 21.8761, l2 loss = 27.9362 (max 14.95), (true 261, predicted [728])
attack: step 2/10, xent loss = 24.8742, l2 loss = 30.0888 (max 14.95), (true 261, predicted [728])
attack: step 3/10, xent loss = 23.9652, l2 loss = 30.9552 (max 14.95), (true 261, predicted [728])
attack: step 4/10, xent loss = 23.9612, l2 loss = 32.2256 (max 14.95), (true 261, predicted [728])
attack: step 5/10, xent loss = 26.3051, l2 loss = 33.4778 (max 14.95), (true 261, predicted [728])
attack: step 6/10, xent loss = 28.036, l2 loss = 34.5268 (max 14.95), (true 261, predicted [728])
attack: step 7/10, xent loss = 28.8692, l2 loss = 35.4553 (max 14.95), (true 261, predicted [728])
attack: step 8/10, xent loss = 27.8661, l2 loss = 36.7219 (max 14.95), (true 261, predicted [728])
attack: step 9/10, xent loss = 29.7717, l2 loss = 37.7254 (max 14.95), (true 261, predicted [728])
attack: step 10/10, xent loss = 33.6172, l2 loss = 38.9115 (max 14.95), (true 261, predicted [728])
check failed
true = 261, adv = 728
evaluating 702 of [700, 710)
attack: step 1/10, xent loss = 15.8555, l2 loss = 15.912 (max 14.95), (true 258, predicted [169])
attack: step 2/10, xent loss = 16.0921, l2 loss = 17.0464 (max 14.95), (true 258, predicted [169])
attack: step 3/10, xent loss = 16.3727, l2 loss = 17.4715 (max 14.95), (true 258, predicted [169])
attack: step 4/10, xent loss = 16.1773, l2 loss = 17.8001 (max 14.95), (true 258, predicted [169])
attack: step 5/10, xent loss = 15.4239, l2 loss = 18.2916 (max 14.95), (true 258, predicted [169])
attack: step 6/10, xent loss = 16.6346, l2 loss = 18.8829 (max 14.95), (true 258, predicted [169])
attack: step 7/10, xent loss = 17.2538, l2 loss = 19.3629 (max 14.95), (true 258, predicted [169])
attack: step 8/10, xent loss = 16.5999, l2 loss = 19.8059 (max 14.95), (true 258, predicted [169])
attack: step 9/10, xent loss = 18.0514, l2 loss = 20.5479 (max 14.95), (true 258, predicted [169])
attack: step 10/10, xent loss = 18.399, l2 loss = 20.8695 (max 14.95), (true 258, predicted [169])
check failed
true = 258, adv = 169
evaluating 703 of [700, 710)
attack: step 1/10, xent loss = 7.4613, l2 loss = 12.5986 (max 14.95), (true 791, predicted [830])
attack: step 2/10, xent loss = 6.43448, l2 loss = 12.9717 (max 14.95), (true 791, predicted [915])
attack: step 3/10, xent loss = 8.63152, l2 loss = 13.3383 (max 14.95), (true 791, predicted [830])
attack: step 4/10, xent loss = 10.7663, l2 loss = 14.6457 (max 14.95), (true 791, predicted [830])
attack: step 5/10, xent loss = 8.07929, l2 loss = 16.2864 (max 14.95), (true 791, predicted [830])
attack: step 6/10, xent loss = 11.9468, l2 loss = 17.8205 (max 14.95), (true 791, predicted [830])
attack: step 7/10, xent loss = 11.7015, l2 loss = 18.6542 (max 14.95), (true 791, predicted [830])
attack: step 8/10, xent loss = 13.2287, l2 loss = 19.6178 (max 14.95), (true 791, predicted [830])
attack: step 9/10, xent loss = 8.87238, l2 loss = 20.4799 (max 14.95), (true 791, predicted [830])
attack: step 10/10, xent loss = 14.3162, l2 loss = 22.1681 (max 14.95), (true 791, predicted [830])
check failed
true = 791, adv = 830
evaluating 704 of [700, 710)
attack: step 1/10, xent loss = 10.3212, l2 loss = 11.645 (max 14.95), (true 35, predicted [36])
attack: step 2/10, xent loss = 10.0937, l2 loss = 12.6532 (max 14.95), (true 35, predicted [36])
attack: step 3/10, xent loss = 12.1183, l2 loss = 13.9462 (max 14.95), (true 35, predicted [36])
attack: step 4/10, xent loss = 13.3851, l2 loss = 15.0057 (max 14.95), (true 35, predicted [36])
attack: step 5/10, xent loss = 14.2059, l2 loss = 15.9821 (max 14.95), (true 35, predicted [36])
attack: step 6/10, xent loss = 13.8888, l2 loss = 16.7454 (max 14.95), (true 35, predicted [36])
attack: step 7/10, xent loss = 15.3905, l2 loss = 17.6797 (max 14.95), (true 35, predicted [36])
attack: step 8/10, xent loss = 15.9903, l2 loss = 18.7435 (max 14.95), (true 35, predicted [36])
attack: step 9/10, xent loss = 17.2576, l2 loss = 19.4267 (max 14.95), (true 35, predicted [36])
attack: step 10/10, xent loss = 17.7678, l2 loss = 20.261 (max 14.95), (true 35, predicted [36])
check failed
true = 35, adv = 36
evaluating 705 of [700, 710)
attack: step 1/10, xent loss = 10.2132, l2 loss = 10.6235 (max 14.95), (true 963, predicted [940])
attack: step 2/10, xent loss = 9.3728, l2 loss = 11.0859 (max 14.95), (true 963, predicted [940])
attack: step 3/10, xent loss = 10.0778, l2 loss = 11.4505 (max 14.95), (true 963, predicted [940])
attack: step 4/10, xent loss = 10.989, l2 loss = 11.76 (max 14.95), (true 963, predicted [940])
attack: step 5/10, xent loss = 10.4839, l2 loss = 12.2641 (max 14.95), (true 963, predicted [940])
attack: step 6/10, xent loss = 12.0854, l2 loss = 12.5144 (max 14.95), (true 963, predicted [940])
attack: step 7/10, xent loss = 11.73, l2 loss = 12.8394 (max 14.95), (true 963, predicted [940])
attack: step 8/10, xent loss = 10.5848, l2 loss = 13.1304 (max 14.95), (true 963, predicted [940])
attack: step 9/10, xent loss = 12.4873, l2 loss = 13.4851 (max 14.95), (true 963, predicted [940])
attack: step 10/10, xent loss = 12.8107, l2 loss = 13.9461 (max 14.95), (true 963, predicted [940])
true = 963, adv = 940
evaluating 706 of [700, 710)
attack: step 1/10, xent loss = 0.133693, l2 loss = 0.520241 (max 14.95), (true 645, predicted [645])
attack: step 2/10, xent loss = 0.0409113, l2 loss = 0.627013 (max 14.95), (true 645, predicted [645])
attack: step 3/10, xent loss = 0.106607, l2 loss = 0.64021 (max 14.95), (true 645, predicted [645])
attack: step 4/10, xent loss = 0.150225, l2 loss = 0.721672 (max 14.95), (true 645, predicted [645])
attack: step 5/10, xent loss = 0.0455151, l2 loss = 0.854045 (max 14.95), (true 645, predicted [645])
attack: step 6/10, xent loss = 0.0458977, l2 loss = 0.869365 (max 14.95), (true 645, predicted [645])
attack: step 7/10, xent loss = 0.0418328, l2 loss = 0.893228 (max 14.95), (true 645, predicted [645])
attack: step 8/10, xent loss = 0.0866015, l2 loss = 0.904532 (max 14.95), (true 645, predicted [645])
attack: step 9/10, xent loss = 0.217822, l2 loss = 0.952062 (max 14.95), (true 645, predicted [645])
attack: step 10/10, xent loss = 0.181983, l2 loss = 1.23467 (max 14.95), (true 645, predicted [645])
true = 645, adv = 645
evaluating 707 of [700, 710)
attack: step 1/10, xent loss = 2.06945, l2 loss = 3.58426 (max 14.95), (true 69, predicted [69])
attack: step 2/10, xent loss = 1.13486, l2 loss = 5.24914 (max 14.95), (true 69, predicted [69])
attack: step 3/10, xent loss = 2.64693, l2 loss = 5.74141 (max 14.95), (true 69, predicted [69])
attack: step 4/10, xent loss = 2.89516, l2 loss = 7.14814 (max 14.95), (true 69, predicted [940])
attack: step 5/10, xent loss = 3.93955, l2 loss = 8.26568 (max 14.95), (true 69, predicted [940])
attack: step 6/10, xent loss = 4.98036, l2 loss = 9.15709 (max 14.95), (true 69, predicted [940])
attack: step 7/10, xent loss = 6.51795, l2 loss = 10.1715 (max 14.95), (true 69, predicted [940])
attack: step 8/10, xent loss = 5.90103, l2 loss = 10.7232 (max 14.95), (true 69, predicted [728])
attack: step 9/10, xent loss = 7.80239, l2 loss = 11.7476 (max 14.95), (true 69, predicted [940])
attack: step 10/10, xent loss = 7.88076, l2 loss = 12.844 (max 14.95), (true 69, predicted [940])
true = 69, adv = 940
evaluating 708 of [700, 710)
attack: step 1/10, xent loss = 7.04462, l2 loss = 11.0155 (max 14.95), (true 242, predicted [728])
attack: step 2/10, xent loss = 6.22607, l2 loss = 13.2029 (max 14.95), (true 242, predicted [728])
attack: step 3/10, xent loss = 9.03942, l2 loss = 15.2496 (max 14.95), (true 242, predicted [728])
attack: step 4/10, xent loss = 10.1378, l2 loss = 17.3463 (max 14.95), (true 242, predicted [728])
attack: step 5/10, xent loss = 13.3349, l2 loss = 18.8102 (max 14.95), (true 242, predicted [728])
attack: step 6/10, xent loss = 12.107, l2 loss = 20.5233 (max 14.95), (true 242, predicted [728])
attack: step 7/10, xent loss = 17.8945, l2 loss = 21.9941 (max 14.95), (true 242, predicted [728])
attack: step 8/10, xent loss = 19.0984, l2 loss = 23.416 (max 14.95), (true 242, predicted [728])
attack: step 9/10, xent loss = 17.9436, l2 loss = 25.2491 (max 14.95), (true 242, predicted [728])
attack: step 10/10, xent loss = 19.9915, l2 loss = 26.4275 (max 14.95), (true 242, predicted [728])
check failed
true = 242, adv = 728
evaluating 709 of [700, 710)
attack: step 1/10, xent loss = 0.0423033, l2 loss = 0.691093 (max 14.95), (true 746, predicted [746])
attack: step 2/10, xent loss = 0.038427, l2 loss = 0.704531 (max 14.95), (true 746, predicted [746])
attack: step 3/10, xent loss = 0.0979782, l2 loss = 0.718272 (max 14.95), (true 746, predicted [746])
attack: step 4/10, xent loss = 0.0787524, l2 loss = 0.795266 (max 14.95), (true 746, predicted [746])
attack: step 5/10, xent loss = 0.0647928, l2 loss = 0.830969 (max 14.95), (true 746, predicted [746])
attack: step 6/10, xent loss = 0.0895064, l2 loss = 0.85448 (max 14.95), (true 746, predicted [746])
attack: step 7/10, xent loss = 0.0547832, l2 loss = 0.906151 (max 14.95), (true 746, predicted [746])
attack: step 8/10, xent loss = 0.0404201, l2 loss = 0.92825 (max 14.95), (true 746, predicted [746])
attack: step 9/10, xent loss = 0.0550698, l2 loss = 0.94424 (max 14.95), (true 746, predicted [746])
attack: step 10/10, xent loss = 0.0547318, l2 loss = 0.964592 (max 14.95), (true 746, predicted [746])
true = 746, adv = 746
