2019-11-04 02:42:44.492714: I tensorflow/core/platform/cpu_feature_guard.cc:141] Your CPU supports instructions that this TensorFlow binary was not compiled to use: SSE4.1 SSE4.2 AVX AVX2 FMA
2019-11-04 02:42:44.500444: I tensorflow/core/platform/profile_utils/cpu_utils.cc:94] CPU Frequency: 2600160000 Hz
2019-11-04 02:42:44.500594: I tensorflow/compiler/xla/service/service.cc:150] XLA service 0x55555902f830 executing computations on platform Host. Devices:
2019-11-04 02:42:44.500612: I tensorflow/compiler/xla/service/service.cc:158]   StreamExecutor device (0): <undefined>, <undefined>
2019-11-04 02:42:44.500855: I tensorflow/core/common_runtime/process_util.cc:71] Creating new thread pool with default inter op setting: 2. Tune using inter_op_parallelism_threads for best performance.
evaluating 180 of [180, 190)
attack: step 1/1, xent loss = 7.06761, l2 loss = 23.6764 (max 14.95), (true 825, predicted [335])
check failed
true = 825, adv = 576
evaluating 181 of [180, 190)
attack: step 1/1, xent loss = 5.72791, l2 loss = 36.7235 (max 14.95), (true 470, predicted [611])
check failed
true = 470, adv = 728
evaluating 182 of [180, 190)
attack: step 1/1, xent loss = 0.116312, l2 loss = 25.3081 (max 14.95), (true 994, predicted [994])
check failed
true = 994, adv = 728
evaluating 183 of [180, 190)
attack: step 1/1, xent loss = 3.71318, l2 loss = 32.3876 (max 14.95), (true 461, predicted [797])
check failed
true = 461, adv = 728
evaluating 184 of [180, 190)
attack: step 1/1, xent loss = 0.0525244, l2 loss = 0.345434 (max 14.95), (true 59, predicted [59])
true = 59, adv = 59
evaluating 185 of [180, 190)
attack: step 1/1, xent loss = 10.209, l2 loss = 40.8647 (max 14.95), (true 841, predicted [652])
check failed
true = 841, adv = 728
evaluating 186 of [180, 190)
attack: step 1/1, xent loss = 6.93231, l2 loss = 36.9139 (max 14.95), (true 594, predicted [887])
check failed
true = 594, adv = 830
evaluating 187 of [180, 190)
attack: step 1/1, xent loss = 10.6826, l2 loss = 44.4181 (max 14.95), (true 859, predicted [852])
check failed
true = 859, adv = 852
evaluating 188 of [180, 190)
attack: step 1/1, xent loss = 3.94646, l2 loss = 19.7812 (max 14.95), (true 913, predicted [672])
check failed
true = 913, adv = 728
evaluating 189 of [180, 190)
attack: step 1/1, xent loss = 4.53209, l2 loss = 16.0332 (max 14.95), (true 978, predicted [559])
check failed
true = 978, adv = 582
