2019-05-26 13:04:16.618234: I tensorflow/core/platform/cpu_feature_guard.cc:141] Your CPU supports instructions that this TensorFlow binary was not compiled to use: SSE4.1 SSE4.2 AVX AVX2 FMA
2019-05-26 13:04:16.975053: I tensorflow/core/platform/profile_utils/cpu_utils.cc:94] CPU Frequency: 2600020000 Hz
2019-05-26 13:04:16.982858: I tensorflow/compiler/xla/service/service.cc:150] XLA service 0x2aaae6bc01a0 executing computations on platform Host. Devices:
2019-05-26 13:04:16.989321: I tensorflow/compiler/xla/service/service.cc:158]   StreamExecutor device (0): <undefined>, <undefined>
2019-05-26 13:04:16.989680: I tensorflow/core/common_runtime/process_util.cc:71] Creating new thread pool with default inter op setting: 2. Tune using inter_op_parallelism_threads for best performance.
evaluating 500 of [500, 510)
attack: step 1/10, xent loss = 0.216836, l2 loss = 0 (max 14.95), (true 453, predicted [453])
attack: step 2/10, xent loss = 0.281908, l2 loss = 0.382442 (max 14.95), (true 453, predicted [453])
attack: step 3/10, xent loss = 0.395518, l2 loss = 0.762968 (max 14.95), (true 453, predicted [453])
attack: step 4/10, xent loss = 0.328479, l2 loss = 1.22331 (max 14.95), (true 453, predicted [453])
attack: step 5/10, xent loss = 0.378804, l2 loss = 1.41623 (max 14.95), (true 453, predicted [453])
attack: step 6/10, xent loss = 0.4844, l2 loss = 1.70546 (max 14.95), (true 453, predicted [453])
attack: step 7/10, xent loss = 0.729308, l2 loss = 2.07776 (max 14.95), (true 453, predicted [453])
attack: step 8/10, xent loss = 0.623768, l2 loss = 2.72405 (max 14.95), (true 453, predicted [453])
attack: step 9/10, xent loss = 0.862038, l2 loss = 3.09942 (max 14.95), (true 453, predicted [453])
attack: step 10/10, xent loss = 0.729786, l2 loss = 3.54208 (max 14.95), (true 453, predicted [453])
true = 453, adv = 453
evaluating 501 of [500, 510)
attack: step 1/10, xent loss = 0.771225, l2 loss = 0 (max 14.95), (true 435, predicted [435])
attack: step 2/10, xent loss = 2.07762, l2 loss = 2.76334 (max 14.95), (true 435, predicted [643])
attack: step 3/10, xent loss = 9.45854, l2 loss = 9.49328 (max 14.95), (true 435, predicted [643])
attack: step 4/10, xent loss = 12.1939, l2 loss = 10.8692 (max 14.95), (true 435, predicted [643])
attack: step 5/10, xent loss = 14.0697, l2 loss = 11.7203 (max 14.95), (true 435, predicted [643])
attack: step 6/10, xent loss = 14.0932, l2 loss = 12.4998 (max 14.95), (true 435, predicted [643])
attack: step 7/10, xent loss = 19.5827, l2 loss = 13.2151 (max 14.95), (true 435, predicted [728])
attack: step 8/10, xent loss = 21.9181, l2 loss = 17.8092 (max 14.95), (true 435, predicted [728])
attack: step 9/10, xent loss = 23.5996, l2 loss = 20.9753 (max 14.95), (true 435, predicted [728])
attack: step 10/10, xent loss = 26.7574, l2 loss = 23.8227 (max 14.95), (true 435, predicted [728])
check failed
true = 435, adv = 728
evaluating 502 of [500, 510)
attack: step 1/10, xent loss = 1.65378, l2 loss = 0 (max 14.95), (true 184, predicted [184])
attack: step 2/10, xent loss = 2.83949, l2 loss = 2.24201 (max 14.95), (true 184, predicted [226])
attack: step 3/10, xent loss = 3.39527, l2 loss = 3.67822 (max 14.95), (true 184, predicted [226])
attack: step 4/10, xent loss = 3.90947, l2 loss = 4.60685 (max 14.95), (true 184, predicted [226])
attack: step 5/10, xent loss = 4.5445, l2 loss = 5.0462 (max 14.95), (true 184, predicted [226])
attack: step 6/10, xent loss = 5.05401, l2 loss = 5.61111 (max 14.95), (true 184, predicted [226])
attack: step 7/10, xent loss = 5.81718, l2 loss = 6.04554 (max 14.95), (true 184, predicted [226])
attack: step 8/10, xent loss = 6.58734, l2 loss = 6.46565 (max 14.95), (true 184, predicted [246])
attack: step 9/10, xent loss = 7.26431, l2 loss = 6.95805 (max 14.95), (true 184, predicted [728])
attack: step 10/10, xent loss = 7.67629, l2 loss = 7.61134 (max 14.95), (true 184, predicted [676])
true = 184, adv = 676
evaluating 503 of [500, 510)
attack: step 1/10, xent loss = 4.31274, l2 loss = 0 (max 14.95), (true 514, predicted [643])
attack: step 2/10, xent loss = 4.61119, l2 loss = 5.07027 (max 14.95), (true 514, predicted [643])
attack: step 3/10, xent loss = 6.19967, l2 loss = 7.97074 (max 14.95), (true 514, predicted [643])
attack: step 4/10, xent loss = 7.88229, l2 loss = 9.1646 (max 14.95), (true 514, predicted [643])
attack: step 5/10, xent loss = 8.47798, l2 loss = 9.86373 (max 14.95), (true 514, predicted [643])
attack: step 6/10, xent loss = 9.37293, l2 loss = 11.7216 (max 14.95), (true 514, predicted [643])
attack: step 7/10, xent loss = 10.0247, l2 loss = 12.5175 (max 14.95), (true 514, predicted [887])
attack: step 8/10, xent loss = 10.3677, l2 loss = 14.5713 (max 14.95), (true 514, predicted [887])
attack: step 9/10, xent loss = 16.1399, l2 loss = 16.0493 (max 14.95), (true 514, predicted [887])
attack: step 10/10, xent loss = 14.1498, l2 loss = 17.2266 (max 14.95), (true 514, predicted [887])
check failed
true = 514, adv = 887
evaluating 504 of [500, 510)
attack: step 1/10, xent loss = 3.33479, l2 loss = 0 (max 14.95), (true 355, predicted [190])
attack: step 2/10, xent loss = 7.24007, l2 loss = 15.0186 (max 14.95), (true 355, predicted [190])
attack: step 3/10, xent loss = 10.8487, l2 loss = 15.8169 (max 14.95), (true 355, predicted [728])
attack: step 4/10, xent loss = 17.9675, l2 loss = 18.1697 (max 14.95), (true 355, predicted [728])
attack: step 5/10, xent loss = 18.26, l2 loss = 21.9354 (max 14.95), (true 355, predicted [728])
attack: step 6/10, xent loss = 23.0203, l2 loss = 25.3816 (max 14.95), (true 355, predicted [728])
attack: step 7/10, xent loss = 18.686, l2 loss = 27.0592 (max 14.95), (true 355, predicted [728])
attack: step 8/10, xent loss = 21.5107, l2 loss = 30.269 (max 14.95), (true 355, predicted [728])
attack: step 9/10, xent loss = 25.0413, l2 loss = 31.8122 (max 14.95), (true 355, predicted [728])
attack: step 10/10, xent loss = 28.0873, l2 loss = 33.4125 (max 14.95), (true 355, predicted [728])
check failed
true = 355, adv = 728
evaluating 505 of [500, 510)
attack: step 1/10, xent loss = 0.0352101, l2 loss = 0 (max 14.95), (true 227, predicted [227])
attack: step 2/10, xent loss = 0.0826827, l2 loss = 0.0920483 (max 14.95), (true 227, predicted [227])
attack: step 3/10, xent loss = 0.0591213, l2 loss = 0.242292 (max 14.95), (true 227, predicted [227])
attack: step 4/10, xent loss = 0.0608954, l2 loss = 0.286806 (max 14.95), (true 227, predicted [227])
attack: step 5/10, xent loss = 0.0638789, l2 loss = 0.337653 (max 14.95), (true 227, predicted [227])
attack: step 6/10, xent loss = 0.0890792, l2 loss = 0.397328 (max 14.95), (true 227, predicted [227])
attack: step 7/10, xent loss = 0.0468905, l2 loss = 0.467636 (max 14.95), (true 227, predicted [227])
attack: step 8/10, xent loss = 0.0696218, l2 loss = 0.493444 (max 14.95), (true 227, predicted [227])
attack: step 9/10, xent loss = 0.0734265, l2 loss = 0.554242 (max 14.95), (true 227, predicted [227])
attack: step 10/10, xent loss = 0.0406993, l2 loss = 0.602235 (max 14.95), (true 227, predicted [227])
true = 227, adv = 227
evaluating 506 of [500, 510)
attack: step 1/10, xent loss = 0.672354, l2 loss = 0 (max 14.95), (true 220, predicted [220])
attack: step 2/10, xent loss = 0.601373, l2 loss = 1.99918 (max 14.95), (true 220, predicted [220])
attack: step 3/10, xent loss = 0.704004, l2 loss = 2.77535 (max 14.95), (true 220, predicted [220])
attack: step 4/10, xent loss = 2.22942, l2 loss = 4.01994 (max 14.95), (true 220, predicted [163])
attack: step 5/10, xent loss = 1.21627, l2 loss = 5.27598 (max 14.95), (true 220, predicted [163])
attack: step 6/10, xent loss = 1.23456, l2 loss = 6.25373 (max 14.95), (true 220, predicted [163])
attack: step 7/10, xent loss = 3.94789, l2 loss = 7.26038 (max 14.95), (true 220, predicted [168])
attack: step 8/10, xent loss = 1.92319, l2 loss = 8.76506 (max 14.95), (true 220, predicted [163])
attack: step 9/10, xent loss = 2.76211, l2 loss = 10.3802 (max 14.95), (true 220, predicted [163])
attack: step 10/10, xent loss = 2.94962, l2 loss = 11.2758 (max 14.95), (true 220, predicted [163])
true = 220, adv = 163
evaluating 507 of [500, 510)
attack: step 1/10, xent loss = 1.62058, l2 loss = 0 (max 14.95), (true 590, predicted [761])
attack: step 2/10, xent loss = 0.652438, l2 loss = 3.27118 (max 14.95), (true 590, predicted [590])
attack: step 3/10, xent loss = 1.98964, l2 loss = 3.71322 (max 14.95), (true 590, predicted [761])
attack: step 4/10, xent loss = 2.34662, l2 loss = 4.98082 (max 14.95), (true 590, predicted [761])
attack: step 5/10, xent loss = 4.35161, l2 loss = 6.41493 (max 14.95), (true 590, predicted [761])
attack: step 6/10, xent loss = 3.4375, l2 loss = 8.45017 (max 14.95), (true 590, predicted [761])
attack: step 7/10, xent loss = 4.78002, l2 loss = 9.91303 (max 14.95), (true 590, predicted [761])
attack: step 8/10, xent loss = 8.37301, l2 loss = 11.2665 (max 14.95), (true 590, predicted [761])
attack: step 9/10, xent loss = 8.11591, l2 loss = 12.5674 (max 14.95), (true 590, predicted [761])
attack: step 10/10, xent loss = 9.67337, l2 loss = 13.5976 (max 14.95), (true 590, predicted [761])
true = 590, adv = 761
evaluating 508 of [500, 510)
attack: step 1/10, xent loss = 6.41817, l2 loss = 0 (max 14.95), (true 754, predicted [581])
attack: step 2/10, xent loss = 8.60473, l2 loss = 3.08618 (max 14.95), (true 754, predicted [581])
attack: step 3/10, xent loss = 6.65903, l2 loss = 3.69318 (max 14.95), (true 754, predicted [581])
attack: step 4/10, xent loss = 9.78501, l2 loss = 5.43739 (max 14.95), (true 754, predicted [581])
attack: step 5/10, xent loss = 9.85681, l2 loss = 5.97936 (max 14.95), (true 754, predicted [581])
attack: step 6/10, xent loss = 8.64247, l2 loss = 6.40236 (max 14.95), (true 754, predicted [581])
attack: step 7/10, xent loss = 8.81555, l2 loss = 6.88157 (max 14.95), (true 754, predicted [581])
attack: step 8/10, xent loss = 9.60217, l2 loss = 7.32812 (max 14.95), (true 754, predicted [581])
attack: step 9/10, xent loss = 8.9014, l2 loss = 7.64535 (max 14.95), (true 754, predicted [581])
attack: step 10/10, xent loss = 9.83525, l2 loss = 8.33376 (max 14.95), (true 754, predicted [581])
true = 754, adv = 581
evaluating 509 of [500, 510)
attack: step 1/10, xent loss = 0.12862, l2 loss = 0 (max 14.95), (true 635, predicted [635])
attack: step 2/10, xent loss = 0.235221, l2 loss = 0.421923 (max 14.95), (true 635, predicted [635])
attack: step 3/10, xent loss = 0.210363, l2 loss = 0.958814 (max 14.95), (true 635, predicted [635])
attack: step 4/10, xent loss = 0.10942, l2 loss = 1.47854 (max 14.95), (true 635, predicted [635])
attack: step 5/10, xent loss = 0.0683637, l2 loss = 1.52552 (max 14.95), (true 635, predicted [635])
attack: step 6/10, xent loss = 0.312739, l2 loss = 1.5479 (max 14.95), (true 635, predicted [635])
attack: step 7/10, xent loss = 0.336012, l2 loss = 1.98748 (max 14.95), (true 635, predicted [635])
attack: step 8/10, xent loss = 0.296328, l2 loss = 2.51843 (max 14.95), (true 635, predicted [635])
attack: step 9/10, xent loss = 0.251582, l2 loss = 2.74259 (max 14.95), (true 635, predicted [635])
attack: step 10/10, xent loss = 0.136801, l2 loss = 2.9133 (max 14.95), (true 635, predicted [635])
true = 635, adv = 635
