2019-06-28 06:36:06.909082: I tensorflow/core/platform/cpu_feature_guard.cc:141] Your CPU supports instructions that this TensorFlow binary was not compiled to use: SSE4.1 SSE4.2 AVX AVX2 FMA
2019-06-28 06:36:06.919883: I tensorflow/core/platform/profile_utils/cpu_utils.cc:94] CPU Frequency: 2599770000 Hz
2019-06-28 06:36:06.920105: I tensorflow/compiler/xla/service/service.cc:150] XLA service 0x2aaae6abfff0 executing computations on platform Host. Devices:
2019-06-28 06:36:06.920142: I tensorflow/compiler/xla/service/service.cc:158]   StreamExecutor device (0): <undefined>, <undefined>
2019-06-28 06:36:06.920475: I tensorflow/core/common_runtime/process_util.cc:71] Creating new thread pool with default inter op setting: 2. Tune using inter_op_parallelism_threads for best performance.
evaluating 680 of [680, 690)
attack: step 1/10, xent loss = 12.2931, l2 loss = 14.9219 (max 14.95), (true 623, predicted [784])
attack: step 2/10, xent loss = 12.6938, l2 loss = 15.6513 (max 14.95), (true 623, predicted [784])
attack: step 3/10, xent loss = 12.4795, l2 loss = 16.2222 (max 14.95), (true 623, predicted [784])
attack: step 4/10, xent loss = 11.5316, l2 loss = 16.7963 (max 14.95), (true 623, predicted [784])
attack: step 5/10, xent loss = 13.1393, l2 loss = 18.7278 (max 14.95), (true 623, predicted [784])
attack: step 6/10, xent loss = 12.3691, l2 loss = 19.2521 (max 14.95), (true 623, predicted [784])
attack: step 7/10, xent loss = 13.8672, l2 loss = 20.0352 (max 14.95), (true 623, predicted [784])
attack: step 8/10, xent loss = 14.2251, l2 loss = 20.7239 (max 14.95), (true 623, predicted [784])
attack: step 9/10, xent loss = 16.1689, l2 loss = 21.2716 (max 14.95), (true 623, predicted [784])
attack: step 10/10, xent loss = 14.4118, l2 loss = 22.0249 (max 14.95), (true 623, predicted [784])
check failed
true = 623, adv = 784
evaluating 681 of [680, 690)
attack: step 1/10, xent loss = 10.7951, l2 loss = 16.4218 (max 14.95), (true 980, predicted [978])
attack: step 2/10, xent loss = 12.1709, l2 loss = 17.6363 (max 14.95), (true 980, predicted [978])
attack: step 3/10, xent loss = 11.5269, l2 loss = 18.7633 (max 14.95), (true 980, predicted [978])
attack: step 4/10, xent loss = 13.3858, l2 loss = 19.5924 (max 14.95), (true 980, predicted [978])
attack: step 5/10, xent loss = 13.0029, l2 loss = 20.3115 (max 14.95), (true 980, predicted [978])
attack: step 6/10, xent loss = 11.7064, l2 loss = 21.2971 (max 14.95), (true 980, predicted [978])
attack: step 7/10, xent loss = 14.8756, l2 loss = 22.3308 (max 14.95), (true 980, predicted [978])
attack: step 8/10, xent loss = 13.8944, l2 loss = 23.1715 (max 14.95), (true 980, predicted [978])
attack: step 9/10, xent loss = 15.4433, l2 loss = 23.9819 (max 14.95), (true 980, predicted [978])
attack: step 10/10, xent loss = 14.8801, l2 loss = 24.9178 (max 14.95), (true 980, predicted [978])
check failed
true = 980, adv = 978
evaluating 682 of [680, 690)
attack: step 1/10, xent loss = 18.0727, l2 loss = 20.2237 (max 14.95), (true 960, predicted [809])
attack: step 2/10, xent loss = 19.6132, l2 loss = 20.856 (max 14.95), (true 960, predicted [809])
attack: step 3/10, xent loss = 21.2314, l2 loss = 21.7764 (max 14.95), (true 960, predicted [809])
attack: step 4/10, xent loss = 22.4815, l2 loss = 22.2237 (max 14.95), (true 960, predicted [809])
attack: step 5/10, xent loss = 22.8832, l2 loss = 22.9957 (max 14.95), (true 960, predicted [809])
attack: step 6/10, xent loss = 22.6858, l2 loss = 23.7577 (max 14.95), (true 960, predicted [809])
attack: step 7/10, xent loss = 23.5109, l2 loss = 24.4448 (max 14.95), (true 960, predicted [809])
attack: step 8/10, xent loss = 22.7279, l2 loss = 25.2841 (max 14.95), (true 960, predicted [809])
attack: step 9/10, xent loss = 24.4526, l2 loss = 25.9104 (max 14.95), (true 960, predicted [809])
attack: step 10/10, xent loss = 23.6289, l2 loss = 26.474 (max 14.95), (true 960, predicted [809])
check failed
true = 960, adv = 809
evaluating 683 of [680, 690)
attack: step 1/10, xent loss = 3.6795, l2 loss = 7.242 (max 14.95), (true 241, predicted [240])
attack: step 2/10, xent loss = 3.76575, l2 loss = 7.76279 (max 14.95), (true 241, predicted [240])
attack: step 3/10, xent loss = 4.44198, l2 loss = 8.02051 (max 14.95), (true 241, predicted [240])
attack: step 4/10, xent loss = 4.79826, l2 loss = 8.41031 (max 14.95), (true 241, predicted [240])
attack: step 5/10, xent loss = 4.58361, l2 loss = 8.62971 (max 14.95), (true 241, predicted [240])
attack: step 6/10, xent loss = 5.1269, l2 loss = 9.36981 (max 14.95), (true 241, predicted [240])
attack: step 7/10, xent loss = 4.43339, l2 loss = 9.74397 (max 14.95), (true 241, predicted [240])
attack: step 8/10, xent loss = 5.02135, l2 loss = 10.0168 (max 14.95), (true 241, predicted [240])
attack: step 9/10, xent loss = 5.16432, l2 loss = 10.2664 (max 14.95), (true 241, predicted [240])
attack: step 10/10, xent loss = 6.17101, l2 loss = 10.5659 (max 14.95), (true 241, predicted [240])
true = 241, adv = 240
evaluating 684 of [680, 690)
attack: step 1/10, xent loss = 25.8552, l2 loss = 24.5051 (max 14.95), (true 935, predicted [999])
attack: step 2/10, xent loss = 30.6748, l2 loss = 26.4412 (max 14.95), (true 935, predicted [999])
attack: step 3/10, xent loss = 28.3859, l2 loss = 28.2113 (max 14.95), (true 935, predicted [999])
attack: step 4/10, xent loss = 32.8968, l2 loss = 29.6952 (max 14.95), (true 935, predicted [999])
attack: step 5/10, xent loss = 34.7441, l2 loss = 30.9199 (max 14.95), (true 935, predicted [999])
attack: step 6/10, xent loss = 39.0893, l2 loss = 32.301 (max 14.95), (true 935, predicted [999])
attack: step 7/10, xent loss = 37.9382, l2 loss = 33.5639 (max 14.95), (true 935, predicted [999])
attack: step 8/10, xent loss = 36.3391, l2 loss = 34.5931 (max 14.95), (true 935, predicted [999])
attack: step 9/10, xent loss = 37.9493, l2 loss = 35.7349 (max 14.95), (true 935, predicted [999])
attack: step 10/10, xent loss = 36.2253, l2 loss = 36.9887 (max 14.95), (true 935, predicted [999])
check failed
true = 935, adv = 999
evaluating 685 of [680, 690)
attack: step 1/10, xent loss = 6.82678, l2 loss = 9.46136 (max 14.95), (true 426, predicted [574])
attack: step 2/10, xent loss = 6.85517, l2 loss = 10.2484 (max 14.95), (true 426, predicted [574])
attack: step 3/10, xent loss = 6.95032, l2 loss = 10.9394 (max 14.95), (true 426, predicted [574])
attack: step 4/10, xent loss = 6.36208, l2 loss = 11.3054 (max 14.95), (true 426, predicted [574])
attack: step 5/10, xent loss = 8.44617, l2 loss = 11.6209 (max 14.95), (true 426, predicted [574])
attack: step 6/10, xent loss = 6.34975, l2 loss = 12.8998 (max 14.95), (true 426, predicted [574])
attack: step 7/10, xent loss = 10.6604, l2 loss = 13.4646 (max 14.95), (true 426, predicted [574])
attack: step 8/10, xent loss = 6.73121, l2 loss = 14.8008 (max 14.95), (true 426, predicted [574])
attack: step 9/10, xent loss = 7.11216, l2 loss = 15.4533 (max 14.95), (true 426, predicted [574])
attack: step 10/10, xent loss = 9.62235, l2 loss = 15.9094 (max 14.95), (true 426, predicted [574])
check failed
true = 426, adv = 574
evaluating 686 of [680, 690)
attack: step 1/10, xent loss = 9.77428, l2 loss = 16.4227 (max 14.95), (true 452, predicted [643])
attack: step 2/10, xent loss = 9.39795, l2 loss = 16.7968 (max 14.95), (true 452, predicted [643])
attack: step 3/10, xent loss = 9.69815, l2 loss = 17.1051 (max 14.95), (true 452, predicted [643])
attack: step 4/10, xent loss = 10.7456, l2 loss = 17.6925 (max 14.95), (true 452, predicted [643])
attack: step 5/10, xent loss = 10.5794, l2 loss = 18.135 (max 14.95), (true 452, predicted [643])
attack: step 6/10, xent loss = 12.2727, l2 loss = 18.9381 (max 14.95), (true 452, predicted [643])
attack: step 7/10, xent loss = 12.5274, l2 loss = 19.5459 (max 14.95), (true 452, predicted [643])
attack: step 8/10, xent loss = 10.475, l2 loss = 19.8576 (max 14.95), (true 452, predicted [643])
attack: step 9/10, xent loss = 12.4994, l2 loss = 20.2698 (max 14.95), (true 452, predicted [643])
attack: step 10/10, xent loss = 14.0481, l2 loss = 20.6583 (max 14.95), (true 452, predicted [643])
check failed
true = 452, adv = 643
evaluating 687 of [680, 690)
attack: step 1/10, xent loss = 0.487356, l2 loss = 7.70663 (max 14.95), (true 789, predicted [789])
attack: step 2/10, xent loss = 1.47766, l2 loss = 8.16703 (max 14.95), (true 789, predicted [789])
attack: step 3/10, xent loss = 3.68891, l2 loss = 9.70503 (max 14.95), (true 789, predicted [456])
attack: step 4/10, xent loss = 4.28783, l2 loss = 11.6028 (max 14.95), (true 789, predicted [740])
attack: step 5/10, xent loss = 8.04889, l2 loss = 13.9639 (max 14.95), (true 789, predicted [740])
attack: step 6/10, xent loss = 6.92738, l2 loss = 17.5821 (max 14.95), (true 789, predicted [872])
attack: step 7/10, xent loss = 6.6766, l2 loss = 19.3608 (max 14.95), (true 789, predicted [740])
attack: step 8/10, xent loss = 7.36265, l2 loss = 21.8922 (max 14.95), (true 789, predicted [740])
attack: step 9/10, xent loss = 11.2499, l2 loss = 23.6019 (max 14.95), (true 789, predicted [740])
attack: step 10/10, xent loss = 13.6966, l2 loss = 25.1695 (max 14.95), (true 789, predicted [740])
check failed
true = 789, adv = 740
evaluating 688 of [680, 690)
attack: step 1/10, xent loss = 8.99246, l2 loss = 17.2002 (max 14.95), (true 680, predicted [737])
attack: step 2/10, xent loss = 10.3243, l2 loss = 17.7026 (max 14.95), (true 680, predicted [737])
attack: step 3/10, xent loss = 10.6628, l2 loss = 18.0714 (max 14.95), (true 680, predicted [737])
attack: step 4/10, xent loss = 10.5767, l2 loss = 18.472 (max 14.95), (true 680, predicted [737])
attack: step 5/10, xent loss = 10.9709, l2 loss = 19.1695 (max 14.95), (true 680, predicted [737])
attack: step 6/10, xent loss = 10.6975, l2 loss = 20.6206 (max 14.95), (true 680, predicted [737])
attack: step 7/10, xent loss = 12.653, l2 loss = 21.3907 (max 14.95), (true 680, predicted [737])
attack: step 8/10, xent loss = 12.2196, l2 loss = 22.345 (max 14.95), (true 680, predicted [737])
attack: step 9/10, xent loss = 11.8591, l2 loss = 22.988 (max 14.95), (true 680, predicted [737])
attack: step 10/10, xent loss = 14.2605, l2 loss = 24.2052 (max 14.95), (true 680, predicted [737])
check failed
true = 680, adv = 737
evaluating 689 of [680, 690)
attack: step 1/10, xent loss = 0.783205, l2 loss = 4.58007 (max 14.95), (true 454, predicted [454])
attack: step 2/10, xent loss = 1.05098, l2 loss = 4.77699 (max 14.95), (true 454, predicted [624])
attack: step 3/10, xent loss = 1.10857, l2 loss = 5.17399 (max 14.95), (true 454, predicted [454])
attack: step 4/10, xent loss = 1.47079, l2 loss = 5.62024 (max 14.95), (true 454, predicted [624])
attack: step 5/10, xent loss = 1.20613, l2 loss = 6.05921 (max 14.95), (true 454, predicted [454])
attack: step 6/10, xent loss = 1.81226, l2 loss = 6.36241 (max 14.95), (true 454, predicted [624])
attack: step 7/10, xent loss = 1.14653, l2 loss = 6.8464 (max 14.95), (true 454, predicted [454])
attack: step 8/10, xent loss = 2.1435, l2 loss = 7.18471 (max 14.95), (true 454, predicted [624])
attack: step 9/10, xent loss = 0.986548, l2 loss = 7.73085 (max 14.95), (true 454, predicted [454])
attack: step 10/10, xent loss = 1.217, l2 loss = 8.01676 (max 14.95), (true 454, predicted [454])
true = 454, adv = 446
