2019-05-30 19:37:25.496491: I tensorflow/core/platform/cpu_feature_guard.cc:141] Your CPU supports instructions that this TensorFlow binary was not compiled to use: SSE4.1 SSE4.2 AVX AVX2 FMA
2019-05-30 19:37:25.505373: I tensorflow/core/platform/profile_utils/cpu_utils.cc:94] CPU Frequency: 2600020000 Hz
2019-05-30 19:37:25.505464: I tensorflow/compiler/xla/service/service.cc:150] XLA service 0x2aaae6d4a880 executing computations on platform Host. Devices:
2019-05-30 19:37:25.505477: I tensorflow/compiler/xla/service/service.cc:158]   StreamExecutor device (0): <undefined>, <undefined>
2019-05-30 19:37:25.505618: I tensorflow/core/common_runtime/process_util.cc:71] Creating new thread pool with default inter op setting: 2. Tune using inter_op_parallelism_threads for best performance.
evaluating 620 of [620, 630)
attack: step 1/30, xent loss = 6.14217, l2 loss = 0 (max 14.95), (true 681, predicted [398])
returning early
true = 681, adv = 398
evaluating 621 of [620, 630)
attack: step 1/30, xent loss = 0.234084, l2 loss = 0 (max 14.95), (true 960, predicted [960])
attack: step 2/30, xent loss = 2.42233, l2 loss = 0.334071 (max 14.95), (true 960, predicted [923])
returning early
true = 960, adv = 923
evaluating 622 of [620, 630)
attack: step 1/30, xent loss = 0.0185844, l2 loss = 0 (max 14.95), (true 760, predicted [760])
attack: step 2/30, xent loss = 0.0694974, l2 loss = 0.0532688 (max 14.95), (true 760, predicted [760])
attack: step 3/30, xent loss = 1.55268, l2 loss = 0.232111 (max 14.95), (true 760, predicted [760])
attack: step 4/30, xent loss = 6.4936, l2 loss = 2.93203 (max 14.95), (true 760, predicted [799])
returning early
true = 760, adv = 799
evaluating 623 of [620, 630)
attack: step 1/30, xent loss = 0.224759, l2 loss = 0 (max 14.95), (true 866, predicted [866])
attack: step 2/30, xent loss = 1.72064, l2 loss = 0.304419 (max 14.95), (true 866, predicted [595])
returning early
true = 866, adv = 595
evaluating 624 of [620, 630)
attack: step 1/30, xent loss = 4.06832, l2 loss = 0 (max 14.95), (true 977, predicted [961])
returning early
true = 977, adv = 961
evaluating 625 of [620, 630)
attack: step 1/30, xent loss = 2.5567, l2 loss = 0 (max 14.95), (true 844, predicted [794])
returning early
true = 844, adv = 794
evaluating 626 of [620, 630)
attack: step 1/30, xent loss = 1.0509, l2 loss = 0 (max 14.95), (true 435, predicted [876])
returning early
true = 435, adv = 876
evaluating 627 of [620, 630)
attack: step 1/30, xent loss = 0.0772381, l2 loss = 0 (max 14.95), (true 239, predicted [239])
attack: step 2/30, xent loss = 0.858706, l2 loss = 0.212262 (max 14.95), (true 239, predicted [239])
attack: step 3/30, xent loss = 4.93137, l2 loss = 1.24772 (max 14.95), (true 239, predicted [238])
returning early
true = 239, adv = 238
evaluating 628 of [620, 630)
attack: step 1/30, xent loss = 1.11769, l2 loss = 0 (max 14.95), (true 605, predicted [605])
attack: step 2/30, xent loss = 7.67982, l2 loss = 4.49734 (max 14.95), (true 605, predicted [462])
returning early
true = 605, adv = 462
evaluating 629 of [620, 630)
attack: step 1/30, xent loss = 0.518621, l2 loss = 0 (max 14.95), (true 196, predicted [196])
attack: step 2/30, xent loss = 9.21381, l2 loss = 1.44374 (max 14.95), (true 196, predicted [192])
returning early
true = 196, adv = 192
