2019-05-25 20:26:44.307715: I tensorflow/core/platform/cpu_feature_guard.cc:141] Your CPU supports instructions that this TensorFlow binary was not compiled to use: SSE4.1 SSE4.2 AVX AVX2 FMA
2019-05-25 20:26:44.321318: I tensorflow/core/platform/profile_utils/cpu_utils.cc:94] CPU Frequency: 2599985000 Hz
2019-05-25 20:26:44.321535: I tensorflow/compiler/xla/service/service.cc:150] XLA service 0x2aaae6bbff90 executing computations on platform Host. Devices:
2019-05-25 20:26:44.321567: I tensorflow/compiler/xla/service/service.cc:158]   StreamExecutor device (0): <undefined>, <undefined>
2019-05-25 20:26:44.321898: I tensorflow/core/common_runtime/process_util.cc:71] Creating new thread pool with default inter op setting: 2. Tune using inter_op_parallelism_threads for best performance.
evaluating 310 of [310, 320)
attack: step 1/10, xent loss = 4.59795, l2 loss = 0 (max 14.95), (true 182, predicted [163])
attack: step 2/10, xent loss = 7.72412, l2 loss = 4.59632 (max 14.95), (true 182, predicted [163])
attack: step 3/10, xent loss = 6.18199, l2 loss = 5.63625 (max 14.95), (true 182, predicted [163])
attack: step 4/10, xent loss = 10.2833, l2 loss = 7.98403 (max 14.95), (true 182, predicted [163])
attack: step 5/10, xent loss = 11.4217, l2 loss = 9.14782 (max 14.95), (true 182, predicted [163])
attack: step 6/10, xent loss = 12.5894, l2 loss = 9.94419 (max 14.95), (true 182, predicted [163])
attack: step 7/10, xent loss = 12.9994, l2 loss = 10.9828 (max 14.95), (true 182, predicted [163])
attack: step 8/10, xent loss = 13.897, l2 loss = 11.8766 (max 14.95), (true 182, predicted [163])
attack: step 9/10, xent loss = 14.8904, l2 loss = 12.4658 (max 14.95), (true 182, predicted [163])
attack: step 10/10, xent loss = 13.9882, l2 loss = 13.1252 (max 14.95), (true 182, predicted [163])
true = 182, adv = 163
evaluating 311 of [310, 320)
attack: step 1/10, xent loss = 9.74859, l2 loss = 0 (max 14.95), (true 860, predicted [858])
attack: step 2/10, xent loss = 8.88421, l2 loss = 2.23148 (max 14.95), (true 860, predicted [858])
attack: step 3/10, xent loss = 8.09832, l2 loss = 3.74664 (max 14.95), (true 860, predicted [858])
attack: step 4/10, xent loss = 9.40106, l2 loss = 5.04351 (max 14.95), (true 860, predicted [858])
attack: step 5/10, xent loss = 9.29048, l2 loss = 5.56381 (max 14.95), (true 860, predicted [858])
attack: step 6/10, xent loss = 10.4461, l2 loss = 6.38772 (max 14.95), (true 860, predicted [858])
attack: step 7/10, xent loss = 9.12992, l2 loss = 7.00531 (max 14.95), (true 860, predicted [858])
attack: step 8/10, xent loss = 10.7437, l2 loss = 7.37243 (max 14.95), (true 860, predicted [858])
attack: step 9/10, xent loss = 9.30095, l2 loss = 8.09835 (max 14.95), (true 860, predicted [858])
attack: step 10/10, xent loss = 9.73331, l2 loss = 8.9952 (max 14.95), (true 860, predicted [858])
true = 860, adv = 858
evaluating 312 of [310, 320)
attack: step 1/10, xent loss = 0.00168289, l2 loss = 0 (max 14.95), (true 905, predicted [905])
attack: step 2/10, xent loss = 0.00552555, l2 loss = 0.00875366 (max 14.95), (true 905, predicted [905])
attack: step 3/10, xent loss = 0.0196401, l2 loss = 0.0268081 (max 14.95), (true 905, predicted [905])
attack: step 4/10, xent loss = 0.00943121, l2 loss = 0.0946603 (max 14.95), (true 905, predicted [905])
attack: step 5/10, xent loss = 0.00614942, l2 loss = 0.107872 (max 14.95), (true 905, predicted [905])
attack: step 6/10, xent loss = 0.0244967, l2 loss = 0.112667 (max 14.95), (true 905, predicted [905])
attack: step 7/10, xent loss = 0.0123202, l2 loss = 0.175748 (max 14.95), (true 905, predicted [905])
attack: step 8/10, xent loss = 0.00364485, l2 loss = 0.191261 (max 14.95), (true 905, predicted [905])
attack: step 9/10, xent loss = 0.0149767, l2 loss = 0.192845 (max 14.95), (true 905, predicted [905])
attack: step 10/10, xent loss = 0.00346073, l2 loss = 0.212201 (max 14.95), (true 905, predicted [905])
true = 905, adv = 905
evaluating 313 of [310, 320)
attack: step 1/10, xent loss = 7.44143, l2 loss = 0 (max 14.95), (true 291, predicted [728])
attack: step 2/10, xent loss = 11.559, l2 loss = 5.51412 (max 14.95), (true 291, predicted [728])
attack: step 3/10, xent loss = 9.02632, l2 loss = 8.70281 (max 14.95), (true 291, predicted [728])
attack: step 4/10, xent loss = 11.2027, l2 loss = 9.70225 (max 14.95), (true 291, predicted [728])
attack: step 5/10, xent loss = 15.1735, l2 loss = 11.5326 (max 14.95), (true 291, predicted [728])
attack: step 6/10, xent loss = 16.1173, l2 loss = 13.9802 (max 14.95), (true 291, predicted [728])
attack: step 7/10, xent loss = 20.2867, l2 loss = 16.7549 (max 14.95), (true 291, predicted [728])
attack: step 8/10, xent loss = 23.2327, l2 loss = 18.7795 (max 14.95), (true 291, predicted [728])
attack: step 9/10, xent loss = 22.0127, l2 loss = 20.3153 (max 14.95), (true 291, predicted [728])
attack: step 10/10, xent loss = 23.34, l2 loss = 22.1233 (max 14.95), (true 291, predicted [728])
check failed
true = 291, adv = 728
evaluating 314 of [310, 320)
attack: step 1/10, xent loss = 5.05003, l2 loss = 0 (max 14.95), (true 809, predicted [659])
attack: step 2/10, xent loss = 5.44167, l2 loss = 4.18028 (max 14.95), (true 809, predicted [659])
attack: step 3/10, xent loss = 7.37262, l2 loss = 6.14661 (max 14.95), (true 809, predicted [659])
attack: step 4/10, xent loss = 7.34326, l2 loss = 7.18583 (max 14.95), (true 809, predicted [659])
attack: step 5/10, xent loss = 7.23028, l2 loss = 8.1927 (max 14.95), (true 809, predicted [659])
attack: step 6/10, xent loss = 8.06519, l2 loss = 9.09334 (max 14.95), (true 809, predicted [659])
attack: step 7/10, xent loss = 8.72742, l2 loss = 9.96286 (max 14.95), (true 809, predicted [659])
attack: step 8/10, xent loss = 7.43127, l2 loss = 10.6143 (max 14.95), (true 809, predicted [659])
attack: step 9/10, xent loss = 9.25337, l2 loss = 11.4697 (max 14.95), (true 809, predicted [659])
attack: step 10/10, xent loss = 8.23536, l2 loss = 12.2476 (max 14.95), (true 809, predicted [659])
true = 809, adv = 659
evaluating 315 of [310, 320)
attack: step 1/10, xent loss = 6.87329, l2 loss = 0 (max 14.95), (true 798, predicted [942])
attack: step 2/10, xent loss = 9.25775, l2 loss = 10.4239 (max 14.95), (true 798, predicted [936])
attack: step 3/10, xent loss = 9.46026, l2 loss = 10.9465 (max 14.95), (true 798, predicted [934])
attack: step 4/10, xent loss = 9.73537, l2 loss = 11.321 (max 14.95), (true 798, predicted [936])
attack: step 5/10, xent loss = 10.2888, l2 loss = 11.7163 (max 14.95), (true 798, predicted [728])
attack: step 6/10, xent loss = 10.5795, l2 loss = 12.3598 (max 14.95), (true 798, predicted [728])
attack: step 7/10, xent loss = 11.8261, l2 loss = 12.7783 (max 14.95), (true 798, predicted [728])
attack: step 8/10, xent loss = 12.0954, l2 loss = 13.6956 (max 14.95), (true 798, predicted [728])
attack: step 9/10, xent loss = 13.3723, l2 loss = 15.5176 (max 14.95), (true 798, predicted [793])
attack: step 10/10, xent loss = 15.5429, l2 loss = 16.8469 (max 14.95), (true 798, predicted [793])
check failed
true = 798, adv = 793
evaluating 316 of [310, 320)
attack: step 1/10, xent loss = 9.86296, l2 loss = 0 (max 14.95), (true 658, predicted [411])
attack: step 2/10, xent loss = 11.3279, l2 loss = 4.42016 (max 14.95), (true 658, predicted [411])
attack: step 3/10, xent loss = 9.76923, l2 loss = 6.54311 (max 14.95), (true 658, predicted [411])
attack: step 4/10, xent loss = 12.174, l2 loss = 7.6205 (max 14.95), (true 658, predicted [411])
attack: step 5/10, xent loss = 10.9499, l2 loss = 9.17354 (max 14.95), (true 658, predicted [411])
attack: step 6/10, xent loss = 12.1553, l2 loss = 10.254 (max 14.95), (true 658, predicted [411])
attack: step 7/10, xent loss = 11.4897, l2 loss = 11.1531 (max 14.95), (true 658, predicted [411])
attack: step 8/10, xent loss = 13.3884, l2 loss = 11.8663 (max 14.95), (true 658, predicted [411])
attack: step 9/10, xent loss = 15.0319, l2 loss = 13.0235 (max 14.95), (true 658, predicted [411])
attack: step 10/10, xent loss = 14.2883, l2 loss = 13.9066 (max 14.95), (true 658, predicted [411])
true = 658, adv = 411
evaluating 317 of [310, 320)
attack: step 1/10, xent loss = 4.59087, l2 loss = 0 (max 14.95), (true 669, predicted [794])
attack: step 2/10, xent loss = 5.52097, l2 loss = 6.66842 (max 14.95), (true 669, predicted [794])
attack: step 3/10, xent loss = 6.4513, l2 loss = 8.82522 (max 14.95), (true 669, predicted [794])
attack: step 4/10, xent loss = 4.85405, l2 loss = 10.0748 (max 14.95), (true 669, predicted [794])
attack: step 5/10, xent loss = 8.15845, l2 loss = 11.6494 (max 14.95), (true 669, predicted [794])
attack: step 6/10, xent loss = 8.10368, l2 loss = 12.6482 (max 14.95), (true 669, predicted [794])
attack: step 7/10, xent loss = 9.57774, l2 loss = 13.413 (max 14.95), (true 669, predicted [794])
attack: step 8/10, xent loss = 9.26562, l2 loss = 14.014 (max 14.95), (true 669, predicted [794])
attack: step 9/10, xent loss = 9.83745, l2 loss = 14.741 (max 14.95), (true 669, predicted [794])
attack: step 10/10, xent loss = 11.6026, l2 loss = 15.5573 (max 14.95), (true 669, predicted [728])
check failed
true = 669, adv = 728
evaluating 318 of [310, 320)
attack: step 1/10, xent loss = 5.43884, l2 loss = 0 (max 14.95), (true 635, predicted [696])
attack: step 2/10, xent loss = 2.37131, l2 loss = 4.21118 (max 14.95), (true 635, predicted [696])
attack: step 3/10, xent loss = 3.21984, l2 loss = 5.785 (max 14.95), (true 635, predicted [696])
attack: step 4/10, xent loss = 2.86858, l2 loss = 6.79642 (max 14.95), (true 635, predicted [696])
attack: step 5/10, xent loss = 5.10119, l2 loss = 7.28543 (max 14.95), (true 635, predicted [892])
attack: step 6/10, xent loss = 4.40843, l2 loss = 7.91882 (max 14.95), (true 635, predicted [696])
attack: step 7/10, xent loss = 4.96684, l2 loss = 8.98413 (max 14.95), (true 635, predicted [892])
attack: step 8/10, xent loss = 5.94596, l2 loss = 9.46352 (max 14.95), (true 635, predicted [816])
attack: step 9/10, xent loss = 7.07441, l2 loss = 10.1204 (max 14.95), (true 635, predicted [696])
attack: step 10/10, xent loss = 6.01146, l2 loss = 11.3278 (max 14.95), (true 635, predicted [696])
true = 635, adv = 892
evaluating 319 of [310, 320)
attack: step 1/10, xent loss = 5.81683, l2 loss = 0 (max 14.95), (true 937, predicted [936])
attack: step 2/10, xent loss = 5.75968, l2 loss = 2.28557 (max 14.95), (true 937, predicted [544])
attack: step 3/10, xent loss = 6.23725, l2 loss = 3.07656 (max 14.95), (true 937, predicted [544])
attack: step 4/10, xent loss = 6.59302, l2 loss = 3.96625 (max 14.95), (true 937, predicted [544])
attack: step 5/10, xent loss = 6.11298, l2 loss = 4.54459 (max 14.95), (true 937, predicted [909])
attack: step 6/10, xent loss = 5.60356, l2 loss = 5.17463 (max 14.95), (true 937, predicted [924])
attack: step 7/10, xent loss = 5.70318, l2 loss = 5.50264 (max 14.95), (true 937, predicted [544])
attack: step 8/10, xent loss = 7.6086, l2 loss = 6.3024 (max 14.95), (true 937, predicted [544])
attack: step 9/10, xent loss = 7.26075, l2 loss = 6.63421 (max 14.95), (true 937, predicted [544])
attack: step 10/10, xent loss = 6.50382, l2 loss = 7.02024 (max 14.95), (true 937, predicted [544])
true = 937, adv = 544
