2019-11-03 22:07:34.607389: I tensorflow/core/platform/cpu_feature_guard.cc:141] Your CPU supports instructions that this TensorFlow binary was not compiled to use: SSE4.1 SSE4.2 AVX AVX2 FMA
2019-11-03 22:07:34.864457: I tensorflow/core/platform/profile_utils/cpu_utils.cc:94] CPU Frequency: 2599795000 Hz
2019-11-03 22:07:34.971279: I tensorflow/compiler/xla/service/service.cc:150] XLA service 0x55555902fb90 executing computations on platform Host. Devices:
2019-11-03 22:07:34.977959: I tensorflow/compiler/xla/service/service.cc:158]   StreamExecutor device (0): <undefined>, <undefined>
2019-11-03 22:07:34.978371: I tensorflow/core/common_runtime/process_util.cc:71] Creating new thread pool with default inter op setting: 2. Tune using inter_op_parallelism_threads for best performance.
evaluating 780 of [780, 790)
attack: step 1/1, xent loss = 0.177052, l2 loss = 12.0016 (max 14.95), (true 259, predicted [259])
true = 259, adv = 728
evaluating 781 of [780, 790)
attack: step 1/1, xent loss = 0.0890094, l2 loss = 9.59758 (max 14.95), (true 661, predicted [661])
true = 661, adv = 661
evaluating 782 of [780, 790)
attack: step 1/1, xent loss = 2.2319, l2 loss = 15.3644 (max 14.95), (true 633, predicted [965])
check failed
true = 633, adv = 728
evaluating 783 of [780, 790)
attack: step 1/1, xent loss = 1.0596, l2 loss = 17.5907 (max 14.95), (true 520, predicted [431])
check failed
true = 520, adv = 588
evaluating 784 of [780, 790)
attack: step 1/1, xent loss = 4.22194, l2 loss = 16.4201 (max 14.95), (true 412, predicted [458])
check failed
true = 412, adv = 692
evaluating 785 of [780, 790)
attack: step 1/1, xent loss = 0.13407, l2 loss = 16.8877 (max 14.95), (true 209, predicted [209])
check failed
true = 209, adv = 728
evaluating 786 of [780, 790)
attack: step 1/1, xent loss = 2.42476, l2 loss = 27.0854 (max 14.95), (true 709, predicted [658])
check failed
true = 709, adv = 797
evaluating 787 of [780, 790)
attack: step 1/1, xent loss = 0.00829513, l2 loss = 6.49461 (max 14.95), (true 995, predicted [995])
true = 995, adv = 995
evaluating 788 of [780, 790)
attack: step 1/1, xent loss = 0.103301, l2 loss = 20.2708 (max 14.95), (true 283, predicted [283])
check failed
true = 283, adv = 601
evaluating 789 of [780, 790)
attack: step 1/1, xent loss = 3.2717, l2 loss = 34.4331 (max 14.95), (true 804, predicted [637])
check failed
true = 804, adv = 478
