2019-11-04 08:50:59.508774: I tensorflow/core/platform/cpu_feature_guard.cc:141] Your CPU supports instructions that this TensorFlow binary was not compiled to use: SSE4.1 SSE4.2 AVX AVX2 FMA
2019-11-04 08:51:00.504644: I tensorflow/core/platform/profile_utils/cpu_utils.cc:94] CPU Frequency: 2600005000 Hz
2019-11-04 08:51:00.506005: I tensorflow/compiler/xla/service/service.cc:150] XLA service 0x55555902f130 executing computations on platform Host. Devices:
2019-11-04 08:51:00.506095: I tensorflow/compiler/xla/service/service.cc:158]   StreamExecutor device (0): <undefined>, <undefined>
2019-11-04 08:51:00.507900: I tensorflow/core/common_runtime/process_util.cc:71] Creating new thread pool with default inter op setting: 2. Tune using inter_op_parallelism_threads for best performance.
evaluating 810 of [810, 820)
attack: step 1/1, xent loss = 9.11223, l2 loss = 16.3719 (max 14.95), (true 634, predicted [192])
check failed
true = 634, adv = 788
evaluating 811 of [810, 820)
attack: step 1/1, xent loss = 7.51167, l2 loss = 25.1333 (max 14.95), (true 950, predicted [805])
check failed
true = 950, adv = 574
evaluating 812 of [810, 820)
attack: step 1/1, xent loss = 0.0036344, l2 loss = 2.63296 (max 14.95), (true 879, predicted [879])
true = 879, adv = 879
evaluating 813 of [810, 820)
attack: step 1/1, xent loss = 0.00243653, l2 loss = 0.144298 (max 14.95), (true 902, predicted [902])
true = 902, adv = 902
evaluating 814 of [810, 820)
attack: step 1/1, xent loss = 0.0553759, l2 loss = 2.01399 (max 14.95), (true 627, predicted [627])
true = 627, adv = 627
evaluating 815 of [810, 820)
attack: step 1/1, xent loss = 1.07701, l2 loss = 28.4179 (max 14.95), (true 715, predicted [715])
check failed
true = 715, adv = 915
evaluating 816 of [810, 820)
attack: step 1/1, xent loss = 0.597869, l2 loss = 5.11338 (max 14.95), (true 847, predicted [847])
true = 847, adv = 847
evaluating 817 of [810, 820)
attack: step 1/1, xent loss = 10.6994, l2 loss = 14.1563 (max 14.95), (true 168, predicted [159])
true = 168, adv = 159
evaluating 818 of [810, 820)
attack: step 1/1, xent loss = 7.39066, l2 loss = 29.9124 (max 14.95), (true 502, predicted [630])
check failed
true = 502, adv = 630
evaluating 819 of [810, 820)
attack: step 1/1, xent loss = 10.623, l2 loss = 26.787 (max 14.95), (true 617, predicted [807])
check failed
true = 617, adv = 807
