2019-11-04 10:21:26.487240: I tensorflow/core/platform/cpu_feature_guard.cc:141] Your CPU supports instructions that this TensorFlow binary was not compiled to use: SSE4.1 SSE4.2 AVX AVX2 FMA
2019-11-04 10:21:26.793825: I tensorflow/core/platform/profile_utils/cpu_utils.cc:94] CPU Frequency: 2599990000 Hz
2019-11-04 10:21:26.803722: I tensorflow/compiler/xla/service/service.cc:150] XLA service 0x55555902f570 executing computations on platform Host. Devices:
2019-11-04 10:21:26.804290: I tensorflow/compiler/xla/service/service.cc:158]   StreamExecutor device (0): <undefined>, <undefined>
2019-11-04 10:21:26.811761: I tensorflow/core/common_runtime/process_util.cc:71] Creating new thread pool with default inter op setting: 2. Tune using inter_op_parallelism_threads for best performance.
evaluating 900 of [900, 910)
attack: step 1/1, xent loss = 8.35313, l2 loss = 27.7464 (max 14.95), (true 257, predicted [434])
check failed
true = 257, adv = 797
evaluating 901 of [900, 910)
attack: step 1/1, xent loss = 0.0071187, l2 loss = 0.0626104 (max 14.95), (true 575, predicted [575])
true = 575, adv = 575
evaluating 902 of [900, 910)
attack: step 1/1, xent loss = 4.43705, l2 loss = 22.1024 (max 14.95), (true 679, predicted [917])
check failed
true = 679, adv = 643
evaluating 903 of [900, 910)
attack: step 1/1, xent loss = 8.68471, l2 loss = 21.6858 (max 14.95), (true 826, predicted [920])
check failed
true = 826, adv = 920
evaluating 904 of [900, 910)
attack: step 1/1, xent loss = 5.8685, l2 loss = 22.8848 (max 14.95), (true 973, predicted [329])
check failed
true = 973, adv = 410
evaluating 905 of [900, 910)
attack: step 1/1, xent loss = 11.125, l2 loss = 26.8814 (max 14.95), (true 931, predicted [941])
check failed
true = 931, adv = 941
evaluating 906 of [900, 910)
attack: step 1/1, xent loss = 6.86715, l2 loss = 16.3768 (max 14.95), (true 172, predicted [176])
check failed
true = 172, adv = 176
evaluating 907 of [900, 910)
attack: step 1/1, xent loss = 5.27939, l2 loss = 46.1413 (max 14.95), (true 374, predicted [36])
check failed
true = 374, adv = 728
evaluating 908 of [900, 910)
attack: step 1/1, xent loss = 0.0418121, l2 loss = 0.710269 (max 14.95), (true 351, predicted [351])
true = 351, adv = 351
evaluating 909 of [900, 910)
attack: step 1/1, xent loss = 10.2847, l2 loss = 28.2885 (max 14.95), (true 908, predicted [502])
check failed
true = 908, adv = 669
