2019-06-04 16:01:06.732259: I tensorflow/core/platform/cpu_feature_guard.cc:141] Your CPU supports instructions that this TensorFlow binary was not compiled to use: SSE4.1 SSE4.2 AVX AVX2 FMA
2019-06-04 16:01:06.836892: I tensorflow/core/platform/profile_utils/cpu_utils.cc:94] CPU Frequency: 2599990000 Hz
2019-06-04 16:01:06.848069: I tensorflow/compiler/xla/service/service.cc:150] XLA service 0x2aaae6fbdd50 executing computations on platform Host. Devices:
2019-06-04 16:01:06.848112: I tensorflow/compiler/xla/service/service.cc:158]   StreamExecutor device (0): <undefined>, <undefined>
2019-06-04 16:01:06.848476: I tensorflow/core/common_runtime/process_util.cc:71] Creating new thread pool with default inter op setting: 2. Tune using inter_op_parallelism_threads for best performance.
evaluating 470 of [470, 480)
attack: step 1/10, xent loss = 8.26527, l2 loss = 0 (max 14.95), (true 27, predicted [113])
attack: step 2/10, xent loss = 12.1743, l2 loss = 6.03507 (max 14.95), (true 27, predicted [36])
attack: step 3/10, xent loss = 14.4226, l2 loss = 12.6634 (max 14.95), (true 27, predicted [36])
attack: step 4/10, xent loss = 13.5294, l2 loss = 18.3057 (max 14.95), (true 27, predicted [36])
attack: step 5/10, xent loss = 17.2263, l2 loss = 20.2412 (max 14.95), (true 27, predicted [36])
attack: step 6/10, xent loss = 14.1783, l2 loss = 20.983 (max 14.95), (true 27, predicted [36])
attack: step 7/10, xent loss = 20.666, l2 loss = 23.2986 (max 14.95), (true 27, predicted [36])
attack: step 8/10, xent loss = 19.7812, l2 loss = 24.2102 (max 14.95), (true 27, predicted [36])
attack: step 9/10, xent loss = 17.997, l2 loss = 25.9203 (max 14.95), (true 27, predicted [36])
attack: step 10/10, xent loss = 22.8557, l2 loss = 27.2372 (max 14.95), (true 27, predicted [36])
check failed
true = 27, adv = 36
evaluating 471 of [470, 480)
attack: step 1/10, xent loss = 2.52081, l2 loss = 0 (max 14.95), (true 490, predicted [903])
attack: step 2/10, xent loss = 3.05376, l2 loss = 5.21647 (max 14.95), (true 490, predicted [903])
attack: step 3/10, xent loss = 3.61236, l2 loss = 7.19984 (max 14.95), (true 490, predicted [957])
attack: step 4/10, xent loss = 8.0122, l2 loss = 8.42987 (max 14.95), (true 490, predicted [957])
attack: step 5/10, xent loss = 8.24226, l2 loss = 9.87719 (max 14.95), (true 490, predicted [957])
attack: step 6/10, xent loss = 8.76529, l2 loss = 10.6979 (max 14.95), (true 490, predicted [957])
attack: step 7/10, xent loss = 12.1974, l2 loss = 11.8885 (max 14.95), (true 490, predicted [957])
attack: step 8/10, xent loss = 13.2481, l2 loss = 12.7855 (max 14.95), (true 490, predicted [957])
attack: step 9/10, xent loss = 14.8019, l2 loss = 13.7417 (max 14.95), (true 490, predicted [957])
attack: step 10/10, xent loss = 16.1004, l2 loss = 14.5474 (max 14.95), (true 490, predicted [957])
check failed
true = 490, adv = 957
evaluating 472 of [470, 480)
attack: step 1/10, xent loss = 4.07515, l2 loss = 0 (max 14.95), (true 282, predicted [285])
attack: step 2/10, xent loss = 4.55869, l2 loss = 3.29818 (max 14.95), (true 282, predicted [285])
attack: step 3/10, xent loss = 6.5785, l2 loss = 4.68271 (max 14.95), (true 282, predicted [285])
attack: step 4/10, xent loss = 6.89503, l2 loss = 5.76904 (max 14.95), (true 282, predicted [285])
attack: step 5/10, xent loss = 8.38194, l2 loss = 6.73972 (max 14.95), (true 282, predicted [285])
attack: step 6/10, xent loss = 12.891, l2 loss = 7.71504 (max 14.95), (true 282, predicted [728])
attack: step 7/10, xent loss = 16.7783, l2 loss = 11.7552 (max 14.95), (true 282, predicted [728])
attack: step 8/10, xent loss = 23.4388, l2 loss = 14.3768 (max 14.95), (true 282, predicted [728])
attack: step 9/10, xent loss = 23.076, l2 loss = 16.6582 (max 14.95), (true 282, predicted [728])
attack: step 10/10, xent loss = 25.8967, l2 loss = 19.4983 (max 14.95), (true 282, predicted [728])
check failed
true = 282, adv = 728
evaluating 473 of [470, 480)
attack: step 1/10, xent loss = 0.57225, l2 loss = 0 (max 14.95), (true 176, predicted [176])
attack: step 2/10, xent loss = 0.391342, l2 loss = 1.56031 (max 14.95), (true 176, predicted [176])
attack: step 3/10, xent loss = 0.715381, l2 loss = 2.07507 (max 14.95), (true 176, predicted [176])
attack: step 4/10, xent loss = 1.48923, l2 loss = 3.11502 (max 14.95), (true 176, predicted [172])
attack: step 5/10, xent loss = 2.97669, l2 loss = 4.31415 (max 14.95), (true 176, predicted [172])
attack: step 6/10, xent loss = 4.65838, l2 loss = 5.49213 (max 14.95), (true 176, predicted [172])
attack: step 7/10, xent loss = 5.527, l2 loss = 6.81184 (max 14.95), (true 176, predicted [172])
attack: step 8/10, xent loss = 6.19695, l2 loss = 7.96145 (max 14.95), (true 176, predicted [172])
attack: step 9/10, xent loss = 9.06838, l2 loss = 8.61531 (max 14.95), (true 176, predicted [172])
attack: step 10/10, xent loss = 8.64685, l2 loss = 9.39711 (max 14.95), (true 176, predicted [172])
true = 176, adv = 172
evaluating 474 of [470, 480)
attack: step 1/10, xent loss = 0.11643, l2 loss = 0 (max 14.95), (true 937, predicted [937])
attack: step 2/10, xent loss = 0.253293, l2 loss = 0.857148 (max 14.95), (true 937, predicted [937])
attack: step 3/10, xent loss = 1.00175, l2 loss = 1.67584 (max 14.95), (true 937, predicted [937])
attack: step 4/10, xent loss = 3.71345, l2 loss = 4.54742 (max 14.95), (true 937, predicted [965])
attack: step 5/10, xent loss = 5.75639, l2 loss = 7.23442 (max 14.95), (true 937, predicted [965])
attack: step 6/10, xent loss = 6.93248, l2 loss = 8.70254 (max 14.95), (true 937, predicted [965])
attack: step 7/10, xent loss = 7.77239, l2 loss = 9.48424 (max 14.95), (true 937, predicted [965])
attack: step 8/10, xent loss = 8.6017, l2 loss = 10.0945 (max 14.95), (true 937, predicted [965])
attack: step 9/10, xent loss = 9.87269, l2 loss = 11.4836 (max 14.95), (true 937, predicted [965])
attack: step 10/10, xent loss = 10.1546, l2 loss = 12.8151 (max 14.95), (true 937, predicted [965])
true = 937, adv = 965
evaluating 475 of [470, 480)
attack: step 1/10, xent loss = 11.6493, l2 loss = 0 (max 14.95), (true 556, predicted [905])
attack: step 2/10, xent loss = 13.3876, l2 loss = 3.45051 (max 14.95), (true 556, predicted [905])
attack: step 3/10, xent loss = 12.922, l2 loss = 5.22013 (max 14.95), (true 556, predicted [905])
attack: step 4/10, xent loss = 14.3276, l2 loss = 6.65017 (max 14.95), (true 556, predicted [905])
attack: step 5/10, xent loss = 15.2119, l2 loss = 7.74853 (max 14.95), (true 556, predicted [905])
attack: step 6/10, xent loss = 16.3683, l2 loss = 8.65261 (max 14.95), (true 556, predicted [905])
attack: step 7/10, xent loss = 16.9509, l2 loss = 9.48641 (max 14.95), (true 556, predicted [905])
attack: step 8/10, xent loss = 17.4572, l2 loss = 10.1688 (max 14.95), (true 556, predicted [905])
attack: step 9/10, xent loss = 18.9409, l2 loss = 10.8687 (max 14.95), (true 556, predicted [905])
attack: step 10/10, xent loss = 19.0045, l2 loss = 11.4957 (max 14.95), (true 556, predicted [905])
true = 556, adv = 905
evaluating 476 of [470, 480)
attack: step 1/10, xent loss = 1.66707, l2 loss = 0 (max 14.95), (true 55, predicted [64])
attack: step 2/10, xent loss = 3.96233, l2 loss = 2.46535 (max 14.95), (true 55, predicted [64])
attack: step 3/10, xent loss = 5.46278, l2 loss = 4.55504 (max 14.95), (true 55, predicted [64])
attack: step 4/10, xent loss = 5.65668, l2 loss = 6.62018 (max 14.95), (true 55, predicted [64])
attack: step 5/10, xent loss = 8.1962, l2 loss = 7.89571 (max 14.95), (true 55, predicted [64])
attack: step 6/10, xent loss = 8.89609, l2 loss = 9.20247 (max 14.95), (true 55, predicted [64])
attack: step 7/10, xent loss = 10.2011, l2 loss = 10.361 (max 14.95), (true 55, predicted [64])
attack: step 8/10, xent loss = 12.3026, l2 loss = 11.3113 (max 14.95), (true 55, predicted [64])
attack: step 9/10, xent loss = 10.022, l2 loss = 13.1121 (max 14.95), (true 55, predicted [64])
attack: step 10/10, xent loss = 13.6982, l2 loss = 13.7572 (max 14.95), (true 55, predicted [64])
true = 55, adv = 64
evaluating 477 of [470, 480)
attack: step 1/10, xent loss = 7.14545, l2 loss = 0 (max 14.95), (true 556, predicted [738])
attack: step 2/10, xent loss = 7.1134, l2 loss = 3.92411 (max 14.95), (true 556, predicted [738])
attack: step 3/10, xent loss = 7.73895, l2 loss = 5.03714 (max 14.95), (true 556, predicted [406])
attack: step 4/10, xent loss = 7.8504, l2 loss = 5.76858 (max 14.95), (true 556, predicted [738])
attack: step 5/10, xent loss = 7.99469, l2 loss = 6.52298 (max 14.95), (true 556, predicted [738])
attack: step 6/10, xent loss = 7.98722, l2 loss = 7.28513 (max 14.95), (true 556, predicted [580])
attack: step 7/10, xent loss = 8.59378, l2 loss = 7.90919 (max 14.95), (true 556, predicted [580])
attack: step 8/10, xent loss = 9.67016, l2 loss = 8.55404 (max 14.95), (true 556, predicted [448])
attack: step 9/10, xent loss = 9.39016, l2 loss = 10.1587 (max 14.95), (true 556, predicted [448])
attack: step 10/10, xent loss = 9.41342, l2 loss = 10.6372 (max 14.95), (true 556, predicted [448])
true = 556, adv = 448
evaluating 478 of [470, 480)
attack: step 1/10, xent loss = 0.911893, l2 loss = 0 (max 14.95), (true 106, predicted [106])
attack: step 2/10, xent loss = 1.64646, l2 loss = 3.99749 (max 14.95), (true 106, predicted [106])
attack: step 3/10, xent loss = 5.76146, l2 loss = 6.61994 (max 14.95), (true 106, predicted [233])
attack: step 4/10, xent loss = 7.445, l2 loss = 8.1775 (max 14.95), (true 106, predicted [233])
attack: step 5/10, xent loss = 10.9052, l2 loss = 9.40483 (max 14.95), (true 106, predicted [233])
attack: step 6/10, xent loss = 10.9433, l2 loss = 11.0332 (max 14.95), (true 106, predicted [233])
attack: step 7/10, xent loss = 11.9859, l2 loss = 12.398 (max 14.95), (true 106, predicted [233])
attack: step 8/10, xent loss = 12.9345, l2 loss = 13.5751 (max 14.95), (true 106, predicted [233])
attack: step 9/10, xent loss = 13.2039, l2 loss = 15.2316 (max 14.95), (true 106, predicted [233])
attack: step 10/10, xent loss = 14.4833, l2 loss = 17.6116 (max 14.95), (true 106, predicted [233])
check failed
true = 106, adv = 233
evaluating 479 of [470, 480)
attack: step 1/10, xent loss = 1.59208, l2 loss = 0 (max 14.95), (true 282, predicted [281])
attack: step 2/10, xent loss = 2.18151, l2 loss = 2.36695 (max 14.95), (true 282, predicted [281])
attack: step 3/10, xent loss = 2.46033, l2 loss = 3.51225 (max 14.95), (true 282, predicted [281])
attack: step 4/10, xent loss = 2.99267, l2 loss = 4.28165 (max 14.95), (true 282, predicted [281])
attack: step 5/10, xent loss = 3.56842, l2 loss = 5.19937 (max 14.95), (true 282, predicted [281])
attack: step 6/10, xent loss = 4.40461, l2 loss = 5.96357 (max 14.95), (true 282, predicted [281])
attack: step 7/10, xent loss = 4.62589, l2 loss = 6.66109 (max 14.95), (true 282, predicted [281])
attack: step 8/10, xent loss = 4.36802, l2 loss = 7.31186 (max 14.95), (true 282, predicted [281])
attack: step 9/10, xent loss = 5.66266, l2 loss = 7.88348 (max 14.95), (true 282, predicted [281])
attack: step 10/10, xent loss = 6.62926, l2 loss = 8.5442 (max 14.95), (true 282, predicted [281])
true = 282, adv = 281
