2019-11-04 01:09:56.216945: I tensorflow/core/platform/cpu_feature_guard.cc:141] Your CPU supports instructions that this TensorFlow binary was not compiled to use: SSE4.1 SSE4.2 AVX AVX2 FMA
2019-11-04 01:09:56.227617: I tensorflow/core/platform/profile_utils/cpu_utils.cc:94] CPU Frequency: 2600025000 Hz
2019-11-04 01:09:56.227846: I tensorflow/compiler/xla/service/service.cc:150] XLA service 0x2aaae6bc8950 executing computations on platform Host. Devices:
2019-11-04 01:09:56.227878: I tensorflow/compiler/xla/service/service.cc:158]   StreamExecutor device (0): <undefined>, <undefined>
2019-11-04 01:09:56.228229: I tensorflow/core/common_runtime/process_util.cc:71] Creating new thread pool with default inter op setting: 2. Tune using inter_op_parallelism_threads for best performance.
evaluating 420 of [420, 430)
attack: step 1/1, xent loss = 5.21546, l2 loss = 15.4032 (max 14.95), (true 335, predicted [327])
check failed
true = 335, adv = 728
evaluating 421 of [420, 430)
attack: step 1/1, xent loss = 2.19758, l2 loss = 23.5782 (max 14.95), (true 351, predicted [349])
check failed
true = 351, adv = 728
evaluating 422 of [420, 430)
attack: step 1/1, xent loss = 0.0624305, l2 loss = 37.2782 (max 14.95), (true 214, predicted [214])
check failed
true = 214, adv = 728
evaluating 423 of [420, 430)
attack: step 1/1, xent loss = 2.41879, l2 loss = 15.2714 (max 14.95), (true 590, predicted [487])
check failed
true = 590, adv = 692
evaluating 424 of [420, 430)
attack: step 1/1, xent loss = 8.04367, l2 loss = 39.0686 (max 14.95), (true 26, predicted [39])
check failed
true = 26, adv = 728
evaluating 425 of [420, 430)
attack: step 1/1, xent loss = 7.50975, l2 loss = 37.0955 (max 14.95), (true 70, predicted [123])
check failed
true = 70, adv = 669
evaluating 426 of [420, 430)
attack: step 1/1, xent loss = 4.95041, l2 loss = 18.4714 (max 14.95), (true 239, predicted [238])
check failed
true = 239, adv = 238
evaluating 427 of [420, 430)
attack: step 1/1, xent loss = 5.80982, l2 loss = 27.1462 (max 14.95), (true 835, predicted [884])
check failed
true = 835, adv = 544
evaluating 428 of [420, 430)
attack: step 1/1, xent loss = 7.52479, l2 loss = 40.9995 (max 14.95), (true 49, predicted [514])
check failed
true = 49, adv = 728
evaluating 429 of [420, 430)
attack: step 1/1, xent loss = 1.51096, l2 loss = 25.5809 (max 14.95), (true 513, predicted [875])
check failed
true = 513, adv = 998
