2019-06-06 00:07:13.915298: I tensorflow/core/platform/cpu_feature_guard.cc:141] Your CPU supports instructions that this TensorFlow binary was not compiled to use: SSE4.1 SSE4.2 AVX AVX2 FMA
2019-06-06 00:07:14.361832: I tensorflow/core/platform/profile_utils/cpu_utils.cc:94] CPU Frequency: 2600230000 Hz
2019-06-06 00:07:14.375909: I tensorflow/compiler/xla/service/service.cc:150] XLA service 0x2aaae6d4a980 executing computations on platform Host. Devices:
2019-06-06 00:07:14.375980: I tensorflow/compiler/xla/service/service.cc:158]   StreamExecutor device (0): <undefined>, <undefined>
2019-06-06 00:07:14.376319: I tensorflow/core/common_runtime/process_util.cc:71] Creating new thread pool with default inter op setting: 2. Tune using inter_op_parallelism_threads for best performance.
evaluating 340 of [340, 350)
attack: step 1/10, xent loss = 8.59549, l2 loss = 0 (max 14.95), (true 763, predicted [830])
attack: step 2/10, xent loss = 4.87777, l2 loss = 12.2565 (max 14.95), (true 763, predicted [728])
attack: step 3/10, xent loss = 8.3656, l2 loss = 16.8175 (max 14.95), (true 763, predicted [830])
attack: step 4/10, xent loss = 9.65869, l2 loss = 17.5871 (max 14.95), (true 763, predicted [692])
attack: step 5/10, xent loss = 8.98018, l2 loss = 18.0909 (max 14.95), (true 763, predicted [692])
attack: step 6/10, xent loss = 10.5956, l2 loss = 18.4318 (max 14.95), (true 763, predicted [830])
attack: step 7/10, xent loss = 8.39475, l2 loss = 21.9283 (max 14.95), (true 763, predicted [797])
attack: step 8/10, xent loss = 10.772, l2 loss = 22.2096 (max 14.95), (true 763, predicted [830])
attack: step 9/10, xent loss = 11.28, l2 loss = 25.1208 (max 14.95), (true 763, predicted [830])
attack: step 10/10, xent loss = 10.1867, l2 loss = 27.5295 (max 14.95), (true 763, predicted [830])
check failed
true = 763, adv = 830
evaluating 341 of [340, 350)
attack: step 1/10, xent loss = 9.81231, l2 loss = 0 (max 14.95), (true 11, predicted [723])
attack: step 2/10, xent loss = 7.45739, l2 loss = 3.14903 (max 14.95), (true 11, predicted [723])
attack: step 3/10, xent loss = 9.06197, l2 loss = 7.7288 (max 14.95), (true 11, predicted [557])
attack: step 4/10, xent loss = 9.43116, l2 loss = 8.08499 (max 14.95), (true 11, predicted [723])
attack: step 5/10, xent loss = 7.77321, l2 loss = 8.56199 (max 14.95), (true 11, predicted [557])
attack: step 6/10, xent loss = 8.95604, l2 loss = 9.10752 (max 14.95), (true 11, predicted [723])
attack: step 7/10, xent loss = 8.66201, l2 loss = 10.2632 (max 14.95), (true 11, predicted [723])
attack: step 8/10, xent loss = 9.43454, l2 loss = 10.6373 (max 14.95), (true 11, predicted [557])
attack: step 9/10, xent loss = 9.12492, l2 loss = 11.5761 (max 14.95), (true 11, predicted [723])
attack: step 10/10, xent loss = 9.08284, l2 loss = 12.3507 (max 14.95), (true 11, predicted [723])
true = 11, adv = 723
evaluating 342 of [340, 350)
attack: step 1/10, xent loss = 6.92681, l2 loss = 0 (max 14.95), (true 126, predicted [417])
attack: step 2/10, xent loss = 6.61553, l2 loss = 1.54986 (max 14.95), (true 126, predicted [645])
attack: step 3/10, xent loss = 6.82512, l2 loss = 2.59111 (max 14.95), (true 126, predicted [723])
attack: step 4/10, xent loss = 7.49149, l2 loss = 2.99685 (max 14.95), (true 126, predicted [645])
attack: step 5/10, xent loss = 6.56779, l2 loss = 3.53693 (max 14.95), (true 126, predicted [701])
attack: step 6/10, xent loss = 6.13894, l2 loss = 4.13411 (max 14.95), (true 126, predicted [701])
attack: step 7/10, xent loss = 7.03121, l2 loss = 4.42913 (max 14.95), (true 126, predicted [645])
attack: step 8/10, xent loss = 6.58885, l2 loss = 4.95195 (max 14.95), (true 126, predicted [723])
attack: step 9/10, xent loss = 6.4667, l2 loss = 5.33 (max 14.95), (true 126, predicted [417])
attack: step 10/10, xent loss = 7.26513, l2 loss = 5.51487 (max 14.95), (true 126, predicted [645])
true = 126, adv = 645
evaluating 343 of [340, 350)
attack: step 1/10, xent loss = 6.29389, l2 loss = 0 (max 14.95), (true 453, predicted [619])
attack: step 2/10, xent loss = 5.53774, l2 loss = 1.94489 (max 14.95), (true 453, predicted [905])
attack: step 3/10, xent loss = 5.46243, l2 loss = 3.01396 (max 14.95), (true 453, predicted [557])
attack: step 4/10, xent loss = 5.26969, l2 loss = 3.80625 (max 14.95), (true 453, predicted [953])
attack: step 5/10, xent loss = 6.34621, l2 loss = 4.31712 (max 14.95), (true 453, predicted [694])
attack: step 6/10, xent loss = 5.35583, l2 loss = 4.8951 (max 14.95), (true 453, predicted [557])
attack: step 7/10, xent loss = 6.10453, l2 loss = 5.36142 (max 14.95), (true 453, predicted [519])
attack: step 8/10, xent loss = 6.0375, l2 loss = 5.70717 (max 14.95), (true 453, predicted [557])
attack: step 9/10, xent loss = 5.90461, l2 loss = 6.10635 (max 14.95), (true 453, predicted [519])
attack: step 10/10, xent loss = 6.54745, l2 loss = 6.38045 (max 14.95), (true 453, predicted [557])
true = 453, adv = 811
evaluating 344 of [340, 350)
attack: step 1/10, xent loss = 7.77878, l2 loss = 0 (max 14.95), (true 100, predicted [723])
attack: step 2/10, xent loss = 8.20113, l2 loss = 2.56199 (max 14.95), (true 100, predicted [744])
attack: step 3/10, xent loss = 6.70371, l2 loss = 4.78282 (max 14.95), (true 100, predicted [723])
attack: step 4/10, xent loss = 7.24885, l2 loss = 5.92533 (max 14.95), (true 100, predicted [744])
attack: step 5/10, xent loss = 8.76075, l2 loss = 6.88134 (max 14.95), (true 100, predicted [835])
attack: step 6/10, xent loss = 9.93294, l2 loss = 7.6723 (max 14.95), (true 100, predicted [723])
attack: step 7/10, xent loss = 8.28444, l2 loss = 8.9554 (max 14.95), (true 100, predicted [667])
attack: step 8/10, xent loss = 8.13753, l2 loss = 9.61639 (max 14.95), (true 100, predicted [723])
attack: step 9/10, xent loss = 7.38063, l2 loss = 9.97211 (max 14.95), (true 100, predicted [723])
attack: step 10/10, xent loss = 7.098, l2 loss = 10.2928 (max 14.95), (true 100, predicted [723])
true = 100, adv = 723
evaluating 345 of [340, 350)
attack: step 1/10, xent loss = 5.31868, l2 loss = 0 (max 14.95), (true 668, predicted [818])
attack: step 2/10, xent loss = 5.88512, l2 loss = 7.07176 (max 14.95), (true 668, predicted [607])
attack: step 3/10, xent loss = 5.04202, l2 loss = 9.4608 (max 14.95), (true 668, predicted [920])
attack: step 4/10, xent loss = 5.88149, l2 loss = 10.8055 (max 14.95), (true 668, predicted [682])
attack: step 5/10, xent loss = 6.10402, l2 loss = 11.2965 (max 14.95), (true 668, predicted [818])
attack: step 6/10, xent loss = 5.47105, l2 loss = 13.0879 (max 14.95), (true 668, predicted [607])
attack: step 7/10, xent loss = 5.89777, l2 loss = 13.7566 (max 14.95), (true 668, predicted [818])
attack: step 8/10, xent loss = 3.80664, l2 loss = 14.8566 (max 14.95), (true 668, predicted [682])
attack: step 9/10, xent loss = 7.28851, l2 loss = 16.2497 (max 14.95), (true 668, predicted [818])
attack: step 10/10, xent loss = 7.58873, l2 loss = 17.7308 (max 14.95), (true 668, predicted [607])
check failed
true = 668, adv = 607
evaluating 346 of [340, 350)
attack: step 1/10, xent loss = 8.77327, l2 loss = 0 (max 14.95), (true 11, predicted [701])
attack: step 2/10, xent loss = 10.7964, l2 loss = 1.64778 (max 14.95), (true 11, predicted [645])
attack: step 3/10, xent loss = 9.05833, l2 loss = 3.69511 (max 14.95), (true 11, predicted [701])
attack: step 4/10, xent loss = 9.55057, l2 loss = 4.40653 (max 14.95), (true 11, predicted [701])
attack: step 5/10, xent loss = 9.42207, l2 loss = 5.18698 (max 14.95), (true 11, predicted [645])
attack: step 6/10, xent loss = 10.4771, l2 loss = 6.59108 (max 14.95), (true 11, predicted [645])
attack: step 7/10, xent loss = 9.96481, l2 loss = 7.52564 (max 14.95), (true 11, predicted [645])
attack: step 8/10, xent loss = 10.6321, l2 loss = 8.53201 (max 14.95), (true 11, predicted [645])
attack: step 9/10, xent loss = 9.88527, l2 loss = 9.27818 (max 14.95), (true 11, predicted [645])
attack: step 10/10, xent loss = 9.47053, l2 loss = 9.69863 (max 14.95), (true 11, predicted [645])
true = 11, adv = 645
evaluating 347 of [340, 350)
attack: step 1/10, xent loss = 6.79603, l2 loss = 0 (max 14.95), (true 101, predicted [645])
attack: step 2/10, xent loss = 7.39189, l2 loss = 2.08206 (max 14.95), (true 101, predicted [417])
attack: step 3/10, xent loss = 7.59852, l2 loss = 2.50849 (max 14.95), (true 101, predicted [723])
attack: step 4/10, xent loss = 7.28615, l2 loss = 2.98728 (max 14.95), (true 101, predicted [723])
attack: step 5/10, xent loss = 7.48448, l2 loss = 3.42371 (max 14.95), (true 101, predicted [478])
attack: step 6/10, xent loss = 7.19644, l2 loss = 3.88855 (max 14.95), (true 101, predicted [701])
attack: step 7/10, xent loss = 7.42718, l2 loss = 4.27776 (max 14.95), (true 101, predicted [645])
attack: step 8/10, xent loss = 6.65927, l2 loss = 4.55778 (max 14.95), (true 101, predicted [723])
attack: step 9/10, xent loss = 6.66256, l2 loss = 4.97085 (max 14.95), (true 101, predicted [607])
attack: step 10/10, xent loss = 6.92785, l2 loss = 5.36445 (max 14.95), (true 101, predicted [723])
true = 101, adv = 723
evaluating 348 of [340, 350)
attack: step 1/10, xent loss = 5.03716, l2 loss = 0 (max 14.95), (true 884, predicted [497])
attack: step 2/10, xent loss = 4.89995, l2 loss = 4.06476 (max 14.95), (true 884, predicted [497])
attack: step 3/10, xent loss = 4.38602, l2 loss = 5.8513 (max 14.95), (true 884, predicted [672])
attack: step 4/10, xent loss = 4.99865, l2 loss = 8.325 (max 14.95), (true 884, predicted [607])
attack: step 5/10, xent loss = 4.6247, l2 loss = 10.157 (max 14.95), (true 884, predicted [672])
attack: step 6/10, xent loss = 3.43721, l2 loss = 12.0017 (max 14.95), (true 884, predicted [672])
attack: step 7/10, xent loss = 6.09158, l2 loss = 12.8172 (max 14.95), (true 884, predicted [672])
attack: step 8/10, xent loss = 7.14904, l2 loss = 13.9694 (max 14.95), (true 884, predicted [607])
attack: step 9/10, xent loss = 6.481, l2 loss = 14.5367 (max 14.95), (true 884, predicted [607])
attack: step 10/10, xent loss = 6.65253, l2 loss = 15.4508 (max 14.95), (true 884, predicted [672])
check failed
true = 884, adv = 672
evaluating 349 of [340, 350)
attack: step 1/10, xent loss = 7.43474, l2 loss = 0 (max 14.95), (true 750, predicted [457])
attack: step 2/10, xent loss = 6.29897, l2 loss = 8.41885 (max 14.95), (true 750, predicted [643])
attack: step 3/10, xent loss = 4.95654, l2 loss = 8.97937 (max 14.95), (true 750, predicted [601])
attack: step 4/10, xent loss = 7.05698, l2 loss = 10.0759 (max 14.95), (true 750, predicted [457])
attack: step 5/10, xent loss = 7.22311, l2 loss = 12.6949 (max 14.95), (true 750, predicted [601])
attack: step 6/10, xent loss = 8.98602, l2 loss = 13.2119 (max 14.95), (true 750, predicted [457])
attack: step 7/10, xent loss = 9.23262, l2 loss = 17.9023 (max 14.95), (true 750, predicted [457])
attack: step 8/10, xent loss = 8.37262, l2 loss = 20.4653 (max 14.95), (true 750, predicted [457])
attack: step 9/10, xent loss = 11.6855, l2 loss = 24.7399 (max 14.95), (true 750, predicted [457])
attack: step 10/10, xent loss = 6.80451, l2 loss = 26.1612 (max 14.95), (true 750, predicted [457])
check failed
true = 750, adv = 457
