2019-05-27 13:33:33.087849: I tensorflow/core/platform/cpu_feature_guard.cc:141] Your CPU supports instructions that this TensorFlow binary was not compiled to use: SSE4.1 SSE4.2 AVX AVX2 FMA
2019-05-27 13:33:33.764171: I tensorflow/core/platform/profile_utils/cpu_utils.cc:94] CPU Frequency: 2600030000 Hz
2019-05-27 13:33:33.773177: I tensorflow/compiler/xla/service/service.cc:150] XLA service 0x2aaae74beed0 executing computations on platform Host. Devices:
2019-05-27 13:33:33.773218: I tensorflow/compiler/xla/service/service.cc:158]   StreamExecutor device (0): <undefined>, <undefined>
2019-05-27 13:33:33.780631: I tensorflow/core/common_runtime/process_util.cc:71] Creating new thread pool with default inter op setting: 2. Tune using inter_op_parallelism_threads for best performance.
evaluating 830 of [830, 840)
attack: step 1/10, xent loss = 0.19114, l2 loss = 0 (max 14.95), (true 227, predicted [227])
attack: step 2/10, xent loss = 0.244079, l2 loss = 0.642036 (max 14.95), (true 227, predicted [227])
attack: step 3/10, xent loss = 0.292941, l2 loss = 1.05342 (max 14.95), (true 227, predicted [227])
attack: step 4/10, xent loss = 0.26929, l2 loss = 1.72679 (max 14.95), (true 227, predicted [227])
attack: step 5/10, xent loss = 0.115741, l2 loss = 2.05781 (max 14.95), (true 227, predicted [227])
attack: step 6/10, xent loss = 1.0131, l2 loss = 2.12615 (max 14.95), (true 227, predicted [227])
attack: step 7/10, xent loss = 0.171012, l2 loss = 3.77873 (max 14.95), (true 227, predicted [227])
attack: step 8/10, xent loss = 0.938727, l2 loss = 3.86499 (max 14.95), (true 227, predicted [227])
attack: step 9/10, xent loss = 1.30908, l2 loss = 5.12951 (max 14.95), (true 227, predicted [236])
attack: step 10/10, xent loss = 2.93318, l2 loss = 7.25534 (max 14.95), (true 227, predicted [236])
true = 227, adv = 236
evaluating 831 of [830, 840)
attack: step 1/10, xent loss = 7.62528, l2 loss = 0 (max 14.95), (true 83, predicted [88])
attack: step 2/10, xent loss = 7.47153, l2 loss = 5.03167 (max 14.95), (true 83, predicted [88])
attack: step 3/10, xent loss = 6.70562, l2 loss = 8.31975 (max 14.95), (true 83, predicted [88])
attack: step 4/10, xent loss = 11.1724, l2 loss = 9.95348 (max 14.95), (true 83, predicted [88])
attack: step 5/10, xent loss = 9.83155, l2 loss = 12.0316 (max 14.95), (true 83, predicted [88])
attack: step 6/10, xent loss = 12.0734, l2 loss = 12.6643 (max 14.95), (true 83, predicted [88])
attack: step 7/10, xent loss = 12.3156, l2 loss = 14.2056 (max 14.95), (true 83, predicted [88])
attack: step 8/10, xent loss = 14.0912, l2 loss = 16.3401 (max 14.95), (true 83, predicted [88])
attack: step 9/10, xent loss = 11.9768, l2 loss = 17.7159 (max 14.95), (true 83, predicted [88])
attack: step 10/10, xent loss = 13.8426, l2 loss = 18.3339 (max 14.95), (true 83, predicted [88])
check failed
true = 83, adv = 88
evaluating 832 of [830, 840)
attack: step 1/10, xent loss = 1.33553, l2 loss = 0 (max 14.95), (true 5, predicted [6])
attack: step 2/10, xent loss = 3.17694, l2 loss = 3.10346 (max 14.95), (true 5, predicted [150])
attack: step 3/10, xent loss = 5.89919, l2 loss = 5.94303 (max 14.95), (true 5, predicted [983])
attack: step 4/10, xent loss = 7.18839, l2 loss = 7.2474 (max 14.95), (true 5, predicted [28])
attack: step 5/10, xent loss = 9.94312, l2 loss = 9.77355 (max 14.95), (true 5, predicted [28])
attack: step 6/10, xent loss = 11.2802, l2 loss = 12.1777 (max 14.95), (true 5, predicted [28])
attack: step 7/10, xent loss = 11.4088, l2 loss = 13.4964 (max 14.95), (true 5, predicted [28])
attack: step 8/10, xent loss = 12.2476, l2 loss = 14.4601 (max 14.95), (true 5, predicted [28])
attack: step 9/10, xent loss = 12.6313, l2 loss = 15.3392 (max 14.95), (true 5, predicted [28])
attack: step 10/10, xent loss = 13.8082, l2 loss = 15.84 (max 14.95), (true 5, predicted [28])
check failed
true = 5, adv = 28
evaluating 833 of [830, 840)
attack: step 1/10, xent loss = 4.83412, l2 loss = 0 (max 14.95), (true 585, predicted [903])
attack: step 2/10, xent loss = 6.50507, l2 loss = 3.48746 (max 14.95), (true 585, predicted [903])
attack: step 3/10, xent loss = 5.5504, l2 loss = 5.87525 (max 14.95), (true 585, predicted [903])
attack: step 4/10, xent loss = 9.03775, l2 loss = 7.19445 (max 14.95), (true 585, predicted [728])
attack: step 5/10, xent loss = 7.62253, l2 loss = 11.6013 (max 14.95), (true 585, predicted [728])
attack: step 6/10, xent loss = 11.913, l2 loss = 14.6337 (max 14.95), (true 585, predicted [728])
attack: step 7/10, xent loss = 14.1306, l2 loss = 17.8877 (max 14.95), (true 585, predicted [728])
attack: step 8/10, xent loss = 20.6225, l2 loss = 19.8066 (max 14.95), (true 585, predicted [728])
attack: step 9/10, xent loss = 22.0378, l2 loss = 21.7606 (max 14.95), (true 585, predicted [728])
attack: step 10/10, xent loss = 23.1337, l2 loss = 23.7128 (max 14.95), (true 585, predicted [728])
check failed
true = 585, adv = 728
evaluating 834 of [830, 840)
attack: step 1/10, xent loss = 1.55107, l2 loss = 0 (max 14.95), (true 846, predicted [619])
attack: step 2/10, xent loss = 2.00545, l2 loss = 1.76025 (max 14.95), (true 846, predicted [619])
attack: step 3/10, xent loss = 1.74485, l2 loss = 2.73943 (max 14.95), (true 846, predicted [619])
attack: step 4/10, xent loss = 2.00946, l2 loss = 3.43564 (max 14.95), (true 846, predicted [619])
attack: step 5/10, xent loss = 2.89538, l2 loss = 4.37714 (max 14.95), (true 846, predicted [619])
attack: step 6/10, xent loss = 3.70624, l2 loss = 5.10742 (max 14.95), (true 846, predicted [619])
attack: step 7/10, xent loss = 3.65751, l2 loss = 5.71128 (max 14.95), (true 846, predicted [619])
attack: step 8/10, xent loss = 3.78506, l2 loss = 6.3231 (max 14.95), (true 846, predicted [619])
attack: step 9/10, xent loss = 4.70513, l2 loss = 6.87402 (max 14.95), (true 846, predicted [619])
attack: step 10/10, xent loss = 4.81705, l2 loss = 7.19019 (max 14.95), (true 846, predicted [619])
true = 846, adv = 619
evaluating 835 of [830, 840)
attack: step 1/10, xent loss = 5.76549, l2 loss = 0 (max 14.95), (true 110, predicted [728])
attack: step 2/10, xent loss = 6.76475, l2 loss = 5.74604 (max 14.95), (true 110, predicted [728])
attack: step 3/10, xent loss = 8.48009, l2 loss = 7.36043 (max 14.95), (true 110, predicted [728])
attack: step 4/10, xent loss = 9.25792, l2 loss = 9.20153 (max 14.95), (true 110, predicted [728])
attack: step 5/10, xent loss = 11.2567, l2 loss = 10.6617 (max 14.95), (true 110, predicted [728])
attack: step 6/10, xent loss = 13.0807, l2 loss = 12.3644 (max 14.95), (true 110, predicted [728])
attack: step 7/10, xent loss = 15.0316, l2 loss = 14.1782 (max 14.95), (true 110, predicted [728])
attack: step 8/10, xent loss = 18.5305, l2 loss = 15.4302 (max 14.95), (true 110, predicted [728])
attack: step 9/10, xent loss = 17.8364, l2 loss = 17.101 (max 14.95), (true 110, predicted [728])
attack: step 10/10, xent loss = 17.6524, l2 loss = 18.6285 (max 14.95), (true 110, predicted [728])
check failed
true = 110, adv = 728
evaluating 836 of [830, 840)
attack: step 1/10, xent loss = 0.876083, l2 loss = 0 (max 14.95), (true 723, predicted [723])
attack: step 2/10, xent loss = 1.62716, l2 loss = 2.98038 (max 14.95), (true 723, predicted [723])
attack: step 3/10, xent loss = 2.36757, l2 loss = 5.31617 (max 14.95), (true 723, predicted [723])
attack: step 4/10, xent loss = 1.10817, l2 loss = 7.20906 (max 14.95), (true 723, predicted [723])
attack: step 5/10, xent loss = 3.55398, l2 loss = 8.07429 (max 14.95), (true 723, predicted [775])
attack: step 6/10, xent loss = 2.62803, l2 loss = 9.41452 (max 14.95), (true 723, predicted [723])
attack: step 7/10, xent loss = 5.0029, l2 loss = 10.5345 (max 14.95), (true 723, predicted [750])
attack: step 8/10, xent loss = 5.56327, l2 loss = 12.1301 (max 14.95), (true 723, predicted [775])
attack: step 9/10, xent loss = 7.32808, l2 loss = 13.018 (max 14.95), (true 723, predicted [750])
attack: step 10/10, xent loss = 7.43383, l2 loss = 13.3154 (max 14.95), (true 723, predicted [750])
true = 723, adv = 775
evaluating 837 of [830, 840)
attack: step 1/10, xent loss = 5.09923, l2 loss = 0 (max 14.95), (true 819, predicted [408])
attack: step 2/10, xent loss = 4.99258, l2 loss = 5.26345 (max 14.95), (true 819, predicted [625])
attack: step 3/10, xent loss = 6.07925, l2 loss = 6.83835 (max 14.95), (true 819, predicted [408])
attack: step 4/10, xent loss = 5.62167, l2 loss = 8.19577 (max 14.95), (true 819, predicted [408])
attack: step 5/10, xent loss = 8.33084, l2 loss = 10.0128 (max 14.95), (true 819, predicted [408])
attack: step 6/10, xent loss = 7.51525, l2 loss = 10.7354 (max 14.95), (true 819, predicted [919])
attack: step 7/10, xent loss = 7.46333, l2 loss = 11.6857 (max 14.95), (true 819, predicted [724])
attack: step 8/10, xent loss = 8.24946, l2 loss = 12.2355 (max 14.95), (true 819, predicted [408])
attack: step 9/10, xent loss = 8.7072, l2 loss = 13.3505 (max 14.95), (true 819, predicted [408])
attack: step 10/10, xent loss = 10.8623, l2 loss = 14.9841 (max 14.95), (true 819, predicted [408])
check failed
true = 819, adv = 408
evaluating 838 of [830, 840)
attack: step 1/10, xent loss = 8.41879, l2 loss = 0 (max 14.95), (true 373, predicted [728])
attack: step 2/10, xent loss = 10.1554, l2 loss = 5.01735 (max 14.95), (true 373, predicted [728])
attack: step 3/10, xent loss = 12.2672, l2 loss = 9.26588 (max 14.95), (true 373, predicted [728])
attack: step 4/10, xent loss = 10.8227, l2 loss = 11.7877 (max 14.95), (true 373, predicted [728])
attack: step 5/10, xent loss = 18.2624, l2 loss = 15.6718 (max 14.95), (true 373, predicted [728])
attack: step 6/10, xent loss = 18.0086, l2 loss = 18.9317 (max 14.95), (true 373, predicted [728])
attack: step 7/10, xent loss = 21.5343, l2 loss = 22.0515 (max 14.95), (true 373, predicted [728])
attack: step 8/10, xent loss = 25.519, l2 loss = 24.2731 (max 14.95), (true 373, predicted [728])
attack: step 9/10, xent loss = 27.2351, l2 loss = 26.5235 (max 14.95), (true 373, predicted [728])
attack: step 10/10, xent loss = 28.5718, l2 loss = 28.571 (max 14.95), (true 373, predicted [728])
check failed
true = 373, adv = 728
evaluating 839 of [830, 840)
attack: step 1/10, xent loss = 0.0216686, l2 loss = 0 (max 14.95), (true 416, predicted [416])
attack: step 2/10, xent loss = 0.0256699, l2 loss = 0.176487 (max 14.95), (true 416, predicted [416])
attack: step 3/10, xent loss = 0.00827137, l2 loss = 0.278585 (max 14.95), (true 416, predicted [416])
attack: step 4/10, xent loss = 0.0111799, l2 loss = 0.288444 (max 14.95), (true 416, predicted [416])
attack: step 5/10, xent loss = 0.0204543, l2 loss = 0.301897 (max 14.95), (true 416, predicted [416])
attack: step 6/10, xent loss = 0.0983366, l2 loss = 0.336236 (max 14.95), (true 416, predicted [416])
attack: step 7/10, xent loss = 0.0491453, l2 loss = 0.903231 (max 14.95), (true 416, predicted [416])
attack: step 8/10, xent loss = 0.0177802, l2 loss = 0.993043 (max 14.95), (true 416, predicted [416])
attack: step 9/10, xent loss = 0.0288775, l2 loss = 1.00931 (max 14.95), (true 416, predicted [416])
attack: step 10/10, xent loss = 0.0427081, l2 loss = 1.04634 (max 14.95), (true 416, predicted [416])
true = 416, adv = 416
