2019-06-29 14:40:11.795119: I tensorflow/core/platform/cpu_feature_guard.cc:141] Your CPU supports instructions that this TensorFlow binary was not compiled to use: SSE4.1 SSE4.2 AVX AVX2 FMA
2019-06-29 14:40:12.155147: I tensorflow/core/platform/profile_utils/cpu_utils.cc:94] CPU Frequency: 2600190000 Hz
2019-06-29 14:40:12.185084: I tensorflow/compiler/xla/service/service.cc:150] XLA service 0x2aaae6e49da0 executing computations on platform Host. Devices:
2019-06-29 14:40:12.185179: I tensorflow/compiler/xla/service/service.cc:158]   StreamExecutor device (0): <undefined>, <undefined>
2019-06-29 14:40:12.185799: I tensorflow/core/common_runtime/process_util.cc:71] Creating new thread pool with default inter op setting: 2. Tune using inter_op_parallelism_threads for best performance.
evaluating 280 of [280, 290)
attack: step 1/10, xent loss = 10.9885, l2 loss = 14.5235 (max 14.95), (true 574, predicted [961])
attack: step 2/10, xent loss = 12.0507, l2 loss = 15.0932 (max 14.95), (true 574, predicted [961])
attack: step 3/10, xent loss = 12.6568, l2 loss = 15.8234 (max 14.95), (true 574, predicted [961])
attack: step 4/10, xent loss = 12.2975, l2 loss = 16.6146 (max 14.95), (true 574, predicted [961])
attack: step 5/10, xent loss = 13.5505, l2 loss = 17.2676 (max 14.95), (true 574, predicted [961])
attack: step 6/10, xent loss = 13.6985, l2 loss = 17.8252 (max 14.95), (true 574, predicted [961])
attack: step 7/10, xent loss = 14.5512, l2 loss = 18.3681 (max 14.95), (true 574, predicted [961])
attack: step 8/10, xent loss = 14.5808, l2 loss = 18.7657 (max 14.95), (true 574, predicted [961])
attack: step 9/10, xent loss = 14.6612, l2 loss = 19.3867 (max 14.95), (true 574, predicted [961])
attack: step 10/10, xent loss = 14.9049, l2 loss = 19.826 (max 14.95), (true 574, predicted [961])
check failed
true = 574, adv = 961
evaluating 281 of [280, 290)
attack: step 1/10, xent loss = 5.76075, l2 loss = 10.4079 (max 14.95), (true 271, predicted [742])
attack: step 2/10, xent loss = 5.21051, l2 loss = 10.7978 (max 14.95), (true 271, predicted [278])
attack: step 3/10, xent loss = 5.61495, l2 loss = 11.0776 (max 14.95), (true 271, predicted [728])
attack: step 4/10, xent loss = 6.31331, l2 loss = 11.4285 (max 14.95), (true 271, predicted [750])
attack: step 5/10, xent loss = 5.36385, l2 loss = 11.7262 (max 14.95), (true 271, predicted [723])
attack: step 6/10, xent loss = 7.94831, l2 loss = 12.1053 (max 14.95), (true 271, predicted [728])
attack: step 7/10, xent loss = 6.76266, l2 loss = 15.1647 (max 14.95), (true 271, predicted [728])
attack: step 8/10, xent loss = 8.2249, l2 loss = 15.455 (max 14.95), (true 271, predicted [728])
attack: step 9/10, xent loss = 7.92331, l2 loss = 16.7772 (max 14.95), (true 271, predicted [728])
attack: step 10/10, xent loss = 8.13594, l2 loss = 17.9069 (max 14.95), (true 271, predicted [728])
check failed
true = 271, adv = 728
evaluating 282 of [280, 290)
attack: step 1/10, xent loss = 0.0617494, l2 loss = 0.554902 (max 14.95), (true 141, predicted [141])
attack: step 2/10, xent loss = 0.0833235, l2 loss = 0.602716 (max 14.95), (true 141, predicted [141])
attack: step 3/10, xent loss = 0.0809086, l2 loss = 0.65223 (max 14.95), (true 141, predicted [141])
attack: step 4/10, xent loss = 0.0799324, l2 loss = 0.686079 (max 14.95), (true 141, predicted [141])
attack: step 5/10, xent loss = 0.0441251, l2 loss = 0.722557 (max 14.95), (true 141, predicted [141])
attack: step 6/10, xent loss = 0.109954, l2 loss = 0.737131 (max 14.95), (true 141, predicted [141])
attack: step 7/10, xent loss = 0.118874, l2 loss = 0.820531 (max 14.95), (true 141, predicted [141])
attack: step 8/10, xent loss = 0.0709831, l2 loss = 0.865956 (max 14.95), (true 141, predicted [141])
attack: step 9/10, xent loss = 0.0641481, l2 loss = 0.886654 (max 14.95), (true 141, predicted [141])
attack: step 10/10, xent loss = 0.150419, l2 loss = 0.906111 (max 14.95), (true 141, predicted [141])
true = 141, adv = 141
evaluating 283 of [280, 290)
attack: step 1/10, xent loss = 6.73434, l2 loss = 15.8358 (max 14.95), (true 784, predicted [438])
attack: step 2/10, xent loss = 8.99634, l2 loss = 16.6838 (max 14.95), (true 784, predicted [438])
attack: step 3/10, xent loss = 9.33533, l2 loss = 17.5588 (max 14.95), (true 784, predicted [438])
attack: step 4/10, xent loss = 10.6522, l2 loss = 18.5212 (max 14.95), (true 784, predicted [438])
attack: step 5/10, xent loss = 11.9626, l2 loss = 19.9679 (max 14.95), (true 784, predicted [438])
attack: step 6/10, xent loss = 11.7498, l2 loss = 20.6167 (max 14.95), (true 784, predicted [438])
attack: step 7/10, xent loss = 11.149, l2 loss = 21.3024 (max 14.95), (true 784, predicted [438])
attack: step 8/10, xent loss = 11.6143, l2 loss = 22.1938 (max 14.95), (true 784, predicted [438])
attack: step 9/10, xent loss = 12.3278, l2 loss = 22.9726 (max 14.95), (true 784, predicted [438])
attack: step 10/10, xent loss = 10.8089, l2 loss = 23.5129 (max 14.95), (true 784, predicted [438])
check failed
true = 784, adv = 438
evaluating 284 of [280, 290)
attack: step 1/10, xent loss = 8.47105, l2 loss = 17.0282 (max 14.95), (true 673, predicted [518])
attack: step 2/10, xent loss = 9.0925, l2 loss = 17.5926 (max 14.95), (true 673, predicted [518])
attack: step 3/10, xent loss = 8.03284, l2 loss = 18.4336 (max 14.95), (true 673, predicted [518])
attack: step 4/10, xent loss = 10.4516, l2 loss = 19.3188 (max 14.95), (true 673, predicted [518])
attack: step 5/10, xent loss = 9.12074, l2 loss = 20.1816 (max 14.95), (true 673, predicted [518])
attack: step 6/10, xent loss = 11.7194, l2 loss = 21.236 (max 14.95), (true 673, predicted [518])
attack: step 7/10, xent loss = 9.40791, l2 loss = 22.284 (max 14.95), (true 673, predicted [518])
attack: step 8/10, xent loss = 10.3132, l2 loss = 23.3677 (max 14.95), (true 673, predicted [518])
attack: step 9/10, xent loss = 10.3102, l2 loss = 24.4384 (max 14.95), (true 673, predicted [518])
attack: step 10/10, xent loss = 10.6355, l2 loss = 25.2442 (max 14.95), (true 673, predicted [518])
check failed
true = 673, adv = 518
evaluating 285 of [280, 290)
attack: step 1/10, xent loss = 16.9884, l2 loss = 25.8448 (max 14.95), (true 343, predicted [728])
attack: step 2/10, xent loss = 19.8638, l2 loss = 27.102 (max 14.95), (true 343, predicted [728])
attack: step 3/10, xent loss = 21.02, l2 loss = 28.2548 (max 14.95), (true 343, predicted [728])
attack: step 4/10, xent loss = 18.1369, l2 loss = 29.2291 (max 14.95), (true 343, predicted [728])
attack: step 5/10, xent loss = 20.8601, l2 loss = 30.3786 (max 14.95), (true 343, predicted [728])
attack: step 6/10, xent loss = 20.3114, l2 loss = 31.4104 (max 14.95), (true 343, predicted [728])
attack: step 7/10, xent loss = 20.6667, l2 loss = 32.4635 (max 14.95), (true 343, predicted [728])
attack: step 8/10, xent loss = 21.8726, l2 loss = 33.4096 (max 14.95), (true 343, predicted [728])
attack: step 9/10, xent loss = 24.8589, l2 loss = 34.4546 (max 14.95), (true 343, predicted [728])
attack: step 10/10, xent loss = 16.8658, l2 loss = 35.5081 (max 14.95), (true 343, predicted [728])
check failed
true = 343, adv = 728
evaluating 286 of [280, 290)
attack: step 1/10, xent loss = 10.0798, l2 loss = 14.1056 (max 14.95), (true 882, predicted [570])
attack: step 2/10, xent loss = 11.367, l2 loss = 15.4181 (max 14.95), (true 882, predicted [570])
attack: step 3/10, xent loss = 11.0789, l2 loss = 16.6597 (max 14.95), (true 882, predicted [796])
attack: step 4/10, xent loss = 11.104, l2 loss = 17.2933 (max 14.95), (true 882, predicted [570])
attack: step 5/10, xent loss = 9.20653, l2 loss = 18.252 (max 14.95), (true 882, predicted [570])
attack: step 6/10, xent loss = 10.3301, l2 loss = 18.7723 (max 14.95), (true 882, predicted [570])
attack: step 7/10, xent loss = 9.95035, l2 loss = 19.8696 (max 14.95), (true 882, predicted [570])
attack: step 8/10, xent loss = 10.3894, l2 loss = 20.769 (max 14.95), (true 882, predicted [570])
attack: step 9/10, xent loss = 12.6969, l2 loss = 21.5999 (max 14.95), (true 882, predicted [570])
attack: step 10/10, xent loss = 12.0338, l2 loss = 22.0762 (max 14.95), (true 882, predicted [570])
check failed
true = 882, adv = 570
evaluating 287 of [280, 290)
attack: step 1/10, xent loss = 8.29065, l2 loss = 9.53345 (max 14.95), (true 452, predicted [645])
attack: step 2/10, xent loss = 7.08506, l2 loss = 10.4616 (max 14.95), (true 452, predicted [645])
attack: step 3/10, xent loss = 7.41487, l2 loss = 10.9085 (max 14.95), (true 452, predicted [797])
attack: step 4/10, xent loss = 7.1025, l2 loss = 11.3243 (max 14.95), (true 452, predicted [645])
attack: step 5/10, xent loss = 7.14375, l2 loss = 11.7999 (max 14.95), (true 452, predicted [645])
attack: step 6/10, xent loss = 10.0448, l2 loss = 12.5873 (max 14.95), (true 452, predicted [645])
attack: step 7/10, xent loss = 10.9183, l2 loss = 13.5833 (max 14.95), (true 452, predicted [645])
attack: step 8/10, xent loss = 8.82434, l2 loss = 14.3777 (max 14.95), (true 452, predicted [645])
attack: step 9/10, xent loss = 8.17322, l2 loss = 15.0906 (max 14.95), (true 452, predicted [645])
attack: step 10/10, xent loss = 7.60669, l2 loss = 15.6008 (max 14.95), (true 452, predicted [645])
check failed
true = 452, adv = 645
evaluating 288 of [280, 290)
attack: step 1/10, xent loss = 19.4397, l2 loss = 25.5381 (max 14.95), (true 129, predicted [728])
attack: step 2/10, xent loss = 20.3652, l2 loss = 26.4934 (max 14.95), (true 129, predicted [728])
attack: step 3/10, xent loss = 20.4497, l2 loss = 27.3957 (max 14.95), (true 129, predicted [728])
attack: step 4/10, xent loss = 21.7073, l2 loss = 28.4485 (max 14.95), (true 129, predicted [728])
attack: step 5/10, xent loss = 21.4334, l2 loss = 29.4796 (max 14.95), (true 129, predicted [728])
attack: step 6/10, xent loss = 20.7124, l2 loss = 30.5966 (max 14.95), (true 129, predicted [728])
attack: step 7/10, xent loss = 24.1657, l2 loss = 31.262 (max 14.95), (true 129, predicted [728])
attack: step 8/10, xent loss = 18.69, l2 loss = 32.6046 (max 14.95), (true 129, predicted [728])
attack: step 9/10, xent loss = 22.7516, l2 loss = 33.2878 (max 14.95), (true 129, predicted [728])
attack: step 10/10, xent loss = 24.4778, l2 loss = 34.1645 (max 14.95), (true 129, predicted [728])
check failed
true = 129, adv = 728
evaluating 289 of [280, 290)
attack: step 1/10, xent loss = 12.3095, l2 loss = 16.339 (max 14.95), (true 923, predicted [728])
attack: step 2/10, xent loss = 12.5197, l2 loss = 17.3682 (max 14.95), (true 923, predicted [728])
attack: step 3/10, xent loss = 11.9015, l2 loss = 18.3134 (max 14.95), (true 923, predicted [728])
attack: step 4/10, xent loss = 13.9063, l2 loss = 19.2361 (max 14.95), (true 923, predicted [728])
attack: step 5/10, xent loss = 13.1926, l2 loss = 20.3385 (max 14.95), (true 923, predicted [728])
attack: step 6/10, xent loss = 14.5405, l2 loss = 21.0475 (max 14.95), (true 923, predicted [728])
attack: step 7/10, xent loss = 12.2856, l2 loss = 21.8384 (max 14.95), (true 923, predicted [728])
attack: step 8/10, xent loss = 14.3162, l2 loss = 22.9184 (max 14.95), (true 923, predicted [728])
attack: step 9/10, xent loss = 15.7276, l2 loss = 23.8884 (max 14.95), (true 923, predicted [728])
attack: step 10/10, xent loss = 13.295, l2 loss = 24.8259 (max 14.95), (true 923, predicted [728])
check failed
true = 923, adv = 728
