2019-11-04 05:45:45.404479: I tensorflow/core/platform/cpu_feature_guard.cc:141] Your CPU supports instructions that this TensorFlow binary was not compiled to use: SSE4.1 SSE4.2 AVX AVX2 FMA
2019-11-04 05:45:45.413024: I tensorflow/core/platform/profile_utils/cpu_utils.cc:94] CPU Frequency: 2600075000 Hz
2019-11-04 05:45:45.413213: I tensorflow/compiler/xla/service/service.cc:150] XLA service 0x2aaae6e51bd0 executing computations on platform Host. Devices:
2019-11-04 05:45:45.413240: I tensorflow/compiler/xla/service/service.cc:158]   StreamExecutor device (0): <undefined>, <undefined>
2019-11-04 05:45:45.413558: I tensorflow/core/common_runtime/process_util.cc:71] Creating new thread pool with default inter op setting: 2. Tune using inter_op_parallelism_threads for best performance.
evaluating 760 of [760, 770)
attack: step 1/1, xent loss = 12.7073, l2 loss = 25.2698 (max 14.95), (true 807, predicted [314])
check failed
true = 807, adv = 314
evaluating 761 of [760, 770)
attack: step 1/1, xent loss = 0.55767, l2 loss = 17.7388 (max 14.95), (true 345, predicted [345])
check failed
true = 345, adv = 701
evaluating 762 of [760, 770)
attack: step 1/1, xent loss = 3.64845, l2 loss = 11.5617 (max 14.95), (true 761, predicted [688])
true = 761, adv = 688
evaluating 763 of [760, 770)
attack: step 1/1, xent loss = 4.99698, l2 loss = 16.1347 (max 14.95), (true 956, predicted [953])
check failed
true = 956, adv = 953
evaluating 764 of [760, 770)
attack: step 1/1, xent loss = 4.98795, l2 loss = 32.3491 (max 14.95), (true 816, predicted [911])
check failed
true = 816, adv = 728
evaluating 765 of [760, 770)
attack: step 1/1, xent loss = 13.9572, l2 loss = 37.3005 (max 14.95), (true 495, predicted [583])
check failed
true = 495, adv = 583
evaluating 766 of [760, 770)
attack: step 1/1, xent loss = 17.3283, l2 loss = 30.4593 (max 14.95), (true 828, predicted [451])
check failed
true = 828, adv = 451
evaluating 767 of [760, 770)
attack: step 1/1, xent loss = 3.76235, l2 loss = 26.8419 (max 14.95), (true 380, predicted [22])
check failed
true = 380, adv = 998
evaluating 768 of [760, 770)
attack: step 1/1, xent loss = 5.22164, l2 loss = 36.843 (max 14.95), (true 754, predicted [728])
check failed
true = 754, adv = 728
evaluating 769 of [760, 770)
attack: step 1/1, xent loss = 6.52675, l2 loss = 21.7801 (max 14.95), (true 765, predicted [857])
check failed
true = 765, adv = 790
