2019-05-24 02:22:05.583986: I tensorflow/core/platform/cpu_feature_guard.cc:141] Your CPU supports instructions that this TensorFlow binary was not compiled to use: SSE4.1 SSE4.2 AVX AVX2 FMA
2019-05-24 02:22:05.592695: I tensorflow/core/platform/profile_utils/cpu_utils.cc:94] CPU Frequency: 2599945000 Hz
2019-05-24 02:22:05.592899: I tensorflow/compiler/xla/service/service.cc:150] XLA service 0x2aaae6d4a7b0 executing computations on platform Host. Devices:
2019-05-24 02:22:05.592939: I tensorflow/compiler/xla/service/service.cc:158]   StreamExecutor device (0): <undefined>, <undefined>
2019-05-24 02:22:05.593251: I tensorflow/core/common_runtime/process_util.cc:71] Creating new thread pool with default inter op setting: 2. Tune using inter_op_parallelism_threads for best performance.
evaluating 990 of [990, 1000)
attack: step 1/10, xent loss = 9.42933, l2 loss = 0 (max 14.95), (true 928, predicted [701])
attack: step 2/10, xent loss = 8.86488, l2 loss = 1.91107 (max 14.95), (true 928, predicted [501])
attack: step 3/10, xent loss = 9.31383, l2 loss = 2.69859 (max 14.95), (true 928, predicted [797])
attack: step 4/10, xent loss = 9.35926, l2 loss = 3.37154 (max 14.95), (true 928, predicted [501])
attack: step 5/10, xent loss = 9.75698, l2 loss = 4.23099 (max 14.95), (true 928, predicted [501])
attack: step 6/10, xent loss = 8.67266, l2 loss = 4.97732 (max 14.95), (true 928, predicted [701])
attack: step 7/10, xent loss = 9.34335, l2 loss = 5.49229 (max 14.95), (true 928, predicted [797])
attack: step 8/10, xent loss = 9.07174, l2 loss = 6.14044 (max 14.95), (true 928, predicted [797])
attack: step 9/10, xent loss = 8.89596, l2 loss = 6.49192 (max 14.95), (true 928, predicted [701])
attack: step 10/10, xent loss = 9.82859, l2 loss = 6.79458 (max 14.95), (true 928, predicted [701])
true = 928, adv = 797
evaluating 991 of [990, 1000)
attack: step 1/10, xent loss = 3.23877, l2 loss = 0 (max 14.95), (true 395, predicted [389])
attack: step 2/10, xent loss = 2.43164, l2 loss = 3.66019 (max 14.95), (true 395, predicted [389])
attack: step 3/10, xent loss = 3.76436, l2 loss = 5.28966 (max 14.95), (true 395, predicted [389])
attack: step 4/10, xent loss = 2.81905, l2 loss = 7.29998 (max 14.95), (true 395, predicted [389])
attack: step 5/10, xent loss = 4.35909, l2 loss = 7.94333 (max 14.95), (true 395, predicted [796])
attack: step 6/10, xent loss = 2.4685, l2 loss = 10.1217 (max 14.95), (true 395, predicted [389])
attack: step 7/10, xent loss = 5.89073, l2 loss = 10.7728 (max 14.95), (true 395, predicted [796])
attack: step 8/10, xent loss = 6.41146, l2 loss = 12.9972 (max 14.95), (true 395, predicted [796])
attack: step 9/10, xent loss = 7.97319, l2 loss = 14.2172 (max 14.95), (true 395, predicted [570])
attack: step 10/10, xent loss = 9.78853, l2 loss = 15.9157 (max 14.95), (true 395, predicted [570])
check failed
true = 395, adv = 570
evaluating 992 of [990, 1000)
attack: step 1/10, xent loss = 9.30834, l2 loss = 0 (max 14.95), (true 838, predicted [728])
attack: step 2/10, xent loss = 8.74631, l2 loss = 3.36173 (max 14.95), (true 838, predicted [728])
attack: step 3/10, xent loss = 10.2499, l2 loss = 5.34865 (max 14.95), (true 838, predicted [728])
attack: step 4/10, xent loss = 8.84712, l2 loss = 6.46797 (max 14.95), (true 838, predicted [728])
attack: step 5/10, xent loss = 13.9251, l2 loss = 7.54635 (max 14.95), (true 838, predicted [728])
attack: step 6/10, xent loss = 8.66973, l2 loss = 10.8267 (max 14.95), (true 838, predicted [728])
attack: step 7/10, xent loss = 9.33156, l2 loss = 11.3094 (max 14.95), (true 838, predicted [728])
attack: step 8/10, xent loss = 9.34552, l2 loss = 11.6453 (max 14.95), (true 838, predicted [728])
attack: step 9/10, xent loss = 11.5286, l2 loss = 12.6856 (max 14.95), (true 838, predicted [728])
attack: step 10/10, xent loss = 12.7773, l2 loss = 14.2881 (max 14.95), (true 838, predicted [728])
check failed
true = 838, adv = 728
evaluating 993 of [990, 1000)
attack: step 1/10, xent loss = 0.0864205, l2 loss = 0 (max 14.95), (true 537, predicted [537])
attack: step 2/10, xent loss = 0.143208, l2 loss = 0.20979 (max 14.95), (true 537, predicted [537])
attack: step 3/10, xent loss = 0.0724925, l2 loss = 0.428393 (max 14.95), (true 537, predicted [537])
attack: step 4/10, xent loss = 0.089989, l2 loss = 0.470553 (max 14.95), (true 537, predicted [537])
attack: step 5/10, xent loss = 0.15512, l2 loss = 0.522212 (max 14.95), (true 537, predicted [537])
attack: step 6/10, xent loss = 0.148745, l2 loss = 0.653913 (max 14.95), (true 537, predicted [537])
attack: step 7/10, xent loss = 0.0526973, l2 loss = 0.767624 (max 14.95), (true 537, predicted [537])
attack: step 8/10, xent loss = 0.237287, l2 loss = 0.78913 (max 14.95), (true 537, predicted [537])
attack: step 9/10, xent loss = 0.0819716, l2 loss = 0.995236 (max 14.95), (true 537, predicted [537])
attack: step 10/10, xent loss = 0.102217, l2 loss = 1.04188 (max 14.95), (true 537, predicted [537])
true = 537, adv = 537
evaluating 994 of [990, 1000)
attack: step 1/10, xent loss = 5.96295, l2 loss = 0 (max 14.95), (true 658, predicted [728])
attack: step 2/10, xent loss = 5.65791, l2 loss = 2.76553 (max 14.95), (true 658, predicted [601])
attack: step 3/10, xent loss = 6.51833, l2 loss = 4.29467 (max 14.95), (true 658, predicted [797])
attack: step 4/10, xent loss = 5.62429, l2 loss = 5.41484 (max 14.95), (true 658, predicted [797])
attack: step 5/10, xent loss = 6.43656, l2 loss = 6.37371 (max 14.95), (true 658, predicted [728])
attack: step 6/10, xent loss = 5.65657, l2 loss = 6.90981 (max 14.95), (true 658, predicted [502])
attack: step 7/10, xent loss = 6.8049, l2 loss = 7.56277 (max 14.95), (true 658, predicted [643])
attack: step 8/10, xent loss = 6.55619, l2 loss = 8.15846 (max 14.95), (true 658, predicted [797])
attack: step 9/10, xent loss = 5.41594, l2 loss = 8.77093 (max 14.95), (true 658, predicted [774])
attack: step 10/10, xent loss = 6.29896, l2 loss = 9.63091 (max 14.95), (true 658, predicted [728])
true = 658, adv = 460
evaluating 995 of [990, 1000)
attack: step 1/10, xent loss = 1.59383, l2 loss = 0 (max 14.95), (true 540, predicted [540])
attack: step 2/10, xent loss = 3.10154, l2 loss = 3.55228 (max 14.95), (true 540, predicted [913])
attack: step 3/10, xent loss = 4.54068, l2 loss = 5.81088 (max 14.95), (true 540, predicted [978])
attack: step 4/10, xent loss = 5.97175, l2 loss = 8.16156 (max 14.95), (true 540, predicted [460])
attack: step 5/10, xent loss = 7.22929, l2 loss = 9.50253 (max 14.95), (true 540, predicted [975])
attack: step 6/10, xent loss = 7.85398, l2 loss = 10.3983 (max 14.95), (true 540, predicted [978])
attack: step 7/10, xent loss = 8.67182, l2 loss = 11.0069 (max 14.95), (true 540, predicted [978])
attack: step 8/10, xent loss = 8.51514, l2 loss = 11.951 (max 14.95), (true 540, predicted [978])
attack: step 9/10, xent loss = 8.30401, l2 loss = 12.7871 (max 14.95), (true 540, predicted [978])
attack: step 10/10, xent loss = 8.80605, l2 loss = 13.177 (max 14.95), (true 540, predicted [978])
true = 540, adv = 489
evaluating 996 of [990, 1000)
attack: step 1/10, xent loss = 9.21486, l2 loss = 0 (max 14.95), (true 49, predicted [728])
attack: step 2/10, xent loss = 8.59517, l2 loss = 3.6408 (max 14.95), (true 49, predicted [478])
attack: step 3/10, xent loss = 9.75395, l2 loss = 4.92347 (max 14.95), (true 49, predicted [692])
attack: step 4/10, xent loss = 9.86434, l2 loss = 5.8221 (max 14.95), (true 49, predicted [728])
attack: step 5/10, xent loss = 10.0675, l2 loss = 6.51704 (max 14.95), (true 49, predicted [478])
attack: step 6/10, xent loss = 10.9888, l2 loss = 7.39619 (max 14.95), (true 49, predicted [728])
attack: step 7/10, xent loss = 10.0507, l2 loss = 8.32401 (max 14.95), (true 49, predicted [692])
attack: step 8/10, xent loss = 9.83069, l2 loss = 8.9938 (max 14.95), (true 49, predicted [478])
attack: step 9/10, xent loss = 10.4946, l2 loss = 9.40323 (max 14.95), (true 49, predicted [728])
attack: step 10/10, xent loss = 12.2809, l2 loss = 10.4395 (max 14.95), (true 49, predicted [728])
true = 49, adv = 728
evaluating 997 of [990, 1000)
attack: step 1/10, xent loss = 4.3233, l2 loss = 0 (max 14.95), (true 813, predicted [618])
attack: step 2/10, xent loss = 7.47999, l2 loss = 14.5909 (max 14.95), (true 813, predicted [618])
attack: step 3/10, xent loss = 8.23225, l2 loss = 16.4246 (max 14.95), (true 813, predicted [618])
attack: step 4/10, xent loss = 11.6511, l2 loss = 18.5479 (max 14.95), (true 813, predicted [618])
attack: step 5/10, xent loss = 14.4285, l2 loss = 19.9964 (max 14.95), (true 813, predicted [618])
attack: step 6/10, xent loss = 16.9644, l2 loss = 22.0018 (max 14.95), (true 813, predicted [618])
attack: step 7/10, xent loss = 16.1337, l2 loss = 24.4988 (max 14.95), (true 813, predicted [618])
attack: step 8/10, xent loss = 18.0258, l2 loss = 26.5455 (max 14.95), (true 813, predicted [618])
attack: step 9/10, xent loss = 18.4773, l2 loss = 27.8489 (max 14.95), (true 813, predicted [618])
attack: step 10/10, xent loss = 19.1294, l2 loss = 29.0208 (max 14.95), (true 813, predicted [618])
check failed
true = 813, adv = 618
evaluating 998 of [990, 1000)
attack: step 1/10, xent loss = 4.60105, l2 loss = 0 (max 14.95), (true 533, predicted [868])
attack: step 2/10, xent loss = 6.18292, l2 loss = 1.75058 (max 14.95), (true 533, predicted [868])
attack: step 3/10, xent loss = 5.46648, l2 loss = 3.38246 (max 14.95), (true 533, predicted [868])
attack: step 4/10, xent loss = 6.6617, l2 loss = 3.93402 (max 14.95), (true 533, predicted [868])
attack: step 5/10, xent loss = 6.05404, l2 loss = 4.86987 (max 14.95), (true 533, predicted [868])
attack: step 6/10, xent loss = 7.17872, l2 loss = 5.52004 (max 14.95), (true 533, predicted [868])
attack: step 7/10, xent loss = 7.25904, l2 loss = 6.17626 (max 14.95), (true 533, predicted [868])
attack: step 8/10, xent loss = 6.27974, l2 loss = 6.89664 (max 14.95), (true 533, predicted [868])
attack: step 9/10, xent loss = 6.0437, l2 loss = 7.32684 (max 14.95), (true 533, predicted [868])
attack: step 10/10, xent loss = 6.98514, l2 loss = 7.6387 (max 14.95), (true 533, predicted [868])
true = 533, adv = 868
evaluating 999 of [990, 1000)
attack: step 1/10, xent loss = 11.0879, l2 loss = 0 (max 14.95), (true 232, predicted [728])
attack: step 2/10, xent loss = 9.91173, l2 loss = 7.61001 (max 14.95), (true 232, predicted [728])
attack: step 3/10, xent loss = 11.2097, l2 loss = 9.77316 (max 14.95), (true 232, predicted [728])
attack: step 4/10, xent loss = 11.953, l2 loss = 12.3583 (max 14.95), (true 232, predicted [728])
attack: step 5/10, xent loss = 14.7618, l2 loss = 14.9302 (max 14.95), (true 232, predicted [728])
attack: step 6/10, xent loss = 15.7619, l2 loss = 17.0124 (max 14.95), (true 232, predicted [728])
attack: step 7/10, xent loss = 15.3262, l2 loss = 18.7975 (max 14.95), (true 232, predicted [728])
attack: step 8/10, xent loss = 13.5474, l2 loss = 20.5353 (max 14.95), (true 232, predicted [728])
attack: step 9/10, xent loss = 14.5607, l2 loss = 22.5674 (max 14.95), (true 232, predicted [728])
attack: step 10/10, xent loss = 17.5506, l2 loss = 23.9331 (max 14.95), (true 232, predicted [728])
check failed
true = 232, adv = 728
