2019-11-04 01:10:22.957403: I tensorflow/core/platform/cpu_feature_guard.cc:141] Your CPU supports instructions that this TensorFlow binary was not compiled to use: SSE4.1 SSE4.2 AVX AVX2 FMA
2019-11-04 01:10:22.966662: I tensorflow/core/platform/profile_utils/cpu_utils.cc:94] CPU Frequency: 2600235000 Hz
2019-11-04 01:10:22.966798: I tensorflow/compiler/xla/service/service.cc:150] XLA service 0x55555902f640 executing computations on platform Host. Devices:
2019-11-04 01:10:22.966820: I tensorflow/compiler/xla/service/service.cc:158]   StreamExecutor device (0): <undefined>, <undefined>
2019-11-04 01:10:22.967044: I tensorflow/core/common_runtime/process_util.cc:71] Creating new thread pool with default inter op setting: 2. Tune using inter_op_parallelism_threads for best performance.
evaluating 930 of [930, 940)
attack: step 1/1, xent loss = 7.83381, l2 loss = 28.2526 (max 14.95), (true 93, predicted [305])
check failed
true = 93, adv = 88
evaluating 931 of [930, 940)
attack: step 1/1, xent loss = 5.45629, l2 loss = 27.2955 (max 14.95), (true 762, predicted [564])
check failed
true = 762, adv = 564
evaluating 932 of [930, 940)
attack: step 1/1, xent loss = 0.0440854, l2 loss = 14.9147 (max 14.95), (true 634, predicted [634])
true = 634, adv = 728
evaluating 933 of [930, 940)
attack: step 1/1, xent loss = 9.43284, l2 loss = 38.4336 (max 14.95), (true 999, predicted [741])
check failed
true = 999, adv = 470
evaluating 934 of [930, 940)
attack: step 1/1, xent loss = 0.253338, l2 loss = 1.29094 (max 14.95), (true 670, predicted [670])
true = 670, adv = 670
evaluating 935 of [930, 940)
attack: step 1/1, xent loss = 0.0937121, l2 loss = 0.387186 (max 14.95), (true 493, predicted [493])
true = 493, adv = 493
evaluating 936 of [930, 940)
attack: step 1/1, xent loss = 6.20625, l2 loss = 36.7921 (max 14.95), (true 59, predicted [46])
check failed
true = 59, adv = 808
evaluating 937 of [930, 940)
attack: step 1/1, xent loss = 2.03804, l2 loss = 40.4424 (max 14.95), (true 179, predicted [245])
check failed
true = 179, adv = 728
evaluating 938 of [930, 940)
attack: step 1/1, xent loss = 1.53779, l2 loss = 33.6771 (max 14.95), (true 382, predicted [382])
check failed
true = 382, adv = 728
evaluating 939 of [930, 940)
attack: step 1/1, xent loss = 1.64704, l2 loss = 17.9083 (max 14.95), (true 863, predicted [643])
check failed
true = 863, adv = 643
