2019-05-31 00:01:22.241916: I tensorflow/core/platform/cpu_feature_guard.cc:141] Your CPU supports instructions that this TensorFlow binary was not compiled to use: SSE4.1 SSE4.2 AVX AVX2 FMA
2019-05-31 00:01:22.254085: I tensorflow/core/platform/profile_utils/cpu_utils.cc:94] CPU Frequency: 2600020000 Hz
2019-05-31 00:01:22.254184: I tensorflow/compiler/xla/service/service.cc:150] XLA service 0x2aaae6d49ba0 executing computations on platform Host. Devices:
2019-05-31 00:01:22.254198: I tensorflow/compiler/xla/service/service.cc:158]   StreamExecutor device (0): <undefined>, <undefined>
2019-05-31 00:01:22.254353: I tensorflow/core/common_runtime/process_util.cc:71] Creating new thread pool with default inter op setting: 2. Tune using inter_op_parallelism_threads for best performance.
evaluating 470 of [470, 480)
attack: step 1/1, xent loss = 5.10673, l2 loss = 0 (max 14.95), (true 27, predicted [125])
true = 27, adv = 36
evaluating 471 of [470, 480)
attack: step 1/1, xent loss = 0.0121834, l2 loss = 0 (max 14.95), (true 490, predicted [490])
true = 490, adv = 478
evaluating 472 of [470, 480)
attack: step 1/1, xent loss = 0.223823, l2 loss = 0 (max 14.95), (true 282, predicted [282])
true = 282, adv = 728
evaluating 473 of [470, 480)
attack: step 1/1, xent loss = 1.95383, l2 loss = 0 (max 14.95), (true 176, predicted [172])
true = 176, adv = 176
evaluating 474 of [470, 480)
attack: step 1/1, xent loss = 1.44242e-05, l2 loss = 0 (max 14.95), (true 937, predicted [937])
true = 937, adv = 509
evaluating 475 of [470, 480)
attack: step 1/1, xent loss = 13.3062, l2 loss = 0 (max 14.95), (true 556, predicted [905])
true = 556, adv = 905
evaluating 476 of [470, 480)
attack: step 1/1, xent loss = 0.156183, l2 loss = 0 (max 14.95), (true 55, predicted [55])
true = 55, adv = 728
evaluating 477 of [470, 480)
attack: step 1/1, xent loss = 7.14498, l2 loss = 0 (max 14.95), (true 556, predicted [706])
true = 556, adv = 448
evaluating 478 of [470, 480)
attack: step 1/1, xent loss = 0.0627479, l2 loss = 0 (max 14.95), (true 106, predicted [106])
true = 106, adv = 728
evaluating 479 of [470, 480)
attack: step 1/1, xent loss = 1.59512, l2 loss = 0 (max 14.95), (true 282, predicted [281])
true = 282, adv = 478
