2019-06-26 22:39:49.384851: I tensorflow/core/platform/cpu_feature_guard.cc:141] Your CPU supports instructions that this TensorFlow binary was not compiled to use: SSE4.1 SSE4.2 AVX AVX2 FMA
2019-06-26 22:39:49.427635: I tensorflow/core/platform/profile_utils/cpu_utils.cc:94] CPU Frequency: 2599950000 Hz
2019-06-26 22:39:49.430666: I tensorflow/compiler/xla/service/service.cc:150] XLA service 0x2aaae6abfce0 executing computations on platform Host. Devices:
2019-06-26 22:39:49.430738: I tensorflow/compiler/xla/service/service.cc:158]   StreamExecutor device (0): <undefined>, <undefined>
2019-06-26 22:39:49.432639: I tensorflow/core/common_runtime/process_util.cc:71] Creating new thread pool with default inter op setting: 2. Tune using inter_op_parallelism_threads for best performance.
evaluating 910 of [910, 920)
attack: step 1/10, xent loss = 10.721, l2 loss = 18.4894 (max 14.95), (true 762, predicted [830])
attack: step 2/10, xent loss = 13.4223, l2 loss = 19.7578 (max 14.95), (true 762, predicted [830])
attack: step 3/10, xent loss = 14.4985, l2 loss = 20.7989 (max 14.95), (true 762, predicted [830])
attack: step 4/10, xent loss = 15.13, l2 loss = 21.9198 (max 14.95), (true 762, predicted [830])
attack: step 5/10, xent loss = 16.9451, l2 loss = 22.8785 (max 14.95), (true 762, predicted [830])
attack: step 6/10, xent loss = 19.106, l2 loss = 23.6645 (max 14.95), (true 762, predicted [830])
attack: step 7/10, xent loss = 16.4847, l2 loss = 24.6126 (max 14.95), (true 762, predicted [830])
attack: step 8/10, xent loss = 16.7299, l2 loss = 25.7575 (max 14.95), (true 762, predicted [830])
attack: step 9/10, xent loss = 21.6898, l2 loss = 27.0315 (max 14.95), (true 762, predicted [830])
attack: step 10/10, xent loss = 19.7537, l2 loss = 27.7204 (max 14.95), (true 762, predicted [830])
check failed
true = 762, adv = 830
evaluating 911 of [910, 920)
attack: step 1/10, xent loss = 7.80451, l2 loss = 11.4321 (max 14.95), (true 234, predicted [246])
attack: step 2/10, xent loss = 9.52726, l2 loss = 12.4801 (max 14.95), (true 234, predicted [246])
attack: step 3/10, xent loss = 8.7379, l2 loss = 13.8094 (max 14.95), (true 234, predicted [246])
attack: step 4/10, xent loss = 11.5392, l2 loss = 14.6373 (max 14.95), (true 234, predicted [246])
attack: step 5/10, xent loss = 11.206, l2 loss = 15.0189 (max 14.95), (true 234, predicted [246])
attack: step 6/10, xent loss = 12.8943, l2 loss = 16.1426 (max 14.95), (true 234, predicted [246])
attack: step 7/10, xent loss = 10.6686, l2 loss = 17.5956 (max 14.95), (true 234, predicted [246])
attack: step 8/10, xent loss = 13.2696, l2 loss = 19.0727 (max 14.95), (true 234, predicted [246])
attack: step 9/10, xent loss = 12.0611, l2 loss = 20.1098 (max 14.95), (true 234, predicted [246])
attack: step 10/10, xent loss = 15.4808, l2 loss = 20.6772 (max 14.95), (true 234, predicted [246])
check failed
true = 234, adv = 246
evaluating 912 of [910, 920)
attack: step 1/10, xent loss = 20.8284, l2 loss = 24.9176 (max 14.95), (true 54, predicted [728])
attack: step 2/10, xent loss = 23.5054, l2 loss = 27.4483 (max 14.95), (true 54, predicted [728])
attack: step 3/10, xent loss = 27.7123, l2 loss = 28.6104 (max 14.95), (true 54, predicted [728])
attack: step 4/10, xent loss = 27.0715, l2 loss = 29.8016 (max 14.95), (true 54, predicted [728])
attack: step 5/10, xent loss = 30.8914, l2 loss = 30.9831 (max 14.95), (true 54, predicted [728])
attack: step 6/10, xent loss = 23.7642, l2 loss = 32.1808 (max 14.95), (true 54, predicted [728])
attack: step 7/10, xent loss = 31.5469, l2 loss = 33.1857 (max 14.95), (true 54, predicted [728])
attack: step 8/10, xent loss = 30.1415, l2 loss = 33.9789 (max 14.95), (true 54, predicted [728])
attack: step 9/10, xent loss = 26.5921, l2 loss = 35.0463 (max 14.95), (true 54, predicted [728])
attack: step 10/10, xent loss = 30.97, l2 loss = 36.0368 (max 14.95), (true 54, predicted [728])
check failed
true = 54, adv = 728
evaluating 913 of [910, 920)
attack: step 1/10, xent loss = 24.9549, l2 loss = 20.4965 (max 14.95), (true 259, predicted [552])
attack: step 2/10, xent loss = 27.4572, l2 loss = 22.2679 (max 14.95), (true 259, predicted [552])
attack: step 3/10, xent loss = 30.663, l2 loss = 23.7084 (max 14.95), (true 259, predicted [552])
attack: step 4/10, xent loss = 32.6079, l2 loss = 25.1545 (max 14.95), (true 259, predicted [552])
attack: step 5/10, xent loss = 33.2043, l2 loss = 27.0113 (max 14.95), (true 259, predicted [552])
attack: step 6/10, xent loss = 35.2588, l2 loss = 28.4817 (max 14.95), (true 259, predicted [552])
attack: step 7/10, xent loss = 29.6024, l2 loss = 30.22 (max 14.95), (true 259, predicted [552])
attack: step 8/10, xent loss = 38.0257, l2 loss = 31.2997 (max 14.95), (true 259, predicted [552])
attack: step 9/10, xent loss = 37.9331, l2 loss = 32.2497 (max 14.95), (true 259, predicted [552])
attack: step 10/10, xent loss = 42.1281, l2 loss = 33.946 (max 14.95), (true 259, predicted [552])
check failed
true = 259, adv = 552
evaluating 914 of [910, 920)
attack: step 1/10, xent loss = 17.4361, l2 loss = 16.5479 (max 14.95), (true 188, predicted [728])
attack: step 2/10, xent loss = 19.7727, l2 loss = 18.3232 (max 14.95), (true 188, predicted [728])
attack: step 3/10, xent loss = 18.5573, l2 loss = 19.8711 (max 14.95), (true 188, predicted [728])
attack: step 4/10, xent loss = 21.3038, l2 loss = 21.6047 (max 14.95), (true 188, predicted [728])
attack: step 5/10, xent loss = 20.8567, l2 loss = 23.254 (max 14.95), (true 188, predicted [728])
attack: step 6/10, xent loss = 25.7757, l2 loss = 24.6087 (max 14.95), (true 188, predicted [728])
attack: step 7/10, xent loss = 26.2357, l2 loss = 25.7056 (max 14.95), (true 188, predicted [728])
attack: step 8/10, xent loss = 26.8476, l2 loss = 26.9516 (max 14.95), (true 188, predicted [728])
attack: step 9/10, xent loss = 26.5719, l2 loss = 28.2386 (max 14.95), (true 188, predicted [728])
attack: step 10/10, xent loss = 31.1125, l2 loss = 29.2679 (max 14.95), (true 188, predicted [728])
check failed
true = 188, adv = 728
evaluating 915 of [910, 920)
attack: step 1/10, xent loss = 9.26988, l2 loss = 12.1572 (max 14.95), (true 692, predicted [860])
attack: step 2/10, xent loss = 8.00498, l2 loss = 12.6958 (max 14.95), (true 692, predicted [860])
attack: step 3/10, xent loss = 8.76467, l2 loss = 13.3928 (max 14.95), (true 692, predicted [860])
attack: step 4/10, xent loss = 7.96508, l2 loss = 14.0453 (max 14.95), (true 692, predicted [860])
attack: step 5/10, xent loss = 9.79559, l2 loss = 14.6291 (max 14.95), (true 692, predicted [860])
attack: step 6/10, xent loss = 9.73279, l2 loss = 15.098 (max 14.95), (true 692, predicted [860])
attack: step 7/10, xent loss = 10.1501, l2 loss = 15.6074 (max 14.95), (true 692, predicted [860])
attack: step 8/10, xent loss = 9.29059, l2 loss = 16.2594 (max 14.95), (true 692, predicted [860])
attack: step 9/10, xent loss = 9.72386, l2 loss = 16.8987 (max 14.95), (true 692, predicted [860])
attack: step 10/10, xent loss = 10.8966, l2 loss = 17.4336 (max 14.95), (true 692, predicted [860])
check failed
true = 692, adv = 860
evaluating 916 of [910, 920)
attack: step 1/10, xent loss = 7.54352, l2 loss = 13.6468 (max 14.95), (true 971, predicted [578])
attack: step 2/10, xent loss = 7.65581, l2 loss = 13.913 (max 14.95), (true 971, predicted [982])
attack: step 3/10, xent loss = 9.19838, l2 loss = 14.2704 (max 14.95), (true 971, predicted [793])
attack: step 4/10, xent loss = 11.8342, l2 loss = 14.8997 (max 14.95), (true 971, predicted [793])
attack: step 5/10, xent loss = 12.8118, l2 loss = 16.3958 (max 14.95), (true 971, predicted [793])
attack: step 6/10, xent loss = 15.2936, l2 loss = 18.0825 (max 14.95), (true 971, predicted [793])
attack: step 7/10, xent loss = 15.9646, l2 loss = 19.5508 (max 14.95), (true 971, predicted [793])
attack: step 8/10, xent loss = 20.8151, l2 loss = 21.2191 (max 14.95), (true 971, predicted [793])
attack: step 9/10, xent loss = 18.9626, l2 loss = 22.2586 (max 14.95), (true 971, predicted [793])
attack: step 10/10, xent loss = 21.5526, l2 loss = 23.6906 (max 14.95), (true 971, predicted [793])
check failed
true = 971, adv = 793
evaluating 917 of [910, 920)
attack: step 1/10, xent loss = 8.91452, l2 loss = 5.54389 (max 14.95), (true 674, predicted [774])
attack: step 2/10, xent loss = 9.47856, l2 loss = 5.91752 (max 14.95), (true 674, predicted [774])
attack: step 3/10, xent loss = 9.44958, l2 loss = 6.51685 (max 14.95), (true 674, predicted [774])
attack: step 4/10, xent loss = 9.12053, l2 loss = 7.0574 (max 14.95), (true 674, predicted [774])
attack: step 5/10, xent loss = 9.84587, l2 loss = 7.49844 (max 14.95), (true 674, predicted [774])
attack: step 6/10, xent loss = 10.4213, l2 loss = 7.85028 (max 14.95), (true 674, predicted [774])
attack: step 7/10, xent loss = 10.6422, l2 loss = 8.47155 (max 14.95), (true 674, predicted [774])
attack: step 8/10, xent loss = 10.9049, l2 loss = 8.98889 (max 14.95), (true 674, predicted [770])
attack: step 9/10, xent loss = 10.9971, l2 loss = 9.65391 (max 14.95), (true 674, predicted [774])
attack: step 10/10, xent loss = 11.4728, l2 loss = 10.1907 (max 14.95), (true 674, predicted [774])
true = 674, adv = 774
evaluating 918 of [910, 920)
attack: step 1/10, xent loss = 11.8909, l2 loss = 18.4366 (max 14.95), (true 213, predicted [163])
attack: step 2/10, xent loss = 8.71381, l2 loss = 18.8 (max 14.95), (true 213, predicted [163])
attack: step 3/10, xent loss = 10.1197, l2 loss = 19.5394 (max 14.95), (true 213, predicted [163])
attack: step 4/10, xent loss = 9.63107, l2 loss = 19.8969 (max 14.95), (true 213, predicted [163])
attack: step 5/10, xent loss = 13.2995, l2 loss = 20.3508 (max 14.95), (true 213, predicted [163])
attack: step 6/10, xent loss = 12.1661, l2 loss = 20.6202 (max 14.95), (true 213, predicted [163])
attack: step 7/10, xent loss = 11.3474, l2 loss = 21.0887 (max 14.95), (true 213, predicted [163])
attack: step 8/10, xent loss = 11.7226, l2 loss = 21.2875 (max 14.95), (true 213, predicted [163])
attack: step 9/10, xent loss = 11.6629, l2 loss = 21.6044 (max 14.95), (true 213, predicted [163])
attack: step 10/10, xent loss = 13.4288, l2 loss = 22.3593 (max 14.95), (true 213, predicted [163])
check failed
true = 213, adv = 163
evaluating 919 of [910, 920)
attack: step 1/10, xent loss = 9.75598, l2 loss = 10.9117 (max 14.95), (true 519, predicted [692])
attack: step 2/10, xent loss = 9.39394, l2 loss = 11.6803 (max 14.95), (true 519, predicted [692])
attack: step 3/10, xent loss = 11.4661, l2 loss = 12.4831 (max 14.95), (true 519, predicted [692])
attack: step 4/10, xent loss = 11.8296, l2 loss = 13.0618 (max 14.95), (true 519, predicted [692])
attack: step 5/10, xent loss = 11.8891, l2 loss = 13.8791 (max 14.95), (true 519, predicted [692])
attack: step 6/10, xent loss = 13.1683, l2 loss = 14.3493 (max 14.95), (true 519, predicted [692])
attack: step 7/10, xent loss = 13.4487, l2 loss = 14.9836 (max 14.95), (true 519, predicted [692])
attack: step 8/10, xent loss = 14.3907, l2 loss = 15.5038 (max 14.95), (true 519, predicted [692])
attack: step 9/10, xent loss = 14.081, l2 loss = 16.0179 (max 14.95), (true 519, predicted [692])
attack: step 10/10, xent loss = 15.2792, l2 loss = 16.7256 (max 14.95), (true 519, predicted [692])
check failed
true = 519, adv = 692
