2019-05-24 19:48:18.381829: I tensorflow/core/platform/cpu_feature_guard.cc:141] Your CPU supports instructions that this TensorFlow binary was not compiled to use: SSE4.1 SSE4.2 AVX AVX2 FMA
2019-05-24 19:48:21.647878: I tensorflow/core/platform/profile_utils/cpu_utils.cc:94] CPU Frequency: 2600025000 Hz
2019-05-24 19:48:21.765151: I tensorflow/compiler/xla/service/service.cc:150] XLA service 0x2aaae6bc1100 executing computations on platform Host. Devices:
2019-05-24 19:48:21.765937: I tensorflow/compiler/xla/service/service.cc:158]   StreamExecutor device (0): <undefined>, <undefined>
2019-05-24 19:48:21.767581: I tensorflow/core/common_runtime/process_util.cc:71] Creating new thread pool with default inter op setting: 2. Tune using inter_op_parallelism_threads for best performance.
evaluating 750 of [750, 760)
attack: step 1/10, xent loss = 0.139365, l2 loss = 0 (max 14.95), (true 847, predicted [847])
attack: step 2/10, xent loss = 0.630098, l2 loss = 0.569204 (max 14.95), (true 847, predicted [847])
attack: step 3/10, xent loss = 0.614987, l2 loss = 1.84743 (max 14.95), (true 847, predicted [847])
attack: step 4/10, xent loss = 1.01268, l2 loss = 3.18241 (max 14.95), (true 847, predicted [847])
attack: step 5/10, xent loss = 0.435075, l2 loss = 4.26812 (max 14.95), (true 847, predicted [847])
attack: step 6/10, xent loss = 1.46121, l2 loss = 4.81497 (max 14.95), (true 847, predicted [847])
attack: step 7/10, xent loss = 3.24181, l2 loss = 6.66498 (max 14.95), (true 847, predicted [895])
attack: step 8/10, xent loss = 1.39803, l2 loss = 9.62214 (max 14.95), (true 847, predicted [847])
attack: step 9/10, xent loss = 1.0218, l2 loss = 10.6508 (max 14.95), (true 847, predicted [847])
attack: step 10/10, xent loss = 4.88254, l2 loss = 11.1394 (max 14.95), (true 847, predicted [895])
true = 847, adv = 847
evaluating 751 of [750, 760)
attack: step 1/10, xent loss = 1.01355, l2 loss = 0 (max 14.95), (true 3, predicted [4])
attack: step 2/10, xent loss = 1.45025, l2 loss = 3.36114 (max 14.95), (true 3, predicted [4])
attack: step 3/10, xent loss = 2.40595, l2 loss = 4.84337 (max 14.95), (true 3, predicted [4])
attack: step 4/10, xent loss = 3.77367, l2 loss = 6.76057 (max 14.95), (true 3, predicted [4])
attack: step 5/10, xent loss = 3.43203, l2 loss = 8.14703 (max 14.95), (true 3, predicted [4])
attack: step 6/10, xent loss = 4.96064, l2 loss = 9.50843 (max 14.95), (true 3, predicted [4])
attack: step 7/10, xent loss = 5.49458, l2 loss = 10.6149 (max 14.95), (true 3, predicted [4])
attack: step 8/10, xent loss = 6.2653, l2 loss = 11.2609 (max 14.95), (true 3, predicted [4])
attack: step 9/10, xent loss = 5.67192, l2 loss = 12.1468 (max 14.95), (true 3, predicted [4])
attack: step 10/10, xent loss = 6.25802, l2 loss = 12.8945 (max 14.95), (true 3, predicted [4])
true = 3, adv = 4
evaluating 752 of [750, 760)
attack: step 1/10, xent loss = 0.126624, l2 loss = 0 (max 14.95), (true 517, predicted [517])
attack: step 2/10, xent loss = 0.148476, l2 loss = 0.322716 (max 14.95), (true 517, predicted [517])
attack: step 3/10, xent loss = 0.175576, l2 loss = 0.536936 (max 14.95), (true 517, predicted [517])
attack: step 4/10, xent loss = 0.227632, l2 loss = 0.769463 (max 14.95), (true 517, predicted [517])
attack: step 5/10, xent loss = 0.238364, l2 loss = 1.05632 (max 14.95), (true 517, predicted [517])
attack: step 6/10, xent loss = 0.264092, l2 loss = 1.27814 (max 14.95), (true 517, predicted [517])
attack: step 7/10, xent loss = 0.0860576, l2 loss = 1.45965 (max 14.95), (true 517, predicted [517])
attack: step 8/10, xent loss = 0.117958, l2 loss = 1.48517 (max 14.95), (true 517, predicted [517])
attack: step 9/10, xent loss = 0.174755, l2 loss = 1.55127 (max 14.95), (true 517, predicted [517])
attack: step 10/10, xent loss = 0.139575, l2 loss = 1.63529 (max 14.95), (true 517, predicted [517])
true = 517, adv = 517
evaluating 753 of [750, 760)
attack: step 1/10, xent loss = 0.00344434, l2 loss = 0 (max 14.95), (true 604, predicted [604])
attack: step 2/10, xent loss = 0.0451622, l2 loss = 0.0129428 (max 14.95), (true 604, predicted [604])
attack: step 3/10, xent loss = 0.0541562, l2 loss = 0.232913 (max 14.95), (true 604, predicted [604])
attack: step 4/10, xent loss = 0.0189713, l2 loss = 0.393899 (max 14.95), (true 604, predicted [604])
attack: step 5/10, xent loss = 0.046982, l2 loss = 0.400493 (max 14.95), (true 604, predicted [604])
attack: step 6/10, xent loss = 0.0801273, l2 loss = 0.466664 (max 14.95), (true 604, predicted [604])
attack: step 7/10, xent loss = 0.00636467, l2 loss = 0.634899 (max 14.95), (true 604, predicted [604])
attack: step 8/10, xent loss = 0.0212832, l2 loss = 0.636218 (max 14.95), (true 604, predicted [604])
attack: step 9/10, xent loss = 0.0491156, l2 loss = 0.649439 (max 14.95), (true 604, predicted [604])
attack: step 10/10, xent loss = 0.0384509, l2 loss = 0.712187 (max 14.95), (true 604, predicted [604])
true = 604, adv = 604
evaluating 754 of [750, 760)
attack: step 1/10, xent loss = 6.05624, l2 loss = 0 (max 14.95), (true 310, predicted [644])
attack: step 2/10, xent loss = 7.55394, l2 loss = 3.14645 (max 14.95), (true 310, predicted [728])
attack: step 3/10, xent loss = 5.62625, l2 loss = 5.36649 (max 14.95), (true 310, predicted [644])
attack: step 4/10, xent loss = 6.404, l2 loss = 6.41635 (max 14.95), (true 310, predicted [728])
attack: step 5/10, xent loss = 7.89603, l2 loss = 7.8295 (max 14.95), (true 310, predicted [728])
attack: step 6/10, xent loss = 7.88741, l2 loss = 8.68195 (max 14.95), (true 310, predicted [644])
attack: step 7/10, xent loss = 8.88149, l2 loss = 9.04475 (max 14.95), (true 310, predicted [728])
attack: step 8/10, xent loss = 8.16062, l2 loss = 10.2529 (max 14.95), (true 310, predicted [728])
attack: step 9/10, xent loss = 9.98757, l2 loss = 12.1009 (max 14.95), (true 310, predicted [728])
attack: step 10/10, xent loss = 9.68481, l2 loss = 12.8481 (max 14.95), (true 310, predicted [728])
true = 310, adv = 728
evaluating 755 of [750, 760)
attack: step 1/10, xent loss = 0.376879, l2 loss = 0 (max 14.95), (true 717, predicted [717])
attack: step 2/10, xent loss = 2.05985, l2 loss = 2.33381 (max 14.95), (true 717, predicted [408])
attack: step 3/10, xent loss = 2.44536, l2 loss = 6.68509 (max 14.95), (true 717, predicted [408])
attack: step 4/10, xent loss = 3.87395, l2 loss = 9.08803 (max 14.95), (true 717, predicted [408])
attack: step 5/10, xent loss = 4.28792, l2 loss = 12.0023 (max 14.95), (true 717, predicted [408])
attack: step 6/10, xent loss = 4.79739, l2 loss = 13.1308 (max 14.95), (true 717, predicted [408])
attack: step 7/10, xent loss = 5.67949, l2 loss = 14.7468 (max 14.95), (true 717, predicted [408])
attack: step 8/10, xent loss = 6.99818, l2 loss = 15.9838 (max 14.95), (true 717, predicted [408])
attack: step 9/10, xent loss = 6.4051, l2 loss = 16.8003 (max 14.95), (true 717, predicted [408])
attack: step 10/10, xent loss = 6.33464, l2 loss = 17.8996 (max 14.95), (true 717, predicted [408])
check failed
true = 717, adv = 408
evaluating 756 of [750, 760)
attack: step 1/10, xent loss = 0.00438205, l2 loss = 0 (max 14.95), (true 822, predicted [822])
attack: step 2/10, xent loss = 0.0604555, l2 loss = 0.0196417 (max 14.95), (true 822, predicted [822])
attack: step 3/10, xent loss = 0.0281625, l2 loss = 0.692897 (max 14.95), (true 822, predicted [822])
attack: step 4/10, xent loss = 1.75001, l2 loss = 0.764665 (max 14.95), (true 822, predicted [822])
attack: step 5/10, xent loss = 0.152192, l2 loss = 5.32902 (max 14.95), (true 822, predicted [822])
attack: step 6/10, xent loss = 0.454335, l2 loss = 5.48142 (max 14.95), (true 822, predicted [822])
attack: step 7/10, xent loss = 0.0335501, l2 loss = 6.57097 (max 14.95), (true 822, predicted [822])
attack: step 8/10, xent loss = 2.17325, l2 loss = 6.59145 (max 14.95), (true 822, predicted [822])
attack: step 9/10, xent loss = 3.96489, l2 loss = 8.01946 (max 14.95), (true 822, predicted [400])
attack: step 10/10, xent loss = 4.69596, l2 loss = 9.67295 (max 14.95), (true 822, predicted [915])
true = 822, adv = 797
evaluating 757 of [750, 760)
attack: step 1/10, xent loss = 4.96993, l2 loss = 0 (max 14.95), (true 149, predicted [728])
attack: step 2/10, xent loss = 6.29394, l2 loss = 14.8674 (max 14.95), (true 149, predicted [728])
attack: step 3/10, xent loss = 8.53846, l2 loss = 16.9568 (max 14.95), (true 149, predicted [728])
attack: step 4/10, xent loss = 12.3153, l2 loss = 18.4654 (max 14.95), (true 149, predicted [728])
attack: step 5/10, xent loss = 12.7987, l2 loss = 20.8766 (max 14.95), (true 149, predicted [728])
attack: step 6/10, xent loss = 17.7327, l2 loss = 23.0651 (max 14.95), (true 149, predicted [728])
attack: step 7/10, xent loss = 17.1594, l2 loss = 24.5944 (max 14.95), (true 149, predicted [728])
attack: step 8/10, xent loss = 15.989, l2 loss = 26.4618 (max 14.95), (true 149, predicted [728])
attack: step 9/10, xent loss = 18.5325, l2 loss = 28.2656 (max 14.95), (true 149, predicted [728])
attack: step 10/10, xent loss = 19.673, l2 loss = 29.9985 (max 14.95), (true 149, predicted [728])
check failed
true = 149, adv = 728
evaluating 758 of [750, 760)
attack: step 1/10, xent loss = 7.70255, l2 loss = 0 (max 14.95), (true 122, predicted [728])
attack: step 2/10, xent loss = 8.86478, l2 loss = 4.48218 (max 14.95), (true 122, predicted [728])
attack: step 3/10, xent loss = 9.02783, l2 loss = 9.17524 (max 14.95), (true 122, predicted [728])
attack: step 4/10, xent loss = 8.23215, l2 loss = 12.7275 (max 14.95), (true 122, predicted [728])
attack: step 5/10, xent loss = 12.9017, l2 loss = 14.1034 (max 14.95), (true 122, predicted [728])
attack: step 6/10, xent loss = 12.213, l2 loss = 16.7591 (max 14.95), (true 122, predicted [728])
attack: step 7/10, xent loss = 15.7606, l2 loss = 19.1845 (max 14.95), (true 122, predicted [728])
attack: step 8/10, xent loss = 19.3569, l2 loss = 21.1452 (max 14.95), (true 122, predicted [728])
attack: step 9/10, xent loss = 16.1085, l2 loss = 22.4987 (max 14.95), (true 122, predicted [728])
attack: step 10/10, xent loss = 16.4438, l2 loss = 23.7491 (max 14.95), (true 122, predicted [728])
check failed
true = 122, adv = 728
evaluating 759 of [750, 760)
attack: step 1/10, xent loss = 0.594913, l2 loss = 0 (max 14.95), (true 75, predicted [75])
attack: step 2/10, xent loss = 0.344148, l2 loss = 1.67671 (max 14.95), (true 75, predicted [75])
attack: step 3/10, xent loss = 0.45785, l2 loss = 2.05936 (max 14.95), (true 75, predicted [75])
attack: step 4/10, xent loss = 0.309706, l2 loss = 2.45976 (max 14.95), (true 75, predicted [75])
attack: step 5/10, xent loss = 0.393866, l2 loss = 2.69154 (max 14.95), (true 75, predicted [75])
attack: step 6/10, xent loss = 1.56561, l2 loss = 2.91232 (max 14.95), (true 75, predicted [321])
attack: step 7/10, xent loss = 1.63612, l2 loss = 4.59431 (max 14.95), (true 75, predicted [75])
attack: step 8/10, xent loss = 2.61861, l2 loss = 6.26703 (max 14.95), (true 75, predicted [75])
attack: step 9/10, xent loss = 3.99895, l2 loss = 7.2904 (max 14.95), (true 75, predicted [321])
attack: step 10/10, xent loss = 3.58993, l2 loss = 8.03565 (max 14.95), (true 75, predicted [321])
true = 75, adv = 321
