2019-06-28 06:36:06.909327: I tensorflow/core/platform/cpu_feature_guard.cc:141] Your CPU supports instructions that this TensorFlow binary was not compiled to use: SSE4.1 SSE4.2 AVX AVX2 FMA
2019-06-28 06:36:06.919353: I tensorflow/core/platform/profile_utils/cpu_utils.cc:94] CPU Frequency: 2599770000 Hz
2019-06-28 06:36:06.919572: I tensorflow/compiler/xla/service/service.cc:150] XLA service 0x2aaae6fbd960 executing computations on platform Host. Devices:
2019-06-28 06:36:06.919605: I tensorflow/compiler/xla/service/service.cc:158]   StreamExecutor device (0): <undefined>, <undefined>
2019-06-28 06:36:06.919917: I tensorflow/core/common_runtime/process_util.cc:71] Creating new thread pool with default inter op setting: 2. Tune using inter_op_parallelism_threads for best performance.
evaluating 620 of [620, 630)
attack: step 1/10, xent loss = 8.95772, l2 loss = 15.4688 (max 14.95), (true 681, predicted [552])
attack: step 2/10, xent loss = 12.3187, l2 loss = 16.7081 (max 14.95), (true 681, predicted [552])
attack: step 3/10, xent loss = 12.1675, l2 loss = 18.7337 (max 14.95), (true 681, predicted [552])
attack: step 4/10, xent loss = 13.4211, l2 loss = 20.7347 (max 14.95), (true 681, predicted [552])
attack: step 5/10, xent loss = 11.9637, l2 loss = 21.2674 (max 14.95), (true 681, predicted [552])
attack: step 6/10, xent loss = 18.0106, l2 loss = 22.0167 (max 14.95), (true 681, predicted [552])
attack: step 7/10, xent loss = 17.3722, l2 loss = 24.2981 (max 14.95), (true 681, predicted [552])
attack: step 8/10, xent loss = 16.813, l2 loss = 25.4702 (max 14.95), (true 681, predicted [552])
attack: step 9/10, xent loss = 14.5146, l2 loss = 26.8041 (max 14.95), (true 681, predicted [552])
attack: step 10/10, xent loss = 16.5202, l2 loss = 28.1901 (max 14.95), (true 681, predicted [552])
check failed
true = 681, adv = 552
evaluating 621 of [620, 630)
attack: step 1/10, xent loss = 0.323973, l2 loss = 1.27216 (max 14.95), (true 960, predicted [960])
attack: step 2/10, xent loss = 0.317046, l2 loss = 2.0225 (max 14.95), (true 960, predicted [960])
attack: step 3/10, xent loss = 0.5522, l2 loss = 2.77248 (max 14.95), (true 960, predicted [960])
attack: step 4/10, xent loss = 0.504824, l2 loss = 4.12857 (max 14.95), (true 960, predicted [960])
attack: step 5/10, xent loss = 1.93137, l2 loss = 5.0608 (max 14.95), (true 960, predicted [923])
attack: step 6/10, xent loss = 1.4594, l2 loss = 7.17664 (max 14.95), (true 960, predicted [923])
attack: step 7/10, xent loss = 6.15769, l2 loss = 8.52987 (max 14.95), (true 960, predicted [923])
attack: step 8/10, xent loss = 4.34958, l2 loss = 10.5116 (max 14.95), (true 960, predicted [923])
attack: step 9/10, xent loss = 5.86445, l2 loss = 11.9011 (max 14.95), (true 960, predicted [923])
attack: step 10/10, xent loss = 6.84087, l2 loss = 12.8567 (max 14.95), (true 960, predicted [923])
true = 960, adv = 923
evaluating 622 of [620, 630)
attack: step 1/10, xent loss = 9.48802, l2 loss = 14.6644 (max 14.95), (true 760, predicted [789])
attack: step 2/10, xent loss = 11.4133, l2 loss = 15.5521 (max 14.95), (true 760, predicted [789])
attack: step 3/10, xent loss = 11.626, l2 loss = 16.5372 (max 14.95), (true 760, predicted [789])
attack: step 4/10, xent loss = 10.7485, l2 loss = 17.7266 (max 14.95), (true 760, predicted [789])
attack: step 5/10, xent loss = 12.8917, l2 loss = 18.5281 (max 14.95), (true 760, predicted [789])
attack: step 6/10, xent loss = 13.7005, l2 loss = 19.3099 (max 14.95), (true 760, predicted [789])
attack: step 7/10, xent loss = 15.8554, l2 loss = 19.9066 (max 14.95), (true 760, predicted [789])
attack: step 8/10, xent loss = 15.1977, l2 loss = 20.5814 (max 14.95), (true 760, predicted [789])
attack: step 9/10, xent loss = 15.0073, l2 loss = 21.4248 (max 14.95), (true 760, predicted [789])
attack: step 10/10, xent loss = 16.6174, l2 loss = 22.1178 (max 14.95), (true 760, predicted [789])
check failed
true = 760, adv = 789
evaluating 623 of [620, 630)
attack: step 1/10, xent loss = 3.1856, l2 loss = 8.86303 (max 14.95), (true 866, predicted [595])
attack: step 2/10, xent loss = 3.99563, l2 loss = 9.36434 (max 14.95), (true 866, predicted [595])
attack: step 3/10, xent loss = 3.98079, l2 loss = 9.85736 (max 14.95), (true 866, predicted [595])
attack: step 4/10, xent loss = 3.68441, l2 loss = 10.3554 (max 14.95), (true 866, predicted [595])
attack: step 5/10, xent loss = 3.91609, l2 loss = 10.7396 (max 14.95), (true 866, predicted [595])
attack: step 6/10, xent loss = 4.06589, l2 loss = 11.2199 (max 14.95), (true 866, predicted [595])
attack: step 7/10, xent loss = 4.45878, l2 loss = 11.7231 (max 14.95), (true 866, predicted [595])
attack: step 8/10, xent loss = 4.87409, l2 loss = 12.0768 (max 14.95), (true 866, predicted [595])
attack: step 9/10, xent loss = 4.79381, l2 loss = 12.4403 (max 14.95), (true 866, predicted [595])
attack: step 10/10, xent loss = 6.01013, l2 loss = 12.9676 (max 14.95), (true 866, predicted [625])
true = 866, adv = 595
evaluating 624 of [620, 630)
attack: step 1/10, xent loss = 28.3734, l2 loss = 40.0157 (max 14.95), (true 977, predicted [728])
attack: step 2/10, xent loss = 30.26, l2 loss = 41.9013 (max 14.95), (true 977, predicted [728])
attack: step 3/10, xent loss = 27.7548, l2 loss = 43.5503 (max 14.95), (true 977, predicted [728])
attack: step 4/10, xent loss = 26.2276, l2 loss = 44.9457 (max 14.95), (true 977, predicted [728])
attack: step 5/10, xent loss = 31.3997, l2 loss = 46.2091 (max 14.95), (true 977, predicted [728])
attack: step 6/10, xent loss = 27.1266, l2 loss = 47.455 (max 14.95), (true 977, predicted [728])
attack: step 7/10, xent loss = 29.5118, l2 loss = 48.9325 (max 14.95), (true 977, predicted [728])
attack: step 8/10, xent loss = 32.4007, l2 loss = 49.81 (max 14.95), (true 977, predicted [728])
attack: step 9/10, xent loss = 35.1345, l2 loss = 50.6303 (max 14.95), (true 977, predicted [728])
attack: step 10/10, xent loss = 29.9932, l2 loss = 51.4666 (max 14.95), (true 977, predicted [728])
check failed
true = 977, adv = 728
evaluating 625 of [620, 630)
attack: step 1/10, xent loss = 9.15338, l2 loss = 12.9761 (max 14.95), (true 844, predicted [794])
attack: step 2/10, xent loss = 10.6159, l2 loss = 13.3723 (max 14.95), (true 844, predicted [794])
attack: step 3/10, xent loss = 10.1838, l2 loss = 13.9039 (max 14.95), (true 844, predicted [794])
attack: step 4/10, xent loss = 11.9744, l2 loss = 14.4046 (max 14.95), (true 844, predicted [794])
attack: step 5/10, xent loss = 10.3825, l2 loss = 14.922 (max 14.95), (true 844, predicted [794])
attack: step 6/10, xent loss = 10.5301, l2 loss = 16.0296 (max 14.95), (true 844, predicted [794])
attack: step 7/10, xent loss = 10.8977, l2 loss = 16.5605 (max 14.95), (true 844, predicted [794])
attack: step 8/10, xent loss = 10.4866, l2 loss = 17.0417 (max 14.95), (true 844, predicted [794])
attack: step 9/10, xent loss = 11.5403, l2 loss = 17.5054 (max 14.95), (true 844, predicted [794])
attack: step 10/10, xent loss = 12.0269, l2 loss = 18.012 (max 14.95), (true 844, predicted [794])
check failed
true = 844, adv = 794
evaluating 626 of [620, 630)
attack: step 1/10, xent loss = 14.6887, l2 loss = 20.6699 (max 14.95), (true 435, predicted [904])
attack: step 2/10, xent loss = 15.6799, l2 loss = 21.2724 (max 14.95), (true 435, predicted [904])
attack: step 3/10, xent loss = 18.82, l2 loss = 22.1192 (max 14.95), (true 435, predicted [904])
attack: step 4/10, xent loss = 16.5434, l2 loss = 22.9101 (max 14.95), (true 435, predicted [904])
attack: step 5/10, xent loss = 17.5489, l2 loss = 23.7738 (max 14.95), (true 435, predicted [904])
attack: step 6/10, xent loss = 18.3288, l2 loss = 24.5644 (max 14.95), (true 435, predicted [904])
attack: step 7/10, xent loss = 17.5992, l2 loss = 25.5421 (max 14.95), (true 435, predicted [904])
attack: step 8/10, xent loss = 15.8766, l2 loss = 26.0989 (max 14.95), (true 435, predicted [904])
attack: step 9/10, xent loss = 17.1956, l2 loss = 26.849 (max 14.95), (true 435, predicted [904])
attack: step 10/10, xent loss = 18.0955, l2 loss = 27.5949 (max 14.95), (true 435, predicted [904])
check failed
true = 435, adv = 904
evaluating 627 of [620, 630)
attack: step 1/10, xent loss = 14.8384, l2 loss = 22.2825 (max 14.95), (true 239, predicted [552])
attack: step 2/10, xent loss = 16.1979, l2 loss = 23.3673 (max 14.95), (true 239, predicted [552])
attack: step 3/10, xent loss = 15.7382, l2 loss = 24.7061 (max 14.95), (true 239, predicted [552])
attack: step 4/10, xent loss = 15.8321, l2 loss = 26.2795 (max 14.95), (true 239, predicted [552])
attack: step 5/10, xent loss = 19.3832, l2 loss = 27.778 (max 14.95), (true 239, predicted [552])
attack: step 6/10, xent loss = 17.7056, l2 loss = 29.4668 (max 14.95), (true 239, predicted [552])
attack: step 7/10, xent loss = 20.7688, l2 loss = 30.6314 (max 14.95), (true 239, predicted [552])
attack: step 8/10, xent loss = 20.116, l2 loss = 31.4802 (max 14.95), (true 239, predicted [552])
attack: step 9/10, xent loss = 23.8966, l2 loss = 32.54 (max 14.95), (true 239, predicted [552])
attack: step 10/10, xent loss = 24.4976, l2 loss = 33.8559 (max 14.95), (true 239, predicted [552])
check failed
true = 239, adv = 552
evaluating 628 of [620, 630)
attack: step 1/10, xent loss = 13.4271, l2 loss = 18.4829 (max 14.95), (true 605, predicted [816])
attack: step 2/10, xent loss = 15.4235, l2 loss = 19.6565 (max 14.95), (true 605, predicted [816])
attack: step 3/10, xent loss = 14.492, l2 loss = 20.6759 (max 14.95), (true 605, predicted [816])
attack: step 4/10, xent loss = 17.2418, l2 loss = 21.3689 (max 14.95), (true 605, predicted [816])
attack: step 5/10, xent loss = 18.3239, l2 loss = 22.536 (max 14.95), (true 605, predicted [816])
attack: step 6/10, xent loss = 19.8124, l2 loss = 23.4451 (max 14.95), (true 605, predicted [816])
attack: step 7/10, xent loss = 18.6353, l2 loss = 24.2668 (max 14.95), (true 605, predicted [816])
attack: step 8/10, xent loss = 20.8332, l2 loss = 25.0693 (max 14.95), (true 605, predicted [816])
attack: step 9/10, xent loss = 19.8642, l2 loss = 25.8593 (max 14.95), (true 605, predicted [816])
attack: step 10/10, xent loss = 21.2257, l2 loss = 26.7468 (max 14.95), (true 605, predicted [816])
check failed
true = 605, adv = 816
evaluating 629 of [620, 630)
attack: step 1/10, xent loss = 24.0306, l2 loss = 24.6878 (max 14.95), (true 196, predicted [728])
attack: step 2/10, xent loss = 20.1953, l2 loss = 26.2484 (max 14.95), (true 196, predicted [728])
attack: step 3/10, xent loss = 19.0479, l2 loss = 27.3213 (max 14.95), (true 196, predicted [728])
attack: step 4/10, xent loss = 23.7002, l2 loss = 28.3344 (max 14.95), (true 196, predicted [728])
attack: step 5/10, xent loss = 26.0764, l2 loss = 30.8629 (max 14.95), (true 196, predicted [728])
attack: step 6/10, xent loss = 24.505, l2 loss = 32.4257 (max 14.95), (true 196, predicted [728])
attack: step 7/10, xent loss = 27.6044, l2 loss = 33.6945 (max 14.95), (true 196, predicted [728])
attack: step 8/10, xent loss = 25.456, l2 loss = 34.709 (max 14.95), (true 196, predicted [728])
attack: step 9/10, xent loss = 26.4479, l2 loss = 35.8471 (max 14.95), (true 196, predicted [728])
attack: step 10/10, xent loss = 29.4263, l2 loss = 37.5975 (max 14.95), (true 196, predicted [728])
check failed
true = 196, adv = 728
