2019-11-04 07:20:27.687735: I tensorflow/core/platform/cpu_feature_guard.cc:141] Your CPU supports instructions that this TensorFlow binary was not compiled to use: SSE4.1 SSE4.2 AVX AVX2 FMA
2019-11-04 07:20:27.720139: I tensorflow/core/platform/profile_utils/cpu_utils.cc:94] CPU Frequency: 2600125000 Hz
2019-11-04 07:20:27.720385: I tensorflow/compiler/xla/service/service.cc:150] XLA service 0x55555902ebb0 executing computations on platform Host. Devices:
2019-11-04 07:20:27.720421: I tensorflow/compiler/xla/service/service.cc:158]   StreamExecutor device (0): <undefined>, <undefined>
2019-11-04 07:20:27.720827: I tensorflow/core/common_runtime/process_util.cc:71] Creating new thread pool with default inter op setting: 2. Tune using inter_op_parallelism_threads for best performance.
evaluating 950 of [950, 960)
attack: step 1/1, xent loss = 8.79214, l2 loss = 31.7555 (max 14.95), (true 876, predicted [669])
check failed
true = 876, adv = 669
evaluating 951 of [950, 960)
attack: step 1/1, xent loss = 10.5761, l2 loss = 18.6813 (max 14.95), (true 477, predicted [732])
check failed
true = 477, adv = 732
evaluating 952 of [950, 960)
attack: step 1/1, xent loss = 12.0081, l2 loss = 22.1147 (max 14.95), (true 446, predicted [551])
check failed
true = 446, adv = 551
evaluating 953 of [950, 960)
attack: step 1/1, xent loss = 3.42736, l2 loss = 6.68059 (max 14.95), (true 1, predicted [29])
true = 1, adv = 942
evaluating 954 of [950, 960)
attack: step 1/1, xent loss = 4.67077, l2 loss = 23.0341 (max 14.95), (true 553, predicted [410])
check failed
true = 553, adv = 410
evaluating 955 of [950, 960)
attack: step 1/1, xent loss = 6.31352, l2 loss = 33.535 (max 14.95), (true 465, predicted [787])
check failed
true = 465, adv = 693
evaluating 956 of [950, 960)
attack: step 1/1, xent loss = 9.03175, l2 loss = 24.2611 (max 14.95), (true 713, predicted [492])
check failed
true = 713, adv = 519
evaluating 957 of [950, 960)
attack: step 1/1, xent loss = 0.0647257, l2 loss = 0.31088 (max 14.95), (true 697, predicted [697])
true = 697, adv = 697
evaluating 958 of [950, 960)
attack: step 1/1, xent loss = 15.5381, l2 loss = 30.4963 (max 14.95), (true 446, predicted [728])
check failed
true = 446, adv = 728
evaluating 959 of [950, 960)
attack: step 1/1, xent loss = 0.238835, l2 loss = 11.2764 (max 14.95), (true 264, predicted [264])
true = 264, adv = 218
