2019-10-25 19:59:04.141400: I tensorflow/core/platform/cpu_feature_guard.cc:141] Your CPU supports instructions that this TensorFlow binary was not compiled to use: SSE4.1 SSE4.2 AVX AVX2 FMA
2019-10-25 19:59:04.186641: I tensorflow/core/platform/profile_utils/cpu_utils.cc:94] CPU Frequency: 2600110000 Hz
2019-10-25 19:59:04.188540: I tensorflow/compiler/xla/service/service.cc:150] XLA service 0x55555902ff50 executing computations on platform Host. Devices:
2019-10-25 19:59:04.188803: I tensorflow/compiler/xla/service/service.cc:158]   StreamExecutor device (0): <undefined>, <undefined>
2019-10-25 19:59:04.190341: I tensorflow/core/common_runtime/process_util.cc:71] Creating new thread pool with default inter op setting: 2. Tune using inter_op_parallelism_threads for best performance.
evaluating 730 of [730, 740)
attack: step 1/10, xent loss = 0.00793129, l2 loss = 0.548517 (max 14.95), (true 938, predicted [938])
attack: step 2/10, xent loss = 0.0108669, l2 loss = 0.555333 (max 14.95), (true 938, predicted [938])
attack: step 3/10, xent loss = 0.0025181, l2 loss = 0.55995 (max 14.95), (true 938, predicted [938])
attack: step 4/10, xent loss = 0.00510674, l2 loss = 0.560828 (max 14.95), (true 938, predicted [938])
attack: step 5/10, xent loss = 0.0189118, l2 loss = 0.562898 (max 14.95), (true 938, predicted [938])
attack: step 6/10, xent loss = 0.0130501, l2 loss = 0.573228 (max 14.95), (true 938, predicted [938])
attack: step 7/10, xent loss = 0.00791615, l2 loss = 0.58129 (max 14.95), (true 938, predicted [938])
attack: step 8/10, xent loss = 0.019555, l2 loss = 0.584194 (max 14.95), (true 938, predicted [938])
attack: step 9/10, xent loss = 0.00790941, l2 loss = 0.593706 (max 14.95), (true 938, predicted [938])
attack: step 10/10, xent loss = 0.00683423, l2 loss = 0.596691 (max 14.95), (true 938, predicted [938])
true = 938, adv = 938
evaluating 731 of [730, 740)
attack: step 1/10, xent loss = 17.4479, l2 loss = 23.1662 (max 14.95), (true 516, predicted [728])
unbound attack returning early
check failed
true = 516, adv = 728
evaluating 732 of [730, 740)
attack: step 1/10, xent loss = 19.6154, l2 loss = 27.7066 (max 14.95), (true 650, predicted [819])
unbound attack returning early
check failed
true = 650, adv = 819
evaluating 733 of [730, 740)
attack: step 1/10, xent loss = 9.83499, l2 loss = 11.946 (max 14.95), (true 796, predicted [552])
returning early
true = 796, adv = 552
evaluating 734 of [730, 740)
attack: step 1/10, xent loss = 16.6135, l2 loss = 20.7891 (max 14.95), (true 28, predicted [62])
unbound attack returning early
check failed
true = 28, adv = 62
evaluating 735 of [730, 740)
attack: step 1/10, xent loss = 42.9343, l2 loss = 37.0819 (max 14.95), (true 825, predicted [700])
unbound attack returning early
check failed
true = 825, adv = 700
evaluating 736 of [730, 740)
attack: step 1/10, xent loss = 12.3233, l2 loss = 13.8299 (max 14.95), (true 340, predicted [940])
returning early
true = 340, adv = 940
evaluating 737 of [730, 740)
attack: step 1/10, xent loss = 0.00352737, l2 loss = 0.0405666 (max 14.95), (true 986, predicted [986])
attack: step 2/10, xent loss = 0.00095322, l2 loss = 0.0435214 (max 14.95), (true 986, predicted [986])
attack: step 3/10, xent loss = 0.00313981, l2 loss = 0.0440814 (max 14.95), (true 986, predicted [986])
attack: step 4/10, xent loss = 0.00179773, l2 loss = 0.0464434 (max 14.95), (true 986, predicted [986])
attack: step 5/10, xent loss = 0.00117257, l2 loss = 0.0476401 (max 14.95), (true 986, predicted [986])
attack: step 6/10, xent loss = 0.0043233, l2 loss = 0.0483771 (max 14.95), (true 986, predicted [986])
attack: step 7/10, xent loss = 0.000812439, l2 loss = 0.0520761 (max 14.95), (true 986, predicted [986])
attack: step 8/10, xent loss = 0.00229572, l2 loss = 0.0524242 (max 14.95), (true 986, predicted [986])
attack: step 9/10, xent loss = 0.00272665, l2 loss = 0.0538656 (max 14.95), (true 986, predicted [986])
attack: step 10/10, xent loss = 0.00488659, l2 loss = 0.0555179 (max 14.95), (true 986, predicted [986])
true = 986, adv = 986
evaluating 738 of [730, 740)
attack: step 1/10, xent loss = 11.4199, l2 loss = 13.1871 (max 14.95), (true 231, predicted [152])
returning early
true = 231, adv = 152
evaluating 739 of [730, 740)
attack: step 1/10, xent loss = 8.95763, l2 loss = 14.7227 (max 14.95), (true 98, predicted [133])
returning early
true = 98, adv = 133
