2019-06-06 00:07:13.918393: I tensorflow/core/platform/cpu_feature_guard.cc:141] Your CPU supports instructions that this TensorFlow binary was not compiled to use: SSE4.1 SSE4.2 AVX AVX2 FMA
2019-06-06 00:07:15.023083: I tensorflow/core/platform/profile_utils/cpu_utils.cc:94] CPU Frequency: 2600155000 Hz
2019-06-06 00:07:15.034422: I tensorflow/compiler/xla/service/service.cc:150] XLA service 0x2aaae6fc15f0 executing computations on platform Host. Devices:
2019-06-06 00:07:15.034465: I tensorflow/compiler/xla/service/service.cc:158]   StreamExecutor device (0): <undefined>, <undefined>
2019-06-06 00:07:15.035467: I tensorflow/core/common_runtime/process_util.cc:71] Creating new thread pool with default inter op setting: 2. Tune using inter_op_parallelism_threads for best performance.
evaluating 770 of [770, 780)
attack: step 1/10, xent loss = 2.25504, l2 loss = 0 (max 14.95), (true 737, predicted [907])
attack: step 2/10, xent loss = 0.927152, l2 loss = 4.10243 (max 14.95), (true 737, predicted [737])
attack: step 3/10, xent loss = 3.8036, l2 loss = 4.51159 (max 14.95), (true 737, predicted [417])
attack: step 4/10, xent loss = 1.01295, l2 loss = 6.40413 (max 14.95), (true 737, predicted [737])
attack: step 5/10, xent loss = 1.29489, l2 loss = 6.85148 (max 14.95), (true 737, predicted [737])
attack: step 6/10, xent loss = 3.01022, l2 loss = 8.1061 (max 14.95), (true 737, predicted [417])
attack: step 7/10, xent loss = 4.54631, l2 loss = 9.51772 (max 14.95), (true 737, predicted [557])
attack: step 8/10, xent loss = 2.43142, l2 loss = 10.5247 (max 14.95), (true 737, predicted [737])
attack: step 9/10, xent loss = 0.960395, l2 loss = 11.4055 (max 14.95), (true 737, predicted [737])
attack: step 10/10, xent loss = 4.94413, l2 loss = 11.901 (max 14.95), (true 737, predicted [478])
true = 737, adv = 692
evaluating 771 of [770, 780)
attack: step 1/10, xent loss = 1.58424, l2 loss = 0 (max 14.95), (true 629, predicted [551])
attack: step 2/10, xent loss = 1.39514, l2 loss = 3.7125 (max 14.95), (true 629, predicted [551])
attack: step 3/10, xent loss = 1.01629, l2 loss = 5.93536 (max 14.95), (true 629, predicted [551])
attack: step 4/10, xent loss = 0.475911, l2 loss = 6.71023 (max 14.95), (true 629, predicted [629])
attack: step 5/10, xent loss = 0.45133, l2 loss = 7.17844 (max 14.95), (true 629, predicted [629])
attack: step 6/10, xent loss = 1.68078, l2 loss = 7.4942 (max 14.95), (true 629, predicted [551])
attack: step 7/10, xent loss = 1.51869, l2 loss = 8.37228 (max 14.95), (true 629, predicted [551])
attack: step 8/10, xent loss = 2.8327, l2 loss = 9.45199 (max 14.95), (true 629, predicted [551])
attack: step 9/10, xent loss = 1.24735, l2 loss = 10.3979 (max 14.95), (true 629, predicted [551])
attack: step 10/10, xent loss = 2.01786, l2 loss = 11.0725 (max 14.95), (true 629, predicted [551])
true = 629, adv = 551
evaluating 772 of [770, 780)
attack: step 1/10, xent loss = 8.21601, l2 loss = 0 (max 14.95), (true 375, predicted [557])
attack: step 2/10, xent loss = 9.47722, l2 loss = 1.86063 (max 14.95), (true 375, predicted [723])
attack: step 3/10, xent loss = 9.61568, l2 loss = 3.75216 (max 14.95), (true 375, predicted [557])
attack: step 4/10, xent loss = 8.69259, l2 loss = 4.41545 (max 14.95), (true 375, predicted [723])
attack: step 5/10, xent loss = 9.84836, l2 loss = 5.28169 (max 14.95), (true 375, predicted [723])
attack: step 6/10, xent loss = 9.11206, l2 loss = 6.08289 (max 14.95), (true 375, predicted [723])
attack: step 7/10, xent loss = 9.5151, l2 loss = 7.28229 (max 14.95), (true 375, predicted [723])
attack: step 8/10, xent loss = 9.51592, l2 loss = 8.05478 (max 14.95), (true 375, predicted [723])
attack: step 9/10, xent loss = 9.841, l2 loss = 8.69266 (max 14.95), (true 375, predicted [723])
attack: step 10/10, xent loss = 8.70671, l2 loss = 9.14746 (max 14.95), (true 375, predicted [723])
true = 375, adv = 723
evaluating 773 of [770, 780)
attack: step 1/10, xent loss = 8.32156, l2 loss = 0 (max 14.95), (true 363, predicted [645])
attack: step 2/10, xent loss = 7.07002, l2 loss = 2.70309 (max 14.95), (true 363, predicted [478])
attack: step 3/10, xent loss = 9.24796, l2 loss = 4.04112 (max 14.95), (true 363, predicted [478])
attack: step 4/10, xent loss = 7.38903, l2 loss = 6.75962 (max 14.95), (true 363, predicted [478])
attack: step 5/10, xent loss = 8.94172, l2 loss = 7.37488 (max 14.95), (true 363, predicted [478])
attack: step 6/10, xent loss = 7.8429, l2 loss = 9.05216 (max 14.95), (true 363, predicted [723])
attack: step 7/10, xent loss = 6.59047, l2 loss = 10.0149 (max 14.95), (true 363, predicted [478])
attack: step 8/10, xent loss = 7.8679, l2 loss = 10.4048 (max 14.95), (true 363, predicted [478])
attack: step 9/10, xent loss = 8.32995, l2 loss = 10.8161 (max 14.95), (true 363, predicted [478])
attack: step 10/10, xent loss = 8.41093, l2 loss = 11.1796 (max 14.95), (true 363, predicted [478])
true = 363, adv = 478
evaluating 774 of [770, 780)
attack: step 1/10, xent loss = 6.74464, l2 loss = 0 (max 14.95), (true 288, predicted [73])
attack: step 2/10, xent loss = 7.54452, l2 loss = 2.0535 (max 14.95), (true 288, predicted [723])
attack: step 3/10, xent loss = 6.73766, l2 loss = 4.34496 (max 14.95), (true 288, predicted [51])
attack: step 4/10, xent loss = 6.97625, l2 loss = 6.0764 (max 14.95), (true 288, predicted [723])
attack: step 5/10, xent loss = 7.51562, l2 loss = 7.26271 (max 14.95), (true 288, predicted [723])
attack: step 6/10, xent loss = 7.66992, l2 loss = 7.7124 (max 14.95), (true 288, predicted [51])
attack: step 7/10, xent loss = 7.23248, l2 loss = 8.32807 (max 14.95), (true 288, predicted [723])
attack: step 8/10, xent loss = 7.23669, l2 loss = 9.51155 (max 14.95), (true 288, predicted [723])
attack: step 9/10, xent loss = 7.85404, l2 loss = 10.4023 (max 14.95), (true 288, predicted [723])
attack: step 10/10, xent loss = 7.86349, l2 loss = 11.6248 (max 14.95), (true 288, predicted [723])
true = 288, adv = 723
evaluating 775 of [770, 780)
attack: step 1/10, xent loss = 6.44698, l2 loss = 0 (max 14.95), (true 548, predicted [478])
attack: step 2/10, xent loss = 10.3664, l2 loss = 5.49869 (max 14.95), (true 548, predicted [915])
attack: step 3/10, xent loss = 10.769, l2 loss = 9.87133 (max 14.95), (true 548, predicted [915])
attack: step 4/10, xent loss = 8.50041, l2 loss = 12.7302 (max 14.95), (true 548, predicted [915])
attack: step 5/10, xent loss = 10.1737, l2 loss = 14.7611 (max 14.95), (true 548, predicted [915])
attack: step 6/10, xent loss = 12.1818, l2 loss = 17.0656 (max 14.95), (true 548, predicted [915])
attack: step 7/10, xent loss = 15.5813, l2 loss = 19.2377 (max 14.95), (true 548, predicted [915])
attack: step 8/10, xent loss = 8.79895, l2 loss = 20.7784 (max 14.95), (true 548, predicted [478])
attack: step 9/10, xent loss = 12.796, l2 loss = 21.2877 (max 14.95), (true 548, predicted [915])
attack: step 10/10, xent loss = 9.65105, l2 loss = 23.2873 (max 14.95), (true 548, predicted [915])
check failed
true = 548, adv = 915
evaluating 776 of [770, 780)
attack: step 1/10, xent loss = 0.689546, l2 loss = 0 (max 14.95), (true 807, predicted [807])
attack: step 2/10, xent loss = 0.100589, l2 loss = 2.82463 (max 14.95), (true 807, predicted [807])
attack: step 3/10, xent loss = 0.575627, l2 loss = 2.88996 (max 14.95), (true 807, predicted [807])
attack: step 4/10, xent loss = 1.61726, l2 loss = 3.62348 (max 14.95), (true 807, predicted [807])
attack: step 5/10, xent loss = 1.89651, l2 loss = 5.94246 (max 14.95), (true 807, predicted [868])
attack: step 6/10, xent loss = 1.03586, l2 loss = 7.63534 (max 14.95), (true 807, predicted [807])
attack: step 7/10, xent loss = 1.30063, l2 loss = 8.63598 (max 14.95), (true 807, predicted [807])
attack: step 8/10, xent loss = 2.6297, l2 loss = 9.67037 (max 14.95), (true 807, predicted [478])
attack: step 9/10, xent loss = 3.22533, l2 loss = 11.1057 (max 14.95), (true 807, predicted [868])
attack: step 10/10, xent loss = 4.17378, l2 loss = 12.2558 (max 14.95), (true 807, predicted [703])
true = 807, adv = 868
evaluating 777 of [770, 780)
attack: step 1/10, xent loss = 5.85478, l2 loss = 0 (max 14.95), (true 64, predicted [672])
attack: step 2/10, xent loss = 8.45579, l2 loss = 3.6218 (max 14.95), (true 64, predicted [728])
attack: step 3/10, xent loss = 7.48106, l2 loss = 9.61696 (max 14.95), (true 64, predicted [672])
attack: step 4/10, xent loss = 6.83439, l2 loss = 10.8002 (max 14.95), (true 64, predicted [672])
attack: step 5/10, xent loss = 6.93437, l2 loss = 11.8088 (max 14.95), (true 64, predicted [672])
attack: step 6/10, xent loss = 8.17368, l2 loss = 12.3354 (max 14.95), (true 64, predicted [728])
attack: step 7/10, xent loss = 8.81912, l2 loss = 15.0291 (max 14.95), (true 64, predicted [728])
attack: step 8/10, xent loss = 8.32974, l2 loss = 18.0294 (max 14.95), (true 64, predicted [728])
attack: step 9/10, xent loss = 10.1367, l2 loss = 19.2152 (max 14.95), (true 64, predicted [728])
attack: step 10/10, xent loss = 9.19666, l2 loss = 21.8036 (max 14.95), (true 64, predicted [672])
check failed
true = 64, adv = 728
evaluating 778 of [770, 780)
attack: step 1/10, xent loss = 9.53487, l2 loss = 0 (max 14.95), (true 603, predicted [723])
attack: step 2/10, xent loss = 8.71008, l2 loss = 2.42423 (max 14.95), (true 603, predicted [723])
attack: step 3/10, xent loss = 9.62166, l2 loss = 3.90188 (max 14.95), (true 603, predicted [645])
attack: step 4/10, xent loss = 9.46236, l2 loss = 5.52605 (max 14.95), (true 603, predicted [723])
attack: step 5/10, xent loss = 9.37324, l2 loss = 5.91711 (max 14.95), (true 603, predicted [723])
attack: step 6/10, xent loss = 8.85452, l2 loss = 6.34079 (max 14.95), (true 603, predicted [723])
attack: step 7/10, xent loss = 8.67138, l2 loss = 7.6342 (max 14.95), (true 603, predicted [723])
attack: step 8/10, xent loss = 9.82719, l2 loss = 8.12263 (max 14.95), (true 603, predicted [645])
attack: step 9/10, xent loss = 11.6744, l2 loss = 8.64832 (max 14.95), (true 603, predicted [645])
attack: step 10/10, xent loss = 8.70869, l2 loss = 9.70548 (max 14.95), (true 603, predicted [723])
true = 603, adv = 645
evaluating 779 of [770, 780)
attack: step 1/10, xent loss = 10.2969, l2 loss = 0 (max 14.95), (true 388, predicted [728])
attack: step 2/10, xent loss = 7.94111, l2 loss = 6.26273 (max 14.95), (true 388, predicted [728])
attack: step 3/10, xent loss = 11.7736, l2 loss = 9.39011 (max 14.95), (true 388, predicted [728])
attack: step 4/10, xent loss = 9.14138, l2 loss = 11.9002 (max 14.95), (true 388, predicted [728])
attack: step 5/10, xent loss = 11.8445, l2 loss = 13.7763 (max 14.95), (true 388, predicted [728])
attack: step 6/10, xent loss = 12.1226, l2 loss = 15.446 (max 14.95), (true 388, predicted [728])
attack: step 7/10, xent loss = 9.81513, l2 loss = 16.9067 (max 14.95), (true 388, predicted [728])
attack: step 8/10, xent loss = 11.1556, l2 loss = 17.9822 (max 14.95), (true 388, predicted [728])
attack: step 9/10, xent loss = 13.6108, l2 loss = 18.8848 (max 14.95), (true 388, predicted [728])
attack: step 10/10, xent loss = 12.1291, l2 loss = 20.1201 (max 14.95), (true 388, predicted [728])
check failed
true = 388, adv = 728
