2019-06-28 06:36:07.516752: I tensorflow/core/platform/cpu_feature_guard.cc:141] Your CPU supports instructions that this TensorFlow binary was not compiled to use: SSE4.1 SSE4.2 AVX AVX2 FMA
2019-06-28 06:36:07.522886: I tensorflow/core/platform/profile_utils/cpu_utils.cc:94] CPU Frequency: 2599985000 Hz
2019-06-28 06:36:07.523009: I tensorflow/compiler/xla/service/service.cc:150] XLA service 0x2aaae74bf620 executing computations on platform Host. Devices:
2019-06-28 06:36:07.523029: I tensorflow/compiler/xla/service/service.cc:158]   StreamExecutor device (0): <undefined>, <undefined>
2019-06-28 06:36:07.523216: I tensorflow/core/common_runtime/process_util.cc:71] Creating new thread pool with default inter op setting: 2. Tune using inter_op_parallelism_threads for best performance.
evaluating 130 of [130, 140)
attack: step 1/10, xent loss = 14.7028, l2 loss = 20.4358 (max 14.95), (true 30, predicted [728])
attack: step 2/10, xent loss = 15.1312, l2 loss = 21.4007 (max 14.95), (true 30, predicted [728])
attack: step 3/10, xent loss = 17.8972, l2 loss = 22.3277 (max 14.95), (true 30, predicted [728])
attack: step 4/10, xent loss = 20.5112, l2 loss = 23.1171 (max 14.95), (true 30, predicted [728])
attack: step 5/10, xent loss = 19.4409, l2 loss = 23.869 (max 14.95), (true 30, predicted [728])
attack: step 6/10, xent loss = 19.3592, l2 loss = 24.7714 (max 14.95), (true 30, predicted [728])
attack: step 7/10, xent loss = 20.6159, l2 loss = 25.7583 (max 14.95), (true 30, predicted [728])
attack: step 8/10, xent loss = 20.1476, l2 loss = 26.2987 (max 14.95), (true 30, predicted [728])
attack: step 9/10, xent loss = 21.167, l2 loss = 27.2085 (max 14.95), (true 30, predicted [728])
attack: step 10/10, xent loss = 20.6229, l2 loss = 28.2218 (max 14.95), (true 30, predicted [728])
check failed
true = 30, adv = 728
evaluating 131 of [130, 140)
attack: step 1/10, xent loss = 17.5907, l2 loss = 20.4329 (max 14.95), (true 974, predicted [700])
attack: step 2/10, xent loss = 19.0547, l2 loss = 22.4062 (max 14.95), (true 974, predicted [700])
attack: step 3/10, xent loss = 20.7706, l2 loss = 25.1281 (max 14.95), (true 974, predicted [700])
attack: step 4/10, xent loss = 22.8269, l2 loss = 26.3428 (max 14.95), (true 974, predicted [700])
attack: step 5/10, xent loss = 21.5244, l2 loss = 27.5758 (max 14.95), (true 974, predicted [700])
attack: step 6/10, xent loss = 24.7342, l2 loss = 29.1222 (max 14.95), (true 974, predicted [700])
attack: step 7/10, xent loss = 25.7858, l2 loss = 30.4185 (max 14.95), (true 974, predicted [700])
attack: step 8/10, xent loss = 28.5442, l2 loss = 31.909 (max 14.95), (true 974, predicted [700])
attack: step 9/10, xent loss = 27.3118, l2 loss = 33.4923 (max 14.95), (true 974, predicted [700])
attack: step 10/10, xent loss = 30.6777, l2 loss = 34.7817 (max 14.95), (true 974, predicted [700])
check failed
true = 974, adv = 700
evaluating 132 of [130, 140)
attack: step 1/10, xent loss = 13.1346, l2 loss = 16.6663 (max 14.95), (true 70, predicted [728])
attack: step 2/10, xent loss = 14.558, l2 loss = 18.4798 (max 14.95), (true 70, predicted [728])
attack: step 3/10, xent loss = 15.6975, l2 loss = 19.5561 (max 14.95), (true 70, predicted [728])
attack: step 4/10, xent loss = 14.9827, l2 loss = 20.6791 (max 14.95), (true 70, predicted [728])
attack: step 5/10, xent loss = 19.4784, l2 loss = 21.7574 (max 14.95), (true 70, predicted [728])
attack: step 6/10, xent loss = 15.7699, l2 loss = 23.58 (max 14.95), (true 70, predicted [728])
attack: step 7/10, xent loss = 21.9052, l2 loss = 25.4109 (max 14.95), (true 70, predicted [728])
attack: step 8/10, xent loss = 18.7537, l2 loss = 26.7085 (max 14.95), (true 70, predicted [728])
attack: step 9/10, xent loss = 23.6958, l2 loss = 28.5635 (max 14.95), (true 70, predicted [728])
attack: step 10/10, xent loss = 25.1322, l2 loss = 29.7035 (max 14.95), (true 70, predicted [728])
check failed
true = 70, adv = 728
evaluating 133 of [130, 140)
attack: step 1/10, xent loss = 10.7703, l2 loss = 14.4261 (max 14.95), (true 813, predicted [869])
attack: step 2/10, xent loss = 10.8966, l2 loss = 15.215 (max 14.95), (true 813, predicted [869])
attack: step 3/10, xent loss = 11.6955, l2 loss = 15.4811 (max 14.95), (true 813, predicted [869])
attack: step 4/10, xent loss = 12.059, l2 loss = 16.4573 (max 14.95), (true 813, predicted [869])
attack: step 5/10, xent loss = 12.8906, l2 loss = 17.4924 (max 14.95), (true 813, predicted [869])
attack: step 6/10, xent loss = 12.3722, l2 loss = 18.2356 (max 14.95), (true 813, predicted [869])
attack: step 7/10, xent loss = 13.699, l2 loss = 19.1727 (max 14.95), (true 813, predicted [869])
attack: step 8/10, xent loss = 15.1075, l2 loss = 20.1326 (max 14.95), (true 813, predicted [869])
attack: step 9/10, xent loss = 14.572, l2 loss = 20.5654 (max 14.95), (true 813, predicted [869])
attack: step 10/10, xent loss = 14.7325, l2 loss = 21.1179 (max 14.95), (true 813, predicted [869])
check failed
true = 813, adv = 869
evaluating 134 of [130, 140)
attack: step 1/10, xent loss = 11.1186, l2 loss = 16.0568 (max 14.95), (true 834, predicted [514])
attack: step 2/10, xent loss = 13.1314, l2 loss = 16.7794 (max 14.95), (true 834, predicted [514])
attack: step 3/10, xent loss = 12.8523, l2 loss = 17.5569 (max 14.95), (true 834, predicted [514])
attack: step 4/10, xent loss = 14.6999, l2 loss = 18.4651 (max 14.95), (true 834, predicted [514])
attack: step 5/10, xent loss = 16.795, l2 loss = 19.3837 (max 14.95), (true 834, predicted [514])
attack: step 6/10, xent loss = 17.0832, l2 loss = 20.0809 (max 14.95), (true 834, predicted [514])
attack: step 7/10, xent loss = 19.0437, l2 loss = 21.0598 (max 14.95), (true 834, predicted [514])
attack: step 8/10, xent loss = 21.1311, l2 loss = 21.9413 (max 14.95), (true 834, predicted [514])
attack: step 9/10, xent loss = 17.7684, l2 loss = 23.0094 (max 14.95), (true 834, predicted [514])
attack: step 10/10, xent loss = 19.8761, l2 loss = 23.6012 (max 14.95), (true 834, predicted [514])
check failed
true = 834, adv = 514
evaluating 135 of [130, 140)
attack: step 1/10, xent loss = 29.9639, l2 loss = 27.9093 (max 14.95), (true 420, predicted [728])
attack: step 2/10, xent loss = 29.5027, l2 loss = 29.3194 (max 14.95), (true 420, predicted [728])
attack: step 3/10, xent loss = 37.3799, l2 loss = 31.042 (max 14.95), (true 420, predicted [728])
attack: step 4/10, xent loss = 35.7416, l2 loss = 32.357 (max 14.95), (true 420, predicted [728])
attack: step 5/10, xent loss = 35.5641, l2 loss = 33.694 (max 14.95), (true 420, predicted [728])
attack: step 6/10, xent loss = 38.5475, l2 loss = 34.8562 (max 14.95), (true 420, predicted [728])
attack: step 7/10, xent loss = 35.3548, l2 loss = 36.2104 (max 14.95), (true 420, predicted [728])
attack: step 8/10, xent loss = 36.8007, l2 loss = 37.5231 (max 14.95), (true 420, predicted [728])
attack: step 9/10, xent loss = 41.159, l2 loss = 38.9328 (max 14.95), (true 420, predicted [728])
attack: step 10/10, xent loss = 39.5314, l2 loss = 40.0055 (max 14.95), (true 420, predicted [728])
check failed
true = 420, adv = 728
evaluating 136 of [130, 140)
attack: step 1/10, xent loss = 9.29967, l2 loss = 11.6758 (max 14.95), (true 974, predicted [728])
attack: step 2/10, xent loss = 8.45507, l2 loss = 12.3951 (max 14.95), (true 974, predicted [728])
attack: step 3/10, xent loss = 9.36723, l2 loss = 12.5504 (max 14.95), (true 974, predicted [728])
attack: step 4/10, xent loss = 9.62211, l2 loss = 13.1048 (max 14.95), (true 974, predicted [728])
attack: step 5/10, xent loss = 11.6227, l2 loss = 13.7414 (max 14.95), (true 974, predicted [728])
attack: step 6/10, xent loss = 12.1906, l2 loss = 14.9605 (max 14.95), (true 974, predicted [728])
attack: step 7/10, xent loss = 13.7647, l2 loss = 16.8347 (max 14.95), (true 974, predicted [728])
attack: step 8/10, xent loss = 14.6819, l2 loss = 18.5081 (max 14.95), (true 974, predicted [728])
attack: step 9/10, xent loss = 13.8506, l2 loss = 19.6453 (max 14.95), (true 974, predicted [728])
attack: step 10/10, xent loss = 15.077, l2 loss = 21.2832 (max 14.95), (true 974, predicted [728])
check failed
true = 974, adv = 728
evaluating 137 of [130, 140)
attack: step 1/10, xent loss = 7.28201, l2 loss = 9.27044 (max 14.95), (true 479, predicted [751])
attack: step 2/10, xent loss = 7.61673, l2 loss = 9.72445 (max 14.95), (true 479, predicted [751])
attack: step 3/10, xent loss = 8.27673, l2 loss = 10.2694 (max 14.95), (true 479, predicted [751])
attack: step 4/10, xent loss = 7.91569, l2 loss = 10.6289 (max 14.95), (true 479, predicted [751])
attack: step 5/10, xent loss = 7.44139, l2 loss = 10.9929 (max 14.95), (true 479, predicted [751])
attack: step 6/10, xent loss = 7.69332, l2 loss = 11.7152 (max 14.95), (true 479, predicted [751])
attack: step 7/10, xent loss = 8.02264, l2 loss = 12.1104 (max 14.95), (true 479, predicted [751])
attack: step 8/10, xent loss = 7.63639, l2 loss = 12.6228 (max 14.95), (true 479, predicted [751])
attack: step 9/10, xent loss = 8.38134, l2 loss = 12.8822 (max 14.95), (true 479, predicted [751])
attack: step 10/10, xent loss = 7.81635, l2 loss = 13.2749 (max 14.95), (true 479, predicted [751])
true = 479, adv = 751
evaluating 138 of [130, 140)
attack: step 1/10, xent loss = 0.0109907, l2 loss = 0.147788 (max 14.95), (true 822, predicted [822])
attack: step 2/10, xent loss = 0.00398295, l2 loss = 0.155311 (max 14.95), (true 822, predicted [822])
attack: step 3/10, xent loss = 0.0076377, l2 loss = 0.156662 (max 14.95), (true 822, predicted [822])
attack: step 4/10, xent loss = 0.0105166, l2 loss = 0.160885 (max 14.95), (true 822, predicted [822])
attack: step 5/10, xent loss = 0.0105077, l2 loss = 0.168067 (max 14.95), (true 822, predicted [822])
attack: step 6/10, xent loss = 0.00678178, l2 loss = 0.176374 (max 14.95), (true 822, predicted [822])
attack: step 7/10, xent loss = 0.00578562, l2 loss = 0.179497 (max 14.95), (true 822, predicted [822])
attack: step 8/10, xent loss = 0.00741432, l2 loss = 0.18273 (max 14.95), (true 822, predicted [822])
attack: step 9/10, xent loss = 0.00878056, l2 loss = 0.186438 (max 14.95), (true 822, predicted [822])
attack: step 10/10, xent loss = 0.0331388, l2 loss = 0.192803 (max 14.95), (true 822, predicted [822])
true = 822, adv = 822
evaluating 139 of [130, 140)
attack: step 1/10, xent loss = 22.6276, l2 loss = 23.6029 (max 14.95), (true 242, predicted [728])
attack: step 2/10, xent loss = 25.6953, l2 loss = 25.032 (max 14.95), (true 242, predicted [728])
attack: step 3/10, xent loss = 27.6124, l2 loss = 26.6805 (max 14.95), (true 242, predicted [728])
attack: step 4/10, xent loss = 24.6302, l2 loss = 28.1035 (max 14.95), (true 242, predicted [728])
attack: step 5/10, xent loss = 29.2371, l2 loss = 29.4201 (max 14.95), (true 242, predicted [728])
attack: step 6/10, xent loss = 27.7201, l2 loss = 30.5597 (max 14.95), (true 242, predicted [728])
attack: step 7/10, xent loss = 32.0575, l2 loss = 32.0494 (max 14.95), (true 242, predicted [728])
attack: step 8/10, xent loss = 27.599, l2 loss = 33.1582 (max 14.95), (true 242, predicted [728])
attack: step 9/10, xent loss = 34.8382, l2 loss = 34.2907 (max 14.95), (true 242, predicted [728])
attack: step 10/10, xent loss = 33.1519, l2 loss = 35.2088 (max 14.95), (true 242, predicted [728])
check failed
true = 242, adv = 728
