2019-06-26 22:39:49.384932: I tensorflow/core/platform/cpu_feature_guard.cc:141] Your CPU supports instructions that this TensorFlow binary was not compiled to use: SSE4.1 SSE4.2 AVX AVX2 FMA
2019-06-26 22:39:49.427699: I tensorflow/core/platform/profile_utils/cpu_utils.cc:94] CPU Frequency: 2599950000 Hz
2019-06-26 22:39:49.430519: I tensorflow/compiler/xla/service/service.cc:150] XLA service 0x2aaae6ac0580 executing computations on platform Host. Devices:
2019-06-26 22:39:49.431131: I tensorflow/compiler/xla/service/service.cc:158]   StreamExecutor device (0): <undefined>, <undefined>
2019-06-26 22:39:49.432646: I tensorflow/core/common_runtime/process_util.cc:71] Creating new thread pool with default inter op setting: 2. Tune using inter_op_parallelism_threads for best performance.
evaluating 900 of [900, 910)
attack: step 1/10, xent loss = 31.092, l2 loss = 21.8741 (max 14.95), (true 257, predicted [728])
attack: step 2/10, xent loss = 25.9825, l2 loss = 23.4634 (max 14.95), (true 257, predicted [728])
attack: step 3/10, xent loss = 32.2104, l2 loss = 25.152 (max 14.95), (true 257, predicted [728])
attack: step 4/10, xent loss = 32.03, l2 loss = 26.2738 (max 14.95), (true 257, predicted [728])
attack: step 5/10, xent loss = 34.4195, l2 loss = 27.9503 (max 14.95), (true 257, predicted [728])
attack: step 6/10, xent loss = 36.3491, l2 loss = 29.0297 (max 14.95), (true 257, predicted [728])
attack: step 7/10, xent loss = 37.2316, l2 loss = 30.2395 (max 14.95), (true 257, predicted [728])
attack: step 8/10, xent loss = 39.9557, l2 loss = 31.3394 (max 14.95), (true 257, predicted [728])
attack: step 9/10, xent loss = 41.2465, l2 loss = 32.291 (max 14.95), (true 257, predicted [728])
attack: step 10/10, xent loss = 40.5652, l2 loss = 33.3657 (max 14.95), (true 257, predicted [728])
check failed
true = 257, adv = 728
evaluating 901 of [900, 910)
attack: step 1/10, xent loss = 0.00258124, l2 loss = 0.030964 (max 14.95), (true 575, predicted [575])
attack: step 2/10, xent loss = 0.00307896, l2 loss = 0.0330458 (max 14.95), (true 575, predicted [575])
attack: step 3/10, xent loss = 0.00500319, l2 loss = 0.0351413 (max 14.95), (true 575, predicted [575])
attack: step 4/10, xent loss = 0.002101, l2 loss = 0.0415211 (max 14.95), (true 575, predicted [575])
attack: step 5/10, xent loss = 0.00268278, l2 loss = 0.0426091 (max 14.95), (true 575, predicted [575])
attack: step 6/10, xent loss = 0.00164326, l2 loss = 0.0441579 (max 14.95), (true 575, predicted [575])
attack: step 7/10, xent loss = 0.00246875, l2 loss = 0.0449482 (max 14.95), (true 575, predicted [575])
attack: step 8/10, xent loss = 0.00376172, l2 loss = 0.0464891 (max 14.95), (true 575, predicted [575])
attack: step 9/10, xent loss = 0.00289997, l2 loss = 0.0493129 (max 14.95), (true 575, predicted [575])
attack: step 10/10, xent loss = 0.00132937, l2 loss = 0.0509388 (max 14.95), (true 575, predicted [575])
true = 575, adv = 575
evaluating 902 of [900, 910)
attack: step 1/10, xent loss = 12.6947, l2 loss = 14.2289 (max 14.95), (true 679, predicted [643])
attack: step 2/10, xent loss = 12.9121, l2 loss = 15.3082 (max 14.95), (true 679, predicted [643])
attack: step 3/10, xent loss = 13.6495, l2 loss = 16.0137 (max 14.95), (true 679, predicted [643])
attack: step 4/10, xent loss = 14.1934, l2 loss = 17.1677 (max 14.95), (true 679, predicted [643])
attack: step 5/10, xent loss = 13.3909, l2 loss = 17.9046 (max 14.95), (true 679, predicted [643])
attack: step 6/10, xent loss = 14.4824, l2 loss = 18.6674 (max 14.95), (true 679, predicted [643])
attack: step 7/10, xent loss = 14.9196, l2 loss = 19.3198 (max 14.95), (true 679, predicted [643])
attack: step 8/10, xent loss = 15.4404, l2 loss = 20.2684 (max 14.95), (true 679, predicted [643])
attack: step 9/10, xent loss = 15.3153, l2 loss = 20.8683 (max 14.95), (true 679, predicted [643])
attack: step 10/10, xent loss = 15.3032, l2 loss = 21.6029 (max 14.95), (true 679, predicted [643])
check failed
true = 679, adv = 643
evaluating 903 of [900, 910)
attack: step 1/10, xent loss = 14.484, l2 loss = 13.1502 (max 14.95), (true 826, predicted [920])
attack: step 2/10, xent loss = 16.9162, l2 loss = 14.7794 (max 14.95), (true 826, predicted [920])
attack: step 3/10, xent loss = 17.4287, l2 loss = 16.0876 (max 14.95), (true 826, predicted [920])
attack: step 4/10, xent loss = 18.2825, l2 loss = 17.2253 (max 14.95), (true 826, predicted [920])
attack: step 5/10, xent loss = 18.3803, l2 loss = 18.4366 (max 14.95), (true 826, predicted [920])
attack: step 6/10, xent loss = 19.3824, l2 loss = 19.6026 (max 14.95), (true 826, predicted [920])
attack: step 7/10, xent loss = 19.7706, l2 loss = 20.5619 (max 14.95), (true 826, predicted [920])
attack: step 8/10, xent loss = 22.2811, l2 loss = 21.3968 (max 14.95), (true 826, predicted [920])
attack: step 9/10, xent loss = 20.8444, l2 loss = 22.0933 (max 14.95), (true 826, predicted [920])
attack: step 10/10, xent loss = 23.6729, l2 loss = 22.7339 (max 14.95), (true 826, predicted [920])
check failed
true = 826, adv = 920
evaluating 904 of [900, 910)
attack: step 1/10, xent loss = 16.5866, l2 loss = 19.1621 (max 14.95), (true 973, predicted [728])
attack: step 2/10, xent loss = 18.2368, l2 loss = 20.428 (max 14.95), (true 973, predicted [728])
attack: step 3/10, xent loss = 19.8656, l2 loss = 21.8901 (max 14.95), (true 973, predicted [728])
attack: step 4/10, xent loss = 24.8094, l2 loss = 23.0965 (max 14.95), (true 973, predicted [728])
attack: step 5/10, xent loss = 22.7265, l2 loss = 24.3281 (max 14.95), (true 973, predicted [728])
attack: step 6/10, xent loss = 24.3447, l2 loss = 25.5669 (max 14.95), (true 973, predicted [728])
attack: step 7/10, xent loss = 27.6826, l2 loss = 26.6011 (max 14.95), (true 973, predicted [728])
attack: step 8/10, xent loss = 25.0015, l2 loss = 28.1427 (max 14.95), (true 973, predicted [728])
attack: step 9/10, xent loss = 28.1711, l2 loss = 29.1811 (max 14.95), (true 973, predicted [728])
attack: step 10/10, xent loss = 28.7387, l2 loss = 30.3062 (max 14.95), (true 973, predicted [728])
check failed
true = 973, adv = 728
evaluating 905 of [900, 910)
attack: step 1/10, xent loss = 19.9276, l2 loss = 18.8211 (max 14.95), (true 931, predicted [941])
attack: step 2/10, xent loss = 22.0406, l2 loss = 19.6207 (max 14.95), (true 931, predicted [941])
attack: step 3/10, xent loss = 20.737, l2 loss = 21.0745 (max 14.95), (true 931, predicted [941])
attack: step 4/10, xent loss = 22.9966, l2 loss = 22.0581 (max 14.95), (true 931, predicted [941])
attack: step 5/10, xent loss = 21.2859, l2 loss = 22.9837 (max 14.95), (true 931, predicted [941])
attack: step 6/10, xent loss = 27.931, l2 loss = 24.1717 (max 14.95), (true 931, predicted [941])
attack: step 7/10, xent loss = 25.5436, l2 loss = 25.1434 (max 14.95), (true 931, predicted [941])
attack: step 8/10, xent loss = 26.5815, l2 loss = 26.1446 (max 14.95), (true 931, predicted [941])
attack: step 9/10, xent loss = 27.3233, l2 loss = 27.0033 (max 14.95), (true 931, predicted [941])
attack: step 10/10, xent loss = 27.9184, l2 loss = 28.559 (max 14.95), (true 931, predicted [941])
check failed
true = 931, adv = 941
evaluating 906 of [900, 910)
attack: step 1/10, xent loss = 8.47305, l2 loss = 11.0157 (max 14.95), (true 172, predicted [212])
attack: step 2/10, xent loss = 7.16159, l2 loss = 11.517 (max 14.95), (true 172, predicted [176])
attack: step 3/10, xent loss = 9.03432, l2 loss = 12.6536 (max 14.95), (true 172, predicted [176])
attack: step 4/10, xent loss = 8.48957, l2 loss = 13.0088 (max 14.95), (true 172, predicted [176])
attack: step 5/10, xent loss = 8.96758, l2 loss = 13.4672 (max 14.95), (true 172, predicted [176])
attack: step 6/10, xent loss = 9.52742, l2 loss = 13.7696 (max 14.95), (true 172, predicted [212])
attack: step 7/10, xent loss = 8.34756, l2 loss = 14.5561 (max 14.95), (true 172, predicted [176])
attack: step 8/10, xent loss = 10.0052, l2 loss = 14.9756 (max 14.95), (true 172, predicted [176])
attack: step 9/10, xent loss = 8.77174, l2 loss = 15.2244 (max 14.95), (true 172, predicted [176])
attack: step 10/10, xent loss = 9.62841, l2 loss = 15.5823 (max 14.95), (true 172, predicted [212])
check failed
true = 172, adv = 212
evaluating 907 of [900, 910)
attack: step 1/10, xent loss = 29.5766, l2 loss = 32.1997 (max 14.95), (true 374, predicted [728])
attack: step 2/10, xent loss = 33.348, l2 loss = 33.3589 (max 14.95), (true 374, predicted [728])
attack: step 3/10, xent loss = 34.2117, l2 loss = 34.2303 (max 14.95), (true 374, predicted [728])
attack: step 4/10, xent loss = 37.0617, l2 loss = 35.2872 (max 14.95), (true 374, predicted [728])
attack: step 5/10, xent loss = 39.231, l2 loss = 36.4233 (max 14.95), (true 374, predicted [728])
attack: step 6/10, xent loss = 37.3309, l2 loss = 37.5002 (max 14.95), (true 374, predicted [728])
attack: step 7/10, xent loss = 38.4902, l2 loss = 38.7209 (max 14.95), (true 374, predicted [728])
attack: step 8/10, xent loss = 43.1126, l2 loss = 39.8685 (max 14.95), (true 374, predicted [728])
attack: step 9/10, xent loss = 41.3306, l2 loss = 41.0383 (max 14.95), (true 374, predicted [728])
attack: step 10/10, xent loss = 40.9128, l2 loss = 41.7714 (max 14.95), (true 374, predicted [728])
check failed
true = 374, adv = 728
evaluating 908 of [900, 910)
attack: step 1/10, xent loss = 0.0729701, l2 loss = 0.525332 (max 14.95), (true 351, predicted [351])
attack: step 2/10, xent loss = 0.10297, l2 loss = 0.543184 (max 14.95), (true 351, predicted [351])
attack: step 3/10, xent loss = 0.114707, l2 loss = 0.582531 (max 14.95), (true 351, predicted [351])
attack: step 4/10, xent loss = 0.0905558, l2 loss = 0.619937 (max 14.95), (true 351, predicted [351])
attack: step 5/10, xent loss = 0.112922, l2 loss = 0.645522 (max 14.95), (true 351, predicted [351])
attack: step 6/10, xent loss = 0.0781774, l2 loss = 0.686386 (max 14.95), (true 351, predicted [351])
attack: step 7/10, xent loss = 0.121285, l2 loss = 0.707355 (max 14.95), (true 351, predicted [351])
attack: step 8/10, xent loss = 0.114911, l2 loss = 0.75565 (max 14.95), (true 351, predicted [351])
attack: step 9/10, xent loss = 0.0954008, l2 loss = 0.785986 (max 14.95), (true 351, predicted [351])
attack: step 10/10, xent loss = 0.0889657, l2 loss = 0.814157 (max 14.95), (true 351, predicted [351])
true = 351, adv = 351
evaluating 909 of [900, 910)
attack: step 1/10, xent loss = 0.781389, l2 loss = 2.79148 (max 14.95), (true 908, predicted [908])
attack: step 2/10, xent loss = 0.838028, l2 loss = 3.58282 (max 14.95), (true 908, predicted [908])
attack: step 3/10, xent loss = 1.54301, l2 loss = 4.37674 (max 14.95), (true 908, predicted [908])
attack: step 4/10, xent loss = 2.6989, l2 loss = 5.53853 (max 14.95), (true 908, predicted [908])
attack: step 5/10, xent loss = 9.13867, l2 loss = 7.93107 (max 14.95), (true 908, predicted [728])
attack: step 6/10, xent loss = 12.9357, l2 loss = 11.842 (max 14.95), (true 908, predicted [728])
attack: step 7/10, xent loss = 13.0551, l2 loss = 15.897 (max 14.95), (true 908, predicted [728])
attack: step 8/10, xent loss = 16.8595, l2 loss = 19.3465 (max 14.95), (true 908, predicted [728])
attack: step 9/10, xent loss = 18.81, l2 loss = 22.2454 (max 14.95), (true 908, predicted [728])
attack: step 10/10, xent loss = 20.3751, l2 loss = 24.0217 (max 14.95), (true 908, predicted [728])
check failed
true = 908, adv = 728
