2019-05-23 23:10:02.440918: I tensorflow/core/platform/cpu_feature_guard.cc:141] Your CPU supports instructions that this TensorFlow binary was not compiled to use: SSE4.1 SSE4.2 AVX AVX2 FMA
2019-05-23 23:10:02.449871: I tensorflow/core/platform/profile_utils/cpu_utils.cc:94] CPU Frequency: 2599945000 Hz
2019-05-23 23:10:02.450066: I tensorflow/compiler/xla/service/service.cc:150] XLA service 0x2aaae74be870 executing computations on platform Host. Devices:
2019-05-23 23:10:02.450086: I tensorflow/compiler/xla/service/service.cc:158]   StreamExecutor device (0): <undefined>, <undefined>
2019-05-23 23:10:02.450258: I tensorflow/core/common_runtime/process_util.cc:71] Creating new thread pool with default inter op setting: 2. Tune using inter_op_parallelism_threads for best performance.
evaluating 700 of [700, 710)
attack: step 1/10, xent loss = 0.013171, l2 loss = 0 (max 14.95), (true 569, predicted [569])
attack: step 2/10, xent loss = 0.0163829, l2 loss = 0.0549725 (max 14.95), (true 569, predicted [569])
attack: step 3/10, xent loss = 0.0312358, l2 loss = 0.0705116 (max 14.95), (true 569, predicted [569])
attack: step 4/10, xent loss = 0.0297351, l2 loss = 0.125691 (max 14.95), (true 569, predicted [569])
attack: step 5/10, xent loss = 0.00905951, l2 loss = 0.147015 (max 14.95), (true 569, predicted [569])
attack: step 6/10, xent loss = 0.028428, l2 loss = 0.152958 (max 14.95), (true 569, predicted [569])
attack: step 7/10, xent loss = 0.0236254, l2 loss = 0.186831 (max 14.95), (true 569, predicted [569])
attack: step 8/10, xent loss = 0.0252996, l2 loss = 0.203827 (max 14.95), (true 569, predicted [569])
attack: step 9/10, xent loss = 0.0307821, l2 loss = 0.230983 (max 14.95), (true 569, predicted [569])
attack: step 10/10, xent loss = 0.0223759, l2 loss = 0.247521 (max 14.95), (true 569, predicted [569])
true = 569, adv = 569
evaluating 701 of [700, 710)
attack: step 1/10, xent loss = 10.4442, l2 loss = 0 (max 14.95), (true 261, predicted [728])
attack: step 2/10, xent loss = 11.3295, l2 loss = 6.70697 (max 14.95), (true 261, predicted [728])
attack: step 3/10, xent loss = 12.5478, l2 loss = 10.9593 (max 14.95), (true 261, predicted [728])
attack: step 4/10, xent loss = 11.8956, l2 loss = 13.8286 (max 14.95), (true 261, predicted [728])
attack: step 5/10, xent loss = 14.9819, l2 loss = 15.4779 (max 14.95), (true 261, predicted [728])
attack: step 6/10, xent loss = 14.9164, l2 loss = 16.9385 (max 14.95), (true 261, predicted [728])
attack: step 7/10, xent loss = 15.5888, l2 loss = 18.2637 (max 14.95), (true 261, predicted [728])
attack: step 8/10, xent loss = 14.0715, l2 loss = 19.6918 (max 14.95), (true 261, predicted [728])
attack: step 9/10, xent loss = 19.4714, l2 loss = 20.9706 (max 14.95), (true 261, predicted [728])
attack: step 10/10, xent loss = 19.7894, l2 loss = 22.0411 (max 14.95), (true 261, predicted [728])
check failed
true = 261, adv = 728
evaluating 702 of [700, 710)
attack: step 1/10, xent loss = 0.975652, l2 loss = 0 (max 14.95), (true 258, predicted [270])
attack: step 2/10, xent loss = 0.211726, l2 loss = 3.12354 (max 14.95), (true 258, predicted [258])
attack: step 3/10, xent loss = 2.24222, l2 loss = 3.30549 (max 14.95), (true 258, predicted [270])
attack: step 4/10, xent loss = 3.7732, l2 loss = 5.59454 (max 14.95), (true 258, predicted [270])
attack: step 5/10, xent loss = 3.20281, l2 loss = 7.66467 (max 14.95), (true 258, predicted [270])
attack: step 6/10, xent loss = 3.87588, l2 loss = 9.76493 (max 14.95), (true 258, predicted [270])
attack: step 7/10, xent loss = 4.87312, l2 loss = 11.2824 (max 14.95), (true 258, predicted [270])
attack: step 8/10, xent loss = 5.70123, l2 loss = 12.2145 (max 14.95), (true 258, predicted [270])
attack: step 9/10, xent loss = 7.07285, l2 loss = 13.0802 (max 14.95), (true 258, predicted [270])
attack: step 10/10, xent loss = 7.41879, l2 loss = 13.5796 (max 14.95), (true 258, predicted [270])
true = 258, adv = 270
evaluating 703 of [700, 710)
attack: step 1/10, xent loss = 6.66912, l2 loss = 0 (max 14.95), (true 791, predicted [830])
attack: step 2/10, xent loss = 7.77724, l2 loss = 5.10176 (max 14.95), (true 791, predicted [559])
attack: step 3/10, xent loss = 6.80355, l2 loss = 5.75113 (max 14.95), (true 791, predicted [830])
attack: step 4/10, xent loss = 7.11107, l2 loss = 6.35719 (max 14.95), (true 791, predicted [478])
attack: step 5/10, xent loss = 6.36241, l2 loss = 7.06763 (max 14.95), (true 791, predicted [575])
attack: step 6/10, xent loss = 9.14015, l2 loss = 7.89018 (max 14.95), (true 791, predicted [788])
attack: step 7/10, xent loss = 7.81063, l2 loss = 9.20199 (max 14.95), (true 791, predicted [788])
attack: step 8/10, xent loss = 7.62092, l2 loss = 9.71321 (max 14.95), (true 791, predicted [478])
attack: step 9/10, xent loss = 7.56661, l2 loss = 9.87657 (max 14.95), (true 791, predicted [478])
attack: step 10/10, xent loss = 8.0196, l2 loss = 10.1328 (max 14.95), (true 791, predicted [788])
true = 791, adv = 788
evaluating 704 of [700, 710)
attack: step 1/10, xent loss = 2.50902, l2 loss = 0 (max 14.95), (true 35, predicted [36])
attack: step 2/10, xent loss = 4.2381, l2 loss = 3.46445 (max 14.95), (true 35, predicted [36])
attack: step 3/10, xent loss = 6.71871, l2 loss = 5.24986 (max 14.95), (true 35, predicted [728])
attack: step 4/10, xent loss = 5.74457, l2 loss = 6.83179 (max 14.95), (true 35, predicted [633])
attack: step 5/10, xent loss = 7.01852, l2 loss = 9.4631 (max 14.95), (true 35, predicted [728])
attack: step 6/10, xent loss = 11.418, l2 loss = 12.7089 (max 14.95), (true 35, predicted [728])
attack: step 7/10, xent loss = 15.1357, l2 loss = 14.4124 (max 14.95), (true 35, predicted [728])
attack: step 8/10, xent loss = 13.8053, l2 loss = 16.7471 (max 14.95), (true 35, predicted [728])
attack: step 9/10, xent loss = 18.8169, l2 loss = 18.7238 (max 14.95), (true 35, predicted [728])
attack: step 10/10, xent loss = 21.7587, l2 loss = 20.8171 (max 14.95), (true 35, predicted [728])
check failed
true = 35, adv = 728
evaluating 705 of [700, 710)
attack: step 1/10, xent loss = 5.98444, l2 loss = 0 (max 14.95), (true 963, predicted [728])
attack: step 2/10, xent loss = 6.15054, l2 loss = 3.23281 (max 14.95), (true 963, predicted [728])
attack: step 3/10, xent loss = 5.01481, l2 loss = 4.60461 (max 14.95), (true 963, predicted [934])
attack: step 4/10, xent loss = 5.52268, l2 loss = 5.42298 (max 14.95), (true 963, predicted [728])
attack: step 5/10, xent loss = 5.71586, l2 loss = 6.43935 (max 14.95), (true 963, predicted [599])
attack: step 6/10, xent loss = 6.89214, l2 loss = 6.89526 (max 14.95), (true 963, predicted [728])
attack: step 7/10, xent loss = 6.55474, l2 loss = 7.39756 (max 14.95), (true 963, predicted [728])
attack: step 8/10, xent loss = 6.70592, l2 loss = 7.87457 (max 14.95), (true 963, predicted [728])
attack: step 9/10, xent loss = 6.17652, l2 loss = 8.35902 (max 14.95), (true 963, predicted [599])
attack: step 10/10, xent loss = 7.2055, l2 loss = 8.89081 (max 14.95), (true 963, predicted [410])
true = 963, adv = 728
evaluating 706 of [700, 710)
attack: step 1/10, xent loss = 0.895526, l2 loss = 0 (max 14.95), (true 645, predicted [645])
attack: step 2/10, xent loss = 2.44219, l2 loss = 2.72601 (max 14.95), (true 645, predicted [645])
attack: step 3/10, xent loss = 0.734546, l2 loss = 5.19583 (max 14.95), (true 645, predicted [645])
attack: step 4/10, xent loss = 0.545692, l2 loss = 5.66825 (max 14.95), (true 645, predicted [645])
attack: step 5/10, xent loss = 0.367298, l2 loss = 6.09932 (max 14.95), (true 645, predicted [645])
attack: step 6/10, xent loss = 2.82031, l2 loss = 6.25412 (max 14.95), (true 645, predicted [557])
attack: step 7/10, xent loss = 1.31428, l2 loss = 7.66166 (max 14.95), (true 645, predicted [645])
attack: step 8/10, xent loss = 2.71621, l2 loss = 8.3251 (max 14.95), (true 645, predicted [728])
attack: step 9/10, xent loss = 3.41548, l2 loss = 9.60196 (max 14.95), (true 645, predicted [728])
attack: step 10/10, xent loss = 3.29033, l2 loss = 10.6735 (max 14.95), (true 645, predicted [728])
true = 645, adv = 728
evaluating 707 of [700, 710)
attack: step 1/10, xent loss = 1.4929, l2 loss = 0 (max 14.95), (true 69, predicted [69])
attack: step 2/10, xent loss = 1.9658, l2 loss = 3.15053 (max 14.95), (true 69, predicted [69])
attack: step 3/10, xent loss = 4.40077, l2 loss = 4.83744 (max 14.95), (true 69, predicted [728])
attack: step 4/10, xent loss = 3.58793, l2 loss = 10.094 (max 14.95), (true 69, predicted [728])
attack: step 5/10, xent loss = 4.15342, l2 loss = 11.1882 (max 14.95), (true 69, predicted [728])
attack: step 6/10, xent loss = 6.96728, l2 loss = 13.8435 (max 14.95), (true 69, predicted [728])
attack: step 7/10, xent loss = 11.6593, l2 loss = 17.7785 (max 14.95), (true 69, predicted [728])
attack: step 8/10, xent loss = 10.8823, l2 loss = 20.7902 (max 14.95), (true 69, predicted [728])
attack: step 9/10, xent loss = 17.0913, l2 loss = 23.5199 (max 14.95), (true 69, predicted [728])
attack: step 10/10, xent loss = 15.3816, l2 loss = 25.1177 (max 14.95), (true 69, predicted [728])
check failed
true = 69, adv = 728
evaluating 708 of [700, 710)
attack: step 1/10, xent loss = 0.591238, l2 loss = 0 (max 14.95), (true 242, predicted [242])
attack: step 2/10, xent loss = 0.705583, l2 loss = 2.67375 (max 14.95), (true 242, predicted [242])
attack: step 3/10, xent loss = 0.714844, l2 loss = 4.56629 (max 14.95), (true 242, predicted [242])
attack: step 4/10, xent loss = 1.72688, l2 loss = 4.88472 (max 14.95), (true 242, predicted [728])
attack: step 5/10, xent loss = 3.27394, l2 loss = 8.58104 (max 14.95), (true 242, predicted [728])
attack: step 6/10, xent loss = 15.5294, l2 loss = 13.185 (max 14.95), (true 242, predicted [728])
attack: step 7/10, xent loss = 15.5026, l2 loss = 17.9548 (max 14.95), (true 242, predicted [728])
attack: step 8/10, xent loss = 17.9282, l2 loss = 21.1332 (max 14.95), (true 242, predicted [728])
attack: step 9/10, xent loss = 22.2299, l2 loss = 23.5349 (max 14.95), (true 242, predicted [728])
attack: step 10/10, xent loss = 21.1288, l2 loss = 25.4622 (max 14.95), (true 242, predicted [728])
check failed
true = 242, adv = 728
evaluating 709 of [700, 710)
attack: step 1/10, xent loss = 0.0210934, l2 loss = 0 (max 14.95), (true 746, predicted [746])
attack: step 2/10, xent loss = 0.0544024, l2 loss = 0.0648872 (max 14.95), (true 746, predicted [746])
attack: step 3/10, xent loss = 0.0316547, l2 loss = 0.166541 (max 14.95), (true 746, predicted [746])
attack: step 4/10, xent loss = 0.0366538, l2 loss = 0.193815 (max 14.95), (true 746, predicted [746])
attack: step 5/10, xent loss = 0.0207095, l2 loss = 0.226274 (max 14.95), (true 746, predicted [746])
attack: step 6/10, xent loss = 0.0608361, l2 loss = 0.235121 (max 14.95), (true 746, predicted [746])
attack: step 7/10, xent loss = 0.0253394, l2 loss = 0.294498 (max 14.95), (true 746, predicted [746])
attack: step 8/10, xent loss = 0.0365333, l2 loss = 0.304491 (max 14.95), (true 746, predicted [746])
attack: step 9/10, xent loss = 0.0560897, l2 loss = 0.320183 (max 14.95), (true 746, predicted [746])
attack: step 10/10, xent loss = 0.0816758, l2 loss = 0.353056 (max 14.95), (true 746, predicted [746])
true = 746, adv = 746
