2019-06-06 00:07:13.918619: I tensorflow/core/platform/cpu_feature_guard.cc:141] Your CPU supports instructions that this TensorFlow binary was not compiled to use: SSE4.1 SSE4.2 AVX AVX2 FMA
2019-06-06 00:07:14.495073: I tensorflow/core/platform/profile_utils/cpu_utils.cc:94] CPU Frequency: 2600030000 Hz
2019-06-06 00:07:14.504047: I tensorflow/compiler/xla/service/service.cc:150] XLA service 0x2aaae6fbd280 executing computations on platform Host. Devices:
2019-06-06 00:07:14.504093: I tensorflow/compiler/xla/service/service.cc:158]   StreamExecutor device (0): <undefined>, <undefined>
2019-06-06 00:07:14.504477: I tensorflow/core/common_runtime/process_util.cc:71] Creating new thread pool with default inter op setting: 2. Tune using inter_op_parallelism_threads for best performance.
evaluating 510 of [510, 520)
attack: step 1/10, xent loss = 0.0775339, l2 loss = 0 (max 14.95), (true 610, predicted [610])
attack: step 2/10, xent loss = 0.0408827, l2 loss = 0.612647 (max 14.95), (true 610, predicted [610])
attack: step 3/10, xent loss = 0.591321, l2 loss = 0.692559 (max 14.95), (true 610, predicted [610])
attack: step 4/10, xent loss = 0.130054, l2 loss = 6.07748 (max 14.95), (true 610, predicted [610])
attack: step 5/10, xent loss = 0.345875, l2 loss = 6.16545 (max 14.95), (true 610, predicted [610])
attack: step 6/10, xent loss = 0.220195, l2 loss = 6.80084 (max 14.95), (true 610, predicted [610])
attack: step 7/10, xent loss = 0.132077, l2 loss = 7.27603 (max 14.95), (true 610, predicted [610])
attack: step 8/10, xent loss = 0.734765, l2 loss = 7.40826 (max 14.95), (true 610, predicted [610])
attack: step 9/10, xent loss = 0.0784938, l2 loss = 10.1642 (max 14.95), (true 610, predicted [610])
attack: step 10/10, xent loss = 0.281568, l2 loss = 10.1968 (max 14.95), (true 610, predicted [610])
true = 610, adv = 465
evaluating 511 of [510, 520)
attack: step 1/10, xent loss = 9.63182, l2 loss = 0 (max 14.95), (true 293, predicted [728])
attack: step 2/10, xent loss = 10.1583, l2 loss = 5.45046 (max 14.95), (true 293, predicted [728])
attack: step 3/10, xent loss = 9.36912, l2 loss = 7.38767 (max 14.95), (true 293, predicted [728])
attack: step 4/10, xent loss = 9.8536, l2 loss = 9.07661 (max 14.95), (true 293, predicted [728])
attack: step 5/10, xent loss = 10.2728, l2 loss = 10.2284 (max 14.95), (true 293, predicted [728])
attack: step 6/10, xent loss = 14.0789, l2 loss = 11.6006 (max 14.95), (true 293, predicted [728])
attack: step 7/10, xent loss = 10.2045, l2 loss = 14.6625 (max 14.95), (true 293, predicted [728])
attack: step 8/10, xent loss = 9.79989, l2 loss = 15.3639 (max 14.95), (true 293, predicted [728])
attack: step 9/10, xent loss = 11.4609, l2 loss = 17.0685 (max 14.95), (true 293, predicted [728])
attack: step 10/10, xent loss = 10.7329, l2 loss = 18.0411 (max 14.95), (true 293, predicted [728])
check failed
true = 293, adv = 728
evaluating 512 of [510, 520)
attack: step 1/10, xent loss = 5.47461, l2 loss = 0 (max 14.95), (true 401, predicted [557])
attack: step 2/10, xent loss = 6.69474, l2 loss = 5.57829 (max 14.95), (true 401, predicted [728])
attack: step 3/10, xent loss = 7.58502, l2 loss = 6.70558 (max 14.95), (true 401, predicted [557])
attack: step 4/10, xent loss = 7.36096, l2 loss = 8.68105 (max 14.95), (true 401, predicted [557])
attack: step 5/10, xent loss = 7.35612, l2 loss = 9.79557 (max 14.95), (true 401, predicted [728])
attack: step 6/10, xent loss = 7.31661, l2 loss = 10.6998 (max 14.95), (true 401, predicted [728])
attack: step 7/10, xent loss = 7.81495, l2 loss = 11.3282 (max 14.95), (true 401, predicted [728])
attack: step 8/10, xent loss = 8.20596, l2 loss = 12.0996 (max 14.95), (true 401, predicted [728])
attack: step 9/10, xent loss = 7.73402, l2 loss = 13.2905 (max 14.95), (true 401, predicted [728])
attack: step 10/10, xent loss = 10.5553, l2 loss = 14.0876 (max 14.95), (true 401, predicted [557])
check failed
true = 401, adv = 557
evaluating 513 of [510, 520)
attack: step 1/10, xent loss = 3.12596, l2 loss = 0 (max 14.95), (true 280, predicted [277])
attack: step 2/10, xent loss = 3.33872, l2 loss = 2.98316 (max 14.95), (true 280, predicted [277])
attack: step 3/10, xent loss = 3.97632, l2 loss = 4.29582 (max 14.95), (true 280, predicted [277])
attack: step 4/10, xent loss = 6.07793, l2 loss = 5.66696 (max 14.95), (true 280, predicted [271])
attack: step 5/10, xent loss = 7.44637, l2 loss = 7.04406 (max 14.95), (true 280, predicted [76])
attack: step 6/10, xent loss = 9.00084, l2 loss = 13.5997 (max 14.95), (true 280, predicted [76])
attack: step 7/10, xent loss = 7.74516, l2 loss = 15.6067 (max 14.95), (true 280, predicted [76])
attack: step 8/10, xent loss = 9.28962, l2 loss = 17.5573 (max 14.95), (true 280, predicted [728])
attack: step 9/10, xent loss = 8.0176, l2 loss = 17.9294 (max 14.95), (true 280, predicted [76])
attack: step 10/10, xent loss = 9.9103, l2 loss = 18.5287 (max 14.95), (true 280, predicted [76])
check failed
true = 280, adv = 76
evaluating 514 of [510, 520)
attack: step 1/10, xent loss = 0.393404, l2 loss = 0 (max 14.95), (true 773, predicted [773])
attack: step 2/10, xent loss = 1.92936, l2 loss = 2.20947 (max 14.95), (true 773, predicted [899])
attack: step 3/10, xent loss = 2.97675, l2 loss = 6.30947 (max 14.95), (true 773, predicted [883])
attack: step 4/10, xent loss = 3.53353, l2 loss = 10.2058 (max 14.95), (true 773, predicted [899])
attack: step 5/10, xent loss = 5.40881, l2 loss = 11.3232 (max 14.95), (true 773, predicted [899])
attack: step 6/10, xent loss = 5.61827, l2 loss = 12.2619 (max 14.95), (true 773, predicted [899])
attack: step 7/10, xent loss = 5.78456, l2 loss = 12.96 (max 14.95), (true 773, predicted [899])
attack: step 8/10, xent loss = 6.38081, l2 loss = 13.8747 (max 14.95), (true 773, predicted [899])
attack: step 9/10, xent loss = 6.18403, l2 loss = 14.3585 (max 14.95), (true 773, predicted [899])
attack: step 10/10, xent loss = 8.24079, l2 loss = 15.5342 (max 14.95), (true 773, predicted [899])
check failed
true = 773, adv = 899
evaluating 515 of [510, 520)
attack: step 1/10, xent loss = 0.269636, l2 loss = 0 (max 14.95), (true 407, predicted [407])
attack: step 2/10, xent loss = 0.128731, l2 loss = 1.22754 (max 14.95), (true 407, predicted [407])
attack: step 3/10, xent loss = 0.202677, l2 loss = 1.36626 (max 14.95), (true 407, predicted [407])
attack: step 4/10, xent loss = 0.0300028, l2 loss = 1.64992 (max 14.95), (true 407, predicted [407])
attack: step 5/10, xent loss = 0.264007, l2 loss = 1.65709 (max 14.95), (true 407, predicted [407])
attack: step 6/10, xent loss = 0.205234, l2 loss = 2.06066 (max 14.95), (true 407, predicted [407])
attack: step 7/10, xent loss = 0.255463, l2 loss = 2.3303 (max 14.95), (true 407, predicted [407])
attack: step 8/10, xent loss = 0.0309946, l2 loss = 2.61195 (max 14.95), (true 407, predicted [407])
attack: step 9/10, xent loss = 0.0686953, l2 loss = 2.61955 (max 14.95), (true 407, predicted [407])
attack: step 10/10, xent loss = 0.0159231, l2 loss = 2.64584 (max 14.95), (true 407, predicted [407])
true = 407, adv = 407
evaluating 516 of [510, 520)
attack: step 1/10, xent loss = 0.0909093, l2 loss = 0 (max 14.95), (true 506, predicted [506])
attack: step 2/10, xent loss = 0.0881438, l2 loss = 0.500035 (max 14.95), (true 506, predicted [506])
attack: step 3/10, xent loss = 0.119152, l2 loss = 0.751986 (max 14.95), (true 506, predicted [506])
attack: step 4/10, xent loss = 0.0680359, l2 loss = 0.986965 (max 14.95), (true 506, predicted [506])
attack: step 5/10, xent loss = 0.0598133, l2 loss = 1.0652 (max 14.95), (true 506, predicted [506])
attack: step 6/10, xent loss = 0.130369, l2 loss = 1.11477 (max 14.95), (true 506, predicted [506])
attack: step 7/10, xent loss = 0.089553, l2 loss = 1.40679 (max 14.95), (true 506, predicted [506])
attack: step 8/10, xent loss = 0.105515, l2 loss = 1.4919 (max 14.95), (true 506, predicted [506])
attack: step 9/10, xent loss = 0.0454806, l2 loss = 1.59757 (max 14.95), (true 506, predicted [506])
attack: step 10/10, xent loss = 0.0375272, l2 loss = 1.62425 (max 14.95), (true 506, predicted [506])
true = 506, adv = 506
evaluating 517 of [510, 520)
attack: step 1/10, xent loss = 14.6968, l2 loss = 0 (max 14.95), (true 284, predicted [728])
attack: step 2/10, xent loss = 12.2347, l2 loss = 7.69948 (max 14.95), (true 284, predicted [728])
attack: step 3/10, xent loss = 8.61825, l2 loss = 10.7014 (max 14.95), (true 284, predicted [728])
attack: step 4/10, xent loss = 12.1405, l2 loss = 12.9395 (max 14.95), (true 284, predicted [728])
attack: step 5/10, xent loss = 14.7514, l2 loss = 15.3105 (max 14.95), (true 284, predicted [728])
attack: step 6/10, xent loss = 14.6839, l2 loss = 16.9733 (max 14.95), (true 284, predicted [728])
attack: step 7/10, xent loss = 16.6363, l2 loss = 19.4158 (max 14.95), (true 284, predicted [728])
attack: step 8/10, xent loss = 17.1765, l2 loss = 21.0268 (max 14.95), (true 284, predicted [728])
attack: step 9/10, xent loss = 15.531, l2 loss = 22.6214 (max 14.95), (true 284, predicted [728])
attack: step 10/10, xent loss = 14.7436, l2 loss = 24.0647 (max 14.95), (true 284, predicted [728])
check failed
true = 284, adv = 728
evaluating 518 of [510, 520)
attack: step 1/10, xent loss = 1.01436, l2 loss = 0 (max 14.95), (true 904, predicted [904])
attack: step 2/10, xent loss = 1.50456, l2 loss = 1.42244 (max 14.95), (true 904, predicted [904])
attack: step 3/10, xent loss = 0.488587, l2 loss = 2.05409 (max 14.95), (true 904, predicted [904])
attack: step 4/10, xent loss = 1.59901, l2 loss = 2.17924 (max 14.95), (true 904, predicted [868])
attack: step 5/10, xent loss = 1.57014, l2 loss = 2.89833 (max 14.95), (true 904, predicted [591])
attack: step 6/10, xent loss = 1.59715, l2 loss = 3.43337 (max 14.95), (true 904, predicted [904])
attack: step 7/10, xent loss = 0.386231, l2 loss = 3.91633 (max 14.95), (true 904, predicted [904])
attack: step 8/10, xent loss = 1.72863, l2 loss = 3.9758 (max 14.95), (true 904, predicted [868])
attack: step 9/10, xent loss = 1.45372, l2 loss = 4.39207 (max 14.95), (true 904, predicted [904])
attack: step 10/10, xent loss = 1.85295, l2 loss = 4.6634 (max 14.95), (true 904, predicted [904])
true = 904, adv = 904
evaluating 519 of [510, 520)
attack: step 1/10, xent loss = 8.56926, l2 loss = 0 (max 14.95), (true 537, predicted [728])
attack: step 2/10, xent loss = 9.81452, l2 loss = 2.89799 (max 14.95), (true 537, predicted [728])
attack: step 3/10, xent loss = 9.21558, l2 loss = 5.9806 (max 14.95), (true 537, predicted [728])
attack: step 4/10, xent loss = 9.20153, l2 loss = 6.71792 (max 14.95), (true 537, predicted [478])
attack: step 5/10, xent loss = 9.04623, l2 loss = 7.34482 (max 14.95), (true 537, predicted [728])
attack: step 6/10, xent loss = 8.97001, l2 loss = 8.34655 (max 14.95), (true 537, predicted [728])
attack: step 7/10, xent loss = 9.64879, l2 loss = 8.63072 (max 14.95), (true 537, predicted [728])
attack: step 8/10, xent loss = 9.21737, l2 loss = 9.68439 (max 14.95), (true 537, predicted [728])
attack: step 9/10, xent loss = 9.18751, l2 loss = 10.148 (max 14.95), (true 537, predicted [723])
attack: step 10/10, xent loss = 9.0555, l2 loss = 10.6136 (max 14.95), (true 537, predicted [728])
true = 537, adv = 728
