2019-06-06 00:07:13.915274: I tensorflow/core/platform/cpu_feature_guard.cc:141] Your CPU supports instructions that this TensorFlow binary was not compiled to use: SSE4.1 SSE4.2 AVX AVX2 FMA
2019-06-06 00:07:14.362088: I tensorflow/core/platform/profile_utils/cpu_utils.cc:94] CPU Frequency: 2600230000 Hz
2019-06-06 00:07:14.371397: I tensorflow/compiler/xla/service/service.cc:150] XLA service 0x2aaae74bf0d0 executing computations on platform Host. Devices:
2019-06-06 00:07:14.371439: I tensorflow/compiler/xla/service/service.cc:158]   StreamExecutor device (0): <undefined>, <undefined>
2019-06-06 00:07:14.373305: I tensorflow/core/common_runtime/process_util.cc:71] Creating new thread pool with default inter op setting: 2. Tune using inter_op_parallelism_threads for best performance.
evaluating 240 of [240, 250)
attack: step 1/10, xent loss = 7.75199, l2 loss = 0 (max 14.95), (true 934, predicted [728])
attack: step 2/10, xent loss = 8.90528, l2 loss = 2.03519 (max 14.95), (true 934, predicted [728])
attack: step 3/10, xent loss = 8.02863, l2 loss = 4.04222 (max 14.95), (true 934, predicted [728])
attack: step 4/10, xent loss = 8.39832, l2 loss = 4.59944 (max 14.95), (true 934, predicted [692])
attack: step 5/10, xent loss = 8.08843, l2 loss = 4.93142 (max 14.95), (true 934, predicted [728])
attack: step 6/10, xent loss = 8.11505, l2 loss = 5.38112 (max 14.95), (true 934, predicted [645])
attack: step 7/10, xent loss = 7.68845, l2 loss = 5.63854 (max 14.95), (true 934, predicted [728])
attack: step 8/10, xent loss = 8.52929, l2 loss = 5.98937 (max 14.95), (true 934, predicted [728])
attack: step 9/10, xent loss = 8.01648, l2 loss = 6.33506 (max 14.95), (true 934, predicted [728])
attack: step 10/10, xent loss = 8.27437, l2 loss = 6.75963 (max 14.95), (true 934, predicted [728])
true = 934, adv = 728
evaluating 241 of [240, 250)
attack: step 1/10, xent loss = 8.40059, l2 loss = 0 (max 14.95), (true 384, predicted [518])
attack: step 2/10, xent loss = 7.59137, l2 loss = 2.24446 (max 14.95), (true 384, predicted [518])
attack: step 3/10, xent loss = 7.83896, l2 loss = 3.33104 (max 14.95), (true 384, predicted [417])
attack: step 4/10, xent loss = 8.19175, l2 loss = 4.02727 (max 14.95), (true 384, predicted [518])
attack: step 5/10, xent loss = 8.31565, l2 loss = 4.57508 (max 14.95), (true 384, predicted [518])
attack: step 6/10, xent loss = 8.28448, l2 loss = 5.0313 (max 14.95), (true 384, predicted [518])
attack: step 7/10, xent loss = 8.36539, l2 loss = 5.5666 (max 14.95), (true 384, predicted [518])
attack: step 8/10, xent loss = 7.96649, l2 loss = 5.89248 (max 14.95), (true 384, predicted [518])
attack: step 9/10, xent loss = 7.90535, l2 loss = 6.36828 (max 14.95), (true 384, predicted [518])
attack: step 10/10, xent loss = 8.28819, l2 loss = 6.68266 (max 14.95), (true 384, predicted [518])
true = 384, adv = 518
evaluating 242 of [240, 250)
attack: step 1/10, xent loss = 8.99036, l2 loss = 0 (max 14.95), (true 307, predicted [728])
attack: step 2/10, xent loss = 9.75622, l2 loss = 8.57287 (max 14.95), (true 307, predicted [518])
attack: step 3/10, xent loss = 7.61618, l2 loss = 9.16458 (max 14.95), (true 307, predicted [728])
attack: step 4/10, xent loss = 7.82044, l2 loss = 9.77609 (max 14.95), (true 307, predicted [601])
attack: step 5/10, xent loss = 8.85552, l2 loss = 11.2176 (max 14.95), (true 307, predicted [728])
attack: step 6/10, xent loss = 7.62144, l2 loss = 12.5277 (max 14.95), (true 307, predicted [601])
attack: step 7/10, xent loss = 8.7953, l2 loss = 13.0238 (max 14.95), (true 307, predicted [728])
attack: step 8/10, xent loss = 8.7026, l2 loss = 13.7043 (max 14.95), (true 307, predicted [728])
attack: step 9/10, xent loss = 8.06221, l2 loss = 14.5432 (max 14.95), (true 307, predicted [728])
attack: step 10/10, xent loss = 9.06989, l2 loss = 15.3028 (max 14.95), (true 307, predicted [601])
check failed
true = 307, adv = 728
evaluating 243 of [240, 250)
attack: step 1/10, xent loss = 7.92367, l2 loss = 0 (max 14.95), (true 342, predicted [876])
attack: step 2/10, xent loss = 8.54521, l2 loss = 3.07096 (max 14.95), (true 342, predicted [706])
attack: step 3/10, xent loss = 8.0843, l2 loss = 3.89512 (max 14.95), (true 342, predicted [755])
attack: step 4/10, xent loss = 8.0471, l2 loss = 4.40501 (max 14.95), (true 342, predicted [876])
attack: step 5/10, xent loss = 8.41826, l2 loss = 5.07893 (max 14.95), (true 342, predicted [403])
attack: step 6/10, xent loss = 8.72865, l2 loss = 5.61582 (max 14.95), (true 342, predicted [750])
attack: step 7/10, xent loss = 8.85618, l2 loss = 6.55048 (max 14.95), (true 342, predicted [706])
attack: step 8/10, xent loss = 8.96875, l2 loss = 7.00126 (max 14.95), (true 342, predicted [876])
attack: step 9/10, xent loss = 8.52775, l2 loss = 7.29611 (max 14.95), (true 342, predicted [755])
attack: step 10/10, xent loss = 8.39341, l2 loss = 7.64057 (max 14.95), (true 342, predicted [706])
true = 342, adv = 706
evaluating 244 of [240, 250)
attack: step 1/10, xent loss = 8.7062, l2 loss = 0 (max 14.95), (true 38, predicted [478])
attack: step 2/10, xent loss = 8.89643, l2 loss = 2.15071 (max 14.95), (true 38, predicted [723])
attack: step 3/10, xent loss = 8.56412, l2 loss = 2.77103 (max 14.95), (true 38, predicted [723])
attack: step 4/10, xent loss = 9.96834, l2 loss = 3.51104 (max 14.95), (true 38, predicted [728])
attack: step 5/10, xent loss = 9.75259, l2 loss = 6.30737 (max 14.95), (true 38, predicted [723])
attack: step 6/10, xent loss = 8.89238, l2 loss = 6.80919 (max 14.95), (true 38, predicted [478])
attack: step 7/10, xent loss = 8.4628, l2 loss = 7.22159 (max 14.95), (true 38, predicted [478])
attack: step 8/10, xent loss = 8.35033, l2 loss = 7.54468 (max 14.95), (true 38, predicted [478])
attack: step 9/10, xent loss = 8.9816, l2 loss = 7.76674 (max 14.95), (true 38, predicted [723])
attack: step 10/10, xent loss = 9.14364, l2 loss = 8.39593 (max 14.95), (true 38, predicted [723])
true = 38, adv = 723
evaluating 245 of [240, 250)
attack: step 1/10, xent loss = 10.8284, l2 loss = 0 (max 14.95), (true 715, predicted [879])
attack: step 2/10, xent loss = 10.2488, l2 loss = 2.77046 (max 14.95), (true 715, predicted [728])
attack: step 3/10, xent loss = 10.1904, l2 loss = 3.30865 (max 14.95), (true 715, predicted [457])
attack: step 4/10, xent loss = 9.6653, l2 loss = 4.26538 (max 14.95), (true 715, predicted [879])
attack: step 5/10, xent loss = 9.96989, l2 loss = 4.92645 (max 14.95), (true 715, predicted [578])
attack: step 6/10, xent loss = 9.94111, l2 loss = 5.47374 (max 14.95), (true 715, predicted [879])
attack: step 7/10, xent loss = 9.96024, l2 loss = 5.97485 (max 14.95), (true 715, predicted [879])
attack: step 8/10, xent loss = 10.0462, l2 loss = 6.38826 (max 14.95), (true 715, predicted [728])
attack: step 9/10, xent loss = 10.4658, l2 loss = 7.63882 (max 14.95), (true 715, predicted [457])
attack: step 10/10, xent loss = 10.8294, l2 loss = 8.05482 (max 14.95), (true 715, predicted [879])
true = 715, adv = 879
evaluating 246 of [240, 250)
attack: step 1/10, xent loss = 9.24071, l2 loss = 0 (max 14.95), (true 57, predicted [478])
attack: step 2/10, xent loss = 8.47933, l2 loss = 3.28222 (max 14.95), (true 57, predicted [728])
attack: step 3/10, xent loss = 10.0286, l2 loss = 3.83131 (max 14.95), (true 57, predicted [478])
attack: step 4/10, xent loss = 9.04102, l2 loss = 5.12141 (max 14.95), (true 57, predicted [478])
attack: step 5/10, xent loss = 9.27053, l2 loss = 5.95111 (max 14.95), (true 57, predicted [478])
attack: step 6/10, xent loss = 9.28189, l2 loss = 6.55476 (max 14.95), (true 57, predicted [478])
attack: step 7/10, xent loss = 9.54142, l2 loss = 7.29358 (max 14.95), (true 57, predicted [478])
attack: step 8/10, xent loss = 10.0565, l2 loss = 7.94684 (max 14.95), (true 57, predicted [478])
attack: step 9/10, xent loss = 9.68937, l2 loss = 8.90408 (max 14.95), (true 57, predicted [478])
attack: step 10/10, xent loss = 9.34227, l2 loss = 9.42169 (max 14.95), (true 57, predicted [478])
true = 57, adv = 478
evaluating 247 of [240, 250)
attack: step 1/10, xent loss = 6.35564, l2 loss = 0 (max 14.95), (true 905, predicted [728])
attack: step 2/10, xent loss = 5.94624, l2 loss = 3.88043 (max 14.95), (true 905, predicted [750])
attack: step 3/10, xent loss = 5.12849, l2 loss = 4.64304 (max 14.95), (true 905, predicted [728])
attack: step 4/10, xent loss = 5.94324, l2 loss = 5.75157 (max 14.95), (true 905, predicted [728])
attack: step 5/10, xent loss = 5.88382, l2 loss = 6.99486 (max 14.95), (true 905, predicted [728])
attack: step 6/10, xent loss = 4.84792, l2 loss = 8.13566 (max 14.95), (true 905, predicted [728])
attack: step 7/10, xent loss = 4.82964, l2 loss = 8.80951 (max 14.95), (true 905, predicted [794])
attack: step 8/10, xent loss = 4.1997, l2 loss = 9.49286 (max 14.95), (true 905, predicted [750])
attack: step 9/10, xent loss = 5.89463, l2 loss = 10.5843 (max 14.95), (true 905, predicted [728])
attack: step 10/10, xent loss = 5.56162, l2 loss = 10.9444 (max 14.95), (true 905, predicted [750])
true = 905, adv = 750
evaluating 248 of [240, 250)
attack: step 1/10, xent loss = 3.78993, l2 loss = 0 (max 14.95), (true 470, predicted [607])
attack: step 2/10, xent loss = 2.48395, l2 loss = 6.59454 (max 14.95), (true 470, predicted [607])
attack: step 3/10, xent loss = 5.47019, l2 loss = 8.67098 (max 14.95), (true 470, predicted [607])
attack: step 4/10, xent loss = 5.2367, l2 loss = 9.6938 (max 14.95), (true 470, predicted [607])
attack: step 5/10, xent loss = 5.53107, l2 loss = 10.5996 (max 14.95), (true 470, predicted [607])
attack: step 6/10, xent loss = 6.0588, l2 loss = 11.7487 (max 14.95), (true 470, predicted [607])
attack: step 7/10, xent loss = 4.24581, l2 loss = 12.5257 (max 14.95), (true 470, predicted [607])
attack: step 8/10, xent loss = 5.91572, l2 loss = 13.7316 (max 14.95), (true 470, predicted [607])
attack: step 9/10, xent loss = 7.32844, l2 loss = 13.9766 (max 14.95), (true 470, predicted [607])
attack: step 10/10, xent loss = 6.62536, l2 loss = 14.2719 (max 14.95), (true 470, predicted [607])
true = 470, adv = 607
evaluating 249 of [240, 250)
attack: step 1/10, xent loss = 7.06298, l2 loss = 0 (max 14.95), (true 776, predicted [879])
attack: step 2/10, xent loss = 7.00037, l2 loss = 1.31118 (max 14.95), (true 776, predicted [879])
attack: step 3/10, xent loss = 9.75558, l2 loss = 1.78362 (max 14.95), (true 776, predicted [879])
attack: step 4/10, xent loss = 6.56488, l2 loss = 5.87042 (max 14.95), (true 776, predicted [879])
attack: step 5/10, xent loss = 8.70718, l2 loss = 6.25576 (max 14.95), (true 776, predicted [879])
attack: step 6/10, xent loss = 6.91083, l2 loss = 7.51793 (max 14.95), (true 776, predicted [701])
attack: step 7/10, xent loss = 7.19666, l2 loss = 7.62947 (max 14.95), (true 776, predicted [701])
attack: step 8/10, xent loss = 8.90185, l2 loss = 7.77819 (max 14.95), (true 776, predicted [879])
attack: step 9/10, xent loss = 6.53745, l2 loss = 9.62417 (max 14.95), (true 776, predicted [879])
attack: step 10/10, xent loss = 7.5547, l2 loss = 9.70796 (max 14.95), (true 776, predicted [879])
true = 776, adv = 879
