2019-06-29 16:43:24.941106: I tensorflow/core/platform/cpu_feature_guard.cc:141] Your CPU supports instructions that this TensorFlow binary was not compiled to use: SSE4.1 SSE4.2 AVX AVX2 FMA
2019-06-29 16:43:27.920997: I tensorflow/core/platform/profile_utils/cpu_utils.cc:94] CPU Frequency: 2600050000 Hz
2019-06-29 16:43:28.325975: I tensorflow/compiler/xla/service/service.cc:150] XLA service 0x2aaae6e4a240 executing computations on platform Host. Devices:
2019-06-29 16:43:28.326017: I tensorflow/compiler/xla/service/service.cc:158]   StreamExecutor device (0): <undefined>, <undefined>
2019-06-29 16:43:28.327564: I tensorflow/core/common_runtime/process_util.cc:71] Creating new thread pool with default inter op setting: 2. Tune using inter_op_parallelism_threads for best performance.
evaluating 700 of [700, 710)
attack: step 1/10, xent loss = 0.0157621, l2 loss = 0.266577 (max 14.95), (true 569, predicted [569])
attack: step 2/10, xent loss = 0.045546, l2 loss = 0.278084 (max 14.95), (true 569, predicted [569])
attack: step 3/10, xent loss = 0.0376917, l2 loss = 0.321817 (max 14.95), (true 569, predicted [569])
attack: step 4/10, xent loss = 0.025901, l2 loss = 0.391913 (max 14.95), (true 569, predicted [569])
attack: step 5/10, xent loss = 0.0150195, l2 loss = 0.411092 (max 14.95), (true 569, predicted [569])
attack: step 6/10, xent loss = 0.0107484, l2 loss = 0.415027 (max 14.95), (true 569, predicted [569])
attack: step 7/10, xent loss = 0.0280815, l2 loss = 0.417673 (max 14.95), (true 569, predicted [569])
attack: step 8/10, xent loss = 0.00742355, l2 loss = 0.449579 (max 14.95), (true 569, predicted [569])
attack: step 9/10, xent loss = 0.0284199, l2 loss = 0.450996 (max 14.95), (true 569, predicted [569])
attack: step 10/10, xent loss = 0.0113749, l2 loss = 0.468812 (max 14.95), (true 569, predicted [569])
true = 569, adv = 569
evaluating 701 of [700, 710)
attack: step 1/10, xent loss = 17.7133, l2 loss = 23.5518 (max 14.95), (true 261, predicted [728])
attack: step 2/10, xent loss = 17.4839, l2 loss = 24.7491 (max 14.95), (true 261, predicted [728])
attack: step 3/10, xent loss = 16.768, l2 loss = 26.6056 (max 14.95), (true 261, predicted [728])
attack: step 4/10, xent loss = 18.3191, l2 loss = 27.7983 (max 14.95), (true 261, predicted [728])
attack: step 5/10, xent loss = 19.0595, l2 loss = 28.7356 (max 14.95), (true 261, predicted [728])
attack: step 6/10, xent loss = 22.0836, l2 loss = 29.7444 (max 14.95), (true 261, predicted [728])
attack: step 7/10, xent loss = 20.8113, l2 loss = 30.6272 (max 14.95), (true 261, predicted [728])
attack: step 8/10, xent loss = 19.4731, l2 loss = 31.7561 (max 14.95), (true 261, predicted [728])
attack: step 9/10, xent loss = 19.0831, l2 loss = 32.6703 (max 14.95), (true 261, predicted [728])
attack: step 10/10, xent loss = 20.8745, l2 loss = 36.2651 (max 14.95), (true 261, predicted [728])
check failed
true = 261, adv = 728
evaluating 702 of [700, 710)
attack: step 1/10, xent loss = 5.5464, l2 loss = 13.9705 (max 14.95), (true 258, predicted [270])
attack: step 2/10, xent loss = 6.35055, l2 loss = 14.4842 (max 14.95), (true 258, predicted [270])
attack: step 3/10, xent loss = 6.81465, l2 loss = 15.1906 (max 14.95), (true 258, predicted [169])
attack: step 4/10, xent loss = 7.55015, l2 loss = 15.9158 (max 14.95), (true 258, predicted [270])
attack: step 5/10, xent loss = 6.66064, l2 loss = 16.2394 (max 14.95), (true 258, predicted [270])
attack: step 6/10, xent loss = 9.42712, l2 loss = 16.8144 (max 14.95), (true 258, predicted [169])
attack: step 7/10, xent loss = 7.63559, l2 loss = 17.3129 (max 14.95), (true 258, predicted [169])
attack: step 8/10, xent loss = 8.02855, l2 loss = 17.9576 (max 14.95), (true 258, predicted [169])
attack: step 9/10, xent loss = 8.70135, l2 loss = 18.7367 (max 14.95), (true 258, predicted [169])
attack: step 10/10, xent loss = 9.52094, l2 loss = 19.4491 (max 14.95), (true 258, predicted [270])
check failed
true = 258, adv = 270
evaluating 703 of [700, 710)
attack: step 1/10, xent loss = 7.5512, l2 loss = 10.5975 (max 14.95), (true 791, predicted [788])
attack: step 2/10, xent loss = 7.83168, l2 loss = 10.8971 (max 14.95), (true 791, predicted [478])
attack: step 3/10, xent loss = 9.02363, l2 loss = 11.348 (max 14.95), (true 791, predicted [723])
attack: step 4/10, xent loss = 9.22607, l2 loss = 11.6026 (max 14.95), (true 791, predicted [580])
attack: step 5/10, xent loss = 9.13384, l2 loss = 11.8117 (max 14.95), (true 791, predicted [788])
attack: step 6/10, xent loss = 8.59629, l2 loss = 12.0822 (max 14.95), (true 791, predicted [478])
attack: step 7/10, xent loss = 8.51689, l2 loss = 12.4041 (max 14.95), (true 791, predicted [478])
attack: step 8/10, xent loss = 8.96265, l2 loss = 12.6227 (max 14.95), (true 791, predicted [478])
attack: step 9/10, xent loss = 8.75334, l2 loss = 12.7973 (max 14.95), (true 791, predicted [72])
attack: step 10/10, xent loss = 8.81069, l2 loss = 13.0511 (max 14.95), (true 791, predicted [478])
true = 791, adv = 788
evaluating 704 of [700, 710)
attack: step 1/10, xent loss = 20.5561, l2 loss = 22.5927 (max 14.95), (true 35, predicted [728])
attack: step 2/10, xent loss = 21.2985, l2 loss = 23.7228 (max 14.95), (true 35, predicted [728])
attack: step 3/10, xent loss = 22.4249, l2 loss = 25.2869 (max 14.95), (true 35, predicted [728])
attack: step 4/10, xent loss = 22.0501, l2 loss = 26.6263 (max 14.95), (true 35, predicted [728])
attack: step 5/10, xent loss = 23.6852, l2 loss = 28.1296 (max 14.95), (true 35, predicted [728])
attack: step 6/10, xent loss = 25.6604, l2 loss = 29.3554 (max 14.95), (true 35, predicted [728])
attack: step 7/10, xent loss = 24.288, l2 loss = 30.3214 (max 14.95), (true 35, predicted [728])
attack: step 8/10, xent loss = 27.5123, l2 loss = 31.2774 (max 14.95), (true 35, predicted [728])
attack: step 9/10, xent loss = 30.3472, l2 loss = 32.1455 (max 14.95), (true 35, predicted [728])
attack: step 10/10, xent loss = 26.1884, l2 loss = 33.1127 (max 14.95), (true 35, predicted [728])
check failed
true = 35, adv = 728
evaluating 705 of [700, 710)
attack: step 1/10, xent loss = 8.5641, l2 loss = 9.31966 (max 14.95), (true 963, predicted [728])
attack: step 2/10, xent loss = 8.01211, l2 loss = 10.0277 (max 14.95), (true 963, predicted [728])
attack: step 3/10, xent loss = 7.5432, l2 loss = 10.5045 (max 14.95), (true 963, predicted [728])
attack: step 4/10, xent loss = 7.24814, l2 loss = 10.9231 (max 14.95), (true 963, predicted [728])
attack: step 5/10, xent loss = 6.51151, l2 loss = 11.2877 (max 14.95), (true 963, predicted [410])
attack: step 6/10, xent loss = 7.58666, l2 loss = 11.5705 (max 14.95), (true 963, predicted [728])
attack: step 7/10, xent loss = 7.48749, l2 loss = 12.0115 (max 14.95), (true 963, predicted [728])
attack: step 8/10, xent loss = 8.33625, l2 loss = 12.2548 (max 14.95), (true 963, predicted [728])
attack: step 9/10, xent loss = 9.28447, l2 loss = 12.661 (max 14.95), (true 963, predicted [728])
attack: step 10/10, xent loss = 9.15797, l2 loss = 13.182 (max 14.95), (true 963, predicted [728])
true = 963, adv = 728
evaluating 706 of [700, 710)
attack: step 1/10, xent loss = 1.62234, l2 loss = 11.5421 (max 14.95), (true 645, predicted [645])
attack: step 2/10, xent loss = 5.35704, l2 loss = 12.4798 (max 14.95), (true 645, predicted [807])
attack: step 3/10, xent loss = 4.84999, l2 loss = 12.7571 (max 14.95), (true 645, predicted [728])
attack: step 4/10, xent loss = 5.8131, l2 loss = 13.3373 (max 14.95), (true 645, predicted [728])
attack: step 5/10, xent loss = 3.59261, l2 loss = 13.8927 (max 14.95), (true 645, predicted [728])
attack: step 6/10, xent loss = 5.48465, l2 loss = 14.4836 (max 14.95), (true 645, predicted [728])
attack: step 7/10, xent loss = 4.01498, l2 loss = 14.9098 (max 14.95), (true 645, predicted [807])
attack: step 8/10, xent loss = 5.02559, l2 loss = 15.5507 (max 14.95), (true 645, predicted [728])
attack: step 9/10, xent loss = 5.35542, l2 loss = 15.8696 (max 14.95), (true 645, predicted [728])
attack: step 10/10, xent loss = 5.69538, l2 loss = 16.4174 (max 14.95), (true 645, predicted [728])
check failed
true = 645, adv = 728
evaluating 707 of [700, 710)
attack: step 1/10, xent loss = 21.9675, l2 loss = 26.8959 (max 14.95), (true 69, predicted [728])
attack: step 2/10, xent loss = 18.9788, l2 loss = 28.589 (max 14.95), (true 69, predicted [728])
attack: step 3/10, xent loss = 19.1417, l2 loss = 31.0598 (max 14.95), (true 69, predicted [728])
attack: step 4/10, xent loss = 22.5323, l2 loss = 32.3935 (max 14.95), (true 69, predicted [728])
attack: step 5/10, xent loss = 23.0219, l2 loss = 33.851 (max 14.95), (true 69, predicted [728])
attack: step 6/10, xent loss = 25.2801, l2 loss = 35.3449 (max 14.95), (true 69, predicted [728])
attack: step 7/10, xent loss = 23.1352, l2 loss = 36.4075 (max 14.95), (true 69, predicted [728])
attack: step 8/10, xent loss = 24.3916, l2 loss = 37.5105 (max 14.95), (true 69, predicted [728])
attack: step 9/10, xent loss = 28.6306, l2 loss = 38.9844 (max 14.95), (true 69, predicted [728])
attack: step 10/10, xent loss = 26.4587, l2 loss = 39.7721 (max 14.95), (true 69, predicted [728])
check failed
true = 69, adv = 728
evaluating 708 of [700, 710)
attack: step 1/10, xent loss = 21.8717, l2 loss = 27.1101 (max 14.95), (true 242, predicted [728])
attack: step 2/10, xent loss = 24.7049, l2 loss = 28.8639 (max 14.95), (true 242, predicted [728])
attack: step 3/10, xent loss = 25.3269, l2 loss = 30.1373 (max 14.95), (true 242, predicted [728])
attack: step 4/10, xent loss = 27.0683, l2 loss = 31.949 (max 14.95), (true 242, predicted [728])
attack: step 5/10, xent loss = 27.4117, l2 loss = 33.1657 (max 14.95), (true 242, predicted [728])
attack: step 6/10, xent loss = 29.392, l2 loss = 34.7078 (max 14.95), (true 242, predicted [728])
attack: step 7/10, xent loss = 30.2529, l2 loss = 35.8096 (max 14.95), (true 242, predicted [728])
attack: step 8/10, xent loss = 29.9334, l2 loss = 37.3331 (max 14.95), (true 242, predicted [728])
attack: step 9/10, xent loss = 33.0035, l2 loss = 38.3216 (max 14.95), (true 242, predicted [728])
attack: step 10/10, xent loss = 32.347, l2 loss = 39.4109 (max 14.95), (true 242, predicted [728])
check failed
true = 242, adv = 728
evaluating 709 of [700, 710)
attack: step 1/10, xent loss = 0.0345716, l2 loss = 0.449041 (max 14.95), (true 746, predicted [746])
attack: step 2/10, xent loss = 0.0358506, l2 loss = 0.461712 (max 14.95), (true 746, predicted [746])
attack: step 3/10, xent loss = 0.035085, l2 loss = 0.477282 (max 14.95), (true 746, predicted [746])
attack: step 4/10, xent loss = 0.0430714, l2 loss = 0.489119 (max 14.95), (true 746, predicted [746])
attack: step 5/10, xent loss = 0.045737, l2 loss = 0.509537 (max 14.95), (true 746, predicted [746])
attack: step 6/10, xent loss = 0.0219204, l2 loss = 0.533681 (max 14.95), (true 746, predicted [746])
attack: step 7/10, xent loss = 0.0251393, l2 loss = 0.538471 (max 14.95), (true 746, predicted [746])
attack: step 8/10, xent loss = 0.0496352, l2 loss = 0.544971 (max 14.95), (true 746, predicted [746])
attack: step 9/10, xent loss = 0.0452675, l2 loss = 0.573824 (max 14.95), (true 746, predicted [746])
attack: step 10/10, xent loss = 0.0747017, l2 loss = 0.59245 (max 14.95), (true 746, predicted [746])
true = 746, adv = 746
