2019-11-03 22:07:34.604144: I tensorflow/core/platform/cpu_feature_guard.cc:141] Your CPU supports instructions that this TensorFlow binary was not compiled to use: SSE4.1 SSE4.2 AVX AVX2 FMA
2019-11-03 22:07:34.864448: I tensorflow/core/platform/profile_utils/cpu_utils.cc:94] CPU Frequency: 2599795000 Hz
2019-11-03 22:07:34.973920: I tensorflow/compiler/xla/service/service.cc:150] XLA service 0x55555902fd60 executing computations on platform Host. Devices:
2019-11-03 22:07:34.973974: I tensorflow/compiler/xla/service/service.cc:158]   StreamExecutor device (0): <undefined>, <undefined>
2019-11-03 22:07:34.975946: I tensorflow/core/common_runtime/process_util.cc:71] Creating new thread pool with default inter op setting: 2. Tune using inter_op_parallelism_threads for best performance.
evaluating 790 of [790, 800)
attack: step 1/1, xent loss = 0.272201, l2 loss = 11.6544 (max 14.95), (true 50, predicted [50])
true = 50, adv = 394
evaluating 791 of [790, 800)
attack: step 1/1, xent loss = 2.04164, l2 loss = 35.7471 (max 14.95), (true 713, predicted [742])
check failed
true = 713, adv = 478
evaluating 792 of [790, 800)
attack: step 1/1, xent loss = 0.0447385, l2 loss = 13.5323 (max 14.95), (true 186, predicted [186])
true = 186, adv = 552
evaluating 793 of [790, 800)
attack: step 1/1, xent loss = 0.874045, l2 loss = 10.2006 (max 14.95), (true 384, predicted [384])
true = 384, adv = 364
evaluating 794 of [790, 800)
attack: step 1/1, xent loss = 1.30896, l2 loss = 25.126 (max 14.95), (true 608, predicted [915])
check failed
true = 608, adv = 552
evaluating 795 of [790, 800)
attack: step 1/1, xent loss = 6.32559, l2 loss = 37.613 (max 14.95), (true 279, predicted [39])
check failed
true = 279, adv = 840
evaluating 796 of [790, 800)
attack: step 1/1, xent loss = 0.0107278, l2 loss = 17.7725 (max 14.95), (true 882, predicted [882])
check failed
true = 882, adv = 728
evaluating 797 of [790, 800)
attack: step 1/1, xent loss = 0.0632156, l2 loss = 19.2392 (max 14.95), (true 902, predicted [902])
check failed
true = 902, adv = 902
evaluating 798 of [790, 800)
attack: step 1/1, xent loss = 2.53069, l2 loss = 16.3328 (max 14.95), (true 171, predicted [172])
check failed
true = 171, adv = 728
evaluating 799 of [790, 800)
attack: step 1/1, xent loss = 0.0826052, l2 loss = 10.0506 (max 14.95), (true 195, predicted [195])
true = 195, adv = 195
