2019-05-27 13:33:33.084508: I tensorflow/core/platform/cpu_feature_guard.cc:141] Your CPU supports instructions that this TensorFlow binary was not compiled to use: SSE4.1 SSE4.2 AVX AVX2 FMA
2019-05-27 13:33:33.094618: I tensorflow/core/platform/profile_utils/cpu_utils.cc:94] CPU Frequency: 2600165000 Hz
2019-05-27 13:33:33.094838: I tensorflow/compiler/xla/service/service.cc:150] XLA service 0x2aaae6fbd6d0 executing computations on platform Host. Devices:
2019-05-27 13:33:33.094871: I tensorflow/compiler/xla/service/service.cc:158]   StreamExecutor device (0): <undefined>, <undefined>
2019-05-27 13:33:33.095206: I tensorflow/core/common_runtime/process_util.cc:71] Creating new thread pool with default inter op setting: 2. Tune using inter_op_parallelism_threads for best performance.
evaluating 220 of [220, 230)
attack: step 1/10, xent loss = 6.86468, l2 loss = 0 (max 14.95), (true 828, predicted [506])
attack: step 2/10, xent loss = 6.6043, l2 loss = 3.70521 (max 14.95), (true 828, predicted [837])
attack: step 3/10, xent loss = 8.3342, l2 loss = 5.79629 (max 14.95), (true 828, predicted [837])
attack: step 4/10, xent loss = 8.42214, l2 loss = 9.69603 (max 14.95), (true 828, predicted [837])
attack: step 5/10, xent loss = 10.3218, l2 loss = 12.0813 (max 14.95), (true 828, predicted [837])
attack: step 6/10, xent loss = 11.7575, l2 loss = 14.2681 (max 14.95), (true 828, predicted [837])
attack: step 7/10, xent loss = 13.3548, l2 loss = 16.0704 (max 14.95), (true 828, predicted [837])
attack: step 8/10, xent loss = 15.2209, l2 loss = 17.884 (max 14.95), (true 828, predicted [837])
attack: step 9/10, xent loss = 16.0497, l2 loss = 19.184 (max 14.95), (true 828, predicted [837])
attack: step 10/10, xent loss = 17.7717, l2 loss = 19.8028 (max 14.95), (true 828, predicted [837])
check failed
true = 828, adv = 837
evaluating 221 of [220, 230)
attack: step 1/10, xent loss = 4.68486, l2 loss = 0 (max 14.95), (true 10, predicted [374])
attack: step 2/10, xent loss = 5.05987, l2 loss = 6.56807 (max 14.95), (true 10, predicted [11])
attack: step 3/10, xent loss = 7.16909, l2 loss = 7.50394 (max 14.95), (true 10, predicted [374])
attack: step 4/10, xent loss = 6.68807, l2 loss = 13.7444 (max 14.95), (true 10, predicted [374])
attack: step 5/10, xent loss = 8.05406, l2 loss = 15.9749 (max 14.95), (true 10, predicted [374])
attack: step 6/10, xent loss = 9.01993, l2 loss = 16.9168 (max 14.95), (true 10, predicted [375])
attack: step 7/10, xent loss = 10.5341, l2 loss = 17.943 (max 14.95), (true 10, predicted [375])
attack: step 8/10, xent loss = 11.4468, l2 loss = 18.8859 (max 14.95), (true 10, predicted [375])
attack: step 9/10, xent loss = 13.4271, l2 loss = 19.4685 (max 14.95), (true 10, predicted [375])
attack: step 10/10, xent loss = 12.1418, l2 loss = 20.6992 (max 14.95), (true 10, predicted [375])
check failed
true = 10, adv = 375
evaluating 222 of [220, 230)
attack: step 1/10, xent loss = 2.63487, l2 loss = 0 (max 14.95), (true 83, predicted [7])
attack: step 2/10, xent loss = 3.98631, l2 loss = 5.09433 (max 14.95), (true 83, predicted [7])
attack: step 3/10, xent loss = 5.70106, l2 loss = 6.79089 (max 14.95), (true 83, predicted [7])
attack: step 4/10, xent loss = 6.47905, l2 loss = 8.79694 (max 14.95), (true 83, predicted [7])
attack: step 5/10, xent loss = 8.5689, l2 loss = 10.4067 (max 14.95), (true 83, predicted [7])
attack: step 6/10, xent loss = 6.03022, l2 loss = 12.2015 (max 14.95), (true 83, predicted [7])
attack: step 7/10, xent loss = 9.57271, l2 loss = 12.7054 (max 14.95), (true 83, predicted [7])
attack: step 8/10, xent loss = 7.88255, l2 loss = 13.509 (max 14.95), (true 83, predicted [552])
attack: step 9/10, xent loss = 11.4433, l2 loss = 14.8563 (max 14.95), (true 83, predicted [7])
attack: step 10/10, xent loss = 10.4092, l2 loss = 15.7779 (max 14.95), (true 83, predicted [552])
check failed
true = 83, adv = 552
evaluating 223 of [220, 230)
attack: step 1/10, xent loss = 0.12999, l2 loss = 0 (max 14.95), (true 189, predicted [189])
attack: step 2/10, xent loss = 0.123835, l2 loss = 0.446677 (max 14.95), (true 189, predicted [189])
attack: step 3/10, xent loss = 0.239047, l2 loss = 0.599432 (max 14.95), (true 189, predicted [189])
attack: step 4/10, xent loss = 0.425197, l2 loss = 0.980807 (max 14.95), (true 189, predicted [189])
attack: step 5/10, xent loss = 0.598402, l2 loss = 1.49731 (max 14.95), (true 189, predicted [189])
attack: step 6/10, xent loss = 0.5715, l2 loss = 2.31248 (max 14.95), (true 189, predicted [189])
attack: step 7/10, xent loss = 0.433164, l2 loss = 2.74141 (max 14.95), (true 189, predicted [189])
attack: step 8/10, xent loss = 1.65653, l2 loss = 3.11068 (max 14.95), (true 189, predicted [191])
attack: step 9/10, xent loss = 1.83508, l2 loss = 4.56346 (max 14.95), (true 189, predicted [191])
attack: step 10/10, xent loss = 3.88306, l2 loss = 5.71839 (max 14.95), (true 189, predicted [191])
true = 189, adv = 191
evaluating 224 of [220, 230)
attack: step 1/10, xent loss = 5.15043, l2 loss = 0 (max 14.95), (true 758, predicted [795])
attack: step 2/10, xent loss = 7.82084, l2 loss = 6.8048 (max 14.95), (true 758, predicted [795])
attack: step 3/10, xent loss = 7.49844, l2 loss = 8.58213 (max 14.95), (true 758, predicted [795])
attack: step 4/10, xent loss = 10.2199, l2 loss = 11.5549 (max 14.95), (true 758, predicted [795])
attack: step 5/10, xent loss = 11.5464, l2 loss = 13.1872 (max 14.95), (true 758, predicted [795])
attack: step 6/10, xent loss = 10.11, l2 loss = 14.2397 (max 14.95), (true 758, predicted [795])
attack: step 7/10, xent loss = 12.7083, l2 loss = 15.7265 (max 14.95), (true 758, predicted [795])
attack: step 8/10, xent loss = 14.318, l2 loss = 16.6943 (max 14.95), (true 758, predicted [795])
attack: step 9/10, xent loss = 13.8378, l2 loss = 17.7966 (max 14.95), (true 758, predicted [795])
attack: step 10/10, xent loss = 15.1823, l2 loss = 18.8724 (max 14.95), (true 758, predicted [795])
check failed
true = 758, adv = 795
evaluating 225 of [220, 230)
attack: step 1/10, xent loss = 1.94332, l2 loss = 0 (max 14.95), (true 12, predicted [11])
attack: step 2/10, xent loss = 1.73731, l2 loss = 4.34859 (max 14.95), (true 12, predicted [11])
attack: step 3/10, xent loss = 4.33843, l2 loss = 5.64722 (max 14.95), (true 12, predicted [11])
attack: step 4/10, xent loss = 3.42966, l2 loss = 7.47239 (max 14.95), (true 12, predicted [11])
attack: step 5/10, xent loss = 6.65481, l2 loss = 8.78675 (max 14.95), (true 12, predicted [325])
attack: step 6/10, xent loss = 7.65041, l2 loss = 9.32236 (max 14.95), (true 12, predicted [325])
attack: step 7/10, xent loss = 7.08095, l2 loss = 9.93764 (max 14.95), (true 12, predicted [324])
attack: step 8/10, xent loss = 8.49592, l2 loss = 11.2577 (max 14.95), (true 12, predicted [325])
attack: step 9/10, xent loss = 8.94531, l2 loss = 12.0021 (max 14.95), (true 12, predicted [324])
attack: step 10/10, xent loss = 7.03871, l2 loss = 12.9098 (max 14.95), (true 12, predicted [324])
true = 12, adv = 324
evaluating 226 of [220, 230)
attack: step 1/10, xent loss = 0.159865, l2 loss = 0 (max 14.95), (true 208, predicted [208])
attack: step 2/10, xent loss = 0.546341, l2 loss = 0.337289 (max 14.95), (true 208, predicted [208])
attack: step 3/10, xent loss = 1.53231, l2 loss = 1.53606 (max 14.95), (true 208, predicted [999])
attack: step 4/10, xent loss = 1.96673, l2 loss = 5.01135 (max 14.95), (true 208, predicted [999])
attack: step 5/10, xent loss = 5.16976, l2 loss = 8.70179 (max 14.95), (true 208, predicted [999])
attack: step 6/10, xent loss = 7.07154, l2 loss = 12.2491 (max 14.95), (true 208, predicted [999])
attack: step 7/10, xent loss = 13.1253, l2 loss = 15.225 (max 14.95), (true 208, predicted [700])
attack: step 8/10, xent loss = 12.7972, l2 loss = 17.3156 (max 14.95), (true 208, predicted [700])
attack: step 9/10, xent loss = 15.775, l2 loss = 19.1761 (max 14.95), (true 208, predicted [700])
attack: step 10/10, xent loss = 18.963, l2 loss = 20.6789 (max 14.95), (true 208, predicted [999])
check failed
true = 208, adv = 700
evaluating 227 of [220, 230)
attack: step 1/10, xent loss = 3.62294, l2 loss = 0 (max 14.95), (true 653, predicted [583])
attack: step 2/10, xent loss = 7.42392, l2 loss = 10.7132 (max 14.95), (true 653, predicted [583])
attack: step 3/10, xent loss = 12.9251, l2 loss = 12.1301 (max 14.95), (true 653, predicted [583])
attack: step 4/10, xent loss = 14.3642, l2 loss = 14.9854 (max 14.95), (true 653, predicted [583])
attack: step 5/10, xent loss = 18.7208, l2 loss = 17.7552 (max 14.95), (true 653, predicted [583])
attack: step 6/10, xent loss = 15.2394, l2 loss = 19.7056 (max 14.95), (true 653, predicted [583])
attack: step 7/10, xent loss = 14.4867, l2 loss = 22.3515 (max 14.95), (true 653, predicted [583])
attack: step 8/10, xent loss = 15.9558, l2 loss = 24.256 (max 14.95), (true 653, predicted [583])
attack: step 9/10, xent loss = 22.3963, l2 loss = 25.5158 (max 14.95), (true 653, predicted [583])
attack: step 10/10, xent loss = 21.0316, l2 loss = 26.3331 (max 14.95), (true 653, predicted [583])
check failed
true = 653, adv = 583
evaluating 228 of [220, 230)
attack: step 1/10, xent loss = 4.72681, l2 loss = 0 (max 14.95), (true 377, predicted [8])
attack: step 2/10, xent loss = 7.53128, l2 loss = 6.57342 (max 14.95), (true 377, predicted [8])
attack: step 3/10, xent loss = 7.61467, l2 loss = 7.80854 (max 14.95), (true 377, predicted [8])
attack: step 4/10, xent loss = 9.14979, l2 loss = 8.75964 (max 14.95), (true 377, predicted [8])
attack: step 5/10, xent loss = 10.6213, l2 loss = 10.0306 (max 14.95), (true 377, predicted [8])
attack: step 6/10, xent loss = 12.0621, l2 loss = 10.7693 (max 14.95), (true 377, predicted [8])
attack: step 7/10, xent loss = 11.5899, l2 loss = 11.4438 (max 14.95), (true 377, predicted [8])
attack: step 8/10, xent loss = 10.9339, l2 loss = 12.4179 (max 14.95), (true 377, predicted [8])
attack: step 9/10, xent loss = 11.2373, l2 loss = 13.2237 (max 14.95), (true 377, predicted [8])
attack: step 10/10, xent loss = 11.7466, l2 loss = 14.3594 (max 14.95), (true 377, predicted [8])
check failed
true = 377, adv = 8
evaluating 229 of [220, 230)
attack: step 1/10, xent loss = 3.0623, l2 loss = 0 (max 14.95), (true 938, predicted [936])
attack: step 2/10, xent loss = 2.85154, l2 loss = 2.75807 (max 14.95), (true 938, predicted [936])
attack: step 3/10, xent loss = 4.63864, l2 loss = 4.7098 (max 14.95), (true 938, predicted [936])
attack: step 4/10, xent loss = 4.49358, l2 loss = 5.23212 (max 14.95), (true 938, predicted [936])
attack: step 5/10, xent loss = 5.85861, l2 loss = 5.97213 (max 14.95), (true 938, predicted [965])
attack: step 6/10, xent loss = 4.7824, l2 loss = 6.47223 (max 14.95), (true 938, predicted [965])
attack: step 7/10, xent loss = 5.71134, l2 loss = 7.408 (max 14.95), (true 938, predicted [728])
attack: step 8/10, xent loss = 5.77565, l2 loss = 7.78002 (max 14.95), (true 938, predicted [965])
attack: step 9/10, xent loss = 6.33302, l2 loss = 8.20333 (max 14.95), (true 938, predicted [965])
attack: step 10/10, xent loss = 7.42673, l2 loss = 8.38071 (max 14.95), (true 938, predicted [965])
true = 938, adv = 965
