2019-06-28 06:36:07.517788: I tensorflow/core/platform/cpu_feature_guard.cc:141] Your CPU supports instructions that this TensorFlow binary was not compiled to use: SSE4.1 SSE4.2 AVX AVX2 FMA
2019-06-28 06:36:07.523434: I tensorflow/core/platform/profile_utils/cpu_utils.cc:94] CPU Frequency: 2599985000 Hz
2019-06-28 06:36:07.523565: I tensorflow/compiler/xla/service/service.cc:150] XLA service 0x2aaae6d4ad30 executing computations on platform Host. Devices:
2019-06-28 06:36:07.523588: I tensorflow/compiler/xla/service/service.cc:158]   StreamExecutor device (0): <undefined>, <undefined>
2019-06-28 06:36:07.523782: I tensorflow/core/common_runtime/process_util.cc:71] Creating new thread pool with default inter op setting: 2. Tune using inter_op_parallelism_threads for best performance.
evaluating 90 of [90, 100)
attack: step 1/10, xent loss = 6.11861, l2 loss = 12.2562 (max 14.95), (true 466, predicted [830])
attack: step 2/10, xent loss = 6.21896, l2 loss = 12.497 (max 14.95), (true 466, predicted [780])
attack: step 3/10, xent loss = 4.67395, l2 loss = 12.7884 (max 14.95), (true 466, predicted [780])
attack: step 4/10, xent loss = 6.33259, l2 loss = 13.4081 (max 14.95), (true 466, predicted [780])
attack: step 5/10, xent loss = 6.21223, l2 loss = 13.6402 (max 14.95), (true 466, predicted [830])
attack: step 6/10, xent loss = 6.79869, l2 loss = 13.8288 (max 14.95), (true 466, predicted [601])
attack: step 7/10, xent loss = 6.32478, l2 loss = 14.055 (max 14.95), (true 466, predicted [780])
attack: step 8/10, xent loss = 7.17838, l2 loss = 14.2875 (max 14.95), (true 466, predicted [780])
attack: step 9/10, xent loss = 7.45665, l2 loss = 14.509 (max 14.95), (true 466, predicted [830])
attack: step 10/10, xent loss = 6.45494, l2 loss = 15.1557 (max 14.95), (true 466, predicted [830])
check failed
true = 466, adv = 728
evaluating 91 of [90, 100)
attack: step 1/10, xent loss = 6.97016, l2 loss = 14.118 (max 14.95), (true 213, predicted [207])
attack: step 2/10, xent loss = 7.00883, l2 loss = 14.4953 (max 14.95), (true 213, predicted [207])
attack: step 3/10, xent loss = 7.69017, l2 loss = 14.8895 (max 14.95), (true 213, predicted [207])
attack: step 4/10, xent loss = 8.05645, l2 loss = 15.3505 (max 14.95), (true 213, predicted [200])
attack: step 5/10, xent loss = 7.53542, l2 loss = 15.8013 (max 14.95), (true 213, predicted [207])
attack: step 6/10, xent loss = 7.03158, l2 loss = 16.3705 (max 14.95), (true 213, predicted [207])
attack: step 7/10, xent loss = 8.62768, l2 loss = 16.6581 (max 14.95), (true 213, predicted [207])
attack: step 8/10, xent loss = 8.82303, l2 loss = 17.0864 (max 14.95), (true 213, predicted [244])
attack: step 9/10, xent loss = 7.94582, l2 loss = 17.5744 (max 14.95), (true 213, predicted [207])
attack: step 10/10, xent loss = 8.64999, l2 loss = 17.9317 (max 14.95), (true 213, predicted [200])
check failed
true = 213, adv = 200
evaluating 92 of [90, 100)
attack: step 1/10, xent loss = 7.02422, l2 loss = 15.1855 (max 14.95), (true 197, predicted [256])
attack: step 2/10, xent loss = 7.70516, l2 loss = 15.548 (max 14.95), (true 197, predicted [256])
attack: step 3/10, xent loss = 7.12453, l2 loss = 15.989 (max 14.95), (true 197, predicted [256])
attack: step 4/10, xent loss = 7.15543, l2 loss = 16.7217 (max 14.95), (true 197, predicted [256])
attack: step 5/10, xent loss = 7.97021, l2 loss = 17.1458 (max 14.95), (true 197, predicted [256])
attack: step 6/10, xent loss = 8.86869, l2 loss = 17.6374 (max 14.95), (true 197, predicted [256])
attack: step 7/10, xent loss = 7.95973, l2 loss = 18.2177 (max 14.95), (true 197, predicted [256])
attack: step 8/10, xent loss = 8.62349, l2 loss = 18.7829 (max 14.95), (true 197, predicted [256])
attack: step 9/10, xent loss = 10.1003, l2 loss = 19.4633 (max 14.95), (true 197, predicted [256])
attack: step 10/10, xent loss = 8.7978, l2 loss = 20.1059 (max 14.95), (true 197, predicted [256])
check failed
true = 197, adv = 256
evaluating 93 of [90, 100)
attack: step 1/10, xent loss = 0.638383, l2 loss = 4.43956 (max 14.95), (true 169, predicted [169])
attack: step 2/10, xent loss = 1.88734, l2 loss = 4.75243 (max 14.95), (true 169, predicted [160])
attack: step 3/10, xent loss = 1.03266, l2 loss = 5.3055 (max 14.95), (true 169, predicted [169])
attack: step 4/10, xent loss = 0.678606, l2 loss = 5.64146 (max 14.95), (true 169, predicted [169])
attack: step 5/10, xent loss = 0.893386, l2 loss = 5.85199 (max 14.95), (true 169, predicted [169])
attack: step 6/10, xent loss = 1.05811, l2 loss = 6.15938 (max 14.95), (true 169, predicted [169])
attack: step 7/10, xent loss = 1.42296, l2 loss = 6.44561 (max 14.95), (true 169, predicted [169])
attack: step 8/10, xent loss = 1.4601, l2 loss = 6.75779 (max 14.95), (true 169, predicted [160])
attack: step 9/10, xent loss = 1.74377, l2 loss = 7.07358 (max 14.95), (true 169, predicted [160])
attack: step 10/10, xent loss = 1.06767, l2 loss = 7.40854 (max 14.95), (true 169, predicted [169])
true = 169, adv = 160
evaluating 94 of [90, 100)
attack: step 1/10, xent loss = 15.7202, l2 loss = 22.6379 (max 14.95), (true 446, predicted [842])
attack: step 2/10, xent loss = 16.6323, l2 loss = 23.4015 (max 14.95), (true 446, predicted [842])
attack: step 3/10, xent loss = 17.2951, l2 loss = 24.5476 (max 14.95), (true 446, predicted [842])
attack: step 4/10, xent loss = 18.9381, l2 loss = 25.6965 (max 14.95), (true 446, predicted [842])
attack: step 5/10, xent loss = 18.6144, l2 loss = 26.579 (max 14.95), (true 446, predicted [842])
attack: step 6/10, xent loss = 18.3613, l2 loss = 27.4463 (max 14.95), (true 446, predicted [842])
attack: step 7/10, xent loss = 20.5772, l2 loss = 28.1743 (max 14.95), (true 446, predicted [842])
attack: step 8/10, xent loss = 18.2808, l2 loss = 28.8179 (max 14.95), (true 446, predicted [842])
attack: step 9/10, xent loss = 18.7933, l2 loss = 30.1089 (max 14.95), (true 446, predicted [842])
attack: step 10/10, xent loss = 21.4158, l2 loss = 30.652 (max 14.95), (true 446, predicted [842])
check failed
true = 446, adv = 842
evaluating 95 of [90, 100)
attack: step 1/10, xent loss = 4.76071, l2 loss = 11.1013 (max 14.95), (true 857, predicted [728])
attack: step 2/10, xent loss = 6.68535, l2 loss = 12.772 (max 14.95), (true 857, predicted [728])
attack: step 3/10, xent loss = 9.08462, l2 loss = 14.192 (max 14.95), (true 857, predicted [728])
attack: step 4/10, xent loss = 11.2029, l2 loss = 16.0929 (max 14.95), (true 857, predicted [728])
attack: step 5/10, xent loss = 7.84288, l2 loss = 17.2517 (max 14.95), (true 857, predicted [728])
attack: step 6/10, xent loss = 12.404, l2 loss = 18.6573 (max 14.95), (true 857, predicted [728])
attack: step 7/10, xent loss = 16.6489, l2 loss = 20.3993 (max 14.95), (true 857, predicted [728])
attack: step 8/10, xent loss = 16.8005, l2 loss = 21.5321 (max 14.95), (true 857, predicted [728])
attack: step 9/10, xent loss = 18.354, l2 loss = 22.9261 (max 14.95), (true 857, predicted [728])
attack: step 10/10, xent loss = 18.276, l2 loss = 24.0662 (max 14.95), (true 857, predicted [728])
check failed
true = 857, adv = 728
evaluating 96 of [90, 100)
attack: step 1/10, xent loss = 9.13503, l2 loss = 15.9756 (max 14.95), (true 380, predicted [728])
attack: step 2/10, xent loss = 10.7303, l2 loss = 17.359 (max 14.95), (true 380, predicted [728])
attack: step 3/10, xent loss = 13.1987, l2 loss = 19.1374 (max 14.95), (true 380, predicted [728])
attack: step 4/10, xent loss = 16.0859, l2 loss = 20.4709 (max 14.95), (true 380, predicted [728])
attack: step 5/10, xent loss = 13.1197, l2 loss = 22.1539 (max 14.95), (true 380, predicted [728])
attack: step 6/10, xent loss = 15.0704, l2 loss = 23.2311 (max 14.95), (true 380, predicted [728])
attack: step 7/10, xent loss = 15.9851, l2 loss = 24.5558 (max 14.95), (true 380, predicted [728])
attack: step 8/10, xent loss = 18.305, l2 loss = 26.3375 (max 14.95), (true 380, predicted [728])
attack: step 9/10, xent loss = 17.8518, l2 loss = 27.6313 (max 14.95), (true 380, predicted [728])
attack: step 10/10, xent loss = 15.4879, l2 loss = 28.7013 (max 14.95), (true 380, predicted [728])
check failed
true = 380, adv = 728
evaluating 97 of [90, 100)
attack: step 1/10, xent loss = 0.201849, l2 loss = 0.746147 (max 14.95), (true 586, predicted [586])
attack: step 2/10, xent loss = 0.101519, l2 loss = 0.966674 (max 14.95), (true 586, predicted [586])
attack: step 3/10, xent loss = 0.0925513, l2 loss = 1.01157 (max 14.95), (true 586, predicted [586])
attack: step 4/10, xent loss = 0.0862786, l2 loss = 1.05419 (max 14.95), (true 586, predicted [586])
attack: step 5/10, xent loss = 0.0574892, l2 loss = 1.09237 (max 14.95), (true 586, predicted [586])
attack: step 6/10, xent loss = 0.116619, l2 loss = 1.11742 (max 14.95), (true 586, predicted [586])
attack: step 7/10, xent loss = 0.130226, l2 loss = 1.17323 (max 14.95), (true 586, predicted [586])
attack: step 8/10, xent loss = 0.133167, l2 loss = 1.24061 (max 14.95), (true 586, predicted [586])
attack: step 9/10, xent loss = 0.0885921, l2 loss = 1.32519 (max 14.95), (true 586, predicted [586])
attack: step 10/10, xent loss = 0.0701557, l2 loss = 1.3669 (max 14.95), (true 586, predicted [586])
true = 586, adv = 586
evaluating 98 of [90, 100)
attack: step 1/10, xent loss = 7.02114, l2 loss = 13.1199 (max 14.95), (true 797, predicted [701])
attack: step 2/10, xent loss = 7.50682, l2 loss = 13.6725 (max 14.95), (true 797, predicted [701])
attack: step 3/10, xent loss = 7.7206, l2 loss = 14.3986 (max 14.95), (true 797, predicted [701])
attack: step 4/10, xent loss = 7.80157, l2 loss = 15.0537 (max 14.95), (true 797, predicted [701])
attack: step 5/10, xent loss = 8.68451, l2 loss = 15.597 (max 14.95), (true 797, predicted [701])
attack: step 6/10, xent loss = 8.0146, l2 loss = 16.1538 (max 14.95), (true 797, predicted [701])
attack: step 7/10, xent loss = 8.5305, l2 loss = 16.6698 (max 14.95), (true 797, predicted [701])
attack: step 8/10, xent loss = 7.38109, l2 loss = 17.2227 (max 14.95), (true 797, predicted [701])
attack: step 9/10, xent loss = 9.11742, l2 loss = 17.6633 (max 14.95), (true 797, predicted [701])
attack: step 10/10, xent loss = 9.56357, l2 loss = 18.1092 (max 14.95), (true 797, predicted [701])
check failed
true = 797, adv = 701
evaluating 99 of [90, 100)
attack: step 1/10, xent loss = 1.07043, l2 loss = 5.5117 (max 14.95), (true 985, predicted [985])
attack: step 2/10, xent loss = 1.43192, l2 loss = 6.07402 (max 14.95), (true 985, predicted [985])
attack: step 3/10, xent loss = 2.48241, l2 loss = 6.73384 (max 14.95), (true 985, predicted [985])
attack: step 4/10, xent loss = 2.47115, l2 loss = 7.49675 (max 14.95), (true 985, predicted [985])
attack: step 5/10, xent loss = 3.01703, l2 loss = 8.25848 (max 14.95), (true 985, predicted [985])
attack: step 6/10, xent loss = 2.51843, l2 loss = 8.98766 (max 14.95), (true 985, predicted [985])
attack: step 7/10, xent loss = 3.7524, l2 loss = 9.6527 (max 14.95), (true 985, predicted [991])
attack: step 8/10, xent loss = 2.37161, l2 loss = 10.3001 (max 14.95), (true 985, predicted [985])
attack: step 9/10, xent loss = 3.57123, l2 loss = 11.1333 (max 14.95), (true 985, predicted [552])
attack: step 10/10, xent loss = 3.25281, l2 loss = 11.869 (max 14.95), (true 985, predicted [332])
true = 985, adv = 991
