2019-07-01 00:07:23.421945: I tensorflow/core/platform/cpu_feature_guard.cc:141] Your CPU supports instructions that this TensorFlow binary was not compiled to use: SSE4.1 SSE4.2 AVX AVX2 FMA
2019-07-01 00:07:23.431181: I tensorflow/core/platform/profile_utils/cpu_utils.cc:94] CPU Frequency: 2600050000 Hz
2019-07-01 00:07:23.431328: I tensorflow/compiler/xla/service/service.cc:150] XLA service 0x2aaae6abfff0 executing computations on platform Host. Devices:
2019-07-01 00:07:23.431345: I tensorflow/compiler/xla/service/service.cc:158]   StreamExecutor device (0): <undefined>, <undefined>
2019-07-01 00:07:23.431529: I tensorflow/core/common_runtime/process_util.cc:71] Creating new thread pool with default inter op setting: 2. Tune using inter_op_parallelism_threads for best performance.
evaluating 750 of [750, 760)
attack: step 1/10, xent loss = 6.65899, l2 loss = 10.8906 (max 14.95), (true 847, predicted [879])
attack: step 2/10, xent loss = 8.48214, l2 loss = 11.5113 (max 14.95), (true 847, predicted [879])
attack: step 3/10, xent loss = 11.0083, l2 loss = 12.6731 (max 14.95), (true 847, predicted [879])
attack: step 4/10, xent loss = 8.31552, l2 loss = 14.3961 (max 14.95), (true 847, predicted [879])
attack: step 5/10, xent loss = 7.92882, l2 loss = 15.1663 (max 14.95), (true 847, predicted [879])
attack: step 6/10, xent loss = 9.42633, l2 loss = 15.5276 (max 14.95), (true 847, predicted [879])
attack: step 7/10, xent loss = 7.4511, l2 loss = 16.7227 (max 14.95), (true 847, predicted [645])
attack: step 8/10, xent loss = 6.94187, l2 loss = 16.9943 (max 14.95), (true 847, predicted [879])
attack: step 9/10, xent loss = 6.85017, l2 loss = 17.4247 (max 14.95), (true 847, predicted [879])
attack: step 10/10, xent loss = 6.76874, l2 loss = 17.6961 (max 14.95), (true 847, predicted [895])
check failed
true = 847, adv = 879
evaluating 751 of [750, 760)
attack: step 1/10, xent loss = 5.62184, l2 loss = 14.2927 (max 14.95), (true 3, predicted [557])
attack: step 2/10, xent loss = 5.11887, l2 loss = 14.6363 (max 14.95), (true 3, predicted [557])
attack: step 3/10, xent loss = 5.15504, l2 loss = 15.2717 (max 14.95), (true 3, predicted [728])
attack: step 4/10, xent loss = 5.3157, l2 loss = 16.1376 (max 14.95), (true 3, predicted [557])
attack: step 5/10, xent loss = 5.16828, l2 loss = 16.7574 (max 14.95), (true 3, predicted [879])
attack: step 6/10, xent loss = 6.18541, l2 loss = 17.4954 (max 14.95), (true 3, predicted [570])
attack: step 7/10, xent loss = 5.75812, l2 loss = 17.8338 (max 14.95), (true 3, predicted [879])
attack: step 8/10, xent loss = 6.02239, l2 loss = 18.2778 (max 14.95), (true 3, predicted [315])
attack: step 9/10, xent loss = 5.3456, l2 loss = 18.6712 (max 14.95), (true 3, predicted [315])
attack: step 10/10, xent loss = 4.79279, l2 loss = 18.9248 (max 14.95), (true 3, predicted [557])
check failed
true = 3, adv = 879
evaluating 752 of [750, 760)
attack: step 1/10, xent loss = 5.95108, l2 loss = 12.1398 (max 14.95), (true 517, predicted [557])
attack: step 2/10, xent loss = 4.7938, l2 loss = 12.8721 (max 14.95), (true 517, predicted [557])
attack: step 3/10, xent loss = 4.80669, l2 loss = 13.5178 (max 14.95), (true 517, predicted [557])
attack: step 4/10, xent loss = 7.11628, l2 loss = 13.9698 (max 14.95), (true 517, predicted [557])
attack: step 5/10, xent loss = 5.11658, l2 loss = 14.3223 (max 14.95), (true 517, predicted [557])
attack: step 6/10, xent loss = 4.8884, l2 loss = 15.1018 (max 14.95), (true 517, predicted [557])
attack: step 7/10, xent loss = 3.68778, l2 loss = 15.7475 (max 14.95), (true 517, predicted [723])
attack: step 8/10, xent loss = 6.17625, l2 loss = 16.3767 (max 14.95), (true 517, predicted [723])
attack: step 9/10, xent loss = 5.51397, l2 loss = 16.7422 (max 14.95), (true 517, predicted [723])
attack: step 10/10, xent loss = 3.89192, l2 loss = 17.3409 (max 14.95), (true 517, predicted [723])
check failed
true = 517, adv = 557
evaluating 753 of [750, 760)
attack: step 1/10, xent loss = 6.04497, l2 loss = 17.4875 (max 14.95), (true 604, predicted [578])
attack: step 2/10, xent loss = 5.17424, l2 loss = 17.6177 (max 14.95), (true 604, predicted [619])
attack: step 3/10, xent loss = 5.803, l2 loss = 18.0421 (max 14.95), (true 604, predicted [578])
attack: step 4/10, xent loss = 0.90356, l2 loss = 18.2681 (max 14.95), (true 604, predicted [604])
attack: step 5/10, xent loss = 5.53977, l2 loss = 19.1327 (max 14.95), (true 604, predicted [557])
attack: step 6/10, xent loss = 3.58684, l2 loss = 19.38 (max 14.95), (true 604, predicted [711])
attack: step 7/10, xent loss = 5.34438, l2 loss = 20.151 (max 14.95), (true 604, predicted [578])
attack: step 8/10, xent loss = 6.12407, l2 loss = 20.5005 (max 14.95), (true 604, predicted [692])
attack: step 9/10, xent loss = 5.52044, l2 loss = 20.6555 (max 14.95), (true 604, predicted [692])
attack: step 10/10, xent loss = 2.47842, l2 loss = 20.8706 (max 14.95), (true 604, predicted [604])
check failed
true = 604, adv = 728
evaluating 754 of [750, 760)
attack: step 1/10, xent loss = 7.69551, l2 loss = 5.44566 (max 14.95), (true 310, predicted [723])
attack: step 2/10, xent loss = 7.55122, l2 loss = 5.55396 (max 14.95), (true 310, predicted [723])
attack: step 3/10, xent loss = 7.61412, l2 loss = 5.70039 (max 14.95), (true 310, predicted [723])
attack: step 4/10, xent loss = 7.29947, l2 loss = 5.88829 (max 14.95), (true 310, predicted [644])
attack: step 5/10, xent loss = 7.92917, l2 loss = 6.04525 (max 14.95), (true 310, predicted [644])
attack: step 6/10, xent loss = 7.73694, l2 loss = 6.30707 (max 14.95), (true 310, predicted [644])
attack: step 7/10, xent loss = 7.5929, l2 loss = 6.44701 (max 14.95), (true 310, predicted [723])
attack: step 8/10, xent loss = 6.90575, l2 loss = 6.63361 (max 14.95), (true 310, predicted [644])
attack: step 9/10, xent loss = 7.09242, l2 loss = 6.7661 (max 14.95), (true 310, predicted [644])
attack: step 10/10, xent loss = 7.78886, l2 loss = 7.00225 (max 14.95), (true 310, predicted [644])
true = 310, adv = 645
evaluating 755 of [750, 760)
attack: step 1/10, xent loss = 7.87414, l2 loss = 7.92629 (max 14.95), (true 717, predicted [405])
attack: step 2/10, xent loss = 8.39843, l2 loss = 8.20172 (max 14.95), (true 717, predicted [849])
attack: step 3/10, xent loss = 8.97218, l2 loss = 8.47493 (max 14.95), (true 717, predicted [723])
attack: step 4/10, xent loss = 8.38506, l2 loss = 8.90721 (max 14.95), (true 717, predicted [723])
attack: step 5/10, xent loss = 8.74018, l2 loss = 9.09529 (max 14.95), (true 717, predicted [478])
attack: step 6/10, xent loss = 8.4747, l2 loss = 9.4755 (max 14.95), (true 717, predicted [895])
attack: step 7/10, xent loss = 7.7037, l2 loss = 9.77684 (max 14.95), (true 717, predicted [723])
attack: step 8/10, xent loss = 8.092, l2 loss = 10.0149 (max 14.95), (true 717, predicted [518])
attack: step 9/10, xent loss = 8.38222, l2 loss = 10.3509 (max 14.95), (true 717, predicted [802])
attack: step 10/10, xent loss = 8.52606, l2 loss = 10.6535 (max 14.95), (true 717, predicted [723])
true = 717, adv = 723
evaluating 756 of [750, 760)
attack: step 1/10, xent loss = 9.94198, l2 loss = 11.8865 (max 14.95), (true 822, predicted [645])
attack: step 2/10, xent loss = 11.0279, l2 loss = 12.8672 (max 14.95), (true 822, predicted [645])
attack: step 3/10, xent loss = 7.2203, l2 loss = 13.8826 (max 14.95), (true 822, predicted [645])
attack: step 4/10, xent loss = 9.4598, l2 loss = 14.1343 (max 14.95), (true 822, predicted [645])
attack: step 5/10, xent loss = 10.7216, l2 loss = 14.7171 (max 14.95), (true 822, predicted [645])
attack: step 6/10, xent loss = 10.6482, l2 loss = 15.3804 (max 14.95), (true 822, predicted [645])
attack: step 7/10, xent loss = 11.1288, l2 loss = 16.046 (max 14.95), (true 822, predicted [645])
attack: step 8/10, xent loss = 11.3285, l2 loss = 16.7356 (max 14.95), (true 822, predicted [645])
attack: step 9/10, xent loss = 10.5754, l2 loss = 17.5971 (max 14.95), (true 822, predicted [645])
attack: step 10/10, xent loss = 8.84544, l2 loss = 18.3219 (max 14.95), (true 822, predicted [645])
check failed
true = 822, adv = 645
evaluating 757 of [750, 760)
attack: step 1/10, xent loss = 8.2969, l2 loss = 17.8969 (max 14.95), (true 149, predicted [909])
attack: step 2/10, xent loss = 7.8667, l2 loss = 18.2651 (max 14.95), (true 149, predicted [728])
attack: step 3/10, xent loss = 8.97479, l2 loss = 18.7977 (max 14.95), (true 149, predicted [879])
attack: step 4/10, xent loss = 7.40077, l2 loss = 19.445 (max 14.95), (true 149, predicted [478])
attack: step 5/10, xent loss = 6.20032, l2 loss = 19.9292 (max 14.95), (true 149, predicted [879])
attack: step 6/10, xent loss = 8.99839, l2 loss = 20.9861 (max 14.95), (true 149, predicted [879])
attack: step 7/10, xent loss = 8.66912, l2 loss = 21.3336 (max 14.95), (true 149, predicted [879])
attack: step 8/10, xent loss = 8.88594, l2 loss = 21.6868 (max 14.95), (true 149, predicted [879])
attack: step 9/10, xent loss = 9.16224, l2 loss = 22.2218 (max 14.95), (true 149, predicted [879])
attack: step 10/10, xent loss = 8.92034, l2 loss = 23.2937 (max 14.95), (true 149, predicted [879])
check failed
true = 149, adv = 879
evaluating 758 of [750, 760)
attack: step 1/10, xent loss = 9.05201, l2 loss = 10.717 (max 14.95), (true 122, predicted [557])
attack: step 2/10, xent loss = 9.47329, l2 loss = 11.3797 (max 14.95), (true 122, predicted [645])
attack: step 3/10, xent loss = 8.1218, l2 loss = 11.808 (max 14.95), (true 122, predicted [557])
attack: step 4/10, xent loss = 9.16226, l2 loss = 12.2209 (max 14.95), (true 122, predicted [557])
attack: step 5/10, xent loss = 7.52915, l2 loss = 12.7422 (max 14.95), (true 122, predicted [645])
attack: step 6/10, xent loss = 8.75199, l2 loss = 12.8823 (max 14.95), (true 122, predicted [557])
attack: step 7/10, xent loss = 8.173, l2 loss = 13.3056 (max 14.95), (true 122, predicted [645])
attack: step 8/10, xent loss = 9.48302, l2 loss = 13.546 (max 14.95), (true 122, predicted [557])
attack: step 9/10, xent loss = 9.36519, l2 loss = 14.0293 (max 14.95), (true 122, predicted [557])
attack: step 10/10, xent loss = 10.4141, l2 loss = 14.6146 (max 14.95), (true 122, predicted [557])
check failed
true = 122, adv = 645
evaluating 759 of [750, 760)
attack: step 1/10, xent loss = 8.61128, l2 loss = 7.69154 (max 14.95), (true 75, predicted [723])
attack: step 2/10, xent loss = 8.11714, l2 loss = 7.8921 (max 14.95), (true 75, predicted [723])
attack: step 3/10, xent loss = 9.55496, l2 loss = 8.31765 (max 14.95), (true 75, predicted [723])
attack: step 4/10, xent loss = 8.53094, l2 loss = 8.7331 (max 14.95), (true 75, predicted [723])
attack: step 5/10, xent loss = 8.7892, l2 loss = 9.10809 (max 14.95), (true 75, predicted [723])
attack: step 6/10, xent loss = 8.4344, l2 loss = 9.37755 (max 14.95), (true 75, predicted [723])
attack: step 7/10, xent loss = 8.52762, l2 loss = 9.54301 (max 14.95), (true 75, predicted [723])
attack: step 8/10, xent loss = 7.4798, l2 loss = 9.91975 (max 14.95), (true 75, predicted [723])
attack: step 9/10, xent loss = 8.63352, l2 loss = 10.1491 (max 14.95), (true 75, predicted [723])
attack: step 10/10, xent loss = 8.11574, l2 loss = 10.4399 (max 14.95), (true 75, predicted [723])
true = 75, adv = 723
