2019-10-24 14:54:49.570210: I tensorflow/core/platform/cpu_feature_guard.cc:141] Your CPU supports instructions that this TensorFlow binary was not compiled to use: SSE4.1 SSE4.2 AVX AVX2 FMA
2019-10-24 14:54:51.605174: I tensorflow/core/platform/profile_utils/cpu_utils.cc:94] CPU Frequency: 2600035000 Hz
2019-10-24 14:54:51.677187: I tensorflow/compiler/xla/service/service.cc:150] XLA service 0x55555902ff00 executing computations on platform Host. Devices:
2019-10-24 14:54:51.677311: I tensorflow/compiler/xla/service/service.cc:158]   StreamExecutor device (0): <undefined>, <undefined>
2019-10-24 14:54:51.790534: I tensorflow/core/common_runtime/process_util.cc:71] Creating new thread pool with default inter op setting: 2. Tune using inter_op_parallelism_threads for best performance.
evaluating 890 of [890, 900)
attack: step 1/10, xent loss = 37.1603, l2 loss = 36.6549 (max 14.95), (true 633, predicted [552])
unbound attack returning early
check failed
true = 633, adv = 552
evaluating 891 of [890, 900)
attack: step 1/10, xent loss = 36.7726, l2 loss = 30.9355 (max 14.95), (true 533, predicted [728])
unbound attack returning early
check failed
true = 533, adv = 728
evaluating 892 of [890, 900)
attack: step 1/10, xent loss = 6.47094, l2 loss = 10.7165 (max 14.95), (true 521, predicted [653])
returning early
true = 521, adv = 653
evaluating 893 of [890, 900)
attack: step 1/10, xent loss = 18.6681, l2 loss = 20.9185 (max 14.95), (true 523, predicted [612])
unbound attack returning early
check failed
true = 523, adv = 612
evaluating 894 of [890, 900)
attack: step 1/10, xent loss = 23.1647, l2 loss = 18.9507 (max 14.95), (true 263, predicted [253])
unbound attack returning early
check failed
true = 263, adv = 253
evaluating 895 of [890, 900)
attack: step 1/10, xent loss = 40.8248, l2 loss = 46.2657 (max 14.95), (true 262, predicted [552])
unbound attack returning early
check failed
true = 262, adv = 552
evaluating 896 of [890, 900)
attack: step 1/10, xent loss = 17.8705, l2 loss = 23.4893 (max 14.95), (true 958, predicted [437])
unbound attack returning early
check failed
true = 958, adv = 437
evaluating 897 of [890, 900)
attack: step 1/10, xent loss = 39.9044, l2 loss = 29.3511 (max 14.95), (true 995, predicted [808])
unbound attack returning early
check failed
true = 995, adv = 808
evaluating 898 of [890, 900)
attack: step 1/10, xent loss = 18.8342, l2 loss = 20.4899 (max 14.95), (true 809, predicted [659])
unbound attack returning early
check failed
true = 809, adv = 659
evaluating 899 of [890, 900)
attack: step 1/10, xent loss = 14.2683, l2 loss = 20.6039 (max 14.95), (true 58, predicted [91])
unbound attack returning early
check failed
true = 58, adv = 91
