2019-06-24 23:29:17.587306: I tensorflow/core/platform/cpu_feature_guard.cc:141] Your CPU supports instructions that this TensorFlow binary was not compiled to use: SSE4.1 SSE4.2 AVX AVX2 FMA
2019-06-24 23:29:19.877597: I tensorflow/core/platform/profile_utils/cpu_utils.cc:94] CPU Frequency: 2599945000 Hz
2019-06-24 23:29:19.886269: I tensorflow/compiler/xla/service/service.cc:150] XLA service 0x2aaae6ac0110 executing computations on platform Host. Devices:
2019-06-24 23:29:19.886311: I tensorflow/compiler/xla/service/service.cc:158]   StreamExecutor device (0): <undefined>, <undefined>
2019-06-24 23:29:19.892221: I tensorflow/core/common_runtime/process_util.cc:71] Creating new thread pool with default inter op setting: 2. Tune using inter_op_parallelism_threads for best performance.
evaluating 520 of [520, 530)
attack: step 1/10, xent loss = 6.35901, l2 loss = 9.35185 (max 14.95), (true 523, predicted [842])
attack: step 2/10, xent loss = 6.70444, l2 loss = 9.76256 (max 14.95), (true 523, predicted [842])
attack: step 3/10, xent loss = 7.63094, l2 loss = 10.196 (max 14.95), (true 523, predicted [470])
attack: step 4/10, xent loss = 6.61099, l2 loss = 10.4917 (max 14.95), (true 523, predicted [584])
attack: step 5/10, xent loss = 6.69272, l2 loss = 10.7625 (max 14.95), (true 523, predicted [470])
attack: step 6/10, xent loss = 7.18578, l2 loss = 11.6292 (max 14.95), (true 523, predicted [470])
attack: step 7/10, xent loss = 6.947, l2 loss = 12.0182 (max 14.95), (true 523, predicted [470])
attack: step 8/10, xent loss = 6.69093, l2 loss = 12.477 (max 14.95), (true 523, predicted [470])
attack: step 9/10, xent loss = 7.67728, l2 loss = 12.8971 (max 14.95), (true 523, predicted [470])
attack: step 10/10, xent loss = 11.1352, l2 loss = 13.3676 (max 14.95), (true 523, predicted [470])
check failed
true = 523, adv = 470
evaluating 521 of [520, 530)
attack: step 1/10, xent loss = 14.3559, l2 loss = 19.1761 (max 14.95), (true 244, predicted [238])
attack: step 2/10, xent loss = 16.6882, l2 loss = 20.0724 (max 14.95), (true 244, predicted [238])
attack: step 3/10, xent loss = 18.3308, l2 loss = 21.2682 (max 14.95), (true 244, predicted [238])
attack: step 4/10, xent loss = 17.5035, l2 loss = 23.3723 (max 14.95), (true 244, predicted [238])
attack: step 5/10, xent loss = 18.7179, l2 loss = 24.2459 (max 14.95), (true 244, predicted [238])
attack: step 6/10, xent loss = 18.8748, l2 loss = 25.2533 (max 14.95), (true 244, predicted [238])
attack: step 7/10, xent loss = 20.6076, l2 loss = 26.6132 (max 14.95), (true 244, predicted [238])
attack: step 8/10, xent loss = 17.7264, l2 loss = 27.3974 (max 14.95), (true 244, predicted [238])
attack: step 9/10, xent loss = 19.2684, l2 loss = 28.4503 (max 14.95), (true 244, predicted [238])
attack: step 10/10, xent loss = 18.7721, l2 loss = 29.2844 (max 14.95), (true 244, predicted [238])
check failed
true = 244, adv = 238
evaluating 522 of [520, 530)
attack: step 1/10, xent loss = 12.2364, l2 loss = 16.5314 (max 14.95), (true 360, predicted [265])
attack: step 2/10, xent loss = 16.2304, l2 loss = 18.7894 (max 14.95), (true 360, predicted [265])
attack: step 3/10, xent loss = 17.8572, l2 loss = 19.2527 (max 14.95), (true 360, predicted [265])
attack: step 4/10, xent loss = 14.7507, l2 loss = 19.9011 (max 14.95), (true 360, predicted [265])
attack: step 5/10, xent loss = 17.375, l2 loss = 21.3237 (max 14.95), (true 360, predicted [265])
attack: step 6/10, xent loss = 19.5883, l2 loss = 21.6229 (max 14.95), (true 360, predicted [265])
attack: step 7/10, xent loss = 18.9683, l2 loss = 22.0928 (max 14.95), (true 360, predicted [265])
attack: step 8/10, xent loss = 19.7305, l2 loss = 22.6177 (max 14.95), (true 360, predicted [265])
attack: step 9/10, xent loss = 19.1075, l2 loss = 23.4757 (max 14.95), (true 360, predicted [265])
attack: step 10/10, xent loss = 20.9133, l2 loss = 23.8037 (max 14.95), (true 360, predicted [265])
check failed
true = 360, adv = 265
evaluating 523 of [520, 530)
attack: step 1/10, xent loss = 32.7415, l2 loss = 23.0579 (max 14.95), (true 276, predicted [728])
attack: step 2/10, xent loss = 30.6952, l2 loss = 25.3594 (max 14.95), (true 276, predicted [728])
attack: step 3/10, xent loss = 37.0275, l2 loss = 27.1686 (max 14.95), (true 276, predicted [728])
attack: step 4/10, xent loss = 39.5832, l2 loss = 28.4444 (max 14.95), (true 276, predicted [728])
attack: step 5/10, xent loss = 37.8309, l2 loss = 29.8266 (max 14.95), (true 276, predicted [728])
attack: step 6/10, xent loss = 39.5719, l2 loss = 31.1809 (max 14.95), (true 276, predicted [728])
attack: step 7/10, xent loss = 36.6119, l2 loss = 33.054 (max 14.95), (true 276, predicted [728])
attack: step 8/10, xent loss = 40.0424, l2 loss = 34.2883 (max 14.95), (true 276, predicted [728])
attack: step 9/10, xent loss = 37.1227, l2 loss = 35.6315 (max 14.95), (true 276, predicted [728])
attack: step 10/10, xent loss = 44.0653, l2 loss = 36.5817 (max 14.95), (true 276, predicted [728])
check failed
true = 276, adv = 728
evaluating 524 of [520, 530)
attack: step 1/10, xent loss = 14.9985, l2 loss = 18.0692 (max 14.95), (true 345, predicted [331])
attack: step 2/10, xent loss = 16.1809, l2 loss = 18.5209 (max 14.95), (true 345, predicted [331])
attack: step 3/10, xent loss = 13.9815, l2 loss = 18.9611 (max 14.95), (true 345, predicted [331])
attack: step 4/10, xent loss = 14.9776, l2 loss = 22.5283 (max 14.95), (true 345, predicted [331])
attack: step 5/10, xent loss = 14.9319, l2 loss = 23.1046 (max 14.95), (true 345, predicted [331])
attack: step 6/10, xent loss = 15.5839, l2 loss = 24.0549 (max 14.95), (true 345, predicted [331])
attack: step 7/10, xent loss = 15.592, l2 loss = 24.7036 (max 14.95), (true 345, predicted [331])
attack: step 8/10, xent loss = 15.7543, l2 loss = 25.0822 (max 14.95), (true 345, predicted [331])
attack: step 9/10, xent loss = 16.6537, l2 loss = 25.4021 (max 14.95), (true 345, predicted [331])
attack: step 10/10, xent loss = 16.7741, l2 loss = 25.6435 (max 14.95), (true 345, predicted [331])
check failed
true = 345, adv = 331
evaluating 525 of [520, 530)
attack: step 1/10, xent loss = 21.7866, l2 loss = 17.9425 (max 14.95), (true 330, predicted [588])
attack: step 2/10, xent loss = 24.4827, l2 loss = 19.2081 (max 14.95), (true 330, predicted [588])
attack: step 3/10, xent loss = 27.1819, l2 loss = 20.1628 (max 14.95), (true 330, predicted [588])
attack: step 4/10, xent loss = 27.386, l2 loss = 20.8581 (max 14.95), (true 330, predicted [588])
attack: step 5/10, xent loss = 26.6508, l2 loss = 21.964 (max 14.95), (true 330, predicted [588])
attack: step 6/10, xent loss = 28.7696, l2 loss = 22.9365 (max 14.95), (true 330, predicted [588])
attack: step 7/10, xent loss = 30.2704, l2 loss = 23.5246 (max 14.95), (true 330, predicted [588])
attack: step 8/10, xent loss = 28.6402, l2 loss = 24.2156 (max 14.95), (true 330, predicted [588])
attack: step 9/10, xent loss = 29.7737, l2 loss = 25.3588 (max 14.95), (true 330, predicted [588])
attack: step 10/10, xent loss = 26.8979, l2 loss = 26.156 (max 14.95), (true 330, predicted [588])
check failed
true = 330, adv = 588
evaluating 526 of [520, 530)
attack: step 1/10, xent loss = 3.89488, l2 loss = 6.93285 (max 14.95), (true 856, predicted [866])
attack: step 2/10, xent loss = 4.53832, l2 loss = 7.32401 (max 14.95), (true 856, predicted [866])
attack: step 3/10, xent loss = 4.39135, l2 loss = 7.88222 (max 14.95), (true 856, predicted [866])
attack: step 4/10, xent loss = 5.32784, l2 loss = 8.35105 (max 14.95), (true 856, predicted [866])
attack: step 5/10, xent loss = 4.55957, l2 loss = 8.76129 (max 14.95), (true 856, predicted [866])
attack: step 6/10, xent loss = 5.79778, l2 loss = 9.15881 (max 14.95), (true 856, predicted [866])
attack: step 7/10, xent loss = 6.0735, l2 loss = 9.60862 (max 14.95), (true 856, predicted [866])
attack: step 8/10, xent loss = 5.75054, l2 loss = 10.1934 (max 14.95), (true 856, predicted [866])
attack: step 9/10, xent loss = 5.95141, l2 loss = 10.5918 (max 14.95), (true 856, predicted [866])
attack: step 10/10, xent loss = 6.83318, l2 loss = 10.968 (max 14.95), (true 856, predicted [866])
true = 856, adv = 866
evaluating 527 of [520, 530)
attack: step 1/10, xent loss = 41.9458, l2 loss = 26.7903 (max 14.95), (true 186, predicted [728])
attack: step 2/10, xent loss = 41.0872, l2 loss = 28.1463 (max 14.95), (true 186, predicted [728])
attack: step 3/10, xent loss = 44.5299, l2 loss = 29.3977 (max 14.95), (true 186, predicted [728])
attack: step 4/10, xent loss = 46.0098, l2 loss = 30.5074 (max 14.95), (true 186, predicted [728])
attack: step 5/10, xent loss = 46.21, l2 loss = 31.8398 (max 14.95), (true 186, predicted [728])
attack: step 6/10, xent loss = 44.3766, l2 loss = 32.7444 (max 14.95), (true 186, predicted [728])
attack: step 7/10, xent loss = 48.1203, l2 loss = 33.9943 (max 14.95), (true 186, predicted [728])
attack: step 8/10, xent loss = 49.0697, l2 loss = 35.2901 (max 14.95), (true 186, predicted [728])
attack: step 9/10, xent loss = 51.3296, l2 loss = 36.3201 (max 14.95), (true 186, predicted [728])
attack: step 10/10, xent loss = 51.7296, l2 loss = 37.2669 (max 14.95), (true 186, predicted [728])
check failed
true = 186, adv = 728
evaluating 528 of [520, 530)
attack: step 1/10, xent loss = 0.0150017, l2 loss = 0.202408 (max 14.95), (true 572, predicted [572])
attack: step 2/10, xent loss = 0.0148058, l2 loss = 0.211971 (max 14.95), (true 572, predicted [572])
attack: step 3/10, xent loss = 0.0285409, l2 loss = 0.219912 (max 14.95), (true 572, predicted [572])
attack: step 4/10, xent loss = 0.0225485, l2 loss = 0.254448 (max 14.95), (true 572, predicted [572])
attack: step 5/10, xent loss = 0.0156502, l2 loss = 0.266857 (max 14.95), (true 572, predicted [572])
attack: step 6/10, xent loss = 0.013916, l2 loss = 0.277246 (max 14.95), (true 572, predicted [572])
attack: step 7/10, xent loss = 0.00895189, l2 loss = 0.285891 (max 14.95), (true 572, predicted [572])
attack: step 8/10, xent loss = 0.00845425, l2 loss = 0.289346 (max 14.95), (true 572, predicted [572])
attack: step 9/10, xent loss = 0.00762682, l2 loss = 0.293935 (max 14.95), (true 572, predicted [572])
attack: step 10/10, xent loss = 0.00623768, l2 loss = 0.297626 (max 14.95), (true 572, predicted [572])
true = 572, adv = 572
evaluating 529 of [520, 530)
attack: step 1/10, xent loss = 9.45915, l2 loss = 6.65066 (max 14.95), (true 88, predicted [728])
attack: step 2/10, xent loss = 16.2203, l2 loss = 14.8738 (max 14.95), (true 88, predicted [728])
attack: step 3/10, xent loss = 22.1901, l2 loss = 16.9347 (max 14.95), (true 88, predicted [728])
attack: step 4/10, xent loss = 24.2924, l2 loss = 18.656 (max 14.95), (true 88, predicted [728])
attack: step 5/10, xent loss = 26.313, l2 loss = 20.771 (max 14.95), (true 88, predicted [728])
attack: step 6/10, xent loss = 32.9714, l2 loss = 22.1498 (max 14.95), (true 88, predicted [728])
attack: step 7/10, xent loss = 29.0249, l2 loss = 23.6551 (max 14.95), (true 88, predicted [728])
attack: step 8/10, xent loss = 33.9382, l2 loss = 25.5715 (max 14.95), (true 88, predicted [728])
attack: step 9/10, xent loss = 39.3481, l2 loss = 26.7602 (max 14.95), (true 88, predicted [728])
attack: step 10/10, xent loss = 42.0057, l2 loss = 28.2699 (max 14.95), (true 88, predicted [728])
check failed
true = 88, adv = 728
