2019-06-28 06:36:07.740602: I tensorflow/core/platform/cpu_feature_guard.cc:141] Your CPU supports instructions that this TensorFlow binary was not compiled to use: SSE4.1 SSE4.2 AVX AVX2 FMA
2019-06-28 06:36:08.517712: I tensorflow/core/platform/profile_utils/cpu_utils.cc:94] CPU Frequency: 2600000000 Hz
2019-06-28 06:36:08.518845: I tensorflow/compiler/xla/service/service.cc:150] XLA service 0x2aaae70bcc90 executing computations on platform Host. Devices:
2019-06-28 06:36:08.518891: I tensorflow/compiler/xla/service/service.cc:158]   StreamExecutor device (0): <undefined>, <undefined>
2019-06-28 06:36:08.520577: I tensorflow/core/common_runtime/process_util.cc:71] Creating new thread pool with default inter op setting: 2. Tune using inter_op_parallelism_threads for best performance.
evaluating 250 of [250, 260)
attack: step 1/10, xent loss = 18.7566, l2 loss = 24.535 (max 14.95), (true 441, predicted [470])
attack: step 2/10, xent loss = 22.2369, l2 loss = 26.2972 (max 14.95), (true 441, predicted [470])
attack: step 3/10, xent loss = 24.6523, l2 loss = 28.5039 (max 14.95), (true 441, predicted [470])
attack: step 4/10, xent loss = 23.1737, l2 loss = 29.9707 (max 14.95), (true 441, predicted [470])
attack: step 5/10, xent loss = 28.3131, l2 loss = 31.7646 (max 14.95), (true 441, predicted [470])
attack: step 6/10, xent loss = 26.8143, l2 loss = 32.9863 (max 14.95), (true 441, predicted [470])
attack: step 7/10, xent loss = 26.0451, l2 loss = 34.4233 (max 14.95), (true 441, predicted [470])
attack: step 8/10, xent loss = 29.8716, l2 loss = 36.0564 (max 14.95), (true 441, predicted [470])
attack: step 9/10, xent loss = 29.4966, l2 loss = 37.2327 (max 14.95), (true 441, predicted [470])
attack: step 10/10, xent loss = 32.5952, l2 loss = 38.4155 (max 14.95), (true 441, predicted [470])
check failed
true = 441, adv = 470
evaluating 251 of [250, 260)
attack: step 1/10, xent loss = 4.98098, l2 loss = 12.4702 (max 14.95), (true 121, predicted [923])
attack: step 2/10, xent loss = 5.53492, l2 loss = 13.401 (max 14.95), (true 121, predicted [923])
attack: step 3/10, xent loss = 4.98186, l2 loss = 14.107 (max 14.95), (true 121, predicted [923])
attack: step 4/10, xent loss = 7.0138, l2 loss = 14.9641 (max 14.95), (true 121, predicted [923])
attack: step 5/10, xent loss = 7.35731, l2 loss = 15.5466 (max 14.95), (true 121, predicted [923])
attack: step 6/10, xent loss = 6.76361, l2 loss = 16.0334 (max 14.95), (true 121, predicted [923])
attack: step 7/10, xent loss = 7.62932, l2 loss = 16.6517 (max 14.95), (true 121, predicted [923])
attack: step 8/10, xent loss = 7.30195, l2 loss = 17.2883 (max 14.95), (true 121, predicted [923])
attack: step 9/10, xent loss = 7.73127, l2 loss = 17.6977 (max 14.95), (true 121, predicted [923])
attack: step 10/10, xent loss = 8.41358, l2 loss = 18.3691 (max 14.95), (true 121, predicted [923])
check failed
true = 121, adv = 923
evaluating 252 of [250, 260)
attack: step 1/10, xent loss = 0.105753, l2 loss = 0.461908 (max 14.95), (true 735, predicted [735])
attack: step 2/10, xent loss = 0.100873, l2 loss = 0.527043 (max 14.95), (true 735, predicted [735])
attack: step 3/10, xent loss = 0.0607212, l2 loss = 0.58558 (max 14.95), (true 735, predicted [735])
attack: step 4/10, xent loss = 0.0527749, l2 loss = 0.619081 (max 14.95), (true 735, predicted [735])
attack: step 5/10, xent loss = 0.0680892, l2 loss = 0.64745 (max 14.95), (true 735, predicted [735])
attack: step 6/10, xent loss = 0.0778734, l2 loss = 0.679746 (max 14.95), (true 735, predicted [735])
attack: step 7/10, xent loss = 0.0250572, l2 loss = 0.717711 (max 14.95), (true 735, predicted [735])
attack: step 8/10, xent loss = 0.0966562, l2 loss = 0.727814 (max 14.95), (true 735, predicted [735])
attack: step 9/10, xent loss = 0.0833189, l2 loss = 0.772996 (max 14.95), (true 735, predicted [735])
attack: step 10/10, xent loss = 0.10351, l2 loss = 0.816953 (max 14.95), (true 735, predicted [735])
true = 735, adv = 735
evaluating 253 of [250, 260)
attack: step 1/10, xent loss = 8.48829, l2 loss = 6.46165 (max 14.95), (true 737, predicted [448])
attack: step 2/10, xent loss = 7.67456, l2 loss = 7.02395 (max 14.95), (true 737, predicted [865])
attack: step 3/10, xent loss = 8.26654, l2 loss = 7.30064 (max 14.95), (true 737, predicted [509])
attack: step 4/10, xent loss = 8.26585, l2 loss = 7.54612 (max 14.95), (true 737, predicted [448])
attack: step 5/10, xent loss = 7.59554, l2 loss = 7.92557 (max 14.95), (true 737, predicted [832])
attack: step 6/10, xent loss = 8.21877, l2 loss = 8.14375 (max 14.95), (true 737, predicted [478])
attack: step 7/10, xent loss = 7.78461, l2 loss = 8.41597 (max 14.95), (true 737, predicted [448])
attack: step 8/10, xent loss = 8.40914, l2 loss = 8.7163 (max 14.95), (true 737, predicted [865])
attack: step 9/10, xent loss = 7.74357, l2 loss = 8.93749 (max 14.95), (true 737, predicted [448])
attack: step 10/10, xent loss = 8.33737, l2 loss = 9.13924 (max 14.95), (true 737, predicted [448])
true = 737, adv = 865
evaluating 254 of [250, 260)
attack: step 1/10, xent loss = 25.6629, l2 loss = 32.349 (max 14.95), (true 158, predicted [728])
attack: step 2/10, xent loss = 28.2444, l2 loss = 33.5806 (max 14.95), (true 158, predicted [728])
attack: step 3/10, xent loss = 26.2447, l2 loss = 34.6591 (max 14.95), (true 158, predicted [728])
attack: step 4/10, xent loss = 28.939, l2 loss = 35.6289 (max 14.95), (true 158, predicted [728])
attack: step 5/10, xent loss = 27.4437, l2 loss = 36.8664 (max 14.95), (true 158, predicted [728])
attack: step 6/10, xent loss = 31.8306, l2 loss = 37.892 (max 14.95), (true 158, predicted [728])
attack: step 7/10, xent loss = 32.39, l2 loss = 38.9135 (max 14.95), (true 158, predicted [728])
attack: step 8/10, xent loss = 28.5725, l2 loss = 40.2113 (max 14.95), (true 158, predicted [728])
attack: step 9/10, xent loss = 32.5769, l2 loss = 41.1134 (max 14.95), (true 158, predicted [728])
attack: step 10/10, xent loss = 33.4011, l2 loss = 42.3086 (max 14.95), (true 158, predicted [728])
check failed
true = 158, adv = 728
evaluating 255 of [250, 260)
attack: step 1/10, xent loss = 17.9668, l2 loss = 26.3174 (max 14.95), (true 155, predicted [728])
attack: step 2/10, xent loss = 21.5577, l2 loss = 27.0475 (max 14.95), (true 155, predicted [728])
attack: step 3/10, xent loss = 21.5273, l2 loss = 27.6472 (max 14.95), (true 155, predicted [728])
attack: step 4/10, xent loss = 20.2168, l2 loss = 28.4016 (max 14.95), (true 155, predicted [728])
attack: step 5/10, xent loss = 21.2623, l2 loss = 29.2297 (max 14.95), (true 155, predicted [728])
attack: step 6/10, xent loss = 22.1958, l2 loss = 30.1766 (max 14.95), (true 155, predicted [728])
attack: step 7/10, xent loss = 23.3824, l2 loss = 30.7544 (max 14.95), (true 155, predicted [728])
attack: step 8/10, xent loss = 23.0274, l2 loss = 31.5449 (max 14.95), (true 155, predicted [728])
attack: step 9/10, xent loss = 26.31, l2 loss = 32.2021 (max 14.95), (true 155, predicted [728])
attack: step 10/10, xent loss = 26.5428, l2 loss = 32.7811 (max 14.95), (true 155, predicted [728])
check failed
true = 155, adv = 728
evaluating 256 of [250, 260)
attack: step 1/10, xent loss = 0.0197029, l2 loss = 0.122554 (max 14.95), (true 321, predicted [321])
attack: step 2/10, xent loss = 0.0181516, l2 loss = 0.128623 (max 14.95), (true 321, predicted [321])
attack: step 3/10, xent loss = 0.0127358, l2 loss = 0.136367 (max 14.95), (true 321, predicted [321])
attack: step 4/10, xent loss = 0.0168105, l2 loss = 0.144023 (max 14.95), (true 321, predicted [321])
attack: step 5/10, xent loss = 0.0160657, l2 loss = 0.147704 (max 14.95), (true 321, predicted [321])
attack: step 6/10, xent loss = 0.0195173, l2 loss = 0.152396 (max 14.95), (true 321, predicted [321])
attack: step 7/10, xent loss = 0.0218833, l2 loss = 0.160495 (max 14.95), (true 321, predicted [321])
attack: step 8/10, xent loss = 0.0131286, l2 loss = 0.166694 (max 14.95), (true 321, predicted [321])
attack: step 9/10, xent loss = 0.0195471, l2 loss = 0.169243 (max 14.95), (true 321, predicted [321])
attack: step 10/10, xent loss = 0.0130796, l2 loss = 0.176548 (max 14.95), (true 321, predicted [321])
true = 321, adv = 321
evaluating 257 of [250, 260)
attack: step 1/10, xent loss = 0.387863, l2 loss = 1.39943 (max 14.95), (true 485, predicted [485])
attack: step 2/10, xent loss = 1.11551, l2 loss = 2.1848 (max 14.95), (true 485, predicted [827])
attack: step 3/10, xent loss = 0.618022, l2 loss = 4.33092 (max 14.95), (true 485, predicted [485])
attack: step 4/10, xent loss = 4.68645, l2 loss = 5.0923 (max 14.95), (true 485, predicted [827])
attack: step 5/10, xent loss = 5.5977, l2 loss = 9.12029 (max 14.95), (true 485, predicted [827])
attack: step 6/10, xent loss = 8.10772, l2 loss = 11.8524 (max 14.95), (true 485, predicted [827])
attack: step 7/10, xent loss = 9.56078, l2 loss = 13.8616 (max 14.95), (true 485, predicted [827])
attack: step 8/10, xent loss = 14.3368, l2 loss = 15.6692 (max 14.95), (true 485, predicted [827])
attack: step 9/10, xent loss = 13.4441, l2 loss = 16.8058 (max 14.95), (true 485, predicted [827])
attack: step 10/10, xent loss = 18.6945, l2 loss = 18.3433 (max 14.95), (true 485, predicted [827])
check failed
true = 485, adv = 827
evaluating 258 of [250, 260)
attack: step 1/10, xent loss = 7.07843, l2 loss = 10.5297 (max 14.95), (true 911, predicted [728])
attack: step 2/10, xent loss = 5.84434, l2 loss = 10.9899 (max 14.95), (true 911, predicted [869])
attack: step 3/10, xent loss = 7.37513, l2 loss = 11.4515 (max 14.95), (true 911, predicted [869])
attack: step 4/10, xent loss = 7.20476, l2 loss = 11.8216 (max 14.95), (true 911, predicted [869])
attack: step 5/10, xent loss = 8.60129, l2 loss = 12.2659 (max 14.95), (true 911, predicted [728])
attack: step 6/10, xent loss = 7.50283, l2 loss = 12.646 (max 14.95), (true 911, predicted [869])
attack: step 7/10, xent loss = 6.8751, l2 loss = 12.9909 (max 14.95), (true 911, predicted [869])
attack: step 8/10, xent loss = 8.20719, l2 loss = 13.355 (max 14.95), (true 911, predicted [617])
attack: step 9/10, xent loss = 7.73608, l2 loss = 13.6738 (max 14.95), (true 911, predicted [457])
attack: step 10/10, xent loss = 7.82813, l2 loss = 13.9984 (max 14.95), (true 911, predicted [869])
true = 911, adv = 869
evaluating 259 of [250, 260)
attack: step 1/10, xent loss = 12.5079, l2 loss = 12.5383 (max 14.95), (true 922, predicted [692])
attack: step 2/10, xent loss = 11.5552, l2 loss = 13.0681 (max 14.95), (true 922, predicted [692])
attack: step 3/10, xent loss = 11.2969, l2 loss = 13.904 (max 14.95), (true 922, predicted [692])
attack: step 4/10, xent loss = 11.774, l2 loss = 14.663 (max 14.95), (true 922, predicted [692])
attack: step 5/10, xent loss = 12.0448, l2 loss = 15.4407 (max 14.95), (true 922, predicted [692])
attack: step 6/10, xent loss = 12.675, l2 loss = 16.0531 (max 14.95), (true 922, predicted [692])
attack: step 7/10, xent loss = 10.9073, l2 loss = 16.6256 (max 14.95), (true 922, predicted [692])
attack: step 8/10, xent loss = 13.8658, l2 loss = 17.3734 (max 14.95), (true 922, predicted [692])
attack: step 9/10, xent loss = 13.3412, l2 loss = 18.1197 (max 14.95), (true 922, predicted [692])
attack: step 10/10, xent loss = 14.5285, l2 loss = 18.9029 (max 14.95), (true 922, predicted [692])
check failed
true = 922, adv = 692
