2019-10-25 12:27:03.923621: I tensorflow/core/platform/cpu_feature_guard.cc:141] Your CPU supports instructions that this TensorFlow binary was not compiled to use: SSE4.1 SSE4.2 AVX AVX2 FMA
2019-10-25 12:27:03.952909: I tensorflow/core/platform/profile_utils/cpu_utils.cc:94] CPU Frequency: 2600205000 Hz
2019-10-25 12:27:03.954489: I tensorflow/compiler/xla/service/service.cc:150] XLA service 0x55555902f4e0 executing computations on platform Host. Devices:
2019-10-25 12:27:03.954598: I tensorflow/compiler/xla/service/service.cc:158]   StreamExecutor device (0): <undefined>, <undefined>
2019-10-25 12:27:03.956189: I tensorflow/core/common_runtime/process_util.cc:71] Creating new thread pool with default inter op setting: 2. Tune using inter_op_parallelism_threads for best performance.
evaluating 720 of [720, 730)
attack: step 1/10, xent loss = 5.82706, l2 loss = 9.75129 (max 14.95), (true 72, predicted [74])
returning early
true = 72, adv = 74
evaluating 721 of [720, 730)
attack: step 1/10, xent loss = 10.5965, l2 loss = 13.5932 (max 14.95), (true 440, predicted [788])
returning early
true = 440, adv = 788
evaluating 722 of [720, 730)
attack: step 1/10, xent loss = 24.6462, l2 loss = 26.1735 (max 14.95), (true 712, predicted [700])
unbound attack returning early
check failed
true = 712, adv = 700
evaluating 723 of [720, 730)
attack: step 1/10, xent loss = 12.0852, l2 loss = 16.9443 (max 14.95), (true 590, predicted [551])
unbound attack returning early
check failed
true = 590, adv = 551
evaluating 724 of [720, 730)
attack: step 1/10, xent loss = 0.0105132, l2 loss = 0.0914936 (max 14.95), (true 574, predicted [574])
attack: step 2/10, xent loss = 0.00891479, l2 loss = 0.0939566 (max 14.95), (true 574, predicted [574])
attack: step 3/10, xent loss = 0.0102989, l2 loss = 0.0960992 (max 14.95), (true 574, predicted [574])
attack: step 4/10, xent loss = 0.0121007, l2 loss = 0.0990301 (max 14.95), (true 574, predicted [574])
attack: step 5/10, xent loss = 0.0129498, l2 loss = 0.102378 (max 14.95), (true 574, predicted [574])
attack: step 6/10, xent loss = 0.0135804, l2 loss = 0.105228 (max 14.95), (true 574, predicted [574])
attack: step 7/10, xent loss = 0.015453, l2 loss = 0.109276 (max 14.95), (true 574, predicted [574])
attack: step 8/10, xent loss = 0.0182294, l2 loss = 0.113333 (max 14.95), (true 574, predicted [574])
attack: step 9/10, xent loss = 0.0117128, l2 loss = 0.118793 (max 14.95), (true 574, predicted [574])
attack: step 10/10, xent loss = 0.0143892, l2 loss = 0.12208 (max 14.95), (true 574, predicted [574])
true = 574, adv = 574
evaluating 725 of [720, 730)
attack: step 1/10, xent loss = 15.6416, l2 loss = 27.9356 (max 14.95), (true 372, predicted [160])
unbound attack returning early
check failed
true = 372, adv = 160
evaluating 726 of [720, 730)
attack: step 1/10, xent loss = 29.7153, l2 loss = 35.9337 (max 14.95), (true 835, predicted [51])
unbound attack returning early
check failed
true = 835, adv = 51
evaluating 727 of [720, 730)
attack: step 1/10, xent loss = 23.602, l2 loss = 22.1162 (max 14.95), (true 21, predicted [552])
unbound attack returning early
check failed
true = 21, adv = 552
evaluating 728 of [720, 730)
attack: step 1/10, xent loss = 30.016, l2 loss = 34.0268 (max 14.95), (true 337, predicted [391])
unbound attack returning early
check failed
true = 337, adv = 391
evaluating 729 of [720, 730)
attack: step 1/10, xent loss = 13.9469, l2 loss = 15.6381 (max 14.95), (true 146, predicted [4])
unbound attack returning early
check failed
true = 146, adv = 4
