2019-05-26 13:04:16.620005: I tensorflow/core/platform/cpu_feature_guard.cc:141] Your CPU supports instructions that this TensorFlow binary was not compiled to use: SSE4.1 SSE4.2 AVX AVX2 FMA
2019-05-26 13:04:16.982161: I tensorflow/core/platform/profile_utils/cpu_utils.cc:94] CPU Frequency: 2600020000 Hz
2019-05-26 13:04:16.982683: I tensorflow/compiler/xla/service/service.cc:150] XLA service 0x2aaae74bed30 executing computations on platform Host. Devices:
2019-05-26 13:04:16.989648: I tensorflow/compiler/xla/service/service.cc:158]   StreamExecutor device (0): <undefined>, <undefined>
2019-05-26 13:04:16.990007: I tensorflow/core/common_runtime/process_util.cc:71] Creating new thread pool with default inter op setting: 2. Tune using inter_op_parallelism_threads for best performance.
evaluating 550 of [550, 560)
attack: step 1/10, xent loss = 4.67721, l2 loss = 0 (max 14.95), (true 913, predicted [728])
attack: step 2/10, xent loss = 8.13779, l2 loss = 5.69103 (max 14.95), (true 913, predicted [728])
attack: step 3/10, xent loss = 8.73807, l2 loss = 12.2172 (max 14.95), (true 913, predicted [728])
attack: step 4/10, xent loss = 16.6235, l2 loss = 16.0791 (max 14.95), (true 913, predicted [728])
attack: step 5/10, xent loss = 20.951, l2 loss = 19.6409 (max 14.95), (true 913, predicted [728])
attack: step 6/10, xent loss = 23.4767, l2 loss = 22.9132 (max 14.95), (true 913, predicted [728])
attack: step 7/10, xent loss = 18.9599, l2 loss = 24.9296 (max 14.95), (true 913, predicted [728])
attack: step 8/10, xent loss = 19.6678, l2 loss = 27.1314 (max 14.95), (true 913, predicted [728])
attack: step 9/10, xent loss = 23.0977, l2 loss = 29.049 (max 14.95), (true 913, predicted [728])
attack: step 10/10, xent loss = 23.7739, l2 loss = 31.2745 (max 14.95), (true 913, predicted [728])
check failed
true = 913, adv = 728
evaluating 551 of [550, 560)
attack: step 1/10, xent loss = 5.24326, l2 loss = 0 (max 14.95), (true 730, predicted [984])
attack: step 2/10, xent loss = 1.97452, l2 loss = 5.59391 (max 14.95), (true 730, predicted [984])
attack: step 3/10, xent loss = 6.48519, l2 loss = 7.77281 (max 14.95), (true 730, predicted [984])
attack: step 4/10, xent loss = 9.16722, l2 loss = 8.99801 (max 14.95), (true 730, predicted [984])
attack: step 5/10, xent loss = 9.16506, l2 loss = 10.2491 (max 14.95), (true 730, predicted [984])
attack: step 6/10, xent loss = 11.1515, l2 loss = 12.1089 (max 14.95), (true 730, predicted [984])
attack: step 7/10, xent loss = 11.4875, l2 loss = 13.5978 (max 14.95), (true 730, predicted [984])
attack: step 8/10, xent loss = 13.7732, l2 loss = 14.1127 (max 14.95), (true 730, predicted [984])
attack: step 9/10, xent loss = 13.183, l2 loss = 14.8105 (max 14.95), (true 730, predicted [984])
attack: step 10/10, xent loss = 12.6671, l2 loss = 15.69 (max 14.95), (true 730, predicted [984])
check failed
true = 730, adv = 984
evaluating 552 of [550, 560)
attack: step 1/10, xent loss = 4.74643, l2 loss = 0 (max 14.95), (true 295, predicted [552])
attack: step 2/10, xent loss = 10.935, l2 loss = 6.11386 (max 14.95), (true 295, predicted [552])
attack: step 3/10, xent loss = 15.0854, l2 loss = 10.3672 (max 14.95), (true 295, predicted [552])
attack: step 4/10, xent loss = 16.3498, l2 loss = 13.0299 (max 14.95), (true 295, predicted [552])
attack: step 5/10, xent loss = 19.482, l2 loss = 16.1572 (max 14.95), (true 295, predicted [552])
attack: step 6/10, xent loss = 20.5388, l2 loss = 19.2753 (max 14.95), (true 295, predicted [552])
attack: step 7/10, xent loss = 22.4797, l2 loss = 21.3103 (max 14.95), (true 295, predicted [552])
attack: step 8/10, xent loss = 19.6098, l2 loss = 23.9932 (max 14.95), (true 295, predicted [552])
attack: step 9/10, xent loss = 27.5042, l2 loss = 25.6045 (max 14.95), (true 295, predicted [552])
attack: step 10/10, xent loss = 21.8268, l2 loss = 26.9726 (max 14.95), (true 295, predicted [552])
check failed
true = 295, adv = 552
evaluating 553 of [550, 560)
attack: step 1/10, xent loss = 0.618707, l2 loss = 0 (max 14.95), (true 354, predicted [354])
attack: step 2/10, xent loss = 2.49435, l2 loss = 2.9588 (max 14.95), (true 354, predicted [672])
attack: step 3/10, xent loss = 3.1259, l2 loss = 6.64297 (max 14.95), (true 354, predicted [672])
attack: step 4/10, xent loss = 4.2024, l2 loss = 9.43619 (max 14.95), (true 354, predicted [672])
attack: step 5/10, xent loss = 4.58076, l2 loss = 11.4044 (max 14.95), (true 354, predicted [672])
attack: step 6/10, xent loss = 6.11209, l2 loss = 12.4473 (max 14.95), (true 354, predicted [672])
attack: step 7/10, xent loss = 6.99289, l2 loss = 13.1248 (max 14.95), (true 354, predicted [672])
attack: step 8/10, xent loss = 7.73214, l2 loss = 14.5372 (max 14.95), (true 354, predicted [672])
attack: step 9/10, xent loss = 8.67786, l2 loss = 15.3809 (max 14.95), (true 354, predicted [672])
attack: step 10/10, xent loss = 6.84705, l2 loss = 16.3288 (max 14.95), (true 354, predicted [672])
check failed
true = 354, adv = 672
evaluating 554 of [550, 560)
attack: step 1/10, xent loss = 5.17945, l2 loss = 0 (max 14.95), (true 938, predicted [509])
attack: step 2/10, xent loss = 4.70754, l2 loss = 1.82016 (max 14.95), (true 938, predicted [984])
attack: step 3/10, xent loss = 4.58129, l2 loss = 3.54496 (max 14.95), (true 938, predicted [984])
attack: step 4/10, xent loss = 5.24732, l2 loss = 4.12832 (max 14.95), (true 938, predicted [984])
attack: step 5/10, xent loss = 5.58656, l2 loss = 4.62151 (max 14.95), (true 938, predicted [984])
attack: step 6/10, xent loss = 5.28506, l2 loss = 5.07961 (max 14.95), (true 938, predicted [728])
attack: step 7/10, xent loss = 5.82708, l2 loss = 5.44196 (max 14.95), (true 938, predicted [984])
attack: step 8/10, xent loss = 6.31725, l2 loss = 5.71509 (max 14.95), (true 938, predicted [984])
attack: step 9/10, xent loss = 5.71835, l2 loss = 6.13719 (max 14.95), (true 938, predicted [984])
attack: step 10/10, xent loss = 5.77067, l2 loss = 6.36499 (max 14.95), (true 938, predicted [984])
true = 938, adv = 984
evaluating 555 of [550, 560)
attack: step 1/10, xent loss = 5.40396, l2 loss = 0 (max 14.95), (true 455, predicted [518])
attack: step 2/10, xent loss = 7.311, l2 loss = 4.79807 (max 14.95), (true 455, predicted [518])
attack: step 3/10, xent loss = 7.08875, l2 loss = 6.41702 (max 14.95), (true 455, predicted [560])
attack: step 4/10, xent loss = 7.96255, l2 loss = 8.55152 (max 14.95), (true 455, predicted [518])
attack: step 5/10, xent loss = 10.4886, l2 loss = 9.61452 (max 14.95), (true 455, predicted [518])
attack: step 6/10, xent loss = 8.22959, l2 loss = 11.1904 (max 14.95), (true 455, predicted [518])
attack: step 7/10, xent loss = 9.83557, l2 loss = 11.7851 (max 14.95), (true 455, predicted [518])
attack: step 8/10, xent loss = 10.4922, l2 loss = 13.2705 (max 14.95), (true 455, predicted [518])
attack: step 9/10, xent loss = 12.0882, l2 loss = 14.2843 (max 14.95), (true 455, predicted [518])
attack: step 10/10, xent loss = 12.233, l2 loss = 14.9782 (max 14.95), (true 455, predicted [518])
check failed
true = 455, adv = 518
evaluating 556 of [550, 560)
attack: step 1/10, xent loss = 0.00473094, l2 loss = 0 (max 14.95), (true 443, predicted [443])
attack: step 2/10, xent loss = 0.00456351, l2 loss = 0.019984 (max 14.95), (true 443, predicted [443])
attack: step 3/10, xent loss = 0.00755051, l2 loss = 0.0296167 (max 14.95), (true 443, predicted [443])
attack: step 4/10, xent loss = 0.00588494, l2 loss = 0.0497415 (max 14.95), (true 443, predicted [443])
attack: step 5/10, xent loss = 0.00242154, l2 loss = 0.0554799 (max 14.95), (true 443, predicted [443])
attack: step 6/10, xent loss = 0.0117338, l2 loss = 0.0570328 (max 14.95), (true 443, predicted [443])
attack: step 7/10, xent loss = 0.00444709, l2 loss = 0.0793798 (max 14.95), (true 443, predicted [443])
attack: step 8/10, xent loss = 0.00720178, l2 loss = 0.0819564 (max 14.95), (true 443, predicted [443])
attack: step 9/10, xent loss = 0.00658011, l2 loss = 0.0872497 (max 14.95), (true 443, predicted [443])
attack: step 10/10, xent loss = 0.00546426, l2 loss = 0.0933268 (max 14.95), (true 443, predicted [443])
true = 443, adv = 443
evaluating 557 of [550, 560)
attack: step 1/10, xent loss = 8.55203, l2 loss = 0 (max 14.95), (true 941, predicted [700])
attack: step 2/10, xent loss = 9.18707, l2 loss = 5.03082 (max 14.95), (true 941, predicted [700])
attack: step 3/10, xent loss = 10.5708, l2 loss = 11.2733 (max 14.95), (true 941, predicted [700])
attack: step 4/10, xent loss = 14.9944, l2 loss = 15.3501 (max 14.95), (true 941, predicted [700])
attack: step 5/10, xent loss = 15.762, l2 loss = 18.5682 (max 14.95), (true 941, predicted [700])
attack: step 6/10, xent loss = 16.707, l2 loss = 20.934 (max 14.95), (true 941, predicted [700])
attack: step 7/10, xent loss = 16.7804, l2 loss = 22.8305 (max 14.95), (true 941, predicted [700])
attack: step 8/10, xent loss = 17.1153, l2 loss = 24.6451 (max 14.95), (true 941, predicted [700])
attack: step 9/10, xent loss = 16.526, l2 loss = 26.8109 (max 14.95), (true 941, predicted [700])
attack: step 10/10, xent loss = 21.244, l2 loss = 28.1631 (max 14.95), (true 941, predicted [700])
check failed
true = 941, adv = 700
evaluating 558 of [550, 560)
attack: step 1/10, xent loss = 3.0716, l2 loss = 0 (max 14.95), (true 648, predicted [728])
attack: step 2/10, xent loss = 5.19367, l2 loss = 6.23127 (max 14.95), (true 648, predicted [728])
attack: step 3/10, xent loss = 8.62121, l2 loss = 9.38879 (max 14.95), (true 648, predicted [728])
attack: step 4/10, xent loss = 15.3558, l2 loss = 13.2263 (max 14.95), (true 648, predicted [728])
attack: step 5/10, xent loss = 15.0434, l2 loss = 17.0058 (max 14.95), (true 648, predicted [728])
attack: step 6/10, xent loss = 18.1588, l2 loss = 19.8402 (max 14.95), (true 648, predicted [728])
attack: step 7/10, xent loss = 19.1397, l2 loss = 22.6449 (max 14.95), (true 648, predicted [728])
attack: step 8/10, xent loss = 22.6451, l2 loss = 24.3781 (max 14.95), (true 648, predicted [728])
attack: step 9/10, xent loss = 26.6296, l2 loss = 26.4332 (max 14.95), (true 648, predicted [728])
attack: step 10/10, xent loss = 29.9207, l2 loss = 28.2614 (max 14.95), (true 648, predicted [728])
check failed
true = 648, adv = 728
evaluating 559 of [550, 560)
attack: step 1/10, xent loss = 1.10288, l2 loss = 0 (max 14.95), (true 923, predicted [923])
attack: step 2/10, xent loss = 0.572168, l2 loss = 1.87737 (max 14.95), (true 923, predicted [923])
attack: step 3/10, xent loss = 1.17993, l2 loss = 2.24651 (max 14.95), (true 923, predicted [923])
attack: step 4/10, xent loss = 0.856231, l2 loss = 3.11625 (max 14.95), (true 923, predicted [923])
attack: step 5/10, xent loss = 1.59977, l2 loss = 3.53617 (max 14.95), (true 923, predicted [936])
attack: step 6/10, xent loss = 1.89262, l2 loss = 4.12324 (max 14.95), (true 923, predicted [936])
attack: step 7/10, xent loss = 1.83732, l2 loss = 4.71591 (max 14.95), (true 923, predicted [936])
attack: step 8/10, xent loss = 2.41206, l2 loss = 5.1802 (max 14.95), (true 923, predicted [936])
attack: step 9/10, xent loss = 2.35665, l2 loss = 5.76345 (max 14.95), (true 923, predicted [934])
attack: step 10/10, xent loss = 2.12715, l2 loss = 6.39701 (max 14.95), (true 923, predicted [936])
true = 923, adv = 936
