2019-10-26 01:59:56.564229: I tensorflow/core/platform/cpu_feature_guard.cc:141] Your CPU supports instructions that this TensorFlow binary was not compiled to use: SSE4.1 SSE4.2 AVX AVX2 FMA
2019-10-26 01:59:56.572979: I tensorflow/core/platform/profile_utils/cpu_utils.cc:94] CPU Frequency: 2599755000 Hz
2019-10-26 01:59:56.573138: I tensorflow/compiler/xla/service/service.cc:150] XLA service 0x55555902f7b0 executing computations on platform Host. Devices:
2019-10-26 01:59:56.573161: I tensorflow/compiler/xla/service/service.cc:158]   StreamExecutor device (0): <undefined>, <undefined>
2019-10-26 01:59:56.573377: I tensorflow/core/common_runtime/process_util.cc:71] Creating new thread pool with default inter op setting: 2. Tune using inter_op_parallelism_threads for best performance.
evaluating 320 of [320, 330)
attack: step 1/10, xent loss = 11.0981, l2 loss = 13.4677 (max 14.95), (true 234, predicted [805])
returning early
true = 234, adv = 240
evaluating 321 of [320, 330)
attack: step 1/10, xent loss = 35.283, l2 loss = 38.6589 (max 14.95), (true 419, predicted [728])
unbound attack returning early
check failed
true = 419, adv = 728
evaluating 322 of [320, 330)
attack: step 1/10, xent loss = 1.46584, l2 loss = 4.08205 (max 14.95), (true 141, predicted [141])
attack: step 2/10, xent loss = 4.20479, l2 loss = 5.78408 (max 14.95), (true 141, predicted [127])
returning early
true = 141, adv = 127
evaluating 323 of [320, 330)
attack: step 1/10, xent loss = 35.7827, l2 loss = 29.9828 (max 14.95), (true 279, predicted [552])
unbound attack returning early
check failed
true = 279, adv = 552
evaluating 324 of [320, 330)
attack: step 1/10, xent loss = 14.98, l2 loss = 22.3566 (max 14.95), (true 709, predicted [802])
unbound attack returning early
check failed
true = 709, adv = 802
evaluating 325 of [320, 330)
attack: step 1/10, xent loss = 20.7515, l2 loss = 34.3263 (max 14.95), (true 969, predicted [936])
unbound attack returning early
check failed
true = 969, adv = 936
evaluating 326 of [320, 330)
attack: step 1/10, xent loss = 29.3059, l2 loss = 29.9796 (max 14.95), (true 418, predicted [587])
unbound attack returning early
check failed
true = 418, adv = 587
evaluating 327 of [320, 330)
attack: step 1/10, xent loss = 15.5701, l2 loss = 26.6308 (max 14.95), (true 355, predicted [728])
unbound attack returning early
check failed
true = 355, adv = 728
evaluating 328 of [320, 330)
attack: step 1/10, xent loss = 14.4286, l2 loss = 23.1567 (max 14.95), (true 445, predicted [879])
unbound attack returning early
check failed
true = 445, adv = 879
evaluating 329 of [320, 330)
attack: step 1/10, xent loss = 36.0793, l2 loss = 38.4929 (max 14.95), (true 191, predicted [728])
unbound attack returning early
check failed
true = 191, adv = 728
