2019-06-06 00:07:13.915666: I tensorflow/core/platform/cpu_feature_guard.cc:141] Your CPU supports instructions that this TensorFlow binary was not compiled to use: SSE4.1 SSE4.2 AVX AVX2 FMA
2019-06-06 00:07:14.018579: I tensorflow/core/platform/profile_utils/cpu_utils.cc:94] CPU Frequency: 2600005000 Hz
2019-06-06 00:07:14.028174: I tensorflow/compiler/xla/service/service.cc:150] XLA service 0x2aaae6ac0530 executing computations on platform Host. Devices:
2019-06-06 00:07:14.028217: I tensorflow/compiler/xla/service/service.cc:158]   StreamExecutor device (0): <undefined>, <undefined>
2019-06-06 00:07:14.031009: I tensorflow/core/common_runtime/process_util.cc:71] Creating new thread pool with default inter op setting: 2. Tune using inter_op_parallelism_threads for best performance.
evaluating 810 of [810, 820)
attack: step 1/10, xent loss = 6.17192, l2 loss = 0 (max 14.95), (true 634, predicted [879])
attack: step 2/10, xent loss = 6.67847, l2 loss = 3.21457 (max 14.95), (true 634, predicted [879])
attack: step 3/10, xent loss = 6.3227, l2 loss = 4.89608 (max 14.95), (true 634, predicted [692])
attack: step 4/10, xent loss = 6.87657, l2 loss = 5.82977 (max 14.95), (true 634, predicted [879])
attack: step 5/10, xent loss = 6.5349, l2 loss = 8.2742 (max 14.95), (true 634, predicted [879])
attack: step 6/10, xent loss = 10.0224, l2 loss = 8.82512 (max 14.95), (true 634, predicted [879])
attack: step 7/10, xent loss = 7.1814, l2 loss = 11.062 (max 14.95), (true 634, predicted [879])
attack: step 8/10, xent loss = 7.17802, l2 loss = 14.0218 (max 14.95), (true 634, predicted [879])
attack: step 9/10, xent loss = 7.78479, l2 loss = 14.4454 (max 14.95), (true 634, predicted [879])
attack: step 10/10, xent loss = 6.93986, l2 loss = 15.312 (max 14.95), (true 634, predicted [879])
check failed
true = 634, adv = 879
evaluating 811 of [810, 820)
attack: step 1/10, xent loss = 6.45086, l2 loss = 0 (max 14.95), (true 950, predicted [619])
attack: step 2/10, xent loss = 5.52942, l2 loss = 4.37855 (max 14.95), (true 950, predicted [728])
attack: step 3/10, xent loss = 6.57222, l2 loss = 7.02182 (max 14.95), (true 950, predicted [728])
attack: step 4/10, xent loss = 5.82225, l2 loss = 8.07141 (max 14.95), (true 950, predicted [728])
attack: step 5/10, xent loss = 7.32263, l2 loss = 9.03388 (max 14.95), (true 950, predicted [619])
attack: step 6/10, xent loss = 7.04477, l2 loss = 9.84334 (max 14.95), (true 950, predicted [728])
attack: step 7/10, xent loss = 7.49921, l2 loss = 10.7577 (max 14.95), (true 950, predicted [728])
attack: step 8/10, xent loss = 6.86383, l2 loss = 13.2912 (max 14.95), (true 950, predicted [728])
attack: step 9/10, xent loss = 8.78488, l2 loss = 13.9269 (max 14.95), (true 950, predicted [619])
attack: step 10/10, xent loss = 7.32001, l2 loss = 14.4427 (max 14.95), (true 950, predicted [728])
check failed
true = 950, adv = 728
evaluating 812 of [810, 820)
attack: step 1/10, xent loss = 1.36931, l2 loss = 0 (max 14.95), (true 879, predicted [879])
attack: step 2/10, xent loss = 0.129814, l2 loss = 3.50659 (max 14.95), (true 879, predicted [879])
attack: step 3/10, xent loss = 1.35734, l2 loss = 3.55901 (max 14.95), (true 879, predicted [879])
attack: step 4/10, xent loss = 0.116543, l2 loss = 4.89731 (max 14.95), (true 879, predicted [879])
attack: step 5/10, xent loss = 0.186513, l2 loss = 4.93114 (max 14.95), (true 879, predicted [879])
attack: step 6/10, xent loss = 0.0362018, l2 loss = 5.08046 (max 14.95), (true 879, predicted [879])
attack: step 7/10, xent loss = 0.389763, l2 loss = 5.08743 (max 14.95), (true 879, predicted [879])
attack: step 8/10, xent loss = 0.26912, l2 loss = 5.26695 (max 14.95), (true 879, predicted [879])
attack: step 9/10, xent loss = 0.761476, l2 loss = 5.41189 (max 14.95), (true 879, predicted [879])
attack: step 10/10, xent loss = 1.92916, l2 loss = 6.12576 (max 14.95), (true 879, predicted [879])
true = 879, adv = 879
evaluating 813 of [810, 820)
attack: step 1/10, xent loss = 0.0492453, l2 loss = 0 (max 14.95), (true 902, predicted [902])
attack: step 2/10, xent loss = 0.0200792, l2 loss = 0.375532 (max 14.95), (true 902, predicted [902])
attack: step 3/10, xent loss = 0.00278003, l2 loss = 0.397885 (max 14.95), (true 902, predicted [902])
attack: step 4/10, xent loss = 0.131531, l2 loss = 0.398711 (max 14.95), (true 902, predicted [902])
attack: step 5/10, xent loss = 0.126268, l2 loss = 0.94602 (max 14.95), (true 902, predicted [902])
attack: step 6/10, xent loss = 0.158406, l2 loss = 1.27408 (max 14.95), (true 902, predicted [902])
attack: step 7/10, xent loss = 0.00462261, l2 loss = 1.62632 (max 14.95), (true 902, predicted [902])
attack: step 8/10, xent loss = 0.298095, l2 loss = 1.62758 (max 14.95), (true 902, predicted [902])
attack: step 9/10, xent loss = 1.19418, l2 loss = 2.93559 (max 14.95), (true 902, predicted [902])
attack: step 10/10, xent loss = 0.392221, l2 loss = 5.24694 (max 14.95), (true 902, predicted [902])
true = 902, adv = 902
evaluating 814 of [810, 820)
attack: step 1/10, xent loss = 5.24073, l2 loss = 0 (max 14.95), (true 627, predicted [692])
attack: step 2/10, xent loss = 9.64311, l2 loss = 3.75654 (max 14.95), (true 627, predicted [879])
attack: step 3/10, xent loss = 6.6819, l2 loss = 7.20478 (max 14.95), (true 627, predicted [692])
attack: step 4/10, xent loss = 6.95074, l2 loss = 7.60837 (max 14.95), (true 627, predicted [692])
attack: step 5/10, xent loss = 5.94178, l2 loss = 7.99845 (max 14.95), (true 627, predicted [692])
attack: step 6/10, xent loss = 7.59295, l2 loss = 8.5684 (max 14.95), (true 627, predicted [692])
attack: step 7/10, xent loss = 6.62362, l2 loss = 9.15772 (max 14.95), (true 627, predicted [879])
attack: step 8/10, xent loss = 7.01722, l2 loss = 10.1436 (max 14.95), (true 627, predicted [692])
attack: step 9/10, xent loss = 8.74355, l2 loss = 10.7769 (max 14.95), (true 627, predicted [692])
attack: step 10/10, xent loss = 6.96858, l2 loss = 11.6787 (max 14.95), (true 627, predicted [692])
true = 627, adv = 879
evaluating 815 of [810, 820)
attack: step 1/10, xent loss = 9.95985, l2 loss = 0 (max 14.95), (true 715, predicted [478])
attack: step 2/10, xent loss = 11.5488, l2 loss = 2.72777 (max 14.95), (true 715, predicted [478])
attack: step 3/10, xent loss = 9.65125, l2 loss = 4.87141 (max 14.95), (true 715, predicted [478])
attack: step 4/10, xent loss = 9.83443, l2 loss = 5.30926 (max 14.95), (true 715, predicted [478])
attack: step 5/10, xent loss = 10.3422, l2 loss = 6.03123 (max 14.95), (true 715, predicted [478])
attack: step 6/10, xent loss = 9.94162, l2 loss = 6.61903 (max 14.95), (true 715, predicted [716])
attack: step 7/10, xent loss = 9.99018, l2 loss = 7.12311 (max 14.95), (true 715, predicted [478])
attack: step 8/10, xent loss = 10.1757, l2 loss = 8.22476 (max 14.95), (true 715, predicted [478])
attack: step 9/10, xent loss = 10.1889, l2 loss = 8.62532 (max 14.95), (true 715, predicted [478])
attack: step 10/10, xent loss = 11.3307, l2 loss = 8.99348 (max 14.95), (true 715, predicted [478])
true = 715, adv = 478
evaluating 816 of [810, 820)
attack: step 1/10, xent loss = 0.774053, l2 loss = 0 (max 14.95), (true 847, predicted [847])
attack: step 2/10, xent loss = 4.05506, l2 loss = 4.73742 (max 14.95), (true 847, predicted [750])
attack: step 3/10, xent loss = 4.19562, l2 loss = 9.13048 (max 14.95), (true 847, predicted [750])
attack: step 4/10, xent loss = 5.34457, l2 loss = 10.4629 (max 14.95), (true 847, predicted [669])
attack: step 5/10, xent loss = 5.09804, l2 loss = 11.8238 (max 14.95), (true 847, predicted [728])
attack: step 6/10, xent loss = 5.92111, l2 loss = 12.4655 (max 14.95), (true 847, predicted [692])
attack: step 7/10, xent loss = 4.92665, l2 loss = 13.2048 (max 14.95), (true 847, predicted [750])
attack: step 8/10, xent loss = 6.51586, l2 loss = 14.3677 (max 14.95), (true 847, predicted [750])
attack: step 9/10, xent loss = 5.60382, l2 loss = 14.9471 (max 14.95), (true 847, predicted [728])
attack: step 10/10, xent loss = 6.95266, l2 loss = 15.4457 (max 14.95), (true 847, predicted [750])
check failed
true = 847, adv = 750
evaluating 817 of [810, 820)
attack: step 1/10, xent loss = 3.29048, l2 loss = 0 (max 14.95), (true 168, predicted [167])
attack: step 2/10, xent loss = 7.1843, l2 loss = 4.63308 (max 14.95), (true 168, predicted [728])
attack: step 3/10, xent loss = 6.41934, l2 loss = 14.5737 (max 14.95), (true 168, predicted [728])
attack: step 4/10, xent loss = 12.5657, l2 loss = 17.1672 (max 14.95), (true 168, predicted [728])
attack: step 5/10, xent loss = 12.1465, l2 loss = 18.6371 (max 14.95), (true 168, predicted [728])
attack: step 6/10, xent loss = 15.7222, l2 loss = 21.2097 (max 14.95), (true 168, predicted [728])
attack: step 7/10, xent loss = 13.2123, l2 loss = 22.7653 (max 14.95), (true 168, predicted [728])
attack: step 8/10, xent loss = 14.0942, l2 loss = 25.0106 (max 14.95), (true 168, predicted [728])
attack: step 9/10, xent loss = 15.6466, l2 loss = 26.3159 (max 14.95), (true 168, predicted [728])
attack: step 10/10, xent loss = 15.5944, l2 loss = 27.4359 (max 14.95), (true 168, predicted [728])
check failed
true = 168, adv = 728
evaluating 818 of [810, 820)
attack: step 1/10, xent loss = 2.80966, l2 loss = 0 (max 14.95), (true 502, predicted [630])
attack: step 2/10, xent loss = 3.98966, l2 loss = 4.03048 (max 14.95), (true 502, predicted [797])
attack: step 3/10, xent loss = 5.39582, l2 loss = 7.82886 (max 14.95), (true 502, predicted [797])
attack: step 4/10, xent loss = 5.63822, l2 loss = 9.83515 (max 14.95), (true 502, predicted [797])
attack: step 5/10, xent loss = 8.44619, l2 loss = 12.2146 (max 14.95), (true 502, predicted [797])
attack: step 6/10, xent loss = 8.85951, l2 loss = 13.2982 (max 14.95), (true 502, predicted [797])
attack: step 7/10, xent loss = 8.31312, l2 loss = 14.7107 (max 14.95), (true 502, predicted [797])
attack: step 8/10, xent loss = 8.92204, l2 loss = 15.9043 (max 14.95), (true 502, predicted [797])
attack: step 9/10, xent loss = 9.29328, l2 loss = 16.809 (max 14.95), (true 502, predicted [797])
attack: step 10/10, xent loss = 8.0625, l2 loss = 17.79 (max 14.95), (true 502, predicted [797])
check failed
true = 502, adv = 797
evaluating 819 of [810, 820)
attack: step 1/10, xent loss = 1.01125, l2 loss = 0 (max 14.95), (true 617, predicted [617])
attack: step 2/10, xent loss = 1.74492, l2 loss = 3.10091 (max 14.95), (true 617, predicted [617])
attack: step 3/10, xent loss = 1.99588, l2 loss = 4.44692 (max 14.95), (true 617, predicted [617])
attack: step 4/10, xent loss = 3.08967, l2 loss = 6.16621 (max 14.95), (true 617, predicted [728])
attack: step 5/10, xent loss = 3.61154, l2 loss = 8.15919 (max 14.95), (true 617, predicted [478])
attack: step 6/10, xent loss = 4.4937, l2 loss = 9.36143 (max 14.95), (true 617, predicted [667])
attack: step 7/10, xent loss = 2.26691, l2 loss = 12.3871 (max 14.95), (true 617, predicted [617])
attack: step 8/10, xent loss = 3.26237, l2 loss = 13.2196 (max 14.95), (true 617, predicted [879])
attack: step 9/10, xent loss = 2.30301, l2 loss = 14.0429 (max 14.95), (true 617, predicted [617])
attack: step 10/10, xent loss = 2.18992, l2 loss = 14.8175 (max 14.95), (true 617, predicted [617])
check failed
true = 617, adv = 879
