2019-06-06 00:07:13.917676: I tensorflow/core/platform/cpu_feature_guard.cc:141] Your CPU supports instructions that this TensorFlow binary was not compiled to use: SSE4.1 SSE4.2 AVX AVX2 FMA
2019-06-06 00:07:15.023515: I tensorflow/core/platform/profile_utils/cpu_utils.cc:94] CPU Frequency: 2600155000 Hz
2019-06-06 00:07:15.038749: I tensorflow/compiler/xla/service/service.cc:150] XLA service 0x2aaae6ac0360 executing computations on platform Host. Devices:
2019-06-06 00:07:15.038789: I tensorflow/compiler/xla/service/service.cc:158]   StreamExecutor device (0): <undefined>, <undefined>
2019-06-06 00:07:15.039142: I tensorflow/core/common_runtime/process_util.cc:71] Creating new thread pool with default inter op setting: 2. Tune using inter_op_parallelism_threads for best performance.
evaluating 730 of [730, 740)
attack: step 1/10, xent loss = 4.75832, l2 loss = 0 (max 14.95), (true 938, predicted [728])
attack: step 2/10, xent loss = 5.56329, l2 loss = 3.0987 (max 14.95), (true 938, predicted [728])
attack: step 3/10, xent loss = 2.37979, l2 loss = 3.99587 (max 14.95), (true 938, predicted [728])
attack: step 4/10, xent loss = 3.1723, l2 loss = 5.70574 (max 14.95), (true 938, predicted [728])
attack: step 5/10, xent loss = 3.21779, l2 loss = 6.78554 (max 14.95), (true 938, predicted [879])
attack: step 6/10, xent loss = 4.59847, l2 loss = 8.05939 (max 14.95), (true 938, predicted [728])
attack: step 7/10, xent loss = 4.82481, l2 loss = 8.81203 (max 14.95), (true 938, predicted [728])
attack: step 8/10, xent loss = 4.01667, l2 loss = 9.33779 (max 14.95), (true 938, predicted [728])
attack: step 9/10, xent loss = 4.30513, l2 loss = 9.92786 (max 14.95), (true 938, predicted [728])
attack: step 10/10, xent loss = 4.98795, l2 loss = 10.7024 (max 14.95), (true 938, predicted [728])
true = 938, adv = 879
evaluating 731 of [730, 740)
attack: step 1/10, xent loss = 9.3493, l2 loss = 0 (max 14.95), (true 516, predicted [728])
attack: step 2/10, xent loss = 10.2427, l2 loss = 6.06481 (max 14.95), (true 516, predicted [728])
attack: step 3/10, xent loss = 10.7551, l2 loss = 7.13447 (max 14.95), (true 516, predicted [728])
attack: step 4/10, xent loss = 11.8433, l2 loss = 8.47979 (max 14.95), (true 516, predicted [728])
attack: step 5/10, xent loss = 10.7721, l2 loss = 11.8005 (max 14.95), (true 516, predicted [713])
attack: step 6/10, xent loss = 11.5939, l2 loss = 12.5335 (max 14.95), (true 516, predicted [728])
attack: step 7/10, xent loss = 9.7553, l2 loss = 13.8527 (max 14.95), (true 516, predicted [728])
attack: step 8/10, xent loss = 11.089, l2 loss = 14.3755 (max 14.95), (true 516, predicted [728])
attack: step 9/10, xent loss = 12.1247, l2 loss = 15.1998 (max 14.95), (true 516, predicted [728])
attack: step 10/10, xent loss = 10.7516, l2 loss = 16.0619 (max 14.95), (true 516, predicted [692])
check failed
true = 516, adv = 728
evaluating 732 of [730, 740)
attack: step 1/10, xent loss = 3.47624, l2 loss = 0 (max 14.95), (true 650, predicted [862])
attack: step 2/10, xent loss = 3.56128, l2 loss = 3.2117 (max 14.95), (true 650, predicted [862])
attack: step 3/10, xent loss = 4.11308, l2 loss = 4.4365 (max 14.95), (true 650, predicted [879])
attack: step 4/10, xent loss = 4.3849, l2 loss = 5.76982 (max 14.95), (true 650, predicted [607])
attack: step 5/10, xent loss = 3.95672, l2 loss = 7.24625 (max 14.95), (true 650, predicted [862])
attack: step 6/10, xent loss = 4.46973, l2 loss = 8.7206 (max 14.95), (true 650, predicted [862])
attack: step 7/10, xent loss = 4.17743, l2 loss = 9.41117 (max 14.95), (true 650, predicted [862])
attack: step 8/10, xent loss = 5.06786, l2 loss = 10.0383 (max 14.95), (true 650, predicted [862])
attack: step 9/10, xent loss = 4.77411, l2 loss = 10.7571 (max 14.95), (true 650, predicted [607])
attack: step 10/10, xent loss = 5.92416, l2 loss = 11.3225 (max 14.95), (true 650, predicted [862])
true = 650, adv = 862
evaluating 733 of [730, 740)
attack: step 1/10, xent loss = 0.0839888, l2 loss = 0 (max 14.95), (true 796, predicted [796])
attack: step 2/10, xent loss = 0.0751143, l2 loss = 0.343122 (max 14.95), (true 796, predicted [796])
attack: step 3/10, xent loss = 0.13782, l2 loss = 0.494366 (max 14.95), (true 796, predicted [796])
attack: step 4/10, xent loss = 0.929548, l2 loss = 0.973203 (max 14.95), (true 796, predicted [796])
attack: step 5/10, xent loss = 0.834225, l2 loss = 5.32431 (max 14.95), (true 796, predicted [796])
attack: step 6/10, xent loss = 0.581161, l2 loss = 6.63819 (max 14.95), (true 796, predicted [796])
attack: step 7/10, xent loss = 0.965368, l2 loss = 7.45296 (max 14.95), (true 796, predicted [796])
attack: step 8/10, xent loss = 2.53752, l2 loss = 8.79341 (max 14.95), (true 796, predicted [728])
attack: step 9/10, xent loss = 3.31806, l2 loss = 12.5756 (max 14.95), (true 796, predicted [728])
attack: step 10/10, xent loss = 3.91197, l2 loss = 14.4039 (max 14.95), (true 796, predicted [728])
check failed
true = 796, adv = 728
evaluating 734 of [730, 740)
attack: step 1/10, xent loss = 7.53476, l2 loss = 0 (max 14.95), (true 28, predicted [463])
attack: step 2/10, xent loss = 7.33607, l2 loss = 2.2142 (max 14.95), (true 28, predicted [607])
attack: step 3/10, xent loss = 6.79326, l2 loss = 3.31825 (max 14.95), (true 28, predicted [448])
attack: step 4/10, xent loss = 8.1468, l2 loss = 4.41349 (max 14.95), (true 28, predicted [607])
attack: step 5/10, xent loss = 8.16294, l2 loss = 5.07538 (max 14.95), (true 28, predicted [607])
attack: step 6/10, xent loss = 9.13547, l2 loss = 5.50305 (max 14.95), (true 28, predicted [448])
attack: step 7/10, xent loss = 8.41504, l2 loss = 5.84751 (max 14.95), (true 28, predicted [607])
attack: step 8/10, xent loss = 8.03424, l2 loss = 6.44452 (max 14.95), (true 28, predicted [607])
attack: step 9/10, xent loss = 7.50393, l2 loss = 7.01995 (max 14.95), (true 28, predicted [1])
attack: step 10/10, xent loss = 7.57898, l2 loss = 7.50603 (max 14.95), (true 28, predicted [607])
true = 28, adv = 607
evaluating 735 of [730, 740)
attack: step 1/10, xent loss = 5.36499, l2 loss = 0 (max 14.95), (true 825, predicted [692])
attack: step 2/10, xent loss = 6.39011, l2 loss = 2.96203 (max 14.95), (true 825, predicted [692])
attack: step 3/10, xent loss = 5.69705, l2 loss = 3.78752 (max 14.95), (true 825, predicted [478])
attack: step 4/10, xent loss = 6.45132, l2 loss = 4.79551 (max 14.95), (true 825, predicted [692])
attack: step 5/10, xent loss = 5.94754, l2 loss = 5.61621 (max 14.95), (true 825, predicted [478])
attack: step 6/10, xent loss = 6.79784, l2 loss = 6.24796 (max 14.95), (true 825, predicted [692])
attack: step 7/10, xent loss = 7.20521, l2 loss = 6.86155 (max 14.95), (true 825, predicted [478])
attack: step 8/10, xent loss = 7.24089, l2 loss = 7.47891 (max 14.95), (true 825, predicted [692])
attack: step 9/10, xent loss = 6.06733, l2 loss = 7.86095 (max 14.95), (true 825, predicted [478])
attack: step 10/10, xent loss = 7.54726, l2 loss = 8.53872 (max 14.95), (true 825, predicted [692])
true = 825, adv = 692
evaluating 736 of [730, 740)
attack: step 1/10, xent loss = 1.00516, l2 loss = 0 (max 14.95), (true 340, predicted [340])
attack: step 2/10, xent loss = 3.26821, l2 loss = 4.4651 (max 14.95), (true 340, predicted [599])
attack: step 3/10, xent loss = 0.310455, l2 loss = 7.39172 (max 14.95), (true 340, predicted [340])
attack: step 4/10, xent loss = 2.56502, l2 loss = 7.55979 (max 14.95), (true 340, predicted [552])
attack: step 5/10, xent loss = 1.86109, l2 loss = 9.28836 (max 14.95), (true 340, predicted [340])
attack: step 6/10, xent loss = 5.34333, l2 loss = 10.7469 (max 14.95), (true 340, predicted [552])
attack: step 7/10, xent loss = 4.64572, l2 loss = 11.443 (max 14.95), (true 340, predicted [879])
attack: step 8/10, xent loss = 7.33776, l2 loss = 12.3003 (max 14.95), (true 340, predicted [879])
attack: step 9/10, xent loss = 6.3994, l2 loss = 12.5167 (max 14.95), (true 340, predicted [552])
attack: step 10/10, xent loss = 6.53789, l2 loss = 13.2013 (max 14.95), (true 340, predicted [309])
true = 340, adv = 552
evaluating 737 of [730, 740)
attack: step 1/10, xent loss = 0.0915429, l2 loss = 0 (max 14.95), (true 986, predicted [986])
attack: step 2/10, xent loss = 0.199099, l2 loss = 0.469578 (max 14.95), (true 986, predicted [986])
attack: step 3/10, xent loss = 0.466769, l2 loss = 1.39034 (max 14.95), (true 986, predicted [986])
attack: step 4/10, xent loss = 0.246933, l2 loss = 3.17577 (max 14.95), (true 986, predicted [986])
attack: step 5/10, xent loss = 0.138283, l2 loss = 3.52752 (max 14.95), (true 986, predicted [986])
attack: step 6/10, xent loss = 0.0743834, l2 loss = 3.62296 (max 14.95), (true 986, predicted [986])
attack: step 7/10, xent loss = 0.652891, l2 loss = 3.64614 (max 14.95), (true 986, predicted [986])
attack: step 8/10, xent loss = 0.505998, l2 loss = 5.52645 (max 14.95), (true 986, predicted [986])
attack: step 9/10, xent loss = 1.58545, l2 loss = 6.22994 (max 14.95), (true 986, predicted [728])
attack: step 10/10, xent loss = 0.272017, l2 loss = 9.44752 (max 14.95), (true 986, predicted [986])
true = 986, adv = 728
evaluating 738 of [730, 740)
attack: step 1/10, xent loss = 0.203211, l2 loss = 0 (max 14.95), (true 231, predicted [231])
attack: step 2/10, xent loss = 0.25935, l2 loss = 0.573498 (max 14.95), (true 231, predicted [231])
attack: step 3/10, xent loss = 1.0438, l2 loss = 1.06202 (max 14.95), (true 231, predicted [232])
attack: step 4/10, xent loss = 0.777873, l2 loss = 1.74872 (max 14.95), (true 231, predicted [231])
attack: step 5/10, xent loss = 1.0716, l2 loss = 2.15527 (max 14.95), (true 231, predicted [232])
attack: step 6/10, xent loss = 0.673177, l2 loss = 2.82448 (max 14.95), (true 231, predicted [231])
attack: step 7/10, xent loss = 0.831782, l2 loss = 3.34875 (max 14.95), (true 231, predicted [232])
attack: step 8/10, xent loss = 1.14219, l2 loss = 3.59121 (max 14.95), (true 231, predicted [232])
attack: step 9/10, xent loss = 0.506648, l2 loss = 3.92462 (max 14.95), (true 231, predicted [231])
attack: step 10/10, xent loss = 0.712278, l2 loss = 4.04629 (max 14.95), (true 231, predicted [232])
true = 231, adv = 232
evaluating 739 of [730, 740)
attack: step 1/10, xent loss = 7.24882, l2 loss = 0 (max 14.95), (true 98, predicted [723])
attack: step 2/10, xent loss = 7.3537, l2 loss = 1.44797 (max 14.95), (true 98, predicted [557])
attack: step 3/10, xent loss = 6.54922, l2 loss = 2.23516 (max 14.95), (true 98, predicted [692])
attack: step 4/10, xent loss = 7.50583, l2 loss = 2.99259 (max 14.95), (true 98, predicted [557])
attack: step 5/10, xent loss = 7.05253, l2 loss = 4.71699 (max 14.95), (true 98, predicted [692])
attack: step 6/10, xent loss = 7.05774, l2 loss = 5.66786 (max 14.95), (true 98, predicted [692])
attack: step 7/10, xent loss = 6.80971, l2 loss = 5.97689 (max 14.95), (true 98, predicted [692])
attack: step 8/10, xent loss = 7.68318, l2 loss = 6.3151 (max 14.95), (true 98, predicted [692])
attack: step 9/10, xent loss = 8.89184, l2 loss = 6.81116 (max 14.95), (true 98, predicted [692])
attack: step 10/10, xent loss = 7.95201, l2 loss = 8.96471 (max 14.95), (true 98, predicted [692])
true = 98, adv = 692
