2019-05-30 04:27:42.012023: I tensorflow/core/platform/cpu_feature_guard.cc:141] Your CPU supports instructions that this TensorFlow binary was not compiled to use: SSE4.1 SSE4.2 AVX AVX2 FMA
2019-05-30 04:27:42.020440: I tensorflow/core/platform/profile_utils/cpu_utils.cc:94] CPU Frequency: 2599940000 Hz
2019-05-30 04:27:42.020603: I tensorflow/compiler/xla/service/service.cc:150] XLA service 0x2aaae6d4a8f0 executing computations on platform Host. Devices:
2019-05-30 04:27:42.020623: I tensorflow/compiler/xla/service/service.cc:158]   StreamExecutor device (0): <undefined>, <undefined>
2019-05-30 04:27:42.020855: I tensorflow/core/common_runtime/process_util.cc:71] Creating new thread pool with default inter op setting: 2. Tune using inter_op_parallelism_threads for best performance.
evaluating 750 of [750, 760)
attack: step 1/30, xent loss = 0.111408, l2 loss = 0 (max 14.95), (true 847, predicted [847])
attack: step 2/30, xent loss = 0.211372, l2 loss = 0.093316 (max 14.95), (true 847, predicted [847])
attack: step 3/30, xent loss = 0.484008, l2 loss = 0.232864 (max 14.95), (true 847, predicted [847])
attack: step 4/30, xent loss = 1.36869, l2 loss = 0.488225 (max 14.95), (true 847, predicted [847])
attack: step 5/30, xent loss = 5.01468, l2 loss = 0.989509 (max 14.95), (true 847, predicted [744])
attack: step 6/30, xent loss = 10.6085, l2 loss = 2.77675 (max 14.95), (true 847, predicted [744])
attack: step 7/30, xent loss = 13.75, l2 loss = 3.82708 (max 14.95), (true 847, predicted [744])
attack: step 8/30, xent loss = 15.446, l2 loss = 4.51142 (max 14.95), (true 847, predicted [744])
attack: step 9/30, xent loss = 18.2752, l2 loss = 5.41815 (max 14.95), (true 847, predicted [744])
attack: step 10/30, xent loss = 21.0862, l2 loss = 6.14273 (max 14.95), (true 847, predicted [744])
attack: step 11/30, xent loss = 24.6956, l2 loss = 6.91034 (max 14.95), (true 847, predicted [744])
attack: step 12/30, xent loss = 22.6837, l2 loss = 7.68406 (max 14.95), (true 847, predicted [744])
attack: step 13/30, xent loss = 30.4036, l2 loss = 8.32033 (max 14.95), (true 847, predicted [744])
attack: step 14/30, xent loss = 27.7366, l2 loss = 8.9569 (max 14.95), (true 847, predicted [744])
attack: step 15/30, xent loss = 26.8654, l2 loss = 9.87284 (max 14.95), (true 847, predicted [744])
attack: step 16/30, xent loss = 35.7778, l2 loss = 10.3802 (max 14.95), (true 847, predicted [744])
attack: step 17/30, xent loss = 36.9203, l2 loss = 11.1443 (max 14.95), (true 847, predicted [744])
attack: step 18/30, xent loss = 33.1591, l2 loss = 11.8114 (max 14.95), (true 847, predicted [744])
attack: step 19/30, xent loss = 27.7447, l2 loss = 12.9606 (max 14.95), (true 847, predicted [744])
attack: step 20/30, xent loss = 42.942, l2 loss = 13.3683 (max 14.95), (true 847, predicted [744])
attack: step 21/30, xent loss = 39.5389, l2 loss = 13.7515 (max 14.95), (true 847, predicted [744])
attack: step 22/30, xent loss = 38.0461, l2 loss = 14.4198 (max 14.95), (true 847, predicted [744])
attack: step 23/30, xent loss = 46.8623, l2 loss = 14.7554 (max 14.95), (true 847, predicted [744])
attack: step 24/30, xent loss = 40.7162, l2 loss = 15.2413 (max 14.95), (true 847, predicted [744])
attack: step 25/30, xent loss = 45.2443, l2 loss = 15.6679 (max 14.95), (true 847, predicted [744])
attack: step 26/30, xent loss = 52.2825, l2 loss = 16.0664 (max 14.95), (true 847, predicted [744])
attack: step 27/30, xent loss = 49.5631, l2 loss = 16.6312 (max 14.95), (true 847, predicted [744])
attack: step 28/30, xent loss = 49.7485, l2 loss = 17.0872 (max 14.95), (true 847, predicted [744])
attack: step 29/30, xent loss = 53.6529, l2 loss = 17.5031 (max 14.95), (true 847, predicted [744])
attack: step 30/30, xent loss = 48.145, l2 loss = 17.979 (max 14.95), (true 847, predicted [744])
check failed
true = 847, adv = 847
evaluating 751 of [750, 760)
attack: step 1/30, xent loss = 0.0681685, l2 loss = 0 (max 14.95), (true 3, predicted [3])
attack: step 2/30, xent loss = 0.43656, l2 loss = 0.135803 (max 14.95), (true 3, predicted [3])
attack: step 3/30, xent loss = 5.06607, l2 loss = 0.732057 (max 14.95), (true 3, predicted [983])
attack: step 4/30, xent loss = 8.33469, l2 loss = 2.48555 (max 14.95), (true 3, predicted [983])
attack: step 5/30, xent loss = 12.0823, l2 loss = 3.21301 (max 14.95), (true 3, predicted [983])
attack: step 6/30, xent loss = 13, l2 loss = 4.04161 (max 14.95), (true 3, predicted [801])
attack: step 7/30, xent loss = 16.7813, l2 loss = 4.90895 (max 14.95), (true 3, predicted [801])
attack: step 8/30, xent loss = 19.1559, l2 loss = 6.23864 (max 14.95), (true 3, predicted [801])
attack: step 9/30, xent loss = 24.8179, l2 loss = 6.92161 (max 14.95), (true 3, predicted [801])
attack: step 10/30, xent loss = 20.3567, l2 loss = 7.86508 (max 14.95), (true 3, predicted [801])
attack: step 11/30, xent loss = 19.5092, l2 loss = 8.78106 (max 14.95), (true 3, predicted [801])
attack: step 12/30, xent loss = 20.529, l2 loss = 9.82425 (max 14.95), (true 3, predicted [801])
attack: step 13/30, xent loss = 26.4012, l2 loss = 10.5775 (max 14.95), (true 3, predicted [801])
attack: step 14/30, xent loss = 29.8997, l2 loss = 11.0753 (max 14.95), (true 3, predicted [801])
attack: step 15/30, xent loss = 24.8877, l2 loss = 11.8734 (max 14.95), (true 3, predicted [801])
attack: step 16/30, xent loss = 32.1184, l2 loss = 12.4611 (max 14.95), (true 3, predicted [801])
attack: step 17/30, xent loss = 32.8475, l2 loss = 12.9748 (max 14.95), (true 3, predicted [801])
attack: step 18/30, xent loss = 32.8702, l2 loss = 13.5624 (max 14.95), (true 3, predicted [801])
attack: step 19/30, xent loss = 29.4434, l2 loss = 14.0931 (max 14.95), (true 3, predicted [801])
attack: step 20/30, xent loss = 27.8276, l2 loss = 15.0035 (max 14.95), (true 3, predicted [801])
attack: step 21/30, xent loss = 31.7404, l2 loss = 15.4587 (max 14.95), (true 3, predicted [801])
attack: step 22/30, xent loss = 35.4728, l2 loss = 15.8926 (max 14.95), (true 3, predicted [801])
attack: step 23/30, xent loss = 36.9772, l2 loss = 16.1302 (max 14.95), (true 3, predicted [801])
attack: step 24/30, xent loss = 34.8223, l2 loss = 16.6522 (max 14.95), (true 3, predicted [801])
attack: step 25/30, xent loss = 39.8026, l2 loss = 16.8558 (max 14.95), (true 3, predicted [801])
attack: step 26/30, xent loss = 41.9571, l2 loss = 17.3009 (max 14.95), (true 3, predicted [801])
attack: step 27/30, xent loss = 45.8177, l2 loss = 17.6156 (max 14.95), (true 3, predicted [801])
attack: step 28/30, xent loss = 49.1781, l2 loss = 17.8493 (max 14.95), (true 3, predicted [801])
attack: step 29/30, xent loss = 46.514, l2 loss = 18.0891 (max 14.95), (true 3, predicted [801])
attack: step 30/30, xent loss = 46.1377, l2 loss = 18.3779 (max 14.95), (true 3, predicted [801])
check failed
true = 3, adv = 4
evaluating 752 of [750, 760)
attack: step 1/30, xent loss = 0.0293219, l2 loss = 0 (max 14.95), (true 517, predicted [517])
attack: step 2/30, xent loss = 0.0450988, l2 loss = 0.0378184 (max 14.95), (true 517, predicted [517])
attack: step 3/30, xent loss = 0.0791623, l2 loss = 0.0911108 (max 14.95), (true 517, predicted [517])
attack: step 4/30, xent loss = 0.155729, l2 loss = 0.168004 (max 14.95), (true 517, predicted [517])
attack: step 5/30, xent loss = 0.348694, l2 loss = 0.307154 (max 14.95), (true 517, predicted [517])
attack: step 6/30, xent loss = 0.735829, l2 loss = 0.671166 (max 14.95), (true 517, predicted [517])
attack: step 7/30, xent loss = 0.687194, l2 loss = 1.49143 (max 14.95), (true 517, predicted [517])
attack: step 8/30, xent loss = 3.08704, l2 loss = 1.88917 (max 14.95), (true 517, predicted [920])
attack: step 9/30, xent loss = 6.47502, l2 loss = 2.81701 (max 14.95), (true 517, predicted [920])
attack: step 10/30, xent loss = 5.90222, l2 loss = 4.26379 (max 14.95), (true 517, predicted [552])
attack: step 11/30, xent loss = 11.323, l2 loss = 5.24378 (max 14.95), (true 517, predicted [552])
attack: step 12/30, xent loss = 16.6303, l2 loss = 6.15032 (max 14.95), (true 517, predicted [920])
attack: step 13/30, xent loss = 18.7897, l2 loss = 7.05861 (max 14.95), (true 517, predicted [920])
attack: step 14/30, xent loss = 18.7971, l2 loss = 7.78991 (max 14.95), (true 517, predicted [920])
attack: step 15/30, xent loss = 20.3335, l2 loss = 8.75791 (max 14.95), (true 517, predicted [920])
attack: step 16/30, xent loss = 22.1792, l2 loss = 9.4316 (max 14.95), (true 517, predicted [920])
attack: step 17/30, xent loss = 32.9463, l2 loss = 9.84802 (max 14.95), (true 517, predicted [920])
attack: step 18/30, xent loss = 32.382, l2 loss = 10.45 (max 14.95), (true 517, predicted [920])
attack: step 19/30, xent loss = 37.2195, l2 loss = 10.8875 (max 14.95), (true 517, predicted [920])
attack: step 20/30, xent loss = 29.1682, l2 loss = 11.6757 (max 14.95), (true 517, predicted [920])
attack: step 21/30, xent loss = 35.4423, l2 loss = 12.2186 (max 14.95), (true 517, predicted [920])
attack: step 22/30, xent loss = 44.3823, l2 loss = 12.6088 (max 14.95), (true 517, predicted [920])
attack: step 23/30, xent loss = 39.2658, l2 loss = 13.1959 (max 14.95), (true 517, predicted [920])
attack: step 24/30, xent loss = 48.28, l2 loss = 13.629 (max 14.95), (true 517, predicted [920])
attack: step 25/30, xent loss = 42.6707, l2 loss = 14.0282 (max 14.95), (true 517, predicted [920])
attack: step 26/30, xent loss = 50.3945, l2 loss = 14.6453 (max 14.95), (true 517, predicted [920])
attack: step 27/30, xent loss = 53.8194, l2 loss = 15.1115 (max 14.95), (true 517, predicted [920])
attack: step 28/30, xent loss = 56.5204, l2 loss = 15.5176 (max 14.95), (true 517, predicted [920])
attack: step 29/30, xent loss = 55.6111, l2 loss = 15.9337 (max 14.95), (true 517, predicted [920])
attack: step 30/30, xent loss = 50.1532, l2 loss = 16.5571 (max 14.95), (true 517, predicted [920])
check failed
true = 517, adv = 517
evaluating 753 of [750, 760)
attack: step 1/30, xent loss = 0.0110459, l2 loss = 0 (max 14.95), (true 604, predicted [604])
attack: step 2/30, xent loss = 0.0152079, l2 loss = 0.0194696 (max 14.95), (true 604, predicted [604])
attack: step 3/30, xent loss = 0.0224038, l2 loss = 0.0439742 (max 14.95), (true 604, predicted [604])
attack: step 4/30, xent loss = 0.036585, l2 loss = 0.0768541 (max 14.95), (true 604, predicted [604])
attack: step 5/30, xent loss = 0.072883, l2 loss = 0.127519 (max 14.95), (true 604, predicted [604])
attack: step 6/30, xent loss = 0.193966, l2 loss = 0.21491 (max 14.95), (true 604, predicted [604])
attack: step 7/30, xent loss = 1.09869, l2 loss = 0.406752 (max 14.95), (true 604, predicted [604])
attack: step 8/30, xent loss = 5.34573, l2 loss = 1.23488 (max 14.95), (true 604, predicted [846])
attack: step 9/30, xent loss = 8.12341, l2 loss = 2.17205 (max 14.95), (true 604, predicted [846])
attack: step 10/30, xent loss = 15.5727, l2 loss = 3.03955 (max 14.95), (true 604, predicted [846])
attack: step 11/30, xent loss = 20.1322, l2 loss = 3.72485 (max 14.95), (true 604, predicted [846])
attack: step 12/30, xent loss = 23.0519, l2 loss = 4.41098 (max 14.95), (true 604, predicted [846])
attack: step 13/30, xent loss = 21.6424, l2 loss = 5.29344 (max 14.95), (true 604, predicted [619])
attack: step 14/30, xent loss = 28.8908, l2 loss = 5.91237 (max 14.95), (true 604, predicted [619])
attack: step 15/30, xent loss = 30.7346, l2 loss = 6.45066 (max 14.95), (true 604, predicted [619])
attack: step 16/30, xent loss = 34.3063, l2 loss = 7.17348 (max 14.95), (true 604, predicted [619])
attack: step 17/30, xent loss = 33.7574, l2 loss = 7.89837 (max 14.95), (true 604, predicted [619])
attack: step 18/30, xent loss = 38.8558, l2 loss = 8.60591 (max 14.95), (true 604, predicted [619])
attack: step 19/30, xent loss = 35.9, l2 loss = 9.57594 (max 14.95), (true 604, predicted [619])
attack: step 20/30, xent loss = 39.6328, l2 loss = 10.0525 (max 14.95), (true 604, predicted [619])
attack: step 21/30, xent loss = 39.4204, l2 loss = 11.0368 (max 14.95), (true 604, predicted [619])
attack: step 22/30, xent loss = 47.8517, l2 loss = 11.451 (max 14.95), (true 604, predicted [619])
attack: step 23/30, xent loss = 43.5616, l2 loss = 12.1047 (max 14.95), (true 604, predicted [619])
attack: step 24/30, xent loss = 42.9634, l2 loss = 12.6469 (max 14.95), (true 604, predicted [619])
attack: step 25/30, xent loss = 51.5083, l2 loss = 13.5796 (max 14.95), (true 604, predicted [619])
attack: step 26/30, xent loss = 51.1076, l2 loss = 14.1176 (max 14.95), (true 604, predicted [619])
attack: step 27/30, xent loss = 53.6758, l2 loss = 14.5586 (max 14.95), (true 604, predicted [619])
attack: step 28/30, xent loss = 58.266, l2 loss = 15.1074 (max 14.95), (true 604, predicted [619])
attack: step 29/30, xent loss = 52.8438, l2 loss = 15.5997 (max 14.95), (true 604, predicted [619])
attack: step 30/30, xent loss = 56.8876, l2 loss = 16.0206 (max 14.95), (true 604, predicted [619])
check failed
true = 604, adv = 604
evaluating 754 of [750, 760)
attack: step 1/30, xent loss = 0.0625415, l2 loss = 0 (max 14.95), (true 310, predicted [310])
attack: step 2/30, xent loss = 2.45466, l2 loss = 0.204177 (max 14.95), (true 310, predicted [77])
attack: step 3/30, xent loss = 11.0861, l2 loss = 3.48057 (max 14.95), (true 310, predicted [77])
attack: step 4/30, xent loss = 18.451, l2 loss = 4.94406 (max 14.95), (true 310, predicted [77])
attack: step 5/30, xent loss = 19.8023, l2 loss = 6.12534 (max 14.95), (true 310, predicted [77])
attack: step 6/30, xent loss = 14.7355, l2 loss = 7.61033 (max 14.95), (true 310, predicted [77])
attack: step 7/30, xent loss = 14.4462, l2 loss = 9.20797 (max 14.95), (true 310, predicted [77])
attack: step 8/30, xent loss = 22.3865, l2 loss = 9.5943 (max 14.95), (true 310, predicted [77])
attack: step 9/30, xent loss = 20.903, l2 loss = 10.4642 (max 14.95), (true 310, predicted [77])
attack: step 10/30, xent loss = 28.8524, l2 loss = 11.072 (max 14.95), (true 310, predicted [77])
attack: step 11/30, xent loss = 22.9098, l2 loss = 11.6948 (max 14.95), (true 310, predicted [77])
attack: step 12/30, xent loss = 33.9315, l2 loss = 11.9666 (max 14.95), (true 310, predicted [77])
attack: step 13/30, xent loss = 32.8334, l2 loss = 12.5594 (max 14.95), (true 310, predicted [77])
attack: step 14/30, xent loss = 39.4855, l2 loss = 12.8621 (max 14.95), (true 310, predicted [77])
attack: step 15/30, xent loss = 29.3741, l2 loss = 13.5228 (max 14.95), (true 310, predicted [77])
attack: step 16/30, xent loss = 32.3871, l2 loss = 14.0446 (max 14.95), (true 310, predicted [77])
attack: step 17/30, xent loss = 27.0357, l2 loss = 14.6307 (max 14.95), (true 310, predicted [77])
attack: step 18/30, xent loss = 38.9777, l2 loss = 15.0437 (max 14.95), (true 310, predicted [77])
attack: step 19/30, xent loss = 30.2038, l2 loss = 15.6336 (max 14.95), (true 310, predicted [77])
attack: step 20/30, xent loss = 42.3675, l2 loss = 15.9823 (max 14.95), (true 310, predicted [77])
attack: step 21/30, xent loss = 30.1296, l2 loss = 16.7097 (max 14.95), (true 310, predicted [77])
attack: step 22/30, xent loss = 34.0023, l2 loss = 17.3211 (max 14.95), (true 310, predicted [77])
attack: step 23/30, xent loss = 50.9794, l2 loss = 17.5894 (max 14.95), (true 310, predicted [77])
attack: step 24/30, xent loss = 38.8162, l2 loss = 18.0121 (max 14.95), (true 310, predicted [77])
attack: step 25/30, xent loss = 45.0752, l2 loss = 18.4295 (max 14.95), (true 310, predicted [77])
attack: step 26/30, xent loss = 34.1281, l2 loss = 18.8686 (max 14.95), (true 310, predicted [77])
attack: step 27/30, xent loss = 45.3777, l2 loss = 19.2189 (max 14.95), (true 310, predicted [77])
attack: step 28/30, xent loss = 49.7962, l2 loss = 19.5907 (max 14.95), (true 310, predicted [77])
attack: step 29/30, xent loss = 48.9784, l2 loss = 20.0048 (max 14.95), (true 310, predicted [77])
attack: step 30/30, xent loss = 48.1361, l2 loss = 20.3371 (max 14.95), (true 310, predicted [77])
check failed
true = 310, adv = 313
evaluating 755 of [750, 760)
attack: step 1/30, xent loss = 0.0121278, l2 loss = 0 (max 14.95), (true 717, predicted [717])
attack: step 2/30, xent loss = 0.0162176, l2 loss = 0.0192495 (max 14.95), (true 717, predicted [717])
attack: step 3/30, xent loss = 0.0232093, l2 loss = 0.0429761 (max 14.95), (true 717, predicted [717])
attack: step 4/30, xent loss = 0.0367036, l2 loss = 0.0764893 (max 14.95), (true 717, predicted [717])
attack: step 5/30, xent loss = 0.0623543, l2 loss = 0.120657 (max 14.95), (true 717, predicted [717])
attack: step 6/30, xent loss = 0.128236, l2 loss = 0.186822 (max 14.95), (true 717, predicted [717])
attack: step 7/30, xent loss = 0.344466, l2 loss = 0.301104 (max 14.95), (true 717, predicted [717])
attack: step 8/30, xent loss = 1.14837, l2 loss = 0.535919 (max 14.95), (true 717, predicted [717])
attack: step 9/30, xent loss = 2.92193, l2 loss = 1.02994 (max 14.95), (true 717, predicted [705])
attack: step 10/30, xent loss = 6.30348, l2 loss = 1.78058 (max 14.95), (true 717, predicted [705])
attack: step 11/30, xent loss = 10.2076, l2 loss = 2.40936 (max 14.95), (true 717, predicted [705])
attack: step 12/30, xent loss = 12.9572, l2 loss = 2.99092 (max 14.95), (true 717, predicted [705])
attack: step 13/30, xent loss = 9.68759, l2 loss = 3.68089 (max 14.95), (true 717, predicted [705])
attack: step 14/30, xent loss = 15.1113, l2 loss = 4.9544 (max 14.95), (true 717, predicted [705])
attack: step 15/30, xent loss = 18.5308, l2 loss = 5.34026 (max 14.95), (true 717, predicted [705])
attack: step 16/30, xent loss = 16.5812, l2 loss = 5.98081 (max 14.95), (true 717, predicted [705])
attack: step 17/30, xent loss = 21.0935, l2 loss = 6.44174 (max 14.95), (true 717, predicted [705])
attack: step 18/30, xent loss = 20.9587, l2 loss = 6.95237 (max 14.95), (true 717, predicted [705])
attack: step 19/30, xent loss = 21.6795, l2 loss = 7.60715 (max 14.95), (true 717, predicted [705])
attack: step 20/30, xent loss = 25.2051, l2 loss = 7.97296 (max 14.95), (true 717, predicted [705])
attack: step 21/30, xent loss = 29.1726, l2 loss = 8.42525 (max 14.95), (true 717, predicted [705])
attack: step 22/30, xent loss = 14.8105, l2 loss = 8.89122 (max 14.95), (true 717, predicted [705])
attack: step 23/30, xent loss = 28.4953, l2 loss = 9.23643 (max 14.95), (true 717, predicted [705])
attack: step 24/30, xent loss = 27.5367, l2 loss = 9.57686 (max 14.95), (true 717, predicted [705])
attack: step 25/30, xent loss = 25.8003, l2 loss = 10.6572 (max 14.95), (true 717, predicted [705])
attack: step 26/30, xent loss = 25.7145, l2 loss = 11.0562 (max 14.95), (true 717, predicted [705])
attack: step 27/30, xent loss = 29.9623, l2 loss = 11.3854 (max 14.95), (true 717, predicted [705])
attack: step 28/30, xent loss = 28.404, l2 loss = 11.6429 (max 14.95), (true 717, predicted [705])
attack: step 29/30, xent loss = 31.2195, l2 loss = 12.0848 (max 14.95), (true 717, predicted [705])
attack: step 30/30, xent loss = 34.5614, l2 loss = 12.3088 (max 14.95), (true 717, predicted [705])
true = 717, adv = 717
evaluating 756 of [750, 760)
attack: step 1/30, xent loss = 0.00041786, l2 loss = 0 (max 14.95), (true 822, predicted [822])
attack: step 2/30, xent loss = 0.000426202, l2 loss = 0.000885491 (max 14.95), (true 822, predicted [822])
attack: step 3/30, xent loss = 0.000434423, l2 loss = 0.00180459 (max 14.95), (true 822, predicted [822])
attack: step 4/30, xent loss = 0.000443599, l2 loss = 0.00274026 (max 14.95), (true 822, predicted [822])
attack: step 5/30, xent loss = 0.000452893, l2 loss = 0.0036918 (max 14.95), (true 822, predicted [822])
attack: step 6/30, xent loss = 0.000462187, l2 loss = 0.00465287 (max 14.95), (true 822, predicted [822])
attack: step 7/30, xent loss = 0.000472196, l2 loss = 0.00563636 (max 14.95), (true 822, predicted [822])
attack: step 8/30, xent loss = 0.000482324, l2 loss = 0.00664832 (max 14.95), (true 822, predicted [822])
attack: step 9/30, xent loss = 0.000493047, l2 loss = 0.00767471 (max 14.95), (true 822, predicted [822])
attack: step 10/30, xent loss = 0.000504486, l2 loss = 0.00874361 (max 14.95), (true 822, predicted [822])
attack: step 11/30, xent loss = 0.00051652, l2 loss = 0.00982427 (max 14.95), (true 822, predicted [822])
attack: step 12/30, xent loss = 0.00052903, l2 loss = 0.0109264 (max 14.95), (true 822, predicted [822])
attack: step 13/30, xent loss = 0.000542017, l2 loss = 0.0120586 (max 14.95), (true 822, predicted [822])
attack: step 14/30, xent loss = 0.000556195, l2 loss = 0.0132278 (max 14.95), (true 822, predicted [822])
attack: step 15/30, xent loss = 0.000571445, l2 loss = 0.0144309 (max 14.95), (true 822, predicted [822])
attack: step 16/30, xent loss = 0.000587767, l2 loss = 0.0156837 (max 14.95), (true 822, predicted [822])
attack: step 17/30, xent loss = 0.000605042, l2 loss = 0.0169863 (max 14.95), (true 822, predicted [822])
attack: step 18/30, xent loss = 0.000623389, l2 loss = 0.0183184 (max 14.95), (true 822, predicted [822])
attack: step 19/30, xent loss = 0.000642213, l2 loss = 0.0196706 (max 14.95), (true 822, predicted [822])
attack: step 20/30, xent loss = 0.000662941, l2 loss = 0.0210894 (max 14.95), (true 822, predicted [822])
attack: step 21/30, xent loss = 0.000684146, l2 loss = 0.0225116 (max 14.95), (true 822, predicted [822])
attack: step 22/30, xent loss = 0.000705947, l2 loss = 0.0239691 (max 14.95), (true 822, predicted [822])
attack: step 23/30, xent loss = 0.000727508, l2 loss = 0.0254172 (max 14.95), (true 822, predicted [822])
attack: step 24/30, xent loss = 0.00075026, l2 loss = 0.0268923 (max 14.95), (true 822, predicted [822])
attack: step 25/30, xent loss = 0.000774322, l2 loss = 0.0284001 (max 14.95), (true 822, predicted [822])
attack: step 26/30, xent loss = 0.000800647, l2 loss = 0.0299828 (max 14.95), (true 822, predicted [822])
attack: step 27/30, xent loss = 0.000829353, l2 loss = 0.0316435 (max 14.95), (true 822, predicted [822])
attack: step 28/30, xent loss = 0.000859249, l2 loss = 0.033334 (max 14.95), (true 822, predicted [822])
attack: step 29/30, xent loss = 0.000890097, l2 loss = 0.0350668 (max 14.95), (true 822, predicted [822])
attack: step 30/30, xent loss = 0.000921302, l2 loss = 0.0367662 (max 14.95), (true 822, predicted [822])
true = 822, adv = 822
evaluating 757 of [750, 760)
attack: step 1/30, xent loss = 0.120597, l2 loss = 0 (max 14.95), (true 149, predicted [149])
attack: step 2/30, xent loss = 1.37417, l2 loss = 0.243637 (max 14.95), (true 149, predicted [149])
attack: step 3/30, xent loss = 5.65674, l2 loss = 2.14668 (max 14.95), (true 149, predicted [719])
attack: step 4/30, xent loss = 7.77849, l2 loss = 4.35221 (max 14.95), (true 149, predicted [719])
attack: step 5/30, xent loss = 11.7284, l2 loss = 4.80202 (max 14.95), (true 149, predicted [719])
attack: step 6/30, xent loss = 13.7262, l2 loss = 5.94639 (max 14.95), (true 149, predicted [719])
attack: step 7/30, xent loss = 13.6966, l2 loss = 7.58859 (max 14.95), (true 149, predicted [719])
attack: step 8/30, xent loss = 17.5666, l2 loss = 8.35258 (max 14.95), (true 149, predicted [719])
attack: step 9/30, xent loss = 13.1931, l2 loss = 9.73314 (max 14.95), (true 149, predicted [719])
attack: step 10/30, xent loss = 18.172, l2 loss = 10.8398 (max 14.95), (true 149, predicted [719])
attack: step 11/30, xent loss = 25.2771, l2 loss = 11.3623 (max 14.95), (true 149, predicted [719])
attack: step 12/30, xent loss = 26.5676, l2 loss = 12.0787 (max 14.95), (true 149, predicted [719])
attack: step 13/30, xent loss = 20.523, l2 loss = 13.0485 (max 14.95), (true 149, predicted [719])
attack: step 14/30, xent loss = 28.9124, l2 loss = 13.6242 (max 14.95), (true 149, predicted [719])
attack: step 15/30, xent loss = 31.9032, l2 loss = 14.2308 (max 14.95), (true 149, predicted [719])
attack: step 16/30, xent loss = 33.0354, l2 loss = 15.0235 (max 14.95), (true 149, predicted [719])
attack: step 17/30, xent loss = 36.8311, l2 loss = 15.946 (max 14.95), (true 149, predicted [719])
attack: step 18/30, xent loss = 36.1975, l2 loss = 16.6947 (max 14.95), (true 149, predicted [719])
attack: step 19/30, xent loss = 38.3577, l2 loss = 17.4068 (max 14.95), (true 149, predicted [719])
attack: step 20/30, xent loss = 46.9058, l2 loss = 18.057 (max 14.95), (true 149, predicted [719])
attack: step 21/30, xent loss = 53.8776, l2 loss = 18.4968 (max 14.95), (true 149, predicted [719])
attack: step 22/30, xent loss = 43.3428, l2 loss = 19.0834 (max 14.95), (true 149, predicted [719])
attack: step 23/30, xent loss = 47.7794, l2 loss = 19.5961 (max 14.95), (true 149, predicted [719])
attack: step 24/30, xent loss = 52.1959, l2 loss = 20.2685 (max 14.95), (true 149, predicted [719])
attack: step 25/30, xent loss = 55.5504, l2 loss = 20.8496 (max 14.95), (true 149, predicted [719])
attack: step 26/30, xent loss = 68.4443, l2 loss = 21.2189 (max 14.95), (true 149, predicted [719])
attack: step 27/30, xent loss = 64.4971, l2 loss = 21.763 (max 14.95), (true 149, predicted [719])
attack: step 28/30, xent loss = 70.7973, l2 loss = 22.2749 (max 14.95), (true 149, predicted [719])
attack: step 29/30, xent loss = 72.4863, l2 loss = 22.7608 (max 14.95), (true 149, predicted [719])
attack: step 30/30, xent loss = 71.9471, l2 loss = 23.1778 (max 14.95), (true 149, predicted [719])
check failed
true = 149, adv = 719
evaluating 758 of [750, 760)
attack: step 1/30, xent loss = 0.00531949, l2 loss = 0 (max 14.95), (true 122, predicted [122])
attack: step 2/30, xent loss = 0.00602359, l2 loss = 0.00816898 (max 14.95), (true 122, predicted [122])
attack: step 3/30, xent loss = 0.00691971, l2 loss = 0.0173252 (max 14.95), (true 122, predicted [122])
attack: step 4/30, xent loss = 0.00805546, l2 loss = 0.0275809 (max 14.95), (true 122, predicted [122])
attack: step 5/30, xent loss = 0.00954221, l2 loss = 0.0391926 (max 14.95), (true 122, predicted [122])
attack: step 6/30, xent loss = 0.0116139, l2 loss = 0.0527651 (max 14.95), (true 122, predicted [122])
attack: step 7/30, xent loss = 0.0147068, l2 loss = 0.069057 (max 14.95), (true 122, predicted [122])
attack: step 8/30, xent loss = 0.0196346, l2 loss = 0.0894137 (max 14.95), (true 122, predicted [122])
attack: step 9/30, xent loss = 0.0280576, l2 loss = 0.115444 (max 14.95), (true 122, predicted [122])
attack: step 10/30, xent loss = 0.0451977, l2 loss = 0.150681 (max 14.95), (true 122, predicted [122])
attack: step 11/30, xent loss = 0.0914114, l2 loss = 0.20615 (max 14.95), (true 122, predicted [122])
attack: step 12/30, xent loss = 0.255365, l2 loss = 0.304133 (max 14.95), (true 122, predicted [122])
attack: step 13/30, xent loss = 1.37009, l2 loss = 0.53072 (max 14.95), (true 122, predicted [124])
attack: step 14/30, xent loss = 5.88116, l2 loss = 1.27452 (max 14.95), (true 122, predicted [124])
attack: step 15/30, xent loss = 9.81871, l2 loss = 1.76326 (max 14.95), (true 122, predicted [124])
attack: step 16/30, xent loss = 10.5527, l2 loss = 2.41897 (max 14.95), (true 122, predicted [124])
attack: step 17/30, xent loss = 7.98277, l2 loss = 3.42219 (max 14.95), (true 122, predicted [124])
attack: step 18/30, xent loss = 13.9604, l2 loss = 4.11164 (max 14.95), (true 122, predicted [124])
attack: step 19/30, xent loss = 15.5395, l2 loss = 4.5776 (max 14.95), (true 122, predicted [124])
attack: step 20/30, xent loss = 15.847, l2 loss = 5.23989 (max 14.95), (true 122, predicted [124])
attack: step 21/30, xent loss = 15.7961, l2 loss = 5.91634 (max 14.95), (true 122, predicted [124])
attack: step 22/30, xent loss = 23.428, l2 loss = 6.24386 (max 14.95), (true 122, predicted [124])
attack: step 23/30, xent loss = 21.4947, l2 loss = 6.62526 (max 14.95), (true 122, predicted [124])
attack: step 24/30, xent loss = 22.8463, l2 loss = 7.33921 (max 14.95), (true 122, predicted [124])
attack: step 25/30, xent loss = 25.1679, l2 loss = 7.7569 (max 14.95), (true 122, predicted [124])
attack: step 26/30, xent loss = 21.584, l2 loss = 8.50314 (max 14.95), (true 122, predicted [124])
attack: step 27/30, xent loss = 31.2684, l2 loss = 8.77667 (max 14.95), (true 122, predicted [124])
attack: step 28/30, xent loss = 27.1873, l2 loss = 9.2343 (max 14.95), (true 122, predicted [124])
attack: step 29/30, xent loss = 28.7208, l2 loss = 10.0681 (max 14.95), (true 122, predicted [124])
attack: step 30/30, xent loss = 31.2927, l2 loss = 10.357 (max 14.95), (true 122, predicted [124])
true = 122, adv = 728
evaluating 759 of [750, 760)
attack: step 1/30, xent loss = 0.075056, l2 loss = 0 (max 14.95), (true 75, predicted [75])
attack: step 2/30, xent loss = 0.0919418, l2 loss = 0.0419365 (max 14.95), (true 75, predicted [75])
attack: step 3/30, xent loss = 0.112374, l2 loss = 0.085219 (max 14.95), (true 75, predicted [75])
attack: step 4/30, xent loss = 0.136295, l2 loss = 0.130684 (max 14.95), (true 75, predicted [75])
attack: step 5/30, xent loss = 0.166291, l2 loss = 0.180876 (max 14.95), (true 75, predicted [75])
attack: step 6/30, xent loss = 0.202583, l2 loss = 0.23362 (max 14.95), (true 75, predicted [75])
attack: step 7/30, xent loss = 0.244173, l2 loss = 0.290089 (max 14.95), (true 75, predicted [75])
attack: step 8/30, xent loss = 0.291167, l2 loss = 0.349097 (max 14.95), (true 75, predicted [75])
attack: step 9/30, xent loss = 0.342338, l2 loss = 0.409759 (max 14.95), (true 75, predicted [75])
attack: step 10/30, xent loss = 0.402028, l2 loss = 0.472239 (max 14.95), (true 75, predicted [75])
attack: step 11/30, xent loss = 0.471085, l2 loss = 0.538134 (max 14.95), (true 75, predicted [75])
attack: step 12/30, xent loss = 0.552325, l2 loss = 0.606885 (max 14.95), (true 75, predicted [75])
attack: step 13/30, xent loss = 0.656675, l2 loss = 0.686827 (max 14.95), (true 75, predicted [75])
attack: step 14/30, xent loss = 0.78258, l2 loss = 0.772073 (max 14.95), (true 75, predicted [75])
attack: step 15/30, xent loss = 0.92984, l2 loss = 0.872409 (max 14.95), (true 75, predicted [75])
attack: step 16/30, xent loss = 1.08827, l2 loss = 0.973208 (max 14.95), (true 75, predicted [75])
attack: step 17/30, xent loss = 1.23111, l2 loss = 1.1019 (max 14.95), (true 75, predicted [75])
attack: step 18/30, xent loss = 1.43607, l2 loss = 1.21124 (max 14.95), (true 75, predicted [75])
attack: step 19/30, xent loss = 1.57381, l2 loss = 1.34071 (max 14.95), (true 75, predicted [75])
attack: step 20/30, xent loss = 1.83485, l2 loss = 1.46451 (max 14.95), (true 75, predicted [75])
attack: step 21/30, xent loss = 2.111, l2 loss = 1.58068 (max 14.95), (true 75, predicted [75])
attack: step 22/30, xent loss = 2.38088, l2 loss = 1.71794 (max 14.95), (true 75, predicted [75])
attack: step 23/30, xent loss = 2.72803, l2 loss = 1.87422 (max 14.95), (true 75, predicted [75])
attack: step 24/30, xent loss = 3.26033, l2 loss = 2.04406 (max 14.95), (true 75, predicted [145])
attack: step 25/30, xent loss = 3.79753, l2 loss = 2.20461 (max 14.95), (true 75, predicted [145])
attack: step 26/30, xent loss = 5.50989, l2 loss = 2.43334 (max 14.95), (true 75, predicted [145])
attack: step 27/30, xent loss = 7.63954, l2 loss = 2.69044 (max 14.95), (true 75, predicted [145])
attack: step 28/30, xent loss = 9.0981, l2 loss = 2.97702 (max 14.95), (true 75, predicted [145])
attack: step 29/30, xent loss = 10.2188, l2 loss = 3.07731 (max 14.95), (true 75, predicted [145])
attack: step 30/30, xent loss = 11.3943, l2 loss = 3.21696 (max 14.95), (true 75, predicted [145])
true = 75, adv = 75
