2019-08-26 10:14:13.494917: I tensorflow/core/platform/cpu_feature_guard.cc:141] Your CPU supports instructions that this TensorFlow binary was not compiled to use: SSE4.1 SSE4.2 AVX AVX2 FMA
2019-08-26 10:14:14.432338: I tensorflow/core/platform/profile_utils/cpu_utils.cc:94] CPU Frequency: 2599725000 Hz
2019-08-26 10:14:14.478957: I tensorflow/compiler/xla/service/service.cc:150] XLA service 0x2aaae6c07e00 executing computations on platform Host. Devices:
2019-08-26 10:14:14.479106: I tensorflow/compiler/xla/service/service.cc:158]   StreamExecutor device (0): <undefined>, <undefined>
2019-08-26 10:14:14.480060: I tensorflow/core/common_runtime/process_util.cc:71] Creating new thread pool with default inter op setting: 2. Tune using inter_op_parallelism_threads for best performance.
evaluating 230 of [230, 240)
attack: step 1/10, xent loss = 8.93347, l2 loss = 6.35625 (max 14.95), (true 131, predicted [723])
attack: step 2/10, xent loss = 8.05496, l2 loss = 6.67909 (max 14.95), (true 131, predicted [723])
attack: step 3/10, xent loss = 8.46372, l2 loss = 6.89858 (max 14.95), (true 131, predicted [557])
attack: step 4/10, xent loss = 8.25549, l2 loss = 7.20404 (max 14.95), (true 131, predicted [645])
attack: step 5/10, xent loss = 8.88085, l2 loss = 7.38362 (max 14.95), (true 131, predicted [723])
attack: step 6/10, xent loss = 8.83294, l2 loss = 7.9371 (max 14.95), (true 131, predicted [557])
attack: step 7/10, xent loss = 9.8103, l2 loss = 8.20367 (max 14.95), (true 131, predicted [723])
attack: step 8/10, xent loss = 8.3472, l2 loss = 8.59709 (max 14.95), (true 131, predicted [557])
attack: step 9/10, xent loss = 8.53362, l2 loss = 8.81064 (max 14.95), (true 131, predicted [723])
attack: step 10/10, xent loss = 9.18612, l2 loss = 9.0352 (max 14.95), (true 131, predicted [723])
true = 131, adv = 557
evaluating 231 of [230, 240)
attack: step 1/10, xent loss = 10.0061, l2 loss = 9.74585 (max 14.95), (true 487, predicted [557])
attack: step 2/10, xent loss = 9.60271, l2 loss = 10.3373 (max 14.95), (true 487, predicted [557])
attack: step 3/10, xent loss = 8.64509, l2 loss = 10.7463 (max 14.95), (true 487, predicted [557])
attack: step 4/10, xent loss = 10.1441, l2 loss = 10.9472 (max 14.95), (true 487, predicted [557])
attack: step 5/10, xent loss = 9.30533, l2 loss = 11.6823 (max 14.95), (true 487, predicted [557])
attack: step 6/10, xent loss = 10.1386, l2 loss = 12.0328 (max 14.95), (true 487, predicted [557])
attack: step 7/10, xent loss = 7.89836, l2 loss = 12.7061 (max 14.95), (true 487, predicted [557])
attack: step 8/10, xent loss = 9.85789, l2 loss = 12.8005 (max 14.95), (true 487, predicted [557])
attack: step 9/10, xent loss = 9.77505, l2 loss = 13.3182 (max 14.95), (true 487, predicted [863])
attack: step 10/10, xent loss = 9.10505, l2 loss = 13.987 (max 14.95), (true 487, predicted [557])
true = 487, adv = 557
evaluating 232 of [230, 240)
attack: step 1/10, xent loss = 7.1236, l2 loss = 7.76383 (max 14.95), (true 296, predicted [701])
attack: step 2/10, xent loss = 7.25651, l2 loss = 7.99088 (max 14.95), (true 296, predicted [755])
attack: step 3/10, xent loss = 7.34966, l2 loss = 8.26551 (max 14.95), (true 296, predicted [701])
attack: step 4/10, xent loss = 7.568, l2 loss = 8.56276 (max 14.95), (true 296, predicted [701])
attack: step 5/10, xent loss = 7.67931, l2 loss = 8.86055 (max 14.95), (true 296, predicted [723])
attack: step 6/10, xent loss = 7.30287, l2 loss = 9.18444 (max 14.95), (true 296, predicted [879])
attack: step 7/10, xent loss = 6.66506, l2 loss = 9.43835 (max 14.95), (true 296, predicted [755])
attack: step 8/10, xent loss = 7.00056, l2 loss = 10.306 (max 14.95), (true 296, predicted [755])
attack: step 9/10, xent loss = 7.31522, l2 loss = 10.5846 (max 14.95), (true 296, predicted [807])
attack: step 10/10, xent loss = 7.73456, l2 loss = 10.8251 (max 14.95), (true 296, predicted [701])
true = 296, adv = 879
evaluating 233 of [230, 240)
attack: step 1/10, xent loss = 5.30192, l2 loss = 15.1677 (max 14.95), (true 804, predicted [907])
attack: step 2/10, xent loss = 5.94064, l2 loss = 15.5322 (max 14.95), (true 804, predicted [883])
attack: step 3/10, xent loss = 6.58156, l2 loss = 15.8951 (max 14.95), (true 804, predicted [907])
attack: step 4/10, xent loss = 6.62379, l2 loss = 16.3603 (max 14.95), (true 804, predicted [747])
attack: step 5/10, xent loss = 8.10315, l2 loss = 17.2321 (max 14.95), (true 804, predicted [747])
attack: step 6/10, xent loss = 6.04758, l2 loss = 18.4227 (max 14.95), (true 804, predicted [883])
attack: step 7/10, xent loss = 6.9161, l2 loss = 18.7451 (max 14.95), (true 804, predicted [747])
attack: step 8/10, xent loss = 9.49647, l2 loss = 19.752 (max 14.95), (true 804, predicted [747])
attack: step 9/10, xent loss = 7.46936, l2 loss = 21.1245 (max 14.95), (true 804, predicted [747])
attack: step 10/10, xent loss = 10.2591, l2 loss = 22.4292 (max 14.95), (true 804, predicted [747])
check failed
true = 804, adv = 747
evaluating 234 of [230, 240)
attack: step 1/10, xent loss = 11.0762, l2 loss = 23.7712 (max 14.95), (true 314, predicted [700])
attack: step 2/10, xent loss = 9.81797, l2 loss = 25.8372 (max 14.95), (true 314, predicted [700])
attack: step 3/10, xent loss = 11.6511, l2 loss = 27.4902 (max 14.95), (true 314, predicted [700])
attack: step 4/10, xent loss = 10.2033, l2 loss = 29.2592 (max 14.95), (true 314, predicted [700])
attack: step 5/10, xent loss = 11.1756, l2 loss = 31.0777 (max 14.95), (true 314, predicted [700])
attack: step 6/10, xent loss = 10.807, l2 loss = 32.3583 (max 14.95), (true 314, predicted [700])
attack: step 7/10, xent loss = 10.6092, l2 loss = 33.2447 (max 14.95), (true 314, predicted [700])
attack: step 8/10, xent loss = 11.1882, l2 loss = 34.7183 (max 14.95), (true 314, predicted [700])
attack: step 9/10, xent loss = 10.9071, l2 loss = 35.9691 (max 14.95), (true 314, predicted [700])
attack: step 10/10, xent loss = 11.8672, l2 loss = 36.8712 (max 14.95), (true 314, predicted [700])
check failed
true = 314, adv = 700
evaluating 235 of [230, 240)
attack: step 1/10, xent loss = 5.25067, l2 loss = 11.7955 (max 14.95), (true 906, predicted [934])
attack: step 2/10, xent loss = 7.79631, l2 loss = 12.1957 (max 14.95), (true 906, predicted [797])
attack: step 3/10, xent loss = 7.03817, l2 loss = 13.461 (max 14.95), (true 906, predicted [478])
attack: step 4/10, xent loss = 6.40212, l2 loss = 13.7471 (max 14.95), (true 906, predicted [478])
attack: step 5/10, xent loss = 7.0104, l2 loss = 14.0196 (max 14.95), (true 906, predicted [797])
attack: step 6/10, xent loss = 7.55749, l2 loss = 14.5351 (max 14.95), (true 906, predicted [478])
attack: step 7/10, xent loss = 6.66928, l2 loss = 14.9151 (max 14.95), (true 906, predicted [934])
attack: step 8/10, xent loss = 7.14876, l2 loss = 15.2501 (max 14.95), (true 906, predicted [478])
attack: step 9/10, xent loss = 7.11489, l2 loss = 15.5146 (max 14.95), (true 906, predicted [797])
attack: step 10/10, xent loss = 7.76054, l2 loss = 16.009 (max 14.95), (true 906, predicted [814])
check failed
true = 906, adv = 797
evaluating 236 of [230, 240)
attack: step 1/10, xent loss = 14.2967, l2 loss = 27.4607 (max 14.95), (true 961, predicted [728])
attack: step 2/10, xent loss = 15.3622, l2 loss = 28.8255 (max 14.95), (true 961, predicted [728])
attack: step 3/10, xent loss = 18.4997, l2 loss = 30.0077 (max 14.95), (true 961, predicted [728])
attack: step 4/10, xent loss = 13.9165, l2 loss = 31.4108 (max 14.95), (true 961, predicted [728])
attack: step 5/10, xent loss = 15.9457, l2 loss = 32.3484 (max 14.95), (true 961, predicted [728])
attack: step 6/10, xent loss = 15.7923, l2 loss = 33.4841 (max 14.95), (true 961, predicted [728])
attack: step 7/10, xent loss = 18.8491, l2 loss = 34.3853 (max 14.95), (true 961, predicted [728])
attack: step 8/10, xent loss = 17.2093, l2 loss = 35.3332 (max 14.95), (true 961, predicted [728])
attack: step 9/10, xent loss = 17.0104, l2 loss = 36.4171 (max 14.95), (true 961, predicted [728])
attack: step 10/10, xent loss = 17.9118, l2 loss = 37.3059 (max 14.95), (true 961, predicted [728])
check failed
true = 961, adv = 728
evaluating 237 of [230, 240)
attack: step 1/10, xent loss = 9.65553, l2 loss = 9.03265 (max 14.95), (true 355, predicted [728])
attack: step 2/10, xent loss = 9.0596, l2 loss = 9.89752 (max 14.95), (true 355, predicted [518])
attack: step 3/10, xent loss = 10.2727, l2 loss = 10.4576 (max 14.95), (true 355, predicted [728])
attack: step 4/10, xent loss = 8.78735, l2 loss = 11.7682 (max 14.95), (true 355, predicted [728])
attack: step 5/10, xent loss = 9.19458, l2 loss = 12.2385 (max 14.95), (true 355, predicted [728])
attack: step 6/10, xent loss = 10.0915, l2 loss = 12.7769 (max 14.95), (true 355, predicted [728])
attack: step 7/10, xent loss = 9.83224, l2 loss = 13.183 (max 14.95), (true 355, predicted [728])
attack: step 8/10, xent loss = 10.0171, l2 loss = 13.8173 (max 14.95), (true 355, predicted [518])
attack: step 9/10, xent loss = 9.73633, l2 loss = 14.2957 (max 14.95), (true 355, predicted [728])
attack: step 10/10, xent loss = 8.99206, l2 loss = 14.778 (max 14.95), (true 355, predicted [728])
check failed
true = 355, adv = 412
evaluating 238 of [230, 240)
attack: step 1/10, xent loss = 7.51545, l2 loss = 8.72513 (max 14.95), (true 923, predicted [879])
attack: step 2/10, xent loss = 7.30112, l2 loss = 9.12574 (max 14.95), (true 923, predicted [543])
attack: step 3/10, xent loss = 7.98829, l2 loss = 9.37111 (max 14.95), (true 923, predicted [645])
attack: step 4/10, xent loss = 7.53483, l2 loss = 9.58375 (max 14.95), (true 923, predicted [478])
attack: step 5/10, xent loss = 7.7159, l2 loss = 9.7966 (max 14.95), (true 923, predicted [728])
attack: step 6/10, xent loss = 7.31604, l2 loss = 10.0144 (max 14.95), (true 923, predicted [728])
attack: step 7/10, xent loss = 7.39879, l2 loss = 10.3179 (max 14.95), (true 923, predicted [478])
attack: step 8/10, xent loss = 7.6048, l2 loss = 10.561 (max 14.95), (true 923, predicted [711])
attack: step 9/10, xent loss = 7.34602, l2 loss = 10.8282 (max 14.95), (true 923, predicted [879])
attack: step 10/10, xent loss = 8.05288, l2 loss = 11.5434 (max 14.95), (true 923, predicted [879])
true = 923, adv = 645
evaluating 239 of [230, 240)
attack: step 1/10, xent loss = 9.23501, l2 loss = 10.7481 (max 14.95), (true 160, predicted [879])
attack: step 2/10, xent loss = 8.97423, l2 loss = 12.0261 (max 14.95), (true 160, predicted [879])
attack: step 3/10, xent loss = 8.05001, l2 loss = 12.9576 (max 14.95), (true 160, predicted [879])
attack: step 4/10, xent loss = 8.79033, l2 loss = 13.3002 (max 14.95), (true 160, predicted [701])
attack: step 5/10, xent loss = 8.33574, l2 loss = 13.8002 (max 14.95), (true 160, predicted [879])
attack: step 6/10, xent loss = 8.38762, l2 loss = 14.2681 (max 14.95), (true 160, predicted [701])
attack: step 7/10, xent loss = 7.32683, l2 loss = 14.6389 (max 14.95), (true 160, predicted [701])
attack: step 8/10, xent loss = 8.58712, l2 loss = 14.7361 (max 14.95), (true 160, predicted [879])
attack: step 9/10, xent loss = 7.78277, l2 loss = 15.0801 (max 14.95), (true 160, predicted [701])
attack: step 10/10, xent loss = 8.35528, l2 loss = 15.2082 (max 14.95), (true 160, predicted [701])
check failed
true = 160, adv = 701
