2019-11-04 10:21:26.488792: I tensorflow/core/platform/cpu_feature_guard.cc:141] Your CPU supports instructions that this TensorFlow binary was not compiled to use: SSE4.1 SSE4.2 AVX AVX2 FMA
2019-11-04 10:21:26.794160: I tensorflow/core/platform/profile_utils/cpu_utils.cc:94] CPU Frequency: 2599990000 Hz
2019-11-04 10:21:26.803442: I tensorflow/compiler/xla/service/service.cc:150] XLA service 0x55555902ef60 executing computations on platform Host. Devices:
2019-11-04 10:21:26.807699: I tensorflow/compiler/xla/service/service.cc:158]   StreamExecutor device (0): <undefined>, <undefined>
2019-11-04 10:21:26.808102: I tensorflow/core/common_runtime/process_util.cc:71] Creating new thread pool with default inter op setting: 2. Tune using inter_op_parallelism_threads for best performance.
evaluating 870 of [870, 880)
attack: step 1/1, xent loss = 2.19294, l2 loss = 30.8803 (max 14.95), (true 835, predicted [475])
check failed
true = 835, adv = 470
evaluating 871 of [870, 880)
attack: step 1/1, xent loss = 6.16851, l2 loss = 22.0241 (max 14.95), (true 369, predicted [770])
check failed
true = 369, adv = 728
evaluating 872 of [870, 880)
attack: step 1/1, xent loss = 6.94836, l2 loss = 26.8319 (max 14.95), (true 345, predicted [652])
check failed
true = 345, adv = 463
evaluating 873 of [870, 880)
attack: step 1/1, xent loss = 5.1565, l2 loss = 38.3903 (max 14.95), (true 648, predicted [470])
check failed
true = 648, adv = 470
evaluating 874 of [870, 880)
attack: step 1/1, xent loss = 5.40746, l2 loss = 14.2931 (max 14.95), (true 214, predicted [234])
true = 214, adv = 728
evaluating 875 of [870, 880)
attack: step 1/1, xent loss = 1.91984, l2 loss = 48.0395 (max 14.95), (true 111, predicted [318])
check failed
true = 111, adv = 728
evaluating 876 of [870, 880)
attack: step 1/1, xent loss = 0.16019, l2 loss = 1.59887 (max 14.95), (true 537, predicted [537])
true = 537, adv = 537
evaluating 877 of [870, 880)
attack: step 1/1, xent loss = 14.5955, l2 loss = 26.6976 (max 14.95), (true 52, predicted [64])
check failed
true = 52, adv = 64
evaluating 878 of [870, 880)
attack: step 1/1, xent loss = 7.66211, l2 loss = 36.8653 (max 14.95), (true 199, predicted [728])
check failed
true = 199, adv = 728
evaluating 879 of [870, 880)
attack: step 1/1, xent loss = 7.4742, l2 loss = 21.3437 (max 14.95), (true 978, predicted [970])
check failed
true = 978, adv = 970
