2019-11-03 22:06:46.976616: I tensorflow/core/platform/cpu_feature_guard.cc:141] Your CPU supports instructions that this TensorFlow binary was not compiled to use: SSE4.1 SSE4.2 AVX AVX2 FMA
2019-11-03 22:06:46.987137: I tensorflow/core/platform/profile_utils/cpu_utils.cc:94] CPU Frequency: 2600085000 Hz
2019-11-03 22:06:46.987407: I tensorflow/compiler/xla/service/service.cc:150] XLA service 0x55555902f030 executing computations on platform Host. Devices:
2019-11-03 22:06:46.987457: I tensorflow/compiler/xla/service/service.cc:158]   StreamExecutor device (0): <undefined>, <undefined>
2019-11-03 22:06:46.987890: I tensorflow/core/common_runtime/process_util.cc:71] Creating new thread pool with default inter op setting: 2. Tune using inter_op_parallelism_threads for best performance.
evaluating 600 of [600, 610)
attack: step 1/1, xent loss = 0.343424, l2 loss = 11.9994 (max 14.95), (true 255, predicted [255])
true = 255, adv = 51
evaluating 601 of [600, 610)
attack: step 1/1, xent loss = 0.235151, l2 loss = 12.4741 (max 14.95), (true 342, predicted [342])
true = 342, adv = 728
evaluating 602 of [600, 610)
attack: step 1/1, xent loss = 0.75715, l2 loss = 21.5948 (max 14.95), (true 774, predicted [774])
check failed
true = 774, adv = 796
evaluating 603 of [600, 610)
attack: step 1/1, xent loss = 5.00251, l2 loss = 41.788 (max 14.95), (true 111, predicted [356])
check failed
true = 111, adv = 728
evaluating 604 of [600, 610)
attack: step 1/1, xent loss = 2.64649, l2 loss = 23.5516 (max 14.95), (true 746, predicted [791])
check failed
true = 746, adv = 629
evaluating 605 of [600, 610)
attack: step 1/1, xent loss = 0.564955, l2 loss = 21.8502 (max 14.95), (true 700, predicted [700])
check failed
true = 700, adv = 728
evaluating 606 of [600, 610)
attack: step 1/1, xent loss = 0.0497849, l2 loss = 17.5899 (max 14.95), (true 735, predicted [735])
check failed
true = 735, adv = 735
evaluating 607 of [600, 610)
attack: step 1/1, xent loss = 3.76904, l2 loss = 20.177 (max 14.95), (true 893, predicted [640])
check failed
true = 893, adv = 868
evaluating 608 of [600, 610)
attack: step 1/1, xent loss = 1.18048, l2 loss = 14.2515 (max 14.95), (true 571, predicted [571])
true = 571, adv = 692
evaluating 609 of [600, 610)
attack: step 1/1, xent loss = 0.117581, l2 loss = 18.3308 (max 14.95), (true 288, predicted [288])
check failed
true = 288, adv = 728
