2019-05-27 13:33:33.090627: I tensorflow/core/platform/cpu_feature_guard.cc:141] Your CPU supports instructions that this TensorFlow binary was not compiled to use: SSE4.1 SSE4.2 AVX AVX2 FMA
2019-05-27 13:33:33.324952: I tensorflow/core/platform/profile_utils/cpu_utils.cc:94] CPU Frequency: 2600190000 Hz
2019-05-27 13:33:33.333111: I tensorflow/compiler/xla/service/service.cc:150] XLA service 0x2aaae6bbfe30 executing computations on platform Host. Devices:
2019-05-27 13:33:33.339306: I tensorflow/compiler/xla/service/service.cc:158]   StreamExecutor device (0): <undefined>, <undefined>
2019-05-27 13:33:33.339649: I tensorflow/core/common_runtime/process_util.cc:71] Creating new thread pool with default inter op setting: 2. Tune using inter_op_parallelism_threads for best performance.
evaluating 510 of [510, 520)
attack: step 1/10, xent loss = 0.0130529, l2 loss = 0 (max 14.95), (true 610, predicted [610])
attack: step 2/10, xent loss = 0.0197652, l2 loss = 0.0896932 (max 14.95), (true 610, predicted [610])
attack: step 3/10, xent loss = 0.0205295, l2 loss = 0.128253 (max 14.95), (true 610, predicted [610])
attack: step 4/10, xent loss = 0.0232713, l2 loss = 0.168602 (max 14.95), (true 610, predicted [610])
attack: step 5/10, xent loss = 0.0108039, l2 loss = 0.22328 (max 14.95), (true 610, predicted [610])
attack: step 6/10, xent loss = 0.0241286, l2 loss = 0.232836 (max 14.95), (true 610, predicted [610])
attack: step 7/10, xent loss = 0.0119347, l2 loss = 0.273927 (max 14.95), (true 610, predicted [610])
attack: step 8/10, xent loss = 0.0229282, l2 loss = 0.286984 (max 14.95), (true 610, predicted [610])
attack: step 9/10, xent loss = 0.0338313, l2 loss = 0.323948 (max 14.95), (true 610, predicted [610])
attack: step 10/10, xent loss = 0.0346173, l2 loss = 0.371845 (max 14.95), (true 610, predicted [610])
true = 610, adv = 610
evaluating 511 of [510, 520)
attack: step 1/10, xent loss = 0.41063, l2 loss = 0 (max 14.95), (true 293, predicted [293])
attack: step 2/10, xent loss = 1.09413, l2 loss = 1.05528 (max 14.95), (true 293, predicted [251])
attack: step 3/10, xent loss = 2.50963, l2 loss = 3.63948 (max 14.95), (true 293, predicted [251])
attack: step 4/10, xent loss = 3.77099, l2 loss = 6.29616 (max 14.95), (true 293, predicted [251])
attack: step 5/10, xent loss = 4.35079, l2 loss = 7.68488 (max 14.95), (true 293, predicted [251])
attack: step 6/10, xent loss = 5.90444, l2 loss = 8.6594 (max 14.95), (true 293, predicted [251])
attack: step 7/10, xent loss = 4.69358, l2 loss = 8.97884 (max 14.95), (true 293, predicted [251])
attack: step 8/10, xent loss = 6.0419, l2 loss = 9.89859 (max 14.95), (true 293, predicted [251])
attack: step 9/10, xent loss = 6.19909, l2 loss = 10.2983 (max 14.95), (true 293, predicted [251])
attack: step 10/10, xent loss = 6.89967, l2 loss = 10.5129 (max 14.95), (true 293, predicted [251])
true = 293, adv = 251
evaluating 512 of [510, 520)
attack: step 1/10, xent loss = 0.0204687, l2 loss = 0 (max 14.95), (true 401, predicted [401])
attack: step 2/10, xent loss = 0.00777623, l2 loss = 0.155691 (max 14.95), (true 401, predicted [401])
attack: step 3/10, xent loss = 0.0103198, l2 loss = 0.168533 (max 14.95), (true 401, predicted [401])
attack: step 4/10, xent loss = 0.00689177, l2 loss = 0.189128 (max 14.95), (true 401, predicted [401])
attack: step 5/10, xent loss = 0.0824858, l2 loss = 0.196821 (max 14.95), (true 401, predicted [401])
attack: step 6/10, xent loss = 0.143892, l2 loss = 0.732759 (max 14.95), (true 401, predicted [401])
attack: step 7/10, xent loss = 0.0190057, l2 loss = 1.38439 (max 14.95), (true 401, predicted [401])
attack: step 8/10, xent loss = 0.0551384, l2 loss = 1.3994 (max 14.95), (true 401, predicted [401])
attack: step 9/10, xent loss = 0.0116552, l2 loss = 1.46991 (max 14.95), (true 401, predicted [401])
attack: step 10/10, xent loss = 0.00677313, l2 loss = 1.47739 (max 14.95), (true 401, predicted [401])
true = 401, adv = 401
evaluating 513 of [510, 520)
attack: step 1/10, xent loss = 3.613, l2 loss = 0 (max 14.95), (true 280, predicted [277])
attack: step 2/10, xent loss = 4.46018, l2 loss = 4.36804 (max 14.95), (true 280, predicted [277])
attack: step 3/10, xent loss = 5.05046, l2 loss = 5.93475 (max 14.95), (true 280, predicted [277])
attack: step 4/10, xent loss = 4.47227, l2 loss = 7.31102 (max 14.95), (true 280, predicted [277])
attack: step 5/10, xent loss = 6.14074, l2 loss = 8.41283 (max 14.95), (true 280, predicted [277])
attack: step 6/10, xent loss = 6.59993, l2 loss = 9.39342 (max 14.95), (true 280, predicted [277])
attack: step 7/10, xent loss = 8.89377, l2 loss = 10.4122 (max 14.95), (true 280, predicted [277])
attack: step 8/10, xent loss = 7.48833, l2 loss = 11.1834 (max 14.95), (true 280, predicted [277])
attack: step 9/10, xent loss = 7.73905, l2 loss = 12.2944 (max 14.95), (true 280, predicted [277])
attack: step 10/10, xent loss = 9.36614, l2 loss = 13.0247 (max 14.95), (true 280, predicted [277])
true = 280, adv = 277
evaluating 514 of [510, 520)
attack: step 1/10, xent loss = 0.325212, l2 loss = 0 (max 14.95), (true 773, predicted [773])
attack: step 2/10, xent loss = 0.969492, l2 loss = 1.78106 (max 14.95), (true 773, predicted [737])
attack: step 3/10, xent loss = 3.24592, l2 loss = 5.64701 (max 14.95), (true 773, predicted [737])
attack: step 4/10, xent loss = 7.72733, l2 loss = 8.70095 (max 14.95), (true 773, predicted [737])
attack: step 5/10, xent loss = 10.9718, l2 loss = 10.821 (max 14.95), (true 773, predicted [737])
attack: step 6/10, xent loss = 12.2824, l2 loss = 12.8493 (max 14.95), (true 773, predicted [737])
attack: step 7/10, xent loss = 12.8758, l2 loss = 14.3847 (max 14.95), (true 773, predicted [737])
attack: step 8/10, xent loss = 15.6868, l2 loss = 15.996 (max 14.95), (true 773, predicted [737])
attack: step 9/10, xent loss = 16.6235, l2 loss = 16.9241 (max 14.95), (true 773, predicted [737])
attack: step 10/10, xent loss = 17.6608, l2 loss = 18.0285 (max 14.95), (true 773, predicted [737])
check failed
true = 773, adv = 737
evaluating 515 of [510, 520)
attack: step 1/10, xent loss = 0.212534, l2 loss = 0 (max 14.95), (true 407, predicted [407])
attack: step 2/10, xent loss = 0.165332, l2 loss = 0.81537 (max 14.95), (true 407, predicted [407])
attack: step 3/10, xent loss = 0.736023, l2 loss = 1.04611 (max 14.95), (true 407, predicted [407])
attack: step 4/10, xent loss = 0.744085, l2 loss = 2.78564 (max 14.95), (true 407, predicted [407])
attack: step 5/10, xent loss = 1.9202, l2 loss = 3.88525 (max 14.95), (true 407, predicted [734])
attack: step 6/10, xent loss = 1.66555, l2 loss = 5.84653 (max 14.95), (true 407, predicted [734])
attack: step 7/10, xent loss = 2.20517, l2 loss = 7.16356 (max 14.95), (true 407, predicted [734])
attack: step 8/10, xent loss = 4.22479, l2 loss = 8.31236 (max 14.95), (true 407, predicted [734])
attack: step 9/10, xent loss = 5.42508, l2 loss = 9.72298 (max 14.95), (true 407, predicted [734])
attack: step 10/10, xent loss = 6.49274, l2 loss = 10.9235 (max 14.95), (true 407, predicted [734])
true = 407, adv = 734
evaluating 516 of [510, 520)
attack: step 1/10, xent loss = 0.0789749, l2 loss = 0 (max 14.95), (true 506, predicted [506])
attack: step 2/10, xent loss = 0.115582, l2 loss = 0.326645 (max 14.95), (true 506, predicted [506])
attack: step 3/10, xent loss = 0.0442834, l2 loss = 0.591057 (max 14.95), (true 506, predicted [506])
attack: step 4/10, xent loss = 0.0814971, l2 loss = 0.629991 (max 14.95), (true 506, predicted [506])
attack: step 5/10, xent loss = 0.0728225, l2 loss = 0.744146 (max 14.95), (true 506, predicted [506])
attack: step 6/10, xent loss = 0.112185, l2 loss = 0.812668 (max 14.95), (true 506, predicted [506])
attack: step 7/10, xent loss = 0.0519282, l2 loss = 0.941196 (max 14.95), (true 506, predicted [506])
attack: step 8/10, xent loss = 0.0769908, l2 loss = 0.979777 (max 14.95), (true 506, predicted [506])
attack: step 9/10, xent loss = 0.12003, l2 loss = 1.04167 (max 14.95), (true 506, predicted [506])
attack: step 10/10, xent loss = 0.0857809, l2 loss = 1.11625 (max 14.95), (true 506, predicted [506])
true = 506, adv = 506
evaluating 517 of [510, 520)
attack: step 1/10, xent loss = 3.04798, l2 loss = 0 (max 14.95), (true 284, predicted [728])
attack: step 2/10, xent loss = 7.09601, l2 loss = 6.65871 (max 14.95), (true 284, predicted [728])
attack: step 3/10, xent loss = 12.1162, l2 loss = 9.87018 (max 14.95), (true 284, predicted [728])
attack: step 4/10, xent loss = 13.7477, l2 loss = 12.87 (max 14.95), (true 284, predicted [728])
attack: step 5/10, xent loss = 21.1992, l2 loss = 14.971 (max 14.95), (true 284, predicted [728])
attack: step 6/10, xent loss = 22.7369, l2 loss = 16.7425 (max 14.95), (true 284, predicted [728])
attack: step 7/10, xent loss = 25.0169, l2 loss = 18.4195 (max 14.95), (true 284, predicted [728])
attack: step 8/10, xent loss = 27.8147, l2 loss = 20.1737 (max 14.95), (true 284, predicted [728])
attack: step 9/10, xent loss = 29.4656, l2 loss = 21.9671 (max 14.95), (true 284, predicted [728])
attack: step 10/10, xent loss = 29.0601, l2 loss = 23.7076 (max 14.95), (true 284, predicted [728])
check failed
true = 284, adv = 728
evaluating 518 of [510, 520)
attack: step 1/10, xent loss = 0.11728, l2 loss = 0 (max 14.95), (true 904, predicted [904])
attack: step 2/10, xent loss = 0.180476, l2 loss = 0.171534 (max 14.95), (true 904, predicted [904])
attack: step 3/10, xent loss = 0.0691449, l2 loss = 0.304237 (max 14.95), (true 904, predicted [904])
attack: step 4/10, xent loss = 0.0960653, l2 loss = 0.326318 (max 14.95), (true 904, predicted [904])
attack: step 5/10, xent loss = 0.177104, l2 loss = 0.359003 (max 14.95), (true 904, predicted [904])
attack: step 6/10, xent loss = 0.116267, l2 loss = 0.431254 (max 14.95), (true 904, predicted [904])
attack: step 7/10, xent loss = 0.228568, l2 loss = 0.466117 (max 14.95), (true 904, predicted [904])
attack: step 8/10, xent loss = 0.113275, l2 loss = 0.606336 (max 14.95), (true 904, predicted [904])
attack: step 9/10, xent loss = 0.108086, l2 loss = 0.632058 (max 14.95), (true 904, predicted [904])
attack: step 10/10, xent loss = 0.107155, l2 loss = 0.654694 (max 14.95), (true 904, predicted [904])
true = 904, adv = 904
evaluating 519 of [510, 520)
attack: step 1/10, xent loss = 8.88024, l2 loss = 0 (max 14.95), (true 537, predicted [728])
attack: step 2/10, xent loss = 13.0666, l2 loss = 11.1984 (max 14.95), (true 537, predicted [728])
attack: step 3/10, xent loss = 14.8573, l2 loss = 15.6021 (max 14.95), (true 537, predicted [728])
attack: step 4/10, xent loss = 14.7311, l2 loss = 19.96 (max 14.95), (true 537, predicted [728])
attack: step 5/10, xent loss = 18.4639, l2 loss = 21.4969 (max 14.95), (true 537, predicted [728])
attack: step 6/10, xent loss = 20.622, l2 loss = 23.0051 (max 14.95), (true 537, predicted [728])
attack: step 7/10, xent loss = 21.7831, l2 loss = 24.4861 (max 14.95), (true 537, predicted [728])
attack: step 8/10, xent loss = 21.2615, l2 loss = 25.7716 (max 14.95), (true 537, predicted [728])
attack: step 9/10, xent loss = 23.1393, l2 loss = 26.9203 (max 14.95), (true 537, predicted [728])
attack: step 10/10, xent loss = 24.8972, l2 loss = 28.6302 (max 14.95), (true 537, predicted [728])
check failed
true = 537, adv = 728
