2019-06-06 00:07:13.918636: I tensorflow/core/platform/cpu_feature_guard.cc:141] Your CPU supports instructions that this TensorFlow binary was not compiled to use: SSE4.1 SSE4.2 AVX AVX2 FMA
2019-06-06 00:07:14.494274: I tensorflow/core/platform/profile_utils/cpu_utils.cc:94] CPU Frequency: 2600030000 Hz
2019-06-06 00:07:14.499977: I tensorflow/compiler/xla/service/service.cc:150] XLA service 0x2aaae6ac0770 executing computations on platform Host. Devices:
2019-06-06 00:07:14.500610: I tensorflow/compiler/xla/service/service.cc:158]   StreamExecutor device (0): <undefined>, <undefined>
2019-06-06 00:07:14.504239: I tensorflow/core/common_runtime/process_util.cc:71] Creating new thread pool with default inter op setting: 2. Tune using inter_op_parallelism_threads for best performance.
evaluating 390 of [390, 400)
attack: step 1/10, xent loss = 8.11144, l2 loss = 0 (max 14.95), (true 67, predicted [692])
attack: step 2/10, xent loss = 8.34174, l2 loss = 1.85322 (max 14.95), (true 67, predicted [692])
attack: step 3/10, xent loss = 8.98201, l2 loss = 2.52683 (max 14.95), (true 67, predicted [692])
attack: step 4/10, xent loss = 9.37862, l2 loss = 3.17625 (max 14.95), (true 67, predicted [692])
attack: step 5/10, xent loss = 9.12438, l2 loss = 3.96054 (max 14.95), (true 67, predicted [692])
attack: step 6/10, xent loss = 9.63201, l2 loss = 4.3266 (max 14.95), (true 67, predicted [478])
attack: step 7/10, xent loss = 9.1771, l2 loss = 4.92738 (max 14.95), (true 67, predicted [692])
attack: step 8/10, xent loss = 9.60594, l2 loss = 5.34942 (max 14.95), (true 67, predicted [607])
attack: step 9/10, xent loss = 8.89272, l2 loss = 5.59408 (max 14.95), (true 67, predicted [478])
attack: step 10/10, xent loss = 9.07704, l2 loss = 5.95387 (max 14.95), (true 67, predicted [692])
true = 67, adv = 692
evaluating 391 of [390, 400)
attack: step 1/10, xent loss = 4.48858, l2 loss = 0 (max 14.95), (true 87, predicted [728])
attack: step 2/10, xent loss = 8.63768, l2 loss = 6.58957 (max 14.95), (true 87, predicted [728])
attack: step 3/10, xent loss = 6.68645, l2 loss = 10.4708 (max 14.95), (true 87, predicted [728])
attack: step 4/10, xent loss = 9.25686, l2 loss = 12.8073 (max 14.95), (true 87, predicted [728])
attack: step 5/10, xent loss = 10.4255, l2 loss = 14.9468 (max 14.95), (true 87, predicted [728])
attack: step 6/10, xent loss = 9.51086, l2 loss = 16.5256 (max 14.95), (true 87, predicted [728])
attack: step 7/10, xent loss = 10.9162, l2 loss = 18.3794 (max 14.95), (true 87, predicted [728])
attack: step 8/10, xent loss = 12.6926, l2 loss = 19.7592 (max 14.95), (true 87, predicted [728])
attack: step 9/10, xent loss = 13.6658, l2 loss = 20.5954 (max 14.95), (true 87, predicted [728])
attack: step 10/10, xent loss = 14.6954, l2 loss = 21.4695 (max 14.95), (true 87, predicted [728])
check failed
true = 87, adv = 728
evaluating 392 of [390, 400)
attack: step 1/10, xent loss = 0.8564, l2 loss = 0 (max 14.95), (true 607, predicted [607])
attack: step 2/10, xent loss = 0.664917, l2 loss = 3.04708 (max 14.95), (true 607, predicted [607])
attack: step 3/10, xent loss = 0.866532, l2 loss = 3.72974 (max 14.95), (true 607, predicted [607])
attack: step 4/10, xent loss = 0.16997, l2 loss = 4.63254 (max 14.95), (true 607, predicted [607])
attack: step 5/10, xent loss = 0.931842, l2 loss = 4.69351 (max 14.95), (true 607, predicted [607])
attack: step 6/10, xent loss = 0.304715, l2 loss = 5.3081 (max 14.95), (true 607, predicted [607])
attack: step 7/10, xent loss = 0.695131, l2 loss = 5.66287 (max 14.95), (true 607, predicted [607])
attack: step 8/10, xent loss = 1.93197, l2 loss = 6.28101 (max 14.95), (true 607, predicted [607])
attack: step 9/10, xent loss = 0.787026, l2 loss = 7.51903 (max 14.95), (true 607, predicted [607])
attack: step 10/10, xent loss = 0.67475, l2 loss = 7.93829 (max 14.95), (true 607, predicted [607])
true = 607, adv = 607
evaluating 393 of [390, 400)
attack: step 1/10, xent loss = 5.45067, l2 loss = 0 (max 14.95), (true 807, predicted [879])
attack: step 2/10, xent loss = 3.60063, l2 loss = 5.56046 (max 14.95), (true 807, predicted [879])
attack: step 3/10, xent loss = 3.43914, l2 loss = 7.99418 (max 14.95), (true 807, predicted [557])
attack: step 4/10, xent loss = 3.53866, l2 loss = 10.9754 (max 14.95), (true 807, predicted [879])
attack: step 5/10, xent loss = 6.43671, l2 loss = 12.4153 (max 14.95), (true 807, predicted [478])
attack: step 6/10, xent loss = 4.35434, l2 loss = 14.1772 (max 14.95), (true 807, predicted [672])
attack: step 7/10, xent loss = 5.16551, l2 loss = 15.9097 (max 14.95), (true 807, predicted [879])
attack: step 8/10, xent loss = 5.48674, l2 loss = 16.7855 (max 14.95), (true 807, predicted [879])
attack: step 9/10, xent loss = 5.93617, l2 loss = 18.0742 (max 14.95), (true 807, predicted [557])
attack: step 10/10, xent loss = 6.59753, l2 loss = 19.213 (max 14.95), (true 807, predicted [557])
check failed
true = 807, adv = 879
evaluating 394 of [390, 400)
attack: step 1/10, xent loss = 4.81125, l2 loss = 0 (max 14.95), (true 547, predicted [779])
attack: step 2/10, xent loss = 5.67266, l2 loss = 3.42879 (max 14.95), (true 547, predicted [779])
attack: step 3/10, xent loss = 4.929, l2 loss = 4.18054 (max 14.95), (true 547, predicted [779])
attack: step 4/10, xent loss = 5.0828, l2 loss = 5.28742 (max 14.95), (true 547, predicted [779])
attack: step 5/10, xent loss = 5.48491, l2 loss = 5.9687 (max 14.95), (true 547, predicted [779])
attack: step 6/10, xent loss = 6.84989, l2 loss = 6.69105 (max 14.95), (true 547, predicted [779])
attack: step 7/10, xent loss = 5.66708, l2 loss = 7.54859 (max 14.95), (true 547, predicted [829])
attack: step 8/10, xent loss = 6.26413, l2 loss = 7.92079 (max 14.95), (true 547, predicted [779])
attack: step 9/10, xent loss = 6.19623, l2 loss = 8.62311 (max 14.95), (true 547, predicted [779])
attack: step 10/10, xent loss = 6.63504, l2 loss = 9.7892 (max 14.95), (true 547, predicted [779])
true = 547, adv = 829
evaluating 395 of [390, 400)
attack: step 1/10, xent loss = 0.209564, l2 loss = 0 (max 14.95), (true 96, predicted [96])
attack: step 2/10, xent loss = 0.113435, l2 loss = 0.578786 (max 14.95), (true 96, predicted [96])
attack: step 3/10, xent loss = 0.300794, l2 loss = 0.718028 (max 14.95), (true 96, predicted [96])
attack: step 4/10, xent loss = 0.483524, l2 loss = 1.16719 (max 14.95), (true 96, predicted [96])
attack: step 5/10, xent loss = 0.112436, l2 loss = 2.09849 (max 14.95), (true 96, predicted [96])
attack: step 6/10, xent loss = 0.400245, l2 loss = 2.12296 (max 14.95), (true 96, predicted [96])
attack: step 7/10, xent loss = 0.284102, l2 loss = 2.46188 (max 14.95), (true 96, predicted [96])
attack: step 8/10, xent loss = 0.547567, l2 loss = 2.67498 (max 14.95), (true 96, predicted [96])
attack: step 9/10, xent loss = 0.248938, l2 loss = 3.10323 (max 14.95), (true 96, predicted [96])
attack: step 10/10, xent loss = 0.149026, l2 loss = 3.22821 (max 14.95), (true 96, predicted [96])
true = 96, adv = 96
evaluating 396 of [390, 400)
attack: step 1/10, xent loss = 5.26259, l2 loss = 0 (max 14.95), (true 533, predicted [619])
attack: step 2/10, xent loss = 6.31288, l2 loss = 2.83949 (max 14.95), (true 533, predicted [619])
attack: step 3/10, xent loss = 8.04193, l2 loss = 3.9635 (max 14.95), (true 533, predicted [619])
attack: step 4/10, xent loss = 5.84193, l2 loss = 6.09024 (max 14.95), (true 533, predicted [619])
attack: step 5/10, xent loss = 6.92108, l2 loss = 6.50957 (max 14.95), (true 533, predicted [619])
attack: step 6/10, xent loss = 7.8823, l2 loss = 7.33397 (max 14.95), (true 533, predicted [619])
attack: step 7/10, xent loss = 7.89018, l2 loss = 8.15588 (max 14.95), (true 533, predicted [619])
attack: step 8/10, xent loss = 7.4763, l2 loss = 9.39144 (max 14.95), (true 533, predicted [619])
attack: step 9/10, xent loss = 7.13397, l2 loss = 10.0217 (max 14.95), (true 533, predicted [619])
attack: step 10/10, xent loss = 8.28813, l2 loss = 10.6336 (max 14.95), (true 533, predicted [619])
true = 533, adv = 619
evaluating 397 of [390, 400)
attack: step 1/10, xent loss = 3.5861, l2 loss = 0 (max 14.95), (true 510, predicted [978])
attack: step 2/10, xent loss = 1.54598, l2 loss = 6.63095 (max 14.95), (true 510, predicted [510])
attack: step 3/10, xent loss = 6.66201, l2 loss = 10.0266 (max 14.95), (true 510, predicted [701])
attack: step 4/10, xent loss = 6.53177, l2 loss = 11.2831 (max 14.95), (true 510, predicted [858])
attack: step 5/10, xent loss = 6.59276, l2 loss = 11.7628 (max 14.95), (true 510, predicted [701])
attack: step 6/10, xent loss = 5.31059, l2 loss = 12.677 (max 14.95), (true 510, predicted [701])
attack: step 7/10, xent loss = 7.65665, l2 loss = 14.0011 (max 14.95), (true 510, predicted [701])
attack: step 8/10, xent loss = 6.95317, l2 loss = 14.1514 (max 14.95), (true 510, predicted [728])
attack: step 9/10, xent loss = 7.36731, l2 loss = 14.6097 (max 14.95), (true 510, predicted [701])
attack: step 10/10, xent loss = 7.46261, l2 loss = 14.8772 (max 14.95), (true 510, predicted [701])
check failed
true = 510, adv = 478
evaluating 398 of [390, 400)
attack: step 1/10, xent loss = 0.0993728, l2 loss = 0 (max 14.95), (true 465, predicted [465])
attack: step 2/10, xent loss = 0.103755, l2 loss = 0.151084 (max 14.95), (true 465, predicted [465])
attack: step 3/10, xent loss = 0.0688358, l2 loss = 0.234845 (max 14.95), (true 465, predicted [465])
attack: step 4/10, xent loss = 0.0885542, l2 loss = 0.281334 (max 14.95), (true 465, predicted [465])
attack: step 5/10, xent loss = 0.0692971, l2 loss = 0.329947 (max 14.95), (true 465, predicted [465])
attack: step 6/10, xent loss = 0.0829848, l2 loss = 0.358047 (max 14.95), (true 465, predicted [465])
attack: step 7/10, xent loss = 0.191202, l2 loss = 0.393629 (max 14.95), (true 465, predicted [465])
attack: step 8/10, xent loss = 0.0732934, l2 loss = 0.481438 (max 14.95), (true 465, predicted [465])
attack: step 9/10, xent loss = 0.125552, l2 loss = 0.507211 (max 14.95), (true 465, predicted [465])
attack: step 10/10, xent loss = 0.107571, l2 loss = 0.553747 (max 14.95), (true 465, predicted [465])
true = 465, adv = 465
evaluating 399 of [390, 400)
attack: step 1/10, xent loss = 4.53969, l2 loss = 0 (max 14.95), (true 410, predicted [728])
attack: step 2/10, xent loss = 7.36761, l2 loss = 4.90045 (max 14.95), (true 410, predicted [728])
attack: step 3/10, xent loss = 6.18573, l2 loss = 7.04248 (max 14.95), (true 410, predicted [728])
attack: step 4/10, xent loss = 8.19504, l2 loss = 8.47576 (max 14.95), (true 410, predicted [728])
attack: step 5/10, xent loss = 8.49934, l2 loss = 9.62928 (max 14.95), (true 410, predicted [728])
attack: step 6/10, xent loss = 6.2184, l2 loss = 11.0949 (max 14.95), (true 410, predicted [478])
attack: step 7/10, xent loss = 6.72813, l2 loss = 11.8469 (max 14.95), (true 410, predicted [728])
attack: step 8/10, xent loss = 9.08079, l2 loss = 12.3961 (max 14.95), (true 410, predicted [728])
attack: step 9/10, xent loss = 9.32575, l2 loss = 13.4741 (max 14.95), (true 410, predicted [728])
attack: step 10/10, xent loss = 7.43049, l2 loss = 14.9151 (max 14.95), (true 410, predicted [728])
check failed
true = 410, adv = 728
