2019-10-24 14:56:50.155385: I tensorflow/core/platform/cpu_feature_guard.cc:141] Your CPU supports instructions that this TensorFlow binary was not compiled to use: SSE4.1 SSE4.2 AVX AVX2 FMA
2019-10-24 14:56:55.233071: I tensorflow/core/platform/profile_utils/cpu_utils.cc:94] CPU Frequency: 2600165000 Hz
2019-10-24 14:56:55.307027: I tensorflow/compiler/xla/service/service.cc:150] XLA service 0x55555902fd80 executing computations on platform Host. Devices:
2019-10-24 14:56:55.307131: I tensorflow/compiler/xla/service/service.cc:158]   StreamExecutor device (0): <undefined>, <undefined>
2019-10-24 14:56:55.308665: I tensorflow/core/common_runtime/process_util.cc:71] Creating new thread pool with default inter op setting: 2. Tune using inter_op_parallelism_threads for best performance.
evaluating 940 of [940, 950)
attack: step 1/10, xent loss = 33.0995, l2 loss = 31.0785 (max 14.95), (true 370, predicted [793])
unbound attack returning early
check failed
true = 370, adv = 793
evaluating 941 of [940, 950)
attack: step 1/10, xent loss = 16.7865, l2 loss = 24.2898 (max 14.95), (true 565, predicted [544])
unbound attack returning early
check failed
true = 565, adv = 544
evaluating 942 of [940, 950)
attack: step 1/10, xent loss = 20.4568, l2 loss = 26.8236 (max 14.95), (true 933, predicted [927])
unbound attack returning early
check failed
true = 933, adv = 927
evaluating 943 of [940, 950)
attack: step 1/10, xent loss = 54.0212, l2 loss = 37.5879 (max 14.95), (true 855, predicted [700])
unbound attack returning early
check failed
true = 855, adv = 700
evaluating 944 of [940, 950)
attack: step 1/10, xent loss = 19.8887, l2 loss = 28.587 (max 14.95), (true 736, predicted [237])
unbound attack returning early
check failed
true = 736, adv = 237
evaluating 945 of [940, 950)
attack: step 1/10, xent loss = 0.132613, l2 loss = 1.17752 (max 14.95), (true 145, predicted [145])
attack: step 2/10, xent loss = 0.159028, l2 loss = 1.23633 (max 14.95), (true 145, predicted [145])
attack: step 3/10, xent loss = 0.115216, l2 loss = 1.29005 (max 14.95), (true 145, predicted [145])
attack: step 4/10, xent loss = 0.115758, l2 loss = 1.33909 (max 14.95), (true 145, predicted [145])
attack: step 5/10, xent loss = 0.147561, l2 loss = 1.39425 (max 14.95), (true 145, predicted [145])
attack: step 6/10, xent loss = 0.189552, l2 loss = 1.44984 (max 14.95), (true 145, predicted [145])
attack: step 7/10, xent loss = 0.15449, l2 loss = 1.48225 (max 14.95), (true 145, predicted [145])
attack: step 8/10, xent loss = 0.185854, l2 loss = 1.56293 (max 14.95), (true 145, predicted [145])
attack: step 9/10, xent loss = 0.207726, l2 loss = 1.62892 (max 14.95), (true 145, predicted [145])
attack: step 10/10, xent loss = 0.183064, l2 loss = 1.6829 (max 14.95), (true 145, predicted [145])
true = 145, adv = 145
evaluating 946 of [940, 950)
attack: step 1/10, xent loss = 8.85994, l2 loss = 11.5382 (max 14.95), (true 301, predicted [304])
returning early
true = 301, adv = 304
evaluating 947 of [940, 950)
attack: step 1/10, xent loss = 19.9024, l2 loss = 22.6092 (max 14.95), (true 47, predicted [936])
unbound attack returning early
check failed
true = 47, adv = 936
evaluating 948 of [940, 950)
attack: step 1/10, xent loss = 10.8226, l2 loss = 14.5891 (max 14.95), (true 459, predicted [445])
returning early
true = 459, adv = 445
evaluating 949 of [940, 950)
attack: step 1/10, xent loss = 0.192978, l2 loss = 2.04132 (max 14.95), (true 698, predicted [698])
attack: step 2/10, xent loss = 0.184101, l2 loss = 2.13835 (max 14.95), (true 698, predicted [698])
attack: step 3/10, xent loss = 0.391458, l2 loss = 2.23033 (max 14.95), (true 698, predicted [698])
attack: step 4/10, xent loss = 0.289382, l2 loss = 2.49835 (max 14.95), (true 698, predicted [698])
attack: step 5/10, xent loss = 0.284335, l2 loss = 2.58391 (max 14.95), (true 698, predicted [698])
attack: step 6/10, xent loss = 0.563145, l2 loss = 2.73188 (max 14.95), (true 698, predicted [698])
attack: step 7/10, xent loss = 0.717946, l2 loss = 3.07736 (max 14.95), (true 698, predicted [698])
attack: step 8/10, xent loss = 0.276793, l2 loss = 3.57741 (max 14.95), (true 698, predicted [698])
attack: step 9/10, xent loss = 0.425227, l2 loss = 3.71701 (max 14.95), (true 698, predicted [698])
attack: step 10/10, xent loss = 0.654559, l2 loss = 3.8561 (max 14.95), (true 698, predicted [698])
true = 698, adv = 698
