2019-05-29 17:52:27.582318: I tensorflow/core/platform/cpu_feature_guard.cc:141] Your CPU supports instructions that this TensorFlow binary was not compiled to use: SSE4.1 SSE4.2 AVX AVX2 FMA
2019-05-29 17:52:27.736291: I tensorflow/core/platform/profile_utils/cpu_utils.cc:94] CPU Frequency: 2599880000 Hz
2019-05-29 17:52:27.750139: I tensorflow/compiler/xla/service/service.cc:150] XLA service 0x2aaae6e49fa0 executing computations on platform Host. Devices:
2019-05-29 17:52:27.750182: I tensorflow/compiler/xla/service/service.cc:158]   StreamExecutor device (0): <undefined>, <undefined>
2019-05-29 17:52:27.750526: I tensorflow/core/common_runtime/process_util.cc:71] Creating new thread pool with default inter op setting: 2. Tune using inter_op_parallelism_threads for best performance.
evaluating 820 of [820, 830)
attack: step 1/30, xent loss = 0.0834831, l2 loss = 0 (max 14.95), (true 343, predicted [343])
attack: step 2/30, xent loss = 1.4639, l2 loss = 0.162171 (max 14.95), (true 343, predicted [346])
attack: step 3/30, xent loss = 7.22727, l2 loss = 2.74065 (max 14.95), (true 343, predicted [346])
attack: step 4/30, xent loss = 10.2766, l2 loss = 2.93227 (max 14.95), (true 343, predicted [346])
attack: step 5/30, xent loss = 12.3209, l2 loss = 3.28598 (max 14.95), (true 343, predicted [346])
attack: step 6/30, xent loss = 7.26559, l2 loss = 5.14309 (max 14.95), (true 343, predicted [346])
attack: step 7/30, xent loss = 12.3178, l2 loss = 5.41972 (max 14.95), (true 343, predicted [346])
attack: step 8/30, xent loss = 15.282, l2 loss = 5.5647 (max 14.95), (true 343, predicted [346])
attack: step 9/30, xent loss = 16.4736, l2 loss = 5.8865 (max 14.95), (true 343, predicted [346])
attack: step 10/30, xent loss = 11.078, l2 loss = 6.34892 (max 14.95), (true 343, predicted [354])
attack: step 11/30, xent loss = 15.4963, l2 loss = 6.60571 (max 14.95), (true 343, predicted [346])
attack: step 12/30, xent loss = 19.4285, l2 loss = 6.94702 (max 14.95), (true 343, predicted [346])
attack: step 13/30, xent loss = 13.1788, l2 loss = 7.74518 (max 14.95), (true 343, predicted [346])
attack: step 14/30, xent loss = 17.8708, l2 loss = 7.91582 (max 14.95), (true 343, predicted [346])
attack: step 15/30, xent loss = 16.3068, l2 loss = 8.461 (max 14.95), (true 343, predicted [346])
attack: step 16/30, xent loss = 21.2594, l2 loss = 8.8236 (max 14.95), (true 343, predicted [346])
attack: step 17/30, xent loss = 23.7199, l2 loss = 9.13176 (max 14.95), (true 343, predicted [346])
attack: step 18/30, xent loss = 22.0944, l2 loss = 9.50216 (max 14.95), (true 343, predicted [346])
attack: step 19/30, xent loss = 22.3623, l2 loss = 10.3353 (max 14.95), (true 343, predicted [346])
attack: step 20/30, xent loss = 20.3706, l2 loss = 10.6278 (max 14.95), (true 343, predicted [346])
attack: step 21/30, xent loss = 20.2549, l2 loss = 11.2165 (max 14.95), (true 343, predicted [346])
attack: step 22/30, xent loss = 23.195, l2 loss = 11.5608 (max 14.95), (true 343, predicted [346])
attack: step 23/30, xent loss = 21.5865, l2 loss = 11.933 (max 14.95), (true 343, predicted [346])
attack: step 24/30, xent loss = 30.1836, l2 loss = 12.0843 (max 14.95), (true 343, predicted [346])
attack: step 25/30, xent loss = 29.6725, l2 loss = 12.3398 (max 14.95), (true 343, predicted [346])
attack: step 26/30, xent loss = 31.8278, l2 loss = 12.7265 (max 14.95), (true 343, predicted [346])
attack: step 27/30, xent loss = 30.6556, l2 loss = 13.0933 (max 14.95), (true 343, predicted [346])
attack: step 28/30, xent loss = 32.6656, l2 loss = 13.6038 (max 14.95), (true 343, predicted [346])
attack: step 29/30, xent loss = 35.8249, l2 loss = 13.9507 (max 14.95), (true 343, predicted [346])
attack: step 30/30, xent loss = 39.3186, l2 loss = 14.213 (max 14.95), (true 343, predicted [346])
true = 343, adv = 201
evaluating 821 of [820, 830)
attack: step 1/30, xent loss = 0.939363, l2 loss = 0 (max 14.95), (true 804, predicted [804])
attack: step 2/30, xent loss = 7.28246, l2 loss = 2.53515 (max 14.95), (true 804, predicted [631])
attack: step 3/30, xent loss = 11.9249, l2 loss = 3.31588 (max 14.95), (true 804, predicted [631])
attack: step 4/30, xent loss = 17.4796, l2 loss = 4.31323 (max 14.95), (true 804, predicted [585])
attack: step 5/30, xent loss = 24.7508, l2 loss = 5.92583 (max 14.95), (true 804, predicted [585])
attack: step 6/30, xent loss = 25.9133, l2 loss = 8.58747 (max 14.95), (true 804, predicted [585])
attack: step 7/30, xent loss = 15.1555, l2 loss = 10.1487 (max 14.95), (true 804, predicted [585])
attack: step 8/30, xent loss = 22.1874, l2 loss = 11.5706 (max 14.95), (true 804, predicted [585])
attack: step 9/30, xent loss = 31.4201, l2 loss = 13.1286 (max 14.95), (true 804, predicted [585])
attack: step 10/30, xent loss = 24.7559, l2 loss = 14.1174 (max 14.95), (true 804, predicted [585])
attack: step 11/30, xent loss = 33.5463, l2 loss = 15.5037 (max 14.95), (true 804, predicted [585])
attack: step 12/30, xent loss = 42.6819, l2 loss = 16.0784 (max 14.95), (true 804, predicted [585])
attack: step 13/30, xent loss = 44.0825, l2 loss = 16.8806 (max 14.95), (true 804, predicted [585])
attack: step 14/30, xent loss = 48.7902, l2 loss = 17.4452 (max 14.95), (true 804, predicted [585])
attack: step 15/30, xent loss = 46.8064, l2 loss = 18.2271 (max 14.95), (true 804, predicted [585])
attack: step 16/30, xent loss = 58.9882, l2 loss = 18.8676 (max 14.95), (true 804, predicted [585])
attack: step 17/30, xent loss = 55.3415, l2 loss = 19.9264 (max 14.95), (true 804, predicted [585])
attack: step 18/30, xent loss = 58.3433, l2 loss = 20.4394 (max 14.95), (true 804, predicted [585])
attack: step 19/30, xent loss = 50.8448, l2 loss = 21.4681 (max 14.95), (true 804, predicted [585])
attack: step 20/30, xent loss = 62.399, l2 loss = 22.0447 (max 14.95), (true 804, predicted [585])
attack: step 21/30, xent loss = 55.5787, l2 loss = 22.7379 (max 14.95), (true 804, predicted [585])
attack: step 22/30, xent loss = 74.1958, l2 loss = 23.4548 (max 14.95), (true 804, predicted [585])
attack: step 23/30, xent loss = 71.7806, l2 loss = 23.9345 (max 14.95), (true 804, predicted [585])
attack: step 24/30, xent loss = 75.6796, l2 loss = 24.5265 (max 14.95), (true 804, predicted [585])
attack: step 25/30, xent loss = 83.965, l2 loss = 25.053 (max 14.95), (true 804, predicted [585])
attack: step 26/30, xent loss = 90.2783, l2 loss = 25.585 (max 14.95), (true 804, predicted [585])
attack: step 27/30, xent loss = 97.2011, l2 loss = 26.0104 (max 14.95), (true 804, predicted [585])
attack: step 28/30, xent loss = 95.5329, l2 loss = 26.4445 (max 14.95), (true 804, predicted [585])
attack: step 29/30, xent loss = 78.4828, l2 loss = 27.0544 (max 14.95), (true 804, predicted [585])
attack: step 30/30, xent loss = 87.1366, l2 loss = 28.0371 (max 14.95), (true 804, predicted [585])
check failed
true = 804, adv = 728
evaluating 822 of [820, 830)
attack: step 1/30, xent loss = 5.08004, l2 loss = 0 (max 14.95), (true 391, predicted [35])
attack: step 2/30, xent loss = 9.48373, l2 loss = 5.06098 (max 14.95), (true 391, predicted [35])
attack: step 3/30, xent loss = 12.2781, l2 loss = 5.54392 (max 14.95), (true 391, predicted [36])
attack: step 4/30, xent loss = 12.1237, l2 loss = 6.59046 (max 14.95), (true 391, predicted [36])
attack: step 5/30, xent loss = 18.9786, l2 loss = 6.80559 (max 14.95), (true 391, predicted [36])
attack: step 6/30, xent loss = 16.3852, l2 loss = 7.94337 (max 14.95), (true 391, predicted [36])
attack: step 7/30, xent loss = 15.531, l2 loss = 10.4759 (max 14.95), (true 391, predicted [36])
attack: step 8/30, xent loss = 18.0192, l2 loss = 11.5102 (max 14.95), (true 391, predicted [36])
attack: step 9/30, xent loss = 27.549, l2 loss = 12.2813 (max 14.95), (true 391, predicted [36])
attack: step 10/30, xent loss = 31.4158, l2 loss = 13.4405 (max 14.95), (true 391, predicted [36])
attack: step 11/30, xent loss = 21.2815, l2 loss = 14.3195 (max 14.95), (true 391, predicted [36])
attack: step 12/30, xent loss = 36.3853, l2 loss = 14.844 (max 14.95), (true 391, predicted [36])
attack: step 13/30, xent loss = 29.0944, l2 loss = 16.0253 (max 14.95), (true 391, predicted [36])
attack: step 14/30, xent loss = 35.2373, l2 loss = 16.4496 (max 14.95), (true 391, predicted [36])
attack: step 15/30, xent loss = 39.869, l2 loss = 17.0683 (max 14.95), (true 391, predicted [36])
attack: step 16/30, xent loss = 43.3874, l2 loss = 17.6304 (max 14.95), (true 391, predicted [36])
attack: step 17/30, xent loss = 39.7314, l2 loss = 18.4213 (max 14.95), (true 391, predicted [36])
attack: step 18/30, xent loss = 44.2748, l2 loss = 19.0159 (max 14.95), (true 391, predicted [36])
attack: step 19/30, xent loss = 46.4886, l2 loss = 19.5098 (max 14.95), (true 391, predicted [36])
attack: step 20/30, xent loss = 52.0594, l2 loss = 20.1715 (max 14.95), (true 391, predicted [36])
attack: step 21/30, xent loss = 53.2138, l2 loss = 20.5262 (max 14.95), (true 391, predicted [36])
attack: step 22/30, xent loss = 51.003, l2 loss = 21.1955 (max 14.95), (true 391, predicted [36])
attack: step 23/30, xent loss = 55.1184, l2 loss = 21.6779 (max 14.95), (true 391, predicted [36])
attack: step 24/30, xent loss = 49.7956, l2 loss = 22.1797 (max 14.95), (true 391, predicted [36])
attack: step 25/30, xent loss = 53.8682, l2 loss = 22.6988 (max 14.95), (true 391, predicted [36])
attack: step 26/30, xent loss = 59.0018, l2 loss = 23.1356 (max 14.95), (true 391, predicted [36])
attack: step 27/30, xent loss = 52.0925, l2 loss = 23.7463 (max 14.95), (true 391, predicted [36])
attack: step 28/30, xent loss = 57.5545, l2 loss = 24.2787 (max 14.95), (true 391, predicted [36])
attack: step 29/30, xent loss = 69.478, l2 loss = 24.6781 (max 14.95), (true 391, predicted [36])
attack: step 30/30, xent loss = 57.6366, l2 loss = 25.0497 (max 14.95), (true 391, predicted [36])
check failed
true = 391, adv = 879
evaluating 823 of [820, 830)
attack: step 1/30, xent loss = 0.0697485, l2 loss = 0 (max 14.95), (true 290, predicted [290])
attack: step 2/30, xent loss = 0.0820725, l2 loss = 0.0348248 (max 14.95), (true 290, predicted [290])
attack: step 3/30, xent loss = 0.0969655, l2 loss = 0.0720698 (max 14.95), (true 290, predicted [290])
attack: step 4/30, xent loss = 0.113915, l2 loss = 0.110227 (max 14.95), (true 290, predicted [290])
attack: step 5/30, xent loss = 0.134381, l2 loss = 0.150509 (max 14.95), (true 290, predicted [290])
attack: step 6/30, xent loss = 0.161801, l2 loss = 0.196254 (max 14.95), (true 290, predicted [290])
attack: step 7/30, xent loss = 0.193726, l2 loss = 0.248023 (max 14.95), (true 290, predicted [290])
attack: step 8/30, xent loss = 0.230323, l2 loss = 0.301509 (max 14.95), (true 290, predicted [290])
attack: step 9/30, xent loss = 0.277007, l2 loss = 0.364591 (max 14.95), (true 290, predicted [290])
attack: step 10/30, xent loss = 0.340857, l2 loss = 0.431837 (max 14.95), (true 290, predicted [290])
attack: step 11/30, xent loss = 0.417049, l2 loss = 0.514962 (max 14.95), (true 290, predicted [290])
attack: step 12/30, xent loss = 0.529468, l2 loss = 0.598027 (max 14.95), (true 290, predicted [290])
attack: step 13/30, xent loss = 0.698099, l2 loss = 0.721202 (max 14.95), (true 290, predicted [290])
attack: step 14/30, xent loss = 0.974798, l2 loss = 0.85377 (max 14.95), (true 290, predicted [290])
attack: step 15/30, xent loss = 1.22535, l2 loss = 1.02295 (max 14.95), (true 290, predicted [290])
attack: step 16/30, xent loss = 1.72981, l2 loss = 1.21689 (max 14.95), (true 290, predicted [290])
attack: step 17/30, xent loss = 2.19639, l2 loss = 1.56827 (max 14.95), (true 290, predicted [290])
attack: step 18/30, xent loss = 3.30716, l2 loss = 1.82139 (max 14.95), (true 290, predicted [288])
attack: step 19/30, xent loss = 4.33191, l2 loss = 2.39316 (max 14.95), (true 290, predicted [288])
attack: step 20/30, xent loss = 5.34566, l2 loss = 3.16256 (max 14.95), (true 290, predicted [205])
attack: step 21/30, xent loss = 7.60866, l2 loss = 3.62197 (max 14.95), (true 290, predicted [256])
attack: step 22/30, xent loss = 10.5629, l2 loss = 3.97964 (max 14.95), (true 290, predicted [170])
attack: step 23/30, xent loss = 12.6035, l2 loss = 4.55311 (max 14.95), (true 290, predicted [170])
attack: step 24/30, xent loss = 12.9453, l2 loss = 5.35779 (max 14.95), (true 290, predicted [170])
attack: step 25/30, xent loss = 12.5868, l2 loss = 6.51813 (max 14.95), (true 290, predicted [177])
attack: step 26/30, xent loss = 11.8029, l2 loss = 7.60549 (max 14.95), (true 290, predicted [177])
attack: step 27/30, xent loss = 17.5451, l2 loss = 9.24006 (max 14.95), (true 290, predicted [177])
attack: step 28/30, xent loss = 11.3817, l2 loss = 9.74175 (max 14.95), (true 290, predicted [177])
attack: step 29/30, xent loss = 18.0586, l2 loss = 10.9773 (max 14.95), (true 290, predicted [177])
attack: step 30/30, xent loss = 22.2288, l2 loss = 11.273 (max 14.95), (true 290, predicted [177])
true = 290, adv = 723
evaluating 824 of [820, 830)
attack: step 1/30, xent loss = 0.0277673, l2 loss = 0 (max 14.95), (true 391, predicted [391])
attack: step 2/30, xent loss = 0.0634815, l2 loss = 0.0545269 (max 14.95), (true 391, predicted [391])
attack: step 3/30, xent loss = 0.184262, l2 loss = 0.13633 (max 14.95), (true 391, predicted [391])
attack: step 4/30, xent loss = 1.25059, l2 loss = 0.348137 (max 14.95), (true 391, predicted [391])
attack: step 5/30, xent loss = 5.59189, l2 loss = 1.49367 (max 14.95), (true 391, predicted [0])
attack: step 6/30, xent loss = 10.3395, l2 loss = 1.87222 (max 14.95), (true 391, predicted [389])
attack: step 7/30, xent loss = 12.9722, l2 loss = 2.85591 (max 14.95), (true 391, predicted [389])
attack: step 8/30, xent loss = 9.60766, l2 loss = 4.29908 (max 14.95), (true 391, predicted [389])
attack: step 9/30, xent loss = 15.3123, l2 loss = 5.40352 (max 14.95), (true 391, predicted [389])
attack: step 10/30, xent loss = 18.1059, l2 loss = 5.82559 (max 14.95), (true 391, predicted [389])
attack: step 11/30, xent loss = 23.0387, l2 loss = 6.49896 (max 14.95), (true 391, predicted [389])
attack: step 12/30, xent loss = 21.3822, l2 loss = 7.06285 (max 14.95), (true 391, predicted [389])
attack: step 13/30, xent loss = 22.4385, l2 loss = 8.57659 (max 14.95), (true 391, predicted [389])
attack: step 14/30, xent loss = 31.0759, l2 loss = 8.89103 (max 14.95), (true 391, predicted [389])
attack: step 15/30, xent loss = 24.0976, l2 loss = 9.41459 (max 14.95), (true 391, predicted [389])
attack: step 16/30, xent loss = 26.7512, l2 loss = 9.97619 (max 14.95), (true 391, predicted [389])
attack: step 17/30, xent loss = 29.457, l2 loss = 10.4322 (max 14.95), (true 391, predicted [389])
attack: step 18/30, xent loss = 36.8393, l2 loss = 10.7176 (max 14.95), (true 391, predicted [389])
attack: step 19/30, xent loss = 35.5092, l2 loss = 11.3084 (max 14.95), (true 391, predicted [389])
attack: step 20/30, xent loss = 39.8223, l2 loss = 11.746 (max 14.95), (true 391, predicted [389])
attack: step 21/30, xent loss = 46.1736, l2 loss = 12.1837 (max 14.95), (true 391, predicted [389])
attack: step 22/30, xent loss = 38.953, l2 loss = 12.6769 (max 14.95), (true 391, predicted [389])
attack: step 23/30, xent loss = 42.9329, l2 loss = 13.2761 (max 14.95), (true 391, predicted [389])
attack: step 24/30, xent loss = 41.0717, l2 loss = 13.7833 (max 14.95), (true 391, predicted [389])
attack: step 25/30, xent loss = 42.7504, l2 loss = 14.4518 (max 14.95), (true 391, predicted [389])
attack: step 26/30, xent loss = 58.2065, l2 loss = 14.7663 (max 14.95), (true 391, predicted [389])
attack: step 27/30, xent loss = 47.664, l2 loss = 15.2593 (max 14.95), (true 391, predicted [389])
attack: step 28/30, xent loss = 52.0334, l2 loss = 15.8702 (max 14.95), (true 391, predicted [389])
attack: step 29/30, xent loss = 52.6877, l2 loss = 16.4002 (max 14.95), (true 391, predicted [389])
attack: step 30/30, xent loss = 61.0517, l2 loss = 16.7192 (max 14.95), (true 391, predicted [389])
check failed
true = 391, adv = 701
evaluating 825 of [820, 830)
attack: step 1/30, xent loss = 0.0228974, l2 loss = 0 (max 14.95), (true 29, predicted [29])
attack: step 2/30, xent loss = 0.342604, l2 loss = 0.0838207 (max 14.95), (true 29, predicted [29])
attack: step 3/30, xent loss = 6.36665, l2 loss = 1.58679 (max 14.95), (true 29, predicted [182])
attack: step 4/30, xent loss = 8.99012, l2 loss = 3.06724 (max 14.95), (true 29, predicted [275])
attack: step 5/30, xent loss = 10.3292, l2 loss = 3.50979 (max 14.95), (true 29, predicted [225])
attack: step 6/30, xent loss = 10.8345, l2 loss = 4.89012 (max 14.95), (true 29, predicted [225])
attack: step 7/30, xent loss = 11.5321, l2 loss = 6.32941 (max 14.95), (true 29, predicted [255])
attack: step 8/30, xent loss = 11.7365, l2 loss = 7.06263 (max 14.95), (true 29, predicted [225])
attack: step 9/30, xent loss = 13.0738, l2 loss = 7.78527 (max 14.95), (true 29, predicted [225])
attack: step 10/30, xent loss = 14.1894, l2 loss = 8.87963 (max 14.95), (true 29, predicted [225])
attack: step 11/30, xent loss = 10.4989, l2 loss = 9.72675 (max 14.95), (true 29, predicted [225])
attack: step 12/30, xent loss = 15.9722, l2 loss = 10.1107 (max 14.95), (true 29, predicted [225])
attack: step 13/30, xent loss = 12.4989, l2 loss = 10.5375 (max 14.95), (true 29, predicted [225])
attack: step 14/30, xent loss = 17.9173, l2 loss = 11.1382 (max 14.95), (true 29, predicted [225])
attack: step 15/30, xent loss = 18.6211, l2 loss = 11.3861 (max 14.95), (true 29, predicted [225])
attack: step 16/30, xent loss = 21.7864, l2 loss = 12.0887 (max 14.95), (true 29, predicted [225])
attack: step 17/30, xent loss = 12.9776, l2 loss = 12.5835 (max 14.95), (true 29, predicted [225])
attack: step 18/30, xent loss = 18.5836, l2 loss = 13.4822 (max 14.95), (true 29, predicted [225])
attack: step 19/30, xent loss = 15.7506, l2 loss = 13.761 (max 14.95), (true 29, predicted [225])
attack: step 20/30, xent loss = 23.1893, l2 loss = 14.2985 (max 14.95), (true 29, predicted [225])
attack: step 21/30, xent loss = 19.73, l2 loss = 14.6993 (max 14.95), (true 29, predicted [225])
attack: step 22/30, xent loss = 17.4962, l2 loss = 15.3772 (max 14.95), (true 29, predicted [225])
attack: step 23/30, xent loss = 27.5954, l2 loss = 15.6222 (max 14.95), (true 29, predicted [225])
attack: step 24/30, xent loss = 20.6452, l2 loss = 15.8807 (max 14.95), (true 29, predicted [225])
attack: step 25/30, xent loss = 28.5498, l2 loss = 16.1836 (max 14.95), (true 29, predicted [225])
attack: step 26/30, xent loss = 36.004, l2 loss = 16.4078 (max 14.95), (true 29, predicted [225])
attack: step 27/30, xent loss = 32.6313, l2 loss = 16.7451 (max 14.95), (true 29, predicted [225])
attack: step 28/30, xent loss = 20.4723, l2 loss = 17.5025 (max 14.95), (true 29, predicted [225])
attack: step 29/30, xent loss = 29.3025, l2 loss = 17.7721 (max 14.95), (true 29, predicted [225])
attack: step 30/30, xent loss = 28.7365, l2 loss = 18.0853 (max 14.95), (true 29, predicted [225])
check failed
true = 29, adv = 607
evaluating 826 of [820, 830)
attack: step 1/30, xent loss = 0.645789, l2 loss = 0 (max 14.95), (true 211, predicted [211])
attack: step 2/30, xent loss = 8.65145, l2 loss = 1.09922 (max 14.95), (true 211, predicted [171])
attack: step 3/30, xent loss = 12.5207, l2 loss = 1.90312 (max 14.95), (true 211, predicted [171])
attack: step 4/30, xent loss = 16.3499, l2 loss = 2.60717 (max 14.95), (true 211, predicted [171])
attack: step 5/30, xent loss = 10.9954, l2 loss = 3.56839 (max 14.95), (true 211, predicted [171])
attack: step 6/30, xent loss = 15.6367, l2 loss = 4.40999 (max 14.95), (true 211, predicted [171])
attack: step 7/30, xent loss = 21.4075, l2 loss = 4.80786 (max 14.95), (true 211, predicted [171])
attack: step 8/30, xent loss = 17.1709, l2 loss = 5.57281 (max 14.95), (true 211, predicted [171])
attack: step 9/30, xent loss = 21.7903, l2 loss = 6.27214 (max 14.95), (true 211, predicted [171])
attack: step 10/30, xent loss = 21.7149, l2 loss = 7.03997 (max 14.95), (true 211, predicted [171])
attack: step 11/30, xent loss = 24.7213, l2 loss = 7.54126 (max 14.95), (true 211, predicted [171])
attack: step 12/30, xent loss = 22.3432, l2 loss = 8.61382 (max 14.95), (true 211, predicted [171])
attack: step 13/30, xent loss = 31.0008, l2 loss = 8.90948 (max 14.95), (true 211, predicted [171])
attack: step 14/30, xent loss = 25.1045, l2 loss = 9.36774 (max 14.95), (true 211, predicted [171])
attack: step 15/30, xent loss = 25.3727, l2 loss = 10.2325 (max 14.95), (true 211, predicted [171])
attack: step 16/30, xent loss = 31.6484, l2 loss = 10.6205 (max 14.95), (true 211, predicted [171])
attack: step 17/30, xent loss = 34.1088, l2 loss = 11.0317 (max 14.95), (true 211, predicted [171])
attack: step 18/30, xent loss = 29.2817, l2 loss = 11.6027 (max 14.95), (true 211, predicted [171])
attack: step 19/30, xent loss = 33.4226, l2 loss = 12.1312 (max 14.95), (true 211, predicted [171])
attack: step 20/30, xent loss = 38.084, l2 loss = 12.607 (max 14.95), (true 211, predicted [171])
attack: step 21/30, xent loss = 42.0429, l2 loss = 12.9946 (max 14.95), (true 211, predicted [171])
attack: step 22/30, xent loss = 39.1359, l2 loss = 13.4701 (max 14.95), (true 211, predicted [171])
attack: step 23/30, xent loss = 27.4951, l2 loss = 14.6567 (max 14.95), (true 211, predicted [171])
attack: step 24/30, xent loss = 41.217, l2 loss = 14.9495 (max 14.95), (true 211, predicted [171])
attack: step 25/30, xent loss = 41.0119, l2 loss = 15.3965 (max 14.95), (true 211, predicted [171])
attack: step 26/30, xent loss = 43.4466, l2 loss = 15.8159 (max 14.95), (true 211, predicted [171])
attack: step 27/30, xent loss = 31.2979, l2 loss = 16.3314 (max 14.95), (true 211, predicted [171])
attack: step 28/30, xent loss = 39.6889, l2 loss = 17.0971 (max 14.95), (true 211, predicted [171])
attack: step 29/30, xent loss = 38.314, l2 loss = 17.5502 (max 14.95), (true 211, predicted [171])
attack: step 30/30, xent loss = 41.7404, l2 loss = 18.0626 (max 14.95), (true 211, predicted [171])
check failed
true = 211, adv = 211
evaluating 827 of [820, 830)
attack: step 1/30, xent loss = 0.0273845, l2 loss = 0 (max 14.95), (true 319, predicted [319])
attack: step 2/30, xent loss = 0.0430169, l2 loss = 0.035796 (max 14.95), (true 319, predicted [319])
attack: step 3/30, xent loss = 0.0818148, l2 loss = 0.087545 (max 14.95), (true 319, predicted [319])
attack: step 4/30, xent loss = 0.30231, l2 loss = 0.187685 (max 14.95), (true 319, predicted [319])
attack: step 5/30, xent loss = 4.44019, l2 loss = 0.586797 (max 14.95), (true 319, predicted [321])
attack: step 6/30, xent loss = 7.70963, l2 loss = 2.43575 (max 14.95), (true 319, predicted [321])
attack: step 7/30, xent loss = 10.1607, l2 loss = 2.73976 (max 14.95), (true 319, predicted [321])
attack: step 8/30, xent loss = 12.7974, l2 loss = 2.93416 (max 14.95), (true 319, predicted [321])
attack: step 9/30, xent loss = 14.7427, l2 loss = 3.24449 (max 14.95), (true 319, predicted [321])
attack: step 10/30, xent loss = 15.9188, l2 loss = 3.9828 (max 14.95), (true 319, predicted [321])
attack: step 11/30, xent loss = 10.1905, l2 loss = 6.21087 (max 14.95), (true 319, predicted [321])
attack: step 12/30, xent loss = 9.62727, l2 loss = 6.87683 (max 14.95), (true 319, predicted [321])
attack: step 13/30, xent loss = 13.2345, l2 loss = 7.85421 (max 14.95), (true 319, predicted [321])
attack: step 14/30, xent loss = 10.2459, l2 loss = 8.15345 (max 14.95), (true 319, predicted [321])
attack: step 15/30, xent loss = 18.8901, l2 loss = 8.36972 (max 14.95), (true 319, predicted [321])
attack: step 16/30, xent loss = 21.4481, l2 loss = 8.78622 (max 14.95), (true 319, predicted [321])
attack: step 17/30, xent loss = 21.4482, l2 loss = 9.28629 (max 14.95), (true 319, predicted [321])
attack: step 18/30, xent loss = 14.6494, l2 loss = 9.9302 (max 14.95), (true 319, predicted [321])
attack: step 19/30, xent loss = 24.5448, l2 loss = 10.191 (max 14.95), (true 319, predicted [321])
attack: step 20/30, xent loss = 27.6813, l2 loss = 10.4718 (max 14.95), (true 319, predicted [321])
attack: step 21/30, xent loss = 23.8564, l2 loss = 11.0227 (max 14.95), (true 319, predicted [321])
attack: step 22/30, xent loss = 20.6308, l2 loss = 11.6811 (max 14.95), (true 319, predicted [321])
attack: step 23/30, xent loss = 12.7809, l2 loss = 12.0338 (max 14.95), (true 319, predicted [321])
attack: step 24/30, xent loss = 25.2684, l2 loss = 12.7946 (max 14.95), (true 319, predicted [321])
attack: step 25/30, xent loss = 24.5831, l2 loss = 13.0816 (max 14.95), (true 319, predicted [321])
attack: step 26/30, xent loss = 21.709, l2 loss = 13.6784 (max 14.95), (true 319, predicted [321])
attack: step 27/30, xent loss = 31.5923, l2 loss = 13.939 (max 14.95), (true 319, predicted [321])
attack: step 28/30, xent loss = 25.3033, l2 loss = 14.2364 (max 14.95), (true 319, predicted [321])
attack: step 29/30, xent loss = 26.6599, l2 loss = 14.572 (max 14.95), (true 319, predicted [321])
attack: step 30/30, xent loss = 33.1096, l2 loss = 15.0306 (max 14.95), (true 319, predicted [321])
check failed
true = 319, adv = 601
evaluating 828 of [820, 830)
attack: step 1/30, xent loss = 0.98375, l2 loss = 0 (max 14.95), (true 227, predicted [236])
attack: step 2/30, xent loss = 9.49552, l2 loss = 2.69769 (max 14.95), (true 227, predicted [236])
attack: step 3/30, xent loss = 14.4931, l2 loss = 3.10203 (max 14.95), (true 227, predicted [236])
attack: step 4/30, xent loss = 14.1338, l2 loss = 3.61962 (max 14.95), (true 227, predicted [236])
attack: step 5/30, xent loss = 14.5336, l2 loss = 5.2544 (max 14.95), (true 227, predicted [236])
attack: step 6/30, xent loss = 17.8925, l2 loss = 5.46672 (max 14.95), (true 227, predicted [236])
attack: step 7/30, xent loss = 17.4529, l2 loss = 5.90877 (max 14.95), (true 227, predicted [236])
attack: step 8/30, xent loss = 21.2244, l2 loss = 6.21815 (max 14.95), (true 227, predicted [236])
attack: step 9/30, xent loss = 18.1859, l2 loss = 6.80668 (max 14.95), (true 227, predicted [236])
attack: step 10/30, xent loss = 18.331, l2 loss = 7.74703 (max 14.95), (true 227, predicted [236])
attack: step 11/30, xent loss = 24.6937, l2 loss = 7.9988 (max 14.95), (true 227, predicted [236])
attack: step 12/30, xent loss = 24.4454, l2 loss = 8.52254 (max 14.95), (true 227, predicted [236])
attack: step 13/30, xent loss = 26.034, l2 loss = 8.96821 (max 14.95), (true 227, predicted [236])
attack: step 14/30, xent loss = 29.0919, l2 loss = 9.4983 (max 14.95), (true 227, predicted [236])
attack: step 15/30, xent loss = 30.2117, l2 loss = 9.97355 (max 14.95), (true 227, predicted [236])
attack: step 16/30, xent loss = 29.1092, l2 loss = 10.5426 (max 14.95), (true 227, predicted [236])
attack: step 17/30, xent loss = 26.7643, l2 loss = 10.9243 (max 14.95), (true 227, predicted [236])
attack: step 18/30, xent loss = 22.6055, l2 loss = 12.17 (max 14.95), (true 227, predicted [236])
attack: step 19/30, xent loss = 29.3321, l2 loss = 12.4521 (max 14.95), (true 227, predicted [236])
attack: step 20/30, xent loss = 25.7969, l2 loss = 12.8378 (max 14.95), (true 227, predicted [236])
attack: step 21/30, xent loss = 33.4638, l2 loss = 13.1759 (max 14.95), (true 227, predicted [236])
attack: step 22/30, xent loss = 36.9445, l2 loss = 13.4317 (max 14.95), (true 227, predicted [236])
attack: step 23/30, xent loss = 33.7939, l2 loss = 13.7899 (max 14.95), (true 227, predicted [236])
attack: step 24/30, xent loss = 33.1098, l2 loss = 14.1897 (max 14.95), (true 227, predicted [236])
attack: step 25/30, xent loss = 39.9836, l2 loss = 14.52 (max 14.95), (true 227, predicted [236])
attack: step 26/30, xent loss = 36.7867, l2 loss = 14.9552 (max 14.95), (true 227, predicted [236])
attack: step 27/30, xent loss = 43.4537, l2 loss = 15.2426 (max 14.95), (true 227, predicted [236])
attack: step 28/30, xent loss = 45.0814, l2 loss = 15.7001 (max 14.95), (true 227, predicted [236])
attack: step 29/30, xent loss = 43.2436, l2 loss = 16.0353 (max 14.95), (true 227, predicted [236])
attack: step 30/30, xent loss = 38.1193, l2 loss = 16.4249 (max 14.95), (true 227, predicted [236])
check failed
true = 227, adv = 557
evaluating 829 of [820, 830)
attack: step 1/30, xent loss = 0.13579, l2 loss = 0 (max 14.95), (true 773, predicted [773])
attack: step 2/30, xent loss = 3.35507, l2 loss = 0.382161 (max 14.95), (true 773, predicted [427])
attack: step 3/30, xent loss = 8.3958, l2 loss = 3.06835 (max 14.95), (true 773, predicted [756])
attack: step 4/30, xent loss = 12.2943, l2 loss = 3.82941 (max 14.95), (true 773, predicted [756])
attack: step 5/30, xent loss = 14.9233, l2 loss = 4.59316 (max 14.95), (true 773, predicted [756])
attack: step 6/30, xent loss = 13.4362, l2 loss = 6.17018 (max 14.95), (true 773, predicted [756])
attack: step 7/30, xent loss = 17.0026, l2 loss = 6.76521 (max 14.95), (true 773, predicted [756])
attack: step 8/30, xent loss = 14.1477, l2 loss = 7.58977 (max 14.95), (true 773, predicted [756])
attack: step 9/30, xent loss = 18.5093, l2 loss = 8.37029 (max 14.95), (true 773, predicted [756])
attack: step 10/30, xent loss = 20.719, l2 loss = 8.82998 (max 14.95), (true 773, predicted [756])
attack: step 11/30, xent loss = 15.022, l2 loss = 9.4209 (max 14.95), (true 773, predicted [756])
attack: step 12/30, xent loss = 15.774, l2 loss = 11.0981 (max 14.95), (true 773, predicted [756])
attack: step 13/30, xent loss = 25.9522, l2 loss = 11.391 (max 14.95), (true 773, predicted [756])
attack: step 14/30, xent loss = 21.3544, l2 loss = 11.9181 (max 14.95), (true 773, predicted [756])
attack: step 15/30, xent loss = 20.4969, l2 loss = 13.2941 (max 14.95), (true 773, predicted [756])
attack: step 16/30, xent loss = 26.2681, l2 loss = 13.6949 (max 14.95), (true 773, predicted [756])
attack: step 17/30, xent loss = 20.9795, l2 loss = 14.3105 (max 14.95), (true 773, predicted [756])
attack: step 18/30, xent loss = 20.8581, l2 loss = 15.2344 (max 14.95), (true 773, predicted [756])
attack: step 19/30, xent loss = 21.7239, l2 loss = 15.5145 (max 14.95), (true 773, predicted [756])
attack: step 20/30, xent loss = 26.4176, l2 loss = 15.9213 (max 14.95), (true 773, predicted [756])
attack: step 21/30, xent loss = 31.2848, l2 loss = 16.1922 (max 14.95), (true 773, predicted [756])
attack: step 22/30, xent loss = 31.2718, l2 loss = 16.7094 (max 14.95), (true 773, predicted [756])
attack: step 23/30, xent loss = 26.2804, l2 loss = 17.1352 (max 14.95), (true 773, predicted [756])
attack: step 24/30, xent loss = 26.6498, l2 loss = 17.5809 (max 14.95), (true 773, predicted [756])
attack: step 25/30, xent loss = 36.6926, l2 loss = 17.7684 (max 14.95), (true 773, predicted [756])
attack: step 26/30, xent loss = 35.9305, l2 loss = 18.1084 (max 14.95), (true 773, predicted [756])
attack: step 27/30, xent loss = 30.6652, l2 loss = 18.5932 (max 14.95), (true 773, predicted [756])
attack: step 28/30, xent loss = 30.5739, l2 loss = 19.2255 (max 14.95), (true 773, predicted [756])
attack: step 29/30, xent loss = 42.2393, l2 loss = 19.4825 (max 14.95), (true 773, predicted [756])
attack: step 30/30, xent loss = 46.1035, l2 loss = 19.6818 (max 14.95), (true 773, predicted [756])
check failed
true = 773, adv = 898
