2019-06-05 08:02:20.450137: I tensorflow/core/platform/cpu_feature_guard.cc:141] Your CPU supports instructions that this TensorFlow binary was not compiled to use: SSE4.1 SSE4.2 AVX AVX2 FMA
2019-06-05 08:02:20.805885: I tensorflow/core/platform/profile_utils/cpu_utils.cc:94] CPU Frequency: 2600285000 Hz
2019-06-05 08:02:20.808806: I tensorflow/compiler/xla/service/service.cc:150] XLA service 0x2aaae6abfe10 executing computations on platform Host. Devices:
2019-06-05 08:02:20.808842: I tensorflow/compiler/xla/service/service.cc:158]   StreamExecutor device (0): <undefined>, <undefined>
2019-06-05 08:02:20.813396: I tensorflow/core/common_runtime/process_util.cc:71] Creating new thread pool with default inter op setting: 2. Tune using inter_op_parallelism_threads for best performance.
evaluating 760 of [760, 770)
attack: step 1/10, xent loss = 1.47838, l2 loss = 0 (max 14.95), (true 807, predicted [807])
attack: step 2/10, xent loss = 3.5535, l2 loss = 6.17621 (max 14.95), (true 807, predicted [913])
attack: step 3/10, xent loss = 8.07375, l2 loss = 9.54891 (max 14.95), (true 807, predicted [728])
attack: step 4/10, xent loss = 8.82272, l2 loss = 10.3282 (max 14.95), (true 807, predicted [314])
attack: step 5/10, xent loss = 10.1926, l2 loss = 10.9304 (max 14.95), (true 807, predicted [314])
attack: step 6/10, xent loss = 10.7757, l2 loss = 11.9109 (max 14.95), (true 807, predicted [314])
attack: step 7/10, xent loss = 12.6653, l2 loss = 13.2801 (max 14.95), (true 807, predicted [314])
attack: step 8/10, xent loss = 12.8708, l2 loss = 15.2553 (max 14.95), (true 807, predicted [314])
attack: step 9/10, xent loss = 15.6774, l2 loss = 15.7954 (max 14.95), (true 807, predicted [314])
attack: step 10/10, xent loss = 16.7894, l2 loss = 16.5576 (max 14.95), (true 807, predicted [314])
check failed
true = 807, adv = 314
evaluating 761 of [760, 770)
attack: step 1/10, xent loss = 0.545923, l2 loss = 0 (max 14.95), (true 345, predicted [345])
attack: step 2/10, xent loss = 0.419366, l2 loss = 1.29702 (max 14.95), (true 345, predicted [345])
attack: step 3/10, xent loss = 0.659613, l2 loss = 1.87606 (max 14.95), (true 345, predicted [345])
attack: step 4/10, xent loss = 0.675137, l2 loss = 2.3035 (max 14.95), (true 345, predicted [345])
attack: step 5/10, xent loss = 0.568535, l2 loss = 2.89563 (max 14.95), (true 345, predicted [345])
attack: step 6/10, xent loss = 1.06343, l2 loss = 3.35297 (max 14.95), (true 345, predicted [690])
attack: step 7/10, xent loss = 1.45602, l2 loss = 3.8887 (max 14.95), (true 345, predicted [690])
attack: step 8/10, xent loss = 1.42943, l2 loss = 4.66437 (max 14.95), (true 345, predicted [690])
attack: step 9/10, xent loss = 1.72627, l2 loss = 5.48989 (max 14.95), (true 345, predicted [690])
attack: step 10/10, xent loss = 2.09184, l2 loss = 6.14651 (max 14.95), (true 345, predicted [690])
true = 345, adv = 690
evaluating 762 of [760, 770)
attack: step 1/10, xent loss = 0.251885, l2 loss = 0 (max 14.95), (true 761, predicted [761])
attack: step 2/10, xent loss = 0.45281, l2 loss = 0.743178 (max 14.95), (true 761, predicted [761])
attack: step 3/10, xent loss = 0.311297, l2 loss = 1.4247 (max 14.95), (true 761, predicted [761])
attack: step 4/10, xent loss = 0.28669, l2 loss = 1.75433 (max 14.95), (true 761, predicted [761])
attack: step 5/10, xent loss = 1.19269, l2 loss = 2.00853 (max 14.95), (true 761, predicted [761])
attack: step 6/10, xent loss = 1.98939, l2 loss = 2.94901 (max 14.95), (true 761, predicted [761])
attack: step 7/10, xent loss = 1.64447, l2 loss = 4.16267 (max 14.95), (true 761, predicted [761])
attack: step 8/10, xent loss = 2.58092, l2 loss = 4.83724 (max 14.95), (true 761, predicted [688])
attack: step 9/10, xent loss = 2.9071, l2 loss = 5.5704 (max 14.95), (true 761, predicted [886])
attack: step 10/10, xent loss = 3.48447, l2 loss = 6.20816 (max 14.95), (true 761, predicted [487])
true = 761, adv = 688
evaluating 763 of [760, 770)
attack: step 1/10, xent loss = 2.02642, l2 loss = 0 (max 14.95), (true 956, predicted [953])
attack: step 2/10, xent loss = 1.74366, l2 loss = 4.64942 (max 14.95), (true 956, predicted [953])
attack: step 3/10, xent loss = 7.54275, l2 loss = 6.5385 (max 14.95), (true 956, predicted [953])
attack: step 4/10, xent loss = 6.04618, l2 loss = 7.70876 (max 14.95), (true 956, predicted [953])
attack: step 5/10, xent loss = 8.65776, l2 loss = 8.94565 (max 14.95), (true 956, predicted [953])
attack: step 6/10, xent loss = 9.84858, l2 loss = 9.63788 (max 14.95), (true 956, predicted [953])
attack: step 7/10, xent loss = 9.44594, l2 loss = 10.1561 (max 14.95), (true 956, predicted [953])
attack: step 8/10, xent loss = 11.5159, l2 loss = 10.944 (max 14.95), (true 956, predicted [953])
attack: step 9/10, xent loss = 11.1484, l2 loss = 11.2995 (max 14.95), (true 956, predicted [953])
attack: step 10/10, xent loss = 10.022, l2 loss = 11.8518 (max 14.95), (true 956, predicted [953])
true = 956, adv = 953
evaluating 764 of [760, 770)
attack: step 1/10, xent loss = 7.13932, l2 loss = 0 (max 14.95), (true 816, predicted [728])
attack: step 2/10, xent loss = 10.2109, l2 loss = 5.37291 (max 14.95), (true 816, predicted [728])
attack: step 3/10, xent loss = 10.0054, l2 loss = 9.78507 (max 14.95), (true 816, predicted [728])
attack: step 4/10, xent loss = 15.1602, l2 loss = 12.0721 (max 14.95), (true 816, predicted [728])
attack: step 5/10, xent loss = 12.9247, l2 loss = 13.6806 (max 14.95), (true 816, predicted [728])
attack: step 6/10, xent loss = 14.5389, l2 loss = 15.3746 (max 14.95), (true 816, predicted [728])
attack: step 7/10, xent loss = 17.8024, l2 loss = 17.0812 (max 14.95), (true 816, predicted [728])
attack: step 8/10, xent loss = 22.4913, l2 loss = 18.3768 (max 14.95), (true 816, predicted [728])
attack: step 9/10, xent loss = 22.9705, l2 loss = 19.6997 (max 14.95), (true 816, predicted [728])
attack: step 10/10, xent loss = 22.7354, l2 loss = 20.9287 (max 14.95), (true 816, predicted [728])
check failed
true = 816, adv = 728
evaluating 765 of [760, 770)
attack: step 1/10, xent loss = 1.96332, l2 loss = 0 (max 14.95), (true 495, predicted [583])
attack: step 2/10, xent loss = 5.3634, l2 loss = 5.47014 (max 14.95), (true 495, predicted [583])
attack: step 3/10, xent loss = 10.0725, l2 loss = 10.2412 (max 14.95), (true 495, predicted [583])
attack: step 4/10, xent loss = 13.4807, l2 loss = 12.1274 (max 14.95), (true 495, predicted [583])
attack: step 5/10, xent loss = 15.9515, l2 loss = 13.3853 (max 14.95), (true 495, predicted [583])
attack: step 6/10, xent loss = 19.9778, l2 loss = 14.9183 (max 14.95), (true 495, predicted [583])
attack: step 7/10, xent loss = 21.7769, l2 loss = 17.1705 (max 14.95), (true 495, predicted [583])
attack: step 8/10, xent loss = 24.9633, l2 loss = 19.5262 (max 14.95), (true 495, predicted [583])
attack: step 9/10, xent loss = 22.3685, l2 loss = 21.8381 (max 14.95), (true 495, predicted [583])
attack: step 10/10, xent loss = 24.8492, l2 loss = 23.9387 (max 14.95), (true 495, predicted [583])
check failed
true = 495, adv = 583
evaluating 766 of [760, 770)
attack: step 1/10, xent loss = 0.341333, l2 loss = 0 (max 14.95), (true 828, predicted [828])
attack: step 2/10, xent loss = 0.612674, l2 loss = 1.26673 (max 14.95), (true 828, predicted [828])
attack: step 3/10, xent loss = 1.025, l2 loss = 2.29576 (max 14.95), (true 828, predicted [828])
attack: step 4/10, xent loss = 2.72451, l2 loss = 4.09991 (max 14.95), (true 828, predicted [451])
attack: step 5/10, xent loss = 6.63907, l2 loss = 7.61843 (max 14.95), (true 828, predicted [451])
attack: step 6/10, xent loss = 9.31011, l2 loss = 11.8243 (max 14.95), (true 828, predicted [451])
attack: step 7/10, xent loss = 12.7733, l2 loss = 14.7672 (max 14.95), (true 828, predicted [451])
attack: step 8/10, xent loss = 19.1441, l2 loss = 16.4878 (max 14.95), (true 828, predicted [451])
attack: step 9/10, xent loss = 20.6424, l2 loss = 17.5726 (max 14.95), (true 828, predicted [451])
attack: step 10/10, xent loss = 25.0244, l2 loss = 18.9537 (max 14.95), (true 828, predicted [451])
check failed
true = 828, adv = 451
evaluating 767 of [760, 770)
attack: step 1/10, xent loss = 1.96017, l2 loss = 0 (max 14.95), (true 380, predicted [381])
attack: step 2/10, xent loss = 3.33014, l2 loss = 4.55489 (max 14.95), (true 380, predicted [368])
attack: step 3/10, xent loss = 4.07132, l2 loss = 6.64123 (max 14.95), (true 380, predicted [998])
attack: step 4/10, xent loss = 5.09335, l2 loss = 7.47146 (max 14.95), (true 380, predicted [998])
attack: step 5/10, xent loss = 4.07326, l2 loss = 11.3431 (max 14.95), (true 380, predicted [998])
attack: step 6/10, xent loss = 6.0864, l2 loss = 13.0258 (max 14.95), (true 380, predicted [728])
attack: step 7/10, xent loss = 7.18772, l2 loss = 13.3956 (max 14.95), (true 380, predicted [946])
attack: step 8/10, xent loss = 6.86275, l2 loss = 13.5961 (max 14.95), (true 380, predicted [998])
attack: step 9/10, xent loss = 7.7358, l2 loss = 14.0695 (max 14.95), (true 380, predicted [728])
attack: step 10/10, xent loss = 8.0883, l2 loss = 15.0284 (max 14.95), (true 380, predicted [728])
check failed
true = 380, adv = 998
evaluating 768 of [760, 770)
attack: step 1/10, xent loss = 9.09607, l2 loss = 0 (max 14.95), (true 754, predicted [588])
attack: step 2/10, xent loss = 8.65142, l2 loss = 3.71813 (max 14.95), (true 754, predicted [588])
attack: step 3/10, xent loss = 9.96248, l2 loss = 5.32036 (max 14.95), (true 754, predicted [588])
attack: step 4/10, xent loss = 9.88151, l2 loss = 7.35345 (max 14.95), (true 754, predicted [588])
attack: step 5/10, xent loss = 11.9305, l2 loss = 8.66206 (max 14.95), (true 754, predicted [728])
attack: step 6/10, xent loss = 13.6312, l2 loss = 10.7659 (max 14.95), (true 754, predicted [728])
attack: step 7/10, xent loss = 19.4901, l2 loss = 14.5228 (max 14.95), (true 754, predicted [728])
attack: step 8/10, xent loss = 23.8263, l2 loss = 17.3988 (max 14.95), (true 754, predicted [728])
attack: step 9/10, xent loss = 27.3432, l2 loss = 20.4055 (max 14.95), (true 754, predicted [728])
attack: step 10/10, xent loss = 24.9971, l2 loss = 22.6994 (max 14.95), (true 754, predicted [728])
check failed
true = 754, adv = 728
evaluating 769 of [760, 770)
attack: step 1/10, xent loss = 4.39702, l2 loss = 0 (max 14.95), (true 765, predicted [577])
attack: step 2/10, xent loss = 6.26055, l2 loss = 4.92983 (max 14.95), (true 765, predicted [577])
attack: step 3/10, xent loss = 6.43679, l2 loss = 7.51342 (max 14.95), (true 765, predicted [577])
attack: step 4/10, xent loss = 7.35933, l2 loss = 8.59061 (max 14.95), (true 765, predicted [577])
attack: step 5/10, xent loss = 8.50817, l2 loss = 9.52899 (max 14.95), (true 765, predicted [577])
attack: step 6/10, xent loss = 8.37176, l2 loss = 11.0021 (max 14.95), (true 765, predicted [577])
attack: step 7/10, xent loss = 9.05082, l2 loss = 11.6939 (max 14.95), (true 765, predicted [577])
attack: step 8/10, xent loss = 9.26335, l2 loss = 12.6757 (max 14.95), (true 765, predicted [577])
attack: step 9/10, xent loss = 10.1345, l2 loss = 13.8194 (max 14.95), (true 765, predicted [577])
attack: step 10/10, xent loss = 9.97747, l2 loss = 15.055 (max 14.95), (true 765, predicted [577])
check failed
true = 765, adv = 577
