2019-06-26 22:30:03.059426: I tensorflow/core/platform/cpu_feature_guard.cc:141] Your CPU supports instructions that this TensorFlow binary was not compiled to use: SSE4.1 SSE4.2 AVX AVX2 FMA
2019-06-26 22:30:03.502598: I tensorflow/core/platform/profile_utils/cpu_utils.cc:94] CPU Frequency: 2599990000 Hz
2019-06-26 22:30:03.503755: I tensorflow/compiler/xla/service/service.cc:150] XLA service 0x2aaae6d4a9e0 executing computations on platform Host. Devices:
2019-06-26 22:30:03.503992: I tensorflow/compiler/xla/service/service.cc:158]   StreamExecutor device (0): <undefined>, <undefined>
2019-06-26 22:30:03.505609: I tensorflow/core/common_runtime/process_util.cc:71] Creating new thread pool with default inter op setting: 2. Tune using inter_op_parallelism_threads for best performance.
evaluating 230 of [230, 240)
attack: step 1/10, xent loss = 22.1296, l2 loss = 23.1901 (max 14.95), (true 131, predicted [728])
attack: step 2/10, xent loss = 22.4006, l2 loss = 24.2731 (max 14.95), (true 131, predicted [728])
attack: step 3/10, xent loss = 19.7577, l2 loss = 25.2484 (max 14.95), (true 131, predicted [728])
attack: step 4/10, xent loss = 23.9945, l2 loss = 26.3358 (max 14.95), (true 131, predicted [728])
attack: step 5/10, xent loss = 26.2567, l2 loss = 27.0085 (max 14.95), (true 131, predicted [728])
attack: step 6/10, xent loss = 22.1547, l2 loss = 27.7063 (max 14.95), (true 131, predicted [728])
attack: step 7/10, xent loss = 26.1936, l2 loss = 28.4976 (max 14.95), (true 131, predicted [728])
attack: step 8/10, xent loss = 24.3199, l2 loss = 29.2309 (max 14.95), (true 131, predicted [728])
attack: step 9/10, xent loss = 25.4454, l2 loss = 29.8769 (max 14.95), (true 131, predicted [728])
attack: step 10/10, xent loss = 26.5282, l2 loss = 30.6416 (max 14.95), (true 131, predicted [728])
check failed
true = 131, adv = 728
evaluating 231 of [230, 240)
attack: step 1/10, xent loss = 16.6844, l2 loss = 24.7768 (max 14.95), (true 487, predicted [830])
attack: step 2/10, xent loss = 17.7916, l2 loss = 25.6979 (max 14.95), (true 487, predicted [830])
attack: step 3/10, xent loss = 20.0975, l2 loss = 26.6203 (max 14.95), (true 487, predicted [830])
attack: step 4/10, xent loss = 19.549, l2 loss = 27.6779 (max 14.95), (true 487, predicted [830])
attack: step 5/10, xent loss = 21.4591, l2 loss = 28.5867 (max 14.95), (true 487, predicted [830])
attack: step 6/10, xent loss = 18.8059, l2 loss = 29.8334 (max 14.95), (true 487, predicted [830])
attack: step 7/10, xent loss = 23.4048, l2 loss = 31.015 (max 14.95), (true 487, predicted [830])
attack: step 8/10, xent loss = 23.2016, l2 loss = 31.8255 (max 14.95), (true 487, predicted [830])
attack: step 9/10, xent loss = 24.5154, l2 loss = 32.3842 (max 14.95), (true 487, predicted [830])
attack: step 10/10, xent loss = 27.1887, l2 loss = 33.2061 (max 14.95), (true 487, predicted [830])
check failed
true = 487, adv = 830
evaluating 232 of [230, 240)
attack: step 1/10, xent loss = 7.47234, l2 loss = 10.0302 (max 14.95), (true 296, predicted [270])
attack: step 2/10, xent loss = 7.48101, l2 loss = 10.4791 (max 14.95), (true 296, predicted [270])
attack: step 3/10, xent loss = 7.63502, l2 loss = 11.0261 (max 14.95), (true 296, predicted [279])
attack: step 4/10, xent loss = 9.01168, l2 loss = 11.6101 (max 14.95), (true 296, predicted [279])
attack: step 5/10, xent loss = 9.70884, l2 loss = 12.376 (max 14.95), (true 296, predicted [279])
attack: step 6/10, xent loss = 9.45742, l2 loss = 13.4541 (max 14.95), (true 296, predicted [279])
attack: step 7/10, xent loss = 10.6679, l2 loss = 14.1016 (max 14.95), (true 296, predicted [279])
attack: step 8/10, xent loss = 12.9017, l2 loss = 14.5801 (max 14.95), (true 296, predicted [279])
attack: step 9/10, xent loss = 10.0221, l2 loss = 15.3678 (max 14.95), (true 296, predicted [279])
attack: step 10/10, xent loss = 10.8425, l2 loss = 16.1927 (max 14.95), (true 296, predicted [279])
check failed
true = 296, adv = 279
evaluating 233 of [230, 240)
attack: step 1/10, xent loss = 7.54144, l2 loss = 7.63798 (max 14.95), (true 804, predicted [440])
attack: step 2/10, xent loss = 10.743, l2 loss = 9.24686 (max 14.95), (true 804, predicted [440])
attack: step 3/10, xent loss = 11.5573, l2 loss = 10.2637 (max 14.95), (true 804, predicted [440])
attack: step 4/10, xent loss = 12.6456, l2 loss = 11.0702 (max 14.95), (true 804, predicted [440])
attack: step 5/10, xent loss = 13.1631, l2 loss = 11.973 (max 14.95), (true 804, predicted [440])
attack: step 6/10, xent loss = 13.6846, l2 loss = 12.944 (max 14.95), (true 804, predicted [440])
attack: step 7/10, xent loss = 15.5369, l2 loss = 13.5821 (max 14.95), (true 804, predicted [440])
attack: step 8/10, xent loss = 15.4557, l2 loss = 14.3384 (max 14.95), (true 804, predicted [440])
attack: step 9/10, xent loss = 14.8727, l2 loss = 15.1622 (max 14.95), (true 804, predicted [440])
attack: step 10/10, xent loss = 18.0688, l2 loss = 15.8338 (max 14.95), (true 804, predicted [907])
check failed
true = 804, adv = 907
evaluating 234 of [230, 240)
attack: step 1/10, xent loss = 29.3348, l2 loss = 31.6868 (max 14.95), (true 314, predicted [700])
attack: step 2/10, xent loss = 28.6551, l2 loss = 33.2902 (max 14.95), (true 314, predicted [700])
attack: step 3/10, xent loss = 32.4126, l2 loss = 35.4149 (max 14.95), (true 314, predicted [700])
attack: step 4/10, xent loss = 35.1795, l2 loss = 36.6491 (max 14.95), (true 314, predicted [700])
attack: step 5/10, xent loss = 36.4242, l2 loss = 37.8499 (max 14.95), (true 314, predicted [700])
attack: step 6/10, xent loss = 37.6126, l2 loss = 39.769 (max 14.95), (true 314, predicted [700])
attack: step 7/10, xent loss = 38.0913, l2 loss = 40.9145 (max 14.95), (true 314, predicted [700])
attack: step 8/10, xent loss = 36.1145, l2 loss = 42.147 (max 14.95), (true 314, predicted [700])
attack: step 9/10, xent loss = 42.0445, l2 loss = 43.5445 (max 14.95), (true 314, predicted [700])
attack: step 10/10, xent loss = 41.6396, l2 loss = 44.4508 (max 14.95), (true 314, predicted [700])
check failed
true = 314, adv = 700
evaluating 235 of [230, 240)
attack: step 1/10, xent loss = 8.71877, l2 loss = 8.61068 (max 14.95), (true 906, predicted [636])
attack: step 2/10, xent loss = 7.97647, l2 loss = 9.26705 (max 14.95), (true 906, predicted [636])
attack: step 3/10, xent loss = 7.69383, l2 loss = 9.7069 (max 14.95), (true 906, predicted [636])
attack: step 4/10, xent loss = 8.30231, l2 loss = 10.1551 (max 14.95), (true 906, predicted [636])
attack: step 5/10, xent loss = 7.89161, l2 loss = 10.68 (max 14.95), (true 906, predicted [636])
attack: step 6/10, xent loss = 8.59293, l2 loss = 11.0484 (max 14.95), (true 906, predicted [636])
attack: step 7/10, xent loss = 8.75981, l2 loss = 11.565 (max 14.95), (true 906, predicted [636])
attack: step 8/10, xent loss = 8.44567, l2 loss = 12.167 (max 14.95), (true 906, predicted [636])
attack: step 9/10, xent loss = 9.48344, l2 loss = 12.6371 (max 14.95), (true 906, predicted [636])
attack: step 10/10, xent loss = 8.58964, l2 loss = 13.208 (max 14.95), (true 906, predicted [636])
true = 906, adv = 636
evaluating 236 of [230, 240)
attack: step 1/10, xent loss = 22.104, l2 loss = 21.3025 (max 14.95), (true 961, predicted [953])
attack: step 2/10, xent loss = 21.7327, l2 loss = 22.4493 (max 14.95), (true 961, predicted [953])
attack: step 3/10, xent loss = 23.1638, l2 loss = 23.5866 (max 14.95), (true 961, predicted [953])
attack: step 4/10, xent loss = 26.2783, l2 loss = 24.5055 (max 14.95), (true 961, predicted [953])
attack: step 5/10, xent loss = 24.395, l2 loss = 25.5595 (max 14.95), (true 961, predicted [953])
attack: step 6/10, xent loss = 26.267, l2 loss = 26.4077 (max 14.95), (true 961, predicted [953])
attack: step 7/10, xent loss = 25.391, l2 loss = 27.4883 (max 14.95), (true 961, predicted [953])
attack: step 8/10, xent loss = 26.0793, l2 loss = 28.7615 (max 14.95), (true 961, predicted [953])
attack: step 9/10, xent loss = 27.5126, l2 loss = 29.6242 (max 14.95), (true 961, predicted [953])
attack: step 10/10, xent loss = 29.2226, l2 loss = 30.5659 (max 14.95), (true 961, predicted [953])
check failed
true = 961, adv = 953
evaluating 237 of [230, 240)
attack: step 1/10, xent loss = 22.8726, l2 loss = 21.2423 (max 14.95), (true 355, predicted [728])
attack: step 2/10, xent loss = 26.6103, l2 loss = 22.5862 (max 14.95), (true 355, predicted [728])
attack: step 3/10, xent loss = 25.2001, l2 loss = 24.7591 (max 14.95), (true 355, predicted [728])
attack: step 4/10, xent loss = 23.1838, l2 loss = 26.1974 (max 14.95), (true 355, predicted [728])
attack: step 5/10, xent loss = 28.8109, l2 loss = 27.5407 (max 14.95), (true 355, predicted [728])
attack: step 6/10, xent loss = 29.0828, l2 loss = 28.7133 (max 14.95), (true 355, predicted [728])
attack: step 7/10, xent loss = 28.2992, l2 loss = 30.3469 (max 14.95), (true 355, predicted [728])
attack: step 8/10, xent loss = 33.0813, l2 loss = 31.4576 (max 14.95), (true 355, predicted [728])
attack: step 9/10, xent loss = 34.249, l2 loss = 32.4952 (max 14.95), (true 355, predicted [728])
attack: step 10/10, xent loss = 36.4874, l2 loss = 33.5223 (max 14.95), (true 355, predicted [728])
check failed
true = 355, adv = 728
evaluating 238 of [230, 240)
attack: step 1/10, xent loss = 11.8789, l2 loss = 14.1396 (max 14.95), (true 923, predicted [927])
attack: step 2/10, xent loss = 12.3156, l2 loss = 14.8652 (max 14.95), (true 923, predicted [927])
attack: step 3/10, xent loss = 13.0769, l2 loss = 15.2513 (max 14.95), (true 923, predicted [927])
attack: step 4/10, xent loss = 12.309, l2 loss = 15.7981 (max 14.95), (true 923, predicted [927])
attack: step 5/10, xent loss = 13.1337, l2 loss = 16.4006 (max 14.95), (true 923, predicted [927])
attack: step 6/10, xent loss = 14.121, l2 loss = 16.7984 (max 14.95), (true 923, predicted [927])
attack: step 7/10, xent loss = 12.9875, l2 loss = 17.2617 (max 14.95), (true 923, predicted [927])
attack: step 8/10, xent loss = 14.2962, l2 loss = 17.8966 (max 14.95), (true 923, predicted [927])
attack: step 9/10, xent loss = 17.3313, l2 loss = 18.5618 (max 14.95), (true 923, predicted [927])
attack: step 10/10, xent loss = 16.9225, l2 loss = 19.0821 (max 14.95), (true 923, predicted [927])
check failed
true = 923, adv = 927
evaluating 239 of [230, 240)
attack: step 1/10, xent loss = 11.8994, l2 loss = 13.3676 (max 14.95), (true 160, predicted [195])
attack: step 2/10, xent loss = 12.6395, l2 loss = 13.8694 (max 14.95), (true 160, predicted [195])
attack: step 3/10, xent loss = 12.658, l2 loss = 14.6874 (max 14.95), (true 160, predicted [195])
attack: step 4/10, xent loss = 11.9335, l2 loss = 15.342 (max 14.95), (true 160, predicted [195])
attack: step 5/10, xent loss = 12.6299, l2 loss = 17.3886 (max 14.95), (true 160, predicted [195])
attack: step 6/10, xent loss = 13.3944, l2 loss = 17.7702 (max 14.95), (true 160, predicted [195])
attack: step 7/10, xent loss = 12.9789, l2 loss = 19.0617 (max 14.95), (true 160, predicted [195])
attack: step 8/10, xent loss = 13.3405, l2 loss = 19.6301 (max 14.95), (true 160, predicted [195])
attack: step 9/10, xent loss = 14.7064, l2 loss = 20.775 (max 14.95), (true 160, predicted [195])
attack: step 10/10, xent loss = 16.1626, l2 loss = 21.4617 (max 14.95), (true 160, predicted [195])
check failed
true = 160, adv = 195
