2019-06-04 16:01:06.732248: I tensorflow/core/platform/cpu_feature_guard.cc:141] Your CPU supports instructions that this TensorFlow binary was not compiled to use: SSE4.1 SSE4.2 AVX AVX2 FMA
2019-06-04 16:01:06.836887: I tensorflow/core/platform/profile_utils/cpu_utils.cc:94] CPU Frequency: 2599990000 Hz
2019-06-04 16:01:06.847640: I tensorflow/compiler/xla/service/service.cc:150] XLA service 0x2aaae74bf8f0 executing computations on platform Host. Devices:
2019-06-04 16:01:06.847715: I tensorflow/compiler/xla/service/service.cc:158]   StreamExecutor device (0): <undefined>, <undefined>
2019-06-04 16:01:06.848114: I tensorflow/core/common_runtime/process_util.cc:71] Creating new thread pool with default inter op setting: 2. Tune using inter_op_parallelism_threads for best performance.
evaluating 490 of [490, 500)
attack: step 1/10, xent loss = 7.08993, l2 loss = 0 (max 14.95), (true 953, predicted [728])
attack: step 2/10, xent loss = 10.5909, l2 loss = 5.91283 (max 14.95), (true 953, predicted [728])
attack: step 3/10, xent loss = 9.23994, l2 loss = 10.5808 (max 14.95), (true 953, predicted [728])
attack: step 4/10, xent loss = 15.7492, l2 loss = 13.8596 (max 14.95), (true 953, predicted [728])
attack: step 5/10, xent loss = 15.7275, l2 loss = 16.4519 (max 14.95), (true 953, predicted [728])
attack: step 6/10, xent loss = 20.8699, l2 loss = 19.3891 (max 14.95), (true 953, predicted [728])
attack: step 7/10, xent loss = 24.0816, l2 loss = 20.8492 (max 14.95), (true 953, predicted [728])
attack: step 8/10, xent loss = 24.8199, l2 loss = 22.496 (max 14.95), (true 953, predicted [728])
attack: step 9/10, xent loss = 28.3088, l2 loss = 24.19 (max 14.95), (true 953, predicted [728])
attack: step 10/10, xent loss = 29.2486, l2 loss = 25.9286 (max 14.95), (true 953, predicted [728])
check failed
true = 953, adv = 728
evaluating 491 of [490, 500)
attack: step 1/10, xent loss = 1.03538, l2 loss = 0 (max 14.95), (true 376, predicted [376])
attack: step 2/10, xent loss = 3.26921, l2 loss = 3.47486 (max 14.95), (true 376, predicted [728])
attack: step 3/10, xent loss = 12.1243, l2 loss = 9.27481 (max 14.95), (true 376, predicted [728])
attack: step 4/10, xent loss = 15.9186, l2 loss = 13.5488 (max 14.95), (true 376, predicted [728])
attack: step 5/10, xent loss = 20.3156, l2 loss = 17.912 (max 14.95), (true 376, predicted [728])
attack: step 6/10, xent loss = 22.6005, l2 loss = 19.9742 (max 14.95), (true 376, predicted [728])
attack: step 7/10, xent loss = 23.6335, l2 loss = 22.0403 (max 14.95), (true 376, predicted [728])
attack: step 8/10, xent loss = 23.9352, l2 loss = 23.9709 (max 14.95), (true 376, predicted [728])
attack: step 9/10, xent loss = 28.1266, l2 loss = 25.6977 (max 14.95), (true 376, predicted [728])
attack: step 10/10, xent loss = 32.9164, l2 loss = 27.0607 (max 14.95), (true 376, predicted [728])
check failed
true = 376, adv = 728
evaluating 492 of [490, 500)
attack: step 1/10, xent loss = 6.48715, l2 loss = 0 (max 14.95), (true 526, predicted [467])
attack: step 2/10, xent loss = 9.48671, l2 loss = 7.46334 (max 14.95), (true 526, predicted [467])
attack: step 3/10, xent loss = 12.7337, l2 loss = 9.43361 (max 14.95), (true 526, predicted [467])
attack: step 4/10, xent loss = 16.1177, l2 loss = 11.1177 (max 14.95), (true 526, predicted [467])
attack: step 5/10, xent loss = 15.5533, l2 loss = 13.0978 (max 14.95), (true 526, predicted [467])
attack: step 6/10, xent loss = 16.4301, l2 loss = 17.3815 (max 14.95), (true 526, predicted [467])
attack: step 7/10, xent loss = 19.2545, l2 loss = 18.216 (max 14.95), (true 526, predicted [467])
attack: step 8/10, xent loss = 19.8556, l2 loss = 19.3008 (max 14.95), (true 526, predicted [467])
attack: step 9/10, xent loss = 18.39, l2 loss = 20.6148 (max 14.95), (true 526, predicted [467])
attack: step 10/10, xent loss = 21.4139, l2 loss = 22.0698 (max 14.95), (true 526, predicted [467])
check failed
true = 526, adv = 467
evaluating 493 of [490, 500)
attack: step 1/10, xent loss = 1.59134, l2 loss = 0 (max 14.95), (true 657, predicted [682])
attack: step 2/10, xent loss = 0.724195, l2 loss = 8.28508 (max 14.95), (true 657, predicted [657])
attack: step 3/10, xent loss = 1.95587, l2 loss = 8.44297 (max 14.95), (true 657, predicted [744])
attack: step 4/10, xent loss = 4.22858, l2 loss = 9.90674 (max 14.95), (true 657, predicted [749])
attack: step 5/10, xent loss = 4.75828, l2 loss = 12.3207 (max 14.95), (true 657, predicted [29])
attack: step 6/10, xent loss = 7.16107, l2 loss = 13.5839 (max 14.95), (true 657, predicted [29])
attack: step 7/10, xent loss = 8.3911, l2 loss = 14.3669 (max 14.95), (true 657, predicted [29])
attack: step 8/10, xent loss = 10.4565, l2 loss = 15.3969 (max 14.95), (true 657, predicted [29])
attack: step 9/10, xent loss = 10.4348, l2 loss = 16.6415 (max 14.95), (true 657, predicted [29])
attack: step 10/10, xent loss = 10.1424, l2 loss = 17.7476 (max 14.95), (true 657, predicted [29])
check failed
true = 657, adv = 29
evaluating 494 of [490, 500)
attack: step 1/10, xent loss = 4.56566, l2 loss = 0 (max 14.95), (true 381, predicted [369])
attack: step 2/10, xent loss = 6.90227, l2 loss = 4.0271 (max 14.95), (true 381, predicted [88])
attack: step 3/10, xent loss = 9.9701, l2 loss = 6.46122 (max 14.95), (true 381, predicted [88])
attack: step 4/10, xent loss = 13.8506, l2 loss = 8.9434 (max 14.95), (true 381, predicted [88])
attack: step 5/10, xent loss = 16.3245, l2 loss = 11.691 (max 14.95), (true 381, predicted [88])
attack: step 6/10, xent loss = 12.5396, l2 loss = 13.8415 (max 14.95), (true 381, predicted [518])
attack: step 7/10, xent loss = 17.9403, l2 loss = 15.0764 (max 14.95), (true 381, predicted [88])
attack: step 8/10, xent loss = 18.6879, l2 loss = 16.2225 (max 14.95), (true 381, predicted [88])
attack: step 9/10, xent loss = 18.2813, l2 loss = 17.3245 (max 14.95), (true 381, predicted [88])
attack: step 10/10, xent loss = 17.1796, l2 loss = 19.3005 (max 14.95), (true 381, predicted [88])
check failed
true = 381, adv = 88
evaluating 495 of [490, 500)
attack: step 1/10, xent loss = 0.27296, l2 loss = 0 (max 14.95), (true 701, predicted [701])
attack: step 2/10, xent loss = 0.361485, l2 loss = 0.609071 (max 14.95), (true 701, predicted [701])
attack: step 3/10, xent loss = 0.140238, l2 loss = 1.09385 (max 14.95), (true 701, predicted [701])
attack: step 4/10, xent loss = 0.294842, l2 loss = 1.17539 (max 14.95), (true 701, predicted [701])
attack: step 5/10, xent loss = 0.307671, l2 loss = 1.43365 (max 14.95), (true 701, predicted [701])
attack: step 6/10, xent loss = 0.295021, l2 loss = 1.64535 (max 14.95), (true 701, predicted [701])
attack: step 7/10, xent loss = 0.342157, l2 loss = 1.82718 (max 14.95), (true 701, predicted [701])
attack: step 8/10, xent loss = 0.246104, l2 loss = 2.04698 (max 14.95), (true 701, predicted [701])
attack: step 9/10, xent loss = 0.619638, l2 loss = 2.17042 (max 14.95), (true 701, predicted [701])
attack: step 10/10, xent loss = 0.611615, l2 loss = 2.66121 (max 14.95), (true 701, predicted [701])
true = 701, adv = 701
evaluating 496 of [490, 500)
attack: step 1/10, xent loss = 10.815, l2 loss = 0 (max 14.95), (true 182, predicted [552])
attack: step 2/10, xent loss = 15.1951, l2 loss = 7.293 (max 14.95), (true 182, predicted [552])
attack: step 3/10, xent loss = 19.3818, l2 loss = 10.4234 (max 14.95), (true 182, predicted [552])
attack: step 4/10, xent loss = 21.943, l2 loss = 12.7455 (max 14.95), (true 182, predicted [552])
attack: step 5/10, xent loss = 21.9988, l2 loss = 14.9687 (max 14.95), (true 182, predicted [552])
attack: step 6/10, xent loss = 25.1961, l2 loss = 18.9278 (max 14.95), (true 182, predicted [552])
attack: step 7/10, xent loss = 26.3958, l2 loss = 20.6472 (max 14.95), (true 182, predicted [552])
attack: step 8/10, xent loss = 28.5506, l2 loss = 23.0098 (max 14.95), (true 182, predicted [552])
attack: step 9/10, xent loss = 28.7684, l2 loss = 24.3545 (max 14.95), (true 182, predicted [552])
attack: step 10/10, xent loss = 28.4512, l2 loss = 25.4745 (max 14.95), (true 182, predicted [552])
check failed
true = 182, adv = 552
evaluating 497 of [490, 500)
attack: step 1/10, xent loss = 1.17603, l2 loss = 0 (max 14.95), (true 601, predicted [601])
attack: step 2/10, xent loss = 1.88086, l2 loss = 1.17237 (max 14.95), (true 601, predicted [578])
attack: step 3/10, xent loss = 1.9308, l2 loss = 2.12718 (max 14.95), (true 601, predicted [689])
attack: step 4/10, xent loss = 1.60968, l2 loss = 2.62566 (max 14.95), (true 601, predicted [689])
attack: step 5/10, xent loss = 2.70999, l2 loss = 3.00274 (max 14.95), (true 601, predicted [578])
attack: step 6/10, xent loss = 2.65237, l2 loss = 3.39418 (max 14.95), (true 601, predicted [689])
attack: step 7/10, xent loss = 3.2155, l2 loss = 3.69094 (max 14.95), (true 601, predicted [578])
attack: step 8/10, xent loss = 3.0138, l2 loss = 4.1602 (max 14.95), (true 601, predicted [689])
attack: step 9/10, xent loss = 3.36991, l2 loss = 4.47925 (max 14.95), (true 601, predicted [578])
attack: step 10/10, xent loss = 3.4244, l2 loss = 4.79478 (max 14.95), (true 601, predicted [578])
true = 601, adv = 578
evaluating 498 of [490, 500)
attack: step 1/10, xent loss = 1.37863, l2 loss = 0 (max 14.95), (true 593, predicted [593])
attack: step 2/10, xent loss = 6.08875, l2 loss = 5.63434 (max 14.95), (true 593, predicted [558])
attack: step 3/10, xent loss = 7.53704, l2 loss = 7.42399 (max 14.95), (true 593, predicted [728])
attack: step 4/10, xent loss = 9.53351, l2 loss = 9.05133 (max 14.95), (true 593, predicted [728])
attack: step 5/10, xent loss = 14.3767, l2 loss = 12.3258 (max 14.95), (true 593, predicted [728])
attack: step 6/10, xent loss = 13.8662, l2 loss = 15.5297 (max 14.95), (true 593, predicted [728])
attack: step 7/10, xent loss = 23.5751, l2 loss = 18.5653 (max 14.95), (true 593, predicted [728])
attack: step 8/10, xent loss = 20.2041, l2 loss = 21.5825 (max 14.95), (true 593, predicted [728])
attack: step 9/10, xent loss = 22.3244, l2 loss = 23.1185 (max 14.95), (true 593, predicted [728])
attack: step 10/10, xent loss = 22.5367, l2 loss = 24.4941 (max 14.95), (true 593, predicted [728])
check failed
true = 593, adv = 728
evaluating 499 of [490, 500)
attack: step 1/10, xent loss = 4.95988, l2 loss = 0 (max 14.95), (true 316, predicted [309])
attack: step 2/10, xent loss = 7.01653, l2 loss = 3.16068 (max 14.95), (true 316, predicted [309])
attack: step 3/10, xent loss = 7.21351, l2 loss = 5.4883 (max 14.95), (true 316, predicted [309])
attack: step 4/10, xent loss = 9.68104, l2 loss = 7.11593 (max 14.95), (true 316, predicted [309])
attack: step 5/10, xent loss = 9.84792, l2 loss = 7.99492 (max 14.95), (true 316, predicted [309])
attack: step 6/10, xent loss = 12.7658, l2 loss = 9.11343 (max 14.95), (true 316, predicted [309])
attack: step 7/10, xent loss = 11.2603, l2 loss = 9.98336 (max 14.95), (true 316, predicted [309])
attack: step 8/10, xent loss = 12.5793, l2 loss = 10.5553 (max 14.95), (true 316, predicted [309])
attack: step 9/10, xent loss = 13.7541, l2 loss = 10.9155 (max 14.95), (true 316, predicted [309])
attack: step 10/10, xent loss = 13.0659, l2 loss = 11.6422 (max 14.95), (true 316, predicted [309])
true = 316, adv = 309
