2019-06-26 22:30:03.054742: I tensorflow/core/platform/cpu_feature_guard.cc:141] Your CPU supports instructions that this TensorFlow binary was not compiled to use: SSE4.1 SSE4.2 AVX AVX2 FMA
2019-06-26 22:30:03.906717: I tensorflow/core/platform/profile_utils/cpu_utils.cc:94] CPU Frequency: 2599915000 Hz
2019-06-26 22:30:03.906809: I tensorflow/compiler/xla/service/service.cc:150] XLA service 0x2aaae6d4acc0 executing computations on platform Host. Devices:
2019-06-26 22:30:03.906823: I tensorflow/compiler/xla/service/service.cc:158]   StreamExecutor device (0): <undefined>, <undefined>
2019-06-26 22:30:03.907746: I tensorflow/core/common_runtime/process_util.cc:71] Creating new thread pool with default inter op setting: 2. Tune using inter_op_parallelism_threads for best performance.
evaluating 590 of [590, 600)
attack: step 1/10, xent loss = 1.15056, l2 loss = 3.05863 (max 14.95), (true 86, predicted [82])
attack: step 2/10, xent loss = 1.0896, l2 loss = 3.3255 (max 14.95), (true 86, predicted [82])
attack: step 3/10, xent loss = 1.1095, l2 loss = 3.54995 (max 14.95), (true 86, predicted [82])
attack: step 4/10, xent loss = 1.25915, l2 loss = 3.74784 (max 14.95), (true 86, predicted [82])
attack: step 5/10, xent loss = 1.31692, l2 loss = 3.95246 (max 14.95), (true 86, predicted [82])
attack: step 6/10, xent loss = 1.29902, l2 loss = 4.19996 (max 14.95), (true 86, predicted [82])
attack: step 7/10, xent loss = 1.52916, l2 loss = 4.4301 (max 14.95), (true 86, predicted [82])
attack: step 8/10, xent loss = 1.62494, l2 loss = 4.68199 (max 14.95), (true 86, predicted [82])
attack: step 9/10, xent loss = 1.4789, l2 loss = 4.92632 (max 14.95), (true 86, predicted [82])
attack: step 10/10, xent loss = 1.32694, l2 loss = 5.18551 (max 14.95), (true 86, predicted [82])
true = 86, adv = 82
evaluating 591 of [590, 600)
attack: step 1/10, xent loss = 21.7871, l2 loss = 24.4752 (max 14.95), (true 596, predicted [728])
attack: step 2/10, xent loss = 22.7223, l2 loss = 25.7025 (max 14.95), (true 596, predicted [728])
attack: step 3/10, xent loss = 25.2482, l2 loss = 27.505 (max 14.95), (true 596, predicted [728])
attack: step 4/10, xent loss = 20.3405, l2 loss = 28.7471 (max 14.95), (true 596, predicted [728])
attack: step 5/10, xent loss = 25.2124, l2 loss = 30.7984 (max 14.95), (true 596, predicted [728])
attack: step 6/10, xent loss = 26.0777, l2 loss = 31.9866 (max 14.95), (true 596, predicted [728])
attack: step 7/10, xent loss = 29.7258, l2 loss = 33.279 (max 14.95), (true 596, predicted [728])
attack: step 8/10, xent loss = 30.2826, l2 loss = 34.496 (max 14.95), (true 596, predicted [728])
attack: step 9/10, xent loss = 31.1976, l2 loss = 35.607 (max 14.95), (true 596, predicted [728])
attack: step 10/10, xent loss = 32.4464, l2 loss = 36.8095 (max 14.95), (true 596, predicted [728])
check failed
true = 596, adv = 728
evaluating 592 of [590, 600)
attack: step 1/10, xent loss = 0.0407097, l2 loss = 0.351765 (max 14.95), (true 129, predicted [129])
attack: step 2/10, xent loss = 0.0467471, l2 loss = 0.367899 (max 14.95), (true 129, predicted [129])
attack: step 3/10, xent loss = 0.0390194, l2 loss = 0.382947 (max 14.95), (true 129, predicted [129])
attack: step 4/10, xent loss = 0.0630355, l2 loss = 0.398189 (max 14.95), (true 129, predicted [129])
attack: step 5/10, xent loss = 0.0628513, l2 loss = 0.430159 (max 14.95), (true 129, predicted [129])
attack: step 6/10, xent loss = 0.0707219, l2 loss = 0.453339 (max 14.95), (true 129, predicted [129])
attack: step 7/10, xent loss = 0.0762534, l2 loss = 0.480969 (max 14.95), (true 129, predicted [129])
attack: step 8/10, xent loss = 0.058807, l2 loss = 0.527828 (max 14.95), (true 129, predicted [129])
attack: step 9/10, xent loss = 0.0457059, l2 loss = 0.548515 (max 14.95), (true 129, predicted [129])
attack: step 10/10, xent loss = 0.0500257, l2 loss = 0.564412 (max 14.95), (true 129, predicted [129])
true = 129, adv = 129
evaluating 593 of [590, 600)
attack: step 1/10, xent loss = 38.7472, l2 loss = 29.3205 (max 14.95), (true 112, predicted [728])
attack: step 2/10, xent loss = 39.678, l2 loss = 30.9122 (max 14.95), (true 112, predicted [728])
attack: step 3/10, xent loss = 41.4941, l2 loss = 32.2125 (max 14.95), (true 112, predicted [728])
attack: step 4/10, xent loss = 39.0225, l2 loss = 33.5129 (max 14.95), (true 112, predicted [728])
attack: step 5/10, xent loss = 41.0176, l2 loss = 34.8315 (max 14.95), (true 112, predicted [728])
attack: step 6/10, xent loss = 43.1109, l2 loss = 36.0988 (max 14.95), (true 112, predicted [728])
attack: step 7/10, xent loss = 48.2627, l2 loss = 37.4254 (max 14.95), (true 112, predicted [728])
attack: step 8/10, xent loss = 43.8506, l2 loss = 38.3286 (max 14.95), (true 112, predicted [728])
attack: step 9/10, xent loss = 47.9256, l2 loss = 39.1868 (max 14.95), (true 112, predicted [728])
attack: step 10/10, xent loss = 52.1781, l2 loss = 40.2599 (max 14.95), (true 112, predicted [728])
check failed
true = 112, adv = 728
evaluating 594 of [590, 600)
attack: step 1/10, xent loss = 11.9871, l2 loss = 14.4192 (max 14.95), (true 7, predicted [88])
attack: step 2/10, xent loss = 11.6981, l2 loss = 15.3391 (max 14.95), (true 7, predicted [88])
attack: step 3/10, xent loss = 11.9509, l2 loss = 16.0108 (max 14.95), (true 7, predicted [88])
attack: step 4/10, xent loss = 12.2127, l2 loss = 17.2119 (max 14.95), (true 7, predicted [88])
attack: step 5/10, xent loss = 12.6744, l2 loss = 18.7702 (max 14.95), (true 7, predicted [88])
attack: step 6/10, xent loss = 14.7379, l2 loss = 19.3907 (max 14.95), (true 7, predicted [88])
attack: step 7/10, xent loss = 14.3326, l2 loss = 19.8581 (max 14.95), (true 7, predicted [88])
attack: step 8/10, xent loss = 14.8875, l2 loss = 20.2268 (max 14.95), (true 7, predicted [88])
attack: step 9/10, xent loss = 16.5403, l2 loss = 20.8284 (max 14.95), (true 7, predicted [88])
attack: step 10/10, xent loss = 16.305, l2 loss = 21.4437 (max 14.95), (true 7, predicted [88])
check failed
true = 7, adv = 88
evaluating 595 of [590, 600)
attack: step 1/10, xent loss = 23.8042, l2 loss = 25.7008 (max 14.95), (true 214, predicted [728])
attack: step 2/10, xent loss = 23.2228, l2 loss = 27.1066 (max 14.95), (true 214, predicted [728])
attack: step 3/10, xent loss = 19.7628, l2 loss = 29.2759 (max 14.95), (true 214, predicted [728])
attack: step 4/10, xent loss = 21.688, l2 loss = 29.9992 (max 14.95), (true 214, predicted [728])
attack: step 5/10, xent loss = 26.4211, l2 loss = 31.0494 (max 14.95), (true 214, predicted [728])
attack: step 6/10, xent loss = 29.1791, l2 loss = 32.2181 (max 14.95), (true 214, predicted [728])
attack: step 7/10, xent loss = 29.642, l2 loss = 33.3231 (max 14.95), (true 214, predicted [728])
attack: step 8/10, xent loss = 35.0881, l2 loss = 34.4048 (max 14.95), (true 214, predicted [728])
attack: step 9/10, xent loss = 29.5273, l2 loss = 35.3474 (max 14.95), (true 214, predicted [728])
attack: step 10/10, xent loss = 32.5126, l2 loss = 36.3333 (max 14.95), (true 214, predicted [728])
check failed
true = 214, adv = 728
evaluating 596 of [590, 600)
attack: step 1/10, xent loss = 10.1748, l2 loss = 10.0009 (max 14.95), (true 888, predicted [509])
attack: step 2/10, xent loss = 10.432, l2 loss = 10.5024 (max 14.95), (true 888, predicted [552])
attack: step 3/10, xent loss = 10.6336, l2 loss = 11.1616 (max 14.95), (true 888, predicted [575])
attack: step 4/10, xent loss = 10.8854, l2 loss = 12.4516 (max 14.95), (true 888, predicted [552])
attack: step 5/10, xent loss = 12.1892, l2 loss = 13.5638 (max 14.95), (true 888, predicted [575])
attack: step 6/10, xent loss = 12.8212, l2 loss = 15.1849 (max 14.95), (true 888, predicted [552])
attack: step 7/10, xent loss = 15.2769, l2 loss = 16.4013 (max 14.95), (true 888, predicted [552])
attack: step 8/10, xent loss = 14.321, l2 loss = 18.0146 (max 14.95), (true 888, predicted [552])
attack: step 9/10, xent loss = 18.9394, l2 loss = 19.948 (max 14.95), (true 888, predicted [552])
attack: step 10/10, xent loss = 19.2246, l2 loss = 20.794 (max 14.95), (true 888, predicted [552])
check failed
true = 888, adv = 552
evaluating 597 of [590, 600)
attack: step 1/10, xent loss = 30.7773, l2 loss = 27.0609 (max 14.95), (true 281, predicted [728])
attack: step 2/10, xent loss = 33.5753, l2 loss = 28.539 (max 14.95), (true 281, predicted [728])
attack: step 3/10, xent loss = 35.7297, l2 loss = 30.2467 (max 14.95), (true 281, predicted [728])
attack: step 4/10, xent loss = 35.9818, l2 loss = 31.6629 (max 14.95), (true 281, predicted [728])
attack: step 5/10, xent loss = 37.3744, l2 loss = 32.9718 (max 14.95), (true 281, predicted [728])
attack: step 6/10, xent loss = 38.848, l2 loss = 34.0392 (max 14.95), (true 281, predicted [728])
attack: step 7/10, xent loss = 40.1733, l2 loss = 35.4518 (max 14.95), (true 281, predicted [728])
attack: step 8/10, xent loss = 38.3977, l2 loss = 36.721 (max 14.95), (true 281, predicted [728])
attack: step 9/10, xent loss = 37.5764, l2 loss = 37.6974 (max 14.95), (true 281, predicted [728])
attack: step 10/10, xent loss = 42.9286, l2 loss = 38.9227 (max 14.95), (true 281, predicted [728])
check failed
true = 281, adv = 728
evaluating 598 of [590, 600)
attack: step 1/10, xent loss = 10.51, l2 loss = 15.2821 (max 14.95), (true 842, predicted [603])
attack: step 2/10, xent loss = 11.2181, l2 loss = 15.6237 (max 14.95), (true 842, predicted [603])
attack: step 3/10, xent loss = 11.4943, l2 loss = 16.0382 (max 14.95), (true 842, predicted [603])
attack: step 4/10, xent loss = 13.0342, l2 loss = 16.4531 (max 14.95), (true 842, predicted [603])
attack: step 5/10, xent loss = 12.4431, l2 loss = 16.9198 (max 14.95), (true 842, predicted [603])
attack: step 6/10, xent loss = 13.9476, l2 loss = 17.371 (max 14.95), (true 842, predicted [603])
attack: step 7/10, xent loss = 12.0109, l2 loss = 17.7073 (max 14.95), (true 842, predicted [603])
attack: step 8/10, xent loss = 13.4865, l2 loss = 18.3062 (max 14.95), (true 842, predicted [603])
attack: step 9/10, xent loss = 14.6866, l2 loss = 18.7529 (max 14.95), (true 842, predicted [603])
attack: step 10/10, xent loss = 14.051, l2 loss = 19.0905 (max 14.95), (true 842, predicted [603])
check failed
true = 842, adv = 603
evaluating 599 of [590, 600)
attack: step 1/10, xent loss = 37.2979, l2 loss = 30.2664 (max 14.95), (true 261, predicted [728])
attack: step 2/10, xent loss = 38.3363, l2 loss = 31.9226 (max 14.95), (true 261, predicted [728])
attack: step 3/10, xent loss = 37.4928, l2 loss = 33.8347 (max 14.95), (true 261, predicted [728])
attack: step 4/10, xent loss = 35.1039, l2 loss = 35.3029 (max 14.95), (true 261, predicted [728])
attack: step 5/10, xent loss = 44.1357, l2 loss = 36.8657 (max 14.95), (true 261, predicted [728])
attack: step 6/10, xent loss = 44.0275, l2 loss = 38.0169 (max 14.95), (true 261, predicted [728])
attack: step 7/10, xent loss = 43.0581, l2 loss = 38.9261 (max 14.95), (true 261, predicted [728])
attack: step 8/10, xent loss = 34.6928, l2 loss = 40.3313 (max 14.95), (true 261, predicted [728])
attack: step 9/10, xent loss = 45.7487, l2 loss = 41.9891 (max 14.95), (true 261, predicted [728])
attack: step 10/10, xent loss = 44.6524, l2 loss = 42.8546 (max 14.95), (true 261, predicted [728])
check failed
true = 261, adv = 728
