2019-11-04 01:09:56.215237: I tensorflow/core/platform/cpu_feature_guard.cc:141] Your CPU supports instructions that this TensorFlow binary was not compiled to use: SSE4.1 SSE4.2 AVX AVX2 FMA
2019-11-04 01:09:56.223569: I tensorflow/core/platform/profile_utils/cpu_utils.cc:94] CPU Frequency: 2599755000 Hz
2019-11-04 01:09:56.223749: I tensorflow/compiler/xla/service/service.cc:150] XLA service 0x55555902f880 executing computations on platform Host. Devices:
2019-11-04 01:09:56.223777: I tensorflow/compiler/xla/service/service.cc:158]   StreamExecutor device (0): <undefined>, <undefined>
2019-11-04 01:09:56.224023: I tensorflow/core/common_runtime/process_util.cc:71] Creating new thread pool with default inter op setting: 2. Tune using inter_op_parallelism_threads for best performance.
evaluating 600 of [600, 610)
attack: step 1/1, xent loss = 2.88172, l2 loss = 29.5315 (max 14.95), (true 255, predicted [287])
check failed
true = 255, adv = 728
evaluating 601 of [600, 610)
attack: step 1/1, xent loss = 1.71481, l2 loss = 42.8745 (max 14.95), (true 342, predicted [342])
check failed
true = 342, adv = 728
evaluating 602 of [600, 610)
attack: step 1/1, xent loss = 2.2259, l2 loss = 25.2784 (max 14.95), (true 774, predicted [53])
check failed
true = 774, adv = 518
evaluating 603 of [600, 610)
attack: step 1/1, xent loss = 6.60871, l2 loss = 47.779 (max 14.95), (true 111, predicted [508])
check failed
true = 111, adv = 728
evaluating 604 of [600, 610)
attack: step 1/1, xent loss = 8.82398, l2 loss = 26.5808 (max 14.95), (true 746, predicted [488])
check failed
true = 746, adv = 898
evaluating 605 of [600, 610)
attack: step 1/1, xent loss = 0.349533, l2 loss = 19.6106 (max 14.95), (true 700, predicted [700])
check failed
true = 700, adv = 520
evaluating 606 of [600, 610)
attack: step 1/1, xent loss = 0.138422, l2 loss = 22.2786 (max 14.95), (true 735, predicted [735])
check failed
true = 735, adv = 601
evaluating 607 of [600, 610)
attack: step 1/1, xent loss = 4.39134, l2 loss = 20.6853 (max 14.95), (true 893, predicted [640])
check failed
true = 893, adv = 868
evaluating 608 of [600, 610)
attack: step 1/1, xent loss = 1.16053, l2 loss = 25.8088 (max 14.95), (true 571, predicted [571])
check failed
true = 571, adv = 700
evaluating 609 of [600, 610)
attack: step 1/1, xent loss = 0.282289, l2 loss = 24.0883 (max 14.95), (true 288, predicted [288])
check failed
true = 288, adv = 728
