2019-06-28 22:38:53.095585: I tensorflow/core/platform/cpu_feature_guard.cc:141] Your CPU supports instructions that this TensorFlow binary was not compiled to use: SSE4.1 SSE4.2 AVX AVX2 FMA
2019-06-28 22:38:53.331469: I tensorflow/core/platform/profile_utils/cpu_utils.cc:94] CPU Frequency: 2600025000 Hz
2019-06-28 22:38:53.437718: I tensorflow/compiler/xla/service/service.cc:150] XLA service 0x2aaae70bcb60 executing computations on platform Host. Devices:
2019-06-28 22:38:53.437760: I tensorflow/compiler/xla/service/service.cc:158]   StreamExecutor device (0): <undefined>, <undefined>
2019-06-28 22:38:53.438109: I tensorflow/core/common_runtime/process_util.cc:71] Creating new thread pool with default inter op setting: 2. Tune using inter_op_parallelism_threads for best performance.
evaluating 340 of [340, 350)
attack: step 1/10, xent loss = 6.21059, l2 loss = 7.94872 (max 14.95), (true 763, predicted [413])
attack: step 2/10, xent loss = 7.18513, l2 loss = 9.28164 (max 14.95), (true 763, predicted [830])
attack: step 3/10, xent loss = 8.03403, l2 loss = 10.7686 (max 14.95), (true 763, predicted [465])
attack: step 4/10, xent loss = 10.425, l2 loss = 12.2597 (max 14.95), (true 763, predicted [465])
attack: step 5/10, xent loss = 10.8196, l2 loss = 12.9303 (max 14.95), (true 763, predicted [465])
attack: step 6/10, xent loss = 12.4261, l2 loss = 14.0961 (max 14.95), (true 763, predicted [408])
attack: step 7/10, xent loss = 12.1168, l2 loss = 14.8619 (max 14.95), (true 763, predicted [408])
attack: step 8/10, xent loss = 10.2314, l2 loss = 16.2234 (max 14.95), (true 763, predicted [408])
attack: step 9/10, xent loss = 12.4093, l2 loss = 17.0739 (max 14.95), (true 763, predicted [408])
attack: step 10/10, xent loss = 14.2598, l2 loss = 18.0537 (max 14.95), (true 763, predicted [847])
check failed
true = 763, adv = 408
evaluating 341 of [340, 350)
attack: step 1/10, xent loss = 0.0546687, l2 loss = 0.332306 (max 14.95), (true 11, predicted [11])
attack: step 2/10, xent loss = 0.0820595, l2 loss = 0.342866 (max 14.95), (true 11, predicted [11])
attack: step 3/10, xent loss = 0.0495221, l2 loss = 0.36507 (max 14.95), (true 11, predicted [11])
attack: step 4/10, xent loss = 0.050035, l2 loss = 0.371592 (max 14.95), (true 11, predicted [11])
attack: step 5/10, xent loss = 0.0640797, l2 loss = 0.381454 (max 14.95), (true 11, predicted [11])
attack: step 6/10, xent loss = 0.050302, l2 loss = 0.394845 (max 14.95), (true 11, predicted [11])
attack: step 7/10, xent loss = 0.0633093, l2 loss = 0.400055 (max 14.95), (true 11, predicted [11])
attack: step 8/10, xent loss = 0.0548444, l2 loss = 0.417465 (max 14.95), (true 11, predicted [11])
attack: step 9/10, xent loss = 0.0296733, l2 loss = 0.427347 (max 14.95), (true 11, predicted [11])
attack: step 10/10, xent loss = 0.0666435, l2 loss = 0.435696 (max 14.95), (true 11, predicted [11])
true = 11, adv = 11
evaluating 342 of [340, 350)
attack: step 1/10, xent loss = 20.5273, l2 loss = 24.1763 (max 14.95), (true 126, predicted [728])
attack: step 2/10, xent loss = 16.9658, l2 loss = 25.2791 (max 14.95), (true 126, predicted [728])
attack: step 3/10, xent loss = 20.7062, l2 loss = 26.4005 (max 14.95), (true 126, predicted [728])
attack: step 4/10, xent loss = 23.039, l2 loss = 27.1805 (max 14.95), (true 126, predicted [728])
attack: step 5/10, xent loss = 22.1094, l2 loss = 28.1596 (max 14.95), (true 126, predicted [728])
attack: step 6/10, xent loss = 21.8097, l2 loss = 29.5607 (max 14.95), (true 126, predicted [728])
attack: step 7/10, xent loss = 22.1122, l2 loss = 30.3414 (max 14.95), (true 126, predicted [728])
attack: step 8/10, xent loss = 27.0908, l2 loss = 31.1092 (max 14.95), (true 126, predicted [728])
attack: step 9/10, xent loss = 29.076, l2 loss = 32.1801 (max 14.95), (true 126, predicted [728])
attack: step 10/10, xent loss = 25.5604, l2 loss = 33.0181 (max 14.95), (true 126, predicted [728])
check failed
true = 126, adv = 728
evaluating 343 of [340, 350)
attack: step 1/10, xent loss = 0.353985, l2 loss = 2.04282 (max 14.95), (true 453, predicted [453])
attack: step 2/10, xent loss = 0.319833, l2 loss = 2.17914 (max 14.95), (true 453, predicted [453])
attack: step 3/10, xent loss = 0.321757, l2 loss = 2.32303 (max 14.95), (true 453, predicted [453])
attack: step 4/10, xent loss = 0.177138, l2 loss = 2.46213 (max 14.95), (true 453, predicted [453])
attack: step 5/10, xent loss = 0.353521, l2 loss = 2.52634 (max 14.95), (true 453, predicted [453])
attack: step 6/10, xent loss = 0.471131, l2 loss = 2.74451 (max 14.95), (true 453, predicted [453])
attack: step 7/10, xent loss = 0.425279, l2 loss = 2.99866 (max 14.95), (true 453, predicted [453])
attack: step 8/10, xent loss = 0.432279, l2 loss = 3.2292 (max 14.95), (true 453, predicted [453])
attack: step 9/10, xent loss = 0.358294, l2 loss = 3.37486 (max 14.95), (true 453, predicted [453])
attack: step 10/10, xent loss = 0.408832, l2 loss = 3.52337 (max 14.95), (true 453, predicted [453])
true = 453, adv = 453
evaluating 344 of [340, 350)
attack: step 1/10, xent loss = 0.627489, l2 loss = 3.2427 (max 14.95), (true 100, predicted [100])
attack: step 2/10, xent loss = 1.1299, l2 loss = 3.80529 (max 14.95), (true 100, predicted [100])
attack: step 3/10, xent loss = 1.34853, l2 loss = 4.62424 (max 14.95), (true 100, predicted [99])
attack: step 4/10, xent loss = 1.00318, l2 loss = 5.33635 (max 14.95), (true 100, predicted [100])
attack: step 5/10, xent loss = 2.67415, l2 loss = 5.77071 (max 14.95), (true 100, predicted [99])
attack: step 6/10, xent loss = 1.44053, l2 loss = 6.56113 (max 14.95), (true 100, predicted [99])
attack: step 7/10, xent loss = 4.23675, l2 loss = 7.23375 (max 14.95), (true 100, predicted [148])
attack: step 8/10, xent loss = 5.56406, l2 loss = 9.99307 (max 14.95), (true 100, predicted [136])
attack: step 9/10, xent loss = 5.74032, l2 loss = 10.617 (max 14.95), (true 100, predicted [4])
attack: step 10/10, xent loss = 5.08862, l2 loss = 11.4598 (max 14.95), (true 100, predicted [136])
true = 100, adv = 148
evaluating 345 of [340, 350)
attack: step 1/10, xent loss = 10.5038, l2 loss = 20.1776 (max 14.95), (true 668, predicted [619])
attack: step 2/10, xent loss = 12.7273, l2 loss = 21.3764 (max 14.95), (true 668, predicted [619])
attack: step 3/10, xent loss = 11.3901, l2 loss = 22.3937 (max 14.95), (true 668, predicted [619])
attack: step 4/10, xent loss = 12.8577, l2 loss = 23.3414 (max 14.95), (true 668, predicted [619])
attack: step 5/10, xent loss = 14.3329, l2 loss = 24.2127 (max 14.95), (true 668, predicted [619])
attack: step 6/10, xent loss = 16.8037, l2 loss = 25.0539 (max 14.95), (true 668, predicted [619])
attack: step 7/10, xent loss = 14.3409, l2 loss = 26.1097 (max 14.95), (true 668, predicted [619])
attack: step 8/10, xent loss = 13.3967, l2 loss = 27.1359 (max 14.95), (true 668, predicted [619])
attack: step 9/10, xent loss = 12.6948, l2 loss = 28.2817 (max 14.95), (true 668, predicted [846])
attack: step 10/10, xent loss = 14.6431, l2 loss = 29.2879 (max 14.95), (true 668, predicted [619])
check failed
true = 668, adv = 619
evaluating 346 of [340, 350)
attack: step 1/10, xent loss = 19.9055, l2 loss = 26.1337 (max 14.95), (true 11, predicted [728])
attack: step 2/10, xent loss = 17.1169, l2 loss = 27.3862 (max 14.95), (true 11, predicted [728])
attack: step 3/10, xent loss = 21.4999, l2 loss = 28.7965 (max 14.95), (true 11, predicted [728])
attack: step 4/10, xent loss = 18.5865, l2 loss = 29.6414 (max 14.95), (true 11, predicted [728])
attack: step 5/10, xent loss = 23.0019, l2 loss = 30.5594 (max 14.95), (true 11, predicted [728])
attack: step 6/10, xent loss = 19.388, l2 loss = 31.6392 (max 14.95), (true 11, predicted [728])
attack: step 7/10, xent loss = 26.1945, l2 loss = 32.4138 (max 14.95), (true 11, predicted [728])
attack: step 8/10, xent loss = 25.3303, l2 loss = 33.4497 (max 14.95), (true 11, predicted [728])
attack: step 9/10, xent loss = 23.6183, l2 loss = 34.2434 (max 14.95), (true 11, predicted [728])
attack: step 10/10, xent loss = 25.9194, l2 loss = 35.0668 (max 14.95), (true 11, predicted [728])
check failed
true = 11, adv = 728
evaluating 347 of [340, 350)
attack: step 1/10, xent loss = 8.82368, l2 loss = 16.1026 (max 14.95), (true 101, predicted [807])
attack: step 2/10, xent loss = 9.10505, l2 loss = 16.2831 (max 14.95), (true 101, predicted [728])
attack: step 3/10, xent loss = 8.32253, l2 loss = 16.9303 (max 14.95), (true 101, predicted [728])
attack: step 4/10, xent loss = 10.0443, l2 loss = 17.3324 (max 14.95), (true 101, predicted [728])
attack: step 5/10, xent loss = 9.05971, l2 loss = 18.0908 (max 14.95), (true 101, predicted [728])
attack: step 6/10, xent loss = 11.023, l2 loss = 18.8329 (max 14.95), (true 101, predicted [728])
attack: step 7/10, xent loss = 13.6737, l2 loss = 19.9536 (max 14.95), (true 101, predicted [728])
attack: step 8/10, xent loss = 12.9548, l2 loss = 22.0699 (max 14.95), (true 101, predicted [728])
attack: step 9/10, xent loss = 13.1082, l2 loss = 23.2109 (max 14.95), (true 101, predicted [728])
attack: step 10/10, xent loss = 15.6844, l2 loss = 24.3349 (max 14.95), (true 101, predicted [728])
check failed
true = 101, adv = 728
evaluating 348 of [340, 350)
attack: step 1/10, xent loss = 3.74847, l2 loss = 8.14564 (max 14.95), (true 884, predicted [497])
attack: step 2/10, xent loss = 4.13674, l2 loss = 8.79324 (max 14.95), (true 884, predicted [497])
attack: step 3/10, xent loss = 4.79186, l2 loss = 9.2189 (max 14.95), (true 884, predicted [516])
attack: step 4/10, xent loss = 3.92683, l2 loss = 9.74113 (max 14.95), (true 884, predicted [406])
attack: step 5/10, xent loss = 4.28307, l2 loss = 10.1226 (max 14.95), (true 884, predicted [406])
attack: step 6/10, xent loss = 4.66382, l2 loss = 10.4652 (max 14.95), (true 884, predicted [406])
attack: step 7/10, xent loss = 5.08845, l2 loss = 10.7974 (max 14.95), (true 884, predicted [406])
attack: step 8/10, xent loss = 4.21327, l2 loss = 11.152 (max 14.95), (true 884, predicted [442])
attack: step 9/10, xent loss = 5.06415, l2 loss = 11.5565 (max 14.95), (true 884, predicted [516])
attack: step 10/10, xent loss = 5.55734, l2 loss = 11.948 (max 14.95), (true 884, predicted [516])
true = 884, adv = 516
evaluating 349 of [340, 350)
attack: step 1/10, xent loss = 13.2325, l2 loss = 14.1108 (max 14.95), (true 750, predicted [691])
attack: step 2/10, xent loss = 13.3097, l2 loss = 14.9347 (max 14.95), (true 750, predicted [691])
attack: step 3/10, xent loss = 13.0504, l2 loss = 15.286 (max 14.95), (true 750, predicted [691])
attack: step 4/10, xent loss = 13.8352, l2 loss = 16.0036 (max 14.95), (true 750, predicted [691])
attack: step 5/10, xent loss = 13.9736, l2 loss = 16.9581 (max 14.95), (true 750, predicted [691])
attack: step 6/10, xent loss = 11.2573, l2 loss = 18.461 (max 14.95), (true 750, predicted [691])
attack: step 7/10, xent loss = 14.7103, l2 loss = 19.2686 (max 14.95), (true 750, predicted [691])
attack: step 8/10, xent loss = 14.7622, l2 loss = 19.6821 (max 14.95), (true 750, predicted [691])
attack: step 9/10, xent loss = 15.0009, l2 loss = 20.0259 (max 14.95), (true 750, predicted [691])
attack: step 10/10, xent loss = 16.535, l2 loss = 20.3653 (max 14.95), (true 750, predicted [691])
check failed
true = 750, adv = 691
