2019-06-05 08:02:20.425619: I tensorflow/core/platform/cpu_feature_guard.cc:141] Your CPU supports instructions that this TensorFlow binary was not compiled to use: SSE4.1 SSE4.2 AVX AVX2 FMA
2019-06-05 08:02:20.433269: I tensorflow/core/platform/profile_utils/cpu_utils.cc:94] CPU Frequency: 2600190000 Hz
2019-06-05 08:02:20.433369: I tensorflow/compiler/xla/service/service.cc:150] XLA service 0x2aaae6fbd870 executing computations on platform Host. Devices:
2019-06-05 08:02:20.433383: I tensorflow/compiler/xla/service/service.cc:158]   StreamExecutor device (0): <undefined>, <undefined>
2019-06-05 08:02:20.433518: I tensorflow/core/common_runtime/process_util.cc:71] Creating new thread pool with default inter op setting: 2. Tune using inter_op_parallelism_threads for best performance.
evaluating 130 of [130, 140)
attack: step 1/10, xent loss = 9.74302, l2 loss = 0 (max 14.95), (true 30, predicted [936])
attack: step 2/10, xent loss = 10.625, l2 loss = 3.9981 (max 14.95), (true 30, predicted [936])
attack: step 3/10, xent loss = 13.5058, l2 loss = 6.30565 (max 14.95), (true 30, predicted [936])
attack: step 4/10, xent loss = 13.3737, l2 loss = 7.77078 (max 14.95), (true 30, predicted [936])
attack: step 5/10, xent loss = 14.8743, l2 loss = 9.14323 (max 14.95), (true 30, predicted [936])
attack: step 6/10, xent loss = 14.2569, l2 loss = 10.0881 (max 14.95), (true 30, predicted [936])
attack: step 7/10, xent loss = 15.2062, l2 loss = 10.9106 (max 14.95), (true 30, predicted [936])
attack: step 8/10, xent loss = 15.773, l2 loss = 12.2661 (max 14.95), (true 30, predicted [936])
attack: step 9/10, xent loss = 14.5647, l2 loss = 13.3057 (max 14.95), (true 30, predicted [936])
attack: step 10/10, xent loss = 15.9778, l2 loss = 15.1682 (max 14.95), (true 30, predicted [936])
check failed
true = 30, adv = 936
evaluating 131 of [130, 140)
attack: step 1/10, xent loss = 0.0374771, l2 loss = 0 (max 14.95), (true 974, predicted [974])
attack: step 2/10, xent loss = 0.0222311, l2 loss = 0.190126 (max 14.95), (true 974, predicted [974])
attack: step 3/10, xent loss = 0.0259227, l2 loss = 0.207732 (max 14.95), (true 974, predicted [974])
attack: step 4/10, xent loss = 0.0205754, l2 loss = 0.248307 (max 14.95), (true 974, predicted [974])
attack: step 5/10, xent loss = 0.062918, l2 loss = 0.263934 (max 14.95), (true 974, predicted [974])
attack: step 6/10, xent loss = 0.030039, l2 loss = 0.422383 (max 14.95), (true 974, predicted [974])
attack: step 7/10, xent loss = 0.0250839, l2 loss = 0.458133 (max 14.95), (true 974, predicted [974])
attack: step 8/10, xent loss = 0.0383762, l2 loss = 0.46967 (max 14.95), (true 974, predicted [974])
attack: step 9/10, xent loss = 0.0257846, l2 loss = 0.504599 (max 14.95), (true 974, predicted [974])
attack: step 10/10, xent loss = 0.11316, l2 loss = 0.521047 (max 14.95), (true 974, predicted [974])
true = 974, adv = 974
evaluating 132 of [130, 140)
attack: step 1/10, xent loss = 1.45192, l2 loss = 0 (max 14.95), (true 70, predicted [70])
attack: step 2/10, xent loss = 7.78808, l2 loss = 7.3668 (max 14.95), (true 70, predicted [892])
attack: step 3/10, xent loss = 12.6927, l2 loss = 10.905 (max 14.95), (true 70, predicted [892])
attack: step 4/10, xent loss = 10.4803, l2 loss = 13.814 (max 14.95), (true 70, predicted [892])
attack: step 5/10, xent loss = 18.8424, l2 loss = 19.8531 (max 14.95), (true 70, predicted [892])
attack: step 6/10, xent loss = 17.6985, l2 loss = 20.7875 (max 14.95), (true 70, predicted [892])
attack: step 7/10, xent loss = 17.8911, l2 loss = 21.5905 (max 14.95), (true 70, predicted [892])
attack: step 8/10, xent loss = 19.7891, l2 loss = 26.2884 (max 14.95), (true 70, predicted [892])
attack: step 9/10, xent loss = 23.645, l2 loss = 27.0415 (max 14.95), (true 70, predicted [892])
attack: step 10/10, xent loss = 24.0669, l2 loss = 28.3701 (max 14.95), (true 70, predicted [892])
check failed
true = 70, adv = 892
evaluating 133 of [130, 140)
attack: step 1/10, xent loss = 2.29067, l2 loss = 0 (max 14.95), (true 813, predicted [457])
attack: step 2/10, xent loss = 5.72073, l2 loss = 9.62187 (max 14.95), (true 813, predicted [655])
attack: step 3/10, xent loss = 7.20116, l2 loss = 10.7063 (max 14.95), (true 813, predicted [869])
attack: step 4/10, xent loss = 7.48795, l2 loss = 11.2385 (max 14.95), (true 813, predicted [869])
attack: step 5/10, xent loss = 8.35268, l2 loss = 11.7407 (max 14.95), (true 813, predicted [743])
attack: step 6/10, xent loss = 10.0788, l2 loss = 12.227 (max 14.95), (true 813, predicted [788])
attack: step 7/10, xent loss = 9.70601, l2 loss = 12.6856 (max 14.95), (true 813, predicted [501])
attack: step 8/10, xent loss = 11.1059, l2 loss = 13.1889 (max 14.95), (true 813, predicted [501])
attack: step 9/10, xent loss = 10.9748, l2 loss = 13.8414 (max 14.95), (true 813, predicted [689])
attack: step 10/10, xent loss = 12.2006, l2 loss = 14.4039 (max 14.95), (true 813, predicted [501])
true = 813, adv = 501
evaluating 134 of [130, 140)
attack: step 1/10, xent loss = 4.40281, l2 loss = 0 (max 14.95), (true 834, predicted [716])
attack: step 2/10, xent loss = 4.48346, l2 loss = 3.87535 (max 14.95), (true 834, predicted [514])
attack: step 3/10, xent loss = 5.73111, l2 loss = 5.81371 (max 14.95), (true 834, predicted [514])
attack: step 4/10, xent loss = 7.07242, l2 loss = 7.06726 (max 14.95), (true 834, predicted [514])
attack: step 5/10, xent loss = 8.49129, l2 loss = 8.31049 (max 14.95), (true 834, predicted [514])
attack: step 6/10, xent loss = 8.35449, l2 loss = 9.77253 (max 14.95), (true 834, predicted [514])
attack: step 7/10, xent loss = 12.0255, l2 loss = 11.2715 (max 14.95), (true 834, predicted [514])
attack: step 8/10, xent loss = 15.7178, l2 loss = 13.1597 (max 14.95), (true 834, predicted [514])
attack: step 9/10, xent loss = 15.9028, l2 loss = 14.5002 (max 14.95), (true 834, predicted [514])
attack: step 10/10, xent loss = 18.4095, l2 loss = 15.5772 (max 14.95), (true 834, predicted [514])
check failed
true = 834, adv = 514
evaluating 135 of [130, 140)
attack: step 1/10, xent loss = 2.72565, l2 loss = 0 (max 14.95), (true 420, predicted [601])
attack: step 2/10, xent loss = 8.74032, l2 loss = 8.9721 (max 14.95), (true 420, predicted [614])
attack: step 3/10, xent loss = 9.4479, l2 loss = 9.38319 (max 14.95), (true 420, predicted [728])
attack: step 4/10, xent loss = 11.1935, l2 loss = 9.70026 (max 14.95), (true 420, predicted [830])
attack: step 5/10, xent loss = 12.7237, l2 loss = 11.3164 (max 14.95), (true 420, predicted [830])
attack: step 6/10, xent loss = 14.6791, l2 loss = 15.0909 (max 14.95), (true 420, predicted [830])
attack: step 7/10, xent loss = 16.9069, l2 loss = 17.4692 (max 14.95), (true 420, predicted [830])
attack: step 8/10, xent loss = 21.8446, l2 loss = 19.7187 (max 14.95), (true 420, predicted [830])
attack: step 9/10, xent loss = 18.4351, l2 loss = 21.8166 (max 14.95), (true 420, predicted [830])
attack: step 10/10, xent loss = 24.1426, l2 loss = 24.2764 (max 14.95), (true 420, predicted [830])
check failed
true = 420, adv = 830
evaluating 136 of [130, 140)
attack: step 1/10, xent loss = 0.0270462, l2 loss = 0 (max 14.95), (true 974, predicted [974])
attack: step 2/10, xent loss = 0.0694142, l2 loss = 0.112648 (max 14.95), (true 974, predicted [974])
attack: step 3/10, xent loss = 0.053483, l2 loss = 0.388905 (max 14.95), (true 974, predicted [974])
attack: step 4/10, xent loss = 0.0568328, l2 loss = 0.453195 (max 14.95), (true 974, predicted [974])
attack: step 5/10, xent loss = 0.0526306, l2 loss = 0.565583 (max 14.95), (true 974, predicted [974])
attack: step 6/10, xent loss = 0.190082, l2 loss = 0.619815 (max 14.95), (true 974, predicted [974])
attack: step 7/10, xent loss = 0.0638629, l2 loss = 1.31301 (max 14.95), (true 974, predicted [974])
attack: step 8/10, xent loss = 0.0837851, l2 loss = 1.38604 (max 14.95), (true 974, predicted [974])
attack: step 9/10, xent loss = 0.180515, l2 loss = 1.54871 (max 14.95), (true 974, predicted [974])
attack: step 10/10, xent loss = 0.202593, l2 loss = 1.91417 (max 14.95), (true 974, predicted [974])
true = 974, adv = 974
evaluating 137 of [130, 140)
attack: step 1/10, xent loss = 3.34686, l2 loss = 0 (max 14.95), (true 479, predicted [751])
attack: step 2/10, xent loss = 3.98742, l2 loss = 1.78327 (max 14.95), (true 479, predicted [751])
attack: step 3/10, xent loss = 5.329, l2 loss = 3.54422 (max 14.95), (true 479, predicted [751])
attack: step 4/10, xent loss = 6.40279, l2 loss = 4.55714 (max 14.95), (true 479, predicted [751])
attack: step 5/10, xent loss = 6.98605, l2 loss = 5.49338 (max 14.95), (true 479, predicted [751])
attack: step 6/10, xent loss = 6.5916, l2 loss = 6.08365 (max 14.95), (true 479, predicted [751])
attack: step 7/10, xent loss = 6.94909, l2 loss = 6.67669 (max 14.95), (true 479, predicted [751])
attack: step 8/10, xent loss = 7.88654, l2 loss = 7.27573 (max 14.95), (true 479, predicted [751])
attack: step 9/10, xent loss = 6.99832, l2 loss = 7.86121 (max 14.95), (true 479, predicted [751])
attack: step 10/10, xent loss = 8.09833, l2 loss = 8.44277 (max 14.95), (true 479, predicted [751])
true = 479, adv = 751
evaluating 138 of [130, 140)
attack: step 1/10, xent loss = 0.00238658, l2 loss = 0 (max 14.95), (true 822, predicted [822])
attack: step 2/10, xent loss = 0.00153912, l2 loss = 0.00679335 (max 14.95), (true 822, predicted [822])
attack: step 3/10, xent loss = 0.00290793, l2 loss = 0.00816223 (max 14.95), (true 822, predicted [822])
attack: step 4/10, xent loss = 0.00610013, l2 loss = 0.0120503 (max 14.95), (true 822, predicted [822])
attack: step 5/10, xent loss = 0.00853084, l2 loss = 0.0219182 (max 14.95), (true 822, predicted [822])
attack: step 6/10, xent loss = 0.0148027, l2 loss = 0.034175 (max 14.95), (true 822, predicted [822])
attack: step 7/10, xent loss = 0.0039909, l2 loss = 0.0576243 (max 14.95), (true 822, predicted [822])
attack: step 8/10, xent loss = 0.00573703, l2 loss = 0.0597002 (max 14.95), (true 822, predicted [822])
attack: step 9/10, xent loss = 0.0069158, l2 loss = 0.0636406 (max 14.95), (true 822, predicted [822])
attack: step 10/10, xent loss = 0.00955119, l2 loss = 0.0744351 (max 14.95), (true 822, predicted [822])
true = 822, adv = 822
evaluating 139 of [130, 140)
attack: step 1/10, xent loss = 9.23662, l2 loss = 0 (max 14.95), (true 242, predicted [728])
attack: step 2/10, xent loss = 10.2528, l2 loss = 12.6865 (max 14.95), (true 242, predicted [728])
attack: step 3/10, xent loss = 12.5167, l2 loss = 14.2226 (max 14.95), (true 242, predicted [728])
attack: step 4/10, xent loss = 10.1155, l2 loss = 17.1302 (max 14.95), (true 242, predicted [728])
attack: step 5/10, xent loss = 16.0304, l2 loss = 18.6935 (max 14.95), (true 242, predicted [728])
attack: step 6/10, xent loss = 21.0486, l2 loss = 19.9052 (max 14.95), (true 242, predicted [728])
attack: step 7/10, xent loss = 20.9504, l2 loss = 21.4917 (max 14.95), (true 242, predicted [728])
attack: step 8/10, xent loss = 19.237, l2 loss = 23.4638 (max 14.95), (true 242, predicted [728])
attack: step 9/10, xent loss = 22.4722, l2 loss = 25.0152 (max 14.95), (true 242, predicted [728])
attack: step 10/10, xent loss = 23.6731, l2 loss = 26.0939 (max 14.95), (true 242, predicted [728])
check failed
true = 242, adv = 728
