2019-11-04 04:13:27.276089: I tensorflow/core/platform/cpu_feature_guard.cc:141] Your CPU supports instructions that this TensorFlow binary was not compiled to use: SSE4.1 SSE4.2 AVX AVX2 FMA
2019-11-04 04:13:27.286274: I tensorflow/core/platform/profile_utils/cpu_utils.cc:94] CPU Frequency: 2600160000 Hz
2019-11-04 04:13:27.286510: I tensorflow/compiler/xla/service/service.cc:150] XLA service 0x555559030310 executing computations on platform Host. Devices:
2019-11-04 04:13:27.286547: I tensorflow/compiler/xla/service/service.cc:158]   StreamExecutor device (0): <undefined>, <undefined>
2019-11-04 04:13:27.286946: I tensorflow/core/common_runtime/process_util.cc:71] Creating new thread pool with default inter op setting: 2. Tune using inter_op_parallelism_threads for best performance.
evaluating 240 of [240, 250)
attack: step 1/1, xent loss = 4.05932, l2 loss = 23.4284 (max 14.95), (true 934, predicted [930])
check failed
true = 934, adv = 728
evaluating 241 of [240, 250)
attack: step 1/1, xent loss = 2.21641, l2 loss = 32.5697 (max 14.95), (true 384, predicted [105])
check failed
true = 384, adv = 728
evaluating 242 of [240, 250)
attack: step 1/1, xent loss = 0.107714, l2 loss = 19.4752 (max 14.95), (true 307, predicted [307])
check failed
true = 307, adv = 312
evaluating 243 of [240, 250)
attack: step 1/1, xent loss = 2.35224, l2 loss = 46.6796 (max 14.95), (true 342, predicted [106])
check failed
true = 342, adv = 728
evaluating 244 of [240, 250)
attack: step 1/1, xent loss = 6.83589, l2 loss = 40.3007 (max 14.95), (true 38, predicted [390])
check failed
true = 38, adv = 728
evaluating 245 of [240, 250)
attack: step 1/1, xent loss = 2.95901, l2 loss = 26.4981 (max 14.95), (true 715, predicted [490])
check failed
true = 715, adv = 614
evaluating 246 of [240, 250)
attack: step 1/1, xent loss = 4.72831, l2 loss = 22.5187 (max 14.95), (true 57, predicted [62])
check failed
true = 57, adv = 62
evaluating 247 of [240, 250)
attack: step 1/1, xent loss = 9.37897, l2 loss = 26.854 (max 14.95), (true 905, predicted [696])
check failed
true = 905, adv = 795
evaluating 248 of [240, 250)
attack: step 1/1, xent loss = 6.16714, l2 loss = 13.5496 (max 14.95), (true 470, predicted [963])
true = 470, adv = 957
evaluating 249 of [240, 250)
attack: step 1/1, xent loss = 3.38555, l2 loss = 39.0859 (max 14.95), (true 776, predicted [889])
check failed
true = 776, adv = 667
