2019-05-23 21:18:40.623507: I tensorflow/core/platform/cpu_feature_guard.cc:141] Your CPU supports instructions that this TensorFlow binary was not compiled to use: SSE4.1 SSE4.2 AVX AVX2 FMA
2019-05-23 21:18:40.631887: I tensorflow/core/platform/profile_utils/cpu_utils.cc:94] CPU Frequency: 2600080000 Hz
2019-05-23 21:18:40.631978: I tensorflow/compiler/xla/service/service.cc:150] XLA service 0x2aaae724c0f0 executing computations on platform Host. Devices:
2019-05-23 21:18:40.631991: I tensorflow/compiler/xla/service/service.cc:158]   StreamExecutor device (0): <undefined>, <undefined>
2019-05-23 21:18:40.632136: I tensorflow/core/common_runtime/process_util.cc:71] Creating new thread pool with default inter op setting: 2. Tune using inter_op_parallelism_threads for best performance.
evaluating 200 of [200, 210)
attack: step 1/10, xent loss = 0.531145, l2 loss = 0 (max 14.95), (true 20, predicted [20])
attack: step 2/10, xent loss = 7.43947, l2 loss = 4.20329 (max 14.95), (true 20, predicted [728])
attack: step 3/10, xent loss = 7.01939, l2 loss = 20.1488 (max 14.95), (true 20, predicted [728])
attack: step 4/10, xent loss = 8.28189, l2 loss = 21.471 (max 14.95), (true 20, predicted [728])
attack: step 5/10, xent loss = 9.36139, l2 loss = 21.7842 (max 14.95), (true 20, predicted [728])
attack: step 6/10, xent loss = 7.27643, l2 loss = 23.0917 (max 14.95), (true 20, predicted [728])
attack: step 7/10, xent loss = 11.7449, l2 loss = 26.111 (max 14.95), (true 20, predicted [728])
attack: step 8/10, xent loss = 10.5891, l2 loss = 28.2751 (max 14.95), (true 20, predicted [309])
attack: step 9/10, xent loss = 13.4209, l2 loss = 28.836 (max 14.95), (true 20, predicted [728])
attack: step 10/10, xent loss = 11.6788, l2 loss = 31.8183 (max 14.95), (true 20, predicted [728])
check failed
true = 20, adv = 728
evaluating 201 of [200, 210)
attack: step 1/10, xent loss = 2.68649, l2 loss = 0 (max 14.95), (true 892, predicted [409])
attack: step 2/10, xent loss = 5.61897, l2 loss = 6.31991 (max 14.95), (true 892, predicted [464])
attack: step 3/10, xent loss = 5.80647, l2 loss = 8.05522 (max 14.95), (true 892, predicted [720])
attack: step 4/10, xent loss = 6.32886, l2 loss = 10.0939 (max 14.95), (true 892, predicted [720])
attack: step 5/10, xent loss = 6.87559, l2 loss = 11.4219 (max 14.95), (true 892, predicted [692])
attack: step 6/10, xent loss = 6.88465, l2 loss = 12.4704 (max 14.95), (true 892, predicted [720])
attack: step 7/10, xent loss = 8.03088, l2 loss = 13.5198 (max 14.95), (true 892, predicted [720])
attack: step 8/10, xent loss = 7.73374, l2 loss = 13.9638 (max 14.95), (true 892, predicted [720])
attack: step 9/10, xent loss = 9.03577, l2 loss = 14.5468 (max 14.95), (true 892, predicted [720])
attack: step 10/10, xent loss = 8.76298, l2 loss = 15.5903 (max 14.95), (true 892, predicted [720])
check failed
true = 892, adv = 720
evaluating 202 of [200, 210)
attack: step 1/10, xent loss = 8.98225, l2 loss = 0 (max 14.95), (true 524, predicted [728])
attack: step 2/10, xent loss = 10.5175, l2 loss = 10.3969 (max 14.95), (true 524, predicted [728])
attack: step 3/10, xent loss = 13.1734, l2 loss = 14.5697 (max 14.95), (true 524, predicted [728])
attack: step 4/10, xent loss = 12.5858, l2 loss = 17.6891 (max 14.95), (true 524, predicted [728])
attack: step 5/10, xent loss = 13.791, l2 loss = 20.3697 (max 14.95), (true 524, predicted [728])
attack: step 6/10, xent loss = 18.8136, l2 loss = 22.3546 (max 14.95), (true 524, predicted [728])
attack: step 7/10, xent loss = 21.8606, l2 loss = 24.3987 (max 14.95), (true 524, predicted [728])
attack: step 8/10, xent loss = 19.6898, l2 loss = 26.6485 (max 14.95), (true 524, predicted [728])
attack: step 9/10, xent loss = 21.4383, l2 loss = 28.466 (max 14.95), (true 524, predicted [728])
attack: step 10/10, xent loss = 21.7402, l2 loss = 30.0535 (max 14.95), (true 524, predicted [728])
check failed
true = 524, adv = 728
evaluating 203 of [200, 210)
attack: step 1/10, xent loss = 0.630357, l2 loss = 0 (max 14.95), (true 643, predicted [643])
attack: step 2/10, xent loss = 0.215244, l2 loss = 2.28382 (max 14.95), (true 643, predicted [643])
attack: step 3/10, xent loss = 0.23941, l2 loss = 2.35543 (max 14.95), (true 643, predicted [643])
attack: step 4/10, xent loss = 0.244798, l2 loss = 2.43801 (max 14.95), (true 643, predicted [643])
attack: step 5/10, xent loss = 0.983123, l2 loss = 2.73544 (max 14.95), (true 643, predicted [51])
attack: step 6/10, xent loss = 0.721931, l2 loss = 4.59242 (max 14.95), (true 643, predicted [643])
attack: step 7/10, xent loss = 0.286105, l2 loss = 5.10344 (max 14.95), (true 643, predicted [643])
attack: step 8/10, xent loss = 1.22257, l2 loss = 5.20631 (max 14.95), (true 643, predicted [51])
attack: step 9/10, xent loss = 3.86388, l2 loss = 6.98303 (max 14.95), (true 643, predicted [51])
attack: step 10/10, xent loss = 0.537097, l2 loss = 9.991 (max 14.95), (true 643, predicted [643])
true = 643, adv = 51
evaluating 204 of [200, 210)
attack: step 1/10, xent loss = 0.664372, l2 loss = 0 (max 14.95), (true 831, predicted [831])
attack: step 2/10, xent loss = 1.33097, l2 loss = 4.63466 (max 14.95), (true 831, predicted [831])
attack: step 3/10, xent loss = 1.88261, l2 loss = 7.28537 (max 14.95), (true 831, predicted [831])
attack: step 4/10, xent loss = 2.7666, l2 loss = 10.3628 (max 14.95), (true 831, predicted [478])
attack: step 5/10, xent loss = 6.97313, l2 loss = 12.9366 (max 14.95), (true 831, predicted [478])
attack: step 6/10, xent loss = 7.12306, l2 loss = 13.5265 (max 14.95), (true 831, predicted [478])
attack: step 7/10, xent loss = 8.45485, l2 loss = 15.0697 (max 14.95), (true 831, predicted [478])
attack: step 8/10, xent loss = 8.47181, l2 loss = 15.5131 (max 14.95), (true 831, predicted [478])
attack: step 9/10, xent loss = 8.8254, l2 loss = 16.3505 (max 14.95), (true 831, predicted [478])
attack: step 10/10, xent loss = 9.5165, l2 loss = 17.1312 (max 14.95), (true 831, predicted [728])
check failed
true = 831, adv = 478
evaluating 205 of [200, 210)
attack: step 1/10, xent loss = 1.01157, l2 loss = 0 (max 14.95), (true 763, predicted [763])
attack: step 2/10, xent loss = 2.7563, l2 loss = 5.49541 (max 14.95), (true 763, predicted [764])
attack: step 3/10, xent loss = 3.01973, l2 loss = 7.79402 (max 14.95), (true 763, predicted [4])
attack: step 4/10, xent loss = 4.75194, l2 loss = 11.037 (max 14.95), (true 763, predicted [4])
attack: step 5/10, xent loss = 5.93039, l2 loss = 12.8643 (max 14.95), (true 763, predicted [4])
attack: step 6/10, xent loss = 8.23632, l2 loss = 15.2004 (max 14.95), (true 763, predicted [4])
attack: step 7/10, xent loss = 7.97101, l2 loss = 16.9906 (max 14.95), (true 763, predicted [4])
attack: step 8/10, xent loss = 7.83256, l2 loss = 17.9692 (max 14.95), (true 763, predicted [4])
attack: step 9/10, xent loss = 10.4648, l2 loss = 19.6826 (max 14.95), (true 763, predicted [4])
attack: step 10/10, xent loss = 11.3747, l2 loss = 20.3417 (max 14.95), (true 763, predicted [4])
check failed
true = 763, adv = 4
evaluating 206 of [200, 210)
attack: step 1/10, xent loss = 6.93141, l2 loss = 0 (max 14.95), (true 648, predicted [905])
attack: step 2/10, xent loss = 6.72867, l2 loss = 4.85861 (max 14.95), (true 648, predicted [905])
attack: step 3/10, xent loss = 7.18685, l2 loss = 7.1709 (max 14.95), (true 648, predicted [905])
attack: step 4/10, xent loss = 6.96649, l2 loss = 9.39407 (max 14.95), (true 648, predicted [905])
attack: step 5/10, xent loss = 8.11064, l2 loss = 11.0729 (max 14.95), (true 648, predicted [905])
attack: step 6/10, xent loss = 7.58006, l2 loss = 13.2854 (max 14.95), (true 648, predicted [905])
attack: step 7/10, xent loss = 11.803, l2 loss = 14.5364 (max 14.95), (true 648, predicted [905])
attack: step 8/10, xent loss = 9.88534, l2 loss = 16.5272 (max 14.95), (true 648, predicted [905])
attack: step 9/10, xent loss = 10.6202, l2 loss = 18.141 (max 14.95), (true 648, predicted [905])
attack: step 10/10, xent loss = 12.9958, l2 loss = 19.7726 (max 14.95), (true 648, predicted [905])
check failed
true = 648, adv = 905
evaluating 207 of [200, 210)
attack: step 1/10, xent loss = 8.75888, l2 loss = 0 (max 14.95), (true 765, predicted [728])
attack: step 2/10, xent loss = 10.0741, l2 loss = 3.03266 (max 14.95), (true 765, predicted [728])
attack: step 3/10, xent loss = 8.88144, l2 loss = 8.78933 (max 14.95), (true 765, predicted [601])
attack: step 4/10, xent loss = 10.7956, l2 loss = 9.48132 (max 14.95), (true 765, predicted [728])
attack: step 5/10, xent loss = 11.4068, l2 loss = 12.4667 (max 14.95), (true 765, predicted [728])
attack: step 6/10, xent loss = 11.6461, l2 loss = 14.6253 (max 14.95), (true 765, predicted [728])
attack: step 7/10, xent loss = 9.46681, l2 loss = 16.9127 (max 14.95), (true 765, predicted [728])
attack: step 8/10, xent loss = 11.1606, l2 loss = 17.9045 (max 14.95), (true 765, predicted [728])
attack: step 9/10, xent loss = 12.8117, l2 loss = 19.3829 (max 14.95), (true 765, predicted [728])
attack: step 10/10, xent loss = 15.0773, l2 loss = 20.9449 (max 14.95), (true 765, predicted [728])
check failed
true = 765, adv = 728
evaluating 208 of [200, 210)
attack: step 1/10, xent loss = 0.339729, l2 loss = 0 (max 14.95), (true 565, predicted [565])
attack: step 2/10, xent loss = 0.177893, l2 loss = 1.50943 (max 14.95), (true 565, predicted [565])
attack: step 3/10, xent loss = 0.115267, l2 loss = 1.67608 (max 14.95), (true 565, predicted [565])
attack: step 4/10, xent loss = 0.441157, l2 loss = 1.75574 (max 14.95), (true 565, predicted [565])
attack: step 5/10, xent loss = 0.042567, l2 loss = 2.50073 (max 14.95), (true 565, predicted [565])
attack: step 6/10, xent loss = 0.137841, l2 loss = 2.51181 (max 14.95), (true 565, predicted [565])
attack: step 7/10, xent loss = 0.680446, l2 loss = 2.59132 (max 14.95), (true 565, predicted [565])
attack: step 8/10, xent loss = 0.257116, l2 loss = 3.59551 (max 14.95), (true 565, predicted [565])
attack: step 9/10, xent loss = 0.1514, l2 loss = 3.729 (max 14.95), (true 565, predicted [565])
attack: step 10/10, xent loss = 0.477531, l2 loss = 3.82216 (max 14.95), (true 565, predicted [565])
true = 565, adv = 565
evaluating 209 of [200, 210)
attack: step 1/10, xent loss = 8.2525, l2 loss = 0 (max 14.95), (true 372, predicted [728])
attack: step 2/10, xent loss = 7.86165, l2 loss = 4.99917 (max 14.95), (true 372, predicted [501])
attack: step 3/10, xent loss = 8.5187, l2 loss = 7.95415 (max 14.95), (true 372, predicted [501])
attack: step 4/10, xent loss = 9.45347, l2 loss = 9.00674 (max 14.95), (true 372, predicted [728])
attack: step 5/10, xent loss = 11.596, l2 loss = 12.8397 (max 14.95), (true 372, predicted [728])
attack: step 6/10, xent loss = 12.8454, l2 loss = 16.7036 (max 14.95), (true 372, predicted [728])
attack: step 7/10, xent loss = 10.2489, l2 loss = 19.6101 (max 14.95), (true 372, predicted [728])
attack: step 8/10, xent loss = 12.215, l2 loss = 21.8503 (max 14.95), (true 372, predicted [728])
attack: step 9/10, xent loss = 15.3625, l2 loss = 24.3024 (max 14.95), (true 372, predicted [728])
attack: step 10/10, xent loss = 18.7414, l2 loss = 26.4969 (max 14.95), (true 372, predicted [728])
check failed
true = 372, adv = 728
