2019-06-24 23:29:17.585999: I tensorflow/core/platform/cpu_feature_guard.cc:141] Your CPU supports instructions that this TensorFlow binary was not compiled to use: SSE4.1 SSE4.2 AVX AVX2 FMA
2019-06-24 23:29:18.775889: I tensorflow/core/platform/profile_utils/cpu_utils.cc:94] CPU Frequency: 2599810000 Hz
2019-06-24 23:29:18.846984: I tensorflow/compiler/xla/service/service.cc:150] XLA service 0x2aaae6fbd5a0 executing computations on platform Host. Devices:
2019-06-24 23:29:18.847516: I tensorflow/compiler/xla/service/service.cc:158]   StreamExecutor device (0): <undefined>, <undefined>
2019-06-24 23:29:18.850168: I tensorflow/core/common_runtime/process_util.cc:71] Creating new thread pool with default inter op setting: 2. Tune using inter_op_parallelism_threads for best performance.
evaluating 230 of [230, 240)
attack: step 1/10, xent loss = 24.7453, l2 loss = 22.3052 (max 14.95), (true 131, predicted [728])
attack: step 2/10, xent loss = 26.6131, l2 loss = 23.2726 (max 14.95), (true 131, predicted [728])
attack: step 3/10, xent loss = 26.6972, l2 loss = 24.1493 (max 14.95), (true 131, predicted [728])
attack: step 4/10, xent loss = 26.3824, l2 loss = 25.1058 (max 14.95), (true 131, predicted [728])
attack: step 5/10, xent loss = 27.7885, l2 loss = 26.0455 (max 14.95), (true 131, predicted [728])
attack: step 6/10, xent loss = 28.8458, l2 loss = 26.9548 (max 14.95), (true 131, predicted [728])
attack: step 7/10, xent loss = 31.6677, l2 loss = 27.7535 (max 14.95), (true 131, predicted [728])
attack: step 8/10, xent loss = 29.8399, l2 loss = 28.4255 (max 14.95), (true 131, predicted [728])
attack: step 9/10, xent loss = 31.1743, l2 loss = 29.3489 (max 14.95), (true 131, predicted [728])
attack: step 10/10, xent loss = 33.1418, l2 loss = 30.0184 (max 14.95), (true 131, predicted [728])
check failed
true = 131, adv = 728
evaluating 231 of [230, 240)
attack: step 1/10, xent loss = 10.5371, l2 loss = 12.7711 (max 14.95), (true 487, predicted [830])
attack: step 2/10, xent loss = 12.2304, l2 loss = 13.7782 (max 14.95), (true 487, predicted [830])
attack: step 3/10, xent loss = 14.6085, l2 loss = 16.0969 (max 14.95), (true 487, predicted [830])
attack: step 4/10, xent loss = 14.8272, l2 loss = 17.7706 (max 14.95), (true 487, predicted [830])
attack: step 5/10, xent loss = 16.0621, l2 loss = 19.5819 (max 14.95), (true 487, predicted [830])
attack: step 6/10, xent loss = 17.4914, l2 loss = 21.1957 (max 14.95), (true 487, predicted [830])
attack: step 7/10, xent loss = 21.2002, l2 loss = 22.4329 (max 14.95), (true 487, predicted [830])
attack: step 8/10, xent loss = 21.1247, l2 loss = 23.7177 (max 14.95), (true 487, predicted [830])
attack: step 9/10, xent loss = 22.7019, l2 loss = 25.1318 (max 14.95), (true 487, predicted [830])
attack: step 10/10, xent loss = 25.2069, l2 loss = 25.8983 (max 14.95), (true 487, predicted [830])
check failed
true = 487, adv = 830
evaluating 232 of [230, 240)
attack: step 1/10, xent loss = 6.90241, l2 loss = 8.1135 (max 14.95), (true 296, predicted [258])
attack: step 2/10, xent loss = 7.7622, l2 loss = 8.60524 (max 14.95), (true 296, predicted [258])
attack: step 3/10, xent loss = 8.91394, l2 loss = 8.87903 (max 14.95), (true 296, predicted [258])
attack: step 4/10, xent loss = 8.33812, l2 loss = 9.28342 (max 14.95), (true 296, predicted [258])
attack: step 5/10, xent loss = 8.96705, l2 loss = 9.69039 (max 14.95), (true 296, predicted [258])
attack: step 6/10, xent loss = 9.32814, l2 loss = 10.0927 (max 14.95), (true 296, predicted [258])
attack: step 7/10, xent loss = 10.367, l2 loss = 10.4995 (max 14.95), (true 296, predicted [258])
attack: step 8/10, xent loss = 11.0682, l2 loss = 11.1552 (max 14.95), (true 296, predicted [283])
attack: step 9/10, xent loss = 9.81034, l2 loss = 12.2171 (max 14.95), (true 296, predicted [279])
attack: step 10/10, xent loss = 12.9681, l2 loss = 12.5705 (max 14.95), (true 296, predicted [283])
true = 296, adv = 283
evaluating 233 of [230, 240)
attack: step 1/10, xent loss = 2.21571, l2 loss = 4.57954 (max 14.95), (true 804, predicted [440])
attack: step 2/10, xent loss = 5.5158, l2 loss = 6.83032 (max 14.95), (true 804, predicted [440])
attack: step 3/10, xent loss = 8.94214, l2 loss = 8.6959 (max 14.95), (true 804, predicted [440])
attack: step 4/10, xent loss = 10.8148, l2 loss = 9.5402 (max 14.95), (true 804, predicted [440])
attack: step 5/10, xent loss = 12.7683, l2 loss = 10.5761 (max 14.95), (true 804, predicted [440])
attack: step 6/10, xent loss = 13.2279, l2 loss = 11.4824 (max 14.95), (true 804, predicted [440])
attack: step 7/10, xent loss = 13.1301, l2 loss = 12.2036 (max 14.95), (true 804, predicted [440])
attack: step 8/10, xent loss = 14.8532, l2 loss = 12.8909 (max 14.95), (true 804, predicted [440])
attack: step 9/10, xent loss = 16.1473, l2 loss = 13.4271 (max 14.95), (true 804, predicted [440])
attack: step 10/10, xent loss = 15.6627, l2 loss = 14.034 (max 14.95), (true 804, predicted [440])
true = 804, adv = 440
evaluating 234 of [230, 240)
attack: step 1/10, xent loss = 15.4977, l2 loss = 14.2164 (max 14.95), (true 314, predicted [78])
attack: step 2/10, xent loss = 14.2333, l2 loss = 14.7251 (max 14.95), (true 314, predicted [78])
attack: step 3/10, xent loss = 14.5298, l2 loss = 15.4425 (max 14.95), (true 314, predicted [78])
attack: step 4/10, xent loss = 15.5464, l2 loss = 16.2475 (max 14.95), (true 314, predicted [78])
attack: step 5/10, xent loss = 16.2358, l2 loss = 16.7286 (max 14.95), (true 314, predicted [78])
attack: step 6/10, xent loss = 15.7742, l2 loss = 17.3688 (max 14.95), (true 314, predicted [78])
attack: step 7/10, xent loss = 15.9851, l2 loss = 17.9883 (max 14.95), (true 314, predicted [78])
attack: step 8/10, xent loss = 15.9164, l2 loss = 18.7141 (max 14.95), (true 314, predicted [78])
attack: step 9/10, xent loss = 16.6732, l2 loss = 19.1335 (max 14.95), (true 314, predicted [78])
attack: step 10/10, xent loss = 15.9952, l2 loss = 19.6963 (max 14.95), (true 314, predicted [78])
check failed
true = 314, adv = 78
evaluating 235 of [230, 240)
attack: step 1/10, xent loss = 8.0251, l2 loss = 10.5299 (max 14.95), (true 906, predicted [636])
attack: step 2/10, xent loss = 8.68514, l2 loss = 11.1795 (max 14.95), (true 906, predicted [636])
attack: step 3/10, xent loss = 8.95367, l2 loss = 11.6228 (max 14.95), (true 906, predicted [636])
attack: step 4/10, xent loss = 9.68716, l2 loss = 12.2367 (max 14.95), (true 906, predicted [636])
attack: step 5/10, xent loss = 9.94322, l2 loss = 12.9373 (max 14.95), (true 906, predicted [636])
attack: step 6/10, xent loss = 8.23054, l2 loss = 13.5173 (max 14.95), (true 906, predicted [636])
attack: step 7/10, xent loss = 10.4827, l2 loss = 13.9016 (max 14.95), (true 906, predicted [636])
attack: step 8/10, xent loss = 10.7136, l2 loss = 14.4408 (max 14.95), (true 906, predicted [636])
attack: step 9/10, xent loss = 11.231, l2 loss = 14.9175 (max 14.95), (true 906, predicted [636])
attack: step 10/10, xent loss = 10.4884, l2 loss = 15.4378 (max 14.95), (true 906, predicted [636])
check failed
true = 906, adv = 636
evaluating 236 of [230, 240)
attack: step 1/10, xent loss = 19.8842, l2 loss = 23.6739 (max 14.95), (true 961, predicted [956])
attack: step 2/10, xent loss = 25.4683, l2 loss = 25.2148 (max 14.95), (true 961, predicted [956])
attack: step 3/10, xent loss = 22.8787, l2 loss = 26.6406 (max 14.95), (true 961, predicted [956])
attack: step 4/10, xent loss = 25.4452, l2 loss = 28.3286 (max 14.95), (true 961, predicted [956])
attack: step 5/10, xent loss = 30.3486, l2 loss = 29.05 (max 14.95), (true 961, predicted [956])
attack: step 6/10, xent loss = 29.3088, l2 loss = 30.0928 (max 14.95), (true 961, predicted [956])
attack: step 7/10, xent loss = 31.1079, l2 loss = 31.14 (max 14.95), (true 961, predicted [956])
attack: step 8/10, xent loss = 26.6259, l2 loss = 32.1394 (max 14.95), (true 961, predicted [956])
attack: step 9/10, xent loss = 33.0481, l2 loss = 33.4118 (max 14.95), (true 961, predicted [956])
attack: step 10/10, xent loss = 35.6561, l2 loss = 34.3089 (max 14.95), (true 961, predicted [956])
check failed
true = 961, adv = 956
evaluating 237 of [230, 240)
attack: step 1/10, xent loss = 0.0527385, l2 loss = 0.969549 (max 14.95), (true 355, predicted [355])
attack: step 2/10, xent loss = 0.307756, l2 loss = 0.997127 (max 14.95), (true 355, predicted [355])
attack: step 3/10, xent loss = 0.119027, l2 loss = 1.28457 (max 14.95), (true 355, predicted [355])
attack: step 4/10, xent loss = 0.0607756, l2 loss = 1.3452 (max 14.95), (true 355, predicted [355])
attack: step 5/10, xent loss = 0.0715766, l2 loss = 1.37204 (max 14.95), (true 355, predicted [355])
attack: step 6/10, xent loss = 0.224887, l2 loss = 1.40208 (max 14.95), (true 355, predicted [355])
attack: step 7/10, xent loss = 0.191521, l2 loss = 1.51425 (max 14.95), (true 355, predicted [355])
attack: step 8/10, xent loss = 0.151974, l2 loss = 1.64721 (max 14.95), (true 355, predicted [355])
attack: step 9/10, xent loss = 0.213026, l2 loss = 1.75496 (max 14.95), (true 355, predicted [355])
attack: step 10/10, xent loss = 0.325253, l2 loss = 1.87956 (max 14.95), (true 355, predicted [355])
true = 355, adv = 355
evaluating 238 of [230, 240)
attack: step 1/10, xent loss = 10.5195, l2 loss = 10.6227 (max 14.95), (true 923, predicted [927])
attack: step 2/10, xent loss = 11.1258, l2 loss = 11.4736 (max 14.95), (true 923, predicted [927])
attack: step 3/10, xent loss = 12.8953, l2 loss = 12.102 (max 14.95), (true 923, predicted [927])
attack: step 4/10, xent loss = 12.1469, l2 loss = 12.7741 (max 14.95), (true 923, predicted [927])
attack: step 5/10, xent loss = 13.2977, l2 loss = 13.5452 (max 14.95), (true 923, predicted [927])
attack: step 6/10, xent loss = 12.6555, l2 loss = 14.0969 (max 14.95), (true 923, predicted [927])
attack: step 7/10, xent loss = 13.7955, l2 loss = 14.5653 (max 14.95), (true 923, predicted [927])
attack: step 8/10, xent loss = 15.3691, l2 loss = 15.0971 (max 14.95), (true 923, predicted [927])
attack: step 9/10, xent loss = 15.7493, l2 loss = 15.612 (max 14.95), (true 923, predicted [927])
attack: step 10/10, xent loss = 15.7205, l2 loss = 16.1413 (max 14.95), (true 923, predicted [927])
check failed
true = 923, adv = 927
evaluating 239 of [230, 240)
attack: step 1/10, xent loss = 14.2031, l2 loss = 14.7953 (max 14.95), (true 160, predicted [169])
attack: step 2/10, xent loss = 13.8173, l2 loss = 15.7506 (max 14.95), (true 160, predicted [169])
attack: step 3/10, xent loss = 14.2342, l2 loss = 16.472 (max 14.95), (true 160, predicted [169])
attack: step 4/10, xent loss = 14.0049, l2 loss = 17.3106 (max 14.95), (true 160, predicted [169])
attack: step 5/10, xent loss = 15.4495, l2 loss = 18.4498 (max 14.95), (true 160, predicted [169])
attack: step 6/10, xent loss = 16.3405, l2 loss = 18.8771 (max 14.95), (true 160, predicted [169])
attack: step 7/10, xent loss = 16.7849, l2 loss = 19.2065 (max 14.95), (true 160, predicted [169])
attack: step 8/10, xent loss = 14.7613, l2 loss = 20.0281 (max 14.95), (true 160, predicted [169])
attack: step 9/10, xent loss = 17.0453, l2 loss = 21.6787 (max 14.95), (true 160, predicted [169])
attack: step 10/10, xent loss = 18.3449, l2 loss = 22.595 (max 14.95), (true 160, predicted [169])
check failed
true = 160, adv = 169
